BALL_BEAM_REF_BOOT
HOST_START_READY
REF_CFG,profile=center_far_near_90s,center_cm=13.0000,near_cm=9.0000,far_cm=17.0000,segment_ms=30000
REF,2938,13.0000,hold_center
TEL,2941,8.2563,8.8758,4.1242,0.0000,0,0.000000
TEL,3041,7.2016,8.8758,4.1242,0.0000,0,0.000000
TEL,3141,8.5491,8.5938,4.2738,-64.0000,60,0.117810
TEL,3241,9.1578,8.7485,4.4062,-128.0000,126,0.247400
TEL,3341,7.7513,8.7246,4.1483,-106.8204,107,0.210094
TEL,3441,9.4728,8.9207,4.2754,-160.0000,158,0.310232
TEL,3542,10.7522,9.8626,3.8470,-96.0000,103,0.202240
TEL,3642,11.3179,10.6124,3.1374,-32.0000,35,0.068722
TEL,3742,8.5998,9.6886,2.0659,-5.6716,6,0.011781
TEL,3842,11.8177,10.9289,3.3114,-69.6716,65,0.127627
TEL,3942,12.7011,12.1468,1.6146,-29.6716,34,0.066759
TEL,4042,13.0969,12.6617,0.8532,10.3284,-10,-0.019635
TEL,4142,11.8484,12.1274,0.9088,-29.6716,30,0.058905
TEL,4242,13.2088,12.5807,0.8726,-53.6447,54,0.106029
TEL,4342,13.8370,13.3523,0.1656,-13.6447,14,0.027489
TEL,4442,14.1295,13.6745,-0.3523,26.3553,-26,-0.051051
TEL,4542,13.3608,13.2206,0.2607,-13.6447,14,0.027489
TEL,4642,14.0448,13.5736,-0.2206,26.3553,-26,-0.051051
TEL,4742,14.4781,14.0615,-0.7347,61.5665,-62,-0.121737
TEL,4842,10.1438,13.2487,-1.0615,62.8117,-63,-0.123700
TEL,4942,13.5161,13.3057,0.3098,22.8117,-23,-0.045160
TEL,5042,13.7150,13.5117,-0.3057,46.1581,-46,-0.090321
TEL,5142,13.6748,13.6008,-0.5506,21.5919,-22,-0.043197
TEL,5242,9.2154,11.8450,-0.6008,15.7449,-16,-0.031416
TEL,5342,12.5626,12.2568,1.0347,17.4726,-17,-0.033379
TEL,5442,12.3934,12.3156,0.7432,25.8985,-26,-0.051051
TEL,5542,8.7202,10.9575,0.6947,-14.1015,14,0.027489
TEL,5642,10.3553,10.3994,2.0425,-78.1015,73,0.143335
TEL,5742,10.4034,10.4732,2.5036,-58.1336,58,0.113883
TEL,5842,9.9179,10.3342,2.5268,-78.9664,79,0.155116
TEL,5942,7.0576,9.7843,2.7875,-104.9195,105,0.206167
TEL,6042,8.5998,9.1046,3.6423,-146.5959,144,0.282743
TEL,6142,8.2721,8.6440,4.0811,-154.9333,155,0.304342
TEL,6242,8.2093,8.4400,4.4873,-157.6083,158,0.310232
TEL,6342,7.6000,8.2813,4.5685,-138.5576,143,0.280780
TEL,6443,8.7202,8.3569,4.7174,-141.2835,141,0.276853
TEL,6543,9.4728,8.6803,4.6273,-136.0440,136,0.267035
TEL,6643,9.7869,8.9267,4.3197,-99.2156,101,0.198313
TEL,6743,9.8739,9.2744,3.8308,-72.4767,72,0.141372
TEL,6843,10.7011,9.8464,3.4677,-58.8989,59,0.115846
TEL,6943,11.5189,10.7603,2.9727,-57.5335,58,0.113883
TEL,7043,10.6504,10.9505,1.8988,-17.5335,20,0.039270
TEL,7143,12.0040,11.1975,2.7029,-81.5335,68,0.133518
TEL,7243,12.5626,12.0254,1.8025,-41.5335,55,0.107992
TEL,7343,13.1340,12.6901,0.7216,-1.5335,2,0.003927
TEL,7443,12.0040,11.9342,0.3099,38.4665,-36,-0.070686
TEL,7543,13.5950,12.8279,0.8241,57.6761,-58,-0.113883
TEL,7643,14.0448,13.4254,0.1721,80.0000,-80,-0.157080
TEL,7743,10.5752,12.9075,-0.6371,74.9794,-75,-0.147262
TEL,7843,12.8424,12.2392,0.0925,34.9794,-37,-0.072649
TEL,7943,14.1295,13.7312,0.0637,74.9794,-73,-0.143335
TEL,8043,14.0870,13.9599,-0.7312,80.0000,-80,-0.157080
TEL,8143,11.5482,12.6529,-1.0024,40.0000,-42,-0.082467
TEL,8243,12.9142,12.6877,0.3471,0.0000,-2,-0.003927
TEL,8343,13.2088,13.0001,0.1663,40.0000,-38,-0.074613
TEL,8443,13.1340,13.0407,-0.0001,18.9195,-19,-0.037306
TEL,8543,12.6315,12.9402,-0.0263,0.0000,0,0.000000
TEL,8643,12.1958,12.7723,0.0598,-15.9897,16,0.031416
TEL,8743,11.6367,12.3236,0.3445,-41.2490,41,0.080503
TEL,8843,10.8038,11.7302,0.6764,-65.7088,66,0.129591
TEL,8943,9.9624,10.6715,1.6021,-80.0000,80,0.157080
TEL,9043,9.5754,10.0916,2.3285,-132.2889,125,0.245437
TEL,9143,8.9706,9.4455,3.1421,-135.1692,135,0.265072
TEL,9243,8.6510,9.0878,3.5545,-140.7770,141,0.276853
TEL,9344,8.2406,8.6164,4.0841,-152.5912,153,0.300415
TEL,9444,8.4990,8.5315,4.3836,-154.1011,154,0.302378
TEL,9544,8.8797,8.6227,4.4560,-131.4979,131,0.257218
TEL,9644,9.2154,8.7704,4.3773,-123.4170,123,0.241510
TEL,9744,9.6379,9.0958,4.1322,-106.9234,107,0.210094
TEL,9844,10.0071,9.4082,3.9042,-95.6365,96,0.188496
TEL,9944,10.6252,9.9975,3.4188,-72.2838,72,0.141372
TEL,10044,11.0149,10.4358,3.0025,-52.6637,53,0.104065
TEL,10144,11.4898,11.0206,2.3667,-36.4283,36,0.070686
TEL,10244,11.8484,11.3853,1.9794,3.5717,-2,-0.003927
TEL,10344,9.1009,11.0508,1.4620,19.4920,-19,-0.037306
TEL,10444,11.3462,11.3980,1.9492,-20.5080,19,0.037306
TEL,10544,12.3934,11.8798,1.4392,19.4920,-17,-0.033379
TEL,10644,12.5284,12.1488,0.9743,26.2294,-26,-0.051051
TEL,10744,8.9706,10.9657,0.7299,23.2620,-23,-0.045160
TEL,10844,12.1313,11.5088,1.8229,30.6238,-31,-0.060868
TEL,10944,12.4606,12.1421,1.2137,61.4141,-61,-0.119773
TEL,11044,12.5626,12.3237,0.7534,21.4141,-23,-0.045160
TEL,11144,11.3747,11.2479,1.3133,-18.5859,17,0.033379
TEL,11244,11.8484,11.4810,1.6464,2.0518,-2,-0.003927
TEL,11344,11.7568,11.6682,1.4146,5.8460,-6,-0.011781
TEL,11444,9.2541,11.3034,1.3267,-22.3717,22,0.043197
TEL,11544,10.3314,10.3481,2.4779,-86.3717,71,0.139408
TEL,11644,10.2603,10.3367,2.6442,-77.9842,78,0.153153
TEL,11744,9.7653,10.1555,2.7242,-92.3850,92,0.180642
TEL,11844,7.4671,10.0699,2.9301,-102.8967,103,0.202240
TEL,11944,8.7376,9.3134,3.2236,-122.3854,122,0.239546
TEL,12044,8.5828,9.0382,3.6866,-147.6379,148,0.290597
TEL,12144,8.2721,8.6611,4.1027,-147.7320,148,0.290597
TEL,12244,6.5010,8.6611,4.1027,-147.7320,148,0.290597
TEL,12344,8.4659,8.5177,4.3864,-134.3633,134,0.263108
TEL,12444,8.8617,8.5940,4.4823,-136.6505,137,0.268999
TEL,12544,9.3524,8.8423,4.3409,-118.8451,119,0.233656
TEL,12644,8.5998,8.7995,4.1577,-107.2085,107,0.210094
TEL,12744,9.8739,9.1709,4.1190,-109.3039,109,0.214021
TEL,12844,10.3553,9.6139,3.8291,-86.1403,86,0.168861
TEL,12944,8.4494,9.6386,3.1390,-50.9197,51,0.100138
TEL,13044,10.6252,10.0337,3.3614,-114.9197,110,0.215984
TEL,13144,11.5775,10.9647,2.6346,-50.9197,72,0.141372
TEL,13244,11.9102,11.4292,2.0353,-10.4899,10,0.019635
TEL,13344,10.2839,10.8211,1.3934,28.1459,-28,-0.054978
TEL,13444,11.8792,11.2952,2.1789,-35.8541,31,0.060868
TEL,13544,12.4269,11.9534,1.4527,4.1459,0,0.000000
TEL,13644,12.7361,12.2775,1.0466,38.8812,-39,-0.076576
TEL,13744,11.7266,11.1238,1.4060,-1.1188,1,0.001963
TEL,13844,12.3269,11.8608,1.8762,38.8812,-39,-0.076576
TEL,13944,12.5284,12.3101,0.9289,46.3591,-46,-0.090321
TEL,14044,12.4606,12.3909,0.6899,13.1249,-13,-0.025525
TEL,14144,11.6965,11.6219,1.2808,-26.8751,27,0.053014
TEL,14244,11.8177,11.7041,1.3781,-15.7244,16,0.031416
TEL,14344,11.6367,11.7166,1.2698,-15.0308,15,0.029452
TEL,14444,8.5156,10.8000,1.2834,-26.9995,27,0.053014
TEL,14544,10.6001,10.5023,2.5348,-90.9995,86,0.168861
TEL,14644,10.4277,10.4890,2.4977,-69.0964,69,0.135481
TEL,14744,9.9401,10.3201,2.5463,-82.5598,83,0.162970
TEL,14844,8.4494,9.5271,2.6799,-92.3257,92,0.180642
TEL,14944,9.0821,9.3245,3.4836,-106.3739,106,0.208131
TEL,15044,8.8617,9.1869,3.6755,-123.0609,123,0.241510
TEL,15144,6.9303,9.0458,3.8814,-128.4017,128,0.251327
TEL,15244,7.7095,8.8057,4.1943,-139.8351,139,0.272926
TEL,15344,8.2249,8.4245,4.5137,-157.4487,153,0.300415
TEL,15444,7.4802,8.4024,4.5976,-141.7938,156,0.306305
TEL,15544,6.7308,8.4766,4.5234,-127.3917,129,0.253291
TEL,15644,8.6168,8.4583,4.5417,-131.2327,131,0.257218
TEL,15744,9.2541,8.7119,4.3923,-116.6605,118,0.231692
TEL,15844,8.7727,8.8203,4.1685,-104.1287,105,0.206167
TEL,15944,7.3511,8.7521,4.2479,-160.0000,117,0.229729
TEL,16044,9.6801,9.0175,3.9825,-96.0000,156,0.306305
TEL,16144,10.5009,9.8113,3.4625,-56.2560,101,0.198313
TEL,16244,10.8821,10.3102,2.6898,-38.2153,40,0.078540
TEL,16344,10.3553,9.5884,3.9212,-102.2153,54,0.106029
TEL,16444,11.2060,10.5529,2.4471,-38.2153,99,0.194386
TEL,16544,11.7872,11.3517,1.8579,1.7847,23,0.045160
TEL,16644,11.9726,11.6139,1.3861,14.4377,-13,-0.025525
TEL,16744,11.4898,11.0153,2.1862,-49.5623,2,0.003927
TEL,16844,11.9413,11.3961,1.6039,-9.5623,47,0.092284
TEL,16944,12.1635,11.8309,1.2816,21.4116,-9,-0.017671
TEL,17044,9.1009,11.3018,1.6982,-18.5884,-5,-0.009817
TEL,17144,11.7266,11.4405,1.6440,-9.1692,9,0.017671
TEL,17244,11.9102,11.5935,1.4065,-1.5827,2,0.003927
TEL,17344,11.7872,11.6972,1.3205,-12.7324,12,0.023562
TEL,17444,10.0523,10.9409,2.0591,-76.7324,29,0.056941
TEL,17544,11.1233,11.0370,1.9862,-36.7324,74,0.145299
TEL,17644,11.0961,11.0597,1.9403,-32.8465,33,0.064795
TEL,17744,10.7011,10.9720,1.9885,-46.1184,45,0.088357
TEL,17844,10.3553,10.8424,2.0820,-71.9113,62,0.121737
TEL,17944,9.9179,10.5055,2.3662,-89.5615,86,0.168861
TEL,18044,9.6170,10.2033,2.7967,-111.4180,105,0.206167
TEL,18144,9.0821,9.6519,3.1589,-127.8264,124,0.243473
TEL,18244,8.8259,9.3111,3.5224,-136.1770,136,0.267035
TEL,18344,8.4494,8.8635,4.0017,-146.3305,146,0.286670
TEL,18444,8.3038,8.6304,4.2700,-151.4491,151,0.296488
TEL,18544,8.5659,8.5432,4.4618,-139.2096,140,0.274889
TEL,18644,8.7376,8.5795,4.4456,-131.3994,131,0.257218
TEL,18744,9.0821,8.7056,4.3498,-123.3041,123,0.241510
TEL,18844,9.2932,8.8494,4.2257,-114.7436,115,0.225802
TEL,18944,9.6590,9.1477,3.9622,-102.1609,104,0.204204
TEL,19044,9.8739,9.3885,3.7321,-90.9153,92,0.180642
TEL,19144,10.4277,9.8273,3.3418,-76.9588,78,0.153153
TEL,19244,10.7266,10.1722,3.0040,-60.5963,64,0.125664
TEL,19344,11.1508,10.6864,2.4715,-43.7058,48,0.094248
TEL,19444,11.1508,10.8545,2.2316,-52.5941,53,0.104065
TEL,19544,11.6965,11.2176,1.9127,-12.5941,37,0.072649
TEL,19644,9.8959,10.4679,2.2684,-76.5942,29,0.056941
TEL,19744,11.6367,10.9695,2.2689,-30.5158,74,0.145299
TEL,19844,11.8484,11.3788,1.8043,9.4842,11,0.021598
TEL,19944,12.0992,11.7850,1.3174,11.4298,-11,-0.021598
TEL,20044,11.1233,11.1319,1.8634,-28.5702,5,0.009817
TEL,20144,12.0992,11.5255,1.6477,10.4335,13,0.025525
TEL,20244,12.0673,11.7597,1.3359,17.5278,-18,-0.035343
TEL,20344,9.1769,11.3762,1.0775,4.7305,-7,-0.013744
TEL,20444,11.3462,11.2375,1.8074,-35.2695,11,0.021598
TEL,20544,11.9413,11.5439,1.5655,4.4073,19,0.037306
TEL,20644,12.0356,11.7174,1.3648,2.8130,-3,-0.005890
TEL,20744,11.4033,11.2822,1.7740,-37.1870,13,0.025525
TEL,20844,11.5775,11.3239,1.7445,-39.3905,39,0.076576
TEL,20944,12.0040,11.6032,1.4936,0.3677,22,0.043197
TEL,21044,12.1958,11.7912,1.3061,3.6926,-4,-0.007854
TEL,21144,11.1783,11.1841,1.8136,-36.3074,12,0.023562
TEL,21244,11.8177,11.3991,1.7151,-0.6419,19,0.037306
TEL,21344,12.1958,11.7657,1.3539,12.9859,-12,-0.023562
TEL,21444,9.3722,11.3401,1.1410,7.4695,-7,-0.013744
TEL,21544,11.7872,11.2391,1.9755,-7.0280,6,0.011781
TEL,21644,11.9413,11.5292,1.6160,14.3780,-8,-0.015708
TEL,21744,12.0673,11.7942,1.2813,5.2197,-5,-0.009817
TEL,21844,8.6338,10.6042,1.6040,-34.7803,12,0.023562
TEL,21944,11.7568,11.1696,2.0753,-27.7794,28,0.054978
TEL,22044,12.0356,11.5656,1.6217,12.2206,12,0.023562
TEL,22144,12.1635,11.9213,1.1562,13.3957,-13,-0.025525
TEL,22244,11.0418,11.1838,1.7382,-26.6043,3,0.005890
TEL,22344,11.9726,11.5261,1.6103,6.8704,11,0.021598
TEL,22444,12.1313,11.7676,1.3409,15.7558,-16,-0.031416
TEL,22544,8.8081,11.3111,1.1310,-5.6358,-1,-0.001963
TEL,22644,11.4033,11.1670,1.9368,-45.6358,22,0.043197
TEL,22744,12.0040,11.5660,1.5722,-5.6358,30,0.058905
TEL,22844,11.8792,11.6913,1.3600,-2.3018,2,0.003927
TEL,22944,10.5256,11.0889,1.6872,-42.3018,18,0.035343
TEL,23044,11.2338,11.0788,1.9698,-53.0646,52,0.102102
TEL,23144,11.2617,11.1810,1.8357,-22.3064,37,0.072649
TEL,23244,11.1783,11.1949,1.8024,-27.4736,27,0.053014
TEL,23344,10.2134,10.4568,2.4495,-91.4736,43,0.084430
TEL,23444,10.3553,10.3746,2.6199,-92.0288,92,0.180642
TEL,23544,9.8302,10.1926,2.7344,-92.2595,92,0.180642
TEL,23644,7.9229,9.7224,2.8943,-102.0371,102,0.200277
TEL,23744,8.8617,9.2712,3.5608,-131.6001,118,0.231692
TEL,23844,8.7552,9.0596,3.8404,-134.7553,135,0.265072
TEL,23944,8.5998,8.8537,4.0844,-133.4084,133,0.261145
TEL,24044,6.5725,8.7790,4.2210,-139.7173,134,0.263108
TEL,24144,8.1168,8.4966,4.4003,-142.4633,142,0.278816
TEL,24244,8.4494,8.4495,4.5504,-144.7456,145,0.284707
TEL,24344,8.7727,8.5275,4.5105,-131.0993,132,0.259181
TEL,24444,7.8793,8.4789,4.4281,-125.0708,125,0.245437
TEL,24544,9.1769,8.6236,4.4680,-123.5200,124,0.243473
TEL,24644,9.4728,8.8690,4.2612,-107.6762,111,0.217948
TEL,24744,9.8959,9.3071,3.8565,-91.0831,94,0.184569
TEL,24844,9.1961,9.2816,3.7184,-113.7916,105,0.206167
TEL,24944,10.4277,9.7438,3.4472,-76.9725,99,0.194386
TEL,25044,10.8559,10.2268,2.7732,-42.9698,61,0.119773
TEL,25144,8.6682,9.7102,2.7108,0.0005,28,0.054978
TEL,25244,10.8038,10.1951,2.8049,-32.2689,13,0.025525
TEL,25344,11.6367,11.1080,2.1482,-11.2832,18,0.035343
TEL,25444,11.8792,11.4691,1.5309,22.7854,-4,-0.007854
TEL,25544,10.8559,10.8892,2.0912,-41.2146,-8,-0.015708
TEL,25644,11.6965,11.1656,1.8344,-1.2146,39,0.076576
TEL,25744,11.7266,11.4588,1.6183,4.8019,-5,-0.009817
TEL,25844,11.6965,11.5546,1.4454,-15.8550,9,0.017671
TEL,25944,10.5503,10.6080,2.3630,-79.8550,31,0.060868
TEL,26044,10.9614,10.7604,2.2396,-56.4963,77,0.151189
TEL,26144,10.7266,10.8061,2.1784,-63.9398,64,0.125664
TEL,26244,8.7904,10.4954,2.5046,-123.6222,79,0.155116
TEL,26344,9.5547,9.8412,3.0513,-122.2502,122,0.239546
TEL,26444,9.7225,9.7642,3.2242,-108.1784,110,0.215984
TEL,26544,9.4122,9.6309,3.3270,-107.0873,107,0.210094
TEL,26644,7.0225,9.3277,3.3270,-107.0873,107,0.210094
TEL,26744,8.6338,8.8572,3.9632,-144.3491,144,0.282743
TEL,26844,8.5828,8.7668,4.1428,-137.1190,137,0.268999
TEL,26944,8.4659,8.6600,4.2723,-134.9994,135,0.265072
TEL,27044,8.3038,8.5698,4.3400,-136.3858,136,0.267035
TEL,27144,8.4003,8.4928,4.4705,-141.1808,141,0.276853
TEL,27244,8.4659,8.4869,4.5072,-137.6719,138,0.270962
TEL,27344,8.6855,8.5210,4.5069,-134.1170,134,0.263108
TEL,27444,8.8081,8.5646,4.4790,-131.5108,132,0.259181
TEL,27544,9.1388,8.6948,4.4010,-126.0192,126,0.247400
TEL,27644,9.2932,8.8310,4.3052,-119.8000,120,0.235619
TEL,27744,9.5547,9.0841,4.0946,-109.8151,110,0.215984
TEL,27844,9.6379,9.2560,3.9159,-101.3546,101,0.198313
TEL,27944,9.9847,9.5477,3.6558,-94.2556,94,0.184569
TEL,28044,10.1438,9.7515,3.4523,-85.6684,86,0.168861
TEL,28144,10.5503,10.0989,3.1384,-74.8807,75,0.147262
TEL,28244,10.7266,10.3131,2.9011,-66.3693,66,0.129591
TEL,28344,11.0149,10.6184,2.5848,-59.6802,60,0.117810
TEL,28444,11.1783,10.8242,2.3816,-53.6494,54,0.106029
TEL,28544,11.2897,11.0398,2.0932,-48.3520,48,0.094248
TEL,28644,11.2617,11.1322,1.9602,-17.8278,18,0.035343
TEL,28744,11.2338,11.1736,1.8517,-28.5042,29,0.056941
TEL,28844,11.2060,11.1895,1.8264,-30.1520,30,0.058905
TEL,28944,10.2839,10.6084,2.1055,-94.1520,89,0.174751
TEL,29044,10.6252,10.6012,2.3916,-88.4834,88,0.172788
TEL,29144,10.4764,10.5768,2.3990,-71.9980,72,0.141372
TEL,29244,7.6271,10.2375,2.4232,-75.1542,75,0.147262
TEL,29344,9.9401,9.9095,3.0048,-132.5507,130,0.255254
TEL,29444,9.7869,9.8591,3.0905,-91.1200,94,0.184569
TEL,29544,9.6170,9.7901,3.1617,-98.4839,98,0.192423
TEL,29644,8.3038,9.5807,3.2099,-100.8643,101,0.198313
TEL,29744,9.1769,9.3386,3.5488,-129.1327,129,0.253291
TEL,29844,9.2154,9.3076,3.6614,-116.3917,116,0.227765
TEL,29944,7.8938,9.0973,3.7130,-115.0011,115,0.225802
TEL,30044,8.2249,8.9479,3.9027,-146.5097,136,0.267035
TEL,30144,8.7376,8.8329,4.1175,-134.9640,135,0.265072
TEL,30244,8.8081,8.8240,4.1671,-128.3847,128,0.251327
TEL,30344,6.9531,8.8168,4.1800,-126.0985,126,0.247400
TEL,30444,8.3679,8.6880,4.2670,-135.3423,135,0.265072
TEL,30544,8.7904,8.6853,4.3318,-133.4179,133,0.261145
TEL,30644,8.9158,8.7196,4.3020,-126.8309,127,0.249364
TEL,30744,7.9964,8.5359,4.2627,-124.7955,125,0.245437
TEL,30844,8.7202,8.5400,4.4894,-139.1011,139,0.272926
TEL,30944,9.2154,8.7370,4.4145,-124.4636,124,0.243473
TEL,31044,9.3524,8.9159,4.1725,-109.3369,109,0.214021
TEL,31144,8.7552,8.9584,3.9971,-104.6893,105,0.206167
TEL,31244,9.3524,9.0480,4.0081,-114.3860,114,0.223838
TEL,31344,9.8302,9.3261,3.8732,-102.4227,102,0.200277
TEL,31444,10.1669,9.5808,3.5606,-86.9907,87,0.170824
TEL,31544,9.8085,9.3030,3.7291,-150.9907,135,0.265072
TEL,31644,10.4277,9.7665,3.4737,-86.9907,125,0.245437
TEL,31744,10.9084,10.3781,2.9870,-46.4822,50,0.098175
TEL,31844,8.7202,10.0683,2.4575,-44.9530,45,0.088357
TEL,31944,10.9084,10.3244,3.0180,-105.6420,92,0.180642
TEL,32044,11.3747,10.7532,2.4730,-41.6420,75,0.147262
TEL,32144,11.5775,11.2145,2.0678,-30.7143,31,0.060868
TEL,32244,10.0750,11.0002,1.7855,5.5127,-4,-0.007854
TEL,32344,11.4033,11.0953,2.0408,-58.4873,42,0.082467
TEL,32444,11.4898,11.2124,1.8473,-18.4873,33,0.064795
TEL,32544,11.4898,11.3265,1.7300,-13.8695,14,0.027489
TEL,32644,10.5256,10.7842,2.1208,-77.8695,61,0.119773
TEL,32744,10.8559,10.8111,2.2173,-66.7806,67,0.131554
TEL,32844,10.8559,10.8160,2.1899,-65.8872,66,0.129591
REF,32935,17.0000,hold_far
TEL,32944,7.7935,10.0978,2.1854,-65.8113,66,0.129591
TEL,33044,9.8739,9.9516,7.0206,-129.8113,113,0.221875
TEL,33144,9.9847,9.9806,7.0412,-160.0000,160,0.314159
TEL,33244,9.9624,9.9707,7.0281,-160.0000,160,0.314159
TEL,33344,8.5998,9.5022,7.0425,-160.0000,160,0.314159
TEL,33444,9.5341,9.4708,7.5449,-160.0000,160,0.314159
TEL,33544,9.8520,9.6005,7.4860,-160.0000,160,0.314159
TEL,33644,10.0297,9.7048,7.3518,-160.0000,160,0.314159
TEL,33744,9.5547,9.3783,7.5671,-160.0000,160,0.314159
TEL,33844,10.2839,9.6448,7.5132,-160.0000,160,0.314159
TEL,33944,10.7522,10.1813,7.1853,-160.0000,160,0.314159
TEL,34044,11.0149,10.5183,6.6489,-160.0000,160,0.314159
TEL,34144,10.9084,10.4522,6.7545,-160.0000,160,0.314159
TEL,34244,11.5482,10.8750,6.3503,-155.9408,156,0.306305
TEL,34344,12.1635,11.5968,5.8900,-135.5708,136,0.267035
TEL,34444,8.8438,10.9715,5.1932,-119.0530,119,0.233656
TEL,34544,12.6315,11.8998,5.8508,-144.4217,144,0.282743
TEL,34644,13.3225,12.6306,4.7356,-80.4217,96,0.188496
TEL,34744,10.7780,12.4370,4.0493,-65.4650,65,0.127627
TEL,34844,13.0969,12.1897,5.7005,-129.4649,112,0.219911
TEL,34944,14.7502,14.1675,3.9316,-65.4650,105,0.206167
TEL,35044,15.5243,14.9957,2.3461,-1.4650,17,0.033379
TEL,35144,12.9142,14.7104,1.7210,-2.0454,2,0.003927
TEL,35244,15.6264,14.9681,2.3320,-66.0454,49,0.096211
TEL,35344,16.7781,16.1405,1.6559,-2.0454,42,0.082467
TEL,35444,17.5093,16.8379,0.5125,45.3508,-38,-0.074613
TEL,35544,15.4235,15.3736,-0.1106,51.0393,-51,-0.100138
TEL,35644,17.1976,16.3553,1.1533,48.1934,-48,-0.094248
TEL,35744,17.9637,17.5065,0.1737,77.2086,-77,-0.151189
TEL,35844,13.7150,16.5080,-0.6599,46.6584,-47,-0.092284
TEL,35944,16.4899,15.7847,2.4957,-17.3416,0,0.000000
TEL,36044,17.4461,16.8580,0.5877,46.6584,-8,-0.015708
TEL,36144,17.1976,17.1919,-0.0905,43.4112,-43,-0.084430
TEL,36244,17.0154,17.1713,-0.2066,0.0000,-5,-0.009817
TEL,36344,16.5468,16.9957,-0.1350,0.0000,0,0.000000
TEL,36444,16.1015,16.7527,0.1064,-21.0722,21,0.041233
TEL,36544,15.2254,16.0868,0.4194,-42.7078,43,0.084430
TEL,36644,14.8430,15.5207,1.1946,-85.0781,81,0.159043
TEL,36744,13.7961,14.4760,1.8506,-120.5101,120,0.235619
TEL,36844,13.3608,13.8819,2.8574,-144.0594,144,0.282743
TEL,36944,12.7361,13.1794,3.3902,-149.3239,149,0.292561
TEL,37044,12.3934,12.8047,4.0345,-158.4536,158,0.310232
TEL,37144,11.8177,12.3264,4.3570,-159.0044,159,0.312196
TEL,37244,11.5775,12.0227,4.8310,-160.0000,160,0.314159
TEL,37344,11.2897,11.6559,5.1137,-160.0000,160,0.314159
TEL,37444,11.0149,11.4351,5.4497,-160.0000,160,0.314159
TEL,37544,10.7011,11.1086,5.6720,-160.0000,160,0.314159
TEL,37644,10.6504,10.9243,6.0031,-160.0000,160,0.314159
TEL,37744,10.4277,10.6937,6.1593,-160.0000,160,0.314159
TEL,37844,10.3314,10.5960,6.3501,-160.0000,160,0.314159
TEL,37944,10.2368,10.4555,6.4512,-160.0000,160,0.314159
TEL,38044,10.2134,10.3897,6.5807,-160.0000,160,0.314159
TEL,38144,9.7869,9.8116,6.9747,-160.0000,160,0.314159
TEL,38244,10.0297,9.8767,7.1573,-160.0000,160,0.314159
TEL,38344,10.1901,9.9714,7.0866,-160.0000,160,0.314159
TEL,38444,7.8219,9.7113,6.9983,-160.0000,160,0.314159
TEL,38544,9.8739,9.6229,7.4619,-160.0000,160,0.314159
TEL,38644,10.1901,9.7880,7.3017,-160.0000,160,0.314159
TEL,38744,10.3076,10.0093,7.1333,-160.0000,160,0.314159
TEL,38844,9.1769,9.5291,7.3461,-160.0000,160,0.314159
TEL,38944,10.3793,9.8647,7.3919,-160.0000,160,0.314159
TEL,39044,10.7266,10.1823,6.9816,-160.0000,160,0.314159
TEL,39144,9.0260,10.1476,6.6632,-160.0000,160,0.314159
TEL,39244,10.7266,10.0019,7.4252,-160.0000,160,0.314159
TEL,39344,11.6367,11.0683,6.6046,-129.2674,130,0.255254
TEL,39444,11.9726,11.5265,5.6797,-126.3021,126,0.247400
TEL,39544,10.0978,11.4270,5.2566,-119.7289,120,0.235619
TEL,39644,12.1313,11.6045,5.5813,-160.0000,157,0.308269
TEL,39744,13.3608,12.5902,5.0999,-101.2629,116,0.227765
TEL,39844,13.8370,13.2584,4.0393,-56.3460,58,0.113883
TEL,39944,13.3225,12.6108,4.4243,-120.3460,102,0.200277
TEL,40044,14.4337,13.6683,3.8287,-56.3460,94,0.184569
TEL,40144,15.5243,14.9611,2.7797,7.6540,8,0.015708
TEL,40244,12.5969,14.3691,1.7495,-1.8336,2,0.003927
TEL,40344,15.6264,14.7762,4.0696,-65.8336,48,0.094248
TEL,40444,16.7197,16.0964,1.4476,-1.8336,43,0.084430
TEL,40544,17.5093,17.0410,0.4619,62.1664,-44,-0.086394
TEL,40644,14.3018,15.2347,0.9888,-1.8336,-36,-0.070686
TEL,40744,17.1364,16.5208,1.0863,62.1664,-7,-0.013744
TEL,40844,17.8974,17.2599,0.0881,65.7903,-65,-0.127627
TEL,40944,18.0304,17.7738,-0.5028,57.5975,-58,-0.113883
TEL,41044,15.4235,15.8353,0.7474,-6.4025,-11,-0.021598
TEL,41144,17.0757,16.6195,0.9160,16.0445,-13,-0.025525
TEL,41244,17.3833,16.9822,0.1821,29.2655,-29,-0.056941
TEL,41344,11.3179,15.8813,-0.0574,14.8760,-15,-0.029452
TEL,41444,15.7818,15.6191,1.4850,-49.1240,31,0.060868
TEL,41544,16.0473,15.9075,1.2660,-17.8815,28,0.054978
TEL,41644,16.0473,15.9480,1.0741,-29.0058,29,0.056941
TEL,41744,13.5950,14.6688,1.0704,-35.3359,35,0.068722
TEL,41844,14.4337,14.4887,2.4862,-99.3359,81,0.159043
TEL,41944,14.3455,14.4538,2.5139,-75.8714,80,0.157080
TEL,42044,14.2152,14.4003,2.5694,-81.1336,81,0.159043
TEL,42144,12.8424,13.1902,3.1928,-145.1336,128,0.251327
TEL,42244,13.0599,13.1201,3.8602,-124.6276,127,0.249364
TEL,42344,12.8068,13.0196,3.8996,-120.4494,120,0.235619
TEL,42444,8.9523,12.3553,4.0301,-129.5854,130,0.255254
TEL,42544,11.9726,11.9350,4.9982,-160.0000,160,0.314159
TEL,42644,12.0673,11.9832,5.0363,-146.0632,146,0.286670
TEL,42744,12.0673,12.0070,5.0030,-147.6580,148,0.290597
TEL,42844,10.2368,11.3236,5.3532,-160.0000,160,0.314159
TEL,42944,11.7568,11.4708,5.6620,-160.0000,160,0.314159
TEL,43044,12.0673,11.6763,5.4204,-143.5629,144,0.282743
TEL,43144,9.5962,11.4286,5.2081,-136.0073,136,0.267035
TEL,43244,11.6367,11.3974,5.6908,-160.0000,160,0.314159
TEL,43344,12.7011,12.0429,5.4121,-129.0259,130,0.255254
TEL,43444,12.9503,12.4291,4.7652,-109.3773,109,0.214021
TEL,43544,11.4033,11.6333,4.3609,-94.0718,94,0.184569
TEL,43644,13.0969,12.3048,5.0723,-100.6480,101,0.198313
TEL,43744,14.0448,13.4002,4.3119,-62.2808,65,0.127627
TEL,43844,14.2584,13.8784,3.3069,-47.9509,48,0.094248
TEL,43944,13.5161,13.1040,4.0697,-111.9509,95,0.186532
TEL,44044,14.5228,13.7682,3.5690,-49.8441,88,0.172788
TEL,44144,15.3238,14.7768,2.8080,-10.0656,14,0.027489
TEL,44244,12.0356,14.1031,1.9175,-4.0202,4,0.007854
TEL,44344,15.0799,14.3956,4.5861,-68.0202,50,0.098175
TEL,44444,15.8343,15.3597,2.0104,-4.0202,44,0.086394
TEL,44544,16.3213,15.9178,1.3970,0.6796,-1,-0.001963
TEL,44644,13.2844,14.0524,2.2790,-63.3204,45,0.088357
TEL,44744,15.8343,15.1871,2.6580,-29.0535,41,0.080503
TEL,44844,16.1559,15.7075,1.5206,5.5486,-7,-0.013744
TEL,44944,11.2617,14.7808,1.1360,-6.7033,7,0.013744
TEL,45044,14.7502,14.4796,2.7125,-70.7033,53,0.104065
TEL,45144,15.9936,15.4871,2.1326,-6.7033,49,0.096211
TEL,45244,16.2658,15.8872,1.2793,2.5021,-3,-0.005890
TEL,45344,13.7961,14.4334,1.0528,-21.0918,21,0.041233
TEL,45444,15.3238,14.7544,2.4946,-62.2297,58,0.113883
TEL,45544,15.7297,15.2612,2.0748,-32.3445,32,0.062832
TEL,45644,15.6779,15.4315,1.6441,-32.7485,33,0.064795
TEL,45744,15.4235,15.4279,1.5702,-47.4085,47,0.092284
TEL,45844,15.0320,15.3546,1.5987,-52.6146,53,0.104065
TEL,45944,14.7042,15.1553,1.7059,-61.7644,62,0.121737
TEL,46044,14.4781,14.9523,1.9495,-76.8253,77,0.151189
TEL,46144,14.1722,14.5820,2.1732,-87.1523,87,0.170824
TEL,46244,13.7961,14.3205,2.5386,-97.2728,97,0.190459
TEL,46344,13.4770,13.9492,2.7949,-104.0427,104,0.204204
TEL,46444,13.3225,13.7325,3.1553,-112.9547,113,0.221875
TEL,46544,13.1713,13.4722,3.3549,-115.9426,116,0.227765
TEL,46644,13.0232,13.3095,3.6217,-125.0867,125,0.245437
TEL,46744,12.8782,13.1659,3.7369,-120.2204,120,0.235619
TEL,46844,12.8782,13.0826,3.8800,-124.4423,124,0.243473
TEL,46944,12.9142,13.0175,3.9422,-122.6180,123,0.241510
TEL,47044,12.9142,12.9906,3.9995,-122.9482,123,0.241510
TEL,47144,12.8782,12.9563,4.0253,-123.5391,124,0.243473
TEL,47244,13.0969,12.9648,4.0476,-122.1100,122,0.239546
TEL,47344,13.0232,12.9806,4.0271,-119.4041,119,0.233656
TEL,47444,13.2465,13.0132,4.0055,-117.7251,118,0.231692
TEL,47544,12.7011,12.6704,4.1366,-150.3127,150,0.294524
TEL,47644,13.2465,12.7736,4.3077,-125.3874,125,0.245437
TEL,47744,13.9610,13.2013,4.1215,-105.2977,105,0.206167
TEL,47844,10.9349,12.7990,3.5913,-71.4537,72,0.141372
TEL,47944,13.7961,13.0914,4.5058,-135.4537,118,0.231692
TEL,48044,14.5678,13.8205,3.5555,-71.4537,111,0.217948
TEL,48144,15.1766,14.0436,2.8444,-26.6965,33,0.064795
TEL,48244,12.8782,12.6943,4.5432,-90.6966,69,0.135481
TEL,48344,15.4235,14.6104,3.6182,-26.6965,73,0.143335
TEL,48444,15.9936,15.3747,2.0048,7.1807,-3,-0.005890
TEL,48544,11.5482,14.5378,1.3811,1.3005,-1,-0.001963
TEL,48644,15.1766,14.1363,4.3541,-62.6995,45,0.088357
TEL,48744,16.2658,15.8227,2.0120,1.3005,40,0.078540
TEL,48844,16.7781,16.3409,0.8859,24.4321,-23,-0.045160
TEL,48944,13.6348,14.3330,0.5224,8.2494,-8,-0.015708
TEL,49044,15.9936,15.2418,2.2573,3.9707,-4,-0.007854
TEL,49144,16.6040,16.2117,1.3335,34.3137,-34,-0.066759
TEL,49244,16.5468,16.4210,0.6286,9.0918,-9,-0.017671
TEL,49344,14.8899,14.6099,1.6105,-54.9082,37,0.072649
TEL,49444,15.5243,15.1623,2.0398,0.1078,32,0.062832
TEL,49544,15.7818,15.5743,1.5761,-1.4944,1,0.001963
TEL,49644,10.9084,14.7021,1.4139,-40.3470,37,0.072649
TEL,49744,14.3895,14.1311,3.0449,-104.3470,87,0.170824
TEL,49844,14.3895,14.2556,2.7864,-69.1569,81,0.159043
TEL,49944,14.1295,14.2563,2.7259,-78.5283,79,0.155116
TEL,50044,11.8792,13.3065,3.1808,-142.5283,126,0.247400
TEL,50144,13.1340,13.1671,3.7779,-128.1102,129,0.253291
TEL,50244,13.2088,13.1628,3.8463,-117.7354,118,0.231692
TEL,50344,9.7012,12.7544,3.8468,-117.0755,117,0.229729
TEL,50444,12.0673,12.2105,4.7211,-160.0000,155,0.304342
TEL,50544,12.5626,12.3166,4.7762,-140.9554,141,0.276853
TEL,50644,12.7011,12.4343,4.6213,-127.7796,128,0.251327
TEL,50744,11.2338,11.8750,4.5270,-129.0357,129,0.253291
TEL,50844,12.1635,11.9516,5.1072,-150.0971,150,0.294524
TEL,50944,12.7714,12.2982,4.9543,-132.1736,132,0.259181
TEL,51044,13.0232,12.5430,4.5865,-117.4135,117,0.229729
TEL,51144,12.0356,11.6960,5.1053,-160.0000,155,0.304342
TEL,51244,13.1713,12.3425,5.0271,-102.3382,118,0.231692
TEL,51344,13.5950,13.0626,4.4083,-88.6481,89,0.174751
TEL,51444,10.1901,12.3923,3.7214,-73.8459,74,0.145299
TEL,51544,13.6748,12.9101,5.0491,-137.8459,120,0.235619
TEL,51644,14.3018,13.6673,3.7008,-73.8459,114,0.223838
TEL,51744,14.8430,14.4563,2.9805,-27.7823,34,0.066759
TEL,51844,12.7361,13.0465,3.6856,-91.7823,69,0.135481
TEL,51944,15.2254,14.5885,3.2289,-27.7823,74,0.145299
TEL,52044,15.9401,15.2891,2.0649,-1.2961,3,0.005890
TEL,52144,11.9413,14.6018,1.4671,-1.3501,1,0.001963
TEL,52244,15.3238,14.5577,3.0576,-65.3501,47,0.092284
TEL,52344,16.7197,16.1588,1.8255,-1.3501,42,0.082467
TEL,52444,17.2591,16.7024,0.5822,27.8568,-26,-0.051051
TEL,52544,13.9194,14.9347,0.0765,36.3908,-36,-0.070686
TEL,52644,16.6040,15.8260,1.6889,15.2163,-15,-0.029452
TEL,52744,17.4461,16.9334,0.7030,61.3401,-55,-0.107992
TEL,52844,17.5729,17.2608,-0.1262,37.5331,-38,-0.074613
TEL,52944,15.6779,15.2301,1.2216,-26.4669,9,0.017671
TEL,53044,17.1976,16.2618,1.3348,36.0828,2,0.003927
TEL,53144,16.9555,16.8592,0.4066,45.8423,-46,-0.090321
TEL,53244,11.9726,15.8327,0.1007,0.0000,-6,-0.011781
TEL,53344,15.7297,15.3421,2.1261,-64.0000,45,0.088357
TEL,53444,15.8870,15.6148,1.4964,-16.6401,41,0.080503
TEL,53544,15.7297,15.7443,1.2461,-13.0550,13,0.025525
TEL,53644,13.4381,14.4370,2.0160,-77.0550,59,0.115846
TEL,53744,14.7502,14.4197,2.7304,-111.2077,110,0.215984
TEL,53844,14.3895,14.4249,2.5665,-74.5831,76,0.149226
TEL,53944,9.9847,13.7138,2.6100,-84.4094,84,0.164934
TEL,54044,12.8782,13.1034,3.7702,-148.4094,130,0.255254
TEL,54144,13.3225,13.1712,3.8764,-112.7655,126,0.247400
TEL,54244,13.2465,13.1939,3.8156,-112.1628,112,0.219911
TEL,54344,9.1009,11.7584,3.8194,-116.9039,117,0.229729
TEL,54444,12.5626,12.1448,5.0691,-121.8888,122,0.239546
TEL,54544,13.0599,12.6727,4.6621,-106.0624,106,0.208131
TEL,54644,13.2088,12.8761,4.2269,-109.2326,109,0.214021
TEL,54744,13.3608,13.0578,4.0579,-110.1909,110,0.215984
TEL,54844,13.3993,13.1617,3.8876,-107.0710,107,0.210094
TEL,54944,13.5161,13.2735,3.8181,-111.0178,111,0.217948
TEL,55044,13.6348,13.3762,3.6686,-99.9211,100,0.196350
TEL,55144,14.0027,13.5734,3.5568,-94.9824,95,0.186532
TEL,55244,14.3018,13.7704,3.3379,-84.6143,85,0.166897
TEL,55344,14.6585,14.1440,3.0921,-68.7109,69,0.135481
TEL,55444,14.9370,14.4443,2.6985,-53.3992,53,0.104065
TEL,55544,15.2745,14.8533,2.4214,-49.1475,49,0.096211
TEL,55644,15.7297,15.1639,2.0052,-35.3902,35,0.068722
TEL,55744,15.8870,15.4893,1.7254,-32.3934,32,0.062832
TEL,55844,16.1559,15.7492,1.3674,-15.9356,16,0.031416
TEL,55944,16.3213,16.0081,1.1735,-21.6787,22,0.043197
TEL,56044,16.6617,16.1790,0.9305,-17.1723,17,0.033379
TEL,56144,16.5468,16.3670,0.7500,-10.0611,10,0.019635
TEL,56244,16.8368,16.4851,0.5832,-8.7755,9,0.017671
TEL,56344,16.8368,16.6282,0.4474,-1.6081,2,0.003927
TEL,56444,16.8368,16.6843,0.3408,0.0000,0,0.000000
TEL,56544,14.9370,15.9611,0.2876,0.0000,0,0.000000
TEL,56644,16.0473,15.9532,1.0765,-38.8656,36,0.070686
TEL,56744,16.4333,16.1587,0.9834,-18.4114,18,0.035343
TEL,56844,11.9726,15.5040,0.8122,-19.2701,19,0.037306
TEL,56944,15.2745,14.9177,2.1225,-83.2701,65,0.127627
TEL,57044,15.5243,15.2061,1.9110,-27.3618,59,0.115846
TEL,57144,15.5752,15.4714,1.6647,-27.3354,27,0.053014
TEL,57244,13.4770,14.1647,2.4018,-91.3354,73,0.143335
TEL,57344,15.0320,14.5572,2.7672,-71.1093,73,0.143335
TEL,57444,15.0799,14.7791,2.3184,-47.7856,48,0.094248
TEL,57544,11.5775,14.2720,2.1743,-57.0792,57,0.111919
TEL,57644,13.7554,13.6866,3.3574,-121.0792,103,0.202240
TEL,57744,14.4337,13.9708,3.2696,-90.4138,100,0.196350
TEL,57844,14.4337,14.1269,2.9542,-75.4936,75,0.147262
TEL,57944,12.4606,13.0670,2.7941,-69.9853,70,0.137445
TEL,58044,13.6348,13.2063,3.9485,-121.1614,112,0.219911
TEL,58144,14.0448,13.6429,3.6117,-76.4995,83,0.162970
TEL,58244,14.0870,13.8142,3.2627,-81.3699,81,0.159043
TEL,58344,12.9142,12.7531,3.9252,-145.3699,127,0.249364
TEL,58444,13.7961,13.1786,4.0590,-88.8874,122,0.239546
TEL,58544,14.2152,13.8042,3.5755,-64.2161,64,0.125664
TEL,58644,10.5503,13.0859,3.0508,-66.1353,66,0.129591
TEL,58744,13.9194,13.3034,4.4793,-130.1353,113,0.221875
TEL,58844,14.3455,13.8412,3.4129,-66.1353,106,0.208131
TEL,58944,14.6130,14.3367,2.9148,-44.7560,45,0.088357
TEL,59044,12.3269,12.9850,3.5584,-108.7560,92,0.180642
TEL,59144,14.4337,13.9218,3.6832,-52.4303,85,0.166897
TEL,59244,14.9370,14.3987,2.8397,-43.4542,43,0.084430
TEL,59344,11.1233,13.7780,2.4545,-47.9506,48,0.094248
TEL,59444,13.8370,13.4644,3.7979,-111.9506,94,0.184569
TEL,59544,14.7965,14.2413,3.2710,-51.8250,89,0.174751
TEL,59644,15.0320,14.6101,2.5606,-42.1493,42,0.082467
TEL,59744,12.3269,13.1554,2.2752,-48.1872,48,0.094248
TEL,59844,14.2584,13.7773,3.5062,-45.9663,46,0.090321
TEL,59944,14.9370,14.4954,2.9395,-38.6268,39,0.076576
TEL,60044,15.0320,14.7409,2.3636,-46.2215,46,0.090321
TEL,60144,13.8370,13.2731,2.8786,-110.2215,92,0.180642
TEL,60244,14.6130,14.0941,3.2615,-46.2215,87,0.170824
TEL,60344,15.0320,14.7058,2.6468,-34.0671,34,0.066759
TEL,60444,11.2060,13.9261,2.1920,-47.8813,48,0.094248
TEL,60544,14.2584,13.6956,3.8558,-111.8813,94,0.184569
TEL,60644,14.5678,14.1323,3.0677,-50.6198,88,0.172788
TEL,60744,14.8430,14.5378,2.6865,-48.8921,49,0.096211
TEL,60844,12.1958,13.1262,3.2775,-112.8921,95,0.186532
TEL,60944,14.3018,13.6499,3.7937,-99.8033,100,0.196350
TEL,61044,14.4781,14.0652,3.1066,-50.5732,59,0.115846
TEL,61144,10.5256,12.5198,2.7965,-59.6950,60,0.117810
TEL,61244,13.0969,12.2251,5.7357,-123.6950,106,0.208131
TEL,61344,14.3895,13.9669,3.9257,-59.6950,101,0.198313
TEL,61444,14.5678,14.3142,2.8089,-45.0296,45,0.088357
TEL,61544,11.6965,12.7764,2.6149,-66.0349,66,0.129591
TEL,61644,14.0448,13.3956,3.9694,-74.5850,75,0.147262
TEL,61744,14.5678,14.1096,3.3313,-52.1485,52,0.102102
TEL,61844,14.5678,14.3286,2.7570,-59.3616,59,0.115846
TEL,61944,13.3993,13.1232,3.5976,-123.3617,106,0.208131
TEL,62044,14.1295,13.6022,3.6327,-66.2628,99,0.194386
TEL,62144,14.5678,14.2263,3.1229,-45.5907,46,0.090321
TEL,62244,10.7780,13.4766,2.6714,-62.2360,62,0.121737
TEL,62344,13.8370,13.4765,3.8751,-126.2360,108,0.212057
TEL,62444,14.5228,13.9436,3.2890,-62.2359,102,0.200277
TEL,62544,14.6585,14.3764,2.8512,-49.6157,50,0.098175
TEL,62644,12.5284,13.0905,3.5247,-113.6158,96,0.188496
TEL,62744,14.3018,13.6349,3.8369,-102.3955,102,0.200277
TEL,62844,14.5678,14.0610,3.1437,-55.5754,62,0.121737
REF,62935,9.0000,hold_near
TEL,62944,10.8298,13.4772,2.7326,-45.8556,46,0.090321
TEL,63044,13.5950,13.2590,-4.0421,18.1444,0,0.000000
TEL,63144,14.7965,14.3385,-4.7875,82.1444,-70,-0.137445
TEL,63244,15.0799,14.6646,-5.4991,146.1444,-137,-0.268999
TEL,63344,13.3225,13.8158,-5.7378,184.9490,-180,-0.353429
TEL,63444,14.0448,13.8501,-4.7824,137.6299,-145,-0.284707
TEL,63544,14.0870,13.9877,-4.9326,162.4187,-162,-0.318086
TEL,63644,13.5950,13.9212,-4.9765,147.3323,-147,-0.288634
TEL,63744,11.6665,12.2783,-4.4172,83.3323,-101,-0.198313
TEL,63844,11.9726,12.1424,-3.2115,84.6397,-85,-0.166897
TEL,63944,10.9349,11.6800,-3.0555,76.4658,-76,-0.149226
TEL,64044,10.1208,11.0427,-2.4046,23.9544,-34,-0.066759
TEL,64144,8.9890,9.7769,-1.6115,-27.1143,24,0.047124
TEL,64244,8.2249,8.9433,-0.3555,-63.0638,62,0.121737
TEL,64344,8.4824,8.4869,0.3735,-66.6551,67,0.131554
TEL,64444,8.9890,8.6341,0.4563,-3.7592,22,0.043197
TEL,64544,10.0750,9.3090,0.1746,28.2419,-28,-0.054978
TEL,64644,10.6001,9.8961,-0.5989,68.7085,-65,-0.127627
TEL,64744,11.4608,10.8359,-1.1999,89.1687,-89,-0.174751
TEL,64844,11.8792,11.3301,-2.0847,106.0680,-106,-0.208131
TEL,64944,12.2283,11.8328,-2.5238,109.6117,-110,-0.215984
TEL,65044,12.4944,12.0951,-2.9668,112.4640,-112,-0.219911
TEL,65144,12.6315,12.3599,-3.1810,110.4626,-110,-0.215984
TEL,65244,12.5969,12.4419,-3.4073,110.4992,-110,-0.215984
TEL,65344,12.4944,12.4884,-3.4677,108.5515,-109,-0.214021
TEL,65444,12.3269,12.4713,-3.4891,104.8026,-105,-0.206167
TEL,65544,12.0040,12.3604,-3.4456,98.8622,-99,-0.194386
TEL,65644,11.6367,12.2096,-3.2960,87.6120,-88,-0.172788
TEL,65744,10.8038,11.7119,-3.0899,71.7543,-72,-0.141372
TEL,65844,10.2368,11.1021,-2.4298,23.5373,-31,-0.060868
TEL,65944,8.8438,9.7305,-1.7546,-8.1700,7,0.013744
TEL,66044,8.6682,9.1111,-0.3627,-53.4824,47,0.092284
TEL,66144,8.1016,8.5403,0.0951,-38.9371,39,0.076576
TEL,66244,8.3198,8.4228,0.5450,-31.2833,31,0.060868
TEL,66344,8.4824,8.3345,0.7050,-32.3230,32,0.062832
TEL,66444,9.2541,8.5939,0.5634,0.9584,6,0.011781
TEL,66544,9.7653,9.1533,0.0451,31.2796,-27,-0.053014
TEL,66644,8.2563,9.0759,-0.3777,50.5944,-51,-0.100138
TEL,66744,10.3793,9.5316,-0.2278,45.4280,-45,-0.088357
TEL,66844,11.0149,10.2654,-0.9053,92.5421,-75,-0.147262
TEL,66944,11.3747,10.9899,-1.8165,97.3573,-97,-0.190459
TEL,67044,10.1208,10.3345,-1.4527,33.3573,-66,-0.129591
TEL,67144,11.0689,10.7730,-1.6666,81.3352,-44,-0.086394
TEL,67244,11.4033,11.0401,-1.9249,84.3378,-84,-0.164934
TEL,67344,8.7552,10.7009,-2.1251,67.4570,-67,-0.131554
TEL,67444,10.3076,10.3097,-1.3107,3.4570,-36,-0.070686
TEL,67544,10.3076,10.3441,-1.3518,42.8901,-13,-0.025525
TEL,67644,10.0297,10.2764,-1.3172,34.8104,-35,-0.068722
TEL,67744,8.1321,9.4334,-0.8564,-29.1896,-4,-0.007854
TEL,67844,8.7904,9.0980,-0.2263,-29.4681,29,0.056941
TEL,67944,8.5659,8.8565,0.0645,-14.5259,15,0.029452
TEL,68044,8.2406,8.6538,0.2423,-24.5555,25,0.049087
TEL,68144,7.7794,8.3989,0.6011,-31.6638,29,0.056941
TEL,68244,8.5491,8.3919,0.6081,-11.6309,27,0.053014
TEL,68344,9.0260,8.6141,0.3859,3.4208,7,0.013744
TEL,68444,9.2541,8.8136,0.1864,11.8933,-7,-0.013744
TEL,68544,9.4932,8.7021,0.5338,-41.4601,-7,-0.013744
TEL,68644,9.4122,8.9851,0.0149,22.5399,38,0.074613
TEL,68744,9.7439,9.3851,-0.3851,31.0270,-23,-0.045160
TEL,68844,8.0113,9.1696,-0.1696,-32.9730,-26,-0.051051
TEL,68944,9.6170,9.1996,-0.1996,28.5982,32,0.062832
TEL,69044,9.9179,9.4790,-0.4790,37.7423,-24,-0.047124
TEL,69144,10.1438,9.8167,-0.8167,40.8673,-41,-0.080503
TEL,69244,7.6407,9.0393,-0.0393,-23.1327,-36,-0.070686
TEL,69344,9.8959,9.3996,-0.3996,40.8673,22,0.043197
TEL,69444,9.9847,9.6296,-0.6296,38.2412,-33,-0.064795
TEL,69544,9.9624,9.8013,-0.8013,30.7209,-34,-0.066759
TEL,69644,8.5998,9.5922,-0.5922,-0.5347,-27,-0.053014
TEL,69744,9.4728,9.5113,-0.5113,13.9528,-4,-0.007854
TEL,69844,9.4728,9.5039,-0.5039,14.3007,-14,-0.027489
TEL,69944,7.2508,9.4601,-0.5039,14.3007,-14,-0.027489
TEL,70044,8.4330,9.1570,-0.2964,-5.4323,5,0.009817
TEL,70144,8.3358,8.7821,-0.0303,-21.2587,21,0.041233
TEL,70244,8.2249,8.5642,0.3427,-32.1095,32,0.062832
TEL,70344,7.6000,8.3336,0.4931,-24.8274,25,0.049087
TEL,70444,8.5323,8.4224,0.6664,-35.1537,35,0.068722
TEL,70544,8.9158,8.5910,0.5315,-7.8800,8,0.015708
TEL,70644,9.1961,8.7504,0.3381,2.2739,-2,-0.003927
TEL,70744,8.5828,8.5541,0.4538,-49.3617,13,0.025525
TEL,70844,9.1198,8.7202,0.3675,2.7025,16,0.031416
TEL,70944,9.3922,9.0288,0.1605,16.0586,-16,-0.031416
TEL,71044,9.3326,9.1500,-0.1073,16.9580,-17,-0.033379
TEL,71144,8.8081,8.9762,-0.0166,-11.1702,8,0.015708
TEL,71244,9.0075,8.9828,0.0216,0.0000,0,0.000000
TEL,71344,8.8617,8.9593,0.0286,0.0000,0,0.000000
TEL,71444,6.7851,8.9418,0.0582,0.0000,0,0.000000
TEL,71544,7.9964,8.5754,0.3080,-28.6780,25,0.049087
TEL,71644,8.1783,8.4255,0.5174,-31.7797,32,0.062832
TEL,71744,8.5156,8.4238,0.5912,-16.3876,16,0.031416
TEL,71844,6.7524,8.4238,0.5912,-16.3876,16,0.031416
TEL,71944,8.7202,8.4397,0.6197,-21.1272,21,0.041233
TEL,72044,8.8617,8.5389,0.5603,-9.8954,10,0.019635
TEL,72144,8.9706,8.6886,0.4153,-4.4492,4,0.007854
TEL,72244,8.2406,8.6253,0.3114,0.0000,0,0.000000
TEL,72344,8.6510,8.6117,0.3982,-16.0599,16,0.031416
TEL,72444,8.6510,8.6196,0.3883,-10.6901,11,0.021598
TEL,72544,6.6561,8.6089,0.3823,-11.7941,12,0.023562
TEL,72644,7.8362,8.4479,0.4753,-21.6280,22,0.043197
TEL,72744,8.3198,8.3673,0.6071,-27.8361,28,0.054978
TEL,72844,8.5156,8.3971,0.6175,-15.8625,16,0.031416
TEL,72944,7.6544,8.3394,0.5817,-13.7375,14,0.027489
TEL,73044,8.2249,8.2824,0.7090,-29.7420,30,0.058905
TEL,73144,8.4990,8.3367,0.6998,-17.8775,18,0.035343
TEL,73244,8.3841,8.3522,0.6633,-16.4564,16,0.031416
TEL,73344,8.2879,8.3407,0.6479,-19.4416,19,0.037306
TEL,73444,8.4166,8.3481,0.6572,-19.3494,19,0.037306
TEL,73544,8.4824,8.3664,0.6471,-18.5761,19,0.037306
TEL,73644,8.4659,8.3799,0.6260,-17.4630,17,0.033379
TEL,73744,8.4166,8.3918,0.6147,-17.4928,17,0.033379
TEL,73844,8.2879,8.3848,0.6095,-18.5267,19,0.037306
TEL,73944,8.3679,8.3791,0.6196,-19.3638,19,0.037306
TEL,74044,8.4003,8.3788,0.6222,-18.9016,19,0.037306
TEL,74144,8.3038,8.3726,0.6231,-19.0391,19,0.037306
TEL,74244,8.3518,8.3716,0.6276,-18.8621,19,0.037306
TEL,74344,8.3679,8.3706,0.6286,-18.8823,19,0.037306
TEL,74444,8.2879,8.3670,0.6301,-19.0216,19,0.037306
TEL,74544,8.3841,8.3650,0.6358,-19.5627,20,0.039270
TEL,74644,8.2879,8.3631,0.6343,-18.9181,19,0.037306
TEL,74744,8.3518,8.3601,0.6393,-19.6125,20,0.039270
TEL,74844,8.3679,8.3606,0.6397,-19.1470,19,0.037306
TEL,74944,8.3679,8.3607,0.6397,-19.2359,19,0.037306
TEL,75044,8.2879,8.3585,0.6395,-19.2281,19,0.037306
TEL,75144,6.7416,8.3590,0.6412,-19.1914,19,0.037306
TEL,75244,7.8219,8.3451,0.6549,-20.4579,20,0.039270
TEL,75344,8.2563,8.3272,0.6701,-21.0755,21,0.041233
TEL,75444,8.3038,8.3233,0.6767,-20.4321,20,0.039270
TEL,75544,6.7308,8.3236,0.6764,-20.3166,20,0.039270
TEL,75644,7.9229,8.3101,0.6899,-21.4873,21,0.041233
TEL,75744,8.2093,8.2933,0.7031,-21.7600,22,0.043197
TEL,75844,8.3198,8.2948,0.7052,-20.9728,21,0.041233
TEL,75944,7.2261,8.2958,0.7052,-20.9728,21,0.041233
TEL,76044,8.0262,8.2651,0.7235,-22.8250,23,0.045160
TEL,76144,8.2563,8.2575,0.7384,-22.7618,23,0.045160
TEL,76244,8.3358,8.2616,0.7418,-22.1377,22,0.043197
TEL,76344,7.8219,8.2424,0.7576,-23.8478,24,0.047124
TEL,76444,8.1628,8.2264,0.7736,-23.8405,24,0.047124
TEL,76544,6.6986,8.2262,0.7738,-23.0797,23,0.045160
TEL,76644,7.3258,8.2292,0.7738,-23.0797,23,0.045160
TEL,76744,7.8938,8.2133,0.7867,-24.2976,24,0.047124
TEL,76844,8.2093,8.2068,0.7932,-23.7717,24,0.047124
TEL,76944,6.5111,8.2147,0.7853,-22.7492,23,0.045160
TEL,77044,6.8514,8.2183,0.7853,-22.7492,23,0.045160
TEL,77144,8.1016,8.1951,0.7995,-25.0260,25,0.049087
TEL,77244,8.2406,8.1958,0.8066,-24.5035,25,0.049087
TEL,77344,8.3518,8.2121,0.7952,-22.6731,23,0.045160
TEL,77444,6.5417,8.2121,0.7952,-22.6731,23,0.045160
TEL,77544,8.1168,8.1677,0.8148,-26.0137,26,0.051051
TEL,77644,8.2879,8.1744,0.8323,-25.5685,26,0.051051
TEL,77744,8.3198,8.1973,0.8182,-23.2432,23,0.045160
TEL,77844,7.3894,8.1973,0.8027,-22.7590,23,0.045160
TEL,77944,8.1474,8.1755,0.8187,-25.4928,25,0.049087
TEL,78044,8.3038,8.1854,0.8245,-25.0495,25,0.049087
TEL,78144,8.2721,8.2059,0.8071,-22.8973,23,0.045160
TEL,78244,7.8505,8.1860,0.7941,-23.1187,23,0.045160
TEL,78344,8.2721,8.1811,0.8248,-26.6375,27,0.053014
TEL,78444,8.3198,8.1914,0.8189,-23.5611,24,0.047124
TEL,78544,6.5932,8.2020,0.8013,-22.7602,23,0.045160
TEL,78644,7.9375,8.1625,0.8223,-26.7892,27,0.053014
TEL,78744,8.3038,8.1693,0.8405,-25.7453,26,0.051051
TEL,78844,8.2563,8.1785,0.8264,-24.0350,24,0.047124
TEL,78944,7.6681,8.1577,0.8115,-22.5861,23,0.045160
TEL,79044,8.0562,8.1372,0.8566,-28.1960,28,0.054978
TEL,79144,8.3038,8.1579,0.8589,-25.0818,25,0.049087
TEL,79244,8.2879,8.1723,0.8356,-23.9391,24,0.047124
TEL,79344,7.8505,8.1517,0.8483,-26.6496,27,0.053014
TEL,79444,8.1628,8.1444,0.8556,-25.4308,25,0.049087
TEL,79544,8.3518,8.1716,0.8284,-22.7129,23,0.045160
TEL,79644,7.1530,8.1823,0.8284,-22.7129,23,0.045160
TEL,79744,8.0412,8.1501,0.8415,-26.6271,27,0.053014
TEL,79844,8.2249,8.1570,0.8479,-25.0877,25,0.049087
TEL,79944,8.3518,8.1828,0.8286,-23.1137,23,0.045160
TEL,80044,6.5417,8.1928,0.8072,-22.4807,22,0.043197
TEL,80144,8.1168,8.1341,0.8644,-29.4761,29,0.056941
TEL,80244,8.2879,8.1504,0.8603,-24.8199,25,0.049087
TEL,80344,8.3518,8.1823,0.8305,-23.3207,23,0.045160
TEL,80444,7.3894,8.1823,0.8305,-23.3207,23,0.045160
TEL,80544,8.2249,8.1573,0.8414,-26.6275,27,0.053014
TEL,80644,8.3038,8.1730,0.8427,-24.3294,24,0.047124
TEL,80744,7.2632,8.1937,0.8168,-22.7293,23,0.045160
TEL,80844,7.7935,8.1660,0.8340,-26.6352,27,0.053014
TEL,80944,8.2249,8.1557,0.8497,-25.7570,26,0.051051
TEL,81044,7.4802,8.1650,0.8350,-23.4345,25,0.049087
TEL,81144,6.5829,8.1757,0.8350,-23.4345,23,0.045160
TEL,81244,7.9375,8.1232,0.8605,-27.9287,28,0.054978
TEL,81344,8.1938,8.1318,0.8785,-26.6647,27,0.053014
TEL,81444,8.3518,8.1586,0.8561,-23.5696,24,0.047124
TEL,81544,7.3894,8.1715,0.8285,-22.6070,23,0.045160
TEL,81644,8.0864,8.1392,0.8562,-27.2985,27,0.053014
TEL,81744,8.2406,8.1624,0.8542,-24.4861,24,0.047124
TEL,81844,8.3518,8.1884,0.8242,-22.3835,22,0.043197
TEL,81944,7.6407,8.1487,0.8513,-27.8547,26,0.051051
TEL,82044,8.1321,8.1344,0.8656,-26.0051,26,0.051051
TEL,82144,6.5111,8.1476,0.8524,-24.6895,25,0.049087
TEL,82244,6.8738,8.1601,0.8524,-24.6895,25,0.049087
TEL,82344,7.9521,8.1139,0.8717,-28.0070,28,0.054978
TEL,82444,8.1938,8.1238,0.8821,-25.7654,26,0.051051
TEL,82544,8.3198,8.1588,0.8540,-23.4394,23,0.045160
TEL,82644,6.7093,8.1731,0.8269,-22.3068,22,0.043197
TEL,82744,8.3518,8.1336,0.8877,-30.2655,30,0.058905
TEL,82844,8.3679,8.1728,0.8467,-21.9554,22,0.043197
TEL,82944,8.3518,8.2158,0.7975,-21.3385,21,0.041233
TEL,83044,8.3038,8.2301,0.7766,-21.9544,22,0.043197
TEL,83144,8.3198,8.2564,0.7489,-20.7228,21,0.041233
TEL,83244,8.3518,8.2698,0.7366,-20.8627,21,0.041233
TEL,83344,8.3518,8.2802,0.7247,-20.8051,21,0.041233
TEL,83444,8.3358,8.2877,0.7154,-20.6841,21,0.041233
TEL,83544,8.2879,8.2928,0.7070,-20.4387,20,0.039270
TEL,83644,8.3679,8.2978,0.7058,-20.9301,21,0.041233
TEL,83744,8.3518,8.3001,0.7023,-21.0168,21,0.041233
TEL,83844,8.3841,8.3032,0.7004,-21.1074,21,0.041233
TEL,83944,8.3518,8.3051,0.6968,-20.8988,21,0.041233
TEL,84044,8.3679,8.3099,0.6924,-20.3479,20,0.039270
TEL,84144,8.3198,8.3115,0.6888,-20.3929,20,0.039270
TEL,84244,8.3841,8.3137,0.6888,-20.7098,21,0.041233
TEL,84344,8.3198,8.3158,0.6843,-20.5040,21,0.041233
TEL,84444,8.3841,8.3196,0.6825,-20.1859,20,0.039270
TEL,84544,8.3679,8.3225,0.6789,-20.0162,20,0.039270
TEL,84644,8.3841,8.3258,0.6761,-20.0388,20,0.039270
TEL,84744,8.3358,8.3202,0.6803,-20.9375,21,0.041233
TEL,84844,8.3198,8.3206,0.6793,-20.2963,20,0.039270
TEL,84944,7.9669,8.3103,0.6897,-21.2901,21,0.041233
TEL,85044,8.1938,8.2985,0.7015,-21.7231,22,0.043197
TEL,85144,8.3198,8.2965,0.7035,-20.9560,21,0.041233
TEL,85244,6.9646,8.2984,0.7035,-20.9560,21,0.041233
TEL,85344,7.9964,8.2709,0.7175,-22.4498,22,0.043197
TEL,85444,8.2406,8.2650,0.7339,-22.8537,23,0.045160
TEL,85544,8.3358,8.2659,0.7370,-22.1620,22,0.043197
TEL,85644,6.5111,8.2681,0.7319,-21.5759,22,0.043197
TEL,85744,8.1474,8.2235,0.7722,-25.0886,25,0.049087
TEL,85844,8.2879,8.2238,0.7798,-23.9581,24,0.047124
TEL,85944,8.3358,8.2353,0.7699,-22.5640,23,0.045160
TEL,86044,7.6544,8.2067,0.7933,-26.2932,26,0.051051
TEL,86144,8.1938,8.1881,0.8123,-25.1963,25,0.049087
TEL,86244,8.2879,8.1974,0.8026,-23.1335,23,0.045160
TEL,86344,7.0108,8.2071,0.7929,-22.6563,23,0.045160
TEL,86444,7.8505,8.1878,0.8122,-25.4961,25,0.049087
TEL,86544,8.2563,8.1794,0.8254,-24.8985,25,0.049087
TEL,86644,8.3198,8.1952,0.8048,-22.7957,23,0.045160
TEL,86744,6.5213,8.2103,0.7897,-22.3277,22,0.043197
TEL,86844,7.9816,8.1681,0.8319,-27.3387,27,0.053014
TEL,86944,8.2879,8.1761,0.8315,-24.4386,24,0.047124
TEL,87044,8.3358,8.1956,0.8044,-22.4653,22,0.043197
TEL,87144,7.5731,8.1634,0.8366,-28.6076,26,0.051051
TEL,87244,8.1321,8.1317,0.8683,-26.0430,26,0.051051
TEL,87344,8.3038,8.1560,0.8440,-23.2775,23,0.045160
TEL,87444,8.3198,8.1791,0.8209,-22.6760,23,0.045160
TEL,87544,7.6818,8.1427,0.8573,-27.8424,27,0.053014
TEL,87644,8.1474,8.1364,0.8636,-25.7386,26,0.051051
TEL,87744,8.3038,8.1554,0.8446,-23.4309,23,0.045160
TEL,87844,8.3198,8.1784,0.8216,-22.7933,23,0.045160
TEL,87944,8.2406,8.1532,0.8543,-28.4937,27,0.053014
TEL,88044,8.2249,8.1548,0.8452,-24.3905,24,0.047124
TEL,88144,8.3198,8.1743,0.8257,-22.9831,23,0.045160
TEL,88244,6.6561,8.1861,0.8257,-22.9831,23,0.045160
TEL,88344,8.1321,8.1326,0.8541,-29.1429,29,0.056941
TEL,88444,8.2406,8.1456,0.8674,-26.0288,26,0.051051
TEL,88544,8.3358,8.1766,0.8489,-24.4975,24,0.047124
TEL,88644,7.3766,8.1766,0.8234,-22.6308,23,0.045160
TEL,88744,8.1938,8.1511,0.8472,-26.8050,27,0.053014
TEL,88844,8.2879,8.1671,0.8489,-24.8838,25,0.049087
TEL,88944,6.8403,8.1881,0.8237,-23.1013,23,0.045160
TEL,89044,7.7234,8.1565,0.8435,-27.1476,27,0.053014
TEL,89144,8.2721,8.1575,0.8513,-25.3361,25,0.049087
TEL,89244,8.2563,8.1739,0.8261,-23.7018,24,0.047124
TEL,89344,6.5111,8.1898,0.8102,-23.2570,23,0.045160
TEL,89444,7.9669,8.1435,0.8565,-28.2336,28,0.054978
TEL,89544,8.2721,8.1551,0.8537,-24.7526,25,0.049087
TEL,89644,7.8219,8.1417,0.8347,-23.2523,23,0.045160
TEL,89744,7.2632,8.1514,0.8347,-23.2523,23,0.045160
TEL,89844,8.1016,8.1341,0.8633,-26.7529,27,0.053014
TEL,89944,8.2406,8.1548,0.8617,-25.1110,25,0.049087
TEL,90044,8.2721,8.1626,0.8452,-24.2600,24,0.047124
TEL,90144,7.8793,8.1439,0.8561,-26.7676,27,0.053014
TEL,90244,8.1938,8.1435,0.8565,-25.0625,25,0.049087
TEL,90344,8.3358,8.1677,0.8323,-23.0101,23,0.045160
TEL,90444,8.2563,8.1835,0.8165,-23.6157,24,0.047124
TEL,90544,8.0412,8.1533,0.8467,-26.8483,27,0.053014
TEL,90644,8.2249,8.1547,0.8453,-24.5022,25,0.049087
TEL,90744,7.8505,8.1476,0.8329,-23.4315,23,0.045160
TEL,90844,6.6245,8.1591,0.8329,-23.4315,23,0.045160
TEL,90944,8.1016,8.1088,0.8795,-29.7589,30,0.058905
TEL,91044,8.2563,8.1250,0.8912,-26.8434,27,0.053014
TEL,91144,8.3518,8.1652,0.8635,-23.8957,24,0.047124
TEL,91244,7.4671,8.1652,0.8348,-22.5016,23,0.045160
TEL,91344,8.1628,8.1371,0.8559,-26.9050,27,0.053014
TEL,91444,8.2249,8.1523,0.8629,-25.5172,26,0.051051
TEL,91544,7.1772,8.1746,0.8373,-23.2990,23,0.045160
TEL,91644,7.6544,8.1384,0.8616,-27.9576,28,0.054978
TEL,91744,8.2879,8.1471,0.8644,-24.8336,25,0.049087
TEL,91844,8.2721,8.1662,0.8338,-23.5251,24,0.047124
TEL,91944,6.6455,8.1901,0.8099,-22.4904,22,0.043197
TEL,92044,7.9375,8.1716,0.8284,-25.9306,26,0.051051
TEL,92144,8.1938,8.1663,0.8358,-24.4289,24,0.047124
TEL,92244,8.3679,8.1876,0.8254,-23.3174,23,0.045160
TEL,92344,8.3679,8.2139,0.7971,-22.8247,23,0.045160
TEL,92444,8.3679,8.2339,0.7661,-21.2851,21,0.041233
TEL,92544,8.3518,8.2580,0.7487,-20.7998,21,0.041233
TEL,92644,8.2879,8.2657,0.7343,-21.7623,22,0.043197
TEL,92744,8.3841,8.2840,0.7223,-20.6577,21,0.041233
TEL,92844,8.3679,8.2898,0.7102,-20.4935,20,0.039270
TEL,92944,8.3518,8.2968,0.7062,-20.4695,20,0.039270
TEL,93044,8.3841,8.3045,0.6996,-20.3611,20,0.039270
TEL,93144,8.3198,8.3110,0.6894,-20.1742,20,0.039270
TEL,93244,8.3038,8.3138,0.6857,-19.9895,20,0.039270
TEL,93344,8.3679,8.3191,0.6830,-19.9804,20,0.039270
TEL,93444,8.3679,8.3204,0.6796,-20.0472,20,0.039270
TEL,93544,8.3518,8.3239,0.6772,-20.1167,20,0.039270
TEL,93644,8.3518,8.3236,0.6764,-20.1102,20,0.039270
TEL,93744,8.3679,8.3269,0.6745,-20.0723,20,0.039270
TEL,93844,8.3038,8.3275,0.6725,-20.3147,20,0.039270
TEL,93944,8.3038,8.3282,0.6710,-20.0013,20,0.039270
TEL,94044,8.3518,8.3296,0.6704,-19.9932,20,0.039270
TEL,94144,8.3358,8.3315,0.6687,-19.8720,20,0.039270
TEL,94244,7.3766,8.3315,0.6687,-19.8720,20,0.039270
TEL,94344,8.2406,8.3135,0.6790,-20.9783,21,0.041233
TEL,94444,8.2879,8.3088,0.6865,-21.0311,21,0.041233
TEL,94544,6.9876,8.3105,0.6912,-20.8644,21,0.041233
TEL,94644,7.8219,8.2949,0.7051,-22.0620,22,0.043197
TEL,94744,8.2406,8.2791,0.7192,-22.4599,22,0.043197
TEL,94844,8.3038,8.2786,0.7214,-21.4588,21,0.041233
TEL,94944,7.3511,8.2783,0.7214,-21.4588,21,0.041233
TEL,95044,8.0262,8.2508,0.7388,-23.1648,23,0.045160
TEL,95144,8.2879,8.2449,0.7540,-23.4708,23,0.045160
TEL,95244,8.3198,8.2493,0.7539,-22.4009,22,0.043197
TEL,95344,7.6407,8.2265,0.7469,-21.7484,22,0.043197
TEL,95444,8.1321,8.2079,0.7875,-26.0637,26,0.051051
TEL,95544,8.3198,8.2149,0.7946,-24.2810,24,0.047124
TEL,95644,8.3518,8.2222,0.7851,-22.5227,23,0.045160
TEL,95744,7.9669,8.2085,0.7915,-24.5453,25,0.049087
TEL,95844,8.2093,8.2036,0.7964,-23.8322,24,0.047124
TEL,95944,8.2563,8.2114,0.7886,-23.2326,23,0.045160
TEL,96044,6.8850,8.2145,0.7886,-23.2326,23,0.045160
TEL,96144,8.0713,8.1816,0.8115,-25.8633,26,0.051051
TEL,96244,8.1783,8.1830,0.8168,-24.2211,24,0.047124
TEL,96344,8.2721,8.1962,0.8079,-23.7623,24,0.047124
TEL,96444,6.5417,8.2025,0.7975,-22.8246,23,0.045160
TEL,96544,8.1321,8.1586,0.8396,-27.8737,28,0.054978
TEL,96644,8.2721,8.1682,0.8383,-24.6077,25,0.049087
TEL,96744,8.2879,8.1646,0.8229,-23.1380,23,0.045160
TEL,96844,7.5865,8.1271,0.8729,-29.4698,29,0.056941
TEL,96944,8.2093,8.1148,0.8928,-27.3229,27,0.053014
TEL,97044,8.3198,8.1368,0.8632,-23.4447,23,0.045160
TEL,97144,6.6986,8.1648,0.8352,-22.6719,23,0.045160
TEL,97244,7.8505,8.1414,0.8586,-27.1265,27,0.053014
TEL,97344,8.2879,8.1443,0.8668,-26.2407,26,0.051051
TEL,97444,8.3198,8.1664,0.8336,-22.9464,23,0.045160
TEL,97544,6.5213,8.1865,0.8135,-22.2221,22,0.043197
TEL,97644,7.9964,8.1409,0.8591,-27.9827,28,0.054978
TEL,97744,8.2721,8.1510,0.8581,-25.4491,25,0.049087
TEL,97844,8.3518,8.1748,0.8252,-22.4488,22,0.043197
TEL,97944,7.3894,8.1850,0.8252,-22.4488,22,0.043197
TEL,98044,8.0864,8.1558,0.8385,-26.5286,27,0.053014
TEL,98144,8.3358,8.1747,0.8426,-24.9899,25,0.049087
