BALL_BEAM_BOOT
HELP,keys
STATE,SAFE_DISABLED
SENSORS,angle=bad,pos=bad,m=n
MEAS,theta_deg=0.0000,x_cm=0.0000,x_filt_cm=0.0000
AGE,angle_ms=0,pos_ms=0,miss=0
FAULTS,bits=0
CAL,zero_calibrated=no,limits_calibrated=no,sign_calibrated=no
SONAR_CFG,s=-1,u=1
ACT_CFG,t=0.0000,v=0,e=0.000
TEL,enabled=1
FAULT_INFO,bits=0
FAULT_INFO,none
TEL,350,SAFE_DISABLED,0.0000,0.0000,0.0000,0.0000,0.00,0,0.0000,0,0,0,0.0000,0.0000,0,-16.4355,0.0000,idle
TEL,450,SAFE_DISABLED,-6.1023,-6.1263,0.0000,0.0000,0.00,0,0.0000,32,1,0,0.0000,0.0000,0,-16.4355,0.0000,idle
TEL,550,SAFE_DISABLED,-6.1366,-6.1331,0.0000,0.0000,0.00,0,0.0000,12,1,0,0.0000,0.0000,0,-16.4355,0.0000,idle
TEL,650,SAFE_DISABLED,-6.1366,-6.1349,0.0000,0.0000,0.00,0,0.0000,32,1,0,0.0000,0.0000,0,-16.4355,0.0000,idle
TEL,750,SAFE_DISABLED,-6.1366,-6.1360,0.0000,0.0000,0.00,0,0.0000,11,1,0,0.0000,0.0000,0,-16.4355,0.0000,idle
TEL,850,SAFE_DISABLED,-6.1366,-6.1363,0.0000,0.0000,0.00,0,0.0000,32,1,0,0.0000,0.0000,0,-16.4355,0.0000,idle
TEL,950,SAFE_DISABLED,-6.1366,-6.1365,0.0000,0.0000,0.00,0,0.0000,13,1,0,0.0000,0.0000,0,-16.5234,0.0000,idle
TEL,1050,SAFE_DISABLED,-6.1366,-6.1366,0.0000,0.0000,0.00,0,0.0000,33,1,0,0.0000,0.0000,0,-16.5234,0.0000,idle
TEL,1150,SAFE_DISABLED,-6.1366,-6.1366,0.0000,0.0000,0.00,0,0.0000,12,1,0,0.0000,0.0000,0,-16.5234,0.0000,idle
TEL,1250,SAFE_DISABLED,-6.1366,-6.1366,0.0000,0.0000,0.00,0,0.0000,32,1,0,0.0000,0.0000,0,-16.4355,0.0000,idle
TEL,1350,SAFE_DISABLED,-6.1366,-6.1366,0.0000,0.0000,0.00,0,0.0000,12,1,0,0.0000,0.0000,0,-16.5234,0.0000,idle
TEL,1451,SAFE_DISABLED,-6.1366,-6.1366,0.0000,0.0000,0.00,0,0.0000,31,1,0,0.0000,0.0000,0,-16.4355,0.0000,idle
TEL,1551,SAFE_DISABLED,-6.1366,-6.1366,0.0000,0.0000,0.00,0,0.0000,12,1,0,0.0000,0.0000,0,-16.5234,0.0000,idle
TEL,1651,SAFE_DISABLED,-6.1366,-6.1366,0.0000,0.0000,0.00,0,0.0000,32,1,0,0.0000,0.0000,0,-16.4355,0.0000,idle
TEL,1751,SAFE_DISABLED,-6.1366,-6.1366,0.0000,0.0000,0.00,0,0.0000,12,1,0,0.0000,0.0000,0,-16.4355,0.0000,idle
TEL,1851,SAFE_DISABLED,-6.1366,-6.1366,0.0000,0.0000,0.00,0,0.0000,32,1,0,0.0000,0.0000,0,-16.4355,0.0000,idle
TEL,1951,SAFE_DISABLED,-6.1366,-6.1366,0.0000,0.0000,0.00,0,0.0000,12,1,0,0.0000,0.0000,0,-16.4355,0.0000,idle
TEL,2051,SAFE_DISABLED,-6.1366,-6.1366,0.0000,0.0000,0.00,0,0.0000,31,1,0,0.0000,0.0000,0,-16.5234,0.0000,idle
TEL,2151,SAFE_DISABLED,-6.1366,-6.1366,0.0000,0.0000,0.00,0,0.0000,12,1,0,0.0000,0.0000,0,-16.5234,0.0000,idle
TEL,2251,SAFE_DISABLED,-6.1366,-6.1366,0.0000,0.0000,0.00,0,0.0000,32,1,0,0.0000,0.0000,0,-16.5234,0.0000,idle
TEL,2351,SAFE_DISABLED,-6.1366,-6.1366,0.0000,0.0000,0.00,0,0.0000,12,1,0,0.0000,0.0000,0,-16.4355,0.0000,idle
TEL,2451,SAFE_DISABLED,-6.1366,-6.1366,0.0000,0.0000,0.00,0,0.0000,32,1,0,0.0000,0.0000,0,-16.4355,0.0000,idle
TEL,2551,SAFE_DISABLED,-6.1366,-6.1366,0.0000,0.0000,0.00,0,0.0000,11,1,0,0.0000,0.0000,0,-16.5234,0.0000,idle
TEL,2651,SAFE_DISABLED,-6.1366,-6.1366,0.0000,0.0000,0.00,0,0.0000,31,1,0,0.0000,0.0000,0,-16.5234,0.0000,idle
TEL,2751,SAFE_DISABLED,-6.1366,-6.1366,0.0000,0.0000,0.00,0,0.0000,12,1,0,0.0000,0.0000,0,-16.5234,0.0000,idle
TEL,2851,SAFE_DISABLED,-6.1366,-6.1366,0.0000,0.0000,0.00,0,0.0000,32,1,0,0.0000,0.0000,0,-16.5234,0.0000,idle
TEL,2951,SAFE_DISABLED,-6.1366,-6.1366,0.0000,0.0000,0.00,0,0.0000,12,1,0,0.0000,0.0000,0,-16.5234,0.0000,idle
TEL,3051,SAFE_DISABLED,-6.1366,-6.1366,0.0000,0.0000,0.00,0,0.0000,32,1,0,0.0000,0.0000,0,-16.4355,0.0000,idle
TEL,3151,SAFE_DISABLED,-6.1366,-6.1366,0.0000,0.0000,0.00,0,0.0000,11,1,0,0.0000,0.0000,0,-16.4355,0.0000,idle
OK,telemetry=0
STATE,SAFE_DISABLED
SENSORS,angle=ok,pos=ok,m=f
MEAS,theta_deg=0.0000,x_cm=-6.1366,x_filt_cm=-6.1366
AGE,angle_ms=17,pos_ms=30,miss=0
FAULTS,bits=0
CAL,zero_calibrated=no,limits_calibrated=no,sign_calibrated=no
SONAR_CFG,s=-1,u=1
ACT_CFG,t=0.0000,v=0,e=0.000
TEL,enabled=0
FAULT_INFO,bits=0
FAULT_INFO,none
OK,cal_reset_saved
OK,cal_limit_down_set=0.000000
CAL_LIMITS,lower_deg=-8.217774,upper_deg=8.217774,limits_calibrated=no
ERR,sonar_not_ready
ERR,sonar_not_ready
ERR,sonar_not_ready
OK,cal_limit_up_set=56.162109
OK,as5600_sign=-1,sonar_sign=-1
INFO,limits_ok
CAL_LIMITS,lower_deg=-28.081054,upper_deg=28.081054,limits_calibrated=yes
ERR,sonar_not_ready
ERR,sonar_not_ready
ERR,sonar_not_ready
ERR,sonar_not_ready
OK,cal_zero_position_set=13.852593
CAL_ZERO,sonar_center_cm=13.852593,zero_calibrated=yes
OK,driver_enabled
OK,stepper_sign=-1,delta=-22.7188
OK,cal_saved
STATE,READY
SENSORS,angle=ok,pos=ok,m=f
MEAS,theta_deg=0.0000,x_cm=1.4360,x_filt_cm=1.6888
AGE,angle_ms=6,pos_ms=32,miss=0
FAULTS,bits=0
CAL,zero_calibrated=yes,limits_calibrated=yes,sign_calibrated=yes
SONAR_CFG,s=-1,u=1
ACT_CFG,t=16.4355,v=1,e=0.000
TEL,enabled=0
FAULT_INFO,bits=0
FAULT_INFO,none
OK,telemetry=1
TEL,163232,READY,-0.5534,-0.1929,0.0000,0.0000,0.00,0,0.0000,10,1,0,0.0000,0.0000,0,18.1934,16.4355,idle
TEL,163332,READY,-0.5534,-0.3768,0.0000,0.0000,0.00,0,0.0000,30,1,0,0.0000,0.0000,0,18.1934,16.4355,idle
TEL,163432,READY,1.5732,0.4534,0.0000,0.0000,0.00,0,0.0000,11,1,0,0.0000,0.0000,0,18.1934,16.4355,idle
TEL,163532,READY,1.9162,1.1274,0.0000,0.0000,0.00,0,0.0000,31,1,0,0.0000,0.0000,0,18.1934,16.4355,idle
TEL,163632,READY,1.9848,1.6907,0.0000,0.0000,0.00,0,0.0000,11,1,0,0.0000,0.0000,0,18.1934,16.4355,idle
TEL,163732,READY,1.9848,1.8407,0.0000,0.0000,0.00,0,0.0000,30,1,0,0.0000,0.0000,0,18.1934,16.4355,idle
TEL,163832,READY,1.6418,1.8181,0.0000,0.0000,0.00,0,0.0000,10,1,0,0.0000,0.0000,0,18.1934,16.4355,idle
TEL,163932,READY,1.1616,1.5697,0.0000,0.0000,0.00,0,0.0000,31,1,0,0.0000,0.0000,0,18.1934,16.4355,idle
TEL,164032,READY,-0.4162,0.5185,0.0000,0.0000,0.00,0,0.0000,12,1,0,0.0000,0.0000,0,18.1934,16.4355,idle
TEL,164132,READY,-0.8278,-0.1681,0.0000,0.0000,0.00,0,0.0000,32,1,0,0.0000,0.0000,0,18.1934,16.4355,idle
TEL,164232,READY,-0.8964,-0.6221,0.0000,0.0000,0.00,0,0.0000,12,1,0,0.0000,0.0000,0,18.2812,16.4355,idle
TEL,164332,READY,-1.2394,-0.8649,0.0000,0.0000,0.00,0,0.0000,32,1,0,0.0000,0.0000,0,18.1934,16.4355,idle
TEL,164432,READY,-1.2394,-1.1110,0.0000,0.0000,0.00,0,0.0000,12,1,0,0.0000,0.0000,0,18.1934,16.4355,idle
TEL,164532,READY,-1.2394,-1.1765,0.0000,0.0000,0.00,0,0.0000,33,1,0,0.0000,0.0000,0,18.1934,16.4355,idle
TEL,164632,READY,-1.2394,-1.2178,0.0000,0.0000,0.00,0,0.0000,12,1,0,0.0000,0.0000,0,18.2812,16.4355,idle
TEL,164732,READY,-1.2394,-1.2288,0.0000,0.0000,0.00,0,0.0000,33,1,0,0.0000,0.0000,0,18.1934,16.4355,idle
TEL,164832,READY,-0.8278,-1.0158,0.0000,0.0000,0.00,0,0.0000,13,1,0,0.0000,0.0000,0,18.1934,16.4355,idle
TEL,164932,READY,-1.2394,-1.1298,0.0000,0.0000,0.00,0,0.0000,33,1,0,0.0000,0.0000,0,18.1934,16.4355,idle
TEL,165032,READY,-1.2394,-1.2018,0.0000,0.0000,0.00,0,0.0000,13,1,0,0.0000,0.0000,0,18.1934,16.4355,idle
TEL,165132,READY,-1.2394,-1.2210,0.0000,0.0000,0.00,0,0.0000,33,1,0,0.0000,0.0000,0,18.1934,16.4355,idle
TEL,165232,READY,-1.2394,-1.2331,0.0000,0.0000,0.00,0,0.0000,12,1,0,0.0000,0.0000,0,18.1934,16.4355,idle
TEL,165332,READY,-1.2394,-1.2363,0.0000,0.0000,0.00,0,0.0000,32,1,0,0.0000,0.0000,0,18.1934,16.4355,idle
TEL,165432,READY,-1.2394,-1.2383,0.0000,0.0000,0.00,0,0.0000,13,1,0,0.0000,0.0000,0,18.1934,16.4355,idle
TEL,165532,READY,-1.2394,-1.2389,0.0000,0.0000,0.00,0,0.0000,32,1,0,0.0000,0.0000,0,18.1934,16.4355,idle
TEL,165632,READY,-1.2394,-1.2392,0.0000,0.0000,0.00,0,0.0000,12,1,0,0.0000,0.0000,0,18.1934,16.4355,idle
SET,165653,0.0000,3.7249,-5.8915
TEL,165732,READY,-0.8278,-1.1014,0.0000,0.0000,0.00,0,0.0000,32,1,0,0.0000,0.0000,0,18.2812,16.4355,idle
TEL,165832,READY,-0.8278,-0.9217,0.0000,0.0000,0.00,0,0.0000,12,1,0,0.0000,0.0000,0,18.1934,16.4355,idle
TEL,165932,READY,-0.8278,-0.8738,0.0000,0.0000,0.00,0,0.0000,32,1,0,0.0000,0.0000,0,18.1934,16.4355,idle
TEL,166032,READY,-0.8278,-0.8436,0.0000,0.0000,0.00,0,0.0000,12,1,0,0.0000,0.0000,0,18.1934,16.4355,idle
TEL,166132,READY,-0.8278,-0.8355,0.0000,0.0000,0.00,0,0.0000,32,1,0,0.0000,0.0000,0,18.1934,16.4355,idle
TEL,166232,READY,-0.8964,-0.9231,0.0000,0.0000,0.00,0,0.0000,12,1,0,0.0000,0.0000,0,18.1934,16.4355,idle
TEL,166332,READY,-1.1708,-1.0494,0.0000,0.0000,0.00,0,0.0000,32,1,0,0.0000,0.0000,0,18.1934,16.4355,idle
TEL,166432,READY,-0.8964,-1.0065,0.0000,0.0000,0.00,0,0.0000,12,1,0,0.0000,0.0000,0,18.1934,16.4355,idle
TEL,166532,READY,-1.1708,-1.0903,0.0000,0.0000,0.00,0,0.0000,32,1,0,0.0000,0.0000,0,18.1934,16.4355,idle
TEL,166632,READY,-1.2394,-1.1234,0.0000,0.0000,0.00,0,0.0000,12,1,0,0.0000,0.0000,0,18.2812,16.4355,idle
TEL,166732,READY,-1.2394,-1.1970,0.0000,0.0000,0.00,0,0.0000,32,1,0,0.0000,0.0000,0,18.1934,16.4355,idle
TEL,166832,READY,-0.8278,-0.9789,0.0000,0.0000,0.00,0,0.0000,12,1,0,0.0000,0.0000,0,18.1934,16.4355,idle
TEL,166932,READY,-0.8278,-0.9163,0.0000,0.0000,0.00,0,0.0000,32,1,0,0.0000,0.0000,0,18.1934,16.4355,idle
TEL,167032,READY,-0.8278,-0.8581,0.0000,0.0000,0.00,0,0.0000,12,1,0,0.0000,0.0000,0,18.1934,16.4355,idle
TEL,167132,READY,-0.8278,-0.8427,0.0000,0.0000,0.00,0,0.0000,31,1,0,0.0000,0.0000,0,18.1934,16.4355,idle
TEL,167232,READY,-0.8964,-0.8535,0.0000,0.0000,0.00,0,0.0000,11,1,0,0.0000,0.0000,0,18.1934,16.4355,idle
TEL,167332,READY,-0.8278,-0.8548,0.0000,0.0000,0.00,0,0.0000,32,1,0,0.0000,0.0000,0,18.1934,16.4355,idle
TEL,167432,READY,-0.8278,-0.8371,0.0000,0.0000,0.00,0,0.0000,12,1,0,0.0000,0.0000,0,18.1934,16.4355,idle
TEL,167532,READY,-1.1708,-0.9496,0.0000,0.0000,0.00,0,0.0000,32,1,0,0.0000,0.0000,0,18.1934,16.4355,idle
TEL,167632,READY,-0.8278,-0.9344,0.0000,0.0000,0.00,0,0.0000,11,1,0,0.0000,0.0000,0,18.1934,16.4355,idle
TEL,167732,READY,-0.8278,-0.8800,0.0000,0.0000,0.00,0,0.0000,31,1,0,0.0000,0.0000,0,18.1934,16.4355,idle
TEL,167832,READY,-0.8278,-0.8457,0.0000,0.0000,0.00,0,0.0000,11,1,0,0.0000,0.0000,0,18.1934,16.4355,idle
TEL,167932,READY,-0.8278,-0.8366,0.0000,0.0000,0.00,0,0.0000,32,1,0,0.0000,0.0000,0,18.1934,16.4355,idle
TEL,168032,READY,-0.8278,-0.8308,0.0000,0.0000,0.00,0,0.0000,12,1,0,0.0000,0.0000,0,18.1934,16.4355,idle
TEL,168132,READY,-0.8278,-0.8293,0.0000,0.0000,0.00,0,0.0000,32,1,0,0.0000,0.0000,0,18.1934,16.4355,idle
TEL,168232,READY,-0.8278,-0.8283,0.0000,0.0000,0.00,0,0.0000,11,1,0,0.0000,0.0000,0,18.2812,16.4355,idle
TEL,168332,READY,-0.8278,-0.8281,0.0000,0.0000,0.00,0,0.0000,31,1,0,0.0000,0.0000,0,18.1934,16.4355,idle
TEL,168432,READY,-0.8278,-0.8279,0.0000,0.0000,0.00,0,0.0000,3,1,0,0.0000,0.0000,0,18.1934,16.4355,idle
TEL,168532,READY,-0.8278,-0.8278,0.0000,0.0000,0.00,0,0.0000,23,1,0,0.0000,0.0000,0,18.1934,16.4355,idle
TEL,168632,READY,-1.2394,-1.0377,0.0000,0.0000,0.00,0,0.0000,2,1,0,0.0000,0.0000,0,18.1934,16.4355,idle
TEL,168732,READY,-1.3080,-1.1756,0.0000,0.0000,0.00,0,0.0000,23,1,0,0.0000,0.0000,0,18.1934,16.4355,idle
TEL,168832,READY,-1.3080,-1.2626,0.0000,0.0000,0.00,0,0.0000,2,1,0,0.0000,0.0000,0,18.2812,16.4355,idle
TEL,168932,READY,-1.3080,-1.2857,0.0000,0.0000,0.00,0,0.0000,22,1,0,0.0000,0.0000,0,18.1934,16.4355,idle
TEL,169032,READY,-1.3080,-1.3004,0.0000,0.0000,0.00,0,0.0000,2,1,0,0.0000,0.0000,0,18.1934,16.4355,idle
TEL,169132,READY,-1.3080,-1.3043,0.0000,0.0000,0.00,0,0.0000,22,1,0,0.0000,0.0000,0,18.1934,16.4355,idle
TEL,169232,READY,-1.3080,-1.3067,0.0000,0.0000,0.00,0,0.0000,2,1,0,0.0000,0.0000,0,18.1934,16.4355,idle
TEL,169332,READY,-1.3080,-1.3074,0.0000,0.0000,0.00,0,0.0000,22,1,0,0.0000,0.0000,0,18.1934,16.4355,idle
TEL,169432,READY,-1.2394,-1.2872,0.0000,0.0000,0.00,0,0.0000,2,1,0,0.0000,0.0000,0,18.1934,16.4355,idle
TEL,169532,READY,-1.2394,-1.2628,0.0000,0.0000,0.00,0,0.0000,22,1,0,0.0000,0.0000,0,18.1934,16.4355,idle
TEL,169632,READY,-1.2394,-1.2474,0.0000,0.0000,0.00,0,0.0000,2,1,0,0.0000,0.0000,0,18.1934,16.4355,idle
TEL,169732,READY,-1.2394,-1.2433,0.0000,0.0000,0.00,0,0.0000,22,1,0,0.0000,0.0000,0,18.1934,16.4355,idle
TEL,169832,READY,-1.2394,-1.2408,0.0000,0.0000,0.00,0,0.0000,2,1,0,0.0000,0.0000,0,18.1934,16.4355,idle
TEL,169932,READY,-1.2394,-1.2401,0.0000,0.0000,0.00,0,0.0000,22,1,0,0.0000,0.0000,0,18.1934,16.4355,idle
TEL,170032,READY,-1.2394,-1.2396,0.0000,0.0000,0.00,0,0.0000,2,1,0,0.0000,0.0000,0,18.1934,16.4355,idle
TEL,170132,READY,-1.2394,-1.2395,0.0000,0.0000,0.00,0,0.0000,22,1,0,0.0000,0.0000,0,18.1934,16.4355,idle
TEL,170232,READY,-1.2394,-1.2394,0.0000,0.0000,0.00,0,0.0000,2,1,0,0.0000,0.0000,0,18.2812,16.4355,idle
TEL,170332,READY,-1.2394,-1.2394,0.0000,0.0000,0.00,0,0.0000,22,1,0,0.0000,0.0000,0,18.1934,16.4355,idle
TEL,170432,READY,-1.2394,-1.2394,0.0000,0.0000,0.00,0,0.0000,2,1,0,0.0000,0.0000,0,18.1934,16.4355,idle
TEL,170532,READY,-1.2394,-1.2394,0.0000,0.0000,0.00,0,0.0000,21,1,0,0.0000,0.0000,0,18.1934,16.4355,idle
TEL,170632,READY,-1.2394,-1.2394,0.0000,0.0000,0.00,0,0.0000,2,1,0,0.0000,0.0000,0,18.1934,16.4355,idle
TEL,170732,READY,-1.2394,-1.2394,0.0000,0.0000,0.00,0,0.0000,22,1,0,0.0000,0.0000,0,18.1934,16.4355,idle
TEL,170832,READY,-1.2394,-1.2394,0.0000,0.0000,0.00,0,0.0000,2,1,0,0.0000,0.0000,0,18.1934,16.4355,idle
OK,driver_enabled
TEL,170932,READY,-1.2394,-1.2394,0.0000,0.0000,0.00,0,0.0000,22,1,0,0.0000,0.0000,0,18.1934,16.4355,idle
TEL,171032,READY,-1.1708,-1.2188,0.0000,0.0000,0.00,0,0.0000,2,1,0,0.0000,0.0000,0,18.1934,16.4355,idle
TEL,171132,READY,-0.8278,-1.0338,0.0000,0.0000,0.00,0,0.0000,21,1,0,0.0000,0.0000,0,18.1934,16.4355,idle
TEL,171232,READY,-0.8278,-0.8985,0.0000,0.0000,0.00,0,0.0000,1,1,0,0.0000,0.0000,0,18.1934,16.4355,idle
TEL,171332,READY,-0.8278,-0.8624,0.0000,0.0000,0.00,0,0.0000,22,1,0,0.0000,0.0000,0,18.1934,16.4355,idle
TEL,171432,READY,-0.8278,-0.8397,0.0000,0.0000,0.00,0,0.0000,2,1,0,0.0000,0.0000,0,18.1934,16.4355,idle
TEL,171532,READY,-1.2394,-0.9571,0.0000,0.0000,0.00,0,0.0000,22,1,0,0.0000,0.0000,0,18.1934,16.4355,idle
TEL,171632,READY,-0.8278,-1.0191,0.0000,0.0000,0.00,0,0.0000,1,1,0,0.0000,0.0000,0,18.1934,16.4355,idle
TEL,171732,READY,-0.8278,-0.9215,0.0000,0.0000,0.00,0,0.0000,21,1,0,0.0000,0.0000,0,18.1934,16.4355,idle
TEL,171832,READY,-0.8278,-0.8600,0.0000,0.0000,0.00,0,0.0000,1,1,0,0.0000,0.0000,0,18.1934,16.4355,idle
TEL,171932,READY,-0.8278,-0.8436,0.0000,0.0000,0.00,0,0.0000,22,1,0,0.0000,0.0000,0,18.1934,16.4355,idle
TEL,172032,READY,-0.8278,-0.8332,0.0000,0.0000,0.00,0,0.0000,2,1,0,0.0000,0.0000,0,18.1934,16.4355,idle
TEL,172132,READY,-0.8278,-0.8305,0.0000,0.0000,0.00,0,0.0000,22,1,0,0.0000,0.0000,0,18.1934,16.4355,idle
TEL,172232,READY,-1.2394,-1.0386,0.0000,0.0000,0.00,0,0.0000,1,1,0,0.0000,0.0000,0,18.1934,16.4355,idle
TEL,172332,READY,-1.2394,-1.1410,0.0000,0.0000,0.00,0,0.0000,21,1,0,0.0000,0.0000,0,18.1934,16.4355,idle
TEL,172432,READY,-1.2394,-1.2057,0.0000,0.0000,0.00,0,0.0000,1,1,0,0.0000,0.0000,0,18.1934,16.4355,idle
TEL,172532,READY,-1.2394,-1.2229,0.0000,0.0000,0.00,0,0.0000,21,1,0,0.0000,0.0000,0,18.1934,16.4355,idle
TEL,172632,READY,-1.2394,-1.3807,0.0000,0.0000,0.00,0,0.0000,2,1,0,0.0000,0.0000,0,18.1934,16.4355,idle
OK,running
TEL,172737,RUNNING,-1.2385,-1.3076,2.2500,2.0607,0.00,0,0.0000,27,1,0,2.0607,2.0607,0,18.4570,16.4355,idle
TEL,172837,RUNNING,-1.2385,-1.2622,2.2500,1.9267,0.00,0,0.0000,3,1,0,1.9267,1.9267,0,18.5449,16.4355,idle
TEL,172937,RUNNING,-1.2384,-1.2500,2.3625,2.1912,-174.49,0,0.0000,23,1,0,2.1912,2.1912,0,18.8965,16.4355,idle
TEL,173038,RUNNING,-1.2385,-1.2424,2.2500,2.2592,0.00,0,0.0000,4,1,0,2.2592,2.2592,0,19.0723,16.4355,idle
TEL,173138,RUNNING,-1.2385,-1.2404,2.2500,2.3862,155.60,0,0.0000,24,1,0,2.3862,2.3862,0,18.8086,16.4355,idle
TEL,173238,RUNNING,-1.2383,-1.2389,2.4750,2.4836,0.00,0,0.0000,2,1,0,2.4836,2.4836,0,19.0723,16.4355,idle
TEL,173338,RUNNING,-1.2383,-1.2386,2.4750,2.5924,144.50,0,0.0000,24,1,0,2.5924,2.5924,0,19.0723,16.4355,idle
TEL,173438,RUNNING,-1.2380,-1.2381,2.7000,2.6954,0.00,0,0.0000,3,1,0,2.6954,2.6954,0,19.3359,16.4355,idle
TEL,173538,RUNNING,-1.2380,-1.2381,2.7000,2.8006,0.00,0,0.0000,23,1,0,2.8006,2.8006,0,19.3359,16.4355,idle
TEL,173638,RUNNING,-1.2378,-1.2378,2.9250,2.9045,0.00,0,0.0000,3,1,0,2.9045,2.9045,0,19.5996,16.4355,idle
TEL,173739,RUNNING,-1.2378,-1.2378,2.9250,3.0091,0.00,0,0.0000,23,1,0,3.0091,3.0091,0,19.5996,16.4355,idle
TEL,173839,RUNNING,-1.2375,-1.2375,3.1500,3.1131,0.00,0,0.0000,2,1,0,3.1131,3.1131,0,19.7754,16.4355,idle
TEL,173939,RUNNING,-1.2375,-1.2375,3.1500,3.2175,0.00,0,0.0000,22,1,0,3.2175,3.2175,0,19.7754,16.4355,idle
TEL,174040,RUNNING,-1.2373,-1.2373,3.3750,3.3239,0.00,0,0.0000,3,1,0,3.3239,3.3239,0,20.0391,16.4355,idle
TEL,174140,RUNNING,-1.2373,-1.2373,3.3750,3.4259,0.00,0,0.0000,23,1,0,3.4259,3.4259,0,20.0391,16.4355,idle
TEL,174240,RUNNING,-1.2370,-1.2370,3.6000,3.5324,0.00,0,0.0000,3,1,0,3.5324,3.5324,0,20.2148,16.4355,idle
TEL,174340,RUNNING,-1.2370,-1.2370,3.6000,3.6342,0.00,0,0.0000,22,1,0,3.6342,3.6342,0,20.2148,16.4355,idle
TEL,174440,RUNNING,-1.2365,-1.2365,3.9375,3.7297,-55.38,0,0.0000,2,1,0,3.7297,3.7297,0,20.2148,16.4355,idle
TEL,174540,RUNNING,-1.2366,-1.2366,3.8250,3.8424,0.00,0,0.0000,22,1,0,3.8424,3.8424,0,20.3906,16.4355,idle
TEL,174640,RUNNING,-1.2366,-1.2366,3.8250,3.9467,147.10,0,0.0000,3,1,0,3.9467,3.9467,0,20.3906,16.4355,idle
TEL,174740,RUNNING,-1.2363,-1.2363,4.0500,4.0505,0.00,0,0.0000,22,1,0,4.0505,4.0505,0,20.6543,16.4355,idle
TEL,174840,RUNNING,-1.2363,-1.2363,4.0500,4.1548,0.00,0,0.0000,2,1,0,4.1548,4.1548,0,20.6543,16.4355,idle
TEL,174940,RUNNING,-1.2360,-1.2360,4.2750,4.2586,0.00,0,0.0000,22,1,0,4.2586,4.2586,0,20.8301,16.4355,idle
TEL,175040,RUNNING,-1.2360,-1.2360,4.2750,4.3628,0.00,0,0.0000,2,1,0,4.3628,4.3628,0,20.8301,16.4355,idle
TEL,175140,RUNNING,-1.2356,-1.2356,4.5000,4.4665,0.00,0,0.0000,22,1,0,4.4665,4.4665,0,21.0059,16.4355,idle
TEL,175240,RUNNING,-1.2356,-1.2356,4.5000,4.5708,0.00,0,0.0000,3,1,0,4.5708,4.5708,0,21.0937,16.4355,idle
TEL,175340,RUNNING,-0.8250,-1.1121,4.7250,4.4830,-207.42,0,0.0000,22,1,0,4.4830,4.4830,0,21.2695,16.4355,idle
TEL,175440,RUNNING,-0.8266,-0.9252,3.1500,3.5551,268.35,0,0.0000,2,1,0,3.5551,3.5551,0,19.5996,16.4355,idle
TEL,175540,RUNNING,-0.8256,-0.8739,4.1625,4.2809,-82.57,0,0.0000,22,1,0,4.2809,4.2809,0,21.0059,16.4355,idle
TEL,175640,RUNNING,-0.8257,-0.8423,4.0500,4.1812,5.14,0,0.0000,2,1,0,4.1812,4.1812,0,20.9180,16.4355,idle
TEL,175740,RUNNING,-0.8255,-0.8336,4.2750,4.3497,0.00,0,0.0000,22,1,0,4.3497,4.3497,0,20.9180,16.4355,idle
TEL,175840,RUNNING,-0.4840,-0.6588,3.3750,2.8779,-200.00,0,0.0000,1,1,0,2.8779,2.8779,0,20.1270,16.4355,idle
TEL,175940,RUNNING,-0.4833,-0.5689,4.5000,4.0500,-43.81,0,0.0000,22,1,0,4.0500,4.0500,0,20.8301,16.4355,idle
TEL,176040,RUNNING,-0.0730,-0.3897,4.1625,1.5244,0.00,0,0.0000,2,1,0,1.5244,1.5244,0,20.5664,16.4355,idle
TEL,176140,RUNNING,-0.0731,-0.2286,2.3625,3.5948,200.00,0,0.0000,22,1,0,3.5948,3.5948,0,19.0723,16.4355,idle
TEL,176240,RUNNING,-0.3465,-0.2657,4.6125,4.2527,0.00,0,0.0000,2,1,0,4.2527,4.2527,0,20.9180,16.4355,idle
TEL,176340,RUNNING,-0.0731,-0.2253,2.8125,3.6334,-200.00,0,0.0000,21,1,0,3.6334,3.6334,0,19.9512,16.4355,idle
TEL,176440,RUNNING,-0.0731,-0.1252,3.7125,3.1097,56.53,0,0.0000,1,1,0,3.1097,3.1097,0,20.0391,16.4355,idle
TEL,176540,RUNNING,-0.1415,-0.1335,3.6000,3.5122,0.00,0,0.0000,22,1,0,3.5122,3.5122,0,20.2148,16.4355,idle
TEL,176640,RUNNING,-0.0046,-0.0733,3.6000,2.9302,0.00,0,0.0000,2,1,0,2.9302,2.9302,0,20.0391,16.4355,idle
TEL,176740,RUNNING,-0.0046,-0.0383,3.2625,3.3776,143.02,0,0.0000,22,1,0,3.3776,3.3776,0,19.6875,16.4355,idle
TEL,176840,RUNNING,-0.0046,-0.0161,3.4875,3.2619,0.00,0,0.0000,1,1,0,3.2619,3.2619,0,19.8633,16.4355,idle
TEL,176940,RUNNING,0.2696,0.1296,2.0250,3.1136,200.00,0,0.0000,21,1,0,3.1136,3.1136,0,18.5449,16.4355,idle
TEL,177040,RUNNING,0.2693,0.1236,3.3750,2.0611,-400.00,0,0.0000,1,1,0,2.0611,2.0611,0,20.1270,16.4355,idle
TEL,177140,RUNNING,-0.0731,0.0952,3.3750,3.1500,200.00,0,0.0000,21,1,0,3.1500,3.1500,0,19.4238,16.4355,idle
TEL,177240,RUNNING,-0.0731,-0.0154,3.2625,3.7354,-170.08,0,0.0000,2,1,0,3.7354,3.7354,0,20.2148,16.4355,idle
TEL,177340,RUNNING,-0.0731,-0.0448,3.4875,3.3666,-146.63,0,0.0000,21,1,0,3.3666,3.3666,0,19.9512,16.4355,idle
TEL,177440,RUNNING,-0.0731,-0.0634,3.1500,3.4708,8.00,0,0.0000,1,1,0,3.4708,3.4708,0,19.9512,16.4355,idle
TEL,177540,RUNNING,-0.0731,-0.0683,3.4875,3.4134,0.00,0,0.0000,21,1,0,3.4134,3.4134,0,20.0391,16.4355,idle
TEL,177640,RUNNING,-0.0046,-0.0365,3.0375,3.1380,0.00,0,0.0000,1,1,0,3.1380,3.1380,0,19.5996,16.4355,idle
TEL,177740,RUNNING,0.3381,0.1545,2.2500,3.0646,-200.00,0,0.0000,21,1,0,3.0646,3.0646,0,19.1602,16.4355,idle
TEL,177840,RUNNING,0.3379,0.2750,3.0375,2.4066,77.12,0,0.0000,1,1,0,2.4066,2.4066,0,19.2480,16.4355,idle
TEL,177940,RUNNING,0.3381,0.3072,2.3625,2.7858,274.31,0,0.0000,21,1,0,2.7858,2.7858,0,18.7207,16.4355,idle
TEL,178040,RUNNING,-0.0731,0.1177,2.9250,4.4389,200.00,0,0.0000,1,1,0,4.4389,4.4389,0,19.4238,16.4355,idle
TEL,178140,RUNNING,-0.0730,0.0347,4.1625,3.1814,-44.29,0,0.0000,21,1,0,3.1814,3.1814,0,20.3906,16.4355,idle
TEL,178240,RUNNING,-0.0731,-0.0462,3.1500,3.5040,0.00,0,0.0000,1,1,0,3.5040,3.5040,0,19.9512,16.4355,idle
TEL,178340,RUNNING,-0.0731,-0.0599,3.0375,3.3349,229.50,0,0.0000,21,1,0,3.3349,3.3349,0,19.5996,16.4355,idle
SET,178367,3.7249,3.7249,-5.8915
TEL,178440,RUNNING,-0.0727,-0.0663,6.4125,9.2970,716.10,0,3.7249,40,1,0,9.2970,9.2970,0,22.2363,16.4355,idle
TEL,178540,RUNNING,-0.0721,-0.0699,10.1250,9.6261,-283.90,0,3.7249,21,1,0,9.6261,9.6261,0,26.8945,16.4355,idle
TEL,178640,RUNNING,-0.0721,-0.0713,10.1250,9.9524,-141.19,0,3.7249,1,1,0,9.9524,9.9524,0,26.6309,16.4355,idle
TEL,178740,RUNNING,-0.4764,-0.1929,10.6875,10.4556,0.00,0,3.7249,21,1,0,10.4556,10.4556,0,26.9824,16.4355,idle
TEL,178840,RUNNING,-0.4749,-0.3780,11.5875,11.7891,189.30,0,3.7249,1,1,0,11.7891,11.7891,0,28.1250,16.4355,idle
TEL,178940,RUNNING,-0.4759,-0.4283,11.0250,11.8611,195.80,0,3.7249,13,1,0,11.8611,11.8611,0,27.6855,16.4355,idle
TEL,179040,RUNNING,-0.7393,-0.5852,13.1625,12.1159,-200.00,0,3.7249,33,1,0,12.1159,12.1159,0,29.7070,16.4355,idle
TEL,179140,RUNNING,0.1983,-0.0729,9.6750,11.6582,-181.54,0,3.7249,21,1,0,11.6582,11.6582,0,26.7187,16.4355,idle
TEL,179240,RUNNING,1.2219,0.9050,6.6375,8.0993,18.46,0,3.7249,1,1,0,8.0993,8.0993,0,23.5547,16.4355,idle
TEL,179340,RUNNING,1.0077,0.9531,10.3500,10.6120,218.46,0,3.7249,21,1,0,10.6120,10.6120,0,26.4551,16.4355,idle
TEL,179440,RUNNING,1.2143,1.1258,9.2250,9.8609,18.46,0,3.7249,0,1,0,9.8609,9.8609,0,26.1035,16.4355,idle
TEL,179540,RUNNING,1.0047,1.0888,11.2500,11.4174,172.51,0,3.7249,13,1,0,11.4174,11.4174,0,27.7734,16.4355,idle
TEL,179640,RUNNING,1.1427,1.0895,10.3500,11.0040,51.39,0,3.7249,33,1,0,11.0040,11.0040,0,27.2461,16.4355,idle
TEL,179740,RUNNING,1.0019,1.0495,12.0375,11.6611,-153.03,0,3.7249,13,1,0,11.6611,11.6611,0,28.5645,16.4355,idle
TEL,179840,RUNNING,1.0031,1.0195,11.7000,11.7289,0.00,0,3.7249,1,1,0,11.7289,11.7289,0,28.0371,16.4355,idle
TEL,179940,RUNNING,1.0019,1.0099,12.0375,11.8477,-44.06,0,3.7249,21,1,0,11.8477,11.8477,0,28.3008,16.4355,idle
TEL,180040,RUNNING,1.4745,1.2467,11.4750,10.0330,-200.00,0,3.7249,1,1,0,10.0330,10.0330,0,28.1250,16.4355,idle
TEL,180140,RUNNING,2.3522,1.6276,11.0250,6.0837,0.00,0,3.7249,14,1,0,6.0837,6.0837,0,27.4219,16.4355,idle
TEL,180240,RUNNING,2.3582,2.0023,10.2375,10.7810,-200.00,0,3.7249,34,1,0,10.7810,10.7810,0,27.2461,16.4355,idle
TEL,180340,RUNNING,2.2939,2.1948,9.7875,10.0588,219.61,0,3.7249,13,1,0,10.0588,10.0588,0,26.0156,16.4355,idle
TEL,180440,RUNNING,1.5465,2.0318,10.5750,14.5399,-35.88,0,3.7249,1,1,0,14.5399,14.5399,0,27.4219,16.4355,idle
TEL,180540,RUNNING,1.4008,1.7164,12.7125,11.8083,164.12,0,3.7249,20,1,0,11.8083,11.8083,0,28.8281,16.4355,idle
TEL,180640,RUNNING,0.5956,1.1697,13.6125,12.8049,-35.88,0,3.7249,33,1,0,12.8049,12.8049,0,29.9707,16.4355,idle
TEL,180740,RUNNING,0.5947,0.7914,13.9500,15.0150,164.12,0,3.7249,13,1,0,15.0150,15.0150,0,30.5859,16.4355,idle
TEL,180840,RUNNING,0.7279,0.7310,13.9500,13.9206,-35.88,0,3.7249,33,1,0,13.9206,13.9206,0,30.8496,16.4355,idle
TEL,180940,RUNNING,1.4690,1.2174,12.4875,11.5807,-235.88,0,3.7249,13,1,0,11.5807,11.5807,0,29.1797,16.4355,idle
TEL,181041,RUNNING,2.2635,1.7013,13.5000,8.8447,-35.88,0,3.7249,1,1,0,8.8447,8.8447,0,29.8828,16.4355,idle
TEL,181141,RUNNING,2.3503,2.0395,11.2500,10.2233,-235.88,0,3.7249,12,1,0,10.2233,10.2233,0,28.0371,16.4355,idle
TEL,181241,RUNNING,1.8675,1.9455,12.9375,12.9306,332.15,0,3.7249,33,1,0,12.9306,12.9306,0,29.0039,16.4355,idle
TEL,181341,RUNNING,0.9281,1.4116,13.8375,17.2567,132.15,0,3.7249,13,1,0,17.2567,17.2567,0,30.5859,16.4355,idle
TEL,181441,RUNNING,0.9253,1.1615,14.5125,14.4206,0.00,0,3.7249,33,1,0,14.4206,14.4206,0,30.8496,16.4355,idle
TEL,181541,RUNNING,0.9214,1.0021,15.4125,15.4371,0.00,0,3.7249,13,1,0,15.4371,15.4371,0,31.9922,16.4355,idle
TEL,181641,RUNNING,0.4585,0.8221,15.4125,15.3982,0.00,0,3.7249,34,1,0,15.3982,15.3982,0,31.7285,16.4355,idle
TEL,181741,RUNNING,1.5099,0.8966,16.3125,11.0719,-200.00,0,3.7249,12,1,0,11.0719,11.0719,0,32.7832,16.4355,idle
TEL,181841,RUNNING,1.8015,1.3651,12.8250,14.8997,-247.77,0,3.7249,33,1,0,14.8997,14.8997,0,29.9707,16.4355,idle
TEL,181941,RUNNING,1.4581,1.4861,14.2875,15.3326,431.05,0,3.7249,13,1,0,15.3326,15.3326,0,30.3223,16.4355,idle
TEL,182041,RUNNING,0.6472,1.0028,18.2250,16.0456,231.05,0,3.7249,33,1,0,16.0456,16.0456,0,34.4531,16.4355,idle
TEL,182141,RUNNING,1.4432,1.2955,16.4250,14.5023,-584.64,0,3.7249,13,1,0,14.5023,14.5023,0,33.7500,16.4355,idle
TEL,182241,RUNNING,0.6603,1.1456,14.2875,16.1889,415.36,0,3.7249,33,1,0,16.1889,16.1889,0,30.7617,16.4355,idle
TEL,182341,RUNNING,1.8790,1.1493,18.7875,11.1490,-46.98,0,3.7249,11,1,0,11.1490,11.1490,0,35.1562,16.4355,idle
TEL,182441,RUNNING,1.9195,1.5542,14.7375,15.7748,-459.74,0,3.7249,31,1,0,15.7748,15.7748,0,31.9922,16.4355,idle
TEL,182541,RUNNING,0.5287,1.2845,13.7250,22.1007,540.26,0,3.7249,11,1,0,22.1007,22.1007,0,30.0586,16.4355,idle
TEL,182641,RUNNING,0.5109,0.8688,20.1375,17.5121,194.90,0,3.7249,31,1,0,17.5121,17.5121,0,36.2109,16.4355,idle
TEL,182742,RUNNING,0.7790,1.0470,17.8875,19.1603,-405.10,0,3.7249,11,1,0,19.1603,19.1603,0,35.1562,16.4355,idle
TEL,182842,RUNNING,0.7805,0.9120,17.5500,17.8931,246.98,0,3.7249,31,1,0,17.8931,17.8931,0,33.7500,16.4355,idle
TEL,182942,RUNNING,2.2946,1.6272,16.7625,12.0373,-353.02,0,3.7249,11,1,0,12.0373,12.0373,0,33.6621,16.4355,idle
TEL,183042,RUNNING,3.1277,2.4040,13.7250,15.7120,-153.02,0,3.7249,31,1,0,15.7120,15.7120,0,30.7617,16.4355,idle
TEL,183142,RUNNING,3.1407,2.8914,12.7125,13.4599,364.52,0,3.7249,11,1,0,13.4599,13.4599,0,28.9160,16.4355,idle
TEL,183242,RUNNING,3.0953,2.9749,15.9750,15.1177,-235.48,0,3.7249,31,1,0,15.1177,15.1177,0,32.6074,16.4355,idle
TEL,183342,RUNNING,2.3234,2.6729,14.1750,18.2540,364.52,0,3.7249,11,1,0,18.2540,18.2540,0,30.6738,16.4355,idle
TEL,183442,RUNNING,1.8092,2.2933,19.2375,16.6324,396.02,0,3.7249,31,1,0,16.6324,16.6324,0,35.3320,16.4355,idle
TEL,183542,RUNNING,1.0723,1.5294,22.6125,21.0697,-53.54,0,3.7249,11,1,0,21.0697,21.0697,0,39.0234,16.4355,idle
TEL,183642,RUNNING,1.5604,1.5537,18.1125,17.6307,-385.85,0,3.7249,31,1,0,17.6307,17.6307,0,35.3320,16.4355,idle
TEL,183742,RUNNING,3.5206,2.6123,14.1750,9.6784,-434.23,0,3.7249,11,1,0,9.6784,9.6784,0,31.2012,16.4355,idle
TEL,183842,RUNNING,2.7291,2.7590,13.6125,16.3491,565.77,0,3.7249,31,1,0,16.3491,16.3491,0,29.7949,16.4355,idle
TEL,183942,RUNNING,2.6806,2.6907,17.3250,16.4628,-233.21,0,3.7249,11,1,0,16.4628,16.4628,0,34.1016,16.4355,idle
TEL,184042,RUNNING,2.6903,2.6952,16.6500,16.6007,76.82,0,3.7249,31,1,0,16.6007,16.6007,0,32.8711,16.4355,idle
TEL,184142,RUNNING,2.6887,2.6904,16.7625,16.6821,10.43,0,3.7249,11,1,0,16.6821,16.6821,0,33.0469,16.4355,idle
TEL,184242,RUNNING,2.6151,2.6618,17.3250,16.8314,48.61,0,3.7249,30,1,0,16.8314,16.8314,0,33.6621,16.4355,idle
SET,184281,-5.8915,3.7249,-5.8915
TEL,184342,RUNNING,3.5907,3.1600,13.9500,-2.6656,-887.38,0,-5.8915,7,1,0,-2.6656,-2.6656,0,31.2891,16.4355,idle
TEL,184442,FAULT,3.6199,3.4072,11.9250,-2.6656,0.00,0,-5.8915,28,1,0,-2.6656,-2.6656,0,28.4766,16.4355,idle
TEL,184542,FAULT,2.7474,3.2711,11.9250,-2.6656,0.00,0,-5.8915,1,1,0,-2.6656,-2.6656,0,28.4766,16.4355,idle
TEL,184642,FAULT,1.9420,2.6073,11.9250,-2.6656,0.00,0,-5.8915,21,1,0,-2.6656,-2.6656,0,28.4766,16.4355,idle
TEL,184742,FAULT,1.8748,2.2479,11.9250,-2.6656,0.00,0,-5.8915,34,1,0,-2.6656,-2.6656,0,28.5645,16.4355,idle
TEL,184842,FAULT,1.0023,1.4986,11.9250,-2.6656,0.00,0,-5.8915,14,1,0,-2.6656,-2.6656,0,28.5645,16.4355,idle
TEL,184942,FAULT,1.0023,1.2455,11.9250,-2.6656,0.00,0,-5.8915,34,1,0,-2.6656,-2.6656,0,28.4766,16.4355,idle
TEL,185042,FAULT,1.0023,1.0857,11.9250,-2.6656,0.00,0,-5.8915,14,1,0,-2.6656,-2.6656,0,28.4766,16.4355,idle
TEL,185142,FAULT,1.0023,1.0432,11.9250,-2.6656,0.00,0,-5.8915,34,1,0,-2.6656,-2.6656,0,28.4766,16.4355,idle
TEL,185242,FAULT,2.2776,1.5131,11.9250,-2.6656,0.00,0,-5.8915,21,1,0,-2.6656,-2.6656,0,28.4766,16.4355,idle
TEL,185342,FAULT,2.8145,2.1627,11.9250,-2.6656,0.00,0,-5.8915,34,1,0,-2.6656,-2.6656,0,28.4766,16.4355,idle
TEL,185442,FAULT,3.2172,2.7118,11.9250,-2.6656,0.00,0,-5.8915,14,1,0,-2.6656,-2.6656,0,28.4766,16.4355,idle
TEL,185542,FAULT,3.6199,3.1608,11.9250,-2.6656,0.00,0,-5.8915,34,1,0,-2.6656,-2.6656,0,28.4766,16.4355,idle
TEL,185643,FAULT,3.6199,3.4484,11.9250,-2.6656,0.00,0,-5.8915,14,1,0,-2.6656,-2.6656,0,28.4766,16.4355,idle
TEL,185743,FAULT,3.5528,3.5016,11.9250,-2.6656,0.00,0,-5.8915,34,1,0,-2.6656,-2.6656,0,28.4766,16.4355,idle
TEL,185843,FAULT,3.5528,3.5353,11.9250,-2.6656,0.00,0,-5.8915,13,1,0,-2.6656,-2.6656,0,28.4766,16.4355,idle
TEL,185943,FAULT,3.5528,3.5442,11.9250,-2.6656,0.00,0,-5.8915,33,1,0,-2.6656,-2.6656,0,28.4766,16.4355,idle
TEL,186043,FAULT,3.2172,3.4492,11.9250,-2.6656,0.00,0,-5.8915,14,1,0,-2.6656,-2.6656,0,28.4766,16.4355,idle
TEL,186143,FAULT,3.5528,3.4316,11.9250,-2.6656,0.00,0,-5.8915,34,1,0,-2.6656,-2.6656,0,28.4766,16.4355,idle
TEL,186243,FAULT,3.5528,3.5112,11.9250,-2.6656,0.00,0,-5.8915,13,1,0,-2.6656,-2.6656,0,28.4766,16.4355,idle
TEL,186343,FAULT,3.5528,3.5324,11.9250,-2.6656,0.00,0,-5.8915,33,1,0,-2.6656,-2.6656,0,28.4766,16.4355,idle
TEL,186443,FAULT,3.6199,3.5801,11.9250,-2.6656,0.00,0,-5.8915,13,1,0,-2.6656,-2.6656,0,28.4766,16.4355,idle
TEL,186543,FAULT,3.2843,3.4997,11.9250,-2.6656,0.00,0,-5.8915,32,1,0,-2.6656,-2.6656,0,28.4766,16.4355,idle
TEL,186643,FAULT,2.8816,3.0936,11.9250,-2.6656,0.00,0,-5.8915,13,1,0,-2.6656,-2.6656,0,28.4766,16.4355,idle
TEL,186743,FAULT,2.8145,2.9654,11.9250,-2.6656,0.00,0,-5.8915,33,1,0,-2.6656,-2.6656,0,28.4766,16.4355,idle
TEL,186843,FAULT,2.4118,2.6017,11.9250,-2.6656,0.00,0,-5.8915,13,1,0,-2.6656,-2.6656,0,28.4766,16.4355,idle
TEL,186943,FAULT,2.3447,2.4847,11.9250,-2.6656,0.00,0,-5.8915,32,1,0,-2.6656,-2.6656,0,28.4766,16.4355,idle
TEL,187043,FAULT,2.3447,2.3927,11.9250,-2.6656,0.00,0,-5.8915,12,1,0,-2.6656,-2.6656,0,28.4766,16.4355,idle
TEL,187143,FAULT,2.8145,2.6078,11.9250,-2.6656,0.00,0,-5.8915,32,1,0,-2.6656,-2.6656,0,28.4766,16.4355,idle
TEL,187243,FAULT,2.8816,2.8836,11.9250,-2.6656,0.00,0,-5.8915,13,1,0,-2.6656,-2.6656,0,28.4766,16.4355,idle
TEL,187343,FAULT,2.8145,2.8624,11.9250,-2.6656,0.00,0,-5.8915,33,1,0,-2.6656,-2.6656,0,28.4766,16.4355,idle
TEL,187443,FAULT,2.8816,2.8652,11.9250,-2.6656,0.00,0,-5.8915,12,1,0,-2.6656,-2.6656,0,28.4766,16.4355,idle
TEL,187543,FAULT,2.8145,2.8393,11.9250,-2.6656,0.00,0,-5.8915,32,1,0,-2.6656,-2.6656,0,28.4766,16.4355,idle
TEL,187643,FAULT,2.8145,2.8230,11.9250,-2.6656,0.00,0,-5.8915,12,1,0,-2.6656,-2.6656,0,28.4766,16.4355,idle
TEL,187743,FAULT,2.8145,2.8187,11.9250,-2.6656,0.00,0,-5.8915,32,1,0,-2.6656,-2.6656,0,28.4766,16.4355,idle
TEL,187843,FAULT,2.8145,2.8159,11.9250,-2.6656,0.00,0,-5.8915,12,1,0,-2.6656,-2.6656,0,28.4766,16.4355,idle
TEL,187943,FAULT,2.8145,2.8152,11.9250,-2.6656,0.00,0,-5.8915,33,1,0,-2.6656,-2.6656,0,28.4766,16.4355,idle
TEL,188043,FAULT,2.8145,2.8148,11.9250,-2.6656,0.00,0,-5.8915,12,1,0,-2.6656,-2.6656,0,28.4766,16.4355,idle
TEL,188143,FAULT,2.8145,2.8146,11.9250,-2.6656,0.00,0,-5.8915,32,1,0,-2.6656,-2.6656,0,28.4766,16.4355,idle
TEL,188243,FAULT,2.8145,2.8146,11.9250,-2.6656,0.00,0,-5.8915,12,1,0,-2.6656,-2.6656,0,28.4766,16.4355,idle
TEL,188343,FAULT,2.8145,2.8145,11.9250,-2.6656,0.00,0,-5.8915,32,1,0,-2.6656,-2.6656,0,28.4766,16.4355,idle
TEL,188443,FAULT,2.8145,2.8145,11.9250,-2.6656,0.00,0,-5.8915,12,1,0,-2.6656,-2.6656,0,28.4766,16.4355,idle
TEL,188544,FAULT,2.8145,2.8145,11.9250,-2.6656,0.00,0,-5.8915,32,1,0,-2.6656,-2.6656,0,28.4766,16.4355,idle
TEL,188644,FAULT,2.8145,2.8145,11.9250,-2.6656,0.00,0,-5.8915,12,1,0,-2.6656,-2.6656,0,28.4766,16.4355,idle
TEL,188744,FAULT,2.8145,2.8145,11.9250,-2.6656,0.00,0,-5.8915,32,1,0,-2.6656,-2.6656,0,28.4766,16.4355,idle
TEL,188844,FAULT,2.8145,2.8145,11.9250,-2.6656,0.00,0,-5.8915,12,1,0,-2.6656,-2.6656,0,28.4766,16.4355,idle
TEL,188944,FAULT,2.8145,2.8145,11.9250,-2.6656,0.00,0,-5.8915,32,1,0,-2.6656,-2.6656,0,28.4766,16.4355,idle
TEL,189044,FAULT,2.8145,2.8145,11.9250,-2.6656,0.00,0,-5.8915,12,1,0,-2.6656,-2.6656,0,28.4766,16.4355,idle
TEL,189144,FAULT,2.8145,2.8145,11.9250,-2.6656,0.00,0,-5.8915,31,1,0,-2.6656,-2.6656,0,28.4766,16.4355,idle
TEL,189244,FAULT,2.7474,2.7704,11.9250,-2.6656,0.00,0,-5.8915,12,1,0,-2.6656,-2.6656,0,28.4766,16.4355,idle
TEL,189344,FAULT,2.8145,2.7929,11.9250,-2.6656,0.00,0,-5.8915,32,1,0,-2.6656,-2.6656,0,28.4766,16.4355,idle
TEL,189444,FAULT,2.7474,2.7870,11.9250,-2.6656,0.00,0,-5.8915,12,1,0,-2.6656,-2.6656,0,28.4766,16.4355,idle
TEL,189544,FAULT,2.7474,2.7668,11.9250,-2.6656,0.00,0,-5.8915,32,1,0,-2.6656,-2.6656,0,28.4766,16.4355,idle
TEL,189644,FAULT,2.7474,2.7681,11.9250,-2.6656,0.00,0,-5.8915,11,1,0,-2.6656,-2.6656,0,28.4766,16.4355,idle
TEL,189744,FAULT,2.7474,2.7717,11.9250,-2.6656,0.00,0,-5.8915,31,1,0,-2.6656,-2.6656,0,28.4766,16.4355,idle
TEL,189844,FAULT,2.8145,2.7998,11.9250,-2.6656,0.00,0,-5.8915,12,1,0,-2.6656,-2.6656,0,28.4766,16.4355,idle
TEL,189944,FAULT,2.8145,2.8073,11.9250,-2.6656,0.00,0,-5.8915,32,1,0,-2.6656,-2.6656,0,28.4766,16.4355,idle
TEL,190044,FAULT,2.8145,2.8120,11.9250,-2.6656,0.00,0,-5.8915,13,1,0,-2.6656,-2.6656,0,28.4766,16.4355,idle
TEL,190144,FAULT,2.8145,2.8133,11.9250,-2.6656,0.00,0,-5.8915,33,1,0,-2.6656,-2.6656,0,28.4766,16.4355,idle
TEL,190244,FAULT,2.8145,2.8141,11.9250,-2.6656,0.00,0,-5.8915,12,1,0,-2.6656,-2.6656,0,28.4766,16.4355,idle
TEL,190344,FAULT,2.8145,2.8143,11.9250,-2.6656,0.00,0,-5.8915,33,1,0,-2.6656,-2.6656,0,28.4766,16.4355,idle
TEL,190444,FAULT,2.8145,2.8144,11.9250,-2.6656,0.00,0,-5.8915,12,1,0,-2.6656,-2.6656,0,28.4766,16.4355,idle
TEL,190544,FAULT,2.0091,2.4037,11.9250,-2.6656,0.00,0,-5.8915,33,1,0,-2.6656,-2.6656,0,28.4766,16.4355,idle
TEL,190644,FAULT,2.0091,2.1444,11.9250,-2.6656,0.00,0,-5.8915,14,1,0,-2.6656,-2.6656,0,28.4766,16.4355,idle
TEL,190744,FAULT,1.9420,2.0553,11.9250,-2.6656,0.00,0,-5.8915,33,1,0,-2.6656,-2.6656,0,28.4766,16.4355,idle
TEL,190844,FAULT,1.9420,2.0048,11.9250,-2.6656,0.00,0,-5.8915,13,1,0,-2.6656,-2.6656,0,28.4766,16.4355,idle
TEL,190944,FAULT,1.9420,1.9727,11.9250,-2.6656,0.00,0,-5.8915,33,1,0,-2.6656,-2.6656,0,28.4766,16.4355,idle
SET,190995,0.0000,3.7249,-5.8915
TEL,191045,FAULT,1.9420,1.9525,11.9250,-2.6656,0.00,0,0.0000,13,1,0,-2.6656,-2.6656,0,28.4766,16.4355,idle
TEL,191145,FAULT,1.9420,1.9471,11.9250,-2.6656,0.00,0,0.0000,32,1,0,-2.6656,-2.6656,0,28.4766,16.4355,idle
TEL,191245,FAULT,1.9420,1.9437,11.9250,-2.6656,0.00,0,0.0000,4,1,0,-2.6656,-2.6656,0,28.4766,16.4355,idle
TEL,191345,FAULT,2.8145,2.3737,11.9250,-2.6656,0.00,0,0.0000,25,1,0,-2.6656,-2.6656,0,28.4766,16.4355,idle
TEL,191447,FAULT,2.8145,2.6633,11.9250,-2.6656,0.00,0,0.0000,5,1,0,-2.6656,-2.6656,0,28.4766,16.4355,idle
TEL,191547,FAULT,2.8145,2.7404,11.9250,-2.6656,0.00,0,0.0000,25,1,0,-2.6656,-2.6656,0,28.4766,16.4355,idle
TEL,191647,FAULT,2.8145,2.7891,11.9250,-2.6656,0.00,0,0.0000,4,1,0,-2.6656,-2.6656,0,28.4766,16.4355,idle
TEL,191747,FAULT,2.8145,2.8021,11.9250,-2.6656,0.00,0,0.0000,24,1,0,-2.6656,-2.6656,0,28.4766,16.4355,idle
TEL,191847,FAULT,2.8145,2.8102,11.9250,-2.6656,0.00,0,0.0000,3,1,0,-2.6656,-2.6656,0,28.4766,16.4355,idle
TEL,191947,FAULT,2.8145,2.8124,11.9250,-2.6656,0.00,0,0.0000,23,1,0,-2.6656,-2.6656,0,28.4766,16.4355,idle
TEL,192047,FAULT,2.8145,2.8138,11.9250,-2.6656,0.00,0,0.0000,4,1,0,-2.6656,-2.6656,0,28.4766,16.4355,idle
TEL,192147,FAULT,2.8145,2.8142,11.9250,-2.6656,0.00,0,0.0000,24,1,0,-2.6656,-2.6656,0,28.4766,16.4355,idle
TEL,192247,FAULT,2.8145,2.8144,11.9250,-2.6656,0.00,0,0.0000,3,1,0,-2.6656,-2.6656,0,28.4766,16.4355,idle
TEL,192347,FAULT,2.8145,2.8145,11.9250,-2.6656,0.00,0,0.0000,23,1,0,-2.6656,-2.6656,0,28.4766,16.4355,idle
TEL,192447,FAULT,2.8145,2.8145,11.9250,-2.6656,0.00,0,0.0000,3,1,0,-2.6656,-2.6656,0,28.4766,16.4355,idle
TEL,192547,FAULT,2.8145,2.8145,11.9250,-2.6656,0.00,0,0.0000,23,1,0,-2.6656,-2.6656,0,28.4766,16.4355,idle
TEL,192647,FAULT,2.8145,2.8145,11.9250,-2.6656,0.00,0,0.0000,4,1,0,-2.6656,-2.6656,0,28.4766,16.4355,idle
TEL,192747,FAULT,2.8145,2.8145,11.9250,-2.6656,0.00,0,0.0000,23,1,0,-2.6656,-2.6656,0,28.4766,16.4355,idle
TEL,192847,FAULT,2.7474,2.7803,11.9250,-2.6656,0.00,0,0.0000,3,1,0,-2.6656,-2.6656,0,28.4766,16.4355,idle
TEL,192947,FAULT,2.0091,2.5420,11.9250,-2.6656,0.00,0,0.0000,23,1,0,-2.6656,-2.6656,0,28.4766,16.4355,idle
TEL,193047,FAULT,1.6064,2.0711,11.9250,-2.6656,0.00,0,0.0000,3,1,0,-2.6656,-2.6656,0,28.4766,16.4355,idle
TEL,193147,FAULT,1.6064,1.8341,11.9250,-2.6656,0.00,0,0.0000,23,1,0,-2.6656,-2.6656,0,28.4766,16.4355,idle
TEL,193247,FAULT,1.9420,1.8556,11.9250,-2.6656,0.00,0,0.0000,4,1,0,-2.6656,-2.6656,0,28.4766,16.4355,idle
TEL,193347,FAULT,1.9420,1.8997,11.9250,-2.6656,0.00,0,0.0000,23,1,0,-2.6656,-2.6656,0,28.4766,16.4355,idle
TEL,193447,FAULT,1.9420,1.9274,11.9250,-2.6656,0.00,0,0.0000,3,1,0,-2.6656,-2.6656,0,28.4766,16.4355,idle
TEL,193547,FAULT,1.9420,1.9348,11.9250,-2.6656,0.00,0,0.0000,23,1,0,-2.6656,-2.6656,0,28.4766,16.4355,idle
TEL,193647,FAULT,1.9420,1.9395,11.9250,-2.6656,0.00,0,0.0000,3,1,0,-2.6656,-2.6656,0,28.4766,16.4355,idle
TEL,193747,FAULT,1.6064,1.7696,11.9250,-2.6656,0.00,0,0.0000,23,1,0,-2.6656,-2.6656,0,28.4766,16.4355,idle
TEL,193847,FAULT,1.6064,1.7117,11.9250,-2.6656,0.00,0,0.0000,2,1,0,-2.6656,-2.6656,0,28.4766,16.4355,idle
TEL,193947,FAULT,1.6064,1.6580,11.9250,-2.6656,0.00,0,0.0000,23,1,0,-2.6656,-2.6656,0,28.4766,16.4355,idle
TEL,194048,FAULT,1.9420,1.7247,11.9250,-2.6656,0.00,0,0.0000,3,1,0,-2.6656,-2.6656,0,28.4766,16.4355,idle
TEL,194148,FAULT,1.9420,1.8355,11.9250,-2.6656,0.00,0,0.0000,23,1,0,-2.6656,-2.6656,0,28.4766,16.4355,idle
TEL,194248,FAULT,1.9420,1.9055,11.9250,-2.6656,0.00,0,0.0000,3,1,0,-2.6656,-2.6656,0,28.4766,16.4355,idle
TEL,194348,FAULT,1.9420,1.9241,11.9250,-2.6656,0.00,0,0.0000,22,1,0,-2.6656,-2.6656,0,28.4766,16.4355,idle
TEL,194448,FAULT,1.9420,1.9358,11.9250,-2.6656,0.00,0,0.0000,2,1,0,-2.6656,-2.6656,0,28.4766,16.4355,idle
TEL,194548,FAULT,2.0091,1.9732,11.9250,-2.6656,0.00,0,0.0000,22,1,0,-2.6656,-2.6656,0,28.4766,16.4355,idle
TEL,194648,FAULT,2.8145,2.5259,11.9250,-2.6656,0.00,0,0.0000,3,1,0,-2.6656,-2.6656,0,28.4766,16.4355,idle
TEL,194748,FAULT,2.8145,2.6731,11.9250,-2.6656,0.00,0,0.0000,23,1,0,-2.6656,-2.6656,0,28.4766,16.4355,idle
TEL,194848,FAULT,2.8145,2.7660,11.9250,-2.6656,0.00,0,0.0000,2,1,0,-2.6656,-2.6656,0,28.4766,16.4355,idle
TEL,194948,FAULT,2.8145,2.7907,11.9250,-2.6656,0.00,0,0.0000,22,1,0,-2.6656,-2.6656,0,28.4766,16.4355,idle
TEL,195048,FAULT,2.8145,2.8064,11.9250,-2.6656,0.00,0,0.0000,2,1,0,-2.6656,-2.6656,0,28.4766,16.4355,idle
TEL,195148,FAULT,2.8145,2.8105,11.9250,-2.6656,0.00,0,0.0000,22,1,0,-2.6656,-2.6656,0,28.4766,16.4355,idle
TEL,195248,FAULT,2.8145,2.8131,11.9250,-2.6656,0.00,0,0.0000,3,1,0,-2.6656,-2.6656,0,28.4766,16.4355,idle
TEL,195348,FAULT,2.8145,2.8138,11.9250,-2.6656,0.00,0,0.0000,22,1,0,-2.6656,-2.6656,0,28.4766,16.4355,idle
TEL,195448,FAULT,2.4118,2.6794,11.9250,-2.6656,0.00,0,0.0000,2,1,0,-2.6656,-2.6656,0,28.4766,16.4355,idle
TEL,195548,FAULT,1.9420,2.2328,11.9250,-2.6656,0.00,0,0.0000,22,1,0,-2.6656,-2.6656,0,28.4766,16.4355,idle
TEL,195648,FAULT,1.9420,2.0657,11.9250,-2.6656,0.00,0,0.0000,2,1,0,-2.6656,-2.6656,0,28.4766,16.4355,idle
TEL,195748,FAULT,1.9420,2.0026,11.9250,-2.6656,0.00,0,0.0000,22,1,0,-2.6656,-2.6656,0,28.4766,16.4355,idle
TEL,195848,FAULT,1.6064,1.8621,11.9250,-2.6656,0.00,0,0.0000,3,1,0,-2.6656,-2.6656,0,28.4766,16.4355,idle
TEL,195948,FAULT,1.6064,1.7317,11.9250,-2.6656,0.00,0,0.0000,22,1,0,-2.6656,-2.6656,0,28.4766,16.4355,idle
TEL,196048,FAULT,1.9420,1.7500,11.9250,-2.6656,0.00,0,0.0000,2,1,0,-2.6656,-2.6656,0,28.4766,16.4355,idle
TEL,196148,FAULT,2.7474,2.2587,11.9250,-2.6656,0.00,0,0.0000,22,1,0,-2.6656,-2.6656,0,28.4766,16.4355,idle
TEL,196248,FAULT,2.8145,2.6140,11.9250,-2.6656,0.00,0,0.0000,2,1,0,-2.6656,-2.6656,0,28.4766,16.4355,idle
TEL,196348,FAULT,2.8145,2.7163,11.9250,-2.6656,0.00,0,0.0000,22,1,0,-2.6656,-2.6656,0,28.4766,16.4355,idle
TEL,196448,FAULT,2.8145,2.7808,11.9250,-2.6656,0.00,0,0.0000,1,1,0,-2.6656,-2.6656,0,28.4766,16.4355,idle
TEL,196548,FAULT,2.8145,2.7980,11.9250,-2.6656,0.00,0,0.0000,22,1,0,-2.6656,-2.6656,0,28.4766,16.4355,idle
TEL,196648,FAULT,2.8145,2.8088,11.9250,-2.6656,0.00,0,0.0000,2,1,0,-2.6656,-2.6656,0,28.4766,16.4355,idle
TEL,196748,FAULT,2.8145,2.8117,11.9250,-2.6656,0.00,0,0.0000,22,1,0,-2.6656,-2.6656,0,28.4766,16.4355,idle
TEL,196848,FAULT,2.8145,2.8136,11.9250,-2.6656,0.00,0,0.0000,2,1,0,-2.6656,-2.6656,0,28.4766,16.4355,idle
TEL,196948,FAULT,2.8145,2.8140,11.9250,-2.6656,0.00,0,0.0000,22,1,0,-2.6656,-2.6656,0,28.4766,16.4355,idle
TEL,197048,FAULT,2.8145,2.8144,11.9250,-2.6656,0.00,0,0.0000,1,1,0,-2.6656,-2.6656,0,28.4766,16.4355,idle
TEL,197148,FAULT,2.8145,2.8144,11.9250,-2.6656,0.00,0,0.0000,22,1,0,-2.6656,-2.6656,0,28.4766,16.4355,idle
TEL,197248,FAULT,2.8145,2.8145,11.9250,-2.6656,0.00,0,0.0000,2,1,0,-2.6656,-2.6656,0,28.4766,16.4355,idle
TEL,197348,FAULT,2.8145,2.8145,11.9250,-2.6656,0.00,0,0.0000,22,1,0,-2.6656,-2.6656,0,28.4766,16.4355,idle
TEL,197448,FAULT,2.8145,2.8145,11.9250,-2.6656,0.00,0,0.0000,2,1,0,-2.6656,-2.6656,0,28.4766,16.4355,idle
TEL,197548,FAULT,2.8816,2.8487,11.9250,-2.6656,0.00,0,0.0000,22,1,0,-2.6656,-2.6656,0,28.4766,16.4355,idle
TEL,197648,FAULT,2.8816,2.8704,11.9250,-2.6656,0.00,0,0.0000,1,1,0,-2.6656,-2.6656,0,28.4766,16.4355,idle
TEL,197748,FAULT,2.8145,2.8419,11.9250,-2.6656,0.00,0,0.0000,21,1,0,-2.6656,-2.6656,0,28.4766,16.4355,idle
OK,stopped
TEL,197848,FAULT,3.1501,3.0444,11.9250,-2.6656,0.00,0,0.0000,2,1,0,-2.6656,-2.6656,0,28.2129,16.4355,idle
TEL,197948,FAULT,3.1501,3.0983,11.9250,-2.6656,0.00,0,0.0000,22,1,0,-2.6656,-2.6656,0,28.3887,16.4355,idle
TEL,198048,FAULT,3.2172,3.1764,11.9250,-2.6656,0.00,0,0.0000,2,1,0,-2.6656,-2.6656,0,28.3887,16.4355,idle
TEL,198148,FAULT,3.6199,3.3462,11.9250,-2.6656,0.00,0,0.0000,22,1,0,-2.6656,-2.6656,0,28.3887,16.4355,idle
TEL,198248,FAULT,4.0227,3.7413,11.9250,-2.6656,0.00,0,0.0000,1,1,0,-2.6656,-2.6656,0,28.3887,16.4355,idle
TEL,198348,FAULT,4.0227,3.8848,11.9250,-2.6656,0.00,0,0.0000,21,1,0,-2.6656,-2.6656,0,28.3887,16.4355,idle
TEL,198448,FAULT,3.6871,3.8747,11.9250,-2.6656,0.00,0,0.0000,2,1,0,-2.6656,-2.6656,0,28.3887,16.4355,idle
TEL,198548,FAULT,3.6199,3.7448,11.9250,-2.6656,0.00,0,0.0000,22,1,0,-2.6656,-2.6656,0,28.3887,16.4355,idle
TEL,198648,FAULT,3.6199,3.6628,11.9250,-2.6656,0.00,0,0.0000,2,1,0,-2.6656,-2.6656,0,28.3887,16.4355,idle
TEL,198748,FAULT,3.2843,3.5262,11.9250,-2.6656,0.00,0,0.0000,21,1,0,-2.6656,-2.6656,0,28.3887,16.4355,idle
TEL,198848,FAULT,3.2172,3.3331,11.9250,-2.6656,0.00,0,0.0000,1,1,0,-2.6656,-2.6656,0,28.3887,16.4355,idle
TEL,198948,FAULT,3.2172,3.2740,11.9250,-2.6656,0.00,0,0.0000,21,1,0,-2.6656,-2.6656,0,28.3887,16.4355,idle
TEL,199048,FAULT,3.2172,3.2367,11.9250,-2.6656,0.00,0,0.0000,2,1,0,-2.6656,-2.6656,0,28.3887,16.4355,idle
TEL,199148,FAULT,3.2172,3.2268,11.9250,-2.6656,0.00,0,0.0000,22,1,0,-2.6656,-2.6656,0,28.3887,16.4355,idle
TEL,199248,FAULT,3.2172,3.2205,11.9250,-2.6656,0.00,0,0.0000,1,1,0,-2.6656,-2.6656,0,28.3887,16.4355,idle
TEL,199348,FAULT,3.2172,3.2188,11.9250,-2.6656,0.00,0,0.0000,21,1,0,-2.6656,-2.6656,0,28.3887,16.4355,idle
TEL,199448,FAULT,3.2172,3.2178,11.9250,-2.6656,0.00,0,0.0000,1,1,0,-2.6656,-2.6656,0,28.3887,16.4355,idle
TEL,199548,FAULT,2.3447,2.8712,11.9250,-2.6656,0.00,0,0.0000,21,1,0,-2.6656,-2.6656,0,28.3887,16.4355,idle
TEL,199648,FAULT,2.0091,2.3541,11.9250,-2.6656,0.00,0,0.0000,1,1,0,-2.6656,-2.6656,0,28.3887,16.4355,idle
TEL,199748,FAULT,2.0091,2.1781,11.9250,-2.6656,0.00,0,0.0000,21,1,0,-2.6656,-2.6656,0,28.3887,16.4355,idle
TEL,199848,FAULT,3.2172,2.5987,11.9250,-2.6656,0.00,0,0.0000,1,1,0,-2.6656,-2.6656,0,28.3887,16.4355,idle
TEL,199948,FAULT,3.2172,2.9141,11.9250,-2.6656,0.00,0,0.0000,21,1,0,-2.6656,-2.6656,0,28.3887,16.4355,idle
TEL,200048,FAULT,3.2172,3.1133,11.9250,-2.6656,0.00,0,0.0000,1,1,0,-2.6656,-2.6656,0,28.3887,16.4355,idle
TEL,200148,FAULT,3.2172,3.1663,11.9250,-2.6656,0.00,0,0.0000,21,1,0,-2.6656,-2.6656,0,28.3887,16.4355,idle
TEL,200248,FAULT,3.2172,3.1998,11.9250,-2.6656,0.00,0,0.0000,0,1,0,-2.6656,-2.6656,0,28.3887,16.4355,idle
TEL,200348,FAULT,3.2172,3.2087,11.9250,-2.6656,0.00,0,0.0000,14,1,0,-2.6656,-2.6656,0,28.3887,16.4355,idle
TEL,200448,FAULT,2.4789,2.9928,11.9250,-2.6656,0.00,0,0.0000,1,1,0,-2.6656,-2.6656,0,28.3887,16.4355,idle
TEL,200548,FAULT,3.2172,3.1073,11.9250,-2.6656,0.00,0,0.0000,21,1,0,-2.6656,-2.6656,0,28.3887,16.4355,idle
TEL,200648,FAULT,2.4118,2.8674,11.9250,-2.6656,0.00,0,0.0000,1,1,0,-2.6656,-2.6656,0,28.3887,16.4355,idle
TEL,200748,FAULT,2.4118,2.6350,11.9250,-2.6656,0.00,0,0.0000,21,1,0,-2.6656,-2.6656,0,28.3887,16.4355,idle
TEL,200848,FAULT,2.3447,2.4870,11.9250,-2.6656,0.00,0,0.0000,40,1,0,-2.6656,-2.6656,0,28.3887,16.4355,idle
TEL,200948,FAULT,2.3447,2.3935,11.9250,-2.6656,0.00,0,0.0000,14,1,0,-2.6656,-2.6656,0,28.3887,16.4355,idle
OK,stopped
