BALL_BEAM_REF_BOOT
HOST_START_READY
REF_CFG,profile=center_far_near_90s,center_cm=13.0000,near_cm=9.0000,far_cm=17.0000,segment_ms=30000
REF,11993,13.0000,hold_center
TEL,11995,8.2406,8.2363,4.7637,0.0000,0,0.000000
TEL,12095,8.4166,8.2669,4.7331,-96.0000,0,0.000000
TEL,12195,8.4494,8.2942,4.7058,-111.9560,71,0.139408
TEL,12295,8.0713,8.2366,4.7634,-112.0000,112,0.219911
TEL,12395,8.3679,8.2573,4.7427,-112.0000,112,0.219911
TEL,12495,8.6682,8.3458,4.7427,-112.0000,112,0.219911
TEL,12595,7.0225,8.3829,4.6542,-109.9277,110,0.215984
TEL,12695,8.7727,8.3847,4.6670,-111.8801,112,0.219911
TEL,12795,9.1198,8.5326,4.6153,-108.7091,109,0.214021
TEL,12895,9.4932,8.8834,4.3656,-98.9441,99,0.194386
TEL,12995,7.2139,8.7219,4.1166,-88.8607,89,0.174751
TEL,13095,9.7869,9.1343,4.2035,-92.1869,92,0.180642
TEL,13195,10.1669,9.5460,3.8657,-78.7067,79,0.155116
TEL,13295,10.4764,10.0761,3.4540,-63.8499,64,0.125664
TEL,13395,10.8298,10.3865,2.9239,-50.4425,50,0.098175
TEL,13495,11.1508,10.7499,2.4861,-40.1106,40,0.078540
TEL,13595,11.3747,10.9988,2.2501,-34.9775,35,0.068722
TEL,13696,11.8792,11.3957,1.8677,-25.5170,26,0.051051
TEL,13796,11.9413,11.6129,1.6043,-18.8007,19,0.037306
TEL,13896,12.1958,11.8760,1.2837,-12.3054,12,0.023562
TEL,13996,12.2610,12.0027,1.1240,-10.3450,10,0.019635
TEL,14096,12.0673,12.0678,0.9632,-10.2582,10,0.019635
TEL,14196,12.0992,12.0751,0.9322,-13.7954,14,0.027489
TEL,14296,11.8177,12.0325,0.9391,-17.7628,18,0.035343
TEL,14396,11.6071,11.9637,0.9675,-21.6618,22,0.043197
TEL,14496,11.3747,11.8137,1.0363,-26.5123,27,0.053014
TEL,14596,11.1783,11.6601,1.1863,-33.5239,34,0.066759
TEL,14696,10.7522,11.3152,1.4361,-43.7756,44,0.086394
TEL,14796,10.5256,11.0384,1.6848,-54.5219,55,0.107992
TEL,14896,10.1901,10.6305,2.0904,-66.9497,67,0.131554
TEL,14996,10.0071,10.3927,2.3695,-75.6013,76,0.149226
TEL,15096,9.6590,10.0764,2.7161,-84.3700,84,0.164934
TEL,15196,7.2016,9.9806,2.9236,-89.6919,90,0.176715
TEL,15296,9.0260,9.3834,3.2838,-99.5059,100,0.196350
TEL,15396,9.1578,9.2761,3.6166,-108.0688,108,0.212057
TEL,15496,9.0633,9.1881,3.7538,-107.5998,108,0.212057
TEL,15596,8.0262,9.0191,3.8119,-106.0030,106,0.208131
TEL,15696,8.8259,8.8757,4.0751,-112.0000,112,0.219911
TEL,15796,8.9523,8.8912,4.1243,-111.3772,111,0.217948
TEL,15896,7.4151,8.9298,4.0902,-107.1508,107,0.210094
TEL,15996,8.4990,8.8817,4.1183,-106.4844,106,0.208131
TEL,16096,9.1198,8.9114,4.1137,-104.3110,104,0.204204
TEL,16196,9.2541,8.9719,4.0281,-100.0567,100,0.196350
TEL,16296,7.1530,8.8479,4.1521,-109.6469,109,0.214021
TEL,16396,9.1388,8.8667,4.1333,-105.1075,105,0.206167
TEL,16496,9.4932,9.0870,3.9909,-97.2663,97,0.190459
TEL,16596,9.6801,9.2563,3.7437,-87.9162,89,0.174751
TEL,16696,9.4932,9.1528,3.9630,-107.9217,101,0.198313
TEL,16796,7.9669,8.9638,3.7517,-95.8351,97,0.190459
TEL,16896,10.2603,9.7324,3.4905,-77.1829,84,0.164934
TEL,16996,10.5009,10.0873,2.9127,-59.0329,65,0.127627
TEL,17096,10.5256,9.8537,3.4194,-71.0389,70,0.137445
TEL,17196,9.0260,9.7711,2.9235,-53.4029,59,0.115846
TEL,17296,9.3524,10.1158,2.4966,-33.5940,41,0.080503
TEL,17396,8.5491,9.8360,3.1640,-89.7405,47,0.092284
TEL,17496,11.4320,11.0719,2.1527,-44.7879,85,0.166897
TEL,17596,11.8792,11.4779,1.5221,-25.3791,31,0.060868
TEL,17696,12.1958,11.8773,1.2302,-15.8855,17,0.033379
TEL,17796,10.4520,11.0286,1.9714,-52.0495,29,0.056941
TEL,17896,12.3269,11.6047,1.6628,-37.6824,41,0.080503
TEL,17996,11.6071,11.7484,1.1969,-20.6133,26,0.051051
TEL,18096,9.1198,11.3637,0.9061,-10.7382,11,0.021598
TEL,18196,11.7568,11.3089,1.6911,-24.0481,21,0.041233
TEL,18296,12.5969,12.0826,1.1475,-5.3359,11,0.021598
TEL,18396,12.7714,12.4261,0.5739,6.6978,-5,-0.009817
TEL,18496,12.2283,12.0629,1.0231,-35.7719,6,0.011781
TEL,18596,12.1958,12.0249,0.9751,-31.0716,31,0.060868
TEL,18696,12.7361,12.3562,0.7470,-20.3136,21,0.041233
TEL,18796,12.8424,12.5376,0.4624,-11.4236,12,0.023562
TEL,18896,11.8177,11.6643,1.4189,-56.3048,25,0.049087
TEL,18996,12.6315,12.0118,1.2039,-41.5580,46,0.090321
TEL,19096,12.5626,12.2648,0.8179,-27.7701,31,0.060868
TEL,19196,12.2610,12.3081,0.6810,-22.2800,22,0.043197
TEL,19296,11.9102,11.6960,1.3856,-47.3705,35,0.068722
TEL,19396,12.0992,11.8349,1.1651,-37.9236,39,0.076576
TEL,19496,12.1958,12.0040,1.0377,-33.0341,33,0.064795
TEL,19596,8.6855,10.9259,2.0741,-90.0189,46,0.090321
TEL,19696,11.5775,11.2351,1.8880,-70.4093,84,0.164934
TEL,19796,11.5775,11.3894,1.6106,-57.5885,59,0.115846
TEL,19896,11.4898,11.4518,1.5555,-53.4702,53,0.104065
TEL,19996,10.1438,10.7685,2.2315,-77.7098,66,0.129591
TEL,20096,10.8298,10.7745,2.2382,-73.1605,73,0.143335
TEL,20196,10.7780,10.7791,2.2209,-69.8412,70,0.137445
TEL,20296,7.9669,10.4390,2.2527,-69.4013,69,0.135481
TEL,20396,9.7653,10.0634,2.9366,-88.3656,81,0.159043
TEL,20496,10.1438,10.0803,2.9321,-85.2966,85,0.166897
TEL,20596,10.1901,10.1056,2.8944,-81.9731,82,0.161007
TEL,20696,8.7028,9.6386,3.1411,-97.4253,93,0.182605
TEL,20796,9.6590,9.5940,3.4060,-99.0354,99,0.194386
TEL,20896,10.0297,9.7412,3.3137,-92.1104,92,0.180642
TEL,20996,10.1208,9.8378,3.1622,-84.8585,85,0.166897
TEL,21096,9.9179,9.6277,3.4654,-106.5189,98,0.192423
TEL,21196,9.9624,9.7042,3.2958,-95.2691,96,0.188496
TEL,21296,10.3793,9.9655,3.1272,-84.9462,85,0.166897
TEL,21396,10.5009,10.1486,2.8514,-73.8968,76,0.149226
TEL,21496,10.2134,9.8230,3.2915,-85.3057,84,0.164934
TEL,21596,10.7522,10.1509,2.8491,-67.1270,73,0.143335
TEL,21696,8.3841,9.9770,2.4771,-52.5322,56,0.109956
TEL,21796,8.7552,9.8149,3.1851,-98.8429,66,0.129591
TEL,21896,11.3747,10.6822,2.6581,-68.1423,87,0.170824
TEL,21996,11.7266,11.1983,1.8017,-38.5091,55,0.107992
TEL,22096,12.1635,11.7634,1.3923,-23.7757,27,0.053014
TEL,22196,10.6252,10.9586,2.0414,-52.1478,37,0.072649
TEL,22296,12.4944,11.7270,1.5859,-34.3456,40,0.078540
TEL,22396,12.6315,12.1906,0.8094,-10.4513,21,0.041233
TEL,22496,12.9867,12.6630,0.4536,0.7346,0,0.000000
TEL,22596,13.3225,12.9211,0.0789,9.8114,-9,-0.017671
TEL,22696,13.5161,13.2066,-0.1226,15.5093,-16,-0.031416
TEL,22796,13.5555,13.3527,-0.3018,19.9433,-20,-0.039270
TEL,22896,14.0448,13.6055,-0.5085,24.1679,-24,-0.047124
TEL,22996,14.1295,13.7543,-0.6718,27.2959,-27,-0.053014
TEL,23096,14.3018,13.9783,-0.9073,33.2259,-33,-0.064795
TEL,23196,14.4781,14.1491,-1.1491,38.8093,-39,-0.076576
TEL,23296,14.6585,14.4036,-1.3438,44.2012,-44,-0.086394
TEL,23396,14.9370,14.5730,-1.5730,49.7087,-50,-0.098175
TEL,23496,15.1281,14.7834,-1.7095,52.8728,-53,-0.104065
TEL,23596,15.0799,14.8766,-1.8766,55.2086,-55,-0.107992
TEL,23696,15.2745,15.0442,-2.0006,57.5205,-58,-0.113883
TEL,23796,15.2745,15.1079,-2.1079,58.5684,-59,-0.115846
TEL,23896,15.5243,15.2476,-2.2026,60.4359,-60,-0.117810
TEL,23996,15.4235,15.2921,-2.2721,60.9747,-61,-0.119773
TEL,24096,15.4235,15.3380,-2.3273,60.7189,-61,-0.119773
TEL,24196,15.6264,15.3849,-2.3849,61.8809,-62,-0.121737
TEL,24296,15.6779,15.4580,-2.4326,62.6586,-63,-0.123700
TEL,24396,15.6779,15.4961,-2.4756,63.2140,-63,-0.123700
TEL,24496,15.2745,15.3693,-2.3825,58.6298,-59,-0.115846
TEL,24596,15.5243,15.3911,-2.3911,59.0885,-59,-0.115846
TEL,24696,10.8298,14.9684,-2.4365,60.8350,-61,-0.119773
TEL,24796,14.3895,14.5768,-1.5768,36.2438,-48,-0.094248
TEL,24896,15.5243,14.9784,-1.8145,48.7723,-47,-0.092284
TEL,24996,15.5243,15.2160,-2.2160,61.0019,-60,-0.117810
TEL,25096,13.6348,14.0381,-1.3247,-2.9981,-48,-0.094248
TEL,25196,15.0320,14.4645,-1.4645,19.5551,1,0.001963
TEL,25296,15.5243,15.1294,-1.9643,45.6217,-34,-0.066759
TEL,25396,15.6779,15.3585,-2.3585,60.1026,-57,-0.111919
TEL,25496,15.3238,14.4801,-0.9270,4.0927,-47,-0.092284
TEL,25596,15.2254,14.8495,-1.8495,39.3773,-9,-0.017671
TEL,25696,15.7818,15.3432,-2.1868,55.4014,-50,-0.098175
TEL,25796,10.6504,14.3346,-1.3346,-8.5986,-42,-0.082467
TEL,25896,15.0799,14.4834,-1.2029,5.0825,7,0.013744
TEL,25996,15.3735,14.9151,-1.9151,37.4568,-18,-0.035343
TEL,26096,12.6315,14.5675,-2.2214,52.8954,-49,-0.096211
TEL,26196,15.5243,14.3802,-0.1490,-11.1046,-39,-0.076576
TEL,26296,15.2745,14.9022,-1.7118,11.4506,9,0.017671
TEL,26396,15.4737,15.1867,-2.1867,36.0969,-24,-0.047124
TEL,26496,10.5503,14.3305,-2.3865,49.4030,-47,-0.092284
TEL,26596,15.5752,14.5602,-0.9161,-1.3990,-36,-0.070686
TEL,26696,15.4235,15.0677,-1.9165,37.0142,-9,-0.017671
TEL,26796,15.1766,15.1881,-2.1919,51.5148,-48,-0.094248
TEL,26896,14.9370,14.5937,-1.3670,-7.3892,-39,-0.076576
TEL,26996,14.9843,14.8860,-1.8860,18.4968,2,0.003927
TEL,27096,15.5243,15.1922,-2.0973,35.5245,-30,-0.058905
TEL,27196,15.6779,15.3553,-2.3553,49.4473,-46,-0.090321
TEL,27296,14.7042,14.2898,-1.0495,4.8233,-35,-0.068722
TEL,27396,15.1766,14.7058,-1.7058,35.1399,-18,-0.035343
TEL,27496,15.6779,15.2439,-2.0846,53.2611,-47,-0.092284
TEL,27596,11.2617,14.3767,-1.3767,-6.6205,-40,-0.078540
TEL,27696,15.0320,14.5442,-1.3157,12.5890,4,0.007854
TEL,27796,14.1295,14.5875,-1.7799,39.2527,-26,-0.051051
TEL,27896,15.5752,15.2090,-2.0631,56.1153,-51,-0.100138
TEL,27996,13.2844,13.8285,-0.8285,7.1152,-43,-0.084430
TEL,28096,15.2745,14.6073,-1.2963,34.1793,-19,-0.037306
TEL,28196,15.5243,15.0599,-2.0599,60.4740,-48,-0.094248
TEL,28296,10.5503,14.1444,-2.3226,69.0896,-68,-0.133518
TEL,28396,14.4781,14.0388,-1.0388,46.7245,-56,-0.109956
TEL,28496,15.4235,14.9981,-1.7789,71.4657,-61,-0.119773
TEL,28596,15.5243,15.2635,-2.2635,79.2546,-79,-0.155116
TEL,28696,14.4781,14.4768,-1.4760,15.2546,-66,-0.129591
TEL,28796,15.0799,14.7087,-1.7087,31.8714,-17,-0.033379
TEL,28896,15.5243,15.1175,-1.9925,47.1103,-43,-0.084430
TEL,28996,15.6779,15.3333,-2.3333,59.7409,-57,-0.111919
TEL,29096,14.6585,14.1535,-0.8062,-1.5649,-46,-0.090321
TEL,29196,15.3238,14.7842,-1.7842,40.3213,-1,-0.001963
TEL,29296,15.5243,15.2356,-2.1276,55.6334,-53,-0.104065
TEL,29396,15.5243,15.3755,-2.3318,63.3463,-63,-0.123700
TEL,29496,15.3238,14.8753,-1.7054,41.5294,-50,-0.098175
TEL,29596,14.1295,14.7758,-1.9809,52.4952,-52,-0.102102
TEL,29696,15.4235,15.1675,-2.0858,58.6810,-59,-0.115846
TEL,29796,12.9867,13.8520,-0.8520,3.8715,-46,-0.090321
TEL,29896,15.0320,14.4800,-1.2323,30.0876,-11,-0.021598
TEL,29996,15.0799,14.7796,-1.7796,48.1358,-42,-0.082467
TEL,30096,10.6504,14.0271,-1.9617,54.9612,-55,-0.107992
TEL,30196,13.7150,13.5342,-0.5342,24.0095,-42,-0.082467
TEL,30296,14.6130,14.2741,-1.1186,46.0923,-37,-0.072649
TEL,30396,14.8430,14.5318,-1.5318,55.2481,-54,-0.106029
TEL,30496,11.9102,13.0660,-0.7899,-2.8494,-41,-0.080503
TEL,30596,14.4781,13.5836,-0.1594,-7.7485,8,0.015708
TEL,30696,14.1722,13.9685,-0.8944,17.7368,-5,-0.009817
TEL,30796,14.1295,14.0225,-1.0225,23.0077,-23,-0.045160
TEL,30896,12.8424,12.8009,0.2261,-35.0318,-10,-0.019635
TEL,30996,13.3225,13.0418,-0.0418,-15.8168,31,0.060868
TEL,31096,13.3225,13.1875,-0.1552,-5.9237,6,0.011781
TEL,31196,12.9142,13.1499,-0.1912,-0.0000,0,0.000000
TEL,31296,12.4944,12.3467,0.7192,-34.1685,13,0.025525
TEL,31396,12.2939,12.3118,0.6882,-29.1461,29,0.056941
TEL,31496,12.1635,12.2957,0.6838,-26.0442,26,0.051051
TEL,31596,11.9102,11.9382,1.0534,-47.3024,39,0.076576
TEL,31696,11.2617,11.5421,1.3782,-54.1279,54,0.106029
TEL,31796,11.1508,11.4047,1.5953,-56.1579,56,0.109956
TEL,31896,10.6757,11.1376,1.7587,-58.4060,58,0.113883
TEL,31996,10.4034,10.9124,2.0876,-67.1036,66,0.129591
TEL,32096,10.0750,10.5517,2.3218,-72.7799,73,0.143335
TEL,32196,9.8085,10.2914,2.7086,-83.0883,82,0.161007
TEL,32296,9.5136,9.9184,2.9652,-90.0312,90,0.176715
TEL,32396,9.1961,9.6501,3.2190,-96.7659,97,0.190459
TEL,32496,8.9706,9.3400,3.5605,-104.0049,104,0.204204
TEL,32596,8.8259,9.1558,3.8442,-109.2902,109,0.214021
TEL,32696,8.6855,8.9516,3.9886,-110.8181,111,0.217948
TEL,32796,8.6338,8.8570,4.1430,-112.0000,112,0.219911
TEL,32896,8.7028,8.7781,4.2094,-111.6409,112,0.219911
TEL,32996,8.6855,8.7586,4.2316,-109.6860,110,0.215984
TEL,33096,8.8081,8.7689,4.2351,-107.2840,107,0.210094
TEL,33196,8.9340,8.7915,4.2085,-104.5952,105,0.206167
TEL,33296,9.0821,8.8477,4.1739,-102.1445,102,0.200277
TEL,33396,9.2541,8.9094,4.0906,-98.2107,98,0.192423
TEL,33496,9.4525,9.0499,4.0023,-94.1834,94,0.184569
TEL,33596,9.5962,9.1744,3.8256,-87.8162,88,0.172788
TEL,33696,9.8520,9.4024,3.6819,-82.4001,82,0.161007
TEL,33796,7.7653,9.1924,3.8076,-100.3808,94,0.184569
TEL,33896,10.0978,9.4104,3.7738,-92.9031,93,0.182605
TEL,33996,9.6590,9.6377,3.3696,-73.2057,80,0.157080
TEL,34096,11.0961,10.3715,2.8923,-53.4946,60,0.117810
TEL,34196,9.6590,9.8144,3.1856,-68.6609,65,0.127627
TEL,34296,11.7568,10.9017,2.5173,-38.0673,55,0.107992
TEL,34396,12.0992,11.5368,1.4632,-6.6851,25,0.049087
TEL,34496,10.3314,11.4950,1.0341,3.5976,-3,-0.005890
TEL,34596,11.7568,11.3629,1.6371,-10.4653,7,0.013744
TEL,34696,12.9503,12.3588,0.9373,13.2284,-3,-0.005890
TEL,34796,13.0969,12.7909,0.3526,29.3381,-25,-0.049087
TEL,34896,9.4728,11.1521,0.7692,-23.7374,-15,-0.029452
TEL,34996,13.1340,12.4802,0.5198,7.7758,14,0.027489
TEL,35096,13.9610,13.4835,-0.2218,33.2752,-21,-0.041233
TEL,35196,13.7150,13.6612,-0.6394,41.9617,-41,-0.080503
TEL,35296,12.9142,13.1767,-0.2986,-0.4062,-29,-0.056941
TEL,35396,13.7150,13.3589,-0.3589,12.1191,-10,-0.019635
TEL,35496,14.0448,13.6992,-0.6016,21.8965,-22,-0.043197
TEL,35596,13.9610,13.8253,-0.7904,28.1911,-28,-0.054978
TEL,35696,13.6748,13.1519,0.0839,-0.1911,-15,-0.029452
TEL,35796,13.8370,13.4539,-0.4539,15.4348,-12,-0.023562
TEL,35896,13.9610,13.6917,-0.6194,20.9631,-21,-0.041233
TEL,35996,11.2617,12.5290,0.4710,-32.9066,-8,-0.015708
TEL,36096,13.2465,12.8416,0.3002,-17.7612,28,0.054978
TEL,36196,13.4770,13.0999,-0.0999,-0.2629,6,0.011781
TEL,36296,13.5161,13.3024,-0.2496,-0.2629,0,0.000000
TEL,36396,13.3993,12.8716,0.4142,-40.1289,13,0.025525
TEL,36496,13.0599,12.8857,0.1651,-23.7593,28,0.054978
TEL,36596,13.0599,12.9392,0.0608,-14.5912,16,0.031416
TEL,36696,9.3128,11.8214,0.3963,-33.6711,27,0.053014
TEL,36796,12.1313,11.8494,1.1506,-40.2926,40,0.078540
TEL,36896,12.5626,12.2065,0.9033,-26.2809,28,0.054978
TEL,36996,12.5284,12.3306,0.6694,-17.8432,18,0.035343
TEL,37096,12.0040,11.8468,1.2279,-56.9857,31,0.060868
TEL,37196,11.8484,11.8285,1.1715,-47.9507,49,0.096211
TEL,37296,12.1635,11.9597,1.0796,-38.7198,40,0.078540
TEL,37396,12.0356,12.0018,1.0040,-32.7939,33,0.064795
TEL,37496,11.2897,11.2801,1.7238,-62.2705,47,0.092284
TEL,37596,8.5828,10.7782,1.6789,-55.0283,55,0.107992
TEL,37696,11.4320,11.2227,1.8556,-50.6054,51,0.100138
TEL,37796,8.8617,10.7707,2.2293,-79.5909,64,0.125664
TEL,37896,10.7011,10.6401,2.3772,-78.2955,78,0.153153
TEL,37996,10.7522,10.6803,2.3197,-71.3019,71,0.139408
TEL,38096,10.7011,10.7174,2.2802,-66.3525,66,0.129591
TEL,38196,9.2347,10.2011,2.7989,-86.8783,79,0.155116
TEL,38296,10.4277,10.1931,2.8574,-83.8986,84,0.164934
TEL,38396,10.5503,10.2868,2.7132,-74.8826,76,0.149226
TEL,38496,8.4166,10.0844,2.6313,-69.3205,69,0.135481
TEL,38596,9.8302,9.6679,3.3321,-82.0320,79,0.155116
TEL,38696,10.7522,10.2545,2.9293,-63.7212,69,0.135481
TEL,38796,10.6252,10.4851,2.5648,-49.9854,53,0.104065
TEL,38896,10.6757,10.4091,2.6960,-71.4271,63,0.123700
TEL,38996,10.7011,10.4881,2.5119,-63.5270,64,0.125664
TEL,39096,11.5482,10.9500,2.2201,-49.5524,53,0.104065
TEL,39196,11.7872,11.2798,1.7202,-33.4232,38,0.074613
TEL,39296,10.8559,10.8262,2.1907,-75.3843,46,0.090321
TEL,39396,11.8792,11.2595,1.7405,-50.1495,62,0.121737
TEL,39496,12.4269,11.8726,1.3336,-32.2032,38,0.074613
TEL,39596,12.3934,12.1267,0.9673,-18.5035,21,0.041233
TEL,39696,12.3600,11.6162,1.7355,-51.0171,32,0.062832
TEL,39796,12.5626,12.0725,0.9275,-21.8786,38,0.074613
TEL,39896,13.0969,12.6563,0.5120,-6.7334,11,0.021598
TEL,39996,9.9179,12.0748,0.9252,-50.5197,20,0.039270
TEL,40096,12.9142,12.3690,0.8348,-35.7259,39,0.076576
TEL,40196,13.3993,12.8020,0.1980,-7.6544,23,0.045160
TEL,40296,10.2134,12.3896,-0.2291,11.6398,-5,-0.009817
TEL,40396,11.7568,11.6064,1.3936,-25.8611,2,0.003927
TEL,40496,14.1295,13.3951,0.1269,27.1521,13,0.025525
TEL,40596,14.5228,14.0288,-1.0288,58.0802,-47,-0.092284
TEL,40696,10.4277,12.5022,-0.7236,17.3896,-44,-0.086394
TEL,40796,15.0799,14.1138,-0.2662,38.8993,-30,-0.058905
TEL,40896,15.7297,15.1264,-1.8032,77.3075,-52,-0.102102
TEL,40996,16.0473,15.5341,-2.5341,94.4593,-89,-0.174751
TEL,41096,16.6040,15.9067,-2.3258,112.0000,-106,-0.208131
TEL,41196,16.7781,16.3955,-3.3955,112.0000,-112,-0.219911
TEL,41296,17.0154,16.7469,-3.6546,112.0000,-112,-0.219911
TEL,41396,17.3210,16.9291,-3.9291,112.0000,-112,-0.219911
TEL,41496,17.3210,17.1200,-4.0734,112.0000,-112,-0.219911
TEL,41596,17.3210,17.1721,-4.1721,112.0000,-112,-0.219911
TEL,41696,17.2591,17.2096,-4.2027,112.0000,-112,-0.219911
TEL,41796,17.0154,17.1946,-4.1946,110.4835,-110,-0.215984
TEL,41896,16.7781,17.1230,-4.1602,106.1511,-106,-0.208131
REF,41990,17.0000,hold_far
TEL,41996,16.7781,17.0536,-4.0536,100.3373,-100,-0.196350
TEL,42096,16.3771,16.8681,0.0581,4.3373,-87,-0.170824
TEL,42196,15.9401,16.6227,0.3773,-17.4561,-1,-0.001963
TEL,42296,15.4737,16.1290,0.6821,-32.0899,28,0.054978
TEL,42396,15.3238,15.8253,1.0170,-46.8432,43,0.084430
TEL,42496,14.8899,15.3448,1.5072,-66.6716,60,0.117810
TEL,42596,14.7042,15.0623,1.8213,-79.7457,78,0.153153
TEL,42696,14.5678,14.7843,2.1566,-91.5136,91,0.178678
TEL,42796,14.3018,14.6138,2.3862,-99.3827,99,0.194386
TEL,42896,14.1295,14.4454,2.4907,-102.0852,102,0.200277
TEL,42996,14.1295,14.3567,2.6002,-105.3368,105,0.206167
TEL,43096,14.1722,14.2452,2.7422,-109.7842,110,0.215984
TEL,43196,14.2152,14.2381,2.7619,-109.2345,109,0.214021
TEL,43296,13.3608,13.4582,3.5003,-145.8981,123,0.241510
TEL,43396,14.3455,13.7379,3.2621,-129.5683,134,0.263108
TEL,43496,11.8177,13.5369,2.8096,-105.5539,117,0.229729
TEL,43596,15.4235,14.7283,2.7728,-89.9175,94,0.184569
TEL,43696,15.4235,14.6284,3.1278,-90.8899,91,0.178678
TEL,43796,14.1722,14.7744,1.7630,-34.1752,78,0.153153
TEL,43896,12.9142,14.7970,0.6849,12.5759,13,0.025525
TEL,43996,11.7568,12.2052,4.7948,-83.4241,0,0.000000
TEL,44096,17.7014,17.0446,0.9258,11.1497,77,0.151189
TEL,44196,18.1652,17.8226,-0.8226,76.5115,35,0.068722
TEL,44296,12.9867,15.0823,0.1091,-0.3668,-52,-0.102102
TEL,44396,16.2658,15.5151,1.4849,-44.5787,-27,-0.053014
TEL,44496,17.8316,17.1532,0.3095,8.4582,43,0.084430
TEL,44596,17.5093,17.4659,-0.4427,40.9072,-17,-0.033379
TEL,44696,16.7197,16.6286,0.4427,-24.8823,-28,-0.054978
TEL,44796,17.0757,16.8112,0.1888,-0.4227,24,0.047124
TEL,44896,17.7663,17.2828,-0.1259,-0.4227,0,0.000000
TEL,44996,17.7014,17.4573,-0.4573,16.7699,-12,-0.023562
TEL,45096,16.3771,16.0044,1.3105,-67.8450,-3,-0.005890
TEL,45196,17.1976,16.7561,0.2439,-16.5066,65,0.127627
TEL,45296,17.9637,17.6166,-0.4399,16.0498,11,0.021598
TEL,45396,13.3225,16.5700,0.4300,-40.0388,-2,-0.003927
TEL,45496,17.1976,16.3257,1.2322,-57.8462,54,0.106029
TEL,45596,17.7663,17.1564,-0.1564,-0.3277,45,0.088357
TEL,45696,12.2610,16.0231,-0.6250,23.9670,-15,-0.029452
TEL,45796,14.0027,13.9514,3.0486,-72.0330,-11,-0.021598
TEL,45896,17.5729,16.7360,1.0680,-16.5927,66,0.129591
TEL,45996,17.8974,17.5033,-0.5033,46.0347,25,0.049087
TEL,46096,12.3269,16.3026,-0.8200,51.0279,-49,-0.096211
TEL,46196,17.9637,16.5987,1.9514,-44.9721,-38,-0.074613
TEL,46296,17.8974,17.5578,-0.3448,-0.1432,39,0.076576
TEL,46396,18.0975,17.7707,-0.7707,26.2177,-1,-0.001963
TEL,46496,15.7818,16.1195,0.5610,-50.3617,-12,-0.023562
TEL,46596,17.3210,16.6613,0.3387,-26.5931,49,0.096211
TEL,46696,17.9637,17.3562,-0.1077,-4.5137,14,0.027489
TEL,46796,18.0304,17.6880,-0.6880,18.9356,-8,-0.015708
TEL,46896,16.8368,16.2406,1.1281,-48.7959,-6,-0.011781
TEL,46996,17.9637,17.1080,-0.1080,11.3217,47,0.092284
TEL,47096,12.2283,15.8902,-0.7767,38.3068,-21,-0.041233
TEL,47196,12.7714,14.7691,2.2309,-57.6932,-25,-0.049087
TEL,47296,17.6369,17.1431,0.3875,-24.2487,52,0.102102
TEL,47396,17.8316,17.5269,-0.5269,11.5694,12,0.023562
TEL,47496,18.2332,17.8127,-0.6905,19.1251,-19,-0.037306
TEL,47596,15.8870,16.1919,0.8081,-37.9196,-6,-0.011781
TEL,47696,17.7014,17.0938,0.2091,-0.6228,32,0.062832
TEL,47796,17.9637,17.5820,-0.5820,24.0401,-10,-0.019635
TEL,47896,11.9726,16.3991,-0.8329,33.0651,-32,-0.062832
TEL,47996,16.7781,16.2125,0.7875,-15.9037,-19,-0.037306
TEL,48096,17.8316,17.3836,-0.1281,26.2229,3,0.005890
TEL,48196,17.9637,17.6906,-0.6906,40.0004,-36,-0.070686
TEL,48296,15.6779,16.0278,0.6329,-44.8504,-26,-0.051051
TEL,48396,17.5093,16.8471,0.1529,-12.1946,43,0.084430
TEL,48496,17.9637,17.5753,-0.3940,13.1458,-2,-0.003927
TEL,48596,17.7663,17.7082,-0.6881,24.7956,-24,-0.047124
TEL,48696,17.3210,16.5766,0.9123,-41.9084,-12,-0.023562
TEL,48796,17.5093,17.1479,-0.1479,-0.6336,40,0.078540
TEL,48896,18.0975,17.6428,-0.4826,16.4510,-11,-0.021598
TEL,48996,11.7568,14.4246,2.5754,-79.5490,-3,-0.005890
TEL,49096,17.1364,16.5847,0.8913,-51.5195,74,0.145299
TEL,49196,17.8316,17.3527,-0.3527,2.6439,37,0.072649
TEL,49296,18.5809,17.9910,-0.7540,21.5628,-13,-0.025525
TEL,49396,18.2332,17.3006,0.8067,-69.8680,-9,-0.017671
TEL,49496,17.8974,17.5360,-0.4016,-24.5358,65,0.127627
TEL,49596,17.8316,17.6743,-0.6743,-4.5746,22,0.043197
TEL,49696,14.3895,15.8612,0.1385,-38.7631,19,0.037306
TEL,49796,17.0757,16.5952,0.4048,-32.3617,32,0.062832
TEL,49896,18.3018,17.5595,-0.2083,-3.1508,19,0.037306
TEL,49996,18.3018,17.9425,-0.9425,26.1077,-11,-0.021598
TEL,50096,16.3213,15.9174,1.5422,-69.8923,-13,-0.025525
TEL,50196,17.5729,16.8233,0.1767,-18.1018,64,0.125664
TEL,50296,18.0304,17.6249,-0.4265,9.4713,22,0.043197
TEL,50396,18.3018,17.9806,-0.9806,30.8159,-20,-0.039270
TEL,50496,18.1652,18.0905,-1.0728,33.3944,-33,-0.064795
TEL,50596,18.4404,18.1860,-1.1860,37.8301,-38,-0.074613
TEL,50696,18.1652,18.2360,-1.2473,39.6449,-40,-0.078540
TEL,50796,18.0975,18.2417,-1.2417,38.2679,-38,-0.074613
TEL,50896,18.3709,18.2871,-1.2770,39.6126,-40,-0.078540
TEL,50996,18.0975,18.2824,-1.2824,38.8281,-39,-0.076576
TEL,51096,18.1652,18.2592,-1.2690,38.6434,-39,-0.076576
TEL,51196,18.3709,18.2611,-1.2611,38.5384,-39,-0.076576
TEL,51296,18.3709,18.2751,-1.2661,38.0313,-38,-0.074613
TEL,51396,18.1652,18.2736,-1.2736,37.9730,-38,-0.074613
TEL,51496,18.1652,18.2457,-1.2524,37.0367,-37,-0.072649
TEL,51596,18.0975,18.2435,-1.2435,36.5960,-37,-0.072649
TEL,51696,18.4404,18.2571,-1.2429,37.0650,-37,-0.072649
TEL,51796,18.0975,18.2577,-1.2577,37.2069,-37,-0.072649
TEL,51896,18.3709,18.2686,-1.2602,37.8467,-38,-0.074613
TEL,51996,18.0975,18.2442,-1.2442,37.0196,-37,-0.072649
TEL,52096,18.0975,18.2591,-1.2724,38.4866,-38,-0.074613
TEL,52196,13.9610,17.9509,-0.9509,19.8524,-26,-0.051051
TEL,52296,18.0304,17.3696,-0.0639,-11.6664,-7,-0.013744
TEL,52396,17.9637,17.6256,-0.6256,12.7627,-1,-0.001963
TEL,52496,12.1313,16.5478,-0.8624,24.9156,-24,-0.047124
TEL,52596,17.8974,16.6028,2.0214,-71.0844,-12,-0.023562
TEL,52696,17.5729,17.1384,0.0878,-21.1069,64,0.125664
TEL,52796,17.5729,17.4659,-0.4176,3.5784,27,0.053014
TEL,52896,13.2088,16.6654,-0.7282,19.3734,-14,-0.027489
TEL,52996,18.2332,16.9439,1.1254,-61.0359,-6,-0.011781
TEL,53096,17.7014,17.3739,-0.2277,-5.1961,59,0.115846
TEL,53196,17.9637,17.6494,-0.6494,14.1050,1,0.001963
TEL,53296,15.4737,15.9404,0.6242,-56.5674,-1,-0.001963
TEL,53396,17.1976,16.5823,0.4177,-31.9480,56,0.109956
TEL,53496,18.2332,17.5664,-0.2355,0.5940,20,0.039270
TEL,53596,18.3018,17.8702,-0.8702,26.3925,-14,-0.027489
TEL,53696,17.8316,16.6864,1.3363,-67.7535,-13,-0.025525
TEL,53796,17.5729,17.2269,-0.2269,-2.9028,63,0.123700
TEL,53896,18.2332,17.8292,-0.6560,20.4335,19,0.037306
TEL,53996,12.4606,16.5212,0.4788,-49.4724,-8,-0.015708
TEL,54096,17.0757,16.6535,0.5824,-38.1826,48,0.094248
TEL,54196,18.0304,17.3899,-0.3899,5.9842,25,0.049087
TEL,54296,15.8870,17.3346,-0.9712,30.1522,-19,-0.037306
TEL,54396,14.8899,15.3011,1.6989,-65.8478,-17,-0.033379
TEL,54496,17.6369,17.0403,0.3888,-10.4426,60,0.117810
TEL,54596,18.1652,17.6959,-0.6959,32.8079,19,0.037306
TEL,54696,14.1295,16.9397,-0.9656,42.6269,-42,-0.082467
TEL,54796,16.9555,16.5916,0.4084,-2.4168,-30,-0.058905
TEL,54896,17.8316,17.4708,-0.2816,31.2008,-8,-0.015708
TEL,54996,17.9637,17.6988,-0.6988,40.0100,-39,-0.076576
TEL,55096,16.7781,16.6513,0.4564,-33.9940,-27,-0.053014
TEL,55196,17.3210,16.8425,0.1575,-14.2985,33,0.064795
TEL,55296,17.8974,17.4282,-0.2540,-0.0661,3,0.005890
TEL,55396,18.1652,17.6698,-0.6698,23.3799,-13,-0.025525
TEL,55496,17.6369,17.1262,0.1412,-13.5747,-10,-0.019635
TEL,55596,17.6369,17.4401,-0.4401,7.8501,1,0.001963
TEL,55696,17.9637,17.7246,-0.6555,18.6268,-18,-0.035343
TEL,55796,11.5775,16.5472,0.4528,-45.2481,-6,-0.011781
TEL,55896,17.4461,16.8025,0.4582,-34.8034,44,0.086394
TEL,55996,17.7663,17.2936,-0.2936,-1.8431,22,0.043197
TEL,56096,18.0304,17.7126,-0.6040,14.3854,-10,-0.019635
TEL,56196,15.0320,15.7096,1.2904,-64.4653,-1,-0.001963
TEL,56296,17.5729,16.9706,0.4028,-17.0903,62,0.121737
TEL,56396,17.4461,17.3388,-0.2830,15.7555,4,0.007854
TEL,56496,14.2152,15.2888,0.6951,-50.7182,-3,-0.005890
TEL,56596,16.8960,16.1678,0.8322,-38.7184,49,0.096211
TEL,56696,18.1652,17.5207,-0.1149,10.7812,25,0.049087
TEL,56796,18.3709,17.8988,-0.8988,38.2810,-21,-0.041233
TEL,56896,16.9555,16.6561,0.6757,-56.0572,-25,-0.049087
TEL,56996,14.3895,16.0115,0.2458,-29.0289,51,0.100138
TEL,57096,17.9637,17.4974,-0.1844,-0.3350,15,0.029452
TEL,57196,15.4235,16.9778,0.0222,-18.3255,12,0.023562
TEL,57296,16.7781,16.1854,1.1276,-53.9986,32,0.062832
TEL,57396,17.6369,16.9335,0.0665,-0.3189,41,0.080503
TEL,57496,12.2283,15.8560,-0.4620,19.9959,-17,-0.033379
TEL,57596,11.9102,14.3291,2.6709,-76.0041,-7,-0.013744
TEL,57696,17.3833,16.7646,0.7976,-54.8157,70,0.137445
TEL,57796,17.8974,17.4922,-0.4922,-0.8818,37,0.072649
TEL,57896,13.8370,16.7281,-0.9498,23.0297,-11,-0.021598
TEL,57996,16.3771,15.5997,1.4003,-27.8587,-10,-0.019635
TEL,58096,18.0304,17.3304,0.1849,22.1525,17,0.033379
TEL,58196,18.0304,17.7211,-0.7211,54.0425,-43,-0.084430
TEL,58296,11.8177,16.4125,-0.9724,57.4351,-57,-0.111919
TEL,58396,17.0154,16.5771,0.4229,4.1573,-44,-0.086394
TEL,58496,17.9637,17.4508,-0.2029,34.7023,-12,-0.023562
TEL,58596,18.0304,17.7107,-0.7107,45.2218,-44,-0.086394
TEL,58696,17.1364,16.2101,1.8450,-50.7782,-32,-0.062832
TEL,58796,17.5729,16.9757,0.0243,-0.0473,45,0.088357
TEL,58896,17.7014,17.3895,-0.2698,-0.0473,10,0.019635
TEL,58996,13.6348,16.6030,0.3970,-32.9711,13,0.025525
TEL,59096,16.8368,16.3078,0.9450,-46.2707,44,0.086394
TEL,59196,14.4337,15.9183,0.4162,-17.5211,33,0.064795
TEL,59296,17.7663,17.3582,-0.0855,15.1283,4,0.007854
TEL,59396,11.4898,13.7012,3.2988,-80.8717,-2,-0.003927
TEL,59496,17.4461,16.8040,0.8745,-42.9106,75,0.147262
TEL,59596,17.8316,17.4840,-0.4840,12.1043,33,0.064795
TEL,59696,18.3709,17.9833,-0.8379,26.8206,-26,-0.051051
TEL,59796,18.4404,18.1668,-1.1668,38.5965,-37,-0.072649
TEL,59896,18.0975,18.1350,-1.1422,36.1337,-36,-0.070686
TEL,59996,18.1652,18.1425,-1.1425,35.6975,-36,-0.070686
TEL,60096,18.0304,18.1105,-1.1194,34.2923,-34,-0.066759
TEL,60196,17.7663,18.0794,-1.0794,32.0351,-32,-0.062832
TEL,60296,17.8974,18.0171,-1.0299,30.2303,-30,-0.058905
TEL,60396,17.8974,17.9904,-0.9904,28.9662,-29,-0.056941
TEL,60496,17.5729,17.8878,-0.9230,26.2814,-26,-0.051051
TEL,60596,17.5729,17.8306,-0.8306,23.0361,-23,-0.045160
TEL,60696,17.3210,17.6774,-0.7284,19.1658,-19,-0.037306
TEL,60796,17.1364,17.5232,-0.5232,11.8482,-12,-0.023562
TEL,60896,16.8368,17.3157,-0.4038,7.9240,-8,-0.015708
TEL,60996,16.7781,17.1482,-0.1482,-0.7762,0,0.000000
TEL,61096,16.6040,16.9497,-0.0206,-5.1963,5,0.009817
TEL,61196,16.6040,16.8521,0.1479,-9.8495,10,0.019635
TEL,61296,16.6040,16.7559,0.2186,-12.3278,12,0.023562
TEL,61396,16.6617,16.7191,0.2809,-0.1866,1,0.001963
TEL,61496,12.5969,16.2518,0.3121,-0.1866,0,0.000000
TEL,61596,15.1766,15.0597,1.9403,-74.3068,13,0.025525
TEL,61696,16.7197,16.0341,1.3039,-44.1828,73,0.143335
TEL,61796,16.9555,16.5095,0.4905,-10.8216,24,0.047124
TEL,61896,15.5752,15.7053,1.1982,-59.9516,24,0.047124
TEL,61996,16.4333,15.9689,1.0311,-46.8289,50,0.098175
TEL,62096,17.7014,16.8708,0.4830,-18.4836,34,0.066759
TEL,62196,18.0304,17.4179,-0.4179,20.8296,5,0.009817
TEL,62296,16.4333,15.9954,1.3211,-57.4779,-8,-0.015708
TEL,62396,17.5093,16.7750,0.2250,-5.8982,55,0.107992
TEL,62496,17.9637,17.6232,-0.4480,26.1759,-4,-0.007854
TEL,62596,12.8424,16.4230,0.5770,-45.2246,-13,-0.025525
TEL,62696,17.0154,16.6463,0.7107,-24.7714,44,0.086394
TEL,62796,17.7014,17.2312,-0.2312,17.0302,11,0.021598
TEL,62896,18.1652,17.7620,-0.6074,29.7852,-28,-0.054978
TEL,62996,14.4781,15.7896,1.2104,-61.6222,-17,-0.033379
TEL,63096,17.4461,16.9985,0.3049,-1.4193,58,0.113883
TEL,63196,17.8316,17.4761,-0.4761,20.2698,9,0.017671
TEL,63296,12.7361,16.4813,-0.7862,31.9241,-30,-0.058905
TEL,63396,15.7297,15.6360,1.3640,-46.5514,-18,-0.035343
TEL,63496,17.7663,17.0345,0.4133,-1.7533,45,0.088357
TEL,63596,17.9637,17.5901,-0.5901,37.1350,-12,-0.023562
TEL,63696,11.3747,13.9007,0.6178,-43.3373,-23,-0.045160
TEL,63796,17.0757,16.2928,0.7072,-19.2852,41,0.080503
TEL,63896,17.8974,17.5681,-0.3452,30.7104,10,0.019635
TEL,63996,18.0304,17.8153,-0.8153,41.5146,-43,-0.084430
TEL,64096,16.7197,16.2230,1.1985,-53.6253,-29,-0.056941
TEL,64196,17.5729,17.0120,-0.0120,-1.2724,48,0.094248
TEL,64296,18.0304,17.6496,-0.4852,21.8537,7,0.013744
TEL,64396,12.8424,16.5241,0.4759,-41.3923,-10,-0.019635
TEL,64496,17.1976,16.4009,1.0829,-52.3648,51,0.100138
TEL,64596,11.5189,14.8362,0.1506,-0.9419,38,0.074613
TEL,64696,18.2332,17.8825,-0.5351,39.3750,-8,-0.015708
TEL,64796,15.2745,15.3353,1.6647,-53.2067,-29,-0.056941
TEL,64896,17.8316,16.9970,0.5624,-3.1453,47,0.092284
TEL,64996,17.9637,17.5441,-0.5441,40.5262,6,0.011781
TEL,65096,11.6965,16.2683,-0.7781,43.4146,-43,-0.084430
TEL,65196,17.9637,16.6377,1.6058,-52.5854,-30,-0.058905
TEL,65296,17.7663,17.4353,-0.2439,-0.4115,47,0.092284
TEL,65396,17.9637,17.6885,-0.6885,25.7966,6,0.011781
TEL,65496,15.7297,16.0407,0.6884,-51.0809,-16,-0.031416
TEL,65596,13.9610,15.5177,0.6825,-37.8868,49,0.096211
TEL,65696,17.8974,17.4092,-0.0278,7.6894,24,0.047124
TEL,65796,18.0304,17.7772,-0.7772,31.8606,-21,-0.041233
TEL,65896,17.3833,16.4576,1.3552,-63.5825,-19,-0.037306
TEL,65996,17.8974,17.3428,-0.3428,-0.1798,58,0.113883
TEL,66096,17.9637,17.7827,-0.7094,25.5504,18,0.035343
TEL,66196,11.6965,16.4618,0.5382,-48.8989,-18,-0.035343
TEL,66296,17.2591,16.6485,0.6967,-40.4568,46,0.090321
TEL,66396,17.8316,17.2607,-0.2607,2.8293,27,0.053014
TEL,66496,18.1652,17.7662,-0.6168,19.1839,-13,-0.025525
TEL,66596,15.3238,15.8386,1.1614,-54.5203,-6,-0.011781
TEL,66696,17.5729,16.9885,0.3621,-11.7732,54,0.106029
TEL,66796,17.8974,17.4922,-0.4922,22.5454,-4,-0.007854
TEL,66896,11.9413,16.2160,-0.8934,38.5422,-35,-0.068722
TEL,66996,18.3709,16.8574,1.4348,-57.4578,-26,-0.051051
TEL,67096,17.8316,17.4525,-0.2648,-0.1532,51,0.100138
TEL,67196,17.9637,17.6863,-0.6863,22.8753,9,0.017671
TEL,67296,15.7297,15.6575,1.4258,-73.1247,-13,-0.025525
TEL,67396,17.3210,16.5798,0.4202,-31.2625,65,0.127627
TEL,67496,17.7663,17.3060,-0.0976,-5.4369,31,0.060868
TEL,67596,17.7014,17.4948,-0.4221,10.0018,-6,-0.011781
TEL,67696,17.2591,16.4344,1.0615,-48.1519,3,0.005890
TEL,67796,18.0304,17.1792,0.2725,-0.5994,45,0.088357
TEL,67896,17.9637,17.8022,-0.7257,30.5238,-14,-0.027489
TEL,67996,11.6071,16.3813,0.6187,-51.9173,-18,-0.035343
TEL,68096,17.4461,16.7731,0.6094,-36.3504,49,0.096211
TEL,68196,18.1652,17.4472,-0.0809,-0.4437,27,0.053014
TEL,68296,16.2107,17.3338,-0.7481,23.8973,-13,-0.025525
TEL,68396,15.6779,15.6392,1.3608,-50.7834,-11,-0.021598
TEL,68496,17.5093,16.9325,0.4240,-4.9304,50,0.098175
TEL,68596,17.9637,17.5357,-0.5357,33.5500,-9,-0.017671
TEL,68696,18.0304,17.8340,-0.7705,37.7479,-38,-0.074613
TEL,68796,18.1652,17.9449,-0.9449,40.3010,-40,-0.078540
TEL,68896,18.1652,18.0181,-0.9928,38.5098,-39,-0.076576
TEL,68996,18.1652,18.0298,-1.0298,37.6509,-38,-0.074613
TEL,69096,18.0304,18.0494,-1.0516,36.7517,-37,-0.072649
TEL,69196,18.0304,18.0519,-1.0519,35.1995,-35,-0.068722
TEL,69296,17.8316,18.0375,-1.0537,34.1455,-34,-0.066759
TEL,69396,17.7663,17.9976,-0.9976,31.1687,-31,-0.060868
TEL,69496,17.8316,17.9555,-0.9666,29.3756,-29,-0.056941
TEL,69596,17.8974,17.9467,-0.9508,28.6562,-29,-0.056941
TEL,69696,17.8316,17.9238,-0.9307,27.7932,-28,-0.054978
TEL,69796,17.5729,17.8754,-0.8997,26.2104,-26,-0.051051
TEL,69896,17.5729,17.8055,-0.8278,23.6048,-24,-0.047124
TEL,69996,17.3833,17.7481,-0.7481,20.5183,-21,-0.041233
TEL,70096,17.3210,17.6328,-0.6715,17.7848,-18,-0.035343
TEL,70196,17.1364,17.5135,-0.5135,12.1361,-12,-0.023562
TEL,70296,16.7781,17.3033,-0.3930,7.9290,-8,-0.015708
TEL,70396,16.8368,17.1732,-0.1733,-0.0109,0,0.000000
TEL,70496,11.0689,16.0130,-0.0273,-5.0828,5,0.009817
TEL,70596,15.5752,15.5428,1.4572,-58.8190,18,0.035343
TEL,70696,16.3213,15.9291,1.2007,-45.5243,53,0.104065
TEL,70796,16.1015,16.0614,0.9505,-34.3246,35,0.068722
TEL,70896,16.2658,15.6138,1.8506,-91.5167,47,0.092284
TEL,70996,16.0473,15.7897,1.2103,-59.2373,89,0.174751
TEL,71096,16.8960,16.3897,0.8012,-35.6414,49,0.096211
TEL,71196,13.2844,15.7023,1.2977,-71.9262,49,0.096211
TEL,71296,16.5468,15.7567,1.6793,-74.9265,75,0.147262
TEL,71396,14.3895,15.5292,0.8063,-30.1961,62,0.121737
TEL,71496,18.0975,17.5570,-0.1153,24.8131,21,0.041233
TEL,71596,14.3018,16.5988,0.4012,-30.4014,-21,-0.041233
TEL,71696,17.5729,16.9127,0.4034,-22.3187,30,0.058905
TEL,71796,15.7297,16.7128,-0.1482,-2.0431,9,0.017671
TEL,71896,17.8974,17.6102,-0.4615,22.7884,-11,-0.021598
REF,71990,9.0000,hold_near
TEL,71996,17.7014,16.8357,1.2034,-73.2116,-10,-0.019635
TEL,72096,17.4461,17.1135,-7.9819,22.7884,67,0.131554
TEL,72196,17.5093,17.2574,-8.2574,118.7884,26,0.051051
TEL,72296,11.3747,14.3797,-7.7985,214.7884,-69,-0.135481
TEL,72396,12.9867,14.0940,-6.2865,219.6558,-165,-0.323977
TEL,72496,17.1364,16.7293,-7.3444,224.0000,-224,-0.439823
TEL,72596,17.0154,16.8633,-7.8633,224.0000,-224,-0.439823
TEL,72696,14.7965,14.3365,-4.6450,128.0000,-210,-0.412334
TEL,72796,13.7150,14.3626,-5.8407,163.5717,-134,-0.263108
TEL,72896,15.1281,15.1038,-6.0914,181.4213,-170,-0.333794
TEL,72996,11.5775,14.3256,-5.3256,137.4680,-168,-0.329867
TEL,73096,13.2844,13.5078,-4.6086,119.7582,-125,-0.245437
TEL,73196,12.9503,13.3539,-4.3539,114.1171,-114,-0.223838
TEL,73296,12.0356,12.8045,-4.0430,104.4770,-104,-0.204204
TEL,73396,11.0418,11.5447,-2.9034,49.3449,-91,-0.178678
TEL,73496,9.5547,10.0835,-1.4220,2.8181,-26,-0.051051
TEL,73596,8.9523,9.5232,-0.5232,-20.8708,10,0.019635
TEL,73696,8.0562,8.6096,0.1188,-31.3795,31,0.060868
TEL,73796,7.8649,8.3732,0.6268,-45.5395,42,0.082467
TEL,73896,9.2932,8.6952,0.4834,-31.4153,34,0.066759
TEL,73996,9.6170,9.1054,0.0767,-7.3830,18,0.035343
TEL,74096,8.6682,9.4430,-0.8229,31.2466,-6,-0.011781
TEL,74196,11.0961,10.1686,-1.1686,52.4937,-44,-0.086394
TEL,74296,12.6662,11.7896,-2.2183,94.7429,-65,-0.127627
TEL,74396,13.2844,12.6594,-3.6594,141.3449,-106,-0.208131
TEL,74496,12.0040,11.9834,-2.9653,81.3256,-131,-0.257218
TEL,74596,14.3018,13.0907,-4.0907,136.1747,-82,-0.161007
TEL,74696,14.9370,14.3725,-5.0176,174.0652,-149,-0.292561
TEL,74796,15.2254,14.8788,-5.8788,198.3542,-187,-0.367174
TEL,74896,15.1281,14.1232,-4.3941,130.5136,-185,-0.363247
TEL,74996,15.4235,14.8741,-5.8742,185.3259,-133,-0.261145
TEL,75096,15.9936,15.6651,-6.5057,209.2594,-196,-0.384845
TEL,75196,16.1559,15.8861,-6.7912,217.4014,-217,-0.426078
TEL,75296,15.6264,15.3305,-6.2075,190.9232,-203,-0.398590
TEL,75396,14.3018,15.1816,-6.4763,201.8137,-201,-0.394663
TEL,75496,16.0473,15.6948,-6.5658,207.1492,-207,-0.406444
TEL,75596,10.5009,12.8369,-3.8369,111.1492,-194,-0.380918
TEL,75696,15.1281,14.6645,-5.2875,145.0897,-118,-0.231692
TEL,75796,14.9843,14.8497,-5.8497,167.5590,-152,-0.298451
TEL,75896,11.0961,14.2148,-5.8947,171.1377,-171,-0.335758
TEL,75996,13.0599,12.8926,-3.8926,117.9359,-158,-0.310232
TEL,76096,13.4381,13.3332,-4.2887,135.2970,-126,-0.247400
TEL,76196,12.9867,13.2464,-4.2464,130.2547,-130,-0.255254
TEL,76296,10.3314,11.8029,-3.5360,90.7927,-117,-0.229729
TEL,76396,10.8038,11.1833,-2.1833,48.0048,-78,-0.153153
TEL,76496,10.0071,10.5693,-1.7939,35.4583,-38,-0.074613
TEL,76596,9.2541,9.9895,-0.9895,7.7474,-22,-0.043197
TEL,76696,7.6000,8.5726,0.4274,-35.4683,-5,-0.009817
TEL,76796,8.0562,8.1567,0.8433,-47.0763,37,0.072649
TEL,76896,9.0260,8.5105,0.4895,-26.1870,44,0.086394
TEL,76996,8.1321,8.5620,0.4380,-25.2345,25,0.049087
TEL,77096,10.4277,8.9866,0.5023,-22.2279,23,0.045160
TEL,77196,10.8038,9.9377,-0.9377,39.1795,18,0.035343
TEL,77296,11.9413,11.3022,-2.3022,88.2052,-42,-0.082467
TEL,77396,9.3128,10.8248,-1.8248,45.7357,-85,-0.166897
TEL,77496,12.5969,11.7256,-2.7256,87.8863,-49,-0.096211
TEL,77596,13.4770,12.7351,-3.7351,129.7348,-92,-0.180642
TEL,77696,14.1722,13.6632,-4.6632,159.9331,-133,-0.261145
TEL,77796,12.8424,12.6754,-3.6754,128.7970,-156,-0.306305
TEL,77896,14.4781,13.7783,-4.7783,167.0173,-132,-0.259181
TEL,77996,14.9843,14.3809,-5.3809,186.8821,-170,-0.333794
TEL,78096,15.0320,14.7860,-5.7860,194.2740,-190,-0.373064
TEL,78196,15.2745,14.9442,-5.9442,195.6498,-196,-0.384845
TEL,78296,15.0320,15.0183,-6.0183,192.9962,-194,-0.380918
TEL,78396,15.0799,15.0276,-6.0276,189.9303,-191,-0.375028
TEL,78496,14.7042,14.9633,-5.9633,184.5318,-187,-0.367174
TEL,78596,14.4781,14.8654,-5.8654,178.5351,-182,-0.357356
TEL,78696,13.7961,14.5713,-5.5713,165.0018,-176,-0.345575
TEL,78796,13.4770,14.2069,-5.2069,149.1227,-161,-0.316123
TEL,78896,12.6315,13.3836,-4.3836,117.7802,-146,-0.286670
TEL,78996,12.0673,12.7451,-3.7451,93.5184,-114,-0.223838
TEL,79096,10.9084,11.7031,-2.7031,56.4790,-91,-0.178678
TEL,79196,10.2368,10.9227,-1.9227,29.3831,-53,-0.104065
TEL,79296,9.1388,9.8124,-0.8124,-6.1064,-26,-0.051051
TEL,79396,8.4166,9.1073,-0.1073,-28.7877,10,0.019635
TEL,79496,8.3038,8.4789,0.5211,-38.6202,32,0.062832
TEL,79596,8.8977,8.5973,0.4027,-26.9733,35,0.068722
TEL,79696,7.9521,8.6454,0.1665,-11.8088,23,0.045160
TEL,79796,10.1438,9.2671,-0.2671,-0.0847,9,0.017671
TEL,79896,10.7266,10.2258,-0.9743,42.3335,-4,-0.007854
TEL,79996,10.2368,9.8458,-0.8458,41.7427,-42,-0.082467
TEL,80096,11.9413,11.1598,-2.1598,89.3311,-45,-0.088357
TEL,80196,12.5284,11.8989,-2.8989,114.6222,-91,-0.178678
TEL,80296,9.5754,11.5336,-2.5336,71.0316,-112,-0.219911
TEL,80396,12.2939,11.8204,-2.8204,87.2754,-75,-0.147262
TEL,80496,13.2844,12.6894,-3.6894,120.3834,-90,-0.176715
TEL,80596,13.5950,13.1026,-4.1026,135.8477,-124,-0.243473
TEL,80696,11.5775,12.1304,-3.1304,92.8156,-133,-0.261145
TEL,80796,13.2088,12.6378,-3.6378,116.1846,-95,-0.186532
TEL,80896,13.3993,13.1273,-4.1273,131.7855,-119,-0.233656
TEL,80996,13.3225,13.2376,-4.2376,133.5160,-134,-0.263108
TEL,81096,11.9102,12.0982,-3.0982,94.6147,-131,-0.257218
TEL,81196,12.4269,12.2273,-3.2273,99.8285,-98,-0.192423
TEL,81296,12.1313,12.2275,-3.2275,98.4698,-98,-0.192423
TEL,81396,8.7376,11.6997,-2.6997,68.3656,-94,-0.184569
TEL,81496,10.7011,10.8821,-1.9681,41.9458,-65,-0.127627
TEL,81596,10.0523,10.5321,-1.5321,28.8582,-38,-0.074613
TEL,81696,9.0446,9.8124,-1.1018,14.5221,-25,-0.049087
TEL,81796,6.7093,9.5479,-1.1018,14.5221,-15,-0.029452
TEL,81896,8.0113,8.3555,0.0107,-16.5907,17,0.033379
TEL,81996,8.5491,8.3979,0.6445,-40.3527,40,0.078540
TEL,82096,9.1961,8.7043,0.5266,-29.7210,30,0.058905
TEL,82196,8.8259,8.7297,0.2957,-15.6593,16,0.031416
TEL,82296,10.0523,9.2297,0.1682,-0.1485,0,0.000000
TEL,82396,10.5503,9.7867,-0.2297,12.4081,-12,-0.023562
TEL,82496,8.8617,9.9109,-1.1034,46.0826,-46,-0.090321
TEL,82596,10.8821,10.5163,-0.9109,22.9562,-23,-0.045160
TEL,82696,11.8177,11.3629,-1.5163,48.1779,-48,-0.094248
TEL,82796,12.1958,11.7251,-2.3629,78.7941,-79,-0.155116
TEL,82896,10.0297,10.7291,-2.8434,94.3253,-94,-0.184569
TEL,82996,11.5189,11.0883,-1.7291,46.4027,-47,-0.092284
TEL,83096,11.7266,11.5013,-2.2819,70.0789,-70,-0.137445
TEL,83196,11.5482,11.5355,-2.5013,78.4443,-78,-0.153153
TEL,83296,10.2603,10.3565,-2.1806,57.7088,-58,-0.113883
TEL,83396,10.3314,10.3721,-1.3565,33.4363,-33,-0.064795
TEL,83496,9.9401,10.0969,-1.3721,35.6181,-36,-0.070686
TEL,83596,7.9521,9.6720,-1.0969,27.8645,-28,-0.054978
TEL,83696,8.4824,9.0843,-0.3408,1.0453,-6,-0.011781
TEL,83796,8.3198,8.7192,0.1204,-13.8783,14,0.027489
TEL,83896,8.3358,8.3730,0.4465,-27.1653,27,0.053014
TEL,83996,6.7742,8.3730,0.4465,-27.1653,27,0.053014
TEL,84096,8.9340,8.4941,0.6674,-32.5116,33,0.064795
TEL,84196,9.5136,8.8021,0.5059,-22.6767,23,0.045160
TEL,84296,10.0750,9.4271,0.0057,-0.7907,1,0.001963
TEL,84396,9.2932,9.1827,-0.4271,20.7250,-21,-0.041233
TEL,84496,10.5503,9.8465,-0.3435,20.5129,-21,-0.041233
TEL,84596,11.1233,10.4295,-0.8465,40.0095,-40,-0.078540
TEL,84696,8.5998,9.4543,-1.6695,67.3597,-67,-0.131554
TEL,84796,10.8038,10.0465,-0.4543,10.4177,-14,-0.027489
TEL,84896,11.5482,11.0898,-1.0465,39.9774,-40,-0.078540
TEL,84996,11.6665,11.3865,-2.0898,75.6558,-76,-0.149226
TEL,85096,8.4330,10.0738,-2.4586,85.0683,-85,-0.166897
TEL,85196,11.0418,10.7691,-1.0738,16.6117,-26,-0.051051
TEL,85296,11.1783,11.0497,-1.9145,50.4415,-47,-0.092284
TEL,85396,10.9881,11.0514,-2.0497,57.7201,-58,-0.113883
TEL,85496,9.6801,10.2283,-1.7787,42.8712,-43,-0.084430
TEL,85596,10.0297,10.1703,-1.2283,23.1698,-23,-0.045160
TEL,85696,9.8302,10.0810,-1.1605,24.7647,-25,-0.049087
TEL,85796,8.2249,9.7483,-1.0810,23.9269,-24,-0.047124
TEL,85896,8.6855,9.2613,-0.4708,3.6932,-5,-0.009817
TEL,85996,8.6338,8.9916,-0.1147,-8.1984,8,0.015708
TEL,86096,8.2093,8.6202,0.2586,-18.7135,19,0.037306
TEL,86196,6.6141,8.5317,0.4683,-26.0427,25,0.049087
TEL,86296,8.4659,8.4613,0.5398,-27.1845,27,0.053014
TEL,86396,8.8977,8.5635,0.4986,-23.1859,23,0.045160
TEL,86496,9.4122,8.8646,0.2536,-0.5288,2,0.003927
TEL,86596,8.4166,8.7789,0.2211,-0.5288,1,0.001963
TEL,86696,9.7653,9.1590,-0.0034,-0.5288,1,0.001963
TEL,86796,10.1669,9.5515,-0.5515,23.4322,-12,-0.023562
TEL,86896,8.9706,9.6660,-0.9022,36.6800,-34,-0.066759
TEL,86996,9.7225,9.5080,-0.5080,24.4888,-26,-0.051051
TEL,87096,10.6504,10.0552,-0.8547,37.3727,-35,-0.068722
TEL,87196,10.7522,10.3649,-1.3649,53.1645,-49,-0.096211
TEL,87296,10.8298,10.5940,-1.5321,56.7396,-57,-0.111919
TEL,87396,10.8298,10.6688,-1.6345,57.8821,-58,-0.113883
TEL,87496,10.7011,10.7065,-1.7073,58.0089,-58,-0.113883
TEL,87596,10.6252,10.6999,-1.6999,55.5857,-56,-0.109956
TEL,87696,10.4520,10.6535,-1.6743,52.9870,-53,-0.104065
TEL,87796,10.2603,10.5993,-1.6345,50.4574,-50,-0.098175
TEL,87896,9.8739,10.4067,-1.4834,43.7750,-44,-0.086394
TEL,87996,9.6379,10.2164,-1.2164,32.9446,-35,-0.068722
TEL,88096,9.3722,9.8605,-0.9814,23.3427,-23,-0.045160
TEL,88196,9.1769,9.6177,-0.6177,10.8003,-13,-0.025525
TEL,88296,8.7552,9.2264,-0.3595,1.4795,-1,-0.001963
TEL,88396,8.4824,8.9572,0.0428,-9.5535,9,0.017671
TEL,88496,8.3038,8.6038,0.3084,-20.2173,20,0.039270
TEL,88596,8.4824,8.5428,0.4572,-23.9819,24,0.047124
TEL,88696,8.8081,8.5962,0.4360,-21.1987,21,0.041233
TEL,88796,8.9523,8.6761,0.3239,-0.4556,8,0.015708
TEL,88896,9.2154,8.8403,0.2204,-0.4556,0,0.000000
TEL,88996,9.3922,8.9795,0.0205,-0.4556,0,0.000000
TEL,89096,7.9229,8.9178,-0.1102,-0.4556,0,0.000000
TEL,89196,8.7904,8.8917,0.1083,-0.4556,0,0.000000
TEL,89296,9.4122,9.0586,0.0108,-0.4556,0,0.000000
TEL,89396,9.5547,9.2019,-0.2019,-0.4556,0,0.000000
TEL,89496,7.4023,9.3032,-0.3032,-0.4556,0,0.000000
TEL,89596,8.9158,9.0958,-0.0958,-0.4556,0,0.000000
TEL,89696,9.1961,9.1046,-0.0896,-0.4556,0,0.000000
TEL,89796,9.1009,9.1102,-0.1102,-0.4556,0,0.000000
TEL,89896,7.7095,8.9669,0.0331,-0.4556,0,0.000000
TEL,89996,8.4990,8.8196,0.1804,-0.4556,0,0.000000
TEL,90096,8.5323,8.7097,0.2903,-0.4556,0,0.000000
TEL,90196,8.3841,8.6413,0.3587,-16.6181,4,0.007854
TEL,90296,7.6544,8.4758,0.5242,-23.8380,20,0.039270
TEL,90396,8.2406,8.3670,0.6330,-27.9796,27,0.053014
TEL,90496,8.0262,8.3385,0.6174,-26.6422,27,0.053014
TEL,90596,8.7028,8.4221,0.5779,-24.0655,25,0.049087
TEL,90696,8.4990,8.3926,0.6074,-25.0551,25,0.049087
TEL,90796,8.8617,8.4848,0.5152,-20.6980,22,0.043197
TEL,90896,9.1388,8.7013,0.2987,-2.3726,18,0.035343
TEL,90996,7.4540,8.7802,0.2987,-2.3726,2,0.003927
TEL,91096,8.9706,8.7414,0.3323,-2.3726,2,0.003927
TEL,91196,9.1769,8.8601,0.2586,-2.3726,2,0.003927
TEL,91296,9.2736,9.0190,0.0839,-2.3726,2,0.003927
TEL,91396,8.1016,8.7047,-0.0190,-2.3726,2,0.003927
TEL,91496,9.0075,8.7579,0.3101,-2.3726,2,0.003927
TEL,91596,9.1009,8.8412,0.2421,-2.3726,2,0.003927
TEL,91696,9.0446,8.8948,0.1588,-2.3726,2,0.003927
TEL,91796,8.1783,8.6510,0.1052,-2.3726,2,0.003927
TEL,91896,8.5828,8.6455,0.3490,-2.3726,2,0.003927
TEL,91996,8.6338,8.6467,0.3545,-16.5723,17,0.033379
TEL,92096,6.5725,8.6217,0.3599,-16.9413,17,0.033379
TEL,92196,7.9083,8.4420,0.4799,-22.8515,23,0.045160
TEL,92296,8.2721,8.3412,0.6175,-29.2061,29,0.056941
TEL,92396,8.4659,8.3584,0.6554,-30.2114,30,0.058905
TEL,92496,7.4281,8.3790,0.6210,-28.3039,28,0.054978
TEL,92596,8.4990,8.3630,0.6535,-29.8857,30,0.058905
TEL,92696,8.8259,8.4609,0.6157,-28.0854,28,0.054978
TEL,92796,8.9158,8.5245,0.5391,-24.4802,24,0.047124
TEL,92896,8.3038,8.4987,0.5013,-24.0396,24,0.047124
TEL,92996,8.8438,8.5624,0.4376,-21.1394,22,0.043197
TEL,93096,8.9706,8.6841,0.3159,-5.4887,18,0.035343
TEL,93196,8.9340,8.7448,0.2552,-5.4887,5,0.009817
TEL,93296,8.8617,8.6096,0.4364,-22.1257,9,0.017671
TEL,93396,8.6510,8.6182,0.3818,-20.1803,20,0.039270
TEL,93496,8.7202,8.6433,0.3567,-19.2842,19,0.037306
TEL,93596,6.9876,8.6490,0.3567,-19.2842,19,0.037306
TEL,93696,8.4003,8.5105,0.4367,-23.7419,24,0.047124
TEL,93796,8.4824,8.4980,0.4895,-26.0837,26,0.051051
TEL,93896,8.4003,8.4805,0.5083,-26.9265,27,0.053014
TEL,93996,6.5315,8.4805,0.5195,-27.5505,28,0.054978
TEL,94096,8.2406,8.3842,0.5683,-29.8330,30,0.058905
TEL,94196,8.4330,8.3872,0.6158,-32.0426,32,0.062832
TEL,94296,7.2881,8.4076,0.6020,-31.3183,31,0.060868
TEL,94396,7.9669,8.3724,0.6276,-32.9611,33,0.064795
TEL,94496,8.5491,8.3868,0.6278,-32.9172,33,0.064795
TEL,94596,8.7028,8.4292,0.5708,-30.4294,30,0.058905
TEL,94696,6.8403,8.4789,0.5211,-28.3851,28,0.054978
TEL,94796,8.7202,8.4690,0.5593,-30.7424,31,0.060868
TEL,94896,8.6855,8.5043,0.5141,-29.0656,29,0.056941
TEL,94996,8.7376,8.5424,0.4576,-26.8256,27,0.053014
TEL,95096,8.0562,8.5174,0.4826,-28.8692,29,0.056941
TEL,95196,8.5323,8.5017,0.4983,-29.6028,30,0.058905
TEL,95296,8.7552,8.5553,0.4447,-27.3487,28,0.054978
TEL,95396,8.7904,8.5974,0.4026,-25.6422,26,0.051051
TEL,95496,8.3841,8.5925,0.4075,-26.4710,26,0.051051
TEL,95596,8.6338,8.5924,0.4076,-26.6781,27,0.053014
TEL,95696,8.3038,8.5881,0.3876,-25.9641,26,0.051051
TEL,95796,7.4151,8.6035,0.3876,-25.9641,26,0.051051
TEL,95896,8.4003,8.5489,0.4358,-28.7029,29,0.056941
TEL,95996,8.6682,8.5589,0.4511,-29.4770,29,0.056941
TEL,96096,8.7727,8.6049,0.4102,-27.7537,28,0.054978
TEL,96196,6.8850,8.6217,0.3783,-26.4546,26,0.051051
TEL,96296,8.5828,8.5576,0.4451,-29.7738,30,0.058905
TEL,96396,8.7202,8.5805,0.4326,-29.3076,29,0.056941
TEL,96496,8.7727,8.6267,0.3868,-27.4735,27,0.053014
TEL,96596,7.6271,8.5426,0.4574,-31.6148,32,0.062832
TEL,96696,8.5998,8.5313,0.4761,-32.3932,32,0.062832
TEL,96796,8.8259,8.5823,0.4177,-29.6883,30,0.058905
TEL,96896,8.8259,8.6404,0.3792,-28.0804,28,0.054978
TEL,96996,8.8081,8.6691,0.3452,-14.1927,17,0.033379
TEL,97096,8.7904,8.7029,0.3055,-14.1927,14,0.027489
TEL,97196,8.7376,8.7137,0.2863,-14.1927,14,0.027489
TEL,97296,8.7376,8.7185,0.2829,-14.1927,14,0.027489
TEL,97396,8.7376,8.7208,0.2803,-14.1927,14,0.027489
TEL,97496,8.7376,8.7234,0.2774,-14.1927,14,0.027489
TEL,97596,8.7202,8.7239,0.2761,-14.1927,14,0.027489
TEL,97696,8.7376,8.7264,0.2741,-14.1927,14,0.027489
TEL,97796,8.7202,8.7273,0.2727,-14.1927,14,0.027489
TEL,97896,8.7376,8.7284,0.2719,-14.1927,14,0.027489
TEL,97996,8.7376,8.7284,0.2716,-14.1927,14,0.027489
TEL,98096,8.7376,8.7288,0.2715,-14.1927,14,0.027489
TEL,98196,8.7202,8.7288,0.2712,-14.1927,14,0.027489
TEL,98296,8.7376,8.7290,0.2712,-14.1927,14,0.027489
TEL,98396,8.7376,8.7290,0.2710,-14.1927,14,0.027489
TEL,98496,8.7202,8.7288,0.2710,-14.1927,14,0.027489
TEL,98596,8.7376,8.7288,0.2712,-14.1927,14,0.027489
TEL,98696,8.7028,8.7274,0.2720,-14.1927,14,0.027489
TEL,98796,6.8514,8.7019,0.2720,-14.1927,14,0.027489
TEL,98896,8.4990,8.6497,0.3233,-14.1927,14,0.027489
TEL,98996,8.5998,8.6430,0.3503,-28.0979,28,0.054978
TEL,99096,8.7904,8.6548,0.3558,-28.3375,28,0.054978
TEL,99196,7.7373,8.5536,0.3452,-14.5457,15,0.029452
TEL,99296,8.6510,8.5745,0.4464,-33.0005,33,0.064795
TEL,99396,8.7727,8.6021,0.4255,-31.9097,32,0.062832
TEL,99496,7.3639,8.6281,0.3844,-30.0313,30,0.058905
TEL,99596,8.1168,8.5034,0.4508,-33.7067,34,0.066759
TEL,99696,8.6855,8.5265,0.4990,-35.5143,36,0.070686
TEL,99796,8.7727,8.5666,0.4550,-33.4264,33,0.064795
TEL,99896,6.8626,8.6058,0.4137,-31.5800,32,0.062832
TEL,99996,8.4659,8.5454,0.4450,-33.6155,34,0.066759
TEL,100096,8.7202,8.5746,0.4491,-33.7769,34,0.066759
TEL,100196,8.7904,8.6082,0.4094,-32.0911,32,0.062832
TEL,100296,7.9964,8.5691,0.3758,-30.7266,31,0.060868
TEL,100396,8.5491,8.5425,0.4583,-34.8288,35,0.068722
TEL,100496,8.7552,8.5833,0.4472,-34.3472,34,0.066759
TEL,100596,8.7904,8.6186,0.3982,-32.3098,32,0.062832
TEL,100696,8.3358,8.5097,0.4673,-36.4053,36,0.070686
TEL,100796,8.6168,8.5132,0.4990,-37.8329,38,0.074613
TEL,100896,8.7552,8.5725,0.4474,-35.4534,35,0.068722
TEL,100996,7.6407,8.4997,0.4079,-33.7126,34,0.066759
TEL,101096,8.3679,8.3219,0.6868,-46.1918,46,0.090321
TEL,101196,8.6855,8.4035,0.6413,-43.6634,44,0.086394
TEL,101296,8.7727,8.5306,0.5081,-37.8789,38,0.074613
TEL,101396,6.8181,8.4153,0.5847,-43.8187,44,0.086394
TEL,101496,8.6168,8.4021,0.6361,-45.0665,45,0.088357
TEL,101596,8.8259,8.5131,0.5413,-40.2971,40,0.078540
TEL,101696,8.9890,8.6540,0.4322,-35.3812,35,0.068722
TEL,101796,7.8649,8.5395,0.4605,-38.6544,39,0.076576
TEL,101896,8.9890,8.6373,0.4201,-36.5361,37,0.072649
TEL,101996,9.0821,8.7588,0.2412,-21.0789,25,0.049087
TEL,102096,7.5597,8.6707,0.1284,-21.0789,21,0.041233
TEL,102196,9.1769,8.6930,0.4290,-38.0311,33,0.064795
TEL,102296,9.0633,8.8257,0.2239,-21.2933,26,0.051051
TEL,102396,9.1198,8.9076,0.0924,-21.2933,21,0.041233
TEL,102496,6.9189,8.9570,0.0430,-21.2933,21,0.041233
TEL,102596,8.9523,8.8834,0.1286,-21.2933,21,0.041233
TEL,102696,8.9340,8.8880,0.1175,-21.2933,21,0.041233
TEL,102796,8.8797,8.8865,0.1135,-21.2933,21,0.041233
TEL,102896,7.9375,8.8109,0.1891,-21.2933,21,0.041233
TEL,102996,8.4003,8.7080,0.2920,-21.2933,21,0.041233
TEL,103096,8.4003,8.6196,0.3804,-37.6397,24,0.047124
TEL,103196,8.3841,8.5752,0.4248,-39.5756,40,0.078540
TEL,103296,7.8077,8.4897,0.5103,-43.1935,42,0.082467
TEL,103396,8.1783,8.3869,0.6131,-47.6260,46,0.090321
TEL,103496,6.6036,8.3624,0.6376,-48.4682,48,0.094248
TEL,103596,7.3766,8.3650,0.6376,-48.4682,48,0.094248
TEL,103696,8.2879,8.3107,0.6863,-50.7191,51,0.100138
TEL,103796,8.5828,8.3513,0.6747,-49.8712,50,0.098175
TEL,103896,8.7727,8.4564,0.5824,-45.7114,46,0.090321
TEL,103996,6.9303,8.4926,0.5074,-42.3914,42,0.082467
TEL,104096,8.6510,8.4656,0.5594,-44.6649,45,0.088357
TEL,104196,8.9158,8.5501,0.4988,-42.0984,42,0.082467
TEL,104296,8.9706,8.6962,0.3467,-24.5368,26,0.051051
TEL,104396,7.8219,8.5777,0.4223,-40.8722,37,0.072649
TEL,104496,8.7552,8.6043,0.4195,-40.5141,41,0.080503
TEL,104596,8.8259,8.6548,0.3452,-24.9999,29,0.056941
TEL,104696,7.3766,8.6807,0.3193,-24.9999,25,0.049087
TEL,104796,8.7727,8.6137,0.4104,-41.1765,37,0.072649
TEL,104896,8.6510,8.5946,0.4123,-41.5088,42,0.082467
TEL,104996,8.6855,8.6083,0.3917,-40.6249,41,0.080503
TEL,105096,6.7308,8.6168,0.3917,-40.6249,41,0.080503
TEL,105196,8.4990,8.5642,0.4287,-42.7653,43,0.084430
TEL,105296,8.7202,8.5866,0.4309,-42.8123,43,0.084430
TEL,105396,8.8081,8.6198,0.3970,-41.2910,41,0.080503
TEL,105496,7.7373,8.5601,0.3661,-40.0455,40,0.078540
TEL,105596,8.5659,8.5409,0.4621,-44.5153,45,0.088357
TEL,105696,8.7552,8.5763,0.4551,-44.3399,44,0.086394
TEL,105796,8.7904,8.6110,0.4063,-42.3074,42,0.082467
TEL,105896,8.3679,8.5070,0.4748,-46.3478,46,0.090321
TEL,105996,8.6510,8.5241,0.4902,-46.8870,47,0.092284
TEL,106096,8.7552,8.5662,0.4527,-45.2718,45,0.088357
TEL,106196,8.8081,8.6005,0.4198,-43.9020,44,0.086394
TEL,106296,8.8081,8.6520,0.3635,-41.6426,42,0.082467
TEL,106396,8.7727,8.6693,0.3404,-28.3569,28,0.054978
TEL,106496,8.8081,8.6895,0.3201,-28.3569,28,0.054978
TEL,106596,8.7727,8.6999,0.3057,-28.3569,28,0.054978
TEL,106696,8.7727,8.7090,0.2952,-28.3569,28,0.054978
TEL,106796,8.7727,8.7154,0.2882,-28.3569,28,0.054978
TEL,106896,8.8259,8.7244,0.2812,-28.3569,28,0.054978
TEL,106996,8.7376,8.7257,0.2749,-28.3569,28,0.054978
TEL,107096,8.7727,8.7312,0.2708,-28.3569,28,0.054978
TEL,107196,8.8081,8.7347,0.2685,-28.3569,28,0.054978
