BALL_BEAM_REF_BOOT
REF_CFG,profile=center_far_near_90s,center_cm=13.0000,near_cm=9.0000,far_cm=17.0000,segment_ms=30000
REF,407,13.0000,hold_center
TEL,410,8.3038,8.1324,4.9095,0.0000,0,0.000000
TEL,510,8.3358,8.1962,4.8038,-139.9959,0,0.000000
TEL,610,8.3358,8.2449,4.7551,-140.6537,71,0.139408
TEL,710,8.3198,8.2610,4.7390,-141.0850,140,0.274889
TEL,811,8.3518,8.2791,4.7209,-140.5908,141,0.276853
TEL,911,7.7935,8.2380,4.7620,-145.9355,141,0.276853
TEL,1011,8.4166,8.2524,4.7476,-140.1712,146,0.286670
TEL,1111,8.5491,8.2982,4.7018,-137.4851,140,0.274889
TEL,1211,7.3258,8.3268,4.7018,-137.4851,137,0.268999
TEL,1311,8.7727,8.3549,4.7378,-146.8048,147,0.288634
TEL,1411,8.9890,8.5057,4.6451,-131.1286,131,0.257218
TEL,1511,7.4540,8.4303,4.4127,-120.1492,120,0.235619
TEL,1611,9.2932,8.6806,4.4688,-126.4966,126,0.247400
TEL,1711,9.6170,9.0912,4.2259,-112.7441,113,0.221875
TEL,1811,9.0821,9.1442,3.9088,-94.4851,94,0.184569
TEL,1911,9.8959,9.4528,3.7013,-87.8672,88,0.172788
TEL,2011,10.3076,9.7340,3.4143,-82.5030,83,0.162970
TEL,2111,9.1578,9.7836,3.1713,-80.9496,81,0.159043
TEL,2211,10.1438,9.7819,3.3204,-115.2198,115,0.225802
TEL,2311,10.5752,10.0659,3.1700,-87.8848,88,0.172788
TEL,2411,10.6252,10.2697,2.8235,-68.1193,68,0.133518
TEL,2511,10.0071,10.1298,2.6633,-69.8466,70,0.137445
TEL,2611,10.5009,10.2171,2.8409,-80.8409,81,0.159043
TEL,2711,10.3314,10.2550,2.7835,-83.5978,84,0.164934
TEL,2811,9.4525,9.9120,2.9778,-124.2520,122,0.239546
TEL,2911,9.9847,9.9155,3.1042,-95.4546,95,0.186532
TEL,3011,9.8959,9.9161,3.0845,-90.7142,91,0.178678
TEL,3111,9.1198,9.3762,3.2317,-119.1082,119,0.233656
TEL,3211,9.4323,9.3820,3.6238,-120.6458,121,0.237583
TEL,3311,9.4525,9.4052,3.6069,-106.5552,107,0.210094
TEL,3411,7.6000,9.0038,3.5948,-106.8352,107,0.210094
TEL,3511,9.1578,9.0066,4.0357,-126.9931,127,0.249364
TEL,3611,9.1961,9.0590,3.9934,-115.2512,115,0.225802
TEL,3712,8.2406,8.8298,3.9173,-113.9622,114,0.223838
TEL,3812,9.0446,8.8573,4.1702,-142.4785,142,0.278816
TEL,3912,9.2932,9.0054,4.0954,-115.7648,116,0.227765
TEL,4012,9.3922,9.1083,3.9946,-112.4076,112,0.219911
TEL,4112,9.1009,8.9985,4.0029,-136.7682,137,0.268999
TEL,4212,9.2541,9.0556,4.0015,-117.3290,117,0.229729
TEL,4312,7.8219,8.9556,3.9141,-112.8773,113,0.221875
TEL,4412,8.7727,8.8383,4.0444,-144.7678,145,0.284707
TEL,4512,9.1961,8.9407,4.1381,-120.5991,121,0.237583
TEL,4612,9.2154,9.0084,4.0593,-115.5408,116,0.227765
TEL,4712,8.7202,8.7533,4.1418,-146.7953,147,0.288634
TEL,4812,9.1198,8.8193,4.2299,-124.3702,124,0.243473
TEL,4912,9.2154,8.9619,4.1272,-115.7970,116,0.227765
TEL,5012,8.4166,8.8736,4.0381,-114.7698,115,0.225802
TEL,5112,9.1769,8.9285,4.1382,-125.9219,126,0.247400
TEL,5212,9.2541,9.0035,4.0329,-115.2002,115,0.225802
TEL,5312,7.3894,9.0673,3.9598,-113.2892,113,0.221875
TEL,5412,8.9890,9.0220,3.9732,-122.2375,122,0.239546
TEL,5512,9.2154,9.0635,3.9690,-117.7321,118,0.231692
TEL,5612,7.8938,8.9207,3.9365,-115.5216,116,0.227765
TEL,5712,9.1198,8.8901,4.1326,-131.9776,132,0.259181
TEL,5812,9.1578,8.9462,4.0833,-118.5089,119,0.233656
TEL,5912,7.8362,8.8692,4.0213,-115.7693,116,0.227765
TEL,6012,8.7376,8.8807,4.1308,-144.9649,145,0.284707
TEL,6112,9.2154,8.9579,4.0830,-119.7657,122,0.239546
TEL,6212,9.2932,9.0407,3.9991,-113.5277,114,0.223838
TEL,6312,8.9340,8.7930,4.2398,-141.1931,138,0.270962
TEL,6412,9.1961,8.8938,4.1641,-118.4992,120,0.235619
TEL,6512,9.2736,9.0418,4.0006,-112.3379,112,0.219911
TEL,6612,9.2154,9.1016,3.9177,-111.4500,111,0.217948
TEL,6712,9.2347,9.1457,3.8661,-113.8207,114,0.223838
TEL,6812,9.2347,9.1655,3.8425,-113.4954,113,0.221875
TEL,6912,9.2347,9.1763,3.8291,-115.0699,115,0.225802
TEL,7012,9.1578,9.1735,3.8252,-114.9773,115,0.225802
TEL,7112,9.2541,9.1778,3.8273,-114.9751,115,0.225802
TEL,7212,9.2154,9.1832,3.8188,-114.0466,114,0.223838
TEL,7312,9.3128,9.1975,3.8091,-113.5574,114,0.223838
TEL,7412,9.3326,9.2107,3.7963,-112.9536,113,0.221875
TEL,7512,9.3922,9.2350,3.7743,-111.6423,112,0.219911
TEL,7612,9.3922,9.2536,3.7549,-111.1363,111,0.217948
TEL,7712,9.4122,9.2792,3.7293,-110.7206,111,0.217948
TEL,7812,9.3128,9.2830,3.7188,-111.2601,111,0.217948
TEL,7912,9.2347,9.2845,3.7128,-111.1655,111,0.217948
TEL,8012,9.2347,9.2797,3.7180,-111.9154,112,0.219911
TEL,8112,9.2347,9.2763,3.7218,-111.8260,112,0.219911
TEL,8212,8.2406,9.1500,3.7835,-122.4766,122,0.239546
TEL,8312,9.0260,9.1155,3.8832,-121.4622,121,0.237583
TEL,8412,9.1388,9.1162,3.8858,-116.7676,117,0.229729
TEL,8512,8.2406,8.9407,3.9761,-133.3924,133,0.261145
TEL,8612,9.1009,8.9488,4.0718,-124.0261,124,0.243473
TEL,8712,9.3524,9.0480,3.9914,-115.3437,115,0.225802
TEL,8812,7.7095,8.9198,3.9136,-111.6492,112,0.219911
TEL,8912,9.1769,8.9656,4.1627,-137.2680,135,0.265072
TEL,9012,9.3326,9.0679,3.9830,-111.7868,114,0.223838
TEL,9112,7.8938,8.9686,3.8447,-108.9517,109,0.214021
TEL,9212,8.9158,8.8647,4.1482,-141.9628,136,0.267035
TEL,9312,9.1198,8.9730,4.0978,-117.4522,119,0.233656
TEL,9412,9.1578,9.0185,4.0032,-116.5248,117,0.229729
TEL,9512,8.7028,8.9121,4.0537,-127.0314,127,0.249364
TEL,9612,8.9523,8.9152,4.0898,-122.9889,123,0.241510
TEL,9712,8.9890,8.9356,4.0700,-121.0951,121,0.237583
TEL,9812,8.2249,8.8722,4.1278,-128.5962,129,0.253291
TEL,9912,8.9340,8.8620,4.1455,-124.5525,125,0.245437
TEL,10012,9.0260,8.8835,4.1165,-121.4905,121,0.237583
TEL,10112,8.4330,8.8605,4.1395,-127.1660,125,0.245437
TEL,10212,8.8977,8.8593,4.1407,-123.6593,124,0.243473
TEL,10312,9.1198,8.9081,4.0919,-119.8765,120,0.235619
TEL,10412,7.5597,8.8093,4.1907,-143.4725,124,0.243473
TEL,10512,8.9890,8.7956,4.2044,-122.1123,138,0.270962
TEL,10612,9.1009,8.8622,4.1378,-119.2627,119,0.233656
TEL,10712,7.3385,8.9155,4.1378,-119.2627,119,0.233656
TEL,10812,8.7202,8.8389,4.1439,-128.7707,129,0.253291
TEL,10912,9.1198,8.8967,4.1498,-122.7932,123,0.241510
TEL,11012,9.0821,8.9342,4.0833,-119.4936,119,0.233656
TEL,11112,8.8081,8.8667,4.1256,-128.2492,128,0.251327
TEL,11212,9.0260,8.8892,4.1261,-122.6927,123,0.241510
TEL,11312,9.1578,8.9399,4.0823,-120.1964,120,0.235619
TEL,11412,8.5491,8.9032,4.0968,-125.6534,126,0.247400
TEL,11512,8.9706,8.9056,4.1008,-122.1826,122,0.239546
TEL,11612,9.1388,8.9439,4.0561,-118.9141,119,0.233656
TEL,11712,8.5998,8.8065,4.1624,-143.6143,133,0.261145
TEL,11812,8.9340,8.8232,4.1768,-123.1583,130,0.255254
TEL,11912,9.1769,8.9072,4.1255,-119.0773,119,0.233656
TEL,12012,7.5330,8.7788,4.2212,-149.7413,134,0.263108
TEL,12112,9.0075,8.8058,4.2257,-123.6174,135,0.265072
TEL,12212,9.1769,8.8879,4.1121,-116.8463,117,0.229729
TEL,12312,7.6271,8.7951,4.0205,-112.9835,113,0.221875
TEL,12412,8.9706,8.8194,4.1806,-121.1515,121,0.237583
TEL,12512,9.2736,8.9695,4.0827,-114.4226,114,0.223838
TEL,12612,9.2932,9.0575,3.9425,-112.2302,112,0.219911
TEL,12712,9.0075,9.0070,3.9931,-123.5829,123,0.241510
TEL,12812,9.2347,9.0531,3.9469,-114.6931,115,0.225802
TEL,12912,9.2347,9.1162,3.8988,-113.6072,114,0.223838
TEL,13012,8.5659,9.0575,3.9425,-122.6775,123,0.241510
TEL,13112,9.1578,9.0554,3.9566,-117.9485,118,0.231692
TEL,13212,9.2932,9.0986,3.9014,-113.8142,114,0.223838
TEL,13312,8.6855,9.0754,3.9246,-120.9257,118,0.231692
TEL,13412,9.1578,9.0805,3.9195,-116.3272,117,0.229729
TEL,13512,9.2932,9.1239,3.8761,-113.8145,114,0.223838
TEL,13612,7.4540,9.1406,3.8761,-113.8145,114,0.223838
TEL,13712,9.1578,9.0999,3.8949,-119.5084,120,0.235619
TEL,13812,9.2932,9.1269,3.9001,-116.1239,116,0.227765
TEL,13912,8.2406,9.0790,3.8590,-113.6617,114,0.223838
TEL,14012,9.0446,9.0525,3.9210,-129.0862,129,0.253291
TEL,14112,9.2932,9.0969,3.9371,-116.5674,117,0.229729
TEL,14212,8.0262,9.0150,3.9031,-114.1308,114,0.223838
TEL,14312,9.0075,8.9821,4.0215,-123.3908,123,0.241510
TEL,14412,9.2541,9.0271,4.0003,-117.3718,117,0.229729
TEL,14512,7.9669,8.9582,3.9222,-114.0863,114,0.223838
TEL,14612,8.7727,8.8478,4.1379,-138.5520,137,0.268999
TEL,14712,9.2154,8.9624,4.0777,-116.6114,118,0.231692
TEL,14812,9.3128,9.0463,3.9955,-113.5349,114,0.223838
TEL,14912,9.3128,9.1387,3.8871,-112.0185,112,0.219911
TEL,15012,9.3128,9.1785,3.8396,-111.9430,112,0.219911
TEL,15112,9.3524,9.2216,3.7934,-111.8705,112,0.219911
TEL,15212,9.3524,9.2421,3.7693,-111.7213,112,0.219911
TEL,15312,9.3128,9.2573,3.7476,-111.5850,112,0.219911
TEL,15412,9.2932,9.2639,3.7385,-111.5132,112,0.219911
TEL,15512,9.3128,9.2717,3.7310,-111.6734,112,0.219911
TEL,15612,9.3128,9.2764,3.7258,-111.4016,111,0.217948
TEL,15712,9.3128,9.2851,3.7204,-111.1426,111,0.217948
TEL,15812,9.3524,9.2898,3.7135,-111.1911,111,0.217948
TEL,15912,9.3128,9.2920,3.7090,-111.1108,111,0.217948
TEL,16012,9.3128,9.2937,3.7071,-111.0780,111,0.217948
TEL,16112,9.3128,9.2966,3.7040,-110.7764,111,0.217948
TEL,16212,9.3326,9.3000,3.7013,-110.7243,111,0.217948
TEL,16312,9.2932,9.3000,3.6998,-111.0325,111,0.217948
TEL,16412,9.2932,9.2995,3.7003,-111.0417,111,0.217948
TEL,16512,8.8977,9.1926,3.7863,-120.1192,120,0.235619
TEL,16612,9.1961,9.1867,3.8140,-115.4080,115,0.225802
TEL,16712,9.2736,9.2012,3.8036,-113.1326,113,0.221875
TEL,16812,8.2721,9.1504,3.7944,-113.1744,113,0.221875
TEL,16912,9.1769,9.1256,3.8788,-116.6483,117,0.229729
TEL,17012,9.2736,9.1456,3.8647,-114.4834,114,0.223838
TEL,17112,8.5491,9.0305,3.9171,-128.3347,128,0.251327
TEL,17212,9.0446,9.0085,3.9960,-123.8629,124,0.243473
TEL,17312,9.2932,9.0704,3.9539,-115.8095,116,0.227765
TEL,17412,7.8362,8.9676,3.9075,-113.9029,114,0.223838
TEL,17512,8.9890,8.8888,4.1270,-124.1255,124,0.243473
TEL,17612,9.1769,8.9498,4.0821,-118.1010,118,0.231692
TEL,17712,7.8938,8.8854,3.9730,-113.8967,114,0.223838
TEL,17812,8.8081,8.7890,4.2150,-141.5124,139,0.272926
TEL,17912,9.2736,8.9419,4.1158,-114.9974,119,0.233656
TEL,18012,9.3524,9.0514,4.0023,-111.6982,112,0.219911
TEL,18112,8.9158,8.7678,4.2707,-145.0587,138,0.270962
TEL,18212,9.1578,8.8743,4.1846,-118.4067,121,0.237583
TEL,18312,9.2932,9.0456,4.0029,-111.2199,111,0.217948
TEL,18412,8.2721,8.7614,4.1205,-148.5331,139,0.272926
TEL,18512,9.1961,8.9073,4.1522,-116.8459,123,0.241510
TEL,18612,9.2736,9.0188,4.0316,-111.7709,112,0.219911
TEL,18712,8.3841,8.7666,4.1356,-154.2799,141,0.276853
TEL,18812,9.1388,8.8370,4.2250,-125.4959,129,0.253291
TEL,18912,9.3128,9.0232,4.0343,-111.7362,112,0.219911
TEL,19012,7.6956,8.8545,3.9297,-110.8208,111,0.217948
TEL,19112,9.0633,8.8530,4.1921,-121.0627,121,0.237583
TEL,19212,9.2154,8.9568,4.0932,-114.7207,115,0.225802
TEL,19312,7.9964,8.8849,3.9638,-113.1031,113,0.221875
TEL,19412,8.8797,8.7964,4.2232,-142.9141,138,0.270962
TEL,19512,9.2541,8.9679,4.0874,-113.7499,119,0.233656
TEL,19612,9.3128,9.0655,3.9803,-111.6393,112,0.219911
TEL,19712,8.8977,8.8237,4.1933,-133.7118,133,0.261145
TEL,19812,9.1961,8.9262,4.1248,-116.0288,116,0.227765
TEL,19912,9.3128,9.0660,3.9774,-112.9734,113,0.221875
TEL,20012,8.5828,8.8190,4.1241,-152.2317,140,0.274889
TEL,20112,9.1198,8.9020,4.1360,-119.4779,126,0.247400
TEL,20212,9.2932,8.9963,4.0530,-114.8422,115,0.225802
TEL,20312,8.5491,8.7849,4.1586,-154.3655,142,0.278816
TEL,20412,9.1578,8.8779,4.1781,-119.7847,127,0.249364
TEL,20512,9.2736,9.0296,4.0157,-112.7625,113,0.221875
TEL,20612,7.5731,8.8509,3.9274,-111.3623,111,0.217948
TEL,20712,9.1198,8.8873,4.1598,-119.7075,120,0.235619
TEL,20812,9.2541,8.9867,4.0630,-114.4289,114,0.223838
TEL,20912,7.5731,8.8482,3.9413,-112.2663,112,0.219911
TEL,21012,9.0075,8.8395,4.1976,-132.8034,132,0.259181
TEL,21112,9.2541,8.9851,4.0645,-114.5217,115,0.225802
TEL,21212,9.2932,9.0713,3.9679,-111.9774,112,0.219911
TEL,21312,9.1198,8.8721,4.1833,-133.4882,132,0.259181
TEL,21412,9.2347,8.9674,4.0848,-116.0829,116,0.227765
TEL,21512,9.3128,9.0920,3.9466,-111.8985,112,0.219911
TEL,21612,8.6855,9.0335,3.9665,-123.3811,122,0.239546
TEL,21712,9.2154,9.0640,3.9563,-116.9990,117,0.229729
TEL,21812,9.2736,9.1066,3.8934,-113.6705,114,0.223838
TEL,21912,8.6168,8.9104,4.0343,-145.5182,129,0.253291
TEL,22012,9.3128,8.9833,4.0715,-119.4213,130,0.255254
TEL,22112,9.2932,9.0879,3.9446,-112.9903,113,0.221875
TEL,22212,9.0633,9.1107,3.8823,-111.9941,112,0.219911
TEL,22312,9.1769,9.0705,3.9430,-120.4316,120,0.235619
TEL,22412,9.2736,9.1053,3.8947,-113.9496,114,0.223838
TEL,22512,7.5597,8.9863,3.8608,-113.2940,113,0.221875
TEL,22612,9.0260,8.9458,4.0542,-119.5211,120,0.235619
TEL,22712,9.2736,9.0421,3.9918,-114.6856,115,0.225802
TEL,22812,8.2249,8.9680,4.0320,-136.8392,129,0.253291
TEL,22912,8.9890,8.8672,4.1542,-125.8021,127,0.249364
TEL,23012,9.2932,8.9628,4.0900,-116.2739,116,0.227765
TEL,23112,9.2736,9.0757,3.9558,-112.2216,112,0.219911
TEL,23212,8.6168,8.9156,4.0844,-130.8407,126,0.247400
TEL,23312,9.2154,8.9984,4.0355,-116.7396,119,0.233656
TEL,23412,9.3128,9.0761,3.9239,-112.2880,112,0.219911
TEL,23512,9.3326,9.1557,3.8690,-112.1106,112,0.219911
TEL,23612,9.2932,9.1901,3.8099,-112.2926,112,0.219911
TEL,23712,9.2932,9.2205,3.7873,-111.9093,112,0.219911
TEL,23812,9.2932,9.2330,3.7670,-112.1498,112,0.219911
TEL,23912,9.3128,9.2490,3.7562,-111.8062,112,0.219911
TEL,24012,9.3128,9.2577,3.7423,-111.6535,112,0.219911
TEL,24112,9.3128,9.2701,3.7328,-111.3070,111,0.217948
TEL,24212,9.3128,9.2750,3.7250,-111.4015,111,0.217948
TEL,24312,9.3524,9.2828,3.7210,-111.3413,111,0.217948
TEL,24412,9.3128,9.2857,3.7143,-111.2168,111,0.217948
TEL,24512,9.3128,9.2911,3.7100,-111.1305,111,0.217948
TEL,24612,9.3128,9.2946,3.7054,-111.0389,111,0.217948
TEL,24712,9.3128,9.2967,3.7039,-111.0122,111,0.217948
TEL,24812,9.2932,9.2972,3.7028,-111.1077,111,0.217948
TEL,24912,9.3128,9.2988,3.7017,-110.9736,111,0.217948
TEL,25012,9.3128,9.2997,3.7003,-110.9449,111,0.217948
TEL,25112,8.8081,9.2469,3.7327,-116.7155,117,0.229729
TEL,25212,9.1578,9.2312,3.7688,-113.6976,114,0.223838
TEL,25312,9.3326,9.2414,3.7634,-112.4391,112,0.219911
TEL,25412,8.3679,9.1164,3.8836,-125.7310,124,0.243473
TEL,25512,9.1961,9.1017,3.9075,-117.3940,117,0.229729
TEL,25612,9.2736,9.1282,3.8718,-114.1414,114,0.223838
TEL,25712,8.2563,9.0810,3.8455,-113.4828,113,0.221875
TEL,25812,9.0633,9.0532,3.9468,-118.2208,118,0.231692
TEL,25912,9.2736,9.1026,3.9151,-115.0812,115,0.225802
TEL,26012,7.7095,8.9899,4.0101,-139.8694,129,0.253291
TEL,26112,9.0446,8.9066,4.1154,-124.5961,128,0.251327
TEL,26212,9.2736,8.9842,4.0158,-114.0858,115,0.225802
TEL,26312,7.7794,8.8944,3.9405,-112.9498,113,0.221875
TEL,26412,8.8977,8.8152,4.1848,-122.7789,123,0.241510
TEL,26512,9.2541,8.9627,4.0897,-115.3346,115,0.225802
TEL,26612,9.2932,9.0577,3.9423,-111.9766,112,0.219911
TEL,26712,8.8797,8.8120,4.2038,-138.4221,127,0.249364
TEL,26812,9.2154,8.9127,4.0873,-114.1590,124,0.243473
TEL,26912,9.2932,9.0560,3.9864,-112.4545,112,0.219911
TEL,27012,8.3358,8.7898,4.2102,-141.8642,127,0.249364
TEL,27112,9.1769,8.9137,4.1373,-116.8218,128,0.251327
TEL,27212,9.2736,9.0124,3.9876,-112.4335,112,0.219911
TEL,27312,8.6682,8.8421,4.1177,-148.9953,126,0.247400
TEL,27412,9.0821,8.8951,4.1049,-118.0506,135,0.265072
TEL,27512,9.2932,9.0283,4.0157,-113.6787,114,0.223838
TEL,27612,7.9964,8.9169,4.0831,-144.4066,128,0.251327
TEL,27712,9.1961,8.9131,4.1378,-121.8888,130,0.255254
TEL,27812,9.3128,9.0170,3.9830,-111.6433,112,0.219911
TEL,27912,7.7234,8.9101,3.8843,-109.2667,109,0.214021
TEL,28012,8.9340,8.8408,4.1592,-121.3302,120,0.235619
TEL,28112,9.3326,9.0179,4.0444,-111.3498,111,0.217948
TEL,28212,9.3722,9.1209,3.8791,-109.1501,109,0.214021
TEL,28312,8.9890,8.8248,4.2189,-141.6398,123,0.241510
TEL,28412,9.2541,8.9638,4.0362,-111.2765,127,0.249364
TEL,28512,9.3722,9.1311,3.9175,-108.5153,109,0.214021
TEL,28612,8.6510,8.8574,4.1426,-132.6436,123,0.241510
TEL,28712,9.2932,9.0012,4.0568,-115.3762,120,0.235619
TEL,28812,9.3524,9.1056,3.8944,-109.7428,110,0.215984
TEL,28912,8.7552,8.8884,4.0767,-155.8808,124,0.243473
TEL,29012,9.1388,8.9475,4.0525,-115.9921,142,0.278816
TEL,29112,9.3128,9.0744,3.9662,-112.6660,113,0.221875
TEL,29212,7.6135,8.9029,4.0971,-153.7300,127,0.249364
TEL,29312,9.1769,8.9262,4.1217,-120.0298,141,0.276853
TEL,29412,9.2932,9.0257,3.9743,-111.9583,112,0.219911
TEL,29512,7.4933,9.0992,3.9008,-112.0473,112,0.219911
TEL,29612,8.9706,9.0186,3.9814,-120.7090,120,0.235619
TEL,29712,9.3128,9.1063,3.9235,-112.5574,113,0.221875
TEL,29812,8.1474,9.0187,3.9813,-137.8628,127,0.249364
TEL,29912,9.0075,8.8422,4.1949,-122.7928,126,0.247400
TEL,30012,9.2154,8.9535,4.0465,-113.6245,115,0.225802
TEL,30112,9.2736,9.0813,3.9530,-112.2646,112,0.219911
TEL,30212,8.7202,8.8286,4.1714,-129.3122,124,0.243473
TEL,30312,9.2541,8.9834,4.0691,-115.5746,118,0.231692
REF,30404,17.0000,hold_far
TEL,30412,9.2932,9.0672,3.9328,-111.8702,112,0.219911
TEL,30512,8.8977,8.8248,8.1924,-160.0000,125,0.245437
TEL,30612,9.1388,8.9105,8.0895,-160.0000,160,0.314159
TEL,30712,9.3326,9.0551,7.9931,-160.0000,160,0.314159
TEL,30812,8.3198,8.7957,8.2043,-160.0000,160,0.314159
TEL,30912,9.2541,8.9165,8.1471,-160.0000,160,0.314159
TEL,31012,9.3722,9.0430,7.9570,-160.0000,160,0.314159
TEL,31112,8.4003,8.8339,8.0620,-160.0000,160,0.314159
TEL,31212,9.1388,8.9092,8.0908,-160.0000,160,0.314159
TEL,31312,9.3722,9.0814,7.9744,-160.0000,160,0.314159
TEL,31412,7.9229,8.9422,8.0578,-160.0000,160,0.314159
TEL,31512,9.1388,8.8755,8.1837,-160.0000,160,0.314159
TEL,31612,9.3128,9.0028,7.9972,-160.0000,160,0.314159
TEL,31712,9.3524,9.1460,7.8930,-160.0000,160,0.314159
TEL,31812,9.3722,9.2107,7.7893,-160.0000,160,0.314159
TEL,31912,9.3722,9.2610,7.7542,-160.0000,160,0.314159
TEL,32012,9.3722,9.2841,7.7159,-160.0000,160,0.314159
TEL,32112,9.3722,9.3087,7.6976,-160.0000,160,0.314159
TEL,32212,9.3722,9.3189,7.6811,-160.0000,160,0.314159
TEL,32312,9.3722,9.3312,7.6719,-160.0000,160,0.314159
TEL,32412,9.3722,9.3377,7.6623,-160.0000,160,0.314159
TEL,32512,9.3922,9.3447,7.6582,-160.0000,160,0.314159
TEL,32612,9.3722,9.3486,7.6514,-160.0000,160,0.314159
TEL,32712,9.3922,9.3529,7.6491,-160.0000,160,0.314159
TEL,32812,9.3722,9.3555,7.6445,-160.0000,160,0.314159
TEL,32912,9.3922,9.3591,7.6423,-160.0000,160,0.314159
TEL,33012,9.3922,9.3617,7.6383,-160.0000,160,0.314159
TEL,33112,9.3922,9.3643,7.6368,-160.0000,160,0.314159
TEL,33212,9.3922,9.3655,7.6345,-160.0000,160,0.314159
TEL,33312,9.3722,9.3661,7.6341,-160.0000,160,0.314159
TEL,33412,9.3722,9.3665,7.6335,-160.0000,160,0.314159
TEL,33512,9.3922,9.3675,7.6332,-160.0000,160,0.314159
TEL,33612,9.3524,9.3672,7.6328,-160.0000,160,0.314159
TEL,33712,8.9158,9.2548,7.7220,-160.0000,160,0.314159
TEL,33812,9.2541,9.2496,7.7504,-160.0000,160,0.314159
TEL,33912,9.3524,9.2618,7.7439,-160.0000,160,0.314159
TEL,34012,8.5323,9.1231,7.8769,-160.0000,160,0.314159
TEL,34112,9.2154,9.1176,7.8930,-160.0000,160,0.314159
TEL,34212,9.3128,9.1522,7.8478,-160.0000,160,0.314159
TEL,34312,8.3198,8.9343,7.9678,-160.0000,160,0.314159
TEL,34412,9.1769,8.9754,8.0246,-160.0000,160,0.314159
TEL,34512,9.3326,9.0873,7.9499,-160.0000,160,0.314159
TEL,34612,7.7234,8.9425,8.0575,-160.0000,160,0.314159
TEL,34712,9.1578,8.8983,8.1537,-160.0000,160,0.314159
TEL,34812,9.3128,9.0159,7.9841,-160.0000,160,0.314159
TEL,34912,7.6407,8.8887,7.8891,-160.0000,160,0.314159
TEL,35012,8.9706,8.8375,8.1625,-160.0000,160,0.314159
TEL,35112,9.3326,9.0164,8.0471,-160.0000,160,0.314159
TEL,35212,9.3524,9.1177,7.8823,-160.0000,160,0.314159
TEL,35312,8.9706,8.8600,8.1678,-160.0000,160,0.314159
TEL,35412,9.2541,8.9736,8.0264,-160.0000,160,0.314159
TEL,35512,9.3524,9.1223,7.9209,-160.0000,160,0.314159
TEL,35612,8.5828,8.8538,8.1462,-160.0000,160,0.314159
TEL,35712,9.2541,8.9676,8.0863,-160.0000,160,0.314159
TEL,35812,9.3326,9.0728,7.9272,-160.0000,160,0.314159
TEL,35912,8.3679,8.7847,8.1071,-160.0000,160,0.314159
TEL,36012,9.1769,8.8988,8.1012,-160.0000,160,0.314159
TEL,36112,9.3326,9.0768,7.9758,-160.0000,160,0.314159
TEL,36212,7.7234,8.9027,8.0973,-160.0000,160,0.314159
TEL,36312,9.1578,8.9396,8.1068,-160.0000,160,0.314159
TEL,36412,9.3128,9.0494,7.9506,-160.0000,160,0.314159
TEL,36512,7.8938,8.9508,7.8661,-160.0000,160,0.314159
TEL,36612,9.0446,8.9180,8.0820,-160.0000,160,0.314159
TEL,36712,9.3128,9.0505,7.9964,-160.0000,160,0.314159
TEL,36812,9.3722,9.1331,7.8669,-160.0000,160,0.314159
TEL,36912,8.9706,8.8508,8.1787,-160.0000,160,0.314159
TEL,37012,9.2932,8.9764,8.0236,-160.0000,160,0.314159
TEL,37112,9.3524,9.1254,7.9176,-160.0000,160,0.314159
TEL,37212,8.6855,8.8570,8.1430,-160.0000,160,0.314159
TEL,37312,9.2736,8.9833,8.0721,-160.0000,160,0.314159
TEL,37412,9.3524,9.0847,7.9153,-160.0000,160,0.314159
TEL,37512,8.6682,8.8612,8.0895,-160.0000,160,0.314159
TEL,37612,9.1769,8.9492,8.0508,-160.0000,160,0.314159
TEL,37712,9.3524,9.0981,7.9486,-160.0000,160,0.314159
TEL,37812,7.5330,8.9035,8.0965,-160.0000,160,0.314159
TEL,37912,9.2154,8.9392,8.1186,-160.0000,160,0.314159
TEL,38012,9.3326,9.0507,7.9493,-160.0000,160,0.314159
TEL,38112,7.6818,8.9193,7.8643,-160.0000,160,0.314159
TEL,38212,9.0075,8.9163,8.0837,-160.0000,160,0.314159
TEL,38312,9.3326,9.0597,7.9888,-160.0000,160,0.314159
TEL,38412,9.3722,9.1426,7.8574,-160.0000,160,0.314159
TEL,38512,9.0633,8.9166,8.1158,-160.0000,160,0.314159
TEL,38612,9.2932,9.0149,7.9851,-160.0000,160,0.314159
TEL,38712,9.3524,9.1446,7.8917,-160.0000,160,0.314159
TEL,38812,8.6682,9.0765,7.9235,-160.0000,160,0.314159
TEL,38912,9.2736,9.1129,7.9095,-160.0000,160,0.314159
TEL,39012,9.3524,9.1635,7.8365,-160.0000,160,0.314159
TEL,39112,8.7202,8.9647,7.9872,-160.0000,160,0.314159
TEL,39212,9.1961,9.0000,8.0000,-160.0000,160,0.314159
TEL,39312,9.3524,9.1119,7.9245,-160.0000,160,0.314159
TEL,39412,7.5330,8.9384,8.0616,-160.0000,160,0.314159
TEL,39512,9.2154,8.9816,8.0590,-160.0000,160,0.314159
TEL,39612,9.3326,9.0729,7.9271,-160.0000,160,0.314159
TEL,39712,7.6544,8.9447,7.8540,-160.0000,160,0.314159
TEL,39812,9.1009,8.9495,8.0505,-160.0000,160,0.314159
TEL,39912,9.3326,9.0744,7.9695,-160.0000,160,0.314159
TEL,40012,9.3722,9.1505,7.8495,-160.0000,160,0.314159
TEL,40112,9.0446,9.0171,7.9877,-160.0000,160,0.314159
TEL,40212,9.2932,9.0770,7.9230,-160.0000,160,0.314159
TEL,40312,9.3722,9.1673,7.8611,-160.0000,160,0.314159
TEL,40412,9.3722,9.2128,7.7872,-160.0000,160,0.314159
TEL,40512,9.3922,9.2613,7.7539,-160.0000,160,0.314159
TEL,40612,9.3722,9.2820,7.7180,-160.0000,160,0.314159
TEL,40712,9.3722,9.3036,7.7026,-160.0000,160,0.314159
TEL,40812,9.3722,9.3154,7.6846,-160.0000,160,0.314159
TEL,40912,9.3722,9.3239,7.6795,-160.0000,160,0.314159
TEL,41012,9.3722,9.3285,7.6715,-160.0000,160,0.314159
TEL,41112,9.3722,9.3344,7.6678,-160.0000,160,0.314159
TEL,41212,9.3722,9.3381,7.6619,-160.0000,160,0.314159
TEL,41312,9.3722,9.3428,7.6587,-160.0000,160,0.314159
TEL,41412,9.3722,9.3453,7.6547,-160.0000,160,0.314159
TEL,41512,9.3722,9.3492,7.6517,-160.0000,160,0.314159
TEL,41612,9.3722,9.3510,7.6490,-160.0000,160,0.314159
TEL,41712,9.3722,9.3532,7.6475,-160.0000,160,0.314159
TEL,41812,9.3722,9.3544,7.6456,-160.0000,160,0.314159
TEL,41912,9.3922,9.3567,7.6444,-160.0000,160,0.314159
TEL,42012,8.7904,9.2740,7.7260,-160.0000,160,0.314159
TEL,42112,9.2736,9.2605,7.7404,-160.0000,160,0.314159
TEL,42212,9.3524,9.2687,7.7313,-160.0000,160,0.314159
TEL,42312,8.6682,9.2397,7.7603,-160.0000,160,0.314159
TEL,42412,9.2347,9.2294,7.7706,-160.0000,160,0.314159
TEL,42512,9.3524,9.2453,7.7547,-160.0000,160,0.314159
TEL,42612,7.5597,9.0285,7.9715,-160.0000,160,0.314159
TEL,42712,9.2154,9.0446,7.9554,-160.0000,160,0.314159
TEL,42812,9.3326,9.1045,7.8955,-160.0000,160,0.314159
TEL,42912,7.6135,8.8136,8.1864,-160.0000,160,0.314159
TEL,43012,9.0075,8.8544,8.1456,-160.0000,160,0.314159
TEL,43112,9.3128,9.0240,7.9760,-160.0000,160,0.314159
TEL,43212,9.3722,9.1174,7.8826,-160.0000,160,0.314159
TEL,43312,9.0821,8.9825,8.0175,-160.0000,160,0.314159
TEL,43412,9.2932,9.0576,7.9424,-160.0000,160,0.314159
TEL,43512,9.3524,9.1598,7.8402,-160.0000,160,0.314159
TEL,43612,8.8977,9.0298,7.9702,-160.0000,160,0.314159
TEL,43712,9.2736,9.0907,7.9093,-160.0000,160,0.314159
TEL,43812,9.3524,9.1474,7.8526,-160.0000,160,0.314159
TEL,43912,8.9158,9.0502,7.9498,-160.0000,160,0.314159
TEL,44012,9.2154,9.0734,7.9266,-160.0000,160,0.314159
TEL,44112,9.3524,9.1518,7.8482,-160.0000,160,0.314159
TEL,44212,8.2721,9.0762,7.9238,-160.0000,160,0.314159
TEL,44312,9.2347,9.0633,7.9367,-160.0000,160,0.314159
TEL,44412,9.3326,9.1210,7.8790,-160.0000,160,0.314159
TEL,44512,8.8438,8.9712,8.0044,-160.0000,160,0.314159
TEL,44612,9.1578,8.9908,8.0092,-160.0000,160,0.314159
TEL,44712,9.3326,9.0936,7.9064,-160.0000,160,0.314159
TEL,44812,7.9964,8.9870,8.0130,-160.0000,160,0.314159
TEL,44912,9.1388,8.8357,8.1643,-160.0000,160,0.314159
TEL,45012,9.3128,8.9759,8.0241,-160.0000,160,0.314159
TEL,45112,7.5330,8.8346,7.9080,-160.0000,160,0.314159
TEL,45212,8.8797,8.7510,8.2490,-160.0000,160,0.314159
TEL,45312,9.3128,8.9824,8.0176,-160.0000,160,0.314159
TEL,45412,9.3524,9.1004,7.8996,-160.0000,160,0.314159
TEL,45512,8.9890,8.8407,8.1593,-160.0000,160,0.314159
TEL,45612,9.2541,8.9585,8.0415,-160.0000,160,0.314159
TEL,45712,9.3922,9.1209,7.8791,-160.0000,160,0.314159
TEL,45812,8.3679,8.7768,8.2232,-160.0000,160,0.314159
TEL,45912,9.2541,8.9531,8.0469,-160.0000,160,0.314159
TEL,46012,9.3524,9.0715,7.9285,-160.0000,160,0.314159
TEL,46112,8.3358,8.8474,8.1526,-160.0000,160,0.314159
TEL,46212,9.1009,8.9156,8.0844,-160.0000,160,0.314159
TEL,46312,9.3326,9.0749,7.9251,-160.0000,160,0.314159
TEL,46412,7.8649,8.9302,8.0698,-160.0000,160,0.314159
TEL,46512,9.1578,8.9177,8.0823,-160.0000,160,0.314159
TEL,46612,9.3128,9.0173,7.9827,-160.0000,160,0.314159
TEL,46712,7.9669,8.9438,8.0562,-160.0000,160,0.314159
TEL,46812,8.8617,8.8820,8.1180,-160.0000,160,0.314159
TEL,46912,9.2932,9.0165,7.9835,-160.0000,160,0.314159
TEL,47012,9.3524,9.1037,7.8963,-160.0000,160,0.314159
TEL,47112,9.0260,8.8874,8.1126,-160.0000,160,0.314159
TEL,47212,9.2932,8.9882,8.0118,-160.0000,160,0.314159
TEL,47312,9.3524,9.1243,7.8757,-160.0000,160,0.314159
TEL,47412,8.5828,8.8629,8.1371,-160.0000,160,0.314159
TEL,47512,9.2736,8.9736,8.0264,-160.0000,160,0.314159
TEL,47612,9.3326,9.0728,7.9272,-160.0000,160,0.314159
TEL,47712,8.7202,8.8599,8.1401,-160.0000,160,0.314159
TEL,47812,9.1961,8.9307,8.0693,-160.0000,160,0.314159
TEL,47912,9.3524,9.0812,7.9188,-160.0000,160,0.314159
TEL,48012,7.6956,8.9142,8.0858,-160.0000,160,0.314159
TEL,48112,9.1769,8.8961,8.1039,-160.0000,160,0.314159
TEL,48212,9.3128,9.0182,7.9818,-160.0000,160,0.314159
TEL,48312,7.6135,8.8823,8.1177,-160.0000,160,0.314159
TEL,48412,9.0260,8.8619,8.1381,-160.0000,160,0.314159
TEL,48512,9.3128,9.0317,7.9683,-160.0000,160,0.314159
TEL,48612,9.3524,9.1267,7.8733,-160.0000,160,0.314159
TEL,48712,8.9523,8.8709,8.1291,-160.0000,160,0.314159
TEL,48812,9.2541,8.9801,8.0199,-160.0000,160,0.314159
TEL,48912,9.3524,9.1229,7.8771,-160.0000,160,0.314159
TEL,49012,9.3922,9.1933,7.8067,-160.0000,160,0.314159
TEL,49112,9.3722,9.2547,7.7453,-160.0000,160,0.314159
TEL,49212,9.3722,9.2820,7.7180,-160.0000,160,0.314159
TEL,49312,9.3722,9.3079,7.6921,-160.0000,160,0.314159
TEL,49412,9.3722,9.3184,7.6816,-160.0000,160,0.314159
TEL,49512,9.3722,9.3283,7.6717,-160.0000,160,0.314159
TEL,49612,9.3922,9.3352,7.6648,-160.0000,160,0.314159
TEL,49712,9.3922,9.3426,7.6574,-160.0000,160,0.314159
TEL,49812,9.3722,9.3457,7.6543,-160.0000,160,0.314159
TEL,49912,9.3722,9.3495,7.6505,-160.0000,160,0.314159
TEL,50012,9.3722,9.3515,7.6485,-160.0000,160,0.314159
TEL,50112,9.3722,9.3532,7.6468,-160.0000,160,0.314159
TEL,50212,9.3722,9.3546,7.6454,-160.0000,160,0.314159
TEL,50312,9.3922,9.3564,7.6436,-160.0000,160,0.314159
TEL,50412,9.3722,9.3581,7.6419,-160.0000,160,0.314159
TEL,50512,9.3722,9.3594,7.6406,-160.0000,160,0.314159
TEL,50612,8.6510,9.2777,7.7223,-160.0000,160,0.314159
TEL,50712,9.2736,9.2529,7.7471,-160.0000,160,0.314159
TEL,50812,9.3326,9.2613,7.7387,-160.0000,160,0.314159
TEL,50912,8.7552,9.1264,7.8736,-160.0000,160,0.314159
TEL,51012,9.2154,9.1291,7.8709,-160.0000,160,0.314159
TEL,51112,9.3524,9.1774,7.8226,-160.0000,160,0.314159
TEL,51212,7.7373,9.0628,7.9372,-160.0000,160,0.314159
TEL,51312,9.1769,9.0403,7.9597,-160.0000,160,0.314159
TEL,51412,9.3128,9.0981,7.9019,-160.0000,160,0.314159
TEL,51512,7.5597,8.9728,8.0272,-160.0000,160,0.314159
TEL,51612,9.0446,8.9388,8.0612,-160.0000,160,0.314159
TEL,51712,9.3326,9.0699,7.9300,-160.0000,160,0.314159
TEL,51812,9.3722,9.1468,7.8532,-160.0000,160,0.314159
TEL,51912,8.9890,8.9191,8.0809,-160.0000,160,0.314159
TEL,52012,9.2932,9.0106,7.9894,-160.0000,160,0.314159
TEL,52112,9.3524,9.1345,7.8655,-160.0000,160,0.314159
TEL,52212,8.7028,8.8837,8.1163,-160.0000,160,0.314159
TEL,52312,9.2736,9.0159,7.9841,-160.0000,160,0.314159
TEL,52412,9.3524,9.1053,7.8947,-160.0000,160,0.314159
TEL,52512,8.6682,8.8823,8.1177,-160.0000,160,0.314159
TEL,52612,9.1961,8.9492,8.0508,-160.0000,160,0.314159
TEL,52712,9.3524,9.0994,7.9006,-160.0000,160,0.314159
TEL,52812,7.5463,8.9082,8.0918,-160.0000,160,0.314159
TEL,52912,9.2154,8.9677,8.0323,-160.0000,160,0.314159
TEL,53012,9.3326,9.0654,7.9346,-160.0000,160,0.314159
TEL,53112,7.6135,8.7216,8.2784,-160.0000,160,0.314159
TEL,53212,9.0260,8.8045,8.1955,-160.0000,160,0.314159
TEL,53312,9.3128,9.0190,7.9810,-160.0000,160,0.314159
TEL,53412,9.3524,9.1237,7.8763,-160.0000,160,0.314159
TEL,53512,9.0821,8.8918,8.1082,-160.0000,160,0.314159
TEL,53612,9.2736,9.0105,7.9895,-160.0000,160,0.314159
TEL,53712,9.3524,9.1488,7.8512,-160.0000,160,0.314159
TEL,53812,8.6682,8.9604,8.0396,-160.0000,160,0.314159
TEL,53912,9.2736,9.0548,7.9452,-160.0000,160,0.314159
TEL,54012,9.3524,9.1302,7.8698,-160.0000,160,0.314159
TEL,54112,8.8438,8.9841,8.0159,-160.0000,160,0.314159
TEL,54212,9.2154,9.0257,7.9743,-160.0000,160,0.314159
TEL,54312,9.3722,9.1333,7.8667,-160.0000,160,0.314159
TEL,54412,7.4802,9.1612,7.8667,-160.0000,160,0.314159
TEL,54512,9.2347,9.1200,7.8891,-160.0000,160,0.314159
TEL,54612,9.3326,9.1600,7.8800,-160.0000,160,0.314159
TEL,54712,8.5323,9.1294,7.8218,-160.0000,160,0.314159
TEL,54812,9.1578,9.1122,7.8706,-160.0000,160,0.314159
TEL,54912,9.3326,9.1646,7.8728,-160.0000,160,0.314159
TEL,55012,8.2406,9.0915,7.8354,-160.0000,160,0.314159
TEL,55112,9.1009,9.0272,7.9085,-160.0000,160,0.314159
TEL,55212,9.3128,9.0831,7.9728,-160.0000,160,0.314159
TEL,55312,9.3524,9.1653,7.8884,-160.0000,160,0.314159
TEL,55412,8.9890,9.0775,7.8347,-160.0000,160,0.314159
TEL,55512,9.3128,9.1300,7.9128,-160.0000,160,0.314159
TEL,55612,9.3722,9.1748,7.8700,-160.0000,160,0.314159
TEL,55712,8.9706,8.9591,7.9545,-160.0000,160,0.314159
TEL,55812,9.2736,9.0218,8.0409,-160.0000,160,0.314159
TEL,55912,9.3524,9.1258,7.9429,-160.0000,160,0.314159
TEL,56012,8.7202,8.9523,7.8742,-160.0000,160,0.314159
TEL,56112,9.2541,9.0251,8.0421,-160.0000,160,0.314159
TEL,56212,9.3524,9.0999,7.9749,-160.0000,160,0.314159
TEL,56312,8.6682,8.8998,7.8675,-160.0000,160,0.314159
TEL,56412,9.1961,8.9542,8.1002,-160.0000,160,0.314159
TEL,56512,9.3326,9.0844,8.0021,-160.0000,160,0.314159
TEL,56612,7.8077,8.9416,7.9156,-160.0000,160,0.314159
TEL,56712,9.1578,8.9844,8.0583,-160.0000,160,0.314159
TEL,56812,9.2932,9.0617,8.0156,-160.0000,160,0.314159
TEL,56912,7.6407,8.9377,7.9017,-160.0000,160,0.314159
TEL,57012,8.9706,8.8680,8.0623,-160.0000,160,0.314159
TEL,57112,9.3326,9.0334,8.0773,-160.0000,160,0.314159
TEL,57212,9.3524,9.1224,7.9666,-160.0000,160,0.314159
TEL,57312,9.3722,9.0918,8.0559,-160.0000,160,0.314159
TEL,57412,9.3722,9.1854,7.9082,-160.0000,160,0.314159
TEL,57512,9.3922,9.2468,7.7877,-160.0000,160,0.314159
TEL,57612,9.3722,9.2757,7.7532,-160.0000,160,0.314159
TEL,57712,9.3722,9.3030,7.7135,-160.0000,160,0.314159
TEL,57812,9.3722,9.3149,7.6970,-160.0000,160,0.314159
TEL,57912,9.3722,9.3274,7.6804,-160.0000,160,0.314159
TEL,58012,9.3722,9.3347,7.6726,-160.0000,160,0.314159
TEL,58112,9.3922,9.3425,7.6628,-160.0000,160,0.314159
TEL,58212,9.3722,9.3457,7.6575,-160.0000,160,0.314159
TEL,58312,9.3922,9.3506,7.6529,-160.0000,160,0.314159
TEL,58412,9.3922,9.3544,7.6494,-160.0000,160,0.314159
TEL,58512,9.3922,9.3575,7.6448,-160.0000,160,0.314159
TEL,58612,9.3722,9.3594,7.6425,-160.0000,160,0.314159
TEL,58712,9.3922,9.3616,7.6401,-160.0000,160,0.314159
TEL,58812,9.3922,9.3630,7.6384,-160.0000,160,0.314159
TEL,58912,9.3524,9.3639,7.6367,-160.0000,160,0.314159
TEL,59012,9.3722,9.3644,7.6361,-160.0000,160,0.314159
TEL,59112,9.3722,9.3651,7.6354,-160.0000,160,0.314159
TEL,59212,8.5828,9.2880,7.6349,-160.0000,160,0.314159
TEL,59312,9.2736,9.2699,7.7267,-160.0000,160,0.314159
TEL,59412,9.3524,9.2768,7.7301,-160.0000,160,0.314159
TEL,59512,8.7202,9.1498,7.7179,-160.0000,160,0.314159
TEL,59612,9.1961,9.1414,7.8502,-160.0000,160,0.314159
TEL,59712,9.3326,9.1836,7.8484,-160.0000,160,0.314159
TEL,59812,7.8938,9.0860,7.8164,-160.0000,160,0.314159
TEL,59912,9.1578,9.0496,7.9660,-160.0000,160,0.314159
TEL,60012,9.3326,9.1023,7.9504,-160.0000,160,0.314159
TEL,60112,7.8938,9.0162,7.8725,-160.0000,160,0.314159
TEL,60212,9.0446,8.9741,7.9838,-160.0000,160,0.314159
TEL,60312,9.3128,9.0723,7.9985,-160.0000,160,0.314159
REF,60404,9.0000,hold_near
TEL,60412,9.3524,9.1390,7.9277,-160.0000,160,0.314159
TEL,60512,9.0633,8.9488,0.0546,-30.6689,91,0.178678
TEL,60612,9.3128,9.0339,0.0512,0.0000,8,0.015708
TEL,60712,9.2347,9.1142,-0.0678,0.0000,0,0.000000
TEL,60812,8.4330,9.0304,-0.1142,0.0000,0,0.000000
TEL,60912,8.8438,8.9507,0.0160,0.0000,0,0.000000
TEL,61012,8.7376,8.9066,0.0493,0.0000,0,0.000000
TEL,61112,7.7794,8.7452,0.1283,0.0000,0,0.000000
TEL,61212,8.1321,8.5519,0.2548,-17.1388,17,0.033379
TEL,61312,8.5491,8.4951,0.4973,-22.3053,22,0.043197
TEL,61412,7.1651,8.5091,0.5049,-13.7249,14,0.027489
TEL,61512,8.7028,8.5126,0.5317,-19.0078,19,0.037306
TEL,61612,8.9158,8.5968,0.4874,-10.7740,11,0.021598
TEL,61712,7.6544,8.5474,0.3612,-4.5465,5,0.009817
TEL,61812,8.5323,8.4969,0.4526,-33.2408,33,0.064795
TEL,61912,8.7028,8.5843,0.4693,-8.9996,9,0.017671
TEL,62012,8.6510,8.6110,0.4157,-9.7381,10,0.019635
TEL,62112,8.1016,8.4743,0.4701,-20.1808,20,0.039270
TEL,62212,8.1783,8.3895,0.5764,-24.9044,25,0.049087
TEL,62312,8.4824,8.3957,0.6153,-17.4390,17,0.033379
TEL,62412,8.0864,8.3630,0.6370,-21.5579,22,0.043197
TEL,62512,8.7028,8.4099,0.6214,-16.1219,16,0.031416
TEL,62612,8.7202,8.4704,0.5296,-11.5211,12,0.023562
TEL,62712,8.0412,8.4496,0.5504,-20.2045,17,0.033379
TEL,62812,8.4166,8.4409,0.5591,-17.2081,17,0.033379
TEL,62912,8.4659,8.4457,0.5543,-16.3559,16,0.031416
TEL,63012,6.9876,8.4447,0.5543,-16.3559,16,0.031416
TEL,63112,8.1783,8.3454,0.6033,-21.6975,22,0.043197
TEL,63212,8.3841,8.3439,0.6546,-22.2595,22,0.043197
TEL,63312,7.2016,8.3565,0.6514,-18.8446,19,0.037306
TEL,63412,8.2721,8.3202,0.6753,-22.6446,23,0.045160
TEL,63512,8.5828,8.3583,0.6760,-19.7107,20,0.039270
TEL,63612,8.5998,8.3969,0.6212,-15.5667,16,0.031416
TEL,63712,8.2406,8.3499,0.6390,-21.8639,22,0.043197
TEL,63812,8.3841,8.3596,0.6427,-18.1719,18,0.035343
TEL,63912,8.3679,8.3692,0.6307,-18.3386,18,0.035343
TEL,64012,7.6000,8.3174,0.6826,-24.3642,24,0.047124
TEL,64112,8.3038,8.2800,0.7222,-22.9381,23,0.045160
TEL,64212,8.4003,8.2922,0.7078,-19.8863,20,0.039270
TEL,64312,7.8505,8.2692,0.7308,-24.4474,24,0.047124
TEL,64412,8.2093,8.2514,0.7486,-23.0300,23,0.045160
TEL,64512,8.3038,8.2589,0.7411,-21.7320,22,0.043197
TEL,64612,7.0225,8.2619,0.7411,-21.7320,22,0.043197
TEL,64712,8.2093,8.2060,0.7793,-26.4618,26,0.051051
TEL,64812,8.3198,8.2184,0.7940,-23.7782,24,0.047124
TEL,64912,7.0342,8.2317,0.7735,-21.9972,22,0.043197
TEL,65012,8.1016,8.1918,0.8008,-26.4633,26,0.051051
TEL,65112,8.2563,8.2045,0.8069,-24.0138,24,0.047124
TEL,65212,8.3038,8.2110,0.7955,-23.2971,23,0.045160
TEL,65312,8.0713,8.1623,0.8299,-27.9695,28,0.054978
TEL,65412,8.2249,8.1657,0.8388,-25.3326,25,0.049087
TEL,65512,8.3038,8.1817,0.8270,-23.7231,24,0.047124
TEL,65612,7.5197,8.1377,0.8623,-29.1765,29,0.056941
TEL,65712,8.2249,8.1348,0.8723,-26.3099,26,0.051051
TEL,65812,8.3358,8.1560,0.8440,-23.2817,23,0.045160
TEL,65912,8.3038,8.1843,0.8247,-23.1013,23,0.045160
TEL,66012,8.3358,8.2025,0.7975,-22.4462,22,0.043197
TEL,66112,8.3198,8.2248,0.7820,-22.1848,22,0.043197
TEL,66212,8.3358,8.2378,0.7622,-21.8571,22,0.043197
TEL,66312,8.3358,8.2521,0.7533,-21.8810,22,0.043197
TEL,66412,8.3358,8.2606,0.7394,-21.4936,21,0.041233
TEL,66512,8.3038,8.2707,0.7312,-21.6243,22,0.043197
TEL,66612,8.3038,8.2756,0.7244,-21.5045,22,0.043197
TEL,66712,8.3358,8.2816,0.7210,-21.3241,21,0.041233
TEL,66812,8.3198,8.2850,0.7150,-21.2084,21,0.041233
TEL,66912,8.3358,8.2899,0.7121,-21.1533,21,0.041233
TEL,67012,8.3038,8.2916,0.7084,-21.1779,21,0.041233
TEL,67112,8.3198,8.2934,0.7075,-21.1608,21,0.041233
TEL,67212,8.3038,8.2941,0.7059,-21.1246,21,0.041233
TEL,67312,8.3038,8.2955,0.7047,-21.0198,21,0.041233
TEL,67412,8.3038,8.2960,0.7040,-21.0829,21,0.041233
TEL,67512,7.4410,8.2969,0.7031,-21.0616,21,0.041233
TEL,67612,8.0713,8.2800,0.7200,-22.6304,23,0.045160
TEL,67712,8.2721,8.2757,0.7241,-21.8294,22,0.043197
TEL,67812,8.2879,8.2770,0.7230,-21.6354,22,0.043197
TEL,67912,8.1168,8.2592,0.7354,-22.9966,23,0.045160
TEL,68012,8.2406,8.2556,0.7444,-22.4192,22,0.043197
TEL,68112,8.2721,8.2589,0.7416,-21.8247,22,0.043197
TEL,68212,7.9521,8.2484,0.7516,-23.3351,23,0.045160
TEL,68312,8.2563,8.2416,0.7590,-22.8688,23,0.045160
TEL,68412,8.3038,8.2456,0.7544,-22.2989,22,0.043197
TEL,68512,7.7653,8.2280,0.7720,-24.0365,24,0.047124
TEL,68612,8.2093,8.2207,0.7793,-23.4586,23,0.045160
TEL,68712,8.3198,8.2276,0.7724,-22.5822,23,0.045160
TEL,68812,6.8403,8.2301,0.7724,-22.5822,23,0.045160
TEL,68912,8.1783,8.2092,0.7848,-24.6560,25,0.049087
TEL,69012,8.2879,8.2147,0.7908,-23.9463,24,0.047124
TEL,69112,6.8850,8.2178,0.7853,-23.0585,23,0.045160
TEL,69212,8.0562,8.1944,0.7986,-25.1873,25,0.049087
TEL,69312,8.2879,8.2018,0.8080,-24.5883,25,0.049087
TEL,69412,8.2879,8.2099,0.7940,-23.1960,23,0.045160
TEL,69512,8.0713,8.1850,0.8085,-25.6401,26,0.051051
TEL,69612,8.2406,8.1891,0.8137,-24.2136,24,0.047124
TEL,69712,8.2879,8.2025,0.8020,-23.3500,23,0.045160
TEL,69812,7.7794,8.1816,0.8184,-26.1177,26,0.051051
TEL,69912,8.2406,8.1790,0.8245,-24.8472,25,0.049087
TEL,70012,8.3518,8.1917,0.8083,-22.9508,23,0.045160
TEL,70112,7.9375,8.1832,0.8168,-25.5232,26,0.051051
TEL,70212,8.2406,8.1805,0.8195,-24.0542,24,0.047124
TEL,70312,6.8292,8.1918,0.8082,-23.4204,23,0.045160
TEL,70412,6.9303,8.1961,0.8082,-23.4204,23,0.045160
TEL,70512,8.1474,8.1672,0.8282,-26.6711,27,0.053014
TEL,70612,8.2563,8.1795,0.8328,-25.1706,25,0.049087
TEL,70712,6.8850,8.1930,0.8144,-23.5243,24,0.047124
TEL,70812,8.0864,8.1700,0.8245,-26.0539,26,0.051051
TEL,70912,8.2721,8.1783,0.8313,-25.1418,25,0.049087
TEL,71012,8.2879,8.1844,0.8217,-23.8194,24,0.047124
TEL,71112,8.0412,8.1523,0.8402,-27.0550,27,0.053014
TEL,71212,8.3038,8.1629,0.8461,-25.1382,25,0.049087
TEL,71312,8.3198,8.1899,0.8187,-22.7790,23,0.045160
TEL,71412,7.7935,8.1653,0.8347,-26.8797,27,0.053014
TEL,71512,8.2406,8.1653,0.8398,-24.9988,25,0.049087
TEL,71612,8.3679,8.1880,0.8120,-22.5385,23,0.045160
TEL,71712,7.7653,8.1672,0.8328,-27.0353,27,0.053014
TEL,71812,8.1474,8.1564,0.8436,-25.4121,25,0.049087
TEL,71912,6.8626,8.1712,0.8288,-23.7916,24,0.047124
TEL,72012,6.8514,8.1799,0.8288,-23.7916,24,0.047124
TEL,72112,8.2093,8.1538,0.8443,-27.1418,27,0.053014
TEL,72212,8.2879,8.1679,0.8462,-24.7648,25,0.049087
TEL,72312,6.9876,8.1829,0.8243,-23.5633,24,0.047124
TEL,72412,8.0562,8.1501,0.8427,-27.2035,27,0.053014
TEL,72512,8.2879,8.1693,0.8501,-25.5298,26,0.051051
TEL,72612,8.3038,8.1853,0.8229,-23.5240,24,0.047124
TEL,72712,8.0412,8.1489,0.8427,-27.3786,27,0.053014
TEL,72812,8.2406,8.1549,0.8512,-25.5522,26,0.051051
TEL,72912,8.2879,8.1792,0.8283,-23.4807,23,0.045160
TEL,73012,7.7513,8.1518,0.8482,-27.5029,28,0.054978
TEL,73112,8.2563,8.1543,0.8533,-24.6869,25,0.049087
TEL,73212,6.8626,8.1624,0.8376,-23.9135,24,0.047124
TEL,73312,7.7095,8.1399,0.8601,-28.1296,28,0.054978
TEL,73412,8.1783,8.1358,0.8642,-25.4154,25,0.049087
TEL,73512,8.3038,8.1603,0.8397,-23.6260,24,0.047124
TEL,73612,6.8292,8.1690,0.8397,-23.6260,24,0.047124
TEL,73712,8.1321,8.1326,0.8610,-28.0858,28,0.054978
TEL,73812,8.3198,8.1521,0.8674,-26.0278,26,0.051051
TEL,73912,6.9417,8.1743,0.8353,-23.1764,23,0.045160
TEL,74012,8.0864,8.1324,0.8635,-28.7440,29,0.056941
TEL,74112,8.2563,8.1482,0.8676,-26.0314,26,0.051051
TEL,74212,8.3038,8.1668,0.8433,-24.0199,24,0.047124
TEL,74312,8.0562,8.1241,0.8700,-28.8558,29,0.056941
TEL,74412,8.2721,8.1341,0.8764,-26.3763,26,0.051051
TEL,74512,8.2879,8.1635,0.8583,-24.6165,25,0.049087
TEL,74612,8.3198,8.1890,0.8211,-22.3217,22,0.043197
TEL,74712,8.3038,8.2116,0.8028,-22.8511,23,0.045160
TEL,74812,8.3038,8.2245,0.7811,-22.3385,22,0.043197
TEL,74912,8.3679,8.2425,0.7703,-22.3402,22,0.043197
TEL,75012,8.3038,8.2516,0.7517,-21.6923,22,0.043197
TEL,75112,8.3038,8.2644,0.7380,-21.1785,21,0.041233
TEL,75212,8.3358,8.2711,0.7326,-21.5217,22,0.043197
TEL,75312,8.3358,8.2789,0.7240,-21.3692,21,0.041233
TEL,75412,8.3198,8.2850,0.7168,-20.8561,21,0.041233
TEL,75512,8.3198,8.2895,0.7119,-21.1305,21,0.041233
TEL,75612,8.3198,8.2927,0.7085,-20.9573,21,0.041233
TEL,75712,8.3038,8.2958,0.7045,-20.9837,21,0.041233
TEL,75812,8.3198,8.2981,0.7027,-20.8549,21,0.041233
TEL,75912,8.3198,8.3003,0.7004,-20.8145,21,0.041233
TEL,76012,8.3038,8.3011,0.6990,-20.8724,21,0.041233
TEL,76112,8.3198,8.3018,0.6987,-20.9502,21,0.041233
TEL,76212,7.4410,8.3009,0.6991,-21.1027,21,0.041233
TEL,76312,8.2093,8.2801,0.7173,-22.6801,23,0.045160
TEL,76412,8.2721,8.2790,0.7208,-21.7498,22,0.043197
TEL,76512,7.5731,8.2562,0.7438,-24.0499,24,0.047124
TEL,76612,8.1168,8.2342,0.7658,-23.8608,24,0.047124
TEL,76712,8.2721,8.2345,0.7655,-22.6934,23,0.045160
TEL,76812,8.3358,8.2419,0.7580,-22.0909,22,0.043197
TEL,76912,8.0562,8.2194,0.7806,-24.6748,25,0.049087
TEL,77012,8.2721,8.2208,0.7792,-22.9843,23,0.045160
TEL,77112,6.8292,8.2277,0.7723,-22.6089,23,0.045160
TEL,77212,7.8793,8.2115,0.7885,-24.4627,24,0.047124
TEL,77312,8.3198,8.2116,0.7940,-23.7922,24,0.047124
TEL,77412,8.3038,8.2189,0.7811,-22.7832,23,0.045160
TEL,77512,7.8077,8.2026,0.7974,-25.3996,25,0.049087
TEL,77612,8.2093,8.1962,0.8038,-23.9998,24,0.047124
TEL,77712,8.2879,8.2073,0.7927,-23.1411,23,0.045160
TEL,77812,6.8403,8.2073,0.7927,-23.1411,23,0.045160
TEL,77912,8.2563,8.1907,0.8090,-25.0858,25,0.049087
TEL,78012,8.2879,8.1990,0.8093,-23.7209,24,0.047124
TEL,78112,7.4671,8.2086,0.7957,-23.0642,23,0.045160
TEL,78212,8.0562,8.1793,0.8131,-26.0219,26,0.051051
TEL,78312,8.3038,8.1944,0.8198,-24.4689,24,0.047124
TEL,78412,8.2721,8.2044,0.7995,-23.0701,23,0.045160
TEL,78512,8.1321,8.1465,0.8328,-30.5741,31,0.060868
TEL,78612,8.3038,8.1597,0.8503,-25.0281,25,0.049087
TEL,78712,8.2879,8.1831,0.8330,-23.8861,24,0.047124
TEL,78812,7.8505,8.1619,0.8381,-26.7357,27,0.053014
TEL,78912,8.2563,8.1678,0.8380,-24.9692,25,0.049087
TEL,79012,8.3038,8.1868,0.8132,-23.2324,23,0.045160
TEL,79112,7.7513,8.1660,0.8340,-27.0441,27,0.053014
TEL,79212,8.1938,8.1618,0.8382,-24.7973,25,0.049087
TEL,79312,8.2879,8.1816,0.8184,-23.4894,23,0.045160
TEL,79412,7.4540,8.1882,0.8184,-23.4894,23,0.045160
TEL,79512,8.1628,8.1580,0.8360,-26.8927,27,0.053014
TEL,79612,8.2721,8.1699,0.8420,-25.2080,25,0.049087
TEL,79712,7.4671,8.1770,0.8301,-23.9030,24,0.047124
TEL,79812,8.0864,8.1510,0.8444,-26.9411,27,0.053014
TEL,79912,8.2879,8.1649,0.8483,-25.3332,25,0.049087
TEL,80012,8.3038,8.1801,0.8277,-23.7288,24,0.047124
TEL,80112,8.0562,8.1495,0.8438,-27.1105,27,0.053014
TEL,80212,8.2563,8.1560,0.8506,-25.5393,26,0.051051
TEL,80312,8.2721,8.1806,0.8255,-22.9060,23,0.045160
TEL,80412,7.8362,8.1594,0.8406,-26.8001,27,0.053014
TEL,80512,8.2406,8.1613,0.8439,-25.0859,25,0.049087
TEL,80612,8.2879,8.1742,0.8258,-23.6933,24,0.047124
TEL,80712,7.7095,8.1532,0.8468,-27.4934,27,0.053014
TEL,80812,8.1783,8.1487,0.8513,-25.2231,25,0.049087
TEL,80912,8.3518,8.1755,0.8245,-22.9719,23,0.045160
TEL,81012,6.9076,8.1817,0.8245,-22.9719,23,0.045160
TEL,81112,8.1783,8.1533,0.8436,-27.2039,27,0.053014
TEL,81212,8.2721,8.1710,0.8467,-25.1284,25,0.049087
TEL,81312,6.9303,8.1855,0.8215,-23.5187,24,0.047124
TEL,81412,8.0562,8.1535,0.8391,-27.0221,27,0.053014
TEL,81512,8.2879,8.1679,0.8469,-25.4689,25,0.049087
TEL,81612,8.2879,8.1835,0.8235,-23.4180,23,0.045160
TEL,81712,8.1168,8.1613,0.8355,-26.4922,26,0.051051
TEL,81812,8.2563,8.1681,0.8376,-24.9645,25,0.049087
TEL,81912,8.3038,8.1893,0.8180,-23.3858,23,0.045160
TEL,82012,7.7794,8.1650,0.8350,-26.8754,27,0.053014
TEL,82112,8.2406,8.1639,0.8411,-25.3517,25,0.049087
TEL,82212,8.2879,8.1783,0.8217,-23.6036,24,0.047124
TEL,82312,7.8793,8.1605,0.8395,-26.0747,26,0.051051
TEL,82412,8.1938,8.1546,0.8454,-24.9602,25,0.049087
TEL,82512,8.3038,8.1748,0.8252,-23.5268,24,0.047124
TEL,82612,6.8963,8.1826,0.8252,-23.5268,24,0.047124
TEL,82712,8.1938,8.1503,0.8450,-27.4169,27,0.053014
TEL,82812,8.2721,8.1625,0.8497,-25.0168,25,0.049087
TEL,82912,8.3198,8.1884,0.8286,-23.5345,24,0.047124
TEL,83012,8.3679,8.2075,0.8116,-23.0293,23,0.045160
TEL,83112,8.3038,8.2264,0.7864,-22.6697,23,0.045160
TEL,83212,8.3358,8.2383,0.7736,-22.4354,22,0.043197
TEL,83312,8.3198,8.2508,0.7568,-21.9800,22,0.043197
TEL,83412,8.3038,8.2564,0.7492,-21.8554,22,0.043197
TEL,83512,8.3198,8.2649,0.7436,-21.9026,22,0.043197
TEL,83612,8.3038,8.2693,0.7351,-21.6227,22,0.043197
TEL,83712,8.3038,8.2751,0.7307,-21.6624,22,0.043197
TEL,83812,8.3038,8.2782,0.7249,-21.5464,22,0.043197
TEL,83912,8.3198,8.2817,0.7208,-21.4655,21,0.041233
TEL,84012,8.3038,8.2834,0.7183,-21.3177,21,0.041233
TEL,84112,8.3358,8.2877,0.7159,-21.3660,21,0.041233
TEL,84212,8.3038,8.2887,0.7123,-21.1098,21,0.041233
TEL,84312,8.3198,8.2932,0.7102,-21.1549,21,0.041233
TEL,84412,8.3038,8.2948,0.7068,-21.0718,21,0.041233
TEL,84512,8.3038,8.2970,0.7054,-21.1936,21,0.041233
TEL,84612,8.3038,8.2974,0.7030,-21.0586,21,0.041233
TEL,84712,8.3038,8.2983,0.7024,-21.0465,21,0.041233
TEL,84812,8.2879,8.2982,0.7017,-21.0281,21,0.041233
TEL,84912,8.0262,8.2747,0.7172,-22.6678,23,0.045160
TEL,85012,8.2249,8.2687,0.7297,-22.5468,23,0.045160
TEL,85112,8.3841,8.2755,0.7283,-21.4306,21,0.041233
TEL,85212,7.4802,8.2755,0.7283,-21.4306,21,0.041233
TEL,85312,8.2249,8.2589,0.7352,-22.5904,23,0.045160
TEL,85412,8.2563,8.2599,0.7411,-22.4401,22,0.043197
TEL,85512,7.5197,8.2365,0.7362,-21.5022,22,0.043197
TEL,85612,8.1783,8.2227,0.7635,-24.9483,25,0.049087
TEL,85712,8.3038,8.2310,0.7773,-23.6770,24,0.047124
TEL,85812,7.1772,8.2336,0.7690,-22.5312,23,0.045160
TEL,85912,8.1321,8.2137,0.7819,-24.2345,24,0.047124
TEL,86012,8.2879,8.2156,0.7881,-23.9093,24,0.047124
TEL,86112,6.9076,8.1949,0.7809,-22.9047,23,0.045160
TEL,86212,7.9964,8.1838,0.8162,-25.0455,25,0.049087
TEL,86312,8.2721,8.1866,0.8184,-24.1580,24,0.047124
TEL,86412,7.6544,8.1636,0.8070,-23.2505,23,0.045160
TEL,86512,7.9816,8.1292,0.8708,-26.9687,27,0.053014
TEL,86612,8.2406,8.1368,0.8632,-24.7860,25,0.049087
TEL,86712,8.3038,8.1627,0.8373,-23.6553,24,0.047124
TEL,86812,7.6271,8.1279,0.8721,-28.7759,28,0.054978
TEL,86912,8.3038,8.1290,0.8843,-26.5151,27,0.053014
TEL,87012,8.2879,8.1488,0.8512,-23.9426,24,0.047124
TEL,87112,7.5597,8.1202,0.8798,-29.6988,28,0.054978
TEL,87212,8.1016,8.1076,0.8924,-26.8548,27,0.053014
TEL,87312,8.2721,8.1373,0.8627,-24.2322,24,0.047124
TEL,87412,7.1050,8.1546,0.8627,-24.2322,24,0.047124
TEL,87512,8.1321,8.1374,0.8621,-26.7002,27,0.053014
TEL,87612,8.2721,8.1507,0.8585,-25.1358,25,0.049087
TEL,87712,7.1050,8.1701,0.8299,-23.4113,23,0.045160
TEL,87812,7.9229,8.1531,0.8469,-26.2589,26,0.051051
TEL,87912,8.2721,8.1604,0.8475,-24.7925,25,0.049087
TEL,88012,8.3038,8.1777,0.8223,-23.3460,23,0.045160
TEL,88112,7.9669,8.1639,0.8361,-25.7707,26,0.051051
TEL,88212,8.2093,8.1629,0.8371,-24.6291,25,0.049087
TEL,88312,7.9521,8.1632,0.8230,-23.4481,23,0.045160
TEL,88412,7.5197,8.1221,0.8779,-29.4220,27,0.053014
TEL,88512,8.2093,8.1117,0.8883,-25.4744,25,0.049087
TEL,88612,8.3038,8.1353,0.8647,-23.9771,24,0.047124
TEL,88712,6.8403,8.1476,0.8647,-23.9771,24,0.047124
TEL,88812,8.1628,8.1345,0.8678,-26.8034,27,0.053014
TEL,88912,8.2879,8.1561,0.8624,-25.4081,25,0.049087
TEL,89012,7.1050,8.1660,0.8340,-23.5354,24,0.047124
TEL,89112,8.1783,8.1544,0.8473,-26.0886,26,0.051051
TEL,89212,8.2563,8.1681,0.8379,-23.9891,24,0.047124
TEL,89312,7.0694,8.1848,0.8152,-23.2514,23,0.045160
TEL,89412,7.8793,8.1655,0.8345,-25.9971,26,0.051051
TEL,89512,8.3198,8.1733,0.8366,-24.6130,25,0.049087
TEL,89612,8.3038,8.1914,0.8086,-23.0964,23,0.045160
TEL,89712,7.8077,8.1668,0.8332,-26.2223,26,0.051051
TEL,89812,8.1938,8.1644,0.8356,-24.7464,25,0.049087
TEL,89912,7.9375,8.1643,0.8202,-23.3362,23,0.045160
TEL,90012,7.5197,8.1213,0.8787,-29.5864,28,0.054978
TEL,90112,8.1938,8.1109,0.8891,-25.6353,26,0.051051
TEL,90212,8.2721,8.1340,0.8660,-24.3124,24,0.047124
TEL,90312,6.8071,8.1595,0.8660,-24.3124,24,0.047124
TEL,90412,8.0864,8.1335,0.8625,-27.5242,28,0.054978
TEL,90512,8.2721,8.1531,0.8632,-25.3925,25,0.049087
TEL,90612,8.2721,8.1245,0.8469,-24.0727,24,0.047124
TEL,90712,8.1016,8.1010,0.8990,-28.7392,29,0.056941
TEL,90812,8.2563,8.1184,0.8929,-25.8732,26,0.051051
TEL,90912,7.2757,8.1430,0.8570,-23.7566,24,0.047124
TEL,91012,7.7513,8.1135,0.8865,-28.0700,28,0.054978
TEL,91112,8.3198,8.1321,0.8834,-25.3194,25,0.049087
TEL,91212,7.5197,8.0953,0.8571,-24.0905,24,0.047124
TEL,91312,7.7935,8.0839,0.9161,-29.6569,28,0.054978
TEL,91412,8.1938,8.0937,0.9063,-25.7586,26,0.051051
TEL,91512,8.3038,8.1362,0.8789,-24.3080,24,0.047124
TEL,91612,8.3198,8.1641,0.8359,-22.9815,23,0.045160
TEL,91712,8.3198,8.1990,0.8010,-22.4539,22,0.043197
TEL,91812,8.3198,8.2170,0.7830,-22.2045,22,0.043197
TEL,91912,8.3358,8.2391,0.7609,-21.7147,22,0.043197
TEL,92012,8.3038,8.2487,0.7513,-21.9387,22,0.043197
TEL,92112,8.3198,8.2633,0.7404,-21.1259,21,0.041233
TEL,92212,8.3198,8.2698,0.7302,-21.4421,21,0.041233
TEL,92312,8.3198,8.2767,0.7233,-21.3396,21,0.041233
TEL,92412,8.3679,8.2841,0.7159,-20.8147,21,0.041233
TEL,92512,8.3038,8.2890,0.7110,-21.2197,21,0.041233
TEL,92612,8.3198,8.2917,0.7083,-21.0558,21,0.041233
TEL,92712,8.3679,8.2963,0.7066,-21.0295,21,0.041233
TEL,92812,8.3198,8.2981,0.7019,-20.9250,21,0.041233
TEL,92912,8.3198,8.2993,0.7007,-20.9088,21,0.041233
TEL,93012,8.3038,8.2996,0.7004,-20.9902,21,0.041233
TEL,93112,8.3038,8.2995,0.7006,-21.0744,21,0.041233
TEL,93212,6.8181,8.2992,0.7006,-21.0744,21,0.041233
TEL,93312,8.1628,8.2704,0.7172,-22.7384,23,0.045160
TEL,93412,8.2721,8.2694,0.7296,-22.5316,23,0.045160
TEL,93512,6.8626,8.2707,0.7299,-21.7964,22,0.043197
TEL,93612,8.0713,8.2450,0.7474,-23.7761,24,0.047124
