BALL_BEAM_BOOT
HELP,keys
MENU,bringup
MENU,state=SAFE_DISABLED,zero=yes,limits=yes,sign=yes,angle_ok=no,sonar_ok=no
MENU,sonar=flat_target_then_sonar_diag
STATE,SAFE_DISABLED
SENSORS,angle=bad,pos=bad
MEAS,theta_deg=0.0000,x_cm=0.0000,x_filt_cm=0.0000
AGE,angle_ms=9,pos_ms=9
FAULTS,bits=0
CAL,zero_calibrated=yes,limits_calibrated=yes,sign_calibrated=yes
CAL_STORE,status=loaded
TEL,enabled=1
FAULT_INFO,bits=0
FAULT_INFO,mode=bringup_warning
FAULT_INFO,none
GUIDE,step=angle_sensor,do=check_AS5600_then_s
TEL,353,SAFE_DISABLED,0.0000,0.0000,-42.6144,0.0000,0.00,4
TEL,453,SAFE_DISABLED,0.0000,0.0000,-38.8705,0.0000,0.00,4
TEL,553,SAFE_DISABLED,0.0000,0.0000,-43.0459,0.0000,0.00,4
TEL,653,SAFE_DISABLED,0.0000,0.0000,-41.3355,0.0000,0.00,4
TEL,753,SAFE_DISABLED,0.0000,0.0000,-42.7007,0.0000,0.00,4
TEL,854,SAFE_DISABLED,0.0000,0.0000,-49.5158,0.0000,0.00,4
TEL,954,SAFE_DISABLED,0.0000,0.0000,-48.5476,0.0000,0.00,4
TEL,1054,SAFE_DISABLED,0.0000,0.0000,-49.1264,0.0000,0.00,4
TEL,1154,SAFE_DISABLED,0.0000,0.0000,-54.3980,0.0000,0.00,4
TEL,1254,SAFE_DISABLED,0.0000,0.0000,-55.4381,0.0000,0.00,4
TEL,1354,SAFE_DISABLED,0.0000,0.0000,-56.3828,0.0000,0.00,5
TEL,1454,SAFE_DISABLED,0.0000,0.0000,-60.2528,0.0000,0.00,5
TEL,1554,SAFE_DISABLED,0.0000,0.0000,-62.8094,0.0000,0.00,5
TEL,1654,SAFE_DISABLED,0.0000,0.0000,-64.0813,0.0000,0.00,5
TEL,1754,SAFE_DISABLED,0.0000,0.0000,-65.6674,0.0000,0.00,5
TEL,1854,SAFE_DISABLED,0.0000,0.0000,-67.3614,0.0000,0.00,5
TEL,1954,SAFE_DISABLED,0.0000,0.0000,-69.1845,0.0000,0.00,5
TEL,2054,SAFE_DISABLED,0.0000,0.0000,-67.1351,0.0000,0.00,5
TEL,2154,SAFE_DISABLED,0.0000,0.0000,-71.6430,0.0000,0.00,5
TEL,2254,SAFE_DISABLED,0.0000,0.0000,-71.9392,0.0000,0.00,5
TEL,2354,SAFE_DISABLED,0.0000,0.0000,-71.8176,0.0000,0.00,5
TEL,2454,SAFE_DISABLED,0.0000,0.0000,-72.4300,0.0000,0.00,5
TEL,2554,SAFE_DISABLED,0.0000,0.0000,-72.5329,0.0000,0.00,5
TEL,2654,SAFE_DISABLED,0.0000,0.0000,-72.5502,0.0000,0.00,5
TEL,2754,SAFE_DISABLED,0.0000,0.0000,-72.5531,0.0000,0.00,5
TEL,2854,SAFE_DISABLED,0.0000,0.0000,-72.5536,0.0000,0.00,5
TEL,2954,SAFE_DISABLED,0.0000,0.0000,-72.5666,0.0000,0.00,5
TEL,3054,SAFE_DISABLED,0.0000,0.0000,-72.5559,0.0000,0.00,5
TEL,3154,SAFE_DISABLED,0.0000,0.0000,-72.5541,0.0000,0.00,5
TEL,3254,SAFE_DISABLED,0.0000,0.0000,-72.5538,0.0000,0.00,5
TEL,3354,SAFE_DISABLED,0.0000,0.0000,-72.5537,0.0000,0.00,5
TEL,3454,SAFE_DISABLED,0.0000,0.0000,-72.5537,0.0000,0.00,5
TEL,3554,SAFE_DISABLED,0.0000,0.0000,-72.5537,0.0000,0.00,5
TEL,3654,SAFE_DISABLED,0.0000,0.0000,-72.5537,0.0000,0.00,5
TEL,3755,SAFE_DISABLED,0.0000,0.0000,-72.5537,0.0000,0.00,5
TEL,3855,SAFE_DISABLED,0.0000,0.0000,-72.5537,0.0000,0.00,5
TEL,3955,SAFE_DISABLED,0.0000,0.0000,-72.5537,0.0000,0.00,5
TEL,4055,SAFE_DISABLED,0.0000,0.0000,-72.5537,0.0000,0.00,5
TEL,4155,SAFE_DISABLED,0.0000,0.0000,-72.5537,0.0000,0.00,5
TEL,4255,SAFE_DISABLED,0.0000,0.0000,-72.5537,0.0000,0.00,5
TEL,4355,SAFE_DISABLED,0.0000,0.0000,-72.5537,0.0000,0.00,5
TEL,4455,SAFE_DISABLED,0.0000,0.0000,-72.5537,0.0000,0.00,5
TEL,4555,SAFE_DISABLED,0.0000,0.0000,-72.5537,0.0000,0.00,5
TEL,4655,SAFE_DISABLED,0.0000,0.0000,-72.5537,0.0000,0.00,5
TEL,4755,SAFE_DISABLED,0.0000,0.0000,-72.5600,0.0000,0.00,5
TEL,4855,SAFE_DISABLED,0.0000,0.0000,-72.5548,0.0000,0.00,5
TEL,4955,SAFE_DISABLED,0.0000,0.0000,-72.5539,0.0000,0.00,5
TEL,5055,SAFE_DISABLED,0.0000,0.0000,-72.5537,0.0000,0.00,5
OK,stopped
GUIDE,step=sonar_sensor,do=flat_target_then_sonar_diag
TEL,5155,SAFE_DISABLED,0.0000,0.0000,-72.5537,0.0000,0.00,5
TEL,5255,SAFE_DISABLED,0.0000,0.0000,-72.5537,0.0000,0.00,5
TEL,5355,SAFE_DISABLED,0.0000,0.0000,-72.5537,0.0000,0.00,5
TEL,5455,SAFE_DISABLED,0.0000,0.0000,-72.5537,0.0000,0.00,5
TEL,5555,SAFE_DISABLED,0.0000,0.0000,-72.5537,0.0000,0.00,5
TEL,5655,SAFE_DISABLED,0.0000,0.0000,-72.5537,0.0000,0.00,5
TEL,5755,SAFE_DISABLED,0.0000,0.0000,-72.5722,0.0000,0.00,5
TEL,5855,SAFE_DISABLED,0.0000,0.0000,-72.5568,0.0000,0.00,5
TEL,5955,SAFE_DISABLED,0.0000,0.0000,-72.5542,0.0000,0.00,5
TEL,6055,SAFE_DISABLED,0.0000,0.0000,-72.5538,0.0000,0.00,5
TEL,6155,SAFE_DISABLED,0.0000,0.0000,-72.5537,0.0000,0.00,5
TEL,6255,SAFE_DISABLED,0.0000,0.0000,-72.5537,0.0000,0.00,5
TEL,6355,SAFE_DISABLED,0.0000,0.0000,-72.5537,0.0000,0.00,5
TEL,6455,SAFE_DISABLED,0.0000,0.0000,-72.5537,0.0000,0.00,5
TEL,6555,SAFE_DISABLED,0.0000,0.0000,-72.5801,0.0000,0.00,5
TEL,6656,SAFE_DISABLED,0.0000,0.0000,-72.5645,0.0000,0.00,5
TEL,6756,SAFE_DISABLED,0.0000,0.0000,-72.5555,0.0000,0.00,5
TEL,6856,SAFE_DISABLED,0.0000,0.0000,-72.5540,0.0000,0.00,5
TEL,6956,SAFE_DISABLED,0.0000,0.0000,-72.5628,0.0000,0.00,5
TEL,7056,SAFE_DISABLED,0.0000,0.0000,-72.5552,0.0000,0.00,5
TEL,7156,SAFE_DISABLED,0.0000,0.0000,-72.5540,0.0000,0.00,5
TEL,7256,SAFE_DISABLED,0.0000,0.0000,-72.5538,0.0000,0.00,5
TEL,7356,SAFE_DISABLED,0.0000,0.0000,-72.5537,0.0000,0.00,5
TEL,7456,SAFE_DISABLED,0.0000,0.0000,-72.5537,0.0000,0.00,5
TEL,7556,SAFE_DISABLED,0.0000,0.0000,-72.5628,0.0000,0.00,5
TEL,7656,SAFE_DISABLED,0.0000,0.0000,-72.5552,0.0000,0.00,5
TEL,7756,SAFE_DISABLED,0.0000,0.0000,-72.5540,0.0000,0.00,5
TEL,7856,SAFE_DISABLED,0.0000,0.0000,-72.5538,0.0000,0.00,5
TEL,7956,SAFE_DISABLED,0.0000,0.0000,-72.5537,0.0000,0.00,5
TEL,8056,SAFE_DISABLED,0.0000,0.0000,-72.5537,0.0000,0.00,5
TEL,8156,SAFE_DISABLED,0.0000,0.0000,-72.5537,0.0000,0.00,5
TEL,8256,SAFE_DISABLED,0.0000,0.0000,-72.5537,0.0000,0.00,5
TEL,8356,SAFE_DISABLED,0.0000,0.0000,-72.5537,0.0000,0.00,5
TEL,8456,SAFE_DISABLED,0.0000,0.0000,-72.5537,0.0000,0.00,5
TEL,8556,SAFE_DISABLED,0.0000,0.0000,-71.4232,0.0000,0.00,5
TEL,8656,SAFE_DISABLED,0.0000,0.0000,-71.7306,0.0000,0.00,5
TEL,8756,SAFE_DISABLED,0.0000,0.0000,-72.4154,0.0000,0.00,5
TEL,8856,SAFE_DISABLED,0.0000,0.0000,-69.1203,0.0000,0.00,5
TEL,8956,SAFE_DISABLED,0.0000,0.0000,-66.6430,0.0000,0.00,5
TEL,9056,SAFE_DISABLED,0.0000,0.0000,-68.3892,0.0000,0.00,5
TEL,9156,SAFE_DISABLED,0.0000,0.0000,-64.0061,0.0000,0.00,5
TEL,9256,SAFE_DISABLED,0.0000,0.0000,-61.1420,0.0000,0.00,5
TEL,9356,SAFE_DISABLED,0.0000,0.0000,-61.8148,0.0000,0.00,5
TEL,9456,SAFE_DISABLED,0.0000,0.0000,-56.7059,0.0000,0.00,5
TEL,9556,SAFE_DISABLED,0.0000,0.0000,-51.3579,0.0000,0.00,5
TEL,9656,SAFE_DISABLED,0.0000,0.0000,-53.1487,0.0000,0.00,5
OK,driver_disabled
TEL,9756,SAFE_DISABLED,0.0000,0.0000,-51.9554,0.0000,0.00,5
TEL,9856,SAFE_DISABLED,0.0000,0.0000,-44.6163,0.0000,0.00,5
TEL,9956,SAFE_DISABLED,0.0000,0.0000,-45.2711,0.0000,0.00,5
TEL,10056,SAFE_DISABLED,0.0000,0.0000,-43.9521,0.0000,0.00,5
TEL,10156,SAFE_DISABLED,0.0000,0.0000,-39.8674,0.0000,0.00,5
TEL,10256,SAFE_DISABLED,0.0000,0.0000,-40.1821,0.0000,0.00,5
TEL,10356,SAFE_DISABLED,0.0000,0.0000,-39.5055,0.0000,0.00,5
TEL,10456,SAFE_DISABLED,0.0000,0.0000,-38.4998,0.0000,0.00,5
TEL,10556,SAFE_DISABLED,0.0000,0.0000,-37.8359,0.0000,0.00,5
TEL,10656,SAFE_DISABLED,0.0000,0.0000,-37.7059,0.0000,0.00,5
TEL,10756,SAFE_DISABLED,0.0000,0.0000,-37.7025,0.0000,0.00,5
TEL,10856,SAFE_DISABLED,0.0000,0.0000,-37.6964,0.0000,0.00,5
TEL,10956,SAFE_DISABLED,0.0000,0.0000,-37.7311,0.0000,0.00,5
TEL,11056,SAFE_DISABLED,0.0000,0.0000,-37.6993,0.0000,0.00,5
TEL,11156,SAFE_DISABLED,0.0000,0.0000,-37.7052,0.0000,0.00,5
TEL,11256,SAFE_DISABLED,0.0000,0.0000,-37.7134,0.0000,0.00,5
TEL,11356,SAFE_DISABLED,0.0000,0.0000,-37.7076,0.0000,0.00,5
TEL,11456,SAFE_DISABLED,0.0000,0.0000,-37.6843,0.0000,0.00,5
TEL,11556,SAFE_DISABLED,0.0000,0.0000,-37.6804,0.0000,0.00,5
TEL,11656,SAFE_DISABLED,0.0000,0.0000,-37.7100,0.0000,0.00,5
TEL,11756,SAFE_DISABLED,0.0000,0.0000,-37.6957,0.0000,0.00,5
TEL,11856,SAFE_DISABLED,0.0000,0.0000,-37.7401,0.0000,0.00,5
TEL,11956,SAFE_DISABLED,0.0000,0.0000,-37.6936,0.0000,0.00,5
TEL,12056,SAFE_DISABLED,0.0000,0.0000,-37.7178,0.0000,0.00,5
TEL,12156,SAFE_DISABLED,0.0000,0.0000,-37.6836,0.0000,0.00,5
TEL,12256,SAFE_DISABLED,0.0000,0.0000,-37.6778,0.0000,0.00,5
TEL,12356,SAFE_DISABLED,0.0000,0.0000,-37.7088,0.0000,0.00,5
TEL,12456,SAFE_DISABLED,0.0000,0.0000,-37.6691,0.0000,0.00,5
TEL,12556,SAFE_DISABLED,0.0000,0.0000,-37.6888,0.0000,0.00,5
TEL,12656,SAFE_DISABLED,0.0000,0.0000,-37.6658,0.0000,0.00,5
TEL,12756,SAFE_DISABLED,0.0000,0.0000,-37.6804,0.0000,0.00,5
TEL,12856,SAFE_DISABLED,0.0000,0.0000,-37.6828,0.0000,0.00,5
TEL,12956,SAFE_DISABLED,0.0000,0.0000,-37.6648,0.0000,0.00,5
TEL,13056,SAFE_DISABLED,0.0000,0.0000,-37.6617,0.0000,0.00,5
TEL,13156,SAFE_DISABLED,0.0000,0.0000,-37.6612,0.0000,0.00,5
TEL,13256,SAFE_DISABLED,0.0000,0.0000,-37.6611,0.0000,0.00,5
TEL,13356,SAFE_DISABLED,0.0000,0.0000,-37.6702,0.0000,0.00,5
TEL,13456,SAFE_DISABLED,0.0000,0.0000,-37.6756,0.0000,0.00,5
TEL,13556,SAFE_DISABLED,0.0000,0.0000,-37.6699,0.0000,0.00,5
TEL,13656,SAFE_DISABLED,0.0000,0.0000,-37.6626,0.0000,0.00,5
TEL,13756,SAFE_DISABLED,0.0000,0.0000,-37.6614,0.0000,0.00,5
TEL,13856,SAFE_DISABLED,0.0000,0.0000,-37.6612,0.0000,0.00,5
TEL,13956,SAFE_DISABLED,0.0000,0.0000,-37.6702,0.0000,0.00,5
TEL,14056,SAFE_DISABLED,0.0000,0.0000,-37.7204,0.0000,0.00,5
TEL,14156,SAFE_DISABLED,0.0000,0.0000,-37.6711,0.0000,0.00,5
TEL,14256,SAFE_DISABLED,0.0000,0.0000,-37.6813,0.0000,0.00,5
TEL,14356,SAFE_DISABLED,0.0000,0.0000,-37.6799,0.0000,0.00,5
TEL,14456,SAFE_DISABLED,0.0000,0.0000,-37.6918,0.0000,0.00,5
TEL,14556,SAFE_DISABLED,0.0000,0.0000,-37.6990,0.0000,0.00,5
TEL,14656,SAFE_DISABLED,0.0000,0.0000,-37.6738,0.0000,0.00,5
TEL,14756,SAFE_DISABLED,0.0000,0.0000,-37.6960,0.0000,0.00,5
TEL,14856,SAFE_DISABLED,0.0000,0.0000,-37.6670,0.0000,0.00,5
TEL,14956,SAFE_DISABLED,0.0000,0.0000,-37.6621,0.0000,0.00,5
TEL,15056,SAFE_DISABLED,0.0000,0.0000,-37.6805,0.0000,0.00,5
CAL_ZERO,as5600_zero_deg=304.848632,sonar_center_cm=12.465011,zero_calibrated=yes
GUIDE,step=sonar_sensor,do=flat_target_then_sonar_diag
TEL,15156,SAFE_DISABLED,0.0000,0.0000,-37.6829,0.0000,0.00,5
TEL,15256,SAFE_DISABLED,0.0000,0.0000,-37.6975,0.0000,0.00,5
TEL,15356,SAFE_DISABLED,0.0000,0.0000,-37.6826,0.0000,0.00,5
TEL,15456,SAFE_DISABLED,0.0000,0.0000,-37.6647,0.0000,0.00,5
TEL,15556,SAFE_DISABLED,0.0000,0.0000,-37.6747,0.0000,0.00,5
TEL,15656,SAFE_DISABLED,0.0000,0.0000,-37.7146,0.0000,0.00,5
TEL,15756,SAFE_DISABLED,0.0000,0.0000,-37.7105,0.0000,0.00,5
TEL,15856,SAFE_DISABLED,0.0000,0.0000,-37.7021,0.0000,0.00,5
TEL,15956,SAFE_DISABLED,0.0000,0.0000,-37.7057,0.0000,0.00,5
TEL,16056,SAFE_DISABLED,0.0000,0.0000,-37.6686,0.0000,0.00,5
TEL,16156,SAFE_DISABLED,0.0000,0.0000,-37.7017,0.0000,0.00,5
TEL,16256,SAFE_DISABLED,0.0000,0.0000,-37.7128,0.0000,0.00,5
TEL,16356,SAFE_DISABLED,0.0000,0.0000,-37.7091,0.0000,0.00,5
TEL,16456,SAFE_DISABLED,0.0000,0.0000,-37.6821,0.0000,0.00,5
TEL,16556,SAFE_DISABLED,0.0000,0.0000,-38.0140,0.0000,0.00,5
TEL,16656,SAFE_DISABLED,0.0000,0.0000,-37.7672,0.0000,0.00,5
TEL,16756,SAFE_DISABLED,0.0000,0.0000,-37.7207,0.0000,0.00,5
TEL,16856,SAFE_DISABLED,0.0000,0.0000,-40.6361,0.0000,0.00,5
CAL_LIMITS,lower_deg=-19.467773,upper_deg=71.586914,limits_calibrated=yes
GUIDE,step=sonar_sensor,do=flat_target_then_sonar_diag
TEL,16956,SAFE_DISABLED,0.0000,0.0000,-40.4498,0.0000,0.00,5
TEL,17056,SAFE_DISABLED,0.0000,0.0000,-41.5696,0.0000,0.00,5
TEL,17156,SAFE_DISABLED,0.0000,0.0000,-48.1018,0.0000,0.00,5
TEL,17256,SAFE_DISABLED,0.0000,0.0000,-46.9434,0.0000,0.00,5
TEL,17356,SAFE_DISABLED,0.0000,0.0000,-48.3360,0.0000,0.00,5
TEL,17456,SAFE_DISABLED,0.0000,0.0000,-52.4012,0.0000,0.00,5
TEL,17556,SAFE_DISABLED,0.0000,0.0000,-55.1507,0.0000,0.00,5
TEL,17656,SAFE_DISABLED,0.0000,0.0000,-56.5279,0.0000,0.00,5
TEL,17756,SAFE_DISABLED,0.0000,0.0000,-61.0168,0.0000,0.00,5
TEL,17856,SAFE_DISABLED,0.0000,0.0000,-63.9476,0.0000,0.00,5
TEL,17956,SAFE_DISABLED,0.0000,0.0000,-66.1201,0.0000,0.00,5
TEL,18056,SAFE_DISABLED,0.0000,0.0000,-64.0255,0.0000,0.00,5
TEL,18156,SAFE_DISABLED,0.0000,0.0000,-69.9992,0.0000,0.00,5
TEL,18256,SAFE_DISABLED,0.0000,0.0000,-70.7768,0.0000,0.00,5
TEL,18356,SAFE_DISABLED,0.0000,0.0000,-69.3606,0.0000,0.00,5
TEL,18456,SAFE_DISABLED,0.0000,0.0000,-72.0170,0.0000,0.00,5
TEL,18556,SAFE_DISABLED,0.0000,0.0000,-72.4635,0.0000,0.00,5
OK,cal_zero_angle_set=343.617187
CAL_ZERO,as5600_zero_deg=343.617187,sonar_center_cm=12.465011,zero_calibrated=yes
GUIDE,step=sonar_sensor,do=flat_target_then_sonar_diag
TEL,18745,SAFE_DISABLED,0.0000,0.0000,-26.2852,0.0000,0.00,5
TEL,18845,SAFE_DISABLED,0.0000,0.0000,-3.5157,0.0000,0.00,1
TEL,18945,SAFE_DISABLED,0.0000,0.0000,0.2765,0.0000,0.00,1
TEL,19045,SAFE_DISABLED,0.0000,0.0000,-0.9080,0.0000,0.00,1
TEL,19145,SAFE_DISABLED,0.0000,0.0000,-2.3481,0.0000,0.00,1
TEL,19245,SAFE_DISABLED,0.0000,0.0000,-1.3098,0.0000,0.00,1
TEL,19345,SAFE_DISABLED,0.0000,0.0000,-18.1412,0.0000,0.00,1
TEL,19445,SAFE_DISABLED,0.0000,0.0000,-31.1559,0.0000,0.00,5
TEL,19545,SAFE_DISABLED,0.0000,0.0000,-33.3433,0.0000,0.00,5
TEL,19645,SAFE_DISABLED,0.0000,0.0000,-33.7109,0.0000,0.00,5
TEL,19745,SAFE_DISABLED,0.0000,0.0000,-33.7727,0.0000,0.00,5
TEL,19845,SAFE_DISABLED,0.0000,0.0000,-33.7831,0.0000,0.00,5
TEL,19945,SAFE_DISABLED,0.0000,0.0000,-33.7848,0.0000,0.00,5
TEL,20045,SAFE_DISABLED,0.0000,0.0000,-33.7851,0.0000,0.00,5
TEL,20145,SAFE_DISABLED,0.0000,0.0000,-33.7851,0.0000,0.00,5
TEL,20245,SAFE_DISABLED,0.0000,0.0000,-33.7915,0.0000,0.00,5
TEL,20345,SAFE_DISABLED,0.0000,0.0000,-33.7862,0.0000,0.00,5
TEL,20445,SAFE_DISABLED,0.0000,0.0000,-33.7853,0.0000,0.00,5
TEL,20545,SAFE_DISABLED,0.0000,0.0000,-33.7852,0.0000,0.00,5
TEL,20645,SAFE_DISABLED,0.0000,0.0000,-33.7852,0.0000,0.00,5
TEL,20745,SAFE_DISABLED,0.0000,0.0000,-33.7852,0.0000,0.00,5
TEL,20845,SAFE_DISABLED,0.0000,0.0000,-33.7852,0.0000,0.00,5
TEL,20945,SAFE_DISABLED,0.0000,0.0000,-33.7852,0.0000,0.00,5
TEL,21045,SAFE_DISABLED,0.0000,0.0000,-33.7852,0.0000,0.00,5
TEL,21145,SAFE_DISABLED,0.0000,0.0000,-33.7852,0.0000,0.00,5
TEL,21245,SAFE_DISABLED,0.0000,0.0000,-33.7852,0.0000,0.00,5
TEL,21345,SAFE_DISABLED,0.0000,0.0000,-33.7852,0.0000,0.00,5
TEL,21445,SAFE_DISABLED,0.0000,0.0000,-33.7852,0.0000,0.00,5
TEL,21545,SAFE_DISABLED,0.0000,0.0000,-33.7852,0.0000,0.00,5
TEL,21645,SAFE_DISABLED,0.0000,0.0000,-33.7852,0.0000,0.00,5
TEL,21745,SAFE_DISABLED,0.0000,0.0000,-33.7852,0.0000,0.00,5
TEL,21846,SAFE_DISABLED,0.0000,0.0000,-33.7852,0.0000,0.00,5
TEL,21946,SAFE_DISABLED,0.0000,0.0000,-33.7852,0.0000,0.00,5
TEL,22046,SAFE_DISABLED,0.0000,0.0000,-28.5982,0.0000,0.00,5
TEL,22146,SAFE_DISABLED,0.0000,0.0000,-26.9467,0.0000,0.00,5
TEL,22246,SAFE_DISABLED,0.0000,0.0000,-28.9156,0.0000,0.00,5
TEL,22346,SAFE_DISABLED,0.0000,0.0000,-8.6742,0.0000,0.00,1
TEL,22446,SAFE_DISABLED,0.0000,0.0000,-1.4895,0.0000,0.00,1
TEL,22546,SAFE_DISABLED,0.0000,0.0000,-2.2782,0.0000,0.00,1
TEL,22646,SAFE_DISABLED,0.0000,0.0000,0.0414,0.0000,0.00,1
TEL,22746,SAFE_DISABLED,0.0000,0.0000,0.8744,0.0000,0.00,1
TEL,22846,SAFE_DISABLED,0.0000,0.0000,1.0344,0.0000,0.00,1
TEL,22946,SAFE_DISABLED,0.0000,0.0000,1.0350,0.0000,0.00,1
TEL,23046,SAFE_DISABLED,0.0000,0.0000,1.0469,0.0000,0.00,1
TEL,23146,SAFE_DISABLED,0.0000,0.0000,1.0524,0.0000,0.00,1
TEL,23246,SAFE_DISABLED,0.0000,0.0000,1.0918,0.0000,0.00,1
TEL,23346,SAFE_DISABLED,0.0000,0.0000,1.0773,0.0000,0.00,1
TEL,23446,SAFE_DISABLED,0.0000,0.0000,1.0760,0.0000,0.00,1
TEL,23546,SAFE_DISABLED,0.0000,0.0000,1.0565,0.0000,0.00,1
TEL,23646,SAFE_DISABLED,0.0000,0.0000,1.0859,0.0000,0.00,1
TEL,23746,SAFE_DISABLED,0.0000,0.0000,1.0436,0.0000,0.00,1
TEL,23846,SAFE_DISABLED,0.0000,0.0000,1.0390,0.0000,0.00,1
TEL,23946,SAFE_DISABLED,0.0000,0.0000,1.0896,0.0000,0.00,1
TEL,24046,SAFE_DISABLED,0.0000,0.0000,1.0981,0.0000,0.00,1
TEL,24146,SAFE_DISABLED,0.0000,0.0000,1.0784,0.0000,0.00,1
TEL,24246,SAFE_DISABLED,0.0000,0.0000,1.1025,0.0000,0.00,1
TEL,24346,SAFE_DISABLED,0.0000,0.0000,1.0802,0.0000,0.00,1
TEL,24446,SAFE_DISABLED,0.0000,0.0000,1.0965,0.0000,0.00,1
TEL,24546,SAFE_DISABLED,0.0000,0.0000,1.0792,0.0000,0.00,1
ERR,unknown_command,try=h
TEL,24646,SAFE_DISABLED,0.0000,0.0000,1.1027,0.0000,0.00,1
TEL,24747,SAFE_DISABLED,0.0000,0.0000,1.0803,0.0000,0.00,1
TEL,24847,SAFE_DISABLED,0.0000,0.0000,1.0809,0.0000,0.00,1
TEL,24947,SAFE_DISABLED,0.0000,0.0000,1.1030,0.0000,0.00,1
TEL,25047,SAFE_DISABLED,0.0000,0.0000,1.1067,0.0000,0.00,1
TEL,25147,SAFE_DISABLED,0.0000,0.0000,1.1073,0.0000,0.00,1
TEL,25247,SAFE_DISABLED,0.0000,0.0000,1.0984,0.0000,0.00,1
TEL,25347,SAFE_DISABLED,0.0000,0.0000,1.1059,0.0000,0.00,1
TEL,25447,SAFE_DISABLED,0.0000,0.0000,1.0942,0.0000,0.00,1
TEL,25547,SAFE_DISABLED,0.0000,0.0000,1.0868,0.0000,0.00,1
TEL,25647,SAFE_DISABLED,0.0000,0.0000,1.0910,0.0000,0.00,1
TEL,25747,SAFE_DISABLED,0.0000,0.0000,1.0917,0.0000,0.00,1
OK,cal_limit_down_set=-33.785156
INFO,limits_normalized_from_down_up
CAL_LIMITS,lower_deg=-33.785156,upper_deg=71.586914,limits_calibrated=yes
GUIDE,step=sonar_sensor,do=flat_target_then_sonar_diag
TEL,25980,SAFE_DISABLED,0.0000,0.0000,-6.3944,0.0000,0.00,1
TEL,26080,SAFE_DISABLED,0.0000,0.0000,-29.1879,0.0000,0.00,1
TEL,26180,SAFE_DISABLED,0.0000,0.0000,-33.0125,0.0000,0.00,1
TEL,26280,SAFE_DISABLED,0.0000,0.0000,-33.6553,0.0000,0.00,1
TEL,26380,SAFE_DISABLED,0.0000,0.0000,-33.7633,0.0000,0.00,1
TEL,26480,SAFE_DISABLED,0.0000,0.0000,-33.7944,0.0000,0.00,1
TEL,26580,SAFE_DISABLED,0.0000,0.0000,-33.8194,0.0000,0.00,1
TEL,26680,SAFE_DISABLED,0.0000,0.0000,-33.7909,0.0000,0.00,1
TEL,26780,SAFE_DISABLED,0.0000,0.0000,-33.7861,0.0000,0.00,1
TEL,26880,SAFE_DISABLED,0.0000,0.0000,-33.7853,0.0000,0.00,1
TEL,26980,SAFE_DISABLED,0.0000,0.0000,-33.7852,0.0000,0.00,1
TEL,27080,SAFE_DISABLED,0.0000,0.0000,-33.7852,0.0000,0.00,1
TEL,27180,SAFE_DISABLED,0.0000,0.0000,-33.7852,0.0000,0.00,1
TEL,27280,SAFE_DISABLED,0.0000,0.0000,-33.7852,0.0000,0.00,1
TEL,27380,SAFE_DISABLED,0.0000,0.0000,-33.7852,0.0000,0.00,1
TEL,27480,SAFE_DISABLED,0.0000,0.0000,-33.8036,0.0000,0.00,1
TEL,27580,SAFE_DISABLED,0.0000,0.0000,-33.7883,0.0000,0.00,1
TEL,27680,SAFE_DISABLED,0.0000,0.0000,-33.7857,0.0000,0.00,1
TEL,27780,SAFE_DISABLED,0.0000,0.0000,-33.7852,0.0000,0.00,1
TEL,27880,SAFE_DISABLED,0.0000,0.0000,-33.7852,0.0000,0.00,1
TEL,27980,SAFE_DISABLED,0.0000,0.0000,-33.7852,0.0000,0.00,1
TEL,28080,SAFE_DISABLED,0.0000,0.0000,-33.7942,0.0000,0.00,1
TEL,28180,SAFE_DISABLED,0.0000,0.0000,-33.7996,0.0000,0.00,1
TEL,28280,SAFE_DISABLED,0.0000,0.0000,-33.7876,0.0000,0.00,1
TEL,28380,SAFE_DISABLED,0.0000,0.0000,-33.7856,0.0000,0.00,1
TEL,28480,SAFE_DISABLED,0.0000,0.0000,-33.7852,0.0000,0.00,1
TEL,28580,SAFE_DISABLED,0.0000,0.0000,-33.7852,0.0000,0.00,1
TEL,28680,SAFE_DISABLED,0.0000,0.0000,-33.7852,0.0000,0.00,1
TEL,28780,SAFE_DISABLED,0.0000,0.0000,-33.7852,0.0000,0.00,1
TEL,28880,SAFE_DISABLED,0.0000,0.0000,-33.7852,0.0000,0.00,1
TEL,28980,SAFE_DISABLED,0.0000,0.0000,-33.7852,0.0000,0.00,1
TEL,29080,SAFE_DISABLED,0.0000,0.0000,-33.7852,0.0000,0.00,1
TEL,29180,SAFE_DISABLED,0.0000,0.0000,-30.2187,0.0000,0.00,1
TEL,29280,SAFE_DISABLED,0.0000,0.0000,-30.4632,0.0000,0.00,1
TEL,29380,SAFE_DISABLED,0.0000,0.0000,-28.3873,0.0000,0.00,1
TEL,29480,SAFE_DISABLED,0.0000,0.0000,-23.7301,0.0000,0.00,1
TEL,29580,SAFE_DISABLED,0.0000,0.0000,-19.1891,0.0000,0.00,1
TEL,29680,SAFE_DISABLED,0.0000,0.0000,-18.5227,0.0000,0.00,1
TEL,29780,SAFE_DISABLED,0.0000,0.0000,-15.1658,0.0000,0.00,1
TEL,29880,SAFE_DISABLED,0.0000,0.0000,-13.4683,0.0000,0.00,1
TEL,29980,SAFE_DISABLED,0.0000,0.0000,-7.8651,0.0000,0.00,1
TEL,30080,SAFE_DISABLED,0.0000,0.0000,-11.9905,0.0000,0.00,1
TEL,30180,SAFE_DISABLED,0.0000,0.0000,-4.5613,0.0000,0.00,1
TEL,30280,SAFE_DISABLED,0.0000,0.0000,-0.9844,0.0000,0.00,1
TEL,30380,SAFE_DISABLED,0.0000,0.0000,-0.3075,0.0000,0.00,1
TEL,30480,SAFE_DISABLED,0.0000,0.0000,14.2586,0.0000,0.00,1
TEL,30580,SAFE_DISABLED,0.0000,0.0000,39.7447,0.0000,0.00,1
TEL,30680,SAFE_DISABLED,0.0000,0.0000,56.8315,0.0000,0.00,1
TEL,30780,SAFE_DISABLED,0.0000,0.0000,59.9013,0.0000,0.00,1
TEL,30880,SAFE_DISABLED,0.0000,0.0000,60.3909,0.0000,0.00,1
TEL,30980,SAFE_DISABLED,0.0000,0.0000,60.3596,0.0000,0.00,1
TEL,31080,SAFE_DISABLED,1.7352,0.0888,60.3480,0.0000,0.00,0
TEL,31180,SAFE_DISABLED,1.7352,0.0888,60.3461,0.0000,0.00,0
TEL,31280,SAFE_DISABLED,1.7352,0.0888,60.3458,0.0000,0.00,0
TEL,31380,SAFE_DISABLED,1.7352,0.0888,60.3457,0.0000,0.00,0
TEL,31480,SAFE_DISABLED,1.7352,0.0888,60.3457,0.0000,0.00,0
TEL,31580,SAFE_DISABLED,3.8618,2.3526,60.3457,0.0000,0.00,0
TEL,31680,SAFE_DISABLED,3.8618,2.3526,60.3457,0.0000,0.00,0
TEL,31780,SAFE_DISABLED,3.8618,2.3526,60.3457,0.0000,0.00,0
TEL,31880,SAFE_DISABLED,3.8618,2.3526,60.3457,0.0000,0.00,0
TEL,31980,SAFE_DISABLED,3.8618,2.3526,60.3457,0.0000,0.00,0
TEL,32080,SAFE_DISABLED,3.8618,2.3526,60.3457,0.0000,0.00,0
TEL,32180,SAFE_DISABLED,3.8618,2.3526,60.3457,0.0000,0.00,0
TEL,32280,SAFE_DISABLED,3.8618,2.3526,60.3457,0.0000,0.00,0
TEL,32380,SAFE_DISABLED,3.8618,2.3526,60.3457,0.0000,0.00,0
TEL,32480,SAFE_DISABLED,3.8618,2.3526,60.3457,0.0000,0.00,0
TEL,32580,SAFE_DISABLED,3.8618,2.3526,60.3457,0.0000,0.00,1
TEL,32680,SAFE_DISABLED,13.1914,8.8559,60.3457,0.0000,0.00,0
TEL,32780,SAFE_DISABLED,13.1914,8.8559,60.3457,0.0000,0.00,0
TEL,32880,SAFE_DISABLED,15.9011,13.0830,60.3457,0.0000,0.00,0
TEL,32980,SAFE_DISABLED,15.9011,13.0830,60.3457,0.0000,0.00,0
OK,cal_limit_down_set=60.345703
INFO,limits_normalized_from_down_up
CAL_LIMITS,lower_deg=60.345703,upper_deg=71.586914,limits_calibrated=yes
GUIDE,step=sonar_sensor,do=flat_target_then_sonar_diag
TEL,33163,SAFE_DISABLED,15.9011,13.0830,60.3457,0.0000,0.00,0
TEL,33263,SAFE_DISABLED,15.9011,13.0830,60.3457,0.0000,0.00,0
TEL,33363,SAFE_DISABLED,15.9011,13.0830,60.3457,0.0000,0.00,0
TEL,33463,SAFE_DISABLED,15.9011,13.0830,60.3457,0.0000,0.00,0
TEL,33563,SAFE_DISABLED,15.9011,13.0830,60.3457,0.0000,0.00,0
TEL,33664,SAFE_DISABLED,15.9011,13.0830,57.4717,0.0000,0.00,4
TEL,33764,SAFE_DISABLED,15.9011,13.0830,17.9142,0.0000,0.00,4
TEL,33864,SAFE_DISABLED,15.9011,13.0830,0.3156,0.0000,0.00,5
TEL,33964,SAFE_DISABLED,15.9011,13.0830,2.5111,0.0000,0.00,5
TEL,34064,SAFE_DISABLED,15.9011,13.0830,-32.9638,0.0000,0.00,5
TEL,34164,SAFE_DISABLED,15.9011,13.0830,-48.0852,0.0000,0.00,5
TEL,34264,SAFE_DISABLED,15.9011,13.0830,-45.4734,0.0000,0.00,5
TEL,34364,SAFE_DISABLED,15.9011,13.0830,-67.5842,0.0000,0.00,5
TEL,34464,SAFE_DISABLED,15.9011,13.0830,-83.7931,0.0000,0.00,5
TEL,34564,SAFE_DISABLED,15.9011,13.0830,-81.6005,0.0000,0.00,5
TEL,34664,SAFE_DISABLED,13.1914,13.1480,-89.2051,0.0000,0.00,4
TEL,34764,SAFE_DISABLED,13.1914,13.1480,-92.4548,0.0000,0.00,4
TEL,34864,SAFE_DISABLED,13.3972,13.2975,-93.0010,0.0000,0.00,4
TEL,34964,SAFE_DISABLED,13.3972,13.2975,-93.0928,0.0000,0.00,4
TEL,35064,SAFE_DISABLED,13.3972,13.2975,-93.1082,0.0000,0.00,4
TEL,35164,SAFE_DISABLED,16.1069,14.9831,-93.1108,0.0000,0.00,4
TEL,35264,SAFE_DISABLED,17.7876,17.3389,-93.1112,0.0000,0.00,4
TEL,35364,SAFE_DISABLED,17.7876,17.3389,-93.1113,0.0000,0.00,4
TEL,35464,SAFE_DISABLED,17.7876,17.6081,-93.1113,0.0000,0.00,4
TEL,35564,SAFE_DISABLED,17.7876,17.6081,-93.1113,0.0000,0.00,4
TEL,35664,SAFE_DISABLED,17.7876,17.6081,-93.1113,0.0000,0.00,4
TEL,35764,SAFE_DISABLED,17.7876,17.6081,-93.1113,0.0000,0.00,4
TEL,35864,SAFE_DISABLED,17.7876,17.6081,-93.1113,0.0000,0.00,4
TEL,35964,SAFE_DISABLED,17.7876,17.6081,-93.1113,0.0000,0.00,4
TEL,36064,SAFE_DISABLED,18.6108,18.2097,-93.1113,0.0000,0.00,4
TEL,36164,SAFE_DISABLED,14.9064,15.6160,-93.1113,0.0000,0.00,4
TEL,36264,SAFE_DISABLED,13.8088,14.1747,-93.1113,0.0000,0.00,4
TEL,36364,SAFE_DISABLED,14.4948,14.3668,-93.1113,0.0000,0.00,4
TEL,36464,SAFE_DISABLED,14.4948,14.3668,-93.1113,0.0000,0.00,4
TEL,36564,SAFE_DISABLED,14.4948,14.3668,-93.1113,0.0000,0.00,4
TEL,36664,SAFE_DISABLED,12.7112,12.8567,-93.1113,0.0000,0.00,4
TEL,36764,SAFE_DISABLED,12.7112,12.8567,-92.9110,0.0000,0.00,4
TEL,36864,SAFE_DISABLED,12.7112,12.7435,-92.5336,0.0000,0.00,4
TEL,36964,SAFE_DISABLED,12.7455,12.7369,-83.5724,0.0000,0.00,4
TEL,37064,SAFE_DISABLED,12.7798,12.7627,-56.7214,0.0000,0.00,4
TEL,37164,SAFE_DISABLED,12.7798,12.7627,-40.9388,0.0000,0.00,4
TEL,37264,SAFE_DISABLED,12.7798,12.7627,-36.6915,0.0000,0.00,4
TEL,37364,SAFE_DISABLED,12.7798,12.7627,-33.1934,0.0000,0.00,4
TEL,37464,SAFE_DISABLED,12.7798,12.7627,-32.3715,0.0000,0.00,4
TEL,37564,SAFE_DISABLED,11.8880,12.2379,-32.1583,0.0000,0.00,4
TEL,37664,SAFE_DISABLED,11.8880,12.2379,-30.6429,0.0000,0.00,4
TEL,37764,SAFE_DISABLED,11.8880,12.2379,-28.7968,0.0000,0.00,4
TEL,37864,SAFE_DISABLED,11.8880,12.2379,-28.4865,0.0000,0.00,4
TEL,37964,SAFE_DISABLED,11.8880,12.2379,-28.6364,0.0000,0.00,4
TEL,38064,SAFE_DISABLED,2.0096,6.1009,-28.8636,0.0000,0.00,4
TEL,38164,SAFE_DISABLED,2.0096,6.1009,-29.0764,0.0000,0.00,4
TEL,38264,SAFE_DISABLED,2.0096,6.1009,-29.1185,0.0000,0.00,4
TEL,38364,SAFE_DISABLED,2.0096,6.1009,-29.1255,0.0000,0.00,4
TEL,38464,SAFE_DISABLED,2.0096,6.1009,-29.1267,0.0000,0.00,4
TEL,38564,SAFE_DISABLED,2.0096,6.1009,-29.1269,0.0000,0.00,4
TEL,38664,SAFE_DISABLED,2.0096,6.1009,-29.1269,0.0000,0.00,4
TEL,38764,SAFE_DISABLED,2.0096,6.1009,-29.1270,0.0000,0.00,4
TEL,38864,SAFE_DISABLED,2.0096,6.1009,-29.1270,0.0000,0.00,4
TEL,38964,SAFE_DISABLED,2.0096,6.1009,-29.1270,0.0000,0.00,4
TEL,39064,SAFE_DISABLED,2.0096,6.1009,-29.1270,0.0000,0.00,5
TEL,39164,SAFE_DISABLED,2.0096,6.1009,-29.1270,0.0000,0.00,5
TEL,39264,SAFE_DISABLED,2.0096,6.1009,-29.1270,0.0000,0.00,5
TEL,39364,SAFE_DISABLED,2.0096,6.1009,-29.1270,0.0000,0.00,5
TEL,39464,SAFE_DISABLED,2.0096,6.1009,-29.1270,0.0000,0.00,5
TEL,39564,SAFE_DISABLED,2.0096,6.1009,-29.1270,0.0000,0.00,5
TEL,39664,SAFE_DISABLED,2.0096,6.1009,-29.1270,0.0000,0.00,5
TEL,39764,SAFE_DISABLED,2.0096,6.1009,-29.1270,0.0000,0.00,5
TEL,39864,SAFE_DISABLED,2.0096,6.1009,-27.6395,0.0000,0.00,5
TEL,39964,SAFE_DISABLED,2.0096,6.1009,-28.1698,0.0000,0.00,5
TEL,40064,SAFE_DISABLED,2.0096,6.1009,-28.9661,0.0000,0.00,5
TEL,40164,SAFE_DISABLED,2.0096,6.1009,-26.3505,0.0000,0.00,5
OK,cal_limit_up_set=-4.277313
INFO,limits_normalized_from_down_up
CAL_LIMITS,lower_deg=-4.277313,upper_deg=60.345703,limits_calibrated=yes
GUIDE,step=sonar_sensor,do=flat_target_then_sonar_diag
TEL,40355,SAFE_DISABLED,2.0096,6.1009,-27.1364,0.0000,0.00,5
TEL,40455,SAFE_DISABLED,2.0096,6.1009,-20.5513,0.0000,0.00,5
TEL,40555,SAFE_DISABLED,2.0096,6.1009,-21.3974,0.0000,0.00,5
TEL,40655,SAFE_DISABLED,2.0096,6.1009,-27.2711,0.0000,0.00,5
TEL,40755,SAFE_DISABLED,2.0096,6.1009,-28.8150,0.0000,0.00,5
TEL,40855,SAFE_DISABLED,2.0096,6.1009,-29.0745,0.0000,0.00,5
TEL,40955,SAFE_DISABLED,2.0096,6.1009,-29.1181,0.0000,0.00,5
TEL,41055,SAFE_DISABLED,2.0096,6.1009,-29.1255,0.0000,0.00,5
TEL,41155,SAFE_DISABLED,2.0096,6.1009,-29.1267,0.0000,0.00,5
TEL,41255,SAFE_DISABLED,2.0096,6.1009,-29.1269,0.0000,0.00,5
TEL,41355,SAFE_DISABLED,2.0096,6.1009,-29.1269,0.0000,0.00,5
TEL,41455,SAFE_DISABLED,2.0096,6.1009,-29.1270,0.0000,0.00,5
TEL,41555,SAFE_DISABLED,2.0096,6.1009,-29.1270,0.0000,0.00,5
TEL,41655,SAFE_DISABLED,2.0096,6.1009,-29.1270,0.0000,0.00,5
TEL,41755,SAFE_DISABLED,2.0096,6.1009,-29.1270,0.0000,0.00,5
TEL,41856,SAFE_DISABLED,2.0096,6.1009,-29.1270,0.0000,0.00,5
TEL,41956,SAFE_DISABLED,2.0096,6.1009,-29.1270,0.0000,0.00,5
TEL,42056,SAFE_DISABLED,2.0096,6.1009,-29.1270,0.0000,0.00,5
TEL,42156,SAFE_DISABLED,2.0096,6.1009,-29.1270,0.0000,0.00,5
TEL,42256,SAFE_DISABLED,2.0096,6.1009,-29.1270,0.0000,0.00,5
TEL,42356,SAFE_DISABLED,2.0096,6.1009,-29.1270,0.0000,0.00,5
TEL,42456,SAFE_DISABLED,2.0096,6.1009,-29.1270,0.0000,0.00,5
TEL,42556,SAFE_DISABLED,2.0096,6.1009,-29.1270,0.0000,0.00,5
TEL,42656,SAFE_DISABLED,2.0096,6.1009,-28.7947,0.0000,0.00,5
TEL,42756,SAFE_DISABLED,2.0096,6.1009,-29.0711,0.0000,0.00,5
TEL,42856,SAFE_DISABLED,2.0096,6.1009,-29.1176,0.0000,0.00,5
TEL,42956,SAFE_DISABLED,2.0096,6.1009,-29.1254,0.0000,0.00,5
TEL,43056,SAFE_DISABLED,2.0096,6.1009,-27.4888,0.0000,0.00,5
TEL,43156,SAFE_DISABLED,2.0096,6.1009,-28.8516,0.0000,0.00,5
TEL,43256,SAFE_DISABLED,2.0096,6.1009,-26.2556,0.0000,0.00,5
TEL,43356,SAFE_DISABLED,2.0096,6.1009,-24.9677,0.0000,0.00,5
TEL,43456,SAFE_DISABLED,2.0096,6.1009,-25.1450,0.0000,0.00,5
TEL,43556,SAFE_DISABLED,2.0096,6.1009,-24.8115,0.0000,0.00,5
TEL,43656,SAFE_DISABLED,2.0096,6.1009,-18.0747,0.0000,0.00,5
TEL,43756,SAFE_DISABLED,2.0096,6.1009,-19.9466,0.0000,0.00,5
TEL,43856,SAFE_DISABLED,2.0096,6.1009,-18.2591,0.0000,0.00,5
TEL,43956,SAFE_DISABLED,2.0096,6.1009,-14.0197,0.0000,0.00,5
TEL,44056,SAFE_DISABLED,2.0096,6.1009,-14.9868,0.0000,0.00,5
TEL,44156,SAFE_DISABLED,2.0096,6.1009,-14.6990,0.0000,0.00,5
TEL,44256,SAFE_DISABLED,2.0096,6.1009,-8.1370,0.0000,0.00,5
TEL,44356,SAFE_DISABLED,2.0096,6.1009,-11.2811,0.0000,0.00,5
TEL,44456,SAFE_DISABLED,2.0096,6.1009,-9.3797,0.0000,0.00,5
TEL,44556,SAFE_DISABLED,2.0096,6.1009,-5.9129,0.0000,0.00,5
TEL,44656,SAFE_DISABLED,2.0096,6.1009,-6.2473,0.0000,0.00,5
TEL,44756,SAFE_DISABLED,2.0096,6.1009,-5.5622,0.0000,0.00,5
TEL,44856,SAFE_DISABLED,2.0096,6.1009,-4.8584,0.0000,0.00,1
TEL,44956,SAFE_DISABLED,2.0096,6.1009,-3.7705,0.0000,0.00,1
TEL,45056,SAFE_DISABLED,2.0096,6.1009,-3.5877,0.0000,0.00,1
TEL,45156,SAFE_DISABLED,2.0096,6.1009,-3.5570,0.0000,0.00,1
TEL,45256,SAFE_DISABLED,2.0096,6.1009,-3.5518,0.0000,0.00,1
TEL,45356,SAFE_DISABLED,2.0096,6.1009,-3.5510,0.0000,0.00,1
TEL,45456,SAFE_DISABLED,2.0096,6.1009,-3.5508,0.0000,0.00,1
TEL,45556,SAFE_DISABLED,2.0096,6.1009,-3.5508,0.0000,0.00,1
TEL,45656,SAFE_DISABLED,2.0096,6.1009,-3.5508,0.0000,0.00,1
TEL,45756,SAFE_DISABLED,2.0096,6.1009,-3.5508,0.0000,0.00,1
TEL,45856,SAFE_DISABLED,2.0096,6.1009,-3.5508,0.0000,0.00,1
TEL,45956,SAFE_DISABLED,2.0096,6.1009,-3.5508,0.0000,0.00,1
TEL,46056,SAFE_DISABLED,2.0096,6.1009,-3.5508,0.0000,0.00,1
TEL,46156,SAFE_DISABLED,2.0096,6.1009,-0.9302,0.0000,0.00,1
TEL,46256,SAFE_DISABLED,2.0096,6.1009,26.4120,0.0000,0.00,1
TEL,46356,SAFE_DISABLED,2.0096,6.1009,51.1892,0.0000,0.00,1
TEL,46456,SAFE_DISABLED,2.0096,6.1009,56.9057,0.0000,0.00,1
TEL,46556,SAFE_DISABLED,2.0096,6.1009,57.8664,0.0000,0.00,1
TEL,46656,SAFE_DISABLED,2.0096,6.1009,58.0279,0.0000,0.00,1
TEL,46756,SAFE_DISABLED,3.6560,4.6340,58.0551,0.0000,0.00,0
TEL,46856,SAFE_DISABLED,1.8381,2.9564,58.0596,0.0000,0.00,0
TEL,46956,SAFE_DISABLED,1.8381,2.9564,58.0604,0.0000,0.00,0
TEL,47056,SAFE_DISABLED,1.8381,2.9564,58.0605,0.0000,0.00,0
TEL,47156,SAFE_DISABLED,1.8381,2.9564,58.0605,0.0000,0.00,0
TEL,47256,SAFE_DISABLED,1.8381,2.9564,58.0605,0.0000,0.00,0
TEL,47356,SAFE_DISABLED,1.8381,2.9564,58.0605,0.0000,0.00,0
TEL,47456,SAFE_DISABLED,1.8381,2.9564,58.0605,0.0000,0.00,0
TEL,47556,SAFE_DISABLED,4.2734,4.5566,58.0605,0.0000,0.00,0
OK,cal_limit_down_set=-90.738281
INFO,limits_normalized_from_down_up
CAL_LIMITS,lower_deg=-90.738281,upper_deg=60.345703,limits_calibrated=yes
GUIDE,step=save,do=run_v
TEL,47769,SAFE_DISABLED,4.2734,4.5566,50.5605,0.0000,0.00,0
TEL,47869,SAFE_DISABLED,4.2734,4.5566,-18.4102,0.0000,0.00,0
TEL,47969,SAFE_DISABLED,4.2734,4.5566,-78.5821,0.0000,0.00,0
TEL,48069,SAFE_DISABLED,4.2734,4.5566,-88.6952,0.0000,0.00,0
TEL,48169,SAFE_DISABLED,4.2734,4.5566,-90.3949,0.0000,0.00,0
TEL,48269,SAFE_DISABLED,4.2734,4.5566,-87.8857,0.0000,0.00,0
TEL,48369,SAFE_DISABLED,4.2734,4.5566,-76.9706,0.0000,0.00,0
TEL,48470,SAFE_DISABLED,4.2734,4.5566,-87.0548,0.0000,0.00,0
TEL,48570,SAFE_DISABLED,4.2734,4.5566,-82.6192,0.0000,0.00,1
TEL,48670,SAFE_DISABLED,4.2734,4.5566,-7.1047,0.0000,0.00,1
TEL,48770,SAFE_DISABLED,4.2734,4.5566,16.6445,0.0000,0.00,1
TEL,48870,SAFE_DISABLED,4.2734,4.5566,17.7104,0.0000,0.00,1
TEL,48970,SAFE_DISABLED,4.2734,4.5566,37.9498,0.0000,0.00,1
TEL,49070,SAFE_DISABLED,4.2734,4.5566,30.6177,0.0000,0.00,1
TEL,49170,SAFE_DISABLED,4.2734,4.5566,11.0833,0.0000,0.00,1
TEL,49270,SAFE_DISABLED,4.2734,4.5566,1.2844,0.0000,0.00,1
TEL,49370,SAFE_DISABLED,4.2734,4.5566,-0.2675,0.0000,0.00,1
TEL,49470,SAFE_DISABLED,4.2734,4.5566,-0.4461,0.0000,0.00,1
TEL,49570,SAFE_DISABLED,4.2734,4.5566,-0.4160,0.0000,0.00,1
TEL,49670,SAFE_DISABLED,-2.4494,0.3530,-0.3339,0.0000,0.00,0
TEL,49770,SAFE_DISABLED,-2.4151,-2.2297,-0.1739,0.0000,0.00,0
TEL,49870,SAFE_DISABLED,-2.4151,-2.2297,-0.0868,0.0000,0.00,0
TEL,49970,SAFE_DISABLED,-2.4151,-2.2297,0.0293,0.0000,0.00,0
TEL,50070,SAFE_DISABLED,-2.4151,-2.2297,0.0488,0.0000,0.00,0
TEL,50170,SAFE_DISABLED,-2.4151,-2.2297,0.0521,0.0000,0.00,0
TEL,50270,SAFE_DISABLED,-2.4151,-2.2297,0.0944,0.0000,0.00,0
TEL,50370,SAFE_DISABLED,-2.4151,-2.2297,0.0727,0.0000,0.00,0
TEL,50470,SAFE_DISABLED,-2.4151,-2.2297,0.0875,0.0000,0.00,0
TEL,50570,SAFE_DISABLED,-2.4151,-2.2297,0.1034,0.0000,0.00,0
OK,cal_limit_up_set=-32.818359
INFO,limits_normalized_from_down_up
CAL_LIMITS,lower_deg=-90.738281,upper_deg=-32.818359,limits_calibrated=yes
GUIDE,step=sonar_sensor,do=flat_target_then_sonar_diag
TEL,50729,SAFE_DISABLED,-2.4151,-2.2297,-7.3721,0.0000,0.00,4
TEL,50829,SAFE_DISABLED,-2.4151,-2.2297,-28.5416,0.0000,0.00,5
TEL,50929,SAFE_DISABLED,-2.4151,-2.2297,-32.0996,0.0000,0.00,1
TEL,51030,SAFE_DISABLED,-2.4151,-2.2297,-32.6976,0.0000,0.00,1
TEL,51130,SAFE_DISABLED,-2.4151,-2.2297,-32.7981,0.0000,0.00,1
TEL,51230,SAFE_DISABLED,-2.4151,-2.2297,-32.8149,0.0000,0.00,1
TEL,51330,SAFE_DISABLED,-2.4151,-2.2297,-32.8178,0.0000,0.00,1
TEL,51430,SAFE_DISABLED,-2.4151,-2.2297,-28.0695,0.0000,0.00,5
TEL,51530,SAFE_DISABLED,-2.4151,-2.2297,-4.6070,0.0000,0.00,5
TEL,51630,SAFE_DISABLED,-2.4151,-2.2297,-0.7304,0.0000,0.00,5
TEL,51730,SAFE_DISABLED,-2.4151,-2.2297,-0.0541,0.0000,0.00,5
TEL,51830,SAFE_DISABLED,-2.4151,-2.2297,0.0675,0.0000,0.00,5
TEL,51930,SAFE_DISABLED,-2.4151,-2.2297,0.1283,0.0000,0.00,5
TEL,52030,SAFE_DISABLED,-2.4151,-2.2297,0.1201,0.0000,0.00,5
TEL,52130,SAFE_DISABLED,-2.4151,-2.2297,0.1187,0.0000,0.00,5
TEL,52230,SAFE_DISABLED,-2.4151,-2.2297,0.1279,0.0000,0.00,5
TEL,52330,SAFE_DISABLED,-2.4151,-2.2297,0.1385,0.0000,0.00,5
TEL,52430,SAFE_DISABLED,-2.4151,-2.2297,0.2134,0.0000,0.00,5
TEL,52530,SAFE_DISABLED,-2.4151,-2.2297,0.2260,0.0000,0.00,5
TEL,52630,SAFE_DISABLED,-2.4151,-2.2297,0.2545,0.0000,0.00,5
TEL,52730,SAFE_DISABLED,-2.4151,-2.2297,10.2533,0.0000,0.00,5
TEL,52830,SAFE_DISABLED,-2.4151,-2.2297,36.2649,0.0000,0.00,5
TEL,52930,SAFE_DISABLED,-2.4151,-2.2297,54.1799,0.0000,0.00,5
TEL,53030,SAFE_DISABLED,-2.4151,-2.2297,57.6277,0.0000,0.00,5
TEL,53130,SAFE_DISABLED,0.6376,-0.5093,58.2072,0.0000,0.00,4
TEL,53230,SAFE_DISABLED,0.6376,-0.5093,58.3045,0.0000,0.00,4
TEL,53330,SAFE_DISABLED,0.3632,0.0142,58.3209,0.0000,0.00,4
TEL,53430,SAFE_DISABLED,0.3632,0.0142,58.3237,0.0000,0.00,4
TEL,53530,SAFE_DISABLED,0.3632,0.0142,58.3241,0.0000,0.00,4
TEL,53630,SAFE_DISABLED,-0.0827,-0.0440,58.3242,0.0000,0.00,4
TEL,53730,SAFE_DISABLED,-0.0827,-0.0440,58.3242,0.0000,0.00,4
TEL,53830,SAFE_DISABLED,-0.0827,-0.0440,58.3242,0.0000,0.00,4
TEL,53931,SAFE_DISABLED,-0.0827,-0.0440,58.2978,0.0000,0.00,4
TEL,54031,SAFE_DISABLED,-0.0827,-0.0440,58.2715,0.0000,0.00,4
OK,cal_limit_down_set=-91.001953
INFO,limits_normalized_from_down_up
CAL_LIMITS,lower_deg=-91.001953,upper_deg=-32.818359,limits_calibrated=yes
GUIDE,step=sonar_sensor,do=flat_target_then_sonar_diag
TEL,54226,SAFE_DISABLED,-0.0827,-0.0440,50.7422,0.0000,0.00,4
TEL,54326,SAFE_DISABLED,-0.0827,-0.0440,-40.0637,0.0000,0.00,0
TEL,54426,SAFE_DISABLED,-0.0827,-0.0440,-82.4408,0.0000,0.00,0
TEL,54526,SAFE_DISABLED,-0.0827,-0.0440,-89.5631,0.0000,0.00,0
TEL,54626,SAFE_DISABLED,-0.0827,-0.0440,-90.7601,0.0000,0.00,1
TEL,54726,SAFE_DISABLED,-0.0827,-0.0440,-90.7856,0.0000,0.00,1
TEL,54827,SAFE_DISABLED,-0.0827,-0.0440,-90.6346,0.0000,0.00,1
TEL,54927,SAFE_DISABLED,-0.0827,-0.0440,-73.3100,0.0000,0.00,1
TEL,55027,SAFE_DISABLED,-0.0827,-0.0440,-63.3444,0.0000,0.00,1
TEL,55127,SAFE_DISABLED,-0.0827,-0.0440,-55.7614,0.0000,0.00,1
TEL,55227,SAFE_DISABLED,-0.0827,-0.0440,-18.9827,0.0000,0.00,5
TEL,55327,SAFE_DISABLED,-0.0827,-0.0440,-1.7865,0.0000,0.00,5
TEL,55427,SAFE_DISABLED,-0.0827,-0.0440,-0.7836,0.0000,0.00,5
TEL,55527,SAFE_DISABLED,-0.0827,-0.0440,-0.5419,0.0000,0.00,5
TEL,55627,SAFE_DISABLED,-0.0827,-0.0440,-0.4128,0.0000,0.00,5
TEL,55727,SAFE_DISABLED,-0.0827,-0.0440,-0.3911,0.0000,0.00,5
TEL,55827,SAFE_DISABLED,-0.0827,-0.0440,-0.3426,0.0000,0.00,5
TEL,55927,SAFE_DISABLED,-0.0827,-0.0440,-0.1195,0.0000,0.00,5
TEL,56027,SAFE_DISABLED,-0.0827,-0.0440,0.0238,0.0000,0.00,5
OK,cal_limit_up_set=-0.869659
INFO,limits_normalized_from_down_up
CAL_LIMITS,lower_deg=-91.001953,upper_deg=-0.869659,limits_calibrated=yes
GUIDE,step=sonar_sensor,do=flat_target_then_sonar_diag
TEL,56137,SAFE_DISABLED,-0.0827,-0.0440,-7.4166,0.0000,0.00,1
TEL,56237,SAFE_DISABLED,-0.0827,-0.0440,-16.7076,0.0000,0.00,1
TEL,56337,SAFE_DISABLED,-0.0827,-0.0440,-28.1000,0.0000,0.00,1
TEL,56437,SAFE_DISABLED,-0.0827,-0.0440,-32.0254,0.0000,0.00,1
TEL,56537,SAFE_DISABLED,-0.0827,-0.0440,-32.6851,0.0000,0.00,1
TEL,56637,SAFE_DISABLED,-0.0827,-0.0440,-32.7960,0.0000,0.00,1
TEL,56737,SAFE_DISABLED,-0.0827,-0.0440,-32.8146,0.0000,0.00,1
TEL,56837,SAFE_DISABLED,-0.0827,-0.0440,-32.8177,0.0000,0.00,1
TEL,56937,SAFE_DISABLED,-0.0827,-0.0440,-32.8183,0.0000,0.00,1
TEL,57037,SAFE_DISABLED,-0.0827,-0.0440,-32.8183,0.0000,0.00,1
TEL,57137,SAFE_DISABLED,-0.0827,-0.0440,-32.8447,0.0000,0.00,1
TEL,57237,SAFE_DISABLED,-0.0827,-0.0440,-32.8582,0.0000,0.00,1
TEL,57337,SAFE_DISABLED,-0.0827,-0.0440,-32.8578,0.0000,0.00,1
TEL,57437,SAFE_DISABLED,-0.0827,-0.0440,-32.8717,0.0000,0.00,1
TEL,57537,SAFE_DISABLED,-0.0827,-0.0440,-32.9005,0.0000,0.00,1
TEL,57637,SAFE_DISABLED,-0.0827,-0.0440,-32.9053,0.0000,0.00,1
TEL,57737,SAFE_DISABLED,-0.0827,-0.0440,-32.9061,0.0000,0.00,1
TEL,57837,SAFE_DISABLED,-0.0827,-0.0440,-32.9062,0.0000,0.00,1
TEL,57937,SAFE_DISABLED,-0.0827,-0.0440,-32.9062,0.0000,0.00,1
TEL,58037,SAFE_DISABLED,-0.0827,-0.0440,-32.9062,0.0000,0.00,1
TEL,58137,SAFE_DISABLED,-0.0827,-0.0440,-32.9062,0.0000,0.00,1
TEL,58237,SAFE_DISABLED,-0.0827,-0.0440,-32.9062,0.0000,0.00,1
TEL,58337,SAFE_DISABLED,-0.0827,-0.0440,-32.9062,0.0000,0.00,1
TEL,58437,SAFE_DISABLED,-0.0827,-0.0440,-32.9062,0.0000,0.00,1
TEL,58537,SAFE_DISABLED,-0.0827,-0.0440,-32.9062,0.0000,0.00,1
TEL,58637,SAFE_DISABLED,-0.0827,-0.0440,-33.1020,0.0000,0.00,1
TEL,58737,SAFE_DISABLED,-0.0827,-0.0440,-36.0495,0.0000,0.00,1
TEL,58838,SAFE_DISABLED,-0.0827,-0.0440,-47.6588,0.0000,0.00,1
TEL,58938,SAFE_DISABLED,-0.0827,-0.0440,-47.1979,0.0000,0.00,1
TEL,59038,SAFE_DISABLED,-0.0827,-0.0440,-19.2381,0.0000,0.00,1
TEL,59138,SAFE_DISABLED,-0.0827,-0.0440,-10.2851,0.0000,0.00,1
TEL,59238,SAFE_DISABLED,-0.0827,-0.0440,-14.9925,0.0000,0.00,1
TEL,59338,SAFE_DISABLED,-0.0827,-0.0440,28.8689,0.0000,0.00,5
TEL,59438,SAFE_DISABLED,-0.0827,-0.0440,41.3173,0.0000,0.00,5
TEL,59538,SAFE_DISABLED,-0.0827,-0.0440,36.5283,0.0000,0.00,5
TEL,59638,SAFE_DISABLED,-1.1803,-0.7433,28.1212,0.0000,0.00,4
TEL,59738,SAFE_DISABLED,-1.1803,-0.7433,26.5250,0.0000,0.00,4
TEL,59838,SAFE_DISABLED,-1.1803,-0.7433,26.5154,0.0000,0.00,4
TEL,59938,SAFE_DISABLED,-1.1803,-0.7433,29.5514,0.0000,0.00,4
TEL,60038,SAFE_DISABLED,-1.1803,-0.7433,35.4541,0.0000,0.00,4
TEL,60138,SAFE_DISABLED,-1.1803,-0.7433,36.6843,0.0000,0.00,4
TEL,60238,SAFE_DISABLED,-1.1803,-0.7433,36.9771,0.0000,0.00,4
TEL,60338,SAFE_DISABLED,-1.1803,-0.7433,37.0821,0.0000,0.00,4
TEL,60438,SAFE_DISABLED,-1.1803,-0.7433,37.1139,0.0000,0.00,4
TEL,60538,SAFE_DISABLED,-1.1803,-0.7433,37.1378,0.0000,0.00,4
TEL,60638,SAFE_DISABLED,-1.1803,-0.7433,37.1418,0.0000,0.00,5
TEL,60738,SAFE_DISABLED,-1.1803,-0.7433,37.1424,0.0000,0.00,5
TEL,60838,SAFE_DISABLED,-1.1803,-0.7433,37.1426,0.0000,0.00,5
TEL,60938,SAFE_DISABLED,-1.1803,-0.7433,37.1426,0.0000,0.00,5
TEL,61038,SAFE_DISABLED,-1.1803,-0.7433,37.1426,0.0000,0.00,5
TEL,61138,SAFE_DISABLED,-1.1803,-0.7433,37.1426,0.0000,0.00,5
TEL,61238,SAFE_DISABLED,-1.1803,-0.7433,37.1426,0.0000,0.00,5
TEL,61338,SAFE_DISABLED,-1.1803,-0.7433,37.1426,0.0000,0.00,5
TEL,61438,SAFE_DISABLED,-1.1803,-0.7433,37.1426,0.0000,0.00,5
TEL,61538,SAFE_DISABLED,-1.1803,-0.7433,37.1426,0.0000,0.00,5
TEL,61638,SAFE_DISABLED,-1.1803,-0.7433,37.1426,0.0000,0.00,5
TEL,61739,SAFE_DISABLED,-1.1803,-0.7433,37.1426,0.0000,0.00,5
TEL,61839,SAFE_DISABLED,-1.1803,-0.7433,37.1426,0.0000,0.00,5
TEL,61939,SAFE_DISABLED,-1.1803,-0.7433,37.1426,0.0000,0.00,5
TEL,62039,SAFE_DISABLED,-1.1803,-0.7433,37.1426,0.0000,0.00,5
TEL,62139,SAFE_DISABLED,-1.1803,-0.7433,37.1426,0.0000,0.00,5
TEL,62239,SAFE_DISABLED,-1.1803,-0.7433,37.1426,0.0000,0.00,5
TEL,62339,SAFE_DISABLED,-1.1803,-0.7433,37.1426,0.0000,0.00,5
TEL,62439,SAFE_DISABLED,-1.1803,-0.7433,37.1426,0.0000,0.00,5
TEL,62539,SAFE_DISABLED,-1.1803,-0.7433,37.1426,0.0000,0.00,5
TEL,62639,SAFE_DISABLED,-1.1803,-0.7433,37.1426,0.0000,0.00,5
TEL,62739,SAFE_DISABLED,-1.1803,-0.7433,37.1426,0.0000,0.00,5
TEL,62839,SAFE_DISABLED,-1.1803,-0.7433,37.1426,0.0000,0.00,5
TEL,62939,SAFE_DISABLED,-1.1803,-0.7433,37.1426,0.0000,0.00,5
TEL,63039,SAFE_DISABLED,-1.1803,-0.7433,37.1426,0.0000,0.00,5
TEL,63139,SAFE_DISABLED,-1.1803,-0.7433,37.1426,0.0000,0.00,5
TEL,63239,SAFE_DISABLED,-1.1803,-0.7433,37.1426,0.0000,0.00,5
TEL,63339,SAFE_DISABLED,-1.1803,-0.7433,37.1426,0.0000,0.00,5
TEL,63439,SAFE_DISABLED,-1.1803,-0.7433,37.1426,0.0000,0.00,5
TEL,63539,SAFE_DISABLED,-1.1803,-0.7433,37.1426,0.0000,0.00,5
CAL_LIMITS,lower_deg=-91.001953,upper_deg=-0.869659,limits_calibrated=yes
GUIDE,step=sonar_sensor,do=flat_target_then_sonar_diag
TEL,63639,SAFE_DISABLED,-1.1803,-0.7433,37.1426,0.0000,0.00,5
TEL,63739,SAFE_DISABLED,-1.1803,-0.7433,37.1426,0.0000,0.00,5
TEL,63839,SAFE_DISABLED,-1.1803,-0.7433,37.1426,0.0000,0.00,5
TEL,63939,SAFE_DISABLED,-1.1803,-0.7433,37.1426,0.0000,0.00,5
TEL,64039,SAFE_DISABLED,-1.1803,-0.7433,37.1426,0.0000,0.00,5
TEL,64139,SAFE_DISABLED,-1.1803,-0.7433,37.1426,0.0000,0.00,5
TEL,64239,SAFE_DISABLED,-1.1803,-0.7433,37.1426,0.0000,0.00,5
TEL,64339,SAFE_DISABLED,-1.1803,-0.7433,37.1426,0.0000,0.00,5
TEL,64439,SAFE_DISABLED,-1.1803,-0.7433,29.6426,0.0000,0.00,5
TEL,64539,SAFE_DISABLED,-1.1803,-0.7433,29.6118,0.0000,0.00,5
STATE,SAFE_DISABLED
SENSORS,angle=ok,pos=bad
MEAS,theta_deg=29.0642,x_cm=-1.1803,x_filt_cm=-0.7433
AGE,angle_ms=5,pos_ms=5019
FAULTS,bits=5
CAL,zero_calibrated=yes,limits_calibrated=yes,sign_calibrated=yes
CAL_STORE,status=loaded
TEL,enabled=1
FAULT_INFO,bits=5
FAULT_INFO,mode=bringup_warning
FAULT_INFO,sonar_timeout=1
FAULT_INFO,angle_oob=1
GUIDE,step=sonar_sensor,do=flat_target_then_sonar_diag
TEL,64645,SAFE_DISABLED,-1.1803,-0.7433,31.4877,0.0000,0.00,5
TEL,64745,SAFE_DISABLED,-1.1803,-0.7433,36.1922,0.0000,0.00,5
TEL,64845,SAFE_DISABLED,-1.1803,-0.7433,36.9828,0.0000,0.00,5
TEL,64945,SAFE_DISABLED,-1.1803,-0.7433,37.1157,0.0000,0.00,5
TEL,65045,SAFE_DISABLED,-1.1803,-0.7433,37.1381,0.0000,0.00,5
TEL,65145,SAFE_DISABLED,-1.1803,-0.7433,37.1418,0.0000,0.00,5
TEL,65245,SAFE_DISABLED,-1.1803,-0.7433,37.1424,0.0000,0.00,5
TEL,65345,SAFE_DISABLED,-1.1803,-0.7433,37.1426,0.0000,0.00,5
TEL,65445,SAFE_DISABLED,-1.1803,-0.7433,37.1426,0.0000,0.00,5
OK,cal_saved
GUIDE,step=sonar_sensor,do=flat_target_then_sonar_diag
TEL,65545,SAFE_DISABLED,-1.1803,-0.7433,37.1426,0.0000,0.00,5
TEL,65645,SAFE_DISABLED,-1.1803,-0.7433,37.1426,0.0000,0.00,5
TEL,65745,SAFE_DISABLED,-1.1803,-0.7433,37.1426,0.0000,0.00,5
TEL,65845,SAFE_DISABLED,-1.1803,-0.7433,37.1426,0.0000,0.00,5
TEL,65945,SAFE_DISABLED,-1.1803,-0.7433,37.1426,0.0000,0.00,5
TEL,66045,SAFE_DISABLED,-1.1803,-0.7433,37.1426,0.0000,0.00,5
TEL,66145,SAFE_DISABLED,-1.1803,-0.7433,37.1426,0.0000,0.00,5
TEL,66245,SAFE_DISABLED,-1.1803,-0.7433,37.1426,0.0000,0.00,5
TEL,66345,SAFE_DISABLED,-1.1803,-0.7433,37.1426,0.0000,0.00,5
TEL,66445,SAFE_DISABLED,-1.1803,-0.7433,37.1426,0.0000,0.00,5
STATE,SAFE_DISABLED
SENSORS,angle=ok,pos=bad
MEAS,theta_deg=37.1426,x_cm=-1.1803,x_filt_cm=-0.7433
AGE,angle_ms=6,pos_ms=6932
FAULTS,bits=5
CAL,zero_calibrated=yes,limits_calibrated=yes,sign_calibrated=yes
CAL_STORE,status=loaded
TEL,enabled=1
FAULT_INFO,bits=5
FAULT_INFO,mode=bringup_warning
FAULT_INFO,sonar_timeout=1
FAULT_INFO,angle_oob=1
GUIDE,step=sonar_sensor,do=flat_target_then_sonar_diag
TEL,66551,SAFE_DISABLED,-1.1803,-0.7433,29.6426,0.0000,0.00,5
TEL,66651,SAFE_DISABLED,-1.1803,-0.7433,-19.5684,0.0000,0.00,1
TEL,66751,SAFE_DISABLED,-1.1803,-0.7433,-26.7446,0.0000,0.00,1
TEL,66851,SAFE_DISABLED,-1.1803,-0.7433,-7.2990,0.0000,0.00,1
TEL,66951,SAFE_DISABLED,-1.1803,-0.7433,-2.6450,0.0000,0.00,1
TEL,67051,SAFE_DISABLED,-1.1803,-0.7433,1.2573,0.0000,0.00,5
TEL,67151,SAFE_DISABLED,-1.1803,-0.7433,28.3497,0.0000,0.00,5
TEL,67251,SAFE_DISABLED,-1.1803,-0.7433,35.6648,0.0000,0.00,5
TEL,67351,SAFE_DISABLED,-1.1803,-0.7433,36.8942,0.0000,0.00,5
TEL,67451,SAFE_DISABLED,-1.1803,-0.7433,37.1008,0.0000,0.00,5
TEL,67551,SAFE_DISABLED,-1.1803,-0.7433,37.1356,0.0000,0.00,5
TEL,67651,SAFE_DISABLED,-1.1803,-0.7433,37.1414,0.0000,0.00,5
TEL,67751,SAFE_DISABLED,-1.1803,-0.7433,37.1424,0.0000,0.00,5
TEL,67851,SAFE_DISABLED,-1.1803,-0.7433,37.1425,0.0000,0.00,5
TEL,67951,SAFE_DISABLED,-1.1803,-0.7433,37.1426,0.0000,0.00,5
TEL,68051,SAFE_DISABLED,-1.1803,-0.7433,37.1426,0.0000,0.00,5
TEL,68151,SAFE_DISABLED,-1.1803,-0.7433,37.1426,0.0000,0.00,5
TEL,68251,SAFE_DISABLED,-1.1803,-0.7433,37.1426,0.0000,0.00,5
TEL,68352,SAFE_DISABLED,-1.1803,-0.7433,37.1426,0.0000,0.00,5
TEL,68452,SAFE_DISABLED,-1.1803,-0.7433,37.1426,0.0000,0.00,5
TEL,68552,SAFE_DISABLED,-1.1803,-0.7433,37.1426,0.0000,0.00,5
TEL,68652,SAFE_DISABLED,-1.1803,-0.7433,37.1426,0.0000,0.00,5
TEL,68752,SAFE_DISABLED,-1.1803,-0.7433,37.1426,0.0000,0.00,5
TEL,68852,SAFE_DISABLED,-1.1803,-0.7433,37.1426,0.0000,0.00,5
TEL,68952,SAFE_DISABLED,-1.1803,-0.7433,37.1426,0.0000,0.00,5
TEL,69052,SAFE_DISABLED,-1.1803,-0.7433,37.1426,0.0000,0.00,5
TEL,69152,SAFE_DISABLED,-1.1803,-0.7433,37.1426,0.0000,0.00,5
TEL,69252,SAFE_DISABLED,-1.1803,-0.7433,37.1426,0.0000,0.00,5
TEL,69352,SAFE_DISABLED,-1.1803,-0.7433,37.1426,0.0000,0.00,5
TEL,69452,SAFE_DISABLED,-1.1803,-0.7433,32.9344,0.0000,0.00,5
TEL,69552,SAFE_DISABLED,-1.1803,-0.7433,24.9478,0.0000,0.00,5
TEL,69652,SAFE_DISABLED,-1.1803,-0.7433,27.7810,0.0000,0.00,5
TEL,69752,SAFE_DISABLED,-1.1803,-0.7433,17.7374,0.0000,0.00,5
TEL,69852,SAFE_DISABLED,-1.1803,-0.7433,4.2343,0.0000,0.00,5
TEL,69952,SAFE_DISABLED,-1.1803,-0.7433,7.1181,0.0000,0.00,5
TEL,70052,SAFE_DISABLED,-1.1803,-0.7433,2.4495,0.0000,0.00,5
TEL,70152,SAFE_DISABLED,-1.1803,-0.7433,-20.4843,0.0000,0.00,1
TEL,70252,SAFE_DISABLED,-1.1803,-0.7433,-24.8946,0.0000,0.00,1
TEL,70352,SAFE_DISABLED,-1.1803,-0.7433,-30.7891,0.0000,0.00,1
TEL,70452,SAFE_DISABLED,-1.1803,-0.7433,-53.4546,0.0000,0.00,1
TEL,70552,SAFE_DISABLED,-1.1803,-0.7433,-56.0064,0.0000,0.00,1
TEL,70652,SAFE_DISABLED,-1.1803,-0.7433,-59.7492,0.0000,0.00,1
TEL,70752,SAFE_DISABLED,-1.1803,-0.7433,-68.2008,0.0000,0.00,1
TEL,70852,SAFE_DISABLED,-1.1803,-0.7433,-69.6212,0.0000,0.00,1
TEL,70952,SAFE_DISABLED,-1.1803,-0.7433,-69.8600,0.0000,0.00,1
TEL,71052,SAFE_DISABLED,-1.1803,-0.7433,-69.9001,0.0000,0.00,1
TEL,71152,SAFE_DISABLED,-1.1803,-0.7433,-69.8884,0.0000,0.00,1
TEL,71252,SAFE_DISABLED,-1.1803,-0.7433,-69.8785,0.0000,0.00,1
TEL,71352,SAFE_DISABLED,-1.1803,-0.7433,-69.8969,0.0000,0.00,1
TEL,71452,SAFE_DISABLED,-1.1803,-0.7433,-69.9063,0.0000,0.00,1
TEL,71552,SAFE_DISABLED,-1.1803,-0.7433,-69.9079,0.0000,0.00,1
TEL,71652,SAFE_DISABLED,-1.1803,-0.7433,-69.8991,0.0000,0.00,1
TEL,71752,SAFE_DISABLED,-1.1803,-0.7433,-69.9067,0.0000,0.00,1
TEL,71852,SAFE_DISABLED,-1.1803,-0.7433,-69.9079,0.0000,0.00,1
TEL,71952,SAFE_DISABLED,-1.1803,-0.7433,-69.9082,0.0000,0.00,1
TEL,72052,SAFE_DISABLED,-1.1803,-0.7433,-69.9082,0.0000,0.00,1
TEL,72152,SAFE_DISABLED,-1.1803,-0.7433,-69.9082,0.0000,0.00,1
TEL,72252,SAFE_DISABLED,-1.1803,-0.7433,-69.9082,0.0000,0.00,1
TEL,72352,SAFE_DISABLED,-1.1803,-0.7433,-69.9082,0.0000,0.00,1
TEL,72452,SAFE_DISABLED,-1.1803,-0.7433,-69.9082,0.0000,0.00,1
TEL,72552,SAFE_DISABLED,-1.1803,-0.7433,-69.8818,0.0000,0.00,1
TEL,72652,SAFE_DISABLED,-1.1803,-0.7433,-69.9038,0.0000,0.00,1
TEL,72752,SAFE_DISABLED,-1.1803,-0.7433,-69.9075,0.0000,0.00,1
TEL,72852,SAFE_DISABLED,-1.1803,-0.7433,-69.9081,0.0000,0.00,1
TEL,72952,SAFE_DISABLED,-1.1803,-0.7433,-69.9082,0.0000,0.00,1
TEL,73052,SAFE_DISABLED,-1.1803,-0.7433,-69.9082,0.0000,0.00,1
TEL,73152,SAFE_DISABLED,-1.1803,-0.7433,-69.9082,0.0000,0.00,1
TEL,73252,SAFE_DISABLED,-1.1803,-0.7433,-69.9082,0.0000,0.00,1
TEL,73352,SAFE_DISABLED,-1.1803,-0.7433,-69.9082,0.0000,0.00,1
TEL,73452,SAFE_DISABLED,-1.1803,-0.7433,-69.9082,0.0000,0.00,1
TEL,73552,SAFE_DISABLED,-1.1803,-0.7433,-69.9082,0.0000,0.00,1
TEL,73652,SAFE_DISABLED,-1.1803,-0.7433,-69.9082,0.0000,0.00,1
TEL,73752,SAFE_DISABLED,-1.1803,-0.7433,-69.9082,0.0000,0.00,1
TEL,73852,SAFE_DISABLED,-1.1803,-0.7433,-69.9082,0.0000,0.00,1
TEL,73952,SAFE_DISABLED,-1.1803,-0.7433,-69.9082,0.0000,0.00,1
TEL,74052,SAFE_DISABLED,-1.1803,-0.7433,-69.9082,0.0000,0.00,1
TEL,74152,SAFE_DISABLED,-1.1803,-0.7433,-69.9082,0.0000,0.00,1
TEL,74252,SAFE_DISABLED,-1.1803,-0.7433,-69.9082,0.0000,0.00,1
TEL,74352,SAFE_DISABLED,-1.1803,-0.7433,-69.8818,0.0000,0.00,1
TEL,74452,SAFE_DISABLED,-1.1803,-0.7433,-69.9038,0.0000,0.00,1
TEL,74552,SAFE_DISABLED,-1.1803,-0.7433,-69.9075,0.0000,0.00,1
TEL,74652,SAFE_DISABLED,-1.1803,-0.7433,-69.8990,0.0000,0.00,1
TEL,74752,SAFE_DISABLED,-1.1803,-0.7433,-69.9067,0.0000,0.00,1
TEL,74852,SAFE_DISABLED,-1.1803,-0.7433,-69.9079,0.0000,0.00,1
TEL,74952,SAFE_DISABLED,-1.1803,-0.7433,-69.8834,0.0000,0.00,1
TEL,75052,SAFE_DISABLED,-1.1803,-0.7433,-69.9040,0.0000,0.00,1
TEL,75152,SAFE_DISABLED,-1.1803,-0.7433,-69.9075,0.0000,0.00,1
TEL,75252,SAFE_DISABLED,-1.1803,-0.7433,-69.9081,0.0000,0.00,1
TEL,75352,SAFE_DISABLED,-1.1803,-0.7433,-69.9082,0.0000,0.00,1
TEL,75452,SAFE_DISABLED,-1.1803,-0.7433,-69.9082,0.0000,0.00,1
TEL,75552,SAFE_DISABLED,-1.1803,-0.7433,-69.8889,0.0000,0.00,1
TEL,75652,SAFE_DISABLED,-1.1803,-0.7433,-69.8865,0.0000,0.00,1
TEL,75752,SAFE_DISABLED,-1.1803,-0.7433,-69.9046,0.0000,0.00,1
TEL,75852,SAFE_DISABLED,-1.1803,-0.7433,-69.8985,0.0000,0.00,1
TEL,75952,SAFE_DISABLED,-1.1803,-0.7433,-69.9066,0.0000,0.00,1
TEL,76052,SAFE_DISABLED,-1.1803,-0.7433,-69.9079,0.0000,0.00,1
TEL,76152,SAFE_DISABLED,-1.1803,-0.7433,-69.8818,0.0000,0.00,1
TEL,76252,SAFE_DISABLED,-1.1803,-0.7433,-69.8947,0.0000,0.00,1
TEL,76352,SAFE_DISABLED,-1.1803,-0.7433,-69.9059,0.0000,0.00,1
TEL,76452,SAFE_DISABLED,-1.1803,-0.7433,-69.9078,0.0000,0.00,1
TEL,76552,SAFE_DISABLED,-1.1803,-0.7433,-68.4322,0.0000,0.00,1
TEL,76652,SAFE_DISABLED,-1.1803,-0.7433,-69.6601,0.0000,0.00,1
TEL,76752,SAFE_DISABLED,-1.1803,-0.7433,-69.8665,0.0000,0.00,1
TEL,76852,SAFE_DISABLED,-1.1803,-0.7433,-56.9254,0.0000,0.00,1
TEL,76952,SAFE_DISABLED,-1.1803,-0.7433,-59.9451,0.0000,0.00,1
TEL,77052,SAFE_DISABLED,-1.1803,-0.7433,-57.0709,0.0000,0.00,1
TEL,77152,SAFE_DISABLED,-1.1803,-0.7433,-31.2174,0.0000,0.00,1
TEL,77252,SAFE_DISABLED,-1.1803,-0.7433,-22.1676,0.0000,0.00,1
TEL,77352,SAFE_DISABLED,-1.1803,-0.7433,-23.1413,0.0000,0.00,1
TEL,77452,SAFE_DISABLED,-1.1803,-0.7433,-5.3185,0.0000,0.00,1
TEL,77552,SAFE_DISABLED,-1.1803,-0.7433,-3.7163,0.0000,0.00,1
TEL,77652,SAFE_DISABLED,-1.1803,-0.7433,-3.8075,0.0000,0.00,1
TEL,77752,SAFE_DISABLED,-1.1803,-0.7433,1.5902,0.0000,0.00,5
TEL,77852,SAFE_DISABLED,-1.1803,-0.7433,8.6746,0.0000,0.00,5
TEL,77952,SAFE_DISABLED,-1.1803,-0.7433,13.9319,0.0000,0.00,5
TEL,78052,SAFE_DISABLED,-1.1803,-0.7433,17.9449,0.0000,0.00,5
TEL,78152,SAFE_DISABLED,-1.1803,-0.7433,21.7787,0.0000,0.00,5
TEL,78252,SAFE_DISABLED,-1.1803,-0.7433,27.2484,0.0000,0.00,5
TEL,78352,SAFE_DISABLED,-1.1803,-0.7433,20.6873,0.0000,0.00,5
TEL,78452,SAFE_DISABLED,-1.1803,-0.7433,34.2531,0.0000,0.00,5
TEL,78552,SAFE_DISABLED,-1.1803,-0.7433,35.9696,0.0000,0.00,5
TEL,78652,SAFE_DISABLED,-1.1803,-0.7433,33.9596,0.0000,0.00,5
TEL,78752,SAFE_DISABLED,-1.1803,-0.7433,36.6076,0.0000,0.00,5
TEL,78852,SAFE_DISABLED,-1.1803,-0.7433,37.0527,0.0000,0.00,5
TEL,78952,SAFE_DISABLED,-1.1803,-0.7433,37.1275,0.0000,0.00,5
TEL,79052,SAFE_DISABLED,-1.1803,-0.7433,37.1400,0.0000,0.00,5
TEL,79152,SAFE_DISABLED,-1.1803,-0.7433,37.1422,0.0000,0.00,5
TEL,79252,SAFE_DISABLED,-1.1803,-0.7433,37.1425,0.0000,0.00,5
TEL,79352,SAFE_DISABLED,-1.1803,-0.7433,37.1426,0.0000,0.00,5
TEL,79452,SAFE_DISABLED,-1.1803,-0.7433,37.1426,0.0000,0.00,5
TEL,79552,SAFE_DISABLED,-1.1803,-0.7433,37.1426,0.0000,0.00,5
TEL,79652,SAFE_DISABLED,-1.1803,-0.7433,37.1426,0.0000,0.00,5
TEL,79752,SAFE_DISABLED,-1.1803,-0.7433,37.1426,0.0000,0.00,5
TEL,79852,SAFE_DISABLED,-1.1803,-0.7433,37.1426,0.0000,0.00,5
TEL,79952,SAFE_DISABLED,-1.1803,-0.7433,37.1426,0.0000,0.00,5
TEL,80052,SAFE_DISABLED,-1.1803,-0.7433,37.1426,0.0000,0.00,5
TEL,80152,SAFE_DISABLED,-1.1803,-0.7433,37.1426,0.0000,0.00,5
TEL,80252,SAFE_DISABLED,-1.1803,-0.7433,37.1426,0.0000,0.00,5
TEL,80352,SAFE_DISABLED,-1.1803,-0.7433,37.1426,0.0000,0.00,5
TEL,80452,SAFE_DISABLED,-1.1803,-0.7433,37.1426,0.0000,0.00,5
TEL,80552,SAFE_DISABLED,-1.1803,-0.7433,37.1426,0.0000,0.00,5
TEL,80652,SAFE_DISABLED,-1.1803,-0.7433,37.1426,0.0000,0.00,5
TEL,80752,SAFE_DISABLED,-1.1803,-0.7433,37.1426,0.0000,0.00,5
TEL,80852,SAFE_DISABLED,-1.1803,-0.7433,37.1426,0.0000,0.00,5
TEL,80952,SAFE_DISABLED,-1.1803,-0.7433,37.1426,0.0000,0.00,5
TEL,81052,SAFE_DISABLED,-1.1803,-0.7433,37.1426,0.0000,0.00,5
TEL,81152,SAFE_DISABLED,-1.1803,-0.7433,37.1426,0.0000,0.00,5
TEL,81252,SAFE_DISABLED,-1.1803,-0.7433,37.1426,0.0000,0.00,5
TEL,81352,SAFE_DISABLED,-1.1803,-0.7433,37.1426,0.0000,0.00,5
TEL,81452,SAFE_DISABLED,-1.1803,-0.7433,37.1426,0.0000,0.00,5
TEL,81552,SAFE_DISABLED,-1.1803,-0.7433,37.1426,0.0000,0.00,5
TEL,81652,SAFE_DISABLED,-1.1803,-0.7433,37.1426,0.0000,0.00,5
TEL,81752,SAFE_DISABLED,-1.1803,-0.7433,37.1426,0.0000,0.00,5
TEL,81852,SAFE_DISABLED,-1.1803,-0.7433,37.1426,0.0000,0.00,5
TEL,81952,SAFE_DISABLED,-1.1803,-0.7433,37.1426,0.0000,0.00,5
TEL,82052,SAFE_DISABLED,-1.1803,-0.7433,37.1426,0.0000,0.00,5
TEL,82152,SAFE_DISABLED,-1.1803,-0.7433,37.1426,0.0000,0.00,5
TEL,82252,SAFE_DISABLED,-1.1803,-0.7433,37.1426,0.0000,0.00,5
TEL,82352,SAFE_DISABLED,-1.1803,-0.7433,37.1689,0.0000,0.00,5
TEL,82452,SAFE_DISABLED,-1.1803,-0.7433,37.1470,0.0000,0.00,5
TEL,82552,SAFE_DISABLED,-1.1803,-0.7433,37.1433,0.0000,0.00,5
TEL,82652,SAFE_DISABLED,-1.1803,-0.7433,37.1427,0.0000,0.00,5
TEL,82752,SAFE_DISABLED,-1.1803,-0.7433,37.1426,0.0000,0.00,5
TEL,82852,SAFE_DISABLED,-1.1803,-0.7433,37.1426,0.0000,0.00,5
TEL,82952,SAFE_DISABLED,-1.1803,-0.7433,37.1426,0.0000,0.00,5
TEL,83052,SAFE_DISABLED,-1.1803,-0.7433,37.1516,0.0000,0.00,5
TEL,83152,SAFE_DISABLED,-1.1803,-0.7433,37.1441,0.0000,0.00,5
TEL,83252,SAFE_DISABLED,-1.1803,-0.7433,37.1428,0.0000,0.00,5
TEL,83352,SAFE_DISABLED,-1.1803,-0.7433,37.1426,0.0000,0.00,5
TEL,83452,SAFE_DISABLED,-1.1803,-0.7433,37.1426,0.0000,0.00,5
TEL,83552,SAFE_DISABLED,-1.1803,-0.7433,37.1426,0.0000,0.00,5
TEL,83652,SAFE_DISABLED,-1.1803,-0.7433,37.1426,0.0000,0.00,5
TEL,83752,SAFE_DISABLED,-1.1803,-0.7433,37.1426,0.0000,0.00,5
TEL,83852,SAFE_DISABLED,-1.1803,-0.7433,37.1426,0.0000,0.00,5
TEL,83952,SAFE_DISABLED,-1.1803,-0.7433,37.1426,0.0000,0.00,5
TEL,84052,SAFE_DISABLED,-1.1803,-0.7433,37.1426,0.0000,0.00,5
TEL,84152,SAFE_DISABLED,-1.1803,-0.7433,37.1426,0.0000,0.00,5
TEL,84252,SAFE_DISABLED,-1.1803,-0.7433,37.1426,0.0000,0.00,5
TEL,84352,SAFE_DISABLED,-1.1803,-0.7433,37.1426,0.0000,0.00,5
TEL,84452,SAFE_DISABLED,-1.1803,-0.7433,37.1426,0.0000,0.00,5
TEL,84552,SAFE_DISABLED,-1.1803,-0.7433,37.1489,0.0000,0.00,5
TEL,84652,SAFE_DISABLED,-1.1803,-0.7433,37.1436,0.0000,0.00,5
TEL,84752,SAFE_DISABLED,-1.1803,-0.7433,37.1428,0.0000,0.00,5
TEL,84852,SAFE_DISABLED,-1.1803,-0.7433,37.1426,0.0000,0.00,5
TEL,84952,SAFE_DISABLED,-1.1803,-0.7433,37.1426,0.0000,0.00,5
TEL,85052,SAFE_DISABLED,-1.1803,-0.7433,37.1426,0.0000,0.00,5
TEL,85152,SAFE_DISABLED,-1.1803,-0.7433,37.1555,0.0000,0.00,5
TEL,85252,SAFE_DISABLED,-1.1803,-0.7433,37.1447,0.0000,0.00,5
TEL,85352,SAFE_DISABLED,-1.1803,-0.7433,37.1429,0.0000,0.00,5
TEL,85452,SAFE_DISABLED,-1.1803,-0.7433,37.1426,0.0000,0.00,5
TEL,85552,SAFE_DISABLED,-1.1803,-0.7433,37.1426,0.0000,0.00,5
TEL,85652,SAFE_DISABLED,-1.1803,-0.7433,37.1426,0.0000,0.00,5
TEL,85752,SAFE_DISABLED,-1.1803,-0.7433,37.1426,0.0000,0.00,5
TEL,85852,SAFE_DISABLED,-1.1803,-0.7433,37.1426,0.0000,0.00,5
TEL,85952,SAFE_DISABLED,-1.1803,-0.7433,37.1426,0.0000,0.00,5
TEL,86052,SAFE_DISABLED,-1.1803,-0.7433,37.1426,0.0000,0.00,5
TEL,86152,SAFE_DISABLED,-1.1803,-0.7433,37.1426,0.0000,0.00,5
TEL,86252,SAFE_DISABLED,-1.1803,-0.7433,37.1426,0.0000,0.00,5
TEL,86352,SAFE_DISABLED,-1.1803,-0.7433,37.1426,0.0000,0.00,5
TEL,86452,SAFE_DISABLED,-1.1803,-0.7433,37.1426,0.0000,0.00,5
TEL,86552,SAFE_DISABLED,-1.1803,-0.7433,37.1426,0.0000,0.00,5
TEL,86652,SAFE_DISABLED,-1.1803,-0.7433,37.1516,0.0000,0.00,5
TEL,86752,SAFE_DISABLED,-1.1803,-0.7433,37.1441,0.0000,0.00,5
TEL,86852,SAFE_DISABLED,-1.1803,-0.7433,37.1428,0.0000,0.00,5
TEL,86952,SAFE_DISABLED,-1.1803,-0.7433,37.1426,0.0000,0.00,5
TEL,87052,SAFE_DISABLED,-1.1803,-0.7433,37.1426,0.0000,0.00,5
TEL,87152,SAFE_DISABLED,-1.1803,-0.7433,37.1516,0.0000,0.00,5
TEL,87252,SAFE_DISABLED,-1.1803,-0.7433,37.1441,0.0000,0.00,5
TEL,87352,SAFE_DISABLED,-1.1803,-0.7433,37.1428,0.0000,0.00,5
TEL,87452,SAFE_DISABLED,-1.1803,-0.7433,37.1426,0.0000,0.00,5
TEL,87552,SAFE_DISABLED,-1.1803,-0.7433,37.1426,0.0000,0.00,5
TEL,87652,SAFE_DISABLED,-1.1803,-0.7433,37.1426,0.0000,0.00,5
TEL,87752,SAFE_DISABLED,-1.1803,-0.7433,37.1426,0.0000,0.00,5
TEL,87852,SAFE_DISABLED,-1.1803,-0.7433,37.1426,0.0000,0.00,5
TEL,87952,SAFE_DISABLED,-1.1803,-0.7433,37.1426,0.0000,0.00,5
TEL,88052,SAFE_DISABLED,-1.1803,-0.7433,32.9624,0.0000,0.00,5
TEL,88152,SAFE_DISABLED,-1.1803,-0.7433,32.4919,0.0000,0.00,5
TEL,88252,SAFE_DISABLED,-1.1803,-0.7433,34.9673,0.0000,0.00,5
TEL,88352,SAFE_DISABLED,-1.1803,-0.7433,26.9506,0.0000,0.00,5
TEL,88452,SAFE_DISABLED,-1.1803,-0.7433,22.1601,0.0000,0.00,5
TEL,88552,SAFE_DISABLED,-1.1803,-0.7433,28.3542,0.0000,0.00,5
TEL,88652,SAFE_DISABLED,-1.1803,-0.7433,19.8377,0.0000,0.00,5
TEL,88752,SAFE_DISABLED,-1.1803,-0.7433,10.1443,0.0000,0.00,5
TEL,88852,SAFE_DISABLED,-1.1803,-0.7433,17.4382,0.0000,0.00,5
TEL,88952,SAFE_DISABLED,-1.1803,-0.7433,5.7529,0.0000,0.00,5
TEL,89052,SAFE_DISABLED,-1.1803,-0.7433,-7.4321,0.0000,0.00,1
TEL,89152,SAFE_DISABLED,-1.1803,-0.7433,-1.9027,0.0000,0.00,1
TEL,89252,SAFE_DISABLED,-1.1803,-0.7433,-1.7381,0.0000,0.00,1
TEL,89352,SAFE_DISABLED,-1.1803,-0.7433,-21.3402,0.0000,0.00,1
TEL,89452,SAFE_DISABLED,-1.1803,-0.7433,-19.4815,0.0000,0.00,1
TEL,89552,SAFE_DISABLED,-1.1803,-0.7433,-21.0630,0.0000,0.00,1
TEL,89652,SAFE_DISABLED,-1.1803,-0.7433,-39.7973,0.0000,0.00,1
TEL,89752,SAFE_DISABLED,-1.1803,-0.7433,-36.7246,0.0000,0.00,1
TEL,89852,SAFE_DISABLED,-1.1803,-0.7433,-35.3758,0.0000,0.00,1
TEL,89952,SAFE_DISABLED,-1.1803,-0.7433,-54.7788,0.0000,0.00,1
TEL,90052,SAFE_DISABLED,-1.1803,-0.7433,-52.8867,0.0000,0.00,1
TEL,90152,SAFE_DISABLED,-1.1803,-0.7433,-54.5203,0.0000,0.00,1
TEL,90252,SAFE_DISABLED,-1.1803,-0.7433,-63.8107,0.0000,0.00,1
TEL,90352,SAFE_DISABLED,-1.1803,-0.7433,-62.4243,0.0000,0.00,1
TEL,90452,SAFE_DISABLED,-1.1803,-0.7433,-64.4298,0.0000,0.00,1
TEL,90552,SAFE_DISABLED,-1.1803,-0.7433,-65.3125,0.0000,0.00,1
TEL,90652,SAFE_DISABLED,-1.1803,-0.7433,-69.1358,0.0000,0.00,1
TEL,90752,SAFE_DISABLED,-1.1803,-0.7433,-69.7784,0.0000,0.00,1
TEL,90852,SAFE_DISABLED,-1.1803,-0.7433,-69.8864,0.0000,0.00,1
TEL,90952,SAFE_DISABLED,-1.1803,-0.7433,-69.9045,0.0000,0.00,1
TEL,91052,SAFE_DISABLED,-1.1803,-0.7433,-69.9076,0.0000,0.00,1
TEL,91152,SAFE_DISABLED,-1.1803,-0.7433,-69.9081,0.0000,0.00,1
TEL,91252,SAFE_DISABLED,-1.1803,-0.7433,-69.9082,0.0000,0.00,1
TEL,91352,SAFE_DISABLED,-1.1803,-0.7433,-69.9082,0.0000,0.00,1
TEL,91452,SAFE_DISABLED,-1.1803,-0.7433,-69.9082,0.0000,0.00,1
TEL,91552,SAFE_DISABLED,-1.1803,-0.7433,-69.9082,0.0000,0.00,1
TEL,91652,SAFE_DISABLED,-1.1803,-0.7433,-69.9082,0.0000,0.00,1
TEL,91752,SAFE_DISABLED,-1.1803,-0.7433,-69.9082,0.0000,0.00,1
TEL,91852,SAFE_DISABLED,-1.1803,-0.7433,-69.9082,0.0000,0.00,1
TEL,91952,SAFE_DISABLED,-1.1803,-0.7433,-69.9082,0.0000,0.00,1
TEL,92052,SAFE_DISABLED,-1.1803,-0.7433,-69.9082,0.0000,0.00,1
TEL,92152,SAFE_DISABLED,-1.1803,-0.7433,-69.9082,0.0000,0.00,1
TEL,92252,SAFE_DISABLED,-1.1803,-0.7433,-69.9082,0.0000,0.00,1
TEL,92352,SAFE_DISABLED,-1.1803,-0.7433,-69.9082,0.0000,0.00,1
TEL,92452,SAFE_DISABLED,-1.1803,-0.7433,-69.9082,0.0000,0.00,1
AS5600_DIAG,1,306.4746,-62.4082,0,111.11
GUIDE,step=sonar_sensor,do=flat_target_then_sonar_diag
TEL,92554,SAFE_DISABLED,-1.1803,-0.7433,-62.4082,0.0000,0.00,1
TEL,92654,SAFE_DISABLED,-1.1803,-0.7433,-68.6477,0.0000,0.00,1
TEL,92754,SAFE_DISABLED,-1.1803,-0.7433,-69.6964,0.0000,0.00,1
TEL,92854,SAFE_DISABLED,-1.1803,-0.7433,-69.8726,0.0000,0.00,1
TEL,92954,SAFE_DISABLED,-1.1803,-0.7433,-69.9022,0.0000,0.00,1
TEL,93054,SAFE_DISABLED,-1.1803,-0.7433,-69.9072,0.0000,0.00,1
TEL,93154,SAFE_DISABLED,-1.1803,-0.7433,-69.9080,0.0000,0.00,1
TEL,93254,SAFE_DISABLED,-1.1803,-0.7433,-69.9082,0.0000,0.00,1
TEL,93355,SAFE_DISABLED,-1.1803,-0.7433,-69.9082,0.0000,0.00,1
TEL,93455,SAFE_DISABLED,-1.1803,-0.7433,-69.9082,0.0000,0.00,1
TEL,93555,SAFE_DISABLED,-1.1803,-0.7433,-69.9082,0.0000,0.00,1
TEL,93655,SAFE_DISABLED,-1.1803,-0.7433,-69.9082,0.0000,0.00,1
TEL,93755,SAFE_DISABLED,-1.1803,-0.7433,-69.9082,0.0000,0.00,1
TEL,93855,SAFE_DISABLED,-1.1803,-0.7433,-69.9082,0.0000,0.00,1
TEL,93955,SAFE_DISABLED,-1.1803,-0.7433,-69.9082,0.0000,0.00,1
TEL,94055,SAFE_DISABLED,-1.1803,-0.7433,-69.8818,0.0000,0.00,1
TEL,94155,SAFE_DISABLED,-1.1803,-0.7433,-69.9038,0.0000,0.00,1
TEL,94255,SAFE_DISABLED,-1.1803,-0.7433,-69.8890,0.0000,0.00,1
TEL,94355,SAFE_DISABLED,-1.1803,-0.7433,-69.9050,0.0000,0.00,1
TEL,94455,SAFE_DISABLED,-1.1803,-0.7433,-68.5049,0.0000,0.00,1
TEL,94555,SAFE_DISABLED,-1.1803,-0.7433,-69.6724,0.0000,0.00,1
TEL,94655,SAFE_DISABLED,-1.1803,-0.7433,-69.8686,0.0000,0.00,1
TEL,94755,SAFE_DISABLED,-1.1803,-0.7433,-69.9015,0.0000,0.00,1
TEL,94855,SAFE_DISABLED,-1.1803,-0.7433,-62.1347,0.0000,0.00,1
TEL,94955,SAFE_DISABLED,-1.1803,-0.7433,-63.0188,0.0000,0.00,1
TEL,95055,SAFE_DISABLED,-1.1803,-0.7433,-62.2846,0.0000,0.00,1
TEL,95155,SAFE_DISABLED,-1.1803,-0.7433,-44.5371,0.0000,0.00,1
TEL,95255,SAFE_DISABLED,-1.1803,-0.7433,-49.1928,0.0000,0.00,1
TEL,95355,SAFE_DISABLED,-1.1803,-0.7433,-48.3947,0.0000,0.00,1
TEL,95455,SAFE_DISABLED,-1.1803,-0.7433,-34.6169,0.0000,0.00,1
AS5600_DIAG,1,53.5254,-33.8530,0,58.82
GUIDE,step=sonar_sensor,do=flat_target_then_sonar_diag
TEL,95555,SAFE_DISABLED,-1.1803,-0.7433,-29.1276,0.0000,0.00,1
TEL,95655,SAFE_DISABLED,-1.1803,-0.7433,23.2864,0.0000,0.00,5
TEL,95755,SAFE_DISABLED,-1.1803,-0.7433,34.8201,0.0000,0.00,5
TEL,95855,SAFE_DISABLED,-1.1803,-0.7433,36.7797,0.0000,0.00,5
TEL,95955,SAFE_DISABLED,-1.1803,-0.7433,37.1001,0.0000,0.00,5
TEL,96055,SAFE_DISABLED,-1.1803,-0.7433,37.1354,0.0000,0.00,5
TEL,96155,SAFE_DISABLED,-1.1803,-0.7433,37.1414,0.0000,0.00,5
TEL,96256,SAFE_DISABLED,-1.1803,-0.7433,37.1424,0.0000,0.00,5
TEL,96356,SAFE_DISABLED,-1.1803,-0.7433,37.1689,0.0000,0.00,5
TEL,96456,SAFE_DISABLED,-1.1803,-0.7433,37.1470,0.0000,0.00,5
TEL,96556,SAFE_DISABLED,-1.1803,-0.7433,37.1433,0.0000,0.00,5
TEL,96656,SAFE_DISABLED,-1.1803,-0.7433,37.1517,0.0000,0.00,5
TEL,96756,SAFE_DISABLED,-1.1803,-0.7433,37.1441,0.0000,0.00,5
TEL,96856,SAFE_DISABLED,-1.1803,-0.7433,36.1609,0.0000,0.00,5
TEL,96956,SAFE_DISABLED,-1.1803,-0.7433,36.2902,0.0000,0.00,5
TEL,97056,SAFE_DISABLED,-1.1803,-0.7433,36.9993,0.0000,0.00,5
TEL,97156,SAFE_DISABLED,-1.1803,-0.7433,27.4318,0.0000,0.00,5
TEL,97256,SAFE_DISABLED,-1.1803,-0.7433,31.3303,0.0000,0.00,5
TEL,97356,SAFE_DISABLED,-1.1803,-0.7433,29.7129,0.0000,0.00,5
TEL,97456,SAFE_DISABLED,-1.1803,-0.7433,24.2999,0.0000,0.00,5
TEL,97556,SAFE_DISABLED,-1.1803,-0.7433,19.6007,0.0000,0.00,5
TEL,97656,SAFE_DISABLED,-1.1803,-0.7433,18.7469,0.0000,0.00,5
TEL,97756,SAFE_DISABLED,-1.1803,-0.7433,14.1451,0.0000,0.00,5
TEL,97856,SAFE_DISABLED,-1.1803,-0.7433,8.7838,0.0000,0.00,5
AS5600_DIAG,1,53.5254,2.7295,0,200.00
GUIDE,step=sonar_sensor,do=flat_target_then_sonar_diag
TEL,97956,SAFE_DISABLED,-1.1803,-0.7433,-1.0003,0.0000,0.00,1
TEL,98056,SAFE_DISABLED,-1.1803,-0.7433,8.1868,0.0000,0.00,5
TEL,98156,SAFE_DISABLED,-1.1803,-0.7433,-8.9465,0.0000,0.00,1
TEL,98256,SAFE_DISABLED,-1.1803,-0.7433,-16.9947,0.0000,0.00,1
TEL,98356,SAFE_DISABLED,-1.1803,-0.7433,-9.4243,0.0000,0.00,1
TEL,98456,SAFE_DISABLED,-1.1803,-0.7433,-27.4243,0.0000,0.00,1
TEL,98556,SAFE_DISABLED,-1.1803,-0.7433,-33.5120,0.0000,0.00,1
TEL,98656,SAFE_DISABLED,-1.1803,-0.7433,-25.1075,0.0000,0.00,1
TEL,98756,SAFE_DISABLED,-1.1803,-0.7433,-37.1978,0.0000,0.00,1
TEL,98856,SAFE_DISABLED,-1.1803,-0.7433,-49.5280,0.0000,0.00,1
TEL,98956,SAFE_DISABLED,-1.1803,-0.7433,-41.9987,0.0000,0.00,1
TEL,99056,SAFE_DISABLED,-1.1803,-0.7433,-51.7245,0.0000,0.00,1
TEL,99156,SAFE_DISABLED,-1.1803,-0.7433,-62.8768,0.0000,0.00,1
TEL,99256,SAFE_DISABLED,-1.1803,-0.7433,-57.9289,0.0000,0.00,1
TEL,99356,SAFE_DISABLED,-1.1803,-0.7433,-60.5738,0.0000,0.00,1
TEL,99456,SAFE_DISABLED,-1.1803,-0.7433,-68.3394,0.0000,0.00,1
TEL,99556,SAFE_DISABLED,-1.1803,-0.7433,-66.6524,0.0000,0.00,1
TEL,99656,SAFE_DISABLED,-1.1803,-0.7433,-65.1809,0.0000,0.00,1
AS5600_DIAG,1,326.5137,-59.0991,0,58.82
GUIDE,step=sonar_sensor,do=flat_target_then_sonar_diag
TEL,99760,SAFE_DISABLED,-1.1803,-0.7433,-68.0915,0.0000,0.00,1
TEL,99860,SAFE_DISABLED,-1.1803,-0.7433,-69.6029,0.0000,0.00,1
TEL,99960,SAFE_DISABLED,-1.1803,-0.7433,-69.8569,0.0000,0.00,1
TEL,100060,SAFE_DISABLED,-1.1803,-0.7433,-69.8996,0.0000,0.00,1
TEL,100161,SAFE_DISABLED,-1.1803,-0.7433,-43.6819,0.0000,0.00,1
TEL,100261,SAFE_DISABLED,-1.1803,-0.7433,-22.3686,0.0000,0.00,1
TEL,100361,SAFE_DISABLED,-1.1803,-0.7433,-24.8076,0.0000,0.00,1
TEL,100461,SAFE_DISABLED,-1.1803,-0.7433,-15.1213,0.0000,0.00,1
TEL,100561,SAFE_DISABLED,-1.1803,-0.7433,-4.6569,0.0000,0.00,1
TEL,100661,SAFE_DISABLED,-1.1803,-0.7433,-10.6436,0.0000,0.00,1
TEL,100761,SAFE_DISABLED,-1.1803,-0.7433,-12.0535,0.0000,0.00,1
TEL,100861,SAFE_DISABLED,-1.1803,-0.7433,8.5077,0.0000,0.00,5
TEL,100961,SAFE_DISABLED,-1.1803,-0.7433,4.2801,0.0000,0.00,5
TEL,101061,SAFE_DISABLED,-1.1803,-0.7433,7.1258,0.0000,0.00,5
AS5600_DIAG,1,53.5254,9.7856,0,66.67
GUIDE,step=sonar_sensor,do=flat_target_then_sonar_diag
TEL,101166,SAFE_DISABLED,-1.1803,-0.7433,10.4927,0.0000,0.00,5
TEL,101266,SAFE_DISABLED,-1.1803,-0.7433,32.6635,0.0000,0.00,5
TEL,101366,SAFE_DISABLED,-1.1803,-0.7433,36.3961,0.0000,0.00,5
TEL,101466,SAFE_DISABLED,-1.1803,-0.7433,37.0171,0.0000,0.00,5
TEL,101566,SAFE_DISABLED,-1.1803,-0.7433,37.1608,0.0000,0.00,5
TEL,101666,SAFE_DISABLED,-1.1803,-0.7433,37.1547,0.0000,0.00,5
TEL,101766,SAFE_DISABLED,-1.1803,-0.7433,37.1509,0.0000,0.00,5
TEL,101866,SAFE_DISABLED,-1.1803,-0.7433,37.1569,0.0000,0.00,5
TEL,101966,SAFE_DISABLED,-1.1803,-0.7433,37.1450,0.0000,0.00,5
TEL,102066,SAFE_DISABLED,-1.1803,-0.7433,37.1430,0.0000,0.00,5
TEL,102166,SAFE_DISABLED,-1.1803,-0.7433,37.1490,0.0000,0.00,5
TEL,102266,SAFE_DISABLED,-1.1803,-0.7433,37.1436,0.0000,0.00,5
TEL,102366,SAFE_DISABLED,-1.1803,-0.7433,37.1428,0.0000,0.00,5
TEL,102466,SAFE_DISABLED,-1.1803,-0.7433,37.1874,0.0000,0.00,5
TEL,102566,SAFE_DISABLED,-1.1803,-0.7433,37.1686,0.0000,0.00,5
TEL,102666,SAFE_DISABLED,-1.1803,-0.7433,37.1469,0.0000,0.00,5
TEL,102766,SAFE_DISABLED,-1.1803,-0.7433,37.1433,0.0000,0.00,5
TEL,102866,SAFE_DISABLED,-1.1803,-0.7433,37.1427,0.0000,0.00,5
TEL,102966,SAFE_DISABLED,-1.1803,-0.7433,37.1426,0.0000,0.00,5
TEL,103066,SAFE_DISABLED,-1.1803,-0.7433,37.1689,0.0000,0.00,5
TEL,103166,SAFE_DISABLED,-1.1803,-0.7433,37.1470,0.0000,0.00,5
TEL,103266,SAFE_DISABLED,-1.1803,-0.7433,37.1433,0.0000,0.00,5
TEL,103366,SAFE_DISABLED,-1.1803,-0.7433,37.1427,0.0000,0.00,5
TEL,103467,SAFE_DISABLED,-1.1803,-0.7433,37.1426,0.0000,0.00,5
TEL,103567,SAFE_DISABLED,-1.1803,-0.7433,37.1426,0.0000,0.00,5
TEL,103667,SAFE_DISABLED,-1.1803,-0.7433,37.1426,0.0000,0.00,5
TEL,103767,SAFE_DISABLED,-1.1803,-0.7433,37.1426,0.0000,0.00,5
TEL,103867,SAFE_DISABLED,-1.1803,-0.7433,37.1426,0.0000,0.00,5
TEL,103967,SAFE_DISABLED,-1.1803,-0.7433,37.1874,0.0000,0.00,5
TEL,104067,SAFE_DISABLED,-1.1803,-0.7433,37.1655,0.0000,0.00,5
TEL,104167,SAFE_DISABLED,-1.1803,-0.7433,37.1464,0.0000,0.00,5
TEL,104267,SAFE_DISABLED,-1.1803,-0.7433,37.1561,0.0000,0.00,5
TEL,104367,SAFE_DISABLED,-1.1803,-0.7433,37.1578,0.0000,0.00,5
TEL,104467,SAFE_DISABLED,-1.1803,-0.7433,37.1451,0.0000,0.00,5
TEL,104567,SAFE_DISABLED,-1.1803,-0.7433,37.1521,0.0000,0.00,5
TEL,104667,SAFE_DISABLED,-1.1803,-0.7433,37.1442,0.0000,0.00,5
TEL,104767,SAFE_DISABLED,-1.1803,-0.7433,37.1428,0.0000,0.00,5
TEL,104867,SAFE_DISABLED,-1.1803,-0.7433,37.1426,0.0000,0.00,5
TEL,104967,SAFE_DISABLED,-1.1803,-0.7433,37.1426,0.0000,0.00,5
TEL,105067,SAFE_DISABLED,-1.1803,-0.7433,37.1489,0.0000,0.00,5
TEL,105167,SAFE_DISABLED,-1.1803,-0.7433,37.1436,0.0000,0.00,5
TEL,105267,SAFE_DISABLED,-1.1803,-0.7433,37.1428,0.0000,0.00,5
TEL,105367,SAFE_DISABLED,-1.1803,-0.7433,37.1426,0.0000,0.00,5
TEL,105467,SAFE_DISABLED,-1.1803,-0.7433,37.1426,0.0000,0.00,5
TEL,105567,SAFE_DISABLED,-1.1803,-0.7433,37.1426,0.0000,0.00,5
TEL,105667,SAFE_DISABLED,-1.1803,-0.7433,37.1426,0.0000,0.00,5
TEL,105767,SAFE_DISABLED,-1.1803,-0.7433,37.1426,0.0000,0.00,5
TEL,105867,SAFE_DISABLED,-1.1803,-0.7433,37.1426,0.0000,0.00,5
TEL,105967,SAFE_DISABLED,-1.1803,-0.7433,37.1426,0.0000,0.00,5
TEL,106067,SAFE_DISABLED,-1.1803,-0.7433,37.1426,0.0000,0.00,5
TEL,106167,SAFE_DISABLED,-1.1803,-0.7433,37.1426,0.0000,0.00,5
TEL,106267,SAFE_DISABLED,-1.1803,-0.7433,37.1610,0.0000,0.00,5
TEL,106368,SAFE_DISABLED,-1.1803,-0.7433,37.1641,0.0000,0.00,5
TEL,106468,SAFE_DISABLED,-1.1803,-0.7433,37.1462,0.0000,0.00,5
TEL,106568,SAFE_DISABLED,-1.1803,-0.7433,37.1432,0.0000,0.00,5
TEL,106668,SAFE_DISABLED,-1.1803,-0.7433,37.1517,0.0000,0.00,5
TEL,106768,SAFE_DISABLED,-1.1803,-0.7433,37.1441,0.0000,0.00,5
TEL,106868,SAFE_DISABLED,-1.1803,-0.7433,37.1428,0.0000,0.00,5
TEL,106968,SAFE_DISABLED,-1.1803,-0.7433,31.1710,0.0000,0.00,5
TEL,107068,SAFE_DISABLED,-1.1803,-0.7433,35.4606,0.0000,0.00,5
TEL,107168,SAFE_DISABLED,-1.1803,-0.7433,34.3748,0.0000,0.00,5
TEL,107268,SAFE_DISABLED,-1.1803,-0.7433,26.2317,0.0000,0.00,5
TEL,107368,SAFE_DISABLED,-1.1803,-0.7433,29.0386,0.0000,0.00,5
TEL,107468,SAFE_DISABLED,-1.1803,-0.7433,28.8466,0.0000,0.00,5
TEL,107568,SAFE_DISABLED,-1.1803,-0.7433,20.0603,0.0000,0.00,5
TEL,107668,SAFE_DISABLED,-1.1803,-0.7433,19.1048,0.0000,0.00,5
TEL,107768,SAFE_DISABLED,-1.1803,-0.7433,18.5369,0.0000,0.00,5
TEL,107868,SAFE_DISABLED,-1.1803,-0.7433,13.1698,0.0000,0.00,5
TEL,107968,SAFE_DISABLED,-1.1803,-0.7433,8.6199,0.0000,0.00,5
TEL,108068,SAFE_DISABLED,-1.1803,-0.7433,4.1638,0.0000,0.00,5
TEL,108168,SAFE_DISABLED,-1.1803,-0.7433,14.6117,0.0000,0.00,5
TEL,108268,SAFE_DISABLED,-1.1803,-0.7433,-6.6404,0.0000,0.00,1
TEL,108368,SAFE_DISABLED,-1.1803,-0.7433,-8.0914,0.0000,0.00,1
TEL,108468,SAFE_DISABLED,-1.1803,-0.7433,-2.0135,0.0000,0.00,1
TEL,108568,SAFE_DISABLED,-1.1803,-0.7433,-21.7903,0.0000,0.00,1
TEL,108668,SAFE_DISABLED,-1.1803,-0.7433,-26.1402,0.0000,0.00,1
TEL,108768,SAFE_DISABLED,-1.1803,-0.7433,-16.6422,0.0000,0.00,1
TEL,108868,SAFE_DISABLED,-1.1803,-0.7433,-30.2180,0.0000,0.00,1
TEL,108968,SAFE_DISABLED,-1.1803,-0.7433,-39.5386,0.0000,0.00,1
TEL,109068,SAFE_DISABLED,-1.1803,-0.7433,-31.6774,0.0000,0.00,1
TEL,109168,SAFE_DISABLED,-1.1803,-0.7433,-43.8590,0.0000,0.00,1
TEL,109268,SAFE_DISABLED,-1.1803,-0.7433,-53.0030,0.0000,0.00,1
TEL,109368,SAFE_DISABLED,-1.1803,-0.7433,-48.5342,0.0000,0.00,1
TEL,109468,SAFE_DISABLED,-1.1803,-0.7433,-47.3793,0.0000,0.00,1
TEL,109568,SAFE_DISABLED,-1.1803,-0.7433,-60.5204,0.0000,0.00,1
TEL,109668,SAFE_DISABLED,-1.1803,-0.7433,-56.4349,0.0000,0.00,1
TEL,109768,SAFE_DISABLED,-1.1803,-0.7433,-59.8212,0.0000,0.00,1
TEL,109868,SAFE_DISABLED,-1.1803,-0.7433,-66.8102,0.0000,0.00,1
TEL,109968,SAFE_DISABLED,-1.1803,-0.7433,-63.9167,0.0000,0.00,1
TEL,110068,SAFE_DISABLED,-1.1803,-0.7433,-66.1238,0.0000,0.00,1
TEL,110168,SAFE_DISABLED,-1.1803,-0.7433,-67.8224,0.0000,0.00,1
TEL,110268,SAFE_DISABLED,-1.1803,-0.7433,-69.5577,0.0000,0.00,1
TEL,110368,SAFE_DISABLED,-1.1803,-0.7433,-69.8493,0.0000,0.00,1
TEL,110468,SAFE_DISABLED,-1.1803,-0.7433,-69.8983,0.0000,0.00,1
TEL,110568,SAFE_DISABLED,-1.1803,-0.7433,-69.9065,0.0000,0.00,1
TEL,110668,SAFE_DISABLED,-1.1803,-0.7433,-69.9079,0.0000,0.00,1
TEL,110768,SAFE_DISABLED,-1.1803,-0.7433,-69.9082,0.0000,0.00,1
TEL,110868,SAFE_DISABLED,-1.1803,-0.7433,-69.9082,0.0000,0.00,1
TEL,110968,SAFE_DISABLED,-1.1803,-0.7433,-69.9082,0.0000,0.00,1
TEL,111068,SAFE_DISABLED,-1.1803,-0.7433,-69.9082,0.0000,0.00,1
TEL,111168,SAFE_DISABLED,-1.1803,-0.7433,-69.9082,0.0000,0.00,1
TEL,111268,SAFE_DISABLED,-1.1803,-0.7433,-69.9082,0.0000,0.00,1
TEL,111368,SAFE_DISABLED,-1.1803,-0.7433,-69.9082,0.0000,0.00,1
TEL,111468,SAFE_DISABLED,-1.1803,-0.7433,-69.9082,0.0000,0.00,1
TEL,111568,SAFE_DISABLED,-1.1803,-0.7433,-69.9082,0.0000,0.00,1
TEL,111668,SAFE_DISABLED,-1.1803,-0.7433,-69.9082,0.0000,0.00,1
TEL,111768,SAFE_DISABLED,-1.1803,-0.7433,-69.9082,0.0000,0.00,1
TEL,111868,SAFE_DISABLED,-1.1803,-0.7433,-69.9082,0.0000,0.00,1
TEL,111968,SAFE_DISABLED,-1.1803,-0.7433,-69.9082,0.0000,0.00,1
TEL,112068,SAFE_DISABLED,-1.1803,-0.7433,-69.9082,0.0000,0.00,1
TEL,112168,SAFE_DISABLED,-1.1803,-0.7433,-69.9082,0.0000,0.00,1
TEL,112268,SAFE_DISABLED,-1.1803,-0.7433,-69.9082,0.0000,0.00,1
TEL,112368,SAFE_DISABLED,-1.1803,-0.7433,-69.9082,0.0000,0.00,1
TEL,112468,SAFE_DISABLED,-1.1803,-0.7433,-69.9082,0.0000,0.00,1
TEL,112568,SAFE_DISABLED,-1.1803,-0.7433,-69.9082,0.0000,0.00,1
TEL,112668,SAFE_DISABLED,-1.1803,-0.7433,-69.9082,0.0000,0.00,1
TEL,112768,SAFE_DISABLED,-1.1803,-0.7433,-69.9082,0.0000,0.00,1
TEL,112868,SAFE_DISABLED,-1.1803,-0.7433,-69.9082,0.0000,0.00,1
TEL,112968,SAFE_DISABLED,-1.1803,-0.7433,-69.9082,0.0000,0.00,1
TEL,113068,SAFE_DISABLED,-1.1803,-0.7433,-69.9082,0.0000,0.00,1
TEL,113168,SAFE_DISABLED,-1.1803,-0.7433,-69.9082,0.0000,0.00,1
TEL,113268,SAFE_DISABLED,-1.1803,-0.7433,-69.9082,0.0000,0.00,1
TEL,113368,SAFE_DISABLED,-1.1803,-0.7433,-69.9082,0.0000,0.00,1
TEL,113468,SAFE_DISABLED,-1.1803,-0.7433,-69.9082,0.0000,0.00,1
TEL,113568,SAFE_DISABLED,-1.1803,-0.7433,-69.9082,0.0000,0.00,1
TEL,113668,SAFE_DISABLED,-1.1803,-0.7433,-69.9082,0.0000,0.00,1
TEL,113768,SAFE_DISABLED,-1.1803,-0.7433,-69.9082,0.0000,0.00,1
TEL,113868,SAFE_DISABLED,-1.1803,-0.7433,-69.9082,0.0000,0.00,1
TEL,113968,SAFE_DISABLED,-1.1803,-0.7433,-69.9082,0.0000,0.00,1
TEL,114068,SAFE_DISABLED,-1.1803,-0.7433,-69.9082,0.0000,0.00,1
TEL,114168,SAFE_DISABLED,-1.1803,-0.7433,-69.9082,0.0000,0.00,1
TEL,114268,SAFE_DISABLED,-1.1803,-0.7433,-69.9082,0.0000,0.00,1
TEL,114368,SAFE_DISABLED,-1.1803,-0.7433,-69.9082,0.0000,0.00,1
TEL,114468,SAFE_DISABLED,-1.1803,-0.7433,-69.9082,0.0000,0.00,1
TEL,114568,SAFE_DISABLED,-1.1803,-0.7433,-69.9082,0.0000,0.00,1
TEL,114668,SAFE_DISABLED,-1.1803,-0.7433,-69.9082,0.0000,0.00,1
TEL,114768,SAFE_DISABLED,-1.1803,-0.7433,-69.9082,0.0000,0.00,1
TEL,114868,SAFE_DISABLED,-1.1803,-0.7433,-69.9082,0.0000,0.00,1
TEL,114968,SAFE_DISABLED,-1.1803,-0.7433,-69.9082,0.0000,0.00,1
TEL,115068,SAFE_DISABLED,-1.1803,-0.7433,-69.9082,0.0000,0.00,1
TEL,115168,SAFE_DISABLED,-1.1803,-0.7433,-69.9082,0.0000,0.00,1
TEL,115268,SAFE_DISABLED,-1.1803,-0.7433,-69.9082,0.0000,0.00,1
TEL,115368,SAFE_DISABLED,-1.1803,-0.7433,-69.9082,0.0000,0.00,1
TEL,115468,SAFE_DISABLED,-1.1803,-0.7433,-69.9082,0.0000,0.00,1
TEL,115568,SAFE_DISABLED,-1.1803,-0.7433,-69.9082,0.0000,0.00,1
TEL,115668,SAFE_DISABLED,-1.1803,-0.7433,-69.9082,0.0000,0.00,1
TEL,115768,SAFE_DISABLED,-1.1803,-0.7433,-69.9082,0.0000,0.00,1
TEL,115868,SAFE_DISABLED,-1.1803,-0.7433,-69.9082,0.0000,0.00,1
TEL,115968,SAFE_DISABLED,-1.1803,-0.7433,-69.9082,0.0000,0.00,1
TEL,116068,SAFE_DISABLED,-1.1803,-0.7433,-69.9082,0.0000,0.00,1
TEL,116168,SAFE_DISABLED,-1.1803,-0.7433,-69.9082,0.0000,0.00,1
TEL,116268,SAFE_DISABLED,-1.1803,-0.7433,-69.9082,0.0000,0.00,1
TEL,116368,SAFE_DISABLED,-1.1803,-0.7433,-69.9082,0.0000,0.00,1
TEL,116468,SAFE_DISABLED,-1.1803,-0.7433,-69.9082,0.0000,0.00,1
TEL,116568,SAFE_DISABLED,-1.1803,-0.7433,-69.9082,0.0000,0.00,1
TEL,116668,SAFE_DISABLED,-1.1803,-0.7433,-69.9082,0.0000,0.00,1
TEL,116768,SAFE_DISABLED,-1.1803,-0.7433,-69.9082,0.0000,0.00,1
TEL,116868,SAFE_DISABLED,-1.1803,-0.7433,-69.9082,0.0000,0.00,1
TEL,116968,SAFE_DISABLED,-1.1803,-0.7433,-69.9082,0.0000,0.00,1
TEL,117068,SAFE_DISABLED,-1.1803,-0.7433,-69.9082,0.0000,0.00,1
TEL,117168,SAFE_DISABLED,-1.1803,-0.7433,-69.9082,0.0000,0.00,1
TEL,117268,SAFE_DISABLED,-1.1803,-0.7433,-69.9082,0.0000,0.00,1
TEL,117368,SAFE_DISABLED,-1.1803,-0.7433,-69.9082,0.0000,0.00,1
TEL,117468,SAFE_DISABLED,-1.1803,-0.7433,-69.9082,0.0000,0.00,1
TEL,117568,SAFE_DISABLED,-1.1803,-0.7433,-69.9082,0.0000,0.00,1
TEL,117668,SAFE_DISABLED,-1.1803,-0.7433,-69.9082,0.0000,0.00,1
TEL,117768,SAFE_DISABLED,-1.1803,-0.7433,-69.9082,0.0000,0.00,1
TEL,117868,SAFE_DISABLED,-1.1803,-0.7433,-69.9082,0.0000,0.00,1
TEL,117968,SAFE_DISABLED,-1.1803,-0.7433,-69.9082,0.0000,0.00,1
TEL,118068,SAFE_DISABLED,-1.1803,-0.7433,-69.9082,0.0000,0.00,1
TEL,118168,SAFE_DISABLED,-1.1803,-0.7433,-69.9082,0.0000,0.00,1
TEL,118268,SAFE_DISABLED,-1.1803,-0.7433,-69.9082,0.0000,0.00,1
TEL,118368,SAFE_DISABLED,-1.1803,-0.7433,-69.9082,0.0000,0.00,1
TEL,118468,SAFE_DISABLED,-1.1803,-0.7433,-69.9082,0.0000,0.00,1
TEL,118568,SAFE_DISABLED,-1.1803,-0.7433,-69.9082,0.0000,0.00,1
TEL,118668,SAFE_DISABLED,-1.1803,-0.7433,-69.9082,0.0000,0.00,1
TEL,118768,SAFE_DISABLED,-1.1803,-0.7433,-69.9082,0.0000,0.00,1
TEL,118868,SAFE_DISABLED,-1.1803,-0.7433,-69.9082,0.0000,0.00,1
TEL,118968,SAFE_DISABLED,-1.1803,-0.7433,-69.9082,0.0000,0.00,1
TEL,119068,SAFE_DISABLED,-1.1803,-0.7433,-69.9082,0.0000,0.00,1
TEL,119168,SAFE_DISABLED,-1.1803,-0.7433,-69.9082,0.0000,0.00,1
TEL,119268,SAFE_DISABLED,-1.1803,-0.7433,-69.9082,0.0000,0.00,1
TEL,119368,SAFE_DISABLED,-1.1803,-0.7433,-69.9082,0.0000,0.00,1
TEL,119468,SAFE_DISABLED,-1.1803,-0.7433,-69.9082,0.0000,0.00,1
TEL,119568,SAFE_DISABLED,-1.1803,-0.7433,-69.9082,0.0000,0.00,1
TEL,119668,SAFE_DISABLED,-1.1803,-0.7433,-69.9082,0.0000,0.00,1
TEL,119768,SAFE_DISABLED,-1.1803,-0.7433,-69.9082,0.0000,0.00,1
TEL,119868,SAFE_DISABLED,-1.1803,-0.7433,-69.9082,0.0000,0.00,1
TEL,119968,SAFE_DISABLED,-1.1803,-0.7433,-69.9082,0.0000,0.00,1
TEL,120068,SAFE_DISABLED,-1.1803,-0.7433,-69.9082,0.0000,0.00,1
TEL,120168,SAFE_DISABLED,-1.1803,-0.7433,-69.9082,0.0000,0.00,1
TEL,120268,SAFE_DISABLED,-1.1803,-0.7433,-69.9082,0.0000,0.00,1
TEL,120368,SAFE_DISABLED,-1.1803,-0.7433,-69.8992,0.0000,0.00,1
TEL,120468,SAFE_DISABLED,-1.1803,-0.7433,-69.9067,0.0000,0.00,1
TEL,120568,SAFE_DISABLED,-1.1803,-0.7433,-69.9079,0.0000,0.00,1
TEL,120668,SAFE_DISABLED,-1.1803,-0.7433,-69.9082,0.0000,0.00,1
TEL,120768,SAFE_DISABLED,-1.1803,-0.7433,-69.9082,0.0000,0.00,1
TEL,120868,SAFE_DISABLED,-1.1803,-0.7433,-69.9082,0.0000,0.00,1
TEL,120968,SAFE_DISABLED,-1.1803,-0.7433,-69.9082,0.0000,0.00,1
TEL,121068,SAFE_DISABLED,-1.1803,-0.7433,-69.9082,0.0000,0.00,1
TEL,121168,SAFE_DISABLED,-1.1803,-0.7433,-69.9082,0.0000,0.00,1
TEL,121268,SAFE_DISABLED,-1.1803,-0.7433,-69.9082,0.0000,0.00,1
TEL,121368,SAFE_DISABLED,-1.1803,-0.7433,-69.9082,0.0000,0.00,1
TEL,121468,SAFE_DISABLED,-1.1803,-0.7433,-69.9082,0.0000,0.00,1
TEL,121568,SAFE_DISABLED,-1.1803,-0.7433,-69.9082,0.0000,0.00,1
TEL,121668,SAFE_DISABLED,-1.1803,-0.7433,-68.5055,0.0000,0.00,1
TEL,121768,SAFE_DISABLED,-1.1803,-0.7433,-69.6724,0.0000,0.00,1
TEL,121868,SAFE_DISABLED,-1.1803,-0.7433,-69.8686,0.0000,0.00,1
TEL,121968,SAFE_DISABLED,-1.1803,-0.7433,-67.0961,0.0000,0.00,1
TEL,122068,SAFE_DISABLED,-1.1803,-0.7433,-64.4926,0.0000,0.00,1
TEL,122168,SAFE_DISABLED,-1.1803,-0.7433,-68.9980,0.0000,0.00,1
TEL,122268,SAFE_DISABLED,-1.1803,-0.7433,-67.2702,0.0000,0.00,1
TEL,122368,SAFE_DISABLED,-1.1803,-0.7433,-52.4203,0.0000,0.00,1
TEL,122468,SAFE_DISABLED,-1.1803,-0.7433,-57.7166,0.0000,0.00,1
TEL,122568,SAFE_DISABLED,-1.1803,-0.7433,-61.4469,0.0000,0.00,1
TEL,122668,SAFE_DISABLED,-1.1803,-0.7433,-39.7347,0.0000,0.00,1
TEL,122768,SAFE_DISABLED,-1.1803,-0.7433,-42.8003,0.0000,0.00,1
TEL,122868,SAFE_DISABLED,-1.1803,-0.7433,-41.7633,0.0000,0.00,1
TEL,122968,SAFE_DISABLED,-1.1803,-0.7433,-27.9454,0.0000,0.00,1
TEL,123068,SAFE_DISABLED,-1.1803,-0.7433,-27.1747,0.0000,0.00,1
TEL,123168,SAFE_DISABLED,-1.1803,-0.7433,-26.0191,0.0000,0.00,1
TEL,123268,SAFE_DISABLED,-1.1803,-0.7433,-10.0900,0.0000,0.00,1
TEL,123368,SAFE_DISABLED,-1.1803,-0.7433,-11.5567,0.0000,0.00,1
TEL,123468,SAFE_DISABLED,-1.1803,-0.7433,-12.2801,0.0000,0.00,1
TEL,123568,SAFE_DISABLED,-1.1803,-0.7433,-2.5550,0.0000,0.00,1
TEL,123668,SAFE_DISABLED,-1.1803,-0.7433,4.8778,0.0000,0.00,5
TEL,123768,SAFE_DISABLED,-1.1803,-0.7433,9.8184,0.0000,0.00,5
TEL,123868,SAFE_DISABLED,-1.1803,-0.7433,16.4151,0.0000,0.00,5
TEL,123968,SAFE_DISABLED,-1.1803,-0.7433,20.6832,0.0000,0.00,5
TEL,124068,SAFE_DISABLED,-1.1803,-0.7433,26.5537,0.0000,0.00,5
TEL,124168,SAFE_DISABLED,-1.1803,-0.7433,17.3113,0.0000,0.00,5
TEL,124268,SAFE_DISABLED,-1.1803,-0.7433,27.3568,0.0000,0.00,5
TEL,124368,SAFE_DISABLED,-1.1803,-0.7433,31.3177,0.0000,0.00,5
TEL,124468,SAFE_DISABLED,-1.1803,-0.7433,24.2744,0.0000,0.00,5
TEL,124568,SAFE_DISABLED,-1.1803,-0.7433,35.0062,0.0000,0.00,5
TEL,124668,SAFE_DISABLED,-1.1803,-0.7433,36.7835,0.0000,0.00,5
TEL,124768,SAFE_DISABLED,-1.1803,-0.7433,35.1031,0.0000,0.00,5
TEL,124868,SAFE_DISABLED,-1.1803,-0.7433,36.7998,0.0000,0.00,5
TEL,124968,SAFE_DISABLED,-1.1803,-0.7433,37.0850,0.0000,0.00,5
TEL,125068,SAFE_DISABLED,-1.1803,-0.7433,37.1419,0.0000,0.00,5
TEL,125168,SAFE_DISABLED,-1.1803,-0.7433,37.1609,0.0000,0.00,5
TEL,125268,SAFE_DISABLED,-1.1803,-0.7433,37.1457,0.0000,0.00,5
TEL,125368,SAFE_DISABLED,-1.1803,-0.7433,37.1431,0.0000,0.00,5
TEL,125468,SAFE_DISABLED,-1.1803,-0.7433,37.1427,0.0000,0.00,5
TEL,125568,SAFE_DISABLED,-1.1803,-0.7433,37.1426,0.0000,0.00,5
TEL,125668,SAFE_DISABLED,-1.1803,-0.7433,37.1426,0.0000,0.00,5
TEL,125768,SAFE_DISABLED,-1.1803,-0.7433,37.1610,0.0000,0.00,5
TEL,125868,SAFE_DISABLED,-1.1803,-0.7433,37.1457,0.0000,0.00,5
TEL,125968,SAFE_DISABLED,-1.1803,-0.7433,37.1616,0.0000,0.00,5
TEL,126068,SAFE_DISABLED,-1.1803,-0.7433,37.1458,0.0000,0.00,5
TEL,126168,SAFE_DISABLED,-1.1803,-0.7433,37.1431,0.0000,0.00,5
TEL,126268,SAFE_DISABLED,-1.1803,-0.7433,37.1427,0.0000,0.00,5
TEL,126368,SAFE_DISABLED,-1.1803,-0.7433,37.1426,0.0000,0.00,5
TEL,126468,SAFE_DISABLED,-1.1803,-0.7433,37.1426,0.0000,0.00,5
TEL,126568,SAFE_DISABLED,-1.1803,-0.7433,37.1516,0.0000,0.00,5
TEL,126668,SAFE_DISABLED,-1.1803,-0.7433,37.1441,0.0000,0.00,5
TEL,126768,SAFE_DISABLED,-1.1803,-0.7433,37.1428,0.0000,0.00,5
TEL,126868,SAFE_DISABLED,-1.1803,-0.7433,37.1517,0.0000,0.00,5
TEL,126968,SAFE_DISABLED,-1.1803,-0.7433,37.1661,0.0000,0.00,5
TEL,127068,SAFE_DISABLED,-1.1803,-0.7433,37.1465,0.0000,0.00,5
TEL,127168,SAFE_DISABLED,-1.1803,-0.7433,37.1562,0.0000,0.00,5
TEL,127268,SAFE_DISABLED,-1.1803,-0.7433,37.1578,0.0000,0.00,5
TEL,127368,SAFE_DISABLED,-1.1803,-0.7433,37.1778,0.0000,0.00,5
TEL,127468,SAFE_DISABLED,-1.1803,-0.7433,37.1485,0.0000,0.00,5
TEL,127568,SAFE_DISABLED,-1.1803,-0.7433,37.1590,0.0000,0.00,5
TEL,127668,SAFE_DISABLED,-1.1803,-0.7433,37.1607,0.0000,0.00,5
TEL,127768,SAFE_DISABLED,-1.1803,-0.7433,37.1456,0.0000,0.00,5
TEL,127868,SAFE_DISABLED,-1.1803,-0.7433,37.1560,0.0000,0.00,5
TEL,127968,SAFE_DISABLED,-1.1803,-0.7433,37.1633,0.0000,0.00,5
TEL,128068,SAFE_DISABLED,-1.1803,-0.7433,37.1461,0.0000,0.00,5
TEL,128168,SAFE_DISABLED,-1.1803,-0.7433,37.1624,0.0000,0.00,5
TEL,128268,SAFE_DISABLED,-1.1803,-0.7433,37.1723,0.0000,0.00,5
TEL,128368,SAFE_DISABLED,-1.1803,-0.7433,37.1566,0.0000,0.00,5
TEL,128468,SAFE_DISABLED,-1.1803,-0.7433,37.1713,0.0000,0.00,5
TEL,128568,SAFE_DISABLED,-1.1803,-0.7433,37.1942,0.0000,0.00,5
TEL,128668,SAFE_DISABLED,-1.1803,-0.7433,37.1576,0.0000,0.00,5
TEL,128768,SAFE_DISABLED,-1.1803,-0.7433,37.1580,0.0000,0.00,5
TEL,128868,SAFE_DISABLED,-1.1803,-0.7433,37.1452,0.0000,0.00,5
TEL,128968,SAFE_DISABLED,-1.1803,-0.7433,37.1430,0.0000,0.00,5
TEL,129068,SAFE_DISABLED,-1.1803,-0.7433,37.1819,0.0000,0.00,5
TEL,129168,SAFE_DISABLED,-1.1803,-0.7433,37.1756,0.0000,0.00,5
TEL,129268,SAFE_DISABLED,-1.1803,-0.7433,37.1481,0.0000,0.00,5
TEL,129368,SAFE_DISABLED,-1.1803,-0.7433,37.1435,0.0000,0.00,5
TEL,129468,SAFE_DISABLED,-1.1803,-0.7433,37.1427,0.0000,0.00,5
TEL,129568,SAFE_DISABLED,-1.1803,-0.7433,37.1489,0.0000,0.00,5
TEL,129668,SAFE_DISABLED,-1.1803,-0.7433,37.1436,0.0000,0.00,5
TEL,129768,SAFE_DISABLED,-1.1803,-0.7433,37.1691,0.0000,0.00,5
TEL,129868,SAFE_DISABLED,-1.1803,-0.7433,37.1745,0.0000,0.00,5
TEL,129968,SAFE_DISABLED,-1.1803,-0.7433,37.1479,0.0000,0.00,5
TEL,130068,SAFE_DISABLED,-1.1803,-0.7433,37.1435,0.0000,0.00,5
TEL,130168,SAFE_DISABLED,-1.1803,-0.7433,37.1556,0.0000,0.00,5
TEL,130268,SAFE_DISABLED,-1.1803,-0.7433,37.1448,0.0000,0.00,5
TEL,130368,SAFE_DISABLED,-1.1803,-0.7433,37.1743,0.0000,0.00,5
TEL,130468,SAFE_DISABLED,-1.1803,-0.7433,37.1479,0.0000,0.00,5
TEL,130568,SAFE_DISABLED,-1.1803,-0.7433,37.1588,0.0000,0.00,5
TEL,130668,SAFE_DISABLED,-1.1803,-0.7433,37.1638,0.0000,0.00,5
TEL,130768,SAFE_DISABLED,-1.1803,-0.7433,37.1552,0.0000,0.00,5
TEL,130868,SAFE_DISABLED,-1.1803,-0.7433,37.1576,0.0000,0.00,5
TEL,130968,SAFE_DISABLED,-1.1803,-0.7433,37.1451,0.0000,0.00,5
TEL,131068,SAFE_DISABLED,-1.1803,-0.7433,37.1694,0.0000,0.00,5
TEL,131168,SAFE_DISABLED,-1.1803,-0.7433,37.1471,0.0000,0.00,5
TEL,131268,SAFE_DISABLED,-1.1803,-0.7433,37.1433,0.0000,0.00,5
TEL,131368,SAFE_DISABLED,-1.1803,-0.7433,37.1612,0.0000,0.00,5
TEL,131468,SAFE_DISABLED,-1.1803,-0.7433,37.1457,0.0000,0.00,5
TEL,131568,SAFE_DISABLED,-1.1803,-0.7433,37.1521,0.0000,0.00,5
TEL,131668,SAFE_DISABLED,-1.1803,-0.7433,37.1442,0.0000,0.00,5
TEL,131768,SAFE_DISABLED,-1.1803,-0.7433,37.1428,0.0000,0.00,5
TEL,131868,SAFE_DISABLED,-1.1803,-0.7433,37.1426,0.0000,0.00,5
TEL,131968,SAFE_DISABLED,-1.1803,-0.7433,37.1426,0.0000,0.00,5
TEL,132068,SAFE_DISABLED,-1.1803,-0.7433,37.1426,0.0000,0.00,5
TEL,132168,SAFE_DISABLED,-1.1803,-0.7433,37.1426,0.0000,0.00,5
TEL,132268,SAFE_DISABLED,-1.1803,-0.7433,37.1426,0.0000,0.00,5
TEL,132368,SAFE_DISABLED,-1.1803,-0.7433,37.1426,0.0000,0.00,5
TEL,132468,SAFE_DISABLED,-1.1803,-0.7433,37.1610,0.0000,0.00,5
TEL,132568,SAFE_DISABLED,-1.1803,-0.7433,37.1520,0.0000,0.00,5
TEL,132668,SAFE_DISABLED,-1.1803,-0.7433,37.1442,0.0000,0.00,5
TEL,132768,SAFE_DISABLED,-1.1803,-0.7433,37.1428,0.0000,0.00,5
TEL,132868,SAFE_DISABLED,-1.1803,-0.7433,28.1852,0.0000,0.00,5
TEL,132968,SAFE_DISABLED,-1.1803,-0.7433,30.0542,0.0000,0.00,5
TEL,133068,SAFE_DISABLED,-1.1803,-0.7433,29.0173,0.0000,0.00,5
TEL,133168,SAFE_DISABLED,-1.1803,-0.7433,21.5773,0.0000,0.00,5
TEL,133268,SAFE_DISABLED,-1.1803,-0.7433,19.3598,0.0000,0.00,5
TEL,133368,SAFE_DISABLED,-1.1803,-0.7433,18.0692,0.0000,0.00,5
TEL,133468,SAFE_DISABLED,-1.1803,-0.7433,8.0875,0.0000,0.00,5
TEL,133568,SAFE_DISABLED,-1.1803,-0.7433,0.3547,0.0000,0.00,5
TEL,133668,SAFE_DISABLED,-1.1803,-0.7433,-5.7472,0.0000,0.00,1
TEL,133768,SAFE_DISABLED,-1.1803,-0.7433,1.8091,0.0000,0.00,5
TEL,133868,SAFE_DISABLED,-1.1803,-0.7433,-15.5754,0.0000,0.00,1
TEL,133968,SAFE_DISABLED,-1.1803,-0.7433,-23.6658,0.0000,0.00,1
TEL,134068,SAFE_DISABLED,-1.1803,-0.7433,-16.1025,0.0000,0.00,1
TEL,134168,SAFE_DISABLED,-1.1803,-0.7433,-39.6608,0.0000,0.00,1
TEL,134268,SAFE_DISABLED,-1.1803,-0.7433,-49.9420,0.0000,0.00,1
TEL,134368,SAFE_DISABLED,-1.1803,-0.7433,-42.8137,0.0000,0.00,1
TEL,134468,SAFE_DISABLED,-1.1803,-0.7433,-50.2644,0.0000,0.00,1
TEL,134568,SAFE_DISABLED,-1.1803,-0.7433,-60.3089,0.0000,0.00,1
TEL,134668,SAFE_DISABLED,-1.1803,-0.7433,-55.6764,0.0000,0.00,1
TEL,134768,SAFE_DISABLED,-1.1803,-0.7433,-64.9438,0.0000,0.00,1
TEL,134868,SAFE_DISABLED,-1.1803,-0.7433,-69.0738,0.0000,0.00,1
TEL,134968,SAFE_DISABLED,-1.1803,-0.7433,-69.7680,0.0000,0.00,1
TEL,135068,SAFE_DISABLED,-1.1803,-0.7433,-69.1844,0.0000,0.00,1
TEL,135168,SAFE_DISABLED,-1.1803,-0.7433,-69.7865,0.0000,0.00,1
TEL,135268,SAFE_DISABLED,-1.1803,-0.7433,-69.8878,0.0000,0.00,1
TEL,135368,SAFE_DISABLED,-1.1803,-0.7433,-69.9048,0.0000,0.00,1
TEL,135468,SAFE_DISABLED,-1.1803,-0.7433,-69.9076,0.0000,0.00,1
TEL,135568,SAFE_DISABLED,-1.1803,-0.7433,-69.9081,0.0000,0.00,1
TEL,135668,SAFE_DISABLED,-1.1803,-0.7433,-69.9082,0.0000,0.00,1
TEL,135768,SAFE_DISABLED,-1.1803,-0.7433,-69.9082,0.0000,0.00,1
TEL,135868,SAFE_DISABLED,-1.1803,-0.7433,-69.9082,0.0000,0.00,1
TEL,135968,SAFE_DISABLED,-1.1803,-0.7433,-69.9082,0.0000,0.00,1
TEL,136068,SAFE_DISABLED,-1.1803,-0.7433,-69.9082,0.0000,0.00,1
TEL,136168,SAFE_DISABLED,-1.1803,-0.7433,-69.9082,0.0000,0.00,1
TEL,136268,SAFE_DISABLED,-1.1803,-0.7433,-69.9082,0.0000,0.00,1
TEL,136368,SAFE_DISABLED,-1.1803,-0.7433,-69.9082,0.0000,0.00,1
TEL,136468,SAFE_DISABLED,-1.1803,-0.7433,-69.9082,0.0000,0.00,1
TEL,136568,SAFE_DISABLED,-1.1803,-0.7433,-69.9082,0.0000,0.00,1
TEL,136668,SAFE_DISABLED,-1.1803,-0.7433,-69.9082,0.0000,0.00,1
TEL,136768,SAFE_DISABLED,-1.1803,-0.7433,-69.9082,0.0000,0.00,1
TEL,136868,SAFE_DISABLED,-1.1803,-0.7433,-69.9082,0.0000,0.00,1
TEL,136968,SAFE_DISABLED,-1.1803,-0.7433,-69.9082,0.0000,0.00,1
TEL,137068,SAFE_DISABLED,-1.1803,-0.7433,-69.9082,0.0000,0.00,1
TEL,137168,SAFE_DISABLED,-1.1803,-0.7433,-69.9082,0.0000,0.00,1
TEL,137268,SAFE_DISABLED,-1.1803,-0.7433,-69.9082,0.0000,0.00,1
TEL,137368,SAFE_DISABLED,-1.1803,-0.7433,-69.9082,0.0000,0.00,1
TEL,137468,SAFE_DISABLED,-1.1803,-0.7433,-69.9082,0.0000,0.00,1
TEL,137568,SAFE_DISABLED,-1.1803,-0.7433,-69.9082,0.0000,0.00,1
TEL,137668,SAFE_DISABLED,-1.1803,-0.7433,-69.9082,0.0000,0.00,1
TEL,137768,SAFE_DISABLED,-1.1803,-0.7433,-69.9082,0.0000,0.00,1
TEL,137868,SAFE_DISABLED,-1.1803,-0.7433,-69.9082,0.0000,0.00,1
TEL,137968,SAFE_DISABLED,-1.1803,-0.7433,-69.9082,0.0000,0.00,1
TEL,138068,SAFE_DISABLED,-1.1803,-0.7433,-69.9082,0.0000,0.00,1
TEL,138168,SAFE_DISABLED,-1.1803,-0.7433,-69.9082,0.0000,0.00,1
TEL,138268,SAFE_DISABLED,-1.1803,-0.7433,-69.9082,0.0000,0.00,1
TEL,138368,SAFE_DISABLED,-1.1803,-0.7433,-69.9082,0.0000,0.00,1
TEL,138468,SAFE_DISABLED,-1.1803,-0.7433,-69.9082,0.0000,0.00,1
TEL,138568,SAFE_DISABLED,-1.1803,-0.7433,-69.9082,0.0000,0.00,1
TEL,138668,SAFE_DISABLED,-1.1803,-0.7433,-69.9082,0.0000,0.00,1
TEL,138768,SAFE_DISABLED,-1.1803,-0.7433,-69.9082,0.0000,0.00,1
TEL,138868,SAFE_DISABLED,-1.1803,-0.7433,-69.9082,0.0000,0.00,1
TEL,138968,SAFE_DISABLED,-1.1803,-0.7433,-69.9082,0.0000,0.00,1
TEL,139068,SAFE_DISABLED,-1.1803,-0.7433,-69.9082,0.0000,0.00,1
TEL,139168,SAFE_DISABLED,-1.1803,-0.7433,-69.9082,0.0000,0.00,1
TEL,139268,SAFE_DISABLED,-1.1803,-0.7433,-69.9082,0.0000,0.00,1
TEL,139368,SAFE_DISABLED,-1.1803,-0.7433,-69.9082,0.0000,0.00,1
TEL,139468,SAFE_DISABLED,-1.1803,-0.7433,-69.9082,0.0000,0.00,1
TEL,139568,SAFE_DISABLED,-1.1803,-0.7433,-69.9082,0.0000,0.00,1
TEL,139668,SAFE_DISABLED,-1.1803,-0.7433,-69.9082,0.0000,0.00,1
TEL,139768,SAFE_DISABLED,-1.1803,-0.7433,-69.9082,0.0000,0.00,1
TEL,139868,SAFE_DISABLED,-1.1803,-0.7433,-69.9082,0.0000,0.00,1
TEL,139968,SAFE_DISABLED,-1.1803,-0.7433,-69.9082,0.0000,0.00,1
TEL,140068,SAFE_DISABLED,-1.1803,-0.7433,-69.9082,0.0000,0.00,1
TEL,140168,SAFE_DISABLED,-1.1803,-0.7433,-69.9082,0.0000,0.00,1
TEL,140268,SAFE_DISABLED,-1.1803,-0.7433,-69.9082,0.0000,0.00,1
TEL,140368,SAFE_DISABLED,-1.1803,-0.7433,-69.9082,0.0000,0.00,1
TEL,140468,SAFE_DISABLED,-1.1803,-0.7433,-69.9082,0.0000,0.00,1
TEL,140568,SAFE_DISABLED,-1.1803,-0.7433,-69.9082,0.0000,0.00,1
TEL,140668,SAFE_DISABLED,-1.1803,-0.7433,-69.9082,0.0000,0.00,1
TEL,140768,SAFE_DISABLED,-1.1803,-0.7433,-69.9082,0.0000,0.00,1
TEL,140868,SAFE_DISABLED,-1.1803,-0.7433,-69.9082,0.0000,0.00,1
TEL,140968,SAFE_DISABLED,-1.1803,-0.7433,-69.9082,0.0000,0.00,1
TEL,141068,SAFE_DISABLED,-1.1803,-0.7433,-69.9082,0.0000,0.00,1
TEL,141168,SAFE_DISABLED,-1.1803,-0.7433,-69.9082,0.0000,0.00,1
TEL,141268,SAFE_DISABLED,-1.1803,-0.7433,-69.9082,0.0000,0.00,1
TEL,141368,SAFE_DISABLED,-1.1803,-0.7433,-69.9082,0.0000,0.00,1
TEL,141468,SAFE_DISABLED,-1.1803,-0.7433,-69.9082,0.0000,0.00,1
TEL,141568,SAFE_DISABLED,-1.1803,-0.7433,-69.9082,0.0000,0.00,1
TEL,141668,SAFE_DISABLED,-1.1803,-0.7433,-69.9082,0.0000,0.00,1
TEL,141768,SAFE_DISABLED,-1.1803,-0.7433,-69.9082,0.0000,0.00,1
TEL,141868,SAFE_DISABLED,-1.1803,-0.7433,-69.9082,0.0000,0.00,1
TEL,141968,SAFE_DISABLED,-1.1803,-0.7433,-69.9082,0.0000,0.00,1
TEL,142068,SAFE_DISABLED,-1.1803,-0.7433,-69.8897,0.0000,0.00,1
TEL,142168,SAFE_DISABLED,-1.1803,-0.7433,-69.9051,0.0000,0.00,1
TEL,142268,SAFE_DISABLED,-1.1803,-0.7433,-69.9077,0.0000,0.00,1
TEL,142368,SAFE_DISABLED,-1.1803,-0.7433,-69.9081,0.0000,0.00,1
TEL,142468,SAFE_DISABLED,-1.1803,-0.7433,-60.9244,0.0000,0.00,1
TEL,142568,SAFE_DISABLED,-1.1803,-0.7433,-61.5991,0.0000,0.00,1
TEL,142668,SAFE_DISABLED,-1.1803,-0.7433,-60.1018,0.0000,0.00,1
TEL,142768,SAFE_DISABLED,-1.1803,-0.7433,-52.5630,0.0000,0.00,1
TEL,142868,SAFE_DISABLED,-1.1803,-0.7433,-48.0564,0.0000,0.00,1
TEL,142968,SAFE_DISABLED,-1.1803,-0.7433,-42.1458,0.0000,0.00,1
TEL,143068,SAFE_DISABLED,-1.1803,-0.7433,-38.4089,0.0000,0.00,1
TEL,143168,SAFE_DISABLED,-1.1803,-0.7433,-28.9333,0.0000,0.00,1
TEL,143268,SAFE_DISABLED,-1.1803,-0.7433,-25.4469,0.0000,0.00,1
TEL,143368,SAFE_DISABLED,-1.1803,-0.7433,-30.8820,0.0000,0.00,1
TEL,143468,SAFE_DISABLED,-1.1803,-0.7433,-10.9972,0.0000,0.00,1
TEL,143568,SAFE_DISABLED,-1.1803,-0.7433,-2.5019,0.0000,0.00,1
TEL,143668,SAFE_DISABLED,-1.1803,-0.7433,-9.9304,0.0000,0.00,1
TEL,143768,SAFE_DISABLED,-1.1803,-0.7433,9.2684,0.0000,0.00,5
TEL,143868,SAFE_DISABLED,-1.1803,-0.7433,17.6483,0.0000,0.00,5
TEL,143968,SAFE_DISABLED,-1.1803,-0.7433,10.1337,0.0000,0.00,5
TEL,144068,SAFE_DISABLED,-1.1803,-0.7433,19.7182,0.0000,0.00,5
TEL,144168,SAFE_DISABLED,-1.1803,-0.7433,28.6504,0.0000,0.00,5
TEL,144268,SAFE_DISABLED,-1.1803,-0.7433,25.3144,0.0000,0.00,5
TEL,144368,SAFE_DISABLED,-1.1803,-0.7433,33.0926,0.0000,0.00,5
TEL,144468,SAFE_DISABLED,-1.1803,-0.7433,36.4619,0.0000,0.00,5
TEL,144568,SAFE_DISABLED,-1.1803,-0.7433,37.0282,0.0000,0.00,5
TEL,144668,SAFE_DISABLED,-1.1803,-0.7433,35.7206,0.0000,0.00,5
TEL,144768,SAFE_DISABLED,-1.1803,-0.7433,36.9036,0.0000,0.00,5
TEL,144868,SAFE_DISABLED,-1.1803,-0.7433,37.1024,0.0000,0.00,5
TEL,144968,SAFE_DISABLED,-1.1803,-0.7433,37.1622,0.0000,0.00,5
TEL,145068,SAFE_DISABLED,-1.1803,-0.7433,37.1549,0.0000,0.00,5
TEL,145168,SAFE_DISABLED,-1.1803,-0.7433,37.1631,0.0000,0.00,5
TEL,145268,SAFE_DISABLED,-1.1803,-0.7433,37.1460,0.0000,0.00,5
TEL,145368,SAFE_DISABLED,-1.1803,-0.7433,37.1561,0.0000,0.00,5
TEL,145468,SAFE_DISABLED,-1.1803,-0.7433,37.1512,0.0000,0.00,5
TEL,145568,SAFE_DISABLED,-1.1803,-0.7433,37.1569,0.0000,0.00,5
TEL,145668,SAFE_DISABLED,-1.1803,-0.7433,37.1450,0.0000,0.00,5
TEL,145768,SAFE_DISABLED,-1.1803,-0.7433,37.1430,0.0000,0.00,5
TEL,145868,SAFE_DISABLED,-1.1803,-0.7433,37.1426,0.0000,0.00,5
TEL,145968,SAFE_DISABLED,-1.1803,-0.7433,37.1516,0.0000,0.00,5
TEL,146068,SAFE_DISABLED,-1.1803,-0.7433,37.1626,0.0000,0.00,5
TEL,146168,SAFE_DISABLED,-1.1803,-0.7433,37.1723,0.0000,0.00,5
TEL,146268,SAFE_DISABLED,-1.1803,-0.7433,37.1739,0.0000,0.00,5
TEL,146368,SAFE_DISABLED,-1.1803,-0.7433,37.1569,0.0000,0.00,5
TEL,146468,SAFE_DISABLED,-1.1803,-0.7433,37.1450,0.0000,0.00,5
TEL,146568,SAFE_DISABLED,-1.1803,-0.7433,37.2007,0.0000,0.00,5
TEL,146668,SAFE_DISABLED,-1.1803,-0.7433,37.2255,0.0000,0.00,5
TEL,146768,SAFE_DISABLED,-1.1803,-0.7433,37.2296,0.0000,0.00,5
TEL,146868,SAFE_DISABLED,-1.1803,-0.7433,37.2303,0.0000,0.00,5
TEL,146968,SAFE_DISABLED,-1.1803,-0.7433,37.2304,0.0000,0.00,5
TEL,147068,SAFE_DISABLED,-1.1803,-0.7433,37.2305,0.0000,0.00,5
TEL,147168,SAFE_DISABLED,-1.1803,-0.7433,37.2305,0.0000,0.00,5
TEL,147268,SAFE_DISABLED,-1.1803,-0.7433,37.2305,0.0000,0.00,5
TEL,147368,SAFE_DISABLED,-1.1803,-0.7433,37.2305,0.0000,0.00,5
TEL,147468,SAFE_DISABLED,-1.1803,-0.7433,37.2305,0.0000,0.00,5
TEL,147568,SAFE_DISABLED,-1.1803,-0.7433,37.2305,0.0000,0.00,5
TEL,147668,SAFE_DISABLED,-1.1803,-0.7433,37.2305,0.0000,0.00,5
TEL,147768,SAFE_DISABLED,-1.1803,-0.7433,37.2305,0.0000,0.00,5
TEL,147868,SAFE_DISABLED,-1.1803,-0.7433,37.2305,0.0000,0.00,5
TEL,147968,SAFE_DISABLED,-1.1803,-0.7433,37.2305,0.0000,0.00,5
OK,stopped
GUIDE,step=sonar_sensor,do=flat_target_then_sonar_diag
TEL,148068,SAFE_DISABLED,-1.1803,-0.7433,37.2305,0.0000,0.00,5
