BALL_BEAM_BOOT
HELP,keys
STATE,SAFE_DISABLED
SENSORS,angle=bad,pos=bad
MEAS,theta_deg=0.0000,x_cm=0.0000,x_filt_cm=0.0000
AGE,angle_ms=1,pos_ms=1
FAULTS,bits=0
CAL,zero_calibrated=yes,limits_calibrated=yes,sign_calibrated=yes
CAL_STORE,status=loaded
TEL,enabled=1
FAULT_INFO,bits=0
FAULT_INFO,mode=bringup_warning
FAULT_INFO,none
TEL,349,SAFE_DISABLED,16.1597,16.1597,-1.7578,0.0000,0.00,0
TEL,449,SAFE_DISABLED,16.1597,16.1597,-1.7578,0.0000,0.00,0
TEL,549,SAFE_DISABLED,16.1597,16.1597,-1.7578,0.0000,0.00,0
TEL,649,SAFE_DISABLED,16.1597,16.1515,-1.7578,0.0000,0.00,0
TEL,749,SAFE_DISABLED,16.0911,16.1180,-1.7578,0.0000,0.00,0
TEL,849,SAFE_DISABLED,16.0911,16.0954,-1.7578,0.0000,0.00,0
TEL,949,SAFE_DISABLED,16.0911,16.0914,-1.7578,0.0000,0.00,0
TEL,1049,SAFE_DISABLED,16.0911,16.0911,-1.7578,0.0000,0.00,0
TEL,1149,SAFE_DISABLED,16.0911,16.0911,-1.7578,0.0000,0.00,0
TEL,1249,SAFE_DISABLED,16.0911,16.0911,-1.7578,0.0000,0.00,0
TEL,1349,SAFE_DISABLED,16.0911,16.0911,-1.7578,0.0000,0.00,0
TEL,1449,SAFE_DISABLED,16.0911,16.0911,-1.7578,0.0000,0.00,0
TEL,1549,SAFE_DISABLED,16.1597,16.1323,-1.7578,0.0000,0.00,0
TEL,1649,SAFE_DISABLED,16.1597,16.1553,-1.7578,0.0000,0.00,0
TEL,1750,SAFE_DISABLED,16.0911,16.1018,-1.7578,0.0000,0.00,0
TEL,1850,SAFE_DISABLED,16.0911,16.0928,-1.7578,0.0000,0.00,0
TEL,1950,SAFE_DISABLED,16.0911,16.0912,-1.7578,0.0000,0.00,0
TEL,2050,SAFE_DISABLED,16.0911,16.0911,-1.7578,0.0000,0.00,0
TEL,2150,SAFE_DISABLED,16.0911,16.0911,-1.7578,0.0000,0.00,0
TEL,2250,SAFE_DISABLED,16.0911,16.0911,-1.7578,0.0000,0.00,0
TEL,2350,SAFE_DISABLED,16.0911,16.0911,-1.7578,0.0000,0.00,0
TEL,2450,SAFE_DISABLED,16.0911,16.0911,-1.7578,0.0000,0.00,0
TEL,2550,SAFE_DISABLED,16.0911,16.0911,-1.7578,0.0000,0.00,0
TEL,2650,SAFE_DISABLED,16.1597,16.1487,-1.7578,0.0000,0.00,0
TEL,2750,SAFE_DISABLED,16.1597,16.1524,-1.7578,0.0000,0.00,0
TEL,2850,SAFE_DISABLED,16.1597,16.1585,-1.7578,0.0000,0.00,0
TEL,2950,SAFE_DISABLED,16.1597,16.1596,-1.7578,0.0000,0.00,0
TEL,3050,SAFE_DISABLED,16.0911,16.1021,-1.7578,0.0000,0.00,0
TEL,3150,SAFE_DISABLED,16.0911,16.0918,-1.7578,0.0000,0.00,0
TEL,3250,SAFE_DISABLED,16.0911,16.0912,-1.7578,0.0000,0.00,0
TEL,3350,SAFE_DISABLED,16.0911,16.0911,-1.7578,0.0000,0.00,0
TEL,3450,SAFE_DISABLED,16.0911,16.0911,-1.7578,0.0000,0.00,0
TEL,3550,SAFE_DISABLED,16.0911,16.0911,-1.7578,0.0000,0.00,0
TEL,3650,SAFE_DISABLED,16.0911,16.0911,-1.7578,0.0000,0.00,0
TEL,3750,SAFE_DISABLED,16.0911,16.0911,-1.7578,0.0000,0.00,0
TEL,3850,SAFE_DISABLED,16.0911,16.0911,-1.7578,0.0000,0.00,0
TEL,3950,SAFE_DISABLED,16.0911,16.0911,-1.7578,0.0000,0.00,0
TEL,4050,SAFE_DISABLED,16.0911,16.0911,-1.7578,0.0000,0.00,0
OK,telemetry=0
OK,cal_zero_angle_set=332.753906
CAL_ZERO,as5600_zero_deg=332.753906,sonar_center_cm=30.016897,zero_calibrated=yes
OK,cal_zero_position_set=13.925801
CAL_ZERO,as5600_zero_deg=332.753906,sonar_center_cm=13.925801,zero_calibrated=yes
OK,cal_limit_down_set=-12.229737
OK,as5600_sign=1
CAL_LIMITS,lower_deg=12.229737,upper_deg=27.246093,limits_calibrated=yes
OK,cal_limit_up_set=-42.275390
OK,as5600_sign=-1
CAL_LIMITS,lower_deg=-12.229737,upper_deg=42.275390,limits_calibrated=yes
OK,driver_enabled
OK,stepper_sign=-1,delta=0.0000
INFO,sonar_near=1
SIGN_CAL_RESULT,80155,0.00000,-1,-1,12.5538,12.5538,1
INFO,signs_applied_runtime
OK,cal_saved
STATE,READY
SENSORS,angle=ok,pos=ok
MEAS,theta_deg=-1.3184,x_cm=-1.3720,x_filt_cm=-1.3720
AGE,angle_ms=16,pos_ms=48
FAULTS,bits=0
CAL,zero_calibrated=yes,limits_calibrated=yes,sign_calibrated=yes
CAL_STORE,status=loaded
TEL,enabled=0
FAULT_INFO,bits=0
FAULT_INFO,mode=bringup_warning
FAULT_INFO,none
OK,driver_enabled
OK,running
TEL,96960,RUNNING,-1.3720,-1.3720,-1.3184,0.4245,861.55,0
TEL,97060,RUNNING,-1.3720,-1.3720,-1.3184,0.4378,1016.92,0
TEL,97160,RUNNING,-1.3720,-1.3720,-1.3184,0.4510,1173.43,0
TEL,97260,RUNNING,-1.3720,-1.3720,-1.3184,0.4643,1331.07,0
TEL,97360,RUNNING,-1.3720,-1.3720,-1.3184,0.4775,1489.85,0
TEL,97460,RUNNING,-1.3720,-1.3720,-1.3184,0.4908,1649.76,0
TEL,97560,RUNNING,-1.3720,-1.3720,-1.3184,0.5040,1810.81,0
TEL,97660,RUNNING,-1.3720,-1.3720,-1.3184,0.5173,1972.99,0
TEL,97760,RUNNING,-1.3720,-1.3720,-1.3184,0.5305,2000.00,0
TEL,97860,RUNNING,-1.3720,-1.3720,-1.3184,0.5438,2000.00,0
TEL,97960,RUNNING,-1.3720,-1.3720,-1.3184,0.5570,2000.00,0
OK,telemetry=0
OK,telemetry=1
TEL,103260,RUNNING,-1.3720,-1.3720,-1.3184,1.2604,2000.00,0
TEL,103360,RUNNING,-1.3720,-1.3720,-1.3184,1.2736,2000.00,0
TEL,103460,RUNNING,-1.3034,-1.3144,-1.3184,0.9824,2000.00,0
TEL,103560,RUNNING,-1.3034,-1.3052,-1.3184,1.2792,2000.00,0
TEL,103660,RUNNING,-1.3720,-1.3447,-1.3184,2.0183,2000.00,0
TEL,103760,RUNNING,-1.3720,-1.3676,-1.3184,1.3238,2000.00,0
TEL,103860,RUNNING,-1.3720,-1.3717,-1.3184,1.3455,2000.00,0
TEL,103960,RUNNING,-1.3720,-1.3720,-1.3184,1.3515,2000.00,0
TEL,104060,RUNNING,-1.3720,-1.3720,-1.3184,1.3649,2000.00,0
TEL,104160,RUNNING,-1.3720,-1.3720,-1.3184,1.3781,2000.00,0
TEL,104260,RUNNING,-1.3720,-1.3720,-1.3184,1.3913,2000.00,0
TEL,104360,RUNNING,-1.3034,-1.3308,-1.3184,1.3921,2000.00,0
TEL,104460,RUNNING,-1.3034,-1.3052,-1.3184,1.3511,2000.00,0
TEL,104560,RUNNING,-1.3034,-1.3037,-1.3184,1.4092,2000.00,0
TEL,104660,RUNNING,-1.3034,-1.3034,-1.3184,1.4212,2000.00,0
TEL,104760,RUNNING,-1.3720,-1.3610,-1.3184,1.4519,2000.00,0
TEL,104860,RUNNING,-1.3720,-1.3713,-1.3184,1.4866,2000.00,0
TEL,104960,RUNNING,-1.3720,-1.3719,-1.3184,1.4817,2000.00,0
TEL,105060,RUNNING,-1.3720,-1.3720,-1.3184,1.4951,2000.00,0
TEL,105160,RUNNING,-1.3720,-1.3720,-1.3184,1.5082,2000.00,0
TEL,105260,RUNNING,-1.3720,-1.3720,-1.3184,1.5214,2000.00,0
TEL,105360,RUNNING,-1.3720,-1.3720,-1.3184,1.5347,2000.00,0
TEL,105460,RUNNING,-1.3720,-1.3720,-1.3184,1.5479,2000.00,0
TEL,105560,RUNNING,-1.3720,-1.3720,-1.3184,1.5612,2000.00,0
TEL,105660,RUNNING,-1.3720,-1.3720,-1.3184,1.5744,2000.00,0
TEL,105760,RUNNING,-1.3720,-1.3720,-1.3184,1.5877,2000.00,0
TEL,105860,RUNNING,-1.3720,-1.3720,-1.3184,1.6009,2000.00,0
TEL,105960,RUNNING,-1.3720,-1.3720,-1.3184,1.6142,2000.00,0
TEL,106060,RUNNING,-1.3720,-1.3720,-1.3184,1.6275,2000.00,0
TEL,106160,RUNNING,-1.3720,-1.3720,-1.3184,1.6407,2000.00,0
TEL,106260,RUNNING,-1.3720,-1.3720,-1.3184,1.6540,2000.00,0
TEL,106360,RUNNING,-1.3720,-1.3720,-1.3184,1.6672,2000.00,0
TEL,106460,RUNNING,-1.3720,-1.3720,-1.3184,1.6805,2000.00,0
TEL,106560,RUNNING,-1.3720,-1.3720,-1.3184,1.6937,2000.00,0
TEL,106660,RUNNING,-1.3720,-1.3720,-1.3184,1.7070,2000.00,0
TEL,106760,RUNNING,-1.3720,-1.3720,-1.3184,1.7202,2000.00,0
TEL,106860,RUNNING,-1.3720,-1.3720,-1.3184,1.7335,2000.00,0
TEL,106960,RUNNING,-1.3720,-1.3720,-1.3184,1.7467,2000.00,0
TEL,107060,RUNNING,-1.3720,-1.3720,-1.3184,1.7600,2000.00,0
TEL,107160,RUNNING,-1.3720,-1.3720,-1.3184,1.7732,2000.00,0
TEL,107260,RUNNING,-1.3720,-1.3720,-1.3184,1.7865,2000.00,0
TEL,107360,RUNNING,-1.3720,-1.3720,-1.3184,1.7997,2000.00,0
TEL,107460,RUNNING,-1.3720,-1.3720,-1.3184,1.8130,2000.00,0
TEL,107560,RUNNING,-1.3720,-1.3720,-1.3184,1.8262,2000.00,0
TEL,107660,RUNNING,-1.3720,-1.3720,-1.3184,1.8395,2000.00,0
TEL,107760,RUNNING,-1.3720,-1.3720,-1.3184,1.8527,2000.00,0
TEL,107860,RUNNING,-1.3034,-1.3308,-1.3184,1.1361,2000.00,0
TEL,107960,RUNNING,-1.3720,-1.3654,-1.3184,1.8770,2000.00,0
TEL,108060,RUNNING,-1.3720,-1.3716,-1.3184,1.9031,2000.00,0
TEL,108160,RUNNING,-1.3720,-1.3719,-1.3184,1.9054,2000.00,0
TEL,108260,RUNNING,-1.3720,-1.3720,-1.3184,1.9188,2000.00,0
TEL,108360,RUNNING,-1.3720,-1.3720,-1.3184,1.9320,2000.00,0
TEL,108460,RUNNING,-1.3720,-1.3720,-1.3184,1.9452,2000.00,0
TEL,108560,RUNNING,-1.3720,-1.3720,-1.3184,1.9585,2000.00,0
TEL,108660,RUNNING,-1.3720,-1.3720,-1.3184,1.9717,2000.00,0
TEL,108760,RUNNING,-1.3720,-1.3720,-1.3184,1.9850,2000.00,0
TEL,108860,RUNNING,-1.3034,-1.3308,-1.3184,1.2683,2000.00,0
TEL,108960,RUNNING,-1.3720,-1.3654,-1.3184,2.0093,2000.00,0
TEL,109060,RUNNING,-1.3720,-1.3716,-1.3184,2.0354,2000.00,0
TEL,109160,RUNNING,-1.3720,-1.3719,-1.3184,2.0377,2000.00,0
TEL,109260,RUNNING,-1.3720,-1.3720,-1.3184,2.0511,2000.00,0
TEL,109360,RUNNING,-1.3720,-1.3720,-1.3184,2.0642,2000.00,0
TEL,109460,RUNNING,-1.3720,-1.3720,-1.3184,2.0775,2000.00,0
TEL,109560,RUNNING,-1.3720,-1.3720,-1.3184,2.0907,2000.00,0
TEL,109660,RUNNING,-1.3720,-1.3720,-1.3184,2.1040,2000.00,0
TEL,109760,RUNNING,-1.3720,-1.3720,-1.3184,2.1172,2000.00,0
TEL,109860,RUNNING,-1.3720,-1.3720,-1.3184,2.1305,2000.00,0
TEL,109960,RUNNING,-1.3720,-1.3720,-1.3184,2.1437,2000.00,0
TEL,110060,RUNNING,-1.3720,-1.3720,-1.3184,2.1570,2000.00,0
TEL,110160,RUNNING,-1.3720,-1.3720,-1.3184,2.1702,2000.00,0
TEL,110260,RUNNING,-1.2348,-1.2732,-1.3184,1.1491,2000.00,0
TEL,110360,RUNNING,-1.2348,-1.2409,-1.3184,2.1559,2000.00,0
TEL,110460,RUNNING,-0.7546,-0.8318,-1.3184,0.0234,1841.16,0
TEL,110560,RUNNING,0.0686,-0.2072,-1.3184,1.8601,2000.00,0
TEL,110660,RUNNING,1.0290,0.8379,-1.3184,-3.0000,1800.00,0
TEL,110760,RUNNING,1.0290,0.9526,-1.3184,1.5020,2000.00,0
TEL,110860,RUNNING,1.0290,0.9526,-1.3184,1.4928,2000.00,0
TEL,110960,RUNNING,2.3324,1.9635,-1.3184,1.1814,2000.00,0
TEL,111060,RUNNING,13.4456,11.6570,-1.3184,-3.0000,1400.00,0
TEL,111160,RUNNING,12.9654,11.3731,-1.3184,-1.7400,836.64,0
TEL,111260,RUNNING,10.0842,10.8582,-1.3184,3.0000,886.80,0
TEL,111360,RUNNING,7.2030,9.1708,-1.3184,-1.2449,947.50,0
TEL,111460,RUNNING,10.9074,10.4406,-1.3184,-3.0000,632.82,0
TEL,111560,RUNNING,12.9654,12.0675,-1.3184,-2.2270,404.63,0
TEL,111660,RUNNING,10.9074,11.4920,-1.3184,3.0000,480.12,0
TEL,111760,RUNNING,10.9074,11.0009,-1.3184,-2.1051,381.98,0
TEL,111860,RUNNING,11.3190,11.1603,-1.3184,-3.0000,124.39,0
TEL,111960,RUNNING,10.9760,11.0055,-1.3184,-2.2977,241.48,0
TEL,112060,RUNNING,11.2504,11.2248,-1.3184,-3.0000,-118.68,0
TEL,112160,RUNNING,11.3190,11.3039,-1.3184,-2.5383,-113.90,0
TEL,112260,RUNNING,11.3876,11.3592,-1.3184,-3.0000,-422.83,0
TEL,112360,RUNNING,11.3876,11.3831,-1.3184,-2.7594,-451.00,0
TEL,112460,RUNNING,11.3876,11.3873,-1.3184,-2.8782,-630.04,0
TEL,112560,RUNNING,11.3876,11.3876,-1.3184,-2.9807,-810.61,0
TEL,112660,RUNNING,11.3876,11.3876,-1.3184,-3.0000,-962.55,0
TEL,112760,RUNNING,11.3876,11.3876,-1.3184,-3.0000,-1106.58,0
TEL,112860,RUNNING,11.3876,11.5193,-1.3184,0.3794,-1021.80,0
TEL,112960,RUNNING,11.7992,11.7544,-1.3184,-3.0000,-1336.75,0
TEL,113060,RUNNING,12.2108,12.1421,-1.3184,-3.0000,-1480.78,0
TEL,113160,RUNNING,11.7992,11.8541,-1.3184,-3.0000,-1509.41,0
TEL,113260,RUNNING,12.1422,12.0085,-1.3184,-3.0000,-1684.09,0
TEL,113360,RUNNING,10.9074,11.3799,-1.3184,-3.0000,-1725.34,0
TEL,113460,RUNNING,10.0156,10.1029,-1.3184,-0.5702,-1382.23,0
TEL,113560,RUNNING,6.1740,7.0167,-1.3184,-2.0068,-1123.48,0
TEL,113660,RUNNING,2.4010,2.9368,-1.3184,3.0000,-385.26,0
TEL,113760,RUNNING,0.0686,0.5769,-1.3184,-0.1291,62.01,0
TEL,113860,RUNNING,-0.2744,-0.1541,-1.3184,3.0000,522.06,0
TEL,113960,RUNNING,-1.9208,-1.6052,-1.3184,0.5294,831.19,0
TEL,114060,RUNNING,-2.2638,-2.1064,-1.3184,3.0000,1263.66,0
TEL,114160,RUNNING,-2.7440,-2.4890,-1.3184,0.8235,1291.35,0
TEL,114260,RUNNING,-2.7440,-2.4890,-1.3184,0.8475,1485.86,0
TEL,114360,RUNNING,-2.7440,-2.4890,-1.3184,0.8523,725.01,0
TEL,114460,RUNNING,-3.2242,-2.9301,-1.3184,3.0000,200.00,0
TEL,114560,RUNNING,-9.8784,-8.5197,-1.3184,2.6947,1200.00,0
TEL,114660,RUNNING,-10.1528,-10.0154,-1.3184,3.0000,2000.00,0
TEL,114760,RUNNING,-10.1528,-10.1473,-1.3184,3.0000,2000.00,0
TEL,114860,RUNNING,-9.8784,-9.9401,-1.3184,1.5844,1968.20,0
TEL,114960,RUNNING,-9.8784,-9.9031,-1.3184,3.0000,2000.00,0
TEL,115060,RUNNING,-9.8784,-9.9031,-1.3184,3.0000,2000.00,0
TEL,115160,RUNNING,-9.8784,-9.9031,-1.3184,3.0000,1200.00,0
TEL,115260,RUNNING,-9.8784,-9.9031,-1.3184,3.0000,200.00,0
TEL,115360,RUNNING,-9.8784,-9.9031,-1.3184,3.0000,0.00,0
TEL,115460,RUNNING,-8.6779,-8.6187,-1.3184,3.0000,464.64,0
TEL,115560,RUNNING,-9.8784,-9.6439,-1.3184,3.0000,1464.64,0
TEL,115660,RUNNING,-10.0842,-10.0412,-1.3184,3.0000,2000.00,0
TEL,115760,RUNNING,-10.0842,-10.0773,-1.3184,3.0000,2000.00,0
TEL,115860,RUNNING,-10.0156,-10.0228,-1.3184,3.0000,2000.00,0
TEL,115960,RUNNING,-9.8784,-9.9344,-1.3184,3.0000,2000.00,0
TEL,116060,RUNNING,-9.5354,-9.6486,-1.3184,3.0000,2000.00,0
TEL,116160,RUNNING,-9.5354,-9.6486,-1.3184,3.0000,2000.00,0
TEL,116260,RUNNING,-9.5354,-9.6486,-1.3184,3.0000,1400.00,0
TEL,116360,RUNNING,-9.5354,-9.6486,-1.3184,3.0000,400.00,0
TEL,116460,RUNNING,-9.5354,-9.6486,-1.3184,3.0000,0.00,0
TEL,116560,RUNNING,-0.7546,-4.3122,-1.3184,1.6713,307.70,0
TEL,116660,RUNNING,-1.2005,-1.3684,-1.3184,-3.0000,107.70,0
TEL,116760,RUNNING,-1.3034,-1.2973,-1.3184,0.7980,1107.70,0
TEL,116860,RUNNING,-1.2348,-1.2684,-1.3184,-0.0774,1707.70,0
TEL,116960,RUNNING,-1.2005,-1.2277,-1.3184,0.8018,2000.00,0
TEL,117060,RUNNING,-1.2005,-1.2277,-1.3184,0.8137,2000.00,0
TEL,117160,RUNNING,0.1372,-0.3611,-1.3184,-3.0000,1600.00,0
TEL,117260,RUNNING,12.5538,8.2154,-1.3184,-2.0280,1278.62,0
TEL,117360,RUNNING,12.5538,12.2761,-1.3184,-3.0000,294.88,0
TEL,117460,RUNNING,11.7306,11.8014,-1.3184,-3.0000,266.07,0
TEL,117560,RUNNING,12.8968,12.6719,-1.3184,-3.0000,64.44,0
TEL,117660,RUNNING,12.8968,12.8608,-1.3184,-3.0000,-79.59,0
TEL,117760,RUNNING,13.0340,13.0097,-1.3184,-3.0000,-223.62,0
TEL,117860,RUNNING,13.0340,13.0301,-1.3184,-3.0000,-367.65,0
TEL,117960,RUNNING,12.2108,12.5069,-1.3184,3.0000,-225.26,0
TEL,118060,RUNNING,11.7992,12.0112,-1.3184,-3.0000,-402.35,0
TEL,118160,RUNNING,11.3876,11.4275,-1.3184,-2.1769,-202.35,0
TEL,118260,RUNNING,11.3876,11.3940,-1.3184,-3.0000,-603.40,0
TEL,118360,RUNNING,12.2108,11.8753,-1.3184,-3.0000,-738.12,0
TEL,118460,RUNNING,12.2108,12.1571,-1.3184,-3.0000,-882.15,0
TEL,118560,RUNNING,12.2108,12.2074,-1.3184,-3.0000,-1026.18,0
TEL,118660,RUNNING,12.5538,12.4160,-1.3184,-3.0000,-1170.21,0
TEL,118760,RUNNING,12.5538,12.5121,-1.3184,-3.0000,-1286.85,0
TEL,118860,RUNNING,12.6910,12.6624,-1.3184,-3.0000,-1430.88,0
TEL,118960,RUNNING,12.2108,12.2858,-1.3184,-1.6321,-1272.46,0
TEL,119060,RUNNING,13.3770,12.9225,-1.3184,-3.0000,-1618.76,0
TEL,119160,RUNNING,12.2108,12.2564,-1.3184,-2.4885,-1402.68,0
TEL,119260,RUNNING,12.9654,12.8520,-1.3184,-3.0000,-1755.86,0
TEL,119360,RUNNING,5.3508,8.2083,-1.3184,3.0000,-1568.30,0
TEL,119460,RUNNING,4.0474,4.8613,-1.3184,-1.5610,-992.81,0
TEL,119560,RUNNING,3.2928,3.5315,-1.3184,3.0000,-539.04,0
TEL,119660,RUNNING,3.2928,3.3310,-1.3184,-1.1730,-540.99,0
TEL,119760,RUNNING,3.7044,3.5422,-1.3184,-3.0000,-728.49,0
TEL,119860,RUNNING,4.5276,4.2712,-1.3184,-1.5030,-746.68,0
TEL,119960,RUNNING,12.1422,10.9074,-1.3184,-3.0000,-1401.95,0
TEL,120060,RUNNING,12.2108,11.9858,-1.3184,-3.0000,-1621.60,0
TEL,120160,RUNNING,11.3876,11.4983,-1.3184,-0.8449,-1434.05,0
TEL,120260,RUNNING,11.3876,10.4833,-1.3184,-3.0000,-1667.19,0
TEL,120360,RUNNING,11.3190,11.2886,-1.3184,-3.0000,-1811.22,0
TEL,120460,RUNNING,11.3876,11.3718,-1.3184,-3.0000,-1955.25,0
TEL,120560,RUNNING,12.2108,11.8805,-1.3184,-3.0000,-2000.00,0
TEL,120660,RUNNING,12.2108,11.9439,-1.3184,-3.0000,-2000.00,0
TEL,120760,RUNNING,11.3190,11.5730,-1.3184,2.7948,-1800.00,0
TEL,120860,RUNNING,10.9760,11.3679,-1.3184,-3.0000,-1971.64,0
TEL,120960,RUNNING,12.5538,12.0992,-1.3184,-3.0000,-1984.08,0
TEL,121060,RUNNING,12.5538,12.1024,-1.3184,-3.0000,-2000.00,0
TEL,121160,RUNNING,11.3876,11.4762,-1.3184,-1.6130,-1800.00,0
TEL,121260,RUNNING,11.3876,11.4018,-1.3184,-3.0000,-2000.00,0
TEL,121360,RUNNING,11.7306,11.6272,-1.3184,-3.0000,-2000.00,0
TEL,121460,RUNNING,11.7306,11.7141,-1.3184,-3.0000,-2000.00,0
TEL,121560,RUNNING,11.7992,11.7707,-1.3184,-3.0000,-2000.00,0
TEL,121660,RUNNING,11.7992,11.7946,-1.3184,-3.0000,-2000.00,0
TEL,121760,RUNNING,11.7992,11.7989,-1.3184,-3.0000,-2000.00,0
TEL,121860,RUNNING,11.7992,11.8815,-1.3184,-3.0000,-2000.00,0
TEL,121960,RUNNING,12.1422,12.1420,-1.3184,-3.0000,-2000.00,0
TEL,122060,RUNNING,12.1422,12.1422,-1.3184,-3.0000,-2000.00,0
TEL,122160,RUNNING,12.1422,12.1422,-1.3184,-3.0000,-2000.00,0
TEL,122260,RUNNING,12.1422,12.1422,-1.3184,-3.0000,-2000.00,0
TEL,122360,RUNNING,11.2504,11.6071,-1.3184,3.0000,-1800.00,0
OK,stopped
TEL,122460,READY,12.0736,11.9990,-1.3184,-3.0000,0.00,0
TEL,122560,READY,11.2504,11.5749,-1.3184,-3.0000,0.00,0
TEL,122660,READY,11.2504,11.2035,-1.3184,-3.0000,0.00,0
TEL,122760,READY,12.0736,11.7644,-1.3184,-3.0000,0.00,0
TEL,122860,READY,12.2794,12.1641,-1.3184,-3.0000,0.00,0
TEL,122960,READY,11.7306,11.7979,-1.3184,-3.0000,0.00,0
TEL,123060,READY,11.7306,11.7414,-1.3184,-3.0000,0.00,0
TEL,123160,READY,11.7306,11.9684,-1.3184,-3.0000,0.00,0
TEL,123260,READY,11.3190,11.5217,-1.3184,-3.0000,0.00,0
TEL,123360,READY,11.0446,11.1673,-1.3184,-3.0000,0.00,0
TEL,123460,READY,11.7306,11.5582,-1.3184,-3.0000,0.00,0
TEL,123560,READY,11.3876,11.5533,-1.3184,-3.0000,0.00,0
TEL,123660,READY,12.1422,11.8669,-1.3184,-3.0000,0.00,0
TEL,123760,READY,11.3876,11.4907,-1.3184,-3.0000,0.00,0
TEL,123860,READY,12.1422,12.0380,-1.3184,-3.0000,0.00,0
TEL,123960,READY,12.1422,11.7206,-1.3184,-3.0000,0.00,0
TEL,124060,READY,12.1422,12.1735,-1.3184,-3.0000,0.00,0
TEL,124160,READY,11.3876,11.2766,-1.3184,-3.0000,0.00,0
TEL,124260,READY,11.3876,11.3698,-1.3184,-3.0000,0.00,0
TEL,124360,READY,12.5538,12.4945,-1.3184,-3.0000,0.00,0
TEL,124460,READY,11.3876,11.6470,-1.3184,-3.0000,0.00,0
TEL,124560,READY,11.7306,11.6100,-1.3184,-3.0000,0.00,0
TEL,124660,READY,11.7992,11.7689,-1.3184,-3.0000,0.00,0
TEL,124760,READY,11.7992,11.7973,-1.3184,-3.0000,0.00,0
TEL,124860,READY,11.7992,11.7989,-1.3184,-3.0000,0.00,0
TEL,124960,READY,11.7992,11.7992,-1.3184,-3.0000,0.00,0
TEL,125060,READY,11.3876,11.5522,-1.3184,-3.0000,0.00,0
TEL,125160,READY,11.3876,11.3981,-1.3184,-3.0000,0.00,0
TEL,125260,READY,11.3876,11.3893,-1.3184,-3.0000,0.00,0
TEL,125360,READY,12.4852,12.2603,-1.3184,-3.0000,0.00,0
TEL,125460,READY,12.6224,12.5645,-1.3184,-3.0000,0.00,0
TEL,125560,READY,13.0340,12.8821,-1.3184,-3.0000,0.00,0
TEL,125660,READY,13.1026,13.0673,-1.3184,-3.0000,0.00,0
OK,driver_disabled
TEL,125760,READY,13.1026,13.1003,-1.3184,-3.0000,0.00,0
TEL,125860,READY,13.1026,13.1022,-1.3184,-3.0000,0.00,0
TEL,125960,READY,12.6224,12.6531,-1.3184,-3.0000,0.00,0
TEL,126060,READY,12.6224,12.6273,-1.3184,-3.0000,0.00,0
TEL,126160,READY,12.5538,12.5585,-1.3184,-3.0000,0.00,0
TEL,126260,READY,12.6224,12.5957,-1.3184,-3.0000,0.00,0
TEL,126360,READY,12.6910,12.6849,-1.3184,-3.0000,0.00,0
TEL,126460,READY,12.6224,12.6324,-1.3184,-3.0000,0.00,0
TEL,126560,READY,12.6224,12.6230,-1.3184,-3.0000,0.00,0
TEL,126660,READY,12.2794,12.4167,-1.3184,-3.0000,0.00,0
TEL,126760,READY,12.2108,12.2240,-1.3184,-3.0000,0.00,0
TEL,126860,READY,12.2108,12.2129,-1.3184,-3.0000,0.00,0
TEL,126960,READY,12.2108,12.2109,-1.3184,-3.0000,0.00,0
TEL,127060,READY,12.2108,12.2108,-1.3184,-3.0000,0.00,0
TEL,127160,READY,12.6224,12.5565,-1.3184,-3.0000,0.00,0
TEL,127260,READY,12.6224,12.6119,-1.3184,-3.0000,0.00,0
TEL,127360,READY,12.6224,12.6217,-1.3184,-3.0000,0.00,0
TEL,127460,READY,12.2108,12.3753,-1.3184,-3.0000,0.00,0
TEL,127560,READY,12.2108,12.2608,-1.3184,-3.0000,0.00,0
TEL,127660,READY,12.2108,12.2188,-1.3184,-3.0000,0.00,0
TEL,127760,READY,12.2108,12.2113,-1.3184,-3.0000,0.00,0
TEL,127860,READY,12.2108,12.2109,-1.3184,-3.0000,0.00,0
TEL,127960,READY,12.2108,12.2108,-1.3184,-3.0000,0.00,0
TEL,128060,READY,12.2794,12.3343,-1.3184,-3.0000,0.00,0
TEL,128160,READY,12.6224,12.5809,-1.3184,-3.0000,0.00,0
TEL,128260,READY,12.6224,12.6158,-1.3184,-3.0000,0.00,0
TEL,128360,READY,12.2108,12.2861,-1.3184,-3.0000,0.00,0
TEL,128460,READY,12.2108,12.2229,-1.3184,-3.0000,0.00,0
TEL,128560,READY,12.2108,12.2116,-1.3184,-3.0000,0.00,0
TEL,128660,READY,12.2108,12.2109,-1.3184,-3.0000,0.00,0
TEL,128760,READY,12.2108,12.2108,-1.3184,-3.0000,0.00,0
TEL,128860,READY,12.6224,12.5565,-1.3184,-3.0000,0.00,0
OK,stopped
