SHARP_IR_CHECK_BOOT
Wiring: Vo(yellow)->A0  VCC(red)->5V  GND(black)->GND
Move target 10-80 cm from sensor...
===========================================
SHARP_IR_CHECK_HELP
Commands:
  h  help
  s  single sample
  t  toggle stream
  T  toggle Timer1 40kHz stress
  R  reset counters
  C  print counters
SHARP_IR,raw_adc=256,voltage=1.250,distance_cm=23.1
SHARP_IR,raw_adc=255,voltage=1.245,distance_cm=23.2
SHARP_IR,raw_adc=256,voltage=1.250,distance_cm=23.1
SHARP_IR,raw_adc=255,voltage=1.245,distance_cm=23.2
SHARP_IR,raw_adc=255,voltage=1.245,distance_cm=23.2
SHARP_IR,raw_adc=255,voltage=1.245,distance_cm=23.2
SHARP_IR,raw_adc=255,voltage=1.245,distance_cm=23.2
HOST_CMD,T
OK,timer1_stress=ON
SHARP_IR,raw_adc=255,voltage=1.245,distance_cm=23.2
SHARP_IR,raw_adc=255,voltage=1.245,distance_cm=23.2
SHARP_IR,raw_adc=255,voltage=1.245,distance_cm=23.2
SHARP_IR,raw_adc=255,voltage=1.245,distance_cm=23.2
SHARP_IR,raw_adc=255,voltage=1.245,distance_cm=23.2
SHARP_IR,raw_adc=255,voltage=1.245,distance_cm=23.2
SHARP_IR,raw_adc=254,voltage=1.240,distance_cm=23.3
SHARP_IR,raw_adc=399,voltage=1.948,distance_cm=13.7
SHARP_IR,raw_adc=276,voltage=1.348,distance_cm=21.1
SHARP_IR,raw_adc=264,voltage=1.289,distance_cm=22.3
SHARP_IR,raw_adc=260,voltage=1.270,distance_cm=22.7
SHARP_IR,raw_adc=257,voltage=1.255,distance_cm=23.0
SHARP_IR,raw_adc=256,voltage=1.250,distance_cm=23.1
adc=301,voltage=1.470,distance_cm=19.1
SHARP_IR,raw_adc=271,voltage=1.323,distance_cm=21.6
SHARP_IR,raw_adc=262,voltage=1.279,distance_cm=22.5
SHARP_IR,raw_adc=259,voltage=1.265,distance_cm=22.8
SHARP_IR,raw_adc=257,voltage=1.255,distance_cm=23.0
SHARP_IR,raw_adc=256,voltage=1.250,distance_cm=23.1
SHARP_IR,raw_adc=325,voltage=1.587,distance_cm=17.4
SHARP_IR,raw_adc=274,voltage=1.338,distance_cm=21.3
SHARP_IR,raw_adc=263,voltage=1.284,distance_cm=22.4
SHARP_IR,raw_adc=259,voltage=1.265,distance_cm=22.8
SHARP_IR,raw_adc=257,voltage=1.255,distance_cm=23.0
SHARP_IR,raw_adc=256,voltage=1.250,distance_cm=23.1
SHARP_IR,raw_adc=385,voltage=1.880,distance_cm=14.3
SHARP_IR,raw_adc=276,voltage=1.348,distance_cm=21.1
SHARP_IR,raw_adc=264,voltage=1.289,distance_cm=22.3
SHARP_IR,raw_adc=259,voltage=1.265,distance_cm=22.8
SHARP_IR,raw_adc=257,voltage=1.255,distance_cm=23.0
SHARP_IR,raw_adc=256,voltage=1.250,distance_cm=23.1
SHARP_IR,raw_adc=384,voltage=1.875,distance_cm=14.3
SHARP_IR,raw_adc=281,voltage=1.372,distance_cm=20.7
SHARP_IR,raw_adc=266,voltage=1.299,distance_cm=22.1
SHARP_IR,raw_adc=260,voltage=1.270,distance_cm=22.7
SHARP_IR,raw_adc=257,voltage=1.255,distance_cm=23.0
SHARP_IR,raw_adc=256,voltage=1.250,distance_cm=23.1
SHARP_IR,raw_adc=360,voltage=1.758,distance_cm=15.5
SHARP_IR,raw_adc=290,voltage=1.416,distance_cm=19.9
HARP_IR,raw_adc=278,voltage=1.357,distance_cm=21.0
SHARP_IR,raw_adc=263,voltage=1.284,distance_cm=22.4
SHARP_IR,raw_adc=259,voltage=1.265,distance_cm=22.8
SHARP_IR,raw_adc=257,voltage=1.255,distance_cm=23.0
SHARP_IR,raw_adc=256,voltage=1.250,distance_cm=23.1
SHARP_IR,raw_adc=390,voltage=1.904,distance_cm=14.1
SHARP_IR,raw_adc=278,voltage=1.357,distance_cm=21.0
SHARP_IR,raw_adc=265,voltage=1.294,distance_cm=22.2
SHARP_IR,raw_adc=259,voltage=1.265,distance_cm=22.8
SHARP_IR,raw_adc=257,voltage=1.255,distance_cm=23.0
SHARP_IR,raw_adc=256,voltage=1.250,distance_cm=23.1
SHARP_IR,raw_adc=374,voltage=1.826,distance_cm=14.8
SHARP_IR,raw_adc=286,voltage=1.396,distance_cm=20.3
SHARP_IR,raw_adc=267,voltage=1.304,distance_cm=22.0
SHARP_IR,raw_adc=260,voltage=1.270,distance_cm=22.7
SHARP_IR,raw_adc=257,voltage=1.255,distance_cm=23.0
SHARP_IR,raw_adc=256,voltage=1.250,distance_cm=23.1
SHARP_IR,raw_adc=370,voltage=1.807,distance_cm=15.0
SHARP_IR,raw_adc=287,voltage=1.401,distance_cm=20.2
SHARP_IR,raw_adc=268,voltage=1.309,distance_cm=21.9
SHARP_IR,raw_adc=261,voltage=1.274,distance_cm=22.6
SHARP_IR,raw_adc=258,voltage=1.260,distance_cm=22.9
SHARP_IR,raw_adc=256,voltage=1.250,distance_cm=23.1
SHARP_IR,raw_adc=252,voltage=1.230,distance_cm=23.5
SHARP_IR,raw_adc=299,voltage=1.460,distance_cm=19.2
SHARP_IR,raw_adc=271,voltage=1.323,distance_cm=21.6
e_cm=21.0
SHARP_IR,raw_adc=265,voltage=1.294,distance_cm=22.2
SHARP_IR,raw_adc=260,voltage=1.270,distance_cm=22.7
SHARP_IR,raw_adc=257,voltage=1.255,distance_cm=23.0
SHARP_IR,raw_adc=256,voltage=1.250,distance_cm=23.1
SHARP_IR,raw_adc=364,voltage=1.777,distance_cm=15.3
SHARP_IR,raw_adc=280,voltage=1.367,distance_cm=20.8
SHARP_IR,raw_adc=265,voltage=1.294,distance_cm=22.2
SHARP_IR,raw_adc=260,voltage=1.270,distance_cm=22.7
SHARP_IR,raw_adc=257,voltage=1.255,distance_cm=23.0
SHARP_IR,raw_adc=256,voltage=1.250,distance_cm=23.1
SHARP_IR,raw_adc=362,voltage=1.768,distance_cm=15.4
SHARP_IR,raw_adc=289,voltage=1.411,distance_cm=20.0
SHARP_IR,raw_adc=268,voltage=1.309,distance_cm=21.9
SHARP_IR,raw_adc=261,voltage=1.274,distance_cm=22.6
SHARP_IR,raw_adc=258,voltage=1.260,distance_cm=22.9
SHARP_IR,raw_adc=256,voltage=1.250,distance_cm=23.1
SHARP_IR,raw_adc=252,voltage=1.230,distance_cm=23.5
SHARP_IR,raw_adc=307,voltage=1.499,distance_cm=18.7
SHARP_IR,raw_adc=272,voltage=1.328,distance_cm=21.5
SHARP_IR,raw_adc=262,voltage=1.279,distance_cm=22.5
SHARP_IR,raw_adc=259,voltage=1.265,distance_cm=22.8
SHARP_IR,raw_adc=256,voltage=1.250,distance_cm=23.1
SHARP_IR,raw_adc=256,voltage=1.250,distance_cm=23.1
SHARP_IR,raw_adc=311,voltage=1.519,distance_cm=18.4
SHARP_IR,raw_adc=272,voltage=1.328,distance_cm=21.5
.245,distance_cm=23.2
SHARP_IR,raw_adc=255,voltage=1.245,distance_cm=23.2
SHARP_IR,raw_adc=255,voltage=1.245,distance_cm=23.2
SHARP_IR,raw_adc=255,voltage=1.245,distance_cm=23.2
SHARP_IR,raw_adc=255,voltage=1.245,distance_cm=23.2
SHARP_IR,raw_adc=255,voltage=1.245,distance_cm=23.2
SHARP_IR,raw_adc=255,voltage=1.245,distance_cm=23.2
SHARP_IR,raw_adc=255,voltage=1.245,distance_cm=23.2
SHARP_IR,raw_adc=255,voltage=1.245,distance_cm=23.2
SHARP_IR,raw_adc=255,voltage=1.245,distance_cm=23.2
SHARP_IR,raw_adc=255,voltage=1.245,distance_cm=23.2
SHARP_IR,raw_adc=255,voltage=1.245,distance_cm=23.2
SHARP_IR,raw_adc=255,voltage=1.245,distance_cm=23.2
SHARP_IR,raw_adc=255,voltage=1.245,distance_cm=23.2
SHARP_IR,raw_adc=255,voltage=1.245,distance_cm=23.2
SHARP_IR,raw_adc=255,voltage=1.245,distance_cm=23.2
SHARP_IR,raw_adc=255,voltage=1.245,distance_cm=23.2
SHARP_IR,raw_adc=255,voltage=1.245,distance_cm=23.2
SHARP_IR,raw_adc=255,voltage=1.245,distance_cm=23.2
SHARP_IR,raw_adc=255,voltage=1.245,distance_cm=23.2
SHARP_IR,raw_adc=255,voltage=1.245,distance_cm=23.2
SHARP_IR,raw_adc=255,voltage=1.245,distance_cm=23.2
SHARP_IR,raw_adc=255,voltage=1.245,distance_cm=23.2
SHARP_IR,raw_adc=385,voltage=1.880,distance_cm=14.3
SHARP_IR,raw_adc=279,voltage=1.362,distance_cm=20.9
SHARP_IR,raw_adc=266,voltage=1.299,distance_cm=22.1
262,voltage=1.279,distance_cm=22.5
SHARP_IR,raw_adc=259,voltage=1.265,distance_cm=22.8
SHARP_IR,raw_adc=257,voltage=1.255,distance_cm=23.0
SHARP_IR,raw_adc=256,voltage=1.250,distance_cm=23.1
SHARP_IR,raw_adc=399,voltage=1.948,distance_cm=13.7
SHARP_IR,raw_adc=277,voltage=1.353,distance_cm=21.0
SHARP_IR,raw_adc=265,voltage=1.294,distance_cm=22.2
SHARP_IR,raw_adc=260,voltage=1.270,distance_cm=22.7
SHARP_IR,raw_adc=257,voltage=1.255,distance_cm=23.0
SHARP_IR,raw_adc=256,voltage=1.250,distance_cm=23.1
SHARP_IR,raw_adc=381,voltage=1.860,distance_cm=14.5
SHARP_IR,raw_adc=287,voltage=1.401,distance_cm=20.2
SHARP_IR,raw_adc=271,voltage=1.323,distance_cm=21.6
SHARP_IR,raw_adc=265,voltage=1.294,distance_cm=22.2
SHARP_IR,raw_adc=258,voltage=1.260,distance_cm=22.9
SHARP_IR,raw_adc=260,voltage=1.270,distance_cm=22.7
SHARP_IR,raw_adc=372,voltage=1.816,distance_cm=14.9
SHARP_IR,raw_adc=292,voltage=1.426,distance_cm=19.8
SHARP_IR,raw_adc=273,voltage=1.333,distance_cm=21.4
SHARP_IR,raw_adc=265,voltage=1.294,distance_cm=22.2
SHARP_IR,raw_adc=262,voltage=1.279,distance_cm=22.5
SHARP_IR,raw_adc=261,voltage=1.274,distance_cm=22.6
SHARP_IR,raw_adc=256,voltage=1.250,distance_cm=23.1
SHARP_IR,raw_adc=319,voltage=1.558,distance_cm=17.8
SHARP_IR,raw_adc=285,voltage=1.392,distance_cm=20.4
SHARP_IR,raw_adc=275,voltage=1.343,distance_cm=21.2
_IR,raw_adc=287,voltage=1.401,distance_cm=20.2
SHARP_IR,raw_adc=279,voltage=1.362,distance_cm=20.9
SHARP_IR,raw_adc=278,voltage=1.357,distance_cm=21.0
SHARP_IR,raw_adc=376,voltage=1.836,distance_cm=14.7
SHARP_IR,raw_adc=316,voltage=1.543,distance_cm=18.0
SHARP_IR,raw_adc=290,voltage=1.416,distance_cm=19.9
SHARP_IR,raw_adc=283,voltage=1.382,distance_cm=20.5
SHARP_IR,raw_adc=279,voltage=1.362,distance_cm=20.9
SHARP_IR,raw_adc=278,voltage=1.357,distance_cm=21.0
SHARP_IR,raw_adc=274,voltage=1.338,distance_cm=21.3
SHARP_IR,raw_adc=428,voltage=2.090,distance_cm=12.6
SHARP_IR,raw_adc=294,voltage=1.436,distance_cm=19.6
SHARP_IR,raw_adc=284,voltage=1.387,distance_cm=20.4
SHARP_IR,raw_adc=280,voltage=1.367,distance_cm=20.8
SHARP_IR,raw_adc=278,voltage=1.357,distance_cm=21.0
SHARP_IR,raw_adc=281,voltage=1.372,distance_cm=20.7
SHARP_IR,raw_adc=418,voltage=2.041,distance_cm=13.0
SHARP_IR,raw_adc=305,voltage=1.489,distance_cm=18.8
SHARP_IR,raw_adc=289,voltage=1.411,distance_cm=20.0
SHARP_IR,raw_adc=285,voltage=1.392,distance_cm=20.4
SHARP_IR,raw_adc=282,voltage=1.377,distance_cm=20.6
SHARP_IR,raw_adc=281,voltage=1.372,distance_cm=20.7
SHARP_IR,raw_adc=404,voltage=1.973,distance_cm=13.5
SHARP_IR,raw_adc=309,voltage=1.509,distance_cm=18.5
SHARP_IR,raw_adc=288,voltage=1.406,distance_cm=20.1
SHARP_IR,raw_adc=286,voltage=1.396,distance_cm=20.3
ARP_IR,raw_adc=285,voltage=1.392,distance_cm=20.4
SHARP_IR,raw_adc=282,voltage=1.377,distance_cm=20.6
SHARP_IR,raw_adc=281,voltage=1.372,distance_cm=20.7
SHARP_IR,raw_adc=400,voltage=1.953,distance_cm=13.7
SHARP_IR,raw_adc=311,voltage=1.519,distance_cm=18.4
SHARP_IR,raw_adc=293,voltage=1.431,distance_cm=19.7
SHARP_IR,raw_adc=285,voltage=1.392,distance_cm=20.4
SHARP_IR,raw_adc=282,voltage=1.377,distance_cm=20.6
SHARP_IR,raw_adc=281,voltage=1.372,distance_cm=20.7
SHARP_IR,raw_adc=395,voltage=1.929,distance_cm=13.9
SHARP_IR,raw_adc=309,voltage=1.509,distance_cm=18.5
SHARP_IR,raw_adc=289,voltage=1.411,distance_cm=20.0
SHARP_IR,raw_adc=282,voltage=1.377,distance_cm=20.6
SHARP_IR,raw_adc=279,voltage=1.362,distance_cm=20.9
SHARP_IR,raw_adc=277,voltage=1.353,distance_cm=21.0
SHARP_IR,raw_adc=273,voltage=1.333,distance_cm=21.4
SHARP_IR,raw_adc=329,voltage=1.606,distance_cm=17.2
SHARP_IR,raw_adc=293,voltage=1.431,distance_cm=19.7
SHARP_IR,raw_adc=283,voltage=1.382,distance_cm=20.5
SHARP_IR,raw_adc=279,voltage=1.362,distance_cm=20.9
SHARP_IR,raw_adc=278,voltage=1.357,distance_cm=21.0
SHARP_IR,raw_adc=276,voltage=1.348,distance_cm=21.1
SHARP_IR,raw_adc=336,voltage=1.641,distance_cm=16.8
SHARP_IR,raw_adc=293,voltage=1.431,distance_cm=19.7
SHARP_IR,raw_adc=284,voltage=1.387,distance_cm=20.4
SHARP_IR,raw_adc=280,voltage=1.367,distance_cm=20.8
e_cm=21.9
SHARP_IR,raw_adc=268,voltage=1.309,distance_cm=21.9
SHARP_IR,raw_adc=268,voltage=1.309,distance_cm=21.9
SHARP_IR,raw_adc=268,voltage=1.309,distance_cm=21.9
SHARP_IR,raw_adc=268,voltage=1.309,distance_cm=21.9
SHARP_IR,raw_adc=268,voltage=1.309,distance_cm=21.9
SHARP_IR,raw_adc=268,voltage=1.309,distance_cm=21.9
SHARP_IR,raw_adc=268,voltage=1.309,distance_cm=21.9
SHARP_IR,raw_adc=268,voltage=1.309,distance_cm=21.9
SHARP_IR,raw_adc=268,voltage=1.309,distance_cm=21.9
SHARP_IR,raw_adc=267,voltage=1.304,distance_cm=22.0
SHARP_IR,raw_adc=267,voltage=1.304,distance_cm=22.0
SHARP_IR,raw_adc=267,voltage=1.304,distance_cm=22.0
SHARP_IR,raw_adc=268,voltage=1.309,distance_cm=21.9
SHARP_IR,raw_adc=267,voltage=1.304,distance_cm=22.0
SHARP_IR,raw_adc=268,voltage=1.309,distance_cm=21.9
SHARP_IR,raw_adc=268,voltage=1.309,distance_cm=21.9
SHARP_IR,raw_adc=268,voltage=1.309,distance_cm=21.9
SHARP_IR,raw_adc=268,voltage=1.309,distance_cm=21.9
SHARP_IR,raw_adc=268,voltage=1.309,distance_cm=21.9
SHARP_IR,raw_adc=268,voltage=1.309,distance_cm=21.9
SHARP_IR,raw_adc=268,voltage=1.309,distance_cm=21.9
SHARP_IR,raw_adc=267,voltage=1.304,distance_cm=22.0
SHARP_IR,raw_adc=268,voltage=1.309,distance_cm=21.9
SHARP_IR,raw_adc=272,voltage=1.328,distance_cm=21.5
SHARP_IR,raw_adc=272,voltage=1.328,distance_cm=21.5
79,distance_cm=18.9
SHARP_IR,raw_adc=301,voltage=1.470,distance_cm=19.1
SHARP_IR,raw_adc=296,voltage=1.445,distance_cm=19.5
SHARP_IR,raw_adc=411,voltage=2.007,distance_cm=13.2
SHARP_IR,raw_adc=328,voltage=1.602,distance_cm=17.3
SHARP_IR,raw_adc=308,voltage=1.504,distance_cm=18.6
SHARP_IR,raw_adc=305,voltage=1.489,distance_cm=18.8
SHARP_IR,raw_adc=302,voltage=1.475,distance_cm=19.0
SHARP_IR,raw_adc=301,voltage=1.470,distance_cm=19.1
SHARP_IR,raw_adc=380,voltage=1.855,distance_cm=14.5
SHARP_IR,raw_adc=352,voltage=1.719,distance_cm=15.9
SHARP_IR,raw_adc=315,voltage=1.538,distance_cm=18.1
SHARP_IR,raw_adc=306,voltage=1.494,distance_cm=18.7
SHARP_IR,raw_adc=303,voltage=1.479,distance_cm=18.9
SHARP_IR,raw_adc=305,voltage=1.489,distance_cm=18.8
SHARP_IR,raw_adc=301,voltage=1.470,distance_cm=19.1
SHARP_IR,raw_adc=356,voltage=1.738,distance_cm=15.7
SHARP_IR,raw_adc=317,voltage=1.548,distance_cm=18.0
SHARP_IR,raw_adc=311,voltage=1.519,distance_cm=18.4
SHARP_IR,raw_adc=307,voltage=1.499,distance_cm=18.7
SHARP_IR,raw_adc=305,voltage=1.489,distance_cm=18.8
SHARP_IR,raw_adc=304,voltage=1.484,distance_cm=18.9
SHARP_IR,raw_adc=447,voltage=2.183,distance_cm=12.0
SHARP_IR,raw_adc=327,voltage=1.597,distance_cm=17.3
SHARP_IR,raw_adc=313,voltage=1.528,distance_cm=18.2
SHARP_IR,raw_adc=308,voltage=1.504,distance_cm=18.6
tage=1.479,distance_cm=18.9
SHARP_IR,raw_adc=301,voltage=1.470,distance_cm=19.1
SHARP_IR,raw_adc=298,voltage=1.455,distance_cm=19.3
SHARP_IR,raw_adc=357,voltage=1.743,distance_cm=15.6
SHARP_IR,raw_adc=317,voltage=1.548,distance_cm=18.0
SHARP_IR,raw_adc=303,voltage=1.479,distance_cm=18.9
SHARP_IR,raw_adc=299,voltage=1.460,distance_
SHARP_IR,raw_adc=324,voltage=1.582,distance_cm=17.5
SHARP_IR,raw_adc=321,voltage=1.567,distance_cm=17.7
SHARP_IR,raw_adc=320,voltage=1.562,distance_cm=17.8
SHARP_IR,raw_adc=456,voltage=2.227,distance_cm=11.7
SHARP_IR,raw_adc=320,voltage=1.562,distance_cm=17.8
SHARP_IR,raw_adc=320,voltage=1.562,distance_cm=17.8
SHARP_IR,raw_adc=320,voltage=1.562,distance_cm=17.8
SHARP_IR,raw_adc=324,voltage=1.582,distance_cm=17.5
SHARP_IR,raw_adc=324,voltage=1.582,distance_cm=17.5
SHARP_IR,raw_adc=324,voltage=1.582,distance_cm=17.5
SHARP_IR,raw_adc=324,voltage=1.582,distance_cm=17.5
SHARP_IR,raw_adc=324,voltage=1.582,distance_cm=17.5
SHARP_IR,raw_adc=324,voltage=1.582,distance_cm=17.5
SHARP_IR,raw_adc=328,voltage=1.602,distance_cm=17.3
SHARP_IR,raw_adc=328,voltage=1.602,distance_cm=17.3
SHARP_IR,raw_adc=332,voltage=1.621,distance_cm=17.0
SHARP_IR,raw_adc=336,voltage=1.641,distance_cm=16.8
SHARP_IR,raw_adc=340,voltage=1.660,distance_cm=16.5
SHARP_IR,raw_adc=349,voltage=1.704,distance_cm=16.0
SHARP_IR,raw_adc=353,voltage=1.724,distance_cm=15.8
,voltage=1.743,distance_cm=15.6
SHARP_IR,raw_adc=361,voltage=1.763,distance_cm=15.4
SHARP_IR,raw_adc=361,voltage=1.763,distance_cm=15.4
SHARP_IR,raw_adc=471,voltage=2.300,distance_cm=11.3
SHARP_IR,raw_adc=394,voltage=1.924,distance_cm=13.9
SHARP_IR,raw_adc=375,voltage=1.831,distance_cm=14.8
SHARP_IR,raw_adc=367,voltage=1.792,distance_cm=15.1
SHARP_IR,raw_adc=364,voltage=1.777,distance_cm=15.3
SHARP_IR,raw_adc=362,voltage=1.768,distance_cm=15.4
SHARP_IR,raw_adc=359,voltage=1.753,distance_cm=15.5
SHARP_IR,raw_adc=415,voltage=2.026,distance_cm=13.1
SHARP_IR,raw_adc=383,voltage=1.870,distance_cm=14.4
SHARP_IR,raw_adc=373,voltage=1.821,distance_cm=14.8
SHARP_IR,raw_adc=368,voltage=1.797,distance_cm=15.1
SHARP_IR,raw_adc=367,voltage=1.792,distance_cm=15.1
SHARP_IR,raw_adc=364,voltage=1.777,distance_cm=15.3
SHARP_IR,raw_adc=427,voltage=2.085,distance_cm=12.7
SHARP_IR,raw_adc=383,voltage=1.870,distance_cm=14.4
SHARP_IR,raw_adc=365,voltage=1.782,distance_cm=15.2
SHARP_IR,raw_adc=361,voltage=1.763,distance_cm=15.4
SHARP_IR,raw_adc=359,voltage=1.753,distance_cm=15.5
SHARP_IR,raw_adc=358,voltage=1.748,distance_cm=15.6
SHARP_IR,raw_adc=498,voltage=2.432,distance_cm=10.6
SHARP_IR,raw_adc=382,voltage=1.865,distance_cm=14.4
SHARP_IR,raw_adc=367,voltage=1.792,distance_cm=15.1
SHARP_IR,raw_adc=362,voltage=1.768,distance_cm=15.4
,raw_adc=361,voltage=1.763,distance_cm=15.4
SHARP_IR,raw_adc=359,voltage=1.753,distance_cm=15.5
SHARP_IR,raw_adc=358,voltage=1.748,distance_cm=15.6
SHARP_IR,raw_adc=429,voltage=2.095,distance_cm=12.6
SHARP_IR,raw_adc=376,voltage=1.836,distance_cm=14.7
SHARP_IR,raw_adc=366,voltage=1.787,distance_cm=15.2
SHARP_IR,raw_adc=361,voltage=1.7
SHARP_IR,raw_adc=422,voltage=2.061,distance_cm=12.8
SHARP_IR,raw_adc=422,voltage=2.061,distance_cm=12.8
SHARP_IR,raw_adc=422,voltage=2.061,distance_cm=12.8
SHARP_IR,raw_adc=422,voltage=2.061,distance_cm=12.8
SHARP_IR,raw_adc=422,voltage=2.061,distance_cm=12.8
SHARP_IR,raw_adc=426,voltage=2.080,distance_cm=12.7
SHARP_IR,raw_adc=422,voltage=2.061,distance_cm=12.8
SHARP_IR,raw_adc=422,voltage=2.061,distance_cm=12.8
SHARP_IR,raw_adc=422,voltage=2.061,distance_cm=12.8
SHARP_IR,raw_adc=422,voltage=2.061,distance_cm=12.8
SHARP_IR,raw_adc=422,voltage=2.061,distance_cm=12.8
SHARP_IR,raw_adc=426,voltage=2.080,distance_cm=12.7
SHARP_IR,raw_adc=422,voltage=2.061,distance_cm=12.8
SHARP_IR,raw_adc=426,voltage=2.080,distance_cm=12.7
SHARP_IR,raw_adc=422,voltage=2.061,distance_cm=12.8
SHARP_IR,raw_adc=422,voltage=2.061,distance_cm=12.8
SHARP_IR,raw_adc=422,voltage=2.061,distance_cm=12.8
SHARP_IR,raw_adc=422,voltage=2.061,distance_cm=12.8
SHARP_IR,raw_adc=426,voltage=2.080,distance_cm=12.7
SHARP_IR,raw_adc=422,voltage=2.061,distance_cm=12.8
484,voltage=2.363,distance_cm=10.9
SHARP_IR,raw_adc=441,voltage=2.153,distance_cm=12.2
SHARP_IR,raw_adc=430,voltage=2.100,distance_cm=12.6
SHARP_IR,raw_adc=426,voltage=2.080,distance_cm=12.7
SHARP_IR,raw_adc=427,voltage=2.085,distance_cm=12.7
SHARP_IR,raw_adc=438,voltage=2.139,distance_cm=12.3
SHARP_IR,raw_adc=514,voltage=2.510,distance_cm=10.2
SHARP_IR,raw_adc=477,voltage=2.329,distance_cm=11.1
SHARP_IR,raw_adc=466,voltage=2.275,distance_cm=11.4
SHARP_IR,raw_adc=465,voltage=2.271,distance_cm=11.5
SHARP_IR,raw_adc=471,voltage=2.300,distance_cm=11.3
SHARP_IR,raw_adc=478,voltage=2.334,distance_cm=11.1
SHARP_IR,raw_adc=625,voltage=3.052,distance_cm=8.1
SHARP_IR,raw_adc=519,voltage=2.534,distance_cm=10.1
SHARP_IR,raw_adc=508,voltage=2.480,distance_cm=10.3
SHARP_IR,raw_adc=506,voltage=2.471,distance_cm=10.4
SHARP_IR,raw_adc=503,voltage=2.456,distance_cm=10.5
SHARP_IR,raw_adc=502,voltage=2.451,distance_cm=10.5
SHARP_IR,raw_adc=627,voltage=3.062,distance_cm=8.1
SHARP_IR,raw_adc=536,voltage=2.617,distance_cm=9.7
SHARP_IR,raw_adc=513,voltage=2.505,distance_cm=10.2
SHARP_IR,raw_adc=506,voltage=2.471,distance_cm=10.4
SHARP_IR,raw_adc=499,voltage=2.437,distance_cm=10.6
SHARP_IR,raw_adc=494,voltage=2.412,distance_cm=10.7
SHARP_IR,raw_adc=609,voltage=2.974,distance_cm=8.4
SHARP_IR,raw_adc=529,voltage=2.583,distance_cm=9.9
=9.8
SHARP_IR,raw_adc=514,voltage=2.510,distance_cm=10.2
SHARP_IR,raw_adc=509,voltage=2.485,distance_cm=10.3
SHARP_IR,raw_adc=506,voltage=2.471,distance_cm=10.4
SHARP_IR,raw_adc=501,voltage=2.446,distance_cm=10.5
SHARP_IR,raw_adc=635,voltage=3.101,distance_cm=8.0
SHARP_IR,raw_adc=527,voltage=2.573,distance_c,distance_cm=8.4
SHARP_IR,raw_adc=754,voltage=3.682,distance_cm=6.5
SHARP_IR,raw_adc=631,voltage=3.081,distance_cm=8.0
SHARP_IR,raw_adc=616,voltage=3.008,distance_cm=8.2
SHARP_IR,raw_adc=611,voltage=2.983,distance_cm=8.3
SHARP_IR,raw_adc=608,voltage=2.969,distance_cm=8.4
SHARP_IR,raw_adc=607,voltage=2.964,distance_cm=8.4
SHARP_IR,raw_adc=733,voltage=3.579,distance_cm=6.7
SHARP_IR,raw_adc=639,voltage=3.120,distance_cm=7.9
SHARP_IR,raw_adc=619,voltage=3.022,distance_cm=8.2
SHARP_IR,raw_adc=612,voltage=2.988,distance_cm=8.3
SHARP_IR,raw_adc=609,voltage=2.974,distance_cm=8.4
SHARP_IR,raw_adc=607,voltage=2.964,distance_cm=8.4
SHARP_IR,raw_adc=709,voltage=3.462,distance_cm=7.0
SHARP_IR,raw_adc=654,voltage=3.193,distance_cm=7.7
SHARP_IR,raw_adc=620,voltage=3.027,distance_cm=8.2
SHARP_IR,raw_adc=613,voltage=2.993,distance_cm=8.3
SHARP_IR,raw_adc=609,voltage=2.974,distance_cm=8.4
SHARP_IR,raw_adc=608,voltage=2.969,distance_cm=8.4
SHARP_IR,raw_adc=607,voltage=2.964,distance_cm=8.4
SHARP_IR,raw_adc=660,voltage=3.223,distance_cm=7.6
dc=695,voltage=3.394,distance_cm=7.2
SHARP_IR,raw_adc=674,voltage=3.291,distance_cm=7.4
SHARP_IR,raw_adc=667,voltage=3.257,distance_cm=7.5
SHARP_IR,raw_adc=664,voltage=3.242,distance_cm=7.5
SHARP_IR,raw_adc=659,voltage=3.218,distance_cm=7.6
SHARP_IR,raw_adc=761,voltage=3.716,distance_cm=6.4
SHARP_IR,raw_adc=702,voltage=3.428,distance_cm=7.1
SHARP_IR,raw_adc=674,voltage=3.291,distance_cm=7.4
SHARP_IR,raw_adc=664,voltage=3.242,distance_cm=7.5
SHARP_IR,raw_adc=660,voltage=3.223,distance_cm=7.6
SHARP_IR,raw_adc=659,voltage=3.218,distance_cm=7.6
SHARP_IR,raw_adc=745,voltage=3.638,distance_cm=6.6
SHARP_IR,raw_adc=711,voltage=3.472,distance_cm=7.0
SHARP_IR,raw_adc=672,voltage=3.281,distance_cm=7.4
SHARP_IR,raw_adc=662,voltage=3.232,distance_cm=7.6
SHARP_IR,raw_adc=658,voltage=3.213,distance_cm=7.6
SHARP_IR,raw_adc=655,voltage=3.198,distance_cm=7.7
SHARP_IR,raw_adc=655,voltage=3.198,distance_cm=7.7
SHARP_IR,raw_adc=759,voltage=3.706,distance_cm=6.5
SHARP_IR,raw_adc=676,voltage=3.301,distance_cm=7.4
SHARP_IR,raw_adc=664,voltage=3.242,distance_cm=7.5
SHARP_IR,raw_adc=658,voltage=3.213,distance_cm=7.6
SHARP_IR,raw_adc=656,voltage=3.203,distance_cm=7.7
SHARP_IR,raw_adc=658,voltage=3.213,distance_cm=7.6
SHARP_IR,raw_adc=764,voltage=3.730,distance_cm=6.4
SHARP_IR,raw_adc=683,voltage=3.335,distance_cm=7.3
=7.3
SHARP_IR,raw_adc=672,voltage=3.281,distance_cm=7.4
SHARP_IR,raw_adc=668,voltage=3.262,distance_cm=7.5
SHARP_IR,raw_adc=652,voltage=3.184,distance_cm=7.7
SHARP_IR,raw_adc=373,voltage=1.821,distance_cm=14.8
SHARP_IR,raw_adc=507,voltage=2.476,distance_cm=10.4
SHARP_IR,raw_adc=397,voltage=1.938,distance_cm
SHARP_IR,raw_adc=505,voltage=2.466,distance_cm=10.4
SHARP_IR,raw_adc=501,voltage=2.446,distance_cm=10.5
SHARP_IR,raw_adc=499,voltage=2.437,distance_cm=10.6
SHARP_IR,raw_adc=498,voltage=2.432,distance_cm=10.6
SHARP_IR,raw_adc=642,voltage=3.135,distance_cm=7.9
SHARP_IR,raw_adc=523,voltage=2.554,distance_cm=10.0
SHARP_IR,raw_adc=507,voltage=2.476,distance_cm=10.4
SHARP_IR,raw_adc=502,voltage=2.451,distance_cm=10.5
SHARP_IR,raw_adc=499,voltage=2.437,distance_cm=10.6
SHARP_IR,raw_adc=498,voltage=2.432,distance_cm=10.6
SHARP_IR,raw_adc=627,voltage=3.062,distance_cm=8.1
SHARP_IR,raw_adc=528,voltage=2.578,distance_cm=9.9
SHARP_IR,raw_adc=509,voltage=2.485,distance_cm=10.3
SHARP_IR,raw_adc=503,voltage=2.456,distance_cm=10.5
SHARP_IR,raw_adc=500,voltage=2.441,distance_cm=10.5
SHARP_IR,raw_adc=499,voltage=2.437,distance_cm=10.6
SHARP_IR,raw_adc=620,voltage=3.027,distance_cm=8.2
SHARP_IR,raw_adc=532,voltage=2.598,distance_cm=9.8
SHARP_IR,raw_adc=510,voltage=2.490,distance_cm=10.3
SHARP_IR,raw_adc=503,voltage=2.456,distance_cm=10.5
SHARP_IR,raw_adc=501,voltage=2.446,distance_cm=10.5
SHARP_IR,raw_adc=499,voltage=2.437,distance_cm=10.6
SHARP_IR,raw_adc=498,voltage=2.432,distance_cm=10.6
SHARP_IR,raw_adc=641,voltage=3.130,distance_cm=7.9
SHARP_IR,raw_adc=522,voltage=2.549,distance_cm=10.0
SHARP_IR,raw_adc=507,voltage=2.476,distance_cm=10.4
SHARP_IR,raw_adc=502,voltage=2.451,distance_cm=10.5
SHARP_IR,raw_adc=499,voltage=2.437,distance_cm=10.6
SHARP_IR,raw_adc=498,voltage=2.432,distance_cm=10.6
SHARP_IR,raw_adc=640,voltage=3.125,distance_cm=7.9
SHARP_IR,raw_adc=523,voltage=2.554,distance_cm=10.0
SHARP_IR,raw_adc=507,voltage=2.476,distance_cm=10.4
SHARP_IR,raw_adc=503,voltage=2.456,distance_cm=10.5
SHARP_IR,raw_adc=499,voltage=2.437,distance_cm=10.6
SHARP_IR,raw_adc=498,voltage=2.432,distance_cm=10.6
SHARP_IR,raw_adc=623,voltage=3.042,distance_cm=8.1
SHARP_IR,raw_adc=527,voltage=2.573,distance_cm=9.9
SHARP_IR,raw_adc=510,voltage=2.490,distance_cm=10.3
SHARP_IR,raw_adc=503,voltage=2.456,distance_cm=10.5
SHARP_IR,raw_adc=500,voltage=2.441,distance_cm=10.5
SHARP_IR,raw_adc=498,voltage=2.432,distance_cm=10.6
SHARP_IR,raw_adc=603,voltage=2.944,distance_cm=8.4
SHARP_IR,raw_adc=536,voltage=2.617,distance_cm=9.7
SHARP_IR,raw_adc=513,voltage=2.505,distance_cm=10.2
SHARP_IR,raw_adc=504,voltage=2.461,distance_cm=10.4
SHARP_IR,raw_adc=499,voltage=2.437,distance_cm=10.6
SHARP_IR,raw_adc=498,voltage=2.432,distance_cm=10.6
SHARP_IR,raw_adc=636,voltage=3.105,distance_cm=7.9
SHARP_IR,raw_adc=524,voltage=2.559,distance_cm=10.0
SHARP_IR,raw_adc=509,voltage=2.485,distance_cm=10.3
SHARP_IR,raw_adc=502,voltage=2.451,distance_c
SHARP_IR,raw_adc=589,voltage=2.876,distance_cm=8.7
SHARP_IR,raw_adc=586,voltage=2.861,distance_cm=8.7
SHARP_IR,raw_adc=584,voltage=2.852,distance_cm=8.8
SHARP_IR,raw_adc=675,voltage=3.296,distance_cm=7.4
SHARP_IR,raw_adc=632,voltage=3.086,distance_cm=8.0
SHARP_IR,raw_adc=605,voltage=2.954,distance_cm=8.4
SHARP_IR,raw_adc=591,voltage=2.886,distance_cm=8.7
SHARP_IR,raw_adc=591,voltage=2.886,distance_cm=8.7
SHARP_IR,raw_adc=588,voltage=2.871,distance_cm=8.7
SHARP_IR,raw_adc=585,voltage=2.856,distance_cm=8.8
SHARP_IR,raw_adc=641,voltage=3.130,distance_cm=7.9
SHARP_IR,raw_adc=602,voltage=2.939,distance_cm=8.5
SHARP_IR,raw_adc=592,voltage=2.891,distance_cm=8.6
SHARP_IR,raw_adc=587,voltage=2.866,distance_cm=8.7
SHARP_IR,raw_adc=585,voltage=2.856,distance_cm=8.8
SHARP_IR,raw_adc=584,voltage=2.852,distance_cm=8.8
SHARP_IR,raw_adc=730,voltage=3.564,distance_cm=6.8
SHARP_IR,raw_adc=606,voltage=2.959,distance_cm=8.4
SHARP_IR,raw_adc=593,voltage=2.896,distance_cm=8.6
SHARP_IR,raw_adc=588,voltage=2.871,distance_cm=8.7
oltage=2.388,distance_cm=10.8
SHARP_IR,raw_adc=487,voltage=2.378,distance_cm=10.9
SHARP_IR,raw_adc=580,voltage=2.832,distance_cm=8.8
SHARP_IR,raw_adc=531,voltage=2.593,distance_cm=9.8
SHARP_IR,raw_adc=502,voltage=2.451,distance_cm=10.5
SHARP_IR,raw_adc=493,voltage=2.407,distance_cm=10.7
SHARP_IR,raw_adc=489,voltage=2.388,distance_cm=10.8
SHARP_IR,raw_adc=491,voltage=2.397,distance_cm=10.8
SHARP_IR,raw_adc=494,voltage=2.412,distance_cm=10.7
SHARP_IR,raw_adc=555,voltage=2.710,distance_cm=9.3
SHARP_IR,raw_adc=517,voltage=2.524,distance_cm=10.1
SHARP_IR,raw_adc=510,voltage=2.490,distance_cm=10.3
SHARP_IR,raw_adc=509,voltage=2.485,distance_cm=10.3
SHARP_IR,raw_adc=507,voltage=2.476,distance_cm=10.4
SHARP_IR,raw_adc=506,voltage=2.471,distance_cm=10.4
SHARP_IR,raw_adc=644,voltage=3.145,distance_cm=7.8
SHARP_IR,raw_adc=523,voltage=2.554,distance_cm=10.0
SHARP_IR,raw_adc=504,voltage=2.461,distance_cm=10.4
SHARP_IR,raw_adc=497,voltage=2.427,distance_cm=10.6
SHARP_IR,raw_adc=491,voltage=2.397,distance_cm=10.8
SHARP_IR,raw_adc=486,voltage=2.373,distance_cm=10.9
SHARP_IR,raw_adc=626,voltage=3.057,distance_cm=8.1
SHARP_IR,raw_adc=508,voltage=2.480,distance_cm=10.3
SHARP_IR,raw_adc=492,voltage=2.402,distance_cm=10.7
SHARP_IR,raw_adc=487,voltage=2.378,distance_cm=10.9
SHARP_IR,raw_adc=484,voltage=2.363,distance_cm=10.9
