BALL_BEAM_BOOT
HELP,keys
STATE,SAFE_DISABLED
SENSORS,angle=bad,pos=bad
MEAS,theta_deg=0.0000,x_cm=0.0000,x_filt_cm=0.0000
AGE,angle_ms=1,pos_ms=1
FAULTS,bits=0
CAL,zero_calibrated=yes,limits_calibrated=yes,sign_calibrated=yes
CAL_STORE,status=loaded
TEL,enabled=1
FAULT_INFO,bits=0
FAULT_INFO,mode=bringup_warning
FAULT_INFO,none
TEL,349,SAFE_DISABLED,0.0000,0.0000,-1.4062,0.0000,0.00,0
TEL,449,SAFE_DISABLED,0.0000,0.0000,-1.4062,0.0000,0.00,0
TEL,549,SAFE_DISABLED,0.0000,0.0000,-1.4062,0.0000,0.00,0
TEL,649,SAFE_DISABLED,0.0000,0.0000,-1.4062,0.0000,0.00,0
TEL,749,SAFE_DISABLED,0.0000,0.0000,-1.4062,0.0000,0.00,0
TEL,849,SAFE_DISABLED,0.0000,0.0000,-1.4062,0.0000,0.00,0
TEL,949,SAFE_DISABLED,0.0000,0.0000,-1.4062,0.0000,0.00,0
TEL,1049,SAFE_DISABLED,0.0000,0.0000,-1.4062,0.0000,0.00,0
TEL,1149,SAFE_DISABLED,0.0000,0.0000,-1.4062,0.0000,0.00,0
TEL,1249,SAFE_DISABLED,0.0000,0.0000,-1.4062,0.0000,0.00,0
TEL,1349,SAFE_DISABLED,0.0000,0.0000,-1.4062,0.0000,0.00,1
TEL,1449,SAFE_DISABLED,0.0000,0.0000,-1.4062,0.0000,0.00,1
TEL,1549,SAFE_DISABLED,0.0000,0.0000,-1.4062,0.0000,0.00,1
TEL,1649,SAFE_DISABLED,0.0000,0.0000,-1.4062,0.0000,0.00,1
TEL,1750,SAFE_DISABLED,0.0000,0.0000,-1.4062,0.0000,0.00,1
TEL,1850,SAFE_DISABLED,0.0000,0.0000,-1.4062,0.0000,0.00,1
TEL,1950,SAFE_DISABLED,0.0000,0.0000,-1.4062,0.0000,0.00,1
TEL,2050,SAFE_DISABLED,0.0000,0.0000,-1.4062,0.0000,0.00,1
TEL,2150,SAFE_DISABLED,0.0000,0.0000,-1.4062,0.0000,0.00,1
TEL,2250,SAFE_DISABLED,0.0000,0.0000,-1.4062,0.0000,0.00,1
TEL,2350,SAFE_DISABLED,0.0000,0.0000,-1.4062,0.0000,0.00,1
TEL,2450,SAFE_DISABLED,0.0000,0.0000,-1.4062,0.0000,0.00,1
TEL,2550,SAFE_DISABLED,0.0000,0.0000,-1.4062,0.0000,0.00,1
TEL,2650,SAFE_DISABLED,0.0000,0.0000,-1.4062,0.0000,0.00,1
TEL,2750,SAFE_DISABLED,0.0000,0.0000,-1.4062,0.0000,0.00,1
TEL,2850,SAFE_DISABLED,0.0000,0.0000,-1.4062,0.0000,0.00,1
TEL,2950,SAFE_DISABLED,0.0000,0.0000,-1.4062,0.0000,0.00,1
TEL,3050,SAFE_DISABLED,0.0000,0.0000,-1.4062,0.0000,0.00,1
TEL,3150,SAFE_DISABLED,0.0000,0.0000,-1.4062,0.0000,0.00,1
TEL,3250,SAFE_DISABLED,0.0000,0.0000,-1.4062,0.0000,0.00,1
TEL,3350,SAFE_DISABLED,0.0000,0.0000,-1.4062,0.0000,0.00,1
TEL,3450,SAFE_DISABLED,0.0000,0.0000,-1.4062,0.0000,0.00,1
TEL,3550,SAFE_DISABLED,0.0000,0.0000,-1.4062,0.0000,0.00,1
TEL,3650,SAFE_DISABLED,0.0000,0.0000,-1.4062,0.0000,0.00,1
TEL,3750,SAFE_DISABLED,0.0000,0.0000,-1.4062,0.0000,0.00,1
TEL,3850,SAFE_DISABLED,0.0000,0.0000,-1.4062,0.0000,0.00,1
TEL,3950,SAFE_DISABLED,0.0000,0.0000,-1.4062,0.0000,0.00,1
TEL,4050,SAFE_DISABLED,0.0000,0.0000,-1.4062,0.0000,0.00,1
TEL,4150,SAFE_DISABLED,0.0000,0.0000,-1.4062,0.0000,0.00,1
TEL,4250,SAFE_DISABLED,0.0000,0.0000,-1.4062,0.0000,0.00,1
TEL,4350,SAFE_DISABLED,0.0000,0.0000,-1.4062,0.0000,0.00,1
TEL,4450,SAFE_DISABLED,0.0000,0.0000,-1.4062,0.0000,0.00,1
TEL,4550,SAFE_DISABLED,0.0000,0.0000,-1.4062,0.0000,0.00,1
TEL,4651,SAFE_DISABLED,0.0000,0.0000,-1.4062,0.0000,0.00,1
TEL,4751,SAFE_DISABLED,0.0000,0.0000,-1.4062,0.0000,0.00,1
TEL,4851,SAFE_DISABLED,0.0000,0.0000,-1.4062,0.0000,0.00,1
TEL,4951,SAFE_DISABLED,0.0000,0.0000,-1.4062,0.0000,0.00,1
TEL,5051,SAFE_DISABLED,0.0000,0.0000,-1.4062,0.0000,0.00,1
TEL,5151,SAFE_DISABLED,0.0000,0.0000,-1.4062,0.0000,0.00,1
TEL,5251,SAFE_DISABLED,0.0000,0.0000,-1.4062,0.0000,0.00,1
TEL,5351,SAFE_DISABLED,0.0000,0.0000,-1.4062,0.0000,0.00,1
TEL,5451,SAFE_DISABLED,0.0000,0.0000,-1.4062,0.0000,0.00,1
TEL,5551,SAFE_DISABLED,0.0000,0.0000,-1.4062,0.0000,0.00,1
TEL,5651,SAFE_DISABLED,0.0000,0.0000,-1.4062,0.0000,0.00,1
TEL,5751,SAFE_DISABLED,0.0000,0.0000,-1.4062,0.0000,0.00,1
TEL,5851,SAFE_DISABLED,0.0000,0.0000,-1.4062,0.0000,0.00,1
TEL,5951,SAFE_DISABLED,0.0000,0.0000,-1.4062,0.0000,0.00,1
TEL,6051,SAFE_DISABLED,0.0000,0.0000,-1.4062,0.0000,0.00,1
TEL,6151,SAFE_DISABLED,0.0000,0.0000,-1.4062,0.0000,0.00,1
TEL,6251,SAFE_DISABLED,0.0000,0.0000,-1.4062,0.0000,0.00,1
TEL,6351,SAFE_DISABLED,0.0000,0.0000,-1.4062,0.0000,0.00,1
OK,telemetry=0
OK,cal_zero_angle_set=334.160156
CAL_ZERO,as5600_zero_deg=334.160156,sonar_center_cm=13.925801,zero_calibrated=yes
OK,cal_zero_position_set=13.994402
CAL_ZERO,as5600_zero_deg=334.160156,sonar_center_cm=13.994402,zero_calibrated=yes
OK,cal_limit_down_set=-10.810547
OK,as5600_sign=1
CAL_LIMITS,lower_deg=10.810547,upper_deg=25.839843,limits_calibrated=yes
OK,cal_limit_up_set=10.810547
ERR,limit_span_too_small
OK,cal_limit_down_set=10.810547
CAL_LIMITS,lower_deg=10.810547,upper_deg=10.810547,limits_calibrated=no
OK,cal_limit_up_set=-43.681640
OK,as5600_sign=-1
CAL_LIMITS,lower_deg=-10.810547,upper_deg=43.681640,limits_calibrated=yes
OK,driver_enabled
OK,stepper_sign=-1,delta=22.7637
INFO,sonar_near=1
SIGN_CAL_RESULT,61265,22.76367,-1,-1,25.2448,25.3945,1
INFO,signs_applied_runtime
OK,cal_saved
STATE,READY
SENSORS,angle=ok,pos=ok
MEAS,theta_deg=0.2637,x_cm=11.6620,x_filt_cm=11.6620
AGE,angle_ms=16,pos_ms=27
FAULTS,bits=0
CAL,zero_calibrated=yes,limits_calibrated=yes,sign_calibrated=yes
CAL_STORE,status=loaded
TEL,enabled=0
FAULT_INFO,bits=0
FAULT_INFO,mode=bringup_warning
FAULT_INFO,none
OK,driver_enabled
OK,running
TEL,77572,RUNNING,11.2504,11.2504,0.2637,-3.0000,-200.00,0
TEL,77672,RUNNING,11.2504,11.2504,-2.6177,-3.0000,-667.43,0
TEL,77772,RUNNING,11.2504,11.2504,-8.1319,-3.0000,332.57,0
TEL,77872,RUNNING,11.3190,11.2916,-5.4773,-3.0000,1160.72,0
TEL,77972,RUNNING,11.3190,11.3146,3.6073,-3.0000,160.72,0
TEL,78072,RUNNING,12.0736,11.9526,6.2533,-3.0000,-839.28,0
TEL,78172,RUNNING,12.0736,12.0542,-1.8626,-3.0000,-1361.66,0
TEL,78272,FAULT,12.1422,12.1366,-12.8628,-3.0000,0.00,4
TEL,78372,FAULT,12.1422,12.1248,-12.9166,-3.0000,0.00,4
TEL,78472,FAULT,12.0736,12.0769,-12.9194,-3.0000,0.00,4
TEL,78572,FAULT,12.0736,12.0741,-12.9198,-3.0000,0.00,4
TEL,78672,FAULT,11.7306,11.7855,-12.9199,-3.0000,0.00,4
TEL,78772,FAULT,11.7306,11.7394,-12.9199,-3.0000,0.00,4
TEL,78873,FAULT,11.7306,11.7312,-12.9199,-3.0000,0.00,4
TEL,78973,FAULT,11.7306,11.7307,-12.9199,-3.0000,0.00,4
TEL,79073,FAULT,11.7306,11.7306,-12.9199,-3.0000,0.00,4
TEL,79173,FAULT,11.7306,11.7306,-12.9199,-3.0000,0.00,4
TEL,79273,FAULT,11.3190,11.3453,-12.9199,-3.0000,0.00,4
TEL,79373,FAULT,11.2504,11.2656,-12.9199,-3.0000,0.00,4
TEL,79473,FAULT,11.2504,11.2514,-12.9199,-3.0000,0.00,4
TEL,79574,FAULT,11.3190,11.3082,-12.9199,-3.0000,0.00,4
TEL,79674,FAULT,11.6620,11.6394,-12.9199,-3.0000,0.00,4
TEL,79774,FAULT,12.0736,11.9218,-12.9199,-3.0000,0.00,4
TEL,79874,FAULT,12.0736,12.0639,-12.9199,-3.0000,0.00,4
TEL,79974,FAULT,12.0736,12.0720,-12.9199,-3.0000,0.00,4
TEL,80074,FAULT,12.0736,12.0735,-12.9199,-3.0000,0.00,4
TEL,80174,FAULT,11.7306,11.7855,-12.9199,-3.0000,0.00,4
TEL,80274,FAULT,11.6620,11.6699,-12.9199,-3.0000,0.00,4
TEL,80374,FAULT,11.6620,11.6633,-12.9199,-3.0000,0.00,4
TEL,80474,FAULT,11.6620,11.6621,-12.9199,-3.0000,0.00,4
TEL,80574,FAULT,11.6620,11.6620,-12.9199,-3.0000,0.00,4
TEL,80674,FAULT,11.3190,11.3739,-12.9199,-3.0000,0.00,4
TEL,80774,FAULT,11.3190,11.3278,-12.9199,-3.0000,0.00,4
TEL,80874,FAULT,11.3190,11.3196,-12.9199,-3.0000,0.00,4
TEL,80974,FAULT,11.3190,11.3191,-12.9199,-3.0000,0.00,4
TEL,81074,FAULT,11.3190,11.3519,-12.9199,-3.0000,0.00,4
TEL,81174,FAULT,12.5538,12.0651,-12.9199,-3.0000,0.00,4
TEL,81274,FAULT,13.3770,13.2930,-12.9199,-3.0000,0.00,4
TEL,81374,FAULT,12.5538,12.8495,-12.9199,-3.0000,0.00,4
TEL,81474,FAULT,12.5538,12.8495,-12.9199,-3.0000,0.00,4
TEL,81574,FAULT,4.1846,5.8673,-12.9199,-3.0000,0.00,4
TEL,81674,FAULT,-0.3430,0.5912,-12.9199,-3.0000,0.00,4
TEL,81774,FAULT,-1.9208,-1.5189,-12.9199,-3.0000,0.00,4
TEL,81874,FAULT,-2.0580,-2.0169,-12.9199,-3.0000,0.00,4
TEL,81974,FAULT,-2.1952,-2.1337,-12.9199,-3.0000,0.00,4
TEL,82074,FAULT,-2.7440,-2.5436,-12.9199,-3.0000,0.00,4
TEL,82174,FAULT,-2.7440,-2.7449,-12.9199,-3.0000,0.00,4
TEL,82274,FAULT,-2.7440,-2.6288,-12.9199,-3.0000,0.00,4
TEL,82374,FAULT,-2.7440,-2.7256,-12.9199,-3.0000,0.00,4
TEL,82475,FAULT,-2.7440,-2.7428,-12.9199,-3.0000,0.00,4
TEL,82575,FAULT,-2.8126,-2.8014,-12.9199,-3.0000,0.00,4
TEL,82675,FAULT,-2.8126,-2.8119,-12.9199,-3.0000,0.00,4
TEL,82775,FAULT,-2.8126,-2.8125,-12.9199,-3.0000,0.00,4
TEL,82875,FAULT,-2.8126,-2.7797,-12.9199,-3.0000,0.00,4
TEL,82975,FAULT,-2.6754,-2.7250,-12.9199,-3.0000,0.00,4
TEL,83075,FAULT,-2.8126,-2.7938,-12.9199,-3.0000,0.00,4
TEL,83175,FAULT,-3.1556,-3.0977,-12.9199,-3.0000,0.00,4
TEL,83275,FAULT,-2.8126,-2.8638,-12.9199,-3.0000,0.00,4
TEL,83375,FAULT,-2.1266,-2.3104,-12.9199,-3.0000,0.00,4
TEL,83475,FAULT,-1.5778,-1.7762,-12.9199,-3.0000,0.00,4
TEL,83575,FAULT,-1.3720,-1.4531,-12.9199,-3.0000,0.00,4
TEL,83675,FAULT,-0.7546,-0.8993,-12.9199,-3.0000,0.00,4
TEL,83775,FAULT,-0.7546,-0.8993,-12.9199,-3.0000,0.00,4
TEL,83875,FAULT,1.7150,0.8357,-12.9199,-3.0000,0.00,4
TEL,83975,FAULT,2.6754,2.1506,-12.9199,-3.0000,0.00,4
TEL,84075,FAULT,4.4590,4.0281,-12.9199,-3.0000,0.00,4
TEL,84175,FAULT,4.8706,4.6864,-12.9199,-3.0000,0.00,4
TEL,84275,FAULT,9.6040,7.8371,-12.9199,-3.0000,0.00,4
TEL,84375,FAULT,10.4272,9.9963,-12.9199,-3.0000,0.00,4
TEL,84475,FAULT,11.6620,11.5093,-12.9199,-3.0000,0.00,4
TEL,84575,FAULT,11.6620,11.6376,-12.9199,-3.0000,0.00,4
TEL,84675,FAULT,11.6620,11.5781,-12.9199,-3.0000,0.00,4
TEL,84775,FAULT,11.7306,11.6897,-12.9199,-3.0000,0.00,4
TEL,84875,FAULT,11.3190,11.4646,-12.9199,-3.0000,0.00,4
TEL,84975,FAULT,11.7306,11.6716,-12.9199,-3.0000,0.00,4
TEL,85075,FAULT,12.0736,11.9326,-12.9199,-3.0000,0.00,4
TEL,85175,FAULT,12.4852,12.2980,-12.9199,-3.0000,0.00,4
TEL,85275,FAULT,12.4852,12.4732,-12.9199,-3.0000,0.00,4
TEL,85376,FAULT,12.4852,12.4833,-12.9199,-3.0000,0.00,4
TEL,85476,FAULT,11.6620,11.9088,-12.9199,-3.0000,0.00,4
TEL,85576,FAULT,11.6620,11.7015,-12.9199,-3.0000,0.00,4
TEL,85676,FAULT,11.6620,11.6645,-12.9199,-3.0000,0.00,4
TEL,85776,FAULT,12.0736,12.0081,-12.9199,-3.0000,0.00,4
TEL,85876,FAULT,12.0736,12.0694,-12.9199,-3.0000,0.00,4
TEL,85976,FAULT,12.0736,12.0729,-12.9199,-3.0000,0.00,4
TEL,86076,FAULT,12.0736,12.0736,-12.9199,-3.0000,0.00,4
TEL,86176,FAULT,11.5934,11.6867,-12.9199,-3.0000,0.00,4
TEL,86276,FAULT,11.2504,11.2783,-12.9199,-3.0000,0.00,4
TEL,86376,FAULT,11.2504,11.2549,-12.9199,-3.0000,0.00,4
TEL,86476,FAULT,11.2504,11.2507,-12.9199,-3.0000,0.00,4
TEL,86576,FAULT,11.2504,11.2504,-12.9199,-3.0000,0.00,4
TEL,86676,FAULT,11.2504,11.2504,-12.9199,-3.0000,0.00,4
TEL,86776,FAULT,11.2504,11.2504,-12.9199,-3.0000,0.00,4
TEL,86876,FAULT,11.2504,11.2504,-12.9199,-3.0000,0.00,4
TEL,86976,FAULT,11.2504,11.2504,-12.9199,-3.0000,0.00,4
TEL,87076,FAULT,11.2504,11.2504,-12.9199,-3.0000,0.00,4
TEL,87176,FAULT,11.2504,11.2504,-12.9199,-3.0000,0.00,4
TEL,87276,FAULT,11.2504,11.2504,-12.9199,-3.0000,0.00,4
TEL,87376,FAULT,11.2504,11.2504,-12.9199,-3.0000,0.00,4
TEL,87476,FAULT,11.2504,11.2504,-12.9199,-3.0000,0.00,4
TEL,87576,FAULT,11.3190,11.2916,-12.9199,-3.0000,0.00,4
TEL,87676,FAULT,11.5934,11.5807,-12.9199,-3.0000,0.00,4
TEL,87776,FAULT,11.6620,11.6490,-12.9199,-3.0000,0.00,4
TEL,87876,FAULT,11.6620,11.6612,-12.9199,-3.0000,0.00,4
TEL,87976,FAULT,11.6620,11.6619,-12.9199,-3.0000,0.00,4
TEL,88076,FAULT,11.6620,11.6620,-12.9199,-3.0000,0.00,4
TEL,88176,FAULT,11.6620,11.6620,-12.9199,-3.0000,0.00,4
TEL,88276,FAULT,11.5934,11.6208,-12.9199,-3.0000,0.00,4
TEL,88376,FAULT,11.2504,11.3097,-12.9199,-3.0000,0.00,4
TEL,88476,FAULT,11.2504,11.2542,-12.9199,-3.0000,0.00,4
TEL,88576,FAULT,11.2504,11.2510,-12.9199,-3.0000,0.00,4
TEL,88676,FAULT,11.2504,11.2504,-12.9199,-3.0000,0.00,4
TEL,88776,FAULT,11.2504,11.2504,-12.9199,-3.0000,0.00,4
TEL,88876,FAULT,11.2504,11.2504,-12.9199,-3.0000,0.00,4
TEL,88976,FAULT,11.2504,11.2504,-12.9199,-3.0000,0.00,4
TEL,89076,FAULT,11.2504,11.2504,-12.9199,-3.0000,0.00,4
TEL,89176,FAULT,11.2504,11.2504,-12.9199,-3.0000,0.00,4
TEL,89276,FAULT,11.2504,11.2504,-12.9199,-3.0000,0.00,4
TEL,89376,FAULT,11.2504,11.2504,-12.9199,-3.0000,0.00,4
TEL,89476,FAULT,11.2504,11.2504,-12.9199,-3.0000,0.00,4
TEL,89576,FAULT,11.2504,11.2504,-12.9199,-3.0000,0.00,4
TEL,89676,FAULT,11.2504,11.2504,-12.9199,-3.0000,0.00,4
TEL,89776,FAULT,11.2504,11.2504,-12.9199,-3.0000,0.00,4
TEL,89876,FAULT,11.2504,11.2504,-12.9199,-3.0000,0.00,4
TEL,89976,FAULT,11.2504,11.2504,-12.9199,-3.0000,0.00,4
TEL,90076,FAULT,11.2504,11.2504,-12.9199,-3.0000,0.00,4
TEL,90176,FAULT,11.2504,11.2504,-12.9199,-3.0000,0.00,4
TEL,90276,FAULT,11.2504,11.2504,-12.9199,-3.0000,0.00,4
TEL,90376,FAULT,11.2504,11.2504,-12.9199,-3.0000,0.00,4
TEL,90476,FAULT,11.2504,11.3492,-12.9199,-3.0000,0.00,4
TEL,90576,FAULT,11.2504,11.2662,-12.9199,-3.0000,0.00,4
TEL,90676,FAULT,11.2504,11.2514,-12.9199,-3.0000,0.00,4
TEL,90776,FAULT,11.2504,11.2506,-12.9199,-3.0000,0.00,4
TEL,90876,FAULT,11.2504,11.2504,-12.9199,-3.0000,0.00,4
TEL,90976,FAULT,11.2504,11.2504,-12.9199,-3.0000,0.00,4
TEL,91076,FAULT,11.2504,11.2504,-12.9199,-3.0000,0.00,4
TEL,91176,FAULT,11.2504,11.2504,-12.9199,-3.0000,0.00,4
TEL,91276,FAULT,11.5934,11.4562,-12.9199,-3.0000,0.00,4
TEL,91376,FAULT,11.2504,11.3656,-12.9199,-3.0000,0.00,4
TEL,91476,FAULT,11.6620,11.6364,-12.9199,-3.0000,0.00,4
TEL,91576,FAULT,11.6620,11.6579,-12.9199,-3.0000,0.00,4
TEL,91676,FAULT,11.2504,11.2765,-12.9199,-3.0000,0.00,4
TEL,91776,FAULT,11.2504,11.2546,-12.9199,-3.0000,0.00,4
TEL,91876,FAULT,11.2504,11.2507,-12.9199,-3.0000,0.00,4
TEL,91976,FAULT,11.2504,11.2504,-12.9199,-3.0000,0.00,4
TEL,92076,FAULT,11.6620,11.5961,-12.9199,-3.0000,0.00,4
TEL,92176,FAULT,11.6620,11.6185,-12.9199,-3.0000,0.00,4
TEL,92276,FAULT,11.6620,11.6592,-12.9199,-3.0000,0.00,4
TEL,92376,FAULT,11.6620,11.6616,-12.9199,-3.0000,0.00,4
TEL,92476,FAULT,11.5248,11.5796,-12.9199,-3.0000,0.00,4
TEL,92576,FAULT,11.6620,11.5665,-12.9199,-3.0000,0.00,4
TEL,92676,FAULT,11.6620,11.6559,-12.9199,-3.0000,0.00,4
TEL,92776,FAULT,11.6620,11.6610,-12.9199,-3.0000,0.00,4
TEL,92876,FAULT,11.6620,11.6619,-12.9199,-3.0000,0.00,4
TEL,92976,FAULT,11.6620,11.6620,-12.9199,-3.0000,0.00,4
TEL,93076,FAULT,11.2504,11.4150,-12.9199,-3.0000,0.00,4
TEL,93176,FAULT,11.2504,11.2767,-12.9199,-3.0000,0.00,4
TEL,93276,FAULT,11.2504,11.2587,-12.9199,-3.0000,0.00,4
TEL,93376,FAULT,11.2504,11.2682,-12.9199,-3.0000,0.00,4
TEL,93476,FAULT,11.5934,11.4804,-12.9199,-3.0000,0.00,4
TEL,93576,FAULT,11.3190,11.4107,-12.9199,-3.0000,0.00,4
TEL,93676,FAULT,11.2504,11.2607,-12.9199,-3.0000,0.00,4
TEL,93776,FAULT,11.2504,11.2520,-12.9199,-3.0000,0.00,4
TEL,93876,FAULT,11.2504,11.2505,-12.9199,-3.0000,0.00,4
TEL,93976,FAULT,11.2504,11.2504,-12.9199,-3.0000,0.00,4
TEL,94076,FAULT,11.2504,11.2504,-12.9199,-3.0000,0.00,4
TEL,94176,FAULT,11.2504,11.2504,-12.9199,-3.0000,0.00,4
TEL,94276,FAULT,11.2504,11.2504,-12.9199,-3.0000,0.00,4
TEL,94376,FAULT,11.2504,11.2504,-12.9199,-3.0000,0.00,4
TEL,94476,FAULT,11.2504,11.2504,-12.9199,-3.0000,0.00,4
TEL,94576,FAULT,11.3190,11.2916,-12.9199,-3.0000,0.00,4
TEL,94676,FAULT,11.2504,11.2596,-12.9199,-3.0000,0.00,4
TEL,94776,FAULT,11.3190,11.2930,-12.9199,-3.0000,0.00,4
TEL,94876,FAULT,11.3190,11.3108,-12.9199,-3.0000,0.00,4
TEL,94976,FAULT,11.2504,11.2765,-12.9199,-3.0000,0.00,4
TEL,95076,FAULT,11.3190,11.2932,-12.9199,-3.0000,0.00,4
TEL,95176,FAULT,11.3190,11.3149,-12.9199,-3.0000,0.00,4
OK,stopped
