BALL_BEAM_BOOT
HELP,keys
STATE,SAFE_DISABLED
SENSORS,angle=bad,pos=bad,m=n
MEAS,theta_deg=0.0000,x_cm=0.0000,x_filt_cm=0.0000
AGE,angle_ms=0,pos_ms=0,miss=0
FAULTS,bits=0
CAL,zero_calibrated=no,limits_calibrated=no,sign_calibrated=no
SONAR_CFG,s=-1,u=1
ACT_CFG,t=0.0000,v=0,e=0.000
TEL,enabled=1
FAULT_INFO,bits=0
FAULT_INFO,none
TEL,350,SAFE_DISABLED,1.3480,2.2797,0.0000,0.0000,0.00,0,0.0000,4,1,0,0.0000,0.0000,0,-12.9199,0.0000,idle,1.3480,2.2797,1.3480,2.2797,2.2797,0.4000
TEL,450,SAFE_DISABLED,0.2192,1.2946,0.0000,0.0000,0.00,0,0.0000,33,1,0,0.0000,0.0000,0,-12.9199,0.0000,idle,0.2192,1.2946,0.2192,1.2946,1.2946,0.4000
TEL,550,SAFE_DISABLED,8.1823,2.9316,0.0000,0.0000,0.00,0,0.0000,13,1,0,0.0000,0.0000,0,-12.9199,0.0000,idle,8.1823,2.9316,8.1823,2.9316,2.9316,0.4000
TEL,650,SAFE_DISABLED,0.4550,1.7170,0.0000,0.0000,0.00,0,0.0000,34,1,0,0.0000,0.0000,0,-12.9199,0.0000,idle,0.4550,1.7170,0.4550,1.7170,1.7170,0.4000
TEL,750,SAFE_DISABLED,0.1395,0.6923,0.0000,0.0000,0.00,0,0.0000,14,1,0,0.0000,0.0000,0,-13.0078,0.0000,idle,0.1395,0.6923,0.1395,0.6923,0.6923,0.4000
TEL,850,SAFE_DISABLED,1.1320,2.3447,0.0000,0.0000,0.00,0,0.0000,34,1,0,0.0000,0.0000,0,-12.9199,0.0000,idle,1.1320,2.3447,1.1320,2.3447,2.3447,0.4000
TEL,950,SAFE_DISABLED,0.1395,0.9704,0.0000,0.0000,0.00,0,0.0000,14,1,0,0.0000,0.0000,0,-12.9199,0.0000,idle,0.1395,0.9704,0.1395,0.9704,0.9704,0.4000
TEL,1050,SAFE_DISABLED,8.3929,2.9716,0.0000,0.0000,0.00,0,0.0000,35,1,0,0.0000,0.0000,0,-12.9199,0.0000,idle,8.3929,2.9716,8.3929,2.9716,2.9716,0.4000
TEL,1150,SAFE_DISABLED,0.2984,1.4509,0.0000,0.0000,0.00,0,0.0000,15,1,0,0.0000,0.0000,0,-12.9199,0.0000,idle,0.2984,1.4509,0.2984,1.4509,1.4509,0.4000
TEL,1250,SAFE_DISABLED,0.1395,0.7821,0.0000,0.0000,0.00,0,0.0000,35,1,0,0.0000,0.0000,0,-12.9199,0.0000,idle,0.1395,0.7821,0.1395,0.7821,0.7821,0.4000
TEL,1350,SAFE_DISABLED,0.6093,1.9473,0.0000,0.0000,0.00,0,0.0000,15,1,0,0.0000,0.0000,0,-12.9199,0.0000,idle,0.6093,1.9473,0.6093,1.9473,1.9473,0.4000
TEL,1451,SAFE_DISABLED,0.1395,1.0421,0.0000,0.0000,0.00,0,0.0000,34,1,0,0.0000,0.0000,0,-12.9199,0.0000,idle,0.1395,1.0421,0.1395,1.0421,1.0421,0.4000
TEL,1551,SAFE_DISABLED,0.9853,0.9141,0.0000,0.0000,0.00,0,0.0000,13,1,0,0.0000,0.0000,0,-12.9199,0.0000,idle,0.9853,0.9141,0.9853,0.9141,0.9141,0.4000
TEL,1651,SAFE_DISABLED,0.4550,0.6471,0.0000,0.0000,0.00,0,0.0000,33,1,0,0.0000,0.0000,0,-12.9199,0.0000,idle,0.4550,0.6471,0.4550,0.6471,0.6471,0.4000
TEL,1751,SAFE_DISABLED,1.6291,2.4699,0.0000,0.0000,0.00,0,0.0000,13,1,0,0.0000,0.0000,0,-12.9199,0.0000,idle,1.6291,2.4699,1.6291,2.4699,2.4699,0.4000
TEL,1851,SAFE_DISABLED,0.2984,1.4911,0.0000,0.0000,0.00,0,0.0000,33,1,0,0.0000,0.0000,0,-12.9199,0.0000,idle,0.2984,1.4911,0.2984,1.4911,1.4911,0.4000
TEL,1951,SAFE_DISABLED,0.1395,0.7157,0.0000,0.0000,0.00,0,0.0000,13,1,0,0.0000,0.0000,0,-12.9199,0.0000,idle,0.1395,0.7157,0.1395,0.7157,0.7157,0.4000
TEL,2051,SAFE_DISABLED,0.1395,0.4218,0.0000,0.0000,0.00,0,0.0000,33,1,0,0.0000,0.0000,0,-12.9199,0.0000,idle,0.1395,0.4218,0.1395,0.4218,0.4218,0.4000
TEL,2151,SAFE_DISABLED,0.4550,0.3972,0.0000,0.0000,0.00,0,0.0000,13,1,0,0.0000,0.0000,0,-12.9199,0.0000,idle,0.4550,0.3972,0.4550,0.3972,0.3972,0.4000
TEL,2251,SAFE_DISABLED,0.4550,0.4267,0.0000,0.0000,0.00,0,0.0000,33,1,0,0.0000,0.0000,0,-12.9199,0.0000,idle,0.4550,0.4267,0.4550,0.4267,0.4267,0.4000
TEL,2351,SAFE_DISABLED,0.1395,0.3506,0.0000,0.0000,0.00,0,0.0000,13,1,0,0.0000,0.0000,0,-12.9199,0.0000,idle,0.1395,0.3506,0.1395,0.3506,0.3506,0.4000
TEL,2451,SAFE_DISABLED,0.4550,0.3376,0.0000,0.0000,0.00,0,0.0000,33,1,0,0.0000,0.0000,0,-13.0078,0.0000,idle,0.4550,0.3376,0.4550,0.3376,0.3376,0.4000
TEL,2551,SAFE_DISABLED,0.4550,0.4032,0.0000,0.0000,0.00,0,0.0000,13,1,0,0.0000,0.0000,0,-12.9199,0.0000,idle,0.4550,0.4032,0.4550,0.4032,0.4032,0.4000
TEL,2651,SAFE_DISABLED,0.3770,0.3231,0.0000,0.0000,0.00,0,0.0000,33,1,0,0.0000,0.0000,0,-12.9199,0.0000,idle,0.3770,0.3231,0.3770,0.3231,0.3231,0.4000
TEL,2751,SAFE_DISABLED,0.4550,0.4097,0.0000,0.0000,0.00,0,0.0000,13,1,0,0.0000,0.0000,0,-12.9199,0.0000,idle,0.4550,0.4097,0.4550,0.4097,0.4097,0.4000
TEL,2851,SAFE_DISABLED,0.4550,0.4328,0.0000,0.0000,0.00,0,0.0000,33,1,0,0.0000,0.0000,0,-12.9199,0.0000,idle,0.4550,0.4328,0.4550,0.4328,0.4328,0.4000
TEL,2951,SAFE_DISABLED,0.4550,0.3642,0.0000,0.0000,0.00,0,0.0000,13,1,0,0.0000,0.0000,0,-12.9199,0.0000,idle,0.4550,0.3642,0.4550,0.3642,0.3642,0.4000
TEL,3051,SAFE_DISABLED,0.4550,0.4105,0.0000,0.0000,0.00,0,0.0000,33,1,0,0.0000,0.0000,0,-12.9199,0.0000,idle,0.4550,0.4105,0.4550,0.4105,0.4105,0.4000
OK,stopped
TEL,3151,SAFE_DISABLED,0.3770,0.4163,0.0000,0.0000,0.00,0,0.0000,13,1,0,0.0000,0.0000,0,-13.0078,0.0000,idle,0.3770,0.4163,0.3770,0.4163,0.4163,0.4000
OK,driver_disabled
OK,cal_reset_saved
TEL,3251,SAFE_DISABLED,0.4550,0.5782,0.0000,0.0000,0.00,0,0.0000,33,1,0,0.0000,0.0000,0,-12.9199,0.0000,idle,0.4550,0.5782,0.4550,0.5782,0.5782,0.4000
TEL,3351,SAFE_DISABLED,0.0591,0.3621,0.0000,0.0000,0.00,0,0.0000,13,1,0,0.0000,0.0000,0,-12.9199,0.0000,idle,0.0591,0.3621,0.0591,0.3621,0.3621,0.4000
TEL,3451,SAFE_DISABLED,1.0589,1.0964,0.0000,0.0000,0.00,0,0.0000,33,1,0,0.0000,0.0000,0,-12.9199,0.0000,idle,1.0589,1.0964,1.0589,1.0964,1.0964,0.4000
TEL,3551,SAFE_DISABLED,0.4550,0.7089,0.0000,0.0000,0.00,0,0.0000,13,1,0,0.0000,0.0000,0,-12.9199,0.0000,idle,0.4550,0.7089,0.4550,0.7089,0.7089,0.4000
TEL,3651,SAFE_DISABLED,2.0363,2.5903,0.0000,0.0000,0.00,0,0.0000,33,1,0,0.0000,0.0000,0,-12.9199,0.0000,idle,2.0363,2.5903,2.0363,2.5903,2.5903,0.4000
TEL,3751,SAFE_DISABLED,0.4550,1.2869,0.0000,0.0000,0.00,0,0.0000,13,1,0,0.0000,0.0000,0,-12.9199,0.0000,idle,0.4550,1.2869,0.4550,1.2869,1.2869,0.4000
TEL,3851,SAFE_DISABLED,7.9960,3.1249,0.0000,0.0000,0.00,0,0.0000,33,1,0,0.0000,0.0000,0,-13.0078,0.0000,idle,7.9960,3.1249,7.9960,3.1249,3.1249,0.4000
TEL,3951,SAFE_DISABLED,0.6093,1.7157,0.0000,0.0000,0.00,0,0.0000,13,1,0,0.0000,0.0000,0,-12.9199,0.0000,idle,0.6093,1.7157,0.6093,1.7157,1.7157,0.4000
TEL,4051,SAFE_DISABLED,0.4550,1.0890,0.0000,0.0000,0.00,0,0.0000,33,1,0,0.0000,0.0000,0,-12.9199,0.0000,idle,0.4550,1.0890,0.4550,1.0890,1.0890,0.4000
TEL,4151,SAFE_DISABLED,0.9112,2.1950,0.0000,0.0000,0.00,0,0.0000,13,1,0,0.0000,0.0000,0,-13.0078,0.0000,idle,0.9112,2.1950,0.9112,2.1950,2.1950,0.4000
TEL,4251,SAFE_DISABLED,0.4550,1.3400,0.0000,0.0000,0.00,0,0.0000,33,1,0,0.0000,0.0000,0,-12.9199,0.0000,idle,0.4550,1.3400,0.4550,1.3400,1.3400,0.4000
TEL,4352,SAFE_DISABLED,1.4191,2.6833,0.0000,0.0000,0.00,0,0.0000,13,1,0,0.0000,0.0000,0,-12.9199,0.0000,idle,1.4191,2.6833,1.4191,2.6833,2.6833,0.4000
TEL,4452,SAFE_DISABLED,0.5324,1.6344,0.0000,0.0000,0.00,0,0.0000,33,1,0,0.0000,0.0000,0,-13.0078,0.0000,idle,0.5324,1.6344,0.5324,1.6344,1.6344,0.4000
TEL,4552,SAFE_DISABLED,8.2128,3.1869,0.0000,0.0000,0.00,0,0.0000,13,1,0,0.0000,0.0000,0,-12.9199,0.0000,idle,8.2128,3.1869,8.2128,3.1869,3.1869,0.4000
TEL,4652,SAFE_DISABLED,0.8365,1.9882,0.0000,0.0000,0.00,0,0.0000,33,1,0,0.0000,0.0000,0,-12.9199,0.0000,idle,0.8365,1.9882,0.8365,1.9882,1.9882,0.4000
TEL,4752,SAFE_DISABLED,0.2192,0.9328,0.0000,0.0000,0.00,0,0.0000,13,1,0,0.0000,0.0000,0,-12.9199,0.0000,idle,0.2192,0.9328,0.2192,0.9328,0.9328,0.4000
TEL,4852,SAFE_DISABLED,1.4191,2.6699,0.0000,0.0000,0.00,0,0.0000,33,1,0,0.0000,0.0000,0,-12.9199,0.0000,idle,1.4191,2.6699,1.4191,2.6699,2.6699,0.4000
TEL,4952,SAFE_DISABLED,0.4550,1.2649,0.0000,0.0000,0.00,0,0.0000,14,1,0,0.0000,0.0000,0,-12.9199,0.0000,idle,0.4550,1.2649,0.4550,1.2649,1.2649,0.4000
TEL,5052,SAFE_DISABLED,8.5392,3.2607,0.0000,0.0000,0.00,0,0.0000,34,1,0,0.0000,0.0000,0,-12.9199,0.0000,idle,8.5392,3.2607,8.5392,3.2607,3.2607,0.4000
TEL,5152,SAFE_DISABLED,0.5324,1.6203,0.0000,0.0000,0.00,0,0.0000,14,1,0,0.0000,0.0000,0,-13.0078,0.0000,idle,0.5324,1.6203,0.5324,1.6203,1.6203,0.4000
TEL,5252,SAFE_DISABLED,0.4550,0.9765,0.0000,0.0000,0.00,0,0.0000,35,1,0,0.0000,0.0000,0,-12.9199,0.0000,idle,0.4550,0.9765,0.4550,0.9765,0.9765,0.4000
TEL,5352,SAFE_DISABLED,0.6093,2.0325,0.0000,0.0000,0.00,0,0.0000,14,1,0,0.0000,0.0000,0,-12.9199,0.0000,idle,0.6093,2.0325,0.6093,2.0325,2.0325,0.4000
TEL,5452,SAFE_DISABLED,0.4550,1.2280,0.0000,0.0000,0.00,0,0.0000,34,1,0,0.0000,0.0000,0,-12.9199,0.0000,idle,0.4550,1.2280,0.4550,1.2280,1.2280,0.4000
TEL,5552,SAFE_DISABLED,0.9853,2.2918,0.0000,0.0000,0.00,0,0.0000,15,1,0,0.0000,0.0000,0,-12.9199,0.0000,idle,0.9853,2.2918,0.9853,2.2918,2.2918,0.4000
TEL,5652,SAFE_DISABLED,0.5324,1.4267,0.0000,0.0000,0.00,0,0.0000,35,1,0,0.0000,0.0000,0,-12.9199,0.0000,idle,0.5324,1.4267,0.5324,1.4267,1.4267,0.4000
TEL,5752,SAFE_DISABLED,3.1632,1.5512,0.0000,0.0000,0.00,0,0.0000,15,1,0,0.0000,0.0000,0,-12.9199,0.0000,idle,3.1632,1.5512,3.1632,1.5512,1.5512,0.4000
TEL,5852,SAFE_DISABLED,0.6856,1.1881,0.0000,0.0000,0.00,0,0.0000,35,1,0,0.0000,0.0000,0,-12.9199,0.0000,idle,0.6856,1.1881,0.6856,1.1881,1.1881,0.4000
TEL,5953,SAFE_DISABLED,8.0898,3.0083,0.0000,0.0000,0.00,0,0.0000,14,1,0,0.0000,0.0000,0,-12.9199,0.0000,idle,8.0898,3.0083,8.0898,3.0083,3.0083,0.4000
ERR,sonar_not_ready
TEL,6420,SAFE_DISABLED,0.9112,0.8725,0.0000,0.0000,0.00,0,0.0000,0,1,0,0.0000,0.0000,0,-12.9199,0.0000,idle,0.9112,0.8725,0.9112,0.8725,0.8725,0.4000
OK,cal_limit_down_set=0.000000
CAL_LIMITS,lower_deg=-6.464478,upper_deg=6.464478,limits_calibrated=no
TEL,6873,SAFE_DISABLED,1.1320,0.9530,0.0000,0.0000,0.00,0,0.0000,0,1,0,0.0000,0.0000,0,0.0090,6.4645,idle,1.1320,0.9530,1.1320,0.9530,0.9530,0.4000
TEL,6973,SAFE_DISABLED,0.7613,0.8710,0.0000,0.0000,0.00,0,0.0000,20,1,0,0.0000,0.0000,0,0.0090,6.4645,idle,0.7613,0.8710,0.7613,0.8710,0.8710,0.4000
TEL,7073,SAFE_DISABLED,1.2765,2.3621,0.0000,0.0000,0.00,0,0.0000,0,1,0,0.0000,0.0000,0,0.0090,6.4645,idle,1.2765,2.3621,1.2765,2.3621,2.3621,0.4000
TEL,7173,SAFE_DISABLED,0.8365,1.5997,0.0000,0.0000,0.00,0,0.0000,20,1,0,0.0000,0.0000,0,0.0090,6.4645,idle,0.8365,1.5997,0.8365,1.5997,1.5997,0.4000
TEL,7273,SAFE_DISABLED,8.4225,3.4705,0.0000,0.0000,0.00,0,0.0000,21,1,0,0.0000,0.0000,0,0.0090,6.4645,idle,8.4225,3.4705,8.4225,3.4705,3.4705,0.4000
TEL,7373,SAFE_DISABLED,0.9112,2.0311,0.0000,0.0000,0.00,0,0.0000,12,1,0,0.0000,0.0000,0,-0.0789,6.4645,idle,0.9112,2.0311,0.9112,2.0311,2.0311,0.4000
TEL,7473,SAFE_DISABLED,0.7613,1.3993,0.0000,0.0000,0.00,0,0.0000,34,1,0,0.0000,0.0000,0,0.0090,6.4645,idle,0.7613,1.3993,0.7613,1.3993,1.3993,0.4000
TEL,7573,SAFE_DISABLED,1.2765,2.5389,0.0000,0.0000,0.00,0,0.0000,14,1,0,0.0000,0.0000,0,0.0090,6.4645,idle,1.2765,2.5389,1.2765,2.5389,2.5389,0.4000
TEL,7673,SAFE_DISABLED,0.8365,1.6864,0.0000,0.0000,0.00,0,0.0000,34,1,0,0.0000,0.0000,0,0.0090,6.4645,idle,0.8365,1.6864,0.8365,1.6864,1.6864,0.4000
TEL,7773,SAFE_DISABLED,1.9025,3.0174,0.0000,0.0000,0.00,0,0.0000,14,1,0,0.0000,0.0000,0,0.0090,6.4645,idle,1.9025,3.0174,1.9025,3.0174,3.0174,0.4000
TEL,7873,SAFE_DISABLED,0.9112,2.0048,0.0000,0.0000,0.00,0,0.0000,35,1,0,0.0000,0.0000,0,0.0090,6.4645,idle,0.9112,2.0048,0.9112,2.0048,2.0048,0.4000
TEL,7973,SAFE_DISABLED,8.2128,3.4343,0.0000,0.0000,0.00,0,0.0000,15,1,0,0.0000,0.0000,0,0.0090,6.4645,idle,8.2128,3.4343,8.2128,3.4343,3.4343,0.4000
TEL,8073,SAFE_DISABLED,1.2765,2.5211,0.0000,0.0000,0.00,0,0.0000,35,1,0,0.0000,0.0000,0,-0.0789,6.4645,idle,1.2765,2.5211,1.2765,2.5211,2.5211,0.4000
TEL,8173,SAFE_DISABLED,0.7613,1.4028,0.0000,0.0000,0.00,0,0.0000,14,1,0,0.0000,0.0000,0,0.0090,6.4645,idle,0.7613,1.4028,0.7613,1.4028,1.4028,0.4000
TEL,8273,SAFE_DISABLED,1.6291,2.9814,0.0000,0.0000,0.00,0,0.0000,33,1,0,0.0000,0.0000,0,-0.0789,6.4645,idle,1.6291,2.9814,1.6291,2.9814,2.9814,0.4000
TEL,8373,SAFE_DISABLED,3.2219,3.3260,0.0000,0.0000,0.00,0,0.0000,1,1,0,0.0000,0.0000,0,0.0090,6.4645,idle,3.2219,3.3260,3.2219,3.3260,3.3260,0.4000
TEL,8473,SAFE_DISABLED,0.9853,2.2233,0.0000,0.0000,0.00,0,0.0000,20,1,0,0.0000,0.0000,0,0.0090,6.4645,idle,0.9853,2.2233,0.9853,2.2233,2.2233,0.4000
TEL,8574,SAFE_DISABLED,8.2128,3.5093,0.0000,0.0000,0.00,0,0.0000,0,1,0,0.0000,0.0000,0,0.0090,6.4645,idle,8.2128,3.5093,8.2128,3.5093,3.5093,0.4000
TEL,8674,SAFE_DISABLED,1.2045,2.5636,0.0000,0.0000,0.00,0,0.0000,20,1,0,0.0000,0.0000,0,0.0090,6.4645,idle,1.2045,2.5636,1.2045,2.5636,2.5636,0.4000
TEL,8774,SAFE_DISABLED,0.7613,1.4282,0.0000,0.0000,0.00,0,0.0000,0,1,0,0.0000,0.0000,0,0.0090,6.4645,idle,0.7613,1.4282,0.7613,1.4282,1.4282,0.4000
TEL,8875,SAFE_DISABLED,2.3631,3.0679,0.0000,0.0000,0.00,0,0.0000,20,1,0,0.0000,0.0000,0,-0.0789,6.4645,idle,2.3631,3.0679,2.3631,3.0679,3.0679,0.4000
TEL,8975,SAFE_DISABLED,0.8365,1.7136,0.0000,0.0000,0.00,0,0.0000,0,1,0,0.0000,0.0000,0,0.0090,6.4645,idle,0.8365,1.7136,0.8365,1.7136,1.7136,0.4000
TEL,9075,SAFE_DISABLED,8.0274,3.4077,0.0000,0.0000,0.00,0,0.0000,20,1,0,0.0000,0.0000,0,-0.0789,6.4645,idle,8.0274,3.4077,8.0274,3.4077,3.4077,0.4000
TEL,9175,SAFE_DISABLED,0.9853,1.9096,0.0000,0.0000,0.00,0,0.0000,0,1,0,0.0000,0.0000,0,0.0090,6.4645,idle,0.9853,1.9096,0.9853,1.9096,1.9096,0.4000
TEL,9275,SAFE_DISABLED,0.8365,1.3623,0.0000,0.0000,0.00,0,0.0000,20,1,0,0.0000,0.0000,0,0.0090,6.4645,idle,0.8365,1.3623,0.8365,1.3623,1.3623,0.4000
TEL,9375,SAFE_DISABLED,0.7613,0.9785,0.0000,0.0000,0.00,0,0.0000,0,1,0,0.0000,0.0000,0,0.0090,6.4645,idle,0.7613,0.9785,0.7613,0.9785,0.9785,0.4000
TEL,9475,SAFE_DISABLED,0.7613,0.8677,0.0000,0.0000,0.00,0,0.0000,20,1,0,0.0000,0.0000,0,0.0090,6.4645,idle,0.7613,0.8677,0.7613,0.8677,0.8677,0.4000
TEL,9575,SAFE_DISABLED,0.7613,0.8089,0.0000,0.0000,0.00,0,0.0000,0,1,0,0.0000,0.0000,0,0.0090,6.4645,idle,0.7613,0.8089,0.7613,0.8089,0.8089,0.4000
TEL,9675,SAFE_DISABLED,0.7613,0.7846,0.0000,0.0000,0.00,0,0.0000,20,1,0,0.0000,0.0000,0,-0.0789,6.4645,idle,0.7613,0.7846,0.7613,0.7846,0.7846,0.4000
TEL,9775,SAFE_DISABLED,0.7613,0.7804,0.0000,0.0000,0.00,0,0.0000,0,1,0,0.0000,0.0000,0,-0.0789,6.4645,idle,0.7613,0.7804,0.7613,0.7804,0.7804,0.4000
TEL,9875,SAFE_DISABLED,0.7613,0.7707,0.0000,0.0000,0.00,0,0.0000,20,1,0,0.0000,0.0000,0,-0.0789,6.4645,idle,0.7613,0.7707,0.7613,0.7707,0.7707,0.4000
TEL,9975,SAFE_DISABLED,1.0589,0.9163,0.0000,0.0000,0.00,0,0.0000,0,1,0,0.0000,0.0000,0,-0.0789,6.4645,idle,1.0589,0.9163,1.0589,0.9163,0.9163,0.4000
TEL,10075,SAFE_DISABLED,1.0589,0.9890,0.0000,0.0000,0.00,0,0.0000,20,1,0,0.0000,0.0000,0,-0.0789,6.4645,idle,1.0589,0.9890,1.0589,0.9890,0.9890,0.4000
TEL,10175,SAFE_DISABLED,0.7613,0.9019,0.0000,0.0000,0.00,0,0.0000,0,1,0,0.0000,0.0000,0,-0.2546,6.4645,idle,0.7613,0.9019,0.7613,0.9019,0.9019,0.4000
TEL,10275,SAFE_DISABLED,1.0589,0.9195,0.0000,0.0000,0.00,0,0.0000,20,1,0,0.0000,0.0000,0,-0.3425,6.4645,idle,1.0589,0.9195,1.0589,0.9195,0.9195,0.4000
TEL,10375,SAFE_DISABLED,1.0589,0.9048,0.0000,0.0000,0.00,0,0.0000,0,1,0,0.0000,0.0000,0,-0.5183,6.4645,idle,1.0589,0.9048,1.0589,0.9048,0.9048,0.4000
TEL,10475,SAFE_DISABLED,0.7613,0.8316,0.0000,0.0000,0.00,0,0.0000,20,1,0,0.0000,0.0000,0,-0.8699,6.4645,idle,0.7613,0.8316,0.7613,0.8316,0.8316,0.4000
TEL,10575,SAFE_DISABLED,1.0589,0.9917,0.0000,0.0000,0.00,0,0.0000,0,1,0,0.0000,0.0000,0,-3.6824,6.4645,idle,1.0589,0.9917,1.0589,0.9917,0.9917,0.4000
TEL,10675,SAFE_DISABLED,1.0589,1.0260,0.0000,0.0000,0.00,0,0.0000,20,1,0,0.0000,0.0000,0,-6.3191,6.4645,idle,1.0589,1.0260,1.0589,1.0260,1.0260,0.4000
TEL,10775,SAFE_DISABLED,2.4271,2.9731,0.0000,0.0000,0.00,0,0.0000,0,1,0,0.0000,0.0000,0,-10.3621,6.4645,idle,2.4271,2.9731,2.4271,2.9731,2.9731,0.4000
TEL,10875,SAFE_DISABLED,1.2765,2.1673,0.0000,0.0000,0.00,0,0.0000,20,1,0,0.0000,0.0000,0,-19.2390,6.4645,idle,1.2765,2.1673,1.2765,2.1673,2.1673,0.4000
TEL,10975,SAFE_DISABLED,8.2734,4.7725,0.0000,0.0000,0.00,0,0.0000,0,1,0,0.0000,0.0000,0,-20.7332,6.4645,idle,8.2734,4.7725,8.2734,4.7725,4.7725,0.4000
TEL,11075,SAFE_DISABLED,1.5596,3.3027,0.0000,0.0000,0.00,0,0.0000,20,1,0,0.0000,0.0000,0,-20.7332,6.4645,idle,1.5596,3.3027,1.5596,3.3027,3.3027,0.4000
TEL,11175,SAFE_DISABLED,1.0589,1.8758,0.0000,0.0000,0.00,0,0.0000,0,1,0,0.0000,0.0000,0,-20.9968,6.4645,idle,1.0589,1.8758,1.0589,1.8758,1.8758,0.4000
TEL,11275,SAFE_DISABLED,2.2986,3.3836,0.0000,0.0000,0.00,0,0.0000,20,1,0,0.0000,0.0000,0,-24.6882,6.4645,idle,2.2986,3.3836,2.2986,3.3836,3.3836,0.4000
TEL,11375,SAFE_DISABLED,1.1320,1.9824,0.0000,0.0000,0.00,0,0.0000,0,1,0,0.0000,0.0000,0,-24.7761,6.4645,idle,1.1320,1.9824,1.1320,1.9824,1.9824,0.4000
TEL,11475,SAFE_DISABLED,8.5102,3.7468,0.0000,0.0000,0.00,0,0.0000,20,1,0,0.0000,0.0000,0,-24.7761,6.4645,idle,8.5102,3.7468,8.5102,3.7468,3.7468,0.4000
TEL,11575,SAFE_DISABLED,0.9112,1.9885,0.0000,0.0000,0.00,0,0.0000,0,1,0,0.0000,0.0000,0,-30.5769,6.4645,idle,0.9112,1.9885,0.9112,1.9885,1.9885,0.4000
TEL,11675,SAFE_DISABLED,1.0589,1.5297,0.0000,0.0000,0.00,0,0.0000,20,1,0,0.0000,0.0000,0,-43.8484,6.4645,idle,1.0589,1.5297,1.0589,1.5297,1.5297,0.4000
TEL,11776,SAFE_DISABLED,1.4896,2.7492,0.0000,0.0000,0.00,0,0.0000,0,1,0,0.0000,0.0000,0,-44.0242,6.4645,idle,1.4896,2.7492,1.4896,2.7492,2.7492,0.4000
TEL,11876,SAFE_DISABLED,0.8365,1.7894,0.0000,0.0000,0.00,0,0.0000,20,1,0,0.0000,0.0000,0,-44.1121,6.4645,idle,0.8365,1.7894,0.8365,1.7894,1.7894,0.4000
TEL,11976,SAFE_DISABLED,1.9025,3.1865,0.0000,0.0000,0.00,0,0.0000,0,1,0,0.0000,0.0000,0,-44.3757,6.4645,idle,1.9025,3.1865,1.9025,3.1865,3.1865,0.4000
TEL,12076,SAFE_DISABLED,0.2984,1.8423,0.0000,0.0000,0.00,0,0.0000,20,1,0,0.0000,0.0000,0,-44.3757,6.4645,idle,0.2984,1.8423,0.2984,1.8423,1.8423,0.4000
TEL,12176,SAFE_DISABLED,7.8042,4.2828,0.0000,0.0000,0.00,0,0.0000,0,1,0,0.0000,0.0000,0,-44.3757,6.4645,idle,7.8042,4.2828,7.8042,4.2828,4.2828,0.4000
TEL,12276,SAFE_DISABLED,0.2984,2.4712,0.0000,0.0000,0.00,0,0.0000,20,1,0,0.0000,0.0000,0,-44.3757,6.4645,idle,0.2984,2.4712,0.2984,2.4712,2.4712,0.4000
TEL,12376,SAFE_DISABLED,-0.4360,0.5788,0.0000,0.0000,0.00,0,0.0000,0,1,0,0.0000,0.0000,0,-44.3757,6.4645,idle,-0.4360,0.5788,-0.4360,0.5788,0.5788,0.4000
TEL,12476,SAFE_DISABLED,0.6856,2.2204,0.0000,0.0000,0.00,0,0.0000,20,1,0,0.0000,0.0000,0,-44.2878,6.4645,idle,0.6856,2.2204,0.6856,2.2204,2.2204,0.4000
TEL,12576,SAFE_DISABLED,0.4550,1.0162,0.0000,0.0000,0.00,0,0.0000,0,1,0,0.0000,0.0000,0,-44.2878,6.4645,idle,0.4550,1.0162,0.4550,1.0162,1.0162,0.4000
TEL,12676,SAFE_DISABLED,8.6538,3.3164,0.0000,0.0000,0.00,0,0.0000,21,1,0,0.0000,0.0000,0,-44.2878,6.4645,idle,8.6538,3.3164,8.6538,3.3164,3.3164,0.4000
TEL,12776,SAFE_DISABLED,4.7255,3.7471,0.0000,0.0000,0.00,0,0.0000,1,1,0,0.0000,0.0000,0,-44.2878,6.4645,idle,4.7255,3.7471,4.7255,3.7471,3.7471,0.4000
TEL,12876,SAFE_DISABLED,6.6775,5.0083,0.0000,0.0000,0.00,0,0.0000,21,1,0,0.0000,0.0000,0,-44.2878,6.4645,idle,6.6775,5.0083,6.6775,5.0083,5.0083,0.4000
TEL,12976,SAFE_DISABLED,9.9250,7.8650,0.0000,0.0000,0.00,0,0.0000,2,1,0,0.0000,0.0000,0,-44.2878,6.4645,idle,9.9250,7.8650,9.9250,7.8650,7.8650,0.4000
TEL,13076,SAFE_DISABLED,9.9250,7.8650,0.0000,0.0000,0.00,0,0.0000,102,1,2,0.0000,0.0000,0,-44.3757,6.4645,idle,9.9250,7.8650,9.9250,7.8650,7.8650,0.4000
TEL,13176,SAFE_DISABLED,9.9250,7.8650,0.0000,0.0000,0.00,0,0.0000,202,1,5,0.0000,0.0000,0,-44.3757,6.4645,idle,9.9250,7.8650,9.9250,7.8650,7.8650,0.4000
TEL,13276,SAFE_DISABLED,9.0916,8.5813,0.0000,0.0000,0.00,0,0.0000,22,1,0,0.0000,0.0000,0,-44.3757,6.4645,idle,9.0916,8.5813,9.0916,8.5813,8.5813,0.4000
TEL,13377,SAFE_DISABLED,9.0916,8.5813,0.0000,0.0000,0.00,0,0.0000,123,1,3,0.0000,0.0000,0,-44.8152,6.4645,idle,9.0916,8.5813,9.0916,8.5813,8.5813,0.4000
TEL,13477,SAFE_DISABLED,9.0916,8.5813,0.0000,0.0000,0.00,0,0.0000,223,1,5,0.0000,0.0000,0,-46.2214,6.4645,idle,9.0916,8.5813,9.0916,8.5813,8.5813,0.4000
TEL,13577,SAFE_DISABLED,9.0916,8.5813,0.0000,0.0000,0.00,0,0.0000,323,1,8,0.0000,0.0000,0,-49.9128,6.4645,idle,9.0916,8.5813,9.0916,8.5813,8.5813,0.4000
TEL,13677,SAFE_DISABLED,9.0916,8.5813,0.0000,0.0000,0.00,0,0.0000,423,1,10,0.0000,0.0000,0,-53.4285,6.4645,idle,9.0916,8.5813,9.0916,8.5813,8.5813,0.4000
TEL,13777,SAFE_DISABLED,9.0916,8.5813,0.0000,0.0000,0.00,0,0.0000,523,1,13,0.0000,0.0000,0,-53.4285,6.4645,idle,9.0916,8.5813,9.0916,8.5813,8.5813,0.4000
TEL,13877,SAFE_DISABLED,9.0916,8.5813,0.0000,0.0000,0.00,0,0.0000,623,1,15,0.0000,0.0000,0,-58.4382,6.4645,idle,9.0916,8.5813,9.0916,8.5813,8.5813,0.4000
TEL,13977,SAFE_DISABLED,9.0916,8.5813,0.0000,0.0000,0.00,0,0.0000,723,1,18,0.0000,0.0000,0,-58.6140,6.4645,idle,9.0916,8.5813,9.0916,8.5813,8.5813,0.4000
TEL,14077,SAFE_DISABLED,9.8562,9.2602,0.0000,0.0000,0.00,0,0.0000,21,1,0,0.0000,0.0000,0,-58.7019,6.4645,idle,9.8562,9.2602,9.8562,9.2602,9.2602,0.4000
TEL,14177,SAFE_DISABLED,9.8562,9.2602,0.0000,0.0000,0.00,0,0.0000,121,1,3,0.0000,0.0000,0,-60.7234,6.4645,idle,9.8562,9.2602,9.8562,9.2602,9.2602,0.4000
TEL,14277,SAFE_DISABLED,9.8562,9.2602,0.0000,0.0000,0.00,0,0.0000,221,1,5,0.0000,0.0000,0,-61.1628,6.4645,idle,9.8562,9.2602,9.8562,9.2602,9.2602,0.4000
TEL,14377,SAFE_DISABLED,9.8562,9.2602,0.0000,0.0000,0.00,0,0.0000,321,1,8,0.0000,0.0000,0,-63.7996,6.4645,idle,9.8562,9.2602,9.8562,9.2602,9.2602,0.4000
TEL,14477,SAFE_DISABLED,9.8562,9.2602,0.0000,0.0000,0.00,0,0.0000,421,1,10,0.0000,0.0000,0,-63.7996,6.4645,idle,9.8562,9.2602,9.8562,9.2602,9.2602,0.4000
TEL,14577,SAFE_DISABLED,9.8562,9.2602,0.0000,0.0000,0.00,0,0.0000,521,1,13,0.0000,0.0000,0,-63.7996,6.4645,idle,9.8562,9.2602,9.8562,9.2602,9.2602,0.4000
TEL,14678,SAFE_DISABLED,9.8562,9.2602,0.0000,0.0000,0.00,0,0.0000,621,1,15,0.0000,0.0000,0,-63.7996,6.4645,idle,9.8562,9.2602,9.8562,9.2602,9.2602,0.4000
TEL,14778,SAFE_DISABLED,9.6207,9.3683,0.0000,0.0000,0.00,0,0.0000,1,1,0,0.0000,0.0000,0,-63.7996,6.4645,idle,9.6207,9.3683,9.6207,9.3683,9.3683,0.4000
TEL,14878,SAFE_DISABLED,9.9477,9.5901,0.0000,0.0000,0.00,0,0.0000,21,1,0,0.0000,0.0000,0,-63.7996,6.4645,idle,9.9477,9.5901,9.9477,9.5901,9.5901,0.4000
TEL,14978,SAFE_DISABLED,9.9477,9.5901,0.0000,0.0000,0.00,0,0.0000,121,1,3,0.0000,0.0000,0,-63.7996,6.4645,idle,9.9477,9.5901,9.9477,9.5901,9.5901,0.4000
TEL,15078,SAFE_DISABLED,9.9477,9.5901,0.0000,0.0000,0.00,0,0.0000,221,1,5,0.0000,0.0000,0,-63.7996,6.4645,idle,9.9477,9.5901,9.9477,9.5901,9.5901,0.4000
TEL,15178,SAFE_DISABLED,9.9477,9.5901,0.0000,0.0000,0.00,0,0.0000,321,1,8,0.0000,0.0000,0,-63.7996,6.4645,idle,9.9477,9.5901,9.9477,9.5901,9.5901,0.4000
TEL,15278,SAFE_DISABLED,9.8099,9.7216,0.0000,0.0000,0.00,0,0.0000,21,1,0,0.0000,0.0000,0,-63.7996,6.4645,idle,9.8099,9.7216,9.8099,9.7216,9.7216,0.4000
TEL,15378,SAFE_DISABLED,9.9477,9.7894,0.0000,0.0000,0.00,0,0.0000,41,1,1,0.0000,0.0000,0,-63.8875,6.4645,idle,9.9477,9.7894,9.9477,9.7894,9.7894,0.4000
TEL,15478,SAFE_DISABLED,9.9477,9.8369,0.0000,0.0000,0.00,0,0.0000,21,1,0,0.0000,0.0000,0,-63.8875,6.4645,idle,9.9477,9.8369,9.9477,9.8369,9.8369,0.4000
TEL,15578,SAFE_DISABLED,9.8562,9.8544,0.0000,0.0000,0.00,0,0.0000,1,1,0,0.0000,0.0000,0,-63.8875,6.4645,idle,9.8562,9.8544,9.8562,9.8544,9.8544,0.4000
TEL,15678,SAFE_DISABLED,9.8562,9.8544,0.0000,0.0000,0.00,0,0.0000,101,1,2,0.0000,0.0000,0,-63.8875,6.4645,idle,9.8562,9.8544,9.8562,9.8544,9.8544,0.4000
TEL,15778,SAFE_DISABLED,9.9022,9.8836,0.0000,0.0000,0.00,0,0.0000,1,1,0,0.0000,0.0000,0,-63.8875,6.4645,idle,9.9022,9.8836,9.9022,9.8836,9.8836,0.4000
TEL,15878,SAFE_DISABLED,9.8562,9.8696,0.0000,0.0000,0.00,0,0.0000,21,1,0,0.0000,0.0000,0,-63.8875,6.4645,idle,9.8562,9.8696,9.8562,9.8696,9.8696,0.4000
TEL,15978,SAFE_DISABLED,9.8562,9.8608,0.0000,0.0000,0.00,0,0.0000,1,1,0,0.0000,0.0000,0,-63.8875,6.4645,idle,9.8562,9.8608,9.8562,9.8608,9.8608,0.4000
TEL,16078,SAFE_DISABLED,9.8562,9.8585,0.0000,0.0000,0.00,0,0.0000,21,1,0,0.0000,0.0000,0,-63.8875,6.4645,idle,9.8562,9.8585,9.8562,9.8585,9.8585,0.4000
TEL,16178,SAFE_DISABLED,9.8562,9.8570,0.0000,0.0000,0.00,0,0.0000,1,1,0,0.0000,0.0000,0,-63.8875,6.4645,idle,9.8562,9.8570,9.8562,9.8570,9.8570,0.4000
TEL,16278,SAFE_DISABLED,9.8562,9.8566,0.0000,0.0000,0.00,0,0.0000,21,1,0,0.0000,0.0000,0,-63.8875,6.4645,idle,9.8562,9.8566,9.8562,9.8566,9.8566,0.4000
TEL,16378,SAFE_DISABLED,9.8562,9.8597,0.0000,0.0000,0.00,0,0.0000,1,1,0,0.0000,0.0000,0,-63.7996,6.4645,idle,9.8562,9.8597,9.8562,9.8597,9.8597,0.4000
TEL,16478,SAFE_DISABLED,9.8331,9.8510,0.0000,0.0000,0.00,0,0.0000,21,1,0,0.0000,0.0000,0,-63.7117,6.4645,idle,9.8331,9.8510,9.8331,9.8510,9.8510,0.4000
TEL,16578,SAFE_DISABLED,9.8562,9.8544,0.0000,0.0000,0.00,0,0.0000,1,1,0,0.0000,0.0000,0,-63.6238,6.4645,idle,9.8562,9.8544,9.8562,9.8544,9.8544,0.4000
TEL,16678,SAFE_DISABLED,9.8562,9.8554,0.0000,0.0000,0.00,0,0.0000,21,1,0,0.0000,0.0000,0,-63.5359,6.4645,idle,9.8562,9.8554,9.8562,9.8554,9.8554,0.4000
TEL,16778,SAFE_DISABLED,9.8562,9.8559,0.0000,0.0000,0.00,0,0.0000,1,1,0,0.0000,0.0000,0,-63.5359,6.4645,idle,9.8562,9.8559,9.8562,9.8559,9.8559,0.4000
TEL,16878,SAFE_DISABLED,9.8562,9.8561,0.0000,0.0000,0.00,0,0.0000,21,1,0,0.0000,0.0000,0,-63.5359,6.4645,idle,9.8562,9.8561,9.8562,9.8561,9.8561,0.4000
TEL,16978,SAFE_DISABLED,9.8562,9.8562,0.0000,0.0000,0.00,0,0.0000,1,1,0,0.0000,0.0000,0,-63.5359,6.4645,idle,9.8562,9.8562,9.8562,9.8562,9.8562,0.4000
TEL,17078,SAFE_DISABLED,9.8562,9.8562,0.0000,0.0000,0.00,0,0.0000,21,1,0,0.0000,0.0000,0,-63.5359,6.4645,idle,9.8562,9.8562,9.8562,9.8562,9.8562,0.4000
TEL,17178,SAFE_DISABLED,9.8562,9.8562,0.0000,0.0000,0.00,0,0.0000,1,1,0,0.0000,0.0000,0,-63.5359,6.4645,idle,9.8562,9.8562,9.8562,9.8562,9.8562,0.4000
TEL,17278,SAFE_DISABLED,9.8562,9.8562,0.0000,0.0000,0.00,0,0.0000,21,1,0,0.0000,0.0000,0,-63.5359,6.4645,idle,9.8562,9.8562,9.8562,9.8562,9.8562,0.4000
TEL,17378,SAFE_DISABLED,9.8562,9.8562,0.0000,0.0000,0.00,0,0.0000,41,1,1,0.0000,0.0000,0,-63.5359,6.4645,idle,9.8562,9.8562,9.8562,9.8562,9.8562,0.4000
TEL,17478,SAFE_DISABLED,9.9929,9.8972,0.0000,0.0000,0.00,0,0.0000,21,1,0,0.0000,0.0000,0,-63.5359,6.4645,idle,9.9929,9.8972,9.9929,9.8972,9.8972,0.4000
TEL,17579,SAFE_DISABLED,9.8562,9.8819,0.0000,0.0000,0.00,0,0.0000,1,1,0,0.0000,0.0000,0,-63.5359,6.4645,idle,9.8562,9.8819,9.8562,9.8819,9.8819,0.4000
TEL,17679,SAFE_DISABLED,9.8562,9.8819,0.0000,0.0000,0.00,0,0.0000,101,1,2,0.0000,0.0000,0,-63.5359,6.4645,idle,9.8562,9.8819,9.8562,9.8819,9.8819,0.4000
TEL,17779,SAFE_DISABLED,9.8792,9.8850,0.0000,0.0000,0.00,0,0.0000,1,1,0,0.0000,0.0000,0,-63.5359,6.4645,idle,9.8792,9.8850,9.8792,9.8850,9.8850,0.4000
TEL,17879,SAFE_DISABLED,9.8562,9.8763,0.0000,0.0000,0.00,0,0.0000,61,1,1,0.0000,0.0000,0,-63.5359,6.4645,idle,9.8562,9.8763,9.8562,9.8763,9.8763,0.4000
TEL,17979,SAFE_DISABLED,9.9250,9.8963,0.0000,0.0000,0.00,0,0.0000,1,1,0,0.0000,0.0000,0,-63.5359,6.4645,idle,9.9250,9.8963,9.9250,9.8963,9.8963,0.4000
TEL,18079,SAFE_DISABLED,9.8562,9.8807,0.0000,0.0000,0.00,0,0.0000,21,1,0,0.0000,0.0000,0,-63.5359,6.4645,idle,9.8562,9.8807,9.8562,9.8807,9.8807,0.4000
TEL,18179,SAFE_DISABLED,9.9929,9.9144,0.0000,0.0000,0.00,0,0.0000,80,1,2,0.0000,0.0000,0,-63.5359,6.4645,idle,9.9929,9.9144,9.9929,9.9144,9.9144,0.4000
TEL,18279,SAFE_DISABLED,9.8792,9.9061,0.0000,0.0000,0.00,0,0.0000,20,1,0,0.0000,0.0000,0,-63.5359,6.4645,idle,9.8792,9.9061,9.8792,9.9061,9.9061,0.4000
TEL,18379,SAFE_DISABLED,9.8792,9.8980,0.0000,0.0000,0.00,0,0.0000,80,1,2,0.0000,0.0000,0,-63.5359,6.4645,idle,9.8792,9.8980,9.8792,9.8980,9.8980,0.4000
TEL,18479,SAFE_DISABLED,9.9250,9.9061,0.0000,0.0000,0.00,0,0.0000,20,1,0,0.0000,0.0000,0,-63.5359,6.4645,idle,9.9250,9.9061,9.9250,9.9061,9.9061,0.4000
TEL,18579,SAFE_DISABLED,9.8562,9.8801,0.0000,0.0000,0.00,0,0.0000,0,1,0,0.0000,0.0000,0,-63.5359,6.4645,idle,9.8562,9.8801,9.8562,9.8801,9.8801,0.4000
TEL,18679,SAFE_DISABLED,9.8562,9.8801,0.0000,0.0000,0.00,0,0.0000,100,1,2,0.0000,0.0000,0,-63.5359,6.4645,idle,9.8562,9.8801,9.8562,9.8801,9.8801,0.4000
TEL,18779,SAFE_DISABLED,9.8562,9.8692,0.0000,0.0000,0.00,0,0.0000,0,1,0,0.0000,0.0000,0,-63.5359,6.4645,idle,9.8562,9.8692,9.8562,9.8692,9.8692,0.4000
OK,cal_limit_up_set=63.523010
WARN,retake_p
OK,as5600_sign=-1,sonar_sign=-1
INFO,limits_ok
CAL_LIMITS,lower_deg=-31.761505,upper_deg=31.761505,limits_calibrated=yes
TEL,19261,SAFE_DISABLED,4.4810,4.4942,0.0000,0.0000,0.00,0,0.0000,0,1,0,0.0000,0.0000,0,63.5359,31.7615,idle,4.4810,4.4942,4.4810,4.4942,4.4942,0.4000
TEL,19361,SAFE_DISABLED,4.4810,4.4942,0.0000,0.0000,0.00,0,0.0000,100,1,2,0.0000,0.0000,0,63.4480,31.7615,idle,4.4810,4.4942,4.4810,4.4942,4.4942,0.4000
TEL,19461,SAFE_DISABLED,4.4810,4.5005,0.0000,0.0000,0.00,0,0.0000,0,1,0,0.0000,0.0000,0,63.4480,31.7615,idle,4.4810,4.5005,4.4810,4.5005,4.5005,0.4000
TEL,19561,SAFE_DISABLED,4.4810,4.4946,0.0000,0.0000,0.00,0,0.0000,41,1,1,0.0000,0.0000,0,63.4480,31.7615,idle,4.4810,4.4946,4.4810,4.4946,4.4946,0.4000
TEL,19661,SAFE_DISABLED,4.5497,4.5112,0.0000,0.0000,0.00,0,0.0000,31,1,0,0.0000,0.0000,0,63.4480,31.7615,idle,4.5497,4.5112,4.5497,4.5112,4.5112,0.4000
TEL,19761,SAFE_DISABLED,4.4810,4.4913,0.0000,0.0000,0.00,0,0.0000,0,1,0,0.0000,0.0000,0,63.5359,31.7615,idle,4.4810,4.4913,4.4810,4.4913,4.4913,0.4000
TEL,19861,SAFE_DISABLED,4.4810,4.4861,0.0000,0.0000,0.00,0,0.0000,20,1,0,0.0000,0.0000,0,63.4480,31.7615,idle,4.4810,4.4861,4.4810,4.4861,4.4861,0.4000
TEL,19961,SAFE_DISABLED,4.4810,4.4861,0.0000,0.0000,0.00,0,0.0000,0,1,0,0.0000,0.0000,0,63.5359,31.7615,idle,4.4810,4.4861,4.4810,4.4861,4.4861,0.4000
TEL,20061,SAFE_DISABLED,4.4810,4.4835,0.0000,0.0000,0.00,0,0.0000,20,1,0,0.0000,0.0000,0,63.4480,31.7615,idle,4.4810,4.4835,4.4810,4.4835,4.4835,0.4000
TEL,20162,SAFE_DISABLED,4.4810,4.4818,0.0000,0.0000,0.00,0,0.0000,1,1,0,0.0000,0.0000,0,63.4480,31.7615,idle,4.4810,4.4818,4.4810,4.4818,4.4818,0.4000
TEL,20262,SAFE_DISABLED,4.4810,4.4818,0.0000,0.0000,0.00,0,0.0000,101,1,2,0.0000,0.0000,0,63.4480,31.7615,idle,4.4810,4.4818,4.4810,4.4818,4.4818,0.4000
TEL,20362,SAFE_DISABLED,4.5040,4.4979,0.0000,0.0000,0.00,0,0.0000,1,1,0,0.0000,0.0000,0,63.4480,31.7615,idle,4.5040,4.4979,4.5040,4.4979,4.4979,0.4000
TEL,20462,SAFE_DISABLED,4.4810,4.4929,0.0000,0.0000,0.00,0,0.0000,61,1,1,0.0000,0.0000,0,63.4480,31.7615,idle,4.4810,4.4929,4.4810,4.4929,4.4929,0.4000
TEL,20562,SAFE_DISABLED,4.5269,4.5245,0.0000,0.0000,0.00,0,0.0000,1,1,0,0.0000,0.0000,0,63.5359,31.7615,idle,4.5269,4.5245,4.5269,4.5245,4.5245,0.4000
TEL,20662,SAFE_DISABLED,4.4810,4.5023,0.0000,0.0000,0.00,0,0.0000,21,1,0,0.0000,0.0000,0,63.4480,31.7615,idle,4.4810,4.5023,4.4810,4.5023,4.5023,0.4000
TEL,20762,SAFE_DISABLED,4.5951,4.5301,0.0000,0.0000,0.00,0,0.0000,1,1,0,0.0000,0.0000,0,63.4480,31.7615,idle,4.5951,4.5301,4.5951,4.5301,4.5301,0.4000
TEL,20862,SAFE_DISABLED,4.5040,4.5216,0.0000,0.0000,0.00,0,0.0000,21,1,0,0.0000,0.0000,0,63.2722,31.7615,idle,4.5040,4.5216,4.5040,4.5216,4.5216,0.4000
TEL,20962,SAFE_DISABLED,4.5497,4.5301,0.0000,0.0000,0.00,0,0.0000,81,1,2,0.0000,0.0000,0,60.3718,31.7615,idle,4.5497,4.5301,4.5497,4.5301,4.5301,0.4000
TEL,21062,SAFE_DISABLED,4.5497,4.5360,0.0000,0.0000,0.00,0,0.0000,21,1,0,0.0000,0.0000,0,48.9460,31.7615,idle,4.5497,4.5360,4.5497,4.5360,4.5360,0.4000
TEL,21163,SAFE_DISABLED,4.4810,4.5127,0.0000,0.0000,0.00,0,0.0000,41,1,1,0.0000,0.0000,0,44.8152,31.7615,idle,4.4810,4.5127,4.4810,4.5127,4.5127,0.4000
TEL,21263,SAFE_DISABLED,4.4810,4.5127,0.0000,0.0000,0.00,0,0.0000,141,1,3,0.0000,0.0000,0,36.0261,31.7615,idle,4.4810,4.5127,4.4810,4.5127,4.5127,0.4000
TEL,21363,SAFE_DISABLED,4.4810,4.5014,0.0000,0.0000,0.00,0,0.0000,1,1,0,0.0000,0.0000,0,34.3562,31.7615,idle,4.4810,4.5014,4.4810,4.5014,4.5014,0.4000
TEL,21463,SAFE_DISABLED,4.5724,4.5227,0.0000,0.0000,0.00,0,0.0000,61,1,1,0.0000,0.0000,0,27.4128,31.7615,idle,4.5724,4.5227,4.5724,4.5227,4.5227,0.4000
TEL,21563,SAFE_DISABLED,4.5951,4.5357,0.0000,0.0000,0.00,0,0.0000,1,1,0,0.0000,0.0000,0,25.8308,31.7615,idle,4.5951,4.5357,4.5951,4.5357,4.5357,0.4000
TEL,21663,SAFE_DISABLED,4.5951,4.5357,0.0000,0.0000,0.00,0,0.0000,101,1,2,0.0000,0.0000,0,23.8093,31.7615,idle,4.5951,4.5357,4.5951,4.5357,4.5357,0.4000
TEL,21763,SAFE_DISABLED,4.5951,4.5357,0.0000,0.0000,0.00,0,0.0000,201,1,5,0.0000,0.0000,0,23.8093,31.7615,idle,4.5951,4.5357,4.5951,4.5357,4.5357,0.4000
TEL,21863,SAFE_DISABLED,4.5951,4.5357,0.0000,0.0000,0.00,0,0.0000,301,1,7,0.0000,0.0000,0,23.8093,31.7615,idle,4.5951,4.5357,4.5951,4.5357,4.5357,0.4000
TEL,21963,SAFE_DISABLED,4.5951,4.5357,0.0000,0.0000,0.00,0,0.0000,401,1,10,0.0000,0.0000,0,20.6453,31.7615,idle,4.5951,4.5357,4.5951,4.5357,4.5357,0.4000
TEL,22063,SAFE_DISABLED,4.5951,4.5357,0.0000,0.0000,0.00,0,0.0000,501,1,12,0.0000,0.0000,0,20.4695,31.7615,idle,4.5951,4.5357,4.5951,4.5357,4.5357,0.4000
TEL,22163,SAFE_DISABLED,4.5951,4.5357,0.0000,0.0000,0.00,0,0.0000,601,1,15,0.0000,0.0000,0,20.3816,31.7615,idle,4.5951,4.5357,4.5951,4.5357,4.5357,0.4000
TEL,22263,SAFE_DISABLED,4.5951,4.5357,0.0000,0.0000,0.00,0,0.0000,701,1,17,0.0000,0.0000,0,20.3816,31.7615,idle,4.5951,4.5357,4.5951,4.5357,4.5357,0.4000
TEL,22363,SAFE_DISABLED,4.5951,4.5357,0.0000,0.0000,0.00,0,0.0000,801,1,20,0.0000,0.0000,0,20.3816,31.7615,idle,4.5951,4.5357,4.5951,4.5357,4.5357,0.4000
TEL,22463,SAFE_DISABLED,4.5951,4.5357,0.0000,0.0000,0.00,0,0.0000,901,1,22,0.0000,0.0000,0,20.4695,31.7615,idle,4.5951,4.5357,4.5951,4.5357,4.5357,0.4000
TEL,22563,SAFE_DISABLED,4.5951,4.5357,0.0000,0.0000,0.00,1,0.0000,1001,0,25,0.0000,0.0000,0,20.3816,31.7615,idle,4.5951,4.5357,4.5951,4.5357,4.5357,0.4000
TEL,22663,SAFE_DISABLED,4.5951,4.5357,0.0000,0.0000,0.00,1,0.0000,1101,0,27,0.0000,0.0000,0,20.4695,31.7615,idle,4.5951,4.5357,4.5951,4.5357,4.5357,0.4000
TEL,22763,SAFE_DISABLED,4.5951,4.5357,0.0000,0.0000,0.00,1,0.0000,1201,0,30,0.0000,0.0000,0,20.3816,31.7615,idle,4.5951,4.5357,4.5951,4.5357,4.5357,0.4000
TEL,22863,SAFE_DISABLED,4.5951,4.5357,0.0000,0.0000,0.00,1,0.0000,1301,0,32,0.0000,0.0000,0,20.3816,31.7615,idle,4.5951,4.5357,4.5951,4.5357,4.5357,0.4000
TEL,22963,SAFE_DISABLED,4.5951,4.5357,0.0000,0.0000,0.00,1,0.0000,1401,0,35,0.0000,0.0000,0,20.3816,31.7615,idle,4.5951,4.5357,4.5951,4.5357,4.5357,0.4000
TEL,23063,SAFE_DISABLED,4.5951,4.5357,0.0000,0.0000,0.00,1,0.0000,1501,0,37,0.0000,0.0000,0,20.3816,31.7615,idle,4.5951,4.5357,4.5951,4.5357,4.5357,0.4000
TEL,23163,SAFE_DISABLED,4.5951,4.5357,0.0000,0.0000,0.00,1,0.0000,1601,0,40,0.0000,0.0000,0,20.3816,31.7615,idle,4.5951,4.5357,4.5951,4.5357,4.5357,0.4000
TEL,23263,SAFE_DISABLED,4.5951,4.5357,0.0000,0.0000,0.00,1,0.0000,1701,0,42,0.0000,0.0000,0,20.3816,31.7615,idle,4.5951,4.5357,4.5951,4.5357,4.5357,0.4000
TEL,23363,SAFE_DISABLED,4.5951,4.5357,0.0000,0.0000,0.00,1,0.0000,1801,0,45,0.0000,0.0000,0,20.3816,31.7615,idle,4.5951,4.5357,4.5951,4.5357,4.5357,0.4000
TEL,23463,SAFE_DISABLED,4.5951,4.5357,0.0000,0.0000,0.00,1,0.0000,1901,0,47,0.0000,0.0000,0,20.3816,31.7615,idle,4.5951,4.5357,4.5951,4.5357,4.5357,0.4000
TEL,23563,SAFE_DISABLED,3.0472,4.0332,0.0000,0.0000,0.00,0,0.0000,0,1,0,0.0000,0.0000,0,20.3816,31.7615,idle,3.0472,4.0332,3.0472,4.0332,4.0332,0.4000
TEL,23663,SAFE_DISABLED,2.1642,3.4725,0.0000,0.0000,0.00,0,0.0000,60,1,1,0.0000,0.0000,0,20.3816,31.7615,idle,2.1642,3.4725,2.1642,3.4725,3.4725,0.4000
TEL,23763,SAFE_DISABLED,1.0693,2.0153,0.0000,0.0000,0.00,0,0.0000,0,1,0,0.0000,0.0000,0,20.3816,31.7615,idle,1.0693,2.0153,1.0693,2.0153,2.0153,0.4000
TEL,23863,SAFE_DISABLED,0.9899,1.5007,0.0000,0.0000,0.00,0,0.0000,20,1,0,0.0000,0.0000,0,20.3816,31.7615,idle,0.9899,1.5007,0.9899,1.5007,1.5007,0.4000
TEL,23963,SAFE_DISABLED,0.2353,1.0470,0.0000,0.0000,0.00,0,0.0000,0,1,0,0.0000,0.0000,0,20.3816,31.7615,idle,0.2353,1.0470,0.2353,1.0470,1.0470,0.4000
TEL,24064,SAFE_DISABLED,-0.7487,0.2717,0.0000,0.0000,0.00,0,0.0000,20,1,0,0.0000,0.0000,0,20.3816,31.7615,idle,-0.7487,0.2717,-0.7487,0.2717,0.2717,0.4000
TEL,24164,SAFE_DISABLED,-0.5033,0.7290,0.0000,0.0000,0.00,0,0.0000,0,1,0,0.0000,0.0000,0,20.3816,31.7615,idle,-0.5033,0.7290,-0.5033,0.7290,0.7290,0.4000
TEL,24264,SAFE_DISABLED,-1.5311,-0.3451,0.0000,0.0000,0.00,0,0.0000,20,1,0,0.0000,0.0000,0,20.3816,31.7615,idle,-1.5311,-0.3451,-1.5311,-0.3451,-0.3451,0.4000
TEL,24364,SAFE_DISABLED,4.0246,0.6688,0.0000,0.0000,0.00,0,0.0000,0,1,0,0.0000,0.0000,0,20.3816,31.7615,idle,4.0246,0.6688,4.0246,0.6688,0.6688,0.4000
TEL,24464,SAFE_DISABLED,-0.9504,-0.0230,0.0000,0.0000,0.00,0,0.0000,20,1,0,0.0000,0.0000,0,20.3816,31.7615,idle,-0.9504,-0.0230,-0.9504,-0.0230,-0.0230,0.4000
TEL,24564,SAFE_DISABLED,-1.4226,-0.9505,0.0000,0.0000,0.00,0,0.0000,0,1,0,0.0000,0.0000,0,20.3816,31.7615,idle,-1.4226,-0.9505,-1.4226,-0.9505,-0.9505,0.4000
TEL,24664,SAFE_DISABLED,0.2353,-0.7282,0.0000,0.0000,0.00,0,0.0000,21,1,0,0.0000,0.0000,0,20.3816,31.7615,idle,0.2353,-0.7282,0.2353,-0.7282,-0.7282,0.4000
TEL,24764,SAFE_DISABLED,-1.1049,-1.0795,0.0000,0.0000,0.00,0,0.0000,1,1,0,0.0000,0.0000,0,20.3816,31.7615,idle,-1.1049,-1.0795,-1.1049,-1.0795,-1.0795,0.4000
TEL,24864,SAFE_DISABLED,-1.5859,-1.2587,0.0000,0.0000,0.00,0,0.0000,21,1,0,0.0000,0.0000,0,20.3816,31.7615,idle,-1.5859,-1.2587,-1.5859,-1.2587,-1.2587,0.4000
TEL,24965,SAFE_DISABLED,-1.0531,-1.0646,0.0000,0.0000,0.00,0,0.0000,0,1,0,0.0000,0.0000,0,20.3816,31.7615,idle,-1.0531,-1.0646,-1.0531,-1.0646,-1.0646,0.4000
TEL,25065,SAFE_DISABLED,-1.4767,-1.2076,0.0000,0.0000,0.00,0,0.0000,20,1,0,0.0000,0.0000,0,20.3816,31.7615,idle,-1.4767,-1.2076,-1.4767,-1.2076,-1.2076,0.4000
TEL,25165,SAFE_DISABLED,-1.0016,-0.1134,0.0000,0.0000,0.00,0,0.0000,0,1,0,0.0000,0.0000,0,20.3816,31.7615,idle,-1.0016,-0.1134,-1.0016,-0.1134,-0.1134,0.4000
TEL,25265,SAFE_DISABLED,-1.3688,-0.7313,0.0000,0.0000,0.00,0,0.0000,21,1,0,0.0000,0.0000,0,20.3816,31.7615,idle,-1.3688,-0.7313,-1.3688,-0.7313,-0.7313,0.4000
TEL,25365,SAFE_DISABLED,-1.4767,-1.2131,0.0000,0.0000,0.00,0,0.0000,1,1,0,0.0000,0.0000,0,20.3816,31.7615,idle,-1.4767,-1.2131,-1.4767,-1.2131,-1.2131,0.4000
TEL,25465,SAFE_DISABLED,-1.2095,-1.2113,0.0000,0.0000,0.00,0,0.0000,21,1,0,0.0000,0.0000,0,20.3816,31.7615,idle,-1.2095,-1.2113,-1.2095,-1.2113,-1.2113,0.4000
TEL,25565,SAFE_DISABLED,-1.4767,-1.3857,0.0000,0.0000,0.00,0,0.0000,1,1,0,0.0000,0.0000,0,20.3816,31.7615,idle,-1.4767,-1.3857,-1.4767,-1.3857,-1.3857,0.4000
TEL,25666,SAFE_DISABLED,-1.4226,-1.4159,0.0000,0.0000,0.00,0,0.0000,22,1,0,0.0000,0.0000,0,20.3816,31.7615,idle,-1.4226,-1.4159,-1.4226,-1.4159,-1.4159,0.4000
TEL,25766,SAFE_DISABLED,-1.4226,-1.4203,0.0000,0.0000,0.00,0,0.0000,2,1,0,0.0000,0.0000,0,20.3816,31.7615,idle,-1.4226,-1.4203,-1.4226,-1.4203,-1.4203,0.4000
TEL,25866,SAFE_DISABLED,-1.6411,-1.4870,0.0000,0.0000,0.00,0,0.0000,22,1,0,0.0000,0.0000,0,20.3816,31.7615,idle,-1.6411,-1.4870,-1.6411,-1.4870,-1.4870,0.4000
TEL,25966,SAFE_DISABLED,-2.1533,-1.9248,0.0000,0.0000,0.00,0,0.0000,2,1,0,0.0000,0.0000,0,20.3816,31.7615,idle,-2.1533,-1.9248,-2.1533,-1.9248,-1.9248,0.4000
TEL,26066,SAFE_DISABLED,-2.1533,-2.0413,0.0000,0.0000,0.00,0,0.0000,22,1,0,0.0000,0.0000,0,20.3816,31.7615,idle,-2.1533,-2.0413,-2.1533,-2.0413,-2.0413,0.4000
TEL,26166,SAFE_DISABLED,-1.9220,-1.9969,0.0000,0.0000,0.00,0,0.0000,1,1,0,0.0000,0.0000,0,20.3816,31.7615,idle,-1.9220,-1.9969,-1.9220,-1.9969,-1.9969,0.4000
TEL,26266,SAFE_DISABLED,-1.9220,-1.9587,0.0000,0.0000,0.00,0,0.0000,20,1,0,0.0000,0.0000,0,20.3816,31.7615,idle,-1.9220,-1.9587,-1.9220,-1.9587,-1.9587,0.4000
TEL,26366,SAFE_DISABLED,-1.4767,-0.4879,0.0000,0.0000,0.00,0,0.0000,0,1,0,0.0000,0.0000,0,20.3816,31.7615,idle,-1.4767,-0.4879,-1.4767,-0.4879,-0.4879,0.4000
TEL,26466,SAFE_DISABLED,-2.0369,-1.2418,0.0000,0.0000,0.00,0,0.0000,20,1,0,0.0000,0.0000,0,20.3816,31.7615,idle,-2.0369,-1.2418,-2.0369,-1.2418,-1.2418,0.4000
TEL,26566,SAFE_DISABLED,4.1971,0.0730,0.0000,0.0000,0.00,0,0.0000,0,1,0,0.0000,0.0000,0,20.3816,31.7615,idle,4.1971,0.0730,4.1971,0.0730,0.0730,0.4000
TEL,26667,SAFE_DISABLED,-0.8490,-0.4078,0.0000,0.0000,0.00,0,0.0000,20,1,0,0.0000,0.0000,0,20.3816,31.7615,idle,-0.8490,-0.4078,-0.8490,-0.4078,-0.4078,0.4000
TEL,26767,SAFE_DISABLED,-1.2095,-0.9005,0.0000,0.0000,0.00,0,0.0000,0,1,0,0.0000,0.0000,0,20.3816,31.7615,idle,-1.2095,-0.9005,-1.2095,-0.9005,-0.9005,0.4000
TEL,26867,SAFE_DISABLED,-0.1718,0.4336,0.0000,0.0000,0.00,0,0.0000,20,1,0,0.0000,0.0000,0,20.3816,31.7615,idle,-0.1718,0.4336,-0.1718,0.4336,0.4336,0.4000
TEL,26967,SAFE_DISABLED,-1.1571,-0.5701,0.0000,0.0000,0.00,0,0.0000,0,1,0,0.0000,0.0000,0,20.3816,31.7615,idle,-1.1571,-0.5701,-1.1571,-0.5701,-0.5701,0.4000
TEL,27067,SAFE_DISABLED,4.4347,0.7970,0.0000,0.0000,0.00,0,0.0000,20,1,0,0.0000,0.0000,0,20.3816,31.7615,idle,4.4347,0.7970,4.4347,0.7970,0.7970,0.4000
TEL,27167,SAFE_DISABLED,-0.8490,-0.1533,0.0000,0.0000,0.00,0,0.0000,0,1,0,0.0000,0.0000,0,20.3816,31.7615,idle,-0.8490,-0.1533,-0.8490,-0.1533,-0.1533,0.4000
TEL,27267,SAFE_DISABLED,-0.9504,-0.5598,0.0000,0.0000,0.00,0,0.0000,20,1,0,0.0000,0.0000,0,20.3816,31.7615,idle,-0.9504,-0.5598,-0.9504,-0.5598,-0.5598,0.4000
TEL,27367,SAFE_DISABLED,-0.7987,0.1842,0.0000,0.0000,0.00,0,0.0000,0,1,0,0.0000,0.0000,0,20.3816,31.7615,idle,-0.7987,0.1842,-0.7987,0.1842,0.1842,0.4000
TEL,27467,SAFE_DISABLED,-1.1049,-0.4515,0.0000,0.0000,0.00,0,0.0000,20,1,0,0.0000,0.0000,0,20.3816,31.7615,idle,-1.1049,-0.4515,-1.1049,-0.4515,-0.4515,0.4000
TEL,27567,SAFE_DISABLED,0.1466,-0.4571,0.0000,0.0000,0.00,0,0.0000,0,1,0,0.0000,0.0000,0,20.3816,31.7615,idle,0.1466,-0.4571,0.1466,-0.4571,-0.4571,0.4000
TEL,27667,SAFE_DISABLED,-1.0016,-0.6817,0.0000,0.0000,0.00,0,0.0000,20,1,0,0.0000,0.0000,0,20.3816,31.7615,idle,-1.0016,-0.6817,-1.0016,-0.6817,-0.6817,0.4000
TEL,27767,SAFE_DISABLED,-1.2623,-1.0289,0.0000,0.0000,0.00,0,0.0000,0,1,0,0.0000,0.0000,0,20.3816,31.7615,idle,-1.2623,-1.0289,-1.2623,-1.0289,-1.0289,0.4000
TEL,27867,SAFE_DISABLED,-0.7987,-0.9599,0.0000,0.0000,0.00,0,0.0000,20,1,0,0.0000,0.0000,0,20.3816,31.7615,idle,-0.7987,-0.9599,-0.7987,-0.9599,-0.9599,0.4000
TEL,27967,SAFE_DISABLED,-1.4226,-1.2248,0.0000,0.0000,0.00,0,0.0000,0,1,0,0.0000,0.0000,0,20.3816,31.7615,idle,-1.4226,-1.2248,-1.4226,-1.2248,-1.2248,0.4000
TEL,28067,SAFE_DISABLED,4.5269,0.4478,0.0000,0.0000,0.00,0,0.0000,20,1,0,0.0000,0.0000,0,20.3816,31.7615,idle,4.5269,0.4478,4.5269,0.4478,0.4478,0.4000
TEL,28167,SAFE_DISABLED,-1.1049,-0.6410,0.0000,0.0000,0.00,0,0.0000,0,1,0,0.0000,0.0000,0,20.3816,31.7615,idle,-1.1049,-0.6410,-1.1049,-0.6410,-0.6410,0.4000
TEL,28267,SAFE_DISABLED,-1.2095,-0.9309,0.0000,0.0000,0.00,0,0.0000,20,1,0,0.0000,0.0000,0,20.3816,31.7615,idle,-1.2095,-0.9309,-1.2095,-0.9309,-0.9309,0.4000
TEL,28367,SAFE_DISABLED,-0.9504,-0.8068,0.0000,0.0000,0.00,0,0.0000,0,1,0,0.0000,0.0000,0,20.3816,31.7615,idle,-0.9504,-0.8068,-0.9504,-0.8068,-0.8068,0.4000
TEL,28467,SAFE_DISABLED,-1.1571,-0.9745,0.0000,0.0000,0.00,0,0.0000,20,1,0,0.0000,0.0000,0,20.3816,31.7615,idle,-1.1571,-0.9745,-1.1571,-0.9745,-0.9745,0.4000
TEL,28567,SAFE_DISABLED,-0.3122,0.3497,0.0000,0.0000,0.00,0,0.0000,0,1,0,0.0000,0.0000,0,20.3816,31.7615,idle,-0.3122,0.3497,-0.3122,0.3497,0.3497,0.4000
TEL,28667,SAFE_DISABLED,-1.3688,-0.4176,0.0000,0.0000,0.00,0,0.0000,20,1,0,0.0000,0.0000,0,20.3816,31.7615,idle,-1.3688,-0.4176,-1.3688,-0.4176,-0.4176,0.4000
TEL,28767,SAFE_DISABLED,4.1238,0.7098,0.0000,0.0000,0.00,0,0.0000,0,1,0,0.0000,0.0000,0,20.3816,31.7615,idle,4.1238,0.7098,4.1238,0.7098,0.7098,0.4000
TEL,28867,SAFE_DISABLED,-1.1049,-0.0692,0.0000,0.0000,0.00,0,0.0000,20,1,0,0.0000,0.0000,0,20.3816,31.7615,idle,-1.1049,-0.0692,-1.1049,-0.0692,-0.0692,0.4000
TEL,28967,SAFE_DISABLED,-1.4767,-1.0047,0.0000,0.0000,0.00,0,0.0000,0,1,0,0.0000,0.0000,0,20.3816,31.7615,idle,-1.4767,-1.0047,-1.4767,-1.0047,-1.0047,0.4000
TEL,29067,SAFE_DISABLED,-0.7987,0.1080,0.0000,0.0000,0.00,0,0.0000,20,1,0,0.0000,0.0000,0,20.3816,31.7615,idle,-0.7987,0.1080,-0.7987,0.1080,0.1080,0.4000
TEL,29167,SAFE_DISABLED,-2.3907,-1.4356,0.0000,0.0000,0.00,0,0.0000,0,1,0,0.0000,0.0000,0,20.3816,31.7615,idle,-2.3907,-1.4356,-2.3907,-1.4356,-1.4356,0.4000
TEL,29267,SAFE_DISABLED,-2.6343,-1.9958,0.0000,0.0000,0.00,0,0.0000,20,1,0,0.0000,0.0000,0,20.3816,31.7615,idle,-2.6343,-1.9958,-2.6343,-1.9958,-1.9958,0.4000
TEL,29367,SAFE_DISABLED,-2.2121,-2.0706,0.0000,0.0000,0.00,0,0.0000,0,1,0,0.0000,0.0000,0,20.3816,31.7615,idle,-2.2121,-2.0706,-2.2121,-2.0706,-2.0706,0.4000
TEL,29467,SAFE_DISABLED,-2.3907,-2.2212,0.0000,0.0000,0.00,0,0.0000,20,1,0,0.0000,0.0000,0,20.3816,31.7615,idle,-2.3907,-2.2212,-2.3907,-2.2212,-2.2212,0.4000
TEL,29568,SAFE_DISABLED,-1.8651,-1.8976,0.0000,0.0000,0.00,0,0.0000,0,1,0,0.0000,0.0000,0,20.3816,31.7615,idle,-1.8651,-1.8976,-1.8651,-1.8976,-1.8976,0.4000
TEL,29668,SAFE_DISABLED,-2.3307,-2.0936,0.0000,0.0000,0.00,0,0.0000,20,1,0,0.0000,0.0000,0,20.3816,31.7615,idle,-2.3307,-2.0936,-2.3307,-2.0936,-2.0936,0.4000
TEL,29768,SAFE_DISABLED,4.2213,-0.2285,0.0000,0.0000,0.00,0,0.0000,0,1,0,0.0000,0.0000,0,20.3816,31.7615,idle,4.2213,-0.2285,4.2213,-0.2285,-0.2285,0.4000
TEL,29868,SAFE_DISABLED,-2.0949,-1.1085,0.0000,0.0000,0.00,0,0.0000,20,1,0,0.0000,0.0000,0,20.3816,31.7615,idle,-2.0949,-1.1085,-2.0949,-1.1085,-1.1085,0.4000
TEL,29968,SAFE_DISABLED,-2.3907,-1.0042,0.0000,0.0000,0.00,0,0.0000,0,1,0,0.0000,0.0000,0,20.3816,31.7615,idle,-2.3907,-1.0042,-2.3907,-1.0042,-1.0042,0.4000
TEL,30068,SAFE_DISABLED,-1.6965,-0.1402,0.0000,0.0000,0.00,0,0.0000,20,1,0,0.0000,0.0000,0,20.3816,31.7615,idle,-1.6965,-0.1402,-1.6965,-0.1402,-0.1402,0.4000
TEL,30168,SAFE_DISABLED,-2.3907,-1.6062,0.0000,0.0000,0.00,0,0.0000,0,1,0,0.0000,0.0000,0,20.3816,31.7615,idle,-2.3907,-1.6062,-2.3907,-1.6062,-1.6062,0.4000
TEL,30268,SAFE_DISABLED,4.2213,-0.0481,0.0000,0.0000,0.00,0,0.0000,20,1,0,0.0000,0.0000,0,20.3816,31.7615,idle,4.2213,-0.0481,4.2213,-0.0481,-0.0481,0.4000
TEL,30368,SAFE_DISABLED,-2.3307,-1.4050,0.0000,0.0000,0.00,0,0.0000,0,1,0,0.0000,0.0000,0,20.3816,31.7615,idle,-2.3307,-1.4050,-2.3307,-1.4050,-1.4050,0.4000
TEL,30469,SAFE_DISABLED,-2.3907,-1.9077,0.0000,0.0000,0.00,0,0.0000,21,1,0,0.0000,0.0000,0,20.3816,31.7615,idle,-2.3907,-1.9077,-2.3907,-1.9077,-1.9077,0.4000
TEL,30569,SAFE_DISABLED,-2.1533,-2.0080,0.0000,0.0000,0.00,0,0.0000,1,1,0,0.0000,0.0000,0,20.3816,31.7615,idle,-2.1533,-2.0080,-2.1533,-2.0080,-2.0080,0.4000
TEL,30669,SAFE_DISABLED,-2.3907,-2.1781,0.0000,0.0000,0.00,0,0.0000,21,1,0,0.0000,0.0000,0,20.3816,31.7615,idle,-2.3907,-2.1781,-2.3907,-2.1781,-2.1781,0.4000
TEL,30769,SAFE_DISABLED,-1.6411,-0.6745,0.0000,0.0000,0.00,0,0.0000,0,1,0,0.0000,0.0000,0,20.3816,31.7615,idle,-1.6411,-0.6745,-1.6411,-0.6745,-0.6745,0.4000
TEL,30869,SAFE_DISABLED,-2.3307,-1.4943,0.0000,0.0000,0.00,0,0.0000,20,1,0,0.0000,0.0000,0,20.3816,31.7615,idle,-2.3307,-1.4943,-2.3307,-1.4943,-1.4943,0.4000
TEL,30969,SAFE_DISABLED,4.2454,-0.1178,0.0000,0.0000,0.00,0,0.0000,0,1,0,0.0000,0.0000,0,20.3816,31.7615,idle,4.2454,-0.1178,4.2454,-0.1178,-0.1178,0.4000
TEL,31069,SAFE_DISABLED,-2.2121,-1.0660,0.0000,0.0000,0.00,0,0.0000,20,1,0,0.0000,0.0000,0,20.3816,31.7615,idle,-2.2121,-1.0660,-2.2121,-1.0660,-1.0660,0.4000
TEL,31170,SAFE_DISABLED,-2.5117,-1.9638,0.0000,0.0000,0.00,0,0.0000,1,1,0,0.0000,0.0000,0,20.3816,31.7615,idle,-2.5117,-1.9638,-2.5117,-1.9638,-1.9638,0.4000
TEL,31270,SAFE_DISABLED,-1.6411,-0.5989,0.0000,0.0000,0.00,0,0.0000,21,1,0,0.0000,0.0000,0,20.3816,31.7615,idle,-1.6411,-0.5989,-1.6411,-0.5989,-0.5989,0.4000
TEL,31370,SAFE_DISABLED,-2.3907,-0.7810,0.0000,0.0000,0.00,0,0.0000,1,1,0,0.0000,0.0000,0,20.3816,31.7615,idle,-2.3907,-0.7810,-2.3907,-0.7810,-0.7810,0.4000
TEL,31470,SAFE_DISABLED,-2.3907,-1.6019,0.0000,0.0000,0.00,0,0.0000,21,1,0,0.0000,0.0000,0,20.3816,31.7615,idle,-2.3907,-1.6019,-2.3907,-1.6019,-1.6019,0.4000
TEL,31570,SAFE_DISABLED,-2.3907,-2.1201,0.0000,0.0000,0.00,0,0.0000,1,1,0,0.0000,0.0000,0,20.3816,31.7615,idle,-2.3907,-2.1201,-2.3907,-2.1201,-2.1201,0.4000
ERR,sonar_not_ready
TEL,31955,SAFE_DISABLED,-2.2712,-1.2269,0.0000,0.0000,0.00,0,0.0000,0,1,0,0.0000,0.0000,0,20.3816,31.7615,idle,-2.2712,-1.2269,-2.2712,-1.2269,-1.2269,0.4000
TEL,32055,SAFE_DISABLED,-1.8086,-1.2292,0.0000,0.0000,0.00,0,0.0000,20,1,0,0.0000,0.0000,0,20.3816,31.7615,idle,-1.8086,-1.2292,-1.8086,-1.2292,-1.2292,0.4000
TEL,32155,SAFE_DISABLED,-2.3907,-1.9535,0.0000,0.0000,0.00,0,0.0000,0,1,0,0.0000,0.0000,0,20.3816,31.7615,idle,-2.3907,-1.9535,-2.3907,-1.9535,-1.9535,0.4000
TEL,32256,SAFE_DISABLED,4.2454,-0.2110,0.0000,0.0000,0.00,0,0.0000,21,1,0,0.0000,0.0000,0,20.3816,31.7615,idle,4.2454,-0.2110,4.2454,-0.2110,-0.2110,0.4000
TEL,32356,SAFE_DISABLED,-2.3307,-1.4855,0.0000,0.0000,0.00,0,0.0000,1,1,0,0.0000,0.0000,0,20.3816,31.7615,idle,-2.3307,-1.4855,-2.3307,-1.4855,-1.4855,0.4000
TEL,32456,SAFE_DISABLED,-2.3907,-1.9471,0.0000,0.0000,0.00,0,0.0000,21,1,0,0.0000,0.0000,0,20.3816,31.7615,idle,-2.3907,-1.9471,-2.3907,-1.9471,-1.9471,0.4000
TEL,32556,SAFE_DISABLED,-2.0949,-2.0158,0.0000,0.0000,0.00,0,0.0000,1,1,0,0.0000,0.0000,0,20.3816,31.7615,idle,-2.0949,-2.0158,-2.0949,-2.0158,-2.0158,0.4000
TEL,32656,SAFE_DISABLED,-2.3907,-2.1944,0.0000,0.0000,0.00,0,0.0000,21,1,0,0.0000,0.0000,0,20.3816,31.7615,idle,-2.3907,-2.1944,-2.3907,-2.1944,-2.1944,0.4000
TEL,32756,SAFE_DISABLED,-1.6411,-0.7099,0.0000,0.0000,0.00,0,0.0000,1,1,0,0.0000,0.0000,0,20.3816,31.7615,idle,-1.6411,-0.7099,-1.6411,-0.7099,-0.7099,0.4000
TEL,32856,SAFE_DISABLED,-2.2712,-1.4570,0.0000,0.0000,0.00,0,0.0000,21,1,0,0.0000,0.0000,0,20.3816,31.7615,idle,-2.2712,-1.4570,-2.2712,-1.4570,-1.4570,0.4000
TEL,32956,SAFE_DISABLED,-2.3907,-2.0616,0.0000,0.0000,0.00,0,0.0000,1,1,0,0.0000,0.0000,0,20.3816,31.7615,idle,-2.3907,-2.0616,-2.3907,-2.0616,-2.0616,0.4000
TEL,33056,SAFE_DISABLED,-2.3907,-2.2294,0.0000,0.0000,0.00,0,0.0000,21,1,0,0.0000,0.0000,0,20.3816,31.7615,idle,-2.3907,-2.2294,-2.3907,-2.2294,-2.2294,0.4000
TEL,33156,SAFE_DISABLED,-2.3907,-2.3354,0.0000,0.0000,0.00,0,0.0000,1,1,0,0.0000,0.0000,0,20.3816,31.7615,idle,-2.3907,-2.3354,-2.3907,-2.3354,-2.3354,0.4000
TEL,33256,SAFE_DISABLED,-2.3907,-2.3636,0.0000,0.0000,0.00,0,0.0000,21,1,0,0.0000,0.0000,0,20.3816,31.7615,idle,-2.3907,-2.3636,-2.3907,-2.3636,-2.3636,0.4000
TEL,33356,SAFE_DISABLED,-2.3907,-2.3726,0.0000,0.0000,0.00,0,0.0000,1,1,0,0.0000,0.0000,0,20.3816,31.7615,idle,-2.3907,-2.3726,-2.3907,-2.3726,-2.3726,0.4000
TEL,33456,SAFE_DISABLED,-2.3907,-2.3818,0.0000,0.0000,0.00,0,0.0000,21,1,0,0.0000,0.0000,0,20.3816,31.7615,idle,-2.3907,-2.3818,-2.3907,-2.3818,-2.3818,0.4000
TEL,33556,SAFE_DISABLED,-2.3907,-2.3876,0.0000,0.0000,0.00,0,0.0000,1,1,0,0.0000,0.0000,0,20.3816,31.7615,idle,-2.3907,-2.3876,-2.3907,-2.3876,-2.3876,0.4000
TEL,33656,SAFE_DISABLED,-2.3907,-2.3892,0.0000,0.0000,0.00,0,0.0000,21,1,0,0.0000,0.0000,0,20.3816,31.7615,idle,-2.3907,-2.3892,-2.3907,-2.3892,-2.3892,0.4000
TEL,33756,SAFE_DISABLED,-2.3907,-2.3902,0.0000,0.0000,0.00,0,0.0000,1,1,0,0.0000,0.0000,0,20.3816,31.7615,idle,-2.3907,-2.3902,-2.3907,-2.3902,-2.3902,0.4000
TEL,33856,SAFE_DISABLED,-2.3907,-2.4031,0.0000,0.0000,0.00,0,0.0000,21,1,0,0.0000,0.0000,0,20.3816,31.7615,idle,-2.3907,-2.4031,-2.3907,-2.4031,-2.4031,0.4000
TEL,33956,SAFE_DISABLED,-2.3907,-2.3949,0.0000,0.0000,0.00,0,0.0000,1,1,0,0.0000,0.0000,0,20.3816,31.7615,idle,-2.3907,-2.3949,-2.3907,-2.3949,-2.3949,0.4000
TEL,34056,SAFE_DISABLED,-2.4510,-2.4108,0.0000,0.0000,0.00,0,0.0000,21,1,0,0.0000,0.0000,0,20.3816,31.7615,idle,-2.4510,-2.4108,-2.4510,-2.4108,-2.4108,0.4000
TEL,34156,SAFE_DISABLED,-2.3907,-2.3976,0.0000,0.0000,0.00,0,0.0000,1,1,0,0.0000,0.0000,0,20.3816,31.7615,idle,-2.3907,-2.3976,-2.3907,-2.3976,-2.3976,0.4000
TEL,34256,SAFE_DISABLED,-2.4510,-2.4122,0.0000,0.0000,0.00,0,0.0000,21,1,0,0.0000,0.0000,0,20.3816,31.7615,idle,-2.4510,-2.4122,-2.4510,-2.4122,-2.4122,0.4000
TEL,34356,SAFE_DISABLED,-2.3907,-2.2400,0.0000,0.0000,0.00,0,0.0000,1,1,0,0.0000,0.0000,0,20.3816,31.7615,idle,-2.3907,-2.2400,-2.3907,-2.2400,-2.2400,0.4000
TEL,34456,SAFE_DISABLED,-0.4551,-1.7873,0.0000,0.0000,0.00,0,0.0000,21,1,0,0.0000,0.0000,0,20.3816,31.7615,idle,-0.4551,-1.7873,-0.4551,-1.7873,-1.7873,0.4000
TEL,34556,SAFE_DISABLED,-2.3307,-2.1641,0.0000,0.0000,0.00,0,0.0000,1,1,0,0.0000,0.0000,0,20.3816,31.7615,idle,-2.3307,-2.1641,-2.3307,-2.1641,-2.1641,0.4000
TEL,34656,SAFE_DISABLED,-2.6343,-2.3527,0.0000,0.0000,0.00,0,0.0000,21,1,0,0.0000,0.0000,0,20.3816,31.7615,idle,-2.6343,-2.3527,-2.6343,-2.3527,-2.3527,0.4000
TEL,34756,SAFE_DISABLED,-2.2121,-1.8894,0.0000,0.0000,0.00,0,0.0000,1,1,0,0.0000,0.0000,0,20.3816,31.7615,idle,-2.2121,-1.8894,-2.2121,-1.8894,-1.8894,0.4000
TEL,34856,SAFE_DISABLED,-2.3907,-2.1324,0.0000,0.0000,0.00,0,0.0000,21,1,0,0.0000,0.0000,0,20.3816,31.7615,idle,-2.3907,-2.1324,-2.3907,-2.1324,-2.1324,0.4000
TEL,34956,SAFE_DISABLED,-1.5859,-0.6890,0.0000,0.0000,0.00,0,0.0000,1,1,0,0.0000,0.0000,0,20.3816,31.7615,idle,-1.5859,-0.6890,-1.5859,-0.6890,-0.6890,0.4000
TEL,35056,SAFE_DISABLED,-2.3307,-1.4768,0.0000,0.0000,0.00,0,0.0000,21,1,0,0.0000,0.0000,0,20.3816,31.7615,idle,-2.3307,-1.4768,-2.3307,-1.4768,-1.4768,0.4000
TEL,35156,SAFE_DISABLED,-0.1255,-1.3628,0.0000,0.0000,0.00,0,0.0000,1,1,0,0.0000,0.0000,0,20.3816,31.7615,idle,-0.1255,-1.3628,-0.1255,-1.3628,-1.3628,0.4000
TEL,35256,SAFE_DISABLED,-2.0949,-1.6293,0.0000,0.0000,0.00,0,0.0000,21,1,0,0.0000,0.0000,0,20.3816,31.7615,idle,-2.0949,-1.6293,-2.0949,-1.6293,-1.6293,0.4000
TEL,35356,SAFE_DISABLED,-2.6343,-2.2294,0.0000,0.0000,0.00,0,0.0000,1,1,0,0.0000,0.0000,0,20.3816,31.7615,idle,-2.6343,-2.2294,-2.6343,-2.2294,-2.2294,0.4000
TEL,35456,SAFE_DISABLED,-1.5311,-0.6755,0.0000,0.0000,0.00,0,0.0000,21,1,0,0.0000,0.0000,0,20.3816,31.7615,idle,-1.5311,-0.6755,-1.5311,-0.6755,-0.6755,0.4000
TEL,35556,SAFE_DISABLED,-2.3307,-1.8010,0.0000,0.0000,0.00,0,0.0000,1,1,0,0.0000,0.0000,0,20.3816,31.7615,idle,-2.3307,-1.8010,-2.3307,-1.8010,-1.8010,0.4000
TEL,35656,SAFE_DISABLED,3.9237,-0.2586,0.0000,0.0000,0.00,0,0.0000,21,1,0,0.0000,0.0000,0,20.3816,31.7615,idle,3.9237,-0.2586,3.9237,-0.2586,-0.2586,0.4000
TEL,35756,SAFE_DISABLED,-2.5117,-1.6451,0.0000,0.0000,0.00,0,0.0000,1,1,0,0.0000,0.0000,0,20.3816,31.7615,idle,-2.5117,-1.6451,-2.5117,-1.6451,-1.6451,0.4000
TEL,35856,SAFE_DISABLED,-2.3907,-2.0765,0.0000,0.0000,0.00,0,0.0000,21,1,0,0.0000,0.0000,0,20.3816,31.7615,idle,-2.3907,-2.0765,-2.3907,-2.0765,-2.0765,0.4000
TEL,35956,SAFE_DISABLED,-2.2121,-1.1132,0.0000,0.0000,0.00,0,0.0000,1,1,0,0.0000,0.0000,0,20.3816,31.7615,idle,-2.2121,-1.1132,-2.2121,-1.1132,-1.1132,0.4000
TEL,36056,SAFE_DISABLED,-2.5728,-1.8447,0.0000,0.0000,0.00,0,0.0000,21,1,0,0.0000,0.0000,0,20.3816,31.7615,idle,-2.5728,-1.8447,-2.5728,-1.8447,-1.8447,0.4000
TEL,36156,SAFE_DISABLED,-1.4767,-0.6357,0.0000,0.0000,0.00,0,0.0000,1,1,0,0.0000,0.0000,0,20.3816,31.7615,idle,-1.4767,-0.6357,-1.4767,-0.6357,-0.6357,0.4000
TEL,36256,SAFE_DISABLED,-2.5117,-1.5420,0.0000,0.0000,0.00,0,0.0000,21,1,0,0.0000,0.0000,0,20.3816,31.7615,idle,-2.5117,-1.5420,-2.5117,-1.5420,-1.5420,0.4000
TEL,36356,SAFE_DISABLED,3.6633,-0.3257,0.0000,0.0000,0.00,0,0.0000,1,1,0,0.0000,0.0000,0,20.3816,31.7615,idle,3.6633,-0.3257,3.6633,-0.3257,-0.3257,0.4000
TEL,36456,SAFE_DISABLED,-2.2712,-1.1625,0.0000,0.0000,0.00,0,0.0000,21,1,0,0.0000,0.0000,0,20.3816,31.7615,idle,-2.2712,-1.1625,-2.2712,-1.1625,-1.1625,0.4000
TEL,36556,SAFE_DISABLED,-2.6343,-2.0985,0.0000,0.0000,0.00,0,0.0000,1,1,0,0.0000,0.0000,0,20.3816,31.7615,idle,-2.6343,-2.0985,-2.6343,-2.0985,-2.0985,0.4000
TEL,36656,SAFE_DISABLED,-1.4226,-0.6914,0.0000,0.0000,0.00,0,0.0000,21,1,0,0.0000,0.0000,0,20.3816,31.7615,idle,-1.4226,-0.6914,-1.4226,-0.6914,-0.6914,0.4000
TEL,36756,SAFE_DISABLED,-2.5728,-1.8616,0.0000,0.0000,0.00,0,0.0000,1,1,0,0.0000,0.0000,0,20.3816,31.7615,idle,-2.5728,-1.8616,-2.5728,-1.8616,-1.8616,0.4000
TEL,36856,SAFE_DISABLED,3.3910,-0.4481,0.0000,0.0000,0.00,0,0.0000,21,1,0,0.0000,0.0000,0,20.3816,31.7615,idle,3.3910,-0.4481,3.3910,-0.4481,-0.4481,0.4000
TEL,36956,SAFE_DISABLED,-2.4510,-1.7040,0.0000,0.0000,0.00,0,0.0000,1,1,0,0.0000,0.0000,0,20.3816,31.7615,idle,-2.4510,-1.7040,-2.4510,-1.7040,-1.7040,0.4000
TEL,37056,SAFE_DISABLED,-2.6343,-2.1655,0.0000,0.0000,0.00,0,0.0000,21,1,0,0.0000,0.0000,0,20.3816,31.7615,idle,-2.6343,-2.1655,-2.6343,-2.1655,-2.1655,0.4000
TEL,37156,SAFE_DISABLED,-2.1533,-1.1061,0.0000,0.0000,0.00,0,0.0000,1,1,0,0.0000,0.0000,0,20.3816,31.7615,idle,-2.1533,-1.1061,-2.1533,-1.1061,-1.1061,0.4000
TEL,37256,SAFE_DISABLED,-2.5728,-1.8159,0.0000,0.0000,0.00,0,0.0000,21,1,0,0.0000,0.0000,0,20.3816,31.7615,idle,-2.5728,-1.8159,-2.5728,-1.8159,-1.8159,0.4000
TEL,37356,SAFE_DISABLED,-0.6991,-1.8256,0.0000,0.0000,0.00,0,0.0000,1,1,0,0.0000,0.0000,0,20.3816,31.7615,idle,-0.6991,-1.8256,-0.6991,-1.8256,-1.8256,0.4000
TEL,37456,SAFE_DISABLED,-2.4510,-2.0455,0.0000,0.0000,0.00,0,0.0000,21,1,0,0.0000,0.0000,0,20.3816,31.7615,idle,-2.4510,-2.0455,-2.4510,-2.0455,-2.0455,0.4000
TEL,37556,SAFE_DISABLED,-2.6343,-2.3110,0.0000,0.0000,0.00,0,0.0000,1,1,0,0.0000,0.0000,0,20.3816,31.7615,idle,-2.6343,-2.3110,-2.6343,-2.3110,-2.3110,0.4000
TEL,37656,SAFE_DISABLED,-1.8086,-0.8089,0.0000,0.0000,0.00,0,0.0000,21,1,0,0.0000,0.0000,0,20.3816,31.7615,idle,-1.8086,-0.8089,-1.8086,-0.8089,-0.8089,0.4000
TEL,37756,SAFE_DISABLED,-2.6343,-1.0426,0.0000,0.0000,0.00,0,0.0000,1,1,0,0.0000,0.0000,0,20.3816,31.7615,idle,-2.6343,-1.0426,-2.6343,-1.0426,-1.0426,0.4000
TEL,37856,SAFE_DISABLED,-0.4551,-1.2267,0.0000,0.0000,0.00,0,0.0000,21,1,0,0.0000,0.0000,0,20.3816,31.7615,idle,-0.4551,-1.2267,-0.4551,-1.2267,-1.2267,0.4000
TEL,37956,SAFE_DISABLED,-2.5728,-1.9732,0.0000,0.0000,0.00,0,0.0000,1,1,0,0.0000,0.0000,0,20.3816,31.7615,idle,-2.5728,-1.9732,-2.5728,-1.9732,-1.9732,0.4000
TEL,38056,SAFE_DISABLED,-2.7586,-2.3476,0.0000,0.0000,0.00,0,0.0000,21,1,0,0.0000,0.0000,0,20.3816,31.7615,idle,-2.7586,-2.3476,-2.7586,-2.3476,-2.3476,0.4000
TEL,38156,SAFE_DISABLED,-2.3907,-2.3253,0.0000,0.0000,0.00,0,0.0000,1,1,0,0.0000,0.0000,0,20.3816,31.7615,idle,-2.3907,-2.3253,-2.3907,-2.3253,-2.3253,0.4000
TEL,38256,SAFE_DISABLED,-2.6343,-2.4572,0.0000,0.0000,0.00,0,0.0000,21,1,0,0.0000,0.0000,0,20.3816,31.7615,idle,-2.6343,-2.4572,-2.6343,-2.4572,-2.4572,0.4000
TEL,38356,SAFE_DISABLED,-1.8086,-0.9396,0.0000,0.0000,0.00,0,0.0000,1,1,0,0.0000,0.0000,0,20.3816,31.7615,idle,-1.8086,-0.9396,-1.8086,-0.9396,-0.9396,0.4000
TEL,38456,SAFE_DISABLED,-2.5728,-1.7343,0.0000,0.0000,0.00,0,0.0000,21,1,0,0.0000,0.0000,0,20.3816,31.7615,idle,-2.5728,-1.7343,-2.5728,-1.7343,-1.7343,0.4000
TEL,38556,SAFE_DISABLED,3.9237,-0.3582,0.0000,0.0000,0.00,0,0.0000,1,1,0,0.0000,0.0000,0,20.3816,31.7615,idle,3.9237,-0.3582,3.9237,-0.3582,-0.3582,0.4000
TEL,38656,SAFE_DISABLED,-2.3907,-1.2844,0.0000,0.0000,0.00,0,0.0000,21,1,0,0.0000,0.0000,0,20.3816,31.7615,idle,-2.3907,-1.2844,-2.3907,-1.2844,-1.2844,0.4000
TEL,38756,SAFE_DISABLED,-2.6343,-2.1533,0.0000,0.0000,0.00,0,0.0000,1,1,0,0.0000,0.0000,0,20.3816,31.7615,idle,-2.6343,-2.1533,-2.6343,-2.1533,-2.1533,0.4000
TEL,38856,SAFE_DISABLED,-1.6411,-0.7288,0.0000,0.0000,0.00,0,0.0000,21,1,0,0.0000,0.0000,0,20.3816,31.7615,idle,-1.6411,-0.7288,-1.6411,-0.7288,-0.7288,0.4000
TEL,38956,SAFE_DISABLED,-2.6343,-0.9872,0.0000,0.0000,0.00,0,0.0000,1,1,0,0.0000,0.0000,0,20.3816,31.7615,idle,-2.6343,-0.9872,-2.6343,-0.9872,-0.9872,0.4000
TEL,39056,SAFE_DISABLED,3.9744,0.1554,0.0000,0.0000,0.00,0,0.0000,21,1,0,0.0000,0.0000,0,20.3816,31.7615,idle,3.9744,0.1554,3.9744,0.1554,0.1554,0.4000
TEL,39156,SAFE_DISABLED,-2.5117,-1.4354,0.0000,0.0000,0.00,0,0.0000,1,1,0,0.0000,0.0000,0,20.3816,31.7615,idle,-2.5117,-1.4354,-2.5117,-1.4354,-1.4354,0.4000
TEL,39256,SAFE_DISABLED,-2.6343,-2.0468,0.0000,0.0000,0.00,0,0.0000,21,1,0,0.0000,0.0000,0,20.3816,31.7615,idle,-2.6343,-2.0468,-2.6343,-2.0468,-2.0468,0.4000
TEL,39356,SAFE_DISABLED,-2.2121,-1.1411,0.0000,0.0000,0.00,0,0.0000,1,1,0,0.0000,0.0000,0,20.3816,31.7615,idle,-2.2121,-1.1411,-2.2121,-1.1411,-1.1411,0.4000
TEL,39456,SAFE_DISABLED,-2.6343,-1.8769,0.0000,0.0000,0.00,0,0.0000,21,1,0,0.0000,0.0000,0,20.3816,31.7615,idle,-2.6343,-1.8769,-2.6343,-1.8769,-1.8769,0.4000
TEL,39556,SAFE_DISABLED,-1.6411,-0.7619,0.0000,0.0000,0.00,0,0.0000,1,1,0,0.0000,0.0000,0,20.3816,31.7615,idle,-1.6411,-0.7619,-1.6411,-0.7619,-0.7619,0.4000
TEL,39656,SAFE_DISABLED,-2.5117,-1.6038,0.0000,0.0000,0.00,0,0.0000,21,1,0,0.0000,0.0000,0,20.3816,31.7615,idle,-2.5117,-1.6038,-2.5117,-1.6038,-1.6038,0.4000
TEL,39756,SAFE_DISABLED,3.6899,-0.3836,0.0000,0.0000,0.00,0,0.0000,1,1,0,0.0000,0.0000,0,20.3816,31.7615,idle,3.6899,-0.3836,3.6899,-0.3836,-0.3836,0.4000
TEL,39856,SAFE_DISABLED,-2.2121,-1.1617,0.0000,0.0000,0.00,0,0.0000,21,1,0,0.0000,0.0000,0,20.3816,31.7615,idle,-2.2121,-1.1617,-2.2121,-1.1617,-1.1617,0.4000
TEL,39956,SAFE_DISABLED,-2.6343,-2.0983,0.0000,0.0000,0.00,0,0.0000,1,1,0,0.0000,0.0000,0,20.3816,31.7615,idle,-2.6343,-2.0983,-2.6343,-2.0983,-2.0983,0.4000
TEL,40056,SAFE_DISABLED,-2.6963,-2.3902,0.0000,0.0000,0.00,0,0.0000,21,1,0,0.0000,0.0000,0,20.3816,31.7615,idle,-2.6963,-2.3902,-2.6963,-2.3902,-2.3902,0.4000
TEL,40156,SAFE_DISABLED,-2.6343,-2.5506,0.0000,0.0000,0.00,0,0.0000,1,1,0,0.0000,0.0000,0,20.3816,31.7615,idle,-2.6343,-2.5506,-2.6343,-2.5506,-2.5506,0.4000
TEL,40256,SAFE_DISABLED,-2.6343,-2.6063,0.0000,0.0000,0.00,0,0.0000,21,1,0,0.0000,0.0000,0,20.3816,31.7615,idle,-2.6343,-2.6063,-2.6343,-2.6063,-2.6063,0.4000
TEL,40356,SAFE_DISABLED,-2.6343,-2.6247,0.0000,0.0000,0.00,0,0.0000,1,1,0,0.0000,0.0000,0,20.3816,31.7615,idle,-2.6343,-2.6247,-2.6343,-2.6247,-2.6247,0.4000
TEL,40456,SAFE_DISABLED,-2.6343,-2.6296,0.0000,0.0000,0.00,0,0.0000,21,1,0,0.0000,0.0000,0,20.3816,31.7615,idle,-2.6343,-2.6296,-2.6343,-2.6296,-2.6296,0.4000
TEL,40556,SAFE_DISABLED,-2.6963,-2.6643,0.0000,0.0000,0.00,0,0.0000,1,1,0,0.0000,0.0000,0,20.3816,31.7615,idle,-2.6963,-2.6643,-2.6963,-2.6643,-2.6643,0.4000
TEL,40656,SAFE_DISABLED,-2.6963,-2.6806,0.0000,0.0000,0.00,0,0.0000,21,1,0,0.0000,0.0000,0,20.3816,31.7615,idle,-2.6963,-2.6806,-2.6963,-2.6806,-2.6806,0.4000
TEL,40756,SAFE_DISABLED,-2.6963,-2.6909,0.0000,0.0000,0.00,0,0.0000,1,1,0,0.0000,0.0000,0,20.3816,31.7615,idle,-2.6963,-2.6909,-2.6963,-2.6909,-2.6909,0.4000
TEL,40856,SAFE_DISABLED,-2.6963,-2.6936,0.0000,0.0000,0.00,0,0.0000,21,1,0,0.0000,0.0000,0,20.3816,31.7615,idle,-2.6963,-2.6936,-2.6963,-2.6936,-2.6936,0.4000
OK,stopped
