BALL_BEAM_REF_BOOT
HOST_START_READY
REF_CFG,profile=center_far_near_90s,center_cm=13.0000,near_cm=9.0000,far_cm=17.0000,segment_ms=30000
REF,3749,13.0000,hold_center
TEL,3752,18.0304,18.0576,-5.0576,0.0000,0,0.000000
TEL,3852,18.3018,18.0660,-5.0660,96.0000,0,0.000000
TEL,3952,18.1652,18.0750,-5.0750,96.0000,-72,-0.141372
TEL,4052,18.0975,18.0839,-5.0839,96.0000,-96,-0.188496
TEL,4152,13.0599,17.8687,-4.8687,96.0000,-96,-0.188496
TEL,4252,17.1364,17.1062,-4.1062,91.6579,-96,-0.188496
TEL,4352,17.6369,17.3071,-4.3071,96.0000,-92,-0.180642
TEL,4452,17.7663,17.5821,-4.5821,96.0000,-96,-0.188496
TEL,4552,14.5228,15.7375,-2.7375,25.2755,-96,-0.188496
TEL,4652,17.1364,16.5981,-3.5981,71.1374,-34,-0.066759
TEL,4752,17.0757,16.8746,-3.8746,86.3188,-60,-0.117810
TEL,4852,12.4606,16.0902,-3.0902,23.3752,-86,-0.168861
TEL,4952,16.2107,15.6926,-2.6926,49.2244,-28,-0.054978
TEL,5052,16.4899,16.1405,-3.1405,71.2134,-49,-0.096211
TEL,5152,16.4333,16.3144,-3.3144,78.5168,-71,-0.139408
TEL,5252,13.5950,14.7317,-1.7317,14.5168,-79,-0.155116
TEL,5352,15.6264,15.2482,-1.7317,14.5168,-20,-0.039270
TEL,5452,16.2107,15.8324,-2.2482,38.9612,-39,-0.076576
TEL,5552,16.2658,16.0389,-2.8324,64.9514,-65,-0.127627
TEL,5652,15.1766,14.8911,-3.0389,74.5543,-75,-0.147262
TEL,5752,15.8870,15.3747,-1.8911,55.4072,-55,-0.107992
TEL,5852,16.3213,15.8933,-2.3747,75.5546,-76,-0.149226
TEL,5952,10.9084,13.3380,-2.8933,90.6691,-91,-0.178678
TEL,6052,15.7297,14.8870,-0.3380,26.6691,-32,-0.062832
TEL,6152,16.0473,15.6504,-1.8870,27.9313,-28,-0.054978
TEL,6252,16.3213,16.0345,-2.6504,64.7632,-65,-0.127627
TEL,6352,13.5950,14.2019,-3.0345,79.0457,-79,-0.155116
TEL,6452,16.2107,15.6097,-1.2019,15.0457,-20,-0.039270
TEL,6552,12.9867,14.8990,-2.6097,66.9133,-56,-0.109956
TEL,6652,10.9881,14.0395,-1.8990,3.9936,-35,-0.068722
TEL,6752,15.9936,15.1176,-1.0395,-60.0065,51,0.100138
TEL,6852,16.3213,15.9682,-2.1176,-9.2181,23,0.045160
TEL,6952,16.8368,16.3878,-2.9682,37.8962,-38,-0.074613
TEL,7052,14.9843,15.6824,-3.3878,67.0872,-67,-0.131554
TEL,7152,16.7781,16.1011,-2.6824,41.2838,-41,-0.080503
TEL,7252,17.4461,16.8718,-3.1011,70.6100,-71,-0.139408
TEL,7352,17.7014,17.2748,-3.8718,96.0000,-96,-0.188496
TEL,7452,16.6040,16.2073,-4.2748,96.0000,-96,-0.188496
TEL,7552,17.6369,17.0338,-3.2073,96.0000,-96,-0.188496
TEL,7652,18.0304,17.6819,-4.0338,96.0000,-96,-0.188496
TEL,7752,14.3018,15.3865,-4.6819,96.0000,-96,-0.188496
TEL,7852,17.5729,17.0268,-2.3865,30.8740,-37,-0.072649
TEL,7952,18.3018,17.6540,-4.0268,96.0000,-77,-0.151189
TEL,8052,11.9102,16.3637,-4.6540,96.0000,-96,-0.188496
TEL,8152,16.6617,16.0798,-3.3637,17.4137,-30,-0.058905
TEL,8252,17.8316,17.2480,-3.0798,55.3273,-46,-0.090321
TEL,8352,17.9637,17.6650,-4.2480,96.0000,-96,-0.188496
TEL,8452,14.8899,15.6441,-4.6650,96.0000,-96,-0.188496
TEL,8552,17.3833,16.5881,-2.6441,34.6391,-39,-0.076576
TEL,8652,18.0304,17.4108,-3.5881,92.1033,-82,-0.161007
TEL,8752,17.7014,17.4900,-4.4108,96.0000,-96,-0.188496
TEL,8852,16.4899,16.0327,-4.4900,96.0000,-96,-0.188496
TEL,8952,17.0154,16.5231,-3.0327,96.0000,-96,-0.188496
TEL,9052,16.9555,16.7885,-3.5231,96.0000,-96,-0.188496
TEL,9152,13.1713,14.9016,-3.7885,96.0000,-96,-0.188496
TEL,9252,16.0473,15.4465,-1.9016,32.0000,-37,-0.072649
TEL,9352,16.2107,15.7769,-2.4465,46.7155,-47,-0.092284
TEL,9452,16.2658,16.0093,-2.7769,66.4474,-66,-0.129591
TEL,9552,13.9610,14.9023,-3.0093,75.5512,-76,-0.149226
TEL,9652,15.5752,15.2455,-1.9023,24.1162,-25,-0.049087
TEL,9752,15.6264,15.4065,-2.2455,44.7527,-45,-0.088357
TEL,9852,12.9867,14.2663,-2.4065,54.5718,-55,-0.107992
TEL,9952,14.7502,14.3162,-1.2663,-1.9292,-1,-0.001963
TEL,10052,15.2745,14.8451,-1.3162,18.9587,-19,-0.037306
TEL,10152,15.3735,15.0788,-1.8451,44.0711,-44,-0.086394
TEL,10252,14.0027,13.8190,-2.0788,54.9237,-55,-0.107992
TEL,10352,15.0320,14.3722,-0.8190,30.3376,-30,-0.058905
TEL,10452,15.5243,15.1469,-1.3722,55.8387,-56,-0.109956
TEL,10552,11.0418,14.1570,-2.1469,77.0334,-77,-0.151189
TEL,10652,15.1766,14.4046,-1.1570,13.0334,-18,-0.035343
TEL,10752,15.6779,15.1064,-1.4046,27.6662,-28,-0.054978
TEL,10852,16.1015,15.6373,-2.1064,62.5640,-63,-0.123700
TEL,10952,13.5161,14.4809,-2.6373,81.1874,-81,-0.159043
TEL,11052,15.8870,15.4089,-1.4809,21.8905,-26,-0.051051
TEL,11152,16.3771,15.9170,-2.4089,61.3504,-60,-0.117810
TEL,11252,11.6665,15.0609,-2.9170,83.8994,-84,-0.164934
TEL,11352,15.7818,15.2270,-2.0609,1.5383,-17,-0.033379
TEL,11452,17.0154,16.3219,-2.2270,34.1422,-27,-0.053014
TEL,11552,17.1976,16.7953,-3.3219,84.5085,-84,-0.164934
TEL,11652,17.5729,17.2351,-3.7953,96.0000,-96,-0.188496
TEL,11752,17.8316,17.4721,-4.2351,96.0000,-96,-0.188496
TEL,11852,18.0304,17.7178,-4.4721,96.0000,-96,-0.188496
TEL,11952,18.0304,17.8369,-4.7178,96.0000,-96,-0.188496
TEL,12052,18.0304,17.9351,-4.8369,96.0000,-96,-0.188496
TEL,12152,18.0304,17.9673,-4.9351,96.0000,-96,-0.188496
TEL,12252,18.0304,17.9927,-4.9673,96.0000,-96,-0.188496
TEL,12352,17.7663,17.9811,-4.9927,96.0000,-96,-0.188496
TEL,12452,17.5093,17.9155,-4.9811,96.0000,-96,-0.188496
TEL,12552,17.5093,17.8438,-4.9155,96.0000,-96,-0.188496
TEL,12652,17.3210,17.6999,-4.8438,96.0000,-96,-0.188496
TEL,12752,17.0154,17.5569,-4.6999,96.0000,-96,-0.188496
TEL,12852,16.7781,17.2570,-4.5569,96.0000,-96,-0.188496
TEL,12952,16.6617,17.0502,-4.2570,93.3731,-93,-0.182605
TEL,13052,16.3213,16.6957,-4.0502,86.5727,-87,-0.170824
TEL,13152,15.9401,16.4391,-3.6957,76.4895,-76,-0.149226
TEL,13252,15.6779,16.0676,-3.4391,67.5030,-68,-0.133518
TEL,13352,15.4737,15.8357,-3.0676,57.6526,-58,-0.113883
TEL,13452,14.0027,13.8901,-2.8357,51.8834,-52,-0.102102
TEL,13552,14.7042,14.2560,-0.8901,15.6247,-16,-0.031416
TEL,13652,14.6130,14.5100,-1.2560,36.6261,-37,-0.072649
TEL,13752,10.2603,12.8747,-1.5100,43.5660,-44,-0.086394
TEL,13852,13.8370,13.3480,0.1253,-20.4340,15,0.029452
TEL,13952,14.2584,13.7827,-0.3480,-18.0886,18,0.035343
TEL,14052,14.5228,14.1824,-0.7827,10.4159,-10,-0.019635
TEL,14152,12.8068,13.1267,-1.1824,28.9773,-29,-0.056941
TEL,14252,13.9610,13.6719,-0.1267,-6.2975,6,0.011781
TEL,14352,14.3895,13.9872,-0.6719,16.3503,-16,-0.031416
TEL,14452,10.3553,12.4542,-0.9872,31.9592,-32,-0.062832
TEL,14552,13.5161,12.7738,0.5458,-32.0408,27,0.053014
TEL,14652,14.5678,13.8744,0.2262,-21.7694,22,0.043197
TEL,14752,14.6585,14.2857,-0.8744,28.1205,-28,-0.054978
TEL,14852,13.4381,13.6643,-1.2857,45.5077,-46,-0.090321
TEL,14952,14.8430,14.1284,-0.6643,20.5387,-21,-0.041233
TEL,15052,15.5243,14.8999,-1.1284,45.5616,-46,-0.090321
TEL,15152,12.1958,14.2688,-1.8999,72.7573,-73,-0.143335
TEL,15252,15.2254,14.3045,-1.2688,8.8271,-14,-0.027489
TEL,15352,16.1559,15.5248,-1.3045,58.7858,-50,-0.098175
TEL,15452,16.7197,16.3870,-2.5248,96.0000,-96,-0.188496
TEL,15552,13.3993,14.5537,-3.3870,96.0000,-96,-0.188496
TEL,15652,17.0154,16.2756,-1.5537,32.0000,-37,-0.072649
TEL,15752,17.6369,17.0249,-3.2756,96.0000,-76,-0.149226
TEL,15852,13.6748,16.3337,-4.0249,96.0000,-96,-0.188496
TEL,15952,16.3771,15.9751,-3.3337,44.0842,-45,-0.088357
TEL,16052,17.8316,17.2032,-2.9751,62.9658,-63,-0.123700
TEL,16152,17.9637,17.6366,-4.2032,96.0000,-96,-0.188496
TEL,16252,15.6264,15.8557,-4.6366,96.0000,-96,-0.188496
TEL,16352,17.4461,16.5860,-2.8557,69.4743,-69,-0.135481
TEL,16452,17.9637,17.4913,-3.5860,96.0000,-96,-0.188496
TEL,16552,18.0304,17.7472,-4.4913,96.0000,-96,-0.188496
TEL,16652,16.5468,16.2920,-4.7472,96.0000,-96,-0.188496
TEL,16752,17.5729,16.9121,-3.2920,96.0000,-96,-0.188496
TEL,16852,18.0304,17.6237,-3.9121,96.0000,-96,-0.188496
TEL,16952,14.0027,15.3813,-4.6237,96.0000,-96,-0.188496
TEL,17052,17.5729,16.6977,-2.3813,25.7241,-34,-0.066759
TEL,17152,17.8316,17.3802,-3.6977,95.5417,-67,-0.131554
TEL,17252,18.1652,17.8621,-4.3802,96.0000,-96,-0.188496
TEL,17352,15.7818,16.0351,-4.8621,96.0000,-96,-0.188496
TEL,17452,17.7663,17.2020,-3.0351,74.4750,-74,-0.145299
TEL,17552,17.9637,17.6261,-4.2020,96.0000,-96,-0.188496
TEL,17652,15.0320,15.6387,-4.6261,96.0000,-96,-0.188496
TEL,17752,17.2591,16.4838,-2.6387,47.8722,-48,-0.094248
TEL,17852,17.3833,17.1618,-3.4838,96.0000,-96,-0.188496
TEL,17952,17.6369,17.3492,-4.1618,96.0000,-96,-0.188496
TEL,18052,16.0473,15.9205,-4.3492,96.0000,-96,-0.188496
TEL,18152,16.6617,16.3001,-2.9205,86.3214,-86,-0.168861
TEL,18252,16.7781,16.6017,-3.3001,96.0000,-96,-0.188496
TEL,18352,10.7522,15.5204,-3.6017,96.0000,-96,-0.188496
TEL,18452,15.7297,15.3604,-2.5204,16.0008,-29,-0.056941
TEL,18552,15.8870,15.6021,-2.3604,32.1963,-32,-0.062832
TEL,18652,12.7361,15.1671,-2.6021,50.0498,-50,-0.098175
TEL,18752,14.5228,14.4125,-2.1671,16.3465,-16,-0.031416
TEL,18852,15.3735,14.8616,-1.4125,12.8113,-13,-0.025525
TEL,18952,15.5243,15.1467,-1.8616,39.5656,-40,-0.078540
TEL,19052,12.9503,14.8316,-2.1467,54.7470,-55,-0.107992
TEL,19152,14.8899,14.6908,-1.8316,20.4585,-20,-0.039270
TEL,19252,15.4737,15.0646,-1.6908,29.2983,-29,-0.056941
TEL,19352,15.6779,15.2919,-2.0646,48.3817,-48,-0.094248
TEL,19452,14.7502,14.2135,-2.2919,60.3381,-60,-0.117810
TEL,19552,15.6779,14.9383,-1.2135,52.4936,-52,-0.102102
TEL,19652,15.9936,15.6572,-1.9383,80.0000,-80,-0.157080
TEL,19752,11.3747,14.6336,-2.6572,96.0000,-96,-0.188496
TEL,19852,15.7818,15.1537,-1.6336,32.0000,-37,-0.072649
TEL,19952,16.2107,15.7408,-2.1537,44.9136,-45,-0.088357
TEL,20052,16.9555,16.4388,-2.7408,73.6139,-74,-0.145299
TEL,20152,14.6585,14.8602,-3.4388,96.0000,-96,-0.188496
TEL,20252,16.9555,16.1654,-1.8602,48.1817,-48,-0.094248
TEL,20352,17.1364,16.7628,-3.1654,96.0000,-96,-0.188496
TEL,20452,13.3225,16.0604,-3.7628,96.0000,-96,-0.188496
TEL,20552,16.4899,16.0192,-3.0604,43.1672,-45,-0.088357
TEL,20652,17.5093,17.1157,-3.0192,65.7801,-66,-0.129591
TEL,20752,17.5729,17.3490,-4.1157,96.0000,-96,-0.188496
TEL,20852,17.5093,17.4639,-4.3490,96.0000,-96,-0.188496
TEL,20952,17.1364,17.3950,-4.4639,96.0000,-96,-0.188496
TEL,21052,17.2591,17.3618,-4.3950,96.0000,-96,-0.188496
TEL,21152,17.0154,17.2869,-4.3618,96.0000,-96,-0.188496
TEL,21252,16.8960,17.1734,-4.2869,96.0000,-96,-0.188496
TEL,21352,16.6040,17.0563,-4.1734,96.0000,-96,-0.188496
TEL,21452,16.4333,16.8682,-4.0563,93.8799,-94,-0.184569
TEL,21552,16.4333,16.7248,-3.8682,87.1073,-87,-0.170824
TEL,21652,16.1559,16.4812,-3.7248,82.9043,-83,-0.162970
TEL,21752,15.8870,16.2790,-3.4812,75.9443,-76,-0.149226
TEL,21852,15.7297,16.0460,-3.2790,69.2404,-69,-0.135481
TEL,21952,15.4737,15.8895,-3.0460,63.1959,-63,-0.123700
TEL,22052,15.3238,15.6861,-2.8895,58.2461,-58,-0.113883
TEL,22152,15.2745,15.5559,-2.6861,53.2162,-53,-0.104065
TEL,22252,15.0799,15.3445,-2.5559,50.7974,-51,-0.100138
TEL,22352,15.0799,15.2579,-2.3445,46.3911,-46,-0.090321
TEL,22452,14.8430,15.1074,-2.2579,45.8258,-46,-0.090321
TEL,22552,11.4608,14.5498,-2.1074,42.6612,-43,-0.084430
TEL,22652,14.3455,13.8486,-1.5498,6.0112,-6,-0.011781
TEL,22752,14.7502,14.3076,-0.8486,11.7500,-12,-0.023562
TEL,22852,15.2254,14.8163,-1.3076,36.1572,-36,-0.070686
TEL,22952,12.3269,14.3119,-1.8163,55.7311,-56,-0.109956
TEL,23052,15.1766,14.6402,-1.3119,6.0178,-6,-0.011781
TEL,23152,15.7297,15.0900,-1.6402,33.9284,-34,-0.066759
TEL,23252,11.9726,14.5170,-2.0900,59.6742,-60,-0.117810
TEL,23352,15.2745,14.5586,-1.5170,-2.3462,-2,-0.003927
TEL,23452,16.5468,15.8993,-1.5586,33.5705,-33,-0.064795
TEL,23552,17.0154,16.5039,-2.8993,86.7272,-87,-0.170824
TEL,23652,14.0448,14.7482,-3.5039,96.0000,-96,-0.188496
TEL,23752,16.7197,15.9940,-1.7482,32.0000,-36,-0.070686
TEL,23852,17.9637,17.4038,-2.9940,90.9326,-76,-0.149226
TEL,23952,18.2332,17.7627,-4.4038,96.0000,-96,-0.188496
TEL,24052,16.8368,16.1615,-4.7627,96.0000,-96,-0.188496
TEL,24152,17.7014,17.0478,-3.1615,96.0000,-96,-0.188496
TEL,24252,18.0304,17.7159,-4.0478,96.0000,-96,-0.188496
TEL,24352,11.9413,14.4516,-4.7159,96.0000,-96,-0.188496
TEL,24452,17.1976,16.6044,-1.4516,32.0000,-37,-0.072649
TEL,24552,17.5729,17.2032,-3.6044,65.7109,-64,-0.125664
TEL,24652,12.7714,16.3068,-4.2032,96.0000,-96,-0.188496
TEL,24752,15.9401,15.7356,-3.3068,24.7708,-33,-0.064795
TEL,24852,17.0154,16.4646,-2.7356,35.5665,-36,-0.070686
TEL,24952,17.1976,16.8303,-3.4646,74.2514,-74,-0.145299
TEL,25052,14.0027,15.0950,-3.8303,93.6768,-94,-0.184569
TEL,25152,16.0473,15.6630,-2.0950,12.7176,-27,-0.053014
TEL,25252,16.7197,16.2972,-2.6630,49.5361,-41,-0.080503
TEL,25352,16.6617,16.4098,-3.2972,78.3731,-78,-0.153153
TEL,25452,15.2254,14.8741,-3.4098,85.6418,-86,-0.168861
TEL,25552,15.9401,15.4566,-1.8741,62.3966,-62,-0.121737
TEL,25652,16.3213,15.9510,-2.4566,84.8800,-85,-0.166897
TEL,25752,10.6504,14.7919,-2.9510,96.0000,-96,-0.188496
TEL,25852,15.7297,15.1301,-1.7919,32.0000,-37,-0.072649
TEL,25952,15.8870,15.5552,-2.1301,35.4386,-35,-0.068722
TEL,26052,15.8870,15.7993,-2.5552,58.3618,-58,-0.113883
TEL,26152,14.2584,14.9649,-2.7993,67.0816,-67,-0.131554
TEL,26252,15.9936,15.4569,-1.9649,31.6877,-32,-0.062832
TEL,26352,16.2658,15.8246,-2.4569,58.5151,-59,-0.115846
TEL,26452,13.2844,14.2522,-2.8246,76.3040,-76,-0.149226
TEL,26552,15.7297,14.9464,-1.2522,12.3040,-17,-0.033379
TEL,26652,16.6040,16.1527,-1.9464,48.1305,-46,-0.090321
TEL,26752,16.9555,16.5299,-3.1527,91.0701,-91,-0.178678
TEL,26852,15.8870,15.2461,-3.5299,96.0000,-96,-0.188496
TEL,26952,16.8368,16.0493,-2.2461,89.0755,-89,-0.174751
TEL,27052,17.2591,16.8700,-3.0493,96.0000,-96,-0.188496
TEL,27152,11.2617,15.4541,-3.8700,96.0000,-96,-0.188496
TEL,27252,16.4899,16.0473,-2.4541,12.6743,-28,-0.054978
TEL,27352,17.0757,16.5690,-3.0473,55.0758,-40,-0.078540
TEL,27452,17.3833,17.0060,-3.5690,85.7317,-86,-0.168861
TEL,27552,15.1281,15.3727,-4.0060,96.0000,-96,-0.188496
TEL,27652,16.9555,16.3984,-2.3727,51.2005,-52,-0.102102
TEL,27752,16.8960,16.6456,-3.3984,92.9875,-93,-0.182605
TEL,27852,14.1295,14.9389,-3.6456,96.0000,-96,-0.188496
TEL,27952,15.8343,15.4613,-1.9389,32.0000,-37,-0.072649
TEL,28052,16.6617,16.2440,-2.4613,54.3416,-54,-0.106029
TEL,28152,16.7781,16.4888,-3.2440,84.7714,-85,-0.166897
TEL,28252,15.5243,14.8751,-3.4888,94.4632,-94,-0.184569
TEL,28352,16.2658,15.6997,-1.8751,80.0000,-80,-0.157080
TEL,28452,16.4899,16.2092,-2.6997,96.0000,-96,-0.188496
TEL,28552,11.5482,13.7662,-3.2092,96.0000,-96,-0.188496
TEL,28652,15.6779,15.1037,-0.7662,32.0000,-37,-0.072649
TEL,28752,16.0473,15.6733,-2.1037,38.4714,-38,-0.074613
TEL,28852,12.7011,15.1258,-2.6733,66.9036,-67,-0.131554
TEL,28952,14.8899,14.2108,-2.1258,10.6383,-13,-0.025525
TEL,29052,15.9936,15.6396,-1.2108,45.6065,-45,-0.088357
TEL,29152,16.4333,16.0383,-2.6396,88.0588,-88,-0.172788
TEL,29252,13.7150,14.3801,-3.0383,96.0000,-96,-0.188496
TEL,29352,15.5752,14.9937,-1.3801,32.0000,-37,-0.072649
TEL,29452,16.6617,16.0320,-1.9937,59.7149,-60,-0.117810
TEL,29552,16.7197,16.4038,-3.0320,96.0000,-96,-0.188496
TEL,29652,16.7781,16.6186,-3.4038,96.0000,-96,-0.188496
TEL,29752,16.8368,16.6820,-3.6186,96.0000,-96,-0.188496
TEL,29852,16.8368,16.7550,-3.6820,96.0000,-96,-0.188496
TEL,29952,17.1364,16.8391,-3.7550,96.0000,-96,-0.188496
TEL,30052,16.8368,16.8324,-3.8391,96.0000,-96,-0.188496
TEL,30152,16.7781,16.8227,-3.8324,96.0000,-96,-0.188496
TEL,30252,16.5468,16.8001,-3.8227,96.0000,-96,-0.188496
TEL,30352,16.8368,16.7971,-3.8001,96.0000,-96,-0.188496
TEL,30452,16.7781,16.7972,-3.7971,95.6366,-96,-0.188496
TEL,30552,16.8368,16.8052,-3.7972,94.9370,-95,-0.186532
TEL,30652,16.6040,16.7978,-3.8052,94.7776,-95,-0.186532
TEL,30752,16.6617,16.7832,-3.7978,93.6927,-94,-0.184569
TEL,30852,16.6617,16.7608,-3.7832,92.8609,-93,-0.182605
TEL,30952,16.5468,16.7236,-3.7608,92.0230,-92,-0.180642
TEL,31052,16.3771,16.6459,-3.7236,90.5914,-91,-0.178678
TEL,31152,16.3771,16.5970,-3.6459,87.7633,-88,-0.172788
TEL,31252,16.3213,16.5421,-3.5970,85.9843,-86,-0.168861
TEL,31352,16.1559,16.4777,-3.5421,84.2148,-84,-0.164934
TEL,31452,15.4737,16.3064,-3.4777,81.7071,-82,-0.161007
TEL,31552,16.1015,16.2206,-3.3064,73.4834,-73,-0.143335
TEL,31652,12.5969,15.8291,-3.2206,72.5773,-73,-0.143335
TEL,31752,14.7965,14.7352,-2.8291,45.0974,-45,-0.088357
TEL,31852,15.9936,15.5468,-1.7352,28.9536,-29,-0.056941
TEL,31952,16.5468,15.9956,-2.5468,62.7670,-63,-0.123700
TEL,32052,11.0149,12.2074,-2.9956,84.8335,-85,-0.166897
TEL,32152,15.8870,15.1602,0.7926,20.8334,-27,-0.053014
TEL,32252,16.8368,16.4099,-2.1602,67.2423,-59,-0.115846
TEL,32352,17.0757,16.7615,-3.4099,96.0000,-96,-0.188496
TEL,32452,15.6779,15.1844,-3.7615,96.0000,-96,-0.188496
TEL,32552,16.8368,16.1281,-2.1844,90.9848,-91,-0.178678
TEL,32652,17.1976,16.9002,-3.1281,96.0000,-96,-0.188496
TEL,32752,11.2897,15.5409,-3.9002,96.0000,-96,-0.188496
TEL,32852,16.7197,16.2911,-2.5409,17.6454,-31,-0.060868
TEL,32952,17.1976,16.6784,-3.2911,57.7932,-47,-0.092284
TEL,33052,13.1340,16.0277,-3.6784,83.3457,-83,-0.162970
TEL,33152,15.1766,15.0850,-3.0277,22.7189,-27,-0.053014
TEL,33252,16.7781,16.2175,-2.0850,18.9344,-19,-0.037306
TEL,33352,16.9555,16.6005,-3.2175,70.2373,-68,-0.133518
TEL,33452,13.0969,15.2323,-3.6005,89.6127,-90,-0.176715
TEL,33552,16.3213,15.9050,-2.2324,4.1589,-23,-0.045160
TEL,33652,16.9555,16.5162,-2.9050,48.4021,-28,-0.054978
REF,33746,17.0000,hold_far
TEL,33752,17.0154,16.7341,-3.5162,78.6036,-79,-0.155116
TEL,33852,15.8343,15.6204,0.2659,0.0000,-14,-0.027489
TEL,33952,16.4899,15.9956,1.3796,-50.0337,49,0.096211
TEL,34052,16.9555,16.5718,1.0044,-32.8249,33,0.064795
TEL,34152,11.2897,13.5830,0.4282,-9.5990,10,0.019635
TEL,34252,16.7197,16.2964,3.4170,-105.5991,79,0.155116
TEL,34352,17.3833,16.8946,0.7036,-44.8304,91,0.178678
TEL,34452,13.1340,16.1283,0.1054,-11.4957,15,0.029452
TEL,34552,16.2107,15.3523,0.8717,-61.0858,55,0.107992
TEL,34652,17.8316,17.2434,1.6477,-56.0290,56,0.109956
TEL,34752,17.9637,17.6650,-0.2434,29.6349,-10,-0.019635
TEL,34852,14.5678,15.3875,-0.6650,41.0487,-41,-0.080503
TEL,34952,17.1976,16.5292,1.6125,-54.9513,27,0.053014
TEL,35052,17.8974,17.5635,0.4708,-12.9046,40,0.078540
TEL,35152,18.0304,17.8351,-0.5635,28.7840,-28,-0.054978
TEL,35252,16.8368,16.1372,-0.8351,36.1532,-36,-0.070686
TEL,35352,17.7014,17.0695,0.8628,-14.0639,13,0.025525
TEL,35452,18.0975,17.7539,-0.0695,36.2914,-34,-0.066759
TEL,35552,11.6367,14.7555,-0.7539,52.1751,-52,-0.102102
TEL,35652,17.8974,17.0467,2.2445,-43.8249,16,0.031416
TEL,35752,17.8974,17.5758,-0.0467,-9.3407,29,0.056941
TEL,35852,13.1713,16.6403,-0.5758,16.0338,-16,-0.031416
TEL,35952,16.4333,16.6308,0.3597,-40.2111,37,0.072649
TEL,36052,17.7663,17.2163,0.3692,-35.1563,35,0.068722
TEL,36152,17.9637,17.5515,-0.2163,-9.5591,10,0.019635
TEL,36252,15.7297,16.4852,-0.5515,9.9061,-10,-0.019635
TEL,36352,17.5093,17.0906,0.5148,-32.8544,32,0.062832
TEL,36452,17.8974,17.6237,-0.0906,-3.8833,4,0.007854
TEL,36552,18.3018,17.2081,-0.6237,17.6364,-18,-0.035343
TEL,36652,17.0757,16.4828,-0.2081,41.6793,-42,-0.082467
TEL,36752,17.7014,17.2108,0.5172,5.1372,-5,-0.009817
TEL,36852,18.3709,17.8220,-0.2108,42.0897,-42,-0.082467
TEL,36952,14.2584,15.2492,-0.8220,57.1559,-57,-0.111919
TEL,37052,17.8974,16.9815,1.7508,-38.8441,11,0.021598
TEL,37152,17.8974,17.5356,0.0185,7.8773,24,0.047124
TEL,37252,12.1958,16.2949,-0.5356,32.5684,-33,-0.064795
TEL,37352,16.9555,16.1774,0.7051,-55.1092,34,0.066759
TEL,37452,17.8316,17.3834,0.8226,-35.9881,38,0.074613
TEL,37552,18.0975,17.7460,-0.3834,16.2037,-16,-0.031416
TEL,37652,15.8870,16.0538,-0.7460,30.8804,-31,-0.060868
TEL,37752,17.3833,16.8952,0.9462,-36.4773,28,0.054978
TEL,37852,18.2332,17.6380,0.1048,2.0604,3,0.005890
TEL,37952,12.7714,16.3830,-0.6381,34.3588,-34,-0.066759
TEL,38052,17.1364,16.5321,0.6170,-47.7165,31,0.060868
TEL,38152,17.8316,17.2980,0.4679,-25.7971,29,0.056941
TEL,38252,18.0975,17.7901,-0.2980,-0.8558,1,0.001963
TEL,38352,14.6585,16.6340,-0.7901,29.0264,-29,-0.056941
TEL,38452,17.5729,17.0592,0.3660,-29.3680,25,0.049087
TEL,38552,17.9637,17.5609,-0.0592,-6.8826,7,0.013744
TEL,38652,18.0304,17.8153,-0.5609,16.6410,-17,-0.033379
TEL,38752,18.0975,17.9769,-0.8153,26.3798,-26,-0.051051
TEL,38852,18.0975,18.0277,-0.9769,31.7367,-32,-0.062832
TEL,38952,18.1652,18.0525,-1.0277,32.9609,-33,-0.064795
TEL,39052,18.1652,18.1042,-1.0525,33.6000,-34,-0.066759
TEL,39152,18.1652,18.1343,-1.1042,34.8100,-35,-0.068722
TEL,39252,18.1652,18.1484,-1.1343,35.3455,-35,-0.068722
TEL,39352,18.4404,18.1967,-1.1484,35.4462,-35,-0.068722
TEL,39452,18.0975,18.1989,-1.1967,37.3708,-37,-0.072649
TEL,39552,18.0975,18.1833,-1.1989,36.7180,-37,-0.072649
TEL,39652,18.1652,18.1929,-1.1833,35.7974,-36,-0.070686
TEL,39752,18.1652,18.1893,-1.1929,35.9319,-36,-0.070686
TEL,39852,18.0975,18.1736,-1.1893,35.7288,-36,-0.070686
TEL,39952,18.0975,18.1689,-1.1736,35.0874,-35,-0.068722
TEL,40052,18.0975,18.1616,-1.1689,34.8467,-35,-0.068722
TEL,40152,18.1652,18.1619,-1.1616,34.5801,-35,-0.068722
TEL,40252,18.0975,18.1798,-1.1619,34.6720,-35,-0.068722
TEL,40352,18.0975,18.1717,-1.1798,35.1188,-35,-0.068722
TEL,40452,16.1559,17.7509,-1.1717,34.8280,-35,-0.068722
TEL,40552,17.5093,17.6376,-0.7509,14.9459,-15,-0.029452
TEL,40652,17.9637,17.8235,-0.6376,12.7444,-13,-0.025525
TEL,40752,12.6662,17.0358,-0.8235,21.1008,-21,-0.041233
TEL,40852,17.4461,16.6103,-0.0358,-29.2728,28,0.054978
TEL,40952,17.7663,17.2279,0.3897,-21.2711,21,0.041233
TEL,41052,18.0304,17.8213,-0.2279,-0.1949,0,0.000000
TEL,41152,15.6264,16.3131,-0.8213,28.8264,-29,-0.056941
TEL,41252,17.6369,17.1389,0.6869,-35.2206,29,0.056941
TEL,41352,18.0304,17.5798,-0.1389,-0.1268,3,0.005890
TEL,41452,13.9194,16.8419,-0.5798,22.7216,-23,-0.045160
TEL,41552,16.9555,17.0555,0.1581,-26.9847,26,0.051051
TEL,41652,17.8316,17.4600,-0.0555,-22.6620,23,0.045160
TEL,41752,18.1652,17.7145,-0.4600,0.4238,0,0.000000
TEL,41852,16.7197,16.1526,-0.7145,16.2036,-16,-0.031416
TEL,41952,17.6369,16.9827,0.8474,-23.6413,24,0.047124
TEL,42052,18.0304,17.6553,0.0173,14.3079,-14,-0.027489
TEL,42152,11.4033,15.1588,-0.6553,41.1025,-41,-0.080503
TEL,42252,17.8316,16.8079,1.8412,-54.8975,27,0.053014
TEL,42352,17.9637,17.4904,0.1921,-15.4368,40,0.078540
TEL,42452,13.5950,16.6698,-0.4904,15.5185,-16,-0.031416
TEL,42552,16.5468,15.6928,0.3302,-35.6964,34,0.066759
TEL,42652,17.6369,17.2835,1.3072,-36.2981,36,0.070686
TEL,42752,17.8974,17.7030,-0.2835,31.4564,-22,-0.043197
TEL,42852,15.3238,16.0477,-0.7030,40.7371,-41,-0.080503
TEL,42952,17.1364,16.8351,0.9523,-40.0763,24,0.047124
TEL,43052,18.0304,17.5554,0.1649,-0.4803,15,0.029452
TEL,43152,18.0304,17.8310,-0.5554,25.4279,-25,-0.049087
TEL,43252,16.7197,16.2993,-0.8310,33.7086,-34,-0.066759
TEL,43352,17.7663,17.2199,0.7007,-16.3181,15,0.029452
TEL,43452,18.3709,17.8621,-0.2199,28.9967,-28,-0.054978
TEL,43552,11.7266,14.0693,-0.8621,48.7100,-49,-0.096211
TEL,43652,17.5729,16.8757,2.9307,-47.2900,18,0.035343
TEL,43752,17.8974,17.5350,0.1243,-17.4997,33,0.064795
TEL,43852,12.7361,16.4787,-0.5350,10.2456,-10,-0.019635
TEL,43952,16.8368,16.2337,0.5213,-51.4141,45,0.088357
TEL,44052,17.7663,17.3348,0.7663,-40.4934,40,0.078540
TEL,44152,18.3018,17.7917,-0.3348,-0.0559,0,0.000000
TEL,44252,16.3771,15.5454,-0.7917,28.1148,-28,-0.054978
TEL,44352,17.4461,16.8421,1.4546,-23.7161,22,0.043197
TEL,44452,17.9637,17.7025,0.1579,28.6176,-23,-0.045160
TEL,44552,13.3608,16.6678,-0.7025,62.4240,-62,-0.121737
TEL,44652,17.0154,16.3930,0.3322,-18.1286,3,0.005890
TEL,44752,17.7014,17.1228,0.6070,-19.8953,20,0.039270
TEL,44852,18.5104,17.8603,-0.1228,17.5597,-18,-0.035343
TEL,44952,15.3238,15.6705,-0.8603,44.4329,-44,-0.086394
TEL,45052,17.9637,17.2553,1.3295,-51.2649,24,0.047124
TEL,45152,17.9637,17.6694,-0.2553,23.5382,36,0.070686
TEL,45252,11.8792,15.3688,-0.6694,36.4707,-34,-0.066759
TEL,45352,16.8368,16.3263,1.6312,-59.5293,30,0.058905
TEL,45452,17.8974,17.4255,0.6737,-39.7014,48,0.094248
TEL,45552,18.3018,17.8315,-0.4255,6.5211,-7,-0.013744
TEL,45652,16.9555,16.5338,-0.8315,27.0634,-27,-0.053014
TEL,45752,17.7014,17.1083,0.4662,-12.3838,12,0.023562
TEL,45852,17.9637,17.6753,-0.1083,17.8951,-18,-0.035343
TEL,45952,11.8177,15.3461,-0.6753,34.4850,-34,-0.066759
TEL,46052,17.3210,16.4925,1.6539,-61.5150,34,0.066759
TEL,46152,17.8974,17.3345,0.5075,-31.7145,47,0.092284
TEL,46252,13.1340,16.3529,-0.3345,-0.1689,0,0.000000
TEL,46352,17.5729,16.3969,0.6471,-54.8119,52,0.102102
TEL,46452,17.7663,17.3384,0.6031,-15.9431,16,0.031416
TEL,46552,17.8974,17.6874,-0.3384,25.9567,-26,-0.051051
TEL,46652,14.5678,15.5560,-0.6874,35.0246,-35,-0.068722
TEL,46752,17.0757,16.7862,1.4440,-60.9754,33,0.064795
TEL,46852,18.0304,17.6258,0.2138,-0.2022,47,0.092284
TEL,46952,18.4404,17.9490,-0.6258,21.4803,-20,-0.039270
TEL,47052,16.9555,16.3787,-0.9490,36.2551,-36,-0.070686
TEL,47152,17.7663,17.2192,0.6213,-11.4767,10,0.019635
TEL,47252,18.0304,17.7412,-0.2192,30.6146,-31,-0.060868
TEL,47352,14.0870,15.4649,-0.7412,43.1717,-43,-0.084430
TEL,47452,17.8974,17.0516,1.5351,-52.8283,25,0.049087
TEL,47552,17.9637,17.6291,-0.0516,-0.0380,38,0.074613
TEL,47652,18.0975,17.8977,-0.6291,27.7494,-27,-0.053014
TEL,47752,18.0304,18.0174,-0.8977,35.3094,-35,-0.068722
TEL,47852,18.0304,18.0403,-1.0174,36.6209,-37,-0.072649
TEL,47952,18.0975,18.0604,-1.0403,35.5142,-36,-0.070686
TEL,48052,18.3709,18.0953,-1.0604,35.0426,-35,-0.068722
TEL,48152,18.0975,18.1253,-1.0953,36.0679,-36,-0.070686
TEL,48252,18.0975,18.1134,-1.1253,35.9513,-36,-0.070686
TEL,48352,18.0975,18.1111,-1.1134,34.9208,-35,-0.068722
TEL,48452,17.9637,18.1238,-1.1111,34.3849,-34,-0.066759
TEL,48552,18.0975,18.1203,-1.1238,34.0773,-34,-0.066759
TEL,48652,18.0975,18.1522,-1.1203,33.8164,-34,-0.066759
TEL,48752,18.1652,18.1539,-1.1522,34.5803,-35,-0.068722
TEL,48852,18.0975,18.1445,-1.1539,34.6512,-35,-0.068722
TEL,48952,18.0975,18.1396,-1.1445,34.2689,-34,-0.066759
TEL,49052,18.1652,18.1432,-1.1396,34.0629,-34,-0.066759
TEL,49152,18.3709,18.1515,-1.1432,34.2431,-34,-0.066759
TEL,49252,18.3709,18.1725,-1.1515,34.8406,-35,-0.068722
TEL,49352,18.0975,18.1648,-1.1725,35.7298,-36,-0.070686
TEL,49452,16.4333,17.2837,-1.1648,35.2195,-35,-0.068722
TEL,49552,17.7014,17.3484,-0.2837,-0.2841,0,0.000000
TEL,49652,18.0975,17.6643,-0.3484,-0.0000,0,0.000000
TEL,49752,12.2939,16.6062,-0.6643,21.5304,-22,-0.043197
TEL,49852,17.2591,16.6193,0.3938,-39.7371,35,0.068722
TEL,49952,17.8316,17.3409,0.3807,-23.2360,23,0.045160
TEL,50052,18.1652,17.9144,-0.3409,-0.0000,0,0.000000
TEL,50152,15.9936,16.5547,-0.9144,30.6678,-31,-0.060868
TEL,50252,17.7014,17.2011,0.4453,-24.3710,21,0.041233
TEL,50352,18.0304,17.5655,-0.2011,-0.2227,0,0.000000
TEL,50452,13.8781,15.2768,-0.5655,22.1045,-22,-0.043197
TEL,50552,17.3833,16.9500,1.7232,-73.8955,46,0.090321
TEL,50652,17.8974,17.5887,0.0499,-8.6264,60,0.117810
TEL,50752,18.1652,17.8296,-0.5887,15.2230,-12,-0.023562
TEL,50852,16.8368,16.3574,-0.8296,26.8780,-27,-0.053014
TEL,50952,17.7014,17.0220,0.6426,-16.2606,15,0.029452
TEL,51052,18.0975,17.7230,-0.0220,20.8489,-21,-0.041233
TEL,51152,14.0027,16.1015,-0.7230,41.4926,-41,-0.080503
TEL,51252,17.7014,16.9257,0.8985,-48.7078,26,0.051051
TEL,51352,18.4404,17.6084,0.0743,-0.0319,30,0.058905
TEL,51452,12.1313,16.3459,-0.6084,29.5689,-30,-0.058905
TEL,51552,16.6040,16.1216,0.6541,-52.3011,35,0.068722
TEL,51652,17.8316,17.4211,0.8784,-44.5399,45,0.088357
TEL,51752,18.0975,17.1047,-0.4211,8.9218,-7,-0.013744
TEL,51852,15.6779,15.4638,-0.1047,31.9870,-32,-0.062832
TEL,51952,17.5093,16.9197,1.5362,-36.7444,28,0.054978
TEL,52052,17.9637,17.6484,0.0803,23.8868,-2,-0.003927
TEL,52152,12.8782,16.5075,-0.6484,53.3077,-53,-0.104065
TEL,52252,17.5093,16.4905,0.4925,-29.4165,12,0.023562
TEL,52352,17.8316,17.2903,0.5095,-13.2912,14,0.027489
TEL,52452,18.1652,17.8874,-0.2903,26.5106,-27,-0.053014
TEL,52552,15.3735,16.9120,-0.8874,43.3350,-43,-0.084430
TEL,52652,17.7014,17.2692,0.0880,-9.6173,7,0.013744
TEL,52752,17.9637,17.5479,-0.2692,-0.1597,0,0.000000
TEL,52852,14.1722,16.2924,-0.5479,19.5618,-20,-0.039270
TEL,52952,17.2591,16.9671,0.7076,-45.6069,39,0.076576
TEL,53052,18.2332,17.6751,0.0329,-10.4197,14,0.027489
TEL,53152,18.0304,17.8428,-0.6751,17.9509,-18,-0.035343
TEL,53252,17.0154,16.5134,-0.8428,25.7096,-26,-0.051051
TEL,53352,17.6369,17.0571,0.4866,-11.7741,12,0.023562
TEL,53452,17.9637,17.6079,-0.0571,18.0478,-18,-0.035343
TEL,53552,14.0870,16.2750,-0.6079,34.4164,-34,-0.066759
TEL,53652,17.4461,16.7420,0.7250,-40.6672,28,0.054978
TEL,53752,17.8316,17.2653,0.2580,-0.1250,11,0.021598
TEL,53852,13.2465,16.4700,-0.2653,-0.1250,0,0.000000
TEL,53952,16.3213,15.9463,0.5300,-43.2639,42,0.082467
TEL,54052,17.8316,17.3616,1.0537,-49.4314,49,0.096211
TEL,54152,18.0304,17.7038,-0.3616,11.0653,-7,-0.013744
TEL,54252,15.8343,15.5186,-0.7038,26.0669,-26,-0.051051
TEL,54352,17.3833,16.8778,1.4814,-44.7727,35,0.068722
TEL,54452,17.9637,17.6116,0.1222,13.2650,9,0.017671
TEL,54552,16.6617,17.4460,-0.6116,42.9900,-43,-0.084430
TEL,54652,17.3210,16.7308,-0.4460,22.3773,-22,-0.043197
TEL,54752,17.7663,17.3408,0.2692,3.8798,-4,-0.007854
TEL,54852,18.0304,17.7811,-0.3408,33.2993,-33,-0.064795
TEL,54952,15.7297,16.1547,-0.7811,42.8642,-43,-0.084430
TEL,55052,17.7014,17.0265,0.8453,-31.2022,19,0.037306
TEL,55152,17.9637,17.4815,-0.0265,12.2316,0,0.000000
TEL,55252,11.5189,14.9782,-0.4815,29.5262,-30,-0.058905
TEL,55352,17.0757,16.2251,2.0218,-66.4738,38,0.074613
TEL,55452,17.7663,17.4786,0.7749,-40.1516,51,0.100138
TEL,55552,18.0304,17.7346,-0.4786,9.0511,-8,-0.015708
TEL,55652,16.4333,16.1565,-0.7346,22.0427,-22,-0.043197
TEL,55752,17.5729,17.0385,0.8435,-27.8678,27,0.053014
TEL,55852,18.3709,17.7838,-0.0385,16.6199,-16,-0.031416
TEL,55952,11.6367,16.2135,-0.7838,42.7020,-43,-0.084430
TEL,56052,17.8974,16.9514,0.7865,-53.2980,25,0.049087
TEL,56152,17.8316,17.4697,0.0486,-10.0674,39,0.076576
TEL,56252,12.9503,16.5269,-0.4697,11.7801,-12,-0.023562
TEL,56352,16.3771,16.5680,0.4731,-44.7358,41,0.080503
TEL,56452,17.9637,17.2051,0.4320,-37.7331,38,0.074613
TEL,56552,17.8974,17.5465,-0.2051,-7.4945,7,0.013744
TEL,56652,18.0304,17.8326,-0.5465,11.1019,-11,-0.021598
TEL,56752,18.1652,17.9261,-0.8326,23.0549,-23,-0.045160
TEL,56852,18.0975,17.9858,-0.9261,28.1252,-28,-0.054978
TEL,56952,18.1652,18.0286,-0.9858,30.4099,-30,-0.058905
TEL,57052,18.0304,18.0421,-1.0286,32.0799,-32,-0.062832
TEL,57152,18.0975,18.0516,-1.0421,32.0929,-32,-0.062832
TEL,57252,18.0304,18.0563,-1.0516,32.2804,-32,-0.062832
TEL,57352,18.1652,18.0663,-1.0563,32.1466,-32,-0.062832
TEL,57452,18.1652,18.0842,-1.0663,32.5437,-33,-0.064795
TEL,57552,18.1652,18.0897,-1.0842,33.0985,-33,-0.064795
TEL,57652,18.0975,18.0981,-1.0897,33.2530,-33,-0.064795
TEL,57752,18.1652,18.1049,-1.0981,33.3419,-33,-0.064795
TEL,57852,18.1652,18.1230,-1.1049,33.5361,-34,-0.066759
TEL,57952,18.0304,18.1172,-1.1230,34.0452,-34,-0.066759
TEL,58052,18.0975,18.1145,-1.1172,33.6228,-34,-0.066759
TEL,58152,18.1652,18.1188,-1.1145,33.4859,-33,-0.064795
TEL,58252,18.1652,18.1119,-1.1188,33.6684,-34,-0.066759
TEL,58352,11.9413,17.8458,-1.1119,33.5122,-34,-0.066759
TEL,58452,17.3210,17.2960,-0.8458,16.9550,-17,-0.033379
TEL,58552,17.8316,17.4564,-0.2960,3.1406,-3,-0.005890
TEL,58652,13.8370,16.9070,-0.4564,12.4964,-12,-0.023562
TEL,58752,16.3771,16.8379,0.0930,-20.2234,20,0.039270
TEL,58852,17.7663,17.2086,0.1621,-22.3121,22,0.043197
TEL,58952,18.0304,17.5686,-0.2086,-5.4857,5,0.009817
TEL,59052,15.6779,16.4909,-0.5686,13.7869,-14,-0.027489
TEL,59152,17.1976,16.8400,0.5091,-31.5565,32,0.062832
TEL,59252,18.0304,17.5311,0.1600,-11.2377,11,0.021598
TEL,59352,18.3018,17.8365,-0.5311,17.0344,-17,-0.033379
TEL,59452,17.0757,16.4072,-0.8365,31.1664,-31,-0.060868
TEL,59552,17.7014,17.1088,0.5928,-10.4323,10,0.019635
TEL,59652,18.2332,17.8173,-0.1088,26.9420,-27,-0.053014
TEL,59752,15.3238,15.7172,-0.8173,47.3724,-47,-0.092284
TEL,59852,17.9637,16.9842,1.2828,-47.9226,21,0.041233
TEL,59952,17.9637,17.5313,0.0158,12.0571,33,0.064795
TEL,60052,11.4898,16.1698,-0.5313,37.4056,-36,-0.070686
TEL,60152,16.5468,16.6023,0.8302,-57.4419,25,0.049087
TEL,60252,17.8974,17.2812,0.3977,-34.6234,45,0.088357
TEL,60352,18.0304,17.6356,-0.2812,-4.2779,4,0.007854
TEL,60452,16.2658,16.3940,-0.6356,14.9744,-15,-0.029452
TEL,60552,17.5729,16.8763,0.6060,-26.7817,27,0.053014
TEL,60652,17.8974,17.5960,0.1236,-0.4837,0,0.000000
TEL,60752,12.1313,16.2791,-0.5960,25.5582,-26,-0.051051
TEL,60852,17.3833,16.5662,0.7209,-55.4929,39,0.076576
TEL,60952,17.8974,17.2773,0.4338,-27.0164,32,0.062832
TEL,61052,18.3018,17.8693,-0.2773,-0.3069,0,0.000000
TEL,61152,16.2107,16.2018,-0.8693,31.4769,-31,-0.060868
TEL,61252,17.8316,17.1370,0.7982,-28.0570,23,0.045160
TEL,61352,17.8974,17.5308,-0.1370,17.6368,-12,-0.023562
TEL,61452,14.5678,15.5424,-0.5308,30.8684,-31,-0.060868
TEL,61552,17.3833,16.9513,1.4576,-65.1316,37,0.072649
TEL,61652,18.0304,17.6694,0.0487,-0.2618,50,0.098175
TEL,61752,18.2332,17.8930,-0.6694,26.6236,-24,-0.047124
TEL,61852,16.9555,16.6099,-0.8930,35.2575,-35,-0.068722
TEL,61952,17.8316,17.2785,0.3901,-6.9299,7,0.013744
TEL,62052,18.3709,17.8549,-0.2785,25.7512,-26,-0.051051
TEL,62152,14.0448,16.3354,-0.8549,44.3938,-44,-0.086394
TEL,62252,17.8974,17.1556,0.6646,-39.9659,21,0.041233
TEL,62352,17.8316,17.5454,-0.1556,-0.0492,17,0.033379
TEL,62452,11.5189,16.1949,-0.5454,18.0612,-18,-0.035343
TEL,62552,17.6369,16.5974,0.8051,-65.8313,47,0.092284
TEL,62652,17.8316,17.4155,0.4026,-25.4599,43,0.084430
TEL,62752,17.9637,17.6751,-0.4155,8.4875,-8,-0.015708
TEL,62852,16.3771,17.0707,-0.6751,20.9716,-21,-0.041233
TEL,62952,17.5093,17.1785,-0.0707,-7.5265,8,0.015708
TEL,63052,18.0304,17.6626,-0.1785,-0.0093,0,0.000000
TEL,63152,12.5969,16.5629,-0.6626,21.3867,-21,-0.041233
TEL,63252,17.2591,16.7188,0.4371,-42.7382,37,0.072649
TEL,63352,17.8974,17.3527,0.2812,-22.2452,22,0.043197
TEL,63452,14.3455,16.7926,-0.3527,7.4195,-7,-0.013744
TEL,63552,16.3213,15.9569,0.2074,-29.5770,30,0.058905
TEL,63652,17.6369,17.1285,1.0431,-47.5780,48,0.094248
REF,63746,9.0000,hold_near
TEL,63752,17.9637,17.5970,-0.1285,-0.5254,2,0.003927
TEL,63852,15.6264,16.0156,-8.5970,95.4746,-62,-0.121737
TEL,63952,17.2591,16.7903,-7.0156,191.4746,-157,-0.308269
TEL,64052,17.8974,17.5147,-7.7903,224.0000,-223,-0.437859
TEL,64152,13.9194,16.6767,-8.5147,224.0000,-224,-0.439823
TEL,64252,16.7781,16.2106,-7.6767,204.4250,-204,-0.400553
TEL,64352,17.4461,16.9636,-7.2106,218.6607,-219,-0.430005
TEL,64452,17.2591,17.1689,-7.9636,224.0000,-224,-0.439823
TEL,64552,13.9194,15.3706,-8.1689,224.0000,-224,-0.439823
TEL,64652,15.6264,15.3988,-6.3706,168.1745,-171,-0.335758
TEL,64752,15.3735,15.4455,-6.3988,178.2708,-178,-0.349502
TEL,64852,10.0978,14.3367,-6.4455,182.9589,-183,-0.359320
TEL,64952,13.1340,13.4471,-5.3367,122.2255,-127,-0.249364
TEL,65052,12.4606,12.9645,-4.4471,99.0421,-99,-0.194386
TEL,65152,11.8177,12.4857,-3.9645,88.2909,-88,-0.172788
TEL,65252,9.3922,9.8141,-3.4857,74.5010,-75,-0.147262
TEL,65352,9.4932,9.6088,-0.8141,-12.0092,-9,-0.017671
TEL,65452,8.3679,9.0620,-0.6088,-9.6352,10,0.019635
TEL,65552,8.1168,8.5945,-0.0620,-25.6643,26,0.051051
TEL,65652,8.9340,8.6466,0.4055,-32.6886,33,0.064795
TEL,65752,9.5136,8.9052,0.3534,-24.2237,24,0.047124
TEL,65852,10.5256,9.6706,0.0948,-8.1501,8,0.015708
TEL,65952,11.1783,10.3883,-0.6706,25.3325,-25,-0.049087
TEL,66052,12.6315,11.7834,-1.3883,57.3340,-57,-0.111919
TEL,66152,13.1713,12.5652,-2.7834,110.9142,-109,-0.214021
TEL,66252,14.0027,13.4894,-3.5652,138.1301,-138,-0.270962
TEL,66352,14.5228,13.9885,-4.4894,165.3699,-165,-0.323977
TEL,66452,15.3238,14.7124,-4.9885,179.2846,-179,-0.351466
TEL,66552,15.6779,15.1531,-5.7124,200.7270,-201,-0.394663
TEL,66652,16.1015,15.6742,-6.1531,212.4663,-212,-0.416261
TEL,66752,16.3771,15.9860,-6.6742,224.0000,-224,-0.439823
TEL,66852,16.6040,16.2887,-6.9860,224.0000,-224,-0.439823
TEL,66952,16.6617,16.4259,-7.2887,224.0000,-224,-0.439823
TEL,67052,16.5468,16.4851,-7.4259,224.0000,-224,-0.439823
TEL,67152,16.3771,16.4856,-7.4851,224.0000,-224,-0.439823
TEL,67252,16.1015,16.4375,-7.4856,224.0000,-224,-0.439823
TEL,67352,12.9142,15.0671,-7.4375,224.0000,-224,-0.439823
TEL,67452,14.9370,14.8660,-6.0671,158.6451,-166,-0.325940
TEL,67552,14.7042,14.8415,-5.8660,160.0828,-160,-0.314159
TEL,67652,10.4034,14.1033,-5.8415,162.9384,-163,-0.320050
TEL,67752,12.9867,13.2800,-5.1033,123.3635,-123,-0.241510
TEL,67852,12.7011,13.0219,-4.2800,101.1263,-101,-0.198313
TEL,67952,12.1635,12.7431,-4.0219,98.0093,-98,-0.192423
TEL,68052,10.3553,10.4522,-3.7431,90.9070,-91,-0.178678
TEL,68152,10.4034,10.4326,-1.4522,24.9403,-32,-0.062832
TEL,68252,9.4932,10.0596,-1.4326,29.3291,-29,-0.056941
TEL,68352,7.1290,9.8530,-1.0596,17.1210,-17,-0.033379
TEL,68452,7.7935,8.8131,-0.3309,-6.5374,3,0.005890
TEL,68552,8.4330,8.5051,0.4582,-31.0646,28,0.054978
TEL,68652,9.1961,8.7579,0.3587,-21.5735,22,0.043197
TEL,68752,8.3358,8.4969,0.4521,-27.3550,27,0.053014
TEL,68852,10.2368,9.3720,0.3358,-16.6121,17,0.033379
TEL,68952,10.9881,10.1838,-0.7691,31.7818,-8,-0.015708
TEL,69052,8.8438,10.2229,-1.9902,78.6309,-53,-0.104065
TEL,69152,11.6965,10.8144,-1.3729,59.5272,-63,-0.123700
TEL,69252,13.0599,12.3392,-2.8684,116.8257,-84,-0.164934
TEL,69352,13.6348,13.0664,-3.7343,146.7092,-142,-0.278816
TEL,69452,12.7714,11.9287,-2.1060,53.6746,-122,-0.239546
TEL,69552,14.2584,13.5343,-3.8549,138.6324,-56,-0.109956
TEL,69652,15.0799,14.5784,-5.2944,185.9798,-121,-0.237583
TEL,69752,13.0969,14.2735,-5.7951,200.2072,-197,-0.386809
TEL,69852,15.2254,14.7903,-3.8982,104.2072,-175,-0.343612
TEL,69952,15.8870,15.3563,-6.0505,171.7487,-106,-0.208131
TEL,70052,14.0448,15.2710,-6.7900,204.2578,-170,-0.333794
TEL,70152,14.6130,14.2350,-4.8269,108.2578,-192,-0.376991
TEL,70252,16.1559,15.5273,-6.1302,167.1049,-120,-0.235619
TEL,70352,16.4333,16.0453,-6.8412,203.3242,-170,-0.333794
TEL,70452,13.0232,15.4902,-7.1826,218.5275,-219,-0.430005
TEL,70552,15.8343,15.4814,-6.3257,186.6617,-196,-0.384845
TEL,70652,16.5468,15.6942,-6.6534,202.9111,-203,-0.398590
TEL,70752,16.3213,16.0106,-6.8804,214.7615,-215,-0.422151
TEL,70852,15.0320,14.4987,-5.0670,136.4085,-191,-0.375028
TEL,70952,15.4737,15.1206,-5.9076,179.2303,-139,-0.272926
TEL,71052,15.3735,15.2631,-6.2308,187.6721,-188,-0.369137
TEL,71152,12.0992,14.7465,-6.2653,188.5635,-189,-0.371101
TEL,71252,14.0027,14.0439,-5.0616,148.1276,-165,-0.323977
TEL,71352,13.7961,13.9967,-5.0441,148.6719,-149,-0.292561
TEL,71452,13.3608,13.7812,-4.8687,141.4218,-141,-0.276853
TEL,71552,12.3269,12.7332,-3.9701,89.7200,-116,-0.227765
TEL,71652,11.4608,12.0753,-3.4435,73.0047,-75,-0.147262
TEL,71752,11.0418,11.6222,-2.8520,56.7374,-57,-0.111919
TEL,71852,8.5491,9.5065,-1.2920,-15.2209,-33,-0.064795
TEL,71952,8.9340,9.1899,-0.3296,-34.3578,32,0.062832
TEL,72052,8.2721,8.7570,0.0796,-27.2089,27,0.053014
TEL,72152,8.2093,8.4973,0.4070,-36.2565,36,0.070686
TEL,72252,8.4494,8.3489,0.6832,-42.7460,43,0.084430
TEL,72352,9.2932,8.6261,0.5459,-30.4787,30,0.058905
TEL,72452,10.1669,9.3685,-0.0731,-0.0000,8,0.015708
TEL,72552,7.9375,9.1390,-0.6806,28.7772,-22,-0.043197
TEL,72652,11.2060,10.6054,-0.5862,37.9320,-38,-0.074613
TEL,72752,12.0040,11.3814,-2.0177,88.3165,-63,-0.123700
TEL,72852,12.9142,12.2977,-2.9975,119.1634,-108,-0.212057
TEL,72952,12.7011,11.9369,-2.3140,58.6856,-93,-0.182605
TEL,73052,13.7961,13.1210,-3.7263,116.9202,-69,-0.135481
TEL,73152,14.2152,13.7303,-4.4703,149.0010,-141,-0.276853
TEL,73252,12.7714,12.9248,-4.0448,101.6975,-126,-0.247400
TEL,73352,14.4781,13.6233,-4.2148,121.7349,-119,-0.233656
TEL,73452,15.2745,14.8027,-5.5272,176.3926,-147,-0.288634
TEL,73552,15.7818,15.3057,-6.0796,198.8457,-197,-0.386809
TEL,73652,14.9370,14.2728,-4.9384,159.3097,-175,-0.343612
TEL,73752,15.8343,15.1087,-5.7082,193.2082,-183,-0.359320
TEL,73852,12.4606,14.7073,-6.5221,224.0000,-216,-0.424115
TEL,73952,10.8038,12.1036,-4.4539,128.0000,-198,-0.388772
TEL,74052,15.8870,15.3397,-5.7398,191.8954,-130,-0.255254
TEL,74152,16.0473,15.8233,-6.6836,224.0000,-194,-0.380918
TEL,74252,11.4033,14.9238,-6.9750,224.0000,-224,-0.439823
TEL,74352,14.7965,14.6415,-5.5455,168.9014,-198,-0.388772
TEL,74452,15.2745,15.0369,-5.9557,183.9819,-182,-0.357356
TEL,74552,15.1766,15.1269,-6.1137,189.6712,-190,-0.373064
TEL,74652,14.6585,15.0059,-6.0676,185.4072,-185,-0.363247
TEL,74752,14.3018,14.8236,-5.9249,177.5552,-178,-0.349502
TEL,74852,13.6348,14.3422,-5.5361,160.6274,-162,-0.318086
TEL,74952,12.9867,13.8150,-5.1087,141.8610,-144,-0.282743
TEL,75052,11.8177,12.6050,-4.0207,99.5772,-119,-0.233656
TEL,75152,10.9881,11.7452,-3.1769,66.5143,-77,-0.151189
TEL,75252,9.8959,10.5661,-1.9430,24.8428,-43,-0.084430
TEL,75352,9.1769,9.8367,-1.1933,-0.0727,-5,-0.009817
TEL,75452,8.1321,8.7758,-0.4807,-22.6422,20,0.039270
TEL,75552,8.3518,8.4896,0.4481,-39.4749,39,0.076576
TEL,75652,9.1578,8.7145,0.4779,-33.5005,34,0.066759
TEL,75752,9.6590,9.0273,0.1463,-13.5360,15,0.029452
TEL,75852,10.5256,9.7966,-0.5140,15.3713,-8,-0.015708
TEL,75952,11.2897,10.5005,-1.1337,44.8128,-38,-0.074613
TEL,76052,12.1958,11.5537,-2.2229,85.4394,-69,-0.135481
TEL,76152,12.7361,12.1461,-2.8582,108.9245,-106,-0.208131
TEL,76252,13.5161,12.9123,-3.6520,133.7177,-129,-0.253291
TEL,76352,10.0750,12.2399,-4.1542,149.6581,-150,-0.294524
TEL,76452,13.8370,12.9520,-3.5528,133.7718,-134,-0.263108
TEL,76552,14.4781,13.7949,-4.4082,166.3296,-157,-0.308269
TEL,76652,15.0799,14.5059,-5.1358,189.3777,-186,-0.365210
TEL,76752,14.7502,13.9864,-4.3059,115.8192,-163,-0.320050
TEL,76852,15.3735,14.7423,-5.4364,162.2105,-121,-0.237583
TEL,76952,15.5243,15.1733,-6.0122,188.4110,-183,-0.359320
TEL,77052,10.6252,12.8198,-5.3645,137.4909,-164,-0.322013
TEL,77152,15.1766,14.4944,-4.7925,158.2938,-153,-0.300415
TEL,77252,15.6264,15.3134,-6.1495,202.8643,-183,-0.359320
TEL,77352,15.6779,15.4764,-6.4069,208.3382,-208,-0.408407
TEL,77452,14.0870,14.0414,-5.0100,143.6108,-183,-0.359320
TEL,77552,14.8899,14.4230,-5.2383,158.7011,-152,-0.298451
TEL,77652,14.7965,14.5414,-5.5634,172.5223,-173,-0.339685
TEL,77752,10.1438,13.7418,-5.5763,172.4264,-172,-0.337721
TEL,77852,13.5161,13.4294,-4.3958,137.0400,-149,-0.292561
TEL,77952,13.3608,13.4531,-4.4764,139.4891,-139,-0.272926
TEL,78052,9.7869,12.7486,-4.3412,131.5149,-132,-0.259181
TEL,78152,11.8177,11.9796,-3.0845,72.1068,-106,-0.208131
TEL,78252,11.0418,11.5266,-2.6946,61.6521,-62,-0.121737
TEL,78352,10.4764,11.1134,-2.3361,50.2558,-50,-0.098175
TEL,78452,9.1388,10.0981,-1.8512,32.9498,-34,-0.066759
TEL,78552,8.7727,9.3259,-0.6422,-11.5221,-9,-0.017671
TEL,78652,8.0864,8.5269,0.2645,-30.7992,29,0.056941
TEL,78752,8.4494,8.4400,0.5633,-38.1569,38,0.074613
TEL,78852,8.7552,8.4535,0.6168,-36.0110,36,0.070686
TEL,78952,9.6170,8.8037,0.4034,-21.4477,22,0.043197
TEL,79052,10.5752,9.7179,-0.3607,14.0180,-2,-0.003927
TEL,79152,8.3679,9.1913,-0.5320,12.2751,-12,-0.023562
TEL,79252,11.7266,10.6696,-1.0452,46.0133,-35,-0.068722
TEL,79352,12.5626,11.8100,-2.2761,98.2530,-72,-0.141372
TEL,79452,10.1901,11.7206,-3.5758,140.3105,-132,-0.259181
TEL,79552,12.9503,12.0129,-2.4941,91.1409,-117,-0.229729
TEL,79652,14.2584,13.5968,-4.1488,153.7396,-113,-0.221875
TEL,79752,14.7965,14.2718,-4.9712,182.0843,-177,-0.347539
TEL,79852,14.8899,14.1005,-4.3886,117.9806,-157,-0.308269
TEL,79952,14.9370,14.4888,-5.2516,152.6370,-126,-0.247400
TEL,80052,16.0473,15.4092,-6.1109,188.7409,-183,-0.359320
TEL,80152,11.9726,14.5286,-6.6471,210.9283,-209,-0.410371
TEL,80252,15.7818,14.8525,-5.2946,178.0713,-188,-0.369137
TEL,80352,16.3213,15.7446,-6.3679,221.3447,-203,-0.398590
TEL,80452,16.6617,15.9265,-6.9777,224.0000,-224,-0.439823
TEL,80552,15.7818,15.0902,-5.2678,128.0000,-199,-0.390736
TEL,80652,15.8870,15.5170,-6.3516,174.3747,-130,-0.255254
TEL,80752,16.2107,15.8226,-6.6815,194.1800,-185,-0.363247
TEL,80852,10.8559,13.4614,-6.0896,152.3895,-170,-0.333794
TEL,80952,15.0799,14.3901,-4.8723,137.7383,-138,-0.270962
TEL,81052,15.3735,14.6566,-5.7106,175.5951,-163,-0.320050
TEL,81152,15.0320,14.9216,-5.8688,185.9378,-186,-0.365210
TEL,81252,13.3993,13.3582,-4.3265,113.7121,-162,-0.318086
TEL,81352,13.9610,13.6652,-4.5456,130.9012,-119,-0.233656
TEL,81452,13.4770,13.5668,-4.7095,138.8065,-139,-0.272926
TEL,81552,9.2154,11.7656,-3.9846,99.0528,-114,-0.223838
TEL,81652,11.7872,11.8707,-2.9045,70.2916,-77,-0.151189
TEL,81752,11.4608,11.7617,-2.8371,71.9999,-72,-0.141372
TEL,81852,8.8617,10.9118,-2.4866,59.9917,-60,-0.117810
TEL,81952,9.6170,9.9286,-1.1518,-0.3071,-35,-0.068722
TEL,82052,8.8081,9.2694,-0.4665,-17.8300,18,0.035343
TEL,82152,8.2563,8.8389,-0.0644,-27.3881,27,0.053014
TEL,82252,7.4933,8.6399,-0.0644,-27.3881,27,0.053014
TEL,82352,8.6338,8.5343,0.5002,-31.8375,32,0.062832
TEL,82452,9.5547,8.9331,0.3718,-21.4675,21,0.041233
TEL,82552,10.1438,9.4027,-0.1507,-0.1859,0,0.000000
TEL,82652,10.3793,9.4365,-0.0488,-10.5165,11,0.021598
TEL,82752,11.2897,10.3730,-0.8935,32.9438,-25,-0.049087
TEL,82852,8.7552,10.3486,-1.8605,75.8745,-69,-0.135481
TEL,82952,9.0633,10.1885,-1.3486,23.6068,-39,-0.076576
TEL,83052,13.2465,12.5664,-2.3514,95.8851,-53,-0.104065
TEL,83152,13.8370,13.3050,-3.9708,150.2286,-138,-0.270962
TEL,83252,11.4608,13.1147,-4.6290,171.5043,-171,-0.335758
TEL,83352,13.8781,13.2773,-3.9849,138.6827,-142,-0.278816
TEL,83452,15.2254,14.4905,-4.6920,167.7579,-167,-0.327904
TEL,83552,15.7818,15.1975,-5.8767,207.9999,-203,-0.398590
TEL,83652,16.1559,15.7962,-6.4140,222.0173,-222,-0.435896
TEL,83752,16.3213,16.0369,-6.9391,224.0000,-224,-0.439823
TEL,83852,16.3771,16.1924,-7.1033,224.0000,-224,-0.439823
TEL,83952,16.3213,16.2315,-7.2148,224.0000,-224,-0.439823
TEL,84052,16.1015,16.2420,-7.2521,224.0000,-224,-0.439823
TEL,84152,15.8870,16.1953,-7.2322,224.0000,-224,-0.439823
TEL,84252,15.5243,16.0275,-7.1610,219.4414,-219,-0.430005
TEL,84352,15.2745,15.8105,-6.9154,207.1555,-207,-0.406444
TEL,84452,14.5228,15.3126,-6.6721,195.4963,-195,-0.382882
TEL,84552,14.2152,14.8396,-6.0676,170.8157,-171,-0.335758
TEL,84652,13.3608,14.0142,-5.5515,149.2781,-149,-0.292561
TEL,84752,12.5969,13.3324,-4.6794,117.2857,-119,-0.233656
TEL,84852,11.4898,12.2660,-4.0109,93.4950,-93,-0.182605
TEL,84952,10.7011,11.4739,-2.8882,55.3386,-59,-0.115846
TEL,85052,9.5962,10.2916,-2.0655,26.4787,-27,-0.053014
TEL,85152,8.9340,9.5716,-1.2916,1.0167,-1,-0.001963
TEL,85252,8.1016,8.6243,-0.2257,-31.2941,30,0.058905
TEL,85352,7.0108,8.4966,0.5034,-39.9918,40,0.078540
TEL,85452,9.0075,8.5522,0.6297,-40.1815,40,0.078540
TEL,85552,9.7869,8.9927,0.2580,-17.3457,17,0.033379
TEL,85652,10.8298,10.0259,-0.2823,-0.0000,0,0.000000
TEL,85752,9.9179,9.6351,-0.4593,-3.5582,4,0.007854
TEL,85852,12.3269,11.4120,-1.0857,34.6733,-30,-0.058905
TEL,85952,12.9503,12.3405,-2.9264,105.8311,-78,-0.153153
TEL,86052,9.5754,10.7930,-3.7132,136.2561,-136,-0.267035
TEL,86152,13.7150,12.7341,-2.7746,132.5484,-133,-0.261145
TEL,86252,15.0799,14.6290,-4.5948,200.7278,-176,-0.345575
TEL,86352,15.5752,15.1609,-5.9367,224.0000,-224,-0.439823
TEL,86452,14.7502,14.5652,-5.0546,155.2295,-181,-0.355393
TEL,86552,16.2107,15.3872,-5.9641,194.3082,-173,-0.339685
TEL,86652,17.0154,16.4467,-6.8194,224.0000,-224,-0.439823
TEL,86752,11.5775,14.8031,-7.4467,224.0000,-224,-0.439823
TEL,86852,16.7197,16.0333,-6.1160,213.1204,-213,-0.418225
TEL,86952,17.1364,16.6506,-7.3821,224.0000,-224,-0.439823
TEL,87052,12.7011,15.8389,-7.8507,224.0000,-224,-0.439823
TEL,87152,16.4333,16.3823,-6.8389,189.8230,-192,-0.376991
TEL,87252,16.4333,16.3422,-7.2975,205.2387,-205,-0.402517
TEL,87352,16.3213,16.3612,-7.3691,212.1589,-212,-0.416261
TEL,87452,13.9610,15.1965,-7.3716,215.1132,-215,-0.422151
TEL,87552,14.9370,15.0151,-6.0495,172.4520,-179,-0.351466
TEL,87652,14.5678,14.8674,-5.9960,172.8138,-173,-0.339685
TEL,87752,11.1783,14.1327,-5.7883,166.0604,-166,-0.325940
TEL,87852,12.7011,12.8217,-4.1638,88.3471,-122,-0.239546
TEL,87952,12.4606,12.7281,-3.8072,87.6311,-88,-0.172788
TEL,88052,11.4898,12.2024,-3.5953,84.6009,-85,-0.166897
TEL,88152,9.6801,10.5486,-2.2038,17.4066,-43,-0.084430
TEL,88252,9.4122,9.8264,-1.1291,-14.4021,13,0.025525
TEL,88352,8.7552,9.3653,-0.6073,-23.3066,23,0.045160
TEL,88452,6.4808,9.1012,-0.1012,-35.1107,31,0.060868
TEL,88552,8.1938,8.5112,0.3269,-33.6468,34,0.066759
TEL,88652,9.2932,8.7968,0.4475,-31.2828,31,0.060868
TEL,88752,9.8959,9.1876,0.0344,-7.9041,8,0.015708
TEL,88852,10.0071,9.6797,-0.4412,14.3277,-14,-0.027489
TEL,88952,11.0689,10.2116,-0.9097,35.4676,-35,-0.068722
TEL,89052,12.3269,11.5223,-1.6011,66.3922,-64,-0.125664
TEL,89152,9.2347,10.9399,-2.5223,103.3120,-99,-0.194386
TEL,89252,13.1340,12.5148,-2.7374,127.5023,-128,-0.251327
TEL,89352,13.9610,13.3220,-3.9464,164.6772,-161,-0.316123
TEL,89452,14.7965,14.2503,-4.6419,182.6008,-183,-0.359320
TEL,89552,14.5228,13.7468,-4.0194,111.9801,-139,-0.272926
TEL,89652,15.2745,14.5826,-4.9224,147.1691,-128,-0.251327
TEL,89752,15.5243,15.0385,-5.8170,181.6868,-181,-0.355393
TEL,89852,13.6748,14.0933,-6.2136,197.1577,-197,-0.386809
TEL,89952,15.4235,14.5706,-5.2147,168.0229,-169,-0.331831
TEL,90052,15.9936,15.5179,-5.9425,198.5025,-198,-0.388772
TEL,90152,16.1015,15.8158,-6.7004,221.3254,-221,-0.433932
TEL,90252,15.1281,14.9309,-5.7051,149.9602,-177,-0.347539
TEL,90352,15.7818,15.2267,-6.0408,169.6210,-165,-0.323977
TEL,90452,15.6779,15.4885,-6.3421,185.6827,-186,-0.365210
TEL,90552,12.9503,14.1114,-5.7635,146.3298,-151,-0.296488
TEL,90652,14.5678,14.3004,-5.1187,134.8170,-135,-0.265072
TEL,90752,14.7042,14.4785,-5.4140,152.6831,-153,-0.300415
TEL,90852,10.2839,13.8507,-5.4966,158.5256,-159,-0.312196
TEL,90952,12.9503,13.1693,-4.3020,106.8687,-119,-0.233656
TEL,91052,13.3225,13.2521,-4.1930,110.7026,-111,-0.217948
TEL,91152,12.9867,13.1800,-4.2178,114.6563,-115,-0.225802
TEL,91252,11.0418,12.0038,-4.1116,112.6613,-113,-0.221875
TEL,91352,11.4898,11.6567,-2.7386,65.9986,-75,-0.147262
TEL,91452,10.5009,11.1077,-2.4907,57.8454,-58,-0.113883
TEL,91552,8.4494,10.1963,-1.8696,36.3765,-36,-0.070686
TEL,91652,8.7552,9.0308,-0.4819,-22.5874,5,0.009817
TEL,91752,8.3038,8.7189,0.1221,-25.5555,26,0.051051
TEL,91852,8.3518,8.4257,0.4473,-35.5008,36,0.070686
TEL,91952,7.8077,8.3031,0.6969,-39.9939,40,0.078540
TEL,92052,9.5136,8.6916,0.5163,-26.7459,30,0.058905
TEL,92152,10.0297,9.2151,-0.2151,-0.2582,16,0.031416
TEL,92252,8.0113,9.2692,-0.8658,37.7222,-11,-0.021598
TEL,92352,10.8038,10.0769,-1.0769,54.1872,-48,-0.094248
TEL,92452,12.2610,11.5974,-2.1659,96.9530,-65,-0.127627
TEL,92552,12.8068,12.2664,-3.2664,130.5896,-106,-0.208131
TEL,92652,13.6348,13.0818,-3.8303,146.0692,-141,-0.276853
TEL,92752,13.9610,13.4931,-4.4931,163.2717,-157,-0.308269
TEL,92852,14.5678,14.0317,-4.8415,171.0553,-171,-0.335758
TEL,92952,14.8430,14.3736,-5.2086,180.3825,-179,-0.351466
TEL,93052,15.0320,14.6961,-5.5988,188.1996,-188,-0.369137
TEL,93152,15.0799,14.8491,-5.8491,191.8628,-192,-0.376991
TEL,93252,15.2745,15.0149,-5.9604,192.6786,-193,-0.378955
TEL,93352,15.3238,15.1004,-6.1004,194.2714,-194,-0.380918
TEL,93452,15.0799,15.1038,-6.1073,190.8682,-191,-0.375028
TEL,93552,15.0799,15.0989,-6.0989,188.3603,-188,-0.369137
TEL,93652,14.7502,15.0364,-6.0656,185.2418,-185,-0.363247
TEL,93752,14.5228,14.9604,-5.9604,179.5979,-180,-0.353429
TEL,93852,14.0027,14.6914,-5.8077,171.9022,-172,-0.337721
TEL,93952,13.6748,14.3708,-5.3708,154.0039,-162,-0.318086
TEL,94052,12.9142,13.6027,-4.8698,132.0259,-143,-0.280780
TEL,94152,12.3600,13.0192,-4.0192,101.2193,-121,-0.237583
TEL,94252,11.2617,11.9950,-3.3549,75.9086,-90,-0.176715
TEL,94352,8.9706,10.7406,-1.7406,5.4358,-66,-0.129591
TEL,94452,9.3922,9.7106,-0.8886,-15.5660,5,0.009817
TEL,94552,8.8617,9.3322,-0.3322,-26.2975,25,0.049087
TEL,94652,6.6986,8.8943,0.1057,-26.1265,26,0.051051
TEL,94752,7.8077,8.5896,0.4104,-33.5643,34,0.066759
TEL,94852,8.9890,8.6746,0.4122,-27.3136,28,0.054978
TEL,94952,9.3326,8.9188,0.1938,-12.9608,17,0.033379
TEL,95052,9.3524,8.9428,0.2207,-19.4557,19,0.037306
TEL,95152,10.5752,9.6339,-0.6339,19.8307,9,0.017671
TEL,95252,11.7266,10.9789,-1.5406,61.6116,-31,-0.060868
TEL,95352,12.3600,11.7381,-2.7381,104.5791,-73,-0.143335
TEL,95452,12.3934,11.5589,-2.1167,85.8318,-96,-0.188496
TEL,95552,13.2844,12.5386,-3.5386,136.9819,-96,-0.188496
TEL,95652,11.8792,12.7711,-4.2479,160.7803,-153,-0.300415
TEL,95752,9.7439,10.9501,-1.9501,64.7803,-151,-0.296488
TEL,95852,14.4781,13.7412,-4.0096,146.4832,-73,-0.143335
TEL,95952,14.7042,14.3833,-5.3833,187.1839,-107,-0.210094
TEL,96052,10.5009,13.5614,-5.7805,197.4694,-189,-0.371101
TEL,96152,14.3895,13.8256,-4.8256,170.5324,-187,-0.367174
TEL,96252,15.5243,14.8603,-5.5220,196.2196,-182,-0.357356
TEL,96352,15.6264,15.2375,-6.2375,214.4477,-206,-0.404480
TEL,96452,14.9843,14.1951,-4.6010,137.4599,-203,-0.398590
TEL,96552,15.4737,14.8443,-5.4874,173.6144,-139,-0.272926
TEL,96652,15.1766,15.1159,-6.0945,193.0017,-185,-0.363247
TEL,96752,10.9349,14.3664,-5.3664,143.4120,-183,-0.359320
TEL,96852,14.1295,14.0114,-4.9672,134.9152,-133,-0.261145
TEL,96952,13.3225,13.9269,-5.0874,144.9922,-144,-0.282743
TEL,97052,14.0027,14.0235,-5.0280,146.2463,-146,-0.286670
TEL,97152,12.2610,12.9742,-3.9742,104.4623,-136,-0.267035
TEL,97252,12.5284,12.7382,-3.8036,101.8091,-102,-0.200277
TEL,97352,11.7872,12.4897,-3.6649,98.8054,-99,-0.194386
TEL,97452,10.2368,11.0478,-2.5563,42.6572,-88,-0.172788
TEL,97552,10.2603,10.5995,-1.5995,17.9522,-27,-0.053014
TEL,97652,9.5754,10.1151,-1.3024,12.9460,-13,-0.025525
TEL,97752,9.0821,9.6962,-0.6962,-4.8657,-3,-0.005890
TEL,97852,7.8362,8.6667,-0.1287,-23.6533,12,0.023562
TEL,97952,7.3639,8.4075,0.5925,-41.1737,25,0.049087
TEL,98052,8.9340,8.5923,0.5074,-30.8501,32,0.062832
TEL,98152,7.1651,8.4166,0.5074,-30.8501,31,0.060868
TEL,98252,9.8959,9.0444,0.4542,-23.2556,23,0.045160
TEL,98352,10.6252,9.7815,-0.0444,-0.3180,0,0.000000
TEL,98452,9.4122,10.0811,-0.7815,37.8753,-38,-0.074613
TEL,98552,11.3179,10.3402,-1.0811,31.8960,-32,-0.062832
TEL,98652,12.7011,11.8879,-1.8119,69.1466,-69,-0.135481
TEL,98752,13.3225,12.7464,-2.8879,113.8863,-113,-0.221875
TEL,98852,12.8424,12.4123,-4.0849,152.8945,-152,-0.298451
TEL,98952,13.7554,13.1560,-3.4123,136.1005,-136,-0.267035
