BALL_BEAM_BOOT
HELP,keys
STATE,SAFE_DISABLED
SENSORS,angle=bad,pos=bad
MEAS,theta_deg=0.0000,x_cm=0.0000,x_filt_cm=0.0000
AGE,angle_ms=0,pos_ms=0
FAULTS,bits=0
CAL,zero_calibrated=yes,limits_calibrated=yes,sign_calibrated=yes
CAL_STORE,status=loaded
SONAR_CFG,s=-1,m=o,u=1
ACT_CFG,t=25.3125,s=m,c=a
TEL,enabled=1
FAULT_INFO,bits=0
FAULT_INFO,mode=bringup_warning
FAULT_INFO,none
TEL,350,SAFE_DISABLED,4.8381,4.6941,-4.3066,0.0000,0.00,0,0.0000
TEL,450,SAFE_DISABLED,5.0096,4.8622,-4.3066,0.0000,0.00,0,0.0000
TEL,550,SAFE_DISABLED,4.9753,4.9365,-4.3066,0.0000,0.00,0,0.0000
TEL,650,SAFE_DISABLED,4.9753,4.9563,-4.3066,0.0000,0.00,0,0.0000
TEL,750,SAFE_DISABLED,5.0439,4.9894,-4.3066,0.0000,0.00,0,0.0000
TEL,850,SAFE_DISABLED,5.0439,5.0172,-4.3066,0.0000,0.00,0,0.0000
TEL,950,SAFE_DISABLED,5.0439,5.0348,-4.3066,0.0000,0.00,0,0.0000
TEL,1050,SAFE_DISABLED,5.0439,5.0394,-4.3066,0.0000,0.00,0,0.0000
TEL,1150,SAFE_DISABLED,5.0439,5.0424,-4.3066,0.0000,0.00,0,0.0000
TEL,1250,SAFE_DISABLED,5.0439,5.0432,-4.3066,0.0000,0.00,0,0.0000
TEL,1350,SAFE_DISABLED,5.0439,5.0437,-4.3066,0.0000,0.00,0,0.0000
TEL,1451,SAFE_DISABLED,5.0439,5.0438,-4.3066,0.0000,0.00,0,0.0000
TEL,1551,SAFE_DISABLED,5.0439,5.0439,-4.3066,0.0000,0.00,0,0.0000
TEL,1651,SAFE_DISABLED,5.0439,5.0439,-4.3066,0.0000,0.00,0,0.0000
TEL,1751,SAFE_DISABLED,5.0439,5.0439,-4.3066,0.0000,0.00,0,0.0000
TEL,1851,SAFE_DISABLED,5.0439,5.0439,-4.3066,0.0000,0.00,0,0.0000
TEL,1951,SAFE_DISABLED,5.0439,5.0439,-4.3066,0.0000,0.00,0,0.0000
TEL,2051,SAFE_DISABLED,5.0439,5.0439,-4.3066,0.0000,0.00,0,0.0000
TEL,2151,SAFE_DISABLED,5.0439,5.0439,-4.3066,0.0000,0.00,0,0.0000
TEL,2251,SAFE_DISABLED,5.0439,5.0439,-4.3066,0.0000,0.00,0,0.0000
TEL,2351,SAFE_DISABLED,5.0439,5.0439,-4.3066,0.0000,0.00,0,0.0000
TEL,2451,SAFE_DISABLED,5.0439,5.0439,-4.3066,0.0000,0.00,0,0.0000
TEL,2551,SAFE_DISABLED,5.0439,5.0439,-4.3066,0.0000,0.00,0,0.0000
TEL,2651,SAFE_DISABLED,5.0439,5.0439,-4.3066,0.0000,0.00,0,0.0000
OK,telemetry=0
STATE,SAFE_DISABLED
SENSORS,angle=ok,pos=ok
MEAS,theta_deg=-4.3066,x_cm=5.0439,x_filt_cm=5.0392
AGE,angle_ms=12,pos_ms=19
FAULTS,bits=0
CAL,zero_calibrated=yes,limits_calibrated=yes,sign_calibrated=yes
CAL_STORE,status=loaded
SONAR_CFG,s=-1,m=o,u=1
ACT_CFG,t=25.3125,s=m,c=a
TEL,enabled=0
FAULT_INFO,bits=0
FAULT_INFO,mode=bringup_warning
FAULT_INFO,none
OK,cal_reset_saved
OK,cal_limit_down_set=0.000000
CAL_LIMITS,lower_deg=-8.183060,upper_deg=8.183060,limits_calibrated=no
ERR,sonar_not_ready
SONAR_DIAG,fresh=0,age_ms=8315,raw_cm=4.5962,filt_cm=4.9992,jump_reject_cnt=47
OK,cal_limit_up_set=52.628021
OK,as5600_sign=-1,sonar_sign=-1
INFO,limits_sonar_ok
CAL_LIMITS,lower_deg=-26.314010,upper_deg=26.314010,limits_calibrated=yes
OK,driver_enabled
OK,stepper_sign=-1,delta=-22.5000
OK,cal_saved
STATE,READY
SENSORS,angle=ok,pos=ok
MEAS,theta_deg=25.3472,x_cm=8.2603,x_filt_cm=8.2642
AGE,angle_ms=8,pos_ms=21
FAULTS,bits=0
CAL,zero_calibrated=yes,limits_calibrated=yes,sign_calibrated=yes
CAL_STORE,status=loaded
SONAR_CFG,s=-1,m=o,u=1
ACT_CFG,t=26.3140,s=m,c=a
TEL,enabled=0
FAULT_INFO,bits=0
FAULT_INFO,mode=bringup_warning
FAULT_INFO,none
SET,92186,0.0000,4.1494,-4.1494
SET,104506,0.0000,4.1494,-4.1494
OK,telemetry=1
TEL,104908,READY,8.6719,8.6827,25.3472,0.0000,0.00,0,0.0000
TEL,105008,READY,8.6719,8.6756,25.3472,0.0000,0.00,0,0.0000
TEL,105108,READY,8.3289,8.4988,25.3472,0.0000,0.00,0,0.0000
TEL,105208,READY,8.2603,8.3522,25.3472,0.0000,0.00,0,0.0000
TEL,105308,READY,8.3289,8.3259,25.3472,0.0000,0.00,0,0.0000
TEL,105408,READY,8.3289,8.3134,25.3472,0.0000,0.00,0,0.0000
TEL,105508,READY,8.3289,8.3213,25.3472,0.0000,0.00,0,0.0000
TEL,105608,READY,8.6719,8.5516,25.3472,0.0000,0.00,0,0.0000
TEL,105708,READY,8.7405,8.6335,25.3472,0.0000,0.00,0,0.0000
TEL,105808,READY,8.7405,8.7038,25.3472,0.0000,0.00,0,0.0000
TEL,105908,READY,8.6719,8.7019,25.3472,0.0000,0.00,0,0.0000
TEL,106008,READY,8.7405,8.7172,25.3472,0.0000,0.00,0,0.0000
TEL,106108,READY,8.7405,8.7147,25.3472,0.0000,0.00,0,0.0000
TEL,106208,READY,8.6719,8.6866,25.3472,0.0000,0.00,0,0.0000
TEL,106308,READY,8.6719,8.6791,25.3472,0.0000,0.00,0,0.0000
TEL,106408,READY,8.6719,8.6888,25.3472,0.0000,0.00,0,0.0000
TEL,106508,READY,8.7405,8.7007,25.3472,0.0000,0.00,0,0.0000
TEL,106608,READY,8.7405,8.7024,25.3472,0.0000,0.00,0,0.0000
TEL,106708,READY,8.6719,8.6868,25.3472,0.0000,0.00,0,0.0000
TEL,106808,READY,8.6719,8.6770,25.3472,0.0000,0.00,0,0.0000
TEL,106908,READY,8.6719,8.6744,25.3472,0.0000,0.00,0,0.0000
TEL,107008,READY,8.7405,8.6933,25.3472,0.0000,0.00,0,0.0000
TEL,107108,READY,8.6719,8.6824,25.3472,0.0000,0.00,0,0.0000
TEL,107208,READY,8.3289,8.5726,25.3472,0.0000,0.00,0,0.0000
TEL,107308,READY,8.3289,8.4483,25.3472,0.0000,0.00,0,0.0000
TEL,107408,READY,8.3289,8.3698,25.3472,0.0000,0.00,0,0.0000
TEL,107508,READY,8.3289,8.3490,25.3472,0.0000,0.00,0,0.0000
TEL,107608,READY,8.6719,8.4387,25.3472,0.0000,0.00,0,0.0000
TEL,107708,READY,8.6719,8.5576,25.3472,0.0000,0.00,0,0.0000
TEL,107808,READY,8.7405,8.6778,25.3472,0.0000,0.00,0,0.0000
TEL,107908,READY,8.7405,8.7097,25.3472,0.0000,0.00,0,0.0000
TEL,108008,READY,8.3289,8.5460,25.3472,0.0000,0.00,0,0.0000
TEL,108108,READY,8.3289,8.4352,25.3472,0.0000,0.00,0,0.0000
TEL,108208,READY,8.3289,8.3654,25.3472,0.0000,0.00,0,0.0000
TEL,108308,READY,8.3289,8.3468,25.3472,0.0000,0.00,0,0.0000
TEL,108408,READY,8.2603,8.3144,25.3472,0.0000,0.00,0,0.0000
TEL,108508,READY,8.2603,8.2868,25.3472,0.0000,0.00,0,0.0000
TEL,108608,READY,8.2603,8.2694,25.3472,0.0000,0.00,0,0.0000
TEL,108708,READY,8.3289,8.2853,25.3472,0.0000,0.00,0,0.0000
TEL,108808,READY,8.7405,8.4374,25.3472,0.0000,0.00,0,0.0000
TEL,108908,READY,8.7405,8.5920,25.3472,0.0000,0.00,0,0.0000
TEL,109008,READY,8.7405,8.6751,25.3472,0.0000,0.00,0,0.0000
TEL,109108,READY,8.7405,8.7085,25.3472,0.0000,0.00,0,0.0000
TEL,109208,READY,8.7405,8.7194,25.3472,0.0000,0.00,0,0.0000
TEL,109308,READY,8.7405,8.7302,25.3472,0.0000,0.00,0,0.0000
TEL,109408,READY,8.7405,8.7369,25.3472,0.0000,0.00,0,0.0000
TEL,109508,READY,8.7405,8.7387,25.3472,0.0000,0.00,0,0.0000
TEL,109608,READY,8.7405,8.7399,25.3472,0.0000,0.00,0,0.0000
TEL,109708,READY,8.7405,8.7402,25.3472,0.0000,0.00,0,0.0000
TEL,109808,READY,8.7405,8.7404,25.3472,0.0000,0.00,0,0.0000
TEL,109908,READY,8.7405,8.7404,25.3472,0.0000,0.00,0,0.0000
TEL,110008,READY,8.6719,8.6954,25.3472,0.0000,0.00,0,0.0000
TEL,110108,READY,8.6719,8.6834,25.3472,0.0000,0.00,0,0.0000
TEL,110208,READY,8.6719,8.6758,25.3472,0.0000,0.00,0,0.0000
TEL,110308,READY,8.6719,8.6738,25.3472,0.0000,0.00,0,0.0000
TEL,110408,READY,8.6719,8.6725,25.3472,0.0000,0.00,0,0.0000
TEL,110508,READY,8.6719,8.6722,25.3472,0.0000,0.00,0,0.0000
TEL,110608,READY,8.3289,8.4971,25.3472,0.0000,0.00,0,0.0000
TEL,110708,READY,8.3289,8.4113,25.3472,0.0000,0.00,0,0.0000
TEL,110808,READY,8.3289,8.3571,25.3472,0.0000,0.00,0,0.0000
TEL,110908,READY,8.3289,8.3427,25.3472,0.0000,0.00,0,0.0000
TEL,111008,READY,8.3289,8.3336,25.3472,0.0000,0.00,0,0.0000
TEL,111108,READY,8.6719,8.5061,25.3472,0.0000,0.00,0,0.0000
TEL,111208,READY,8.6719,8.6150,25.3472,0.0000,0.00,0,0.0000
TEL,111308,READY,8.7405,8.6790,25.3472,0.0000,0.00,0,0.0000
TEL,111408,READY,8.7405,8.7194,25.3472,0.0000,0.00,0,0.0000
TEL,111508,READY,8.7405,8.7302,25.3472,0.0000,0.00,0,0.0000
TEL,111608,READY,8.7405,8.7369,25.3472,0.0000,0.00,0,0.0000
TEL,111708,READY,8.6033,8.6976,25.3472,0.0000,0.00,0,0.0000
TEL,111808,READY,8.3289,8.4957,25.3472,0.0000,0.00,0,0.0000
TEL,111908,READY,8.3289,8.4106,25.3472,0.0000,0.00,0,0.0000
TEL,112008,READY,8.3289,8.3569,25.3472,0.0000,0.00,0,0.0000
TEL,112108,READY,8.3289,8.3426,25.3472,0.0000,0.00,0,0.0000
TEL,112208,READY,8.2603,8.2986,25.3472,0.0000,0.00,0,0.0000
TEL,112308,READY,8.2603,8.2791,25.3472,0.0000,0.00,0,0.0000
TEL,112408,READY,8.2603,8.2667,25.3472,0.0000,0.00,0,0.0000
TEL,112508,READY,8.2603,8.2634,25.3472,0.0000,0.00,0,0.0000
TEL,112608,READY,8.3289,8.2964,25.3472,0.0000,0.00,0,0.0000
SET,112626,-4.1494,4.1494,-4.1494
TEL,112708,READY,8.6719,8.4879,25.3472,0.0000,0.00,0,-4.1494
TEL,112808,READY,8.7405,8.6538,25.3472,0.0000,0.00,0,-4.1494
TEL,112908,READY,8.6719,8.6774,25.3472,0.0000,0.00,0,-4.1494
TEL,113008,READY,8.3289,8.4989,25.3472,0.0000,0.00,0,-4.1494
TEL,113108,READY,8.3289,8.4122,25.3472,0.0000,0.00,0,-4.1494
TEL,113208,READY,8.3289,8.3575,25.3472,0.0000,0.00,0,-4.1494
TEL,113308,READY,8.3975,8.3635,25.3472,0.0000,0.00,0,-4.1494
TEL,113408,READY,8.6719,8.4681,25.3472,0.0000,0.00,0,-4.1494
TEL,113508,READY,8.6719,8.5720,25.3472,0.0000,0.00,0,-4.1494
TEL,113608,READY,8.6719,8.6376,25.3472,0.0000,0.00,0,-4.1494
TEL,113708,READY,8.3289,8.4802,25.3472,0.0000,0.00,0,-4.1494
TEL,113808,READY,8.3289,8.3808,25.3472,0.0000,0.00,0,-4.1494
TEL,113908,READY,8.2603,8.3337,25.3472,0.0000,0.00,0,-4.1494
TEL,114008,READY,8.2603,8.2855,25.3472,0.0000,0.00,0,-4.1494
TEL,114108,READY,8.3289,8.3076,25.3472,0.0000,0.00,0,-4.1494
TEL,114208,READY,8.3289,8.3216,25.3472,0.0000,0.00,0,-4.1494
TEL,114308,READY,8.3289,8.3253,25.3472,0.0000,0.00,0,-4.1494
TEL,114408,READY,8.3289,8.4501,25.3472,0.0000,0.00,0,-4.1494
TEL,114508,READY,8.3289,8.3883,25.3472,0.0000,0.00,0,-4.1494
TEL,114608,READY,8.6719,8.4522,25.3472,0.0000,0.00,0,-4.1494
TEL,114708,READY,8.6719,8.5642,25.3472,0.0000,0.00,0,-4.1494
TEL,114808,READY,8.6719,8.6350,25.3472,0.0000,0.00,0,-4.1494
TEL,114908,READY,8.6719,8.6538,25.3472,0.0000,0.00,0,-4.1494
TEL,115008,READY,8.6719,8.6657,25.3472,0.0000,0.00,0,-4.1494
TEL,115108,READY,8.6719,8.6688,25.3472,0.0000,0.00,0,-4.1494
TEL,115208,READY,8.7405,8.7058,25.3472,0.0000,0.00,0,-4.1494
TEL,115308,READY,8.7405,8.7235,25.3472,0.0000,0.00,0,-4.1494
TEL,115408,READY,8.7405,8.7347,25.3472,0.0000,0.00,0,-4.1494
TEL,115508,READY,8.7405,8.7376,25.3472,0.0000,0.00,0,-4.1494
TEL,115608,READY,8.7405,8.7395,25.3472,0.0000,0.00,0,-4.1494
TEL,115708,READY,8.6719,8.7050,25.3472,0.0000,0.00,0,-4.1494
TEL,115808,READY,8.6719,8.6832,25.3472,0.0000,0.00,0,-4.1494
TEL,115908,READY,8.6719,8.6775,25.3472,0.0000,0.00,0,-4.1494
TEL,116008,READY,8.6719,8.6738,25.3472,0.0000,0.00,0,-4.1494
TEL,116108,READY,8.6719,8.6728,25.3472,0.0000,0.00,0,-4.1494
TEL,116208,READY,8.3289,8.4469,25.3472,0.0000,0.00,0,-4.1494
TEL,116308,READY,8.6719,8.5760,25.3472,0.0000,0.00,0,-4.1494
TEL,116408,READY,8.6719,8.6390,25.3472,0.0000,0.00,0,-4.1494
TEL,116508,READY,8.6719,8.6558,25.3472,0.0000,0.00,0,-4.1494
SET,116527,4.1494,4.1494,-4.1494
TEL,116608,READY,8.6719,8.6664,25.3472,0.0000,0.00,0,4.1494
TEL,116708,READY,8.6719,8.6692,25.3472,0.0000,0.00,0,4.1494
TEL,116808,READY,8.7405,8.6915,25.3472,0.0000,0.00,0,4.1494
TEL,116908,READY,8.7405,8.7165,25.3472,0.0000,0.00,0,4.1494
TEL,117008,READY,8.7405,8.7323,25.3472,0.0000,0.00,0,4.1494
TEL,117108,READY,8.7405,8.7365,25.3472,0.0000,0.00,0,4.1494
TEL,117208,READY,8.7405,8.7146,25.3472,0.0000,0.00,0,4.1494
TEL,117308,READY,8.6719,8.6928,25.3472,0.0000,0.00,0,4.1494
TEL,117408,READY,8.3289,8.5762,25.3472,0.0000,0.00,0,4.1494
TEL,117508,READY,8.6719,8.6250,25.3472,0.0000,0.00,0,4.1494
TEL,117608,READY,8.3289,8.4304,25.3472,0.0000,0.00,0,4.1494
TEL,117708,READY,8.3289,8.3786,25.3472,0.0000,0.00,0,4.1494
TEL,117808,READY,8.3289,8.3460,25.3472,0.0000,0.00,0,4.1494
TEL,117908,READY,8.3289,8.3372,25.3472,0.0000,0.00,0,4.1494
TEL,118008,READY,8.3289,8.3318,25.3472,0.0000,0.00,0,4.1494
TEL,118108,READY,8.3289,8.3303,25.3472,0.0000,0.00,0,4.1494
TEL,118208,READY,8.3289,8.3294,25.3472,0.0000,0.00,0,4.1494
TEL,118308,READY,8.3289,8.3291,25.3472,0.0000,0.00,0,4.1494
TEL,118408,READY,8.3289,8.3146,25.3472,0.0000,0.00,0,4.1494
TEL,118508,READY,8.3289,8.3219,25.3472,0.0000,0.00,0,4.1494
TEL,118608,READY,8.3289,8.3265,25.3472,0.0000,0.00,0,4.1494
TEL,118708,READY,8.3289,8.3277,25.3472,0.0000,0.00,0,4.1494
TEL,118808,READY,8.3289,8.3285,25.3472,0.0000,0.00,0,4.1494
TEL,118908,READY,8.3289,8.3287,25.3472,0.0000,0.00,0,4.1494
TEL,119008,READY,8.3289,8.3288,25.3472,0.0000,0.00,0,4.1494
TEL,119108,READY,8.3289,8.3289,25.3472,0.0000,0.00,0,4.1494
TEL,119208,READY,8.7405,8.5892,25.3472,0.0000,0.00,0,4.1494
TEL,119308,READY,8.7405,8.6664,25.3472,0.0000,0.00,0,4.1494
TEL,119408,READY,8.7405,8.7151,25.3472,0.0000,0.00,0,4.1494
TEL,119508,READY,8.7405,8.7280,25.3472,0.0000,0.00,0,4.1494
TEL,119608,READY,8.3289,8.5983,25.3472,0.0000,0.00,0,4.1494
TEL,119708,READY,8.3289,8.4609,25.3472,0.0000,0.00,0,4.1494
TEL,119808,READY,8.6719,8.4771,25.3472,0.0000,0.00,0,4.1494
TEL,119908,READY,8.6719,8.5764,25.3472,0.0000,0.00,0,4.1494
TEL,120008,READY,8.6719,8.6391,25.3472,0.0000,0.00,0,4.1494
TEL,120108,READY,8.7405,8.6908,25.3472,0.0000,0.00,0,4.1494
TEL,120208,READY,8.6719,8.7029,25.3472,0.0000,0.00,0,4.1494
TEL,120308,READY,8.7405,8.7076,25.3472,0.0000,0.00,0,4.1494
TEL,120408,READY,8.7405,8.7292,25.3472,0.0000,0.00,0,4.1494
TEL,120508,READY,8.6719,8.7144,25.3472,0.0000,0.00,0,4.1494
TEL,120608,READY,8.6719,8.6865,25.3472,0.0000,0.00,0,4.1494
TEL,120708,READY,8.6719,8.6790,25.3472,0.0000,0.00,0,4.1494
TEL,120808,READY,8.6719,8.6743,25.3472,0.0000,0.00,0,4.1494
TEL,120908,READY,8.6719,8.6731,25.3472,0.0000,0.00,0,4.1494
TEL,121008,READY,8.7405,8.7174,25.3472,0.0000,0.00,0,4.1494
TEL,121108,READY,8.7405,8.7292,25.3472,0.0000,0.00,0,4.1494
TEL,121208,READY,8.7405,8.7366,25.3472,0.0000,0.00,0,4.1494
TEL,121308,READY,8.7405,8.7386,25.3472,0.0000,0.00,0,4.1494
TEL,121408,READY,8.6719,8.6948,25.3472,0.0000,0.00,0,4.1494
TEL,121508,READY,8.6719,8.6831,25.3472,0.0000,0.00,0,4.1494
TEL,121608,READY,8.6719,8.6757,25.3472,0.0000,0.00,0,4.1494
TEL,121708,READY,8.6719,8.6738,25.3472,0.0000,0.00,0,4.1494
TEL,121808,READY,8.6719,8.6725,25.3472,0.0000,0.00,0,4.1494
TEL,121908,READY,8.6719,8.6722,25.3472,0.0000,0.00,0,4.1494
TEL,122008,READY,8.6719,8.6821,25.3472,0.0000,0.00,0,4.1494
TEL,122108,READY,8.6719,8.6769,25.3472,0.0000,0.00,0,4.1494
TEL,122208,READY,8.3975,8.6057,25.3472,0.0000,0.00,0,4.1494
TEL,122308,READY,8.3975,8.4995,25.3472,0.0000,0.00,0,4.1494
TEL,122408,READY,8.3975,8.4829,25.3472,0.0000,0.00,0,4.1494
TEL,122508,READY,8.7405,8.6143,25.3472,0.0000,0.00,0,4.1494
OK,driver_disabled
TEL,122608,READY,8.6033,8.6560,25.0133,0.0000,0.00,0,4.1494
TEL,122708,READY,8.6033,8.6579,24.9255,0.0000,0.00,0,4.1494
TEL,122808,READY,8.6033,8.5644,24.9107,0.0000,0.00,0,4.1494
TEL,122908,READY,8.3289,8.5019,24.9083,0.0000,0.00,0,4.1494
TEL,123008,READY,8.3289,8.3882,24.9078,0.0000,0.00,0,4.1494
TEL,123108,READY,8.3289,8.3580,24.9078,0.0000,0.00,0,4.1494
TEL,123208,READY,8.6719,8.4418,24.9078,0.0000,0.00,0,4.1494
TEL,123308,READY,8.6719,8.5591,24.9078,0.0000,0.00,0,4.1494
TEL,123408,READY,8.6719,8.6332,24.9078,0.0000,0.00,0,4.1494
TEL,123508,READY,8.7405,8.6879,24.9078,0.0000,0.00,0,4.1494
TEL,123608,READY,8.7405,8.7225,24.9078,0.0000,0.00,0,4.1494
TEL,123708,READY,8.7405,8.7316,24.9078,0.0000,0.00,0,4.1494
TEL,123808,READY,8.7405,8.7375,24.9078,0.0000,0.00,0,4.1494
OK,stopped
