BALL_BEAM_REF_BOOT
HOST_START_READY
REF_CFG,profile=center_far_near_90s,center_cm=13.0000,near_cm=9.0000,far_cm=17.0000,segment_ms=30000
REF,1332,13.0000,hold_center
TEL,1334,6.5622,8.5011,4.4989,0.0000,0,0.000000
TEL,1434,8.4166,8.4602,4.5398,-80.0000,0,0.000000
TEL,1534,8.6682,8.4949,4.5051,-77.1152,67,0.131554
TEL,1634,8.7202,8.5299,4.4701,-76.1792,77,0.151189
TEL,1734,7.6681,8.4656,4.5344,-80.0000,76,0.149226
TEL,1835,8.6168,8.4688,4.5312,-77.5158,80,0.157080
TEL,1935,9.0075,8.6092,4.3908,-66.9286,78,0.153153
TEL,2035,9.2154,8.7437,4.2563,-59.9046,67,0.131554
TEL,2135,8.4003,8.5941,4.4059,-80.0000,60,0.117810
TEL,2235,9.0821,8.7158,4.2842,-61.8440,80,0.157080
TEL,2335,9.2932,8.9433,4.0567,-56.9496,62,0.121737
TEL,2435,9.3326,9.0610,3.9390,-58.5746,57,0.111919
TEL,2535,8.7376,9.0082,3.9918,-75.8152,59,0.115846
TEL,2635,9.1009,9.0261,3.9739,-68.7974,76,0.149226
TEL,2735,9.2932,9.1056,3.8944,-64.3122,69,0.135481
TEL,2835,9.3326,9.1578,3.8422,-63.9593,64,0.125664
TEL,2935,9.3326,9.2113,3.7887,-64.9382,64,0.125664
TEL,3035,9.3722,9.2402,3.7598,-64.4237,65,0.127627
TEL,3135,9.3722,9.2719,3.7598,-64.4237,64,0.125664
TEL,3235,9.3524,9.2864,3.7281,-64.9064,65,0.127627
TEL,3335,9.3722,9.3045,3.7136,-65.5101,66,0.129591
TEL,3435,9.3524,9.3109,3.6955,-65.3167,65,0.127627
TEL,3535,9.3524,9.3204,3.6891,-65.7310,66,0.129591
TEL,3635,9.3524,9.3239,3.6796,-65.7733,66,0.129591
TEL,3735,9.3524,9.3281,3.6761,-65.7952,66,0.129591
TEL,3835,9.3524,9.3303,3.6719,-65.8118,66,0.129591
TEL,3935,9.3922,9.3347,3.6697,-65.8161,66,0.129591
TEL,4035,9.3524,9.3376,3.6653,-65.4148,65,0.127627
TEL,4135,9.3524,9.3393,3.6624,-65.7825,66,0.129591
TEL,4235,9.3922,9.3430,3.6607,-65.7805,66,0.129591
TEL,4335,9.3722,9.3445,3.6570,-65.4196,65,0.127627
TEL,4435,9.3922,9.3476,3.6555,-65.5851,66,0.129591
TEL,4535,9.3922,9.3517,3.6524,-65.4102,65,0.127627
TEL,4635,9.3722,9.3523,3.6483,-65.3763,65,0.127627
TEL,4736,9.3722,9.3540,3.6477,-65.5202,66,0.129591
TEL,4836,8.3518,9.3262,3.6460,-65.5090,66,0.129591
TEL,4936,9.1961,9.2896,3.6738,-69.2590,69,0.135481
TEL,5036,9.2736,9.2852,3.7104,-67.9108,68,0.133518
TEL,5136,7.1651,9.2896,3.7148,-67.0026,67,0.131554
TEL,5236,8.6510,9.1985,3.7624,-73.5652,74,0.145299
TEL,5336,9.2154,9.1863,3.8122,-71.0350,71,0.139408
TEL,5436,9.3128,9.2006,3.8076,-67.1611,67,0.131554
TEL,5536,6.9076,9.2164,3.7918,-66.5528,67,0.131554
TEL,5636,8.8081,9.1430,3.8275,-73.8412,74,0.145299
TEL,5736,9.2736,9.1584,3.8590,-69.9178,70,0.137445
TEL,5836,9.3326,9.1811,3.8313,-66.6364,67,0.131554
TEL,5936,8.2721,9.1233,3.8074,-65.9551,66,0.129591
TEL,6036,8.9890,9.0766,3.9132,-78.6407,79,0.155116
TEL,6136,9.2932,9.1146,3.9192,-69.5801,70,0.137445
TEL,6236,9.3128,9.1472,3.8692,-65.9990,66,0.129591
TEL,6336,8.5491,8.9411,3.9959,-80.0000,80,0.157080
TEL,6436,9.0446,8.9446,4.0705,-75.8660,76,0.149226
TEL,6536,9.2932,9.0457,4.0270,-66.1134,66,0.129591
TEL,6636,9.3128,9.0330,3.9543,-63.4381,63,0.123700
TEL,6736,8.8081,8.9253,4.0542,-80.0000,79,0.155116
TEL,6836,9.1769,8.9666,4.0634,-70.6055,71,0.139408
TEL,6936,9.3128,9.0696,3.9646,-63.2861,63,0.123700
TEL,7036,9.3326,9.1300,3.8981,-62.8994,63,0.123700
TEL,7136,8.9706,9.0325,3.9574,-80.0000,79,0.155116
TEL,7236,9.2736,9.0729,3.9540,-68.1340,68,0.133518
TEL,7336,9.3326,9.1401,3.8837,-64.8635,65,0.127627
TEL,7436,7.0342,9.1610,3.8390,-64.3949,64,0.125664
TEL,7536,9.0260,9.0349,3.9638,-79.6668,80,0.157080
TEL,7636,9.2347,9.0651,3.9553,-68.9903,69,0.135481
TEL,7736,9.3326,9.1335,3.8895,-65.1917,65,0.127627
TEL,7836,7.8793,9.0040,3.9960,-80.0000,76,0.149226
TEL,7936,9.1769,8.9965,4.0289,-71.8683,72,0.141372
TEL,8036,9.2541,9.0476,3.9524,-65.0232,65,0.127627
TEL,8136,9.3326,9.1311,3.8948,-64.0197,64,0.125664
TEL,8236,8.4659,9.0561,3.9439,-79.4277,75,0.147262
TEL,8336,9.1578,9.0603,3.9522,-68.8760,69,0.135481
TEL,8436,9.3326,9.1053,3.8947,-64.1731,64,0.125664
TEL,8536,7.5330,8.9830,3.8496,-64.0343,64,0.125664
TEL,8636,8.6855,8.8231,4.1769,-80.0000,76,0.149226
TEL,8736,9.2541,8.9500,4.1030,-64.0695,68,0.133518
TEL,8836,9.2932,9.0444,3.9556,-61.4409,61,0.119773
TEL,8936,7.8505,8.9460,3.8786,-61.9115,62,0.121737
TEL,9036,8.8797,8.8843,4.1157,-74.3071,73,0.143335
TEL,9136,9.2932,9.0094,4.0377,-61.8209,63,0.123700
TEL,9236,9.3722,9.1004,3.8996,-60.0809,60,0.117810
TEL,9336,8.3841,9.0296,3.9704,-80.0000,64,0.125664
TEL,9436,9.0633,9.0144,3.9856,-69.8893,77,0.151189
TEL,9536,9.2932,9.0875,3.9125,-64.1828,66,0.129591
TEL,9636,9.3326,9.1391,3.8609,-63.8215,64,0.125664
TEL,9736,8.7904,9.0995,3.9005,-73.1747,67,0.131554
TEL,9836,9.1388,9.0980,3.9020,-69.1286,70,0.137445
TEL,9936,9.3326,9.1446,3.8554,-65.0454,66,0.129591
TEL,10036,9.3524,9.1780,3.8220,-64.8252,65,0.127627
TEL,10136,9.2736,9.1125,3.9093,-80.0000,69,0.135481
TEL,10236,9.1578,9.1122,3.8878,-68.7717,76,0.149226
TEL,10336,9.3128,9.1560,3.8440,-65.6079,67,0.131554
TEL,10436,7.3639,9.1738,3.8440,-65.6079,66,0.129591
TEL,10536,9.0446,9.0564,3.9009,-78.6216,79,0.155116
TEL,10636,9.2347,9.0860,3.9436,-71.3407,71,0.139408
TEL,10736,9.3326,9.1307,3.9140,-66.6759,67,0.131554
TEL,10836,7.8505,9.0035,3.8693,-64.6444,65,0.127627
TEL,10936,9.1198,9.0426,3.9965,-80.0000,80,0.157080
TEL,11036,9.2736,9.0875,3.9574,-68.8089,69,0.135481
TEL,11136,7.6407,8.9743,3.8901,-64.9864,65,0.127627
TEL,11236,8.3518,8.8774,4.0257,-80.0000,80,0.157080
TEL,11336,9.1769,8.9737,4.1226,-80.0000,80,0.157080
TEL,11436,9.3326,9.0573,4.0263,-64.6436,65,0.127627
TEL,11536,7.0342,9.1303,3.9074,-62.3926,62,0.121737
TEL,11636,8.8977,9.0142,3.9648,-80.0000,80,0.157080
TEL,11736,9.2736,9.0803,3.9710,-68.1379,68,0.133518
TEL,11836,9.3326,9.1107,3.9197,-64.4253,64,0.125664
TEL,11936,7.9521,8.9993,3.8604,-62.9864,63,0.123700
TEL,12036,9.1009,9.0490,4.0007,-80.0000,80,0.157080
TEL,12136,9.2932,9.1144,3.9338,-66.9171,67,0.131554
TEL,12236,9.3128,9.1556,3.8646,-64.8352,65,0.127627
TEL,12336,9.3722,9.2105,3.8250,-64.4701,64,0.125664
TEL,12436,9.3524,9.2393,3.7731,-64.2298,64,0.125664
TEL,12536,9.3524,9.2709,3.7462,-64.1659,64,0.125664
TEL,12636,9.3922,9.2887,3.7205,-65.0366,65,0.127627
TEL,12736,9.3524,9.3050,3.7063,-65.5735,66,0.129591
TEL,12836,9.3722,9.3126,3.6917,-65.7014,66,0.129591
TEL,12936,9.3524,9.3243,3.6823,-65.1207,65,0.127627
TEL,13036,9.3722,9.3285,3.6741,-65.7627,66,0.129591
TEL,13136,9.3722,9.3331,3.6702,-65.7717,66,0.129591
TEL,13236,9.3722,9.3377,3.6641,-65.3064,65,0.127627
TEL,13336,9.3722,9.3430,3.6598,-65.3088,65,0.127627
TEL,13436,9.3922,9.3454,3.6570,-65.5227,66,0.129591
TEL,13536,9.3524,9.3469,3.6543,-65.7143,66,0.129591
TEL,13636,9.3524,9.3473,3.6529,-65.7066,66,0.129591
TEL,13736,9.3524,9.3491,3.6511,-65.3724,65,0.127627
TEL,13836,9.3722,9.3505,3.6509,-65.6913,66,0.129591
TEL,13936,9.3722,9.3513,3.6494,-65.6768,66,0.129591
TEL,14036,9.3524,9.3519,3.6481,-65.5322,66,0.129591
TEL,14136,9.3524,9.3535,3.6470,-65.3998,65,0.127627
TEL,14236,8.8797,9.3158,3.6682,-70.9032,71,0.139408
TEL,14336,9.2932,9.3040,3.6924,-68.2968,68,0.133518
TEL,14436,9.2932,9.3031,3.6965,-66.6379,67,0.131554
TEL,14536,8.4330,9.2716,3.6950,-66.0786,66,0.129591
TEL,14636,9.0446,9.2314,3.7563,-73.8813,74,0.145299
TEL,14736,9.3128,9.2334,3.7733,-68.9764,69,0.135481
TEL,14836,9.3524,9.2457,3.7608,-66.3988,66,0.129591
TEL,14936,8.7202,9.1603,3.8037,-74.0160,74,0.145299
TEL,15036,9.1769,9.1526,3.8496,-71.5238,72,0.141372
TEL,15136,9.3524,9.1825,3.8310,-67.0363,67,0.131554
TEL,15236,9.3326,9.2055,3.8048,-65.6353,66,0.129591
TEL,15336,8.9158,9.0575,3.9245,-80.0000,80,0.157080
TEL,15436,9.2347,9.0814,3.9357,-69.3218,69,0.135481
TEL,15536,9.3524,9.1454,3.8771,-65.5774,66,0.129591
TEL,15636,6.8963,9.1454,3.8771,-65.5774,66,0.129591
TEL,15736,9.1578,9.0808,3.9049,-74.0587,74,0.145299
TEL,15836,9.2541,9.1101,3.9192,-68.4373,68,0.133518
TEL,15936,9.3524,9.1682,3.8705,-65.3087,65,0.127627
TEL,16036,8.5156,9.1063,3.8318,-64.6244,65,0.127627
TEL,16136,9.1961,9.0896,3.9230,-77.2072,77,0.151189
TEL,16236,9.3128,9.1270,3.9104,-67.6938,68,0.133518
TEL,16336,7.1530,9.1661,3.8534,-64.9554,65,0.127627
TEL,16436,8.9523,9.0602,3.9247,-80.0000,80,0.157080
TEL,16536,9.2347,9.0890,3.9416,-71.3533,71,0.139408
TEL,16636,9.3128,9.1288,3.8910,-65.5453,66,0.129591
TEL,16736,8.2093,8.9035,3.8495,-64.4212,64,0.125664
TEL,16836,9.1009,8.9869,4.0965,-80.0000,80,0.157080
TEL,16936,9.2736,9.0766,3.9877,-66.0583,66,0.129591
TEL,17036,9.3326,9.0364,3.9234,-63.7140,64,0.125664
TEL,17136,8.6338,8.6407,4.1605,-80.0000,80,0.157080
TEL,17236,9.1388,8.7839,4.2941,-62.6266,63,0.123700
TEL,17336,9.3326,9.0124,4.1351,-56.1970,56,0.109956
TEL,17436,7.4540,9.0690,3.9310,-58.0175,58,0.113883
TEL,17536,9.0260,9.0124,3.9904,-76.2807,76,0.149226
TEL,17636,9.1961,9.0449,3.9776,-69.3413,69,0.135481
TEL,17736,9.3128,9.1318,3.8931,-63.0303,63,0.123700
TEL,17836,7.2261,9.1554,3.8446,-63.8879,64,0.125664
TEL,17936,8.8977,9.0328,3.9474,-78.1167,78,0.153153
TEL,18036,9.3128,9.0781,3.9521,-67.7361,68,0.133518
TEL,18136,9.3128,9.1487,3.8717,-65.4436,65,0.127627
TEL,18236,7.2632,9.1664,3.8336,-65.0234,65,0.127627
TEL,18336,8.8977,9.0016,3.9800,-80.0000,80,0.157080
TEL,18436,9.1769,8.9243,4.1268,-80.0000,80,0.157080
TEL,18536,9.2932,9.0663,3.9752,-60.9710,62,0.121737
TEL,18636,9.3524,9.1387,3.8970,-61.8814,62,0.121737
TEL,18736,8.8438,9.0978,3.9022,-73.3116,65,0.127627
TEL,18836,9.1388,9.0856,3.9144,-68.6963,70,0.137445
TEL,18936,7.1170,9.1178,3.8822,-65.5537,68,0.133518
TEL,19036,9.3722,9.1672,3.8328,-63.4913,64,0.125664
TEL,19136,8.6168,9.1088,3.8912,-74.4230,67,0.131554
TEL,19236,9.1198,9.1032,3.8968,-69.6832,71,0.139408
TEL,19336,9.3128,9.1448,3.8552,-65.5386,67,0.131554
TEL,19436,9.3326,9.1776,3.8224,-65.3016,65,0.127627
TEL,19536,9.2736,9.1255,3.8940,-80.0000,69,0.135481
TEL,19636,9.0446,9.0976,3.9024,-71.7021,77,0.151189
TEL,19736,9.3128,9.1412,3.8588,-65.4520,68,0.133518
TEL,19836,9.3326,9.1770,3.8230,-65.2039,65,0.127627
TEL,19936,8.3198,9.0892,3.9108,-78.9007,68,0.133518
TEL,20036,9.0821,9.0710,3.9290,-70.4163,75,0.147262
TEL,20136,9.2932,9.1142,3.8858,-65.8359,67,0.131554
TEL,20236,9.3524,9.1528,3.8472,-64.6926,65,0.127627
TEL,20336,8.2093,8.9000,4.1000,-80.0000,69,0.135481
TEL,20436,9.0260,8.9057,4.0943,-68.9072,76,0.149226
TEL,20536,9.2541,9.0001,3.9999,-63.5440,66,0.129591
TEL,20636,9.3128,9.0731,3.9269,-62.7286,63,0.123700
TEL,20736,6.9531,9.1113,3.9269,-62.7286,63,0.123700
TEL,20836,8.8259,9.0258,3.9432,-75.0616,75,0.147262
TEL,20936,9.2154,9.0687,3.9669,-69.7545,70,0.137445
TEL,21036,9.3128,9.1167,3.9070,-64.8462,65,0.127627
TEL,21136,7.1050,9.1581,3.8603,-64.3008,64,0.125664
TEL,21236,8.9158,9.0383,3.9429,-80.0000,80,0.157080
TEL,21336,9.2736,9.0777,3.9609,-71.1185,71,0.139408
TEL,21436,9.3128,9.1025,3.9223,-65.3610,65,0.127627
TEL,21536,7.2016,9.1484,3.8733,-64.2608,64,0.125664
TEL,21636,8.8259,9.0500,3.9191,-78.1394,78,0.153153
TEL,21736,9.2347,9.0776,3.9551,-72.3409,72,0.141372
TEL,21836,9.3326,9.1232,3.9004,-65.2652,65,0.127627
TEL,21936,9.3524,9.1746,3.8575,-65.0950,65,0.127627
TEL,22036,9.3922,9.2106,3.8083,-64.7188,65,0.127627
TEL,22136,9.4122,9.2549,3.7723,-64.0546,64,0.125664
TEL,22236,9.3524,9.2711,3.7451,-63.9093,64,0.125664
TEL,22336,9.4122,9.2964,3.7206,-65.1066,65,0.127627
TEL,22436,9.3922,9.3072,3.6994,-65.6415,66,0.129591
TEL,22536,9.3722,9.3220,3.6869,-65.0279,65,0.127627
TEL,22636,9.3524,9.3281,3.6735,-65.1226,65,0.127627
TEL,22736,9.3922,9.3330,3.6717,-66.0307,66,0.129591
TEL,22836,9.3722,9.3359,3.6660,-65.7613,66,0.129591
TEL,22936,9.3524,9.3381,3.6633,-65.7600,66,0.129591
TEL,23036,9.3524,9.3409,3.6596,-65.3465,65,0.127627
TEL,23136,9.3922,9.3453,3.6586,-65.7494,66,0.129591
TEL,23236,9.3722,9.3473,3.6536,-65.5329,66,0.129591
TEL,23336,9.3524,9.3485,3.6518,-65.5267,66,0.129591
TEL,23436,9.4122,9.3514,3.6515,-65.6956,66,0.129591
TEL,23536,9.3722,9.3533,3.6479,-65.5097,66,0.129591
TEL,23636,9.3722,9.3550,3.6455,-65.3511,65,0.127627
TEL,23736,9.3722,9.3565,3.6444,-65.4855,65,0.127627
TEL,23836,9.3722,9.3579,3.6435,-65.4794,65,0.127627
TEL,23936,9.3524,9.3580,3.6417,-65.4638,65,0.127627
TEL,24036,8.3038,9.3313,3.6687,-69.0372,69,0.135481
TEL,24136,9.1769,9.2927,3.7014,-69.1620,69,0.135481
TEL,24236,9.2932,9.2900,3.7100,-66.7438,67,0.131554
TEL,24336,9.3326,9.2929,3.7089,-66.5342,67,0.131554
TEL,24436,8.1474,9.2450,3.7550,-72.9762,73,0.143335
TEL,24536,9.1578,9.2022,3.7944,-71.6006,72,0.141372
TEL,24636,9.2736,9.2076,3.7924,-67.2515,67,0.131554
TEL,24736,9.3326,9.2281,3.7787,-66.1122,66,0.129591
TEL,24836,8.2406,9.1684,3.8316,-75.6822,76,0.149226
TEL,24936,9.0821,9.1077,3.8897,-74.0920,74,0.145299
TEL,25036,9.2736,9.1300,3.8700,-66.7311,67,0.131554
TEL,25136,9.3326,9.1747,3.8395,-65.6361,66,0.129591
TEL,25236,8.4330,9.1136,3.8864,-76.8279,76,0.149226
TEL,25336,9.1388,9.0732,3.9342,-73.3782,73,0.143335
TEL,25436,7.4802,9.0849,3.9151,-67.8481,72,0.141372
TEL,25536,9.3524,9.1460,3.8751,-65.4410,65,0.127627
TEL,25636,6.8738,9.1460,3.8751,-65.4410,65,0.127627
TEL,25736,9.1961,9.1010,3.9083,-74.4176,74,0.145299
TEL,25836,9.2736,9.1262,3.8990,-67.8670,68,0.133518
TEL,25936,9.2932,9.1662,3.8642,-67.3977,67,0.131554
TEL,26036,6.9303,9.1662,3.8338,-66.3092,66,0.129591
TEL,26136,9.1009,9.1165,3.8670,-72.1006,72,0.141372
TEL,26236,9.2347,9.1305,3.8835,-70.2517,70,0.137445
TEL,26336,9.3722,9.1790,3.8539,-65.8593,66,0.129591
TEL,26436,8.2563,9.1044,3.8210,-65.0196,65,0.127627
TEL,26536,9.1198,9.0651,3.9417,-80.0000,80,0.157080
TEL,26636,9.2736,9.0976,3.9348,-69.4225,69,0.135481
TEL,26736,9.3326,9.1541,3.8843,-65.8350,66,0.129591
TEL,26836,7.9816,9.0455,3.8459,-65.1133,65,0.127627
TEL,26936,9.1198,9.0704,3.9545,-80.0000,80,0.157080
TEL,27036,9.2932,9.1130,3.9296,-69.2862,69,0.135481
TEL,27136,9.3326,9.1719,3.8684,-65.4508,65,0.127627
TEL,27236,8.0713,9.0629,3.8281,-64.8498,65,0.127627
TEL,27336,9.1198,9.0312,3.9734,-79.6803,80,0.157080
TEL,27436,9.2736,9.0736,3.9688,-68.7475,69,0.135481
TEL,27536,9.3722,9.1504,3.9009,-64.4770,64,0.125664
TEL,27636,8.1783,8.8450,3.8496,-63.3489,63,0.123700
TEL,27736,9.1578,8.9008,4.1749,-79.6312,80,0.157080
TEL,27836,9.2736,9.0037,4.0992,-63.4654,63,0.123700
TEL,27936,9.3326,9.0166,3.9963,-61.2344,61,0.119773
TEL,28036,8.3518,8.9005,3.9834,-56.3631,56,0.109956
TEL,28136,9.1578,8.9396,4.1302,-80.0000,80,0.157080
TEL,28236,9.2932,9.0235,4.0604,-64.0382,64,0.125664
TEL,28336,9.3326,9.1316,3.9351,-61.5124,62,0.121737
TEL,28436,8.1474,9.0014,3.8684,-62.4764,62,0.121737
TEL,28536,9.1578,9.0692,3.9986,-80.0000,80,0.157080
TEL,28636,9.2736,9.1127,3.9308,-67.5236,68,0.133518
TEL,28736,9.3326,9.1780,3.8662,-64.8300,65,0.127627
TEL,28836,7.9083,9.0406,3.8220,-64.4252,64,0.125664
TEL,28936,9.1388,9.0211,4.0076,-80.0000,80,0.157080
TEL,29036,9.2541,9.0727,3.9789,-67.5482,68,0.133518
TEL,29136,9.3326,9.1515,3.8967,-63.2439,63,0.123700
TEL,29236,8.2093,9.0455,3.8485,-63.9806,64,0.125664
TEL,29336,9.1198,9.0034,4.0080,-80.0000,80,0.157080
TEL,29436,9.2541,9.0622,3.9966,-68.0819,68,0.133518
TEL,29536,9.3326,9.1401,3.9106,-64.2739,64,0.125664
TEL,29636,6.8403,9.1401,3.8599,-63.8916,64,0.125664
TEL,29736,9.1009,9.0633,3.9263,-75.6585,76,0.149226
TEL,29836,9.2541,9.0979,3.9367,-69.7198,70,0.137445
TEL,29936,9.3128,9.1549,3.8822,-65.4042,65,0.127627
TEL,30036,6.9303,8.9941,3.8451,-65.2897,65,0.127627
TEL,30136,9.0821,8.9473,4.0655,-79.8813,80,0.157080
TEL,30236,9.2541,9.0137,4.0527,-68.1768,68,0.133518
TEL,30336,9.3326,9.1149,3.9489,-62.6611,63,0.123700
TEL,30436,6.8514,9.1149,3.8851,-62.9700,63,0.123700
TEL,30536,8.9890,8.9977,3.9668,-77.5295,78,0.153153
TEL,30636,9.2347,9.0510,4.0023,-72.3497,72,0.141372
TEL,30736,9.3326,9.1296,3.9232,-64.8135,65,0.127627
TEL,30836,6.8292,9.1435,3.8704,-63.8429,64,0.125664
TEL,30936,9.0446,9.0539,3.9161,-77.1935,77,0.151189
TEL,31036,9.2736,9.0860,3.9461,-71.3099,71,0.139408
TEL,31136,9.3524,9.1513,3.8933,-65.4196,65,0.127627
TEL,31236,6.9531,9.1694,3.8487,-64.2751,64,0.125664
REF,31329,17.0000,hold_far
TEL,31336,8.9890,9.0390,3.9155,-80.0000,80,0.157080
TEL,31436,9.2541,9.0742,7.9610,-112.0000,112,0.219911
TEL,31536,9.3128,9.1361,7.9047,-112.0000,112,0.219911
TEL,31636,6.8626,9.1560,7.8639,-112.0000,112,0.219911
TEL,31736,8.9523,9.0060,7.9419,-112.0000,112,0.219911
TEL,31836,9.2154,9.0482,7.9940,-112.0000,112,0.219911
TEL,31936,9.3524,9.1297,7.9244,-112.0000,112,0.219911
TEL,32036,9.3524,9.1740,7.8703,-112.0000,112,0.219911
TEL,32136,9.3326,9.2202,7.8069,-112.0000,112,0.219911
TEL,32236,9.3326,9.2422,7.7798,-112.0000,112,0.219911
TEL,32336,9.3524,9.2682,7.7498,-112.0000,112,0.219911
TEL,32436,9.3524,9.2794,7.7318,-112.0000,112,0.219911
TEL,32536,9.3326,9.2898,7.7167,-112.0000,112,0.219911
TEL,32636,9.3524,9.2962,7.7102,-112.0000,112,0.219911
TEL,32736,9.3524,9.3043,7.7016,-112.0000,112,0.219911
TEL,32836,9.3722,9.3103,7.6957,-112.0000,112,0.219911
TEL,32936,9.3326,9.3162,7.6876,-112.0000,112,0.219911
TEL,33036,9.3524,9.3204,7.6838,-112.0000,112,0.219911
TEL,33136,9.3722,9.3252,7.6782,-112.0000,112,0.219911
TEL,33236,9.3524,9.3274,7.6748,-112.0000,112,0.219911
TEL,33336,9.3524,9.3301,7.6717,-112.0000,112,0.219911
TEL,33436,9.3524,9.3317,7.6699,-112.0000,112,0.219911
TEL,33536,9.3524,9.3337,7.6676,-112.0000,112,0.219911
TEL,33636,9.3326,9.3336,7.6663,-112.0000,112,0.219911
TEL,33736,9.3524,9.3341,7.6664,-112.0000,112,0.219911
TEL,33836,9.3326,9.3340,7.6659,-112.0000,112,0.219911
TEL,33936,9.3326,9.3349,7.6650,-112.0000,112,0.219911
TEL,34036,7.6681,9.2942,7.6651,-112.0000,112,0.219911
TEL,34136,8.7904,9.2289,7.7438,-112.0000,112,0.219911
TEL,34236,9.1198,9.2050,7.7885,-112.0000,112,0.219911
TEL,34336,9.2932,9.2129,7.7924,-112.0000,112,0.219911
TEL,34436,9.3128,9.2245,7.7811,-112.0000,112,0.219911
TEL,34536,8.5998,9.1075,7.8450,-112.0000,112,0.219911
TEL,34636,9.1198,9.0981,7.9042,-112.0000,112,0.219911
TEL,34736,9.2736,9.1334,7.8794,-112.0000,112,0.219911
TEL,34836,9.3128,9.1601,7.8535,-112.0000,112,0.219911
TEL,34936,8.7376,9.0486,7.9145,-112.0000,112,0.219911
TEL,35036,9.1198,9.0465,7.9620,-112.0000,112,0.219911
TEL,35136,9.2736,9.0941,7.9243,-112.0000,112,0.219911
TEL,35236,9.3326,9.1329,7.8875,-112.0000,112,0.219911
TEL,35336,8.6338,8.9770,7.9729,-112.0000,112,0.219911
TEL,35436,9.0633,8.9930,8.0165,-112.0000,112,0.219911
TEL,35536,9.2736,9.0644,7.9608,-112.0000,112,0.219911
TEL,35636,9.3326,9.1149,7.9111,-112.0000,112,0.219911
TEL,35736,8.5491,9.0544,7.9456,-112.0000,112,0.219911
TEL,35836,9.0260,9.0287,7.9713,-112.0000,112,0.219911
TEL,35936,9.2736,9.0828,7.9172,-112.0000,112,0.219911
TEL,36036,9.3326,9.1283,7.8717,-112.0000,112,0.219911
TEL,36136,8.4990,8.8960,8.1040,-112.0000,112,0.219911
TEL,36236,9.0633,8.9218,8.0782,-112.0000,112,0.219911
TEL,36336,9.2541,9.0195,7.9805,-112.0000,112,0.219911
TEL,36436,9.3128,9.0858,7.9142,-112.0000,112,0.219911
TEL,36536,8.2249,9.0067,7.9933,-112.0000,112,0.219911
TEL,36636,9.0446,8.9978,8.0022,-112.0000,112,0.219911
TEL,36736,9.2932,9.0690,7.9310,-112.0000,112,0.219911
TEL,36836,9.3128,9.1188,7.8812,-112.0000,112,0.219911
TEL,36936,8.4330,8.8700,8.1300,-112.0000,112,0.219911
TEL,37036,8.9706,8.8664,8.1336,-112.0000,112,0.219911
TEL,37136,9.2541,8.9914,8.0086,-112.0000,112,0.219911
TEL,37236,9.3128,9.0681,7.9319,-112.0000,112,0.219911
TEL,37336,8.2406,8.9887,8.0113,-112.0000,112,0.219911
TEL,37436,8.9523,8.9474,8.0526,-112.0000,112,0.219911
TEL,37536,9.2736,9.0274,8.0064,-112.0000,112,0.219911
TEL,37636,9.3128,9.0877,7.9123,-112.0000,112,0.219911
TEL,37736,7.9964,8.9860,8.0140,-112.0000,112,0.219911
TEL,37836,8.9706,8.9530,8.0470,-112.0000,112,0.219911
TEL,37936,9.2736,9.0304,8.0026,-112.0000,112,0.219911
TEL,38036,9.2932,9.0893,7.9107,-112.0000,112,0.219911
TEL,38136,6.8181,9.1155,7.9107,-112.0000,112,0.219911
TEL,38236,8.9158,9.0419,7.9400,-112.0000,112,0.219911
TEL,38336,9.2347,9.0846,7.9489,-112.0000,112,0.219911
TEL,38436,9.3326,9.1270,7.8960,-112.0000,112,0.219911
TEL,38536,8.2406,9.0559,7.8543,-112.0000,112,0.219911
TEL,38636,8.9523,9.0018,7.9908,-112.0000,112,0.219911
TEL,38736,9.2347,9.0470,7.9932,-112.0000,112,0.219911
TEL,38836,9.2932,9.0935,7.9295,-112.0000,112,0.219911
TEL,38936,6.8292,9.1160,7.8840,-112.0000,112,0.219911
TEL,39036,8.8617,9.0351,7.9421,-112.0000,112,0.219911
TEL,39136,9.2347,9.0668,7.9638,-112.0000,112,0.219911
TEL,39236,9.2932,9.1066,7.9132,-112.0000,112,0.219911
TEL,39336,6.9189,9.1264,7.8736,-112.0000,112,0.219911
TEL,39436,8.7904,9.0261,7.9431,-112.0000,112,0.219911
TEL,39536,9.2347,9.0670,7.9696,-112.0000,112,0.219911
TEL,39636,9.2932,9.1065,7.9141,-112.0000,112,0.219911
TEL,39736,6.9531,9.1451,7.8732,-112.0000,112,0.219911
TEL,39836,8.8977,9.0757,7.9028,-112.0000,112,0.219911
TEL,39936,9.2347,9.0949,7.9276,-112.0000,112,0.219911
TEL,40036,9.2932,9.1273,7.8890,-112.0000,112,0.219911
TEL,40136,7.0694,9.1438,7.8562,-112.0000,112,0.219911
TEL,40236,8.7376,9.0238,7.9390,-112.0000,112,0.219911
TEL,40336,9.2154,9.0601,7.9737,-112.0000,112,0.219911
TEL,40436,9.2932,9.1007,7.9399,-112.0000,112,0.219911
TEL,40536,7.0342,9.1406,7.8783,-112.0000,112,0.219911
TEL,40636,8.7552,9.0175,7.9456,-112.0000,112,0.219911
TEL,40736,9.1961,9.0401,7.9883,-112.0000,112,0.219911
TEL,40836,9.2932,9.0857,7.9379,-112.0000,112,0.219911
TEL,40936,7.0931,9.1298,7.8911,-112.0000,112,0.219911
TEL,41036,8.7376,8.9950,7.9666,-112.0000,112,0.219911
TEL,41136,9.1769,9.0238,8.0106,-112.0000,112,0.219911
TEL,41236,9.2736,9.0747,7.9762,-112.0000,112,0.219911
TEL,41336,7.1772,9.1209,7.9019,-112.0000,112,0.219911
TEL,41436,8.6682,8.9663,7.9863,-112.0000,112,0.219911
TEL,41536,9.1578,8.9920,8.0432,-112.0000,112,0.219911
TEL,41636,9.2736,9.0546,8.0080,-112.0000,112,0.219911
TEL,41736,9.3128,9.1312,7.9181,-112.0000,112,0.219911
TEL,41836,9.3326,9.1749,7.8444,-112.0000,112,0.219911
TEL,41936,9.3326,9.2187,7.8083,-112.0000,112,0.219911
TEL,42036,9.3326,9.2426,7.7813,-112.0000,112,0.219911
TEL,42136,9.3326,9.2652,7.7494,-112.0000,112,0.219911
TEL,42236,9.3524,9.2782,7.7347,-112.0000,112,0.219911
TEL,42336,9.3326,9.2901,7.7179,-112.0000,112,0.219911
TEL,42436,9.3326,9.2953,7.7072,-112.0000,112,0.219911
TEL,42536,9.3326,9.3024,7.7025,-112.0000,112,0.219911
TEL,42636,9.3326,9.3064,7.6950,-112.0000,112,0.219911
TEL,42736,9.3524,9.3109,7.6923,-112.0000,112,0.219911
TEL,42836,9.3326,9.3128,7.6891,-112.0000,112,0.219911
TEL,42936,9.3524,9.3167,7.6863,-112.0000,112,0.219911
TEL,43036,9.3326,9.3187,7.6819,-112.0000,112,0.219911
TEL,43136,9.3524,9.3229,7.6801,-112.0000,112,0.219911
TEL,43236,9.3524,9.3250,7.6760,-112.0000,112,0.219911
TEL,43336,9.3326,9.3276,7.6741,-112.0000,112,0.219911
TEL,43436,9.3722,9.3298,7.6716,-112.0000,112,0.219911
TEL,43536,9.3524,9.3318,7.6695,-112.0000,112,0.219911
TEL,43636,9.3524,9.3329,7.6682,-112.0000,112,0.219911
TEL,43736,9.3524,9.3345,7.6660,-112.0000,112,0.219911
TEL,43836,6.8071,9.3345,7.6660,-112.0000,112,0.219911
TEL,43936,9.1009,9.2933,7.6847,-112.0000,112,0.219911
TEL,44036,9.2154,9.2844,7.7067,-112.0000,112,0.219911
TEL,44136,9.3326,9.2862,7.7161,-112.0000,112,0.219911
TEL,44236,6.8626,9.2168,7.7138,-112.0000,112,0.219911
TEL,44336,9.0260,9.1342,7.8293,-112.0000,112,0.219911
TEL,44436,9.2347,9.1457,7.8658,-112.0000,112,0.219911
TEL,44536,9.3326,9.1788,7.8444,-112.0000,112,0.219911
TEL,44636,6.8292,9.1788,7.8212,-112.0000,112,0.219911
TEL,44736,8.9706,9.0601,7.8923,-112.0000,112,0.219911
TEL,44836,9.2154,9.0819,7.9399,-112.0000,112,0.219911
TEL,44936,9.2932,9.1298,7.9041,-112.0000,112,0.219911
TEL,45036,6.9761,9.1462,7.8702,-112.0000,112,0.219911
TEL,45136,8.9706,9.0253,7.9301,-112.0000,112,0.219911
TEL,45236,9.2154,9.0575,7.9747,-112.0000,112,0.219911
TEL,45336,9.3326,9.1217,7.9228,-112.0000,112,0.219911
TEL,45436,7.0225,9.1408,7.8783,-112.0000,112,0.219911
TEL,45536,8.9890,9.0138,7.9477,-112.0000,112,0.219911
TEL,45636,9.2347,9.0457,7.9862,-112.0000,112,0.219911
TEL,45736,9.3128,9.1173,7.9543,-112.0000,112,0.219911
TEL,45836,6.9646,9.1375,7.8827,-112.0000,112,0.219911
TEL,45936,9.0075,8.9809,7.9922,-112.0000,112,0.219911
TEL,46036,9.1961,9.0163,8.0191,-112.0000,112,0.219911
TEL,46136,9.2932,9.0888,7.9594,-112.0000,112,0.219911
TEL,46236,7.0576,9.1130,7.9112,-112.0000,112,0.219911
TEL,46336,8.9706,8.9854,7.9770,-112.0000,112,0.219911
TEL,46436,9.1769,9.0183,8.0145,-112.0000,112,0.219911
TEL,46536,9.3128,9.0898,7.9587,-112.0000,112,0.219911
TEL,46636,7.1530,9.1132,7.9102,-112.0000,112,0.219911
TEL,46736,8.8617,9.0264,7.9510,-112.0000,112,0.219911
TEL,46836,9.1961,9.0524,7.9649,-112.0000,112,0.219911
TEL,46936,9.3128,9.1144,7.9079,-112.0000,112,0.219911
TEL,47036,7.7653,8.9977,7.8656,-112.0000,112,0.219911
TEL,47136,8.8797,8.9315,8.0596,-112.0000,112,0.219911
TEL,47236,9.1578,8.9722,8.0536,-112.0000,112,0.219911
TEL,47336,9.3128,9.0639,7.9691,-112.0000,112,0.219911
TEL,47436,9.3128,9.1190,7.9067,-112.0000,112,0.219911
TEL,47536,8.8259,9.0223,7.9485,-112.0000,112,0.219911
TEL,47636,9.1388,9.0358,7.9772,-112.0000,112,0.219911
TEL,47736,9.2736,9.0977,7.9225,-112.0000,112,0.219911
TEL,47836,9.3326,9.1411,7.8805,-112.0000,112,0.219911
TEL,47936,8.7727,9.0293,7.9351,-112.0000,112,0.219911
TEL,48036,9.1009,9.0309,7.9779,-112.0000,112,0.219911
TEL,48136,9.2932,9.0955,7.9270,-112.0000,112,0.219911
TEL,48236,9.3128,9.1354,7.8844,-112.0000,112,0.219911
TEL,48336,8.6338,8.9787,7.9690,-112.0000,112,0.219911
TEL,48436,9.1198,8.9993,8.0173,-112.0000,112,0.219911
TEL,48536,9.2736,9.0731,7.9520,-112.0000,112,0.219911
TEL,48636,9.3128,9.1209,7.9026,-112.0000,112,0.219911
TEL,48736,8.7202,8.8654,8.0445,-112.0000,112,0.219911
TEL,48836,9.1388,8.9106,8.1244,-112.0000,112,0.219911
TEL,48936,9.2736,9.0251,8.0122,-112.0000,112,0.219911
TEL,49036,9.3128,9.0924,7.9401,-112.0000,112,0.219911
TEL,49136,8.5491,9.0238,7.9762,-112.0000,112,0.219911
TEL,49236,9.1009,9.0291,7.9709,-112.0000,112,0.219911
TEL,49336,9.2736,9.0905,7.9095,-112.0000,112,0.219911
TEL,49436,9.3128,9.1349,7.8651,-112.0000,112,0.219911
TEL,49536,8.6682,8.9807,8.0193,-112.0000,112,0.219911
TEL,49636,9.0633,8.9810,8.0190,-112.0000,112,0.219911
TEL,49736,9.2736,9.0571,7.9429,-112.0000,112,0.219911
TEL,49836,9.3128,9.1111,7.8889,-112.0000,112,0.219911
TEL,49936,8.4824,8.8672,8.1328,-112.0000,112,0.219911
TEL,50036,9.0446,8.8872,8.1128,-112.0000,112,0.219911
TEL,50136,9.2932,9.0104,8.0337,-112.0000,112,0.219911
TEL,50236,9.3128,9.0843,7.9157,-112.0000,112,0.219911
TEL,50336,8.1783,8.9958,8.0042,-112.0000,112,0.219911
TEL,50436,9.0260,8.9795,8.0205,-112.0000,112,0.219911
TEL,50536,9.2736,9.0521,7.9778,-112.0000,112,0.219911
TEL,50636,9.3128,9.1077,7.8923,-112.0000,112,0.219911
TEL,50736,8.2093,9.0285,7.9715,-112.0000,112,0.219911
TEL,50836,9.0446,9.0101,7.9899,-112.0000,112,0.219911
TEL,50936,9.2541,9.0699,7.9301,-112.0000,112,0.219911
TEL,51036,9.2932,9.1177,7.8823,-112.0000,112,0.219911
TEL,51136,6.8071,9.1384,7.8823,-112.0000,112,0.219911
TEL,51236,8.9158,9.0642,7.9162,-112.0000,112,0.219911
TEL,51336,9.2347,9.0927,7.9359,-112.0000,112,0.219911
TEL,51436,9.3128,9.1326,7.9073,-112.0000,112,0.219911
TEL,51536,8.1321,9.0544,7.8503,-112.0000,112,0.219911
TEL,51636,8.9158,8.9929,7.9956,-112.0000,112,0.219911
TEL,51736,9.2154,9.0373,8.0009,-112.0000,112,0.219911
TEL,51836,9.2932,9.0858,7.9627,-112.0000,112,0.219911
TEL,51936,9.3326,9.1493,7.8926,-112.0000,112,0.219911
TEL,52036,9.3524,9.1861,7.8322,-112.0000,112,0.219911
TEL,52136,9.3326,9.2240,7.7996,-112.0000,112,0.219911
TEL,52236,9.3326,9.2421,7.7664,-112.0000,112,0.219911
TEL,52336,9.3326,9.2635,7.7505,-112.0000,112,0.219911
TEL,52436,9.3524,9.2745,7.7314,-112.0000,112,0.219911
TEL,52536,9.3326,9.2853,7.7215,-112.0000,112,0.219911
TEL,52636,9.3326,9.2920,7.7147,-112.0000,112,0.219911
TEL,52736,9.3326,9.3005,7.7045,-112.0000,112,0.219911
TEL,52836,9.3524,9.3057,7.6968,-112.0000,112,0.219911
TEL,52936,9.3326,9.3121,7.6910,-112.0000,112,0.219911
TEL,53036,9.3524,9.3166,7.6879,-112.0000,112,0.219911
TEL,53136,9.3722,9.3226,7.6810,-112.0000,112,0.219911
TEL,53236,9.3326,9.3234,7.6770,-112.0000,112,0.219911
TEL,53336,9.3524,9.3266,7.6755,-112.0000,112,0.219911
TEL,53436,9.3326,9.3270,7.6732,-112.0000,112,0.219911
TEL,53536,9.3326,9.3288,7.6715,-112.0000,112,0.219911
TEL,53636,9.3326,9.3290,7.6711,-112.0000,112,0.219911
TEL,53736,9.3722,9.3310,7.6703,-112.0000,112,0.219911
TEL,53836,9.3722,9.3327,7.6684,-112.0000,112,0.219911
TEL,53936,6.9992,9.3316,7.6679,-112.0000,112,0.219911
TEL,54036,8.5659,9.2655,7.7037,-112.0000,112,0.219911
TEL,54136,9.1961,9.2400,7.7496,-112.0000,112,0.219911
TEL,54236,9.2736,9.2426,7.7592,-112.0000,112,0.219911
TEL,54336,9.3326,9.2538,7.7538,-112.0000,112,0.219911
TEL,54436,8.3518,9.2091,7.7909,-112.0000,112,0.219911
TEL,54536,9.1769,9.1803,7.8194,-112.0000,112,0.219911
TEL,54636,9.2736,9.1908,7.8092,-112.0000,112,0.219911
TEL,54736,9.3326,9.2122,7.7956,-112.0000,112,0.219911
TEL,54836,8.6682,9.1789,7.8211,-112.0000,112,0.219911
TEL,54936,9.1769,9.1580,7.8435,-112.0000,112,0.219911
TEL,55036,9.2736,9.1717,7.8283,-112.0000,112,0.219911
TEL,55136,7.5330,9.0813,7.8117,-112.0000,112,0.219911
TEL,55236,8.4166,9.0111,7.9889,-112.0000,112,0.219911
TEL,55336,9.1961,9.0324,7.9872,-112.0000,112,0.219911
TEL,55436,9.2736,9.0761,7.9239,-112.0000,112,0.219911
TEL,55536,7.7794,8.9841,7.8797,-112.0000,112,0.219911
TEL,55636,8.4330,8.9042,8.0958,-112.0000,112,0.219911
TEL,55736,9.1769,8.9617,8.0701,-112.0000,112,0.219911
TEL,55836,9.2932,9.0334,7.9666,-112.0000,112,0.219911
TEL,55936,7.4023,9.1017,7.8983,-112.0000,112,0.219911
TEL,56036,8.6510,9.0457,7.9543,-112.0000,112,0.219911
TEL,56136,9.1578,9.0451,7.9692,-112.0000,112,0.219911
TEL,56236,9.2736,9.0891,7.9109,-112.0000,112,0.219911
TEL,56336,7.3766,9.1312,7.8688,-112.0000,112,0.219911
TEL,56436,8.6338,9.0805,7.9195,-112.0000,112,0.219911
TEL,56536,9.1769,9.0733,7.9380,-112.0000,112,0.219911
TEL,56636,9.2736,9.1074,7.8926,-112.0000,112,0.219911
TEL,56736,9.3128,9.1591,7.8564,-112.0000,112,0.219911
TEL,56836,8.8797,9.0411,7.9365,-112.0000,112,0.219911
TEL,56936,9.1769,9.0489,7.9656,-112.0000,112,0.219911
TEL,57036,9.2736,9.0889,7.9111,-112.0000,112,0.219911
TEL,57136,7.2508,9.1303,7.8697,-112.0000,112,0.219911
TEL,57236,8.7376,9.0923,7.9077,-112.0000,112,0.219911
TEL,57336,9.1961,9.0875,7.9235,-112.0000,112,0.219911
TEL,57436,9.2736,9.1156,7.8844,-112.0000,112,0.219911
TEL,57536,7.7095,9.0241,7.8518,-112.0000,112,0.219911
TEL,57636,8.3841,8.9415,8.0585,-112.0000,112,0.219911
TEL,57736,9.1961,8.9937,8.0344,-112.0000,112,0.219911
TEL,57836,9.2932,9.0546,7.9454,-112.0000,112,0.219911
TEL,57936,9.3326,9.1355,7.8902,-112.0000,112,0.219911
TEL,58036,8.4659,9.0594,7.9406,-112.0000,112,0.219911
TEL,58136,9.2154,9.0702,7.9480,-112.0000,112,0.219911
TEL,58236,9.2736,9.1073,7.8927,-112.0000,112,0.219911
TEL,58336,7.3766,9.1489,7.8511,-112.0000,112,0.219911
TEL,58436,8.4659,9.0804,7.9196,-112.0000,112,0.219911
TEL,58536,9.1961,9.0842,7.9286,-112.0000,112,0.219911
TEL,58636,9.2932,9.1177,7.8823,-112.0000,112,0.219911
TEL,58736,9.3128,9.1662,7.8488,-112.0000,112,0.219911
TEL,58836,8.3679,9.0934,7.9066,-112.0000,112,0.219911
TEL,58936,9.1198,9.0499,7.9587,-112.0000,112,0.219911
TEL,59036,9.2932,9.0895,7.9105,-112.0000,112,0.219911
TEL,59136,9.3128,9.1519,7.8660,-112.0000,112,0.219911
TEL,59236,8.1474,9.0531,7.9469,-112.0000,112,0.219911
TEL,59336,9.1388,9.0365,7.9764,-112.0000,112,0.219911
TEL,59436,9.2541,9.0760,7.9240,-112.0000,112,0.219911
TEL,59536,9.3128,9.1414,7.8781,-112.0000,112,0.219911
TEL,59636,8.7376,8.9404,8.0226,-112.0000,112,0.219911
TEL,59736,9.1388,8.9507,8.0764,-112.0000,112,0.219911
TEL,59836,9.2541,9.0160,7.9840,-112.0000,112,0.219911
TEL,59936,9.3128,9.1141,7.9137,-112.0000,112,0.219911
TEL,60036,7.9816,8.9783,8.0217,-112.0000,112,0.219911
TEL,60136,9.0446,8.9250,8.0945,-112.0000,112,0.219911
TEL,60236,9.2347,8.9935,8.0065,-112.0000,112,0.219911
TEL,60336,9.3128,9.1011,7.9300,-112.0000,112,0.219911
TEL,60436,8.0562,8.9700,8.0300,-112.0000,112,0.219911
TEL,60536,9.1198,8.9602,8.0643,-112.0000,112,0.219911
TEL,60636,9.2347,9.0205,7.9795,-112.0000,112,0.219911
TEL,60736,9.3128,9.1084,7.9193,-112.0000,112,0.219911
TEL,60836,7.0459,9.1325,7.9193,-112.0000,112,0.219911
TEL,60936,9.1388,9.0555,7.9345,-112.0000,112,0.219911
TEL,61036,9.2541,9.0935,7.9445,-112.0000,112,0.219911
TEL,61136,9.3128,9.1540,7.8873,-112.0000,112,0.219911
TEL,61236,6.9303,9.1540,7.8460,-112.0000,112,0.219911
REF,61329,9.0000,hold_near
TEL,61336,9.0075,9.0511,7.9141,-112.0000,112,0.219911
TEL,61436,9.2541,9.0842,-0.0512,0.0000,44,0.086394
TEL,61536,9.3128,9.1448,-0.1053,0.0000,0,0.000000
TEL,61636,9.3524,9.1817,-0.1448,0.0000,0,0.000000
TEL,61736,9.2932,9.2202,-0.1962,0.0000,0,0.000000
TEL,61836,9.1388,9.2147,-0.2202,0.0000,0,0.000000
TEL,61936,8.8259,9.1440,-0.1971,0.0000,0,0.000000
TEL,62036,8.5998,9.0510,-0.1440,0.0000,0,0.000000
TEL,62136,8.4824,8.8768,0.0048,-7.1502,7,0.013744
TEL,62236,8.2879,8.7339,0.1232,-11.7802,12,0.023562
TEL,62336,8.4003,8.5870,0.3284,-19.2684,19,0.037306
TEL,62436,8.4659,8.5553,0.4130,-18.7255,19,0.037306
TEL,62536,8.5998,8.5552,0.4447,-17.3025,17,0.033379
TEL,62636,8.6682,8.5751,0.4448,-14.9403,15,0.029452
TEL,62736,8.8617,8.6315,0.4093,-12.3747,12,0.023562
TEL,62836,9.0260,8.6929,0.3685,-10.1441,10,0.019635
TEL,62936,9.1578,8.8185,0.2702,0.0000,0,0.000000
TEL,63036,9.1388,8.8954,0.1815,0.0000,0,0.000000
TEL,63136,8.9890,8.9436,0.0793,0.0000,0,0.000000
TEL,63236,8.8617,8.9349,0.0564,0.0000,0,0.000000
TEL,63336,8.7376,8.8911,0.0765,0.0000,0,0.000000
TEL,63436,8.6682,8.8538,0.1089,0.0000,0,0.000000
TEL,63536,8.6168,8.7926,0.1686,0.0000,0,0.000000
TEL,63636,8.5998,8.7575,0.2074,0.0000,0,0.000000
TEL,63736,8.5828,8.7146,0.2583,0.0000,0,0.000000
TEL,63836,6.6986,8.7047,0.2854,0.0000,0,0.000000
TEL,63936,8.0562,8.5742,0.3645,-15.6398,16,0.031416
TEL,64036,8.4166,8.5285,0.4564,-19.7942,20,0.039270
TEL,64136,8.5323,8.5265,0.4741,-16.2589,16,0.031416
TEL,64236,8.6338,8.5384,0.4700,-16.0244,16,0.031416
TEL,64336,7.7513,8.4764,0.5236,-20.9085,19,0.037306
TEL,64436,8.5323,8.4678,0.5322,-17.7668,19,0.037306
TEL,64536,8.8259,8.5350,0.4650,-12.6060,15,0.029452
TEL,64636,8.9523,8.6089,0.3911,-8.8164,10,0.019635
TEL,64736,7.7095,8.5468,0.4532,-22.8173,12,0.023562
TEL,64836,8.4824,8.5172,0.4828,-17.5913,20,0.039270
TEL,64936,8.7202,8.5682,0.4318,-12.7566,15,0.029452
TEL,65036,8.8438,8.6187,0.3813,-10.0013,11,0.021598
TEL,65136,8.4990,8.6516,0.3302,0.0000,6,0.011781
TEL,65236,8.2406,8.6089,0.3911,-16.3576,4,0.007854
TEL,65336,8.8081,8.6098,0.4118,-15.2398,15,0.029452
TEL,65436,8.8259,8.6451,0.3549,-10.0152,12,0.023562
TEL,65536,8.8617,8.7065,0.2935,0.0000,7,0.013744
TEL,65636,7.5865,8.5994,0.4006,-20.7152,4,0.007854
TEL,65736,8.5828,8.5331,0.4669,-15.4417,17,0.033379
TEL,65836,8.8081,8.5850,0.4150,-10.9889,12,0.023562
TEL,65936,8.8977,8.6688,0.3312,0.0000,7,0.013744
TEL,66036,6.7961,8.6944,0.3312,0.0000,0,0.000000
TEL,66136,8.5156,8.5107,0.4256,-22.3946,22,0.043197
TEL,66236,8.7376,8.5528,0.4893,-17.0158,17,0.033379
TEL,66336,8.8081,8.6273,0.4251,-12.1194,12,0.023562
TEL,66436,8.8259,8.6691,0.3727,-10.1075,10,0.019635
TEL,66536,8.3038,8.5099,0.4552,-23.7026,24,0.047124
TEL,66636,8.6682,8.5280,0.4916,-17.3972,17,0.033379
TEL,66736,8.7904,8.6000,0.4241,-11.6827,12,0.023562
TEL,66836,8.8259,8.6451,0.3770,-10.3183,10,0.019635
TEL,66936,7.6818,8.5617,0.4383,-21.7580,14,0.027489
TEL,67036,8.4824,8.5192,0.4808,-17.5342,19,0.037306
TEL,67136,7.2508,8.5481,0.4519,-13.6653,17,0.033379
TEL,67236,8.8438,8.6029,0.3971,-10.2811,11,0.021598
TEL,67336,6.5519,8.6271,0.3971,-10.2811,10,0.019635
TEL,67436,8.3841,8.5483,0.4294,-17.3864,17,0.033379
TEL,67536,8.7376,8.5800,0.4516,-15.7955,16,0.031416
TEL,67636,8.8259,8.6209,0.4011,-11.6807,12,0.023562
TEL,67736,8.8438,8.6782,0.3574,-9.7957,10,0.019635
TEL,67836,7.9229,8.6063,0.3937,-18.2728,18,0.035343
TEL,67936,8.7202,8.6023,0.4108,-14.4771,14,0.027489
TEL,68036,8.7727,8.6332,0.3668,-11.0203,11,0.021598
TEL,68136,8.8617,8.6848,0.3329,0.0000,1,0.001963
TEL,68236,6.4909,8.6848,0.3329,0.0000,0,0.000000
TEL,68336,8.6168,8.6314,0.3541,-14.0143,14,0.027489
TEL,68436,8.7376,8.6460,0.3686,-13.0942,13,0.025525
TEL,68536,8.8259,8.6806,0.3438,0.0000,0,0.000000
TEL,68636,6.6561,8.6806,0.3194,0.0000,0,0.000000
TEL,68736,8.5491,8.5970,0.3633,-14.5455,15,0.029452
TEL,68836,8.7028,8.6135,0.4030,-14.7523,15,0.029452
TEL,68936,8.8081,8.6555,0.3717,-11.1671,11,0.021598
TEL,69036,8.8438,8.6852,0.3445,0.0000,0,0.000000
TEL,69136,8.4166,8.5912,0.3881,-18.1614,18,0.035343
TEL,69236,8.6855,8.6009,0.4079,-14.1655,14,0.027489
TEL,69336,8.8081,8.6461,0.3696,-10.7914,11,0.021598
TEL,69436,8.8617,8.6823,0.3350,0.0000,0,0.000000
TEL,69536,8.2406,8.6433,0.3567,-14.1148,3,0.005890
TEL,69636,8.5998,8.6461,0.3539,-12.9738,13,0.025525
TEL,69736,7.2385,8.6566,0.3434,0.0000,12,0.023562
TEL,69836,8.8259,8.6805,0.3195,0.0000,0,0.000000
TEL,69936,7.7373,8.6190,0.3810,-17.8794,3,0.005890
TEL,70036,8.5156,8.5826,0.4174,-15.5758,16,0.031416
TEL,70136,8.7727,8.6148,0.3852,-11.5835,13,0.025525
TEL,70236,8.8797,8.6517,0.3483,0.0000,9,0.017671
TEL,70336,6.7524,8.6719,0.3483,0.0000,0,0.000000
TEL,70436,8.4824,8.6037,0.3821,-15.6235,16,0.031416
TEL,70536,8.7376,8.6160,0.3984,-14.2065,14,0.027489
TEL,70636,8.8081,8.6454,0.3694,-11.1048,11,0.021598
TEL,70736,6.8403,8.6742,0.3396,0.0000,0,0.000000
TEL,70836,8.2406,8.6383,0.3617,-14.1512,11,0.021598
TEL,70936,8.6855,8.6247,0.3809,-13.5725,14,0.027489
TEL,71036,8.7727,8.6460,0.3540,-11.0409,11,0.021598
TEL,71136,8.8617,8.6917,0.3230,0.0000,1,0.001963
TEL,71236,7.6818,8.6110,0.3890,-18.6516,12,0.023562
TEL,71336,8.6682,8.5854,0.4238,-15.5028,16,0.031416
TEL,71436,8.7904,8.6175,0.3825,-11.1802,11,0.021598
TEL,71536,8.8617,8.6716,0.3474,0.0000,1,0.001963
TEL,71636,6.6455,8.6890,0.3474,0.0000,0,0.000000
TEL,71736,8.5491,8.5781,0.4002,-19.5872,20,0.039270
TEL,71836,8.7202,8.6038,0.4219,-15.2331,15,0.029452
TEL,71936,8.8081,8.6535,0.3783,-11.0128,11,0.021598
TEL,72036,8.8438,8.6867,0.3465,0.0000,0,0.000000
TEL,72136,8.8797,8.7295,0.3133,0.0000,0,0.000000
TEL,72236,8.8617,8.7496,0.2705,0.0000,0,0.000000
TEL,72336,8.8797,8.7755,0.2398,0.0000,0,0.000000
TEL,72436,8.8438,8.7852,0.2245,0.0000,0,0.000000
TEL,72536,8.8617,8.8007,0.2083,0.0000,0,0.000000
TEL,72636,8.8797,8.8092,0.1993,0.0000,0,0.000000
TEL,72736,8.8438,8.8157,0.1888,0.0000,0,0.000000
TEL,72836,8.8438,8.8204,0.1843,0.0000,0,0.000000
TEL,72936,8.8438,8.8236,0.1796,0.0000,0,0.000000
TEL,73036,8.8438,8.8254,0.1764,0.0000,0,0.000000
TEL,73136,8.8617,8.8289,0.1738,0.0000,0,0.000000
TEL,73236,8.8797,8.8314,0.1711,0.0000,0,0.000000
TEL,73336,8.8617,8.8346,0.1686,0.0000,0,0.000000
TEL,73436,8.8438,8.8358,0.1654,0.0000,0,0.000000
TEL,73536,8.8438,8.8365,0.1639,0.0000,0,0.000000
TEL,73636,8.8438,8.8370,0.1635,0.0000,0,0.000000
TEL,73736,8.8617,8.8385,0.1628,0.0000,0,0.000000
TEL,73836,8.8438,8.8393,0.1615,0.0000,0,0.000000
TEL,73936,8.8438,8.8396,0.1606,0.0000,0,0.000000
TEL,74036,8.8438,8.8398,0.1604,0.0000,0,0.000000
TEL,74136,8.8438,8.8405,0.1601,0.0000,0,0.000000
TEL,74236,8.0262,8.8224,0.1595,0.0000,0,0.000000
TEL,74336,8.6682,8.7948,0.1903,0.0000,0,0.000000
TEL,74436,8.7727,8.7917,0.2052,0.0000,0,0.000000
TEL,74536,8.8259,8.7941,0.2083,0.0000,0,0.000000
TEL,74636,7.6681,8.7544,0.2059,0.0000,0,0.000000
TEL,74736,8.6168,8.7042,0.2716,0.0000,0,0.000000
TEL,74836,8.7552,8.7062,0.2958,0.0000,0,0.000000
TEL,74936,8.8259,8.7210,0.2899,0.0000,0,0.000000
TEL,75036,6.6561,8.7210,0.2790,0.0000,0,0.000000
TEL,75136,8.5323,8.6482,0.3180,0.0000,0,0.000000
TEL,75236,8.7028,8.6522,0.3518,-13.5078,14,0.027489
TEL,75336,8.8438,8.6815,0.3410,0.0000,0,0.000000
TEL,75436,8.8259,8.7003,0.3185,0.0000,0,0.000000
TEL,75536,8.4003,8.6436,0.3357,0.0000,0,0.000000
TEL,75636,8.7028,8.6424,0.3627,-13.4871,13,0.025525
TEL,75736,8.8259,8.6755,0.3364,0.0000,0,0.000000
TEL,75836,8.8259,8.6981,0.3121,0.0000,0,0.000000
TEL,75936,8.1168,8.5699,0.3793,-18.1169,18,0.035343
TEL,76036,8.6338,8.5615,0.4472,-17.7979,18,0.035343
TEL,76136,8.8438,8.6172,0.4068,-12.0570,12,0.023562
TEL,76236,8.8617,8.6627,0.3590,-9.5901,10,0.019635
TEL,76336,7.8362,8.5976,0.4024,-19.1572,13,0.025525
TEL,76436,8.6168,8.5689,0.4311,-14.2628,16,0.031416
TEL,76536,6.9761,8.5981,0.4019,-12.2609,13,0.025525
TEL,76636,8.8617,8.6421,0.3579,-9.4725,10,0.019635
TEL,76736,6.4508,8.6625,0.3579,-9.4725,9,0.017671
TEL,76836,8.4494,8.5758,0.4071,-17.1503,17,0.033379
TEL,76936,8.7552,8.6108,0.4215,-14.4139,14,0.027489
TEL,77036,8.8438,8.6472,0.3734,-11.1022,11,0.021598
TEL,77136,6.6666,8.6828,0.3340,0.0000,0,0.000000
TEL,77236,8.4166,8.5643,0.4147,-20.6103,21,0.041233
TEL,77336,8.7552,8.5918,0.4335,-14.8975,15,0.029452
TEL,77436,8.8081,8.6131,0.4082,-12.0229,12,0.023562
TEL,77536,6.8071,8.6510,0.3678,-10.4811,10,0.019635
TEL,77636,8.1321,8.6010,0.3990,-16.0476,16,0.031416
TEL,77736,8.6855,8.5906,0.4198,-14.1404,14,0.027489
TEL,77836,8.8259,8.6282,0.3718,-10.4653,10,0.019635
TEL,77936,8.0864,8.6135,0.3314,0.0000,0,0.000000
TEL,78036,6.5010,8.6135,0.3314,0.0000,0,0.000000
TEL,78136,8.6510,8.5716,0.4236,-16.3742,16,0.031416
TEL,78236,8.7727,8.6047,0.4284,-13.8023,14,0.027489
TEL,78336,8.8438,8.6661,0.3722,-10.1458,10,0.019635
TEL,78436,6.4909,8.6661,0.3339,0.0000,3,0.005890
TEL,78536,8.5828,8.5899,0.3807,-15.2784,15,0.029452
TEL,78636,8.7727,8.6170,0.4101,-14.4616,14,0.027489
TEL,78736,8.8617,8.6588,0.3830,-11.3943,11,0.021598
TEL,78836,6.5932,8.6745,0.3412,0.0000,0,0.000000
TEL,78936,8.5659,8.5590,0.4043,-19.0683,19,0.037306
TEL,79036,8.7202,8.5876,0.4410,-15.3179,15,0.029452
TEL,79136,8.8081,8.6466,0.3942,-11.5112,12,0.023562
TEL,79236,7.2016,8.6674,0.3534,-10.1705,10,0.019635
TEL,79336,8.4330,8.5711,0.4102,-17.5912,18,0.035343
TEL,79436,8.6682,8.5841,0.4257,-14.4892,14,0.027489
TEL,79536,8.8081,8.6371,0.3810,-10.8422,11,0.021598
TEL,79636,8.8259,8.6709,0.3451,0.0000,0,0.000000
TEL,79736,8.3198,8.5728,0.3954,-17.9872,18,0.035343
TEL,79836,8.6682,8.5753,0.4355,-16.2865,16,0.031416
TEL,79936,8.8259,8.6315,0.3893,-11.4312,11,0.021598
TEL,80036,8.8259,8.6653,0.3515,-10.1769,10,0.019635
TEL,80136,8.2406,8.5248,0.4344,-21.4388,21,0.041233
TEL,80236,8.5828,8.5249,0.4827,-17.8327,18,0.035343
TEL,80336,8.7727,8.5945,0.4580,-13.8835,14,0.027489
TEL,80436,8.8438,8.6405,0.3831,-10.6110,11,0.021598
TEL,80536,7.7095,8.5662,0.3403,0.0000,0,0.000000
TEL,80636,8.4659,8.5190,0.4734,-21.5290,21,0.041233
TEL,80736,8.8081,8.5754,0.4516,-13.2730,13,0.025525
TEL,80836,8.8259,8.6234,0.4003,-10.9591,11,0.021598
TEL,80936,6.5010,8.6446,0.4003,-10.9591,11,0.021598
TEL,81036,8.4166,8.5701,0.4099,-16.6128,17,0.033379
TEL,81136,8.7552,8.5980,0.4303,-15.1203,15,0.029452
TEL,81236,8.8438,8.6375,0.3838,-11.1614,11,0.021598
TEL,81336,6.8292,8.5977,0.3446,0.0000,0,0.000000
TEL,81436,8.3038,8.4944,0.4776,-21.4243,21,0.041233
TEL,81536,8.7376,8.5311,0.5071,-17.9353,18,0.035343
TEL,81636,8.8081,8.5831,0.4434,-12.3357,12,0.023562
TEL,81736,8.8617,8.6618,0.3872,-9.8518,10,0.019635
TEL,81836,7.8793,8.5782,0.4218,-19.9869,20,0.039270
TEL,81936,8.6855,8.5705,0.4437,-15.6556,16,0.031416
TEL,82036,8.7727,8.6050,0.3950,-11.4693,11,0.021598
TEL,82136,8.8617,8.6662,0.3550,-10.1736,10,0.019635
TEL,82236,8.8617,8.6973,0.3027,0.0000,0,0.000000
TEL,82336,8.8617,8.7386,0.2736,0.0000,0,0.000000
TEL,82436,8.8438,8.7590,0.2410,0.0000,0,0.000000
TEL,82536,8.8617,8.7831,0.2236,0.0000,0,0.000000
TEL,82636,8.8617,8.7955,0.2045,0.0000,0,0.000000
TEL,82736,8.8617,8.8080,0.1957,0.0000,0,0.000000
TEL,82836,8.8617,8.8134,0.1866,0.0000,0,0.000000
TEL,82936,8.8438,8.8182,0.1833,0.0000,0,0.000000
TEL,83036,8.8438,8.8216,0.1784,0.0000,0,0.000000
TEL,83136,8.8438,8.8245,0.1764,0.0000,0,0.000000
TEL,83236,8.8438,8.8261,0.1747,0.0000,0,0.000000
TEL,83336,8.8438,8.8281,0.1725,0.0000,0,0.000000
TEL,83436,8.8438,8.8292,0.1713,0.0000,0,0.000000
TEL,83536,8.8438,8.8307,0.1698,0.0000,0,0.000000
TEL,83636,8.8438,8.8315,0.1685,0.0000,0,0.000000
TEL,83736,8.8438,8.8325,0.1678,0.0000,0,0.000000
TEL,83836,8.8617,8.8337,0.1671,0.0000,0,0.000000
TEL,83936,8.8617,8.8354,0.1653,0.0000,0,0.000000
TEL,84036,8.8617,8.8372,0.1634,0.0000,0,0.000000
TEL,84136,8.8438,8.8386,0.1615,0.0000,0,0.000000
TEL,84236,8.8617,8.8393,0.1607,0.0000,0,0.000000
TEL,84336,7.7373,8.8138,0.1862,0.0000,0,0.000000
TEL,84436,8.4330,8.7737,0.2263,0.0000,0,0.000000
TEL,84536,8.7202,8.7563,0.2437,0.0000,0,0.000000
TEL,84636,8.7904,8.7588,0.2412,0.0000,0,0.000000
TEL,84736,6.8514,8.7640,0.2412,0.0000,0,0.000000
TEL,84836,8.1783,8.7376,0.2624,0.0000,0,0.000000
TEL,84936,8.6855,8.7093,0.2892,0.0000,0,0.000000
TEL,85036,8.7727,8.7153,0.2847,0.0000,0,0.000000
TEL,85136,8.8259,8.7295,0.2758,0.0000,0,0.000000
TEL,85236,7.7234,8.6765,0.3235,0.0000,0,0.000000
TEL,85336,8.6682,8.6224,0.3819,-15.5394,12,0.023562
TEL,85436,8.7376,8.6374,0.3626,-11.6303,12,0.023562
TEL,85536,8.8259,8.6749,0.3376,0.0000,1,0.001963
TEL,85636,6.9076,8.6877,0.3376,0.0000,0,0.000000
TEL,85736,8.5156,8.5829,0.3878,-18.2961,18,0.035343
TEL,85836,8.7202,8.5948,0.4171,-15.5502,16,0.031416
TEL,85936,8.8617,8.6468,0.3900,-11.7581,12,0.023562
TEL,86036,8.8438,8.6781,0.3532,-9.8576,10,0.019635
TEL,86136,8.4494,8.5908,0.3921,-18.1083,18,0.035343
TEL,86236,8.6682,8.5958,0.4118,-14.7391,15,0.029452
TEL,86336,8.8259,8.6409,0.3768,-11.3755,11,0.021598
TEL,86436,8.8259,8.6703,0.3445,0.0000,0,0.000000
TEL,86536,8.2093,8.6434,0.3566,-14.9969,3,0.005890
TEL,86636,8.6168,8.6256,0.3744,-13.2173,13,0.025525
TEL,86736,8.7904,8.6557,0.3443,0.0000,9,0.017671
TEL,86836,8.8259,8.6803,0.3197,0.0000,0,0.000000
TEL,86936,7.7935,8.6219,0.3781,-17.5998,4,0.007854
TEL,87036,8.5491,8.5782,0.4218,-15.2055,16,0.031416
TEL,87136,8.7552,8.6122,0.3878,-11.7947,13,0.025525
TEL,87236,8.8259,8.6455,0.3545,-10.2220,10,0.019635
TEL,87336,6.4909,8.6615,0.3545,-10.2220,10,0.019635
TEL,87436,8.3518,8.5899,0.3838,-15.3164,15,0.029452
TEL,87536,8.7202,8.6119,0.4108,-14.4685,14,0.027489
TEL,87636,8.8081,8.6430,0.3726,-11.1084,11,0.021598
TEL,87736,6.7851,8.6109,0.3413,0.0000,0,0.000000
TEL,87836,8.3038,8.5149,0.4571,-20.2474,20,0.039270
TEL,87936,8.7202,8.5535,0.4831,-16.6553,17,0.033379
TEL,88036,8.7904,8.5970,0.4245,-12.1088,12,0.023562
TEL,88136,8.8977,8.6841,0.3730,-9.3009,9,0.017671
TEL,88236,7.8505,8.5955,0.4045,-19.6945,19,0.037306
TEL,88336,8.7376,8.6078,0.4087,-12.9757,13,0.025525
TEL,88436,8.8438,8.6521,0.3479,0.0000,2,0.003927
TEL,88536,8.9340,8.7237,0.3008,0.0000,0,0.000000
TEL,88636,7.5865,8.6051,0.3949,-21.2350,13,0.025525
TEL,88736,8.7202,8.5814,0.4382,-16.5714,17,0.033379
TEL,88836,8.8081,8.6292,0.3708,-10.0743,10,0.019635
TEL,88936,8.8977,8.7043,0.3197,0.0000,0,0.000000
TEL,89036,6.8071,8.7253,0.3197,0.0000,0,0.000000
TEL,89136,8.5491,8.6068,0.3493,0.0000,0,0.000000
TEL,89236,8.7727,8.6326,0.3932,-14.7979,15,0.029452
TEL,89336,8.7552,8.6561,0.3674,-10.7676,11,0.021598
TEL,89436,6.8738,8.6688,0.3439,0.0000,0,0.000000
TEL,89536,8.3679,8.6035,0.3704,-14.5944,15,0.029452
TEL,89636,8.7202,8.6124,0.3986,-14.2142,14,0.027489
TEL,89736,8.8617,8.6589,0.3603,-10.8002,11,0.021598
TEL,89836,8.8617,8.6915,0.3248,0.0000,0,0.000000
TEL,89936,8.3198,8.5994,0.3679,-16.5910,16,0.031416
TEL,90036,8.6682,8.6013,0.4061,-14.8919,15,0.029452
TEL,90136,8.8797,8.6493,0.3731,-11.6606,12,0.023562
TEL,90236,8.8977,8.6928,0.3281,0.0000,0,0.000000
TEL,90336,8.2249,8.6491,0.3509,-14.1038,3,0.005890
TEL,90436,8.6338,8.6275,0.3725,-12.9472,13,0.025525
TEL,90536,8.8259,8.6591,0.3409,0.0000,9,0.017671
TEL,90636,8.7727,8.6817,0.3183,0.0000,0,0.000000
TEL,90736,7.9521,8.6349,0.3651,-16.5288,4,0.007854
TEL,90836,8.5156,8.5929,0.4071,-15.3717,15,0.029452
TEL,90936,8.7904,8.6241,0.3759,-11.1497,12,0.023562
TEL,91036,8.8259,8.6580,0.3420,0.0000,7,0.013744
TEL,91136,6.5111,8.6891,0.3420,0.0000,0,0.000000
TEL,91236,8.4659,8.6121,0.3709,-16.7303,17,0.033379
TEL,91336,8.7202,8.6254,0.3909,-14.0529,14,0.027489
TEL,91436,8.8081,8.6409,0.3746,-11.9626,12,0.023562
TEL,91536,6.8963,8.6725,0.3433,0.0000,0,0.000000
TEL,91636,8.1783,8.6305,0.3695,-14.6805,11,0.021598
TEL,91736,8.7202,8.6346,0.3732,-12.7641,13,0.025525
TEL,91836,8.7904,8.6571,0.3429,0.0000,2,0.003927
TEL,91936,8.8617,8.6965,0.3175,0.0000,0,0.000000
TEL,92036,7.9083,8.6348,0.3652,-16.6328,12,0.023562
TEL,92136,8.6338,8.6037,0.3995,-15.5921,16,0.031416
TEL,92236,8.7904,8.6289,0.3711,-11.1095,11,0.021598
TEL,92336,8.8617,8.6751,0.3420,0.0000,1,0.001963
TEL,92436,8.8438,8.7038,0.3091,0.0000,0,0.000000
TEL,92536,8.8617,8.7398,0.2710,0.0000,0,0.000000
TEL,92636,8.8438,8.7583,0.2417,0.0000,0,0.000000
TEL,92736,8.8797,8.7822,0.2254,0.0000,0,0.000000
TEL,92836,8.8977,8.7954,0.2121,0.0000,0,0.000000
TEL,92936,8.8438,8.8087,0.1937,0.0000,0,0.000000
TEL,93036,8.8617,8.8159,0.1870,0.0000,0,0.000000
TEL,93136,8.8438,8.8212,0.1800,0.0000,0,0.000000
TEL,93236,8.8438,8.8235,0.1776,0.0000,0,0.000000
TEL,93336,8.8438,8.8269,0.1739,0.0000,0,0.000000
TEL,93436,8.8617,8.8298,0.1702,0.0000,0,0.000000
TEL,93536,8.8617,8.8328,0.1684,0.0000,0,0.000000
TEL,93636,8.8438,8.8336,0.1668,0.0000,0,0.000000
TEL,93736,8.8438,8.8346,0.1657,0.0000,0,0.000000
TEL,93836,8.8438,8.8352,0.1648,0.0000,0,0.000000
TEL,93936,8.8438,8.8364,0.1638,0.0000,0,0.000000
TEL,94036,8.8438,8.8368,0.1634,0.0000,0,0.000000
TEL,94136,8.8617,8.8383,0.1623,0.0000,0,0.000000
TEL,94236,8.8438,8.8390,0.1610,0.0000,0,0.000000
TEL,94336,8.8617,8.8402,0.1603,0.0000,0,0.000000
TEL,94436,8.8438,8.8408,0.1593,0.0000,0,0.000000
TEL,94536,6.6245,8.8414,0.1586,0.0000,0,0.000000
TEL,94636,8.3198,8.8018,0.1982,0.0000,0,0.000000
TEL,94736,8.7376,8.7837,0.2142,0.0000,0,0.000000
TEL,94836,8.7904,8.7835,0.2165,0.0000,0,0.000000
TEL,94936,6.7308,8.7854,0.2146,0.0000,0,0.000000
TEL,95036,8.2406,8.7133,0.2867,0.0000,0,0.000000
TEL,95136,8.6855,8.6871,0.3127,0.0000,0,0.000000
TEL,95236,8.7727,8.6965,0.3035,0.0000,0,0.000000
TEL,95336,8.8259,8.7176,0.2893,0.0000,0,0.000000
TEL,95436,7.7373,8.6590,0.3410,0.0000,0,0.000000
TEL,95536,8.6682,8.6289,0.3746,-14.0175,11,0.021598
TEL,95636,8.7552,8.6464,0.3536,-11.2587,11,0.021598
TEL,95736,8.8617,8.6905,0.3238,0.0000,1,0.001963
TEL,95836,7.6818,8.6123,0.3877,-18.4517,12,0.023562
TEL,95936,8.5659,8.5478,0.4545,-17.9918,18,0.035343
TEL,96036,8.7202,8.5751,0.4249,-12.9572,13,0.025525
TEL,96136,8.8259,8.6351,0.3848,-10.7614,11,0.021598
TEL,96236,6.7524,8.6351,0.3848,-10.7614,11,0.021598
TEL,96336,8.5659,8.5277,0.4403,-18.5489,19,0.037306
TEL,96436,8.7202,8.5632,0.4723,-15.8849,16,0.031416
TEL,96536,8.8259,8.6313,0.4154,-11.8586,12,0.023562
