SHARP_IR_CHECK_BOOT
Wiring: Vo(yellow)->A0  VCC(red)->5V  GND(black)->GND
Move target 10-80 cm from sensor...
===========================================
SHARP_IR,raw_adc=252,voltage=1.230,distance_cm=23.5
SHARP_IR,raw_adc=251,voltage=1.226,distance_cm=23.6
SHARP_IR,raw_adc=251,voltage=1.226,distance_cm=23.6
SHARP_IR,raw_adc=245,voltage=1.196,distance_cm=24.3
SHARP_IR,raw_adc=283,voltage=1.382,distance_cm=20.5
SHARP_IR,raw_adc=259,voltage=1.265,distance_cm=22.8
SHARP_IR,raw_adc=254,voltage=1.240,distance_cm=23.3
SHARP_IR,raw_adc=251,voltage=1.226,distance_cm=23.6
adc=373,voltage=1.821,distance_cm=14.8
SHARP_IR,raw_adc=266,voltage=1.299,distance_cm=22.1
SHARP_IR,raw_adc=255,voltage=1.245,distance_cm=23.2
SHARP_IR,raw_adc=252,voltage=1.230,distance_cm=23.5
SHARP_IR,raw_adc=251,voltage=1.226,distance_cm=23.6
SHARP_IR,raw_adc=248,voltage=1.211,distance_cm=24.0
SHARP_IR,raw_adc=383,voltage=1.870,distance_cm=14.4
SHARP_IR,raw_adc=261,voltage=1.274,distance_cm=22.6
SHARP_IR,raw_adc=255,voltage=1.245,distance_cm=23.2
SHARP_IR,raw_adc=251,voltage=1.226,distance_cm=23.6
SHARP_IR,raw_adc=251,voltage=1.226,distance_cm=23.6
SHARP_IR,raw_adc=248,voltage=1.211,distance_cm=24.0
SHARP_IR,raw_adc=383,voltage=1.870,distance_cm=14.4
SHARP_IR,raw_adc=263,voltage=1.284,distance_cm=22.4
SHARP_IR,raw_adc=255,voltage=1.245,distance_cm=23.2
SHARP_IR,raw_adc=252,voltage=1.230,distance_cm=23.5
SHARP_IR,raw_adc=251,voltage=1.226,distance_cm=23.6
SHARP_IR,raw_adc=248,voltage=1.211,distance_cm=24.0
SHARP_IR,raw_adc=385,voltage=1.880,distance_cm=14.3
SHARP_IR,raw_adc=263,voltage=1.284,distance_cm=22.4
SHARP_IR,raw_adc=254,voltage=1.240,distance_cm=23.3
SHARP_IR,raw_adc=251,voltage=1.226,distance_cm=23.6
SHARP_IR,raw_adc=251,voltage=1.226,distance_cm=23.6
SHARP_IR,raw_adc=244,voltage=1.191,distance_cm=24.4
SHARP_IR,raw_adc=281,voltage=1.372,distance_cm=20.7
SHARP_IR,raw_adc=259,voltage=1.265,distance_cm=22.8
HARP_IR,raw_adc=253,voltage=1.235,distance_cm=23.4
SHARP_IR,raw_adc=251,voltage=1.226,distance_cm=23.6
SHARP_IR,raw_adc=251,voltage=1.226,distance_cm=23.6
SHARP_IR,raw_adc=367,voltage=1.792,distance_cm=15.1
SHARP_IR,raw_adc=268,voltage=1.309,distance_cm=21.9
SHARP_IR,raw_adc=256,voltage=1.250,distance_cm=23.1
SHARP_IR,raw_adc=253,voltage=1.235,distance_cm=23.4
SHARP_IR,raw_adc=251,voltage=1.226,distance_cm=23.6
SHARP_IR,raw_adc=250,voltage=1.221,distance_cm=23.7
SHARP_IR,raw_adc=375,voltage=1.831,distance_cm=14.8
SHARP_IR,raw_adc=265,voltage=1.294,distance_cm=22.2
SHARP_IR,raw_adc=255,voltage=1.245,distance_cm=23.2
SHARP_IR,raw_adc=252,voltage=1.230,distance_cm=23.5
SHARP_IR,raw_adc=251,voltage=1.226,distance_cm=23.6
SHARP_IR,raw_adc=250,voltage=1.221,distance_cm=23.7
SHARP_IR,raw_adc=377,voltage=1.841,distance_cm=14.7
SHARP_IR,raw_adc=264,voltage=1.289,distance_cm=22.3
SHARP_IR,raw_adc=255,voltage=1.245,distance_cm=23.2
SHARP_IR,raw_adc=252,voltage=1.230,distance_cm=23.5
SHARP_IR,raw_adc=251,voltage=1.226,distance_cm=23.6
SHARP_IR,raw_adc=250,voltage=1.221,distance_cm=23.7
SHARP_IR,raw_adc=378,voltage=1.846,distance_cm=14.6
SHARP_IR,raw_adc=263,voltage=1.284,distance_cm=22.4
SHARP_IR,raw_adc=255,voltage=1.245,distance_cm=23.2
SHARP_IR,raw_adc=252,voltage=1.230,distance_cm=23.5
SHARP_IR,raw_adc=251,voltage=1.226,distance_cm=23.6
_cm=23.6
SHARP_IR,raw_adc=251,voltage=1.226,distance_cm=23.6
SHARP_IR,raw_adc=251,voltage=1.226,distance_cm=23.6
SHARP_IR,raw_adc=250,voltage=1.221,distance_cm=23.7
SHARP_IR,raw_adc=251,voltage=1.226,distance_cm=23.6
SHARP_IR,raw_adc=250,voltage=1.221,distance_cm=23.7
SHARP_IR,raw_adc=251,voltage=1.226,distance_cm=23.6
SHARP_IR,raw_adc=250,voltage=1.221,distance_cm=23.7
SHARP_IR,raw_adc=251,voltage=1.226,distance_cm=23.6
SHARP_IR,raw_adc=251,voltage=1.226,distance_cm=23.6
SHARP_IR,raw_adc=251,voltage=1.226,distance_cm=23.6
SHARP_IR,raw_adc=251,voltage=1.226,distance_cm=23.6
SHARP_IR,raw_adc=251,voltage=1.226,distance_cm=23.6
SHARP_IR,raw_adc=251,voltage=1.226,distance_cm=23.6
SHARP_IR,raw_adc=250,voltage=1.221,distance_cm=23.7
SHARP_IR,raw_adc=251,voltage=1.226,distance_cm=23.6
SHARP_IR,raw_adc=250,voltage=1.221,distance_cm=23.7
SHARP_IR,raw_adc=251,voltage=1.226,distance_cm=23.6
SHARP_IR,raw_adc=250,voltage=1.221,distance_cm=23.7
SHARP_IR,raw_adc=250,voltage=1.221,distance_cm=23.7
SHARP_IR,raw_adc=250,voltage=1.221,distance_cm=23.7
SHARP_IR,raw_adc=251,voltage=1.226,distance_cm=23.6
SHARP_IR,raw_adc=250,voltage=1.221,distance_cm=23.7
SHARP_IR,raw_adc=250,voltage=1.221,distance_cm=23.7
SHARP_IR,raw_adc=250,voltage=1.221,distance_cm=23.7
SHARP_IR,raw_adc=250,voltage=1.221,distance_cm=23.7
04,distance_cm=22.0
SHARP_IR,raw_adc=255,voltage=1.245,distance_cm=23.2
SHARP_IR,raw_adc=252,voltage=1.230,distance_cm=23.5
SHARP_IR,raw_adc=251,voltage=1.226,distance_cm=23.6
SHARP_IR,raw_adc=250,voltage=1.221,distance_cm=23.7
SHARP_IR,raw_adc=379,voltage=1.851,distance_cm=14.6
SHARP_IR,raw_adc=265,voltage=1.294,distance_cm=22.2
SHARP_IR,raw_adc=255,voltage=1.245,distance_cm=23.2
SHARP_IR,raw_adc=252,voltage=1.230,distance_cm=23.5
SHARP_IR,raw_adc=251,voltage=1.226,distance_cm=23.6
SHARP_IR,raw_adc=250,voltage=1.221,distance_cm=23.7
SHARP_IR,raw_adc=383,voltage=1.870,distance_cm=14.4
SHARP_IR,raw_adc=265,voltage=1.294,distance_cm=22.2
SHARP_IR,raw_adc=255,voltage=1.245,distance_cm=23.2
SHARP_IR,raw_adc=252,voltage=1.230,distance_cm=23.5
SHARP_IR,raw_adc=251,voltage=1.226,distance_cm=23.6
SHARP_IR,raw_adc=250,voltage=1.221,distance_cm=23.7
SHARP_IR,raw_adc=385,voltage=1.880,distance_cm=14.3
SHARP_IR,raw_adc=262,voltage=1.279,distance_cm=22.5
SHARP_IR,raw_adc=255,voltage=1.245,distance_cm=23.2
SHARP_IR,raw_adc=252,voltage=1.230,distance_cm=23.5
SHARP_IR,raw_adc=251,voltage=1.226,distance_cm=23.6
SHARP_IR,raw_adc=250,voltage=1.221,distance_cm=23.7
SHARP_IR,raw_adc=385,voltage=1.880,distance_cm=14.3
SHARP_IR,raw_adc=266,voltage=1.299,distance_cm=22.1
SHARP_IR,raw_adc=255,voltage=1.245,distance_cm=23.2
,voltage=1.226,distance_cm=23.6
SHARP_IR,raw_adc=251,voltage=1.226,distance_cm=23.6
SHARP_IR,raw_adc=248,voltage=1.211,distance_cm=24.0
SHARP_IR,raw_adc=386,voltage=1.885,distance_cm=14.3
SHARP_IR,raw_adc=262,voltage=1.279,distance_cm=22.5
SHARP_IR,raw_adc=253,voltage=1.235,distance_cm=23.4
SHARP_IR,raw_adc=252,voltage=1.230,distance_cm=23.5
SHARP_IR,raw_adc=251,voltage=1.226,distance_cm=23.6
SHARP_IR,raw_adc=248,voltage=1.211,distance_cm=24.0
SHARP_IR,raw_adc=389,voltage=1.899,distance_cm=14.1
SHARP_IR,raw_adc=262,voltage=1.279,distance_cm=22.5
SHARP_IR,raw_adc=254,voltage=1.240,distance_cm=23.3
SHARP_IR,raw_adc=252,voltage=1.230,distance_cm=23.5
SHARP_IR,raw_adc=251,voltage=1.226,distance_cm=23.6
SHARP_IR,raw_adc=248,voltage=1.211,distance_cm=24.0
SHARP_IR,raw_adc=389,voltage=1.899,distance_cm=14.1
SHARP_IR,raw_adc=263,voltage=1.284,distance_cm=22.4
SHARP_IR,raw_adc=254,voltage=1.240,distance_cm=23.3
SHARP_IR,raw_adc=252,voltage=1.230,distance_cm=23.5
SHARP_IR,raw_adc=251,voltage=1.226,distance_cm=23.6
SHARP_IR,raw_adc=248,voltage=1.211,distance_cm=24.0
SHARP_IR,raw_adc=283,voltage=1.382,distance_cm=20.5
SHARP_IR,raw_adc=259,voltage=1.265,distance_cm=22.8
SHARP_IR,raw_adc=254,voltage=1.240,distance_cm=23.3
SHARP_IR,raw_adc=251,voltage=1.226,distance_cm=23.6
SHARP_IR,raw_adc=251,voltage=1.226,distance_cm=23.6
adc=358,voltage=1.748,distance_cm=15.6
SHARP_IR,raw_adc=274,voltage=1.338,distance_cm=21.3
SHARP_IR,raw_adc=260,voltage=1.270,distance_cm=22.7
SHARP_IR,raw_adc=253,voltage=1.235,distance_cm=23.4
SHARP_IR,raw_adc=251,voltage=1.226,distance_cm=23.6
SHARP_IR,raw_adc=251,voltage=1.226,distance_cm=23.6
SHARP_IR,raw_adc=244,voltage=1.191,distance_cm=24.4
SHARP_IR,raw_adc=274,voltage=1.338,distance_cm=21.3
SHARP_IR,raw_adc=259,voltage=1.265,distance_cm=22.8
SHARP_IR,raw_adc=253,voltage=1.235,distance_cm=23.4
SHARP_IR,raw_adc=251,voltage=1.226,distance_cm=23.6
SHARP_IR,raw_adc=251,voltage=1.226,distance_cm=23.6
SHARP_IR,raw_adc=366,voltage=1.787,distance_cm=15.2
SHARP_IR,raw_adc=270,voltage=1.318,distance_cm=21.7
SHARP_IR,raw_adc=257,voltage=1.255,distance_cm=23.0
SHARP_IR,raw_adc=253,voltage=1.235,distance_cm=23.4
SHARP_IR,raw_adc=251,voltage=1.226,distance_cm=23.6
SHARP_IR,raw_adc=251,voltage=1.226,distance_cm=23.6
SHARP_IR,raw_adc=364,voltage=1.777,distance_cm=15.3
SHARP_IR,raw_adc=270,voltage=1.318,distance_cm=21.7
SHARP_IR,raw_adc=257,voltage=1.255,distance_cm=23.0
SHARP_IR,raw_adc=253,voltage=1.235,distance_cm=23.4
SHARP_IR,raw_adc=251,voltage=1.226,distance_cm=23.6
SHARP_IR,raw_adc=250,voltage=1.221,distance_cm=23.7
SHARP_IR,raw_adc=363,voltage=1.772,distance_cm=15.3
SHARP_IR,raw_adc=267,voltage=1.304,distance_cm=22.0
SHARP_IR,raw_adc=250,voltage=1.221,distance_cm=23.7
SHARP_IR,raw_adc=250,voltage=1.221,distance_cm=23.7
SHARP_IR,raw_adc=251,voltage=1.226,distance_cm=23.6
SHARP_IR,raw_adc=251,voltage=1.226,distance_cm=23.6
SHARP_IR,raw_adc=250,voltage=1.221,distance_cm=23.7
SHARP_IR,raw_adc=251,voltage=1.226,distance_cm=23.6
SHARP_IR,raw_adc=251,voltage=1.226,distance_cm=23.6
SHARP_IR,raw_adc=251,voltage=1.226,distance_cm=23.6
SHARP_IR,raw_adc=251,voltage=1.226,distance_cm=23.6
SHARP_IR,raw_adc=251,voltage=1.226,distance_cm=23.6
SHARP_IR,raw_adc=251,voltage=1.226,distance_cm=23.6
SHARP_IR,raw_adc=251,voltage=1.226,distance_cm=23.6
SHARP_IR,raw_adc=251,voltage=1.226,distance_cm=23.6
SHARP_IR,raw_adc=250,voltage=1.221,distance_cm=23.7
SHARP_IR,raw_adc=251,voltage=1.226,distance_cm=23.6
SHARP_IR,raw_adc=250,voltage=1.221,distance_cm=23.7
SHARP_IR,raw_adc=250,voltage=1.221,distance_cm=23.7
SHARP_IR,raw_adc=250,voltage=1.221,distance_cm=23.7
SHARP_IR,raw_adc=251,voltage=1.226,distance_cm=23.6
SHARP_IR,raw_adc=250,voltage=1.221,distance_cm=23.7
SHARP_IR,raw_adc=250,voltage=1.221,distance_cm=23.7
SHARP_IR,raw_adc=250,voltage=1.221,distance_cm=23.7
SHARP_IR,raw_adc=250,voltage=1.221,distance_cm=23.7
SHARP_IR,raw_adc=250,voltage=1.221,distance_cm=23.7
SHARP_IR,raw_adc=250,voltage=1.221,distance_cm=23.7
23.1
SHARP_IR,raw_adc=255,voltage=1.245,distance_cm=23.2
SHARP_IR,raw_adc=258,voltage=1.260,distance_cm=22.9
SHARP_IR,raw_adc=389,voltage=1.899,distance_cm=14.1
SHARP_IR,raw_adc=266,voltage=1.299,distance_cm=22.1
SHARP_IR,raw_adc=259,voltage=1.265,distance_cm=22.8
SHARP_IR,raw_adc=256,voltage=1.250,distance_cm=23.1
SHARP_IR,raw_adc=255,voltage=1.245,distance_cm=23.2
SHARP_IR,raw_adc=254,voltage=1.240,distance_cm=23.3
SHARP_IR,raw_adc=388,voltage=1.895,distance_cm=14.2
SHARP_IR,raw_adc=267,voltage=1.304,distance_cm=22.0
SHARP_IR,raw_adc=259,voltage=1.265,distance_cm=22.8
SHARP_IR,raw_adc=256,voltage=1.250,distance_cm=23.1
SHARP_IR,raw_adc=259,voltage=1.265,distance_cm=22.8
SHARP_IR,raw_adc=263,voltage=1.284,distance_cm=22.4
SHARP_IR,raw_adc=398,voltage=1.943,distance_cm=13.8
SHARP_IR,raw_adc=283,voltage=1.382,distance_cm=20.5
SHARP_IR,raw_adc=273,voltage=1.333,distance_cm=21.4
SHARP_IR,raw_adc=273,voltage=1.333,distance_cm=21.4
SHARP_IR,raw_adc=272,voltage=1.328,distance_cm=21.5
SHARP_IR,raw_adc=271,voltage=1.323,distance_cm=21.6
SHARP_IR,raw_adc=407,voltage=1.987,distance_cm=13.4
SHARP_IR,raw_adc=280,voltage=1.367,distance_cm=20.8
SHARP_IR,raw_adc=271,voltage=1.323,distance_cm=21.6
SHARP_IR,raw_adc=269,voltage=1.313,distance_cm=21.8
SHARP_IR,raw_adc=267,voltage=1.304,distance_cm=22.0
distance_cm=21.6
SHARP_IR,raw_adc=400,voltage=1.953,distance_cm=13.7
SHARP_IR,raw_adc=291,voltage=1.421,distance_cm=19.9
SHARP_IR,raw_adc=278,voltage=1.357,distance_cm=21.0
SHARP_IR,raw_adc=273,voltage=1.333,distance_cm=21.4
SHARP_IR,raw_adc=272,voltage=1.328,distance_cm=21.5
SHARP_IR,raw_adc=271,voltage=1.323,distance_
SHARP_IR,raw_adc=449,voltage=2.192,distance_cm=11.9
SHARP_IR,raw_adc=308,voltage=1.504,distance_cm=18.6
SHARP_IR,raw_adc=298,voltage=1.455,distance_cm=19.3
SHARP_IR,raw_adc=294,voltage=1.436,distance_cm=19.6
SHARP_IR,raw_adc=292,voltage=1.426,distance_cm=19.8
SHARP_IR,raw_adc=291,voltage=1.421,distance_cm=19.9
SHARP_IR,raw_adc=289,voltage=1.411,distance_cm=20.0
SHARP_IR,raw_adc=459,voltage=2.241,distance_cm=11.6
SHARP_IR,raw_adc=306,voltage=1.494,distance_cm=18.7
SHARP_IR,raw_adc=298,voltage=1.455,distance_cm=19.3
SHARP_IR,raw_adc=294,voltage=1.436,distance_cm=19.6
SHARP_IR,raw_adc=291,voltage=1.421,distance_cm=19.9
SHARP_IR,raw_adc=291,voltage=1.421,distance_cm=19.9
SHARP_IR,raw_adc=435,voltage=2.124,distance_cm=12.4
SHARP_IR,raw_adc=319,voltage=1.558,distance_cm=17.8
SHARP_IR,raw_adc=300,voltage=1.465,distance_cm=19.2
SHARP_IR,raw_adc=294,voltage=1.436,distance_cm=19.6
SHARP_IR,raw_adc=292,voltage=1.426,distance_cm=19.8
SHARP_IR,raw_adc=291,voltage=1.421,distance_cm=19.9
SHARP_IR,raw_adc=291,voltage=1.421,distance_cm=19.9
431,distance_cm=19.7
SHARP_IR,raw_adc=295,voltage=1.440,distance_cm=19.5
SHARP_IR,raw_adc=295,voltage=1.440,distance_cm=19.5
SHARP_IR,raw_adc=442,voltage=2.158,distance_cm=12.2
SHARP_IR,raw_adc=325,voltage=1.587,distance_cm=17.4
SHARP_IR,raw_adc=308,voltage=1.504,distance_cm=18.6
SHARP_IR,raw_adc=303,voltage=1.479,distance_cm=18.9
SHARP_IR,raw_adc=300,voltage=1.465,distance_cm=19.2
SHARP_IR,raw_adc=299,voltage=1.460,distance_cm=19.2
SHARP_IR,raw_adc=298,voltage=1.455,distance_cm=19.3
SHARP_IR,raw_adc=467,voltage=2.280,distance_cm=11.4
SHARP_IR,raw_adc=325,voltage=1.587,distance_cm=17.4
SHARP_IR,raw_adc=313,voltage=1.528,distance_cm=18.2
SHARP_IR,raw_adc=314,voltage=1.533,distance_cm=18.2
SHARP_IR,raw_adc=312,voltage=1.523,distance_cm=18.3
SHARP_IR,raw_adc=316,voltage=1.543,distance_cm=18.0
SHARP_IR,raw_adc=312,voltage=1.523,distance_cm=18.3
SHARP_IR,raw_adc=485,voltage=2.368,distance_cm=10.9
SHARP_IR,raw_adc=329,voltage=1.606,distance_cm=17.2
SHARP_IR,raw_adc=321,voltage=1.567,distance_cm=17.7
SHARP_IR,raw_adc=318,voltage=1.553,distance_cm=17.9
SHARP_IR,raw_adc=316,voltage=1.543,distance_cm=18.0
SHARP_IR,raw_adc=315,voltage=1.538,distance_cm=18.1
SHARP_IR,raw_adc=465,voltage=2.271,distance_cm=11.5
SHARP_IR,raw_adc=336,voltage=1.641,distance_cm=16.8
SHARP_IR,raw_adc=324,voltage=1.582,distance_cm=17.5
3,voltage=1.724,distance_cm=15.8
SHARP_IR,raw_adc=329,voltage=1.606,distance_cm=17.2
SHARP_IR,raw_adc=321,voltage=1.567,distance_cm=17.7
SHARP_IR,raw_adc=318,voltage=1.553,distance_cm=17.9
SHARP_IR,raw_adc=316,voltage=1.543,distance_cm=18.0
SHARP_IR,raw_adc=316,voltage=1.543,distance_cm=18.0
SHARP_IR,raw_adc=472,voltage=2.305,distance_
SHARP_IR,raw_adc=355,voltage=1.733,distance_cm=15.7
SHARP_IR,raw_adc=354,voltage=1.729,distance_cm=15.8
SHARP_IR,raw_adc=352,voltage=1.719,distance_cm=15.9
SHARP_IR,raw_adc=522,voltage=2.549,distance_cm=10.0
SHARP_IR,raw_adc=376,voltage=1.836,distance_cm=14.7
SHARP_IR,raw_adc=359,voltage=1.753,distance_cm=15.5
SHARP_IR,raw_adc=355,voltage=1.733,distance_cm=15.7
SHARP_IR,raw_adc=354,voltage=1.729,distance_cm=15.8
SHARP_IR,raw_adc=353,voltage=1.724,distance_cm=15.8
SHARP_IR,raw_adc=352,voltage=1.719,distance_cm=15.9
SHARP_IR,raw_adc=525,voltage=2.563,distance_cm=9.9
SHARP_IR,raw_adc=367,voltage=1.792,distance_cm=15.1
SHARP_IR,raw_adc=360,voltage=1.758,distance_cm=15.5
SHARP_IR,raw_adc=356,voltage=1.738,distance_cm=15.7
SHARP_IR,raw_adc=354,voltage=1.729,distance_cm=15.8
SHARP_IR,raw_adc=353,voltage=1.724,distance_cm=15.8
SHARP_IR,raw_adc=350,voltage=1.709,distance_cm=16.0
SHARP_IR,raw_adc=388,voltage=1.895,distance_cm=14.2
SHARP_IR,raw_adc=364,voltage=1.777,distance_cm=15.3
SHARP_IR,raw_adc=358,voltage=1.748,distance_cm=15.6
536,voltage=2.617,distance_cm=9.7
SHARP_IR,raw_adc=384,voltage=1.875,distance_cm=14.3
SHARP_IR,raw_adc=381,voltage=1.860,distance_cm=14.5
SHARP_IR,raw_adc=380,voltage=1.855,distance_cm=14.5
SHARP_IR,raw_adc=383,voltage=1.870,distance_cm=14.4
SHARP_IR,raw_adc=386,voltage=1.885,distance_cm=14.3
SHARP_IR,raw_adc=388,voltage=1.895,distance_cm=14.2
SHARP_IR,raw_adc=568,voltage=2.773,distance_cm=9.1
SHARP_IR,raw_adc=410,voltage=2.002,distance_cm=13.3
SHARP_IR,raw_adc=407,voltage=1.987,distance_cm=13.4
SHARP_IR,raw_adc=403,voltage=1.968,distance_cm=13.6
SHARP_IR,raw_adc=402,voltage=1.963,distance_cm=13.6
SHARP_IR,raw_adc=402,voltage=1.963,distance_cm=13.6
SHARP_IR,raw_adc=555,voltage=2.710,distance_cm=9.3
SHARP_IR,raw_adc=427,voltage=2.085,distance_cm=12.7
SHARP_IR,raw_adc=410,voltage=2.002,distance_cm=13.3
SHARP_IR,raw_adc=405,voltage=1.978,distance_cm=13.5
SHARP_IR,raw_adc=407,voltage=1.987,distance_cm=13.4
SHARP_IR,raw_adc=406,voltage=1.982,distance_cm=13.4
SHARP_IR,raw_adc=406,voltage=1.982,distance_cm=13.4
SHARP_IR,raw_adc=569,voltage=2.778,distance_cm=9.0
SHARP_IR,raw_adc=431,voltage=2.104,distance_cm=12.5
SHARP_IR,raw_adc=420,voltage=2.051,distance_cm=12.9
SHARP_IR,raw_adc=413,voltage=2.017,distance_cm=13.2
SHARP_IR,raw_adc=411,voltage=2.007,distance_cm=13.2
SHARP_IR,raw_adc=410,voltage=2.002,distance_cm=13.3
w_adc=402,voltage=1.963,distance_cm=13.6
SHARP_IR,raw_adc=401,voltage=1.958,distance_cm=13.6
SHARP_IR,raw_adc=401,voltage=1.958,distance_cm=13.6
SHARP_IR,raw_adc=561,voltage=2.739,distance_cm=9.2
SHARP_IR,raw_adc=422,voltage=2.061,distance_cm=12.8
SHARP_IR,raw_adc=412,voltage=2.012,distance_cm=13.2
SHARP_IR,raw_adc=405,voltage=1.978,distance_c
SHARP_IR,raw_adc=472,voltage=2.305,distance_cm=11.3
SHARP_IR,raw_adc=649,voltage=3.169,distance_cm=7.8
SHARP_IR,raw_adc=485,voltage=2.368,distance_cm=10.9
SHARP_IR,raw_adc=478,voltage=2.334,distance_cm=11.1
SHARP_IR,raw_adc=474,voltage=2.314,distance_cm=11.2
SHARP_IR,raw_adc=477,voltage=2.329,distance_cm=11.1
SHARP_IR,raw_adc=473,voltage=2.310,distance_cm=11.2
SHARP_IR,raw_adc=472,voltage=2.305,distance_cm=11.3
SHARP_IR,raw_adc=514,voltage=2.510,distance_cm=10.2
SHARP_IR,raw_adc=488,voltage=2.383,distance_cm=10.8
SHARP_IR,raw_adc=478,voltage=2.334,distance_cm=11.1
SHARP_IR,raw_adc=474,voltage=2.314,distance_cm=11.2
SHARP_IR,raw_adc=473,voltage=2.310,distance_cm=11.2
SHARP_IR,raw_adc=473,voltage=2.310,distance_cm=11.2
SHARP_IR,raw_adc=630,voltage=3.076,distance_cm=8.0
SHARP_IR,raw_adc=501,voltage=2.446,distance_cm=10.5
SHARP_IR,raw_adc=482,voltage=2.354,distance_cm=11.0
SHARP_IR,raw_adc=476,voltage=2.324,distance_cm=11.2
SHARP_IR,raw_adc=478,voltage=2.334,distance_cm=11.1
SHARP_IR,raw_adc=473,voltage=2.310,distance_cm=11.2
w_adc=478,voltage=2.334,distance_cm=11.1
SHARP_IR,raw_adc=474,voltage=2.314,distance_cm=11.2
SHARP_IR,raw_adc=473,voltage=2.310,distance_cm=11.2
SHARP_IR,raw_adc=473,voltage=2.310,distance_cm=11.2
SHARP_IR,raw_adc=619,voltage=3.022,distance_cm=8.2
SHARP_IR,raw_adc=510,voltage=2.490,distance_cm=10.3
SHARP_IR,raw_adc=484,voltage=2.363,distance_cm=10.9
SHARP_IR,raw_adc=478,voltage=2.334,distance_cm=11.1
SHARP_IR,raw_adc=475,voltage=2.319,distance_cm=11.2
SHARP_IR,raw_adc=473,voltage=2.310,distance_cm=11.2
SHARP_IR,raw_adc=473,voltage=2.310,distance_cm=11.2
SHARP_IR,raw_adc=628,voltage=3.066,distance_cm=8.1
SHARP_IR,raw_adc=493,voltage=2.407,distance_cm=10.7
SHARP_IR,raw_adc=482,voltage=2.354,distance_cm=11.0
SHARP_IR,raw_adc=480,voltage=2.344,distance_cm=11.0
SHARP_IR,raw_adc=474,voltage=2.314,distance_cm=11.2
SHARP_IR,raw_adc=477,voltage=2.329,distance_cm=11.1
SHARP_IR,raw_adc=472,voltage=2.305,distance_cm=11.3
SHARP_IR,raw_adc=646,voltage=3.154,distance_cm=7.8
SHARP_IR,raw_adc=494,voltage=2.412,distance_cm=10.7
SHARP_IR,raw_adc=480,voltage=2.344,distance_cm=11.0
SHARP_IR,raw_adc=476,voltage=2.324,distance_cm=11.2
SHARP_IR,raw_adc=474,voltage=2.314,distance_cm=11.2
SHARP_IR,raw_adc=473,voltage=2.310,distance_cm=11.2
SHARP_IR,raw_adc=473,voltage=2.310,distance_cm=11.2
SHARP_IR,raw_adc=646,voltage=3.154,distance_cm=7.8
P_IR,raw_adc=473,voltage=2.310,distance_cm=11.2
SHARP_IR,raw_adc=646,voltage=3.154,distance_cm=7.8
SHARP_IR,raw_adc=496,voltage=2.422,distance_cm=10.6
SHARP_IR,raw_adc=483,voltage=2.358,distance_cm=11.0
SHARP_IR,raw_adc=480,voltage=2.344,distance_cm=11.0
SHARP_IR,raw_adc=478,voltage=2.334,distance_cm=11.1
SHARP_IR,raw_adc=477,voltage=2.329,distance_
SHARP_IR,raw_adc=631,voltage=3.081,distance_cm=8.0
SHARP_IR,raw_adc=790,voltage=3.857,distance_cm=6.2
SHARP_IR,raw_adc=656,voltage=3.203,distance_cm=7.7
SHARP_IR,raw_adc=638,voltage=3.115,distance_cm=7.9
SHARP_IR,raw_adc=633,voltage=3.091,distance_cm=8.0
SHARP_IR,raw_adc=632,voltage=3.086,distance_cm=8.0
SHARP_IR,raw_adc=631,voltage=3.081,distance_cm=8.0
SHARP_IR,raw_adc=633,voltage=3.091,distance_cm=8.0
SHARP_IR,raw_adc=772,voltage=3.770,distance_cm=6.3
SHARP_IR,raw_adc=645,voltage=3.149,distance_cm=7.8
SHARP_IR,raw_adc=636,voltage=3.105,distance_cm=7.9
SHARP_IR,raw_adc=633,voltage=3.091,distance_cm=8.0
SHARP_IR,raw_adc=632,voltage=3.086,distance_cm=8.0
SHARP_IR,raw_adc=631,voltage=3.081,distance_cm=8.0
SHARP_IR,raw_adc=633,voltage=3.091,distance_cm=8.0
SHARP_IR,raw_adc=660,voltage=3.223,distance_cm=7.6
SHARP_IR,raw_adc=647,voltage=3.159,distance_cm=7.8
SHARP_IR,raw_adc=637,voltage=3.110,distance_cm=7.9
SHARP_IR,raw_adc=634,voltage=3.096,distance_cm=8.0
SHARP_IR,raw_adc=632,voltage=3.086,distance_cm=8.0
stance_cm=8.0
SHARP_IR,raw_adc=633,voltage=3.091,distance_cm=8.0
SHARP_IR,raw_adc=632,voltage=3.086,distance_cm=8.0
SHARP_IR,raw_adc=632,voltage=3.086,distance_cm=8.0
SHARP_IR,raw_adc=793,voltage=3.872,distance_cm=6.1
SHARP_IR,raw_adc=657,voltage=3.208,distance_cm=7.6
SHARP_IR,raw_adc=628,voltage=3.066,distance_cm=8.1
SHARP_IR,raw_adc=601,voltage=2.935,distance_cm=8.5
SHARP_IR,raw_adc=584,voltage=2.852,distance_cm=8.8
SHARP_IR,raw_adc=572,voltage=2.793,distance_cm=9.0
SHARP_IR,raw_adc=561,voltage=2.739,distance_cm=9.2
SHARP_IR,raw_adc=709,voltage=3.462,distance_cm=7.0
SHARP_IR,raw_adc=542,voltage=2.646,distance_cm=9.6
SHARP_IR,raw_adc=524,voltage=2.559,distance_cm=10.0
SHARP_IR,raw_adc=511,voltage=2.495,distance_cm=10.3
SHARP_IR,raw_adc=509,voltage=2.485,distance_cm=10.3
SHARP_IR,raw_adc=509,voltage=2.485,distance_cm=10.3
SHARP_IR,raw_adc=508,voltage=2.480,distance_cm=10.3
SHARP_IR,raw_adc=548,voltage=2.676,distance_cm=9.5
SHARP_IR,raw_adc=525,voltage=2.563,distance_cm=9.9
SHARP_IR,raw_adc=521,voltage=2.544,distance_cm=10.0
SHARP_IR,raw_adc=518,voltage=2.529,distance_cm=10.1
SHARP_IR,raw_adc=520,voltage=2.539,distance_cm=10.1
SHARP_IR,raw_adc=528,voltage=2.578,distance_cm=9.9
SHARP_IR,raw_adc=683,voltage=3.335,distance_cm=7.3
SHARP_IR,raw_adc=565,voltage=2.759,distance_cm=9.1
IR,raw_adc=571,voltage=2.788,distance_cm=9.0
SHARP_IR,raw_adc=537,voltage=2.622,distance_cm=9.7
SHARP_IR,raw_adc=531,voltage=2.593,distance_cm=9.8
SHARP_IR,raw_adc=529,voltage=2.583,distance_cm=9.9
SHARP_IR,raw_adc=528,voltage=2.578,distance_cm=9.9
SHARP_IR,raw_adc=527,voltage=2.573,distance_cm=9
SHARP_IR,raw_adc=632,voltage=3.086,distance_cm=8.0
SHARP_IR,raw_adc=626,voltage=3.057,distance_cm=8.1
SHARP_IR,raw_adc=624,voltage=3.047,distance_cm=8.1
SHARP_IR,raw_adc=624,voltage=3.047,distance_cm=8.1
SHARP_IR,raw_adc=625,voltage=3.052,distance_cm=8.1
SHARP_IR,raw_adc=782,voltage=3.818,distance_cm=6.2
SHARP_IR,raw_adc=639,voltage=3.120,distance_cm=7.9
SHARP_IR,raw_adc=631,voltage=3.081,distance_cm=8.0
SHARP_IR,raw_adc=627,voltage=3.062,distance_cm=8.1
SHARP_IR,raw_adc=625,voltage=3.052,distance_cm=8.1
SHARP_IR,raw_adc=624,voltage=3.047,distance_cm=8.1
SHARP_IR,raw_adc=624,voltage=3.047,distance_cm=8.1
SHARP_IR,raw_adc=624,voltage=3.047,distance_cm=8.1
SHARP_IR,raw_adc=624,voltage=3.047,distance_cm=8.1
SHARP_IR,raw_adc=624,voltage=3.047,distance_cm=8.1
SHARP_IR,raw_adc=624,voltage=3.047,distance_cm=8.1
SHARP_IR,raw_adc=624,voltage=3.047,distance_cm=8.1
SHARP_IR,raw_adc=624,voltage=3.047,distance_cm=8.1
SHARP_IR,raw_adc=624,voltage=3.047,distance_cm=8.1
SHARP_IR,raw_adc=624,voltage=3.047,distance_cm=8.1
ltage=2.896,distance_cm=8.6
SHARP_IR,raw_adc=593,voltage=2.896,distance_cm=8.6
SHARP_IR,raw_adc=593,voltage=2.896,distance_cm=8.6
SHARP_IR,raw_adc=590,voltage=2.881,distance_cm=8.7
SHARP_IR,raw_adc=593,voltage=2.896,distance_cm=8.6
SHARP_IR,raw_adc=593,voltage=2.896,distance_cm=8.6
SHARP_IR,raw_adc=593,voltage=2.896,distance_cm=8.6
SHARP_IR,raw_adc=589,voltage=2.876,distance_cm=8.7
SHARP_IR,raw_adc=589,voltage=2.876,distance_cm=8.7
SHARP_IR,raw_adc=590,voltage=2.881,distance_cm=8.7
SHARP_IR,raw_adc=599,voltage=2.925,distance_cm=8.5
SHARP_IR,raw_adc=596,voltage=2.910,distance_cm=8.6
SHARP_IR,raw_adc=594,voltage=2.900,distance_cm=8.6
SHARP_IR,raw_adc=594,voltage=2.900,distance_cm=8.6
SHARP_IR,raw_adc=599,voltage=2.925,distance_cm=8.5
SHARP_IR,raw_adc=770,voltage=3.760,distance_cm=6.3
SHARP_IR,raw_adc=617,voltage=3.013,distance_cm=8.2
SHARP_IR,raw_adc=608,voltage=2.969,distance_cm=8.4
SHARP_IR,raw_adc=608,voltage=2.969,distance_cm=8.4
SHARP_IR,raw_adc=610,voltage=2.979,distance_cm=8.3
SHARP_IR,raw_adc=613,voltage=2.993,distance_cm=8.3
SHARP_IR,raw_adc=618,voltage=3.018,distance_cm=8.2
SHARP_IR,raw_adc=780,voltage=3.809,distance_cm=6.2
SHARP_IR,raw_adc=636,voltage=3.105,distance_cm=7.9
SHARP_IR,raw_adc=624,voltage=3.047,distance_cm=8.1
SHARP_IR,raw_adc=616,voltage=3.008,distance_cm=8.2
RP_IR,raw_adc=645,voltage=3.149,distance_cm=7.8
SHARP_IR,raw_adc=645,voltage=3.149,distance_cm=7.8
SHARP_IR,raw_adc=647,voltage=3.159,distance_cm=7.8
SHARP_IR,raw_adc=650,voltage=3.174,distance_cm=7.7
SHARP_IR,raw_adc=655,voltage=3.198,distance_cm=7=486,voltage=2.373,distance_cm=10.9
SHARP_IR,raw_adc=485,voltage=2.368,distance_cm=10.9
SHARP_IR,raw_adc=485,voltage=2.368,distance_cm=10.9
SHARP_IR,raw_adc=639,voltage=3.120,distance_cm=7.9
SHARP_IR,raw_adc=506,voltage=2.471,distance_cm=10.4
SHARP_IR,raw_adc=495,voltage=2.417,distance_cm=10.7
SHARP_IR,raw_adc=489,voltage=2.388,distance_cm=10.8
SHARP_IR,raw_adc=487,voltage=2.378,distance_cm=10.9
SHARP_IR,raw_adc=486,voltage=2.373,distance_cm=10.9
SHARP_IR,raw_adc=485,voltage=2.368,distance_cm=10.9
SHARP_IR,raw_adc=648,voltage=3.164,distance_cm=7.8
SHARP_IR,raw_adc=501,voltage=2.446,distance_cm=10.5
SHARP_IR,raw_adc=492,voltage=2.402,distance_cm=10.7
SHARP_IR,raw_adc=488,voltage=2.383,distance_cm=10.8
SHARP_IR,raw_adc=486,voltage=2.373,distance_cm=10.9
SHARP_IR,raw_adc=486,voltage=2.373,distance_cm=10.9
SHARP_IR,raw_adc=485,voltage=2.368,distance_cm=10.9
SHARP_IR,raw_adc=654,voltage=3.193,distance_cm=7.7
SHARP_IR,raw_adc=498,voltage=2.432,distance_cm=10.6
SHARP_IR,raw_adc=490,voltage=2.393,distance_cm=10.8
SHARP_IR,raw_adc=487,voltage=2.378,distance_cm=10.9
SHARP_IR,raw_adc=486,voltage=2.373,distance_cm=10.9
SHARP_IR,raw_adc=485,voltage=2.368,distance_cm=10.9
