BALL_BEAM_BOOT
HELP,keys
STATE,SAFE_DISABLED
SENSORS,angle=bad,pos=bad
MEAS,theta_deg=0.0000,x_cm=0.0000,x_filt_cm=0.0000
AGE,angle_ms=1,pos_ms=1
FAULTS,bits=0
CAL,zero_calibrated=yes,limits_calibrated=yes,sign_calibrated=yes
CAL_STORE,status=loaded
TEL,enabled=1
FAULT_INFO,bits=0
FAULT_INFO,mode=bringup_warning
FAULT_INFO,none
TEL,349,SAFE_DISABLED,13.1026,13.1026,-1.3184,0.0000,0.00,0
TEL,449,SAFE_DISABLED,12.6224,12.8145,-1.3184,0.0000,0.00,0
TEL,549,SAFE_DISABLED,12.6910,12.5952,-1.3184,0.0000,0.00,0
TEL,649,SAFE_DISABLED,12.6910,12.6757,-1.3184,0.0000,0.00,0
TEL,749,SAFE_DISABLED,12.6224,12.6456,-1.3184,0.0000,0.00,0
TEL,849,SAFE_DISABLED,12.6224,12.6261,-1.3184,0.0000,0.00,0
TEL,949,SAFE_DISABLED,12.6224,12.6226,-1.3184,0.0000,0.00,0
TEL,1049,SAFE_DISABLED,12.6224,12.6224,-1.3184,0.0000,0.00,0
TEL,1149,SAFE_DISABLED,12.2794,12.3014,-1.3184,0.0000,0.00,0
TEL,1249,SAFE_DISABLED,12.2108,12.2418,-1.3184,0.0000,0.00,0
TEL,1349,SAFE_DISABLED,12.2108,12.2128,-1.3184,0.0000,0.00,0
TEL,1449,SAFE_DISABLED,12.2108,12.2111,-1.3184,0.0000,0.00,0
TEL,1549,SAFE_DISABLED,12.2108,12.2108,-1.3184,0.0000,0.00,0
TEL,1649,SAFE_DISABLED,12.2108,12.2108,-1.3184,0.0000,0.00,0
TEL,1750,SAFE_DISABLED,12.2794,12.2520,-1.3184,0.0000,0.00,0
TEL,1850,SAFE_DISABLED,12.2794,12.2750,-1.3184,0.0000,0.00,0
TEL,1950,SAFE_DISABLED,12.2108,12.2314,-1.3184,0.0000,0.00,0
TEL,2050,SAFE_DISABLED,12.2108,12.2141,-1.3184,0.0000,0.00,0
TEL,2150,SAFE_DISABLED,12.2108,12.2110,-1.3184,0.0000,0.00,0
TEL,2250,SAFE_DISABLED,12.2108,12.2108,-1.3184,0.0000,0.00,0
TEL,2350,SAFE_DISABLED,12.2108,12.2108,-1.3184,0.0000,0.00,0
TEL,2450,SAFE_DISABLED,12.2108,12.2108,-1.3184,0.0000,0.00,0
TEL,2550,SAFE_DISABLED,12.2108,12.2108,-1.3184,0.0000,0.00,0
TEL,2650,SAFE_DISABLED,12.2108,12.2108,-1.3184,0.0000,0.00,0
TEL,2750,SAFE_DISABLED,12.2794,12.2520,-1.3184,0.0000,0.00,0
TEL,2850,SAFE_DISABLED,12.2794,12.2750,-1.3184,0.0000,0.00,0
TEL,2950,SAFE_DISABLED,12.5538,12.4438,-1.3184,0.0000,0.00,0
TEL,3050,SAFE_DISABLED,12.5538,12.5362,-1.3184,0.0000,0.00,0
TEL,3150,SAFE_DISABLED,12.2108,12.3469,-1.3184,0.0000,0.00,0
TEL,3250,SAFE_DISABLED,12.2108,12.2326,-1.3184,0.0000,0.00,0
TEL,3350,SAFE_DISABLED,12.5538,12.5003,-1.3184,0.0000,0.00,0
TEL,3450,SAFE_DISABLED,12.5538,12.5452,-1.3184,0.0000,0.00,0
TEL,3550,SAFE_DISABLED,12.6224,12.6175,-1.3184,0.0000,0.00,0
TEL,3650,SAFE_DISABLED,12.6224,12.6216,-1.3184,0.0000,0.00,0
TEL,3750,SAFE_DISABLED,12.6224,12.6223,-1.3184,0.0000,0.00,0
TEL,3850,SAFE_DISABLED,12.6224,12.6224,-1.3184,0.0000,0.00,0
TEL,3950,SAFE_DISABLED,12.6224,12.6224,-1.3184,0.0000,0.00,0
TEL,4050,SAFE_DISABLED,12.6224,12.6224,-1.3184,0.0000,0.00,0
TEL,4150,SAFE_DISABLED,12.6224,12.6224,-1.3184,0.0000,0.00,0
TEL,4250,SAFE_DISABLED,12.6224,12.6224,-1.3184,0.0000,0.00,0
TEL,4350,SAFE_DISABLED,12.6224,12.6224,-1.3184,0.0000,0.00,0
TEL,4450,SAFE_DISABLED,12.6224,12.6224,-1.3184,0.0000,0.00,0
TEL,4550,SAFE_DISABLED,12.6224,12.6224,-1.3184,0.0000,0.00,0
TEL,4651,SAFE_DISABLED,12.6224,12.6224,-1.3184,0.0000,0.00,0
TEL,4751,SAFE_DISABLED,12.6224,12.6224,-1.3184,0.0000,0.00,0
TEL,4851,SAFE_DISABLED,12.6224,12.6224,-1.3184,0.0000,0.00,0
TEL,4951,SAFE_DISABLED,12.6224,12.6224,-1.3184,0.0000,0.00,0
TEL,5051,SAFE_DISABLED,12.6224,12.6224,-1.3184,0.0000,0.00,0
TEL,5151,SAFE_DISABLED,12.5538,12.4759,-1.3184,0.0000,0.00,0
TEL,5251,SAFE_DISABLED,12.6224,12.5990,-1.3184,0.0000,0.00,0
OK,telemetry=0
OK,cal_zero_angle_set=330.547607
CAL_ZERO,as5600_zero_deg=330.547607,sonar_center_cm=13.925801,zero_calibrated=yes
OK,cal_zero_position_set=12.513756
CAL_ZERO,as5600_zero_deg=330.547607,sonar_center_cm=12.513756,zero_calibrated=yes
OK,cal_limit_down_set=-11.434815
OK,as5600_sign=1
CAL_LIMITS,lower_deg=11.434815,upper_deg=29.452392,limits_calibrated=yes
OK,cal_limit_up_set=-29.170654
OK,as5600_sign=-1
CAL_LIMITS,lower_deg=-11.434815,upper_deg=29.170654,limits_calibrated=yes
OK,driver_enabled
OK,stepper_sign=-1,delta=0.0000
INFO,sonar_near=1
OK,stopped
