BALL_BEAM_REF_BOOT
HOST_START_READY
REF_CFG,profile=center_far_near_90s,center_cm=13.0000,near_cm=9.0000,far_cm=17.0000,segment_ms=30000
REF,1170,13.0000,hold_center
TEL,1173,16.4899,16.0246,-3.0246,0.0000,0,0.000000
TEL,1273,17.7663,17.0381,-4.0381,112.0000,0,0.000000
TEL,1373,11.7872,15.7031,-4.0381,112.0000,-71,-0.139408
TEL,1473,11.7266,13.0397,-2.7031,-112.0000,-95,-0.186532
TEL,1573,17.6369,16.9325,-0.0397,-80.0000,-6,-0.011781
TEL,1673,18.1652,17.7657,-3.9325,112.0000,19,0.037306
TEL,1773,18.5104,18.2101,-4.7657,112.0000,-69,-0.135481
TEL,1873,16.4333,16.4752,-5.2101,112.0000,-112,-0.219911
TEL,1973,18.0975,17.4171,-3.4752,112.0000,-112,-0.219911
TEL,2073,18.3018,17.8828,-4.4171,112.0000,-112,-0.219911
TEL,2173,14.9370,15.7308,-4.8828,112.0000,-112,-0.219911
TEL,2273,17.5729,16.9421,-2.7308,-3.8431,-41,-0.080503
TEL,2373,18.3018,17.9356,-3.9422,112.0000,-15,-0.029452
TEL,2473,13.9610,16.9414,-4.9356,112.0000,-98,-0.192423
TEL,2573,17.0757,16.4690,-3.9414,-3.2638,-82,-0.161007
TEL,2673,17.9637,17.3147,-3.4690,112.0000,-59,-0.115846
TEL,2774,18.3018,18.0157,-4.3147,112.0000,-112,-0.219911
TEL,2874,14.4337,15.5176,-5.0157,112.0000,-112,-0.219911
TEL,2974,17.7663,17.1024,-2.5176,-46.1624,-40,-0.078540
TEL,3074,18.1652,17.7618,-4.1024,112.0000,-15,-0.029452
TEL,3174,12.5284,16.5794,-4.7618,112.0000,-98,-0.192423
TEL,3274,16.8960,16.3861,-3.5794,-56.2427,-82,-0.161007
TEL,3374,18.1652,17.6651,-3.3861,112.0000,-62,-0.121737
TEL,3474,18.3018,18.0531,-4.6651,112.0000,-112,-0.219911
TEL,3574,16.2658,15.8575,-5.0531,112.0000,-112,-0.219911
TEL,3674,17.6369,16.9355,-2.8575,112.0000,-112,-0.219911
TEL,3774,18.2332,17.8765,-3.9355,112.0000,-112,-0.219911
TEL,3874,12.6662,16.5478,-4.8765,112.0000,-112,-0.219911
TEL,3974,17.5729,16.8488,-3.5478,-58.4065,-41,-0.080503
TEL,4074,17.8316,17.4941,-3.8488,112.0000,-17,-0.033379
TEL,4174,18.3018,18.0123,-4.4941,112.0000,-100,-0.196350
TEL,4274,18.4404,18.1948,-5.0123,112.0000,-112,-0.219911
TEL,4374,18.4404,18.2890,-5.1948,112.0000,-112,-0.219911
TEL,4474,18.3709,18.3207,-5.2890,112.0000,-112,-0.219911
TEL,4574,18.3709,18.3436,-5.3207,112.0000,-112,-0.219911
TEL,4674,18.3709,18.3486,-5.3436,112.0000,-112,-0.219911
TEL,4774,18.4404,18.3693,-5.3486,112.0000,-112,-0.219911
TEL,4874,18.3018,18.3597,-5.3693,112.0000,-112,-0.219911
TEL,4974,18.3709,18.3576,-5.3597,112.0000,-112,-0.219911
TEL,5074,18.3018,18.3513,-5.3576,112.0000,-112,-0.219911
TEL,5174,18.3709,18.3508,-5.3513,112.0000,-112,-0.219911
TEL,5274,18.3709,18.3527,-5.3508,112.0000,-112,-0.219911
TEL,5374,18.3018,18.3521,-5.3527,112.0000,-112,-0.219911
TEL,5474,18.3018,18.3479,-5.3521,112.0000,-112,-0.219911
TEL,5574,18.0304,18.3375,-5.3480,112.0000,-112,-0.219911
TEL,5675,18.3018,18.3345,-5.3375,112.0000,-112,-0.219911
TEL,5775,18.2332,18.3307,-5.3345,112.0000,-112,-0.219911
TEL,5875,18.3018,18.3285,-5.3307,112.0000,-112,-0.219911
TEL,5975,15.5752,17.7383,-5.3285,112.0000,-112,-0.219911
TEL,6075,17.5093,17.5412,-4.7383,112.0000,-112,-0.219911
TEL,6175,18.1652,17.7836,-4.5412,112.0000,-112,-0.219911
TEL,6275,18.3018,17.9387,-4.7836,112.0000,-112,-0.219911
TEL,6375,17.1976,16.8337,-4.9387,112.0000,-112,-0.219911
TEL,6475,17.8316,17.1940,-3.8337,112.0000,-112,-0.219911
TEL,6575,18.2332,17.8277,-4.1940,112.0000,-112,-0.219911
TEL,6675,15.5243,16.1236,-4.8277,112.0000,-112,-0.219911
TEL,6775,17.8974,17.1247,-3.1236,44.8779,-51,-0.100138
TEL,6875,18.1652,17.7141,-4.1247,112.0000,-90,-0.176715
TEL,6975,12.1313,16.5059,-4.7141,112.0000,-112,-0.219911
TEL,7075,16.9555,16.4386,-3.5059,-61.6628,-40,-0.078540
TEL,7175,18.0975,17.5483,-3.4386,112.0000,-15,-0.029452
TEL,7275,18.2332,17.9313,-4.5483,112.0000,-98,-0.192423
TEL,7375,15.9401,15.3887,-4.9313,112.0000,-112,-0.219911
TEL,7475,17.6369,17.0386,-2.3887,112.0000,-112,-0.219911
TEL,7575,18.3018,17.9629,-4.0386,112.0000,-112,-0.219911
TEL,7675,12.5626,16.6141,-4.9629,112.0000,-112,-0.219911
TEL,7775,17.6369,16.8088,-3.6141,-55.0992,-41,-0.080503
TEL,7875,18.0975,17.5941,-3.8088,112.0000,-15,-0.029452
TEL,7975,14.9370,17.1104,-4.5941,112.0000,-98,-0.192423
TEL,8075,15.3238,15.1010,-4.1104,32.8264,-83,-0.162970
TEL,8175,17.7014,17.2625,-2.1010,112.0000,-61,-0.119773
TEL,8275,18.0304,17.6751,-4.2625,112.0000,-112,-0.219911
TEL,8375,11.6965,16.2944,-4.6751,112.0000,-112,-0.219911
TEL,8475,17.5729,16.8353,-3.2944,-106.3597,-41,-0.080503
TEL,8576,18.1652,17.7636,-3.8353,112.0000,-15,-0.029452
TEL,8676,18.4404,18.0536,-4.7636,112.0000,-98,-0.192423
TEL,8776,16.9555,16.4183,-5.0536,112.0000,-112,-0.219911
TEL,8876,17.6369,17.1855,-3.4183,112.0000,-112,-0.219911
TEL,8976,18.3018,17.9030,-4.1855,112.0000,-112,-0.219911
TEL,9076,14.3455,17.0820,-4.9030,112.0000,-112,-0.219911
TEL,9176,17.7663,17.2039,-4.0820,26.0558,-44,-0.086394
TEL,9276,18.2332,17.6523,-4.2039,112.0000,-50,-0.098175
TEL,9376,14.3455,17.0459,-4.6523,112.0000,-112,-0.219911
TEL,9476,17.6369,16.5230,-4.0459,24.3739,-43,-0.084430
TEL,9576,18.0975,17.5906,-3.5230,112.0000,-47,-0.092284
TEL,9676,17.8974,17.8429,-4.5906,112.0000,-112,-0.219911
TEL,9776,15.9401,16.3763,-4.8429,112.0000,-112,-0.219911
TEL,9876,17.6369,16.9278,-3.3763,72.3193,-72,-0.141372
TEL,9976,18.3018,17.7991,-3.9278,112.0000,-112,-0.219911
TEL,10076,18.4404,18.0720,-4.7991,112.0000,-112,-0.219911
TEL,10176,16.9555,16.4788,-5.0720,112.0000,-112,-0.219911
TEL,10276,17.8974,17.2682,-3.4788,112.0000,-112,-0.219911
TEL,10376,18.4404,17.9852,-4.2682,112.0000,-112,-0.219911
TEL,10476,14.5228,15.4616,-4.9852,112.0000,-112,-0.219911
TEL,10576,17.8316,17.0644,-2.4616,-37.7677,-40,-0.078540
TEL,10676,18.1652,17.7879,-4.0644,112.0000,-15,-0.029452
TEL,10776,12.8424,16.6852,-4.7879,112.0000,-98,-0.192423
TEL,10876,16.9555,16.5745,-3.6852,-50.9868,-82,-0.161007
TEL,10976,18.0975,17.4943,-3.5745,112.0000,-62,-0.121737
TEL,11076,18.2332,17.8690,-4.4943,112.0000,-112,-0.219911
TEL,11176,16.5468,16.4727,-4.8690,112.0000,-112,-0.219911
TEL,11276,17.8316,17.1154,-3.4727,112.0000,-112,-0.219911
TEL,11376,18.2332,17.8503,-4.1154,112.0000,-112,-0.219911
TEL,11476,12.7714,16.6088,-4.8503,112.0000,-112,-0.219911
TEL,11576,17.4461,16.6059,-3.6088,-47.6029,-41,-0.080503
TEL,11676,18.0304,17.5225,-3.6059,112.0000,-15,-0.029452
TEL,11776,13.4770,16.6295,-4.5225,112.0000,-98,-0.192423
TEL,11876,16.0473,15.4297,-3.6295,-39.3168,-82,-0.161007
TEL,11976,17.7663,17.5002,-2.4297,112.0000,-59,-0.115846
TEL,12076,18.2332,17.8175,-4.5002,112.0000,-112,-0.219911
TEL,12176,14.3018,15.6014,-4.8175,112.0000,-112,-0.219911
TEL,12276,17.4461,16.7352,-2.6014,-51.4856,-41,-0.080503
TEL,12376,18.3018,17.8356,-3.7352,112.0000,-15,-0.029452
TEL,12476,18.3018,18.0952,-4.8356,112.0000,-98,-0.192423
TEL,12576,16.8960,16.4851,-5.0952,112.0000,-112,-0.219911
TEL,12676,17.7014,17.1315,-3.4851,112.0000,-112,-0.219911
TEL,12776,18.2332,17.8789,-4.1315,112.0000,-112,-0.219911
TEL,12876,11.8484,16.3790,-4.8789,112.0000,-112,-0.219911
TEL,12976,17.8316,17.0953,-3.3790,-89.3039,-42,-0.082467
TEL,13076,18.0975,17.6768,-4.0953,112.0000,-16,-0.031416
TEL,13176,18.3709,18.0965,-4.6768,112.0000,-99,-0.194386
TEL,13276,18.3709,18.2206,-5.0965,112.0000,-112,-0.219911
TEL,13376,18.4404,18.2967,-5.2206,112.0000,-112,-0.219911
TEL,13476,18.3018,18.2980,-5.2967,112.0000,-112,-0.219911
TEL,13576,18.3709,18.3251,-5.2980,112.0000,-112,-0.219911
TEL,13676,18.4404,18.3390,-5.3251,112.0000,-112,-0.219911
TEL,13776,18.4404,18.3512,-5.3390,112.0000,-112,-0.219911
TEL,13876,18.3018,18.3443,-5.3512,112.0000,-112,-0.219911
TEL,13976,18.3018,18.3366,-5.3443,112.0000,-112,-0.219911
TEL,14076,18.3018,18.3327,-5.3366,112.0000,-112,-0.219911
TEL,14176,18.3018,18.3349,-5.3327,112.0000,-112,-0.219911
TEL,14276,18.3018,18.3318,-5.3349,112.0000,-112,-0.219911
TEL,14376,18.3709,18.3309,-5.3318,112.0000,-112,-0.219911
TEL,14476,18.3018,18.3285,-5.3309,112.0000,-112,-0.219911
TEL,14576,18.3018,18.3229,-5.3285,112.0000,-112,-0.219911
TEL,14676,18.3709,18.3265,-5.3229,112.0000,-112,-0.219911
TEL,14776,18.3018,18.3263,-5.3265,112.0000,-112,-0.219911
TEL,14876,18.4404,18.3293,-5.3263,112.0000,-112,-0.219911
TEL,14976,16.2658,17.5846,-5.3293,112.0000,-112,-0.219911
TEL,15076,17.8316,17.6216,-4.5846,112.0000,-112,-0.219911
TEL,15176,18.2332,17.8492,-4.6216,112.0000,-112,-0.219911
TEL,15276,12.4944,16.9327,-4.8492,112.0000,-112,-0.219911
TEL,15376,17.9637,17.2831,-3.9327,12.6907,-41,-0.080503
TEL,15476,18.0304,17.6312,-4.2831,112.0000,-28,-0.054978
TEL,15576,13.7150,16.8773,-4.6312,112.0000,-106,-0.208131
TEL,15676,16.4333,15.7007,-3.8773,1.2778,-65,-0.127627
TEL,15776,17.9637,17.5247,-2.7007,112.0000,-38,-0.074613
TEL,15876,18.3018,17.9204,-4.5247,112.0000,-109,-0.214021
TEL,15976,11.5189,14.2781,-4.9204,112.0000,-112,-0.219911
TEL,16076,17.1976,16.6865,-1.2781,-112.0000,-42,-0.082467
TEL,16176,18.2332,17.8735,-3.6865,112.0000,-14,-0.027489
TEL,16276,13.5950,15.0838,-4.8735,112.0000,-97,-0.190459
TEL,16376,16.9555,15.9686,-2.0838,-110.7642,-83,-0.162970
TEL,16476,18.0975,17.6017,-2.9686,112.0000,-58,-0.113883
TEL,16576,18.3018,18.0671,-4.6017,112.0000,-112,-0.219911
TEL,16676,14.4781,15.6397,-5.0671,112.0000,-112,-0.219911
TEL,16776,18.0304,17.4469,-2.6397,-42.9007,-43,-0.084430
TEL,16876,18.1652,17.7885,-4.4469,112.0000,-14,-0.027489
TEL,16976,11.5482,16.4059,-4.7885,112.0000,-97,-0.190459
TEL,17076,16.9555,16.4241,-3.4059,-89.6694,-84,-0.164934
TEL,17176,17.8316,17.5669,-3.4241,112.0000,-58,-0.113883
TEL,17276,18.4404,17.9478,-4.5669,112.0000,-112,-0.219911
TEL,17376,16.3771,15.9356,-4.9478,112.0000,-112,-0.219911
TEL,17476,17.7014,17.0209,-2.9356,112.0000,-112,-0.219911
TEL,17576,18.2332,17.9027,-4.0209,112.0000,-112,-0.219911
TEL,17676,12.2283,16.4824,-4.9027,112.0000,-112,-0.219911
TEL,17776,17.5093,16.7928,-3.4824,-70.7134,-43,-0.084430
TEL,17876,18.0304,17.4857,-3.7928,112.0000,-14,-0.027489
TEL,17976,18.3018,18.0063,-4.4857,112.0000,-96,-0.188496
TEL,18076,16.6040,16.9107,-5.0063,112.0000,-112,-0.219911
TEL,18176,18.0975,17.4328,-3.9107,110.2451,-110,-0.215984
TEL,18276,18.2332,17.7736,-4.4328,112.0000,-112,-0.219911
TEL,18376,14.0870,15.6711,-4.7736,112.0000,-112,-0.219911
TEL,18476,17.4461,16.7844,-2.6711,-53.1684,-44,-0.086394
TEL,18576,18.1652,17.8683,-3.7844,112.0000,-15,-0.029452
TEL,18676,18.4404,18.1467,-4.8683,112.0000,-98,-0.192423
TEL,18776,17.2591,16.7439,-5.1467,112.0000,-112,-0.219911
TEL,18876,17.9637,17.3914,-3.7439,112.0000,-112,-0.219911
TEL,18976,18.4404,17.9978,-4.3914,112.0000,-112,-0.219911
TEL,19076,14.7502,15.6239,-4.9978,112.0000,-112,-0.219911
TEL,19176,18.0975,17.3599,-2.6239,-18.9283,-42,-0.082467
TEL,19276,18.2332,17.8233,-4.3599,112.0000,-13,-0.025525
TEL,19376,14.1722,15.6852,-4.8233,112.0000,-96,-0.188496
TEL,19476,17.9637,16.5460,-2.6852,-59.2636,-85,-0.166897
TEL,19576,18.1652,17.7044,-3.5460,112.0000,-64,-0.125664
TEL,19676,18.3018,18.0112,-4.7044,112.0000,-112,-0.219911
TEL,19776,16.4899,16.4707,-3.8518,-10.1181,-44,-0.086394
TEL,19876,17.8316,17.0210,-3.4707,112.0000,-14,-0.027489
TEL,19976,18.2332,17.8263,-4.0210,112.0000,-96,-0.188496
TEL,20076,11.7568,16.2814,-4.8263,112.0000,-112,-0.219911
TEL,20176,17.7014,17.0798,-2.9602,63.4521,-65,-0.127627
TEL,20276,18.3018,17.7249,-4.0798,112.0000,-111,-0.217948
TEL,20376,18.5809,18.1864,-4.8986,112.0000,-112,-0.219911
TEL,20476,16.5468,16.5263,-5.1864,112.0000,-112,-0.219911
TEL,20576,18.0975,17.4684,-3.5263,112.0000,-112,-0.219911
TEL,20676,18.2332,17.8741,-4.4684,112.0000,-112,-0.219911
TEL,20776,15.4737,15.9153,-5.0519,112.0000,-112,-0.219911
TEL,20876,17.4461,16.8762,-2.9153,41.5677,-52,-0.102102
TEL,20976,18.3018,17.8478,-4.3171,112.0000,-79,-0.155116
TEL,21076,18.4404,18.0985,-4.8478,112.0000,-112,-0.219911
TEL,21176,17.1976,17.1352,-5.0985,112.0000,-112,-0.219911
TEL,21276,18.0304,17.4813,-4.1352,112.0000,-112,-0.219911
TEL,21376,18.3709,17.9502,-4.6605,112.0000,-112,-0.219911
TEL,21476,15.0320,15.7707,-4.9502,112.0000,-112,-0.219911
TEL,21576,17.9637,17.2542,-3.2614,112.0000,-112,-0.219911
TEL,21676,17.7663,17.6487,-4.2542,112.0000,-112,-0.219911
TEL,21776,11.5189,16.2716,-4.7934,112.0000,-112,-0.219911
TEL,21876,17.3210,16.5127,-3.2716,-101.3896,-44,-0.086394
TEL,21976,18.0304,17.6708,-4.0226,112.0000,-13,-0.025525
TEL,22076,18.2332,17.9854,-4.6708,112.0000,-96,-0.188496
TEL,22176,18.3709,18.2131,-5.1048,112.0000,-112,-0.219911
TEL,22276,18.4404,18.2773,-5.2131,112.0000,-112,-0.219911
TEL,22376,18.3709,18.3207,-5.3032,112.0000,-112,-0.219911
TEL,22476,18.3709,18.3390,-5.3207,112.0000,-112,-0.219911
TEL,22576,18.3018,18.3530,-5.3494,112.0000,-112,-0.219911
TEL,22676,18.3709,18.3614,-5.3530,112.0000,-112,-0.219911
TEL,22776,18.3709,18.3497,-5.3622,112.0000,-112,-0.219911
TEL,22876,18.3018,18.3523,-5.3497,112.0000,-112,-0.219911
TEL,22976,18.3018,18.3475,-5.3491,112.0000,-112,-0.219911
TEL,23076,18.3709,18.3501,-5.3475,112.0000,-112,-0.219911
TEL,23176,18.3709,18.3465,-5.3476,112.0000,-112,-0.219911
TEL,23276,18.3709,18.3456,-5.3465,112.0000,-112,-0.219911
TEL,23376,18.3018,18.3401,-5.3436,112.0000,-112,-0.219911
TEL,23476,18.3018,18.3370,-5.3401,112.0000,-112,-0.219911
TEL,23576,18.3018,18.3356,-5.3383,112.0000,-112,-0.219911
TEL,23676,18.3709,18.3381,-5.3356,112.0000,-112,-0.219911
TEL,23776,18.3018,18.3367,-5.3393,112.0000,-112,-0.219911
TEL,23876,15.0799,17.7662,-5.3367,112.0000,-112,-0.219911
TEL,23976,17.8316,17.5886,-4.5500,112.0000,-112,-0.219911
TEL,24076,18.0304,17.7315,-4.5886,112.0000,-112,-0.219911
TEL,24176,12.0356,16.8116,-4.8231,112.0000,-112,-0.219911
TEL,24276,17.3210,16.8883,-3.8116,-4.1595,-44,-0.086394
TEL,24376,18.1652,17.6160,-4.1354,112.0000,-15,-0.029452
TEL,24476,18.3709,17.9557,-4.6160,112.0000,-97,-0.190459
TEL,24576,17.0154,16.5244,-3.5475,-51.8579,-84,-0.164934
TEL,24676,17.9637,17.3183,-3.5244,112.0000,-58,-0.113883
TEL,24776,18.2332,17.9386,-4.5707,112.0000,-112,-0.219911
TEL,24876,11.6367,16.4235,-4.9386,112.0000,-112,-0.219911
TEL,24976,17.8316,17.0227,-3.1710,79.4229,-79,-0.155116
TEL,25076,18.1652,17.6581,-4.0227,112.0000,-112,-0.219911
TEL,25176,12.0673,16.3604,-4.8490,112.0000,-112,-0.219911
TEL,25276,17.0757,16.4351,-3.3604,-90.5905,-44,-0.086394
TEL,25376,18.2332,17.6912,-3.9335,112.0000,-13,-0.025525
TEL,25476,18.3018,18.0113,-4.6912,112.0000,-95,-0.186532
TEL,25576,16.3771,15.7148,-4.0025,13.9894,-87,-0.170824
TEL,25676,17.7663,17.0701,-2.7148,112.0000,-66,-0.129591
TEL,25776,18.3018,18.0156,-4.0701,112.0000,-112,-0.219911
TEL,25876,12.4944,16.6551,-5.0156,112.0000,-112,-0.219911
TEL,25976,17.3833,17.0706,-2.7113,-23.0709,-44,-0.086394
TEL,26076,18.0975,17.6918,-4.0706,112.0000,-15,-0.029452
TEL,26176,13.1713,16.7123,-4.6918,112.0000,-98,-0.192423
TEL,26276,15.8870,16.4994,-3.7123,-33.2415,-81,-0.159043
TEL,26376,18.0975,17.5660,-3.9744,112.0000,-51,-0.100138
TEL,26476,18.2332,17.9013,-4.5660,112.0000,-111,-0.217948
TEL,26576,14.9370,15.8322,-5.0089,112.0000,-112,-0.219911
TEL,26676,17.6369,16.8118,-2.8322,-3.8555,-44,-0.086394
TEL,26776,18.1652,17.8063,-4.2533,112.0000,-13,-0.025525
TEL,26876,18.5809,18.1560,-4.8063,112.0000,-96,-0.188496
TEL,26976,17.4461,17.2432,-4.7027,107.9398,-108,-0.212057
TEL,27076,17.8974,17.5263,-4.2432,112.0000,-112,-0.219911
TEL,27176,18.3709,17.9733,-4.5263,112.0000,-112,-0.219911
TEL,27276,15.8343,16.3638,-4.9733,112.0000,-112,-0.219911
TEL,27376,17.8974,17.2773,-3.6012,112.0000,-112,-0.219911
TEL,27476,18.1652,17.7668,-4.2773,112.0000,-112,-0.219911
TEL,27576,11.7266,14.6229,-4.9460,112.0000,-112,-0.219911
TEL,27676,17.2591,16.5346,-1.6229,-112.0000,-44,-0.086394
TEL,27776,18.1652,17.8124,-4.1674,112.0000,-13,-0.025525
TEL,27876,18.3709,18.0754,-4.8124,112.0000,-96,-0.188496
TEL,27976,17.7014,16.8570,-3.6620,-48.5001,-85,-0.166897
TEL,28076,17.7663,17.2671,-3.8570,112.0000,-60,-0.117810
TEL,28176,18.3709,18.0295,-4.2671,112.0000,-112,-0.219911
TEL,28276,11.5482,16.4326,-5.0295,112.0000,-112,-0.219911
TEL,28376,17.7014,17.4124,-3.4326,-96.6712,-45,-0.088357
TEL,28476,18.0975,17.7281,-4.4124,112.0000,-15,-0.029452
TEL,28576,12.8424,16.7696,-4.8743,112.0000,-98,-0.192423
TEL,28676,16.7781,16.4328,-3.7696,-23.6322,-83,-0.162970
TEL,28776,18.1652,17.6563,-3.4328,112.0000,-55,-0.107992
TEL,28876,18.3018,17.9825,-4.6563,112.0000,-112,-0.219911
TEL,28976,15.7297,16.0841,-5.1240,112.0000,-112,-0.219911
TEL,29076,17.6369,16.9335,-3.0841,60.0370,-62,-0.121737
TEL,29176,18.2332,17.8720,-4.3206,112.0000,-107,-0.210094
TEL,29276,12.4606,16.4892,-4.8720,112.0000,-112,-0.219911
TEL,29376,17.7014,17.1462,-2.4682,-41.2462,-44,-0.086394
TEL,29476,18.0304,17.6467,-4.1462,112.0000,-13,-0.025525
TEL,29576,13.2844,16.7375,-4.8594,112.0000,-95,-0.186532
TEL,29676,15.9401,15.7028,-3.7375,-23.4947,-86,-0.168861
TEL,29776,18.0304,17.3639,-3.2490,112.0000,-63,-0.123700
TEL,29876,18.2332,17.8991,-4.3639,112.0000,-112,-0.219911
TEL,29976,14.8430,15.6509,-5.0256,112.0000,-112,-0.219911
TEL,30076,17.3210,16.6996,-2.6509,-12.3285,-43,-0.084430
TEL,30176,18.3018,17.8375,-4.1814,112.0000,-13,-0.025525
TEL,30276,13.4381,16.6518,-4.8375,112.0000,-96,-0.188496
TEL,30376,17.8316,17.1816,-3.6518,-42.7494,-85,-0.166897
TEL,30476,17.9637,17.5610,-4.1816,112.0000,-63,-0.123700
TEL,30576,18.3018,17.9906,-4.7520,112.0000,-112,-0.219911
TEL,30676,14.5678,15.8069,-4.9906,112.0000,-112,-0.219911
TEL,30776,17.8316,17.4435,-2.8069,-28.6752,-43,-0.084430
TEL,30876,18.3018,17.8643,-4.4435,112.0000,-13,-0.025525
TEL,30976,18.3709,18.1420,-4.9916,112.0000,-96,-0.188496
TEL,31076,18.4404,18.2247,-5.1420,112.0000,-112,-0.219911
REF,31167,17.0000,hold_far
TEL,31176,18.3709,18.3028,-5.2621,112.0000,-112,-0.219911
TEL,31276,18.1652,18.2864,-1.3028,47.0917,-54,-0.106029
TEL,31376,18.3709,18.3171,-1.2959,46.5433,-47,-0.092284
TEL,31476,18.3709,18.3265,-1.3171,46.8541,-47,-0.092284
TEL,31576,18.3018,18.3310,-1.3244,46.0989,-46,-0.090321
TEL,31676,18.3709,18.3411,-1.3310,46.2863,-46,-0.090321
TEL,31776,18.4404,18.3593,-1.3411,47.2180,-47,-0.092284
TEL,31876,18.3709,18.3606,-1.3593,48.2661,-48,-0.094248
TEL,31976,18.3709,18.3657,-1.3612,47.7137,-48,-0.094248
TEL,32076,18.3709,18.3695,-1.3657,47.8357,-48,-0.094248
TEL,32176,18.3709,18.3757,-1.3696,47.9434,-48,-0.094248
TEL,32276,18.4404,18.3812,-1.3757,48.1201,-48,-0.094248
TEL,32376,18.5104,18.3913,-1.3838,48.7494,-49,-0.096211
TEL,32476,18.5104,18.3954,-1.3913,49.3450,-49,-0.096211
TEL,32576,18.4404,18.3980,-1.3973,49.1397,-49,-0.096211
TEL,32676,18.3709,18.3985,-1.3980,49.1489,-49,-0.096211
TEL,32776,17.3210,18.2735,-1.4001,49.1994,-49,-0.096211
TEL,32876,18.0304,18.2151,-1.2735,36.4956,-36,-0.070686
TEL,32976,18.4404,18.2365,-1.2169,42.8086,-43,-0.084430
TEL,33076,16.2658,17.3523,-1.2365,45.5496,-46,-0.090321
TEL,33176,17.8974,17.5431,-0.2496,-4.1128,3,0.005890
TEL,33276,17.8974,17.7159,-0.5431,34.4174,-34,-0.066759
TEL,33376,14.8899,16.9857,-0.7159,31.8933,-32,-0.062832
TEL,33476,17.5729,17.0712,0.0142,-96.9822,36,0.070686
TEL,33576,18.1652,17.7493,-0.3433,46.0279,67,0.131554
TEL,33676,13.2088,16.6647,-0.7493,48.1308,-20,-0.039270
TEL,33776,16.6617,16.2303,2.6249,-112.0000,-33,-0.064795
TEL,33876,17.6369,17.1230,0.7697,41.6115,-32,-0.062832
TEL,33976,18.3709,17.9342,-0.4139,50.8555,-51,-0.100138
TEL,34076,14.1722,15.3824,-0.9342,59.7001,-60,-0.117810
TEL,34176,17.7014,17.1382,1.0395,35.8823,-36,-0.070686
TEL,34276,18.1652,17.7434,-0.1382,61.7816,-62,-0.121737
TEL,34376,11.8792,16.4351,-0.9273,55.4430,-55,-0.107992
TEL,34476,17.1364,16.4675,0.5649,-112.0000,12,0.023562
TEL,34576,18.0304,17.6565,-0.0192,69.6415,43,0.084430
TEL,34676,13.2465,16.4550,-0.6565,51.4650,-39,-0.076576
TEL,34776,16.5468,15.6739,1.6804,-112.0000,-18,-0.035343
TEL,34876,17.7014,16.9325,1.3261,19.5774,13,0.025525
TEL,34976,18.3709,17.9305,-0.3873,70.4158,-63,-0.123700
TEL,35076,12.2939,16.4136,-0.9305,62.4535,-62,-0.121737
TEL,35176,17.4461,17.1824,0.5864,-112.0000,6,0.011781
TEL,35276,18.0304,17.5948,-0.1824,24.2603,37,0.072649
TEL,35376,13.4381,16.7819,-0.7715,49.0846,-40,-0.078540
TEL,35476,16.1559,15.9292,0.2181,-112.0000,-10,-0.019635
TEL,35576,18.0304,17.3109,0.6368,31.9662,21,0.041233
TEL,35676,12.8068,15.9421,-0.3109,66.9094,-58,-0.113883
TEL,35776,11.5189,13.0153,-0.2651,112.0000,-112,-0.219911
TEL,35876,17.3833,16.5405,3.9847,-112.0000,-44,-0.086394
TEL,35976,18.2332,17.8067,-0.2051,90.2502,-14,-0.027489
TEL,36076,15.3238,17.1804,-0.8067,62.3285,-62,-0.121737
TEL,36176,17.5729,17.1032,2.1716,-112.0000,6,0.011781
TEL,36276,17.8316,17.7247,-0.1032,86.9067,36,0.070686
TEL,36376,18.3018,18.0533,-0.8437,44.3974,-39,-0.076576
TEL,36476,14.4337,15.6940,-1.0533,47.3497,-47,-0.092284
TEL,36576,17.8974,17.1823,0.8205,31.9816,-32,-0.062832
TEL,36676,18.3018,17.8407,-0.1823,67.4976,-67,-0.131554
TEL,36776,12.0992,16.5386,-0.9956,54.2046,-54,-0.106029
TEL,36876,17.1364,16.5370,0.4614,-112.0000,14,0.027489
TEL,36976,18.0975,17.6436,-0.0185,60.8376,45,0.088357
TEL,37076,18.5104,18.0782,-0.6436,54.8971,-39,-0.076576
TEL,37176,16.7781,15.7507,0.5874,-112.0000,-28,-0.054978
TEL,37276,17.9637,17.4061,1.2493,112.0000,-3,-0.005890
TEL,37376,18.2332,18.0978,-0.4061,92.4260,-83,-0.162970
TEL,37476,17.1976,17.9617,-1.0978,46.8151,-57,-0.111919
TEL,37576,17.6369,17.4617,-0.3208,-68.8791,28,0.054978
TEL,37676,18.0975,17.6899,-0.4617,25.0423,59,0.115846
TEL,37776,13.2088,16.8985,-0.8276,46.1795,-26,-0.051051
TEL,37876,16.7197,15.9081,0.1015,-112.0000,-24,-0.047124
TEL,37976,18.0975,17.6272,0.2069,103.3723,-7,-0.013744
TEL,38076,18.2332,17.9788,-0.6272,65.5444,-66,-0.129591
TEL,38176,14.7965,15.5025,-0.9788,49.8007,-50,-0.098175
TEL,38276,17.6369,16.7426,1.4975,-112.0000,17,0.033379
TEL,38376,18.1652,17.8415,-0.3298,84.9400,48,0.094248
TEL,38476,15.6779,16.0123,-0.8415,53.0195,-37,-0.072649
TEL,38576,17.7663,16.6566,1.6858,-112.0000,-27,-0.053014
TEL,38676,17.9637,17.4637,0.3434,86.3020,-4,-0.007854
TEL,38776,18.3018,18.0246,-0.7446,61.1808,-61,-0.119773
TEL,38876,15.4235,16.1575,-1.0246,50.3402,-50,-0.098175
TEL,38976,17.8974,17.3120,0.5949,10.1223,-10,-0.019635
TEL,39076,18.1652,17.7882,-0.3120,57.0072,-56,-0.109956
TEL,39176,11.7266,14.4707,-0.9223,49.0481,-49,-0.096211
TEL,39276,17.3833,16.4611,2.5293,-112.0000,19,0.037306
TEL,39376,18.2332,17.8060,-0.1576,92.5821,50,0.098175
TEL,39476,18.3018,18.0758,-0.8060,62.7781,-37,-0.072649
TEL,39576,16.5468,16.2400,0.3024,-112.0000,-47,-0.092284
TEL,39676,17.7663,17.1081,0.7600,5.8106,-6,-0.011781
TEL,39776,18.3018,17.8906,-0.4452,57.7209,-56,-0.109956
TEL,39876,18.4404,18.1244,-0.8906,55.5087,-56,-0.109956
TEL,39976,18.4404,18.2768,-1.1244,53.4082,-53,-0.104065
TEL,40076,18.4404,18.3159,-1.2768,49.5395,-50,-0.098175
TEL,40176,18.4404,18.3267,-1.3139,45.7360,-46,-0.090321
TEL,40276,18.4404,18.3354,-1.3267,48.2253,-48,-0.094248
TEL,40376,18.4404,18.3552,-1.3452,48.3057,-48,-0.094248
TEL,40476,18.4404,18.3577,-1.3552,48.3962,-48,-0.094248
TEL,40576,18.4404,18.3604,-1.3587,47.6745,-48,-0.094248
TEL,40676,18.3709,18.3659,-1.3604,48.3224,-48,-0.094248
TEL,40776,18.3709,18.3704,-1.3662,47.8539,-48,-0.094248
TEL,40876,18.0304,18.3564,-1.3704,47.9671,-48,-0.094248
TEL,40976,18.4404,18.3659,-1.3612,48.2359,-48,-0.094248
TEL,41076,18.3709,18.3630,-1.3659,48.3276,-48,-0.094248
TEL,41176,18.3709,18.3579,-1.3630,47.7577,-48,-0.094248
TEL,41276,18.3018,18.3560,-1.3579,47.6050,-48,-0.094248
TEL,41376,18.3709,18.3551,-1.3537,47.0884,-47,-0.092284
TEL,41476,18.3709,18.3589,-1.3551,47.5109,-48,-0.094248
TEL,41576,18.4404,18.3627,-1.3594,47.6353,-48,-0.094248
TEL,41676,18.3709,18.3657,-1.3627,48.0562,-48,-0.094248
TEL,41776,18.0975,18.3280,-1.3657,47.8233,-48,-0.094248
TEL,41876,18.2332,18.3192,-1.3280,45.1337,-45,-0.088357
TEL,41976,16.3771,17.7397,-1.3249,47.0884,-47,-0.092284
TEL,42076,17.7014,17.6330,-0.7397,-8.5898,6,0.011781
TEL,42176,18.2332,17.8663,-0.6969,32.3880,-29,-0.056941
TEL,42276,12.8068,16.9800,-0.8663,40.7327,-41,-0.080503
TEL,42376,17.3833,16.7038,1.0034,-112.0000,26,0.051051
TEL,42476,17.7663,17.4854,0.2962,42.0737,57,0.111919
TEL,42576,12.0356,16.2082,-0.7104,52.9789,-30,-0.058905
TEL,42676,15.9401,15.1771,0.7918,-112.0000,-34,-0.066759
TEL,42776,18.0304,17.4465,0.8259,95.7211,-23,-0.045160
TEL,42876,18.2332,17.9051,-0.4465,80.6235,-81,-0.159043
TEL,42976,14.7502,17.2910,-1.0071,47.9906,-48,-0.094248
TEL,43076,17.3833,17.2281,-0.2910,-98.3739,20,0.039270
TEL,43176,18.0975,17.7376,-0.2281,17.2277,51,0.100138
TEL,43276,13.3608,16.8029,-0.7376,41.4720,-30,-0.058905
TEL,43376,17.0757,15.6095,2.2062,-112.0000,-5,-0.009817
TEL,43476,17.9637,17.2111,1.3905,76.5903,25,0.049087
TEL,43576,18.3709,18.0391,-0.5827,66.8492,-56,-0.109956
TEL,43676,12.0673,16.5357,-1.0391,58.3592,-58,-0.113883
TEL,43776,18.0304,17.3389,0.7734,-65.7082,8,0.015708
TEL,43876,17.8316,17.6715,-0.3389,73.4328,38,0.074613
TEL,43976,13.8781,16.9427,-0.8088,45.4671,-39,-0.076576
TEL,44076,16.1015,15.5452,0.0573,-112.0000,1,0.001963
TEL,44176,17.8974,17.4778,0.5475,94.2472,31,0.060868
TEL,44276,18.3709,17.9778,-0.4778,60.2385,-50,-0.098175
TEL,44376,15.9401,15.2405,0.5515,-112.0000,-23,-0.045160
TEL,44476,17.5093,16.7472,1.7595,89.3627,6,0.011781
TEL,44576,18.2332,17.8688,-0.2745,75.5216,-70,-0.137445
TEL,44676,18.4404,18.1146,-0.8688,58.0160,-58,-0.113883
TEL,44776,17.6369,17.1887,0.4200,-112.0000,10,0.019635
TEL,44876,17.9637,17.5714,-0.1887,43.6713,41,0.080503
TEL,44976,18.4404,17.9752,-0.7809,53.5208,-41,-0.080503
TEL,45076,11.5775,14.5094,-0.9752,51.9903,-52,-0.102102
TEL,45176,17.7663,17.4091,2.4906,-112.0000,16,0.031416
TEL,45276,18.1652,17.8898,-0.4091,50.5809,45,0.088357
TEL,45376,12.3934,16.7658,-0.9921,47.5102,-37,-0.072649
TEL,45476,16.8960,16.5976,0.2342,-112.0000,-13,-0.025525
TEL,45576,18.1652,17.5584,0.0602,40.6732,17,0.033379
TEL,45676,18.3018,17.2936,-0.5584,56.9489,-54,-0.106029
TEL,45776,16.4333,17.0506,-0.9186,110.2836,-110,-0.215984
TEL,45876,17.7014,17.2781,-0.0506,-49.9902,-42,-0.082467
TEL,45976,18.2332,17.8594,-0.2781,31.2208,-11,-0.021598
TEL,46076,13.3608,15.6932,-0.8594,47.7015,-48,-0.094248
TEL,46176,17.7663,16.9810,1.8014,-112.0000,20,0.039270
TEL,46276,17.9637,17.6303,0.0190,92.8538,49,0.096211
TEL,46376,12.9142,16.5963,-0.8122,51.1707,-36,-0.070686
TEL,46476,15.5752,15.1305,0.4037,-112.0000,-23,-0.045160
TEL,46576,17.8316,17.4160,0.5156,112.0000,6,0.011781
TEL,46676,18.3018,17.9114,-0.4160,57.7558,-57,-0.111919
TEL,46776,11.8792,14.7013,-0.9276,34.4932,-34,-0.066759
TEL,46876,17.3210,16.6019,2.2987,-112.0000,34,0.066759
TEL,46976,18.1652,17.8216,-0.2632,91.8799,65,0.127627
TEL,47076,18.3018,18.0729,-0.8216,55.4591,-23,-0.045160
TEL,47176,16.6617,16.2174,0.2527,-112.0000,-43,-0.084430
TEL,47276,17.8316,17.1868,0.7826,25.6233,-26,-0.051051
TEL,47376,18.2332,17.8984,-0.5105,58.3307,-58,-0.113883
TEL,47476,11.6965,16.3263,-0.8984,51.0542,-51,-0.100138
TEL,47576,17.7014,17.0958,0.8523,-52.1619,16,0.031416
TEL,47676,18.1652,17.7397,-0.0958,53.2721,42,0.082467
TEL,47776,13.7554,16.9124,-0.8790,48.1719,-39,-0.076576
TEL,47876,16.3213,16.1197,0.0876,-112.0000,-9,-0.017671
TEL,47976,17.8974,17.2711,0.4857,32.3121,22,0.043197
TEL,48076,18.2332,17.7234,-0.2711,53.5326,-50,-0.098175
TEL,48176,15.2254,15.9981,-0.9394,59.8787,-60,-0.117810
TEL,48276,17.5093,16.7765,1.0019,-112.0000,8,0.015708
TEL,48376,18.2332,17.7437,-0.1751,55.9521,39,0.076576
TEL,48476,18.3018,18.0503,-0.7437,57.9948,-44,-0.086394
TEL,48576,16.4899,16.7580,0.4891,-112.0000,-28,-0.054978
TEL,48676,17.7663,17.1988,0.2420,-32.8759,33,0.064795
TEL,48776,18.2332,17.8749,-0.4685,50.1096,-32,-0.062832
TEL,48876,18.3018,18.0374,-0.8749,49.8550,-50,-0.098175
TEL,48976,18.4404,18.2279,-1.1104,47.9893,-48,-0.094248
TEL,49076,18.3709,18.2722,-1.2279,49.2724,-49,-0.096211
TEL,49176,18.4404,18.3320,-1.2966,48.4317,-48,-0.094248
TEL,49276,18.4404,18.3404,-1.3320,48.5932,-49,-0.096211
TEL,49376,18.3018,18.3363,-1.3435,47.4129,-47,-0.092284
TEL,49476,18.3709,18.3364,-1.3363,46.3575,-46,-0.090321
TEL,49576,18.3709,18.3475,-1.3364,47.1322,-47,-0.092284
TEL,49676,18.3018,18.3420,-1.3475,47.3732,-47,-0.092284
TEL,49776,18.3709,18.3503,-1.3437,47.2411,-47,-0.092284
TEL,49876,18.3709,18.3524,-1.3503,47.4134,-47,-0.092284
TEL,49976,18.3709,18.3581,-1.3533,47.4796,-47,-0.092284
TEL,50076,18.3709,18.3622,-1.3581,47.6110,-48,-0.094248
TEL,50176,18.3709,18.3660,-1.3626,47.7364,-48,-0.094248
TEL,50276,18.3709,18.3664,-1.3660,47.8363,-48,-0.094248
TEL,50376,18.3709,18.3717,-1.3691,48.2617,-48,-0.094248
TEL,50476,18.3709,18.3740,-1.3717,48.0061,-48,-0.094248
TEL,50576,18.4404,18.3760,-1.3739,48.0742,-48,-0.094248
TEL,50676,16.8368,18.3277,-1.3760,48.4275,-48,-0.094248
TEL,50776,18.1652,18.2396,-1.2781,38.5397,-39,-0.076576
TEL,50876,18.2332,18.2289,-1.2396,42.5687,-43,-0.084430
TEL,50976,14.9370,15.8097,-1.2289,43.0572,-43,-0.084430
TEL,51076,17.7014,16.9227,1.1903,-112.0000,24,0.047124
TEL,51176,18.2332,17.8730,-0.4081,74.9569,55,0.107992
TEL,51276,15.8870,16.1539,-0.8730,54.5386,-32,-0.062832
TEL,51376,17.9637,16.6636,2.6513,-112.0000,-36,-0.070686
TEL,51476,18.0304,17.5903,0.3364,112.0000,-25,-0.049087
TEL,51576,18.4404,18.0886,-0.8397,60.5591,-61,-0.119773
TEL,51676,14.7965,16.0204,-1.0886,55.4275,-55,-0.107992
TEL,51776,17.6369,17.1584,0.5847,28.8945,-29,-0.056941
TEL,51876,18.1652,17.6776,-0.1584,43.0328,-43,-0.084430
TEL,51976,12.4606,16.5254,-0.8494,51.2064,-51,-0.100138
TEL,52076,17.1976,16.5086,0.4746,-112.0000,17,0.033379
TEL,52176,18.1652,17.6671,-0.0297,66.1815,48,0.094248
TEL,52276,18.2332,17.9534,-0.6671,59.3184,-38,-0.074613
TEL,52376,15.6779,15.9464,-0.3699,-59.9913,-38,-0.074613
TEL,52476,17.7014,16.9096,1.0536,-68.4927,52,0.102102
TEL,52576,18.3018,17.7855,-0.3668,69.9911,41,0.080503
TEL,52676,13.5161,14.6390,-0.7855,57.7359,-47,-0.092284
TEL,52776,17.7663,16.5285,2.2488,-64.6821,-22,-0.043197
TEL,52876,18.0304,17.6270,0.4715,104.4908,7,0.013744
TEL,52976,18.5809,18.2135,-0.6270,65.1297,-62,-0.121737
TEL,53076,14.9843,15.7938,-1.2135,61.1201,-61,-0.119773
TEL,53176,17.8974,17.3000,0.6440,47.7342,-48,-0.094248
TEL,53276,18.3018,17.8886,-0.3000,62.5640,-63,-0.123700
TEL,53376,11.6071,14.2913,-1.0217,52.3978,-52,-0.102102
TEL,53476,17.3833,16.6069,2.7087,-112.0000,16,0.031416
TEL,53576,17.8974,17.7275,-0.2719,92.6416,46,0.090321
TEL,53676,18.1652,17.9608,-0.7275,38.9056,-31,-0.060868
TEL,53776,16.6617,16.0895,0.3615,-112.0000,3,0.005890
TEL,53876,17.8316,17.2264,0.9105,43.1221,33,0.064795
TEL,53976,18.1652,17.9314,-0.5773,64.0642,-50,-0.098175
TEL,54076,11.6665,16.3985,-0.9314,46.8160,-47,-0.092284
TEL,54176,17.7014,17.1100,0.8427,-59.6392,21,0.041233
TEL,54276,18.1652,17.6456,-0.1100,53.4325,52,0.102102
TEL,54376,18.5809,18.1507,-0.8336,52.6744,-32,-0.062832
TEL,54476,16.1015,16.2960,-1.1507,60.2471,-60,-0.117810
TEL,54576,18.0304,17.4181,0.3573,30.8335,-31,-0.060868
TEL,54676,18.2332,17.8401,-0.4181,58.3358,-58,-0.113883
TEL,54776,15.0799,15.7215,-0.8401,52.4413,-52,-0.102102
TEL,54876,17.4461,16.6048,1.2785,-112.0000,16,0.031416
TEL,54976,18.2332,17.7617,-0.1367,71.2738,47,0.092284
TEL,55076,11.6071,16.0976,-0.7617,60.4847,-39,-0.076576
TEL,55176,17.0154,16.2276,2.9296,-112.0000,-39,-0.076576
TEL,55276,18.0304,17.3766,0.7724,92.1768,-24,-0.047124
TEL,55376,18.2332,17.7502,-0.3766,79.7305,-80,-0.157080
TEL,55476,11.6071,15.6876,-0.7502,88.1651,-88,-0.172788
TEL,55576,17.7663,16.8809,1.1266,-16.2084,-20,-0.039270
TEL,55676,18.1652,17.5977,0.1191,66.0658,6,0.011781
TEL,55776,13.0232,16.0656,-0.5977,62.8743,-61,-0.119773
TEL,55876,16.9555,16.5472,0.9344,-112.0000,3,0.005890
TEL,55976,18.0304,17.5821,0.4528,16.5640,34,0.066759
TEL,56076,18.2332,17.9156,-0.5821,48.8944,-42,-0.082467
TEL,56176,15.7818,16.2908,-1.0173,48.3168,-48,-0.094248
TEL,56276,17.3210,16.8102,0.7092,-80.7274,20,0.039270
TEL,56376,18.1652,17.6524,-0.1430,46.6171,50,0.098175
TEL,56476,13.0599,14.3605,-0.6524,52.6559,-35,-0.068722
TEL,56576,16.9555,15.9607,3.9037,-112.0000,-30,-0.058905
TEL,56676,17.8974,17.3938,1.0393,112.0000,-12,-0.023562
TEL,56776,18.3709,18.0697,-0.3938,77.5156,-77,-0.151189
TEL,56876,11.8792,16.5767,-1.0697,54.7005,-55,-0.107992
TEL,56976,17.7014,17.1575,0.6976,-58.7057,13,0.025525
TEL,57076,18.1652,17.7303,-0.1575,49.5256,43,0.084430
TEL,57176,12.2939,16.5683,-0.9113,54.5286,-40,-0.078540
TEL,57276,16.4899,16.1274,0.4317,-112.0000,-26,-0.051051
TEL,57376,18.0304,17.5134,0.4381,38.9697,2,0.003927
TEL,57476,18.2332,17.9095,-0.5134,61.6766,-61,-0.119773
TEL,57576,15.6264,16.1128,-1.0227,49.9456,-50,-0.098175
TEL,57676,17.6369,16.9281,0.8872,-90.3082,18,0.035343
TEL,57776,17.8974,17.7383,-0.3906,71.4778,49,0.096211
TEL,57876,18.3709,18.0009,-0.7383,35.9898,-28,-0.054978
TEL,57976,18.3709,18.1835,-1.0903,49.3298,-49,-0.096211
TEL,58076,18.3709,18.2427,-1.1835,47.1856,-47,-0.092284
TEL,58176,18.4404,18.3156,-1.2427,46.6601,-47,-0.092284
TEL,58276,18.3018,18.3125,-1.3156,48.4509,-48,-0.094248
TEL,58376,18.3709,18.3157,-1.3114,45.7649,-46,-0.090321
TEL,58476,18.3709,18.3293,-1.3157,46.6891,-47,-0.092284
TEL,58576,18.3709,18.3330,-1.3272,46.1970,-46,-0.090321
TEL,58676,18.4404,18.3462,-1.3330,46.9949,-47,-0.092284
TEL,58776,18.3709,18.3543,-1.3478,47.3631,-47,-0.092284
TEL,58876,18.3709,18.3597,-1.3543,47.5280,-48,-0.094248
TEL,58976,18.3709,18.3646,-1.3603,47.6831,-48,-0.094248
TEL,59076,18.3709,18.3652,-1.3646,47.8020,-48,-0.094248
TEL,59176,18.3709,18.3715,-1.3652,47.8148,-48,-0.094248
TEL,59276,18.3709,18.3742,-1.3715,47.9992,-48,-0.094248
TEL,59376,18.4404,18.3764,-1.3741,48.0759,-48,-0.094248
TEL,59476,18.3709,18.3784,-1.3764,48.4748,-48,-0.094248
TEL,59576,18.3709,18.3799,-1.3806,48.5906,-49,-0.096211
TEL,59676,15.2745,17.8128,-1.3799,48.2573,-48,-0.094248
TEL,59776,17.8974,17.6338,-0.5610,-11.8421,7,0.013744
TEL,59876,18.2332,17.8236,-0.6338,30.8906,-25,-0.049087
TEL,59976,11.8484,16.8368,-0.9040,41.6814,-42,-0.082467
TEL,60076,17.0757,16.6062,0.1632,-112.0000,25,0.049087
TEL,60176,18.1652,17.5919,-0.0340,54.6704,56,0.109956
TEL,60276,18.4404,17.9143,-0.5919,56.7564,-32,-0.062832
TEL,60376,15.8870,15.8447,0.1364,-112.0000,-41,-0.080503
TEL,60476,17.9637,16.9263,1.1553,-35.2780,33,0.064795
TEL,60576,13.7554,16.2868,-0.3151,59.6267,-30,-0.058905
TEL,60676,12.9503,15.1098,0.7132,-112.0000,-47,-0.092284
TEL,60776,18.0304,16.7958,2.3381,-112.0000,42,0.082467
TEL,60876,18.0304,17.6606,0.2042,112.0000,72,0.141372
TEL,60976,12.4944,16.4776,-0.8992,61.2990,-16,-0.031416
TEL,61076,15.8343,15.2507,0.5224,-112.0000,-46,-0.090321
REF,61167,9.0000,hold_near
TEL,61176,18.1652,17.3758,0.9270,70.3488,-58,-0.113883
TEL,61276,18.1652,17.8450,-8.3758,112.0000,-112,-0.219911
TEL,61376,13.2088,16.8936,-8.8450,112.0000,-112,-0.219911
TEL,61476,16.7197,16.2560,-7.8936,112.0000,-112,-0.219911
TEL,61576,18.0975,17.4827,-7.6556,112.0000,-112,-0.219911
TEL,61676,18.3018,17.9165,-8.4827,112.0000,-112,-0.219911
TEL,61776,15.6264,15.1116,-8.9165,112.0000,-112,-0.219911
TEL,61876,17.5093,16.6488,-6.1116,112.0000,-112,-0.219911
TEL,61976,18.1652,17.7785,-8.1928,112.0000,-112,-0.219911
TEL,62076,18.3018,18.0538,-8.7785,112.0000,-112,-0.219911
TEL,62176,17.0757,16.4130,-7.6899,98.6644,-99,-0.194386
TEL,62276,17.9637,17.3302,-7.4130,112.0000,-112,-0.219911
TEL,62376,18.3709,17.9973,-8.6505,112.0000,-112,-0.219911
TEL,62476,11.6071,16.4594,-8.9973,112.0000,-112,-0.219911
TEL,62576,17.7014,17.3310,-7.4594,53.3101,-57,-0.111919
TEL,62676,18.0975,17.6733,-8.3310,112.0000,-101,-0.198313
TEL,62776,14.0448,17.0101,-8.8054,112.0000,-112,-0.219911
TEL,62876,16.0473,15.5930,-8.0101,112.0000,-112,-0.219911
TEL,62976,17.9637,17.3784,-7.3906,112.0000,-112,-0.219911
TEL,63076,18.3018,17.9039,-8.3784,112.0000,-112,-0.219911
TEL,63176,11.9413,14.4280,-9.0514,112.0000,-112,-0.219911
TEL,63276,17.3210,16.6297,-5.4280,-99.8972,-44,-0.086394
TEL,63376,18.1652,17.9244,-7.6297,112.0000,-15,-0.029452
TEL,63476,18.4404,18.1495,-8.9244,112.0000,-98,-0.192423
TEL,63576,16.7197,16.1711,-7.8082,105.6255,-106,-0.208131
TEL,63676,17.7014,17.0895,-7.1711,112.0000,-112,-0.219911
TEL,63776,18.3018,17.9180,-8.4770,112.0000,-112,-0.219911
TEL,63876,12.4269,16.5796,-8.9180,112.0000,-112,-0.219911
TEL,63976,17.2591,16.7290,-5.0700,-112.0000,-44,-0.086394
TEL,64076,18.0975,17.6424,-7.7290,112.0000,-14,-0.027489
TEL,64176,18.3018,18.0801,-8.8420,112.0000,-96,-0.188496
TEL,64276,14.8430,15.7780,-9.0801,112.0000,-112,-0.219911
TEL,64376,17.8316,17.1956,-7.2327,112.0000,-112,-0.219911
TEL,64476,18.2332,17.7475,-8.1956,112.0000,-112,-0.219911
TEL,64576,12.2939,16.5253,-8.9261,112.0000,-112,-0.219911
TEL,64676,16.9555,16.4913,-7.5253,69.5342,-70,-0.137445
TEL,64776,18.1652,17.7387,-7.4913,112.0000,-112,-0.219911
TEL,64876,18.2332,17.9991,-8.7387,112.0000,-112,-0.219911
TEL,64976,16.1015,16.3516,-9.1113,112.0000,-112,-0.219911
TEL,65076,17.5729,16.8301,-7.3516,112.0000,-112,-0.219911
TEL,65176,18.2332,17.7491,-7.8301,112.0000,-112,-0.219911
TEL,65276,18.4404,18.0475,-8.7491,112.0000,-112,-0.219911
TEL,65376,17.0757,16.9337,-9.0475,112.0000,-112,-0.219911
TEL,65476,17.8974,17.3655,-7.9338,112.0000,-112,-0.219911
TEL,65576,18.2332,17.8851,-8.3655,112.0000,-112,-0.219911
TEL,65676,11.6367,14.3148,-8.8851,112.0000,-112,-0.219911
TEL,65776,17.5729,16.9019,-6.5240,112.0000,-112,-0.219911
TEL,65876,18.0975,17.6431,-7.9019,112.0000,-112,-0.219911
TEL,65976,18.4404,18.1032,-8.8281,112.0000,-112,-0.219911
TEL,66076,16.1559,16.8455,-9.1032,112.0000,-112,-0.219911
TEL,66176,18.0304,17.4626,-8.0280,112.0000,-112,-0.219911
TEL,66276,18.2332,17.8117,-8.4626,112.0000,-112,-0.219911
TEL,66376,14.9370,16.0154,-8.9415,112.0000,-112,-0.219911
TEL,66476,17.3833,16.4635,-7.0154,112.0000,-112,-0.219911
TEL,66576,18.0975,17.5783,-7.8734,112.0000,-112,-0.219911
TEL,66676,18.4404,17.9770,-8.5783,112.0000,-112,-0.219911
TEL,66776,16.6617,16.3449,-7.5208,81.2067,-81,-0.159043
TEL,66876,17.7663,17.0482,-7.3449,112.0000,-112,-0.219911
TEL,66976,18.3018,17.8770,-8.0482,112.0000,-112,-0.219911
TEL,67076,18.3709,18.0847,-8.8770,112.0000,-112,-0.219911
TEL,67176,18.4404,18.2462,-9.1362,112.0000,-112,-0.219911
TEL,67276,18.3018,18.2843,-9.2462,112.0000,-112,-0.219911
TEL,67376,18.4404,18.3386,-9.3064,112.0000,-112,-0.219911
TEL,67476,18.3709,18.3382,-9.3386,112.0000,-112,-0.219911
TEL,67576,18.3018,18.3405,-9.3414,112.0000,-112,-0.219911
TEL,67676,18.3018,18.3348,-9.3405,112.0000,-112,-0.219911
TEL,67776,18.3018,18.3286,-9.3325,112.0000,-112,-0.219911
TEL,67876,18.3018,18.3256,-9.3286,112.0000,-112,-0.219911
TEL,67976,18.3018,18.3289,-9.3281,112.0000,-112,-0.219911
TEL,68076,18.3709,18.3329,-9.3289,112.0000,-112,-0.219911
TEL,68176,18.3018,18.3288,-9.3329,112.0000,-112,-0.219911
TEL,68276,18.3018,18.3266,-9.3288,112.0000,-112,-0.219911
TEL,68376,18.3018,18.3238,-9.3256,112.0000,-112,-0.219911
TEL,68476,18.3018,18.3247,-9.3238,112.0000,-112,-0.219911
TEL,68576,18.3018,18.3247,-9.3238,112.0000,-112,-0.219911
TEL,68676,18.3709,18.3277,-9.3247,112.0000,-112,-0.219911
TEL,68776,18.3018,18.3253,-9.3269,112.0000,-112,-0.219911
TEL,68876,12.0673,18.1204,-9.3253,112.0000,-112,-0.219911
TEL,68976,17.5729,17.6976,-8.8520,112.0000,-112,-0.219911
TEL,69076,18.0975,17.7840,-8.6976,112.0000,-112,-0.219911
TEL,69176,14.4337,17.3437,-8.8463,112.0000,-112,-0.219911
TEL,69276,16.5468,16.6159,-8.3437,112.0000,-112,-0.219911
TEL,69376,17.9637,17.2862,-7.7868,112.0000,-112,-0.219911
TEL,69476,18.1652,17.6937,-8.2862,112.0000,-112,-0.219911
TEL,69576,14.7502,15.9422,-8.8427,112.0000,-112,-0.219911
TEL,69676,17.3210,16.3820,-6.9422,112.0000,-112,-0.219911
TEL,69776,18.0304,17.5443,-7.8220,112.0000,-112,-0.219911
TEL,69876,18.3018,17.9220,-8.5443,112.0000,-112,-0.219911
TEL,69976,16.7197,16.3317,-8.9220,112.0000,-112,-0.219911
TEL,70076,17.8316,17.1384,-7.3317,112.0000,-112,-0.219911
TEL,70176,18.1652,17.8352,-8.4657,112.0000,-112,-0.219911
TEL,70276,13.2465,16.7550,-8.8352,112.0000,-112,-0.219911
TEL,70376,17.3833,16.7637,-6.8484,112.0000,-112,-0.219911
TEL,70476,17.9637,17.4124,-7.7637,112.0000,-112,-0.219911
TEL,70576,18.3018,17.9793,-8.6676,112.0000,-112,-0.219911
TEL,70676,15.0320,15.8247,-8.9793,112.0000,-112,-0.219911
TEL,70776,17.7014,17.0991,-7.1873,112.0000,-112,-0.219911
TEL,70876,18.1652,17.6990,-8.0991,112.0000,-112,-0.219911
TEL,70976,12.7011,16.6169,-8.6990,112.0000,-112,-0.219911
TEL,71076,17.0154,16.4538,-7.6169,91.8022,-92,-0.180642
TEL,71176,18.0304,17.4960,-7.9013,112.0000,-112,-0.219911
TEL,71276,18.2332,17.9114,-8.4960,112.0000,-112,-0.219911
TEL,71376,15.9401,15.2149,-8.9114,112.0000,-112,-0.219911
TEL,71476,17.5729,16.9874,-6.2149,112.0000,-112,-0.219911
TEL,71576,18.1652,17.9010,-7.9874,112.0000,-112,-0.219911
TEL,71676,18.5809,18.1516,-8.9010,112.0000,-112,-0.219911
TEL,71776,17.4461,17.1797,-9.1516,112.0000,-112,-0.219911
TEL,71876,17.8974,17.5408,-8.1797,112.0000,-112,-0.219911
TEL,71976,18.3018,17.9457,-8.5408,112.0000,-112,-0.219911
TEL,72076,14.7965,15.9559,-8.9457,112.0000,-112,-0.219911
TEL,72176,17.6369,16.8962,-7.0499,112.0000,-112,-0.219911
TEL,72276,18.0975,17.5915,-7.8962,112.0000,-112,-0.219911
TEL,72376,13.5555,16.7339,-8.7838,112.0000,-112,-0.219911
TEL,72476,16.6040,16.3793,-7.7339,112.0000,-112,-0.219911
TEL,72576,17.8974,17.4133,-7.3793,112.0000,-112,-0.219911
TEL,72676,18.2332,17.8134,-8.4133,112.0000,-112,-0.219911
TEL,72776,14.2152,15.3344,-8.9507,112.0000,-112,-0.219911
TEL,72876,17.5093,16.7291,-6.3344,81.1100,-81,-0.159043
TEL,72976,18.2332,17.7867,-8.1920,112.0000,-112,-0.219911
TEL,73076,18.5809,18.1592,-8.7867,112.0000,-112,-0.219911
TEL,73176,16.8960,16.7066,-7.5358,60.8230,-63,-0.123700
TEL,73276,17.8974,17.2689,-7.7066,112.0000,-110,-0.215984
TEL,73376,18.2332,17.9076,-8.2689,112.0000,-112,-0.219911
TEL,73476,12.2939,16.6657,-8.9076,112.0000,-112,-0.219911
TEL,73576,17.5729,16.8202,-7.2752,112.0000,-112,-0.219911
TEL,73676,18.1652,17.5206,-7.8202,112.0000,-112,-0.219911
TEL,73776,13.6348,16.7054,-8.7614,112.0000,-112,-0.219911
TEL,73876,16.1559,15.4817,-7.7054,112.0000,-112,-0.219911
TEL,73976,17.8974,17.3972,-6.4817,112.0000,-112,-0.219911
TEL,74076,18.0975,17.7879,-8.3972,112.0000,-112,-0.219911
TEL,74176,12.0673,16.5690,-8.9168,112.0000,-112,-0.219911
TEL,74276,17.3210,16.6356,-7.5690,79.3449,-79,-0.155116
TEL,74376,18.1652,17.6712,-8.0578,112.0000,-112,-0.219911
TEL,74476,18.3709,18.0086,-8.6712,112.0000,-112,-0.219911
TEL,74576,16.7781,17.0475,-9.1449,112.0000,-112,-0.219911
TEL,74676,17.7014,17.2955,-8.0475,112.0000,-112,-0.219911
TEL,74776,18.3018,17.8457,-8.2955,112.0000,-112,-0.219911
TEL,74876,14.0027,17.0147,-8.8457,112.0000,-112,-0.219911
TEL,74976,17.3210,16.7324,-7.0147,112.0000,-112,-0.219911
TEL,75076,17.9637,17.4569,-7.7324,112.0000,-112,-0.219911
TEL,75176,18.3018,17.9944,-8.6749,112.0000,-112,-0.219911
TEL,75276,14.7502,15.5537,-8.9944,112.0000,-112,-0.219911
TEL,75376,17.8316,17.1068,-7.1181,112.0000,-112,-0.219911
TEL,75476,18.1652,17.7047,-8.1068,112.0000,-112,-0.219911
TEL,75576,12.2610,16.4934,-8.8562,112.0000,-112,-0.219911
TEL,75676,16.9555,16.4921,-7.4934,75.8632,-76,-0.149226
TEL,75776,18.0304,17.6391,-7.4921,112.0000,-112,-0.219911
TEL,75876,18.3018,17.9662,-8.6391,112.0000,-112,-0.219911
TEL,75976,15.9936,16.2949,-9.0552,112.0000,-112,-0.219911
TEL,76076,17.5729,16.8595,-7.2949,112.0000,-112,-0.219911
TEL,76176,18.2332,17.7334,-8.1870,112.0000,-112,-0.219911
TEL,76276,18.3018,18.0035,-8.7334,112.0000,-112,-0.219911
TEL,76376,18.3018,18.2142,-9.1135,112.0000,-112,-0.219911
TEL,76476,18.3709,18.2531,-9.2142,112.0000,-112,-0.219911
TEL,76576,18.3018,18.2781,-9.2531,112.0000,-112,-0.219911
TEL,76676,18.3018,18.2828,-9.2781,112.0000,-112,-0.219911
TEL,76776,18.3018,18.2873,-9.2845,112.0000,-112,-0.219911
TEL,76876,18.3018,18.2893,-9.2873,112.0000,-112,-0.219911
TEL,76976,18.3018,18.2954,-9.2946,112.0000,-112,-0.219911
TEL,77076,18.3018,18.2961,-9.2954,112.0000,-112,-0.219911
TEL,77176,18.3709,18.3001,-9.2964,112.0000,-112,-0.219911
TEL,77276,18.3709,18.3033,-9.3001,112.0000,-112,-0.219911
TEL,77376,18.3709,18.3088,-9.3033,112.0000,-112,-0.219911
TEL,77476,18.3709,18.3137,-9.3088,112.0000,-112,-0.219911
TEL,77576,18.3018,18.3176,-9.3160,112.0000,-112,-0.219911
TEL,77676,18.3018,18.3164,-9.3176,112.0000,-112,-0.219911
TEL,77776,18.2332,18.3149,-9.3184,112.0000,-112,-0.219911
TEL,77876,18.3709,18.3187,-9.3149,112.0000,-112,-0.219911
TEL,77976,18.3709,18.3193,-9.3181,112.0000,-112,-0.219911
TEL,78076,13.0599,18.1527,-9.3193,112.0000,-112,-0.219911
TEL,78176,17.3210,17.6717,-9.1527,112.0000,-112,-0.219911
TEL,78276,17.9637,17.7513,-8.6717,112.0000,-112,-0.219911
TEL,78376,18.4404,17.9740,-8.8100,112.0000,-112,-0.219911
TEL,78476,14.9843,16.0720,-8.9740,112.0000,-112,-0.219911
TEL,78576,17.8316,17.2265,-7.4164,112.0000,-112,-0.219911
TEL,78676,18.1652,17.7328,-8.2265,112.0000,-112,-0.219911
TEL,78776,11.6965,16.4189,-8.8866,112.0000,-112,-0.219911
TEL,78876,17.3210,16.5396,-7.4189,61.7947,-63,-0.123700
TEL,78976,18.2332,17.7385,-7.9698,112.0000,-110,-0.215984
TEL,79076,18.2332,17.9901,-8.7385,112.0000,-112,-0.219911
TEL,79176,15.8870,15.4831,-7.9920,112.0000,-112,-0.219911
TEL,79276,17.5729,16.8714,-6.4831,112.0000,-112,-0.219911
TEL,79376,18.3018,17.8224,-8.2316,112.0000,-112,-0.219911
TEL,79476,12.4944,16.4004,-8.8224,112.0000,-112,-0.219911
TEL,79576,17.1976,16.6651,-4.8845,-112.0000,-45,-0.088357
TEL,79676,17.8974,17.6510,-7.6651,112.0000,-15,-0.029452
TEL,79776,18.3018,18.0570,-8.8401,112.0000,-98,-0.192423
TEL,79876,11.4320,14.5095,-9.0570,112.0000,-112,-0.219911
TEL,79976,17.6369,17.0638,-6.6068,112.0000,-112,-0.219911
TEL,80076,18.0975,17.7274,-8.0638,112.0000,-112,-0.219911
TEL,80176,12.1635,16.5312,-8.9224,112.0000,-112,-0.219911
TEL,80276,16.4899,15.9569,-7.5312,83.0340,-83,-0.162970
TEL,80376,18.0975,17.5264,-7.5902,112.0000,-112,-0.219911
TEL,80476,18.3709,17.9697,-8.5264,112.0000,-112,-0.219911
TEL,80576,14.5228,15.5199,-9.0495,112.0000,-112,-0.219911
TEL,80676,17.3833,16.6623,-6.5199,101.7804,-102,-0.200277
TEL,80776,18.1652,17.6974,-8.0992,112.0000,-112,-0.219911
TEL,80876,18.5809,18.1010,-8.6974,112.0000,-112,-0.219911
TEL,80976,16.7781,16.6469,-7.3890,44.6031,-53,-0.104065
TEL,81076,17.8974,17.2537,-7.6469,112.0000,-86,-0.168861
TEL,81176,18.2332,17.8816,-8.2537,112.0000,-112,-0.219911
TEL,81276,12.0673,16.5121,-8.8816,112.0000,-112,-0.219911
TEL,81376,17.7663,16.8844,-7.2241,112.0000,-112,-0.219911
TEL,81476,18.1652,17.5676,-7.8844,112.0000,-112,-0.219911
TEL,81576,13.2088,16.6378,-8.8158,112.0000,-112,-0.219911
TEL,81676,16.4899,15.9961,-7.6378,103.5887,-104,-0.204204
TEL,81776,17.8974,17.3805,-7.5223,112.0000,-112,-0.219911
TEL,81876,18.1652,17.8343,-8.3805,112.0000,-112,-0.219911
TEL,81976,14.7965,15.8669,-8.8343,112.0000,-112,-0.219911
TEL,82076,17.4461,16.6672,-6.8669,112.0000,-112,-0.219911
TEL,82176,18.0975,17.6924,-8.1208,112.0000,-112,-0.219911
TEL,82276,18.3018,18.0267,-8.6924,112.0000,-112,-0.219911
TEL,82376,16.7781,16.4031,-9.0267,112.0000,-112,-0.219911
TEL,82476,17.8316,17.1375,-7.4031,112.0000,-112,-0.219911
TEL,82576,18.2332,17.8540,-8.4338,112.0000,-112,-0.219911
TEL,82676,11.7568,16.3655,-8.8540,112.0000,-112,-0.219911
TEL,82776,17.7014,17.2339,-7.3655,55.6763,-59,-0.115846
TEL,82876,18.3709,17.6784,-8.2339,112.0000,-103,-0.202240
TEL,82976,18.1652,18.0386,-8.9006,112.0000,-112,-0.219911
TEL,83076,15.7818,16.3642,-9.0386,112.0000,-112,-0.219911
TEL,83176,17.8316,17.2126,-7.5326,112.0000,-112,-0.219911
TEL,83276,17.9637,17.6543,-8.2126,112.0000,-112,-0.219911
TEL,83376,11.6965,14.1736,-8.8582,112.0000,-112,-0.219911
TEL,83476,17.3210,16.6163,-5.1736,-112.0000,-44,-0.086394
TEL,83576,18.2332,17.7493,-8.1741,112.0000,-13,-0.025525
TEL,83676,12.2283,16.2297,-8.7493,112.0000,-96,-0.188496
TEL,83776,16.7781,16.1298,-7.2297,42.5929,-85,-0.166897
TEL,83876,17.5093,16.8595,-7.1298,112.0000,-60,-0.117810
TEL,83976,18.3018,17.8399,-8.2100,112.0000,-112,-0.219911
TEL,84076,12.8424,16.5014,-8.8399,112.0000,-112,-0.219911
TEL,84176,17.1976,16.5741,-6.7696,112.0000,-112,-0.219911
TEL,84276,18.0304,17.4021,-7.5741,112.0000,-112,-0.219911
TEL,84376,18.4404,18.0492,-8.4021,112.0000,-112,-0.219911
TEL,84476,15.1281,15.8281,-9.0492,112.0000,-112,-0.219911
TEL,84576,17.8974,17.1210,-7.2420,112.0000,-112,-0.219911
TEL,84676,18.2332,17.7188,-8.1210,112.0000,-112,-0.219911
TEL,84776,12.0673,14.6310,-8.8879,112.0000,-112,-0.219911
TEL,84876,17.1364,16.3267,-5.6310,-72.6680,-43,-0.084430
TEL,84976,18.0975,17.7230,-8.1143,112.0000,-12,-0.023562
TEL,85076,18.5809,18.1013,-8.7230,112.0000,-96,-0.188496
TEL,85176,15.8870,16.2745,-9.2185,112.0000,-112,-0.219911
TEL,85276,18.3018,17.6540,-7.2745,112.0000,-112,-0.219911
TEL,85376,18.4404,18.1885,-8.9552,112.0000,-112,-0.219911
TEL,85476,18.3709,18.2511,-9.1885,112.0000,-112,-0.219911
TEL,85576,18.3018,18.3113,-9.2868,112.0000,-112,-0.219911
TEL,85676,18.3018,18.3091,-9.3113,112.0000,-112,-0.219911
TEL,85776,18.3709,18.3073,-9.3231,112.0000,-112,-0.219911
TEL,85876,18.3018,18.3063,-9.3073,112.0000,-112,-0.219911
TEL,85976,18.3018,18.3054,-9.3059,112.0000,-112,-0.219911
TEL,86076,18.3018,18.3049,-9.3054,112.0000,-112,-0.219911
TEL,86176,18.3709,18.3117,-9.3088,112.0000,-112,-0.219911
TEL,86276,18.3018,18.3107,-9.3117,112.0000,-112,-0.219911
TEL,86376,18.3018,18.3065,-9.3107,112.0000,-112,-0.219911
TEL,86476,18.3018,18.3062,-9.3065,112.0000,-112,-0.219911
TEL,86576,18.3018,18.2956,-9.2951,112.0000,-112,-0.219911
TEL,86676,18.3709,18.2988,-9.2956,112.0000,-112,-0.219911
TEL,86776,18.3018,18.2991,-9.2989,112.0000,-112,-0.219911
TEL,86876,18.3018,18.2993,-9.2991,112.0000,-112,-0.219911
TEL,86976,18.3018,18.3017,-9.2993,112.0000,-112,-0.219911
TEL,87076,18.3709,18.3059,-9.3017,112.0000,-112,-0.219911
TEL,87176,18.2332,18.2994,-9.3057,112.0000,-112,-0.219911
TEL,87276,14.1295,17.6926,-9.2994,112.0000,-112,-0.219911
TEL,87376,17.5729,17.3249,-8.2660,112.0000,-112,-0.219911
TEL,87476,18.0975,17.6095,-8.3249,112.0000,-112,-0.219911
TEL,87576,13.6348,16.9198,-8.7370,112.0000,-112,-0.219911
TEL,87676,15.9401,16.0140,-7.9198,112.0000,-112,-0.219911
TEL,87776,17.9637,17.2095,-7.3999,112.0000,-112,-0.219911
TEL,87876,18.1652,17.7441,-8.2095,112.0000,-112,-0.219911
TEL,87976,14.7502,15.4291,-8.9169,112.0000,-112,-0.219911
TEL,88076,17.1976,16.5545,-6.4291,112.0000,-112,-0.219911
TEL,88176,18.0975,17.6639,-8.0511,112.0000,-112,-0.219911
TEL,88276,18.3018,17.9671,-8.6639,112.0000,-112,-0.219911
TEL,88376,16.6617,16.0991,-7.5159,81.6557,-82,-0.161007
TEL,88476,18.0304,17.3814,-7.0991,112.0000,-112,-0.219911
TEL,88576,18.3709,18.0344,-8.6793,112.0000,-112,-0.219911
TEL,88676,11.5775,16.4836,-9.0344,112.0000,-112,-0.219911
TEL,88776,17.8316,17.4723,-7.4836,53.7593,-58,-0.113883
TEL,88876,18.0975,17.7816,-8.4723,112.0000,-98,-0.192423
TEL,88976,13.0599,16.8833,-8.9320,112.0000,-112,-0.219911
TEL,89076,16.4333,15.7290,-7.8833,112.0000,-112,-0.219911
TEL,89176,18.0975,17.5876,-7.6889,112.0000,-112,-0.219911
TEL,89276,18.3709,17.9959,-8.5876,112.0000,-112,-0.219911
TEL,89376,15.0320,16.0830,-9.0666,112.0000,-112,-0.219911
TEL,89476,17.4461,16.6952,-7.0830,112.0000,-112,-0.219911
TEL,89576,18.0975,17.6280,-8.0374,112.0000,-112,-0.219911
TEL,89676,18.3018,17.9789,-8.6280,112.0000,-112,-0.219911
TEL,89776,16.8960,16.7300,-7.3104,47.2902,-55,-0.107992
TEL,89876,17.8974,17.2747,-7.7300,112.0000,-88,-0.172788
TEL,89976,18.2332,17.9000,-8.5506,112.0000,-112,-0.219911
TEL,90076,11.5189,16.3960,-8.9000,112.0000,-112,-0.219911
TEL,90176,17.7014,17.3782,-7.3960,52.8991,-58,-0.113883
TEL,90276,18.1652,17.7071,-8.3782,112.0000,-99,-0.194386
TEL,90376,12.7361,16.7306,-8.8466,112.0000,-112,-0.219911
TEL,90476,16.4333,15.6468,-7.7306,112.0000,-112,-0.219911
TEL,90576,18.0304,17.6290,-6.6468,112.0000,-112,-0.219911
TEL,90676,18.3018,17.9820,-8.6290,112.0000,-112,-0.219911
TEL,90776,14.3455,15.5024,-9.0927,112.0000,-112,-0.219911
TEL,90876,17.4461,16.7263,-6.5024,85.6754,-86,-0.168861
TEL,90976,18.2332,17.7716,-8.1725,112.0000,-112,-0.219911
TEL,91076,18.4404,18.1102,-8.7716,112.0000,-112,-0.219911
TEL,91176,17.0757,16.6208,-7.6110,78.9832,-79,-0.155116
TEL,91276,17.8974,17.2763,-7.6208,112.0000,-112,-0.219911
TEL,91376,18.3018,17.9332,-8.5282,112.0000,-112,-0.219911
TEL,91476,11.6367,16.4112,-8.9332,112.0000,-112,-0.219911
TEL,91576,17.5729,16.9312,-6.9224,112.0000,-112,-0.219911
TEL,91676,18.0975,17.6192,-7.9312,112.0000,-112,-0.219911
TEL,91776,13.4381,16.7197,-8.8511,112.0000,-112,-0.219911
TEL,91876,16.3213,15.5669,-7.7197,108.4280,-108,-0.212057
TEL,91976,17.8974,17.6395,-6.5669,112.0000,-112,-0.219911
TEL,92076,18.2332,17.9670,-8.6395,112.0000,-112,-0.219911
TEL,92176,15.2745,15.1417,-8.9670,112.0000,-112,-0.219911
TEL,92276,17.5093,16.4968,-6.1417,112.0000,-112,-0.219911
TEL,92376,18.3018,17.8096,-8.1102,112.0000,-112,-0.219911
TEL,92476,18.5809,18.1635,-8.8096,112.0000,-112,-0.219911
TEL,92576,17.7663,17.0370,-7.4667,49.2445,-55,-0.107992
TEL,92676,18.0304,17.4494,-8.0370,112.0000,-93,-0.182605
TEL,92776,18.3018,17.9841,-8.7308,112.0000,-112,-0.219911
TEL,92876,11.9726,16.6430,-8.9841,112.0000,-112,-0.219911
TEL,92976,17.8316,17.0939,-7.5673,112.0000,-112,-0.219911
TEL,93076,18.1652,17.6414,-8.0939,112.0000,-112,-0.219911
TEL,93176,12.9142,16.6184,-8.8234,112.0000,-112,-0.219911
TEL,93276,16.2658,16.0975,-7.6184,94.0449,-94,-0.184569
TEL,93376,18.0304,17.3321,-7.5158,112.0000,-112,-0.219911
TEL,93476,18.2332,17.8530,-8.3321,112.0000,-112,-0.219911
TEL,93576,15.7297,15.2263,-8.8530,112.0000,-112,-0.219911
TEL,93676,17.5093,16.6655,-6.2263,112.0000,-112,-0.219911
TEL,93776,18.2332,17.8122,-8.2217,112.0000,-112,-0.219911
TEL,93876,18.5104,18.1120,-8.8122,112.0000,-112,-0.219911
TEL,93976,17.1976,16.9416,-7.5248,64.9755,-66,-0.129591
TEL,94076,17.8974,17.3312,-7.9416,112.0000,-110,-0.215984
TEL,94176,18.3018,17.8839,-8.5312,112.0000,-112,-0.219911
TEL,94276,18.3018,18.0819,-8.8839,112.0000,-112,-0.219911
TEL,94376,18.4404,18.2473,-9.1604,112.0000,-112,-0.219911
TEL,94476,18.4404,18.2949,-9.2473,112.0000,-112,-0.219911
TEL,94576,18.3709,18.3290,-9.2949,112.0000,-112,-0.219911
TEL,94676,18.4404,18.3247,-9.3290,112.0000,-112,-0.219911
TEL,94776,18.3018,18.3189,-9.3224,112.0000,-112,-0.219911
TEL,94876,18.3018,18.3163,-9.3189,112.0000,-112,-0.219911
TEL,94976,18.3018,18.3179,-9.3153,112.0000,-112,-0.219911
TEL,95076,18.3709,18.3240,-9.3179,112.0000,-112,-0.219911
TEL,95176,18.3018,18.3206,-9.3227,112.0000,-112,-0.219911
TEL,95276,18.3709,18.3254,-9.3206,112.0000,-112,-0.219911
TEL,95376,18.3709,18.3314,-9.3275,112.0000,-112,-0.219911
TEL,95476,18.3018,18.3318,-9.3314,112.0000,-112,-0.219911
TEL,95576,18.3709,18.3363,-9.3334,112.0000,-112,-0.219911
TEL,95676,18.3018,18.3337,-9.3363,112.0000,-112,-0.219911
TEL,95776,18.3709,18.3353,-9.3325,112.0000,-112,-0.219911
TEL,95876,18.3018,18.3330,-9.3353,112.0000,-112,-0.219911
TEL,95976,18.3709,18.3345,-9.3319,112.0000,-112,-0.219911
TEL,96076,18.3018,18.3346,-9.3345,112.0000,-112,-0.219911
TEL,96176,17.6369,18.2314,-9.2969,112.0000,-112,-0.219911
TEL,96276,18.1652,18.2132,-9.2314,112.0000,-112,-0.219911
TEL,96376,14.9843,16.2515,-9.2132,112.0000,-112,-0.219911
