BALL_BEAM_REF_BOOT
TEL,404,17.0757,17.4223,-5.4223,233.3227,0,0.000000
TEL,504,17.3210,16.9930,-4.9930,79.4524,-71,-0.139408
TEL,604,18.0975,17.6919,-5.6919,120.4109,-94,-0.184569
TEL,704,18.0975,17.8452,-5.8452,109.7030,-113,-0.221875
TEL,804,15.5243,16.4348,-4.4348,45.3581,-110,-0.215984
TEL,904,17.6369,17.3779,-5.3779,45.3581,-51,-0.100138
TEL,1004,17.3210,17.4074,-5.4074,121.3350,-92,-0.180642
TEL,1104,17.0154,17.3318,-5.3318,98.9738,-107,-0.210094
TEL,1204,16.8960,17.2344,-5.2344,95.4803,-95,-0.186532
TEL,1304,16.3771,16.9623,-4.9623,90.2761,-90,-0.176715
TEL,1404,16.1015,16.7109,-4.7109,85.8070,-86,-0.168861
TEL,1504,16.1559,16.4319,-4.4319,75.2495,-75,-0.147262
TEL,1604,15.8870,16.2398,-4.2398,77.5431,-78,-0.153153
TEL,1704,15.6779,16.0414,-4.0414,70.5455,-71,-0.139408
TEL,1804,15.7297,15.9347,-3.9347,71.5902,-72,-0.141372
TEL,1904,15.4737,15.7723,-3.7723,68.5799,-69,-0.135481
TEL,2004,15.3238,15.6643,-3.6643,67.2091,-67,-0.131554
TEL,2104,15.2745,15.5171,-3.5171,63.0979,-63,-0.123700
TEL,2204,15.4737,15.4803,-3.4803,63.6750,-64,-0.125664
TEL,2304,15.7297,15.5040,-3.5040,64.3339,-64,-0.125664
TEL,2404,11.6367,14.5047,-2.5047,66.4330,-66,-0.129591
TEL,2504,15.4235,14.8351,-2.8351,22.5201,-23,-0.045160
TEL,2604,15.7297,15.2359,-3.2359,62.4389,-62,-0.121737
TEL,2704,12.0040,14.6495,-2.6495,78.0932,-78,-0.153153
TEL,2804,15.2745,14.8277,-2.8277,32.1583,-32,-0.062832
TEL,2904,16.2107,15.5570,-3.5570,68.3375,-68,-0.133518
TEL,3004,16.5468,15.9897,-3.9897,79.8494,-80,-0.157080
TEL,3104,15.7818,15.2554,-3.2554,46.6496,-47,-0.092284
TEL,3204,16.7781,15.9573,-3.9573,66.6044,-67,-0.131554
TEL,3304,17.3833,16.8582,-4.8582,105.9534,-106,-0.208131
TEL,3404,15.1281,15.4570,-3.4570,105.8336,-106,-0.208131
TEL,3504,17.2591,16.5584,-4.5584,45.1351,-50,-0.098175
TEL,3604,17.5093,17.0509,-5.0509,105.4079,-91,-0.178678
TEL,3704,14.8430,15.7378,-3.7378,113.4037,-113,-0.221875
TEL,3804,16.7781,16.2984,-4.2984,35.2243,-48,-0.094248
TEL,3904,17.2591,16.9015,-4.9015,107.7288,-67,-0.131554
TEL,4004,17.5093,17.1194,-5.1194,100.9215,-101,-0.198313
TEL,4104,16.4899,16.4154,-4.4154,83.9647,-84,-0.164934
TEL,4204,16.6617,16.5297,-4.5297,77.3622,-77,-0.151189
TEL,4304,16.6617,16.5781,-4.5781,90.9528,-91,-0.178678
TEL,4404,15.0799,15.9462,-3.9462,87.7927,-88,-0.172788
TEL,4504,15.8870,15.8777,-3.8777,54.8872,-55,-0.107992
TEL,4604,16.1015,15.9313,-3.9313,76.6557,-77,-0.151189
TEL,4704,14.4781,15.3604,-3.3604,77.9585,-78,-0.153153
TEL,4804,15.5243,15.3414,-3.3414,51.5329,-52,-0.102102
TEL,4904,15.5752,15.4417,-3.4417,66.9400,-67,-0.131554
TEL,5004,11.9726,14.9588,-2.9588,69.2768,-69,-0.135481
TEL,5104,15.2254,14.9504,-2.9504,31.2175,-31,-0.060868
TEL,5204,15.3735,15.0946,-3.0946,68.0062,-68,-0.133518
TEL,5304,11.7266,14.5679,-2.5679,66.5295,-67,-0.131554
TEL,5404,14.5228,14.4240,-2.4240,38.4499,-38,-0.074613
TEL,5504,15.5243,14.9595,-2.9595,53.9980,-54,-0.106029
TEL,5604,15.6779,15.2691,-3.2691,68.3875,-68,-0.133518
TEL,5704,14.6130,14.2952,-2.2952,37.9228,-38,-0.074613
TEL,5804,15.4737,14.8485,-2.8485,43.7160,-44,-0.086394
TEL,5904,15.7818,15.4052,-3.4052,79.9314,-80,-0.157080
TEL,6004,11.5482,13.6582,-1.6582,76.9644,-77,-0.151189
TEL,6104,15.5752,15.1153,-3.1153,15.5886,-21,-0.041233
TEL,6204,15.7297,15.4393,-3.4393,86.0322,-65,-0.127627
TEL,6304,12.0992,14.8319,-2.8319,80.9593,-81,-0.159043
TEL,6404,15.2745,14.8309,-2.8309,40.3577,-40,-0.078540
TEL,6504,15.7297,15.3200,-3.3200,65.7374,-66,-0.129591
TEL,6604,15.9936,15.5822,-3.5822,74.6081,-75,-0.147262
TEL,6704,14.9370,14.9452,-2.9452,38.3129,-38,-0.074613
TEL,6804,15.8343,15.2607,-3.2607,67.6145,-68,-0.133518
TEL,6904,16.1015,15.7175,-3.7175,81.4304,-81,-0.159043
TEL,7004,13.9610,14.6097,-2.6097,81.5287,-82,-0.161007
TEL,7104,15.9401,15.3490,-3.3490,31.9793,-33,-0.064795
TEL,7204,16.0473,15.6968,-3.6968,83.5010,-82,-0.161007
TEL,7304,13.8370,14.6366,-2.6366,87.7171,-88,-0.172788
TEL,7404,15.4235,14.9999,-2.9999,26.1368,-31,-0.060868
TEL,7504,15.9936,15.5681,-3.5681,80.2579,-68,-0.133518
TEL,7604,16.2107,15.8468,-3.8468,81.1904,-81,-0.159043
TEL,7704,15.3238,14.8873,-2.8873,41.8448,-42,-0.082467
TEL,7804,15.9401,15.4092,-3.4092,60.9922,-61,-0.119773
TEL,7904,16.2658,15.3289,-3.3289,84.9431,-85,-0.166897
TEL,8004,14.6585,14.3145,-2.3145,65.1328,-65,-0.127627
TEL,8104,15.8870,15.3050,-3.3050,39.3492,-39,-0.076576
TEL,8204,15.9936,15.6788,-3.6788,84.4781,-83,-0.162970
TEL,8304,14.3018,14.6952,-2.6952,89.3589,-89,-0.174751
TEL,8404,15.4235,14.9306,-2.9306,29.8494,-34,-0.066759
TEL,8504,16.0473,15.5600,-3.5600,77.3406,-72,-0.141372
TEL,8604,12.6662,14.9276,-2.9276,83.1895,-83,-0.162970
TEL,8704,15.6264,15.2490,-3.2490,37.6011,-39,-0.076576
TEL,8804,15.9401,15.5538,-3.5538,80.6379,-80,-0.157080
TEL,8904,16.3213,15.9159,-3.9159,86.9968,-87,-0.170824
TEL,9004,14.7502,15.2219,-3.2219,85.4686,-85,-0.166897
TEL,9104,15.7818,15.4930,-3.4930,54.0810,-54,-0.106029
TEL,9204,16.1559,15.7414,-3.7414,77.0562,-77,-0.151189
TEL,9304,15.8870,15.8589,-3.8589,87.7277,-88,-0.172788
TEL,9404,16.3213,15.9668,-3.9668,79.7351,-80,-0.157080
TEL,9504,16.8368,16.2299,-4.2299,86.4485,-86,-0.168861
TEL,9604,16.6617,16.4129,-4.4129,91.4983,-91,-0.178678
TEL,9704,16.1015,16.3178,-4.3178,93.5510,-94,-0.184569
TEL,9804,16.1015,16.2674,-4.2674,86.1673,-86,-0.168861
TEL,9904,16.2107,16.2316,-4.2316,85.4535,-85,-0.166897
TEL,10004,16.2107,16.2173,-4.2173,86.2968,-86,-0.168861
TEL,10104,16.3771,16.2012,-4.2012,85.0331,-85,-0.166897
TEL,10204,15.8343,16.1719,-4.1719,86.8853,-87,-0.170824
TEL,10304,15.6779,16.1026,-4.1026,84.3063,-84,-0.164934
TEL,10404,15.3238,15.5775,-3.5775,83.8992,-84,-0.164934
TEL,10504,16.1559,15.8098,-3.8098,62.9918,-63,-0.123700
TEL,10604,16.1559,15.9103,-3.9103,85.4929,-85,-0.166897
TEL,10704,17.3210,16.2713,-4.2713,84.2215,-84,-0.164934
TEL,10804,16.1559,16.4630,-4.4630,97.6285,-98,-0.192423
TEL,10904,13.8781,15.9089,-3.9089,92.9899,-93,-0.182605
TEL,11004,14.9843,15.3043,-3.3043,70.6411,-71,-0.139408
TEL,11104,15.9936,15.5471,-3.5471,57.8680,-58,-0.113883
TEL,11204,15.8870,15.6558,-3.6558,81.1035,-81,-0.159043
TEL,11304,15.0799,15.1107,-3.1107,52.2411,-52,-0.102102
TEL,11404,15.6264,15.2849,-3.2849,71.1651,-71,-0.139408
TEL,11504,15.8343,15.5880,-3.5880,80.2227,-80,-0.157080
TEL,11604,14.1295,14.6276,-2.6276,82.0843,-82,-0.161007
TEL,11704,15.6264,15.0745,-3.0745,38.8738,-40,-0.078540
TEL,11804,16.0473,15.4430,-3.4430,77.3905,-77,-0.151189
TEL,11904,14.3895,14.6748,-2.6748,91.4484,-91,-0.178678
TEL,12004,15.5243,15.0224,-3.0224,37.4053,-39,-0.076576
TEL,12104,16.0473,15.6219,-3.6219,85.7316,-82,-0.161007
TEL,12204,13.4381,15.1761,-3.1761,87.5742,-88,-0.172788
TEL,12304,15.4737,14.9455,-2.9455,36.9893,-39,-0.076576
TEL,12404,15.9936,15.4170,-3.4170,73.3417,-73,-0.143335
TEL,12504,16.2107,15.8448,-3.8448,94.4104,-94,-0.184569
TEL,12604,14.7502,15.1749,-3.1749,88.7947,-89,-0.174751
TEL,12704,15.9401,15.4929,-3.4929,56.4579,-56,-0.109956
TEL,12804,16.0473,15.7082,-3.7082,82.9819,-83,-0.162970
TEL,12904,14.6585,14.8783,-2.8783,90.5318,-91,-0.178678
TEL,13004,14.1722,14.7768,-2.7768,42.1887,-44,-0.086394
TEL,13104,12.2283,12.6905,-0.6905,-7.0972,-13,-0.025525
TEL,13204,8.4990,13.1874,-1.1874,35.3152,-2,-0.003927
TEL,13304,10.0750,10.7987,1.2013,-12.8363,-5,-0.009817
TEL,13404,10.3553,10.4587,1.5413,-51.5935,38,0.074613
TEL,13504,9.0633,10.1635,1.8365,-13.9891,47,0.092284
TEL,13604,9.8085,9.9113,2.0887,-36.6317,21,0.041233
TEL,13704,10.5752,10.1720,1.8280,-18.0916,18,0.035343
TEL,13804,10.8821,10.4021,1.5979,-12.0918,12,0.023562
TEL,13904,10.7780,10.2977,1.7023,-21.8182,22,0.043197
TEL,14004,11.4898,10.7627,1.2373,-4.1624,4,0.007854
TEL,14104,11.8484,11.3680,0.6320,15.4422,-14,-0.027489
TEL,14204,10.0750,11.1322,0.8678,10.7044,-11,-0.021598
TEL,14304,9.8959,10.5653,1.4347,-20.3289,15,0.029452
TEL,14404,10.5752,10.4689,1.5311,-26.4897,26,0.051051
TEL,14504,9.0821,10.3053,1.6947,-11.1718,11,0.021598
TEL,14604,11.3179,10.6805,1.3195,-15.2127,15,0.029452
TEL,14704,12.1635,11.4301,0.5699,14.6041,-11,-0.021598
TEL,14804,12.6315,12.0063,-0.0063,22.9884,-23,-0.045160
TEL,14904,12.8782,12.0617,-0.0617,4.2347,-5,-0.009817
TEL,15004,13.6348,12.8694,-0.8694,41.7531,-32,-0.062832
TEL,15104,14.7042,14.0265,-2.0265,73.5114,-68,-0.133518
TEL,15204,13.3993,13.2010,-1.2010,16.3418,-43,-0.084430
TEL,15304,14.6585,14.2194,-2.2194,72.9805,-32,-0.062832
TEL,15404,14.8430,14.5544,-2.5544,68.4668,-68,-0.133518
TEL,15504,13.3993,13.6879,-1.6879,33.5129,-41,-0.080503
TEL,15604,14.5228,14.0437,-2.0437,46.1297,-46,-0.090321
TEL,15704,14.8899,14.5387,-2.5387,71.1255,-68,-0.133518
TEL,15804,11.2897,13.8815,-1.8815,62.5310,-63,-0.123700
TEL,15904,14.9843,14.1529,-2.1529,27.2876,-35,-0.068722
TEL,16004,15.5243,14.8468,-2.8468,76.9582,-57,-0.111919
TEL,16104,12.6315,14.5203,-2.5203,94.9887,-94,-0.184569
TEL,16204,15.0320,14.4746,-2.4746,22.3980,-64,-0.125664
TEL,16304,15.4737,15.0849,-3.0849,86.2980,-29,-0.056941
TEL,16404,15.4235,15.2268,-3.2268,77.3515,-85,-0.166897
TEL,16504,12.5969,13.2901,-1.2901,12.2338,-46,-0.090321
TEL,16604,10.9881,11.8558,0.1442,-7.5662,7,0.013744
TEL,16704,16.1015,14.5264,-2.5264,36.6837,-21,-0.041233
TEL,16804,13.8781,13.9252,-1.9252,78.1992,-62,-0.121737
TEL,16904,15.7818,15.1030,-3.1030,82.7407,-83,-0.162970
TEL,17004,16.0473,15.6131,-3.6131,92.4032,-92,-0.180642
TEL,17104,13.7150,14.4658,-2.4658,57.7689,-65,-0.127627
TEL,17204,15.5243,14.9726,-2.9726,56.0484,-56,-0.109956
TEL,17304,16.2658,15.7408,-3.7408,98.3298,-85,-0.166897
TEL,17404,16.3213,16.0278,-4.0278,95.6675,-96,-0.188496
TEL,17504,15.8870,15.5549,-3.5549,64.7918,-71,-0.139408
TEL,17604,16.3771,15.8822,-3.8822,89.2903,-87,-0.170824
TEL,17704,16.7781,16.3904,-4.3904,105.3751,-105,-0.206167
TEL,17804,16.7781,16.5517,-4.5517,101.9325,-102,-0.200277
TEL,17904,16.7781,16.6662,-4.6662,103.1032,-103,-0.202240
TEL,18004,16.8368,16.7219,-4.7219,101.8531,-102,-0.200277
TEL,18104,16.8368,16.7670,-4.7670,102.9072,-103,-0.202240
TEL,18204,16.5468,16.7513,-4.7513,102.4014,-102,-0.200277
TEL,18304,16.5468,16.7006,-4.7006,99.6449,-100,-0.196350
TEL,18404,16.5468,16.6781,-4.6781,100.1010,-100,-0.196350
TEL,18504,16.3771,16.6070,-4.6070,98.2893,-98,-0.192423
TEL,18604,16.3771,16.5704,-4.5704,98.2023,-98,-0.192423
TEL,18704,16.3771,16.5262,-4.5262,97.2226,-97,-0.190459
TEL,18804,15.9936,16.4455,-4.4455,96.5391,-97,-0.190459
TEL,18904,16.1015,16.3613,-4.3613,93.5334,-94,-0.184569
TEL,19004,16.3771,16.3645,-4.3645,94.9177,-95,-0.186532
TEL,19104,16.4333,16.3762,-4.3762,96.1366,-96,-0.188496
TEL,19204,16.4333,16.3803,-4.3803,96.2777,-96,-0.188496
TEL,19304,16.3771,16.3797,-4.3797,96.4398,-96,-0.188496
TEL,19404,15.1766,16.3168,-4.3168,96.6036,-97,-0.190459
TEL,19504,15.9401,16.1842,-4.1842,89.3985,-89,-0.174751
TEL,19604,16.0473,16.1563,-4.1563,91.8203,-92,-0.180642
TEL,19704,15.7818,15.3807,-3.3807,49.5478,-63,-0.123700
TEL,19804,15.9401,15.5430,-3.5430,85.7923,-77,-0.151189
TEL,19904,16.2658,15.9208,-3.9208,97.0244,-97,-0.190459
TEL,20004,12.1313,15.1824,-3.1824,96.4284,-96,-0.188496
TEL,20104,16.4333,15.6297,-3.6297,59.4045,-69,-0.135481
TEL,20204,16.4899,16.0526,-4.0526,102.2339,-88,-0.172788
TEL,20304,12.0356,14.4158,-2.4158,79.6470,-82,-0.161007
TEL,20404,15.8343,15.1938,-3.1938,46.0592,-54,-0.106029
TEL,20504,16.4333,16.0493,-4.0493,115.4282,-75,-0.147262
TEL,20604,16.7781,16.3585,-4.3585,103.2138,-107,-0.210094
TEL,20704,15.7297,15.7713,-3.7713,77.0008,-80,-0.157080
TEL,20804,16.1559,15.8910,-3.8910,88.8725,-89,-0.174751
TEL,20904,16.6617,16.2146,-4.2146,100.2020,-100,-0.196350
TEL,21004,14.8430,15.2023,-3.2023,63.8356,-73,-0.143335
TEL,21104,16.3213,15.7975,-3.7975,88.3148,-86,-0.168861
TEL,21204,16.4899,16.1293,-4.1293,101.6665,-102,-0.200277
TEL,21304,16.1559,15.6784,-3.6784,63.9152,-75,-0.147262
TEL,21404,16.2107,15.8694,-3.8694,96.7810,-89,-0.174751
TEL,21504,16.5468,16.2094,-4.2094,103.2418,-103,-0.202240
TEL,21604,12.1958,14.5520,-2.5520,75.9432,-80,-0.157080
TEL,21704,16.1559,15.4152,-3.4152,58.5953,-60,-0.117810
TEL,21804,16.5468,16.0180,-4.0180,105.5398,-87,-0.170824
TEL,21904,12.1958,15.2249,-3.2249,114.1655,-114,-0.223838
TEL,22004,15.9401,15.4682,-3.4682,51.2174,-85,-0.166897
TEL,22104,16.2107,15.9654,-3.9654,105.9899,-63,-0.123700
TEL,22204,13.5555,15.4962,-3.4962,97.6078,-102,-0.200277
TEL,22304,15.8343,15.0913,-3.0913,33.8988,-69,-0.135481
TEL,22404,16.2107,15.7656,-3.7656,105.4981,-43,-0.084430
TEL,22504,16.7781,16.3452,-4.3452,112.8822,-112,-0.219911
TEL,22604,15.1281,15.1536,-3.1536,53.3682,-84,-0.164934
TEL,22704,16.6617,16.0936,-4.0936,106.0509,-65,-0.127627
TEL,22804,16.7781,16.4505,-4.4506,111.3617,-111,-0.217948
TEL,22904,15.5243,15.8091,-3.8091,84.2952,-88,-0.172788
TEL,23004,16.1559,15.8841,-3.8841,85.9477,-86,-0.168861
TEL,23104,16.4899,16.1585,-4.1585,101.9210,-102,-0.200277
TEL,23204,11.9102,15.4231,-3.4231,101.2142,-101,-0.198313
TEL,23304,16.1559,15.6836,-3.6836,67.1914,-75,-0.147262
TEL,23404,16.4333,16.0217,-4.0217,101.0972,-93,-0.182605
TEL,23504,14.2584,15.1275,-3.1276,79.3707,-80,-0.157080
TEL,23604,16.1015,15.4556,-3.4556,70.3804,-70,-0.137445
TEL,23704,16.8960,16.3722,-4.3722,119.6823,-99,-0.194386
TEL,23804,14.3455,14.9257,-2.9257,65.3249,-95,-0.186532
TEL,23904,16.4899,15.9222,-3.9222,93.7820,-80,-0.157080
TEL,24004,17.1976,16.5573,-4.5573,114.6236,-114,-0.223838
TEL,24104,15.7818,16.6777,-4.6777,134.4447,-133,-0.261145
TEL,24204,16.1015,16.1036,-4.1036,73.0720,-105,-0.206167
TEL,24304,17.3833,16.8611,-4.8611,120.2226,-87,-0.170824
TEL,24404,17.5093,17.1594,-5.1594,123.5480,-124,-0.243473
TEL,24504,17.0757,16.2683,-4.2683,55.1398,-95,-0.186532
TEL,24604,17.1364,16.7682,-4.7682,128.1207,-64,-0.125664
TEL,24704,17.2591,17.0768,-5.0768,125.5269,-126,-0.247400
TEL,24804,12.3934,15.1035,-3.1035,91.4029,-100,-0.196350
TEL,24904,16.8960,16.3689,-4.3689,85.3006,-85,-0.166897
TEL,25004,17.1976,16.8264,-4.8265,122.9409,-111,-0.217948
TEL,25104,14.0870,15.3568,-3.3568,87.6198,-97,-0.190459
TEL,25204,16.7197,16.1176,-4.1176,80.7200,-81,-0.159043
TEL,25304,17.0154,16.7908,-4.7908,132.6202,-109,-0.214021
TEL,25404,13.3608,16.0445,-4.0445,116.1360,-118,-0.231692
TEL,25504,16.1015,15.6681,-3.6681,53.7047,-87,-0.170824
TEL,25604,16.3771,16.0399,-4.0399,105.5824,-65,-0.127627
TEL,25704,12.6315,15.4632,-3.4632,108.2524,-108,-0.212057
TEL,25804,15.2254,15.0602,-3.0602,47.1080,-79,-0.155116
TEL,25904,15.9401,15.6066,-3.6066,100.6526,-60,-0.117810
TEL,26004,16.1015,15.8247,-3.8247,99.0774,-99,-0.194386
TEL,26104,14.9843,14.8301,-2.8301,49.9115,-70,-0.137445
TEL,26204,15.7297,15.2280,-3.2281,87.3270,-76,-0.149226
TEL,26304,15.7818,15.5844,-3.5844,101.2177,-101,-0.198313
TEL,26404,15.8343,15.6862,-3.6862,94.6124,-95,-0.186532
TEL,26504,15.8343,15.7619,-3.7619,95.7965,-96,-0.188496
TEL,26604,15.8343,15.7668,-3.7668,93.7845,-94,-0.184569
TEL,26704,15.8870,15.8012,-3.8012,95.1499,-95,-0.186532
TEL,26804,15.8343,15.8350,-3.8350,96.2868,-96,-0.188496
TEL,26904,15.8343,15.8348,-3.8348,95.3040,-95,-0.186532
TEL,27004,15.8870,15.8383,-3.8383,95.4204,-95,-0.186532
TEL,27104,15.8870,15.8468,-3.8468,95.9461,-96,-0.188496
TEL,27204,15.8870,15.8512,-3.8512,96.0334,-96,-0.188496
TEL,27304,15.8870,15.8565,-3.8565,96.2750,-96,-0.188496
TEL,27404,15.9401,15.8643,-3.8643,96.4890,-96,-0.188496
TEL,27504,15.9401,15.8674,-3.8674,96.6141,-97,-0.190459
TEL,27604,15.8870,15.8647,-3.8647,96.6260,-97,-0.190459
TEL,27704,15.9401,15.8694,-3.8694,96.8748,-97,-0.190459
TEL,27804,15.8870,15.8688,-3.8688,96.9858,-97,-0.190459
TEL,27904,15.9401,15.8746,-3.8746,97.2365,-97,-0.190459
TEL,28004,12.3600,15.7504,-3.7504,97.3790,-97,-0.190459
TEL,28104,15.3238,15.4999,-3.4999,82.6401,-83,-0.162970
TEL,28204,15.6779,15.5324,-3.5324,90.4397,-90,-0.176715
TEL,28304,12.3934,15.2093,-3.2093,94.4682,-94,-0.184569
TEL,28404,14.7502,14.8114,-2.8114,60.2167,-68,-0.133518
TEL,28504,15.7297,15.2390,-3.2390,90.0012,-84,-0.164934
TEL,28604,16.0473,15.5349,-3.5349,96.1834,-96,-0.188496
TEL,28704,15.1281,14.7800,-2.7800,55.1783,-68,-0.133518
TEL,28804,15.8343,15.2690,-3.2690,93.6330,-82,-0.161007
TEL,28904,16.1015,15.7455,-3.7455,108.3626,-108,-0.212057
TEL,29004,13.9610,14.6408,-2.6408,69.0676,-81,-0.159043
TEL,29104,15.8870,15.2794,-3.2794,82.4992,-82,-0.161007
TEL,29204,16.0473,15.6379,-3.6379,102.5739,-102,-0.200277
TEL,29304,13.7150,14.6112,-2.6112,76.0896,-80,-0.157080
TEL,29404,15.3238,14.9012,-2.9012,67.7343,-68,-0.133518
TEL,29504,16.0473,15.5608,-3.5608,105.7803,-95,-0.186532
TEL,29604,16.2658,15.8419,-3.8419,103.8755,-104,-0.204204
TEL,29704,15.4737,15.2297,-3.2297,71.1278,-79,-0.155116
TEL,29804,15.8870,15.5030,-3.5030,96.3062,-93,-0.182605
TEL,29904,16.2107,15.8374,-3.8374,105.4826,-105,-0.206167
TEL,30004,14.5678,14.8540,-2.8540,66.5648,-78,-0.153153
TEL,30104,15.9401,15.4133,-3.4133,91.8439,-89,-0.174751
TEL,30204,16.0473,15.6975,-3.6975,103.1027,-103,-0.202240
TEL,30304,14.8899,15.1929,-3.1929,83.7616,-85,-0.166897
TEL,30404,15.7818,15.3811,-3.3811,86.6461,-87,-0.170824
TEL,30504,12.5626,14.9448,-2.9448,104.7565,-105,-0.206167
TEL,30604,12.3934,14.2856,-2.2856,86.5063,-87,-0.170824
TEL,30704,15.9401,15.0804,-3.0804,58.7128,-63,-0.123700
TEL,30804,15.9401,15.5556,-3.5556,108.6609,-88,-0.172788
TEL,30904,12.1958,14.9231,-2.9231,110.1475,-110,-0.215984
TEL,31004,15.4235,15.0385,-3.0385,58.6955,-81,-0.159043
TEL,31104,15.9936,15.5563,-3.5563,104.9145,-83,-0.162970
TEL,31204,16.1015,15.7839,-3.7839,104.1074,-104,-0.204204
TEL,31304,15.1766,14.8922,-2.8922,57.1695,-75,-0.147262
TEL,31404,15.8870,15.3198,-3.3198,95.3299,-84,-0.164934
TEL,31504,16.1015,15.7468,-3.7468,109.4819,-109,-0.214021
TEL,31604,14.4781,14.7515,-2.7515,66.2976,-81,-0.159043
TEL,31704,16.1015,15.4039,-3.4039,92.4199,-87,-0.170824
TEL,31804,16.1015,15.7243,-3.7243,107.0151,-107,-0.210094
TEL,31904,14.4337,14.8346,-2.8346,74.2565,-82,-0.161007
TEL,32004,15.6779,15.1533,-3.1533,81.2946,-81,-0.159043
TEL,32104,16.1015,15.6487,-3.6487,107.9609,-104,-0.204204
TEL,32204,12.5284,15.0011,-3.0011,105.6265,-106,-0.208131
TEL,32304,15.5243,15.0110,-3.0110,56.6127,-78,-0.153153
TEL,32404,15.9936,15.4915,-3.4915,103.4913,-84,-0.164934
TEL,32504,12.8424,15.0415,-3.0415,112.6726,-113,-0.221875
TEL,32604,14.7965,14.6907,-2.6907,50.6397,-85,-0.166897
TEL,32704,15.8870,15.3966,-3.3966,103.6432,-62,-0.121737
TEL,32804,16.0473,15.6964,-3.6964,105.8483,-106,-0.208131
TEL,32904,14.8430,14.6702,-2.6702,53.3923,-78,-0.153153
TEL,33004,15.8343,15.2025,-3.2025,94.2864,-73,-0.143335
TEL,33104,16.1559,15.7373,-3.7373,113.2537,-111,-0.217948
TEL,33204,11.9413,14.9018,-2.9018,109.7457,-110,-0.215984
TEL,33304,15.7297,15.2119,-3.2119,65.9116,-82,-0.161007
TEL,33404,16.0473,15.6132,-3.6132,105.4632,-93,-0.182605
TEL,33504,13.8781,15.3889,-3.3889,112.1295,-112,-0.219911
TEL,33604,15.3238,15.2680,-3.2680,76.5073,-86,-0.168861
TEL,33704,16.1015,15.6167,-3.6167,101.7869,-99,-0.194386
TEL,33804,16.2107,15.8280,-3.8280,106.2822,-106,-0.208131
TEL,33904,15.5752,15.1074,-3.1074,65.0245,-78,-0.153153
TEL,34004,15.8870,15.4532,-3.4532,102.3057,-92,-0.180642
TEL,34104,16.2107,15.8270,-3.8270,110.8506,-111,-0.217948
TEL,34204,14.7965,14.8715,-2.8715,66.5922,-83,-0.162970
TEL,34304,15.9401,15.3770,-3.3770,97.1859,-91,-0.178678
TEL,34404,16.1015,15.6873,-3.6873,106.8035,-107,-0.210094
TEL,34504,14.1722,14.6100,-2.6100,70.6377,-80,-0.157080
TEL,34604,15.6264,15.1303,-3.1303,85.2248,-85,-0.166897
TEL,34704,16.2107,15.7301,-3.7301,114.3093,-109,-0.214021
TEL,34804,16.1015,15.8853,-3.8853,109.8352,-110,-0.215984
TEL,34904,16.1015,15.9883,-3.9883,109.4223,-109,-0.214021
TEL,35004,16.1559,16.0426,-4.0426,108.3590,-108,-0.212057
TEL,35104,16.1015,16.0678,-4.0678,108.7642,-109,-0.214021
TEL,35204,16.1015,16.0794,-4.0794,108.4531,-108,-0.212057
TEL,35304,16.1015,16.0887,-4.0887,108.6945,-109,-0.214021
TEL,35404,16.1559,16.0981,-4.0981,108.8139,-109,-0.214021
TEL,35504,16.1015,16.1052,-4.1052,109.2946,-109,-0.214021
TEL,35604,16.1015,16.1048,-4.1048,109.1008,-109,-0.214021
TEL,35704,16.1559,16.1097,-4.1097,109.3318,-109,-0.214021
TEL,35804,16.2107,16.1192,-4.1192,109.7133,-110,-0.215984
TEL,35904,16.1559,16.1241,-4.1241,110.0017,-110,-0.215984
TEL,36004,16.1559,16.1293,-4.1293,110.1572,-110,-0.215984
TEL,36104,16.1559,16.1326,-4.1326,110.2968,-110,-0.215984
TEL,36204,16.2107,16.1366,-4.1366,110.4177,-110,-0.215984
TEL,36304,16.1559,16.1388,-4.1388,110.6900,-111,-0.217948
TEL,36404,16.1559,16.1420,-4.1420,110.8448,-111,-0.217948
TEL,36504,16.1559,16.1416,-4.1416,110.8678,-111,-0.217948
TEL,36604,16.1559,16.1426,-4.1426,111.0446,-111,-0.217948
TEL,36704,16.3213,16.1458,-4.1458,111.0531,-111,-0.217948
TEL,36804,14.9370,15.9924,-3.9924,108.1526,-108,-0.212057
TEL,36904,15.9401,15.9282,-3.9282,103.9678,-104,-0.204204
TEL,37004,16.1559,15.9590,-3.9590,108.1667,-108,-0.212057
TEL,37104,14.8430,14.9671,-2.9671,68.8859,-81,-0.159043
TEL,37204,15.7818,15.2892,-3.2892,95.4370,-92,-0.180642
TEL,37304,16.1559,15.7389,-3.7389,114.2403,-113,-0.221875
TEL,37404,11.8792,14.9484,-2.9484,112.8580,-113,-0.221875
TEL,37504,15.7297,15.2834,-3.2834,74.7094,-86,-0.168861
TEL,37604,16.0473,15.6045,-3.6045,108.1577,-100,-0.196350
TEL,37704,12.1635,14.9976,-2.9976,116.3213,-116,-0.227765
TEL,37804,15.3238,15.0519,-3.0519,68.1988,-88,-0.172788
TEL,37904,16.1015,15.5820,-3.5820,110.6749,-93,-0.182605
TEL,38004,16.1559,15.8120,-3.8120,112.1411,-112,-0.219911
TEL,38104,15.2254,14.9508,-2.9508,67.1065,-84,-0.164934
TEL,38204,15.9401,15.3605,-3.3605,102.7632,-90,-0.176715
TEL,38304,16.1015,15.7772,-3.7772,117.3583,-117,-0.229729
TEL,38404,14.6585,14.8313,-2.8313,73.1790,-89,-0.174751
TEL,38504,15.8343,15.3342,-3.3342,100.2880,-96,-0.188496
