BALL_BEAM_REF_BOOT
HOST_START_READY
REF_CFG,profile=center_far_near_90s,center_cm=13.0000,near_cm=9.0000,far_cm=17.0000,segment_ms=30000
REF,2968,13.0000,hold_center
TEL,2971,12.4606,16.4742,-3.4742,0.0000,0,0.000000
TEL,3072,16.4899,16.0093,-3.4742,0.0000,0,0.000000
TEL,3172,17.7663,17.3950,-3.0093,160.0000,-72,-0.141372
TEL,3272,17.8974,17.7356,-4.3950,160.0000,-154,-0.302378
TEL,3372,14.1722,15.2434,-4.7356,160.0000,-160,-0.314159
TEL,3472,16.9555,16.5333,-2.2434,-61.2655,-88,-0.172788
TEL,3572,17.8974,17.4551,-3.5333,160.0000,-64,-0.125664
TEL,3672,18.2332,17.8624,-4.4551,160.0000,-146,-0.286670
TEL,3772,15.9401,15.6963,-4.8624,160.0000,-160,-0.314159
TEL,3872,17.1364,16.5485,-2.6963,128.2201,-128,-0.251327
TEL,3972,17.9637,17.4856,-3.5485,160.0000,-160,-0.314159
TEL,4072,13.7554,16.5477,-4.4856,160.0000,-160,-0.314159
TEL,4172,17.0154,15.7400,-3.5477,-11.8546,-88,-0.172788
TEL,4272,17.5093,16.9316,-2.7400,160.0000,-63,-0.123700
TEL,4372,17.9637,17.7102,-3.9316,160.0000,-146,-0.286670
TEL,4472,12.3600,16.3745,-4.7102,160.0000,-160,-0.314159
TEL,4572,17.1976,16.3060,-3.3745,-74.5239,-89,-0.174751
TEL,4672,17.7663,17.1415,-3.3060,160.0000,-65,-0.127627
TEL,4772,18.3709,17.8304,-4.1415,160.0000,-148,-0.290597
TEL,4872,14.9370,15.5365,-4.8304,160.0000,-160,-0.314159
TEL,4972,17.8316,16.9737,-2.5365,5.6771,-88,-0.172788
TEL,5072,17.8316,17.4836,-3.9737,160.0000,-64,-0.125664
TEL,5172,13.4770,16.6450,-4.4836,160.0000,-147,-0.288634
TEL,5272,16.6617,16.0691,-3.6450,-21.6434,-128,-0.251327
TEL,5372,17.7014,17.1763,-3.0691,160.0000,-105,-0.206167
TEL,5472,17.8974,17.5597,-4.1763,160.0000,-160,-0.314159
TEL,5572,13.9194,15.1774,-4.5597,160.0000,-160,-0.314159
TEL,5672,16.8368,16.2875,-2.1774,-70.1535,-89,-0.174751
TEL,5772,17.7014,17.3186,-3.2875,160.0000,-64,-0.125664
TEL,5872,18.4404,17.7762,-4.3186,160.0000,-147,-0.288634
TEL,5972,18.0304,17.9399,-4.7762,160.0000,-160,-0.314159
TEL,6072,18.0975,17.9914,-4.9399,160.0000,-160,-0.314159
TEL,6172,18.0975,18.0216,-4.9914,160.0000,-160,-0.314159
TEL,6272,18.0975,18.0375,-5.0216,160.0000,-160,-0.314159
TEL,6372,18.0975,18.0702,-5.0375,160.0000,-160,-0.314159
TEL,6472,18.0304,18.0851,-5.0702,160.0000,-160,-0.314159
TEL,6572,18.0304,18.0826,-5.0851,160.0000,-160,-0.314159
TEL,6672,18.0304,18.0800,-5.0826,160.0000,-160,-0.314159
TEL,6772,18.0304,18.0870,-5.0800,160.0000,-160,-0.314159
TEL,6872,18.0975,18.0843,-5.0870,160.0000,-160,-0.314159
TEL,6972,18.0304,18.0931,-5.0843,160.0000,-160,-0.314159
TEL,7072,18.0975,18.0901,-5.0931,160.0000,-160,-0.314159
TEL,7172,18.0975,18.0978,-5.0901,160.0000,-160,-0.314159
TEL,7272,18.3018,18.1047,-5.0978,160.0000,-160,-0.314159
TEL,7372,18.3709,18.1248,-5.1047,160.0000,-160,-0.314159
TEL,7472,18.3709,18.1335,-5.1248,160.0000,-160,-0.314159
TEL,7572,18.3018,18.1466,-5.1335,160.0000,-160,-0.314159
TEL,7672,18.0304,18.1329,-5.1466,160.0000,-160,-0.314159
TEL,7772,15.2745,17.2406,-5.1329,160.0000,-160,-0.314159
TEL,7872,17.3210,17.2224,-4.2406,85.4037,-96,-0.188496
TEL,7972,18.1652,17.5440,-4.2224,151.9635,-121,-0.237583
TEL,8072,18.1652,17.7441,-4.5440,160.0000,-160,-0.314159
TEL,8172,16.7197,16.1931,-4.7441,160.0000,-160,-0.314159
TEL,8272,17.5729,16.9365,-3.1931,160.0000,-160,-0.314159
TEL,8372,17.8974,17.6051,-3.9365,160.0000,-160,-0.314159
TEL,8472,11.2338,16.1072,-4.6051,160.0000,-160,-0.314159
TEL,8572,17.0154,16.4133,-3.1072,-93.0001,-90,-0.176715
TEL,8672,17.5093,17.0574,-3.4133,157.9738,-64,-0.125664
TEL,8772,17.7663,17.5427,-4.0574,160.0000,-147,-0.288634
TEL,8872,15.2745,15.7383,-4.5427,160.0000,-160,-0.314159
TEL,8972,17.3210,16.6776,-2.7383,41.6612,-89,-0.174751
TEL,9072,17.5729,17.1526,-3.6776,160.0000,-62,-0.121737
TEL,9172,11.2338,13.8982,-4.1526,160.0000,-146,-0.286670
TEL,9272,16.6040,15.4982,-0.8982,-80.0000,-130,-0.255254
TEL,9372,17.8974,17.2994,-2.4982,160.0000,-107,-0.210094
TEL,9472,17.9637,17.7020,-4.2994,160.0000,-160,-0.314159
TEL,9572,14.7502,15.4754,-4.7020,160.0000,-160,-0.314159
TEL,9672,17.1364,16.4431,-2.4754,-7.5736,-90,-0.176715
TEL,9772,18.0304,17.5666,-3.4431,160.0000,-62,-0.121737
TEL,9872,11.8792,16.0366,-4.5666,160.0000,-145,-0.284707
TEL,9972,16.7781,15.9736,-3.0366,-101.5238,-131,-0.257218
TEL,10072,17.8316,17.3076,-2.9736,160.0000,-106,-0.208131
TEL,10172,18.2332,17.9446,-4.3076,160.0000,-160,-0.314159
TEL,10272,12.1958,16.6059,-4.9446,160.0000,-160,-0.314159
TEL,10372,17.3833,16.7668,-3.6059,-57.7059,-91,-0.178678
TEL,10472,17.8316,17.3399,-3.7668,160.0000,-64,-0.125664
TEL,10572,15.5243,17.1296,-4.3399,160.0000,-147,-0.288634
TEL,10672,17.0757,16.2480,-4.1296,72.4997,-129,-0.253291
TEL,10772,17.7014,17.1599,-3.2480,160.0000,-101,-0.198313
TEL,10872,17.9637,17.5877,-4.1599,160.0000,-159,-0.312196
TEL,10972,14.6585,15.8214,-4.5877,160.0000,-160,-0.314159
TEL,11072,16.9555,16.3925,-2.8214,-16.4269,-90,-0.176715
TEL,11172,17.9637,17.4235,-3.3925,160.0000,-62,-0.121737
TEL,11272,12.1958,16.0045,-4.4235,160.0000,-144,-0.282743
TEL,11372,17.1976,15.5181,-3.0045,-94.5108,-133,-0.261145
TEL,11472,17.4461,16.7874,-2.5181,160.0000,-112,-0.219911
TEL,11572,17.8974,17.6008,-3.7874,160.0000,-160,-0.314159
TEL,11672,12.0992,16.1375,-4.6008,160.0000,-160,-0.314159
TEL,11772,17.4461,16.6108,-3.1375,-106.6132,-91,-0.178678
TEL,11872,17.7663,17.3182,-3.6108,160.0000,-63,-0.123700
TEL,11972,18.4404,17.9148,-4.3182,160.0000,-146,-0.286670
TEL,12072,15.1766,15.8186,-4.9148,160.0000,-160,-0.314159
TEL,12172,17.7014,16.9943,-2.8186,17.7460,-90,-0.176715
TEL,12272,17.8974,17.4829,-3.9943,160.0000,-61,-0.119773
TEL,12372,11.4608,16.1456,-4.4829,160.0000,-144,-0.282743
TEL,12472,16.9555,16.2515,-3.1456,-95.9649,-133,-0.261145
TEL,12572,17.9637,17.4763,-3.2515,160.0000,-112,-0.219911
TEL,12672,18.0304,17.8527,-4.4763,160.0000,-160,-0.314159
TEL,12772,16.2658,16.3473,-4.8527,160.0000,-160,-0.314159
TEL,12872,17.3210,16.7065,-3.3473,107.0309,-109,-0.214021
TEL,12972,17.9637,17.5177,-3.7065,160.0000,-157,-0.308269
TEL,13072,13.2088,16.4268,-4.5177,160.0000,-160,-0.314159
TEL,13172,17.0154,16.3241,-3.4268,-45.3543,-91,-0.178678
TEL,13272,17.9637,17.2587,-3.3241,160.0000,-62,-0.121737
TEL,13372,18.0975,17.9333,-4.2587,160.0000,-145,-0.284707
TEL,13472,14.7502,15.6935,-4.9333,160.0000,-160,-0.314159
TEL,13572,17.9637,17.0681,-2.6935,-16.8634,-91,-0.178678
TEL,13672,17.8974,17.5450,-4.0681,160.0000,-62,-0.121737
TEL,13772,11.6965,16.2579,-4.5450,160.0000,-145,-0.284707
TEL,13872,17.0154,16.3797,-3.2579,-79.8461,-132,-0.259181
TEL,13972,17.7663,17.3990,-3.3797,160.0000,-109,-0.214021
TEL,14072,17.8316,17.6358,-4.3990,160.0000,-160,-0.314159
TEL,14172,15.9936,16.1868,-4.6358,160.0000,-160,-0.314159
TEL,14272,17.3210,16.7348,-3.1868,88.9524,-99,-0.194386
TEL,14372,17.9637,17.4927,-3.7348,160.0000,-127,-0.249364
TEL,14472,18.2332,17.7908,-4.4927,160.0000,-160,-0.314159
TEL,14572,16.7781,16.3321,-4.7908,160.0000,-160,-0.314159
TEL,14672,17.7014,17.0859,-3.3321,149.9873,-150,-0.294524
TEL,14772,18.0304,17.6989,-4.0859,160.0000,-160,-0.314159
TEL,14872,18.0975,17.8617,-4.6989,160.0000,-160,-0.314159
TEL,14972,18.0975,17.9638,-4.8617,160.0000,-160,-0.314159
TEL,15072,18.0304,17.9821,-4.9638,160.0000,-160,-0.314159
TEL,15172,18.0975,18.0255,-4.9821,160.0000,-160,-0.314159
TEL,15272,18.1652,18.0461,-5.0255,160.0000,-160,-0.314159
TEL,15372,18.0304,18.0369,-5.0461,160.0000,-160,-0.314159
TEL,15472,18.0304,18.0360,-5.0369,160.0000,-160,-0.314159
TEL,15572,18.0304,18.0350,-5.0360,160.0000,-160,-0.314159
TEL,15672,18.0304,18.0345,-5.0350,160.0000,-160,-0.314159
TEL,15772,18.0304,18.0339,-5.0345,160.0000,-160,-0.314159
TEL,15872,18.0304,18.0336,-5.0339,160.0000,-160,-0.314159
TEL,15972,18.0304,18.0333,-5.0336,160.0000,-160,-0.314159
TEL,16072,18.0304,18.0354,-5.0333,160.0000,-160,-0.314159
TEL,16172,18.0304,18.0371,-5.0354,160.0000,-160,-0.314159
TEL,16272,18.0975,18.0388,-5.0371,160.0000,-160,-0.314159
TEL,16372,18.0304,18.0401,-5.0388,160.0000,-160,-0.314159
TEL,16472,18.0304,18.0415,-5.0401,160.0000,-160,-0.314159
TEL,16572,18.0975,18.0443,-5.0415,160.0000,-160,-0.314159
TEL,16672,18.0304,18.0435,-5.0443,160.0000,-160,-0.314159
TEL,16772,17.6369,18.0093,-5.0435,160.0000,-160,-0.314159
TEL,16872,17.8316,17.9916,-5.0093,160.0000,-160,-0.314159
TEL,16972,13.9194,17.2267,-4.9916,160.0000,-160,-0.314159
TEL,17072,17.0154,16.9696,-4.2267,81.4710,-97,-0.190459
TEL,17172,18.0975,17.3657,-3.9696,141.3775,-108,-0.212057
TEL,17272,18.4404,17.8111,-4.3657,160.0000,-160,-0.314159
TEL,17372,16.4333,15.7321,-4.8111,160.0000,-160,-0.314159
TEL,17472,17.5729,16.9715,-2.7321,160.0000,-160,-0.314159
TEL,17572,18.0304,17.6551,-3.9715,160.0000,-160,-0.314159
TEL,17672,12.4944,16.4194,-4.6551,160.0000,-160,-0.314159
TEL,17772,17.0154,16.4957,-3.4194,-48.3092,-92,-0.180642
TEL,17872,17.7014,17.1793,-3.4957,160.0000,-62,-0.121737
TEL,17972,18.1652,17.7678,-4.1793,160.0000,-144,-0.282743
TEL,18072,16.1015,16.9058,-4.7678,160.0000,-160,-0.314159
TEL,18172,17.6369,17.1736,-3.9058,86.5815,-98,-0.192423
TEL,18272,17.8974,17.4810,-4.1736,160.0000,-122,-0.239546
TEL,18372,14.2152,15.5250,-4.4810,160.0000,-160,-0.314159
TEL,18472,17.0154,16.3994,-2.5250,-37.8821,-92,-0.180642
TEL,18572,17.8316,17.4445,-3.3994,160.0000,-63,-0.123700
TEL,18672,11.9102,16.0060,-4.4445,160.0000,-146,-0.286670
TEL,18772,16.8368,15.2634,-3.0060,-92.4221,-130,-0.255254
TEL,18872,17.4461,16.6957,-2.2634,160.0000,-100,-0.196350
TEL,18972,17.9637,17.6343,-3.6957,160.0000,-159,-0.312196
TEL,19072,12.2283,16.2455,-4.6343,160.0000,-160,-0.314159
TEL,19172,17.3210,16.6090,-3.2455,-80.2380,-92,-0.180642
TEL,19272,17.7663,17.3291,-3.6090,160.0000,-62,-0.121737
TEL,19372,17.7663,17.6902,-4.3291,160.0000,-144,-0.282743
TEL,19472,15.9401,16.9106,-4.6902,160.0000,-160,-0.314159
TEL,19572,17.5729,17.1953,-3.9106,86.7853,-98,-0.192423
TEL,19672,18.0304,17.5183,-4.1953,160.0000,-122,-0.239546
TEL,19772,13.9610,15.4871,-4.5183,160.0000,-160,-0.314159
TEL,19872,17.1364,16.4332,-2.4871,-53.3347,-92,-0.180642
TEL,19972,18.0975,17.6003,-3.4332,160.0000,-61,-0.119773
TEL,20072,15.0320,16.9520,-4.6003,160.0000,-143,-0.280780
TEL,20172,16.7781,16.2621,-3.9520,30.2070,-134,-0.263108
TEL,20272,17.4461,17.0035,-3.2621,156.9043,-111,-0.217948
TEL,20372,17.8974,17.5943,-4.0035,160.0000,-160,-0.314159
TEL,20472,11.6367,16.2224,-4.5943,160.0000,-160,-0.314159
TEL,20572,17.1976,16.5548,-3.2224,-73.2209,-92,-0.180642
TEL,20672,17.8974,17.2474,-3.5548,160.0000,-62,-0.121737
TEL,20772,18.5104,17.9796,-4.2474,160.0000,-145,-0.284707
TEL,20872,15.8870,16.4664,-4.9796,160.0000,-160,-0.314159
TEL,20972,18.0304,17.2782,-3.4664,62.5279,-92,-0.180642
TEL,21072,17.8974,17.6427,-4.2782,160.0000,-78,-0.153153
TEL,21172,11.6965,14.1875,-4.6427,160.0000,-155,-0.304342
TEL,21272,17.4461,16.5889,-1.1875,-160.0000,-110,-0.215984
TEL,21372,17.8974,17.6987,-3.5889,160.0000,-80,-0.157080
TEL,21472,12.0356,16.3211,-4.6987,160.0000,-154,-0.302378
TEL,21572,16.7197,15.7598,-3.3211,-68.2073,-113,-0.221875
TEL,21672,17.5729,17.0102,-2.7598,160.0000,-83,-0.162970
TEL,21772,17.9637,17.7030,-4.0102,160.0000,-155,-0.304342
TEL,21872,14.2584,16.8986,-4.7030,160.0000,-160,-0.314159
TEL,21972,17.3210,16.9406,-3.8986,10.1224,-92,-0.180642
TEL,22072,17.8316,17.3533,-3.9406,160.0000,-62,-0.121737
TEL,22172,13.1340,16.5168,-4.3533,160.0000,-144,-0.282743
TEL,22272,16.0473,15.3352,-3.5168,-19.5869,-133,-0.261145
TEL,22372,17.6369,17.2101,-2.3352,160.0000,-109,-0.214021
TEL,22472,17.8974,17.5966,-4.2101,160.0000,-160,-0.314159
TEL,22572,15.1281,15.8455,-4.5966,160.0000,-160,-0.314159
TEL,22672,17.1364,16.5201,-2.8455,20.4583,-92,-0.180642
TEL,22772,17.8316,17.4407,-3.5201,160.0000,-62,-0.121737
TEL,22872,11.8177,15.9942,-4.4407,160.0000,-144,-0.282743
TEL,22972,17.8316,15.9353,-2.9942,-95.9431,-133,-0.261145
TEL,23072,17.6369,17.1709,-2.9353,160.0000,-109,-0.214021
TEL,23172,17.9637,17.6835,-4.1709,160.0000,-160,-0.314159
TEL,23272,11.6071,16.3326,-4.6835,160.0000,-160,-0.314159
TEL,23372,17.3210,16.7450,-3.3326,-48.5521,-92,-0.180642
TEL,23472,17.8316,17.2392,-3.7450,160.0000,-61,-0.119773
TEL,23572,11.4033,15.9488,-4.2392,160.0000,-144,-0.282743
TEL,23672,16.2658,15.2849,-2.9488,-101.5879,-132,-0.259181
TEL,23772,17.7014,17.2312,-2.2849,160.0000,-109,-0.214021
TEL,23872,18.0304,17.7145,-4.2312,160.0000,-160,-0.314159
TEL,23972,17.9637,17.9179,-4.7145,160.0000,-160,-0.314159
TEL,24072,18.3709,18.0651,-4.9179,160.0000,-160,-0.314159
TEL,24172,18.3709,18.1778,-5.0651,160.0000,-160,-0.314159
TEL,24272,18.3018,18.2108,-5.1778,160.0000,-160,-0.314159
TEL,24372,18.0304,18.1999,-5.2108,160.0000,-160,-0.314159
TEL,24472,18.0975,18.1786,-5.1999,160.0000,-160,-0.314159
TEL,24572,17.9637,18.1333,-5.1786,160.0000,-160,-0.314159
TEL,24672,18.0304,18.1095,-5.1333,160.0000,-160,-0.314159
TEL,24772,18.0975,18.0966,-5.1095,160.0000,-160,-0.314159
TEL,24872,18.0975,18.1107,-5.0966,160.0000,-160,-0.314159
TEL,24972,18.0304,18.1113,-5.1107,160.0000,-160,-0.314159
TEL,25072,18.0304,18.1009,-5.1113,160.0000,-160,-0.314159
TEL,25172,18.0304,18.0926,-5.1009,160.0000,-160,-0.314159
TEL,25272,18.0304,18.0857,-5.0926,160.0000,-160,-0.314159
TEL,25372,18.0304,18.0774,-5.0857,160.0000,-160,-0.314159
TEL,25472,18.3018,18.0999,-5.0774,160.0000,-160,-0.314159
TEL,25572,18.3709,18.1072,-5.0999,160.0000,-160,-0.314159
TEL,25672,18.0304,18.0988,-5.1072,160.0000,-160,-0.314159
TEL,25772,15.9401,17.4420,-5.0988,160.0000,-160,-0.314159
TEL,25872,17.2591,17.2047,-4.4420,114.3535,-114,-0.223838
TEL,25972,17.8316,17.4908,-4.2047,149.7825,-150,-0.294524
TEL,26072,18.2332,17.7159,-4.4908,160.0000,-160,-0.314159
TEL,26172,16.6617,16.1514,-4.7159,160.0000,-160,-0.314159
TEL,26272,17.7014,17.0340,-3.1514,160.0000,-160,-0.314159
TEL,26372,17.9637,17.6456,-4.0340,160.0000,-160,-0.314159
TEL,26472,11.9102,16.2868,-4.6456,160.0000,-160,-0.314159
TEL,26572,17.3833,16.8386,-3.2868,-72.4810,-92,-0.180642
TEL,26672,17.8316,17.3502,-3.8386,160.0000,-61,-0.119773
TEL,26772,15.0320,16.9793,-4.3502,160.0000,-144,-0.282743
TEL,26872,15.8870,15.9572,-3.9793,47.2430,-133,-0.261145
TEL,26972,17.7014,17.0129,-2.9572,95.8563,-96,-0.188496
TEL,27072,17.8974,17.5264,-4.0129,160.0000,-154,-0.302378
TEL,27172,14.3018,14.6346,-4.5264,160.0000,-160,-0.314159
TEL,27272,17.1364,16.0114,-1.6346,4.4753,-92,-0.180642
TEL,27372,17.8316,17.4461,-3.0114,160.0000,-62,-0.121737
TEL,27472,12.0992,15.9551,-4.4461,160.0000,-145,-0.284707
TEL,27572,15.7818,14.9332,-2.9551,-102.6175,-132,-0.259181
TEL,27672,17.5093,16.8546,-1.9332,160.0000,-106,-0.208131
TEL,27772,18.3018,17.8335,-3.8546,160.0000,-160,-0.314159
TEL,27872,12.4269,16.4213,-4.8335,160.0000,-160,-0.314159
TEL,27972,17.2591,16.6981,-3.4213,-75.3035,-92,-0.180642
TEL,28072,17.7663,17.2795,-3.6981,160.0000,-62,-0.121737
TEL,28172,18.4404,17.8847,-4.2795,160.0000,-144,-0.282743
TEL,28272,15.7818,15.9427,-4.8847,160.0000,-160,-0.314159
TEL,28372,17.8316,17.0994,-2.9427,79.7182,-96,-0.188496
TEL,28472,18.0304,17.5805,-4.0994,160.0000,-107,-0.210094
TEL,28572,13.7961,15.1943,-4.5805,160.0000,-160,-0.314159
TEL,28672,16.8368,16.0631,-2.1943,-79.3095,-93,-0.182605
TEL,28772,17.7663,17.4042,-3.0631,160.0000,-63,-0.123700
TEL,28872,18.5104,17.9272,-4.4042,160.0000,-146,-0.286670
TEL,28972,16.3771,15.8073,-4.9272,160.0000,-160,-0.314159
TEL,29072,17.5093,16.8767,-2.8073,160.0000,-160,-0.314159
TEL,29172,18.2332,17.7116,-3.8767,160.0000,-160,-0.314159
TEL,29272,12.9142,16.5090,-4.7116,160.0000,-160,-0.314159
TEL,29372,17.1364,16.4678,-3.5090,-39.9555,-92,-0.180642
TEL,29472,17.6369,17.2223,-3.4678,160.0000,-62,-0.121737
TEL,29572,18.5104,17.8654,-4.2223,160.0000,-144,-0.282743
TEL,29672,15.7818,16.6968,-4.8654,160.0000,-160,-0.314159
TEL,29772,17.5729,17.1495,-3.6968,60.7697,-92,-0.180642
TEL,29872,17.9637,17.5206,-4.1495,160.0000,-73,-0.143335
TEL,29972,11.4898,16.2382,-4.5206,160.0000,-152,-0.298451
TEL,30072,17.0757,16.4516,-3.2382,-83.8163,-118,-0.231692
TEL,30172,17.7663,17.3799,-3.4516,160.0000,-88,-0.172788
TEL,30272,13.7961,16.5063,-4.3799,160.0000,-157,-0.308269
TEL,30372,15.4235,14.5267,-3.5063,-6.0062,-102,-0.200277
TEL,30472,17.2591,16.6045,-1.5267,160.0000,-72,-0.141372
TEL,30572,17.9637,17.5927,-3.6045,160.0000,-150,-0.294524
TEL,30672,13.3993,16.4896,-4.5927,160.0000,-160,-0.314159
TEL,30772,17.0154,15.9863,-3.4896,-43.8670,-92,-0.180642
TEL,30872,17.8974,17.0876,-2.9863,160.0000,-61,-0.119773
TEL,30972,14.2152,16.5424,-4.0876,160.0000,-144,-0.282743
TEL,31072,14.3018,14.8407,-3.5424,-9.3496,-133,-0.261145
TEL,31172,17.7014,17.0423,-1.8407,-5.0638,-38,-0.074613
TEL,31272,17.8316,17.5191,-4.0423,160.0000,-8,-0.015708
TEL,31372,13.0599,16.5998,-4.5191,160.0000,-94,-0.184569
TEL,31472,16.4333,16.4918,-3.5998,-30.4062,-124,-0.243473
TEL,31572,17.6369,17.0844,-3.4918,118.4908,-118,-0.231692
TEL,31672,18.0304,17.5078,-4.0844,160.0000,-160,-0.314159
TEL,31772,14.6585,15.7406,-4.5078,160.0000,-160,-0.314159
TEL,31872,16.7197,16.2838,-2.7406,-16.7922,-93,-0.182605
TEL,31972,17.8316,17.3682,-3.2838,148.3388,-63,-0.123700
TEL,32072,11.8792,15.8918,-4.3682,160.0000,-146,-0.286670
TEL,32172,16.3213,14.9619,-2.8918,-104.8295,-131,-0.257218
TEL,32272,17.3210,16.7150,-1.9619,160.0000,-103,-0.202240
TEL,32372,17.8974,17.6119,-3.7150,160.0000,-160,-0.314159
TEL,32472,14.4337,16.8415,-4.6119,160.0000,-160,-0.314159
TEL,32572,16.8368,16.0898,-3.8415,12.0808,-92,-0.180642
TEL,32672,17.6369,17.1275,-3.0898,160.0000,-62,-0.121737
TEL,32772,18.0304,17.7296,-4.1275,160.0000,-144,-0.282743
TEL,32872,14.2584,16.1548,-4.7296,160.0000,-160,-0.314159
REF,32965,17.0000,hold_far
TEL,32972,17.8316,17.0358,-3.1548,-18.4704,-92,-0.180642
TEL,33072,17.8974,17.4833,-0.0358,50.4106,-50,-0.098175
TEL,33172,18.0304,17.8035,-0.4833,41.3177,-41,-0.080503
TEL,33272,18.0304,17.9367,-0.8035,37.0980,-37,-0.072649
TEL,33372,18.0304,17.9850,-0.9367,35.9511,-36,-0.070686
TEL,33472,18.1652,18.0533,-0.9850,35.4566,-35,-0.068722
TEL,33572,18.1652,18.0878,-1.0533,39.0602,-39,-0.076576
TEL,33672,18.3018,18.1033,-1.0878,39.3070,-39,-0.076576
TEL,33772,18.3018,18.1137,-1.1033,41.3125,-41,-0.080503
TEL,33872,18.1652,18.1165,-1.1137,41.1510,-41,-0.080503
TEL,33972,18.3018,18.1268,-1.1165,39.5998,-40,-0.078540
TEL,34072,18.0975,18.1318,-1.1268,41.0719,-41,-0.080503
TEL,34172,18.1652,18.1378,-1.1318,39.2932,-39,-0.076576
TEL,34272,18.0975,18.1333,-1.1378,40.0499,-40,-0.078540
TEL,34372,18.3709,18.1452,-1.1333,39.3952,-39,-0.076576
TEL,34472,18.0975,18.1540,-1.1452,41.5976,-42,-0.082467
TEL,34572,18.3709,18.1599,-1.1540,39.9653,-40,-0.078540
TEL,34672,18.3709,18.1832,-1.1599,42.0694,-42,-0.082467
TEL,34772,18.4404,18.1887,-1.1832,42.8499,-43,-0.084430
TEL,34872,18.4404,18.2105,-1.1887,43.5238,-44,-0.086394
TEL,34972,12.7714,17.8786,-1.2105,44.2252,-44,-0.086394
TEL,35072,16.3771,17.2606,-0.8786,-11.5682,9,0.017671
TEL,35172,17.7663,17.4268,-0.2606,-28.9435,29,0.056941
TEL,35272,17.9637,17.6655,-0.4268,26.6393,-24,-0.047124
TEL,35372,15.6264,15.4875,-0.6655,33.9173,-34,-0.066759
TEL,35472,17.5729,16.6395,1.5125,-32.4321,25,0.049087
TEL,35572,17.8974,17.4727,0.3605,63.7547,-9,-0.017671
TEL,35672,14.3455,16.6997,-0.4727,43.2133,-43,-0.084430
TEL,35772,16.8368,15.8411,0.3003,-144.1511,25,0.049087
TEL,35872,17.5729,17.1007,1.1589,51.1563,56,0.109956
TEL,35972,13.8781,16.4382,-0.1007,54.6881,-30,-0.058905
TEL,36072,11.5775,13.3905,0.5618,-160.0000,-37,-0.072649
TEL,36172,17.2591,16.5840,3.6095,-160.0000,55,0.107992
TEL,36272,18.0975,17.5771,0.4160,79.4784,86,0.168861
TEL,36372,11.5189,16.1499,-0.5771,70.3294,-2,-0.003927
TEL,36472,14.6585,14.4603,0.8501,-160.0000,-32,-0.062832
TEL,36572,17.6369,16.9804,2.5397,-51.4732,44,0.086394
TEL,36672,18.0975,17.6018,0.0196,77.8294,6,0.011781
TEL,36772,12.5626,14.8114,-0.6018,58.6090,-59,-0.115846
TEL,36872,16.7781,16.0093,2.1886,-160.0000,9,0.017671
TEL,36972,17.7663,17.4623,0.9907,47.6589,39,0.076576
TEL,37072,18.3018,17.8342,-0.4623,42.9595,-37,-0.072649
TEL,37172,15.8343,16.1172,-0.8342,54.2237,-54,-0.106029
TEL,37272,17.3210,16.6502,0.8828,-69.5316,14,0.027489
TEL,37372,17.9637,17.6515,0.3498,29.8313,45,0.088357
TEL,37472,14.1295,16.7929,-0.6515,44.5390,-34,-0.066759
TEL,37572,16.8368,15.5306,0.2071,-129.1421,-9,-0.017671
TEL,37672,17.8974,16.9943,1.4694,49.7373,22,0.043197
TEL,37772,12.0992,15.7823,0.0057,90.9746,-64,-0.125664
TEL,37872,11.8484,14.2104,1.2177,-160.0000,-75,-0.147262
TEL,37972,17.4461,17.1077,2.7896,-160.0000,16,0.031416
TEL,38072,17.7663,17.5808,-0.1077,52.5213,46,0.090321
TEL,38172,14.0027,16.8710,-0.5808,34.3027,-29,-0.056941
TEL,38272,16.2658,15.6693,0.1290,-123.2046,15,0.029452
TEL,38372,17.6369,17.3924,1.3307,61.8782,46,0.090321
TEL,38472,18.2332,17.8212,-0.3924,36.2593,-30,-0.058905
TEL,38572,14.7042,15.8993,-0.8212,52.4049,-52,-0.102102
TEL,38672,17.1976,16.3196,1.1007,-159.6786,16,0.031416
TEL,38772,17.8974,17.3251,0.6804,29.4645,47,0.092284
TEL,38872,18.3018,17.7682,-0.3251,48.7547,-35,-0.068722
TEL,38972,16.2107,16.2035,-0.7682,55.9321,-56,-0.109956
TEL,39072,17.7014,16.8589,0.7965,-27.1232,9,0.017671
TEL,39172,18.1652,17.6832,0.1411,42.6639,3,0.005890
TEL,39272,11.9726,16.2507,-0.6832,52.9989,-53,-0.104065
TEL,39372,17.5729,16.6969,0.7493,-160.0000,15,0.029452
TEL,39472,17.7663,17.4044,0.3031,73.5392,46,0.090321
TEL,39572,18.0304,17.7495,-0.4044,44.3822,-34,-0.066759
TEL,39672,15.7818,16.2715,-0.7495,38.3342,-38,-0.074613
TEL,39772,17.8974,17.0878,0.7285,-73.3204,30,0.058905
TEL,39872,17.8974,17.5263,-0.0878,48.4793,61,0.119773
TEL,39972,11.4898,16.1638,-0.5263,39.8923,-23,-0.045160
TEL,40072,16.8960,16.2992,0.8362,-160.0000,-15,-0.029452
TEL,40172,17.7663,17.3535,0.7008,24.5224,7,0.013744
TEL,40272,18.3018,17.7708,-0.3535,40.9740,-41,-0.080503
TEL,40372,15.8870,16.0947,-0.7708,54.7175,-55,-0.107992
TEL,40472,17.9637,17.0715,0.9053,-60.9283,14,0.027489
TEL,40572,17.8974,17.7602,-0.0715,70.4530,45,0.088357
TEL,40672,12.2939,16.5704,-0.7602,34.6222,-29,-0.056941
TEL,40772,17.1364,16.3802,0.4296,-160.0000,12,0.023562
TEL,40872,17.7014,17.2405,0.6198,37.3335,42,0.082467
TEL,40972,14.7965,16.8136,-0.2405,46.4857,-37,-0.072649
TEL,41072,15.2254,15.3221,0.1864,-106.3255,-6,-0.011781
TEL,41172,17.7663,16.9362,1.6779,-72.0032,69,0.135481
TEL,41272,17.8974,17.4985,0.0638,66.7866,15,0.029452
TEL,41372,11.8792,16.2434,-0.4985,45.8967,-46,-0.090321
TEL,41472,16.8960,16.3055,0.7566,-160.0000,21,0.041233
TEL,41572,17.8316,17.5897,0.6945,26.8908,52,0.102102
TEL,41672,17.9637,17.7647,-0.5897,40.9601,-29,-0.056941
TEL,41772,16.7197,16.1234,-0.7647,36.1132,-36,-0.070686
TEL,41872,17.4461,16.9104,0.8766,38.9876,-39,-0.076576
TEL,41972,17.8974,17.5914,0.0896,40.4837,-40,-0.078540
TEL,42072,12.4269,16.3114,-0.5914,38.1653,-38,-0.074613
TEL,42172,17.1976,16.5425,0.6886,-160.0000,30,0.058905
TEL,42272,17.7014,17.3081,0.4575,26.7763,61,0.119773
TEL,42372,18.3709,17.9123,-0.3081,40.4645,-22,-0.043197
TEL,42472,18.4404,18.1210,-0.9123,54.3753,-54,-0.106029
TEL,42572,18.1652,18.1215,-1.1210,52.1470,-52,-0.102102
TEL,42672,18.4404,18.1521,-1.1215,40.3385,-40,-0.078540
TEL,42772,18.0304,18.1396,-1.1521,45.8070,-46,-0.090321
TEL,42872,18.0304,18.0900,-1.1396,38.0525,-38,-0.074613
TEL,42972,18.1652,18.1167,-1.0900,37.1622,-37,-0.072649
TEL,43072,18.3709,18.1613,-1.1167,39.7390,-40,-0.078540
TEL,43172,18.5104,18.1756,-1.1613,43.3337,-43,-0.084430
TEL,43272,18.3018,18.2034,-1.1756,45.0557,-45,-0.088357
TEL,43372,18.0975,18.1842,-1.2034,43.3595,-43,-0.084430
TEL,43472,18.0304,18.1855,-1.1842,40.5150,-41,-0.080503
TEL,43572,18.3709,18.2117,-1.1855,39.8691,-40,-0.078540
TEL,43672,18.1652,18.2049,-1.2117,44.0891,-44,-0.086394
TEL,43772,18.0975,18.1887,-1.2049,41.7746,-42,-0.082467
TEL,43872,18.0975,18.1937,-1.1887,40.8037,-41,-0.080503
TEL,43972,18.4404,18.2500,-1.1937,40.9338,-41,-0.080503
TEL,44072,18.0975,18.2279,-1.2500,45.6529,-46,-0.090321
TEL,44172,11.7568,16.7565,-1.2279,41.6529,-42,-0.082467
TEL,44272,16.9555,16.5657,0.2435,-154.8910,26,0.051051
TEL,44372,17.8316,17.5227,0.4343,17.0011,57,0.111919
TEL,44472,18.3018,17.8233,-0.5227,37.8843,-24,-0.047124
TEL,44572,16.3213,15.8087,-0.8233,50.2230,-50,-0.098175
TEL,44672,17.7014,17.1202,1.1913,48.9258,-49,-0.096211
TEL,44772,17.8974,17.8204,-0.1202,68.5182,-69,-0.135481
TEL,44872,14.3018,17.0397,-0.8204,33.7045,-34,-0.066759
TEL,44972,17.2591,16.8296,-0.0397,-114.4612,33,0.064795
TEL,45072,17.8974,17.3558,0.1704,30.2848,64,0.125664
TEL,45172,18.4404,17.9767,-0.3558,45.3303,-22,-0.043197
TEL,45272,15.4235,15.8759,-0.9767,57.9761,-58,-0.113883
TEL,45372,17.5729,16.9457,1.1241,-100.6374,10,0.019635
TEL,45472,17.8974,17.4539,0.0543,42.7831,41,0.080503
TEL,45572,16.4333,16.2795,-0.4539,43.3622,-35,-0.068722
TEL,45672,17.3833,16.5175,0.7205,-14.3627,-3,-0.005890
TEL,45772,18.2332,17.4027,0.4825,15.3444,-7,-0.013744
TEL,45872,18.0304,17.7116,-0.4027,57.4198,-57,-0.111919
TEL,45972,16.5468,16.1619,-0.7116,41.1668,-41,-0.080503
TEL,46072,17.8316,17.1371,0.8381,4.1033,-4,-0.007854
TEL,46172,18.0975,17.7228,-0.1371,58.9176,-56,-0.109956
TEL,46272,14.0448,16.8720,-0.7228,44.9557,-45,-0.088357
TEL,46372,17.5093,17.0178,0.1280,-135.2545,23,0.045160
TEL,46472,17.8974,17.4793,-0.0178,44.1947,53,0.104065
TEL,46572,12.9867,16.5748,-0.4793,42.7773,-30,-0.058905
TEL,46672,15.6779,15.1125,0.4252,-160.0000,-11,-0.021598
TEL,46772,17.7014,17.5482,1.8875,51.7792,19,0.037306
TEL,46872,17.9637,17.8145,-0.5482,37.5301,-38,-0.074613
TEL,46972,14.6585,15.6213,-0.8145,37.0658,-37,-0.072649
TEL,47072,17.4461,16.7037,1.3787,-159.9646,31,0.060868
TEL,47172,18.2332,17.7792,0.2963,58.8357,62,0.121737
TEL,47272,18.2332,17.9409,-0.7792,57.8909,-25,-0.049087
TEL,47372,16.8960,16.4840,-0.9409,45.7467,-49,-0.096211
TEL,47472,17.7014,17.1134,0.5160,14.9699,-15,-0.029452
TEL,47572,18.0304,17.6963,-0.1134,41.3454,-41,-0.080503
TEL,47672,14.4781,15.3914,-0.6963,41.6111,-42,-0.082467
TEL,47772,17.7663,17.0083,1.6086,-160.0000,26,0.051051
TEL,47872,17.8974,17.5799,-0.0083,65.7275,57,0.111919
TEL,47972,12.1635,16.3045,-0.5799,43.8310,-27,-0.053014
TEL,48072,16.2658,15.8936,0.6955,-160.0000,-18,-0.035343
TEL,48172,17.8974,17.3667,1.1064,3.1635,6,0.011781
TEL,48272,17.9637,17.6853,-0.3667,55.7397,-55,-0.107992
TEL,48372,15.7297,15.6469,-0.6853,39.8708,-40,-0.078540
TEL,48472,18.2332,16.7911,1.3531,-37.2828,23,0.045160
TEL,48572,17.8974,17.6036,0.2089,89.0556,7,0.013744
TEL,48672,13.5555,16.6301,-0.6036,40.1728,-40,-0.078540
TEL,48772,17.0757,16.4938,0.3699,-150.3405,27,0.053014
TEL,48872,17.8316,17.3325,0.5062,45.4312,58,0.113883
TEL,48972,15.3735,17.0461,-0.3325,53.4306,-29,-0.056941
TEL,49072,15.2745,15.2832,-0.0461,-81.7138,-35,-0.068722
TEL,49172,17.7014,17.1011,1.7168,-61.4597,51,0.100138
TEL,49272,17.8974,17.6627,-0.1011,59.5450,23,0.045160
TEL,49372,14.8430,15.6783,-0.6627,40.9272,-41,-0.080503
TEL,49472,17.1976,16.5706,1.3217,-143.2549,27,0.053014
TEL,49572,17.9637,17.6303,0.4294,39.3434,58,0.113883
TEL,49672,18.1652,17.8463,-0.6303,44.6264,-26,-0.051051
TEL,49772,16.6617,16.1787,-0.8463,43.8637,-44,-0.086394
TEL,49872,17.7014,17.1706,0.8213,23.9462,-24,-0.047124
TEL,49972,18.0304,17.0809,-0.1706,53.1385,-53,-0.104065
TEL,50072,11.6071,12.7072,-0.0809,132.6993,-117,-0.229729
TEL,50172,18.1652,17.4486,4.2928,-160.0000,-106,-0.208131
TEL,50272,17.8316,17.6740,-0.4486,143.4645,-84,-0.164934
TEL,50372,13.0599,16.7569,-0.6740,35.2120,-76,-0.149226
TEL,50472,16.4899,16.2616,0.2431,-146.5185,18,0.035343
TEL,50572,17.7663,17.2524,0.7383,-3.7387,47,0.092284
TEL,50672,17.9637,17.5878,-0.2524,40.8322,-33,-0.064795
TEL,50772,16.1015,15.5188,-0.5878,39.6771,-40,-0.078540
TEL,50872,17.5093,16.8482,1.4812,52.2448,-52,-0.102102
TEL,50972,18.2332,17.7871,0.1518,67.0942,-67,-0.131554
TEL,51072,13.1340,16.6117,-0.7871,56.3102,-56,-0.109956
TEL,51172,17.2591,16.4220,0.3883,-160.0000,12,0.023562
TEL,51272,17.6369,17.2754,0.5780,40.0196,42,0.082467
TEL,51372,18.0304,17.8089,-0.2754,40.4167,-33,-0.064795
TEL,51472,18.0304,17.9290,-0.8089,39.7472,-40,-0.078540
TEL,51572,18.0304,18.0335,-0.9290,36.2865,-36,-0.070686
TEL,51672,18.4404,18.1360,-1.0335,36.0908,-36,-0.070686
TEL,51772,18.0304,18.0986,-1.1360,46.3354,-46,-0.090321
TEL,51872,18.4404,18.1276,-1.0986,37.2504,-37,-0.072649
TEL,51972,18.0975,18.1558,-1.1276,44.0635,-44,-0.086394
TEL,52072,18.3709,18.1699,-1.1558,39.6300,-40,-0.078540
TEL,52172,18.4404,18.1806,-1.1699,43.3994,-43,-0.084430
TEL,52272,18.0975,18.1883,-1.1806,44.1803,-44,-0.086394
TEL,52372,18.2332,18.1836,-1.1883,40.5407,-41,-0.080503
TEL,52472,18.0975,18.1721,-1.1836,41.9178,-42,-0.082467
TEL,52572,18.3709,18.1920,-1.1721,40.3419,-40,-0.078540
TEL,52672,18.4404,18.2024,-1.1920,43.3027,-43,-0.084430
TEL,52772,18.1652,18.2085,-1.2024,44.1900,-44,-0.086394
TEL,52872,18.0975,18.1941,-1.2085,41.8846,-42,-0.082467
TEL,52972,18.2332,18.1892,-1.1941,40.9318,-41,-0.080503
TEL,53072,18.0975,18.1937,-1.1892,41.9798,-42,-0.082467
TEL,53172,15.6779,17.4983,-1.1937,41.0088,-41,-0.080503
TEL,53272,17.5729,17.4541,-0.4983,-30.9444,20,0.039270
TEL,53372,17.8974,17.6134,-0.4541,20.4965,-3,-0.005890
TEL,53472,12.9867,16.8289,-0.6134,29.0108,-29,-0.056941
TEL,53572,17.0757,16.3718,0.1711,-121.6621,39,0.076576
TEL,53672,17.7663,17.3469,0.6282,67.4682,69,0.135481
TEL,53772,18.4404,17.8791,-0.3469,53.3318,-19,-0.037306
TEL,53872,15.6264,16.1471,-0.8791,57.4488,-57,-0.111919
TEL,53972,17.5729,16.9174,0.8529,-88.8584,11,0.021598
TEL,54072,17.9637,17.4345,0.0826,35.8785,41,0.080503
TEL,54172,14.1295,15.3125,-0.4345,45.6055,-37,-0.072649
TEL,54272,16.8368,16.1708,1.6875,-160.0000,-8,-0.015708
TEL,54372,17.7663,17.4583,0.8292,28.9872,23,0.045160
TEL,54472,18.4404,17.9434,-0.4583,41.1560,-40,-0.078540
TEL,54572,16.2658,15.8911,-0.9434,61.5693,-62,-0.121737
TEL,54672,17.8974,17.0539,1.1089,-2.0467,-4,-0.007854
TEL,54772,17.9637,17.6759,-0.0539,72.4285,-41,-0.080503
TEL,54872,11.4608,16.1839,-0.6759,40.2949,-60,-0.117810
TEL,54972,17.2591,16.6830,0.8161,-160.0000,30,0.058905
TEL,55072,17.8316,17.3257,0.3170,23.6085,61,0.119773
TEL,55172,13.2088,16.4124,-0.3257,43.6165,-24,-0.047124
TEL,55272,16.5468,16.0058,0.5876,-160.0000,-22,-0.043197
TEL,55372,17.7663,17.4190,0.9942,30.8761,-5,-0.009817
TEL,55472,17.9637,17.7719,-0.4190,45.4042,-45,-0.088357
TEL,55572,15.7297,15.3357,-0.7719,38.5229,-39,-0.076576
TEL,55672,17.3833,16.6457,1.6643,13.9925,-14,-0.027489
TEL,55772,18.3018,17.6881,0.3543,63.3196,-61,-0.119773
TEL,55872,13.2844,16.5250,-0.6881,64.6304,-65,-0.127627
TEL,55972,17.1364,16.5261,0.4750,-160.0000,3,0.005890
TEL,56072,17.8316,17.2381,0.4739,31.0290,33,0.064795
TEL,56172,18.3018,17.8124,-0.2381,49.5824,-43,-0.084430
TEL,56272,14.8899,15.4808,-0.8124,52.3851,-52,-0.102102
TEL,56372,17.7663,17.2255,1.5192,-135.2595,16,0.031416
TEL,56472,18.0304,17.7362,-0.2255,60.8894,47,0.092284
TEL,56572,14.5678,15.3794,-0.7362,46.5982,-34,-0.066759
TEL,56672,17.0154,16.4556,1.6206,-160.0000,-16,-0.031416
TEL,56772,17.9637,17.5336,0.5444,37.0984,15,0.029452
TEL,56872,18.4404,17.9083,-0.5336,48.5487,-48,-0.094248
TEL,56972,16.9555,16.3385,-0.9083,58.5937,-59,-0.115846
TEL,57072,17.8316,17.2072,0.6615,31.2862,-31,-0.060868
TEL,57172,18.1652,17.8448,-0.2072,56.1122,-56,-0.109956
TEL,57272,14.4781,15.5496,-0.8448,46.8962,-47,-0.092284
TEL,57372,17.5729,17.0124,1.4504,-160.0000,21,0.041233
TEL,57472,17.9637,17.6314,-0.0124,52.2665,52,0.102102
TEL,57572,14.0448,16.9040,-0.6314,46.9228,-32,-0.062832
TEL,57672,17.0154,16.7378,0.0960,-141.1406,-18,-0.035343
TEL,57772,17.8316,17.4288,0.2622,12.4412,13,0.025525
TEL,57872,18.0304,17.6795,-0.4288,36.5067,-37,-0.072649
TEL,57972,16.8960,16.3413,-0.6795,38.8366,-39,-0.076576
TEL,58072,17.4461,16.8901,0.6587,28.4123,-28,-0.054978
TEL,58172,17.9637,17.5793,0.1098,32.1355,-32,-0.062832
TEL,58272,12.1635,16.2559,-0.5793,41.5042,-42,-0.082467
TEL,58372,17.6369,16.8333,0.7441,-160.0000,25,0.049087
TEL,58472,17.8974,17.4225,0.1667,48.2413,56,0.109956
TEL,58572,12.8424,16.4308,-0.4225,46.2632,-28,-0.054978
TEL,58672,16.0473,15.8397,0.5692,-160.0000,-22,-0.043197
TEL,58772,18.0304,17.2667,1.1603,-17.9575,18,0.035343
TEL,58872,11.6965,15.5782,-0.2667,66.8307,-48,-0.094248
TEL,58972,15.9936,14.7505,1.4218,-160.0000,-45,-0.088357
TEL,59072,17.5093,16.8479,2.2495,114.8897,-29,-0.056941
TEL,59172,17.9637,17.6981,0.1521,95.2852,-94,-0.184569
TEL,59272,12.4944,16.4069,-0.6981,42.8162,-46,-0.090321
TEL,59372,17.2591,16.4563,0.5931,-160.0000,40,0.078540
TEL,59472,17.8974,17.2577,0.5437,45.8852,71,0.139408
TEL,59572,11.8484,15.9302,-0.2577,57.2182,-16,-0.031416
TEL,59672,16.2658,15.6248,1.0698,-160.0000,-47,-0.092284
TEL,59772,18.0304,17.2174,1.3752,34.9368,-35,-0.068722
TEL,59872,18.2332,17.8573,-0.2174,76.3618,-76,-0.149226
TEL,59972,14.4337,15.4200,-0.8573,58.6526,-59,-0.115846
TEL,60072,17.0757,16.4326,1.5800,-160.0000,9,0.017671
TEL,60172,17.8974,17.5110,0.5674,42.0137,39,0.076576
TEL,60272,18.0975,17.7622,-0.5110,45.0930,-38,-0.074613
TEL,60372,18.0304,18.0281,-0.7622,42.6488,-43,-0.084430
TEL,60472,18.0304,18.0499,-1.0281,36.0687,-36,-0.070686
TEL,60572,18.0304,18.1045,-1.0499,36.2567,-36,-0.070686
TEL,60672,18.0304,18.1172,-1.1045,37.1982,-37,-0.072649
TEL,60772,18.0975,18.1496,-1.1172,37.6197,-38,-0.074613
TEL,60872,18.1652,18.1706,-1.1496,39.4681,-39,-0.076576
TEL,60972,18.2332,18.1861,-1.1706,40.8976,-41,-0.080503
TEL,61072,18.3709,18.1985,-1.1861,42.0651,-42,-0.082467
TEL,61172,18.0975,18.1824,-1.1985,43.7055,-44,-0.086394
TEL,61272,18.3709,18.1895,-1.1824,40.5843,-41,-0.080503
TEL,61372,18.0975,18.1932,-1.1896,43.2493,-43,-0.084430
TEL,61472,18.0975,18.1807,-1.1932,40.8654,-41,-0.080503
TEL,61572,18.4404,18.2033,-1.1807,40.5807,-41,-0.080503
TEL,61672,18.0975,18.2109,-1.2033,44.1855,-44,-0.086394
TEL,61772,18.1652,18.1936,-1.2109,41.2944,-41,-0.080503
TEL,61872,18.1652,18.2024,-1.1936,41.5163,-42,-0.082467
TEL,61972,13.5555,17.9184,-1.2024,41.7566,-42,-0.082467
TEL,62072,16.6040,17.0750,-0.9184,-6.4791,5,0.009817
TEL,62172,17.8974,17.3511,-0.0750,-26.0823,26,0.051051
TEL,62272,12.9142,16.4301,-0.3511,31.8604,-29,-0.056941
TEL,62372,17.1364,16.2178,0.5699,-152.7858,22,0.043197
TEL,62472,17.3833,16.9273,0.7822,160.0000,52,0.102102
TEL,62572,18.0304,17.6489,0.0727,41.0041,-29,-0.056941
TEL,62672,12.4944,16.4139,-0.6489,44.7932,-45,-0.088357
TEL,62772,17.3210,16.4664,0.5861,-160.0000,23,0.045160
TEL,62872,18.0975,17.5696,0.5336,119.9399,54,0.106029
REF,62965,9.0000,hold_near
TEL,62972,14.5228,16.8950,-0.5696,76.3072,-33,-0.064795
TEL,63072,17.0154,16.1114,-7.8950,160.0000,-128,-0.251327
TEL,63172,18.0304,17.2920,-7.1114,160.0000,-160,-0.314159
TEL,63272,17.9637,17.7473,-8.2920,160.0000,-160,-0.314159
TEL,63372,14.7965,15.9029,-8.7473,160.0000,-160,-0.314159
TEL,63472,17.3210,16.7182,-6.9029,132.0679,-132,-0.259181
TEL,63572,17.8316,17.5358,-7.7182,160.0000,-160,-0.314159
TEL,63672,18.2332,17.8291,-8.5358,160.0000,-160,-0.314159
TEL,63772,16.8368,16.3825,-8.8291,160.0000,-160,-0.314159
TEL,63872,17.8974,17.0360,-7.3825,160.0000,-160,-0.314159
TEL,63972,18.3709,17.7938,-8.0360,160.0000,-160,-0.314159
TEL,64072,14.3455,16.9495,-8.7938,160.0000,-160,-0.314159
TEL,64172,17.5729,16.9903,-7.9495,148.3102,-148,-0.290597
TEL,64272,18.2332,17.5336,-7.9903,160.0000,-160,-0.314159
TEL,64372,12.0040,16.3556,-8.5336,160.0000,-160,-0.314159
TEL,64472,16.8368,16.3938,-7.3556,80.9916,-97,-0.190459
TEL,64572,18.2332,17.4118,-7.3938,160.0000,-108,-0.212057
TEL,64672,18.0975,17.7344,-8.4118,160.0000,-160,-0.314159
TEL,64772,16.0473,15.9571,-8.7344,160.0000,-160,-0.314159
TEL,64872,17.4461,16.6943,-6.9571,160.0000,-160,-0.314159
TEL,64972,17.9637,17.5367,-7.6943,160.0000,-160,-0.314159
TEL,65072,12.7361,16.2938,-8.5367,160.0000,-160,-0.314159
TEL,65172,17.1976,16.5114,-7.2938,71.3066,-93,-0.182605
TEL,65272,17.7663,17.2056,-7.5114,160.0000,-92,-0.180642
TEL,65372,13.6348,16.4462,-8.2056,160.0000,-159,-0.312196
TEL,65472,16.1559,15.3898,-7.4462,100.4804,-106,-0.208131
TEL,65572,17.7663,17.2557,-6.3898,160.0000,-141,-0.276853
TEL,65672,18.2332,17.7549,-8.2557,160.0000,-160,-0.314159
TEL,65772,14.2584,15.2685,-8.7549,160.0000,-160,-0.314159
TEL,65872,17.2591,16.5042,-6.2685,89.1772,-99,-0.194386
TEL,65972,17.8974,17.5096,-7.5042,160.0000,-126,-0.247400
TEL,66072,18.4404,18.0474,-8.5096,160.0000,-160,-0.314159
TEL,66172,17.0154,16.6737,-9.0474,160.0000,-160,-0.314159
TEL,66272,17.6369,17.1546,-7.6737,160.0000,-160,-0.314159
TEL,66372,17.9637,17.6529,-8.1546,160.0000,-160,-0.314159
TEL,66472,14.4781,15.6653,-8.6529,160.0000,-160,-0.314159
TEL,66572,17.5093,16.7900,-6.6653,117.5062,-118,-0.231692
TEL,66672,18.1652,17.4926,-7.7900,160.0000,-160,-0.314159
TEL,66772,14.1295,16.8280,-8.4926,160.0000,-160,-0.314159
TEL,66872,16.8960,16.6762,-7.8280,134.0871,-134,-0.263108
TEL,66972,17.8316,17.4524,-7.6762,160.0000,-160,-0.314159
TEL,67072,18.3018,17.7853,-8.4524,160.0000,-160,-0.314159
TEL,67172,16.6040,16.0914,-8.7853,160.0000,-160,-0.314159
TEL,67272,17.5093,16.8948,-7.0914,160.0000,-160,-0.314159
TEL,67372,17.9637,17.6266,-7.8948,160.0000,-160,-0.314159
TEL,67472,12.0040,16.2184,-8.6266,160.0000,-160,-0.314159
TEL,67572,17.5093,16.7973,-7.2184,52.6707,-92,-0.180642
TEL,67672,17.9637,17.3979,-7.7973,160.0000,-61,-0.119773
TEL,67772,14.1295,16.7444,-8.3979,160.0000,-144,-0.282743
TEL,67872,15.9401,15.8279,-7.7444,147.6604,-148,-0.290597
TEL,67972,17.7014,17.1068,-6.8279,160.0000,-160,-0.314159
TEL,68072,18.0304,17.6378,-8.1068,160.0000,-160,-0.314159
TEL,68172,15.7297,15.9003,-8.6378,160.0000,-160,-0.314159
TEL,68272,17.5093,16.6922,-6.9003,160.0000,-160,-0.314159
TEL,68372,17.9637,17.5257,-7.6922,160.0000,-160,-0.314159
TEL,68472,14.1722,16.7218,-8.5257,160.0000,-160,-0.314159
TEL,68572,17.2591,16.4550,-7.7218,153.3006,-153,-0.300415
TEL,68672,17.8316,17.2330,-7.4550,160.0000,-160,-0.314159
TEL,68772,18.1652,17.7785,-8.2330,160.0000,-160,-0.314159
TEL,68872,15.9401,16.0479,-8.7785,160.0000,-160,-0.314159
TEL,68972,17.5729,16.9931,-7.0479,160.0000,-160,-0.314159
TEL,69072,18.2332,17.5776,-7.9931,160.0000,-160,-0.314159
TEL,69172,18.0304,17.8641,-8.5776,160.0000,-160,-0.314159
TEL,69272,18.0975,17.9992,-8.8641,160.0000,-160,-0.314159
TEL,69372,18.0304,18.0209,-8.9992,160.0000,-160,-0.314159
TEL,69472,18.0304,18.0304,-9.0209,160.0000,-160,-0.314159
TEL,69572,18.0304,18.0528,-9.0304,160.0000,-160,-0.314159
TEL,69672,18.3018,18.0951,-9.0528,160.0000,-160,-0.314159
TEL,69772,18.0304,18.0960,-9.0951,160.0000,-160,-0.314159
TEL,69872,18.0304,18.0856,-9.0960,160.0000,-160,-0.314159
TEL,69972,18.0304,18.0744,-9.0856,160.0000,-160,-0.314159
TEL,70072,18.0304,18.0731,-9.0744,160.0000,-160,-0.314159
TEL,70172,18.0975,18.0698,-9.0731,160.0000,-160,-0.314159
TEL,70272,18.0975,18.0726,-9.0698,160.0000,-160,-0.314159
TEL,70372,18.0304,18.0699,-9.0726,160.0000,-160,-0.314159
TEL,70472,18.0975,18.0813,-9.0699,160.0000,-160,-0.314159
TEL,70572,18.0975,18.0805,-9.0813,160.0000,-160,-0.314159
TEL,70672,18.0304,18.0764,-9.0805,160.0000,-160,-0.314159
TEL,70772,18.0304,18.0814,-9.0764,160.0000,-160,-0.314159
TEL,70872,14.0870,17.9192,-9.0814,160.0000,-160,-0.314159
TEL,70972,17.0757,17.1615,-8.9192,160.0000,-160,-0.314159
TEL,71072,17.6369,17.3812,-8.1615,160.0000,-160,-0.314159
TEL,71172,18.1652,17.6871,-8.3812,160.0000,-160,-0.314159
TEL,71272,15.5752,16.0713,-8.6871,160.0000,-160,-0.314159
TEL,71372,17.4461,16.9201,-7.0713,160.0000,-160,-0.314159
TEL,71472,17.8974,17.4852,-7.9201,160.0000,-160,-0.314159
TEL,71572,14.4781,16.9215,-8.4852,160.0000,-160,-0.314159
TEL,71672,16.7781,16.7135,-7.9215,160.0000,-160,-0.314159
TEL,71772,17.8974,17.2733,-7.7135,160.0000,-160,-0.314159
TEL,71872,18.0304,17.6112,-8.2733,160.0000,-160,-0.314159
TEL,71972,16.4333,16.1489,-8.6112,160.0000,-160,-0.314159
TEL,72072,17.8316,16.9077,-7.1489,160.0000,-160,-0.314159
TEL,72172,17.9637,17.6210,-7.9077,160.0000,-160,-0.314159
TEL,72272,14.0027,16.7819,-8.6210,160.0000,-160,-0.314159
TEL,72372,17.5093,16.8242,-7.7819,150.6191,-151,-0.296488
TEL,72472,17.9637,17.4538,-7.8242,160.0000,-160,-0.314159
TEL,72572,12.0356,16.2373,-8.4538,160.0000,-160,-0.314159
TEL,72672,16.6617,16.1507,-7.2373,58.7528,-92,-0.180642
TEL,72772,17.8316,17.2962,-7.1507,160.0000,-70,-0.137445
TEL,72872,18.0304,17.6639,-8.2962,160.0000,-151,-0.296488
TEL,72972,15.6779,15.2240,-8.6639,160.0000,-160,-0.314159
TEL,73072,17.3833,16.5619,-6.2240,160.0000,-160,-0.314159
TEL,73172,17.9637,17.5889,-7.5619,160.0000,-160,-0.314159
TEL,73272,12.0356,16.1358,-8.5889,160.0000,-160,-0.314159
TEL,73372,17.0757,16.3000,-7.1358,50.5447,-92,-0.180642
TEL,73472,17.8316,17.2170,-7.3000,160.0000,-61,-0.119773
TEL,73572,14.2584,16.6452,-8.2170,160.0000,-144,-0.282743
TEL,73672,15.9936,15.7605,-7.6452,131.1239,-136,-0.267035
TEL,73772,17.7014,17.1115,-6.7605,160.0000,-159,-0.312196
TEL,73872,17.8974,17.6227,-8.1115,160.0000,-160,-0.314159
TEL,73972,15.1766,15.7488,-8.6227,160.0000,-160,-0.314159
TEL,74072,17.1364,16.5369,-6.7488,160.0000,-160,-0.314159
TEL,74172,17.8316,17.4197,-7.5369,160.0000,-160,-0.314159
TEL,74272,18.4404,17.9041,-8.4197,160.0000,-160,-0.314159
TEL,74372,16.7197,16.2849,-8.9041,160.0000,-160,-0.314159
TEL,74472,17.6369,16.9974,-7.2849,160.0000,-160,-0.314159
TEL,74572,17.9637,17.6358,-7.9974,160.0000,-160,-0.314159
TEL,74672,14.8430,15.6137,-8.6358,160.0000,-160,-0.314159
TEL,74772,17.4461,16.9081,-6.6137,142.4511,-142,-0.278816
TEL,74872,17.8316,17.4066,-7.9081,160.0000,-160,-0.314159
TEL,74972,11.6367,16.1137,-8.4066,160.0000,-160,-0.314159
TEL,75072,16.7781,16.1869,-7.1137,43.1850,-92,-0.180642
TEL,75172,17.8316,17.4267,-7.1869,160.0000,-62,-0.121737
TEL,75272,18.0304,17.7491,-8.4267,160.0000,-144,-0.282743
TEL,75372,16.3771,16.4239,-8.7491,160.0000,-160,-0.314159
TEL,75472,17.5729,16.9075,-7.4239,160.0000,-160,-0.314159
TEL,75572,18.0975,17.6030,-7.9075,160.0000,-160,-0.314159
TEL,75672,14.0027,16.7579,-8.6030,160.0000,-160,-0.314159
TEL,75772,17.4461,16.8903,-7.7579,143.6504,-144,-0.282743
TEL,75872,17.9637,17.3560,-7.8903,160.0000,-160,-0.314159
TEL,75972,12.3934,16.3355,-8.3560,160.0000,-160,-0.314159
TEL,76072,16.6040,15.9649,-7.3355,90.2341,-100,-0.196350
TEL,76172,17.8974,17.2908,-6.9649,160.0000,-127,-0.249364
TEL,76272,17.9637,17.6765,-8.2908,160.0000,-160,-0.314159
TEL,76372,16.4333,16.4473,-8.6765,160.0000,-160,-0.314159
TEL,76472,17.3210,16.9029,-7.4473,160.0000,-160,-0.314159
TEL,76572,18.3018,17.7003,-7.9029,160.0000,-160,-0.314159
TEL,76672,12.9142,16.4469,-8.7003,160.0000,-160,-0.314159
TEL,76772,17.0757,16.4194,-7.4469,75.6902,-95,-0.186532
TEL,76872,17.8974,17.3050,-7.4194,160.0000,-99,-0.194386
TEL,76972,18.1652,17.8759,-8.3050,160.0000,-160,-0.314159
TEL,77072,15.6779,16.3455,-8.8759,160.0000,-160,-0.314159
TEL,77172,17.7014,17.1371,-7.3455,160.0000,-160,-0.314159
TEL,77272,17.9637,17.5536,-8.1371,160.0000,-160,-0.314159
TEL,77372,14.0027,15.1552,-8.5536,160.0000,-160,-0.314159
TEL,77472,16.9555,16.3140,-6.1552,74.7641,-94,-0.184569
TEL,77572,17.8974,17.4760,-7.3140,160.0000,-97,-0.190459
TEL,77672,14.0870,16.5943,-8.4760,160.0000,-160,-0.314159
TEL,77772,17.0154,16.3130,-7.5943,135.1650,-135,-0.265072
TEL,77872,17.9637,17.3160,-7.3130,160.0000,-160,-0.314159
TEL,77972,17.9637,17.7940,-8.3160,160.0000,-160,-0.314159
TEL,78072,18.0975,17.9738,-8.7940,160.0000,-160,-0.314159
TEL,78172,18.4404,18.1044,-8.9738,160.0000,-160,-0.314159
TEL,78272,18.3709,18.1326,-9.1044,160.0000,-160,-0.314159
TEL,78372,18.4404,18.1839,-9.1326,160.0000,-160,-0.314159
TEL,78472,18.0304,18.1651,-9.1839,160.0000,-160,-0.314159
TEL,78572,18.3709,18.1862,-9.1651,160.0000,-160,-0.314159
TEL,78672,18.3018,18.2072,-9.1862,160.0000,-160,-0.314159
TEL,78772,18.0975,18.2076,-9.2072,160.0000,-160,-0.314159
TEL,78872,18.3709,18.2268,-9.2076,160.0000,-160,-0.314159
TEL,78972,18.3709,18.2335,-9.2268,160.0000,-160,-0.314159
TEL,79072,18.3018,18.2482,-9.2335,160.0000,-160,-0.314159
TEL,79172,18.0975,18.2135,-9.2482,160.0000,-160,-0.314159
TEL,79272,18.3018,18.2304,-9.2135,160.0000,-160,-0.314159
TEL,79372,18.0975,18.2306,-9.2304,160.0000,-160,-0.314159
TEL,79472,18.3018,18.2271,-9.2306,160.0000,-160,-0.314159
TEL,79572,18.0304,18.2275,-9.2271,160.0000,-160,-0.314159
TEL,79672,18.0304,18.2197,-9.2275,160.0000,-160,-0.314159
TEL,79772,15.8343,16.5904,-9.2197,160.0000,-160,-0.314159
TEL,79872,17.3833,16.8138,-7.5904,160.0000,-160,-0.314159
TEL,79972,18.1652,17.6264,-7.8138,160.0000,-160,-0.314159
TEL,80072,14.3018,16.8442,-8.6264,160.0000,-160,-0.314159
TEL,80172,17.3833,16.4656,-7.8442,160.0000,-160,-0.314159
TEL,80272,17.6369,17.0808,-7.4656,160.0000,-160,-0.314159
TEL,80372,18.4404,17.7809,-8.0808,160.0000,-160,-0.314159
TEL,80472,15.8343,15.9795,-8.7809,160.0000,-160,-0.314159
TEL,80572,17.8316,17.1005,-6.9795,160.0000,-160,-0.314159
TEL,80672,18.1652,17.6704,-8.1005,160.0000,-160,-0.314159
TEL,80772,13.8370,15.0446,-8.6704,160.0000,-160,-0.314159
TEL,80872,17.2591,16.6536,-6.0446,53.7050,-92,-0.180642
TEL,80972,17.9637,17.6012,-7.6536,160.0000,-63,-0.123700
TEL,81072,18.0975,17.8331,-8.6012,160.0000,-145,-0.284707
TEL,81172,16.5468,16.1524,-8.8331,160.0000,-160,-0.314159
TEL,81272,17.6369,16.9295,-7.1524,160.0000,-160,-0.314159
TEL,81372,18.0304,17.7173,-7.9295,160.0000,-160,-0.314159
TEL,81472,14.8899,15.6666,-8.7173,160.0000,-160,-0.314159
TEL,81572,17.4461,16.7216,-6.6666,141.8236,-142,-0.278816
TEL,81672,17.8974,17.4717,-7.7216,160.0000,-160,-0.314159
TEL,81772,11.9726,16.1636,-8.4717,160.0000,-160,-0.314159
TEL,81872,16.8960,16.3740,-7.1636,39.5045,-92,-0.180642
TEL,81972,17.7663,17.3797,-7.3740,160.0000,-62,-0.121737
TEL,82072,17.9637,17.6948,-8.3797,160.0000,-144,-0.282743
TEL,82172,16.6617,16.4692,-8.6948,160.0000,-160,-0.314159
TEL,82272,17.5093,16.9585,-7.4692,160.0000,-160,-0.314159
TEL,82372,17.9637,17.5523,-7.9585,160.0000,-160,-0.314159
TEL,82472,12.3269,16.3256,-8.5523,160.0000,-160,-0.314159
TEL,82572,17.6369,16.8587,-7.3256,82.6729,-96,-0.188496
TEL,82672,17.8974,17.3423,-7.8587,160.0000,-115,-0.225802
TEL,82772,12.4606,16.3298,-8.3423,160.0000,-160,-0.314159
TEL,82872,16.4333,16.1515,-7.3298,84.9688,-97,-0.190459
TEL,82972,17.7663,17.2691,-7.1515,160.0000,-118,-0.231692
TEL,83072,18.3018,17.8176,-8.2691,160.0000,-160,-0.314159
TEL,83172,14.8899,15.5182,-8.8176,160.0000,-160,-0.314159
TEL,83272,17.3833,16.5949,-6.5182,140.4072,-140,-0.274889
TEL,83372,17.8974,17.6373,-7.5949,160.0000,-160,-0.314159
TEL,83472,13.3225,16.5011,-8.6373,160.0000,-160,-0.314159
TEL,83572,17.1976,16.5554,-7.5011,89.2799,-99,-0.194386
TEL,83672,17.7014,17.1543,-7.5554,160.0000,-126,-0.247400
TEL,83772,18.1652,17.8078,-8.1543,160.0000,-160,-0.314159
TEL,83872,15.6264,15.9249,-8.8078,160.0000,-160,-0.314159
TEL,83972,17.7014,17.0217,-6.9249,160.0000,-160,-0.314159
TEL,84072,17.9637,17.5291,-8.0217,160.0000,-160,-0.314159
TEL,84172,15.4737,15.8049,-8.5291,160.0000,-160,-0.314159
TEL,84272,16.7781,16.3840,-6.8049,160.0000,-160,-0.314159
TEL,84372,17.8316,17.3184,-7.3840,160.0000,-160,-0.314159
TEL,84472,18.1652,17.6905,-8.3184,160.0000,-160,-0.314159
TEL,84572,16.6617,16.1671,-8.6905,160.0000,-160,-0.314159
TEL,84672,17.8974,17.0338,-7.1671,160.0000,-160,-0.314159
TEL,84772,17.9637,17.7135,-8.0338,160.0000,-160,-0.314159
TEL,84872,15.0799,15.7027,-8.7135,160.0000,-160,-0.314159
TEL,84972,17.5729,16.9450,-6.7027,158.4253,-158,-0.310232
TEL,85072,17.8974,17.4622,-7.9450,160.0000,-160,-0.314159
TEL,85172,12.1635,16.3016,-8.4622,160.0000,-160,-0.314159
TEL,85272,17.1976,16.4888,-7.3016,69.7864,-93,-0.182605
TEL,85372,17.8316,17.4315,-7.4888,160.0000,-89,-0.174751
TEL,85472,18.2332,17.7769,-8.4315,160.0000,-159,-0.312196
TEL,85572,16.8960,16.2695,-8.7769,160.0000,-160,-0.314159
TEL,85672,17.4461,16.9476,-7.2696,160.0000,-160,-0.314159
TEL,85772,18.0304,17.6597,-7.9476,160.0000,-160,-0.314159
TEL,85872,11.6665,16.1954,-8.6597,160.0000,-160,-0.314159
TEL,85972,17.5093,16.8686,-7.1954,50.8890,-92,-0.180642
TEL,86072,17.9637,17.4232,-7.8686,160.0000,-62,-0.121737
TEL,86172,12.9503,16.5024,-8.4232,160.0000,-145,-0.284707
TEL,86272,16.4333,16.0568,-7.5024,113.2534,-132,-0.259181
TEL,86372,17.7663,17.2404,-7.0568,160.0000,-134,-0.263108
TEL,86472,18.0304,17.6605,-8.2404,160.0000,-160,-0.314159
TEL,86572,16.0473,15.7830,-8.6605,160.0000,-160,-0.314159
TEL,86672,17.5093,16.7413,-6.7830,160.0000,-160,-0.314159
TEL,86772,17.8974,17.5299,-7.7413,160.0000,-160,-0.314159
TEL,86872,18.0975,17.7907,-8.5299,160.0000,-160,-0.314159
TEL,86972,18.0304,17.9157,-8.7907,160.0000,-160,-0.314159
TEL,87072,18.0304,17.9695,-8.9157,160.0000,-160,-0.314159
TEL,87172,18.0304,18.0056,-8.9695,160.0000,-160,-0.314159
TEL,87272,18.0975,18.0173,-9.0056,160.0000,-160,-0.314159
TEL,87372,18.0975,18.0258,-9.0173,160.0000,-160,-0.314159
TEL,87472,18.0304,18.0265,-9.0258,160.0000,-160,-0.314159
TEL,87572,18.0304,18.0311,-9.0265,160.0000,-160,-0.314159
TEL,87672,18.0304,18.0311,-9.0311,160.0000,-160,-0.314159
TEL,87772,18.0975,18.0471,-9.0311,160.0000,-160,-0.314159
TEL,87872,18.0304,18.0488,-9.0471,160.0000,-160,-0.314159
TEL,87972,18.0304,18.0493,-9.0488,160.0000,-160,-0.314159
TEL,88072,18.0304,18.0477,-9.0493,160.0000,-160,-0.314159
TEL,88172,18.0304,18.0483,-9.0477,160.0000,-160,-0.314159
TEL,88272,18.0975,18.0494,-9.0483,160.0000,-160,-0.314159
TEL,88372,18.0304,18.0520,-9.0494,160.0000,-160,-0.314159
TEL,88472,18.0304,18.0506,-9.0520,160.0000,-160,-0.314159
TEL,88572,11.6367,17.2963,-9.0506,160.0000,-160,-0.314159
TEL,88672,16.8368,16.9296,-8.2963,160.0000,-160,-0.314159
TEL,88772,17.8316,17.3193,-7.9296,160.0000,-160,-0.314159
TEL,88872,18.0304,17.6030,-8.3193,160.0000,-160,-0.314159
TEL,88972,16.0473,15.3193,-8.6030,160.0000,-160,-0.314159
TEL,89072,17.5729,16.9294,-6.3193,160.0000,-160,-0.314159
TEL,89172,17.9637,17.6629,-7.9294,160.0000,-160,-0.314159
TEL,89272,11.9413,14.5734,-8.6629,160.0000,-160,-0.314159
TEL,89372,17.8974,16.8608,-5.5734,-65.3327,-92,-0.180642
TEL,89472,17.8316,17.5502,-7.8608,160.0000,-61,-0.119773
TEL,89572,12.8068,16.4900,-8.5502,160.0000,-144,-0.282743
TEL,89672,16.4899,16.0391,-7.4900,80.1534,-132,-0.259181
TEL,89772,17.8316,17.3946,-7.0391,160.0000,-105,-0.206167
TEL,89872,17.9637,17.6742,-8.3946,160.0000,-160,-0.314159
TEL,89972,15.9401,15.4031,-8.6742,160.0000,-160,-0.314159
TEL,90072,17.4461,16.6842,-6.4031,160.0000,-160,-0.314159
TEL,90172,18.0304,17.6551,-7.6842,160.0000,-160,-0.314159
TEL,90272,14.2584,16.8364,-8.6551,160.0000,-160,-0.314159
TEL,90372,17.1976,16.5601,-7.8364,160.0000,-160,-0.314159
TEL,90472,17.7663,17.1992,-7.5601,160.0000,-160,-0.314159
TEL,90572,13.7150,16.5074,-8.1992,160.0000,-160,-0.314159
TEL,90672,15.9936,15.3477,-7.5074,127.2070,-127,-0.249364
TEL,90772,17.7663,17.1821,-6.3477,160.0000,-160,-0.314159
TEL,90872,17.9637,17.7354,-8.1821,160.0000,-160,-0.314159
TEL,90972,15.4737,15.9982,-8.7354,160.0000,-160,-0.314159
TEL,91072,17.1976,16.6300,-6.9982,160.0000,-160,-0.314159
TEL,91172,18.0975,17.5699,-7.6300,160.0000,-160,-0.314159
TEL,91272,18.2332,17.9364,-8.5699,160.0000,-160,-0.314159
TEL,91372,16.8960,16.4009,-8.9364,160.0000,-160,-0.314159
TEL,91472,17.5729,17.0431,-7.4009,160.0000,-160,-0.314159
TEL,91572,18.0304,17.7275,-8.0431,160.0000,-160,-0.314159
TEL,91672,15.3735,15.8115,-8.7275,160.0000,-160,-0.314159
TEL,91772,17.8316,17.1326,-6.8115,160.0000,-160,-0.314159
TEL,91872,18.1652,17.6513,-8.1326,160.0000,-160,-0.314159
TEL,91972,11.6665,14.1724,-8.6513,160.0000,-160,-0.314159
TEL,92072,17.0757,16.1637,-5.1724,-116.2412,-91,-0.178678
TEL,92172,17.8974,17.6255,-7.1637,160.0000,-63,-0.123700
TEL,92272,18.1652,17.8642,-8.6255,160.0000,-146,-0.286670
TEL,92372,16.6617,16.3940,-8.8642,160.0000,-160,-0.314159
TEL,92472,17.8974,17.1092,-7.3940,160.0000,-160,-0.314159
TEL,92572,18.0975,17.7545,-8.1092,160.0000,-160,-0.314159
TEL,92672,14.3895,15.6765,-8.7545,160.0000,-160,-0.314159
TEL,92772,17.7663,16.9156,-6.6765,105.8709,-108,-0.212057
TEL,92872,17.8316,17.4561,-7.9156,160.0000,-154,-0.302378
TEL,92972,12.3269,14.8628,-8.4561,160.0000,-160,-0.314159
TEL,93072,16.8960,16.2569,-5.8628,-29.1071,-92,-0.180642
TEL,93172,18.0975,17.6119,-7.2569,160.0000,-61,-0.119773
TEL,93272,18.0304,17.1442,-8.6119,160.0000,-144,-0.282743
TEL,93372,16.6040,16.0902,-8.1442,160.0000,-160,-0.314159
TEL,93472,17.5093,16.8154,-7.0902,160.0000,-160,-0.314159
TEL,93572,18.0304,17.6488,-7.8154,160.0000,-160,-0.314159
TEL,93672,13.9194,16.7294,-8.6488,160.0000,-160,-0.314159
TEL,93772,17.4461,16.9927,-7.7294,126.5378,-127,-0.249364
TEL,93872,17.8974,17.4971,-7.9927,160.0000,-160,-0.314159
TEL,93972,12.8424,16.5371,-8.4971,160.0000,-160,-0.314159
TEL,94072,16.7197,16.3312,-7.5371,97.8163,-103,-0.202240
TEL,94172,17.7663,17.1992,-7.3312,160.0000,-142,-0.278816
TEL,94272,18.0975,17.6970,-8.1992,160.0000,-160,-0.314159
TEL,94372,15.9401,16.5159,-8.6970,160.0000,-160,-0.314159
TEL,94472,17.4461,16.9863,-7.5159,160.0000,-160,-0.314159
TEL,94572,17.9637,17.5532,-7.9863,160.0000,-160,-0.314159
TEL,94672,12.7714,16.4451,-8.5532,160.0000,-160,-0.314159
TEL,94772,17.1976,16.5753,-7.4451,101.8191,-106,-0.208131
TEL,94872,17.7663,17.2301,-7.5753,160.0000,-147,-0.288634
TEL,94972,13.5950,16.5326,-8.2301,160.0000,-160,-0.314159
TEL,95072,16.4333,16.0334,-7.5326,114.4925,-114,-0.223838
TEL,95172,17.7663,17.2080,-7.0334,160.0000,-160,-0.314159
TEL,95272,18.0975,17.6722,-8.2080,160.0000,-160,-0.314159
TEL,95372,14.9370,15.6990,-8.6722,160.0000,-160,-0.314159
TEL,95472,17.5093,16.6759,-6.6990,142.6757,-143,-0.280780
TEL,95572,17.9637,17.5612,-7.6759,160.0000,-160,-0.314159
TEL,95672,18.0975,17.8139,-8.5612,160.0000,-160,-0.314159
TEL,95772,18.1652,17.9652,-8.8139,160.0000,-160,-0.314159
TEL,95872,18.1652,18.0279,-8.9652,160.0000,-160,-0.314159
TEL,95972,18.1652,18.0777,-9.0279,160.0000,-160,-0.314159
TEL,96072,18.1652,18.0966,-9.0777,160.0000,-160,-0.314159
TEL,96172,18.3709,18.1151,-9.0966,160.0000,-160,-0.314159
TEL,96272,18.0304,18.1065,-9.1151,160.0000,-160,-0.314159
TEL,96372,18.0304,18.0952,-9.1065,160.0000,-160,-0.314159
TEL,96472,18.0975,18.0911,-9.0952,160.0000,-160,-0.314159
TEL,96572,18.0975,18.0885,-9.0911,160.0000,-160,-0.314159
TEL,96672,18.0975,18.0894,-9.0885,160.0000,-160,-0.314159
TEL,96772,18.0304,18.0812,-9.0894,160.0000,-160,-0.314159
TEL,96872,18.0304,18.0767,-9.0812,160.0000,-160,-0.314159
TEL,96972,18.0975,18.0792,-9.0767,160.0000,-160,-0.314159
TEL,97072,18.0304,18.0883,-9.0792,160.0000,-160,-0.314159
TEL,97172,18.0304,18.0812,-9.0883,160.0000,-160,-0.314159
TEL,97272,18.3709,18.0910,-9.0812,160.0000,-160,-0.314159
TEL,97372,11.6665,17.8071,-9.0910,160.0000,-160,-0.314159
TEL,97472,16.7781,17.3732,-8.8071,160.0000,-160,-0.314159
TEL,97572,17.7014,17.4594,-8.3732,160.0000,-160,-0.314159
TEL,97672,17.8974,17.6002,-8.4594,160.0000,-160,-0.314159
TEL,97772,16.2107,15.8833,-8.6002,160.0000,-160,-0.314159
TEL,97872,17.4461,16.7116,-6.8833,160.0000,-160,-0.314159
TEL,97972,17.9637,17.5303,-7.7116,160.0000,-160,-0.314159
TEL,98072,12.1313,14.6340,-8.5303,160.0000,-160,-0.314159
TEL,98172,17.4461,16.6982,-5.6340,-45.6433,-92,-0.180642
