BALL_BEAM_REF_BOOT
TEL,404,18.3709,18.1686,-6.1686,265.4341,0,0.000000
TEL,504,18.3709,18.2538,-6.2538,115.0726,-72,-0.141372
TEL,604,18.3709,18.2922,-6.2922,114.7825,-115,-0.225802
TEL,704,18.4404,18.3459,-6.3459,116.3214,-115,-0.225802
TEL,804,18.5104,18.3743,-6.3743,116.3877,-116,-0.227765
TEL,904,18.0304,18.1391,-6.1391,105.7515,-116,-0.227765
TEL,1004,18.3709,18.1909,-6.1909,114.0450,-106,-0.208131
TEL,1104,15.7818,16.5082,-4.5082,40.5299,-114,-0.223838
TEL,1204,17.8316,17.1811,-5.1811,40.5299,-51,-0.100138
TEL,1304,18.3018,17.9622,-5.9622,111.6841,-79,-0.155116
TEL,1404,13.5161,16.8829,-4.8829,128.6300,-129,-0.253291
TEL,1504,18.0304,17.3934,-5.3934,9.3630,-58,-0.113883
TEL,1604,18.3018,17.9862,-5.9862,142.9673,-32,-0.062832
TEL,1704,15.3238,16.3245,-4.3245,129.3224,-116,-0.227765
TEL,1804,17.6369,17.0585,-5.0585,36.0393,-98,-0.192423
TEL,1904,18.3018,17.8941,-5.8941,128.1894,-74,-0.145299
TEL,2004,14.3455,17.0398,-5.0398,120.2359,-120,-0.235619
TEL,2104,17.8316,17.1523,-5.1523,21.8413,-50,-0.098175
TEL,2204,18.3018,17.8677,-5.8677,127.7985,-37,-0.072649
TEL,2304,17.3833,17.9536,-5.9536,133.1502,-121,-0.237583
TEL,2404,17.5729,17.6144,-5.6144,108.8750,-110,-0.215984
TEL,2504,18.2332,17.8777,-5.8777,99.6536,-100,-0.196350
TEL,2604,18.5809,18.0993,-6.0993,113.9917,-114,-0.223838
TEL,2704,17.5729,17.3750,-5.3750,93.9236,-94,-0.184569
TEL,2804,18.2332,17.7065,-5.7065,97.3313,-97,-0.190459
TEL,2904,14.3018,17.1042,-5.1042,121.7044,-122,-0.239546
TEL,3004,17.1364,16.9249,-4.9249,77.3702,-77,-0.151189
TEL,3104,18.2332,17.7321,-5.7321,100.1320,-100,-0.196350
TEL,3204,18.4404,18.0697,-6.0697,121.3522,-121,-0.237583
TEL,3304,17.3210,16.8769,-4.8769,74.6951,-75,-0.147262
TEL,3404,18.1652,17.5497,-5.5497,90.7233,-91,-0.178678
TEL,3504,14.8899,17.0914,-5.0914,132.6729,-133,-0.261145
TEL,3604,16.8960,16.6022,-4.6022,79.1822,-80,-0.157080
TEL,3704,18.1652,17.6566,-5.6566,93.8299,-94,-0.184569
TEL,3804,18.3709,18.0022,-6.0022,123.4485,-123,-0.241510
TEL,3904,16.9555,16.8411,-4.8411,83.7269,-84,-0.164934
TEL,4004,18.0304,17.3793,-5.3793,86.5250,-87,-0.170824
TEL,4104,18.5809,18.0826,-6.0826,128.3242,-128,-0.251327
TEL,4204,16.4333,16.5732,-4.5732,126.3717,-126,-0.247400
TEL,4304,18.1652,17.5421,-5.5421,65.4454,-69,-0.135481
TEL,4404,18.3709,17.9923,-5.9923,122.1473,-112,-0.219911
TEL,4504,16.9555,16.1350,-4.1350,69.2249,-89,-0.174751
TEL,4604,17.9637,17.4827,-5.4827,67.7444,-68,-0.133518
TEL,4704,18.4404,18.0503,-6.0503,145.6775,-133,-0.261145
TEL,4804,16.3771,16.5989,-4.5989,126.6253,-127,-0.249364
TEL,4904,18.0975,17.5957,-5.5957,66.1757,-71,-0.139408
TEL,5004,18.3018,17.9757,-5.9757,125.9637,-111,-0.217948
TEL,5104,16.7197,16.2141,-4.2141,84.1697,-98,-0.192423
TEL,5204,17.8974,17.3679,-5.3679,63.1659,-63,-0.123700
TEL,5304,14.2584,16.6572,-4.6572,136.9210,-127,-0.249364
TEL,5404,15.4235,15.7718,-3.7718,72.1029,-100,-0.196350
TEL,5504,18.0975,17.3704,-5.3704,79.1188,-79,-0.155116
TEL,5604,18.3018,17.8995,-5.8995,130.3852,-128,-0.251327
TEL,5704,16.3771,15.9403,-3.9403,83.2612,-84,-0.164934
TEL,5804,17.8974,17.1061,-5.1061,56.5559,-57,-0.111919
TEL,5904,18.3018,17.9876,-5.9876,147.6259,-126,-0.247400
TEL,6004,13.3993,16.8370,-4.8370,128.4683,-131,-0.257218
TEL,6104,17.8974,17.5068,-5.5068,81.3664,-81,-0.159043
TEL,6204,18.3018,17.8852,-5.8852,117.0717,-117,-0.229729
TEL,6304,16.0473,17.6518,-5.6518,131.2991,-131,-0.257218
TEL,6404,17.7663,17.5771,-5.5771,101.8179,-102,-0.200277
TEL,6504,18.3018,17.9134,-5.9134,113.1940,-113,-0.221875
TEL,6604,13.9194,17.1451,-5.1451,122.0317,-122,-0.239546
TEL,6704,18.1652,17.6070,-5.6070,71.5340,-73,-0.143335
TEL,6804,18.3018,17.9311,-5.9311,129.7749,-125,-0.245437
TEL,6904,13.5950,16.3762,-4.3762,133.0041,-133,-0.261145
TEL,7004,17.4461,16.8998,-4.8998,46.0866,-66,-0.129591
TEL,7104,18.5809,17.9167,-5.9167,128.0228,-69,-0.135481
TEL,7204,14.5678,17.0422,-5.0422,133.6177,-133,-0.261145
TEL,7304,17.8316,17.1816,-5.1816,52.2201,-72,-0.141372
TEL,7404,18.2332,17.7710,-5.7710,124.1559,-74,-0.145299
TEL,7504,18.4404,18.1805,-6.1805,137.4022,-137,-0.268999
TEL,7604,18.4404,18.2703,-6.2703,128.8276,-129,-0.253291
TEL,7704,18.2332,18.3017,-6.3018,127.7204,-128,-0.251327
TEL,7804,18.3709,18.3268,-6.3268,125.7443,-126,-0.247400
TEL,7904,17.9637,18.3000,-6.3000,126.9098,-127,-0.249364
TEL,8004,18.4404,18.3337,-6.3337,124.9791,-125,-0.245437
TEL,8104,18.3709,18.3487,-6.3487,127.8601,-128,-0.251327
TEL,8204,18.3709,18.3572,-6.3572,127.1454,-127,-0.249364
TEL,8304,18.4404,18.3782,-6.3782,127.8463,-128,-0.251327
TEL,8404,18.4404,18.3862,-6.3862,128.3193,-128,-0.251327
TEL,8504,18.4404,18.3955,-6.3955,128.4373,-128,-0.251327
TEL,8604,18.4404,18.4043,-6.4043,128.8959,-129,-0.253291
TEL,8704,18.4404,18.4063,-6.4063,129.1294,-129,-0.253291
TEL,8804,18.4404,18.4129,-6.4129,129.3139,-129,-0.253291
TEL,8904,18.5104,18.4197,-6.4197,129.7502,-130,-0.255254
TEL,9004,18.4404,18.4215,-6.4215,129.9801,-130,-0.255254
TEL,9104,18.4404,18.4264,-6.4264,130.1471,-130,-0.255254
TEL,9204,18.0975,18.3854,-6.3854,130.4548,-130,-0.255254
TEL,9304,18.4404,18.3733,-6.3733,128.2641,-128,-0.251327
TEL,9404,16.0473,17.8241,-5.8241,129.7742,-130,-0.255254
TEL,9504,18.0975,17.7952,-5.7952,102.5500,-103,-0.202240
TEL,9604,18.3018,17.9484,-5.9484,121.1951,-121,-0.237583
TEL,9704,16.3213,16.8997,-4.8997,130.7565,-131,-0.257218
TEL,9804,18.0975,17.3606,-5.3606,75.2275,-77,-0.151189
TEL,9904,18.4404,17.9976,-5.9976,135.6430,-125,-0.245437
TEL,10004,15.5243,16.3855,-4.3855,133.1427,-133,-0.261145
TEL,10104,18.1652,17.4066,-5.4066,63.2030,-72,-0.141372
TEL,10204,18.5809,18.0003,-6.0003,134.3721,-102,-0.200277
TEL,10304,15.5243,15.5604,-3.5604,89.8845,-122,-0.239546
TEL,10404,17.8316,16.7984,-4.7984,48.4933,-51,-0.100138
TEL,10504,18.3018,17.9961,-5.9961,159.9672,-105,-0.206167
TEL,10604,13.2844,15.1006,-3.1006,139.8171,-140,-0.274889
TEL,10704,18.0304,17.3972,-5.3972,35.9473,-72,-0.141372
TEL,10804,18.3709,17.9741,-5.9741,151.2180,-45,-0.088357
TEL,10904,15.7297,16.4839,-4.4839,148.0679,-130,-0.255254
TEL,11004,17.7014,17.0202,-5.0202,55.9877,-123,-0.241510
TEL,11104,18.3018,17.9186,-5.9186,138.4037,-104,-0.204204
TEL,11204,13.3993,16.7649,-4.7649,137.0862,-137,-0.268999
TEL,11304,18.0304,17.3103,-5.3103,66.7915,-76,-0.149226
TEL,11404,18.2332,17.8206,-5.8206,132.1885,-106,-0.208131
TEL,11504,13.2465,16.8445,-4.8445,142.2366,-142,-0.278816
TEL,11604,17.5093,17.0284,-5.0284,77.6611,-84,-0.164934
TEL,11704,18.3709,17.8444,-5.8444,127.3327,-116,-0.227765
TEL,11804,14.0870,16.9244,-4.9244,136.6025,-137,-0.268999
TEL,11904,17.8316,17.1762,-5.1762,60.5804,-75,-0.147262
TEL,12004,18.3018,17.7927,-5.7927,132.6135,-92,-0.180642
TEL,12104,14.1722,17.0823,-5.0823,150.1456,-150,-0.294524
TEL,12204,17.1976,16.9286,-4.9286,86.7415,-94,-0.184569
TEL,12304,18.3018,17.7988,-5.7988,116.7593,-116,-0.227765
TEL,12404,18.7235,18.1888,-6.1888,138.8374,-139,-0.272926
TEL,12504,17.7014,17.3453,-5.3453,107.6940,-108,-0.212057
TEL,12604,18.2332,17.7338,-5.7338,114.7108,-115,-0.225802
TEL,12704,14.0448,17.0443,-5.0443,140.8650,-141,-0.276853
TEL,12804,17.1976,16.8333,-4.8333,89.6019,-92,-0.180642
TEL,12904,18.3018,17.7394,-5.7394,115.9436,-116,-0.227765
TEL,13004,18.5809,18.1100,-6.1100,138.8570,-139,-0.272926
TEL,13104,17.3833,16.8963,-4.8963,82.0147,-86,-0.168861
TEL,13204,18.1652,17.5557,-5.5557,112.6996,-113,-0.221875
TEL,13304,18.5809,18.0794,-6.0794,147.3269,-147,-0.288634
TEL,13404,17.0757,17.3292,-5.3292,138.4001,-138,-0.270962
TEL,13504,18.2332,17.7606,-5.7606,102.7791,-103,-0.202240
TEL,13604,18.0975,17.9604,-5.9604,133.9290,-134,-0.263108
TEL,13704,17.2591,17.3186,-5.3186,98.3168,-98,-0.192423
TEL,13804,18.2332,17.6423,-5.6423,122.6542,-123,-0.241510
TEL,13904,18.6520,18.1058,-6.1058,139.1216,-139,-0.272926
TEL,14004,16.7781,16.9183,-4.9183,139.7547,-140,-0.274889
TEL,14104,18.1652,17.6041,-5.6041,90.7618,-93,-0.182605
TEL,14204,13.2844,16.5356,-4.5356,135.3754,-134,-0.263108
TEL,14304,16.8960,16.2174,-4.2174,54.0854,-74,-0.145299
TEL,14404,18.0304,17.1611,-5.1611,104.7781,-76,-0.149226
TEL,14504,18.3709,18.0257,-6.0257,158.0388,-154,-0.302378
TEL,14604,16.8368,16.8760,-4.8760,142.7705,-143,-0.280780
TEL,14704,18.1652,17.5406,-5.5406,90.4660,-93,-0.182605
TEL,14804,18.3018,17.9194,-5.9194,135.4234,-133,-0.261145
TEL,14904,17.0154,16.1820,-4.1820,85.9902,-91,-0.178678
TEL,15004,18.0975,17.4571,-5.4571,87.1030,-87,-0.170824
TEL,15104,18.4404,18.1159,-6.1159,165.9890,-151,-0.296488
TEL,15204,15.5752,16.5488,-4.5488,144.0253,-146,-0.286670
TEL,15304,18.0304,17.4719,-5.4719,79.2725,-88,-0.172788
TEL,15404,18.3018,17.9067,-5.9067,139.1377,-114,-0.223838
TEL,15504,15.8343,16.9856,-4.9856,149.4811,-149,-0.292561
TEL,15604,18.4404,17.9322,-5.9322,87.3037,-92,-0.180642
TEL,15704,18.4404,18.2650,-6.2650,162.5245,-132,-0.259181
TEL,15804,18.3709,18.3184,-6.3184,142.3681,-150,-0.294524
TEL,15904,18.5104,18.3670,-6.3670,140.9616,-141,-0.276853
TEL,16004,18.3709,18.3679,-6.3679,141.2924,-141,-0.276853
TEL,16104,18.5104,18.3805,-6.3805,140.5467,-141,-0.276853
TEL,16204,18.4404,18.3844,-6.3844,141.2403,-141,-0.276853
TEL,16304,18.4404,18.4002,-6.4002,141.6917,-142,-0.278816
TEL,16404,18.3709,18.4051,-6.4051,141.8285,-142,-0.278816
TEL,16504,18.4404,18.4191,-6.4191,142.3547,-142,-0.278816
TEL,16604,18.5104,18.4216,-6.4216,142.5809,-143,-0.280780
TEL,16704,18.4404,18.4210,-6.4210,142.5724,-143,-0.280780
TEL,16804,18.5104,18.4262,-6.4262,142.8686,-143,-0.280780
TEL,16904,18.4404,18.4220,-6.4220,143.1156,-143,-0.280780
TEL,17004,18.4404,18.4265,-6.4265,143.1771,-143,-0.280780
TEL,17104,18.3709,18.4254,-6.4254,143.6285,-144,-0.282743
TEL,17204,18.3709,18.4239,-6.4239,143.6208,-144,-0.282743
TEL,17304,14.2152,18.2742,-6.2742,143.9307,-144,-0.282743
TEL,17404,17.3833,18.0041,-6.0042,137.5010,-138,-0.270962
TEL,17504,18.2332,18.0352,-6.0352,129.0957,-129,-0.253291
TEL,17604,18.5809,18.1486,-6.1486,138.6168,-139,-0.272926
TEL,17704,17.7014,17.6202,-5.6202,127.3020,-127,-0.249364
TEL,17804,18.1652,17.8011,-5.8011,125.8395,-126,-0.247400
TEL,17904,14.0027,17.1964,-5.1964,142.5312,-143,-0.280780
TEL,18004,17.1364,16.9244,-4.9244,105.3289,-105,-0.206167
TEL,18104,18.2332,17.7555,-5.7555,123.0807,-123,-0.241510
TEL,18204,18.5809,18.1406,-6.1406,147.3468,-147,-0.288634
TEL,18304,17.4461,17.0209,-5.0209,98.8577,-100,-0.196350
TEL,18404,18.1652,17.5914,-5.5914,122.2048,-122,-0.239546
TEL,18504,14.3455,16.9827,-4.9827,154.6748,-155,-0.304342
TEL,18604,16.9555,16.6319,-4.6319,99.2956,-102,-0.200277
TEL,18704,18.1652,17.6453,-5.6453,120.2275,-120,-0.235619
TEL,18804,18.4404,18.0555,-6.0555,148.8659,-149,-0.292561
TEL,18904,17.4461,16.8927,-4.8927,94.3403,-97,-0.190459
TEL,19004,18.0975,17.5114,-5.5114,122.3935,-122,-0.239546
TEL,19104,18.6520,18.1581,-6.1581,156.9093,-157,-0.308269
TEL,19204,16.8368,17.1702,-5.1702,151.9104,-152,-0.298451
TEL,19304,18.2332,17.7021,-5.7021,104.7885,-106,-0.208131
TEL,19404,15.0799,17.1301,-5.1301,144.7445,-145,-0.284707
TEL,19504,17.3833,16.3701,-4.3701,59.7820,-80,-0.157080
TEL,19604,18.0975,17.4440,-5.4440,120.6797,-82,-0.161007
TEL,19704,18.4404,18.1150,-6.1150,171.3984,-164,-0.322013
TEL,19804,16.7197,16.8762,-4.8762,150.7111,-151,-0.296488
TEL,19904,18.1652,17.5640,-5.5640,95.7688,-99,-0.194386
TEL,20004,18.3709,17.9395,-5.9395,146.1402,-142,-0.278816
TEL,20104,17.0757,16.7891,-4.7891,111.7278,-113,-0.221875
TEL,20204,18.0304,17.3727,-5.3727,112.0314,-112,-0.219911
TEL,20304,18.4404,18.0121,-6.0121,155.2679,-154,-0.302378
TEL,20404,16.3771,16.6046,-4.6046,151.0984,-151,-0.296488
TEL,20504,18.0975,17.5058,-5.5058,91.2757,-95,-0.186532
TEL,20604,18.2332,17.9128,-5.9128,149.2602,-136,-0.267035
TEL,20704,15.1281,15.0532,-3.0532,98.0061,-121,-0.237583
TEL,20804,12.3934,13.7169,-1.7169,47.6516,-50,-0.098175
TEL,20904,9.4525,10.4454,1.5546,-15.2998,7,0.013744
TEL,21004,7.2757,10.4454,1.5546,-48.9246,36,0.070686
TEL,21104,7.5731,10.4454,1.5546,-48.9246,20,0.039270
TEL,21204,7.6407,10.4454,1.5546,-48.9246,20,0.039270
TEL,21304,7.2139,10.4454,1.5546,-48.9246,20,0.039270
TEL,21404,7.9229,10.4454,1.5546,-48.9246,20,0.039270
TEL,21504,8.6510,10.4454,1.5546,-48.9246,20,0.039270
TEL,21604,7.9083,10.4454,0.0000,0.0000,0,0.000000
TEL,21704,10.1438,10.0615,1.9385,155.1251,-32,-0.062832
TEL,21804,11.2060,10.5289,1.4711,-45.2646,-103,-0.202240
TEL,21904,9.8302,10.6597,1.3403,-26.2256,-47,-0.092284
TEL,22004,12.8782,11.8333,0.1667,-24.6314,24,0.047124
TEL,22104,15.0320,14.0821,-2.0821,55.4117,-6,-0.011781
TEL,22204,16.5468,15.5923,-3.5923,68.1385,-68,-0.133518
TEL,22304,17.1364,16.0985,-4.0985,56.1841,-56,-0.109956
TEL,22404,18.3018,17.5755,-5.5755,108.1243,-87,-0.170824
TEL,22504,14.5678,16.9760,-4.9760,118.4870,-118,-0.231692
TEL,22604,17.3833,16.8728,-4.8728,22.4834,-86,-0.168861
TEL,22704,18.3709,17.8514,-5.8514,107.6828,-23,-0.045160
TEL,22804,18.5809,18.1631,-6.1631,99.2572,-88,-0.172788
TEL,22904,17.7014,17.1235,-5.1235,37.7396,-67,-0.131554
TEL,23004,18.2332,17.6959,-5.6959,94.5618,-53,-0.104065
TEL,23104,14.3455,17.0552,-5.0552,105.5853,-108,-0.212057
TEL,23204,17.1364,16.6861,-4.6861,16.3874,-74,-0.145299
TEL,23304,18.2332,17.7374,-5.7374,108.5268,-18,-0.035343
TEL,23404,18.3018,18.0351,-6.0351,99.8503,-88,-0.172788
TEL,23504,17.5729,17.4046,-5.4046,48.7014,-70,-0.137445
TEL,23604,18.1652,17.7168,-5.7168,95.9559,-75,-0.147262
TEL,23704,18.6520,18.1230,-6.1230,99.9547,-100,-0.196350
TEL,23804,16.9555,16.9541,-4.9541,46.3785,-68,-0.133518
TEL,23904,18.4404,17.8838,-5.8838,99.7822,-66,-0.129591
TEL,24004,18.5104,18.1934,-6.1934,103.4329,-103,-0.202240
TEL,24104,18.5104,18.3418,-6.3418,100.5456,-101,-0.198313
TEL,24204,18.0304,18.2640,-6.2640,98.0688,-98,-0.192423
TEL,24304,17.1364,17.8951,-5.8951,86.5192,-87,-0.170824
TEL,24404,15.4737,17.0149,-5.0149,71.9635,-72,-0.141372
TEL,24504,13.0969,14.2193,-2.2193,-16.5977,-41,-0.080503
TEL,24604,12.0040,12.6748,-0.6748,-40.8987,36,0.070686
TEL,24704,10.9349,11.4717,0.5283,-58.1459,58,0.113883
TEL,24804,9.9624,10.7282,1.2718,-48.6737,49,0.096211
TEL,24904,9.2347,9.8049,2.1951,-76.9221,74,0.145299
TEL,25004,8.8797,9.5503,2.4497,-73.9298,74,0.145299
TEL,25104,8.5659,9.5503,2.4497,-73.9298,74,0.145299
TEL,25204,8.5659,9.5503,2.4497,-73.9298,74,0.145299
TEL,25304,8.7552,9.5503,2.4497,-73.9298,74,0.145299
TEL,25404,9.0446,9.3942,2.6058,-67.3623,67,0.131554
TEL,25504,9.7439,9.4831,2.5169,-62.6289,63,0.123700
TEL,25604,8.5491,9.5802,2.4198,-62.6289,63,0.123700
TEL,25704,9.8520,9.5940,2.4060,-58.8741,59,0.115846
TEL,25804,10.0978,9.7383,2.2617,-58.1520,58,0.113883
TEL,25904,8.4003,9.8006,2.1994,-53.9514,54,0.106029
TEL,26004,9.8520,9.7782,2.2218,-56.4594,56,0.109956
TEL,26104,10.0523,9.8485,2.1515,-55.9737,56,0.109956
TEL,26204,10.0750,9.8411,2.1589,-54.4100,54,0.106029
TEL,26304,9.8739,9.8125,2.1875,-57.7556,58,0.113883
TEL,26404,10.0978,9.8609,2.1391,-55.5017,56,0.109956
TEL,26504,8.5659,9.9227,2.0773,-52.3607,52,0.102102
TEL,26604,9.6170,9.8029,2.1971,-58.5820,59,0.115846
TEL,26704,10.0071,9.8554,2.1446,-57.3729,57,0.111919
TEL,26804,10.0750,9.8991,2.1009,-53.9353,54,0.106029
TEL,26904,9.5754,9.7765,2.2235,-58.7219,59,0.115846
TEL,27004,9.8739,9.7864,2.2136,-58.4220,58,0.113883
TEL,27104,9.8959,9.7668,2.2332,-56.4801,56,0.109956
TEL,27204,9.2154,9.7061,2.2939,-61.4129,61,0.119773
TEL,27304,9.7439,9.6823,2.3177,-60.4046,60,0.117810
TEL,27404,8.7376,9.6864,2.3136,-59.1934,59,0.115846
TEL,27504,8.8797,9.6780,2.3220,-59.1934,59,0.115846
TEL,27604,9.3326,9.6030,2.3970,-61.8415,62,0.121737
TEL,27704,8.8617,9.5059,2.4941,-63.6092,64,0.125664
TEL,27804,7.7935,9.5059,2.4941,-63.6092,64,0.125664
TEL,27904,8.5323,9.5059,2.4941,-63.6092,64,0.125664
TEL,28004,8.8617,9.5059,2.4941,-63.6092,64,0.125664
TEL,28104,8.3358,9.4520,2.5480,-66.6946,67,0.131554
TEL,28204,9.3722,9.4417,2.5583,-64.4437,64,0.125664
TEL,28304,10.1438,9.5976,2.4024,-60.9109,61,0.119773
TEL,28404,8.9706,9.7318,2.2682,-60.9109,61,0.119773
TEL,28504,12.0992,10.6003,1.3997,-49.0057,49,0.096211
TEL,28604,13.0969,11.9813,0.0187,-24.5879,25,0.049087
TEL,28704,12.5626,12.3706,-0.3706,48.8217,-39,-0.076576
TEL,28804,15.2745,13.8408,-1.8408,-21.0235,-13,-0.025525
TEL,28904,17.7014,16.8681,-4.8681,98.8086,10,0.019635
TEL,29004,13.9610,15.9288,-3.9288,117.8652,-79,-0.155116
TEL,29104,18.0304,17.5765,-5.5765,80.0729,-106,-0.208131
TEL,29204,18.5104,18.0663,-6.0663,94.3453,-94,-0.184569
TEL,29304,13.8370,17.1911,-5.1911,110.5869,-111,-0.217948
TEL,29404,17.5729,17.2195,-5.2195,50.2815,-54,-0.106029
TEL,29504,18.6520,18.0739,-6.0739,89.1179,-88,-0.172788
TEL,29604,15.1766,17.3743,-5.3743,106.8581,-107,-0.210094
TEL,29704,17.8974,17.4264,-5.4264,-8.6059,-37,-0.072649
TEL,29804,18.5809,18.1367,-6.1367,123.4471,-11,-0.021598
TEL,29904,13.8781,15.7483,-3.7483,111.6364,-95,-0.186532
TEL,30004,18.4404,17.1738,-5.1738,-8.7106,-87,-0.170824
TEL,30104,18.5104,18.1803,-6.1803,137.5918,-72,-0.141372
TEL,30204,18.7235,18.4367,-6.4367,105.6930,-106,-0.208131
TEL,30304,17.8974,17.4717,-5.4717,60.1372,-60,-0.117810
TEL,30404,18.5104,17.9586,-5.9586,85.4301,-85,-0.166897
TEL,30504,15.5752,17.5749,-5.5749,110.8149,-111,-0.217948
TEL,30604,17.3833,17.1217,-5.1217,71.2570,-71,-0.139408
TEL,30704,18.5104,17.9325,-5.9325,77.6581,-78,-0.153153
TEL,30804,18.7235,18.3031,-6.3031,104.9407,-105,-0.206167
TEL,30904,17.8316,17.2840,-5.2840,55.8845,-57,-0.111919
TEL,31004,18.4404,17.8664,-5.8664,85.0246,-85,-0.166897
TEL,31104,18.7955,18.3937,-6.3937,114.2897,-114,-0.223838
TEL,31204,16.8368,17.0004,-5.0004,108.7784,-109,-0.214021
TEL,31304,18.5104,17.9518,-5.9518,55.4802,-57,-0.111919
TEL,31404,18.7235,18.3440,-6.3440,108.3871,-101,-0.198313
TEL,31504,17.3833,17.1008,-5.1008,75.6662,-78,-0.153153
TEL,31604,18.4404,17.8030,-5.8030,66.9978,-67,-0.131554
TEL,31704,19.0147,18.4412,-6.4412,118.7548,-118,-0.231692
TEL,31804,17.0154,17.0193,-5.0193,112.5215,-113,-0.221875
TEL,31904,18.3709,17.7918,-5.7918,51.3660,-55,-0.107992
TEL,32004,18.7235,18.2210,-6.2210,104.8318,-94,-0.184569
TEL,32104,17.0154,16.4916,-4.4916,78.6675,-81,-0.159043
TEL,32204,18.7235,17.8164,-5.8164,42.9851,-43,-0.084430
TEL,32304,18.7235,18.5159,-6.5159,142.4442,-111,-0.217948
TEL,32404,18.7235,18.6080,-6.6080,112.4145,-129,-0.253291
TEL,32504,18.7955,18.6589,-6.6589,110.0774,-110,-0.215984
TEL,32604,18.7955,18.6748,-6.6748,108.5889,-109,-0.214021
TEL,32704,18.7235,18.6890,-6.6890,108.6658,-109,-0.214021
TEL,32804,18.2332,18.6465,-6.6465,109.2570,-109,-0.214021
TEL,32904,7.3766,17.9423,-5.9423,76.9088,-79,-0.155116
TEL,33004,7.3385,17.9423,-5.9423,76.9088,-91,-0.178678
TEL,33104,13.3608,16.5253,-4.5253,34.7773,-86,-0.168861
TEL,33204,18.7955,17.4918,-5.4918,111.9289,-36,-0.070686
TEL,33304,18.7235,18.4594,-6.4594,129.5666,-106,-0.208131
TEL,33404,18.7955,18.6216,-6.6216,112.5524,-125,-0.245437
TEL,33504,18.7235,18.6816,-6.6816,111.2751,-111,-0.217948
TEL,33604,18.7955,18.7019,-6.7019,110.8481,-111,-0.217948
TEL,33704,18.7955,18.7154,-6.7154,111.1240,-111,-0.217948
TEL,33804,18.7235,18.7168,-6.7168,111.0476,-111,-0.217948
TEL,33904,18.0304,18.6808,-6.6808,111.9606,-112,-0.219911
TEL,34004,17.8316,18.4440,-6.4440,99.2469,-107,-0.210094
TEL,34104,18.5809,18.4774,-6.4774,108.1297,-103,-0.202240
TEL,34204,14.0870,17.9744,-5.9744,85.8440,-103,-0.202240
TEL,34304,18.6520,17.8336,-5.8336,80.3771,-82,-0.161007
TEL,34404,18.5104,18.1255,-6.1255,115.8547,-84,-0.164934
TEL,34504,13.7150,17.2837,-5.2837,65.4508,-112,-0.219911
TEL,34604,17.8316,17.6537,-5.6537,102.5756,-68,-0.133518
TEL,34704,18.5809,18.1019,-6.1019,112.7806,-107,-0.210094
TEL,34804,14.4781,17.3326,-5.3326,68.6546,-109,-0.214021
TEL,34904,17.8974,17.5637,-5.5637,97.9945,-73,-0.143335
TEL,35004,18.0975,17.8944,-5.8944,106.6113,-102,-0.200277
TEL,35104,14.5228,17.2903,-5.2903,72.5251,-103,-0.202240
TEL,35204,17.4461,17.5111,-5.5111,97.2891,-77,-0.151189
TEL,35304,18.5104,18.0117,-6.0117,113.4776,-101,-0.198313
TEL,35404,18.8680,18.3364,-6.3364,115.1099,-115,-0.225802
TEL,35504,17.8316,17.3958,-5.3958,66.7111,-111,-0.217948
TEL,35604,18.5104,17.9125,-5.9125,112.6212,-70,-0.137445
TEL,35704,14.2152,17.1932,-5.1932,68.9313,-110,-0.215984
TEL,35804,17.5093,17.0803,-5.0803,82.2100,-73,-0.143335
TEL,35904,18.5104,17.9411,-5.9411,122.2227,-86,-0.168861
TEL,36004,18.7955,17.7534,-5.7534,92.8073,-118,-0.231692
TEL,36104,17.7014,17.1877,-5.1877,73.3300,-89,-0.174751
TEL,36204,18.4404,17.9854,-5.9854,121.9515,-77,-0.151189
TEL,36304,14.7965,17.3570,-5.3570,75.1495,-118,-0.231692
TEL,36404,17.3210,17.0085,-5.0085,76.0233,-76,-0.149226
TEL,36504,18.4404,17.9117,-5.9117,123.7539,-80,-0.157080
TEL,36604,18.6520,18.3548,-6.3548,120.4152,-121,-0.237583
TEL,36704,17.7014,17.1608,-5.1608,58.1503,-116,-0.227765
TEL,36804,18.3018,17.7710,-5.7710,114.4138,-59,-0.115846
TEL,36904,13.8781,16.9511,-4.9511,64.0503,-110,-0.215984
TEL,37004,17.1976,16.7291,-4.7291,75.1452,-73,-0.143335
TEL,37104,18.5104,17.8788,-5.8788,130.3053,-79,-0.155116
TEL,37204,18.6520,18.3125,-6.3125,120.4060,-128,-0.251327
TEL,37304,17.4461,17.3564,-5.3564,68.6077,-116,-0.227765
TEL,37404,18.3709,17.8122,-5.8122,112.2864,-72,-0.141372
TEL,37504,18.8680,18.3675,-6.3675,124.9595,-115,-0.225802
TEL,37604,16.6040,16.8448,-4.8448,45.7462,-121,-0.237583
TEL,37704,18.4404,17.9569,-5.9569,131.8112,-52,-0.102102
TEL,37804,18.8680,18.4040,-6.4040,123.4291,-92,-0.180642
TEL,37904,16.4333,16.2533,-4.2533,19.8975,-119,-0.233656
TEL,38004,16.7781,16.4843,-4.4843,83.7336,-39,-0.076576
TEL,38104,16.7781,16.6245,-4.6245,84.1263,-43,-0.084430
TEL,38204,14.9370,15.5455,-3.5455,34.3287,-80,-0.157080
TEL,38304,16.3213,15.8899,-3.8899,76.2301,-37,-0.072649
TEL,38404,16.7781,16.2174,-4.2174,81.8302,-80,-0.157080
TEL,38504,15.4235,15.1985,-3.1985,29.9256,-78,-0.153153
TEL,38604,17.0154,16.2110,-4.2110,99.0619,-32,-0.062832
TEL,38704,17.7663,17.1678,-5.1678,115.0451,-98,-0.192423
TEL,38804,15.3238,15.7925,-3.7925,32.1050,-111,-0.217948
TEL,38904,18.2332,17.5345,-5.5345,141.5563,-39,-0.076576
TEL,39004,18.3018,18.0097,-6.0097,118.6209,-75,-0.147262
TEL,39104,16.3771,16.5914,-4.5914,45.8929,-115,-0.225802
TEL,39204,17.8316,17.4231,-5.4231,117.2736,-50,-0.098175
TEL,39304,18.4404,18.0610,-6.0610,124.0936,-97,-0.190459
TEL,39404,15.4235,16.4331,-4.4331,38.2793,-120,-0.235619
TEL,39504,18.0975,17.5941,-5.5941,129.0682,-47,-0.092284
TEL,39604,17.0757,17.3407,-5.3407,89.3070,-75,-0.147262
TEL,39704,14.0448,15.0582,-3.0582,-2.4139,-85,-0.166897
TEL,39804,14.6585,14.9028,-2.9028,48.0528,-9,-0.017671
TEL,39904,14.1295,14.6023,-2.6023,39.0980,-31,-0.060868
TEL,40004,12.4269,13.4524,-1.4524,-2.7948,-35,-0.068722
TEL,40104,12.8068,12.9253,-0.9253,3.3163,-1,-0.001963
TEL,40204,12.7011,12.8486,-0.8486,13.2201,-7,-0.013744
TEL,40304,11.2338,12.1960,-0.1960,-12.9160,-9,-0.017671
TEL,40404,12.5626,12.2939,-0.2939,7.6134,9,0.017671
TEL,40504,13.5161,12.7942,-0.7942,26.7054,-12,-0.023562
TEL,40604,14.0027,13.2892,-1.2892,35.5195,-31,-0.060868
TEL,40704,15.1281,14.3049,-2.3049,66.8928,-39,-0.076576
TEL,40804,15.8870,15.1161,-3.1161,76.4699,-71,-0.139408
TEL,40904,17.1364,16.2033,-4.2033,103.0696,-80,-0.157080
TEL,41004,17.8316,17.0779,-5.0779,113.6471,-106,-0.208131
TEL,41104,18.4404,18.0240,-6.0240,132.6462,-118,-0.231692
TEL,41204,18.4404,18.2499,-6.2499,118.8955,-129,-0.253291
TEL,41304,18.5104,18.3476,-6.3476,117.6381,-118,-0.231692
TEL,41404,18.5104,18.3846,-6.3846,116.9827,-117,-0.229729
TEL,41504,18.4404,18.4257,-6.4257,118.0153,-118,-0.231692
TEL,41604,17.5729,18.3439,-6.3439,113.6601,-115,-0.225802
TEL,41704,15.1281,16.9556,-4.9556,56.1543,-110,-0.215984
TEL,41804,13.8370,14.9822,-2.9822,6.0976,-51,-0.100138
TEL,41904,12.3600,13.0062,-1.0062,-29.5060,-3,-0.005890
TEL,42004,11.4033,12.0856,-0.0856,-19.6894,26,0.051051
TEL,42104,8.4824,11.1090,0.8910,-19.6894,20,0.039270
TEL,42204,8.9523,11.1090,0.8910,-19.6894,20,0.039270
TEL,42304,8.5491,11.1090,0.8910,-19.6894,20,0.039270
TEL,42404,8.3518,11.1090,0.8910,-19.6894,20,0.039270
TEL,42504,7.8649,11.1090,0.8910,-19.6894,20,0.039270
TEL,42604,7.9375,11.1090,0.8910,-19.6894,20,0.039270
TEL,42704,7.7095,11.1090,0.0000,0.0000,15,0.029452
TEL,42804,7.6544,11.1090,0.0000,0.0000,0,0.000000
TEL,42904,8.3358,11.1090,0.0000,0.0000,0,0.000000
TEL,43004,8.7202,11.1090,0.0000,0.0000,0,0.000000
TEL,43104,8.8259,11.1090,0.0000,0.0000,0,0.000000
TEL,43204,9.7653,10.1531,1.8469,190.3627,-51,-0.100138
TEL,43304,11.2617,10.5511,1.4489,-59.8092,-103,-0.202240
TEL,43404,11.0689,10.5027,1.4973,-48.7666,-25,-0.049087
TEL,43504,13.0232,11.9986,0.0014,-24.0834,29,0.056941
TEL,43604,14.0870,13.2421,-1.2421,7.1850,-6,-0.011781
TEL,43704,15.2745,14.0227,-2.0227,59.6538,-51,-0.100138
TEL,43804,16.4333,15.6014,-3.6014,55.6528,-56,-0.109956
TEL,43904,18.3709,17.7083,-5.7083,98.1601,-95,-0.186532
TEL,44004,16.8368,16.6337,-4.6337,60.2195,-62,-0.121737
TEL,44104,18.0304,17.3811,-5.3811,78.5296,-79,-0.155116
TEL,44204,18.3018,17.8499,-5.8499,102.1322,-102,-0.200277
TEL,44304,16.3771,16.8075,-4.8075,96.7052,-97,-0.190459
TEL,44404,17.8316,17.5329,-5.5329,38.0472,-51,-0.100138
TEL,44504,18.6520,18.1132,-6.1132,107.5716,-71,-0.139408
TEL,44604,15.3238,17.5002,-5.5002,107.0212,-107,-0.210094
TEL,44704,17.9637,17.5472,-5.5472,50.2113,-62,-0.121737
TEL,44804,18.3018,17.8869,-5.8869,97.1005,-83,-0.162970
TEL,44904,15.7297,16.5275,-4.5275,96.0678,-96,-0.188496
TEL,45004,17.7663,17.1612,-5.1612,39.5184,-50,-0.098175
TEL,45104,18.3018,17.9329,-5.9329,97.2048,-75,-0.147262
TEL,45204,15.2254,17.3175,-5.3175,108.3249,-108,-0.212057
TEL,45304,17.9637,17.4385,-5.4385,42.6224,-60,-0.117810
TEL,45404,18.3018,17.9080,-5.9080,104.8641,-69,-0.135481
TEL,45504,15.5752,15.8774,-3.8774,56.2498,-95,-0.186532
TEL,45604,17.7014,16.7784,-4.7784,39.8811,-40,-0.078540
TEL,45704,18.3018,17.8957,-5.8957,102.6178,-87,-0.170824
TEL,45804,13.7150,16.8091,-4.8091,110.9470,-111,-0.217948
TEL,45904,17.8316,17.2742,-5.2742,34.0503,-61,-0.119773
TEL,46004,18.2332,17.7559,-5.7559,104.5083,-50,-0.098175
TEL,46104,15.4737,16.5955,-4.5955,100.4995,-101,-0.198313
TEL,46204,17.3833,16.9568,-4.9568,39.4197,-53,-0.104065
TEL,46304,18.3018,17.7248,-5.7248,88.1498,-69,-0.135481
TEL,46404,14.2584,16.8805,-4.8805,108.1890,-108,-0.212057
TEL,46504,17.8974,17.2482,-5.2482,33.9474,-58,-0.113883
TEL,46604,18.2332,17.6879,-5.6879,104.0295,-52,-0.102102
TEL,46704,13.3225,16.7860,-4.7860,101.7672,-102,-0.200277
TEL,46804,17.6369,17.0576,-5.0576,43.0725,-56,-0.109956
TEL,46904,15.1766,16.8715,-4.8715,96.9036,-75,-0.147262
TEL,47004,13.5950,15.8676,-3.8676,87.1523,-87,-0.170824
TEL,47104,17.7663,17.0978,-5.0978,25.9883,-40,-0.078540
TEL,47204,18.3709,17.7840,-5.7840,116.1675,-58,-0.113883
TEL,47304,13.5161,15.8178,-3.8178,106.5550,-112,-0.219911
TEL,47404,17.4461,16.8439,-4.8439,23.5039,-58,-0.113883
TEL,47504,18.5104,17.9488,-5.9488,104.7210,-36,-0.070686
TEL,47604,14.6585,16.0185,-4.0185,71.6816,-78,-0.153153
TEL,47704,17.7663,16.9192,-4.9192,36.0869,-40,-0.078540
TEL,47804,18.3018,17.7165,-5.7165,114.4150,-84,-0.164934
TEL,47904,13.6348,14.9873,-2.9873,107.8620,-108,-0.212057
TEL,48004,17.9637,16.8260,-4.8260,-0.5494,-59,-0.115846
TEL,48104,18.2332,17.9043,-5.9043,124.9794,-4,-0.007854
TEL,48204,13.5950,16.8005,-4.8005,111.2519,-80,-0.157080
TEL,48304,17.7014,17.0120,-5.0120,36.3618,-98,-0.192423
TEL,48404,18.2332,17.5788,-5.5788,98.4549,-49,-0.096211
TEL,48504,13.5161,16.7528,-4.7528,104.5192,-104,-0.204204
TEL,48604,18.1652,17.1427,-5.1427,39.3138,-58,-0.113883
TEL,48704,18.1652,17.8106,-5.8106,105.8858,-61,-0.119773
TEL,48804,18.3709,18.0604,-6.0604,108.4347,-108,-0.212057
TEL,48904,18.3709,18.2354,-6.2354,103.0766,-103,-0.202240
TEL,49004,18.3709,18.2883,-6.2883,104.5357,-105,-0.206167
TEL,49104,18.4404,18.3172,-6.3172,102.0858,-102,-0.200277
TEL,49204,18.4404,18.3354,-6.3354,103.2372,-103,-0.202240
TEL,49304,18.3709,18.3561,-6.3561,103.5704,-104,-0.204204
TEL,49404,18.4404,18.3637,-6.3637,103.6972,-104,-0.204204
TEL,49504,18.3709,18.3696,-6.3696,103.8966,-104,-0.204204
TEL,49604,18.4404,18.3739,-6.3739,104.1487,-104,-0.204204
TEL,49704,18.4404,18.3845,-6.3845,104.5495,-105,-0.206167
TEL,49804,18.4404,18.3903,-6.3903,104.9605,-105,-0.206167
TEL,49904,18.4404,18.3974,-6.3974,105.1361,-105,-0.206167
TEL,50004,18.4404,18.4013,-6.4013,105.4776,-105,-0.206167
TEL,50104,18.5104,18.4122,-6.4122,105.6617,-106,-0.208131
TEL,50204,18.4404,18.4146,-6.4146,106.2121,-106,-0.208131
TEL,50304,18.5809,18.4232,-6.4232,106.2394,-106,-0.208131
TEL,50404,16.8368,18.1809,-6.1809,101.8749,-102,-0.200277
TEL,50504,18.1652,18.0997,-6.0997,95.5981,-96,-0.188496
TEL,50604,18.3709,18.1450,-6.1451,101.7397,-102,-0.200277
TEL,50704,17.1364,17.2465,-5.2465,85.8759,-86,-0.168861
TEL,50804,18.0975,17.5699,-5.5699,79.8081,-80,-0.157080
TEL,50904,18.5809,18.0489,-6.0489,103.5311,-104,-0.204204
TEL,51004,16.6040,16.7773,-4.7773,59.9784,-65,-0.127627
TEL,51104,18.1652,17.5926,-5.5926,85.2840,-85,-0.166897
TEL,51204,18.3018,17.9406,-5.9406,115.6127,-115,-0.225802
TEL,51304,17.2591,17.3442,-5.3442,110.4330,-110,-0.215984
TEL,51404,18.3709,17.6641,-5.6641,73.2338,-75,-0.147262
TEL,51504,18.5104,18.0922,-6.0922,107.9480,-106,-0.208131
TEL,51604,16.8960,16.9263,-4.9263,59.9093,-67,-0.131554
TEL,51704,18.0975,17.5931,-5.5931,87.3022,-86,-0.168861
TEL,51804,13.2844,16.5321,-4.5321,114.9877,-115,-0.225802
TEL,51904,16.9555,15.7528,-3.7528,4.6256,-67,-0.131554
TEL,52004,18.0304,17.4259,-5.4259,108.9073,-11,-0.021598
TEL,52104,18.5104,18.1610,-6.1610,122.9584,-86,-0.168861
TEL,52204,16.6617,16.7392,-4.7392,56.0052,-113,-0.221875
TEL,52304,18.1652,17.5910,-5.5910,88.8381,-73,-0.143335
TEL,52404,18.3709,17.9636,-5.9636,118.1179,-118,-0.231692
TEL,52504,17.2591,16.8308,-4.8308,66.7876,-76,-0.149226
TEL,52604,18.0975,17.4428,-5.4428,88.0852,-88,-0.172788
TEL,52704,18.4404,18.0526,-6.0526,111.9793,-112,-0.219911
TEL,52804,16.6040,16.7159,-4.7159,59.1905,-70,-0.137445
TEL,52904,18.1652,17.5309,-5.5309,88.0415,-87,-0.170824
TEL,53004,18.3709,17.9361,-5.9361,118.2391,-118,-0.231692
TEL,53104,16.9555,16.3381,-4.3381,72.2098,-78,-0.153153
TEL,53204,18.0304,17.3567,-5.3567,76.0664,-76,-0.149226
TEL,53304,13.5950,16.5129,-4.5129,117.1201,-113,-0.221875
TEL,53404,16.2107,15.8017,-3.8017,-1.1896,-69,-0.135481
TEL,53504,18.0975,17.4875,-5.4875,105.2648,-13,-0.025525
TEL,53604,15.0799,16.8398,-4.8398,131.8347,-89,-0.174751
TEL,53704,16.6617,15.7415,-3.7415,20.2800,-125,-0.245437
TEL,53804,17.9637,17.2722,-5.2722,96.9414,-94,-0.184569
TEL,53904,18.3018,18.0694,-6.0694,124.6796,-125,-0.245437
TEL,54004,17.6369,17.2834,-5.2834,69.3140,-81,-0.159043
TEL,54104,18.1652,17.6489,-5.6489,99.7187,-95,-0.186532
TEL,54204,18.3018,17.9293,-5.9293,113.9314,-114,-0.223838
TEL,54304,16.4899,16.7282,-4.7282,113.6780,-114,-0.223838
TEL,54404,17.9637,17.3416,-5.3416,61.2282,-72,-0.141372
TEL,54504,18.3709,18.0114,-6.0114,113.0313,-97,-0.190459
TEL,54604,16.3771,16.8460,-4.8460,79.6009,-87,-0.170824
TEL,54704,18.0304,17.3873,-5.3873,79.3797,-79,-0.155116
TEL,54804,18.3018,17.8468,-5.8468,118.2414,-115,-0.225802
TEL,54904,16.3771,16.5799,-4.5799,117.0124,-117,-0.229729
TEL,55004,17.8974,17.2790,-5.2790,59.2942,-72,-0.141372
TEL,55104,18.3018,17.9376,-5.9376,113.8443,-90,-0.176715
TEL,55204,13.3225,15.4500,-3.4500,75.2411,-95,-0.186532
TEL,55304,18.0975,17.5556,-5.5556,62.6325,-63,-0.123700
TEL,55404,18.3709,18.0226,-6.0226,139.4188,-111,-0.217948
TEL,55504,16.6617,16.2748,-4.2748,78.1641,-123,-0.241510
TEL,55604,17.8974,17.2255,-5.2255,73.4776,-73,-0.143335
TEL,55704,18.3018,17.9773,-5.9773,120.2351,-113,-0.221875
TEL,55804,13.2465,16.8182,-4.8182,124.1853,-124,-0.243473
TEL,55904,18.0304,17.4185,-5.4185,52.1721,-77,-0.151189
TEL,56004,18.3709,17.8791,-5.8791,123.1759,-70,-0.137445
TEL,56104,16.3771,16.6373,-4.6373,116.5734,-121,-0.237583
TEL,56204,17.8974,17.1531,-5.1531,57.1351,-72,-0.141372
TEL,56304,18.5809,17.9726,-5.9726,115.4715,-85,-0.166897
TEL,56404,13.5950,16.8590,-4.8590,128.2127,-128,-0.251327
TEL,56504,17.9637,17.3512,-5.3512,56.3184,-81,-0.159043
TEL,56604,18.3709,17.8293,-5.8293,119.5375,-74,-0.145299
TEL,56704,16.0473,16.5073,-4.5073,117.5805,-118,-0.231692
TEL,56804,17.7663,17.1150,-5.1150,57.1929,-73,-0.143335
TEL,56904,18.3709,17.9076,-5.9076,115.1323,-86,-0.168861
TEL,57004,18.3709,18.1330,-6.1330,125.7370,-126,-0.247400
TEL,57104,18.3709,18.2669,-6.2669,116.6006,-117,-0.229729
TEL,57204,18.4404,18.3081,-6.3081,117.2725,-117,-0.229729
TEL,57304,18.4404,18.3371,-6.3371,116.4803,-116,-0.227765
TEL,57404,18.3709,18.3506,-6.3506,117.2123,-117,-0.229729
TEL,57504,18.4404,18.3610,-6.3610,116.7990,-117,-0.229729
TEL,57604,18.4404,18.3674,-6.3674,117.2836,-117,-0.229729
TEL,57704,18.3709,18.3723,-6.3723,117.4966,-117,-0.229729
TEL,57804,18.3709,18.3761,-6.3761,117.9146,-118,-0.231692
TEL,57904,18.4404,18.3823,-6.3823,118.0269,-118,-0.231692
TEL,58004,18.4404,18.3879,-6.3879,118.3779,-118,-0.231692
TEL,58104,18.4404,18.3949,-6.3949,118.6549,-119,-0.233656
TEL,58204,18.4404,18.3989,-6.3989,118.9988,-119,-0.233656
TEL,58304,18.4404,18.4011,-6.4011,119.0566,-119,-0.233656
TEL,58404,18.3709,18.3988,-6.3988,119.3275,-119,-0.233656
TEL,58504,13.4381,18.2108,-6.2108,119.3688,-119,-0.233656
TEL,58604,17.5729,17.9668,-5.9668,104.4968,-104,-0.204204
TEL,58704,18.2332,18.0286,-6.0286,110.0168,-110,-0.215984
TEL,58804,14.9843,17.6564,-5.6564,116.4609,-116,-0.227765
TEL,58904,17.8316,17.3480,-5.3480,76.2249,-79,-0.155116
TEL,59004,18.2332,17.7108,-5.7108,113.4687,-111,-0.217948
TEL,59104,13.4381,15.8469,-3.8469,119.0187,-119,-0.233656
TEL,59204,17.4461,16.7358,-4.7358,40.9766,-71,-0.139408
TEL,59304,18.3018,17.8797,-5.8797,126.7405,-55,-0.107992
TEL,59404,16.1015,17.4779,-5.4779,133.5498,-130,-0.255254
TEL,59504,17.7663,17.2134,-5.2134,57.5122,-87,-0.170824
TEL,59604,18.2332,17.7216,-5.7216,124.0601,-73,-0.143335
TEL,59704,13.4770,16.8448,-4.8448,122.7823,-123,-0.241510
TEL,59804,17.3833,16.9838,-4.9838,64.7753,-79,-0.155116
TEL,59904,18.3018,17.8016,-5.8016,113.8393,-93,-0.182605
TEL,60004,15.3735,17.2490,-5.2490,130.6977,-131,-0.257218
TEL,60104,17.7663,16.9758,-4.9758,16.4168,-82,-0.161007
TEL,60204,18.1652,17.7977,-5.7977,152.8484,-26,-0.051051
TEL,60304,14.2152,17.0388,-5.0388,124.8321,-101,-0.198313
TEL,60404,17.4461,17.0700,-5.0700,67.9636,-106,-0.208131
TEL,60504,18.2332,17.7729,-5.7729,115.5858,-74,-0.145299
TEL,60604,18.6520,18.1334,-6.1334,129.5616,-130,-0.255254
TEL,60704,17.6369,17.1903,-5.1903,67.2811,-84,-0.164934
TEL,60804,18.2332,17.7547,-5.7547,124.5162,-94,-0.184569
TEL,60904,14.2584,17.0898,-5.0898,126.5957,-127,-0.249364
TEL,61004,17.3210,16.9445,-4.9445,61.7556,-80,-0.157080
TEL,61104,18.2332,17.7777,-5.7777,116.9488,-87,-0.170824
TEL,61204,18.5104,18.1306,-6.1306,134.1408,-134,-0.263108
TEL,61304,17.6369,17.1883,-5.1883,67.0090,-87,-0.170824
TEL,61404,18.2332,17.7184,-5.7184,123.8115,-89,-0.174751
TEL,61504,14.9843,16.3867,-4.3867,125.6768,-126,-0.247400
TEL,61604,17.4461,16.5805,-4.5805,35.8897,-77,-0.151189
TEL,61704,18.2332,17.7680,-5.7680,127.4412,-43,-0.084430
TEL,61804,18.5809,18.1575,-6.1575,138.8999,-124,-0.243473
TEL,61904,17.7014,17.2044,-5.2044,65.5324,-108,-0.212057
TEL,62004,18.2332,17.7233,-5.7233,126.3557,-72,-0.141372
TEL,62104,15.0799,17.2555,-5.2555,124.9565,-125,-0.245437
TEL,62204,17.3833,16.9325,-4.9325,62.2940,-79,-0.155116
TEL,62304,18.2332,17.7918,-5.7918,121.0337,-89,-0.174751
TEL,62404,18.5809,18.1247,-6.1247,134.8700,-135,-0.265072
TEL,62504,17.6369,17.1240,-5.1240,73.0929,-89,-0.174751
TEL,62604,18.3018,17.7760,-5.7760,125.0827,-99,-0.194386
TEL,62704,14.8430,17.2308,-5.2308,128.8279,-129,-0.253291
TEL,62804,16.9555,16.7696,-4.7696,62.0369,-82,-0.161007
TEL,62904,18.3018,17.7389,-5.7389,116.1599,-85,-0.166897
TEL,63004,18.7235,18.1739,-6.1739,138.6251,-139,-0.272926
TEL,63104,17.6369,17.1590,-5.1590,68.0849,-92,-0.180642
TEL,63204,18.2332,17.6808,-5.6808,125.9010,-87,-0.170824
TEL,63304,14.7965,17.1675,-5.1675,128.8558,-129,-0.253291
TEL,63404,17.3833,16.8601,-4.8601,57.3623,-82,-0.161007
TEL,63504,18.2332,17.8646,-5.8646,132.3550,-75,-0.147262
TEL,63604,15.4737,17.3094,-5.3094,135.7134,-136,-0.267035
TEL,63704,17.5093,16.8733,-4.8733,29.8729,-88,-0.172788
TEL,63804,18.1652,17.6416,-5.6416,143.9939,-32,-0.062832
TEL,63904,16.3213,17.5389,-5.5389,132.6947,-107,-0.210094
TEL,64004,17.8316,17.2290,-5.2290,72.6414,-116,-0.227765
TEL,64104,18.2332,17.8822,-5.8822,128.0285,-79,-0.155116
TEL,64204,18.5809,18.0963,-6.0963,132.4304,-132,-0.259181
TEL,64304,17.4461,17.1156,-5.1156,83.5373,-91,-0.178678
TEL,64404,18.1652,17.5982,-5.5982,117.2356,-115,-0.225802
TEL,64504,18.7235,18.1515,-6.1515,128.4927,-128,-0.251327
TEL,64604,16.9555,17.2301,-5.2301,101.9288,-102,-0.200277
TEL,64704,18.1652,17.7317,-5.7317,110.5105,-111,-0.217948
TEL,64804,18.3709,18.0209,-6.0209,133.5039,-134,-0.263108
TEL,64904,17.6369,17.1464,-5.1464,81.2585,-92,-0.180642
TEL,65004,18.1652,17.5864,-5.5864,120.3141,-113,-0.221875
TEL,65104,18.3709,18.0221,-6.0221,128.4376,-128,-0.251327
TEL,65204,18.3709,18.1643,-6.1643,133.7823,-134,-0.263108
TEL,65304,18.4404,18.2689,-6.2689,129.4280,-129,-0.253291
TEL,65404,18.3709,18.2964,-6.2964,130.5204,-131,-0.257218
TEL,65504,18.4404,18.3269,-6.3269,129.6538,-130,-0.255254
TEL,65604,18.4404,18.3484,-6.3484,130.7143,-131,-0.257218
TEL,65704,18.3709,18.3537,-6.3537,130.6045,-131,-0.257218
TEL,65804,18.3709,18.3561,-6.3561,130.6894,-131,-0.257218
TEL,65904,18.4404,18.3756,-6.3756,131.0536,-131,-0.257218
TEL,66004,18.5104,18.3833,-6.3833,131.6679,-132,-0.259181
TEL,66104,18.4404,18.3888,-6.3888,131.8276,-132,-0.259181
TEL,66204,18.4404,18.3941,-6.3941,132.2250,-132,-0.259181
TEL,66304,18.5104,18.4039,-6.4039,132.4013,-132,-0.259181
TEL,66404,18.4404,18.4041,-6.4041,132.7258,-133,-0.261145
TEL,66504,18.4404,18.4088,-6.4088,132.7818,-133,-0.261145
TEL,66604,18.3709,18.4085,-6.4085,133.2926,-133,-0.261145
TEL,66704,18.4404,18.4096,-6.4096,133.1586,-133,-0.261145
TEL,66804,18.0975,18.3738,-6.3738,132.5909,-133,-0.261145
TEL,66904,18.5809,18.3774,-6.3774,132.3753,-132,-0.259181
TEL,67004,16.8368,17.9284,-5.9284,122.6245,-123,-0.241510
TEL,67104,18.2332,17.9558,-5.9558,117.9874,-118,-0.231692
TEL,67204,18.3709,18.0591,-6.0591,130.1270,-130,-0.255254
TEL,67304,17.3210,17.2221,-5.2221,106.9102,-107,-0.210094
TEL,67404,18.1652,17.5596,-5.5596,111.3847,-111,-0.217948
TEL,67504,18.5809,18.0649,-6.0649,132.5384,-133,-0.261145
TEL,67604,16.9555,17.2112,-5.2112,106.4330,-106,-0.208131
TEL,67704,18.0975,17.6549,-5.6549,112.7600,-113,-0.221875
TEL,67804,18.3018,17.9279,-5.9279,137.2854,-137,-0.268999
TEL,67904,17.1976,16.9895,-4.9895,97.8275,-102,-0.200277
TEL,68004,18.0304,17.4453,-5.4453,114.6552,-115,-0.225802
TEL,68104,18.5809,18.0320,-6.0320,133.8545,-134,-0.263108
TEL,68204,16.6040,16.6667,-4.6667,81.8301,-92,-0.180642
TEL,68304,18.2332,17.5961,-5.5961,114.4575,-111,-0.217948
TEL,68404,18.3709,18.0132,-6.0132,149.1039,-147,-0.288634
TEL,68504,17.1976,16.8570,-4.8570,92.9974,-105,-0.206167
TEL,68604,18.0975,17.4878,-5.4878,117.0507,-116,-0.227765
TEL,68704,18.6520,18.1388,-6.1388,138.1032,-138,-0.270962
TEL,68804,16.6040,16.6688,-4.6688,81.6230,-94,-0.184569
TEL,68904,18.1652,17.5650,-5.5650,115.5428,-110,-0.215984
TEL,69004,18.4404,17.9216,-5.9216,144.0303,-144,-0.282743
TEL,69104,17.8974,17.0689,-5.0689,100.6369,-106,-0.208131
TEL,69204,18.0304,17.5652,-5.5652,121.5346,-122,-0.239546
TEL,69304,18.4404,18.0807,-6.0807,137.1128,-137,-0.268999
TEL,69404,16.3771,16.6294,-4.6294,86.8934,-95,-0.186532
TEL,69504,18.1652,17.5814,-5.5814,113.1582,-113,-0.221875
TEL,69604,18.3018,17.9681,-5.9681,149.6706,-147,-0.288634
TEL,69704,17.1976,16.8281,-4.8281,87.6691,-104,-0.204204
TEL,69804,18.0304,17.3845,-5.3845,119.5804,-111,-0.217948
TEL,69904,18.5104,18.0445,-6.0445,138.9148,-139,-0.272926
TEL,70004,17.8316,17.2579,-5.2579,84.8277,-95,-0.186532
TEL,70104,18.1652,17.7386,-5.7386,137.4311,-120,-0.235619
TEL,70204,18.4404,18.0374,-6.0374,142.2469,-142,-0.278816
TEL,70304,17.3210,16.8185,-4.8185,98.2427,-103,-0.202240
TEL,70404,18.3709,17.5706,-5.5706,115.7524,-116,-0.227765
TEL,70504,18.3018,18.0522,-6.0522,144.5564,-144,-0.282743
TEL,70604,17.8974,17.3968,-5.3968,94.9965,-103,-0.202240
TEL,70704,18.1652,17.7120,-5.7120,132.0608,-128,-0.251327
TEL,70804,18.3709,17.9719,-5.9719,140.4979,-140,-0.274889
TEL,70904,17.2591,17.4294,-5.4294,141.5991,-142,-0.278816
TEL,71004,18.0975,17.6830,-5.6830,110.4124,-110,-0.215984
TEL,71104,18.4404,18.0631,-6.0631,136.6938,-137,-0.268999
TEL,71204,16.4899,16.9176,-4.9176,103.3767,-104,-0.204204
TEL,71304,18.1652,17.6399,-5.6399,116.7620,-117,-0.229729
TEL,71404,18.3018,17.9867,-5.9867,148.8408,-149,-0.292561
TEL,71504,17.0757,16.8603,-4.8603,101.9204,-109,-0.214021
TEL,71604,18.0975,17.4214,-5.4214,116.7365,-117,-0.229729
TEL,71704,18.3709,17.9937,-5.9937,142.0823,-142,-0.278816
TEL,71804,16.4333,16.7657,-4.7657,99.9989,-104,-0.204204
TEL,71904,18.1652,17.6019,-5.6019,118.2942,-118,-0.231692
TEL,72004,18.4404,18.0048,-6.0048,150.5187,-150,-0.294524
TEL,72104,16.8960,17.2488,-5.2488,146.3640,-146,-0.286670
TEL,72204,18.0975,17.5796,-5.5796,103.9338,-108,-0.212057
TEL,72304,18.3709,18.0111,-6.0111,139.5675,-138,-0.270962
TEL,72404,16.4333,16.8685,-4.8685,105.4757,-107,-0.210094
TEL,72504,18.1652,17.6719,-5.6719,122.3783,-122,-0.239546
TEL,72604,18.7235,18.1247,-6.1247,150.2873,-150,-0.294524
TEL,72704,17.1976,17.3469,-5.3469,149.7676,-150,-0.294524
TEL,72804,17.9637,17.6101,-5.6101,107.0025,-112,-0.219911
TEL,72904,18.3709,18.0161,-6.0161,138.4408,-137,-0.268999
TEL,73004,16.2658,16.8284,-4.8284,107.6626,-108,-0.212057
TEL,73104,18.1652,17.5773,-5.5773,113.9676,-114,-0.223838
TEL,73204,18.4404,17.9739,-5.9739,151.9672,-150,-0.294524
TEL,73304,18.4404,18.2200,-6.2200,145.8726,-146,-0.286670
TEL,73404,18.3709,18.2843,-6.2843,146.1983,-146,-0.286670
TEL,73504,18.3709,18.3169,-6.3169,143.3357,-143,-0.280780
TEL,73604,18.4404,18.3514,-6.3514,144.4729,-144,-0.282743
TEL,73704,18.4404,18.3692,-6.3692,144.5352,-145,-0.284707
TEL,73804,18.4404,18.3751,-6.3751,144.5574,-145,-0.284707
TEL,73904,18.3709,18.3743,-6.3743,144.7712,-145,-0.284707
TEL,74004,18.4404,18.3780,-6.3780,144.7959,-145,-0.284707
TEL,74104,18.4404,18.3842,-6.3842,145.1571,-145,-0.284707
TEL,74204,18.4404,18.3863,-6.3863,145.5149,-146,-0.286670
TEL,74304,18.4404,18.3936,-6.3936,145.9411,-146,-0.286670
TEL,74404,18.3709,18.3947,-6.3947,146.0584,-146,-0.286670
TEL,74504,18.3709,18.3974,-6.3974,146.2021,-146,-0.286670
TEL,74604,18.5104,18.4036,-6.4036,146.4783,-146,-0.286670
TEL,74704,18.4404,18.4026,-6.4026,146.7433,-147,-0.288634
TEL,74804,18.5104,18.4080,-6.4080,146.9308,-147,-0.288634
TEL,74904,18.3709,18.4113,-6.4113,147.3031,-147,-0.288634
TEL,75004,18.3709,18.4109,-6.4109,147.5049,-148,-0.290597
TEL,75104,16.6617,18.0450,-6.0450,147.8110,-148,-0.290597
TEL,75204,17.8316,17.9312,-5.9312,127.9242,-128,-0.251327
TEL,75304,18.4404,18.0926,-6.0926,140.3748,-140,-0.274889
TEL,75404,15.4737,16.8765,-4.8765,120.2924,-120,-0.235619
TEL,75504,18.0975,17.5124,-5.5124,110.1979,-110,-0.215984
TEL,75604,18.3018,17.8786,-5.8786,153.5358,-149,-0.292561
TEL,75704,16.8960,16.1740,-4.1740,95.3050,-110,-0.215984
TEL,75804,17.9637,17.3836,-5.3836,124.5451,-120,-0.235619
TEL,75904,18.3709,18.0528,-6.0528,155.4091,-154,-0.302378
TEL,76004,16.1015,16.6718,-4.6718,111.1491,-116,-0.227765
TEL,76104,18.0304,17.3330,-5.3330,109.8685,-110,-0.215984
TEL,76204,18.3709,17.8350,-5.8350,156.1531,-150,-0.294524
TEL,76304,16.0473,16.4792,-4.4792,154.7794,-155,-0.304342
TEL,76404,18.3018,17.3757,-5.3757,90.9223,-108,-0.212057
TEL,76504,18.3018,18.0118,-6.0118,156.6714,-115,-0.225802
TEL,76604,15.3735,16.5400,-4.5400,120.4788,-152,-0.298451
TEL,76704,18.0304,17.3631,-5.3631,106.6926,-107,-0.210094
TEL,76804,18.3709,17.9018,-5.9018,160.2575,-149,-0.292561
TEL,76904,15.6779,16.2824,-4.2824,154.1352,-154,-0.302378
TEL,77004,18.3018,17.3699,-5.3699,87.9506,-107,-0.210094
TEL,77104,18.3018,18.0094,-6.0094,160.4707,-109,-0.214021
TEL,77204,13.2844,16.8841,-4.8841,159.0454,-159,-0.312196
TEL,77304,18.0304,17.4244,-5.4244,94.2586,-112,-0.219911
TEL,77404,18.3018,17.8429,-5.8429,155.2442,-119,-0.233656
TEL,77504,16.2658,16.0906,-4.0906,118.6386,-147,-0.288634
TEL,77604,17.8316,17.0718,-5.0718,103.7265,-104,-0.204204
TEL,77704,18.3709,17.9775,-5.9775,156.4904,-146,-0.286670
TEL,77804,15.5752,17.4227,-5.4227,164.9575,-165,-0.323977
TEL,77904,17.9637,17.5369,-5.5369,104.8324,-119,-0.233656
TEL,78004,18.7235,18.0083,-6.0083,154.3006,-134,-0.263108
TEL,78104,15.8870,16.4798,-4.4798,155.7645,-156,-0.306305
TEL,78204,17.7014,17.1255,-5.1255,91.1976,-109,-0.214021
TEL,78304,18.3709,17.9486,-5.9486,152.2285,-116,-0.227765
TEL,78404,15.2254,16.3312,-4.3312,121.1838,-143,-0.280780
TEL,78504,17.9637,17.3081,-5.3081,105.6540,-106,-0.208131
TEL,78604,18.3709,17.8619,-5.8619,165.0398,-150,-0.294524
TEL,78704,15.7818,16.4119,-4.4119,155.8553,-156,-0.306305
TEL,78804,17.7663,17.1556,-5.1556,94.0429,-110,-0.215984
TEL,78904,18.3018,17.9406,-5.9406,155.8983,-120,-0.235619
TEL,79004,13.2465,16.7753,-4.7753,164.0030,-164,-0.322013
TEL,79104,18.0304,17.3848,-5.3848,89.6735,-117,-0.229729
TEL,79204,18.3018,17.8671,-5.8671,163.6613,-106,-0.208131
TEL,79304,15.5752,16.3201,-4.3201,157.0035,-158,-0.310232
TEL,79404,17.7663,17.0863,-5.0863,89.1562,-110,-0.215984
TEL,79504,18.3018,17.8948,-5.8948,155.1314,-111,-0.217948
TEL,79604,15.3735,17.3172,-5.3172,165.6594,-166,-0.325940
TEL,79704,18.0304,17.5245,-5.5245,107.0619,-122,-0.239546
TEL,79804,18.3709,17.9311,-5.9311,159.6110,-138,-0.270962
TEL,79904,15.4235,16.4172,-4.4172,155.6137,-156,-0.306305
TEL,80004,17.7014,17.0450,-5.0450,90.3900,-109,-0.214021
TEL,80104,18.3709,17.9086,-5.9086,155.2736,-112,-0.219911
TEL,80204,13.3225,16.7224,-4.7224,168.6103,-169,-0.331831
TEL,80304,17.9637,17.3869,-5.3869,93.2721,-121,-0.237583
TEL,80404,18.2332,17.8419,-5.8419,164.7556,-109,-0.214021
TEL,80504,16.0473,16.6914,-4.6914,157.2186,-161,-0.316123
TEL,80604,17.7663,17.1121,-5.1121,98.3969,-113,-0.221875
