BALL_BEAM_REF_BOOT
HOST_START_READY
REF_CFG,profile=center_far_near_90s,center_cm=13.0000,near_cm=9.0000,far_cm=17.0000,segment_ms=30000
REF,1361,13.0000,hold_center
TEL,1366,8.3518,8.3290,4.6720,0.0000,0,0.000000
TEL,1466,8.3358,8.3296,4.6704,-96.0000,1,0.001963
TEL,1566,8.3518,8.3326,4.6674,-139.9412,75,0.147262
TEL,1666,8.3841,8.3350,4.6650,-139.8401,139,0.272926
TEL,1766,8.4166,8.3388,4.6612,-139.6830,140,0.274889
TEL,1866,8.4990,8.3471,4.6529,-139.3264,139,0.272926
TEL,1966,8.6168,8.3693,4.6405,-138.8108,139,0.272926
TEL,2066,8.1168,8.3216,4.6784,-140.4076,140,0.274889
TEL,2166,8.6682,8.3617,4.6383,-138.6223,139,0.272926
TEL,2266,8.8797,8.4264,4.5736,-135.7906,138,0.270962
TEL,2366,9.1198,8.5920,4.4080,-129.3524,135,0.265072
TEL,2466,8.4166,8.5700,4.4300,-131.1514,130,0.255254
TEL,2566,9.2932,8.7111,4.2889,-125.1461,130,0.255254
TEL,2666,9.4932,8.9245,4.0755,-116.6545,124,0.243473
TEL,2766,9.8085,9.2939,3.7061,-103.4790,116,0.227765
TEL,2866,8.4003,9.1063,3.8937,-113.9854,104,0.204204
TEL,2966,10.0750,9.4844,3.5156,-98.7522,113,0.221875
TEL,3066,10.5009,9.8612,3.1388,-83.5637,98,0.192423
TEL,3166,10.9881,10.4378,2.5622,-63.7438,83,0.162970
TEL,3266,8.0713,9.3814,3.6186,-117.0946,65,0.127627
TEL,3366,11.2617,10.6071,2.3929,-66.9130,116,0.227765
TEL,3466,11.5775,11.1055,1.8945,-26.4928,68,0.133518
TEL,3566,11.5775,11.4740,1.5628,-17.9306,25,0.049087
TEL,3666,8.5156,10.1897,2.8103,-98.9038,19,0.037306
TEL,3766,11.8484,11.1673,1.8327,-40.6323,88,0.172788
TEL,3866,11.9413,11.5715,1.4285,-24.3544,64,0.125664
TEL,3966,12.1313,11.8913,1.1087,-16.0884,23,0.045160
TEL,4066,8.7376,11.3104,1.6896,-59.2763,17,0.033379
TEL,4166,11.7266,11.3606,1.6394,-46.5258,58,0.113883
TEL,4267,12.0040,11.5987,1.4013,-33.1126,46,0.090321
TEL,4367,12.1635,11.8728,1.1272,-23.1645,32,0.062832
TEL,4467,9.1961,11.4261,1.5739,-55.0575,24,0.047124
TEL,4567,11.6665,11.2604,1.7396,-47.3424,54,0.106029
TEL,4667,11.9726,11.5449,1.4551,-32.8114,46,0.090321
TEL,4767,11.6367,11.7521,1.2155,-23.2076,32,0.062832
TEL,4867,8.8259,11.2676,1.7324,-59.9780,24,0.047124
TEL,4967,11.5189,11.2511,1.7489,-50.1775,59,0.115846
TEL,5067,11.9102,11.5026,1.4974,-36.1253,49,0.096211
TEL,5167,12.1958,11.8669,1.1331,-23.0602,35,0.068722
TEL,5267,8.8617,11.3211,1.6789,-61.7364,24,0.047124
TEL,5367,12.1313,11.3160,2.2065,-66.7144,63,0.123700
TEL,5467,11.9726,11.6562,1.3438,-23.5085,66,0.129591
TEL,5567,8.7376,11.1336,1.1569,-17.4132,23,0.045160
TEL,5667,12.2939,11.8306,1.1694,-8.4283,16,0.031416
TEL,5767,11.5189,11.5296,1.4704,-20.1636,9,0.017671
TEL,5867,12.0673,11.6974,1.3026,-15.9654,19,0.037306
TEL,5967,12.2610,11.9392,1.0608,-11.0380,15,0.029452
TEL,6067,10.0297,11.6509,1.3491,-36.0680,12,0.023562
TEL,6167,11.5775,11.1967,1.8033,-37.3025,37,0.072649
TEL,6267,12.0356,11.5674,1.4326,-22.3422,36,0.070686
TEL,6367,12.2283,11.9309,1.0691,-12.9694,21,0.041233
TEL,6467,12.2939,12.0637,0.9363,-10.5106,12,0.023562
TEL,6567,11.5189,11.2396,1.7604,-25.4889,12,0.023562
TEL,6667,12.0040,11.5763,1.4237,-14.9649,24,0.047124
TEL,6767,12.2283,11.9391,1.0609,-7.7660,14,0.027489
TEL,6867,12.2610,12.0616,0.9384,-7.3241,7,0.013744
TEL,6967,11.3747,11.2521,1.7479,-26.4178,8,0.015708
TEL,7067,11.8792,11.4706,1.5294,-19.6625,25,0.049087
TEL,7168,12.2283,11.8726,1.1274,-10.1643,19,0.037306
TEL,7268,12.3269,12.0369,0.9631,-7.4149,9,0.017671
TEL,7368,11.2897,11.1638,1.8362,-27.6586,8,0.015708
TEL,7468,11.8792,11.4886,1.5114,-17.9968,27,0.053014
TEL,7568,12.2283,11.8807,1.1193,-9.0865,17,0.033379
TEL,7668,12.3269,12.0496,0.9504,-6.5722,8,0.015708
TEL,7768,12.2283,11.3471,2.3169,-88.4675,8,0.015708
TEL,7868,11.8484,11.6825,1.3175,-45.3586,77,0.151189
TEL,7968,12.2283,11.9800,1.0200,-30.8554,55,0.107992
TEL,8068,12.2610,12.0839,0.9161,-24.3047,30,0.058905
TEL,8168,12.3269,11.4236,2.2104,-91.4697,25,0.049087
TEL,8268,11.8792,11.6106,1.3894,-52.2922,86,0.168861
TEL,8368,11.5482,11.7517,1.1884,-37.2635,54,0.106029
TEL,8468,12.2939,11.9392,1.0608,-27.4273,36,0.070686
TEL,8568,11.0418,11.2615,1.7385,-46.1757,28,0.054978
TEL,8668,11.9102,11.6290,1.3710,-30.8349,45,0.088357
TEL,8768,10.8298,11.5983,1.1853,-22.4262,30,0.058905
TEL,8868,12.2939,11.8789,1.1211,-16.3519,21,0.041233
TEL,8968,10.4520,11.0000,2.0000,-64.7748,17,0.033379
TEL,9068,12.0040,11.3599,1.6401,-30.3791,63,0.123700
TEL,9168,12.2283,11.8596,1.1404,-15.2596,29,0.056941
TEL,9268,12.2939,12.0302,0.9698,-10.9641,14,0.027489
TEL,9368,12.1958,11.7521,1.4530,-47.6545,12,0.023562
TEL,9468,11.6965,11.6930,1.3070,-39.9104,47,0.092284
TEL,9568,12.1635,11.8750,1.1250,-30.0502,39,0.076576
TEL,9668,12.2939,11.9911,1.0089,-23.3818,29,0.056941
TEL,9768,10.4520,11.2252,1.7748,-53.5623,24,0.047124
TEL,9868,11.7568,11.3696,1.6304,-40.9087,53,0.104065
TEL,9968,12.1635,11.7304,1.2696,-26.2058,40,0.078540
TEL,10068,12.2610,11.9386,1.0614,-18.2385,25,0.049087
TEL,10168,12.2939,12.1103,0.8897,-14.1374,17,0.033379
TEL,10268,12.2939,12.1655,0.8345,-13.4517,13,0.025525
TEL,10368,12.3269,12.2267,0.7733,-12.8789,13,0.025525
TEL,10468,12.3600,12.2558,0.7442,-12.8516,13,0.025525
TEL,10568,12.3269,12.2750,0.7250,-13.2060,13,0.025525
TEL,10668,12.3600,12.2890,0.7110,-13.4051,13,0.025525
TEL,10768,12.3600,12.2969,0.7031,-13.6659,14,0.027489
TEL,10868,12.3269,12.3028,0.6972,-13.9782,14,0.027489
TEL,10968,12.3269,12.3068,0.6932,-14.2272,14,0.027489
TEL,11068,12.2939,12.3072,0.6928,-14.5425,15,0.029452
TEL,11168,12.3600,12.3129,0.6871,-14.5181,15,0.029452
TEL,11268,12.3600,12.3156,0.6844,-14.5432,15,0.029452
TEL,11368,12.3269,12.3182,0.6821,-14.6227,15,0.029452
TEL,11468,12.3600,12.3201,0.6799,-14.6156,15,0.029452
TEL,11568,12.3269,12.3220,0.6780,-14.6648,15,0.029452
TEL,11668,12.3269,12.3234,0.6766,-14.7002,15,0.029452
TEL,11768,12.3600,12.3247,0.6753,-14.6757,15,0.029452
TEL,11868,12.3269,12.3259,0.6741,-14.7015,15,0.029452
TEL,11968,12.2939,12.3232,0.6760,-14.8168,15,0.029452
TEL,12068,12.2939,12.3216,0.6784,-14.9201,15,0.029452
TEL,12168,12.3269,12.3211,0.6789,-14.9246,15,0.029452
TEL,12268,10.5503,12.1250,0.8750,-23.9132,16,0.031416
TEL,12368,11.9413,12.0133,0.9867,-25.4706,25,0.049087
TEL,12468,12.2283,12.0448,0.9552,-22.7705,24,0.047124
TEL,12568,12.3600,12.1154,0.8846,-19.5216,22,0.043197
TEL,12668,10.5503,11.5134,1.4866,-44.0347,21,0.041233
TEL,12768,11.9413,11.6175,1.3825,-35.0945,43,0.084430
TEL,12868,12.2610,11.8400,1.1600,-24.3480,34,0.066759
TEL,12968,12.4269,12.1199,0.8801,-15.2150,23,0.045160
TEL,13068,8.7376,10.6663,2.3337,-93.8483,16,0.031416
TEL,13168,12.1958,11.6932,1.3068,-42.0501,84,0.164934
TEL,13268,12.5969,12.1081,0.8919,-19.9798,58,0.113883
TEL,13368,12.7011,12.4357,0.5643,-9.0705,19,0.037306
TEL,13468,9.9624,11.9886,1.0114,-41.8594,10,0.019635
TEL,13568,12.1958,12.0381,0.9619,-32.6674,41,0.080503
TEL,13668,12.4269,12.1786,0.8214,-23.4446,32,0.062832
TEL,13768,12.3600,12.2738,0.7262,-19.0966,22,0.043197
TEL,13868,8.7727,11.8149,1.1851,-49.1377,20,0.039270
TEL,13968,12.0040,11.6956,1.3044,-41.4720,48,0.094248
TEL,14068,12.4269,11.9353,1.0647,-27.0113,40,0.078540
TEL,14168,12.7011,12.2862,0.7138,-13.3758,26,0.051051
TEL,14268,9.2736,11.0683,1.9317,-74.2116,14,0.027489
TEL,14368,12.1635,11.6180,1.3820,-42.9924,71,0.139408
TEL,14468,12.5284,12.0360,0.9640,-21.6651,42,0.082467
TEL,14568,12.6662,12.4019,0.5981,-9.8251,21,0.041233
TEL,14668,9.4728,11.8574,1.1426,-48.9483,11,0.021598
TEL,14768,12.0040,11.5623,1.4377,-41.4980,48,0.094248
TEL,14868,12.3269,11.8984,1.1016,-24.7643,40,0.078540
TEL,14968,12.4269,12.1737,0.8263,-15.5416,24,0.047124
TEL,15068,9.2347,11.6688,1.3312,-51.8122,17,0.033379
TEL,15168,12.2939,11.4312,1.8993,-58.6874,53,0.104065
TEL,15268,12.0992,11.7298,1.2702,-33.9261,58,0.113883
TEL,15368,12.2939,12.0151,0.9849,-22.5032,33,0.064795
TEL,15468,9.2541,11.5312,1.4688,-56.4333,24,0.047124
TEL,15568,11.6071,11.2388,1.7612,-50.4772,55,0.107992
TEL,15668,12.0040,11.5573,1.4427,-33.8103,49,0.096211
TEL,15768,12.2610,11.9250,1.0750,-20.7837,33,0.064795
TEL,15868,12.2939,12.0594,0.9406,-16.0612,20,0.039270
TEL,15968,11.5189,11.3733,1.6267,-29.9324,17,0.033379
TEL,16068,11.9413,11.5793,1.4207,-22.5390,29,0.056941
TEL,16168,12.2283,11.8976,1.1024,-14.1744,22,0.043197
TEL,16268,12.3600,12.0543,0.9457,-10.3808,13,0.025525
TEL,16368,11.4608,11.2047,1.7953,-26.4123,11,0.021598
TEL,16468,12.0356,11.5366,1.4634,-15.0733,25,0.049087
TEL,16568,11.3462,11.7013,1.1871,-8.7550,14,0.027489
TEL,16668,12.2939,11.9270,1.0730,-6.6792,8,0.015708
TEL,16768,11.4898,11.2431,1.7569,-21.8323,8,0.015708
TEL,16868,11.9413,11.5358,1.4642,-14.2242,21,0.041233
TEL,16968,11.4033,11.7073,1.2010,-8.2214,13,0.025525
TEL,17068,12.2939,11.9223,1.0777,-6.3464,7,0.013744
TEL,17168,11.0961,10.8151,2.1849,-51.3754,7,0.013744
TEL,17268,11.9102,11.3557,1.6443,-9.5408,51,0.100138
TEL,17368,12.2283,11.9119,1.0881,0.4114,10,0.019635
TEL,17468,12.2939,12.0761,0.9239,-0.0885,0,0.000000
TEL,17568,11.1233,10.8334,2.1666,-48.8564,1,0.001963
TEL,17668,11.9726,11.4038,1.5962,-5.6437,47,0.092284
TEL,17768,12.2610,11.9401,1.0599,3.0767,5,0.009817
TEL,17868,12.2939,12.0911,0.9089,1.4644,-2,-0.003927
TEL,17968,10.3553,10.6419,2.3581,-66.3381,0,0.000000
TEL,18068,11.6665,11.2373,1.7627,-24.3912,62,0.121737
TEL,18168,11.8792,11.6215,1.3785,-16.2639,27,0.053014
TEL,18268,11.7568,11.6965,1.3035,-17.9586,17,0.033379
TEL,18368,11.3462,11.2818,1.7420,-49.4629,19,0.037306
TEL,18468,10.7266,11.0349,1.9651,-55.1173,50,0.098175
TEL,18568,10.5009,10.8289,2.1711,-72.9654,56,0.109956
TEL,18668,10.2839,10.6608,2.3392,-78.2069,74,0.145299
TEL,18768,8.4494,9.5794,3.4206,-122.4155,79,0.155116
TEL,18868,9.1578,9.3379,3.6621,-126.2495,123,0.241510
TEL,18968,9.1388,9.2673,3.7327,-124.4894,125,0.245437
TEL,19068,8.8977,9.1716,3.8284,-125.2333,125,0.245437
TEL,19168,8.5156,8.8028,4.1192,-137.7838,126,0.247400
TEL,19268,8.0113,8.4166,4.5834,-151.4506,139,0.272926
TEL,19368,8.3358,8.3138,4.6913,-151.9505,152,0.298451
TEL,19468,8.4990,8.3453,4.6547,-146.9256,151,0.296488
TEL,19568,6.8850,8.4261,4.6547,-146.9256,147,0.288634
TEL,19668,8.4166,8.3482,4.6640,-146.2095,146,0.286670
TEL,19768,9.1388,8.5816,4.6059,-141.3542,141,0.276853
TEL,19868,9.5341,8.7427,4.4184,-131.9438,133,0.261145
TEL,19968,9.8959,9.2787,4.0869,-117.3030,117,0.229729
TEL,20068,10.1669,9.6287,3.5511,-97.8807,98,0.192423
TEL,20168,10.6001,10.0956,3.2228,-86.2631,86,0.168861
TEL,20268,10.9084,10.4060,2.7553,-70.9526,71,0.139408
TEL,20368,11.3462,10.8787,2.4452,-60.7410,61,0.119773
TEL,20468,11.5775,11.1608,1.9721,-23.4760,28,0.054978
TEL,20568,11.9413,11.5422,1.7130,-18.0572,18,0.035343
TEL,20668,12.0673,11.7498,1.3401,-10.4124,10,0.019635
TEL,20768,12.3600,11.9952,1.1566,-7.8120,8,0.015708
TEL,20868,12.3269,12.1127,0.9354,-5.0118,5,0.009817
TEL,20968,12.4606,12.2644,0.8216,-4.1449,4,0.007854
TEL,21068,12.5969,12.3582,0.7356,-4.6028,5,0.009817
TEL,21168,12.6315,12.4506,0.6065,-3.5603,4,0.007854
TEL,21268,12.6315,12.4894,0.5304,-3.8654,4,0.007854
TEL,21368,12.6315,12.5247,0.4980,-4.8445,5,0.009817
TEL,21468,12.4606,12.5252,0.4682,-5.6307,6,0.011781
TEL,21568,12.4944,12.5157,0.4805,-7.4765,7,0.013744
TEL,21668,12.3269,12.4891,0.4980,-9.3339,9,0.017671
TEL,21768,12.1958,12.4359,0.5229,-10.8603,11,0.021598
TEL,21868,12.0673,12.3902,0.5641,-12.8200,13,0.025525
TEL,21968,11.9413,12.2843,0.6382,-15.5507,16,0.031416
TEL,22068,8.2721,11.2434,1.0062,-35.6695,36,0.070686
TEL,22168,11.0689,10.9586,2.0011,-73.4598,68,0.133518
TEL,22268,10.8298,10.9254,2.0526,-71.4922,71,0.139408
TEL,22368,10.5752,10.8290,2.0904,-70.2451,70,0.137445
TEL,22468,8.2249,10.3915,2.2344,-74.2241,74,0.145299
TEL,22568,9.5341,9.8233,2.9271,-102.0545,101,0.198313
TEL,22668,9.5547,9.7188,3.2367,-108.9833,109,0.214021
TEL,22768,9.4728,9.6286,3.3086,-108.5284,109,0.214021
TEL,22868,7.5463,9.3102,3.4031,-109.6214,110,0.215984
TEL,22968,8.7727,9.0691,3.8428,-122.8519,122,0.239546
TEL,23068,8.9158,8.9910,3.9907,-126.8343,127,0.249364
TEL,23168,8.8081,8.9422,4.0367,-126.6044,127,0.249364
TEL,23268,8.8438,8.9215,4.0681,-126.2700,126,0.247400
TEL,23368,8.3198,8.7600,4.1714,-129.4887,129,0.253291
TEL,23468,8.7376,8.7391,4.2607,-131.5174,132,0.259181
TEL,23568,8.9706,8.7053,4.2506,-129.8660,130,0.255254
TEL,23668,9.1198,8.7972,4.2523,-128.0349,128,0.251327
TEL,23768,8.7727,8.6968,4.3179,-131.5146,132,0.259181
TEL,23868,9.3128,8.8324,4.2501,-127.3945,127,0.249364
TEL,23968,9.7225,9.1745,3.9518,-115.1130,115,0.225802
TEL,24068,10.0523,9.4804,3.6766,-103.5872,104,0.204204
TEL,24168,9.5754,9.0274,4.2329,-133.3283,124,0.243473
TEL,24268,10.6001,9.7957,3.6033,-102.0784,112,0.219911
TEL,24368,11.3462,10.7765,2.5132,-61.8560,81,0.159043
TEL,24468,11.7872,11.2965,1.9341,-15.6381,40,0.078540
TEL,24568,11.8177,11.3105,2.2686,-71.3871,38,0.074613
TEL,24668,11.9102,11.5345,1.6031,-35.1366,58,0.113883
TEL,24768,12.8424,12.1590,1.0837,-15.2327,20,0.039270
TEL,24868,10.1438,11.7537,0.6317,1.2197,0,0.000000
TEL,24968,12.8068,11.9990,1.7253,-62.7803,21,0.041233
TEL,25068,12.9142,12.3886,0.8818,-37.6545,57,0.111919
TEL,25168,13.4770,13.0687,0.1055,0.0000,18,0.035343
TEL,25268,13.7554,13.3852,-0.2488,0.0000,0,0.000000
TEL,25368,11.3179,12.1312,0.3462,-39.3550,21,0.041233
TEL,25468,13.4381,12.8063,0.5454,-20.8058,22,0.043197
TEL,25568,14.0027,13.4857,-0.2652,0.0000,4,0.007854
TEL,25668,13.8781,13.6616,-0.5877,19.2963,-17,-0.033379
TEL,25768,13.2088,13.0458,0.0514,-30.0344,3,0.005890
TEL,25868,13.2844,13.0315,0.0565,-26.2745,26,0.051051
TEL,25968,13.6348,13.2837,-0.1945,-10.2743,11,0.021598
TEL,26068,13.7554,13.4369,-0.3613,0.8782,-1,-0.001963
TEL,26168,11.4320,12.4675,0.0731,-30.0975,19,0.037306
TEL,26268,12.8068,12.5098,0.6046,-36.7432,37,0.072649
TEL,26368,13.1340,12.8530,0.2330,-15.9794,20,0.039270
TEL,26468,13.2088,12.9870,0.0698,0.0000,1,0.001963
TEL,26568,12.4606,12.4826,0.5081,-36.4534,21,0.041233
TEL,26668,12.2610,12.2853,0.7068,-41.7203,42,0.082467
TEL,26768,12.4269,12.3280,0.6895,-33.4212,33,0.064795
TEL,26868,12.2610,12.3198,0.6721,-27.8314,28,0.054978
TEL,26968,8.5156,11.8360,0.6976,-25.4074,25,0.049087
TEL,27068,11.2897,11.4929,1.4302,-50.0586,44,0.086394
TEL,27168,11.2060,11.3995,1.5592,-48.6080,49,0.096211
TEL,27268,10.9614,11.3011,1.6369,-47.7874,48,0.094248
TEL,27368,8.7904,10.7043,1.8827,-54.2032,54,0.106029
TEL,27468,9.7439,10.1618,2.6486,-95.6277,76,0.149226
TEL,27568,9.5962,9.8349,3.0893,-107.0751,107,0.210094
TEL,27668,9.3722,9.6898,3.2306,-109.0745,109,0.214021
TEL,27768,6.9876,9.5091,3.4909,-116.1618,116,0.227765
TEL,27868,8.1474,8.8898,3.8381,-128.2699,128,0.251327
TEL,27968,8.1938,8.4908,4.4092,-145.3767,143,0.280780
TEL,28068,8.3198,8.3917,4.5887,-149.2937,149,0.292561
TEL,28168,7.2139,8.3793,4.6126,-146.8108,147,0.288634
TEL,28268,8.1938,8.3537,4.6463,-145.3617,145,0.284707
TEL,28368,9.0821,8.5490,4.5389,-138.4805,139,0.272926
TEL,28468,9.4728,8.8048,4.1952,-123.4372,130,0.255254
TEL,28568,7.9964,8.8643,3.8783,-110.0443,114,0.223838
TEL,28668,9.1009,8.9266,4.0734,-116.8093,116,0.227765
TEL,28768,10.6001,9.7145,3.6199,-96.9599,108,0.212057
TEL,28868,9.7439,9.9552,2.9441,-70.2540,88,0.172788
TEL,28968,11.9413,11.1663,2.2402,-42.5597,61,0.119773
TEL,29068,10.6001,10.4141,2.5859,-55.6943,51,0.100138
TEL,29168,12.3269,11.5763,1.8285,-0.1112,47,0.092284
TEL,29268,12.9867,12.3903,0.6097,30.2639,-15,-0.029452
TEL,29368,13.5950,13.1316,0.0799,40.3335,-38,-0.074613
TEL,29468,13.5950,12.8639,0.6307,-16.4782,-31,-0.060868
TEL,29568,13.7961,13.2076,0.0211,0.0000,14,0.027489
TEL,29668,14.0870,13.5862,-0.5862,25.1565,-8,-0.015708
TEL,29768,14.4781,14.0812,-0.9424,36.4970,-33,-0.064795
TEL,29868,12.1635,12.7208,0.2792,0.0000,-28,-0.054978
TEL,29968,14.3895,13.6328,-0.2609,15.2868,-8,-0.015708
TEL,30068,14.4781,14.0656,-1.0656,38.4200,-24,-0.047124
TEL,30168,14.6585,14.3822,-1.2960,43.3773,-43,-0.084430
TEL,30268,14.6585,14.4859,-1.4859,45.1546,-45,-0.088357
TEL,30368,14.5228,14.4888,-1.4835,41.4986,-41,-0.080503
TEL,30468,14.2152,14.4372,-1.4372,36.6992,-37,-0.072649
TEL,30568,13.8370,14.2857,-1.3503,30.9192,-31,-0.060868
TEL,30668,13.6748,14.1226,-1.1226,22.1448,-24,-0.047124
TEL,30768,13.1713,13.7450,-0.8837,12.0877,-14,-0.027489
TEL,30868,12.9142,13.4437,-0.5943,1.3600,-4,-0.007854
TEL,30968,12.3600,12.9127,-0.0958,-14.5808,8,0.015708
TEL,31068,11.9726,12.5131,0.2938,-27.2360,23,0.045160
TEL,31168,11.2617,11.8454,0.9299,-45.0237,36,0.070686
TEL,31268,10.6252,11.3100,1.6900,-66.7163,54,0.106029
REF,31358,17.0000,hold_far
TEL,31368,10.0071,10.5391,2.2276,-88.6765,75,0.147262
TEL,31468,9.5962,10.0905,6.9095,-184.6765,97,0.190459
TEL,31568,9.0075,9.4879,7.3275,-224.0000,183,0.359320
TEL,31668,8.6338,9.1218,7.8782,-224.0000,224,0.439823
TEL,31768,8.3198,8.6548,8.2293,-224.0000,224,0.439823
TEL,31868,8.4659,8.5570,8.4178,-224.0000,224,0.439823
TEL,31968,8.9523,8.6511,8.4017,-224.0000,224,0.439823
TEL,32068,9.3128,8.8074,8.1926,-224.0000,224,0.439823
TEL,32168,9.7653,9.1550,7.9871,-224.0000,224,0.439823
TEL,32268,9.0075,9.2604,7.6646,-224.0000,224,0.439823
TEL,32368,10.5503,9.4214,7.8588,-224.0000,224,0.439823
TEL,32468,11.7568,10.4598,6.5402,-175.3634,215,0.422151
TEL,32568,13.2088,12.4006,5.1994,-122.8992,169,0.331831
TEL,32668,14.0870,13.3653,3.6347,-71.7289,106,0.208131
TEL,32768,13.2844,12.5743,4.8457,-114.4529,81,0.159043
TEL,32868,15.5752,14.5575,2.4425,-24.9953,106,0.208131
TEL,32968,17.3833,16.7116,0.8553,29.8621,22,0.043197
TEL,33068,16.5468,16.8911,-0.1055,54.0758,-43,-0.084430
TEL,33168,15.6264,15.3843,1.8741,-41.9242,-45,-0.088357
TEL,33268,17.6369,16.4186,0.5814,-2.5123,34,0.066759
TEL,33368,18.0304,17.5185,-0.2240,28.2537,2,0.003927
TEL,33468,17.7663,17.6306,-0.6306,35.7325,-35,-0.068722
TEL,33568,14.3895,14.4432,2.4790,-60.2675,-27,-0.053014
TEL,33668,17.0757,15.8301,1.1699,-44.0338,51,0.100138
TEL,33768,16.8960,16.6606,0.4658,-12.3972,29,0.056941
TEL,33868,15.6264,16.4502,0.2879,0.0000,3,0.005890
TEL,33968,14.9370,15.2348,1.5339,-74.8183,9,0.017671
TEL,34068,15.3735,15.1680,1.8320,-72.9851,73,0.143335
TEL,34168,15.6264,15.4170,1.6426,-58.9922,64,0.125664
TEL,34268,15.5243,15.4535,1.5465,-52.9064,53,0.104065
TEL,34368,14.0448,14.6637,2.0853,-82.6932,62,0.121737
TEL,34468,14.2152,14.4914,2.5086,-92.2669,90,0.176715
TEL,34568,14.5678,14.4811,2.5369,-87.8305,88,0.172788
TEL,34668,14.4337,14.4860,2.5140,-84.0324,84,0.164934
TEL,34768,11.5775,13.4170,2.9650,-107.9616,93,0.182605
TEL,34868,13.2465,13.2576,3.7424,-125.9892,116,0.227765
TEL,34968,13.6348,13.4120,3.6400,-117.2817,119,0.233656
TEL,35068,12.9503,13.3737,3.5414,-110.6837,111,0.217948
TEL,35168,11.0418,13.0889,3.5200,-107.6248,108,0.212057
TEL,35268,12.7361,12.8219,4.1781,-127.7206,117,0.229729
TEL,35368,13.6348,13.1340,3.9953,-119.0722,121,0.237583
TEL,35468,13.0232,13.2071,3.7424,-108.1823,111,0.217948
TEL,35568,11.6665,12.3259,4.3374,-145.3498,117,0.229729
TEL,35668,13.1713,12.5716,4.4284,-137.6778,139,0.272926
TEL,35768,14.0448,13.3936,3.8813,-112.4073,129,0.253291
TEL,35868,14.2152,13.8138,3.1862,-87.8065,103,0.202240
TEL,35968,9.7869,11.9670,3.7114,-125.3631,97,0.190459
TEL,36068,13.9194,13.4808,3.5192,-102.5768,117,0.229729
TEL,36168,14.9370,14.5159,2.7278,-68.6360,94,0.184569
TEL,36268,14.5678,14.6615,2.2991,-54.2563,61,0.119773
TEL,36368,13.8370,14.0813,2.7711,-91.9503,63,0.123700
TEL,36468,14.7502,14.3037,2.6963,-82.7885,85,0.166897
TEL,36568,16.2658,15.3367,2.0802,-54.1588,74,0.145299
TEL,36668,16.7781,16.1136,0.8864,-10.3019,46,0.090321
TEL,36768,10.8559,14.3768,0.9630,-26.0664,19,0.037306
TEL,36868,15.8343,15.2262,1.7738,-38.4108,34,0.066759
TEL,36968,17.2591,16.6191,0.7910,1.3668,29,0.056941
TEL,37068,16.1015,16.6197,0.1189,21.8443,-10,-0.019635
TEL,37168,12.1313,15.6249,-0.1162,28.3196,-28,-0.054978
TEL,37268,17.6369,16.2040,1.9152,-55.1523,-19,-0.037306
TEL,37368,17.1976,16.8572,0.3072,-2.6340,51,0.100138
TEL,37468,12.8782,15.9028,1.0972,-59.8402,11,0.021598
TEL,37568,11.9413,15.0470,0.0337,-10.5526,37,0.072649
TEL,37668,15.4737,14.8902,2.1098,-54.7789,15,0.029452
TEL,37768,16.6040,16.1106,1.1924,-17.6212,51,0.100138
TEL,37868,16.7197,16.4302,0.5698,-0.4650,11,0.021598
TEL,37968,11.3462,15.4903,0.4808,-1.3498,1,0.001963
TEL,38068,15.9936,15.2799,2.2987,-82.1676,10,0.019635
TEL,38168,15.3238,15.2989,1.7087,-60.9030,79,0.155116
TEL,38268,15.1281,15.2587,1.7413,-59.8695,60,0.117810
TEL,38368,10.5009,14.5800,1.7896,-60.1601,60,0.117810
TEL,38468,13.1340,13.4608,3.5392,-117.7781,69,0.135481
TEL,38568,13.7150,13.5914,3.4458,-109.9551,116,0.227765
TEL,38668,13.5950,13.5992,3.4008,-106.7485,107,0.210094
TEL,38768,9.3722,12.9871,3.4582,-108.2556,108,0.212057
TEL,38868,11.9726,12.2084,4.7916,-151.0686,117,0.229729
TEL,38968,12.3934,12.3653,4.6429,-143.1027,145,0.284707
TEL,39068,12.3600,12.3740,4.6260,-141.5815,142,0.278816
TEL,39168,8.9523,11.9750,4.6296,-141.2022,141,0.276853
TEL,39268,11.3179,11.4731,5.5269,-169.4754,149,0.292561
TEL,39368,11.9102,11.6409,5.4254,-163.9099,164,0.322013
TEL,39468,11.9726,11.7461,5.2539,-157.0406,158,0.310232
TEL,39568,9.0260,11.4030,5.1198,-151.3503,151,0.296488
TEL,39668,11.2617,10.8696,6.1304,-174.5715,160,0.314159
TEL,39768,12.3934,11.7936,5.5058,-148.9785,166,0.325940
TEL,39868,12.8424,12.3018,4.9449,-129.3081,140,0.274889
TEL,39968,13.3225,12.8399,4.3391,-111.6276,120,0.235619
TEL,40068,13.6748,13.1904,3.8096,-96.1409,104,0.204204
TEL,40168,14.1722,13.6752,3.4893,-87.3292,89,0.174751
TEL,40268,14.5678,14.0229,3.1580,-77.5845,80,0.157080
TEL,40368,15.0799,14.6230,2.5468,-58.1385,69,0.135481
TEL,40468,15.6264,15.0587,2.1536,-45.1813,50,0.098175
TEL,40568,16.0473,15.6541,1.4994,-24.5632,36,0.070686
TEL,40668,16.6040,16.0450,0.9550,-8.3387,17,0.033379
TEL,40768,16.8368,16.4667,0.6564,-0.4776,1,0.001963
TEL,40868,17.0154,16.6941,0.3059,7.3243,-6,-0.011781
TEL,40968,17.3833,17.0043,0.0970,12.0736,-12,-0.023562
TEL,41068,17.2591,17.1065,-0.1065,14.9449,-15,-0.029452
TEL,41168,17.3833,17.1950,-0.1627,13.8061,-14,-0.027489
TEL,41268,17.3210,17.2187,-0.2187,13.3586,-13,-0.025525
TEL,41368,17.3210,17.2490,-0.2407,12.3602,-12,-0.023562
TEL,41468,17.2591,17.2508,-0.2508,0.0000,-4,-0.007854
TEL,41568,17.0154,17.2016,-0.2184,0.0000,0,0.000000
TEL,41668,16.7781,17.1573,-0.1573,0.0000,0,0.000000
TEL,41768,16.6040,16.9986,-0.0503,0.0000,0,0.000000
TEL,41868,16.1015,16.8068,0.1932,0.0000,0,0.000000
TEL,41968,10.7522,15.3612,0.4555,-20.9592,9,0.017671
TEL,42068,13.5950,13.3884,3.6116,-104.1470,30,0.058905
TEL,42168,14.3455,14.0933,3.0333,-80.7481,100,0.196350
TEL,42268,14.2584,14.1681,2.8319,-76.8415,77,0.151189
TEL,42368,10.1208,13.5651,2.8237,-79.1920,79,0.155116
TEL,42468,12.5284,12.6996,4.3004,-128.4331,87,0.170824
TEL,42568,12.9142,12.8155,4.2120,-124.3915,124,0.243473
TEL,42668,11.8484,12.6817,4.1455,-121.8445,122,0.239546
TEL,42768,9.7012,12.2489,4.2496,-125.0843,125,0.245437
TEL,42868,11.4608,11.6914,5.3086,-160.9220,134,0.263108
TEL,42968,12.5284,12.1218,5.0126,-148.2805,153,0.300415
TEL,43068,12.5969,12.3111,4.6889,-136.7774,140,0.274889
TEL,43168,9.5136,11.8957,4.5158,-130.1107,131,0.257218
TEL,43268,11.8177,11.3283,5.6717,-154.9585,138,0.270962
TEL,43368,13.1713,12.4933,4.8840,-125.4945,146,0.286670
TEL,43468,13.3608,13.0096,3.9904,-99.4741,116,0.227765
TEL,43568,10.5009,12.5918,3.6535,-90.5826,92,0.180642
TEL,43668,13.0969,12.6089,4.3911,-111.0894,99,0.194386
TEL,43768,14.5678,13.8019,3.6080,-82.1637,102,0.200277
TEL,43868,13.6748,14.0425,2.7427,-50.6458,73,0.143335
TEL,43968,10.5752,13.3666,2.1003,-29.5766,42,0.082467
TEL,44068,14.5678,13.7071,3.2929,-59.4400,39,0.076576
TEL,44168,16.7197,15.9883,1.5877,-2.3262,50,0.098175
TEL,44268,17.3833,16.8159,0.1841,37.3877,-13,-0.025525
TEL,44368,12.0992,15.6919,-0.2809,45.7643,-44,-0.086394
TEL,44468,16.1559,15.7016,1.2984,-3.5630,-38,-0.074613
TEL,44568,17.5729,16.9321,0.4393,24.4741,-2,-0.003927
TEL,44668,17.9637,17.5321,-0.5321,49.5088,-33,-0.064795
TEL,44768,12.1313,16.3731,-0.7701,49.9431,-50,-0.098175
TEL,44868,17.6369,16.4653,1.7794,-46.0569,-41,-0.080503
TEL,44968,17.1364,16.8973,0.2062,-14.0776,38,0.074613
TEL,45068,17.1364,16.9733,0.0267,0.0000,11,0.021598
TEL,45168,11.1233,16.1141,0.0422,0.0000,0,0.000000
TEL,45268,14.8899,14.9453,2.0547,-65.5630,9,0.017671
TEL,45368,15.3238,15.2120,1.8273,-52.8749,66,0.129591
TEL,45468,15.2745,15.2879,1.7121,-50.0752,50,0.098175
TEL,45568,10.7011,14.4384,1.8289,-55.5664,56,0.109956
TEL,45668,12.9867,13.4576,3.5424,-115.8849,64,0.125664
TEL,45768,13.3993,13.4048,3.5937,-114.7548,115,0.225802
TEL,45868,13.0599,13.3185,3.6815,-116.8603,117,0.229729
TEL,45968,9.6590,12.6231,3.8067,-120.6825,121,0.237583
TEL,46068,12.2283,12.0693,5.0319,-174.2985,130,0.255254
TEL,46168,11.7872,11.8813,5.0906,-172.0312,172,0.337721
TEL,46268,10.9084,11.6795,5.1550,-169.4838,169,0.331831
TEL,46368,8.4990,11.1871,5.3351,-170.9916,171,0.335758
TEL,46468,10.5752,10.7063,6.2937,-198.4542,179,0.351466
TEL,46568,11.1783,10.8966,6.1764,-190.1611,191,0.375028
TEL,46668,11.2060,11.0075,5.9925,-181.9592,183,0.359320
TEL,46768,8.4990,10.6937,5.8918,-177.1083,177,0.347539
TEL,46868,10.6001,10.5337,6.4663,-193.5591,185,0.363247
TEL,46968,11.4320,10.9089,6.2356,-182.9815,186,0.365210
TEL,47068,11.7568,11.2258,5.7742,-165.7227,175,0.343612
TEL,47168,8.5998,10.8232,5.4607,-153.5259,158,0.310232
TEL,47268,12.3600,11.1873,6.3615,-188.7714,163,0.320050
TEL,47368,12.7011,12.0962,5.1960,-147.1631,180,0.353429
TEL,47468,12.2939,12.3306,4.6531,-126.2038,138,0.270962
TEL,47568,9.7653,11.9638,4.0977,-104.3737,117,0.229729
TEL,47668,14.4337,12.7023,5.1393,-143.8685,113,0.221875
TEL,47768,14.8899,14.3115,3.0940,-70.0878,135,0.265072
TEL,47868,12.6662,13.9652,2.2652,-39.6204,61,0.119773
TEL,47968,11.1783,13.5744,1.2959,5.4179,31,0.060868
TEL,48068,15.5752,15.3615,1.6385,-9.2478,1,0.001963
TEL,48168,17.6369,16.9546,0.5078,27.9311,0,0.000000
TEL,48268,17.8974,17.5305,-0.5305,52.7401,-36,-0.070686
TEL,48368,11.8792,14.7237,-0.2298,56.7637,-57,-0.111919
TEL,48468,16.3771,15.3274,1.6726,6.3200,-48,-0.094248
TEL,48568,17.7014,17.1124,0.3075,45.2527,-13,-0.025525
TEL,48668,17.6369,17.4199,-0.4199,54.5225,-53,-0.104065
TEL,48768,13.2465,15.2092,0.4763,-10.1511,-46,-0.090321
TEL,48868,17.0757,15.7774,2.0740,-67.3546,21,0.041233
TEL,48968,16.2107,16.1027,0.9409,-28.7280,59,0.115846
TEL,49068,15.9936,16.0915,0.9085,-28.2908,28,0.054978
TEL,49168,10.8559,15.2507,0.9787,-30.8441,31,0.060868
TEL,49268,13.9610,14.4281,2.5719,-86.4354,40,0.078540
TEL,49368,14.2152,14.3029,2.6718,-87.5411,88,0.172788
TEL,49468,13.8781,14.2181,2.7819,-90.6771,91,0.178678
TEL,49568,9.1769,13.2122,2.9387,-95.5911,96,0.188496
TEL,49668,12.9142,12.7517,4.3552,-152.1748,105,0.206167
TEL,49768,12.2610,12.4732,4.4603,-151.4689,151,0.296488
TEL,49868,12.0992,12.3586,4.6414,-153.6348,154,0.302378
TEL,49968,11.7872,12.1435,4.7801,-155.7839,156,0.306305
TEL,50068,11.6071,11.9884,5.0116,-161.5208,162,0.318086
TEL,50168,11.2897,11.7083,5.1959,-166.4346,166,0.325940
TEL,50268,11.1233,11.5242,5.4758,-174.5049,173,0.339685
TEL,50368,11.0149,11.2845,5.6528,-179.0125,179,0.351466
TEL,50468,11.0418,11.2072,5.7928,-181.4730,181,0.355393
TEL,50568,10.9881,11.1238,5.8543,-181.9010,182,0.357356
TEL,50668,11.1783,11.1301,5.8699,-180.3991,180,0.353429
TEL,50768,11.3747,11.1770,5.8441,-178.1412,178,0.349502
TEL,50868,11.6071,11.2446,5.7955,-175.0906,175,0.343612
TEL,50968,11.9726,11.4364,5.6428,-168.4138,169,0.331831
TEL,51068,12.1958,11.6387,5.3613,-157.1666,160,0.314159
TEL,51168,12.7714,12.0876,5.0930,-146.1357,149,0.292561
TEL,51268,13.0599,12.4619,4.5381,-125.8991,137,0.268999
TEL,51368,13.6748,13.0731,4.1449,-110.9327,117,0.229729
TEL,51468,14.1722,13.5573,3.6848,-94.0458,102,0.200277
TEL,51568,14.8430,14.2247,3.0160,-72.6207,85,0.166897
TEL,51668,15.2254,14.6885,2.5308,-56.1774,64,0.125664
TEL,51768,15.8870,15.3305,1.8843,-36.6259,47,0.092284
TEL,51868,16.1015,15.7000,1.3000,-20.3572,28,0.054978
TEL,51968,12.9867,13.9076,2.3001,-89.7630,29,0.056941
TEL,52068,16.0473,15.1436,1.8564,-51.3116,89,0.174751
TEL,52168,17.0154,16.5122,0.8211,-7.1732,40,0.078540
TEL,52268,17.4461,17.0021,-0.0021,18.8243,-3,-0.005890
TEL,52368,16.1559,15.1832,3.0689,-77.1757,-10,-0.019635
TEL,52468,16.6617,15.9405,1.0595,-39.6814,68,0.133518
TEL,52568,17.7014,17.0998,0.2379,0.0000,38,0.074613
TEL,52668,17.7663,17.4501,-0.4501,20.7056,-7,-0.013744
TEL,52768,14.3455,15.2478,0.8721,-62.3232,-12,-0.023562
TEL,52868,16.7197,16.0718,0.9282,-41.1626,58,0.113883
TEL,52968,17.4461,17.0446,0.1782,0.0000,36,0.070686
TEL,53068,17.4461,17.2957,-0.2957,0.0000,0,0.000000
TEL,53168,13.6748,15.1207,0.7450,-52.3940,9,0.017671
TEL,53268,16.8960,16.0969,1.4682,-53.7597,54,0.106029
TEL,53368,16.5468,16.3741,0.6864,-26.6172,45,0.088357
TEL,53468,16.4899,16.4067,0.5933,-21.5536,22,0.043197
TEL,53568,15.1281,15.4191,1.4199,-68.4932,31,0.060868
TEL,53668,15.6264,15.2778,1.8803,-83.4633,77,0.151189
TEL,53768,15.3238,15.2416,1.7783,-73.4630,75,0.147262
TEL,53868,15.1766,15.2225,1.7775,-67.9224,68,0.133518
TEL,53968,13.5950,13.8973,2.9188,-117.6697,77,0.151189
TEL,54068,13.9610,13.8705,3.1295,-114.4866,114,0.223838
TEL,54168,14.0027,13.9792,3.0260,-104.3939,106,0.208131
TEL,54268,13.9194,13.9797,3.0203,-100.6077,101,0.198313
TEL,54368,12.8424,12.6307,4.5363,-173.3548,110,0.215984
TEL,54468,13.2465,12.8955,4.1045,-145.6890,171,0.335758
TEL,54568,13.7150,13.3416,3.7830,-125.4008,140,0.274889
TEL,54668,13.9610,13.5293,3.4707,-109.2623,117,0.229729
TEL,54768,12.9867,12.2607,5.4522,-201.9688,118,0.231692
TEL,54868,13.7554,13.2825,3.7175,-128.3455,194,0.380918
TEL,54968,14.6585,14.1187,3.1360,-99.7370,161,0.316123
TEL,55068,15.0320,14.5472,2.4528,-71.7877,90,0.176715
TEL,55168,14.3895,13.6655,3.7819,-122.7095,81,0.159043
TEL,55268,15.6264,14.7422,2.2578,-58.3058,116,0.227765
TEL,55368,16.4333,15.8896,1.4257,-24.7689,48,0.094248
TEL,55468,17.1364,16.4721,0.5279,6.0745,17,0.033379
TEL,55568,16.1559,15.4065,2.0092,-47.5505,3,0.005890
TEL,55668,17.1976,16.2980,0.7020,2.3300,45,0.088357
TEL,55768,17.8974,17.4842,-0.2405,34.9941,-12,-0.023562
TEL,55868,18.1652,17.8309,-0.8309,48.8879,-43,-0.084430
TEL,55968,16.6040,16.1092,1.2274,-27.9172,-40,-0.078540
TEL,56068,11.5775,14.7564,0.5607,-1.0259,26,0.051051
TEL,56168,17.4461,17.1065,0.1812,22.0742,-12,-0.023562
TEL,56268,17.3833,17.2271,-0.2271,28.2690,-28,-0.054978
TEL,56368,15.6779,15.4387,1.7532,-55.9866,-19,-0.037306
TEL,56468,15.9401,15.7141,1.2859,-38.1635,52,0.102102
TEL,56568,15.5243,15.7083,1.2482,-37.7673,38,0.074613
TEL,56668,11.8177,15.0166,1.9834,-78.0653,46,0.090321
TEL,56768,14.0027,13.5485,3.7144,-127.2128,87,0.170824
TEL,56868,14.0448,13.7206,3.3961,-111.5738,119,0.233656
TEL,56968,13.3993,13.6399,3.3060,-107.3902,107,0.210094
TEL,57068,12.8782,13.4591,3.4219,-110.2881,110,0.215984
TEL,57168,12.2610,12.2793,4.7107,-156.4522,119,0.233656
TEL,57268,12.3600,12.3134,4.6866,-151.0410,151,0.296488
TEL,57368,12.3934,12.3323,4.6773,-147.5842,148,0.290597
TEL,57468,9.7869,12.0431,4.9569,-162.0205,157,0.308269
TEL,57568,11.8792,11.6276,5.4574,-176.1365,170,0.333794
TEL,57668,12.3269,11.8720,5.1280,-159.0040,167,0.327904
TEL,57768,12.8068,12.3029,4.8481,-144.6650,150,0.294524
TEL,57868,9.7439,11.8133,5.1867,-172.8893,153,0.300415
TEL,57968,12.9867,12.1671,5.1103,-161.9984,165,0.323977
TEL,58068,13.5161,12.7868,4.2132,-123.5734,153,0.300415
TEL,58168,14.3455,13.7137,3.5836,-97.3298,115,0.225802
TEL,58268,10.5256,12.9091,4.0909,-145.0067,106,0.208131
TEL,58368,14.7965,14.0289,3.3958,-108.3040,138,0.270962
TEL,58468,15.5752,14.9009,2.0991,-56.0612,100,0.196350
TEL,58568,16.4899,15.2674,2.8319,-111.2479,60,0.117810
TEL,58668,11.4898,12.3541,4.6459,-191.9930,121,0.237583
TEL,58768,16.8368,15.9598,2.0580,-95.9930,190,0.373064
TEL,58868,17.5729,17.0796,-0.0796,0.0070,127,0.249364
TEL,58968,18.0304,17.7894,-0.6741,33.5387,35,0.068722
TEL,59068,11.5482,14.1944,2.8056,-62.4612,-32,-0.062832
TEL,59168,17.3210,16.7167,0.8600,-43.6470,28,0.054978
TEL,59268,17.7663,17.3712,-0.3712,5.5933,36,0.070686
TEL,59368,17.8316,17.6004,-0.5283,13.7967,-12,-0.023562
TEL,59468,17.5729,16.9872,0.4445,-44.6568,-5,-0.009817
TEL,59568,16.7781,16.4833,0.6445,-43.4383,43,0.084430
TEL,59668,17.2591,16.8598,0.2921,-19.5621,34,0.066759
TEL,59768,17.0757,17.0075,0.0097,-7.2433,11,0.021598
TEL,59868,16.5468,16.8997,0.1003,-9.9216,10,0.019635
TEL,59968,16.1559,16.6197,0.2777,-16.6844,16,0.031416
TEL,60068,15.6264,16.2957,0.7043,-32.1213,26,0.051051
TEL,60168,15.0799,15.6931,1.0952,-46.5105,40,0.078540
TEL,60268,14.5228,15.2195,1.7805,-70.5903,55,0.107992
TEL,60368,14.0027,14.5265,2.2619,-86.3709,80,0.157080
TEL,60468,13.4770,14.0434,2.7253,-102.1791,95,0.186532
TEL,60568,12.9142,13.3860,3.4237,-123.7575,111,0.217948
TEL,60668,12.4944,13.0152,3.9848,-140.0335,133,0.261145
TEL,60768,12.0673,12.5177,4.3276,-149.0126,147,0.288634
TEL,60868,11.8484,12.2458,4.7542,-159.9833,157,0.308269
TEL,60968,11.5189,11.8616,5.0344,-167.3456,166,0.325940
TEL,61068,11.2617,11.6416,5.3584,-175.4296,174,0.341648
TEL,61168,11.1783,11.4238,5.5167,-178.3669,178,0.349502
TEL,61268,11.1508,11.3398,5.6602,-180.1059,180,0.353429
REF,61358,9.0000,hold_near
TEL,61368,11.1783,11.2746,5.7100,-179.3457,179,0.351466
TEL,61468,11.2617,11.2717,-2.2717,-83.3458,170,0.333794
TEL,61568,11.4033,11.2665,-2.2511,12.6543,84,0.164934
TEL,61668,11.6367,11.3227,-2.3227,67.0744,-9,-0.017671
TEL,61768,9.1009,11.1387,-2.4146,71.9182,-72,-0.141372
TEL,61868,11.9413,11.0308,-1.5986,32.1565,-63,-0.123700
TEL,61968,11.8484,11.4684,-2.3265,62.9472,-41,-0.080503
TEL,62068,11.7266,11.5902,-2.5902,73.9680,-71,-0.139408
TEL,62168,9.6170,11.3220,-2.6310,76.4801,-76,-0.149226
TEL,62268,10.3076,10.7303,-1.7303,44.8605,-68,-0.133518
TEL,62368,10.6504,10.7324,-1.7515,48.1497,-48,-0.094248
TEL,62468,10.4277,10.6800,-1.6800,46.0329,-46,-0.090321
TEL,62568,7.9669,10.1553,-1.5533,41.3809,-41,-0.080503
TEL,62668,8.5323,9.2688,-0.2688,-6.4917,-32,-0.062832
TEL,62768,8.7202,8.9422,-0.0189,-12.5895,12,0.023562
TEL,62868,7.7653,8.6112,0.1550,-16.8246,17,0.033379
TEL,62968,8.2563,8.3875,0.5766,-28.3782,25,0.049087
TEL,63068,7.8938,8.2942,0.7058,-30.4202,30,0.058905
TEL,63168,8.9158,8.4357,0.6580,-24.6043,25,0.049087
TEL,63268,9.2932,8.6872,0.3128,0.0000,16,0.031416
TEL,63368,9.6801,9.1496,0.0078,4.7271,-5,-0.009817
TEL,63468,9.0821,9.1337,-0.1337,0.0000,0,0.000000
TEL,63568,10.0071,9.4368,-0.3013,14.4166,-9,-0.017671
TEL,63668,9.2541,9.5206,-0.5969,26.3202,-22,-0.043197
TEL,63768,8.6510,9.5760,-0.8651,36.8772,-34,-0.066759
TEL,63868,9.1009,9.1347,-0.1347,11.3697,-28,-0.054978
TEL,63968,10.0978,9.6009,-0.4393,23.0405,-19,-0.037306
TEL,64068,8.7202,9.4795,-0.7064,31.2493,-30,-0.058905
TEL,64168,9.6379,9.6232,-0.6195,27.2051,-27,-0.053014
TEL,64268,8.3038,9.3980,-0.3980,14.8813,-19,-0.037306
TEL,64368,8.7552,9.0669,-0.1527,0.0000,-6,-0.011781
TEL,64468,8.6510,8.9157,0.0186,0.0000,0,0.000000
TEL,64568,6.6245,8.7262,0.2738,-13.0453,8,0.015708
TEL,64668,7.2139,8.7262,0.2738,-13.0453,7,0.013744
TEL,64768,8.4659,8.4853,0.4370,-17.6707,18,0.035343
TEL,64868,8.8617,8.5757,0.5147,-18.8377,19,0.037306
TEL,64968,9.1198,8.7682,0.3656,-11.7176,12,0.023562
TEL,65068,6.9531,8.8343,0.2318,0.0000,0,0.000000
TEL,65168,9.0633,8.8277,0.2311,0.0000,0,0.000000
TEL,65268,9.3524,8.9605,0.1723,0.0000,0,0.000000
TEL,65368,9.4122,9.1345,-0.0214,0.0000,0,0.000000
TEL,65468,7.1050,8.9420,-0.1345,0.0000,0,0.000000
TEL,65568,9.0446,8.9070,0.1233,0.0000,0,0.000000
TEL,65668,9.0446,8.9459,0.0930,0.0000,0,0.000000
TEL,65768,8.8977,8.9459,0.0486,0.0000,0,0.000000
TEL,65868,6.8738,8.9459,0.0541,0.0000,0,0.000000
TEL,65968,8.0864,8.6343,0.1657,0.0000,0,0.000000
TEL,66068,8.1321,8.4815,0.3657,-14.1359,14,0.027489
TEL,66168,8.4494,8.4272,0.5657,-20.5760,21,0.041233
TEL,66268,6.9646,8.4385,0.5728,-19.6523,20,0.039270
TEL,66368,8.5323,8.3731,0.6326,-21.7566,22,0.043197
TEL,66468,8.7904,8.4563,0.6269,-20.1483,20,0.039270
TEL,66568,8.9890,8.6223,0.4948,-14.4086,14,0.027489
TEL,66668,7.1894,8.6881,0.3777,-9.3440,9,0.017671
TEL,66768,8.7376,8.5927,0.4221,-12.8187,13,0.025525
TEL,66868,8.8797,8.6714,0.4073,-11.6034,12,0.023562
TEL,66968,8.8259,8.7398,0.2956,0.0000,0,0.000000
TEL,67068,7.5065,8.6180,0.2602,0.0000,0,0.000000
TEL,67168,8.1016,8.3227,0.5452,-20.0595,20,0.039270
TEL,67268,8.1938,8.2931,0.6773,-24.4181,24,0.047124
TEL,67368,8.2563,8.2782,0.7069,-24.6492,25,0.049087
TEL,67468,7.3639,8.2921,0.7218,-24.2031,24,0.047124
TEL,67568,8.3518,8.2703,0.7398,-24.2089,24,0.047124
TEL,67668,8.6338,8.3255,0.7095,-22.1470,22,0.043197
TEL,67768,8.8977,8.4737,0.5845,-16.7300,17,0.033379
TEL,67868,8.8977,8.5840,0.4663,-11.6986,12,0.023562
TEL,67968,8.6338,8.5390,0.4773,-13.5585,14,0.027489
TEL,68068,8.9523,8.6198,0.4298,-11.4593,11,0.021598
TEL,68168,9.1009,8.7862,0.2667,0.0000,0,0.000000
TEL,68268,9.1198,8.8787,0.1625,0.0000,0,0.000000
TEL,68368,8.5659,8.7207,0.2474,0.0000,0,0.000000
TEL,68468,8.7376,8.7137,0.2902,0.0000,0,0.000000
TEL,68568,8.7552,8.7353,0.2671,0.0000,0,0.000000
TEL,68668,8.5659,8.7107,0.2746,0.0000,0,0.000000
TEL,68768,7.8219,8.6299,0.3701,-12.1146,1,0.001963
TEL,68868,8.1016,8.4909,0.5091,-17.7247,13,0.025525
TEL,68968,8.4166,8.4343,0.5657,-18.7960,19,0.037306
TEL,69068,8.5828,8.4584,0.5416,-17.1286,18,0.035343
TEL,69168,8.0412,8.4158,0.5842,-18.5612,18,0.035343
TEL,69268,8.4659,8.4100,0.5900,-18.2548,18,0.035343
TEL,69368,8.5659,8.4516,0.5484,-16.5138,17,0.033379
TEL,69468,8.5156,8.4665,0.5335,-15.9166,16,0.031416
TEL,69568,8.4659,8.4734,0.5260,-15.6979,16,0.031416
TEL,69668,8.3679,8.4618,0.5382,-16.2773,16,0.031416
TEL,69768,8.3038,8.4338,0.5662,-17.3367,17,0.033379
TEL,69868,8.3518,8.4246,0.5754,-17.6520,18,0.035343
TEL,69968,8.4166,8.4242,0.5758,-17.5656,18,0.035343
TEL,70068,8.3518,8.4177,0.5823,-17.7790,18,0.035343
TEL,70168,8.3679,8.4030,0.5970,-18.1851,18,0.035343
TEL,70268,8.3038,8.3958,0.6042,-18.4564,18,0.035343
TEL,70368,8.2879,8.3847,0.6153,-18.8301,19,0.037306
TEL,70468,8.3198,8.3781,0.6219,-19.0039,19,0.037306
TEL,70568,8.3038,8.3699,0.6301,-19.2382,19,0.037306
TEL,70668,8.3038,8.3643,0.6357,-19.3887,19,0.037306
TEL,70768,8.2879,8.3556,0.6444,-19.6413,20,0.039270
TEL,70868,8.2879,8.3502,0.6498,-19.7930,20,0.039270
TEL,70968,8.2879,8.3442,0.6558,-19.9523,20,0.039270
TEL,71068,8.2879,8.3399,0.6601,-20.0600,20,0.039270
TEL,71168,8.2879,8.3355,0.6627,-20.1200,20,0.039270
TEL,71268,8.3038,8.3327,0.6673,-20.2197,20,0.039270
TEL,71368,8.2879,8.3293,0.6707,-20.3049,20,0.039270
TEL,71468,8.2879,8.3266,0.6734,-20.3698,20,0.039270
TEL,71568,6.6141,8.3232,0.6734,-20.3698,20,0.039270
TEL,71668,7.8793,8.3091,0.6909,-21.0240,21,0.041233
TEL,71768,8.2093,8.2863,0.7102,-21.7670,22,0.043197
TEL,71868,8.2406,8.2844,0.7156,-21.8492,22,0.043197
TEL,71968,6.5417,8.2833,0.7156,-21.8492,22,0.043197
TEL,72068,7.8505,8.2316,0.7475,-23.0574,23,0.045160
TEL,72168,8.1783,8.2102,0.7796,-24.1620,24,0.047124
TEL,72268,8.2406,8.2118,0.7899,-24.2495,24,0.047124
TEL,72368,6.6245,8.2171,0.7858,-23.9031,24,0.047124
TEL,72468,7.6681,8.1896,0.8104,-24.8513,25,0.049087
TEL,72568,8.1783,8.1752,0.8250,-25.2992,25,0.049087
TEL,72668,8.2721,8.1823,0.8229,-25.0237,25,0.049087
TEL,72768,6.8738,8.1908,0.8092,-24.3878,24,0.047124
TEL,72868,7.7373,8.1671,0.8329,-25.2917,25,0.049087
TEL,72968,8.1628,8.1514,0.8493,-25.8742,26,0.051051
TEL,73068,8.2563,8.1595,0.8405,-25.3342,25,0.049087
TEL,73168,7.2016,8.1724,0.8276,-24.7213,25,0.049087
TEL,73268,7.6407,8.1431,0.8569,-25.9086,26,0.051051
TEL,73368,8.1474,8.1265,0.8750,-26.4743,26,0.051051
TEL,73468,8.2249,8.1363,0.8637,-25.9122,26,0.051051
TEL,73568,8.2879,8.1590,0.8491,-25.2570,25,0.049087
TEL,73668,7.2881,8.1590,0.8491,-25.2570,25,0.049087
TEL,73768,8.1474,8.1367,0.8576,-25.7870,26,0.051051
TEL,73868,8.2249,8.1449,0.8633,-25.9202,26,0.051051
TEL,73968,8.2563,8.1635,0.8488,-25.3010,25,0.049087
TEL,74068,7.3132,8.1635,0.8365,-24.8214,25,0.049087
TEL,74168,8.1321,8.1332,0.8586,-25.7740,26,0.051051
TEL,74268,8.2249,8.1409,0.8668,-26.0176,26,0.051051
TEL,74368,8.2721,8.1600,0.8536,-25.4566,25,0.049087
TEL,74468,7.2881,8.1600,0.8400,-24.9038,25,0.049087
TEL,74568,8.0864,8.1169,0.8674,-26.0703,26,0.051051
TEL,74668,8.2249,8.1262,0.8831,-26.5919,27,0.053014
TEL,74768,8.2721,8.1493,0.8669,-25.8786,26,0.051051
TEL,74868,6.4708,8.1577,0.8507,-25.2030,25,0.049087
TEL,74968,8.0713,8.0968,0.8802,-26.7209,27,0.053014
TEL,75068,8.1938,8.1080,0.9032,-27.3839,27,0.053014
TEL,75168,8.2721,8.1354,0.8840,-26.4954,26,0.051051
TEL,75268,6.4909,8.1456,0.8646,-25.6401,26,0.051051
TEL,75368,8.0864,8.0896,0.8931,-27.1319,27,0.053014
TEL,75468,8.1938,8.0989,0.9104,-27.5631,28,0.054978
TEL,75568,8.2721,8.1200,0.9011,-27.0053,27,0.053014
TEL,75668,6.4608,8.1295,0.8800,-26.0562,26,0.051051
TEL,75768,8.0113,8.0724,0.9062,-27.4513,27,0.053014
TEL,75868,8.1783,8.0833,0.9276,-28.1714,28,0.054978
TEL,75968,8.2721,8.1158,0.9066,-27.1532,27,0.053014
TEL,76068,6.8403,8.1281,0.8842,-26.1540,26,0.051051
TEL,76168,7.9816,8.0926,0.8980,-27.0137,27,0.053014
TEL,76268,8.2406,8.1050,0.9056,-27.1665,27,0.053014
TEL,76368,8.2879,8.1341,0.8775,-26.0350,26,0.051051
TEL,76468,6.9646,8.1438,0.8562,-25.2014,25,0.049087
TEL,76568,7.9083,8.0944,0.8895,-26.6558,27,0.053014
TEL,76668,8.1783,8.0990,0.9075,-27.2569,27,0.053014
TEL,76768,8.2563,8.1265,0.8834,-26.2854,26,0.051051
TEL,76868,6.8292,8.1379,0.8621,-25.3847,25,0.049087
TEL,76968,7.9816,8.1024,0.8875,-26.5235,27,0.053014
TEL,77068,8.1474,8.1014,0.9022,-27.1264,27,0.053014
TEL,77168,8.2563,8.1282,0.8811,-26.2218,26,0.051051
TEL,77268,7.0108,8.1369,0.8631,-25.4947,25,0.049087
TEL,77368,7.8505,8.1176,0.8824,-26.3874,26,0.051051
TEL,77468,8.1628,8.1157,0.8843,-26.3703,26,0.051051
TEL,77568,7.0813,8.1306,0.8694,-25.7508,26,0.051051
TEL,77668,8.2563,8.1462,0.8538,-25.1606,25,0.049087
TEL,77768,7.8362,8.1265,0.8735,-26.0691,26,0.051051
TEL,77868,8.1321,8.1195,0.8805,-26.2910,26,0.051051
TEL,77968,8.2563,8.1391,0.8609,-25.5190,26,0.051051
TEL,78068,8.2879,8.1549,0.8451,-24.8858,25,0.049087
TEL,78168,7.8219,8.1345,0.8655,-25.8251,26,0.051051
TEL,78268,8.1321,8.1258,0.8742,-26.1145,26,0.051051
TEL,78368,8.2406,8.1411,0.8589,-25.5058,26,0.051051
TEL,78468,8.2879,8.1580,0.8420,-24.8390,25,0.049087
TEL,78568,7.6956,8.1304,0.8696,-26.0521,26,0.051051
TEL,78668,8.1168,8.1171,0.8829,-26.4608,26,0.051051
TEL,78768,8.2406,8.1337,0.8663,-25.7684,26,0.051051
TEL,78868,8.2879,8.1512,0.8488,-25.0506,25,0.049087
TEL,78968,7.7513,8.1264,0.8736,-26.1485,26,0.051051
TEL,79068,8.0713,8.1133,0.8867,-26.6487,27,0.053014
TEL,79168,8.2249,8.1278,0.8722,-26.0159,26,0.051051
TEL,79268,8.2879,8.1450,0.8550,-25.2794,25,0.049087
TEL,79368,7.6000,8.1114,0.8886,-26.7123,26,0.051051
TEL,79468,8.3038,8.1050,0.8950,-26.4092,26,0.051051
TEL,79568,8.3038,8.1465,0.8535,-24.9028,25,0.049087
TEL,79668,8.2879,8.1679,0.8321,-24.1691,24,0.047124
TEL,79768,8.2879,8.1931,0.8069,-23.4250,23,0.045160
TEL,79868,8.2879,8.2061,0.7939,-23.0824,23,0.045160
TEL,79968,8.3038,8.2223,0.7833,-22.8288,23,0.045160
TEL,80068,8.3038,8.2322,0.7678,-22.4229,22,0.043197
TEL,80168,8.3198,8.2458,0.7542,-22.0589,22,0.043197
TEL,80268,8.3038,8.2521,0.7479,-21.9472,22,0.043197
TEL,80368,8.3038,8.2597,0.7403,-21.7914,22,0.043197
TEL,80468,8.3038,8.2639,0.7361,-21.7283,22,0.043197
TEL,80568,8.3198,8.2705,0.7318,-21.6521,22,0.043197
TEL,80668,8.3198,8.2720,0.7280,-21.5655,22,0.043197
TEL,80768,8.2879,8.2744,0.7256,-21.5550,22,0.043197
TEL,80868,8.3198,8.2772,0.7228,-21.4867,21,0.041233
TEL,80968,8.3038,8.2821,0.7179,-21.3712,21,0.041233
TEL,81068,8.3198,8.2841,0.7159,-21.3219,21,0.041233
TEL,81168,8.3198,8.2865,0.7135,-21.2630,21,0.041233
TEL,81268,8.3038,8.2876,0.7124,-21.2566,21,0.041233
TEL,81368,6.4909,8.2895,0.7124,-21.2566,21,0.041233
TEL,81468,7.8219,8.2758,0.7242,-21.8504,22,0.043197
TEL,81568,8.1783,8.2587,0.7380,-22.3749,22,0.043197
TEL,81668,8.2563,8.2574,0.7426,-22.4471,22,0.043197
TEL,81768,6.6245,8.2590,0.7410,-22.3203,22,0.043197
TEL,81868,7.6818,8.2389,0.7611,-23.0892,23,0.045160
TEL,81968,8.1474,8.2180,0.7785,-23.6635,24,0.047124
TEL,82068,8.2563,8.2208,0.7792,-23.5502,24,0.047124
TEL,82168,6.6455,8.2265,0.7735,-23.2500,23,0.045160
TEL,82268,7.6407,8.2014,0.7986,-24.2265,24,0.047124
TEL,82368,8.1321,8.1785,0.8188,-24.9179,25,0.049087
TEL,82468,8.2406,8.1841,0.8159,-24.6404,25,0.049087
TEL,82568,7.1772,8.1921,0.8079,-24.2109,24,0.047124
TEL,82668,7.6681,8.1659,0.8341,-25.2531,25,0.049087
TEL,82768,8.1628,8.1481,0.8528,-25.9462,26,0.051051
TEL,82868,8.2249,8.1558,0.8442,-25.4676,25,0.049087
TEL,82968,8.2563,8.1722,0.8327,-24.9073,25,0.049087
TEL,83068,7.3639,8.1722,0.8327,-24.9073,25,0.049087
TEL,83168,8.1321,8.1420,0.8490,-25.6751,26,0.051051
TEL,83268,8.2406,8.1494,0.8580,-25.9071,26,0.051051
TEL,83368,8.2721,8.1668,0.8456,-25.3433,25,0.049087
TEL,83468,7.3385,8.1668,0.8332,-24.8044,25,0.049087
TEL,83568,8.1321,8.1342,0.8557,-25.7498,26,0.051051
TEL,83668,8.2406,8.1417,0.8658,-26.0354,26,0.051051
TEL,83768,8.2879,8.1616,0.8527,-25.4673,25,0.049087
TEL,83868,6.4608,8.1616,0.8384,-24.8572,25,0.049087
TEL,83968,8.1168,8.1203,0.8675,-26.0938,26,0.051051
TEL,84068,8.2249,8.1301,0.8797,-26.4458,26,0.051051
TEL,84168,8.2721,8.1506,0.8642,-25.8027,26,0.051051
TEL,84268,6.4708,8.1568,0.8494,-25.1773,25,0.049087
TEL,84368,8.1016,8.1126,0.8726,-26.3813,26,0.051051
TEL,84468,8.2093,8.1198,0.8874,-26.7911,27,0.053014
TEL,84568,8.2879,8.1435,0.8738,-26.1485,26,0.051051
TEL,84668,6.4608,8.1435,0.8565,-25.3841,25,0.049087
TEL,84768,8.0562,8.0879,0.8907,-26.8225,27,0.053014
TEL,84868,8.1938,8.0981,0.9121,-27.5099,28,0.054978
TEL,84968,8.2563,8.1258,0.8924,-26.6041,27,0.053014
TEL,85068,6.5829,8.1345,0.8742,-25.8397,26,0.051051
TEL,85168,7.9521,8.0958,0.8927,-26.8591,27,0.053014
TEL,85268,8.1938,8.1063,0.9004,-26.9578,27,0.053014
TEL,85368,8.2721,8.1351,0.8749,-25.9354,26,0.051051
TEL,85468,6.7961,8.1487,0.8513,-24.9246,25,0.049087
TEL,85568,7.9964,8.1134,0.8770,-26.1167,26,0.051051
TEL,85668,8.1474,8.1129,0.8898,-26.6461,27,0.053014
TEL,85768,8.2879,8.1389,0.8716,-25.8844,26,0.051051
TEL,85868,6.5932,8.1489,0.8511,-25.0639,25,0.049087
TEL,85968,7.9669,8.1090,0.8795,-26.3192,26,0.051051
TEL,86068,8.1783,8.1133,0.8916,-26.7151,27,0.053014
TEL,86168,8.2563,8.1298,0.8792,-26.1390,26,0.051051
TEL,86268,7.2016,8.1402,0.8598,-25.3254,25,0.049087
TEL,86368,7.8938,8.0915,0.8921,-26.7368,27,0.053014
TEL,86468,8.1474,8.0942,0.9100,-27.3274,27,0.053014
TEL,86568,8.2563,8.1238,0.8978,-26.7227,27,0.053014
TEL,86668,7.0108,8.1330,0.8670,-25.5979,26,0.051051
TEL,86768,7.8505,8.1135,0.8864,-26.5031,27,0.053014
TEL,86868,8.1321,8.1070,0.8930,-26.6711,27,0.053014
TEL,86968,7.2881,8.1223,0.8777,-26.0055,26,0.051051
TEL,87068,8.2879,8.1435,0.8565,-25.1676,25,0.049087
TEL,87168,7.7513,8.0754,0.9246,-28.1676,26,0.051051
TEL,87268,8.1168,8.0760,0.9240,-27.9242,28,0.054978
TEL,87368,8.2721,8.1072,0.8927,-26.5553,27,0.053014
TEL,87468,8.2879,8.1331,0.8669,-25.4879,26,0.051051
TEL,87568,7.6407,8.0963,0.9037,-27.0924,26,0.051051
TEL,87668,8.0864,8.0808,0.9192,-27.5481,28,0.054978
TEL,87768,8.2563,8.1072,0.8928,-26.4219,27,0.053014
TEL,87868,8.2879,8.1319,0.8681,-25.4267,25,0.049087
TEL,87968,7.7513,8.1036,0.8964,-26.7225,26,0.051051
TEL,88068,8.1016,8.0888,0.9112,-27.1812,27,0.053014
TEL,88168,6.4808,8.1064,0.8936,-26.4272,26,0.051051
TEL,88268,8.2879,8.1298,0.8702,-25.4768,25,0.049087
TEL,88368,7.6544,8.0949,0.9051,-27.0365,26,0.051051
TEL,88468,8.0562,8.0730,0.9270,-27.7725,28,0.054978
TEL,88568,8.2249,8.0979,0.9021,-26.7440,27,0.053014
TEL,88668,8.2879,8.1239,0.8761,-25.6786,26,0.051051
TEL,88768,7.4151,8.1362,0.8761,-25.6786,26,0.051051
TEL,88868,8.0113,8.1045,0.8874,-26.5151,27,0.053014
TEL,88968,8.2249,8.1187,0.8933,-26.6630,27,0.053014
TEL,89068,8.2563,8.1369,0.8719,-25.7896,26,0.051051
TEL,89168,7.3132,8.1460,0.8540,-25.0963,25,0.049087
TEL,89268,7.9375,8.1030,0.8834,-26.4079,26,0.051051
TEL,89368,8.2249,8.1152,0.8971,-26.8487,27,0.053014
TEL,89468,8.2721,8.1335,0.8764,-26.0046,26,0.051051
TEL,89568,8.2721,8.1584,0.8583,-25.3084,25,0.049087
TEL,89668,8.2879,8.1748,0.8331,-24.4379,24,0.047124
TEL,89768,8.3038,8.1971,0.8179,-23.9323,24,0.047124
TEL,89868,8.2879,8.2090,0.7962,-23.2621,23,0.045160
TEL,89968,8.2879,8.2232,0.7852,-22.9462,23,0.045160
TEL,90068,8.3198,8.2320,0.7731,-22.6526,23,0.045160
TEL,90168,8.2879,8.2413,0.7649,-22.4726,22,0.043197
TEL,90268,8.2879,8.2459,0.7563,-22.2816,22,0.043197
TEL,90368,8.3198,8.2530,0.7521,-22.2134,22,0.043197
TEL,90468,8.3038,8.2582,0.7440,-21.9844,22,0.043197
TEL,90568,8.2879,8.2644,0.7392,-21.8587,22,0.043197
TEL,90668,8.3038,8.2676,0.7340,-21.7466,22,0.043197
TEL,90768,8.2879,8.2704,0.7316,-21.7316,22,0.043197
TEL,90868,8.3198,8.2734,0.7284,-21.6609,22,0.043197
TEL,90968,8.2879,8.2753,0.7256,-21.6005,22,0.043197
TEL,91068,8.2879,8.2761,0.7247,-21.6083,22,0.043197
TEL,91168,8.2879,8.2777,0.7235,-21.6003,22,0.043197
TEL,91268,8.2879,8.2782,0.7220,-21.5782,22,0.043197
TEL,91368,8.2879,8.2790,0.7215,-21.5777,22,0.043197
TEL,91468,8.3038,8.2799,0.7208,-21.5682,22,0.043197
TEL,91568,6.9417,8.2803,0.7199,-21.5531,22,0.043197
TEL,91668,7.4802,8.2803,0.7199,-21.5531,22,0.043197
TEL,91768,8.1474,8.2586,0.7308,-22.0133,22,0.043197
TEL,91868,8.2249,8.2550,0.7414,-22.4079,22,0.043197
TEL,91968,8.2563,8.2552,0.7449,-22.4651,22,0.043197
TEL,92068,7.3132,8.2552,0.7448,-22.4282,22,0.043197
TEL,92168,8.0562,8.2267,0.7582,-22.9334,23,0.045160
TEL,92268,8.2249,8.2237,0.7733,-23.5199,24,0.047124
TEL,92368,8.2721,8.2289,0.7745,-23.4128,23,0.045160
TEL,92468,7.4281,8.2289,0.7711,-23.2144,23,0.045160
TEL,92568,8.1168,8.2038,0.7858,-23.7694,24,0.047124
TEL,92668,8.2093,8.2036,0.7962,-24.1377,24,0.047124
TEL,92768,8.3038,8.2127,0.7943,-23.9485,24,0.047124
TEL,92868,6.4808,8.2144,0.7873,-23.5996,24,0.047124
TEL,92968,8.0562,8.1774,0.8057,-24.4441,24,0.047124
TEL,93068,8.2249,8.1783,0.8226,-25.0518,25,0.049087
TEL,93168,8.2879,8.1909,0.8217,-24.8515,25,0.049087
TEL,93268,6.5417,8.1909,0.8091,-24.2821,24,0.047124
TEL,93368,8.0562,8.1716,0.8223,-24.7909,25,0.049087
TEL,93468,8.2093,8.1716,0.8304,-25.0566,25,0.049087
TEL,93568,8.2721,8.1831,0.8213,-24.6331,25,0.049087
TEL,93668,6.5315,8.1872,0.8128,-24.2609,24,0.047124
TEL,93768,8.0713,8.1579,0.8425,-25.6134,26,0.051051
TEL,93868,8.1938,8.1593,0.8427,-25.5378,26,0.051051
TEL,93968,8.2721,8.1682,0.8373,-25.2063,25,0.049087
TEL,94068,6.7200,8.1743,0.8257,-24.6584,25,0.049087
TEL,94168,8.0562,8.1499,0.8444,-25.4311,25,0.049087
TEL,94268,8.1783,8.1505,0.8511,-25.6319,26,0.051051
TEL,94368,8.2563,8.1653,0.8396,-25.1111,25,0.049087
TEL,94468,6.6986,8.1715,0.8285,-24.6195,25,0.049087
TEL,94568,7.9083,8.1292,0.8564,-25.7910,26,0.051051
TEL,94668,8.1628,8.1278,0.8745,-26.4128,26,0.051051
TEL,94768,8.2721,8.1475,0.8602,-25.7266,26,0.051051
TEL,94868,6.6986,8.1548,0.8452,-25.0924,25,0.049087
TEL,94968,8.0262,8.1165,0.8768,-26.4171,26,0.051051
TEL,95068,8.1628,8.1185,0.8845,-26.6448,27,0.053014
TEL,95168,8.2879,8.1404,0.8689,-25.9457,26,0.051051
TEL,95268,8.2563,8.1550,0.8516,-25.2316,25,0.049087
TEL,95368,7.8362,8.1004,0.8792,-26.6389,27,0.053014
TEL,95468,8.1783,8.1019,0.9041,-27.4382,27,0.053014
TEL,95568,8.2563,8.1257,0.8837,-26.5103,27,0.053014
TEL,95668,8.2563,8.1437,0.8645,-25.6516,26,0.051051
TEL,95768,7.8938,8.0899,0.8934,-27.1315,27,0.053014
TEL,95868,8.1628,8.0929,0.9128,-27.6960,28,0.054978
TEL,95968,8.2406,8.1112,0.8987,-26.9431,27,0.053014
TEL,96068,8.2563,8.1309,0.8786,-26.0505,26,0.051051
TEL,96168,7.8938,8.1144,0.8856,-26.5715,27,0.053014
TEL,96268,8.1168,8.1106,0.8894,-26.6702,27,0.053014
TEL,96368,8.2406,8.1333,0.8667,-25.7826,26,0.051051
TEL,96468,8.2563,8.1484,0.8516,-25.1840,25,0.049087
TEL,96568,7.7935,8.1262,0.8738,-26.1667,26,0.051051
