BALL_BEAM_REF_BOOT
HOST_START_READY
REF_CFG,profile=center_far_near_90s,center_cm=13.0000,near_cm=9.0000,far_cm=17.0000,segment_ms=30000
REF,1925,13.0000,hold_center
TEL,1928,8.1628,8.1820,4.8166,0.0000,0,0.000000
TEL,2028,8.2721,8.1881,4.8119,-96.0000,1,0.001963
TEL,2128,6.5010,8.2029,4.7971,-144.1061,76,0.149226
TEL,2228,7.8362,8.1816,4.8184,-144.8962,91,0.178678
TEL,2328,8.1783,8.1845,4.8151,-144.7097,144,0.282743
TEL,2428,8.2879,8.1957,4.8043,-144.1579,144,0.282743
TEL,2528,7.1170,8.2134,4.7866,-143.3312,143,0.280780
TEL,2628,7.7513,8.1871,4.8129,-144.4496,144,0.282743
TEL,2728,8.3841,8.1923,4.8210,-144.5479,145,0.284707
TEL,2828,8.5491,8.2332,4.7668,-142.2657,144,0.282743
TEL,2928,8.6510,8.3177,4.7139,-140.0994,141,0.276853
TEL,3028,7.6135,8.2522,4.7478,-142.4273,141,0.276853
TEL,3128,8.4990,8.2704,4.7570,-142.2017,142,0.278816
TEL,3228,8.7376,8.3600,4.6400,-137.4517,141,0.276853
TEL,3328,8.8617,8.5075,4.4925,-131.9984,137,0.268999
TEL,3428,6.7308,8.5075,4.4925,-131.9984,132,0.259181
TEL,3528,8.6510,8.4937,4.5352,-134.6387,135,0.265072
TEL,3628,8.8977,8.5810,4.5063,-133.5528,134,0.263108
TEL,3728,9.0446,8.7357,4.3652,-128.2519,128,0.251327
TEL,3828,7.7794,8.6405,4.2643,-124.5980,125,0.245437
TEL,3928,8.8259,8.7230,4.3595,-132.3525,132,0.259181
TEL,4028,9.1961,8.8248,4.2770,-128.8759,129,0.253291
TEL,4128,9.3524,8.9723,4.0980,-121.1393,121,0.237583
TEL,4228,7.3894,8.8946,3.9603,-115.7320,116,0.227765
TEL,4328,9.0633,8.8487,4.2026,-125.3168,125,0.245437
TEL,4428,9.7439,9.1254,4.0247,-118.1728,118,0.231692
TEL,4528,9.9401,9.4330,3.7153,-105.0751,105,0.206167
TEL,4628,8.7552,9.4715,3.3217,-91.4301,91,0.178678
TEL,4728,9.7439,9.2454,3.9934,-127.2116,120,0.235619
TEL,4828,10.4520,9.9558,3.4998,-103.1833,104,0.204204
TEL,4928,10.7266,10.2835,2.8803,-81.5854,83,0.162970
TEL,5028,8.8259,10.1162,2.6078,-73.0570,73,0.143335
TEL,5128,10.1208,9.7233,3.5174,-120.5537,105,0.206167
TEL,5228,10.8038,10.3655,3.0101,-94.0520,97,0.190459
TEL,5328,10.9349,10.6191,2.4912,-74.9415,75,0.147262
TEL,5428,8.8081,10.3940,2.2605,-66.3348,66,0.129591
TEL,5528,10.8821,10.1577,3.3220,-120.2291,99,0.194386
TEL,5628,10.8821,10.6400,2.6306,-89.7836,99,0.194386
TEL,5728,11.0418,10.8074,2.2639,-75.3137,75,0.147262
TEL,5828,11.1233,10.9552,2.1315,-70.0610,70,0.137445
TEL,5928,9.3722,10.1866,2.4950,-95.0538,93,0.182605
TEL,6028,10.9614,10.5143,2.7691,-99.6376,100,0.196350
TEL,6128,11.0961,10.7452,2.3602,-82.5717,83,0.162970
TEL,6228,9.0075,10.5213,2.1832,-75.5738,76,0.149226
TEL,6328,9.8959,9.8647,3.1541,-124.3514,108,0.212057
TEL,6428,10.8559,10.3969,2.9442,-108.3717,108,0.212057
TEL,6528,11.0689,10.6856,2.4437,-87.4852,88,0.172788
TEL,6628,11.0961,10.9001,2.2286,-79.1334,79,0.155116
TEL,6728,11.1508,10.9782,2.0579,-74.0934,74,0.145299
TEL,6828,11.1233,11.0404,1.9897,-55.5819,56,0.109956
TEL,6928,11.0418,11.0497,1.9492,-56.3299,56,0.109956
TEL,7028,11.0149,11.0407,1.9567,-58.6668,59,0.115846
TEL,7128,10.9084,11.0286,1.9614,-60.4221,60,0.117810
TEL,7228,10.8298,10.9923,1.9785,-62.4788,62,0.121737
TEL,7328,10.7266,10.9508,2.0297,-81.6338,82,0.161007
TEL,7428,10.4277,10.8433,2.0759,-84.5243,85,0.166897
TEL,7528,10.1901,10.7112,2.2180,-91.1433,91,0.178678
TEL,7628,9.8085,10.4031,2.3772,-98.6925,99,0.194386
TEL,7728,9.5754,10.1374,2.7230,-112.5367,113,0.221875
TEL,7828,9.2932,9.7435,2.9904,-123.5028,124,0.243473
TEL,7928,9.0260,9.4862,3.3825,-136.4634,136,0.267035
TEL,8028,8.7552,9.1328,3.6372,-144.8838,145,0.284707
TEL,8128,8.4659,8.9068,3.9746,-155.1088,155,0.304342
TEL,8228,8.2879,8.6066,4.2013,-161.9992,162,0.318086
TEL,8328,8.4166,8.5325,4.4414,-167.5512,168,0.329867
TEL,8428,8.6855,8.5529,4.4784,-166.4248,166,0.325940
TEL,8528,8.8977,8.6141,4.4242,-162.2354,162,0.318086
TEL,8628,9.1009,8.7363,4.3471,-157.6326,158,0.310232
TEL,8728,9.3326,8.8690,4.2044,-151.1345,151,0.296488
TEL,8828,8.8617,8.7413,4.2858,-158.1109,156,0.306305
TEL,8928,9.7012,8.9906,4.1612,-150.3991,150,0.294524
TEL,9028,10.2368,9.5861,3.8360,-135.6386,136,0.267035
TEL,9128,7.8938,9.2926,3.1749,-110.3539,112,0.219911
TEL,9228,10.1208,9.5548,3.1853,-98.6840,99,0.194386
TEL,9328,11.0961,10.4061,3.0079,-87.2280,87,0.170824
TEL,9428,11.7568,11.2764,2.2375,-62.9423,64,0.125664
TEL,9528,12.0040,11.6182,1.5371,-20.2332,33,0.064795
TEL,9628,10.4520,10.8409,1.2361,-19.5915,20,0.039270
TEL,9728,11.9726,11.3858,1.8872,-33.2833,33,0.064795
TEL,9828,12.4269,12.0560,1.3409,-20.7489,21,0.041233
TEL,9928,12.6662,12.2996,0.8234,-15.4708,15,0.029452
TEL,10028,11.0149,11.4194,0.6048,-16.1035,16,0.031416
TEL,10128,11.9102,11.5698,1.5478,-43.9905,41,0.080503
TEL,10228,12.3269,11.9228,1.3108,-40.2660,40,0.078540
TEL,10328,12.2610,12.0513,1.0027,-36.5078,37,0.072649
TEL,10428,10.2134,11.2219,0.9276,-39.4070,39,0.076576
TEL,10528,11.4033,11.1444,1.9635,-74.9501,68,0.133518
TEL,10628,11.4320,11.3635,1.7129,-64.6432,65,0.127627
TEL,10728,11.1783,11.3403,1.6292,-65.3768,65,0.127627
TEL,10828,7.8219,10.2946,1.6918,-70.5476,71,0.139408
TEL,10928,10.1901,10.1284,2.9002,-128.4028,103,0.202240
TEL,11028,9.9179,10.0384,2.9130,-129.8892,130,0.255254
TEL,11128,9.7439,9.9610,2.9993,-133.5309,134,0.263108
TEL,11228,7.3385,9.8603,3.0870,-136.3483,136,0.267035
TEL,11328,8.6338,9.4307,3.3627,-146.5680,147,0.288634
TEL,11428,8.8617,9.1070,3.7037,-158.8455,159,0.312196
TEL,11528,8.8438,9.0128,3.9476,-165.3433,165,0.323977
TEL,11628,8.6510,8.8845,4.0319,-167.0058,167,0.327904
TEL,11728,7.7513,8.7142,4.2858,-175.2399,175,0.343612
TEL,11828,8.4166,8.5398,4.4334,-179.0577,179,0.351466
TEL,11928,8.4990,8.5214,4.4786,-178.6248,179,0.351466
TEL,12028,8.5828,8.5319,4.4741,-176.8928,177,0.347539
TEL,12128,7.4281,8.5319,4.4741,-176.8928,177,0.347539
TEL,12228,8.5659,8.5048,4.4997,-176.8683,177,0.347539
TEL,12328,8.8438,8.5538,4.4952,-175.8495,176,0.345575
TEL,12428,9.1961,8.6969,4.4088,-171.7332,172,0.337721
TEL,12528,8.0562,8.5034,4.3031,-166.7881,167,0.327904
TEL,12628,9.4728,8.8926,4.4966,-175.3800,175,0.343612
TEL,12728,9.8739,9.2545,4.1074,-159.4103,159,0.312196
TEL,12828,10.4764,9.8708,3.5515,-138.1090,138,0.270962
TEL,12928,8.5323,9.0776,3.1292,-121.5074,122,0.239546
TEL,13028,11.0418,10.1197,3.6688,-133.8155,134,0.263108
TEL,13128,11.6665,10.9849,2.8803,-103.0446,103,0.202240
TEL,13228,12.3269,11.1562,2.0151,-73.2991,73,0.143335
TEL,13328,9.8085,10.9612,1.8438,-30.3205,30,0.058905
TEL,13428,12.4606,11.6630,2.2027,-88.9227,85,0.166897
TEL,13528,13.2088,12.5359,1.3370,-32.6750,43,0.084430
TEL,13628,13.8781,13.4321,0.1342,-3.7358,4,0.007854
TEL,13728,10.6504,12.7600,-0.4321,6.4616,-6,-0.011781
TEL,13828,13.8781,13.0447,1.5707,-57.5384,52,0.102102
TEL,13928,14.5228,13.9874,-0.0447,-29.9310,30,0.058905
TEL,14028,15.1766,14.6739,-1.2276,3.1353,-3,-0.005890
TEL,14128,15.2745,14.3092,-1.6739,17.6970,-18,-0.035343
TEL,14228,14.5678,13.7464,0.5578,-46.3030,40,0.078540
TEL,14328,14.9843,14.4873,-0.7464,-40.5686,41,0.080503
TEL,14428,15.4235,15.0474,-1.7351,-3.3069,3,0.005890
TEL,14528,12.4944,14.5084,-2.0474,24.8277,-25,-0.049087
TEL,14628,14.3895,13.8770,-0.0004,-39.1723,33,0.064795
TEL,14728,14.7965,14.4226,-0.8770,-47.0078,47,0.092284
TEL,14828,15.1766,14.8534,-1.5999,-15.4147,15,0.029452
TEL,14928,15.0320,14.9154,-1.8534,-0.9281,1,0.001963
TEL,15028,13.8370,13.7769,-1.1490,-47.9371,47,0.092284
TEL,15128,14.2584,13.9266,-0.7769,-44.3593,44,0.086394
TEL,15228,14.1722,14.0668,-0.9992,-29.1855,29,0.056941
TEL,15328,14.1722,14.0787,-1.0668,-22.2681,22,0.043197
TEL,15428,12.7361,13.0141,-0.6065,-49.8465,50,0.098175
TEL,15528,13.0599,12.9950,-0.0141,-61.2217,61,0.119773
TEL,15628,13.0969,13.0609,-0.0369,-51.8236,52,0.102102
TEL,15728,12.8782,13.0290,-0.0609,-46.4320,46,0.090321
TEL,15828,11.4033,12.0337,0.3393,-68.0244,68,0.133518
TEL,15928,11.9413,12.0269,0.9663,-80.0000,80,0.157080
TEL,16028,11.8484,11.9849,0.9777,-79.6546,80,0.157080
TEL,16128,11.6965,11.9191,1.0151,-76.2032,76,0.149226
TEL,16228,10.1901,10.5615,1.4472,-80.0000,80,0.157080
TEL,16328,10.8038,10.6859,2.4385,-132.5341,131,0.257218
TEL,16428,10.4277,10.6035,2.3278,-125.0146,125,0.245437
TEL,16528,10.1208,10.4894,2.3965,-125.0074,125,0.245437
TEL,16628,9.7225,10.2105,2.5974,-131.3618,131,0.257218
TEL,16728,9.5136,9.9912,2.7895,-138.2064,138,0.270962
TEL,16828,9.2154,9.6508,3.1161,-148.0904,148,0.290597
TEL,16928,9.0075,9.4173,3.3492,-155.3304,155,0.304342
TEL,17028,8.7552,9.1156,3.6849,-165.2476,165,0.323977
TEL,17128,8.6168,8.9440,3.8844,-170.8839,171,0.335758
TEL,17228,8.4166,8.7008,4.1450,-178.3171,178,0.349502
TEL,17328,8.3358,8.5809,4.2992,-182.0325,182,0.357356
TEL,17428,8.3518,8.4857,4.4580,-185.3453,185,0.363247
TEL,17528,8.4003,8.4687,4.5143,-185.5588,186,0.365210
TEL,17628,8.5491,8.4853,4.5317,-184.3511,184,0.361283
TEL,17728,8.6682,8.5141,4.5147,-182.4144,182,0.357356
TEL,17828,8.9340,8.5916,4.4661,-179.5665,180,0.353429
TEL,17928,9.0821,8.6783,4.4084,-176.4199,176,0.345575
TEL,18028,9.3722,8.8813,4.2689,-170.7047,171,0.335758
TEL,18128,9.6170,9.0885,4.1187,-164.3778,164,0.322013
TEL,18228,9.9624,9.4479,3.7971,-152.3952,152,0.298451
TEL,18328,10.3553,9.7610,3.5521,-142.9701,143,0.280780
TEL,18428,10.8038,10.2544,3.0893,-127.0067,127,0.249364
TEL,18528,11.1233,10.5916,2.7456,-115.5689,116,0.227765
TEL,18628,11.6965,11.1454,2.2190,-98.6689,99,0.194386
TEL,18728,10.3793,10.4718,1.8546,-64.7003,65,0.127627
TEL,18828,11.9726,11.2090,2.3532,-102.5397,103,0.202240
TEL,18928,12.4606,11.8240,1.7910,-58.0716,59,0.115846
TEL,19028,12.8424,12.4540,0.9199,-37.0106,37,0.072649
TEL,19128,10.5752,11.2906,0.5460,-31.4509,31,0.060868
TEL,19228,12.9867,12.3254,1.4148,-47.2585,47,0.092284
TEL,19328,13.2465,12.8351,0.6746,-25.8388,26,0.051051
TEL,19428,13.6348,13.2846,-0.0061,-14.8553,15,0.029452
TEL,19528,11.3747,11.9861,-0.2846,-13.4109,13,0.025525
TEL,19628,12.9867,12.5231,0.8966,-43.6175,44,0.086394
TEL,19728,13.1340,12.7953,0.4769,-34.0330,34,0.066759
TEL,19828,12.9503,12.8860,0.1400,-31.8093,32,0.062832
TEL,19928,9.0075,11.5307,0.1140,-37.1081,37,0.072649
TEL,20028,11.9413,11.6611,1.4866,-73.5621,74,0.145299
TEL,20128,11.9413,11.7694,1.3389,-70.2127,70,0.137445
TEL,20228,11.5482,11.7507,1.2102,-70.5245,71,0.139408
TEL,20328,9.4728,10.9358,1.2493,-76.1423,76,0.149226
TEL,20428,10.6001,10.5329,2.4383,-136.2297,132,0.259181
TEL,20528,10.1669,10.4173,2.4671,-135.0480,135,0.265072
TEL,20628,9.7869,10.1812,2.6503,-142.0669,142,0.278816
TEL,20728,7.3385,10.0741,2.8188,-149.1321,149,0.292561
TEL,20828,8.8081,9.3121,3.2337,-164.1211,164,0.322013
TEL,20928,8.7376,9.0588,3.6879,-180.7313,181,0.355393
TEL,21028,8.4990,8.8053,4.0381,-190.5713,191,0.375028
TEL,21128,8.3841,8.6685,4.1947,-194.3103,194,0.380918
TEL,21228,7.9816,8.3668,4.5258,-204.0014,204,0.400553
TEL,21328,8.2406,8.3102,4.6735,-206.6849,207,0.406444
TEL,21428,8.6510,8.3969,4.6445,-202.3940,202,0.396626
TEL,21528,8.8438,8.4950,4.5607,-197.2455,197,0.386809
TEL,21628,8.7376,8.4746,4.5716,-197.8538,198,0.388772
TEL,21728,9.2932,8.6781,4.4389,-190.6273,191,0.375028
TEL,21828,10.0071,9.2664,3.9609,-170.6370,171,0.335758
TEL,21928,10.4764,9.7715,3.4949,-151.6275,153,0.300415
TEL,22028,10.5256,9.5861,3.9000,-180.6481,176,0.345575
TEL,22128,11.4898,10.6375,2.8970,-135.3552,152,0.298451
TEL,22228,12.2610,11.6667,1.6507,-71.3552,106,0.208131
TEL,22328,12.7361,12.1705,1.0889,-55.7607,56,0.109956
TEL,22428,12.0673,11.2299,2.4936,-148.9239,86,0.168861
TEL,22528,13.1713,12.5858,0.9260,-84.9239,148,0.290597
TEL,22628,14.0448,13.5719,-0.3086,-23.2015,75,0.147262
TEL,22728,14.6130,14.0598,-0.8118,-10.5678,11,0.021598
TEL,22828,13.4381,12.6533,1.2155,-74.5678,40,0.078540
TEL,22928,14.7502,14.1289,-0.5470,-35.8358,65,0.127627
TEL,23028,15.9401,15.3672,-2.0184,17.9086,-1,-0.001963
TEL,23128,16.2658,15.8995,-2.7068,44.0942,-38,-0.074613
TEL,23228,13.5950,14.0577,-1.5492,-19.9058,-14,-0.027489
TEL,23328,16.2658,15.5245,-1.8942,-10.6235,12,0.023562
TEL,23428,17.0757,16.5412,-3.2500,50.7805,-18,-0.035343
TEL,23528,17.1976,16.8774,-3.7392,67.8249,-68,-0.133518
TEL,23628,14.9370,14.5440,-1.0037,3.8249,-38,-0.074613
TEL,23728,16.3771,15.7437,-2.2343,-1.4049,1,0.001963
TEL,23828,16.8368,16.4568,-3.2744,40.1608,-27,-0.053014
TEL,23928,16.7197,16.5802,-3.5339,50.5039,-51,-0.100138
TEL,24028,14.4337,15.0912,-2.5463,-7.8188,-22,-0.043197
TEL,24128,15.3238,15.1061,-2.0129,-17.1421,17,0.033379
TEL,24228,15.3735,15.2970,-2.2762,0.2608,0,0.000000
TEL,24328,15.1766,15.2823,-2.3019,6.0703,-6,-0.011781
TEL,24428,12.4269,14.0280,-1.6934,-49.5861,24,0.047124
TEL,24528,13.6348,13.6949,-0.7270,-73.5222,75,0.147262
TEL,24628,13.5950,13.6843,-0.7034,-62.7473,63,0.123700
TEL,24728,13.2465,13.5859,-0.6457,-57.7466,58,0.113883
TEL,24828,10.6001,12.1980,0.0765,-80.0000,79,0.155116
TEL,24928,11.8792,11.9485,1.0162,-80.0000,80,0.157080
TEL,25028,11.6965,11.8565,1.1069,-80.0000,80,0.157080
TEL,25128,11.4033,11.7482,1.1859,-80.0000,80,0.157080
TEL,25228,9.3922,10.6209,1.8535,-80.0000,80,0.157080
TEL,25328,10.0297,10.2112,2.6948,-162.7514,109,0.214021
TEL,25428,9.7653,10.0524,2.8734,-163.6322,164,0.322013
TEL,25528,9.4728,9.8646,3.0407,-165.2261,165,0.323977
TEL,25628,6.8738,9.6454,3.3546,-172.8404,173,0.339685
TEL,25728,8.2879,9.0641,3.6596,-181.7566,182,0.357356
TEL,25828,8.4003,8.6763,4.2317,-197.9584,198,0.388772
TEL,25928,8.3198,8.5462,4.3941,-200.5941,201,0.394663
TEL,26028,6.6036,8.4538,4.5462,-202.5915,203,0.398590
TEL,26128,8.0412,8.3854,4.6146,-202.1486,202,0.396626
TEL,26228,8.6682,8.4309,4.6082,-198.9951,199,0.390736
TEL,26328,8.9890,8.5599,4.4401,-190.5834,191,0.375028
TEL,26428,8.0713,8.6243,4.2589,-181.9611,183,0.359320
TEL,26528,9.7225,8.8317,4.1683,-176.8344,177,0.347539
TEL,26628,10.3076,9.6393,3.6299,-153.8601,163,0.320050
TEL,26728,10.7011,10.1351,2.8649,-128.3840,140,0.274889
TEL,26828,11.4898,10.8728,2.3842,-111.9298,115,0.225802
TEL,26928,11.9726,11.3783,1.6217,-64.8215,98,0.192423
TEL,27028,12.4269,11.9818,1.1947,-55.0596,56,0.109956
TEL,27128,12.9867,12.3952,0.6048,-41.8560,44,0.086394
TEL,27228,13.6348,13.0533,0.1724,-31.5638,32,0.062832
TEL,27328,14.0027,13.4689,-0.4689,-17.5991,20,0.039270
TEL,27428,14.3018,13.9597,-0.8370,-10.7542,11,0.021598
TEL,27528,14.6585,14.2220,-1.2220,-4.5246,5,0.009817
TEL,27628,14.8899,14.5462,-1.4488,-1.2668,1,0.001963
TEL,27728,15.0320,14.7293,-1.7293,2.0745,-2,-0.003927
TEL,27828,15.3238,14.9630,-1.8800,3.7328,-4,-0.007854
TEL,27928,15.3238,15.0661,-2.0661,16.9768,-15,-0.029452
TEL,28028,15.2745,15.1357,-2.1131,16.8338,-17,-0.033379
TEL,28128,15.2745,15.1688,-2.1688,17.5077,-18,-0.035343
TEL,28228,15.2745,15.1997,-2.1912,17.7465,-18,-0.035343
TEL,28328,15.0320,15.1870,-2.1870,16.6793,-17,-0.033379
TEL,28428,14.9370,15.1462,-2.1652,15.6725,-16,-0.031416
TEL,28528,12.2939,14.2353,-1.2353,-44.1810,-2,-0.003927
TEL,28628,13.8781,13.9024,-0.9108,-47.1648,49,0.096211
TEL,28728,13.9610,13.9442,-0.9442,-40.8877,41,0.080503
TEL,28828,13.6348,13.8674,-0.9031,-38.9224,39,0.076576
TEL,28928,10.9881,12.7820,0.2180,-80.0000,53,0.104065
TEL,29028,12.4944,12.5147,0.4784,-80.0000,80,0.157080
TEL,29128,12.4269,12.4961,0.5039,-80.0000,80,0.157080
TEL,29228,12.1958,12.4163,0.5500,-77.0631,77,0.151189
TEL,29328,10.2368,11.5619,1.4381,-80.0000,80,0.157080
TEL,29428,10.9349,11.1144,1.8203,-80.0000,80,0.157080
TEL,29528,10.7011,10.9711,2.0289,-127.2737,94,0.184569
TEL,29628,10.1438,10.6364,2.2380,-133.9044,134,0.263108
TEL,29728,8.2093,9.9730,3.0270,-168.3155,148,0.290597
TEL,29828,8.9340,9.2445,3.6168,-185.3568,180,0.353429
TEL,29928,8.7202,9.0234,3.9766,-192.3184,192,0.376991
TEL,30028,8.2879,8.6979,4.1897,-196.0332,196,0.384845
TEL,30128,6.5010,8.5969,4.1897,-196.0332,196,0.384845
TEL,30228,8.4003,8.3137,4.6308,-207.2588,207,0.406444
TEL,30328,8.8081,8.4431,4.6863,-203.9260,204,0.400553
TEL,30428,9.4932,8.7270,4.5569,-194.9410,195,0.382882
TEL,30528,7.4540,8.9154,4.2730,-180.2790,180,0.353429
TEL,30628,10.1208,9.2607,4.1298,-176.9755,177,0.347539
TEL,30728,10.9614,9.9893,3.7393,-158.4416,158,0.310232
TEL,30828,11.8792,11.2079,2.5895,-114.9637,115,0.225802
TEL,30928,10.3553,11.1326,1.7921,-60.2244,63,0.123700
TEL,31028,12.7714,11.7333,2.0808,-108.1933,104,0.204204
TEL,31128,13.7554,12.8306,1.2667,-52.4079,61,0.119773
TEL,31228,14.7502,14.1797,-0.3526,-3.4251,4,0.007854
TEL,31328,10.7522,13.2187,-1.1797,17.8547,-18,-0.035343
TEL,31428,15.1766,14.1200,0.1697,-42.2325,38,0.074613
TEL,31528,16.1559,15.3732,-1.1200,12.8423,-2,-0.003927
TEL,31628,17.1976,16.6083,-2.8690,66.7124,-66,-0.129591
TEL,31728,11.9102,14.0934,-3.6083,88.9303,-89,-0.174751
TEL,31828,16.9555,15.7362,-0.7918,24.9303,-31,-0.060868
REF,31922,17.0000,hold_far
TEL,31928,17.3833,16.9088,-2.7362,70.9993,-61,-0.119773
TEL,32028,17.9637,17.6385,-0.2806,48.9650,-49,-0.096211
TEL,32128,12.7714,16.4858,-0.6385,52.7959,-53,-0.104065
TEL,32228,16.8368,16.1565,2.9287,-43.2041,16,0.031416
TEL,32328,17.5729,17.0364,0.8435,-34.5376,35,0.068722
TEL,32428,17.4461,17.2759,-0.1455,-1.1413,1,0.001963
TEL,32528,11.5775,16.1988,-0.2759,-1.1413,1,0.001963
TEL,32628,15.7297,15.3160,1.7699,-82.7966,67,0.131554
TEL,32728,15.9936,15.6550,1.6840,-66.5106,68,0.133518
TEL,32828,15.7818,15.8090,1.2402,-46.8523,47,0.092284
TEL,32928,10.5752,14.9063,1.1910,-44.1680,44,0.086394
TEL,33028,14.1722,14.2203,2.7418,-108.8975,102,0.200277
TEL,33128,14.3895,14.3034,2.7797,-105.4214,105,0.206167
TEL,33228,14.2152,14.3195,2.6650,-97.4806,97,0.190459
TEL,33328,10.6504,13.8937,2.6805,-96.4348,96,0.188496
TEL,33428,13.0232,13.0942,3.6078,-136.2461,136,0.267035
TEL,33528,13.3225,13.1647,3.9058,-140.3683,140,0.274889
TEL,33628,13.3225,13.2152,3.8129,-132.5182,133,0.261145
TEL,33728,9.7225,12.7892,3.7848,-128.2122,128,0.251327
TEL,33828,12.4269,12.2586,4.7104,-168.3056,168,0.329867
TEL,33928,12.6662,12.3801,4.7414,-161.9368,162,0.318086
TEL,34028,12.8424,12.5635,4.5572,-151.2341,151,0.296488
TEL,34128,10.0750,12.1961,4.4365,-143.9919,144,0.282743
TEL,34228,12.3934,12.0693,5.1375,-173.6809,174,0.341648
TEL,34328,12.9503,12.3893,4.9307,-160.8588,161,0.316123
TEL,34428,13.2465,12.4472,4.4456,-140.1339,140,0.274889
TEL,34528,9.6379,11.7114,4.5528,-132.2066,132,0.259181
TEL,34628,13.3225,12.3701,5.3937,-163.9277,164,0.322013
TEL,34728,13.8781,13.1799,4.6299,-129.2484,129,0.253291
TEL,34828,14.6585,14.0899,3.4944,-90.8748,91,0.178678
TEL,34928,10.8298,13.2573,2.9101,-72.7050,73,0.143335
TEL,35028,14.9843,14.0173,3.8841,-112.7092,113,0.221875
TEL,35128,15.8343,15.0050,2.9827,-75.6666,76,0.149226
TEL,35228,16.5468,16.0007,1.5471,-27.2781,29,0.056941
TEL,35328,11.5775,14.7776,0.9993,-11.7883,12,0.023562
TEL,35428,16.8368,15.6069,2.8392,-94.1443,77,0.151189
TEL,35528,17.4461,16.7856,1.3931,-26.6859,68,0.133518
TEL,35628,11.3462,15.3798,-0.1907,24.4770,-16,-0.031416
TEL,35728,14.8430,15.7444,1.6202,-71.5230,18,0.035343
TEL,35828,17.1364,16.3405,1.9964,-121.6783,108,0.212057
TEL,35928,17.7014,17.1788,0.6595,-49.6037,92,0.180642
TEL,36028,17.7663,17.5541,-0.3710,-8.6842,13,0.025525
TEL,36128,11.6367,16.3359,-0.5541,0.8157,-1,-0.001963
TEL,36228,16.7197,16.3166,1.0408,-57.7444,53,0.104065
TEL,36328,17.1976,16.7310,0.6834,-38.3892,38,0.074613
TEL,36428,17.4461,17.1286,0.1051,-14.8645,15,0.029452
TEL,36528,17.3210,17.2270,-0.1286,-14.8645,15,0.029452
TEL,36628,17.0154,17.2144,-0.2442,-14.8645,15,0.029452
TEL,36728,16.7781,17.1349,-0.2144,-14.8645,15,0.029452
TEL,36828,16.5468,16.9126,-0.0559,-14.8645,15,0.029452
TEL,36928,16.3213,16.7326,0.0874,-14.8645,15,0.029452
TEL,37028,15.8343,16.3399,0.3789,-31.4224,31,0.060868
TEL,37128,15.4737,16.0361,0.6601,-42.4771,42,0.082467
TEL,37228,15.0799,15.5926,1.1065,-58.2740,58,0.113883
TEL,37328,14.8899,15.3263,1.4074,-69.6640,70,0.137445
TEL,37428,14.5228,14.9005,1.8173,-83.6005,84,0.164934
TEL,37528,14.1722,14.6271,2.0995,-92.8483,93,0.182605
TEL,37628,14.0027,14.3122,2.4773,-104.7226,105,0.206167
TEL,37728,13.6348,14.0946,2.6878,-111.3001,111,0.217948
TEL,37828,13.4770,13.8068,3.0015,-120.3865,120,0.235619
TEL,37928,13.3608,13.6415,3.1932,-125.5890,126,0.247400
TEL,38028,13.1713,13.4543,3.4186,-131.2480,131,0.257218
TEL,38128,13.0599,13.3497,3.5457,-134.2746,134,0.263108
TEL,38228,13.0232,13.2295,3.6968,-137.8556,138,0.270962
TEL,38328,13.2088,13.2196,3.7705,-139.0823,139,0.272926
TEL,38428,13.3608,13.2495,3.7816,-137.7229,138,0.270962
TEL,38528,9.8085,12.9404,3.7505,-135.1885,135,0.265072
TEL,38628,13.0232,12.7467,4.2798,-156.5707,157,0.308269
TEL,38728,13.7150,13.0551,4.2533,-151.3599,151,0.296488
TEL,38828,14.2152,13.1578,3.7575,-130.0350,130,0.255254
TEL,38928,9.8520,11.3344,3.8422,-115.0171,115,0.225802
TEL,39028,14.3895,13.4771,5.1871,-147.4569,147,0.288634
TEL,39128,15.1766,14.5431,3.5229,-83.0536,89,0.174751
TEL,39228,15.9936,15.4876,2.1039,-43.3957,43,0.084430
TEL,39328,13.0232,13.8159,1.5124,-30.1855,30,0.058905
TEL,39428,16.3213,15.2860,2.8341,-71.4118,71,0.139408
TEL,39528,17.0757,16.3938,1.7140,-30.4812,30,0.058905
TEL,39628,17.7014,17.3360,0.2359,11.7384,-12,-0.023562
TEL,39728,11.4608,13.9046,-0.3360,22.7850,-23,-0.045160
TEL,39828,17.0154,16.2797,2.4320,-52.5167,40,0.078540
TEL,39928,17.8316,17.2672,0.7203,6.4368,22,0.043197
TEL,40028,18.0304,17.8544,-0.5642,38.6976,-39,-0.076576
TEL,40128,14.0027,17.0181,-0.8544,36.9020,-37,-0.072649
TEL,40228,17.1364,16.7314,0.5991,-34.6093,24,0.047124
TEL,40328,17.3210,16.9445,0.2686,-21.3024,21,0.041233
TEL,40428,17.1976,17.0945,-0.0505,-11.8072,12,0.023562
TEL,40528,10.7780,16.1393,-0.0945,-12.8484,13,0.025525
TEL,40628,15.7818,15.5793,1.5822,-86.8088,75,0.147262
TEL,40728,15.8870,15.6790,1.4207,-75.6837,76,0.149226
TEL,40828,15.4235,15.6298,1.3002,-69.7875,70,0.137445
TEL,40928,10.2134,13.6017,1.3702,-72.1473,72,0.141372
TEL,41028,14.1295,13.9159,3.3406,-128.2864,125,0.245437
TEL,41128,14.3018,14.0348,3.0841,-117.4770,117,0.229729
TEL,41228,13.9194,14.0382,2.9371,-113.8553,114,0.223838
TEL,41328,11.2897,12.8374,2.9618,-116.9161,117,0.229729
TEL,41428,13.2088,12.9173,4.2280,-156.9676,157,0.308269
TEL,41528,13.3608,13.0752,4.0827,-149.5579,150,0.294524
TEL,41628,13.3225,13.1697,3.8908,-143.3116,143,0.280780
TEL,41728,9.0633,11.6389,3.8303,-141.2753,141,0.276853
TEL,41828,12.7011,12.2362,5.1706,-176.7211,177,0.347539
TEL,41928,13.0599,12.6203,4.7638,-160.5914,161,0.316123
TEL,42028,13.3608,13.0077,4.2505,-144.6643,145,0.284707
TEL,42128,11.4320,11.9040,3.9923,-136.9722,137,0.268999
TEL,42228,13.2465,12.5832,4.9940,-167.4087,167,0.327904
TEL,42328,13.6348,13.1080,4.4168,-145.1056,145,0.284707
TEL,42428,14.0870,13.6815,3.6728,-121.1412,121,0.237583
TEL,42528,11.7266,12.3732,3.3185,-111.0888,111,0.217948
TEL,42628,14.4781,13.8238,4.2136,-131.0573,131,0.257218
TEL,42728,15.0799,14.5027,3.1762,-94.2636,94,0.184569
TEL,42828,15.8870,15.3060,2.2160,-66.8112,67,0.131554
TEL,42928,13.2844,13.6355,1.6940,-52.6547,53,0.104065
TEL,43028,15.9401,15.1962,2.8453,-81.6371,82,0.161007
TEL,43128,16.8368,16.1507,1.8038,-46.9462,47,0.092284
TEL,43228,17.2591,16.8777,0.5653,-13.1414,13,0.025525
TEL,43328,14.7965,15.0014,0.1223,-5.0800,5,0.009817
TEL,43428,17.2591,16.5326,1.5259,-43.1638,43,0.084430
TEL,43528,17.8974,17.3183,0.4674,-7.8635,8,0.015708
TEL,43628,18.1652,17.8058,-0.5014,15.3761,-15,-0.029452
TEL,43728,14.6130,15.4660,-0.8058,19.3109,-19,-0.037306
TEL,43828,17.5093,16.9899,0.9305,-23.8700,23,0.045160
TEL,43928,17.6369,17.4035,0.0100,3.7206,-4,-0.007854
TEL,44028,17.6369,17.5502,-0.4706,9.6388,-10,-0.019635
TEL,44128,15.5752,16.0160,-0.5502,4.7940,-5,-0.009817
TEL,44228,16.6040,16.2595,0.9925,-48.1219,45,0.088357
TEL,44328,16.6040,16.4113,0.7405,-41.6884,42,0.082467
TEL,44428,12.5626,15.7823,0.5843,-41.0858,41,0.080503
TEL,44528,14.0448,14.1256,1.2177,-80.5633,81,0.159043
TEL,44628,15.0320,14.6822,2.6315,-114.2534,114,0.223838
TEL,44728,14.8430,14.7815,2.3178,-101.6232,102,0.200277
TEL,44828,11.6071,14.3322,2.2064,-99.9616,100,0.196350
TEL,44928,12.8782,13.3393,2.6678,-129.2083,129,0.253291
TEL,45028,13.7961,13.5892,3.5994,-152.2235,152,0.298451
TEL,45128,13.8370,13.7060,3.4108,-142.8209,143,0.280780
TEL,45228,10.1438,13.2109,3.2624,-136.7610,137,0.268999
TEL,45328,12.8068,12.8021,3.7891,-168.2346,168,0.329867
TEL,45428,13.5950,13.1998,4.0857,-169.2059,169,0.331831
TEL,45528,14.0027,13.5287,3.8002,-154.6167,155,0.304342
TEL,45628,11.0418,12.7033,3.3053,-134.2935,134,0.263108
TEL,45728,14.2152,13.0147,4.2967,-184.0739,183,0.359320
TEL,45828,14.9370,14.2694,3.5933,-146.8776,147,0.288634
TEL,45928,15.5243,14.9386,2.7306,-110.2028,110,0.215984
TEL,46028,12.2610,14.4686,1.7939,-78.2762,78,0.153153
TEL,46128,16.1015,14.8728,2.5314,-135.0858,131,0.257218
TEL,46228,16.8960,16.2123,1.6546,-90.7182,94,0.184569
TEL,46328,17.3833,16.9052,0.7877,-52.9566,53,0.104065
TEL,46428,18.1652,17.7050,-0.1948,-18.7040,19,0.037306
TEL,46528,18.1652,17.8964,-0.7050,-1.8358,2,0.003927
TEL,46628,18.1652,18.0207,-0.9593,2.6912,-3,-0.005890
TEL,46728,17.7663,17.9857,-1.0207,1.5792,-2,-0.003927
TEL,46828,17.8316,17.9254,-0.9552,-4.2037,4,0.007854
TEL,46928,17.5093,17.8788,-0.9254,-7.2355,7,0.013744
TEL,47028,17.2591,17.7418,-0.8372,-12.1441,12,0.023562
TEL,47128,17.0154,17.6047,-0.7418,-17.2129,17,0.033379
TEL,47228,16.6040,17.2601,-0.5247,-25.7574,26,0.051051
TEL,47328,16.3771,16.9571,-0.2601,-37.0389,37,0.072649
TEL,47428,15.8343,16.4222,0.2252,-55.2225,55,0.107992
TEL,47528,15.4235,16.0375,0.5778,-68.7764,69,0.135481
TEL,47628,15.0320,15.5369,1.1247,-86.8003,87,0.170824
TEL,47728,14.6585,15.1934,1.4631,-98.6445,99,0.194386
TEL,47828,14.3455,14.7889,1.9310,-112.8902,113,0.221875
TEL,47928,14.2152,14.5616,2.2111,-122.1674,122,0.239546
TEL,48028,13.8781,14.2457,2.5607,-133.2248,133,0.261145
TEL,48128,13.7150,14.0728,2.7543,-139.1112,139,0.272926
TEL,48228,13.6748,13.8673,3.0129,-145.7884,146,0.286670
TEL,48328,13.3993,13.7311,3.1327,-147.4283,147,0.288634
TEL,48428,9.4525,12.1160,3.2989,-150.6070,151,0.296488
TEL,48528,12.7714,12.3089,4.8840,-224.0000,213,0.418225
TEL,48628,13.7150,13.1179,4.4002,-193.7813,197,0.386809
TEL,48728,14.0448,13.5859,3.8821,-165.7572,166,0.325940
TEL,48828,9.9179,11.6781,3.2081,-138.1740,138,0.270962
TEL,48928,14.0870,13.2878,5.3219,-224.0000,204,0.400553
TEL,49028,15.2254,14.6388,3.1619,-147.7014,203,0.398590
TEL,49128,12.6315,14.1604,2.3612,-111.4472,119,0.233656
TEL,49228,10.7266,13.2596,2.0250,-80.1682,80,0.157080
TEL,49328,15.7818,14.7980,3.7404,-176.1681,147,0.288634
TEL,49428,17.4461,16.7414,1.3511,-80.1682,162,0.318086
TEL,49528,12.5969,15.4279,0.2586,-33.5117,70,0.137445
TEL,49628,11.4898,12.7188,0.1457,4.6382,-3,-0.005890
TEL,49728,16.8368,15.9694,4.2812,-91.3618,61,0.119773
TEL,49828,17.8316,17.4053,0.3735,-51.5872,78,0.153153
TEL,49928,17.7014,17.5853,-0.4053,-21.2347,21,0.041233
TEL,50028,11.3179,16.4178,-0.6456,-15.8111,16,0.031416
TEL,50128,16.4899,16.1102,0.5822,-93.5113,80,0.157080
TEL,50228,17.0757,16.7169,0.6025,-77.7248,78,0.153153
TEL,50328,16.9555,16.8615,0.2831,-60.2591,60,0.117810
TEL,50428,13.7150,15.1531,0.1065,-46.9016,47,0.092284
TEL,50528,15.4235,15.1908,1.8469,-130.0478,112,0.219911
TEL,50628,15.8343,15.5615,1.6881,-114.7853,115,0.225802
TEL,50728,15.7297,15.6848,1.4385,-100.7602,101,0.198313
TEL,50828,12.1635,14.1069,1.2875,-93.4667,93,0.182605
TEL,50928,14.6585,14.2515,2.8931,-168.5162,156,0.306305
TEL,51028,14.8430,14.5896,2.6291,-149.3319,150,0.294524
TEL,51128,14.8430,14.7041,2.4104,-135.9712,136,0.267035
TEL,51228,12.3600,13.6295,2.2788,-129.2833,129,0.253291
TEL,51328,14.1722,13.6822,3.3705,-175.6165,175,0.343612
TEL,51428,14.4781,14.0988,3.1980,-161.0141,161,0.316123
TEL,51528,14.7502,14.3879,2.9012,-146.2178,146,0.286670
TEL,51628,12.0673,13.1159,2.4942,-130.3430,130,0.255254
TEL,51728,14.3895,13.7329,3.8841,-190.1988,186,0.365210
TEL,51828,15.0320,14.5193,2.9471,-148.9738,153,0.300415
TEL,51928,15.3735,14.8905,2.4807,-128.2725,128,0.251327
TEL,52028,12.5284,13.4461,1.8946,-106.4416,106,0.208131
TEL,52128,15.3735,14.3120,3.5539,-178.6484,168,0.329867
TEL,52228,16.3771,15.7424,2.1427,-117.7487,145,0.284707
TEL,52328,16.7197,16.2575,1.2576,-81.7790,82,0.161007
TEL,52428,14.4337,14.6822,0.4668,-54.9059,55,0.107992
TEL,52528,16.4333,15.6743,2.3178,-124.6637,115,0.225802
TEL,52628,17.7014,17.1224,0.7318,-62.0994,88,0.172788
TEL,52728,17.9637,16.9555,-0.1224,-31.7789,32,0.062832
TEL,52828,14.9370,14.9712,-0.5726,-7.7951,8,0.015708
TEL,52928,17.3210,16.3735,2.0288,-98.6380,75,0.147262
TEL,53028,18.1652,17.5854,0.0727,-31.0480,81,0.159043
TEL,53128,17.6369,17.6288,-0.5854,-10.9299,12,0.023562
TEL,53228,14.5678,14.6751,0.1702,-61.6728,58,0.113883
TEL,53328,16.9555,15.9132,2.3249,-135.9671,131,0.257218
TEL,53428,17.3210,16.9661,0.6152,-70.4162,89,0.174751
TEL,53528,17.5729,17.2492,0.0339,-50.1634,50,0.098175
TEL,53628,15.3238,15.2578,0.6342,-97.5837,97,0.190459
TEL,53728,16.6040,15.8649,1.7422,-125.2249,125,0.245437
TEL,53828,16.8368,16.5691,0.8315,-86.9522,87,0.170824
TEL,53928,16.9555,16.7446,0.4309,-72.1647,72,0.141372
TEL,54028,15.4737,14.8061,1.2407,-126.5592,124,0.243473
TEL,54128,16.4899,15.8298,2.1939,-123.4666,123,0.241510
TEL,54228,16.7197,16.3411,0.9703,-83.7325,84,0.164934
TEL,54328,16.7781,16.5249,0.6589,-73.4542,73,0.143335
TEL,54428,16.2658,15.4007,1.5099,-132.7706,129,0.253291
TEL,54528,16.2107,15.7184,1.5993,-109.7754,110,0.215984
TEL,54628,16.7197,16.2711,1.0607,-89.3843,89,0.174751
TEL,54728,16.7781,16.4975,0.7289,-77.8787,78,0.153153
TEL,54828,15.4235,14.9883,1.4893,-132.9949,129,0.253291
TEL,54928,16.1559,15.6059,2.0117,-133.1146,133,0.261145
TEL,55028,16.6617,16.2708,1.1344,-98.9529,99,0.194386
TEL,55128,16.7781,16.4799,0.7292,-83.7202,84,0.164934
TEL,55228,14.7042,14.7553,1.6732,-148.1158,142,0.278816
TEL,55328,16.3213,15.4765,2.2447,-159.5426,160,0.314159
TEL,55428,16.8960,16.3457,1.1789,-112.4289,113,0.221875
TEL,55528,17.0154,16.6889,0.6543,-88.2344,88,0.172788
TEL,55628,15.6264,15.0866,1.5611,-152.9572,146,0.286670
TEL,55728,16.8368,15.9797,1.9134,-141.2678,141,0.276853
TEL,55828,17.1364,16.7749,0.6415,-89.7633,92,0.180642
TEL,55928,17.2591,17.0232,0.2251,-73.4456,73,0.143335
TEL,56028,17.5093,17.2968,-0.1552,-60.4311,60,0.117810
TEL,56128,17.5093,17.3692,-0.2968,-57.0573,57,0.111919
TEL,56228,17.5093,17.4314,-0.3920,-55.7769,56,0.109956
TEL,56328,17.8316,17.5201,-0.4314,-55.9512,56,0.109956
TEL,56428,17.8316,17.5651,-0.5271,-54.1228,54,0.106029
TEL,56528,17.5729,17.5731,-0.5651,-52.9202,53,0.104065
TEL,56628,17.7663,17.5837,-0.5731,-53.5002,54,0.106029
TEL,56728,17.6369,17.5823,-0.5837,-53.2336,53,0.104065
TEL,56828,17.5729,17.5763,-0.5768,-54.0315,54,0.106029
TEL,56928,17.5729,17.5797,-0.5763,-54.2550,54,0.106029
TEL,57028,17.5729,17.5753,-0.5756,-54.4670,54,0.106029
TEL,57128,17.3210,17.5527,-0.5753,-54.4350,54,0.106029
TEL,57228,17.3833,17.5182,-0.5398,-55.7867,56,0.109956
TEL,57328,17.1364,17.4622,-0.5182,-56.4661,56,0.109956
TEL,57428,16.8960,17.3509,-0.4276,-59.9193,60,0.117810
TEL,57528,16.8368,17.2511,-0.3509,-63.0640,63,0.123700
TEL,57628,16.6617,17.0583,-0.2078,-71.4197,71,0.139408
TEL,57728,16.5468,16.9300,-0.0583,-71.4197,71,0.139408
TEL,57828,16.3771,16.6816,0.1658,-81.9763,82,0.161007
TEL,57928,11.9102,15.8218,0.3184,-86.9656,87,0.170824
TEL,58028,15.0320,14.6617,3.0610,-182.9656,153,0.300415
TEL,58128,15.7297,15.2234,2.3383,-175.8040,176,0.345575
TEL,58228,16.3213,15.8020,1.5636,-137.6464,138,0.270962
TEL,58328,12.5284,15.0721,1.1980,-116.4585,116,0.227765
TEL,58428,15.6779,14.9098,2.7276,-184.3246,175,0.343612
TEL,58528,16.2658,15.5983,2.0902,-145.9874,152,0.298451
TEL,58628,16.9555,16.3653,1.1343,-107.9196,107,0.210094
TEL,58728,11.4033,15.0590,0.6347,-86.3415,86,0.168861
TEL,58828,17.1364,15.9924,2.2408,-146.5560,142,0.278816
TEL,58928,17.2591,16.7212,1.0076,-88.2149,101,0.198313
TEL,59028,18.0304,17.4892,-0.0479,-52.7955,53,0.104065
TEL,59128,11.9413,16.0174,-0.4892,-39.1799,39,0.076576
TEL,59228,17.8316,16.6772,1.1088,-97.8872,93,0.182605
TEL,59328,17.7663,17.2814,0.3228,-62.1563,64,0.125664
TEL,59428,18.0304,17.7197,-0.4830,-39.3047,39,0.076576
TEL,59528,11.6665,16.3796,-0.7197,-35.5496,36,0.070686
TEL,59628,17.0154,16.4700,1.0186,-105.2888,96,0.188496
TEL,59728,17.6369,17.0094,0.5300,-83.7327,84,0.164934
TEL,59828,17.8974,17.4818,-0.1851,-60.1138,60,0.117810
TEL,59928,11.2617,13.7822,-0.4818,-50.2798,50,0.098175
TEL,60028,16.7781,16.1826,2.1003,-100.3914,99,0.194386
TEL,60128,17.3833,16.8577,0.8174,-58.5136,60,0.117810
TEL,60228,17.2591,17.2050,-0.0413,-40.3456,40,0.078540
TEL,60328,11.0689,14.0566,-0.2050,-45.4507,45,0.088357
TEL,60428,16.1015,15.8407,2.0030,-93.4194,92,0.180642
TEL,60528,16.7781,16.2319,1.1593,-75.6315,76,0.149226
TEL,60628,13.1340,15.6633,0.6404,-67.8986,68,0.133518
TEL,60728,13.9610,13.9583,1.3367,-121.0060,118,0.231692
TEL,60828,15.8343,15.2014,2.6921,-152.7695,153,0.300415
TEL,60928,16.2107,15.7624,1.7986,-118.6373,119,0.233656
TEL,61028,16.4333,16.1223,1.0786,-98.0844,98,0.192423
TEL,61128,14.4781,14.9959,0.8777,-94.4404,94,0.184569
TEL,61228,15.9936,15.4349,1.9226,-128.6332,129,0.253291
TEL,61328,16.4333,15.8434,1.5651,-116.5753,117,0.229729
TEL,61428,11.8484,15.0822,0.9957,-99.6665,100,0.196350
TEL,61528,14.4337,13.9395,1.9178,-162.4931,156,0.306305
TEL,61628,16.5468,16.0225,2.1618,-139.6078,140,0.274889
TEL,61728,17.0757,16.6525,0.9775,-95.2261,96,0.188496
TEL,61828,11.8484,15.5615,0.1456,-70.6863,71,0.139408
REF,61922,9.0000,hold_near
TEL,61928,16.3213,15.6376,1.4385,-158.6712,137,0.268999
TEL,62028,17.7014,16.9522,-7.1146,-62.6712,139,0.272926
TEL,62128,17.8974,17.5131,-7.9522,33.3288,47,0.092284
TEL,62228,12.0040,14.8187,-8.6757,129.3288,-49,-0.096211
TEL,62328,17.4461,15.7467,-5.8187,124.9042,-123,-0.241510
TEL,62428,17.4461,17.0793,-7.5193,212.1865,-187,-0.367174
TEL,62528,17.3833,17.3022,-8.0793,224.0000,-224,-0.439823
TEL,62628,11.0961,16.2595,-8.3370,224.0000,-224,-0.439823
TEL,62728,14.9370,15.0520,-7.2595,185.9865,-186,-0.365210
TEL,62828,15.1281,15.2319,-6.2190,168.6261,-169,-0.331831
TEL,62928,14.5228,15.0353,-6.2319,173.1697,-173,-0.339685
TEL,63028,9.0821,13.1761,-5.8402,159.7821,-160,-0.314159
TEL,63128,11.4898,11.9012,-4.1761,73.3900,-94,-0.184569
TEL,63228,10.1901,10.9523,-2.6318,35.2422,-35,-0.068722
TEL,63328,9.1578,10.0070,-1.9523,17.5538,-18,-0.035343
TEL,63428,6.4608,8.9777,-0.4945,-28.3819,27,0.053014
TEL,63528,7.6544,8.4581,0.5419,-49.0005,39,0.076576
TEL,63628,9.2347,8.7093,0.4739,-34.1735,37,0.072649
TEL,63728,10.0750,9.2597,-0.2597,2.9153,20,0.039270
TEL,63828,8.7202,9.6140,-1.1149,43.7831,-18,-0.035343
TEL,63928,11.0689,10.2960,-1.2960,58.8298,-56,-0.109956
TEL,64028,12.9142,12.0127,-2.4059,104.8575,-74,-0.145299
TEL,64128,13.5161,12.9212,-3.9212,153.3576,-119,-0.233656
TEL,64228,10.7780,11.7866,-3.5337,110.7686,-141,-0.276853
TEL,64328,13.3225,13.0156,-4.0156,132.9238,-125,-0.245437
TEL,64428,14.7502,14.2896,-5.0067,172.4383,-148,-0.290597
TEL,64528,14.0448,14.3565,-5.4955,187.6391,-185,-0.363247
TEL,64628,11.2060,13.8069,-5.7728,195.5477,-196,-0.384845
TEL,64728,13.6348,13.3554,-4.3554,153.7279,-182,-0.357356
TEL,64828,14.2584,13.9585,-4.8310,167.8269,-166,-0.325940
TEL,64928,14.0870,14.0316,-5.0316,168.7777,-169,-0.331831
TEL,65028,9.1961,13.1609,-4.9466,160.5477,-161,-0.316123
TEL,65128,11.9413,12.3310,-3.3310,102.4130,-147,-0.288634
TEL,65228,11.4320,11.8924,-3.0541,91.4884,-92,-0.180642
TEL,65328,10.6252,11.4180,-2.4180,66.4498,-77,-0.151189
TEL,65428,7.2508,10.5200,-1.5200,27.5041,-55,-0.107992
TEL,65528,7.8793,8.7643,0.2357,-40.5192,-16,-0.031416
TEL,65628,8.0864,8.1353,0.8402,-54.0558,51,0.100138
TEL,65728,8.7552,8.3279,0.6721,-36.1464,41,0.080503
TEL,65828,9.6379,8.9258,0.3110,-13.9920,22,0.043197
TEL,65928,10.2368,9.5039,-0.5039,21.7615,0,0.000000
TEL,66028,11.1783,10.4720,-1.1360,49.7070,-36,-0.070686
TEL,66128,11.7266,11.0701,-2.0701,84.3741,-65,-0.127627
TEL,66228,12.4269,11.8331,-2.5730,103.2519,-97,-0.190459
TEL,66328,12.7011,12.2523,-3.2523,123.4945,-116,-0.227765
TEL,66428,12.9867,12.6573,-3.5488,130.3826,-130,-0.255254
TEL,66528,13.0232,12.7953,-3.7953,134.6447,-135,-0.265072
TEL,66628,12.8424,12.8624,-3.8662,133.5255,-134,-0.263108
TEL,66728,12.5969,12.8125,-3.8125,127.9266,-128,-0.251327
TEL,66828,12.1958,12.6443,-3.7146,121.5437,-122,-0.239546
TEL,66928,11.8792,12.4526,-3.4526,109.6591,-111,-0.217948
TEL,67028,10.9614,11.8269,-3.0910,93.0596,-97,-0.190459
TEL,67128,10.2368,11.1244,-2.1244,55.8840,-79,-0.155116
TEL,67228,9.2154,9.9448,-1.3375,26.3029,-42,-0.082467
TEL,67328,8.5659,9.2109,-0.2109,-11.1593,-12,-0.023562
TEL,67428,8.2563,8.4982,0.3876,-29.5862,24,0.047124
TEL,67528,8.6855,8.5321,0.4679,-23.5145,24,0.047124
TEL,67628,9.4525,8.8710,0.2726,-9.4320,12,0.023562
TEL,67728,9.9179,9.2349,-0.2349,7.8127,-3,-0.005890
TEL,67828,8.1783,9.2892,-0.7337,37.2692,-22,-0.043197
TEL,67928,10.2368,9.5627,-0.5627,37.1425,-37,-0.072649
TEL,68028,11.4608,10.6428,-1.2451,65.2283,-51,-0.100138
TEL,68128,11.7568,11.2225,-2.2225,97.6672,-79,-0.155116
TEL,68228,8.7028,10.8006,-2.5832,107.7762,-108,-0.212057
TEL,68328,11.1233,10.7661,-1.7661,83.5604,-95,-0.186532
TEL,68428,11.8177,11.3672,-2.1933,96.8165,-95,-0.186532
TEL,68528,11.6665,11.5055,-2.5055,103.2842,-103,-0.202240
TEL,68628,8.8081,11.1020,-2.5151,100.2000,-100,-0.196350
TEL,68728,10.0071,10.5219,-1.5219,61.5607,-86,-0.168861
TEL,68828,9.8085,10.1919,-1.3112,52.4720,-52,-0.102102
TEL,68928,9.3922,9.9082,-0.9082,37.0721,-41,-0.080503
TEL,69028,7.0108,9.5042,-0.5042,20.7042,-26,-0.051051
TEL,69128,7.6544,9.0202,-0.0202,4.5741,-15,-0.029452
TEL,69228,8.4990,8.5043,0.4935,-11.3402,7,0.013744
TEL,69328,8.9523,8.6367,0.3633,-1.7605,3,0.005890
TEL,69428,7.3007,8.8516,0.1484,15.7161,-9,-0.017671
TEL,69528,9.0633,8.7935,0.2065,15.7161,-16,-0.031416
TEL,69628,9.9624,9.2991,-0.1006,24.9971,-24,-0.047124
TEL,69728,10.2839,9.7051,-0.7051,47.4192,-38,-0.074613
TEL,69828,8.0412,9.5354,-1.0516,60.1068,-58,-0.113883
TEL,69928,9.6801,9.2207,-0.2207,40.2828,-47,-0.092284
TEL,70028,10.3076,9.8824,-0.7004,55.6589,-52,-0.102102
TEL,70128,10.1901,10.0337,-1.0337,62.4577,-62,-0.121737
TEL,70228,7.6544,9.6598,-1.0243,58.2824,-58,-0.113883
TEL,70328,8.6682,9.1505,-0.1505,17.6506,-45,-0.088357
TEL,70428,8.7376,8.9637,-0.0237,17.6506,-18,-0.035343
TEL,70528,8.4166,8.8046,0.1954,17.6506,-18,-0.035343
TEL,70628,7.0342,8.5897,0.4103,0.3522,-7,-0.013744
TEL,70728,7.9964,8.4723,0.5277,-3.1202,1,0.001963
TEL,70828,8.7904,8.5179,0.5338,-1.5916,2,0.003927
TEL,70928,9.1388,8.6803,0.3197,17.0619,-10,-0.019635
TEL,71028,9.4323,8.9857,0.1180,17.0619,-17,-0.033379
TEL,71128,8.7904,8.9478,0.0522,17.0619,-17,-0.033379
TEL,71228,9.4932,9.1325,-0.0607,17.0619,-17,-0.033379
TEL,71328,9.5754,9.2664,-0.2664,17.0619,-17,-0.033379
TEL,71428,7.9816,9.1503,-0.3661,32.3540,-28,-0.054978
TEL,71528,8.7202,9.0605,-0.0605,17.2084,-21,-0.041233
TEL,71628,9.0633,9.0435,-0.0399,17.2084,-17,-0.033379
TEL,71728,8.9340,9.0349,-0.0349,17.2084,-17,-0.033379
TEL,71828,7.4023,8.9870,0.0130,17.2084,-17,-0.033379
TEL,71928,7.5065,8.8251,0.1749,17.2084,-17,-0.033379
TEL,72028,8.1938,8.4504,0.4813,-2.8082,-4,-0.007854
TEL,72128,8.4990,8.4376,0.5624,-3.5611,4,0.007854
TEL,72228,7.4023,8.4889,0.5111,-0.4697,0,0.000000
TEL,72328,8.0262,8.4270,0.5730,-2.6550,3,0.005890
TEL,72428,8.8081,8.5204,0.5222,0.3439,0,0.000000
TEL,72528,8.9890,8.6334,0.3666,6.5203,-7,-0.013744
TEL,72628,9.0446,8.7851,0.2592,16.0017,-15,-0.029452
TEL,72728,7.9964,8.6716,0.3284,16.0017,-16,-0.031416
TEL,72828,8.7904,8.6912,0.3240,16.0017,-16,-0.031416
TEL,72928,8.7376,8.7054,0.2946,16.0017,-16,-0.031416
TEL,73028,8.5828,8.6913,0.2983,16.0017,-16,-0.031416
TEL,73128,7.3511,8.6913,0.2983,16.0017,-16,-0.031416
TEL,73228,8.1321,8.4920,0.3849,3.5064,-4,-0.007854
TEL,73328,8.3679,8.4470,0.5080,-1.6691,2,0.003927
TEL,73428,8.5998,8.4203,0.5530,-3.0030,3,0.005890
TEL,73528,7.6818,8.3291,0.5797,-2.7776,3,0.005890
TEL,73628,8.4990,8.3807,0.6709,-6.9339,7,0.013744
TEL,73728,8.4990,8.4031,0.6193,-4.6563,5,0.009817
TEL,73828,8.3358,8.3311,0.5969,-3.6804,4,0.007854
TEL,73928,7.2385,8.3311,0.6689,-6.0472,6,0.011781
TEL,74028,8.2406,8.2486,0.7249,-8.5230,9,0.017671
TEL,74128,8.4166,8.2698,0.7514,-9.4793,9,0.017671
TEL,74228,8.4824,8.3168,0.7148,-8.0988,8,0.015708
TEL,74328,7.3385,8.3273,0.6832,-6.9817,7,0.013744
TEL,74428,8.1016,8.2257,0.7313,-9.7119,10,0.019635
TEL,74528,8.2406,8.2199,0.7743,-11.6068,12,0.023562
TEL,74628,8.3358,8.2368,0.7801,-11.8192,12,0.023562
TEL,74728,6.5829,8.2444,0.7632,-11.2446,11,0.021598
TEL,74828,8.0864,8.1832,0.7952,-13.0626,13,0.025525
TEL,74928,8.2721,8.1919,0.8168,-14.1131,14,0.027489
TEL,75028,8.2879,8.2057,0.8045,-13.7607,14,0.027489
TEL,75128,6.5213,8.2091,0.7943,-13.4874,13,0.025525
TEL,75228,8.0262,8.1369,0.8260,-15.2375,15,0.029452
TEL,75328,8.1783,8.1407,0.8631,-16.8096,17,0.033379
TEL,75428,8.2721,8.1641,0.8512,-16.3616,16,0.031416
TEL,75528,6.5417,8.1723,0.8359,-15.9386,16,0.031416
TEL,75628,7.9964,8.1010,0.8683,-17.8474,18,0.035343
TEL,75728,8.1628,8.1056,0.8990,-19.2401,19,0.037306
TEL,75828,8.3038,8.1390,0.8870,-18.8314,19,0.037306
TEL,75928,8.3038,8.1630,0.8610,-17.9620,18,0.035343
TEL,76028,8.3038,8.1924,0.8268,-17.0236,17,0.033379
TEL,76128,8.3038,8.2052,0.8076,-16.6440,17,0.033379
TEL,76228,8.3198,8.2245,0.7881,-16.3396,16,0.031416
TEL,76328,8.3038,8.2331,0.7755,-16.2482,16,0.031416
TEL,76428,8.3198,8.2466,0.7626,-16.2167,16,0.031416
TEL,76528,8.3038,8.2537,0.7534,-16.2700,16,0.031416
TEL,76628,8.3198,8.2611,0.7445,-16.3977,16,0.031416
TEL,76728,8.2879,8.2651,0.7389,-16.5578,17,0.033379
TEL,76828,8.2879,8.2681,0.7338,-16.7797,17,0.033379
TEL,76928,8.3038,8.2703,0.7319,-17.0787,17,0.033379
TEL,77028,8.3038,8.2735,0.7283,-17.2949,17,0.033379
TEL,77128,8.2879,8.2757,0.7265,-17.5581,18,0.035343
TEL,77228,8.3038,8.2780,0.7233,-17.7775,18,0.035343
TEL,77328,8.3038,8.2796,0.7220,-18.0482,18,0.035343
TEL,77428,8.3038,8.2823,0.7196,-18.2818,18,0.035343
TEL,77528,8.3038,8.2831,0.7177,-18.5274,19,0.037306
TEL,77628,8.2879,8.2843,0.7163,-18.7858,19,0.037306
TEL,77728,8.1321,8.2804,0.7157,-19.0758,19,0.037306
TEL,77828,8.2721,8.2773,0.7211,-19.5914,20,0.039270
TEL,77928,7.0694,8.2776,0.7227,-19.9354,20,0.039270
TEL,78028,7.8793,8.2456,0.7413,-21.1304,21,0.041233
TEL,78128,8.1168,8.2319,0.7631,-22.2707,22,0.043197
TEL,78228,8.2721,8.2314,0.7704,-22.7471,23,0.045160
TEL,78328,8.2563,8.2334,0.7676,-22.8391,23,0.045160
TEL,78428,7.8793,8.2196,0.7804,-23.7426,24,0.047124
TEL,78528,8.1168,8.2069,0.7931,-24.4774,24,0.047124
TEL,78628,8.2406,8.2098,0.7902,-24.5678,25,0.049087
TEL,78728,8.2879,8.2149,0.7851,-24.5836,25,0.049087
TEL,78828,7.6818,8.1933,0.8067,-25.7430,26,0.051051
TEL,78928,8.1168,8.1767,0.8233,-26.5920,27,0.053014
TEL,79028,8.2563,8.1829,0.8171,-26.5527,27,0.053014
TEL,79128,8.2879,8.1918,0.8082,-26.4466,26,0.051051
TEL,79228,7.7935,8.1731,0.8269,-27.5382,28,0.054978
TEL,79328,8.0864,8.1586,0.8414,-28.3925,28,0.054978
TEL,79428,8.2721,8.1678,0.8377,-28.4607,28,0.054978
TEL,79528,8.2721,8.1789,0.8211,-28.1315,28,0.054978
TEL,79628,7.6681,8.1530,0.8470,-29.5248,30,0.058905
TEL,79728,8.0864,8.1410,0.8590,-30.2789,30,0.058905
TEL,79828,8.2563,8.1520,0.8540,-30.2996,30,0.058905
TEL,79928,8.2879,8.1647,0.8353,-29.8573,30,0.058905
TEL,80028,7.4540,8.1647,0.8353,-29.8573,30,0.058905
TEL,80128,8.0864,8.1486,0.8476,-30.8698,31,0.060868
TEL,80228,8.2249,8.1548,0.8523,-31.3765,31,0.060868
TEL,80328,8.2879,8.1673,0.8392,-31.1380,31,0.060868
TEL,80428,7.6000,8.1379,0.8621,-32.8177,33,0.064795
TEL,80528,8.0864,8.1264,0.8736,-33.5055,34,0.066759
TEL,80628,8.2249,8.1385,0.8615,-33.2596,33,0.064795
TEL,80728,8.2879,8.1530,0.8470,-32.9177,33,0.064795
TEL,80828,7.3258,8.1589,0.8470,-32.9177,33,0.064795
TEL,80928,8.0562,8.1396,0.8552,-33.8788,34,0.066759
TEL,81028,8.2406,8.1508,0.8591,-34.2872,34,0.066759
TEL,81128,8.2879,8.1583,0.8492,-34.1824,34,0.066759
TEL,81228,7.6135,8.1343,0.8355,-33.9705,34,0.066759
TEL,81328,8.0412,8.1366,0.8657,-35.7374,36,0.070686
TEL,81428,8.2563,8.1466,0.8637,-35.9651,36,0.070686
TEL,81528,8.2721,8.1600,0.8469,-35.5712,36,0.070686
TEL,81628,7.5330,8.1293,0.8345,-35.3885,35,0.068722
TEL,81728,8.0262,8.1075,0.8861,-37.7939,38,0.074613
TEL,81828,8.2563,8.1240,0.8897,-38.0908,38,0.074613
TEL,81928,8.2721,8.1415,0.8675,-37.4895,37,0.072649
TEL,82028,7.4410,8.1510,0.8490,-37.0490,37,0.072649
TEL,82128,8.0562,8.1201,0.8749,-38.5292,39,0.076576
TEL,82228,8.2563,8.1340,0.8790,-38.9876,39,0.076576
TEL,82328,8.2721,8.1499,0.8583,-38.4987,38,0.074613
TEL,82428,7.3258,8.1586,0.8414,-38.1534,38,0.074613
TEL,82528,7.8793,8.1188,0.8635,-39.4922,39,0.076576
TEL,82628,8.2406,8.1283,0.8813,-40.4110,40,0.078540
TEL,82728,8.2563,8.1430,0.8646,-40.0694,40,0.078540
TEL,82828,7.2632,8.1501,0.8499,-39.8383,40,0.078540
TEL,82928,8.0113,8.1150,0.8772,-41.3752,41,0.080503
TEL,83028,8.2249,8.1288,0.8828,-41.8353,42,0.082467
TEL,83128,8.2721,8.1453,0.8632,-41.3854,41,0.080503
TEL,83228,7.2757,8.1552,0.8448,-40.9675,41,0.080503
TEL,83328,7.8938,8.1102,0.8730,-42.5707,43,0.084430
TEL,83428,8.2406,8.1217,0.8904,-43.4892,43,0.084430
TEL,83528,8.2563,8.1306,0.8783,-43.2436,43,0.084430
TEL,83628,7.2385,8.1400,0.8600,-42.8513,43,0.084430
TEL,83728,7.9964,8.1004,0.8911,-44.5679,45,0.088357
TEL,83828,8.2249,8.1148,0.8995,-45.1891,45,0.088357
TEL,83928,8.2721,8.1340,0.8758,-44.5670,45,0.088357
TEL,84028,6.4909,8.1432,0.8568,-44.1595,44,0.086394
TEL,84128,8.0113,8.0997,0.8929,-46.0742,46,0.090321
TEL,84228,8.2406,8.1136,0.9013,-46.7141,47,0.092284
TEL,84328,8.2721,8.1313,0.8788,-46.1640,46,0.090321
TEL,84428,6.5315,8.1408,0.8592,-45.7046,46,0.090321
TEL,84528,7.9083,8.1252,0.8748,-46.9437,47,0.092284
TEL,84628,8.1783,8.1239,0.8798,-47.4553,47,0.092284
TEL,84728,8.2563,8.1378,0.8622,-47.0848,47,0.092284
TEL,84828,6.5010,8.1459,0.8622,-47.0848,47,0.092284
TEL,84928,7.9669,8.1350,0.8650,-48.1130,48,0.094248
TEL,85028,8.1938,8.1331,0.8706,-48.6387,49,0.096211
TEL,85128,8.2721,8.1457,0.8543,-48.2899,48,0.094248
TEL,85228,6.6350,8.1612,0.8388,-48.0107,48,0.094248
TEL,85328,7.8793,8.1452,0.8548,-49.0968,49,0.096211
TEL,85428,8.1938,8.1408,0.8624,-49.7153,50,0.098175
TEL,85528,8.2563,8.1516,0.8484,-49.4842,49,0.096211
TEL,85628,8.3038,8.1729,0.8347,-49.2945,49,0.096211
TEL,85728,8.2879,8.1862,0.8138,-48.9171,49,0.096211
TEL,85828,8.3038,8.2048,0.8011,-48.7978,49,0.096211
TEL,85928,8.2879,8.2136,0.7864,-48.6853,49,0.096211
TEL,86028,8.2879,8.2256,0.7779,-48.7680,49,0.096211
TEL,86128,8.2879,8.2325,0.7675,-48.8052,49,0.096211
TEL,86228,8.3038,8.2416,0.7615,-48.9696,49,0.096211
TEL,86328,8.2721,8.2450,0.7562,-49.1537,49,0.096211
TEL,86428,8.2879,8.2497,0.7520,-49.3651,49,0.096211
TEL,86528,8.2879,8.2521,0.7479,-49.5783,50,0.098175
TEL,86628,8.2879,8.2566,0.7446,-49.8079,50,0.098175
TEL,86728,8.2879,8.2594,0.7416,-50.0256,50,0.098175
TEL,86828,8.3038,8.2639,0.7375,-50.1938,50,0.098175
TEL,86928,8.3038,8.2666,0.7334,-50.3851,50,0.098175
TEL,87028,8.3038,8.2691,0.7320,-50.6690,51,0.100138
TEL,87128,8.3038,8.2707,0.7293,-50.8901,51,0.100138
TEL,87228,8.3038,8.2731,0.7278,-51.1481,51,0.100138
TEL,87328,8.2879,8.2740,0.7264,-51.4216,51,0.100138
TEL,87428,8.2879,8.2759,0.7244,-51.6447,52,0.102102
TEL,87528,8.3038,8.2769,0.7231,-51.9034,52,0.102102
TEL,87628,8.2879,8.2785,0.7217,-52.1519,52,0.102102
TEL,87728,7.6407,8.2630,0.7370,-53.1569,53,0.104065
TEL,87828,8.1474,8.2383,0.7580,-54.2778,54,0.106029
TEL,87928,8.2249,8.2356,0.7644,-54.6916,55,0.107992
TEL,88028,8.2563,8.2394,0.7612,-54.7728,55,0.107992
TEL,88128,7.5197,8.2141,0.7859,-56.1550,56,0.109956
TEL,88228,8.1474,8.1891,0.8086,-57.1467,57,0.111919
TEL,88328,8.2249,8.1903,0.8097,-57.3265,57,0.111919
TEL,88428,8.2563,8.2004,0.8023,-57.2683,57,0.111919
TEL,88528,7.5865,8.1728,0.8272,-58.7084,59,0.115846
TEL,88628,8.1474,8.1474,0.8526,-59.8463,60,0.117810
TEL,88728,8.2093,8.1542,0.8458,-59.7451,60,0.117810
TEL,88828,8.2721,8.1706,0.8351,-59.5092,60,0.117810
TEL,88928,7.3385,8.1706,0.8351,-59.5092,60,0.117810
TEL,89028,8.1321,8.1425,0.8495,-60.6426,61,0.119773
TEL,89128,8.2093,8.1472,0.8575,-61.1737,61,0.119773
TEL,89228,8.2721,8.1592,0.8528,-61.2167,61,0.119773
TEL,89328,7.5065,8.1247,0.8408,-61.0017,61,0.119773
TEL,89428,8.0864,8.0973,0.8932,-63.4871,63,0.123700
TEL,89528,8.2249,8.1093,0.9027,-64.0395,64,0.125664
TEL,89628,8.2721,8.1352,0.8826,-63.4666,63,0.123700
TEL,89728,7.2139,8.1352,0.8648,-63.0232,63,0.123700
TEL,89828,8.1016,8.0961,0.8933,-64.5801,65,0.127627
TEL,89928,8.2406,8.1117,0.9039,-65.2255,65,0.127627
TEL,90028,8.2721,8.1393,0.8788,-64.5425,65,0.127627
TEL,90128,7.2385,8.1393,0.8607,-64.1443,64,0.125664
TEL,90228,8.1168,8.1060,0.8852,-65.5911,66,0.129591
TEL,90328,8.2093,8.1183,0.8940,-66.2108,66,0.129591
TEL,90428,8.2563,8.1432,0.8728,-65.6960,66,0.129591
TEL,90528,6.5010,8.1432,0.8568,-65.4255,65,0.127627
TEL,90628,8.1168,8.1074,0.8826,-66.9242,67,0.131554
TEL,90728,8.2249,8.1184,0.8926,-67.5800,68,0.133518
TEL,90828,8.2721,8.1440,0.8739,-67.1669,67,0.131554
TEL,90928,6.4909,8.1440,0.8560,-66.8038,67,0.131554
TEL,91028,8.0864,8.0921,0.8913,-68.6828,69,0.135481
TEL,91128,8.2093,8.1027,0.9079,-69.5509,70,0.137445
TEL,91228,8.2563,8.1316,0.8881,-69.0385,69,0.135481
TEL,91328,7.2385,8.1316,0.8684,-68.6076,69,0.135481
TEL,91428,8.0562,8.0940,0.8938,-70.0951,70,0.137445
TEL,91528,8.1938,8.1061,0.9060,-70.9299,71,0.139408
TEL,91628,8.2721,8.1360,0.8850,-70.3915,70,0.137445
TEL,91728,6.5111,8.1461,0.8640,-69.8939,70,0.137445
TEL,91828,8.0412,8.0954,0.8877,-71.5661,72,0.141372
TEL,91928,8.2249,8.1114,0.9046,-72.5156,73,0.143335
TEL,92028,8.2721,8.1421,0.8795,-71.7826,72,0.141372
TEL,92128,6.5213,8.1421,0.8579,-71.2213,71,0.139408
TEL,92228,8.0864,8.0915,0.8921,-73.0252,73,0.143335
TEL,92328,8.2093,8.1061,0.9085,-73.8709,74,0.145299
TEL,92428,8.2721,8.1359,0.8843,-73.2041,73,0.143335
TEL,92528,6.5417,8.1359,0.8641,-72.7117,73,0.143335
TEL,92628,8.0412,8.0840,0.8979,-74.5361,75,0.147262
TEL,92728,8.1783,8.0953,0.9160,-75.5528,76,0.149226
TEL,92828,8.2721,8.1282,0.8933,-74.8756,75,0.147262
TEL,92928,6.7200,8.1373,0.8718,-74.3362,74,0.145299
TEL,93028,8.0412,8.1145,0.8798,-75.4437,75,0.147262
TEL,93128,8.2249,8.1272,0.8799,-75.6735,76,0.149226
TEL,93228,8.2879,8.1524,0.8572,-75.1419,75,0.147262
TEL,93328,6.4909,8.1592,0.8408,-74.9157,75,0.147262
TEL,93428,8.0562,8.1344,0.8598,-76.1554,76,0.149226
TEL,93528,8.1938,8.1380,0.8658,-76.7353,77,0.151189
TEL,93628,8.2721,8.1591,0.8481,-76.3589,76,0.149226
TEL,93728,6.4909,8.1669,0.8331,-76.1108,76,0.149226
TEL,93828,8.0412,8.1418,0.8512,-77.2930,77,0.151189
TEL,93928,8.1938,8.1453,0.8578,-77.8641,78,0.153153
TEL,94028,8.2721,8.1625,0.8441,-77.6470,78,0.153153
TEL,94128,6.7416,8.1678,0.8322,-77.5448,78,0.153153
TEL,94228,7.9964,8.1360,0.8547,-78.8693,79,0.155116
TEL,94328,8.1938,8.1374,0.8662,-79.6305,80,0.157080
TEL,94428,8.2563,8.1491,0.8574,-79.5514,80,0.157080
TEL,94528,6.6986,8.1562,0.8438,-79.3112,79,0.155116
TEL,94628,7.9816,8.1240,0.8663,-80.6260,81,0.159043
TEL,94728,8.1783,8.1250,0.8785,-81.4096,81,0.159043
TEL,94828,8.2879,8.1393,0.8699,-81.3349,81,0.159043
TEL,94928,7.1651,8.1463,0.8537,-81.0163,81,0.159043
TEL,95028,8.0113,8.1180,0.8746,-82.2671,82,0.161007
TEL,95128,8.1783,8.1198,0.8841,-82.9595,83,0.162970
TEL,95228,8.2721,8.1410,0.8672,-82.5884,83,0.162970
TEL,95328,6.7851,8.1497,0.8503,-82.2179,82,0.161007
TEL,95428,7.9816,8.1138,0.8766,-83.7075,84,0.164934
TEL,95528,8.1783,8.1162,0.8881,-84.4606,84,0.164934
TEL,95628,8.3198,8.1418,0.8698,-84.0107,84,0.164934
TEL,95728,8.3198,8.1637,0.8470,-83.4024,83,0.162970
TEL,95828,8.3038,8.1902,0.8177,-82.7388,83,0.162970
TEL,95928,8.3198,8.2044,0.8035,-82.6167,83,0.162970
TEL,96028,8.2879,8.2218,0.7826,-82.2779,82,0.161007
TEL,96128,8.2879,8.2293,0.7743,-82.4011,82,0.161007
TEL,96228,8.2879,8.2411,0.7617,-82.3481,82,0.161007
TEL,96328,8.3198,8.2483,0.7556,-82.5255,83,0.162970
TEL,96428,8.3198,8.2562,0.7470,-82.6265,83,0.162970
TEL,96528,8.3198,8.2613,0.7415,-82.8117,83,0.162970
TEL,96628,8.3038,8.2682,0.7335,-82.8957,83,0.162970
TEL,96728,8.3198,8.2725,0.7296,-83.1021,83,0.162970
TEL,96828,8.3038,8.2755,0.7256,-83.3235,83,0.162970
TEL,96928,8.3038,8.2782,0.7228,-83.5498,84,0.164934
TEL,97028,8.3198,8.2826,0.7188,-83.7413,84,0.164934
TEL,97128,8.3038,8.2845,0.7161,-83.9683,84,0.164934
