BALL_BEAM_BOOT
HELP,keys
STATE,SAFE_DISABLED
SENSORS,angle=bad,pos=bad,m=n
MEAS,theta_deg=0.0000,x_cm=0.0000,x_filt_cm=0.0000
AGE,angle_ms=0,pos_ms=0,miss=0
FAULTS,bits=0
CAL,zero_calibrated=no,limits_calibrated=no,sign_calibrated=no
SONAR_CFG,s=-1,u=1
ACT_CFG,t=0.0000,v=0,e=0.000
TEL,enabled=1
FAULT_INFO,bits=0
FAULT_INFO,none
TEL,350,SAFE_DISABLED,0.0000,0.0000,0.0000,0.0000,0.00,0,0.0000,0,0,0,0.0000,0.0000,0,-32.7832,0.0000,idle,0.0000,0.0000,0.0000,0.0000,0.0000,0.0000
TEL,450,SAFE_DISABLED,-6.2052,-6.2052,0.0000,0.0000,0.00,0,0.0000,33,1,0,0.0000,0.0000,0,-32.7832,0.0000,idle,-6.2052,-6.2052,-6.2052,-6.2052,-6.2052,0.4000
TEL,550,SAFE_DISABLED,-6.2052,-6.2052,0.0000,0.0000,0.00,0,0.0000,12,1,0,0.0000,0.0000,0,-32.7832,0.0000,idle,-6.2052,-6.2052,-6.2052,-6.2052,-6.2052,0.4000
TEL,650,SAFE_DISABLED,-6.2052,-6.2052,0.0000,0.0000,0.00,0,0.0000,32,1,0,0.0000,0.0000,0,-32.7832,0.0000,idle,-6.2052,-6.2052,-6.2052,-6.2052,-6.2052,0.4000
TEL,750,SAFE_DISABLED,-6.2052,-6.2052,0.0000,0.0000,0.00,0,0.0000,12,1,0,0.0000,0.0000,0,-32.7832,0.0000,idle,-6.2052,-6.2052,-6.2052,-6.2052,-6.2052,0.4000
TEL,850,SAFE_DISABLED,-6.2052,-6.2052,0.0000,0.0000,0.00,0,0.0000,31,1,0,0.0000,0.0000,0,-32.7832,0.0000,idle,-6.2052,-6.2052,-6.2052,-6.2052,-6.2052,0.4000
TEL,950,SAFE_DISABLED,-6.2052,-6.2052,0.0000,0.0000,0.00,0,0.0000,12,1,0,0.0000,0.0000,0,-32.7832,0.0000,idle,-6.2052,-6.2052,-6.2052,-6.2052,-6.2052,0.4000
TEL,1050,SAFE_DISABLED,-6.2052,-6.2052,0.0000,0.0000,0.00,0,0.0000,33,1,0,0.0000,0.0000,0,-32.7832,0.0000,idle,-6.2052,-6.2052,-6.2052,-6.2052,-6.2052,0.4000
TEL,1150,SAFE_DISABLED,-6.2052,-6.2052,0.0000,0.0000,0.00,0,0.0000,12,1,0,0.0000,0.0000,0,-32.7832,0.0000,idle,-6.2052,-6.2052,-6.2052,-6.2052,-6.2052,0.4000
TEL,1250,SAFE_DISABLED,-6.2738,-6.2258,0.0000,0.0000,0.00,0,0.0000,32,1,0,0.0000,0.0000,0,-32.7832,0.0000,idle,-6.2738,-6.2258,-6.2738,-6.2258,-6.2258,0.4000
TEL,1350,SAFE_DISABLED,-6.2738,-6.2503,0.0000,0.0000,0.00,0,0.0000,35,1,0,0.0000,0.0000,0,-32.7832,0.0000,idle,-6.2738,-6.2503,-6.2738,-6.2503,-6.2503,0.4000
TEL,1451,SAFE_DISABLED,-6.2052,-6.2207,0.0000,0.0000,0.00,0,0.0000,15,1,0,0.0000,0.0000,0,-32.7832,0.0000,idle,-6.2052,-6.2207,-6.2052,-6.2207,-6.2207,0.4000
TEL,1551,SAFE_DISABLED,-6.2052,-6.2128,0.0000,0.0000,0.00,0,0.0000,35,1,0,0.0000,0.0000,0,-32.7832,0.0000,idle,-6.2052,-6.2128,-6.2052,-6.2128,-6.2128,0.4000
TEL,1651,SAFE_DISABLED,-6.2052,-6.2078,0.0000,0.0000,0.00,0,0.0000,15,1,0,0.0000,0.0000,0,-32.7832,0.0000,idle,-6.2052,-6.2078,-6.2052,-6.2078,-6.2078,0.4000
TEL,1751,SAFE_DISABLED,-6.2052,-6.2065,0.0000,0.0000,0.00,0,0.0000,34,1,0,0.0000,0.0000,0,-32.7832,0.0000,idle,-6.2052,-6.2065,-6.2052,-6.2065,-6.2065,0.4000
TEL,1851,SAFE_DISABLED,-6.2052,-6.2056,0.0000,0.0000,0.00,0,0.0000,15,1,0,0.0000,0.0000,0,-32.7832,0.0000,idle,-6.2052,-6.2056,-6.2052,-6.2056,-6.2056,0.4000
TEL,1951,SAFE_DISABLED,-6.2052,-6.2054,0.0000,0.0000,0.00,0,0.0000,35,1,0,0.0000,0.0000,0,-32.7832,0.0000,idle,-6.2052,-6.2054,-6.2052,-6.2054,-6.2054,0.4000
TEL,2051,SAFE_DISABLED,-6.2052,-6.2053,0.0000,0.0000,0.00,0,0.0000,15,1,0,0.0000,0.0000,0,-32.7832,0.0000,idle,-6.2052,-6.2053,-6.2052,-6.2053,-6.2053,0.4000
TEL,2151,SAFE_DISABLED,-6.2052,-6.2052,0.0000,0.0000,0.00,0,0.0000,32,1,0,0.0000,0.0000,0,-32.7832,0.0000,idle,-6.2052,-6.2052,-6.2052,-6.2052,-6.2052,0.4000
TEL,2251,SAFE_DISABLED,-6.2052,-6.2052,0.0000,0.0000,0.00,0,0.0000,12,1,0,0.0000,0.0000,0,-32.7832,0.0000,idle,-6.2052,-6.2052,-6.2052,-6.2052,-6.2052,0.4000
TEL,2351,SAFE_DISABLED,-6.2052,-6.2052,0.0000,0.0000,0.00,0,0.0000,32,1,0,0.0000,0.0000,0,-32.7832,0.0000,idle,-6.2052,-6.2052,-6.2052,-6.2052,-6.2052,0.4000
TEL,2451,SAFE_DISABLED,-6.2052,-6.2052,0.0000,0.0000,0.00,0,0.0000,11,1,0,0.0000,0.0000,0,-32.7832,0.0000,idle,-6.2052,-6.2052,-6.2052,-6.2052,-6.2052,0.4000
TEL,2551,SAFE_DISABLED,-6.2052,-6.2052,0.0000,0.0000,0.00,0,0.0000,32,1,0,0.0000,0.0000,0,-32.7832,0.0000,idle,-6.2052,-6.2052,-6.2052,-6.2052,-6.2052,0.4000
TEL,2651,SAFE_DISABLED,-6.2052,-6.2052,0.0000,0.0000,0.00,0,0.0000,12,1,0,0.0000,0.0000,0,-32.7832,0.0000,idle,-6.2052,-6.2052,-6.2052,-6.2052,-6.2052,0.4000
TEL,2751,SAFE_DISABLED,-6.2052,-6.2052,0.0000,0.0000,0.00,0,0.0000,32,1,0,0.0000,0.0000,0,-32.7832,0.0000,idle,-6.2052,-6.2052,-6.2052,-6.2052,-6.2052,0.4000
TEL,2851,SAFE_DISABLED,-6.2052,-6.2052,0.0000,0.0000,0.00,0,0.0000,12,1,0,0.0000,0.0000,0,-32.7832,0.0000,idle,-6.2052,-6.2052,-6.2052,-6.2052,-6.2052,0.4000
TEL,2951,SAFE_DISABLED,-6.2052,-6.2052,0.0000,0.0000,0.00,0,0.0000,32,1,0,0.0000,0.0000,0,-32.7832,0.0000,idle,-6.2052,-6.2052,-6.2052,-6.2052,-6.2052,0.4000
TEL,3051,SAFE_DISABLED,-6.2052,-6.2052,0.0000,0.0000,0.00,0,0.0000,11,1,0,0.0000,0.0000,0,-32.7832,0.0000,idle,-6.2052,-6.2052,-6.2052,-6.2052,-6.2052,0.4000
TEL,3151,SAFE_DISABLED,-6.2052,-6.2052,0.0000,0.0000,0.00,0,0.0000,32,1,0,0.0000,0.0000,0,-32.7832,0.0000,idle,-6.2052,-6.2052,-6.2052,-6.2052,-6.2052,0.4000
TEL,3251,SAFE_DISABLED,-6.2052,-6.2052,0.0000,0.0000,0.00,0,0.0000,12,1,0,0.0000,0.0000,0,-32.7832,0.0000,idle,-6.2052,-6.2052,-6.2052,-6.2052,-6.2052,0.4000
TEL,3351,SAFE_DISABLED,-6.2052,-6.2052,0.0000,0.0000,0.00,0,0.0000,32,1,0,0.0000,0.0000,0,-32.7832,0.0000,idle,-6.2052,-6.2052,-6.2052,-6.2052,-6.2052,0.4000
TEL,3451,SAFE_DISABLED,-6.2052,-6.2052,0.0000,0.0000,0.00,0,0.0000,12,1,0,0.0000,0.0000,0,-32.7832,0.0000,idle,-6.2052,-6.2052,-6.2052,-6.2052,-6.2052,0.4000
TEL,3551,SAFE_DISABLED,-6.2052,-6.2052,0.0000,0.0000,0.00,0,0.0000,31,1,0,0.0000,0.0000,0,-32.7832,0.0000,idle,-6.2052,-6.2052,-6.2052,-6.2052,-6.2052,0.4000
TEL,3651,SAFE_DISABLED,-6.2052,-6.2052,0.0000,0.0000,0.00,0,0.0000,35,1,0,0.0000,0.0000,0,-32.7832,0.0000,idle,-6.2052,-6.2052,-6.2052,-6.2052,-6.2052,0.4000
TEL,3751,SAFE_DISABLED,-6.2052,-6.2052,0.0000,0.0000,0.00,0,0.0000,15,1,0,0.0000,0.0000,0,-32.7832,0.0000,idle,-6.2052,-6.2052,-6.2052,-6.2052,-6.2052,0.4000
TEL,3851,SAFE_DISABLED,-6.2052,-6.2052,0.0000,0.0000,0.00,0,0.0000,33,1,0,0.0000,0.0000,0,-32.7832,0.0000,idle,-6.2052,-6.2052,-6.2052,-6.2052,-6.2052,0.4000
TEL,3951,SAFE_DISABLED,-6.2052,-6.2052,0.0000,0.0000,0.00,0,0.0000,12,1,0,0.0000,0.0000,0,-32.7832,0.0000,idle,-6.2052,-6.2052,-6.2052,-6.2052,-6.2052,0.4000
TEL,4051,SAFE_DISABLED,-6.2052,-6.2052,0.0000,0.0000,0.00,0,0.0000,31,1,0,0.0000,0.0000,0,-32.7832,0.0000,idle,-6.2052,-6.2052,-6.2052,-6.2052,-6.2052,0.4000
TEL,4151,SAFE_DISABLED,-6.2052,-6.2052,0.0000,0.0000,0.00,0,0.0000,12,1,0,0.0000,0.0000,0,-32.7832,0.0000,idle,-6.2052,-6.2052,-6.2052,-6.2052,-6.2052,0.4000
TEL,4251,SAFE_DISABLED,-6.2052,-6.2052,0.0000,0.0000,0.00,0,0.0000,32,1,0,0.0000,0.0000,0,-32.7832,0.0000,idle,-6.2052,-6.2052,-6.2052,-6.2052,-6.2052,0.4000
TEL,4352,SAFE_DISABLED,-6.2052,-6.2052,0.0000,0.0000,0.00,0,0.0000,12,1,0,0.0000,0.0000,0,-32.7832,0.0000,idle,-6.2052,-6.2052,-6.2052,-6.2052,-6.2052,0.4000
TEL,4452,SAFE_DISABLED,-6.2052,-6.2052,0.0000,0.0000,0.00,0,0.0000,32,1,0,0.0000,0.0000,0,-32.7832,0.0000,idle,-6.2052,-6.2052,-6.2052,-6.2052,-6.2052,0.4000
TEL,4552,SAFE_DISABLED,-6.2052,-6.2052,0.0000,0.0000,0.00,0,0.0000,11,1,0,0.0000,0.0000,0,-32.7832,0.0000,idle,-6.2052,-6.2052,-6.2052,-6.2052,-6.2052,0.4000
TEL,4652,SAFE_DISABLED,-6.2052,-6.2052,0.0000,0.0000,0.00,0,0.0000,31,1,0,0.0000,0.0000,0,-32.7832,0.0000,idle,-6.2052,-6.2052,-6.2052,-6.2052,-6.2052,0.4000
TEL,4752,SAFE_DISABLED,-6.2052,-6.2052,0.0000,0.0000,0.00,0,0.0000,12,1,0,0.0000,0.0000,0,-32.7832,0.0000,idle,-6.2052,-6.2052,-6.2052,-6.2052,-6.2052,0.4000
TEL,4852,SAFE_DISABLED,-6.2052,-6.2052,0.0000,0.0000,0.00,0,0.0000,32,1,0,0.0000,0.0000,0,-32.7832,0.0000,idle,-6.2052,-6.2052,-6.2052,-6.2052,-6.2052,0.4000
TEL,4952,SAFE_DISABLED,-6.2052,-6.2052,0.0000,0.0000,0.00,0,0.0000,12,1,0,0.0000,0.0000,0,-32.7832,0.0000,idle,-6.2052,-6.2052,-6.2052,-6.2052,-6.2052,0.4000
TEL,5052,SAFE_DISABLED,-6.2052,-6.2052,0.0000,0.0000,0.00,0,0.0000,32,1,0,0.0000,0.0000,0,-32.7832,0.0000,idle,-6.2052,-6.2052,-6.2052,-6.2052,-6.2052,0.4000
TEL,5152,SAFE_DISABLED,-6.2052,-6.2052,0.0000,0.0000,0.00,0,0.0000,12,1,0,0.0000,0.0000,0,-32.7832,0.0000,idle,-6.2052,-6.2052,-6.2052,-6.2052,-6.2052,0.4000
TEL,5252,SAFE_DISABLED,-6.2052,-6.2052,0.0000,0.0000,0.00,0,0.0000,33,1,0,0.0000,0.0000,0,-32.7832,0.0000,idle,-6.2052,-6.2052,-6.2052,-6.2052,-6.2052,0.4000
TEL,5352,SAFE_DISABLED,-6.2052,-6.2052,0.0000,0.0000,0.00,0,0.0000,11,1,0,0.0000,0.0000,0,-32.7832,0.0000,idle,-6.2052,-6.2052,-6.2052,-6.2052,-6.2052,0.4000
TEL,5452,SAFE_DISABLED,-6.2052,-6.2052,0.0000,0.0000,0.00,0,0.0000,32,1,0,0.0000,0.0000,0,-32.7832,0.0000,idle,-6.2052,-6.2052,-6.2052,-6.2052,-6.2052,0.4000
OK,stopped
TEL,5552,SAFE_DISABLED,-6.2052,-6.2052,0.0000,0.0000,0.00,0,0.0000,36,1,0,0.0000,0.0000,0,-32.7832,0.0000,idle,-6.2052,-6.2052,-6.2052,-6.2052,-6.2052,0.4000
OK,driver_disabled
OK,telemetry=0
OK,cal_reset_saved
ERR,sonar_not_ready
ERR,sonar_not_ready
OK,cal_limit_down_set=0.000000
CAL_LIMITS,lower_deg=-6.240234,upper_deg=6.240234,limits_calibrated=no
OK,cal_limit_up_set=65.566406
OK,as5600_sign=-1,sonar_sign=-1
INFO,limits_ok
CAL_LIMITS,lower_deg=-32.783203,upper_deg=32.783203,limits_calibrated=yes
ERR,sonar_not_ready
OK,telemetry=0
ERR,sonar_not_ready
ERR,sonar_not_ready
ERR,sonar_not_ready
ERR,sonar_not_ready
ERR,sonar_not_ready
ERR,sonar_not_ready
OK,cal_zero_position_set=17.854841
CAL_ZERO,sonar_center_cm=17.854841,zero_calibrated=yes
OK,driver_enabled
OK,stepper_sign=-1,delta=-23.0273
STATE,READY
SENSORS,angle=ok,pos=ok,m=h
MEAS,theta_deg=0.0000,x_cm=4.6493,x_filt_cm=4.9219
AGE,angle_ms=12,pos_ms=350,miss=8
FAULTS,bits=0
CAL,zero_calibrated=yes,limits_calibrated=yes,sign_calibrated=yes
SONAR_CFG,s=-1,u=1
ACT_CFG,t=20.1270,v=1,e=-0.527
TEL,enabled=0
FAULT_INFO,bits=0
FAULT_INFO,none
SET,88158,0.0000,13.2586,-7.6930
OK,driver_enabled
OK,running
TEL,100340,RUNNING,4.4061,4.1878,-2.8125,-5.2235,-404.89,0,0.0000,1,1,0,-5.2235,-5.2235,0,17.6660,20.1270,idle,4.4092,4.1908,4.4039,4.1858,4.1878,0.4000
TEL,100443,RUNNING,4.4003,4.2935,-4.7250,-2.9558,195.11,0,0.0000,24,1,0,-2.9558,-2.9558,0,15.1172,20.1270,idle,4.4092,4.3022,4.3943,4.2876,4.2935,0.4000
TEL,100544,RUNNING,4.0654,4.1955,-1.4625,-2.9105,117.84,0,0.0000,31,1,0,-2.9105,-2.9105,0,18.2812,20.1270,idle,4.0662,4.1963,4.0649,4.1949,4.1955,0.4000
TEL,100645,RUNNING,4.1323,4.1480,-2.5875,-2.9054,-184.14,0,0.0000,32,1,0,-2.9054,-2.9054,0,17.7539,20.1270,idle,4.1348,4.1505,4.1306,4.1463,4.1480,0.4000
TEL,100747,RUNNING,4.0642,4.1199,-2.3625,-2.9117,113.30,0,0.0000,32,1,0,-2.9117,-2.9117,0,17.4023,20.1270,idle,4.0662,4.1220,4.0628,4.1185,4.1199,0.4000
TEL,100849,RUNNING,4.0623,4.0896,-3.2625,-2.9179,-2.91,0,0.0000,32,1,0,-2.9179,-2.9179,0,17.1387,20.1270,idle,4.0662,4.0935,4.0597,4.0869,4.0896,0.4000
TEL,100952,RUNNING,3.9948,4.0521,-2.8125,-2.2946,120.00,0,0.0000,12,1,0,-2.2946,-2.2946,0,17.2266,20.1270,idle,3.9976,4.0550,3.9928,4.0501,4.0521,0.4000
TEL,101052,RUNNING,4.0623,4.0568,-3.2625,-2.9461,81.85,0,0.0000,31,1,0,-2.9461,-2.9461,0,17.0508,20.1270,idle,4.0662,4.0607,4.0597,4.0542,4.0568,0.4000
TEL,101152,RUNNING,3.9950,4.0259,-2.7000,-2.9494,0.00,0,0.0000,32,1,0,-2.9494,-2.9494,0,17.2266,20.1270,idle,3.9976,4.0286,3.9932,4.0241,4.0259,0.4000
TEL,101254,RUNNING,3.9945,4.0051,-2.9250,-2.8455,0.00,0,0.0000,12,1,0,-2.8455,-2.8455,0,17.2266,20.1270,idle,3.9976,4.0082,3.9924,4.0030,4.0051,0.4000
TEL,101354,RUNNING,3.9945,3.9997,-2.9250,-2.9817,0.00,0,0.0000,31,1,0,-2.9817,-2.9817,0,17.2266,20.1270,idle,3.9976,4.0028,3.9924,3.9976,3.9997,0.4000
TEL,101454,RUNNING,3.9945,3.9963,-2.9250,-2.9847,0.00,0,0.0000,11,1,0,-2.9847,-2.9847,0,17.2266,20.1270,idle,3.9976,3.9994,3.9924,3.9942,3.9963,0.4000
TEL,101554,RUNNING,3.9945,3.9954,-2.9250,-3.0282,0.00,0,0.0000,31,1,0,-3.0282,-3.0282,0,17.2266,20.1270,idle,3.9976,3.9985,3.9924,3.9933,3.9954,0.4000
TEL,101654,RUNNING,3.9945,3.9949,-2.9250,-3.0527,0.00,0,0.0000,33,1,0,-3.0527,-3.0527,0,17.2266,20.1270,idle,3.9976,3.9981,3.9924,3.9929,3.9949,0.4000
TEL,101754,RUNNING,3.9945,3.9947,-2.9250,-3.0756,0.00,0,0.0000,13,1,0,-3.0756,-3.0756,0,17.2266,20.1270,idle,3.9976,3.9978,3.9924,3.9926,3.9947,0.4000
TEL,101854,RUNNING,3.9945,3.9946,-2.9250,-3.1019,0.00,0,0.0000,32,1,0,-3.1019,-3.1019,0,17.2266,20.1270,idle,3.9976,3.9977,3.9924,3.9925,3.9946,0.4000
TEL,101955,RUNNING,3.9264,3.9744,-2.7000,-3.1127,0.00,0,0.0000,33,1,0,-3.1127,-3.1127,0,17.2266,20.1270,idle,3.9290,3.9771,3.9247,3.9727,3.9744,0.4000
TEL,102055,RUNNING,3.9260,3.9424,-2.9250,-2.9370,0.00,0,0.0000,13,1,0,-2.9370,-2.9370,0,17.2266,20.1270,idle,3.9290,3.9455,3.9239,3.9404,3.9424,0.4000
TEL,102155,RUNNING,3.9935,3.9680,-3.3750,-3.1583,0.00,0,0.0000,32,1,0,-3.1583,-3.1583,0,16.9629,20.1270,idle,3.9976,3.9721,3.9907,3.9652,3.9680,0.4000
TEL,102255,RUNNING,3.9935,3.9810,-3.3750,-3.1917,0.00,0,0.0000,32,1,0,-3.1917,-3.1917,0,16.7871,20.1270,idle,3.9976,3.9851,3.9907,3.9782,3.9810,0.4000
TEL,102355,RUNNING,3.9935,3.9874,-3.3750,-3.2207,0.00,0,0.0000,32,1,0,-3.2207,-3.2207,0,16.7871,20.1270,idle,3.9976,3.9915,3.9907,3.9846,3.9874,0.4000
TEL,102456,RUNNING,3.9935,3.9914,-3.3750,-3.2710,0.00,0,0.0000,13,1,0,-3.2710,-3.2710,0,16.7871,20.1270,idle,3.9976,3.9955,3.9907,3.9886,3.9914,0.4000
TEL,102556,RUNNING,3.9935,3.9925,-3.3750,-3.2736,0.00,0,0.0000,33,1,0,-3.2736,-3.2736,0,16.7871,20.1270,idle,3.9976,3.9966,3.9907,3.9897,3.9925,0.4000
TEL,102657,RUNNING,3.9250,3.9726,-3.3750,-2.7678,120.00,0,0.0000,12,1,0,-2.7678,-2.7678,0,16.7871,20.1270,idle,3.9290,3.9767,3.9222,3.9698,3.9726,0.4000
TEL,102757,RUNNING,3.9250,3.9483,-3.3750,-3.2930,0.00,0,0.0000,31,1,0,-3.2930,-3.2930,0,16.7871,20.1270,idle,3.9290,3.9524,3.9222,3.9455,3.9483,0.4000
TEL,102857,RUNNING,3.9255,3.9369,-3.1500,-3.3093,0.00,0,0.0000,33,1,0,-3.3093,-3.3093,0,16.9629,20.1270,idle,3.9290,3.9405,3.9231,3.9345,3.9369,0.4000
TEL,102960,RUNNING,3.9923,3.9627,-3.8250,-3.3523,-57.23,0,0.0000,21,1,0,-3.3523,-3.3523,0,16.6113,20.1270,idle,3.9976,3.9680,3.9887,3.9591,3.9627,0.4000
TEL,103061,RUNNING,3.9940,3.9795,-3.1500,-3.3872,-84.42,0,0.0000,32,1,0,-3.3872,-3.3872,0,16.8750,20.1270,idle,3.9976,3.9831,3.9916,3.9771,3.9795,0.4000
TEL,103162,RUNNING,3.9935,3.9864,-3.3750,-3.4168,0.00,0,0.0000,32,1,0,-3.4168,-3.4168,0,16.7871,20.1270,idle,3.9976,3.9905,3.9907,3.9836,3.9864,0.4000
TEL,103262,RUNNING,3.9935,3.9900,-3.3750,-3.4440,0.00,0,0.0000,32,1,0,-3.4440,-3.4440,0,16.7871,20.1270,idle,3.9976,3.9941,3.9907,3.9872,3.9900,0.4000
TEL,103363,RUNNING,3.9935,3.9918,-3.3750,-3.4699,0.00,0,0.0000,33,1,0,-3.4699,-3.4699,0,16.7871,20.1270,idle,3.9976,3.9959,3.9907,3.9890,3.9918,0.4000
TEL,103463,RUNNING,3.9935,3.9929,-3.3750,-3.5018,0.00,0,0.0000,13,1,0,-3.5018,-3.5018,0,16.7871,20.1270,idle,3.9976,3.9971,3.9907,3.9901,3.9929,0.4000
TEL,103563,RUNNING,3.9935,3.9932,-3.3750,-3.5203,0.00,0,0.0000,32,1,0,-3.5203,-3.5203,0,16.7871,20.1270,idle,3.9976,3.9974,3.9907,3.9904,3.9932,0.4000
TEL,103663,RUNNING,3.9935,3.9933,-3.3750,-3.5452,0.00,0,0.0000,33,1,0,-3.5452,-3.5452,0,16.7871,20.1270,idle,3.9976,3.9975,3.9907,3.9906,3.9933,0.4000
TEL,103763,RUNNING,3.9935,3.9934,-3.3750,-3.5705,0.00,0,0.0000,13,1,0,-3.5705,-3.5705,0,16.7871,20.1270,idle,3.9976,3.9976,3.9907,3.9907,3.9934,0.4000
TEL,103863,RUNNING,3.9935,3.9935,-3.3750,-3.5947,0.00,0,0.0000,32,1,0,-3.5947,-3.5947,0,16.7871,20.1270,idle,3.9976,3.9976,3.9907,3.9907,3.9935,0.4000
TEL,103963,RUNNING,3.9929,3.9929,-3.6000,-3.6195,0.00,0,0.0000,33,1,0,-3.6195,-3.6195,0,16.6113,20.1270,idle,3.9976,3.9976,3.9898,3.9897,3.9929,0.4000
TEL,104064,RUNNING,3.9929,3.9929,-3.6000,-3.6443,0.00,0,0.0000,13,1,0,-3.6443,-3.6443,0,16.6113,20.1270,idle,3.9976,3.9976,3.9898,3.9897,3.9929,0.4000
TEL,104164,RUNNING,3.9929,3.9929,-3.6000,-3.6689,0.00,0,0.0000,32,1,0,-3.6689,-3.6689,0,16.6113,20.1270,idle,3.9976,3.9976,3.9898,3.9898,3.9929,0.4000
TEL,104264,RUNNING,3.9929,3.9929,-3.6000,-3.6937,0.00,0,0.0000,12,1,0,-3.6937,-3.6937,0,16.6113,20.1270,idle,3.9976,3.9976,3.9898,3.9898,3.9929,0.4000
TEL,104364,RUNNING,3.9929,3.9929,-3.6000,-3.7184,0.00,0,0.0000,30,1,0,-3.7184,-3.7184,0,16.6113,20.1270,idle,3.9976,3.9976,3.9898,3.9898,3.9929,0.4000
TEL,104464,RUNNING,3.9929,3.9929,-3.6000,-3.7432,0.00,0,0.0000,32,1,0,-3.7432,-3.7432,0,16.6113,20.1270,idle,3.9976,3.9976,3.9898,3.9898,3.9929,0.4000
TEL,104564,RUNNING,3.9929,3.9929,-3.6000,-3.7679,0.00,0,0.0000,12,1,0,-3.7679,-3.7679,0,16.6113,20.1270,idle,3.9976,3.9976,3.9898,3.9898,3.9929,0.4000
TEL,104665,RUNNING,3.9929,3.9929,-3.6000,-3.7926,0.00,0,0.0000,31,1,0,-3.7926,-3.7926,0,16.6113,20.1270,idle,3.9976,3.9976,3.9898,3.9898,3.9929,0.4000
TEL,104765,RUNNING,3.9929,3.9929,-3.6000,-3.8174,0.00,0,0.0000,32,1,0,-3.8174,-3.8174,0,16.6113,20.1270,idle,3.9976,3.9976,3.9898,3.9898,3.9929,0.4000
TEL,104865,RUNNING,3.9923,3.9923,-3.8250,-3.8421,0.00,0,0.0000,12,1,0,-3.8421,-3.8421,0,16.3477,20.1270,idle,3.9976,3.9976,3.9887,3.9887,3.9923,0.4000
TEL,104966,RUNNING,3.9923,3.9923,-3.8250,-3.8668,0.00,0,0.0000,31,1,0,-3.8668,-3.8668,0,16.3477,20.1270,idle,3.9976,3.9976,3.9887,3.9887,3.9923,0.4000
TEL,105066,RUNNING,3.9923,3.9923,-3.8250,-3.8916,0.00,0,0.0000,11,1,0,-3.8916,-3.8916,0,16.3477,20.1270,idle,3.9976,3.9976,3.9887,3.9887,3.9923,0.4000
TEL,105166,RUNNING,3.9923,3.9923,-3.8250,-3.9163,0.00,0,0.0000,31,1,0,-3.9163,-3.9163,0,16.3477,20.1270,idle,3.9976,3.9976,3.9887,3.9887,3.9923,0.4000
TEL,105266,RUNNING,3.9923,3.9923,-3.8250,-3.9410,0.00,0,0.0000,12,1,0,-3.9410,-3.9410,0,16.3477,20.1270,idle,3.9976,3.9976,3.9887,3.9887,3.9923,0.4000
TEL,105366,RUNNING,3.9923,3.9923,-3.8250,-3.9658,0.00,0,0.0000,32,1,0,-3.9658,-3.9658,0,16.3477,20.1270,idle,3.9976,3.9976,3.9887,3.9887,3.9923,0.4000
TEL,105466,RUNNING,3.9923,3.9923,-3.8250,-3.9905,0.00,0,0.0000,33,1,0,-3.9905,-3.9905,0,16.3477,20.1270,idle,3.9976,3.9976,3.9887,3.9887,3.9923,0.4000
TEL,105567,RUNNING,3.9923,3.9923,-3.8250,-4.0152,0.00,0,0.0000,13,1,0,-4.0152,-4.0152,0,16.3477,20.1270,idle,3.9976,3.9976,3.9887,3.9887,3.9923,0.4000
TEL,105667,RUNNING,3.9923,3.9923,-3.8250,-4.0400,0.00,0,0.0000,33,1,0,-4.0400,-4.0400,0,16.3477,20.1270,idle,3.9976,3.9976,3.9887,3.9887,3.9923,0.4000
TEL,105767,RUNNING,3.9917,3.9916,-4.0500,-4.0647,0.00,0,0.0000,13,1,0,-4.0647,-4.0647,0,16.1719,20.1270,idle,3.9976,3.9976,3.9877,3.9877,3.9916,0.4000
TEL,105867,RUNNING,3.9917,3.9916,-4.0500,-4.0894,0.00,0,0.0000,32,1,0,-4.0894,-4.0894,0,16.1719,20.1270,idle,3.9976,3.9976,3.9877,3.9877,3.9916,0.4000
TEL,105967,RUNNING,3.9917,3.9916,-4.0500,-4.1142,0.00,0,0.0000,33,1,0,-4.1142,-4.1142,0,16.1719,20.1270,idle,3.9976,3.9976,3.9877,3.9877,3.9916,0.4000
TEL,106067,RUNNING,3.9917,3.9916,-4.0500,-4.1389,0.00,0,0.0000,13,1,0,-4.1389,-4.1389,0,16.1719,20.1270,idle,3.9976,3.9976,3.9877,3.9877,3.9916,0.4000
TEL,106167,RUNNING,3.9917,3.9916,-4.0500,-4.1637,0.00,0,0.0000,32,1,0,-4.1637,-4.1637,0,16.1719,20.1270,idle,3.9976,3.9976,3.9877,3.9877,3.9916,0.4000
TEL,106267,RUNNING,3.9917,3.9916,-4.0500,-4.1884,0.00,0,0.0000,33,1,0,-4.1884,-4.1884,0,16.1719,20.1270,idle,3.9976,3.9976,3.9877,3.9877,3.9916,0.4000
SET,106348,-7.6930,13.2586,-7.6930
TEL,106368,RUNNING,3.9976,3.9976,-4.0500,-13.9913,-120.00,0,-7.6930,13,1,0,-13.9913,-13.9913,0,16.1719,20.1270,idle,3.9976,3.9976,3.9877,3.9877,3.9976,1.0000
TEL,106468,RUNNING,3.9976,3.9976,-7.9875,-14.0702,-720.00,0,-7.6930,31,1,0,-14.0702,-14.0702,0,12.7441,20.1270,idle,3.9976,3.9976,3.9589,3.9589,3.9976,1.0000
TEL,106569,RUNNING,3.9976,3.9976,-14.2875,-14.1491,-205.94,0,-7.6930,31,1,0,-14.1491,-14.1491,0,5.8887,20.1270,idle,3.9976,3.9976,3.8740,3.8740,3.9976,1.0000
TEL,106672,RUNNING,3.9976,3.9976,-14.1750,-14.2280,89.82,0,-7.6930,32,1,0,-14.2280,-14.2280,0,5.3613,20.1270,idle,3.9976,3.9976,3.8759,3.8759,3.9976,1.0000
TEL,106773,RUNNING,3.9976,3.9976,-14.2875,-14.3070,0.00,0,-7.6930,50,1,0,-14.3070,-14.3070,0,5.7129,20.1270,idle,3.9976,3.9976,3.8740,3.8740,3.9976,1.0000
TEL,106873,RUNNING,3.9976,3.9976,-14.2875,-14.3859,0.00,0,-7.6930,150,1,3,-14.3859,-14.3859,0,5.6250,20.1270,idle,3.9976,3.9976,3.8740,3.8740,3.9976,1.0000
TEL,106974,RUNNING,3.9976,3.9976,-14.2875,-14.4648,0.00,0,-7.6930,32,1,0,-14.4648,-14.4648,0,5.5371,20.1270,idle,3.9976,3.9976,3.8740,3.8740,3.9976,1.0000
TEL,107075,RUNNING,2.9686,3.6889,-14.0625,-14.1947,0.00,0,-7.6930,74,1,1,-14.1947,-14.1947,0,5.7129,20.1270,idle,2.9686,3.6889,2.8797,3.5784,3.6889,1.0000
TEL,107175,RUNNING,2.9686,3.6889,-14.0625,-14.2716,0.00,0,-7.6930,174,1,3,-14.2716,-14.2716,0,5.7129,20.1270,idle,2.9686,3.6889,2.8797,3.5784,3.6889,1.0000
TEL,107276,RUNNING,2.9686,3.6889,-14.2875,-14.3484,0.00,0,-7.6930,275,1,6,-14.3484,-14.3484,0,5.6250,20.1270,idle,2.9686,3.6889,2.8768,3.5748,3.6889,1.0000
TEL,107377,RUNNING,2.9686,3.6889,-14.2875,-14.4252,0.00,0,-7.6930,376,1,8,-14.4252,-14.4252,0,5.6250,20.1270,idle,2.9686,3.6889,2.8768,3.5748,3.6889,1.0000
TEL,107478,RUNNING,2.9686,3.6889,-14.2875,-14.5020,0.00,0,-7.6930,476,1,10,-14.5020,-14.5020,0,5.5371,20.1270,idle,2.9686,3.6889,2.8768,3.5748,3.6889,1.0000
TEL,107578,RUNNING,2.9686,3.6889,-14.5125,-14.5789,0.00,0,-7.6930,577,1,13,-14.5789,-14.5789,0,5.3613,20.1270,idle,2.9686,3.6889,2.8739,3.5712,3.6889,1.0000
TEL,107678,RUNNING,2.9686,3.6889,-14.5125,-14.6557,0.00,0,-7.6930,677,1,15,-14.6557,-14.6557,0,5.3613,20.1270,idle,2.9686,3.6889,2.8739,3.5712,3.6889,1.0000
TEL,107780,RUNNING,2.9686,3.6889,-14.5125,-14.7325,0.00,0,-7.6930,778,1,17,-14.7325,-14.7325,0,5.3613,20.1270,idle,2.9686,3.6889,2.8739,3.5712,3.6889,1.0000
TEL,107880,RUNNING,2.9686,3.6889,-14.7375,-14.8094,0.00,0,-7.6930,879,1,19,-14.8094,-14.8094,0,5.1855,20.1270,idle,2.9686,3.6889,2.8710,3.5676,3.6889,1.0000
TEL,107980,RUNNING,2.9686,3.6889,-14.7375,-14.8862,0.00,0,-7.6930,979,1,22,-14.8862,-14.8862,0,5.1855,20.1270,idle,2.9686,3.6889,2.8710,3.5676,3.6889,1.0000
TEL,108082,RUNNING,2.9686,3.6889,-14.7375,-14.9630,-120.00,0,-7.6930,1081,1,24,-14.9630,-14.9630,0,5.1855,20.1270,idle,2.9686,3.6889,2.8710,3.5676,3.6889,1.0000
TEL,108183,RUNNING,2.9686,3.6889,-15.0750,-15.0398,0.00,0,-7.6930,1182,1,26,-15.0398,-15.0398,0,4.8340,20.1270,idle,2.9686,3.6889,2.8665,3.5620,3.6889,1.0000
TEL,108283,RUNNING,2.9686,3.6889,-15.0750,-15.1167,0.00,0,-7.6930,1282,1,29,-15.1167,-15.1167,0,4.8340,20.1270,idle,2.9686,3.6889,2.8665,3.5620,3.6889,1.0000
TEL,108384,RUNNING,2.9686,3.6889,-15.0750,-15.1935,0.00,0,-7.6930,1383,1,31,-15.1935,-15.1935,0,4.8340,20.1270,idle,2.9686,3.6889,2.8665,3.5620,3.6889,1.0000
TEL,108484,RUNNING,2.9686,3.6889,-15.0750,-15.2703,0.00,0,-7.6930,1483,1,31,-15.2703,-15.2703,0,4.8340,20.1270,idle,2.9686,3.6889,2.8665,3.5620,3.6889,1.0000
TEL,108584,RUNNING,-0.0314,1.7916,-13.5000,-13.2045,240.00,0,-7.6930,30,1,0,-13.2045,-13.2045,0,5.8887,20.1270,idle,-0.0314,1.7916,-0.0305,1.7421,1.7916,1.0000
TEL,108686,RUNNING,-1.5314,0.4119,-11.3625,-11.7112,120.00,0,-7.6930,31,1,0,-11.7112,-11.7112,0,8.2617,20.1270,idle,-1.5314,0.4119,-1.5013,0.4038,0.4119,1.0000
TEL,108787,RUNNING,-3.0314,-1.3442,-10.4625,-9.7828,240.00,0,-7.6930,31,1,0,-9.7828,-9.7828,0,9.3164,20.1270,idle,-3.0314,-1.3442,-2.9810,-1.3218,-1.3442,1.0000
TEL,108891,RUNNING,-3.0314,-2.4527,-7.0875,-2.2955,360.00,0,-7.6930,11,1,0,-2.2955,-2.2955,0,12.6562,20.1270,idle,-3.0314,-2.4527,-3.0082,-2.4339,-2.4527,1.0000
TEL,108992,RUNNING,-6.0314,-3.9628,-3.6000,-6.9041,240.00,0,-7.6930,30,1,0,-6.9041,-6.9041,0,16.0840,20.1270,idle,-6.0314,-3.9628,-6.0195,-3.9550,-3.9628,1.0000
TEL,109093,RUNNING,-6.0314,-5.0178,-1.3500,-5.7379,120.00,0,-7.6930,30,1,0,-5.7379,-5.7379,0,18.3691,20.1270,idle,-6.0314,-5.0178,-6.0297,-5.0164,-5.0178,1.0000
TEL,109195,RUNNING,-6.0314,-5.5347,-0.5625,-5.1722,0.00,0,-7.6930,31,1,0,-5.1722,-5.1722,0,19.3359,20.1270,idle,-6.0314,-5.5347,-6.0311,-5.5344,-5.5347,1.0000
TEL,109295,RUNNING,-7.3900,-6.4809,-1.1250,-4.1183,-120.00,0,-7.6930,31,1,0,-4.1183,-4.1183,0,19.0723,20.1270,idle,-7.3900,-6.4809,-7.3885,-6.4796,-6.4809,1.0000
TEL,109396,RUNNING,-7.5314,-7.0157,-3.0375,-3.5224,-227.43,0,-7.6930,30,1,0,-3.5224,-3.5224,0,17.3145,20.1270,idle,-7.5314,-7.0157,-7.5208,-7.0059,-7.0157,1.0000
TEL,109498,RUNNING,-7.8702,-7.4515,-2.9250,-3.0349,132.57,0,-7.6930,31,1,0,-3.0349,-3.0349,0,16.7871,20.1270,idle,-7.8702,-7.4515,-7.8599,-7.4418,-7.4515,1.0000
TEL,109599,RUNNING,-7.9388,-7.7000,-1.9125,-2.7559,12.57,0,-7.6930,31,1,0,-2.7559,-2.7559,0,17.8418,20.1270,idle,-7.9388,-7.7000,-7.9343,-7.6957,-7.7000,1.0000
TEL,109702,RUNNING,-8.2132,-7.9617,-2.2500,-2.4603,0.00,0,-7.6930,31,1,0,-2.4603,-2.4603,0,17.8418,20.1270,idle,-8.2132,-7.9617,-8.2068,-7.9556,-7.9617,1.0000
TEL,109802,RUNNING,-7.8702,-7.9664,-2.2500,-3.4968,-120.00,0,-7.6930,10,1,0,-3.4968,-3.4968,0,17.8418,20.1270,idle,-7.8702,-7.9664,-7.8641,-7.9602,-7.9664,1.0000
TEL,109903,RUNNING,-7.9388,-7.9379,-2.5875,-2.4833,0.00,0,-7.6930,31,1,0,-2.4833,-2.4833,0,17.4023,20.1270,idle,-7.9388,-7.9379,-7.9307,-7.9298,-7.9379,1.0000
TEL,110004,RUNNING,-8.6248,-8.2162,-2.1375,-2.1675,0.00,0,-7.6930,31,1,0,-2.1675,-2.1675,0,17.6660,20.1270,idle,-8.6248,-8.2162,-8.6188,-8.2104,-8.2162,1.0000
TEL,110105,RUNNING,-8.6934,-8.4595,-1.6875,-1.8892,0.00,0,-7.6930,33,1,0,-1.8892,-1.8892,0,18.1055,20.1270,idle,-8.6934,-8.4595,-8.6896,-8.4559,-8.4595,1.0000
TEL,110206,RUNNING,-8.3504,-8.3878,-2.1375,-2.3713,-120.00,0,-7.6930,13,1,0,-2.3713,-2.3713,0,17.9297,20.1270,idle,-8.3504,-8.3878,-8.3445,-8.3820,-8.3878,1.0000
TEL,110308,RUNNING,-8.3504,-8.3687,-2.2500,-1.9819,120.00,0,-7.6930,31,1,0,-1.9819,-1.9819,0,17.8418,20.1270,idle,-8.3504,-8.3687,-8.3439,-8.3623,-8.3687,1.0000
TEL,110408,RUNNING,-7.8702,-8.2153,-2.1375,-2.1504,0.00,0,-7.6930,31,1,0,-2.1504,-2.1504,0,18.0176,20.1270,idle,-7.8702,-8.2153,-7.8647,-8.2096,-8.2153,1.0000
TEL,110510,RUNNING,-7.8702,-7.9885,-2.5875,-3.6872,-120.00,0,-7.6930,11,1,0,-3.6872,-3.6872,0,17.5781,20.1270,idle,-7.8702,-7.9885,-7.8621,-7.9804,-7.9885,1.0000
TEL,110611,RUNNING,-7.8016,-7.8932,-3.3750,-2.5087,0.00,0,-7.6930,31,1,0,-2.5087,-2.5087,0,16.9629,20.1270,idle,-7.8016,-7.8932,-7.7880,-7.8795,-7.8932,1.0000
TEL,110711,RUNNING,-7.8016,-7.8465,-2.9250,-2.5601,120.00,0,-7.6930,31,1,0,-2.5601,-2.5601,0,17.1387,20.1270,idle,-7.8016,-7.8465,-7.7914,-7.8362,-7.8465,1.0000
TEL,110813,RUNNING,-7.8016,-7.8236,-2.8125,-2.5849,120.00,0,-7.6930,31,1,0,-2.5849,-2.5849,0,17.3145,20.1270,idle,-7.8016,-7.8236,-7.7922,-7.8141,-7.8236,1.0000
TEL,110913,RUNNING,-7.8702,-7.8473,-2.2500,-2.5572,-120.00,0,-7.6930,31,1,0,-2.5572,-2.5572,0,17.7539,20.1270,idle,-7.8702,-7.8473,-7.8641,-7.8413,-7.8473,1.0000
TEL,111014,RUNNING,-7.8702,-7.8590,-2.5875,-2.5430,0.00,0,-7.6930,30,1,0,-2.5430,-2.5430,0,17.4902,20.1270,idle,-7.8702,-7.8590,-7.8621,-7.8510,-7.8590,1.0000
TEL,111115,RUNNING,-8.7620,-8.2331,-2.1375,-2.1196,0.00,0,-7.6930,31,1,0,-2.1196,-2.1196,0,17.6660,20.1270,idle,-8.7620,-8.2331,-8.7559,-8.2273,-8.2331,1.0000
TEL,111215,RUNNING,-8.7620,-8.5028,-1.6875,-1.8114,0.00,0,-7.6930,31,1,0,-1.8114,-1.8114,0,18.1055,20.1270,idle,-8.7620,-8.5028,-8.7582,-8.4991,-8.5028,1.0000
TEL,111315,RUNNING,-8.7620,-8.6350,-1.2375,-1.6567,0.00,0,-7.6930,30,1,0,-1.6567,-1.6567,0,18.6328,20.1270,idle,-8.7620,-8.6350,-8.7599,-8.6330,-8.6350,1.0000
TEL,111416,RUNNING,-8.3504,-8.5763,-1.6875,-1.7164,0.00,0,-7.6930,31,1,0,-1.7164,-1.7164,0,18.5449,20.1270,idle,-8.3504,-8.5763,-8.3467,-8.5725,-8.5763,1.0000
TEL,111516,RUNNING,-8.3504,-8.4278,-2.1375,-2.7187,-120.00,0,-7.6930,11,1,0,-2.7187,-2.7187,0,17.9297,20.1270,idle,-8.3504,-8.4278,-8.3445,-8.4220,-8.4278,1.0000
TEL,111619,RUNNING,-8.3504,-8.3883,-2.2500,-1.9178,120.00,0,-7.6930,30,1,0,-1.9178,-1.9178,0,17.7539,20.1270,idle,-8.3504,-8.3883,-8.3439,-8.3819,-8.3883,1.0000
TEL,111719,RUNNING,-8.3504,-8.3690,-2.1375,-1.9349,0.00,0,-7.6930,31,1,0,-1.9349,-1.9349,0,17.9297,20.1270,idle,-8.3504,-8.3690,-8.3445,-8.3631,-8.3690,1.0000
TEL,111819,RUNNING,-8.3504,-8.3595,-2.1375,-1.9411,0.00,0,-7.6930,31,1,0,-1.9411,-1.9411,0,17.9297,20.1270,idle,-8.3504,-8.3595,-8.3445,-8.3537,-8.3595,1.0000
TEL,111921,RUNNING,-8.7620,-8.5503,-1.6875,-1.7211,0.00,0,-7.6930,31,1,0,-1.7211,-1.7211,0,18.1934,20.1270,idle,-8.7620,-8.5503,-8.7582,-8.5466,-8.5503,1.0000
TEL,112021,RUNNING,-8.7620,-8.6894,-1.2375,-0.7708,120.00,0,-7.6930,10,1,0,-0.7708,-0.7708,0,18.8086,20.1270,idle,-8.7620,-8.6894,-8.7599,-8.6873,-8.6894,1.0000
TEL,112121,RUNNING,-9.1050,-8.8293,-1.1250,-1.3937,-120.00,0,-7.6930,30,1,0,-1.3937,-1.3937,0,18.9844,20.1270,idle,-9.1050,-8.8293,-9.1032,-8.8276,-8.8293,1.0000
TEL,112223,RUNNING,-9.1050,-8.9699,-1.0125,-1.2272,0.00,0,-7.6930,31,1,0,-1.2272,-1.2272,0,18.8965,20.1270,idle,-9.1050,-8.9699,-9.1035,-8.9685,-8.9699,1.0000
TEL,112323,RUNNING,-9.1050,-9.0388,-0.5625,-1.1408,0.00,0,-7.6930,31,1,0,-1.1408,-1.1408,0,19.3359,20.1270,idle,-9.1050,-9.0388,-9.1045,-9.0383,-9.0388,1.0000
TEL,112423,RUNNING,-8.6248,-8.9285,-1.5750,-1.2561,-120.00,0,-7.6930,30,1,0,-1.2561,-1.2561,0,18.8965,20.1270,idle,-8.6248,-8.9285,-8.6215,-8.9251,-8.9285,1.0000
TEL,112525,RUNNING,-8.6248,-8.7289,-3.2625,-2.6032,49.51,0,-7.6930,11,1,0,-2.6032,-2.6032,0,16.9629,20.1270,idle,-8.6248,-8.7289,-8.6108,-8.7148,-8.7289,1.0000
TEL,112626,RUNNING,-8.6248,-8.6758,-1.2375,-1.5261,42.05,0,-7.6930,30,1,0,-1.5261,-1.5261,0,18.5449,20.1270,idle,-8.6248,-8.6758,-8.6227,-8.6738,-8.6758,1.0000
TEL,112729,RUNNING,-8.6934,-8.6848,-1.3500,-1.5094,0.00,0,-7.6930,32,1,0,-1.5094,-1.5094,0,18.7207,20.1270,idle,-8.6934,-8.6848,-8.6909,-8.6823,-8.6848,1.0000
TEL,112829,RUNNING,-8.6934,-8.6904,-1.3500,-1.4643,0.00,0,-7.6930,13,1,0,-1.4643,-1.4643,0,18.7207,20.1270,idle,-8.6934,-8.6904,-8.6909,-8.6880,-8.6904,1.0000
TEL,112929,RUNNING,-8.0074,-8.4861,-1.5750,-1.7200,0.00,0,-7.6930,31,1,0,-1.7200,-1.7200,0,18.7207,20.1270,idle,-8.0074,-8.4861,-8.0043,-8.4829,-8.4861,1.0000
TEL,113031,RUNNING,-7.4586,-7.9435,-2.0250,-7.5884,-120.00,0,-7.6930,12,1,0,-7.5884,-7.5884,0,18.0176,20.1270,idle,-7.4586,-7.9435,-7.4539,-7.9386,-7.9435,1.0000
TEL,113132,RUNNING,-7.4586,-7.6962,-2.8125,-2.6048,0.00,0,-7.6930,31,1,0,-2.6048,-2.6048,0,17.4902,20.1270,idle,-7.4586,-7.6962,-7.4496,-7.6869,-7.6962,1.0000
TEL,113232,RUNNING,-7.4586,-7.5750,-3.2625,-2.7416,0.00,0,-7.6930,30,1,0,-2.7416,-2.7416,0,17.0508,20.1270,idle,-7.4586,-7.5750,-7.4465,-7.5627,-7.5750,1.0000
TEL,113333,RUNNING,-7.5272,-7.5362,-2.8125,-2.7863,0.00,0,-7.6930,31,1,0,-2.7863,-2.7863,0,17.3145,20.1270,idle,-7.5272,-7.5362,-7.5181,-7.5271,-7.5362,1.0000
TEL,113433,RUNNING,-7.8702,-7.6345,-2.5875,-2.6765,0.00,0,-7.6930,31,1,0,-2.6765,-2.6765,0,17.3145,20.1270,idle,-7.8702,-7.6345,-7.8621,-7.6267,-7.6345,1.0000
TEL,113533,RUNNING,-7.8702,-7.7893,-2.1375,-1.6251,120.00,0,-7.6930,11,1,0,-1.6251,-1.6251,0,17.8418,20.1270,idle,-7.8702,-7.7893,-7.8647,-7.7839,-7.7893,1.0000
TEL,113635,RUNNING,-7.8702,-7.8305,-2.0250,-2.4548,-120.00,0,-7.6930,31,1,0,-2.4548,-2.4548,0,18.0176,20.1270,idle,-7.8702,-7.8305,-7.8652,-7.8257,-7.8305,1.0000
TEL,113735,RUNNING,-8.2818,-7.9742,-2.1375,-2.2918,0.00,0,-7.6930,31,1,0,-2.2918,-2.2918,0,17.7539,20.1270,idle,-8.2818,-7.9742,-8.2760,-7.9687,-7.9742,1.0000
TEL,113836,RUNNING,-8.2818,-8.1763,-1.6875,-0.9173,120.00,0,-7.6930,11,1,0,-0.9173,-0.9173,0,18.2812,20.1270,idle,-8.2818,-8.1763,-8.2782,-8.1727,-8.1763,1.0000
TEL,113937,RUNNING,-8.7620,-8.3741,-1.6875,-1.8352,0.00,0,-7.6930,31,1,0,-1.8352,-1.8352,0,18.3691,20.1270,idle,-8.7620,-8.3741,-8.7582,-8.3705,-8.3741,1.0000
TEL,114037,RUNNING,-9.1736,-8.7818,-1.2375,-1.3701,0.00,0,-7.6930,31,1,0,-1.3701,-1.3701,0,18.6328,20.1270,idle,-9.1736,-8.7818,-9.1714,-8.7798,-8.7818,1.0000
TEL,114139,RUNNING,-9.1736,-8.9816,-0.7875,-1.1372,0.00,0,-7.6930,31,1,0,-1.1372,-1.1372,0,19.1602,20.1270,idle,-9.1736,-8.9816,-9.1727,-8.9808,-8.9816,1.0000
TEL,114239,RUNNING,-9.1736,-9.1077,-0.3375,-0.2718,0.00,0,-7.6930,10,1,0,-0.2718,-0.2718,0,19.7754,20.1270,idle,-9.1736,-9.1077,-9.1734,-9.1076,-9.1077,1.0000
TEL,114339,RUNNING,-8.2818,-8.7729,-1.9125,-1.3544,-120.00,0,-7.6930,31,1,0,-1.3544,-1.3544,0,18.4570,20.1270,idle,-8.2818,-8.7729,-8.2771,-8.7680,-8.7729,1.0000
TEL,114441,RUNNING,-7.9388,-8.3475,-2.7000,-1.8275,0.00,0,-7.6930,31,1,0,-1.8275,-1.8275,0,17.5781,20.1270,idle,-7.9388,-8.3475,-7.9299,-8.3382,-8.3475,1.0000
TEL,114542,RUNNING,-7.9388,-8.1390,-2.2500,-2.0585,0.00,0,-7.6930,33,1,0,-2.0585,-2.0585,0,17.7539,20.1270,idle,-7.9388,-8.1390,-7.9326,-8.1328,-8.1390,1.0000
TEL,114642,RUNNING,-8.6934,-8.2338,-2.7000,3.0358,120.00,0,-7.6930,13,1,0,3.0358,3.0358,0,17.4902,20.1270,idle,-8.6934,-8.2338,-8.6837,-8.2247,-8.2338,1.0000
TEL,114743,RUNNING,-9.1736,-8.7131,0.1125,-1.4043,237.00,0,-7.6930,31,1,0,-1.4043,-1.4043,0,19.9512,20.1270,idle,-9.1736,-8.7131,-9.1735,-8.7131,-8.7131,1.0000
TEL,114844,RUNNING,-9.1736,-8.9479,1.9125,-1.1322,-123.00,0,-7.6930,31,1,0,-1.1322,-1.1322,0,21.9727,20.1270,idle,-9.1736,-8.9479,-9.1684,-8.9429,-8.9479,1.0000
TEL,114947,RUNNING,-9.1736,-9.0630,-0.6750,-0.9938,-184.40,0,-7.6930,32,1,0,-0.9938,-0.9938,0,19.8633,20.1270,idle,-9.1736,-9.0630,-9.1729,-9.0624,-9.0630,1.0000
TEL,115049,RUNNING,-7.8702,-8.4723,-4.3875,-1.6517,-304.40,0,-7.6930,22,1,0,-1.6517,-1.6517,0,16.2598,20.1270,idle,-7.8702,-8.4723,-7.8471,-8.4475,-8.4723,1.0000
TEL,115150,RUNNING,-7.4586,-7.9553,-7.3125,-2.2303,-184.40,0,-7.6930,31,1,0,-2.2303,-2.2303,0,13.0957,20.1270,idle,-7.4586,-7.9553,-7.3979,-7.8906,-7.9553,1.0000
SET,115219,0.0000,13.2586,-7.6930
TEL,115252,RUNNING,-7.4265,-7.6689,-6.8625,1.9983,415.60,0,0.0000,31,1,0,1.9983,1.9983,0,12.8320,20.1270,idle,-7.4586,-7.7020,-7.4051,-7.6468,-7.6689,0.4000
TEL,115353,RUNNING,-7.4585,-7.5778,-0.2250,1.9402,506.69,0,0.0000,31,1,0,1.9402,1.9402,0,19.2480,20.1270,idle,-7.4586,-7.5778,-7.4585,-7.5778,-7.5778,0.4000
TEL,115454,RUNNING,-7.7929,-7.6114,3.4875,1.9942,146.69,0,0.0000,30,1,0,1.9942,1.9942,0,23.4668,20.1270,idle,-7.8016,-7.6199,-7.7871,-7.6058,-7.6114,0.4000
TEL,115556,RUNNING,-8.2649,-7.9412,4.7250,2.2485,26.69,0,0.0000,31,1,0,2.2485,2.2485,0,24.6094,20.1270,idle,-8.2818,-7.9574,-8.2536,-7.9304,-7.9412,0.4000
TEL,115656,RUNNING,-8.6765,-8.3166,4.6125,2.5295,-93.31,0,0.0000,31,1,0,2.5295,2.5295,0,24.7852,20.1270,idle,-8.6934,-8.3328,-8.6652,-8.3058,-8.3166,0.4000
TEL,115760,RUNNING,-8.6866,-8.5100,2.9250,2.6821,-160.95,0,0.0000,33,1,0,2.6821,2.6821,0,23.3789,20.1270,idle,-8.6934,-8.5167,-8.6820,-8.5056,-8.5100,0.4000
TEL,115861,RUNNING,-8.7551,-8.6466,2.9250,2.8035,0.00,0,0.0000,22,1,0,2.8035,2.8035,0,22.9395,20.1270,idle,-8.7620,-8.6533,-8.7505,-8.6421,-8.6466,0.4000
TEL,115961,RUNNING,-8.7528,-8.6997,3.3750,2.8702,0.00,0,0.0000,31,1,0,2.8702,2.8702,0,23.4668,20.1270,idle,-8.7620,-8.7087,-8.7468,-8.6936,-8.6997,0.4000
TEL,116062,RUNNING,-8.6880,-8.6956,2.5875,2.8943,156.59,0,0.0000,31,1,0,2.8943,2.8943,0,22.7637,20.1270,idle,-8.6934,-8.7009,-8.6845,-8.6920,-8.6956,0.4000
TEL,116163,RUNNING,-8.6860,-8.6897,3.0375,2.9210,0.00,0,0.0000,31,1,0,2.9210,2.9210,0,23.2910,20.1270,idle,-8.6934,-8.6970,-8.6811,-8.6848,-8.6897,0.4000
TEL,116263,RUNNING,-7.8645,-8.4421,2.8125,2.7821,0.00,0,0.0000,32,1,0,2.7821,2.7821,0,23.2031,20.1270,idle,-7.8702,-8.4482,-7.8607,-8.4380,-8.4421,0.4000
TEL,116364,RUNNING,-7.8661,-8.0643,2.3625,0.4025,-120.00,0,0.0000,13,1,0,0.4025,0.4025,0,22.5879,20.1270,idle,-7.8702,-8.0684,-7.8635,-8.0616,-8.0643,0.4000
TEL,116465,RUNNING,-7.8684,-7.9655,1.5750,2.5121,0.00,0,0.0000,32,1,0,2.5121,2.5121,0,21.8848,20.1270,idle,-7.8702,-7.9673,-7.8672,-7.9643,-7.9655,0.4000
TEL,116566,RUNNING,-7.8608,-8.0409,3.6000,0.6399,120.00,0,0.0000,11,1,0,0.6399,0.6399,0,23.6426,20.1270,idle,-7.8702,-8.0504,-7.8546,-8.0345,-8.0409,0.4000
TEL,116667,RUNNING,-8.2758,-8.0761,2.8125,2.6439,0.00,0,0.0000,31,1,0,2.6439,2.6439,0,23.2910,20.1270,idle,-8.2818,-8.0820,-8.2718,-8.0722,-8.0761,0.4000
TEL,116767,RUNNING,-8.2748,-8.2633,3.0375,2.7988,-120.00,0,0.0000,31,1,0,2.7988,2.7988,0,23.2910,20.1270,idle,-8.2818,-8.2703,-8.2701,-8.2587,-8.2633,0.4000
TEL,116870,RUNNING,-8.2762,-8.1843,2.7000,2.7721,0.00,0,0.0000,33,1,0,2.7721,2.7721,0,22.7637,20.1270,idle,-8.2818,-8.1897,-8.2726,-8.1806,-8.1843,0.4000
TEL,116970,RUNNING,-7.7911,-8.2420,3.8250,2.8430,-120.00,0,0.0000,21,1,0,2.8430,2.8430,0,23.9941,20.1270,idle,-7.8016,-8.2531,-7.7842,-8.2347,-8.2420,0.4000
TEL,117070,RUNNING,-8.3490,-8.1861,1.3500,2.8263,0.00,0,0.0000,31,1,0,2.8263,2.8263,0,21.7090,20.1270,idle,-8.3504,-8.1874,-8.3480,-8.1852,-8.1861,0.4000
TEL,117171,RUNNING,-8.3411,-8.2613,3.4875,2.9102,217.94,0,0.0000,31,1,0,2.9102,2.9102,0,23.2910,20.1270,idle,-8.3504,-8.2705,-8.3349,-8.2552,-8.2613,0.4000
TEL,117273,RUNNING,-8.3417,-8.3026,3.3750,2.9657,-208.95,0,0.0000,33,1,0,2.9657,2.9657,0,23.9941,20.1270,idle,-8.3504,-8.3112,-8.3359,-8.2968,-8.3026,0.4000
TEL,117374,RUNNING,-8.3433,-8.4523,3.0375,1.9114,-88.95,0,0.0000,13,1,0,1.9114,1.9114,0,23.2910,20.1270,idle,-8.3504,-8.4594,-8.3386,-8.4475,-8.4523,0.4000
TEL,117476,RUNNING,-8.6849,-8.4984,3.2625,3.1547,31.05,0,0.0000,31,1,0,3.1547,3.1547,0,23.2910,20.1270,idle,-8.6934,-8.5067,-8.6793,-8.4929,-8.4984,0.4000
TEL,117576,RUNNING,-8.6843,-8.5210,3.3750,3.1991,0.00,0,0.0000,31,1,0,3.1991,3.1991,0,23.4668,20.1270,idle,-8.6934,-8.5299,-8.6783,-8.5151,-8.5210,0.4000
TEL,117678,RUNNING,-8.2046,-8.4604,3.3750,3.1869,0.00,0,0.0000,32,1,0,3.1869,3.1869,0,23.7305,20.1270,idle,-8.2132,-8.4692,-8.1989,-8.4545,-8.4604,0.4000
TEL,117778,RUNNING,-7.7955,-8.1711,2.9250,-1.0601,-120.00,0,0.0000,13,1,0,-1.0601,-1.0601,0,23.2910,20.1270,idle,-7.8016,-8.1775,-7.7914,-8.1668,-8.1711,0.4000
TEL,117878,RUNNING,-7.7983,-7.9824,2.1375,2.9159,0.00,0,0.0000,31,1,0,2.9159,2.9159,0,22.5000,20.1270,idle,-7.8016,-7.9858,-7.7961,-7.9802,-7.9824,0.4000
TEL,117980,RUNNING,-7.4536,-7.7118,2.7000,2.7608,0.00,0,0.0000,31,1,0,2.7608,2.7608,0,22.8516,20.1270,idle,-7.4586,-7.7169,-7.4503,-7.7083,-7.7118,0.4000
TEL,118080,RUNNING,-7.4551,-7.5437,2.2500,1.7106,-120.00,0,0.0000,10,1,0,1.7106,1.7106,0,22.4121,20.1270,idle,-7.4586,-7.5472,-7.4528,-7.5413,-7.5437,0.4000
TEL,118180,RUNNING,-6.9725,-7.4237,3.0375,2.6181,0.00,0,0.0000,31,1,0,2.6181,2.6181,0,23.0273,20.1270,idle,-6.9784,-7.4299,-6.9686,-7.4195,-7.4237,0.4000
TEL,118281,RUNNING,-6.9760,-7.2920,1.9125,2.5514,120.00,0,0.0000,73,1,1,2.5514,2.5514,0,22.0605,20.1270,idle,-6.9784,-7.2945,-6.9745,-7.2904,-7.2920,0.4000
TEL,118382,RUNNING,-6.9741,-7.2900,2.5875,2.5760,-28.64,0,0.0000,174,1,3,2.5760,2.5760,0,23.0273,20.1270,idle,-6.9784,-7.2945,-6.9712,-7.2870,-7.2900,0.4000
TEL,118483,RUNNING,-4.4571,-5.8462,1.9125,-13.4524,-276.53,0,0.0000,13,1,0,-13.4524,-13.4524,0,22.2363,20.1270,idle,-4.4586,-5.8482,-4.4561,-5.8449,-5.8462,0.4000
TEL,118585,RUNNING,-4.4579,-5.8473,1.2375,1.6584,211.89,0,0.0000,115,1,2,1.6584,1.6584,0,21.0937,20.1270,idle,-4.4586,-5.8482,-4.4575,-5.8468,-5.8473,0.4000
TEL,118686,RUNNING,-2.7181,-4.9087,1.1250,1.0558,-148.11,0,0.0000,32,1,0,1.0558,1.0558,0,21.5332,20.1270,idle,-2.7185,-4.9092,-2.7179,-4.9083,-4.9087,0.4000
TEL,118790,RUNNING,-1.4586,-3.8740,0.2250,0.3801,0.00,0,0.0000,74,1,1,0.3801,0.3801,0,20.4785,20.1270,idle,-1.4586,-3.8740,-1.4585,-3.8740,-3.8740,0.4000
TEL,118890,RUNNING,-1.4586,-3.8740,0.2250,0.4040,0.00,0,0.0000,174,1,3,0.4040,0.4040,0,20.4785,20.1270,idle,-1.4586,-3.8740,-1.4585,-3.8740,-3.8740,0.4000
TEL,118990,RUNNING,0.9114,-1.7483,-1.0125,-1.0171,-163.61,0,0.0000,32,1,0,-1.0171,-1.0171,0,19.5117,20.1270,idle,0.9115,-1.7484,0.9113,-1.7481,-1.7483,0.4000
TEL,119091,RUNNING,2.4090,0.7646,-3.3750,-19.1250,-283.61,0,0.0000,12,1,0,-20.5072,-19.1250,1,16.9629,20.1270,idle,2.4115,0.7654,2.4073,0.7641,0.7646,0.4000
TEL,119193,RUNNING,4.2576,2.4697,-6.0750,-3.8121,-163.61,0,0.0000,32,1,0,-3.8121,-3.8121,0,14.2383,20.1270,idle,4.2720,2.4781,4.2481,2.4642,2.4697,0.4000
TEL,119294,RUNNING,4.9514,3.6598,-7.4250,-4.6362,-43.61,0,0.0000,31,1,0,-4.6362,-4.6362,0,12.9199,20.1270,idle,4.9765,3.6783,4.9347,3.6474,3.6598,0.4000
TEL,119396,RUNNING,5.3843,4.4938,-7.4250,-5.2231,76.39,0,0.0000,32,1,0,-5.2231,-5.2231,0,12.6562,20.1270,idle,5.4115,4.5165,5.3661,4.4787,4.4938,0.4000
TEL,119496,RUNNING,6.8882,5.5969,-6.0750,-5.9839,0.00,0,0.0000,32,1,0,-5.9839,-5.9839,0,13.7988,20.1270,idle,6.9115,5.6159,6.8727,5.5843,5.5969,0.4000
TEL,119598,RUNNING,7.8088,6.6049,-6.5250,-6.6886,0.00,0,0.0000,32,1,0,-6.6886,-6.6886,0,13.6230,20.1270,idle,7.8392,6.6307,7.7885,6.5877,6.6049,0.4000
TEL,119698,RUNNING,8.1449,7.5347,-8.1000,-7.3544,-120.00,0,0.0000,21,1,0,-7.3544,-7.3544,0,12.3047,20.1270,idle,8.1940,7.5801,8.1122,7.5045,7.5347,0.4000
TEL,119799,RUNNING,8.3509,7.9416,-8.8875,-7.6637,0.00,0,0.0000,32,1,0,-7.6637,-7.6637,0,11.1621,20.1270,idle,8.4115,7.9992,8.3105,7.9031,7.9416,0.4000
TEL,119901,RUNNING,8.3583,8.1576,-8.3250,-7.8331,120.00,0,0.0000,33,1,0,-7.8331,-7.8331,0,11.6016,20.1270,idle,8.4115,8.2095,8.3229,8.1230,8.1576,0.4000
TEL,120001,RUNNING,8.3392,8.3284,-7.9875,-8.0921,0.00,0,0.0000,11,1,0,-8.0921,-8.0921,0,11.9531,20.1270,idle,8.3880,8.3772,8.3067,8.2959,8.3284,0.4000
TEL,120101,RUNNING,8.6743,8.5021,-8.4375,-8.1250,0.00,0,0.0000,32,1,0,-8.1250,-8.1250,0,11.6895,20.1270,idle,8.7310,8.5577,8.6365,8.4650,8.5021,0.4000
TEL,120202,RUNNING,7.9422,8.2831,-6.8625,-7.9923,120.00,0,0.0000,32,1,0,-7.9923,-7.9923,0,12.8320,20.1270,idle,7.9764,8.3189,7.9193,8.2593,8.2831,0.4000
TEL,120303,RUNNING,7.9313,8.2718,-7.8750,-8.0204,-153.69,0,0.0000,133,1,2,-8.0204,-8.0204,0,12.4805,20.1270,idle,7.9764,8.3189,7.9012,8.2404,8.2718,0.4000
TEL,120404,RUNNING,6.9411,7.8716,-7.9875,-7.7771,0.00,0,0.0000,31,1,0,-7.7771,-7.7771,0,11.7773,20.1270,idle,6.9817,7.9177,6.9140,7.8409,7.8716,0.4000
TEL,120505,RUNNING,5.5622,6.7797,-6.6375,-7.0519,197.63,0,0.0000,31,1,0,-7.0519,-7.0519,0,13.0078,20.1270,idle,5.5846,6.8071,5.5472,6.7615,6.7797,0.4000
TEL,120606,RUNNING,5.5598,6.7769,-6.9750,-7.0748,-144.88,0,0.0000,132,1,2,-7.0748,-7.0748,0,13.3594,20.1270,idle,5.5846,6.8071,5.5433,6.7567,6.7769,0.4000
TEL,120710,RUNNING,3.9504,5.9275,-7.2000,15.0277,120.00,0,0.0000,1,1,0,15.0277,15.0277,0,12.8320,20.1270,idle,3.9692,5.9557,3.9379,5.9088,5.9275,0.4000
TEL,120810,RUNNING,2.9553,5.0463,-4.9500,-5.9459,-22.12,0,0.0000,62,1,0,-5.9459,-5.9459,0,14.7656,20.1270,idle,2.9619,5.0576,2.9509,5.0387,5.0463,0.4000
TEL,120911,RUNNING,2.9512,5.0393,-6.3000,-5.9772,97.88,0,0.0000,163,1,3,-5.9772,-5.9772,0,13.7988,20.1270,idle,2.9619,5.0576,2.9441,5.0270,5.0393,0.4000
TEL,121013,RUNNING,1.2462,3.2197,-4.6125,-4.7611,236.21,0,0.0000,31,1,0,-4.7611,-4.7611,0,15.0293,20.1270,idle,1.2486,3.2260,1.2446,3.2155,3.2197,0.4000
TEL,121115,RUNNING,0.8366,2.0343,-2.3625,-3.9702,116.21,0,0.0000,32,1,0,-3.9702,-3.9702,0,17.4023,20.1270,idle,0.8370,2.0354,0.8363,2.0336,2.0343,0.4000
TEL,121217,RUNNING,0.8360,2.0329,-3.6000,-3.9828,-232.93,0,0.0000,133,1,2,-3.9828,-3.9828,0,16.9629,20.1270,idle,0.8370,2.0354,0.8354,2.0313,2.0329,0.4000
TEL,121318,RUNNING,-0.0380,1.4115,-3.7125,-3.5731,127.07,0,0.0000,31,1,0,-3.5731,-3.5731,0,16.0840,20.1270,idle,-0.0381,1.4133,-0.0380,1.4104,1.4115,0.4000
TEL,121419,RUNNING,-2.0302,-0.1339,-1.8000,-2.4712,229.26,0,0.0000,31,1,0,-2.4712,-2.4712,0,17.8418,20.1270,idle,-2.0308,-0.1339,-2.0298,-0.1339,-0.1339,0.4000
TEL,121522,RUNNING,-3.0380,-1.4313,0.3375,-1.4303,109.26,0,0.0000,32,1,0,-1.4303,-1.4303,0,20.2148,20.1270,idle,-3.0381,-1.4313,-3.0380,-1.4313,-1.4313,0.4000
TEL,121623,RUNNING,-5.0948,-3.6680,2.1375,15.5775,229.26,0,0.0000,10,1,0,15.5775,15.5775,0,22.0605,20.1270,idle,-5.0969,-3.6695,-5.0934,-3.6670,-3.6680,0.4000
TEL,121724,RUNNING,-5.5912,-4.5548,4.2750,0.7169,109.26,0,0.0000,29,1,0,0.7169,0.7169,0,24.1699,20.1270,idle,-5.6005,-4.5625,-5.5849,-4.5498,-4.5548,0.4000
TEL,121826,RUNNING,-7.0194,-5.6019,4.8375,1.4526,-10.74,0,0.0000,31,1,0,1.4526,1.4526,0,24.8730,20.1270,idle,-7.0344,-5.6139,-7.0094,-5.5939,-5.6019,0.4000
TEL,121927,RUNNING,-7.3776,-6.4369,4.2750,2.0392,-130.74,0,0.0000,31,1,0,2.0392,2.0392,0,24.6094,20.1270,idle,-7.3900,-6.4477,-7.3694,-6.4297,-6.4369,0.4000
TEL,122030,RUNNING,-7.7979,-7.1205,2.2500,2.5188,-10.74,0,0.0000,32,1,0,2.5188,2.5188,0,22.6758,20.1270,idle,-7.8016,-7.1237,-7.7955,-7.1183,-7.1205,0.4000
TEL,122131,RUNNING,-8.1539,-7.6977,3.4875,2.9375,109.26,0,0.0000,21,1,0,2.9375,2.9375,0,23.4668,20.1270,idle,-8.1630,-7.7063,-8.1479,-7.6920,-7.6977,0.4000
TEL,122232,RUNNING,-7.9275,-7.8608,3.9375,3.0757,-120.00,0,0.0000,31,1,0,3.0757,3.0757,0,24.1699,20.1270,idle,-7.9388,-7.8719,-7.9200,-7.8534,-7.8608,0.4000
TEL,122333,RUNNING,-8.2062,-8.0392,3.0375,3.2201,0.00,0,0.0000,31,1,0,3.2201,3.2201,0,23.1152,20.1270,idle,-8.2132,-8.0460,-8.2016,-8.0347,-8.0392,0.4000
TEL,122433,RUNNING,-8.2040,-8.1222,3.4875,3.3050,0.00,0,0.0000,31,1,0,3.3050,3.3050,0,23.5547,20.1270,idle,-8.2132,-8.1312,-8.1979,-8.1162,-8.1222,0.4000
TEL,122533,RUNNING,-8.2028,-8.1627,3.7125,3.3607,-120.00,0,0.0000,30,1,0,3.3607,3.3607,0,23.9062,20.1270,idle,-8.2132,-8.1730,-8.1959,-8.1559,-8.1627,0.4000
TEL,122634,RUNNING,-8.2034,-8.1838,3.6000,3.4022,0.00,0,0.0000,31,1,0,3.4022,3.4022,0,23.8184,20.1270,idle,-8.2132,-8.1935,-8.1969,-8.1773,-8.1838,0.4000
TEL,122734,RUNNING,-7.8630,-8.0213,3.1500,3.3182,0.00,0,0.0000,33,1,0,3.3182,3.3182,0,23.6426,20.1270,idle,-7.8702,-8.0286,-7.8583,-8.0165,-8.0213,0.4000
TEL,122834,RUNNING,-8.2057,-8.0705,3.1500,4.8467,120.00,0,0.0000,11,1,0,4.8467,4.8467,0,23.4668,20.1270,idle,-8.2132,-8.0778,-8.2007,-8.0656,-8.0705,0.4000
TEL,122935,RUNNING,-7.8614,-8.1213,3.4875,3.4416,0.00,0,0.0000,30,1,0,3.4416,3.4416,0,23.9062,20.1270,idle,-7.8702,-8.1304,-7.8556,-8.1153,-8.1213,0.4000
TEL,123035,RUNNING,-7.8614,-8.1759,3.4875,3.5062,0.00,0,0.0000,31,1,0,3.5062,3.5062,0,23.8184,20.1270,idle,-7.8702,-8.1849,-7.8556,-8.1698,-8.1759,0.4000
TEL,123136,RUNNING,-7.8614,-8.2026,3.4875,3.5522,0.00,0,0.0000,30,1,0,3.5522,3.5522,0,23.9062,20.1270,idle,-7.8702,-8.2117,-7.8556,-8.1965,-8.2026,0.4000
TEL,123236,RUNNING,-8.7495,-8.4803,3.9375,3.7699,0.00,0,0.0000,31,1,0,3.7699,3.7699,0,23.9941,20.1270,idle,-8.7620,-8.4923,-8.7413,-8.4723,-8.4803,0.4000
TEL,123336,RUNNING,-8.7466,-8.6147,4.3875,3.8917,0.00,0,0.0000,31,1,0,3.8917,3.8917,0,24.4336,20.1270,idle,-8.7620,-8.6298,-8.7363,-8.6045,-8.6147,0.4000
TEL,123438,RUNNING,-7.4508,-8.2976,3.3750,3.7020,-120.00,0,0.0000,32,1,0,3.7020,3.7020,0,23.9941,20.1270,idle,-7.4586,-8.3062,-7.4456,-8.2918,-8.2976,0.4000
TEL,123539,RUNNING,-10.0569,-8.9070,3.0375,4.1420,240.00,0,0.0000,21,1,0,4.1420,4.1420,0,23.1152,20.1270,idle,-10.0654,-8.9145,-10.0512,-8.9020,-8.9070,0.4000
TEL,123640,RUNNING,-7.7885,-8.3330,4.2750,3.7877,-227.98,0,0.0000,31,1,0,3.7877,3.7877,0,24.6094,20.1270,idle,-7.8016,-8.3469,-7.7799,-8.3237,-8.3330,0.4000
TEL,123742,RUNNING,-7.7979,-7.9931,2.2500,3.5787,-107.98,0,0.0000,31,1,0,3.5787,3.5787,0,22.7637,20.1270,idle,-7.8016,-7.9968,-7.7955,-7.9906,-7.9931,0.4000
TEL,123843,RUNNING,-7.4566,-7.7203,1.6875,3.4198,12.02,0,0.0000,31,1,0,3.4198,3.4198,0,21.8848,20.1270,idle,-7.4586,-7.7223,-7.4553,-7.7189,-7.7203,0.4000
TEL,123943,RUNNING,-4.7993,-6.7731,2.2500,2.8059,132.02,0,0.0000,31,1,0,2.8059,2.8059,0,22.3242,20.1270,idle,-4.8016,-6.7763,-4.7979,-6.7710,-6.7731,0.4000
TEL,124045,RUNNING,-4.7984,-5.7653,2.7000,2.1501,-242.19,0,0.0000,31,1,0,2.1501,2.1501,0,23.2910,20.1270,idle,-4.8016,-5.7692,-4.7962,-5.7628,-5.7653,0.4000
TEL,124146,RUNNING,-4.4581,-5.3755,1.0125,1.9154,117.81,0,0.0000,73,1,1,1.9154,1.9154,0,21.2695,20.1270,idle,-4.4586,-5.3760,-4.4579,-5.3751,-5.3755,0.4000
TEL,124249,RUNNING,-4.4567,-5.3737,2.1375,1.9487,0.00,0,0.0000,175,1,3,1.9487,1.9487,0,22.1484,20.1270,idle,-4.4586,-5.3760,-4.4555,-5.3722,-5.3737,0.4000
TEL,124349,RUNNING,-1.8013,-4.3029,1.3500,1.2517,-120.00,0,0.0000,52,1,0,1.2517,1.2517,0,21.7090,20.1270,idle,-1.8016,-4.3037,-1.8011,-4.3025,-4.3029,0.4000
TEL,124449,RUNNING,-1.8013,-4.3031,1.2375,1.2783,0.00,0,0.0000,153,1,3,1.2783,1.2783,0,21.3574,20.1270,idle,-1.8016,-4.3037,-1.8011,-4.3027,-4.3031,0.4000
TEL,124550,RUNNING,-1.4584,-3.4498,1.0125,0.7248,-175.18,0,0.0000,32,1,0,0.7248,0.7248,0,21.3574,20.1270,idle,-1.4586,-3.4501,-1.4583,-3.4496,-3.4498,0.4000
TEL,124651,RUNNING,1.5411,-0.2570,-1.5750,-19.1250,-295.18,0,0.0000,11,1,0,-20.9354,-19.1250,1,18.8086,20.1270,idle,1.5414,-0.2571,1.5409,-0.2570,-0.2570,0.4000
TEL,124752,RUNNING,4.1911,1.7332,-4.3875,-2.6954,-175.18,0,0.0000,30,1,0,-2.6954,-2.6954,0,16.0840,20.1270,idle,4.1984,1.7362,4.1861,1.7312,1.7332,0.4000
TEL,124854,RUNNING,4.4418,3.0955,-5.8500,-3.6306,-55.18,0,0.0000,32,1,0,-3.6306,-3.6306,0,14.3262,20.1270,idle,4.4557,3.1052,4.4325,3.0890,3.0955,0.4000
TEL,124955,RUNNING,4.8021,3.9075,-6.0750,-4.1992,64.82,0,0.0000,32,1,0,-4.1992,-4.1992,0,14.0625,20.1270,idle,4.8183,3.9207,4.7913,3.8987,3.9075,0.4000
TEL,125056,RUNNING,5.0858,4.2652,-4.5000,-4.4606,134.49,0,0.0000,71,1,1,-4.4606,-4.4606,0,15.2051,20.1270,idle,5.0952,4.2731,5.0795,4.2599,4.2652,0.4000
TEL,125156,RUNNING,5.0867,4.2660,-4.2750,-4.4871,0.00,0,0.0000,172,1,3,-4.4871,-4.4871,0,15.9082,20.1270,idle,5.0952,4.2731,5.0811,4.2612,4.2660,0.4000
TEL,125256,RUNNING,5.0858,4.2652,-4.5000,-4.5135,0.00,0,0.0000,272,1,5,-4.5135,-4.5135,0,15.6445,20.1270,idle,5.0952,4.2731,5.0795,4.2599,4.2652,0.4000
TEL,125358,RUNNING,5.0858,4.2652,-4.5000,-4.5400,0.00,0,0.0000,373,1,7,-4.5400,-4.5400,0,15.6445,20.1270,idle,5.0952,4.2731,5.0795,4.2599,4.2652,0.4000
TEL,125458,RUNNING,5.0858,4.2652,-4.5000,-4.5664,0.00,0,0.0000,473,1,10,-4.5664,-4.5664,0,15.6445,20.1270,idle,5.0952,4.2731,5.0795,4.2599,4.2652,0.4000
TEL,125558,RUNNING,5.0858,4.2652,-4.5000,-4.5928,0.00,0,0.0000,573,1,12,-4.5928,-4.5928,0,15.6445,20.1270,idle,5.0952,4.2731,5.0795,4.2599,4.2652,0.4000
TEL,125659,RUNNING,5.0858,4.2652,-4.5000,-4.6193,0.00,0,0.0000,674,1,15,-4.6193,-4.6193,0,15.6445,20.1270,idle,5.0952,4.2731,5.0795,4.2599,4.2652,0.4000
TEL,125759,RUNNING,5.0858,4.2652,-4.5000,-4.6457,0.00,0,0.0000,774,1,17,-4.6457,-4.6457,0,15.6445,20.1270,idle,5.0952,4.2731,5.0795,4.2599,4.2652,0.4000
TEL,125859,RUNNING,5.0858,4.2652,-4.5000,-4.6722,0.00,0,0.0000,874,1,19,-4.6722,-4.6722,0,15.6445,20.1270,idle,5.0952,4.2731,5.0795,4.2599,4.2652,0.4000
TEL,125959,RUNNING,7.5706,5.8436,-5.2875,-19.1250,-358.53,0,0.0000,12,1,0,-24.5416,-19.1250,1,15.0293,20.1270,idle,7.5899,5.8586,7.5576,5.8336,5.8436,0.4000
TEL,126060,RUNNING,7.5366,6.5889,-8.7750,-6.3083,-238.53,0,0.0000,31,1,0,-6.3083,-6.3083,0,11.6016,20.1270,idle,7.5899,6.6355,7.5011,6.5578,6.5889,0.4000
TEL,126161,RUNNING,7.5281,6.9590,-9.4500,-6.5883,120.00,0,0.0000,31,1,0,-6.5883,-6.5883,0,10.4590,20.1270,idle,7.5899,7.0161,7.4869,6.9209,6.9590,0.4000
TEL,126262,RUNNING,7.5506,7.3764,-7.5375,-6.8821,240.00,0,0.0000,32,1,0,-6.8821,-6.8821,0,12.2168,20.1270,idle,7.5899,7.4149,7.5244,7.3508,7.3764,0.4000
TEL,126363,RUNNING,6.7237,7.1245,-5.4000,-6.7235,120.00,0,0.0000,32,1,0,-6.7235,-6.7235,0,14.2383,20.1270,idle,6.7416,7.1436,6.7117,7.1119,7.1245,0.4000
TEL,126465,RUNNING,6.6601,6.8902,-4.6125,-6.5851,0.00,0,0.0000,31,1,0,-6.5851,-6.5851,0,15.2051,20.1270,idle,6.6730,6.9036,6.6514,6.8812,6.8902,0.4000
TEL,126565,RUNNING,5.0143,6.0899,-5.1750,-6.0677,-120.00,0,0.0000,32,1,0,-6.0677,-6.0677,0,14.8535,20.1270,idle,5.0266,6.1048,5.0062,6.0799,6.0899,0.4000
TEL,126665,RUNNING,4.4628,5.2716,-6.0750,-5.5424,238.35,0,0.0000,32,1,0,-5.5424,-5.5424,0,13.7988,20.1270,idle,4.4778,5.2895,4.4527,5.2598,5.2716,0.4000
TEL,126768,RUNNING,4.4654,5.2748,-5.5125,-5.5751,0.00,0,0.0000,134,1,2,-5.5751,-5.5751,0,14.5020,20.1270,idle,4.4778,5.2895,4.4571,5.2650,5.2748,0.4000
TEL,126868,RUNNING,4.0559,4.9099,-5.2875,-5.3565,0.00,0,0.0000,31,1,0,-5.3565,-5.3565,0,14.5020,20.1270,idle,4.0662,4.9225,4.0489,4.9016,4.9099,0.4000
TEL,126968,RUNNING,1.4747,3.1761,-4.8375,14.2969,120.00,0,0.0000,11,1,0,14.2969,14.2969,0,15.1172,20.1270,idle,1.4778,3.1829,1.4726,3.1716,3.1761,0.4000
TEL,127069,RUNNING,1.0657,2.1850,-2.2500,-3.5405,208.69,0,0.0000,30,1,0,-3.5405,-3.5405,0,17.4023,20.1270,idle,1.0662,2.1860,1.0654,2.1843,2.1850,0.4000
TEL,127171,RUNNING,-0.3150,0.9989,-0.4500,-2.7468,88.69,0,0.0000,33,1,0,-2.7468,-2.7468,0,19.4238,20.1270,idle,-0.3150,0.9989,-0.3149,0.9988,0.9989,0.4000
TEL,127272,RUNNING,-1.5404,-0.4667,1.1250,9.9921,208.69,0,0.0000,13,1,0,9.9921,9.9921,0,21.0937,20.1270,idle,-1.5406,-0.4667,-1.5403,-0.4666,-0.4667,0.4000
TEL,127374,RUNNING,-2.3803,-1.3484,2.9250,-1.0097,88.69,0,0.0000,31,1,0,-1.0097,-1.0097,0,22.8516,20.1270,idle,-2.3822,-1.3494,-2.3791,-1.3477,-1.3484,0.4000
TEL,127475,RUNNING,-3.7319,-2.4755,3.3750,-0.2378,-31.31,0,0.0000,31,1,0,-0.2378,-0.2378,0,23.4668,20.1270,idle,-3.7358,-2.4781,-3.7293,-2.4738,-2.4755,0.4000
TEL,127579,RUNNING,-4.5382,-3.4437,2.3625,0.4306,-151.31,0,0.0000,33,1,0,0.4306,0.4306,0,22.7637,20.1270,idle,-4.5406,-3.4454,-4.5367,-3.4425,-3.4437,0.4000
TEL,127680,RUNNING,-6.3123,-4.9297,2.1375,1.4542,-31.31,0,0.0000,22,1,0,1.4542,1.4542,0,22.0605,20.1270,idle,-6.3150,-4.9318,-6.3106,-4.9284,-4.9297,0.4000
TEL,127781,RUNNING,-7.1358,-5.9705,1.9125,2.1847,170.39,0,0.0000,30,1,0,2.1847,2.1847,0,21.8848,20.1270,idle,-7.1382,-5.9725,-7.1342,-5.9692,-5.9705,0.4000
TEL,127883,RUNNING,-7.8563,-7.1562,4.3875,10.6229,290.39,0,0.0000,11,1,0,10.6229,10.6229,0,24.4336,20.1270,idle,-7.8702,-7.1689,-7.8471,-7.1478,-7.1562,0.4000
TEL,127985,RUNNING,-7.9012,-7.5247,7.2000,3.3044,170.39,0,0.0000,31,1,0,3.3044,3.3044,0,27.1582,20.1270,idle,-7.9388,-7.5605,-7.8762,-7.5008,-7.5247,0.4000
TEL,128088,RUNNING,-8.1731,-7.9102,7.3125,6.4591,-240.00,0,0.0000,11,1,0,6.4591,6.4591,0,27.7734,20.1270,idle,-8.2132,-7.9489,-8.1464,-7.8843,-7.9102,0.4000
TEL,128189,RUNNING,-8.3378,-8.1271,4.0500,3.7486,-179.30,0,0.0000,31,1,0,3.7486,3.7486,0,24.6094,20.1270,idle,-8.3504,-8.1393,-8.3295,-8.1189,-8.1271,0.4000
TEL,128290,RUNNING,-8.3349,-8.2173,4.5000,3.8392,180.70,0,0.0000,31,1,0,3.8392,3.8392,0,24.3457,20.1270,idle,-8.3504,-8.2325,-8.3246,-8.2071,-8.2173,0.4000
TEL,128392,RUNNING,-8.3349,-8.2773,4.5000,3.9077,-179.30,0,0.0000,31,1,0,3.9077,3.9077,0,24.8730,20.1270,idle,-8.3504,-8.2926,-8.3246,-8.2671,-8.2773,0.4000
TEL,128494,RUNNING,-8.3378,-8.3096,4.0500,3.9556,0.00,0,0.0000,33,1,0,3.9556,3.9556,0,24.2578,20.1270,idle,-8.3504,-8.3221,-8.3295,-8.3013,-8.3096,0.4000
TEL,128594,RUNNING,-8.3378,-8.3282,4.0500,4.1016,0.00,0,0.0000,13,1,0,4.1016,4.1016,0,24.2578,20.1270,idle,-8.3504,-8.3407,-8.3295,-8.3198,-8.3282,0.4000
TEL,128694,RUNNING,-8.3378,-8.3331,4.0500,4.0278,0.00,0,0.0000,31,1,0,4.0278,4.0278,0,24.2578,20.1270,idle,-8.3504,-8.3456,-8.3295,-8.3248,-8.3331,0.4000
TEL,128795,RUNNING,-8.3378,-8.3931,4.0500,4.0967,0.00,0,0.0000,34,1,0,4.0967,4.0967,0,24.4336,20.1270,idle,-8.3504,-8.4057,-8.3295,-8.3847,-8.3931,0.4000
TEL,128896,RUNNING,-8.2694,-8.4801,4.0500,1.8947,-120.00,0,0.0000,13,1,0,1.8947,1.8947,0,24.2578,20.1270,idle,-8.2818,-8.4928,-8.2611,-8.4716,-8.4801,0.4000
TEL,128996,RUNNING,-8.2657,-8.5270,4.6125,4.2474,-40.23,0,0.0000,31,1,0,4.2474,4.2474,0,24.6973,20.1270,idle,-8.2818,-8.5436,-8.2549,-8.5160,-8.5270,0.4000
TEL,129097,RUNNING,-8.2762,-8.4045,2.7000,4.1858,-76.48,0,0.0000,31,1,0,4.1858,4.1858,0,23.2910,20.1270,idle,-8.2818,-8.4101,-8.2726,-8.4007,-8.4045,0.4000
TEL,129200,RUNNING,-8.2753,-8.1798,2.9250,4.0624,283.52,0,0.0000,31,1,0,4.0624,4.0624,0,22.8516,20.1270,idle,-8.2818,-8.1862,-8.2710,-8.1755,-8.1798,0.4000
TEL,129301,RUNNING,-7.4448,-7.8664,4.5000,-0.6993,-76.48,0,0.0000,10,1,0,-0.6993,-0.6993,0,24.6973,20.1270,idle,-7.4586,-7.8810,-7.4356,-7.8567,-7.8664,0.4000
TEL,129402,RUNNING,-7.4558,-7.6627,2.0250,3.7641,-196.48,0,0.0000,31,1,0,3.7641,3.7641,0,22.6758,20.1270,idle,-7.4586,-7.6656,-7.4539,-7.6608,-7.6627,0.4000
TEL,129504,RUNNING,-7.6262,-7.6510,2.3625,3.7827,389.22,0,0.0000,31,1,0,3.7827,3.7827,0,22.1484,20.1270,idle,-7.6301,-7.6549,-7.6236,-7.6484,-7.6510,0.4000
TEL,129606,RUNNING,-5.2734,-6.6626,4.1625,3.1441,-210.78,0,0.0000,32,1,0,3.1441,3.1441,0,24.5215,20.1270,idle,-5.2818,-6.6732,-5.2678,-6.6556,-6.6626,0.4000
TEL,129708,RUNNING,-4.9551,-5.8455,1.3500,-7.0536,-330.78,0,0.0000,11,1,0,-7.0536,-7.0536,0,21.7090,20.1270,idle,-4.9559,-5.8465,-4.9545,-5.8448,-5.8455,0.4000
TEL,129809,RUNNING,-4.9559,-5.8464,0.2250,2.6435,269.22,0,0.0000,113,1,2,2.6435,2.6435,0,20.1270,20.1270,idle,-4.9559,-5.8465,-4.9559,-5.8464,-5.8464,0.4000
TEL,129910,RUNNING,-4.9514,-5.8412,3.1500,2.6797,-20.12,0,0.0000,214,1,4,2.6797,2.6797,0,23.2910,20.1270,idle,-4.9559,-5.8465,-4.9484,-5.8376,-5.8412,0.4000
TEL,130013,RUNNING,-3.3696,-4.6188,1.3500,1.8775,-140.12,0,0.0000,33,1,0,1.8775,1.8775,0,21.7969,20.1270,idle,-3.3702,-4.6196,-3.3692,-4.6183,-4.6188,0.4000
TEL,130115,RUNNING,-1.2488,-3.1174,0.2250,-19.1250,-20.12,0,0.0000,11,1,0,-19.3882,-19.1250,1,20.3027,20.1270,idle,-1.2488,-3.1174,-1.2488,-3.1174,-3.1174,0.4000
TEL,130216,RUNNING,0.1740,-1.5710,0.1125,-0.1497,-167.23,0,0.0000,30,1,0,-0.1497,-0.1497,0,20.4785,20.1270,idle,0.1740,-1.5711,0.1740,-1.5710,-1.5710,0.4000
TEL,130318,RUNNING,1.2346,-0.2485,-1.2375,-1.1866,-47.23,0,0.0000,32,1,0,-1.1866,-1.1866,0,19.1602,20.1270,idle,1.2347,-0.2486,1.2344,-0.2485,-0.2485,0.4000
TEL,130419,RUNNING,2.1470,0.8900,-1.8000,-1.7524,0.00,0,0.0000,32,1,0,-1.7524,-1.7524,0,18.4570,20.1270,idle,2.1477,0.8903,2.1466,0.8898,0.8900,0.4000
TEL,130521,RUNNING,3.2756,2.0188,-2.2500,-2.5226,-170.53,0,0.0000,32,1,0,-2.5226,-2.5226,0,18.0176,20.1270,idle,3.2771,2.0198,3.2746,2.0182,2.0188,0.4000
TEL,130622,RUNNING,4.2220,3.2560,-5.7375,-3.3771,-290.53,0,0.0000,22,1,0,-3.3771,-3.3771,0,14.6777,20.1270,idle,4.2347,3.2658,4.2135,3.2494,3.2560,0.4000
TEL,130723,RUNNING,5.8108,4.4066,-8.5500,-4.1839,-170.53,0,0.0000,32,1,0,-4.1839,-4.1839,0,11.7773,20.1270,idle,5.8498,4.4362,5.7848,4.3869,4.4066,0.4000
TEL,130825,RUNNING,6.2042,5.2343,-10.0125,-4.7801,-50.53,0,0.0000,32,1,0,-4.7801,-4.7801,0,10.1953,20.1270,idle,6.2614,5.2826,6.1661,5.2021,5.2343,0.4000
TEL,130926,RUNNING,6.6772,5.9291,-10.2375,-5.2840,69.47,0,0.0000,32,1,0,-5.2840,-5.2840,0,9.7559,20.1270,idle,6.7416,5.9863,6.6343,5.8910,5.9291,0.4000
TEL,131026,RUNNING,8.1218,6.8562,-9.0000,-5.9263,189.47,0,0.0000,31,1,0,-5.9263,-5.9263,0,10.7227,20.1270,idle,8.1822,6.9072,8.0815,6.8222,6.8562,0.4000
TEL,131128,RUNNING,8.8178,7.8588,-6.3000,-6.6083,69.47,0,0.0000,32,1,0,-6.6083,-6.6083,0,13.4473,20.1270,idle,8.8498,7.8874,8.7964,7.8398,7.8588,0.4000
TEL,131228,RUNNING,9.0270,8.4037,-7.5375,-7.0140,-177.80,0,0.0000,32,1,0,-7.0140,-7.0140,0,12.8320,20.1270,idle,9.0740,8.4475,8.9956,8.3745,8.4037,0.4000
TEL,131331,RUNNING,9.4769,8.9411,-9.1125,-7.4231,-57.80,0,0.0000,32,1,0,-7.4231,-7.4231,0,10.9863,20.1270,idle,9.5492,9.0094,9.4287,8.8957,8.9411,0.4000
TEL,131432,RUNNING,9.5184,9.2843,-10.9125,-7.7088,64.95,0,0.0000,22,1,0,-7.7088,-7.7088,0,9.2285,20.1270,idle,9.6228,9.3861,9.4488,9.2164,9.2843,0.4000
TEL,131532,RUNNING,9.0938,9.2268,-7.6500,-7.6661,414.49,0,0.0000,32,1,0,-7.6661,-7.6661,0,11.6895,20.1270,idle,9.1426,9.2764,9.0613,9.1938,9.2268,0.4000
TEL,131634,RUNNING,9.1867,9.2042,-5.4000,-7.6652,-185.51,0,0.0000,32,1,0,-7.6652,-7.6652,0,14.5898,20.1270,idle,9.2112,9.2287,9.1704,9.1878,9.2042,0.4000
TEL,131735,RUNNING,9.0212,9.1109,-7.9875,-7.6527,-31.57,0,0.0000,32,1,0,-7.6527,-7.6527,0,12.2168,20.1270,idle,9.0740,9.1643,8.9860,9.0753,9.1109,0.4000
TEL,131836,RUNNING,7.4640,8.5360,-6.8625,-7.2834,88.43,0,0.0000,31,1,0,-7.2834,-7.2834,0,12.9199,20.1270,idle,7.4962,8.5729,7.4425,8.5115,8.5360,0.4000
TEL,131937,RUNNING,7.0666,7.6361,-5.2875,-0.4973,208.43,0,0.0000,12,1,0,-0.4973,-0.4973,0,14.5898,20.1270,idle,7.0846,7.6556,7.0545,7.6230,7.6361,0.4000
TEL,132038,RUNNING,6.8712,7.2946,-3.4875,-6.4782,88.43,0,0.0000,31,1,0,-6.4782,-6.4782,0,16.4355,20.1270,idle,6.8788,7.3027,6.8661,7.2892,7.2946,0.4000
TEL,132139,RUNNING,6.8685,7.1648,-4.0500,-6.4166,-360.00,0,0.0000,71,1,1,-6.4166,-6.4166,0,16.3477,20.1270,idle,6.8788,7.1755,6.8617,7.1576,7.1648,0.4000
TEL,132240,RUNNING,6.8483,7.1437,-6.9750,-6.4409,68.96,0,0.0000,173,1,3,-6.4409,-6.4409,0,13.0957,20.1270,idle,6.8788,7.1755,6.8279,7.1224,7.1437,0.4000
TEL,132340,RUNNING,6.8539,7.1495,-6.3000,-6.4651,0.00,0,0.0000,273,1,6,-6.4651,-6.4651,0,13.7109,20.1270,idle,6.8788,7.1755,6.8373,7.1322,7.1495,0.4000
TEL,132441,RUNNING,6.8539,7.1495,-6.3000,-6.4893,0.00,0,0.0000,373,1,8,-6.4893,-6.4893,0,13.7109,20.1270,idle,6.8788,7.1755,6.8373,7.1322,7.1495,0.4000
TEL,132541,RUNNING,0.8770,4.1012,-4.7250,30.6066,281.64,0,0.0000,13,1,0,30.6066,30.6066,0,15.0293,20.1270,idle,0.8788,4.1096,0.8759,4.0956,4.1012,0.4000
TEL,132641,RUNNING,0.8785,2.4610,-2.0250,-3.3450,161.64,0,0.0000,31,1,0,-3.3450,-3.3450,0,17.7539,20.1270,idle,0.8788,2.4619,0.8783,2.4604,2.4610,0.4000
TEL,132743,RUNNING,-0.7357,1.0006,-0.6750,-2.3670,41.64,0,0.0000,31,1,0,-2.3670,-2.3670,0,19.1602,20.1270,idle,-0.7358,1.0006,-0.7357,1.0006,1.0006,0.4000
TEL,132844,RUNNING,-1.0787,-0.0238,-0.6750,-1.6199,-78.36,0,0.0000,31,1,0,-1.6199,-1.6199,0,19.4238,20.1270,idle,-1.0788,-0.0238,-1.0787,-0.0238,-0.0238,0.4000
TEL,132945,RUNNING,-1.5587,-0.7562,-1.2375,-1.0402,0.00,0,0.0000,30,1,0,-1.0402,-1.0402,0,18.7207,20.1270,idle,-1.5590,-0.7563,-1.5586,-0.7562,-0.7562,0.4000
TEL,133046,RUNNING,-3.7358,-1.9368,0.0000,-0.2366,163.89,0,0.0000,31,1,0,-0.2366,-0.2366,0,19.8633,20.1270,idle,-3.7358,-1.9368,-3.7358,-1.9368,-1.9368,0.4000
TEL,133147,RUNNING,-4.0781,-2.9927,1.3500,0.4895,43.89,0,0.0000,31,1,0,0.4895,0.4895,0,21.1816,20.1270,idle,-4.0788,-2.9932,-4.0776,-2.9923,-2.9927,0.4000
TEL,133249,RUNNING,-4.5582,-3.7407,1.3500,1.0118,-76.11,0,0.0000,30,1,0,1.0118,1.0118,0,21.3574,20.1270,idle,-4.5590,-3.7413,-4.5577,-3.7403,-3.7407,0.4000
TEL,133350,RUNNING,-6.7340,-4.9281,1.6875,1.8358,0.00,0,0.0000,31,1,0,1.8358,1.8358,0,21.5332,20.1270,idle,-6.7358,-4.9294,-6.7328,-4.9273,-4.9281,0.4000
TEL,133450,RUNNING,-7.0728,-5.9845,3.0375,2.5795,190.57,0,0.0000,31,1,0,2.5795,2.5795,0,22.8516,20.1270,idle,-7.0788,-5.9896,-7.0688,-5.9811,-5.9845,0.4000
TEL,133553,RUNNING,-7.3064,-6.6547,4.7250,3.0627,70.57,0,0.0000,31,1,0,3.0627,3.0627,0,24.6094,20.1270,idle,-7.3214,-6.6683,-7.2965,-6.6456,-6.6547,0.4000
TEL,133654,RUNNING,-7.8436,-7.3581,6.0750,8.8540,190.57,0,0.0000,10,1,0,8.8540,8.8540,0,26.1035,20.1270,idle,-7.8702,-7.3830,-7.8260,-7.3415,-7.3581,0.4000
TEL,133755,RUNNING,-8.0778,-7.7180,7.6500,3.8489,70.57,0,0.0000,30,1,0,3.8489,3.8489,0,27.5977,20.1270,idle,-8.1212,-7.7595,-8.0489,-7.6904,-7.7180,0.4000
TEL,133856,RUNNING,-8.2450,-7.9902,6.9750,4.0555,-360.00,0,0.0000,31,1,0,4.0555,4.0555,0,27.3340,20.1270,idle,-8.2818,-8.0258,-8.2205,-7.9664,-7.9902,0.4000
TEL,133958,RUNNING,-7.8640,-7.9778,2.9250,2.8189,-240.00,0,0.0000,11,1,0,2.8189,2.8189,0,23.2910,20.1270,idle,-7.8702,-7.9841,-7.8599,-7.9737,-7.9778,0.4000
TEL,134060,RUNNING,-7.8649,-7.9207,2.7000,4.0421,360.00,0,0.0000,30,1,0,4.0421,4.0421,0,22.2363,20.1270,idle,-7.8702,-7.9260,-7.8614,-7.9172,-7.9207,0.4000
TEL,134161,RUNNING,-7.8570,-7.8843,4.2750,4.0496,-155.07,0,0.0000,31,1,0,4.0496,4.0496,0,24.4336,20.1270,idle,-7.8702,-7.8975,-7.8483,-7.8755,-7.8843,0.4000
TEL,134262,RUNNING,-7.8584,-7.8717,4.0500,4.0668,0.00,0,0.0000,31,1,0,4.0668,4.0668,0,24.0820,20.1270,idle,-7.8702,-7.8836,-7.8505,-7.8639,-7.8717,0.4000
TEL,134363,RUNNING,-7.8584,-7.8649,4.0500,4.0887,0.00,0,0.0000,32,1,0,4.0887,4.0887,0,24.0820,20.1270,idle,-7.8702,-7.8767,-7.8505,-7.8571,-7.8649,0.4000
TEL,134463,RUNNING,-7.8584,-7.8606,4.0500,4.0880,0.00,0,0.0000,11,1,0,4.0880,4.0880,0,24.0820,20.1270,idle,-7.8702,-7.8724,-7.8505,-7.8528,-7.8606,0.4000
TEL,134563,RUNNING,-7.8584,-7.8595,4.0500,4.1382,0.00,0,0.0000,31,1,0,4.1382,4.1382,0,24.0820,20.1270,idle,-7.8702,-7.8713,-7.8505,-7.8516,-7.8595,0.4000
TEL,134663,RUNNING,-7.8584,-7.8595,4.0500,4.1648,0.00,0,0.0000,132,1,2,4.1648,4.1648,0,24.0820,20.1270,idle,-7.8702,-7.8713,-7.8505,-7.8516,-7.8595,0.4000
TEL,134763,RUNNING,-7.8584,-7.8595,4.0500,4.1913,0.00,0,0.0000,232,1,5,4.1913,4.1913,0,24.0820,20.1270,idle,-7.8702,-7.8713,-7.8505,-7.8516,-7.8595,0.4000
TEL,134863,RUNNING,-7.8584,-7.8595,4.0500,4.2179,0.00,0,0.0000,332,1,7,4.2179,4.2179,0,24.0820,20.1270,idle,-7.8702,-7.8713,-7.8505,-7.8516,-7.8595,0.4000
TEL,134963,RUNNING,-4.8637,-6.3322,3.8250,-12.7437,-120.00,0,0.0000,12,1,0,-12.7437,-12.7437,0,23.9062,20.1270,idle,-4.8702,-6.3407,-4.8593,-6.3266,-6.3322,0.4000
TEL,135065,RUNNING,-1.8697,-4.9982,1.6875,2.3300,36.92,0,0.0000,72,1,1,2.3300,2.3300,0,21.7090,20.1270,idle,-1.8702,-4.9995,-1.8693,-4.9974,-4.9982,0.4000
TEL,135166,RUNNING,-1.8693,-4.9972,2.2500,2.3610,0.00,0,0.0000,173,1,3,2.3610,2.3610,0,22.1484,20.1270,idle,-1.8702,-4.9995,-1.8687,-4.9957,-4.9972,0.4000
TEL,135266,RUNNING,-1.8700,-3.4032,1.0125,1.3041,-173.99,0,0.0000,31,1,0,1.3041,1.3041,0,21.2695,20.1270,idle,-1.8702,-3.4036,-1.8699,-3.4030,-3.4032,0.4000
TEL,135367,RUNNING,1.1298,-1.4065,-0.5625,-0.0322,-53.99,0,0.0000,32,1,0,-0.0322,-0.0322,0,19.6875,20.1270,idle,1.1298,-1.4065,1.1298,-1.4065,-1.4065,0.4000
TEL,135470,RUNNING,1.1295,-0.1129,-1.6875,-0.9569,-173.99,0,0.0000,32,1,0,-0.9569,-0.9569,0,18.4570,20.1270,idle,1.1298,-0.1130,1.1294,-0.1129,-0.1129,0.4000
TEL,135571,RUNNING,4.1193,2.2907,-5.2875,-2.5118,-293.99,0,0.0000,22,1,0,-2.5118,-2.5118,0,14.9414,20.1270,idle,4.1298,2.2966,4.1123,2.2868,2.2907,0.4000
TEL,135672,RUNNING,4.1044,3.2116,-8.2125,-3.1574,-173.99,0,0.0000,32,1,0,-3.1574,-3.1574,0,11.9531,20.1270,idle,4.1298,3.2315,4.0875,3.1984,3.2116,0.4000
TEL,135774,RUNNING,5.5818,4.1043,-9.6750,-3.7862,-53.99,0,0.0000,32,1,0,-3.7862,-3.7862,0,10.3711,20.1270,idle,5.6298,4.1397,5.5498,4.0808,4.1043,0.4000
TEL,135875,RUNNING,7.0690,5.4602,-9.6750,-4.7271,66.01,0,0.0000,32,1,0,-4.7271,-4.7271,0,10.1074,20.1270,idle,7.1298,5.5072,7.0284,5.4288,5.4602,0.4000
TEL,135975,RUNNING,7.0883,5.9591,-7.9875,-5.0888,426.01,0,0.0000,71,1,1,-5.0888,-5.0888,0,11.3379,20.1270,idle,7.1298,5.9940,7.0607,5.9358,5.9591,0.4000
TEL,136077,RUNNING,7.8653,6.7857,-4.5000,-5.6569,-32.34,0,0.0000,32,1,0,-5.6569,-5.6569,0,15.1172,20.1270,idle,7.8798,6.7983,7.8556,6.7773,6.7857,0.4000
TEL,136178,RUNNING,9.4924,8.0011,-6.8625,-6.5071,-243.52,0,0.0000,32,1,0,-6.5071,-6.5071,0,13.3594,20.1270,idle,9.5333,8.0356,9.4650,7.9781,8.0011,0.4000
TEL,136281,RUNNING,10.0512,9.0330,-9.2250,-7.2516,-123.52,0,0.0000,32,1,0,-7.2516,-7.2516,0,10.7227,20.1270,idle,10.1298,9.1037,9.9988,8.9859,9.0330,0.4000
TEL,136382,RUNNING,10.3056,9.7728,-12.1500,-7.8259,-243.52,0,0.0000,22,1,0,-7.8259,-7.8259,0,7.9102,20.1270,idle,10.4460,9.9059,10.2120,9.6840,9.7728,0.4000
TEL,136483,RUNNING,10.2612,10.0437,-13.9500,-8.0752,116.48,0,0.0000,32,1,0,-8.0752,-8.0752,0,5.7129,20.1270,idle,10.4460,10.2246,10.1380,9.9230,10.0437,0.4000
TEL,136585,RUNNING,10.5433,10.2473,-10.5750,-8.1964,476.48,0,0.0000,32,1,0,-8.1964,-8.1964,0,8.7012,20.1270,idle,10.6518,10.3528,10.4709,10.1769,10.2473,0.4000
TEL,136686,RUNNING,10.3903,10.3448,-7.6500,-8.2635,-115.34,0,0.0000,32,1,0,-8.2635,-8.2635,0,12.0410,20.1270,idle,10.4460,10.4003,10.3531,10.3078,10.3448,0.4000
TEL,136787,RUNNING,10.1108,10.2618,-8.1000,-6.5987,120.00,0,0.0000,12,1,0,-6.5987,-6.5987,0,11.6895,20.1270,idle,10.1716,10.3236,10.0702,10.2206,10.2618,0.4000
TEL,136889,RUNNING,9.8831,10.0886,-7.3125,-8.1560,0.00,0,0.0000,32,1,0,-8.1560,-8.1560,0,12.2168,20.1270,idle,9.9315,10.1380,9.8508,10.0556,10.0886,0.4000
TEL,136989,RUNNING,9.1606,9.6839,-7.7625,-7.9190,0.00,0,0.0000,32,1,0,-7.9190,-7.9190,0,12.0410,20.1270,idle,9.2112,9.7374,9.1268,9.6482,9.6839,0.4000
TEL,137091,RUNNING,9.1046,9.4092,-6.7500,-7.7561,0.00,0,0.0000,41,1,0,-7.7561,-7.7561,0,12.9199,20.1270,idle,9.1426,9.4485,9.0793,9.3830,9.4092,0.4000
TEL,137191,RUNNING,9.0879,9.3919,-8.1000,-7.7880,80.75,0,0.0000,142,1,2,-7.7880,-7.7880,0,11.8652,20.1270,idle,9.1426,9.4485,9.0514,9.3542,9.3919,0.4000
TEL,137292,RUNNING,7.8644,8.9369,-7.7625,-7.5073,164.99,0,0.0000,32,1,0,-7.5073,-7.5073,0,11.8652,20.1270,idle,7.9078,8.9863,7.8354,8.9039,8.9369,0.4000
TEL,137394,RUNNING,6.1270,7.2399,-5.2875,5.7371,284.99,0,0.0000,11,1,0,5.7371,5.7371,0,14.1504,20.1270,idle,6.1426,7.2585,6.1165,7.2276,7.2399,0.4000
TEL,137494,RUNNING,5.2292,6.3222,-2.5875,-5.7609,164.99,0,0.0000,30,1,0,-5.7609,-5.7609,0,16.8750,20.1270,idle,5.2324,6.3260,5.2271,6.3196,6.3222,0.4000
TEL,137595,RUNNING,3.6039,5.0343,-1.2375,-4.9142,44.99,0,0.0000,30,1,0,-4.9142,-4.9142,0,18.2812,20.1270,idle,3.6044,5.0350,3.6036,5.0338,5.0343,0.4000
TEL,137696,RUNNING,3.1238,4.0638,-1.2375,-4.2815,-75.01,0,0.0000,31,1,0,-4.2815,-4.2815,0,18.5449,20.1270,idle,3.1242,4.0644,3.1235,4.0634,4.0638,0.4000
TEL,137798,RUNNING,2.7612,3.4705,-2.5875,-3.9010,-195.01,0,0.0000,32,1,0,-3.9010,-3.9010,0,17.4023,20.1270,idle,2.7628,3.4726,2.7600,3.4691,3.4705,0.4000
TEL,137900,RUNNING,2.7090,3.0914,-3.8250,-3.6642,0.00,0,0.0000,51,1,0,-3.6642,-3.6642,0,16.0840,20.1270,idle,2.7126,3.0956,2.7066,3.0887,3.0914,0.4000
TEL,138000,RUNNING,2.7090,3.0914,-3.8250,-3.6834,0.00,0,0.0000,151,1,3,-3.6834,-3.6834,0,16.0840,20.1270,idle,2.7126,3.0956,2.7066,3.0887,3.0914,0.4000
TEL,138100,RUNNING,2.7090,3.0914,-3.8250,-3.7025,0.00,0,0.0000,251,1,5,-3.7025,-3.7025,0,16.0840,20.1270,idle,2.7126,3.0956,2.7066,3.0887,3.0914,0.4000
TEL,138201,RUNNING,2.7090,3.0914,-3.8250,-3.7217,0.00,0,0.0000,352,1,8,-3.7217,-3.7217,0,16.1719,20.1270,idle,2.7126,3.0956,2.7066,3.0887,3.0914,0.4000
TEL,138301,RUNNING,-0.2872,1.3801,-2.3625,-2.5747,240.00,0,0.0000,31,1,0,-2.5747,-2.5747,0,17.1387,20.1270,idle,-0.2874,1.3808,-0.2871,1.3796,1.3801,0.4000
TEL,138401,RUNNING,-3.2871,-1.6734,0.9000,17.0315,360.00,0,0.0000,11,1,0,17.0315,17.0315,0,20.5664,20.1270,idle,-3.2874,-1.6735,-3.2870,-1.6733,-1.6734,0.4000
TEL,138503,RUNNING,-6.2256,-3.6844,4.5000,0.9003,240.00,0,0.0000,30,1,0,0.9003,0.9003,0,24.0820,20.1270,idle,-6.2372,-3.6912,-6.2179,-3.6799,-3.6844,0.4000
TEL,138604,RUNNING,-6.2371,-4.9797,6.6375,1.8062,120.00,0,0.0000,31,1,0,1.8062,1.8062,0,26.3672,20.1270,idle,-6.2623,-4.9998,-6.2203,-4.9663,-4.9797,0.4000
TEL,138705,RUNNING,-6.2557,-5.6254,7.4250,2.2750,0.00,0,0.0000,30,1,0,2.2750,2.2750,0,27.3340,20.1270,idle,-6.2874,-5.6538,-6.2346,-5.6064,-5.6254,0.4000
TEL,138806,RUNNING,-7.7289,-6.6224,6.8625,2.9723,-120.00,0,0.0000,31,1,0,2.9723,2.9723,0,26.9824,20.1270,idle,-7.7623,-6.6509,-7.7066,-6.6033,-6.6224,0.4000
TEL,138907,RUNNING,-7.9210,-7.2914,4.9500,3.4395,-240.00,0,0.0000,32,1,0,3.4395,3.4395,0,25.1367,20.1270,idle,-7.9388,-7.3077,-7.9092,-7.2805,-7.2914,0.4000
TEL,139009,RUNNING,-8.6164,-7.9204,3.2625,11.4414,120.00,0,0.0000,11,1,0,11.4414,11.4414,0,23.3789,20.1270,idle,-8.6248,-7.9281,-8.6108,-7.9153,-7.9204,0.4000
TEL,139109,RUNNING,-8.6788,-8.1463,4.2750,4.0676,0.00,0,0.0000,30,1,0,4.0676,4.0676,0,24.0820,20.1270,idle,-8.6934,-8.1599,-8.6692,-8.1372,-8.1463,0.4000
TEL,139209,RUNNING,-9.1582,-8.4035,4.2750,4.2693,0.00,0,0.0000,31,1,0,4.2693,4.2693,0,24.0820,20.1270,idle,-9.1736,-8.4176,-9.1480,-8.3942,-8.4035,0.4000
TEL,139312,RUNNING,-9.5007,-8.6323,4.2750,4.4525,0.00,0,0.0000,33,1,0,4.4525,4.4525,0,24.1699,20.1270,idle,-9.5166,-8.6467,-9.4901,-8.6227,-8.6323,0.4000
TEL,139412,RUNNING,-7.8563,-8.4673,4.3875,4.3704,0.00,0,0.0000,21,1,0,4.3704,4.3704,0,24.3457,20.1270,idle,-7.8702,-8.4823,-7.8471,-8.4574,-8.4673,0.4000
TEL,139512,RUNNING,-7.4454,-8.3776,4.3875,4.3387,0.00,0,0.0000,33,1,0,4.3387,4.3387,0,24.5215,20.1270,idle,-7.4586,-8.3924,-7.4367,-8.3678,-8.3776,0.4000
TEL,139613,RUNNING,-8.2672,-8.4863,4.3875,2.0606,-120.00,0,0.0000,13,1,0,2.0606,2.0606,0,24.4336,20.1270,idle,-8.2818,-8.5012,-8.2575,-8.4763,-8.4863,0.4000
TEL,139713,RUNNING,-8.2720,-8.3794,3.6000,4.3942,0.00,0,0.0000,31,1,0,4.3942,4.3942,0,23.9062,20.1270,idle,-8.2818,-8.3893,-8.2654,-8.3727,-8.3794,0.4000
TEL,139813,RUNNING,-7.4474,-8.0979,4.0500,4.2333,0.00,0,0.0000,72,1,1,4.2333,4.2333,0,24.0820,20.1270,idle,-7.4586,-8.1101,-7.4399,-8.0898,-8.0979,0.4000
TEL,139913,RUNNING,-7.4474,-8.0979,4.0500,4.2606,0.00,0,0.0000,172,1,3,4.2606,4.2606,0,24.0820,20.1270,idle,-7.4586,-8.1101,-7.4399,-8.0898,-8.0979,0.4000
TEL,140014,RUNNING,-5.2755,-6.8808,3.6000,3.4614,0.00,0,0.0000,33,1,0,3.4614,3.4614,0,23.8184,20.1270,idle,-5.2818,-6.8890,-5.2713,-6.8754,-6.8808,0.4000
TEL,140114,RUNNING,-5.2755,-6.8808,3.6000,3.4847,0.00,0,0.0000,133,1,2,3.4847,3.4847,0,23.7305,20.1270,idle,-5.2818,-6.8890,-5.2713,-6.8754,-6.8808,0.4000
TEL,140214,RUNNING,-3.8932,-5.9852,3.3750,2.9042,-224.09,0,0.0000,32,1,0,2.9042,2.9042,0,23.6426,20.1270,idle,-3.8972,-5.9915,-3.8904,-5.9811,-5.9852,0.4000
TEL,140315,RUNNING,-2.8083,-5.0357,1.4625,2.2881,135.91,0,0.0000,80,1,1,2.2881,2.2881,0,21.4453,20.1270,idle,-2.8088,-5.0367,-2.8079,-5.0350,-5.0357,0.4000
TEL,140417,RUNNING,-2.8072,-5.0338,2.4750,2.3192,0.00,0,0.0000,181,1,4,2.3192,2.3192,0,22.5879,20.1270,idle,-2.8088,-5.0367,-2.8062,-5.0320,-5.0338,0.4000
TEL,140517,RUNNING,-0.3530,-2.7620,1.0125,0.8028,-240.00,0,0.0000,32,1,0,0.8028,0.8028,0,21.2695,20.1270,idle,-0.3530,-2.7623,-0.3530,-2.7618,-2.7620,0.4000
TEL,140618,RUNNING,1.1468,-0.9691,-1.2375,-0.3986,-120.00,0,0.0000,32,1,0,-0.3986,-0.3986,0,18.9844,20.1270,idle,1.1470,-0.9693,1.1467,-0.9690,-0.9691,0.4000
TEL,140721,RUNNING,2.6460,0.7605,-2.0250,-1.5530,0.00,0,0.0000,32,1,0,-1.5530,-1.5530,0,18.0176,20.1270,idle,2.6470,0.7607,2.6453,0.7603,0.7605,0.4000
TEL,140821,RUNNING,4.1445,2.7430,-2.5875,-18.1129,-120.00,0,0.0000,11,1,0,-18.1129,-18.1129,0,17.3145,20.1270,idle,4.1470,2.7446,4.1428,2.7418,2.7430,0.4000
TEL,140921,RUNNING,4.6788,3.6734,-3.3750,-3.5460,0.00,0,0.0000,31,1,0,-3.5460,-3.5460,0,16.6992,20.1270,idle,4.6836,3.6772,4.6755,3.6708,3.6734,0.4000
TEL,141022,RUNNING,5.8385,4.6194,-4.6125,-4.2093,-162.35,0,0.0000,32,1,0,-4.2093,-4.2093,0,15.6445,20.1270,idle,5.8498,4.6284,5.8309,4.6134,4.6194,0.4000
TEL,141123,RUNNING,5.8406,4.6210,-4.1625,-4.2379,81.40,0,0.0000,133,1,2,-4.2379,-4.2379,0,15.3809,20.1270,idle,5.8498,4.6284,5.8344,4.6161,4.6210,0.4000
TEL,141224,RUNNING,5.8411,4.6214,-4.0500,-4.2666,0.00,0,0.0000,234,1,4,-4.2666,-4.2666,0,15.8203,20.1270,idle,5.8498,4.6284,5.8352,4.6168,4.6214,0.4000
TEL,141324,RUNNING,5.8401,4.6206,-4.2750,-4.2952,0.00,0,0.0000,334,1,6,-4.2952,-4.2952,0,15.6445,20.1270,idle,5.8498,4.6284,5.8336,4.6155,4.6206,0.4000
TEL,141425,RUNNING,5.8401,4.6206,-4.2750,-4.3239,0.00,0,0.0000,435,1,8,-4.3239,-4.3239,0,15.6445,20.1270,idle,5.8498,4.6284,5.8336,4.6155,4.6206,0.4000
TEL,141526,RUNNING,5.8401,4.6206,-4.2750,-4.3525,0.00,0,0.0000,535,1,10,-4.3525,-4.3525,0,15.6445,20.1270,idle,5.8498,4.6284,5.8336,4.6155,4.6206,0.4000
TEL,141626,RUNNING,5.8401,4.6206,-4.2750,-4.3811,0.00,0,0.0000,635,1,13,-4.3811,-4.3811,0,15.6445,20.1270,idle,5.8498,4.6284,5.8336,4.6155,4.6206,0.4000
TEL,141726,RUNNING,5.8401,4.6206,-4.2750,-4.4098,0.00,0,0.0000,735,1,15,-4.4098,-4.4098,0,15.6445,20.1270,idle,5.8498,4.6284,5.8336,4.6155,4.6206,0.4000
TEL,141827,RUNNING,5.8401,4.6206,-4.2750,-4.4384,0.00,0,0.0000,836,1,18,-4.4384,-4.4384,0,15.6445,20.1270,idle,5.8498,4.6284,5.8336,4.6155,4.6206,0.4000
TEL,141927,RUNNING,5.8401,4.6206,-4.2750,-4.4670,0.00,0,0.0000,936,1,18,-4.4670,-4.4670,0,15.6445,20.1270,idle,5.8498,4.6284,5.8336,4.6155,4.6206,0.4000
TEL,142027,RUNNING,8.8166,7.2971,-6.4125,-19.1250,-360.00,0,0.0000,12,1,0,-22.8452,-19.1250,1,13.7109,20.1270,idle,8.8498,7.3246,8.7945,7.2787,7.2971,0.4000
TEL,142129,RUNNING,8.7708,8.0301,-9.9000,-6.8502,-240.00,0,0.0000,31,1,0,-6.8502,-6.8502,0,10.1953,20.1270,idle,8.8498,8.1025,8.7181,7.9818,8.0301,0.4000
TEL,142230,RUNNING,8.7309,8.2148,-12.1500,-7.0297,120.00,0,0.0000,80,1,1,-7.0297,-7.0297,0,7.4707,20.1270,idle,8.8498,8.3267,8.6516,8.1402,8.2148,0.4000
TEL,142330,RUNNING,8.7924,8.2726,-8.4375,-7.0578,397.46,0,0.0000,180,1,4,-7.0578,-7.0578,0,10.7227,20.1270,idle,8.8498,8.3267,8.7541,8.2365,8.2726,0.4000
TEL,142432,RUNNING,7.9594,8.1594,-4.8375,-6.9845,106.93,0,0.0000,32,1,0,-6.9845,-6.9845,0,14.5898,20.1270,idle,7.9764,8.1769,7.9480,8.1477,8.1594,0.4000
TEL,142534,RUNNING,7.0633,7.7836,-5.7375,-6.7619,-253.07,0,0.0000,33,1,0,-6.7619,-6.7619,0,14.2383,20.1270,idle,7.0846,7.8071,7.0492,7.7680,7.7836,0.4000
TEL,142636,RUNNING,6.9204,7.2142,-6.5250,-3.2069,120.00,0,0.0000,12,1,0,-3.2069,-3.2069,0,13.2715,20.1270,idle,6.9474,7.2423,6.9024,7.1954,7.2142,0.4000
TEL,142736,RUNNING,6.1742,6.7659,-5.7375,-6.1215,0.00,0,0.0000,31,1,0,-6.1215,-6.1215,0,13.7988,20.1270,idle,6.1928,6.7863,6.1618,6.7523,6.7659,0.4000
TEL,142836,RUNNING,6.1058,6.4365,-5.7375,-5.9206,0.00,0,0.0000,32,1,0,-5.9206,-5.9206,0,13.8867,20.1270,idle,6.1242,6.4559,6.0936,6.4235,6.4365,0.4000
TEL,142939,RUNNING,4.8085,5.4307,-5.2875,1.5057,120.00,0,0.0000,11,1,0,1.5057,1.5057,0,14.4141,20.1270,idle,4.8208,5.4446,4.8003,5.4214,5.4307,0.4000
TEL,143039,RUNNING,4.8091,5.4313,-5.1750,-5.2944,0.00,0,0.0000,112,1,2,-5.2944,-5.2944,0,14.5898,20.1270,idle,4.8208,5.4446,4.8012,5.4224,5.4313,0.4000
TEL,143139,RUNNING,4.8091,5.4313,-5.1750,-5.3281,0.00,0,0.0000,212,1,4,-5.3281,-5.3281,0,14.5898,20.1270,idle,4.8208,5.4446,4.8012,5.4224,5.4313,0.4000
TEL,143239,RUNNING,4.8091,5.4313,-5.1750,-5.3618,0.00,0,0.0000,312,1,6,-5.3618,-5.3618,0,14.5898,20.1270,idle,4.8208,5.4446,4.8012,5.4224,5.4313,0.4000
TEL,143339,RUNNING,4.8091,5.4313,-5.1750,-5.3955,0.00,0,0.0000,412,1,9,-5.3955,-5.3955,0,14.5898,20.1270,idle,4.8208,5.4446,4.8012,5.4224,5.4313,0.4000
TEL,143439,RUNNING,4.8080,5.4301,-5.4000,-5.4292,0.00,0,0.0000,512,1,11,-5.4292,-5.4292,0,14.4141,20.1270,idle,4.8208,5.4446,4.7994,5.4204,5.4301,0.4000
TEL,143539,RUNNING,4.8080,5.4301,-5.4000,-5.4629,0.00,0,0.0000,612,1,12,-5.4629,-5.4629,0,14.3262,20.1270,idle,4.8208,5.4446,4.7994,5.4204,5.4301,0.4000
TEL,143639,RUNNING,1.8183,3.5914,-3.9375,-4.2373,214.38,0,0.0000,31,1,0,-4.2373,-4.2373,0,15.3809,20.1270,idle,1.8208,3.5965,1.8165,3.5880,3.5914,0.4000
TEL,143740,RUNNING,0.3207,2.2401,-2.0250,-3.3369,94.38,0,0.0000,30,1,0,-3.3369,-3.3369,0,17.4902,20.1270,idle,0.3208,2.2409,0.3206,2.2395,2.2401,0.4000
TEL,143841,RUNNING,-1.1789,0.4966,-1.4625,-1.7953,-25.62,0,0.0000,31,1,0,-1.7953,-1.7953,0,18.1055,20.1270,idle,-1.1792,0.4967,-1.1788,0.4965,0.4966,0.4000
TEL,143942,RUNNING,-1.1789,-0.3579,-1.6875,-1.6998,0.00,0,0.0000,31,1,0,-1.6998,-1.6998,0,18.0176,20.1270,idle,-1.1792,-0.3580,-1.1786,-0.3578,-0.3579,0.4000
TEL,144043,RUNNING,-2.6788,-1.2266,-1.2375,-0.8117,213.12,0,0.0000,30,1,0,-0.8117,-0.8117,0,18.3691,20.1270,idle,-2.6792,-1.2268,-2.6785,-1.2265,-1.2266,0.4000
TEL,144144,RUNNING,-4.1779,-3.1656,1.8000,11.4946,333.12,0,0.0000,11,1,0,11.4946,11.4946,0,21.3574,20.1270,idle,-4.1792,-3.1665,-4.1771,-3.1649,-3.1656,0.4000
TEL,144245,RUNNING,-4.1694,-3.6743,5.0625,0.8752,213.12,0,0.0000,30,1,0,0.8752,0.8752,0,24.6094,20.1270,idle,-4.1792,-3.6830,-4.1629,-3.6686,-3.6743,0.4000
TEL,144348,RUNNING,-7.1473,-5.1281,6.9750,1.8888,93.12,0,0.0000,31,1,0,1.8888,1.8888,0,26.6309,20.1270,idle,-7.1792,-5.1510,-7.1260,-5.1129,-5.1281,0.4000
TEL,144449,RUNNING,-7.1313,-6.4403,8.5500,10.3585,213.12,0,0.0000,10,1,0,10.3585,10.3585,0,28.3887,20.1270,idle,-7.1792,-6.4835,-7.0994,-6.4115,-6.4403,0.4000
TEL,144550,RUNNING,-7.3420,-6.8567,8.4375,3.1168,-370.70,0,0.0000,29,1,0,3.1168,3.1168,0,28.7402,20.1270,idle,-7.3900,-6.9015,-7.3100,-6.8268,-6.8567,0.4000
TEL,144652,RUNNING,-7.7917,-7.2793,3.7125,3.4021,-250.70,0,0.0000,31,1,0,3.4021,3.4021,0,24.1699,20.1270,idle,-7.8016,-7.2885,-7.7852,-7.2732,-7.2793,0.4000
TEL,144753,RUNNING,-7.8620,-7.5629,3.3750,3.6178,160.92,0,0.0000,31,1,0,3.6178,3.6178,0,23.1152,20.1270,idle,-7.8702,-7.5707,-7.8565,-7.5576,-7.5629,0.4000
TEL,144856,RUNNING,-7.8541,-7.7077,4.7250,3.7467,40.92,0,0.0000,32,1,0,3.7467,3.7467,0,24.4336,20.1270,idle,-7.8702,-7.7234,-7.8434,-7.6972,-7.7077,0.4000
TEL,144957,RUNNING,-8.2707,-7.9327,3.8250,3.9216,0.00,0,0.0000,21,1,0,3.9216,3.9216,0,23.9941,20.1270,idle,-8.2818,-7.9433,-8.2633,-7.9256,-7.9327,0.4000
TEL,145057,RUNNING,-8.2687,-8.1031,4.1625,4.0653,0.00,0,0.0000,31,1,0,4.0653,4.0653,0,23.9941,20.1270,idle,-8.2818,-8.1159,-8.2599,-8.0945,-8.1031,0.4000
TEL,145159,RUNNING,-8.2687,-8.3745,4.1625,4.2770,0.00,0,0.0000,32,1,0,4.2770,4.2770,0,24.2578,20.1270,idle,-8.2818,-8.3878,-8.2599,-8.3657,-8.3745,0.4000
TEL,145259,RUNNING,-8.6111,-8.5386,4.1625,5.2049,120.00,0,0.0000,10,1,0,5.2049,5.2049,0,24.1699,20.1270,idle,-8.6248,-8.5521,-8.6020,-8.5296,-8.5386,0.4000
TEL,145359,RUNNING,-8.6088,-8.5014,4.5000,4.4219,0.00,0,0.0000,29,1,0,4.4219,4.4219,0,24.3457,20.1270,idle,-8.6248,-8.5171,-8.5982,-8.4909,-8.5014,0.4000
TEL,145460,RUNNING,-8.2679,-8.4324,4.2750,4.4028,0.00,0,0.0000,73,1,1,4.4028,4.4028,0,24.3457,20.1270,idle,-8.2818,-8.4465,-8.2587,-8.4230,-8.4324,0.4000
TEL,145561,RUNNING,-8.2679,-8.4324,4.2750,4.4313,0.00,0,0.0000,174,1,3,4.4313,4.4313,0,24.2578,20.1270,idle,-8.2818,-8.4465,-8.2587,-8.4230,-8.4324,0.4000
TEL,145661,RUNNING,-8.6088,-8.4843,4.5000,4.4961,0.00,0,0.0000,53,1,0,4.4961,4.4961,0,24.4336,20.1270,idle,-8.6248,-8.5000,-8.5982,-8.4738,-8.4843,0.4000
TEL,145761,RUNNING,-8.6088,-8.4843,4.5000,4.5247,0.00,0,0.0000,153,1,3,4.5247,4.5247,0,24.4336,20.1270,idle,-8.6248,-8.5000,-8.5982,-8.4738,-8.4843,0.4000
TEL,145862,RUNNING,-8.6088,-8.4843,4.5000,4.5534,0.00,0,0.0000,254,1,5,4.5534,4.5534,0,24.4336,20.1270,idle,-8.6248,-8.5000,-8.5982,-8.4738,-8.4843,0.4000
TEL,145963,RUNNING,-8.6088,-8.4843,4.5000,4.5821,0.00,0,0.0000,354,1,7,4.5821,4.5821,0,24.4336,20.1270,idle,-8.6248,-8.5000,-8.5982,-8.4738,-8.4843,0.4000
TEL,146063,RUNNING,-8.6088,-8.4843,4.5000,4.6108,0.00,0,0.0000,454,1,10,4.6108,4.6108,0,24.4336,20.1270,idle,-8.6248,-8.5000,-8.5982,-8.4738,-8.4843,0.4000
TEL,146163,RUNNING,-8.6088,-8.4843,4.5000,4.6395,0.00,0,0.0000,554,1,12,4.6395,4.6395,0,24.4336,20.1270,idle,-8.6248,-8.5000,-8.5982,-8.4738,-8.4843,0.4000
TEL,146264,RUNNING,-5.6154,-7.6247,4.2750,4.0848,0.00,0,0.0000,31,1,0,4.0848,4.0848,0,24.4336,20.1270,idle,-5.6248,-7.6374,-5.6091,-7.6162,-7.6247,0.4000
TEL,146364,RUNNING,-5.6154,-7.6247,4.2750,4.1106,0.00,0,0.0000,132,1,2,4.1106,4.1106,0,24.2578,20.1270,idle,-5.6248,-7.6374,-5.6091,-7.6162,-7.6247,0.4000
TEL,146464,RUNNING,-5.6163,-7.0231,4.0500,3.7279,-185.34,0,0.0000,32,1,0,3.7279,3.7279,0,24.2578,20.1270,idle,-5.6248,-7.0336,-5.6107,-7.0161,-7.0231,0.4000
TEL,146567,RUNNING,-2.6243,-4.8922,1.3500,-19.1250,-305.34,0,0.0000,13,1,0,-22.2998,-19.1250,1,21.5332,20.1270,idle,-2.6248,-4.8930,-2.6240,-4.8916,-4.8922,0.4000
TEL,146668,RUNNING,-2.6242,-3.7355,-1.4625,1.5469,-185.34,0,0.0000,31,1,0,1.5469,1.5469,0,18.7207,20.1270,idle,-2.6248,-3.7362,-2.6239,-3.7350,-3.7355,0.4000
TEL,146769,RUNNING,-1.1240,-2.9508,-2.7000,1.0356,174.66,0,0.0000,71,1,1,1.0356,1.0356,0,17.1387,20.1270,idle,-1.1248,-2.9528,-1.1235,-2.9495,-2.9508,0.4000
TEL,146871,RUNNING,-1.1247,-2.9525,0.9000,1.0539,202.31,0,0.0000,173,1,3,1.0539,1.0539,0,20.4785,20.1270,idle,-1.1248,-2.9528,-1.1246,-2.9524,-2.9525,0.4000
TEL,146972,RUNNING,-1.1247,-2.9525,0.9000,1.0722,-53.27,0,0.0000,274,1,5,1.0722,1.0722,0,21.0937,20.1270,idle,-1.1248,-2.9528,-1.1246,-2.9524,-2.9525,0.4000
TEL,147075,RUNNING,-1.1246,-2.9523,1.3500,1.0905,-120.00,0,0.0000,376,1,7,1.0905,1.0905,0,21.1816,20.1270,idle,-1.1248,-2.9528,-1.1244,-2.9519,-2.9523,0.4000
TEL,147175,RUNNING,-1.1247,-2.9525,1.0125,1.1087,0.00,0,0.0000,477,1,9,1.1087,1.1087,0,21.0059,20.1270,idle,-1.1248,-2.9528,-1.1246,-2.9523,-2.9525,0.4000
TEL,147275,RUNNING,-1.1247,-2.9525,1.0125,1.1270,0.00,0,0.0000,577,1,11,1.1270,1.1270,0,21.0059,20.1270,idle,-1.1248,-2.9528,-1.1246,-2.9523,-2.9525,0.4000
TEL,147377,RUNNING,1.8752,-1.5044,0.2250,0.1614,-120.00,0,0.0000,53,1,1,0.1614,0.1614,0,20.4785,20.1270,idle,1.8752,-1.5044,1.8752,-1.5044,-1.5044,0.4000
TEL,147477,RUNNING,1.8748,0.2192,-1.5750,-0.8545,-234.53,0,0.0000,31,1,0,-0.8545,-0.8545,0,18.6328,20.1270,idle,1.8752,0.2192,1.8745,0.2192,0.2192,0.4000
TEL,147578,RUNNING,4.8687,2.2758,-3.8250,-2.3982,-114.53,0,0.0000,32,1,0,-2.3982,-2.3982,0,16.3477,20.1270,idle,4.8752,2.2788,4.8644,2.2737,2.2758,0.4000
TEL,147680,RUNNING,4.8662,3.5963,-4.5000,-3.3055,5.47,0,0.0000,32,1,0,-3.3055,-3.3055,0,15.6445,20.1270,idle,4.8752,3.6030,4.8602,3.5919,3.5963,0.4000
TEL,147780,RUNNING,5.6177,4.4709,-3.8250,-3.9160,0.00,0,0.0000,32,1,0,-3.9160,-3.9160,0,15.9961,20.1270,idle,5.6252,4.4768,5.6127,4.4669,4.4709,0.4000
TEL,147880,RUNNING,7.1100,5.2601,-4.8375,-4.4774,29.77,0,0.0000,72,1,1,-4.4774,-4.4774,0,15.2051,20.1270,idle,7.1252,5.2714,7.0999,5.2526,5.2601,0.4000
TEL,147981,RUNNING,7.8576,6.5846,-4.9500,-5.3888,-216.36,0,0.0000,32,1,0,-5.3888,-5.3888,0,15.0293,20.1270,idle,7.8752,6.5993,7.8459,6.5747,6.5846,0.4000
TEL,148082,RUNNING,8.2136,7.3299,-6.9750,-5.9278,-96.36,0,0.0000,32,1,0,-5.9278,-5.9278,0,13.1836,20.1270,idle,8.2502,7.3626,8.1892,7.3081,7.3299,0.4000
TEL,148185,RUNNING,8.8116,7.7751,-6.8625,-6.2550,254.55,0,0.0000,73,1,1,-6.2550,-6.2550,0,12.8320,20.1270,idle,8.8496,7.8087,8.7862,7.7527,7.7751,0.4000
TEL,148286,RUNNING,8.8198,7.7824,-6.0750,-6.2814,0.00,0,0.0000,175,1,3,-6.2814,-6.2814,0,13.7109,20.1270,idle,8.8496,7.8087,8.7999,7.7648,7.7824,0.4000
TEL,148386,RUNNING,9.7094,8.7726,-7.5375,-6.9857,-206.91,0,0.0000,33,1,0,-6.9857,-6.9857,0,12.6562,20.1270,idle,9.7600,8.8183,9.6757,8.7421,8.7726,0.4000
TEL,148488,RUNNING,8.2292,8.8644,-10.9125,-7.1132,-86.91,0,0.0000,21,1,0,-7.1132,-7.1132,0,9.0527,20.1270,idle,8.3194,8.9616,8.1690,8.7996,8.8644,0.4000
TEL,148590,RUNNING,8.2517,8.8886,-9.4500,-7.1434,496.02,0,0.0000,123,1,2,-7.1434,-7.1434,0,9.8437,20.1270,idle,8.3194,8.9616,8.2065,8.8400,8.8886,0.4000
TEL,148691,RUNNING,8.2882,8.9280,-6.4125,-7.1737,-103.98,0,0.0000,224,1,4,-7.1737,-7.1737,0,13.2715,20.1270,idle,8.3194,8.9616,8.2674,8.9055,8.9280,0.4000
TEL,148793,RUNNING,8.2801,8.9192,-7.2000,-7.2039,16.02,0,0.0000,326,1,7,-7.2039,-7.2039,0,12.4805,20.1270,idle,8.3194,8.9616,8.2538,8.8910,8.9192,0.4000
TEL,148893,RUNNING,5.9130,7.5398,-6.6375,-6.2922,191.92,0,0.0000,32,1,0,-6.2922,-6.2922,0,12.9199,20.1270,idle,5.9368,7.5702,5.8970,7.5195,7.5398,0.4000
TEL,148996,RUNNING,2.9329,4.8233,-3.8250,16.0698,311.92,0,0.0000,11,1,0,16.0698,16.0698,0,15.7324,20.1270,idle,2.9368,4.8298,2.9303,4.8190,4.8233,0.4000
TEL,149097,RUNNING,1.4882,3.2775,-0.9000,-3.4377,191.92,0,0.0000,31,1,0,-3.4377,-3.4377,0,18.5449,20.1270,idle,1.4883,3.2777,1.4881,3.2773,3.2775,0.4000
TEL,149198,RUNNING,0.5676,1.9921,0.7875,-2.5829,71.92,0,0.0000,31,1,0,-2.5829,-2.5829,0,20.3906,20.1270,idle,0.5676,1.9923,0.5676,1.9921,1.9921,0.4000
TEL,149299,RUNNING,-0.0632,1.0101,1.0125,-1.9272,-48.08,0,0.0000,31,1,0,-1.9272,-1.9272,0,20.8301,20.1270,idle,-0.0632,1.0102,-0.0631,1.0101,1.0101,0.4000
TEL,149401,RUNNING,-1.5117,-0.1239,0.1125,-1.2219,-168.08,0,0.0000,33,1,0,-1.2219,-1.2219,0,20.1270,20.1270,idle,-1.5117,-0.1239,-1.5117,-0.1239,-0.1239,0.4000
TEL,149504,RUNNING,-2.7478,-1.6675,-0.1125,-0.0904,0.00,0,0.0000,21,1,0,-0.0904,-0.0904,0,19.6875,20.1270,idle,-2.7478,-1.6675,-2.7478,-1.6675,-1.6675,0.4000
TEL,149604,RUNNING,-3.7874,-2.5965,0.3375,0.5477,0.00,0,0.0000,31,1,0,0.5477,0.5477,0,20.0391,20.1270,idle,-3.7874,-2.5966,-3.7874,-2.5965,-2.5965,0.4000
TEL,149704,RUNNING,-4.9706,-3.7103,1.8000,1.3166,201.94,0,0.0000,31,1,0,1.3166,1.3166,0,21.2695,20.1270,idle,-4.9720,-3.7114,-4.9696,-3.7096,-3.7103,0.4000
TEL,149808,RUNNING,-5.7410,-4.6782,3.6000,1.9945,81.94,0,0.0000,33,1,0,1.9945,1.9945,0,23.3789,20.1270,idle,-5.7478,-4.6837,-5.7364,-4.6745,-4.6782,0.4000
TEL,149909,RUNNING,-7.3641,-6.1187,6.1875,3.0001,201.94,0,0.0000,22,1,0,3.0001,3.0001,0,25.7520,20.1270,idle,-7.3900,-6.1401,-7.3469,-6.1044,-6.1187,0.4000
TEL,150010,RUNNING,-7.3469,-6.7381,7.9875,3.4524,81.94,0,0.0000,31,1,0,3.4524,3.4524,0,27.7734,20.1270,idle,-7.3900,-6.7775,-7.3183,-6.7118,-6.7381,0.4000
TEL,150112,RUNNING,-7.8204,-7.2025,8.3250,3.7940,-38.06,0,0.0000,31,1,0,3.7940,3.7940,0,28.3008,20.1270,idle,-7.8702,-7.2483,-7.7872,-7.1720,-7.2025,0.4000
TEL,150214,RUNNING,-7.8318,-7.5286,7.3125,4.0332,-158.06,0,0.0000,32,1,0,4.0332,4.0332,0,27.4219,20.1270,idle,-7.8702,-7.5655,-7.8061,-7.5039,-7.5286,0.4000
TEL,150316,RUNNING,-8.2549,-8.0100,5.9625,7.0428,-38.06,0,0.0000,11,1,0,7.0428,7.0428,0,26.2793,20.1270,idle,-8.2818,-8.0361,-8.2370,-7.9926,-8.0100,0.4000
TEL,150417,RUNNING,-8.2694,-8.0628,4.0500,4.4308,-33.72,0,0.0000,31,1,0,4.4308,4.4308,0,24.2578,20.1270,idle,-8.2818,-8.0749,-8.2611,-8.0548,-8.0628,0.4000
TEL,150518,RUNNING,-8.1287,-8.1234,4.6125,4.5017,0.00,0,0.0000,31,1,0,4.5017,4.5017,0,24.5215,20.1270,idle,-8.1446,-8.1393,-8.1182,-8.1129,-8.1234,0.4000
TEL,150619,RUNNING,-8.1287,-8.1549,4.6125,4.5505,0.00,0,0.0000,31,1,0,4.5505,4.5505,0,24.6973,20.1270,idle,-8.1446,-8.1708,-8.1182,-8.1443,-8.1549,0.4000
TEL,150719,RUNNING,-8.1302,-8.1392,4.3875,4.4689,0.00,0,0.0000,10,1,0,4.4689,4.4689,0,24.4336,20.1270,idle,-8.1446,-8.1535,-8.1207,-8.1297,-8.1392,0.4000
TEL,150819,RUNNING,-8.1302,-8.1346,4.3875,4.5908,0.00,0,0.0000,31,1,0,4.5908,4.5908,0,24.4336,20.1270,idle,-8.1446,-8.1490,-8.1207,-8.1251,-8.1346,0.4000
TEL,150919,RUNNING,-8.1238,-8.5139,5.2875,4.8807,-41.40,0,0.0000,31,1,0,4.8807,4.8807,0,25.0488,20.1270,idle,-8.1446,-8.5357,-8.1099,-8.4994,-8.5139,0.4000
TEL,151020,RUNNING,-7.4492,-8.2022,3.7125,4.6905,78.60,0,0.0000,73,1,1,4.6905,4.6905,0,23.9062,20.1270,idle,-7.4586,-8.2125,-7.4429,-8.1953,-8.2022,0.4000
TEL,151120,RUNNING,-7.4411,-8.1933,5.0625,4.7182,-120.21,0,0.0000,173,1,3,4.7182,4.7182,0,24.9609,20.1270,idle,-7.4586,-8.2125,-7.4295,-8.1805,-8.1933,0.4000
TEL,151221,RUNNING,-7.4434,-8.1958,4.7250,4.7459,0.00,0,0.0000,274,1,5,4.7459,4.7459,0,24.6973,20.1270,idle,-7.4586,-8.2125,-7.4332,-8.1846,-8.1958,0.4000
TEL,151321,RUNNING,-7.4434,-8.1958,4.7250,4.7736,0.00,0,0.0000,374,1,7,4.7736,4.7736,0,24.6973,20.1270,idle,-7.4586,-8.2125,-7.4332,-8.1846,-8.1958,0.4000
TEL,151421,RUNNING,-3.7599,-5.8396,3.7125,-19.1250,-345.42,0,0.0000,11,1,0,-19.3901,-19.1250,1,24.0820,20.1270,idle,-3.7646,-5.8470,-3.7567,-5.8347,-5.8396,0.4000
TEL,151523,RUNNING,-3.7625,-5.8437,2.4750,3.2363,254.58,0,0.0000,113,1,2,3.2363,3.2363,0,22.1484,20.1270,idle,-3.7646,-5.8470,-3.7611,-5.8415,-5.8437,0.4000
TEL,151624,RUNNING,-3.7609,-5.8413,3.2625,3.2725,0.00,0,0.0000,214,1,4,3.2725,3.2725,0,23.2910,20.1270,idle,-3.7646,-5.8470,-3.7585,-5.8375,-5.8413,0.4000
TEL,151726,RUNNING,-3.7609,-5.8413,3.2625,3.3087,0.00,0,0.0000,315,1,6,3.3087,3.3087,0,23.2910,20.1270,idle,-3.7646,-5.8470,-3.7585,-5.8375,-5.8413,0.4000
TEL,151826,RUNNING,-1.7998,-4.6289,3.2625,-19.1250,-120.00,0,0.0000,13,1,0,-28.1985,-19.1250,1,23.2910,20.1270,idle,-1.8016,-4.6334,-1.7986,-4.6259,-4.6289,0.4000
TEL,151926,RUNNING,1.1984,-2.0713,0.6750,0.8085,-205.97,0,0.0000,32,1,0,0.8085,0.8085,0,21.0059,20.1270,idle,1.1984,-2.0714,1.1984,-2.0712,-2.0713,0.4000
TEL,152028,RUNNING,2.2351,0.0162,-1.2375,-0.5954,-85.97,0,0.0000,32,1,0,-0.5954,-0.5954,0,18.9844,20.1270,idle,2.2354,0.0162,2.2349,0.0162,0.0162,0.4000
TEL,152129,RUNNING,4.4545,2.6955,-2.8125,-19.1250,-205.97,0,0.0000,11,1,0,-21.5155,-19.1250,1,17.2266,20.1270,idle,4.4577,2.6974,4.4523,2.6942,2.6955,0.4000
TEL,152230,RUNNING,4.8623,3.7665,-4.6125,-3.1633,-85.97,0,0.0000,30,1,0,-3.1633,-3.1633,0,15.4687,20.1270,idle,4.8718,3.7738,4.8560,3.7616,3.7665,0.4000
TEL,152332,RUNNING,5.2231,4.4649,-5.0625,-3.6580,34.03,0,0.0000,32,1,0,-3.6580,-3.6580,0,14.9414,20.1270,idle,5.2354,4.4754,5.2150,4.4579,4.4649,0.4000
TEL,152433,RUNNING,6.6625,5.4917,-4.1625,-4.3755,0.00,0,0.0000,33,1,0,-4.3755,-4.3755,0,15.6445,20.1270,idle,6.6730,5.5004,6.6554,5.4859,5.4917,0.4000
TEL,152534,RUNNING,7.8462,6.9044,-5.9625,-15.6103,-310.42,0,0.0000,12,1,0,-15.6103,-15.6103,0,14.0625,20.1270,idle,7.8718,6.9269,7.8292,6.8894,6.9044,0.4000
TEL,152635,RUNNING,7.8207,7.1635,-8.4375,-5.5754,49.58,0,0.0000,71,1,1,-5.5754,-5.5754,0,11.4258,20.1270,idle,7.8718,7.2104,7.7866,7.1323,7.1635,0.4000
TEL,152735,RUNNING,7.8481,7.1887,-5.7375,-5.5998,194.98,0,0.0000,171,1,3,-5.5998,-5.5998,0,13.6230,20.1270,idle,7.8718,7.2104,7.8323,7.1742,7.1887,0.4000
TEL,152838,RUNNING,7.8490,7.1895,-5.6250,-5.6241,0.00,0,0.0000,273,1,5,-5.6241,-5.6241,0,14.1504,20.1270,idle,7.8718,7.2104,7.8339,7.1756,7.1895,0.4000
TEL,152938,RUNNING,7.8490,7.1895,-5.6250,-5.6484,0.00,0,0.0000,374,1,7,-5.6484,-5.6484,0,14.1504,20.1270,idle,7.8718,7.2104,7.8339,7.1756,7.1895,0.4000
TEL,153038,RUNNING,7.8490,7.1895,-5.6250,-5.6728,0.00,0,0.0000,474,1,10,-5.6728,-5.6728,0,14.1504,20.1270,idle,7.8718,7.2104,7.8339,7.1756,7.1895,0.4000
TEL,153138,RUNNING,7.8490,7.1895,-5.6250,-5.6971,0.00,0,0.0000,574,1,12,-5.6971,-5.6971,0,14.1504,20.1270,idle,7.8718,7.2104,7.8339,7.1756,7.1895,0.4000
TEL,153238,RUNNING,7.8490,7.1895,-5.6250,-5.7214,0.00,0,0.0000,674,1,14,-5.7214,-5.7214,0,14.1504,20.1270,idle,7.8718,7.2104,7.8339,7.1756,7.1895,0.4000
TEL,153338,RUNNING,7.8490,7.1895,-5.6250,-5.7458,0.00,0,0.0000,774,1,16,-5.7458,-5.7458,0,14.1504,20.1270,idle,7.8718,7.2104,7.8339,7.1756,7.1895,0.4000
TEL,153438,RUNNING,7.8490,7.1895,-5.6250,-5.7701,0.00,0,0.0000,874,1,19,-5.7701,-5.7701,0,14.1504,20.1270,idle,7.8718,7.2104,7.8339,7.1756,7.1895,0.4000
TEL,153539,RUNNING,8.7058,7.6444,-5.6250,-17.6503,-120.00,0,0.0000,1,1,0,-17.6503,-17.6503,0,14.1504,20.1270,idle,8.7310,7.6666,8.6890,7.6296,7.6444,0.4000
TEL,153639,RUNNING,8.6871,8.2971,-7.4250,-10.8303,-165.85,0,0.0000,13,1,0,-10.8303,-10.8303,0,12.5684,20.1270,idle,8.7310,8.3391,8.6578,8.2692,8.2971,0.4000
TEL,153741,RUNNING,9.4888,8.8546,-8.6625,-6.9970,-45.85,0,0.0000,32,1,0,-6.9970,-6.9970,0,11.2500,20.1270,idle,9.5542,8.9156,9.4453,8.8139,8.8546,0.4000
TEL,153842,RUNNING,8.9515,8.9651,-8.1000,-7.0972,314.15,0,0.0000,32,1,0,-7.0972,-7.0972,0,11.2500,20.1270,idle,9.0054,9.0190,8.9156,8.9291,8.9651,0.4000
TEL,153945,RUNNING,8.7097,8.8792,-5.1750,-7.0477,119.85,0,0.0000,32,1,0,-7.0477,-7.0477,0,14.1504,20.1270,idle,8.7310,8.9010,8.6955,8.8647,8.8792,0.4000
TEL,154046,RUNNING,7.8939,8.4411,-4.3875,-6.7764,-0.15,0,0.0000,22,1,0,-6.7764,-6.7764,0,15.2051,20.1270,idle,7.9078,8.4559,7.8847,8.4312,8.4411,0.4000
TEL,154146,RUNNING,7.3433,7.8796,-4.8375,-6.4261,-120.15,0,0.0000,32,1,0,-6.4261,-6.4261,0,14.9414,20.1270,idle,7.3590,7.8965,7.3328,7.8684,7.8796,0.4000
TEL,154247,RUNNING,5.7138,6.8684,-5.7375,-5.7707,0.00,0,0.0000,32,1,0,-5.7707,-5.7707,0,13.8867,20.1270,idle,5.7310,6.8891,5.7023,6.8546,6.8684,0.4000
TEL,154347,RUNNING,5.2875,6.0675,-5.2875,-5.2482,0.00,0,0.0000,31,1,0,-5.2482,-5.2482,0,14.2383,20.1270,idle,5.3010,6.0831,5.2785,6.0572,6.0675,0.4000
TEL,154447,RUNNING,4.3998,5.3227,-4.8375,-4.7679,0.00,0,0.0000,31,1,0,-4.7679,-4.7679,0,14.7656,20.1270,idle,4.4092,5.3341,4.3935,5.3151,5.3227,0.4000
TEL,154548,RUNNING,2.7262,4.3408,-4.3875,-4.1271,166.65,0,0.0000,31,1,0,-4.1271,-4.1271,0,15.2051,20.1270,idle,2.7310,4.3484,2.7230,4.3357,4.3408,0.4000
OK,stopped
