BALL_BEAM_BOOT
HELP,keys
STATE,SAFE_DISABLED
SENSORS,angle=bad,pos=bad
MEAS,theta_deg=0.0000,x_cm=0.0000,x_filt_cm=0.0000
AGE,angle_ms=1,pos_ms=1
FAULTS,bits=0
CAL,zero_calibrated=yes,limits_calibrated=yes,sign_calibrated=yes
CAL_STORE,status=loaded
TEL,enabled=1
FAULT_INFO,bits=0
FAULT_INFO,mode=bringup_warning
FAULT_INFO,none
TEL,349,SAFE_DISABLED,0.0000,0.0000,-18.1934,0.0000,0.00,4
TEL,449,SAFE_DISABLED,0.0000,0.0000,-18.1934,0.0000,0.00,4
TEL,549,SAFE_DISABLED,0.0000,0.0000,-18.1934,0.0000,0.00,4
TEL,649,SAFE_DISABLED,0.0000,0.0000,-18.1934,0.0000,0.00,4
TEL,749,SAFE_DISABLED,0.0000,0.0000,-18.1934,0.0000,0.00,4
TEL,849,SAFE_DISABLED,0.0000,0.0000,-18.1934,0.0000,0.00,4
TEL,949,SAFE_DISABLED,0.0000,0.0000,-18.1934,0.0000,0.00,4
TEL,1049,SAFE_DISABLED,0.0000,0.0000,-18.1934,0.0000,0.00,4
TEL,1149,SAFE_DISABLED,0.0000,0.0000,-18.1934,0.0000,0.00,4
TEL,1249,SAFE_DISABLED,0.0000,0.0000,-18.1934,0.0000,0.00,4
TEL,1349,SAFE_DISABLED,0.0000,0.0000,-18.1934,0.0000,0.00,5
TEL,1449,SAFE_DISABLED,0.0000,0.0000,-18.1934,0.0000,0.00,5
TEL,1549,SAFE_DISABLED,0.0000,0.0000,-18.1934,0.0000,0.00,5
TEL,1649,SAFE_DISABLED,0.0000,0.0000,-18.1934,0.0000,0.00,5
TEL,1750,SAFE_DISABLED,0.0000,0.0000,-18.1934,0.0000,0.00,5
TEL,1850,SAFE_DISABLED,0.0000,0.0000,-18.1934,0.0000,0.00,5
TEL,1950,SAFE_DISABLED,0.0000,0.0000,-18.1934,0.0000,0.00,5
TEL,2050,SAFE_DISABLED,0.0000,0.0000,-18.1934,0.0000,0.00,5
TEL,2150,SAFE_DISABLED,0.0000,0.0000,-18.1934,0.0000,0.00,5
TEL,2250,SAFE_DISABLED,0.0000,0.0000,-18.1934,0.0000,0.00,5
TEL,2350,SAFE_DISABLED,0.0000,0.0000,-18.1934,0.0000,0.00,5
TEL,2450,SAFE_DISABLED,0.0000,0.0000,-18.1934,0.0000,0.00,5
TEL,2550,SAFE_DISABLED,0.0000,0.0000,-18.1934,0.0000,0.00,5
TEL,2650,SAFE_DISABLED,0.0000,0.0000,-18.1934,0.0000,0.00,5
TEL,2750,SAFE_DISABLED,0.0000,0.0000,-18.1934,0.0000,0.00,5
TEL,2850,SAFE_DISABLED,0.0000,0.0000,-18.1934,0.0000,0.00,5
TEL,2950,SAFE_DISABLED,0.0000,0.0000,-18.1934,0.0000,0.00,5
TEL,3050,SAFE_DISABLED,0.0000,0.0000,-18.1934,0.0000,0.00,5
TEL,3150,SAFE_DISABLED,0.0000,0.0000,-18.1934,0.0000,0.00,5
TEL,3250,SAFE_DISABLED,0.0000,0.0000,-18.1934,0.0000,0.00,5
TEL,3350,SAFE_DISABLED,0.0000,0.0000,-18.1934,0.0000,0.00,5
TEL,3450,SAFE_DISABLED,0.0000,0.0000,-18.1934,0.0000,0.00,5
TEL,3550,SAFE_DISABLED,0.0000,0.0000,-18.1934,0.0000,0.00,5
TEL,3650,SAFE_DISABLED,0.0000,0.0000,-18.1934,0.0000,0.00,5
TEL,3750,SAFE_DISABLED,0.0000,0.0000,-18.1934,0.0000,0.00,5
TEL,3850,SAFE_DISABLED,0.0000,0.0000,-18.1934,0.0000,0.00,5
TEL,3950,SAFE_DISABLED,0.0000,0.0000,-18.1934,0.0000,0.00,5
TEL,4050,SAFE_DISABLED,0.0000,0.0000,-18.1934,0.0000,0.00,5
TEL,4150,SAFE_DISABLED,0.0000,0.0000,-18.1934,0.0000,0.00,5
TEL,4250,SAFE_DISABLED,0.0000,0.0000,-18.1934,0.0000,0.00,5
TEL,4350,SAFE_DISABLED,0.0000,0.0000,-18.1934,0.0000,0.00,5
TEL,4450,SAFE_DISABLED,0.0000,0.0000,-18.1934,0.0000,0.00,5
TEL,4550,SAFE_DISABLED,0.0000,0.0000,-18.1934,0.0000,0.00,5
TEL,4651,SAFE_DISABLED,0.0000,0.0000,-18.1934,0.0000,0.00,5
TEL,4751,SAFE_DISABLED,0.0000,0.0000,-18.1934,0.0000,0.00,5
TEL,4851,SAFE_DISABLED,0.0000,0.0000,-18.1934,0.0000,0.00,5
TEL,4951,SAFE_DISABLED,0.0000,0.0000,-18.1934,0.0000,0.00,5
TEL,5051,SAFE_DISABLED,0.0000,0.0000,-18.1934,0.0000,0.00,5
TEL,5151,SAFE_DISABLED,0.0000,0.0000,-18.1934,0.0000,0.00,5
TEL,5251,SAFE_DISABLED,0.0000,0.0000,-18.1934,0.0000,0.00,5
TEL,5351,SAFE_DISABLED,0.0000,0.0000,-18.1934,0.0000,0.00,5
TEL,5451,SAFE_DISABLED,0.0000,0.0000,-18.1934,0.0000,0.00,5
TEL,5551,SAFE_DISABLED,0.0000,0.0000,-18.1934,0.0000,0.00,5
TEL,5651,SAFE_DISABLED,0.0000,0.0000,-18.1934,0.0000,0.00,5
TEL,5751,SAFE_DISABLED,0.0000,0.0000,-18.1934,0.0000,0.00,5
TEL,5851,SAFE_DISABLED,0.0000,0.0000,-18.1934,0.0000,0.00,5
TEL,5951,SAFE_DISABLED,0.0000,0.0000,-18.1934,0.0000,0.00,5
TEL,6051,SAFE_DISABLED,0.0000,0.0000,-18.1934,0.0000,0.00,5
TEL,6151,SAFE_DISABLED,0.0000,0.0000,-18.1934,0.0000,0.00,5
TEL,6251,SAFE_DISABLED,0.0000,0.0000,-18.1934,0.0000,0.00,5
TEL,6351,SAFE_DISABLED,0.0000,0.0000,-18.1934,0.0000,0.00,5
TEL,6451,SAFE_DISABLED,0.0000,0.0000,-18.1934,0.0000,0.00,5
TEL,6551,SAFE_DISABLED,0.0000,0.0000,-18.1934,0.0000,0.00,5
TEL,6651,SAFE_DISABLED,0.0000,0.0000,-18.1934,0.0000,0.00,5
OK,telemetry=0
OK,cal_zero_angle_set=330.468750
CAL_ZERO,as5600_zero_deg=330.468750,sonar_center_cm=15.372861,zero_calibrated=yes
OK,cal_zero_position_set=12.965398
CAL_ZERO,as5600_zero_deg=330.468750,sonar_center_cm=12.965398,zero_calibrated=yes
OK,cal_limit_down_set=-14.677735
OK,as5600_sign=1
CAL_LIMITS,lower_deg=14.677735,upper_deg=29.531250,limits_calibrated=yes
OK,cal_limit_up_set=-36.035156
OK,as5600_sign=-1,sonar_sign=-1
CAL_LIMITS,lower_deg=-14.677735,upper_deg=36.035156,limits_calibrated=yes
OK,driver_enabled
OK,stepper_sign=-1,delta=22.7098
INFO,sonar_near=1
SIGN_CAL_RESULT,74064,22.70984,-1,-1,12.1058,11.2072,-1
INFO,signs_applied_runtime
OK,cal_saved
OK,running
TEL,78790,RUNNING,-1.3720,-0.8853,1.7567,0.2671,-200.00,0
TEL,78891,RUNNING,-1.3720,-1.1335,0.2009,0.3516,40.63,0
TEL,78991,RUNNING,-1.0290,-1.1873,0.5330,-0.8031,113.93,0
TEL,79091,RUNNING,-0.4802,-0.9131,0.8527,0.3074,-486.07,0
TEL,79191,RUNNING,-0.0000,-0.3132,-4.2049,-2.2074,-207.64,0
TEL,79291,RUNNING,0.4116,-0.0300,-6.3894,0.0490,792.36,0
TEL,79391,RUNNING,0.8232,0.4225,0.6454,-3.0000,592.36,0
TEL,79491,RUNNING,0.8232,0.6413,6.8284,-0.1591,-407.64,0
TEL,79591,RUNNING,0.8232,0.6196,3.6903,-1.6791,-1407.64,0
TEL,79691,RUNNING,0.9604,0.7790,-7.1777,-0.2129,-407.64,0
TEL,79791,RUNNING,0.3430,0.6986,-12.5278,2.4595,592.36,0
TEL,79891,RUNNING,0.2058,0.4472,-7.2653,-0.1266,1592.36,0
TEL,79991,RUNNING,-0.0686,0.1083,7.4769,1.2948,992.36,0
TEL,80091,RUNNING,-0.0686,0.0181,18.8384,-0.0005,-7.64,0
TEL,80191,RUNNING,-0.0686,-0.0389,20.2587,0.2390,-1007.64,0
TEL,80291,RUNNING,0.3430,0.0694,10.4159,-0.0157,-2000.00,0
TEL,80391,RUNNING,1.2348,0.8005,-8.3472,-3.0000,-1200.00,0
TEL,80491,FAULT,1.7836,1.3019,-17.2938,-3.0000,0.00,4
TEL,80591,FAULT,1.7836,1.6184,-16.8723,-3.0000,0.00,4
TEL,80691,FAULT,1.6464,1.6327,-16.8014,-3.0000,0.00,4
TEL,80791,FAULT,1.2348,1.4750,-16.7895,-3.0000,0.00,4
TEL,80891,FAULT,0.9604,1.2270,-16.7875,-3.0000,0.00,4
TEL,80991,FAULT,0.0686,0.7598,-16.7872,-3.0000,0.00,4
TEL,81091,FAULT,-0.6860,0.0801,-16.7871,-3.0000,0.00,4
TEL,81191,FAULT,-2.1952,-0.9437,-16.7871,-3.0000,0.00,4
TEL,81291,FAULT,-3.7730,-2.1417,-16.7871,-3.0000,0.00,4
TEL,81391,FAULT,-4.5962,-3.5181,-16.7871,-3.0000,0.00,4
TEL,81491,FAULT,-5.1450,-4.2902,-16.7871,-3.0000,0.00,4
TEL,81591,FAULT,-8.9180,-7.3307,-16.7871,-3.0000,0.00,4
TEL,81691,FAULT,-10.6330,-9.0149,-16.7871,-3.0000,0.00,4
TEL,81792,FAULT,-11.0446,-10.2879,-16.7871,-3.0000,0.00,4
TEL,81892,FAULT,-11.0446,-10.6738,-16.7871,-3.0000,0.00,4
TEL,81992,FAULT,-11.8678,-11.3373,-16.7871,-3.0000,0.00,4
TEL,82092,FAULT,-12.6910,-12.0277,-16.7871,-3.0000,0.00,4
TEL,82192,FAULT,-12.6910,-12.4635,-16.7871,-3.0000,0.00,4
TEL,82292,FAULT,-12.6910,-12.5795,-16.7871,-3.0000,0.00,4
TEL,82392,FAULT,-12.6910,-12.5663,-16.7871,-3.0000,0.00,4
TEL,82492,FAULT,-12.6910,-12.6299,-16.7871,-3.0000,0.00,4
TEL,82592,FAULT,-12.6910,-12.5836,-16.7871,-3.0000,0.00,4
TEL,82692,FAULT,-13.1026,-12.7619,-16.7871,-3.0000,0.00,4
TEL,82792,FAULT,-12.6910,-12.7758,-16.7871,-3.0000,0.00,4
TEL,82892,FAULT,-12.6910,-12.7326,-16.7871,-3.0000,0.00,4
TEL,82992,FAULT,-13.5142,-13.1251,-16.7871,-3.0000,0.00,4
TEL,83092,FAULT,-12.6910,-12.9037,-16.7871,-3.0000,0.00,4
TEL,83192,FAULT,-12.6910,-12.7640,-16.7871,-3.0000,0.00,4
TEL,83292,FAULT,-13.5142,-12.9881,-16.7871,-3.0000,0.00,4
TEL,83392,FAULT,-12.6910,-12.8030,-16.7871,-3.0000,0.00,4
TEL,83492,FAULT,-12.6910,-12.7459,-16.7871,-3.0000,0.00,4
TEL,83592,FAULT,-12.2794,-12.5964,-16.7871,-3.0000,0.00,4
TEL,83692,FAULT,-12.6910,-12.6447,-16.7871,-3.0000,0.00,4
TEL,83792,FAULT,-12.6910,-12.6751,-16.7871,-3.0000,0.00,4
TEL,83892,FAULT,-12.6910,-12.6832,-16.7871,-3.0000,0.00,4
TEL,83992,FAULT,-12.6224,-12.6533,-16.7871,-3.0000,0.00,4
TEL,84092,FAULT,-12.2794,-12.5347,-16.7871,-3.0000,0.00,4
TEL,84192,FAULT,-12.2794,-12.3670,-16.7871,-3.0000,0.00,4
TEL,84292,FAULT,-12.2794,-12.3223,-16.7871,-3.0000,0.00,4
TEL,84392,FAULT,-12.2794,-12.2941,-16.7871,-3.0000,0.00,4
TEL,84492,FAULT,-12.2794,-12.2866,-16.7871,-3.0000,0.00,4
TEL,84592,FAULT,-12.2794,-12.2819,-16.7871,-3.0000,0.00,4
TEL,84692,FAULT,-12.2794,-12.2806,-16.7871,-3.0000,0.00,4
TEL,84792,FAULT,-12.2794,-12.2798,-16.7871,-3.0000,0.00,4
TEL,84892,FAULT,-12.2794,-12.2796,-16.7871,-3.0000,0.00,4
TEL,84992,FAULT,-12.2794,-12.2795,-16.7871,-3.0000,0.00,4
TEL,85092,FAULT,-12.2794,-12.2794,-16.7871,-3.0000,0.00,4
TEL,85192,FAULT,-12.2794,-12.2794,-16.7871,-3.0000,0.00,4
TEL,85292,FAULT,-12.2794,-12.2794,-16.7871,-3.0000,0.00,4
TEL,85392,FAULT,-12.2794,-12.2794,-16.7871,-3.0000,0.00,4
TEL,85492,FAULT,-12.2794,-12.2794,-16.7871,-3.0000,0.00,4
TEL,85592,FAULT,-12.2794,-12.2794,-16.7871,-3.0000,0.00,4
TEL,85692,FAULT,-12.2794,-12.2794,-16.7871,-3.0000,0.00,4
TEL,85792,FAULT,-12.2794,-12.2794,-16.7871,-3.0000,0.00,4
TEL,85892,FAULT,-12.2794,-12.2794,-16.7871,-3.0000,0.00,4
TEL,85992,FAULT,-12.2794,-12.2794,-16.7871,-3.0000,0.00,4
TEL,86092,FAULT,-12.2794,-12.2794,-16.7871,-3.0000,0.00,4
TEL,86192,FAULT,-12.6224,-12.3823,-16.7871,-3.0000,0.00,4
TEL,86292,FAULT,-12.6224,-12.5048,-16.7871,-3.0000,0.00,4
OK,telemetry=0
OK,stopped
OK,driver_disabled
OK,stopped
