BALL_BEAM_BOOT
HELP,keys
STATE,SAFE_DISABLED
SENSORS,angle=bad,pos=bad
MEAS,theta_deg=0.0000,x_cm=0.0000,x_filt_cm=0.0000
AGE,angle_ms=1,pos_ms=1
FAULTS,bits=0
CAL,zero_calibrated=yes,limits_calibrated=yes,sign_calibrated=yes
CAL_STORE,status=loaded
SONAR_CFG,s=-1,m=o,u=1
TEL,enabled=1
FAULT_INFO,bits=0
FAULT_INFO,mode=bringup_warning
FAULT_INFO,none
TEL,349,SAFE_DISABLED,-0.1907,-0.2148,0.0879,0.0000,0.00,0
TEL,449,SAFE_DISABLED,-0.1907,-0.2097,0.0879,0.0000,0.00,0
TEL,549,SAFE_DISABLED,-0.2250,-0.2025,0.0879,0.0000,0.00,0
TEL,649,SAFE_DISABLED,-0.2250,-0.2140,0.0879,0.0000,0.00,0
TEL,749,SAFE_DISABLED,-0.2250,-0.2213,0.0879,0.0000,0.00,0
TEL,849,SAFE_DISABLED,-0.2250,-0.2232,0.0879,0.0000,0.00,0
TEL,949,SAFE_DISABLED,-0.2250,-0.2244,0.0879,0.0000,0.00,0
TEL,1049,SAFE_DISABLED,-0.2250,-0.2247,0.0879,0.0000,0.00,0
TEL,1149,SAFE_DISABLED,-0.2250,-0.2249,0.0879,0.0000,0.00,0
TEL,1249,SAFE_DISABLED,-0.2250,-0.2250,0.0879,0.0000,0.00,0
TEL,1349,SAFE_DISABLED,-0.2250,-0.2250,0.0879,0.0000,0.00,0
TEL,1449,SAFE_DISABLED,-0.2250,-0.2250,0.0879,0.0000,0.00,0
TEL,1549,SAFE_DISABLED,-0.2250,-0.2250,0.0879,0.0000,0.00,0
TEL,1649,SAFE_DISABLED,-0.2250,-0.2250,0.0879,0.0000,0.00,0
TEL,1750,SAFE_DISABLED,-0.2250,-0.2250,0.0879,0.0000,0.00,0
TEL,1850,SAFE_DISABLED,-0.2250,-0.2250,0.0879,0.0000,0.00,0
TEL,1950,SAFE_DISABLED,-0.2250,-0.2250,0.0879,0.0000,0.00,0
TEL,2050,SAFE_DISABLED,-0.1564,-0.2045,0.0879,0.0000,0.00,0
TEL,2150,SAFE_DISABLED,-0.1564,-0.1729,0.0879,0.0000,0.00,0
STATE,SAFE_DISABLED
SENSORS,angle=ok,pos=ok
MEAS,theta_deg=0.0879,x_cm=-0.1564,x_filt_cm=-0.1680
AGE,angle_ms=9,pos_ms=42
FAULTS,bits=0
CAL,zero_calibrated=yes,limits_calibrated=yes,sign_calibrated=yes
CAL_STORE,status=loaded
SONAR_CFG,s=-1,m=o,u=1
TEL,enabled=1
FAULT_INFO,bits=0
FAULT_INFO,mode=bringup_warning
FAULT_INFO,none
TEL,2254,SAFE_DISABLED,-0.2250,-0.1827,0.0879,0.0000,0.00,0
TEL,2354,SAFE_DISABLED,-0.2250,-0.2043,0.0879,0.0000,0.00,0
TEL,2455,SAFE_DISABLED,-0.2250,-0.2179,0.0879,0.0000,0.00,0
TEL,2555,SAFE_DISABLED,-0.2250,-0.2216,0.0879,0.0000,0.00,0
TEL,2655,SAFE_DISABLED,-0.2250,-0.2238,0.0879,0.0000,0.00,0
TEL,2756,SAFE_DISABLED,-0.2250,-0.2245,0.0879,0.0000,0.00,0
TEL,2856,SAFE_DISABLED,-0.2250,-0.2248,0.0879,0.0000,0.00,0
TEL,2956,SAFE_DISABLED,-0.2250,-0.2249,0.0879,0.0000,0.00,0
TEL,3056,SAFE_DISABLED,-0.1564,-0.2044,0.0879,0.0000,0.00,0
TEL,3158,SAFE_DISABLED,-0.1564,-0.1800,0.0879,0.0000,0.00,0
TEL,3258,SAFE_DISABLED,-0.1564,-0.1645,0.0879,0.0000,0.00,0
TEL,3358,SAFE_DISABLED,-0.1564,-0.1604,0.0879,0.0000,0.00,0
TEL,3458,SAFE_DISABLED,-0.2250,-0.1784,0.0879,0.0000,0.00,0
TEL,3558,SAFE_DISABLED,-0.2250,-0.2022,0.0879,0.0000,0.00,0
TEL,3658,SAFE_DISABLED,-0.2250,-0.2172,0.0879,0.0000,0.00,0
TEL,3758,SAFE_DISABLED,-0.2250,-0.2212,0.0879,0.0000,0.00,0
TEL,3858,SAFE_DISABLED,-0.2250,-0.2237,0.0879,0.0000,0.00,0
TEL,3958,SAFE_DISABLED,-0.2250,-0.2244,0.0879,0.0000,0.00,0
TEL,4058,SAFE_DISABLED,-0.2250,-0.2248,0.0879,0.0000,0.00,0
TEL,4158,SAFE_DISABLED,-0.2250,-0.2249,0.0879,0.0000,0.00,0
TEL,4258,SAFE_DISABLED,-0.2250,-0.2250,0.0879,0.0000,0.00,0
TEL,4358,SAFE_DISABLED,-0.2250,-0.2250,0.0879,0.0000,0.00,0
TEL,4458,SAFE_DISABLED,-0.2250,-0.2250,0.0879,0.0000,0.00,0
TEL,4558,SAFE_DISABLED,-0.2250,-0.2250,0.0879,0.0000,0.00,0
TEL,4658,SAFE_DISABLED,-0.2250,-0.2250,0.0879,0.0000,0.00,0
TEL,4758,SAFE_DISABLED,-0.2250,-0.2250,0.0879,0.0000,0.00,0
OK,driver_enabled
TEL,4858,SAFE_DISABLED,-0.2250,-0.2250,-0.4131,0.0000,0.00,0
TEL,4958,SAFE_DISABLED,-0.2250,-0.2250,-1.3856,0.0000,0.00,0
TEL,5058,SAFE_DISABLED,-0.2250,-0.2250,-1.5490,0.0000,0.00,0
TEL,5158,SAFE_DISABLED,-0.2250,-0.2250,-1.5765,0.0000,0.00,0
TEL,5258,SAFE_DISABLED,-0.1564,-0.2045,-1.5811,0.0000,0.00,0
TEL,5358,SAFE_DISABLED,-0.1564,-0.1800,-1.5819,0.0000,0.00,0
TEL,5458,SAFE_DISABLED,0.1866,0.0104,-1.5820,0.0000,0.00,0
TEL,5558,SAFE_DISABLED,0.1866,0.1003,-1.5820,0.0000,0.00,0
TEL,5658,SAFE_DISABLED,0.1866,0.1570,-1.5820,0.0000,0.00,0
TEL,5758,SAFE_DISABLED,0.1866,0.1721,-1.5820,0.0000,0.00,0
TEL,5858,SAFE_DISABLED,0.1866,0.1816,-1.5820,0.0000,0.00,0
TEL,5958,SAFE_DISABLED,0.1866,0.1841,-1.5820,0.0000,0.00,0
TEL,6059,SAFE_DISABLED,0.1866,0.1857,-1.5820,0.0000,0.00,0
TEL,6159,SAFE_DISABLED,0.1866,0.1862,-1.5820,0.0000,0.00,0
TEL,6259,SAFE_DISABLED,0.1866,0.1864,-1.5820,0.0000,0.00,0
TEL,6359,SAFE_DISABLED,0.1866,0.1865,-1.5820,0.0000,0.00,0
TEL,6459,SAFE_DISABLED,0.1866,0.1865,-1.5820,0.0000,0.00,0
TEL,6559,SAFE_DISABLED,0.1866,0.1865,-1.5820,0.0000,0.00,0
TEL,6659,SAFE_DISABLED,0.1866,0.1866,-1.5820,0.0000,0.00,0
TEL,6759,SAFE_DISABLED,0.1866,0.1866,-1.5820,0.0000,0.00,0
TEL,6859,SAFE_DISABLED,0.1866,0.1866,-1.5820,0.0000,0.00,0
TEL,6959,SAFE_DISABLED,0.1866,0.1866,-1.5820,0.0000,0.00,0
TEL,7059,SAFE_DISABLED,0.1866,0.1866,-1.5820,0.0000,0.00,0
TEL,7159,SAFE_DISABLED,0.1866,0.1866,-1.5820,0.0000,0.00,0
TEL,7259,SAFE_DISABLED,0.1866,0.1866,-1.5820,0.0000,0.00,0
TEL,7359,SAFE_DISABLED,0.1866,0.1866,-1.5820,0.0000,0.00,0
TEL,7459,SAFE_DISABLED,0.1866,0.1866,-1.5820,0.0000,0.00,0
TEL,7559,SAFE_DISABLED,0.1866,0.1866,-1.5820,0.0000,0.00,0
TEL,7659,SAFE_DISABLED,0.1866,0.1866,-1.5820,0.0000,0.00,0
TEL,7759,SAFE_DISABLED,0.2552,0.2071,-1.5820,0.0000,0.00,0
TEL,7859,SAFE_DISABLED,0.1866,0.2181,-1.5820,0.0000,0.00,0
TEL,7959,SAFE_DISABLED,0.2552,0.2370,-1.5820,0.0000,0.00,0
TEL,8059,SAFE_DISABLED,0.1866,0.2139,-1.5820,0.0000,0.00,0
TEL,8159,SAFE_DISABLED,0.1866,0.2000,-1.5820,0.0000,0.00,0
TEL,8259,SAFE_DISABLED,0.1866,0.1912,-1.5820,0.0000,0.00,0
TEL,8359,SAFE_DISABLED,0.1866,0.1888,-1.5820,0.0000,0.00,0
TEL,8459,SAFE_DISABLED,0.1866,0.1873,-1.5820,0.0000,0.00,0
TEL,8559,SAFE_DISABLED,0.1866,0.1869,-1.5820,0.0000,0.00,0
TEL,8659,SAFE_DISABLED,0.1866,0.1867,-1.5820,0.0000,0.00,0
TEL,8759,SAFE_DISABLED,0.1866,0.1866,-1.5820,0.0000,0.00,0
TEL,8859,SAFE_DISABLED,0.1866,0.1866,-1.5820,0.0000,0.00,0
TEL,8960,SAFE_DISABLED,0.1866,0.1866,-1.5820,0.0000,0.00,0
TEL,9060,SAFE_DISABLED,0.1866,0.1866,-1.5820,0.0000,0.00,0
TEL,9160,SAFE_DISABLED,0.1866,0.1866,-1.5820,0.0000,0.00,0
TEL,9260,SAFE_DISABLED,0.1866,0.1866,-1.5820,0.0000,0.00,0
TEL,9360,SAFE_DISABLED,0.1866,0.1866,-1.5820,0.0000,0.00,0
TEL,9460,SAFE_DISABLED,0.1866,0.1866,-1.5820,0.0000,0.00,0
TEL,9560,SAFE_DISABLED,0.1866,0.1866,-1.5820,0.0000,0.00,0
TEL,9660,SAFE_DISABLED,0.1866,0.1866,-1.5820,0.0000,0.00,0
TEL,9760,SAFE_DISABLED,0.1866,0.1866,-1.5820,0.0000,0.00,0
TEL,9860,SAFE_DISABLED,0.1866,0.1866,-1.5820,0.0000,0.00,0
TEL,9960,SAFE_DISABLED,0.1866,0.1866,-1.5820,0.0000,0.00,0
TEL,10060,SAFE_DISABLED,0.1866,0.1866,-1.5820,0.0000,0.00,0
TEL,10160,SAFE_DISABLED,0.1866,0.1866,-1.5820,0.0000,0.00,0
TEL,10260,SAFE_DISABLED,0.1866,0.1866,-1.5820,0.0000,0.00,0
OK,running
TEL,10360,RUNNING,0.1866,0.1866,-1.4133,-0.0830,94.84,0
TEL,10460,RUNNING,0.1866,0.1866,-0.5773,-0.0861,54.74,0
TEL,10560,RUNNING,0.1866,0.1866,0.0660,-0.0892,16.66,0
TEL,10660,RUNNING,0.1866,0.1866,0.3613,-0.0924,-5.86,0
TEL,10760,RUNNING,0.1866,0.1866,0.4000,-0.0955,-14.67,0
TEL,10860,RUNNING,0.1866,0.1866,0.3597,-0.0986,-18.34,0
TEL,10960,RUNNING,0.1866,0.1866,0.2221,-0.1017,-14.97,0
TEL,11060,RUNNING,0.1866,0.1866,0.0527,-0.1048,-7.69,0
TEL,11160,RUNNING,0.1866,0.1866,-0.0643,-0.1079,-1.75,0
TEL,11260,RUNNING,0.1866,0.1866,-0.1507,-0.1110,3.38,0
TEL,11360,RUNNING,0.1866,0.1866,-0.1716,-0.1142,5.12,0
TEL,11460,RUNNING,0.1866,0.1866,-0.1751,-0.1173,5.88,0
TEL,11560,RUNNING,0.1866,0.1866,-0.1089,-0.1204,1.91,0
TEL,11660,RUNNING,0.1866,0.1866,-0.0914,-0.1235,0.34,0
TEL,11760,RUNNING,0.1866,0.1866,-0.0621,-0.1266,-2.14,0
TEL,11860,RUNNING,0.1866,0.1866,-0.0836,-0.1297,-1.67,0
TEL,11960,RUNNING,0.1866,0.1866,-0.0781,-0.1328,-2.93,0
TEL,12060,RUNNING,0.1866,0.1866,-0.0709,-0.1359,-4.55,0
TEL,12160,RUNNING,0.1866,0.1866,-0.0850,-0.1391,-4.60,0
TEL,12260,RUNNING,0.1866,0.1866,-0.1322,-0.1422,-2.44,0
TEL,12360,RUNNING,0.1866,0.1866,-0.1685,-0.1453,-0.26,0
TEL,12460,RUNNING,0.1866,0.1866,-0.1746,-0.1484,0.25,0
TEL,12560,RUNNING,0.1866,0.1866,-0.1756,-0.1515,0.44,0
TEL,12660,RUNNING,0.1866,0.1866,-0.1757,-0.1546,0.54,0
TEL,12760,RUNNING,0.1866,0.1866,-0.1758,-0.1577,0.60,0
TEL,12860,RUNNING,0.1866,0.1866,-0.1758,-0.1609,0.62,0
TEL,12960,RUNNING,0.1866,0.1866,-0.1758,-0.1640,0.60,0
TEL,13060,RUNNING,0.1866,0.1866,-0.1758,-0.1671,0.53,0
TEL,13160,RUNNING,0.1866,0.1866,-0.1758,-0.1702,0.43,0
TEL,13260,RUNNING,0.1866,0.1866,-0.1758,-0.1733,0.29,0
TEL,13360,RUNNING,0.1866,0.1866,-0.1758,-0.1764,0.11,0
TEL,13460,RUNNING,0.1866,0.1866,-0.1758,-0.1795,-0.11,0
TEL,13560,RUNNING,0.1866,0.1866,-0.1758,-0.1827,-0.37,0
TEL,13660,RUNNING,0.1866,0.1866,-0.1758,-0.1858,-0.67,0
TEL,13760,RUNNING,0.2552,0.2071,-0.1758,-0.1979,-2.68,0
TEL,13860,RUNNING,0.2552,0.2387,-0.2599,-0.3630,-9.27,0
TEL,13960,RUNNING,0.2552,0.2471,-0.3625,-0.2230,6.20,0
TEL,14060,RUNNING,0.1180,0.1723,-0.3553,0.2933,43.18,0
TEL,14160,RUNNING,0.1180,0.1446,-0.1950,-0.1848,7.14,0
TEL,14260,RUNNING,0.1866,0.1477,-0.0795,-0.5370,-21.96,0
TEL,14360,RUNNING,0.1866,0.1675,-0.0134,-0.1996,-8.73,0
TEL,14460,RUNNING,0.1866,0.1800,-0.0690,-0.2666,-12.11,0
TEL,14560,RUNNING,0.1866,0.1834,-0.1515,-0.2125,-5.19,0
TEL,14660,RUNNING,0.1866,0.1855,-0.2385,-0.2263,-1.01,0
TEL,14760,RUNNING,0.1866,0.1860,-0.2594,-0.2198,1.06,0
TEL,14860,RUNNING,0.1866,0.1864,-0.2630,-0.2247,1.47,0
TEL,14960,RUNNING,0.1866,0.1865,-0.2636,-0.2262,1.89,0
TEL,15060,RUNNING,0.1866,0.1865,-0.2637,-0.2296,2.14,0
TEL,15160,RUNNING,0.1866,0.1865,-0.2637,-0.2325,2.38,0
TEL,15260,RUNNING,0.1866,0.1866,-0.2637,-0.2356,2.56,0
TEL,15360,RUNNING,0.1866,0.1866,-0.2637,-0.2387,2.70,0
TEL,15460,RUNNING,0.1866,0.1866,-0.2637,-0.2418,2.81,0
TEL,15560,RUNNING,0.1866,0.1866,-0.2637,-0.2449,2.87,0
TEL,15660,RUNNING,0.1866,0.1866,-0.1969,-0.2480,-1.63,0
TEL,15760,RUNNING,0.1866,0.1866,-0.1793,-0.2512,-3.70,0
TEL,15860,RUNNING,0.1866,0.1866,-0.1764,-0.2543,-5.03,0
TEL,15960,RUNNING,0.1180,0.1516,-0.1759,-0.2419,-3.35,0
TEL,16060,RUNNING,0.1180,0.1295,-0.2426,-0.1313,8.23,0
TEL,16160,RUNNING,0.1180,0.1236,-0.2601,-0.2342,3.66,0
TEL,16260,RUNNING,0.1180,0.1199,-0.2631,-0.2173,5.41,0
TEL,16360,RUNNING,0.1866,0.1395,-0.1905,-0.2452,-2.06,0
TEL,16460,RUNNING,0.1180,0.1498,-0.2360,0.0334,16.35,0
TEL,16560,RUNNING,0.1866,0.1542,-0.2590,-0.2566,0.02,0
TEL,16660,RUNNING,0.1866,0.1754,-0.2629,-0.3683,-7.64,0
TEL,16760,RUNNING,0.1866,0.1811,-0.3084,-0.2741,0.55,0
TEL,16860,RUNNING,0.1866,0.1827,-0.3443,-0.2778,3.14,0
TEL,16960,RUNNING,0.1866,0.1827,-0.3503,-0.2809,4.20,0
TEL,17060,RUNNING,0.1866,0.1853,-0.3514,-0.2968,4.02,0
TEL,17160,RUNNING,-0.3622,-0.0508,-0.1778,-0.1840,13.64,0
TEL,17260,RUNNING,-0.6366,-0.3521,0.4886,2.5003,146.96,0
TEL,17360,RUNNING,-1.0482,-0.6639,1.1270,0.0933,-24.02,0
TEL,17460,RUNNING,-1.4598,-1.1134,1.7406,3.4090,139.59,0
TEL,17560,RUNNING,-2.7632,-1.7099,2.2258,0.5784,-64.52,0
TEL,17660,RUNNING,-2.9690,-2.5069,2.3483,4.0000,139.51,0
TEL,17760,RUNNING,-3.8424,-3.0190,2.7293,1.1852,-57.47,0
TEL,17860,RUNNING,-4.5970,-3.8218,2.9750,4.0000,98.15,0
TEL,17960,RUNNING,-5.5072,-4.5085,3.2349,1.8921,-50.98,0
TEL,18060,RUNNING,-5.9690,-5.3946,3.4531,4.0000,61.43,0
TEL,18160,RUNNING,-6.8608,-5.9695,3.5051,2.6129,-30.66,0
TEL,18260,RUNNING,-7.6840,-6.8780,3.5587,4.0000,49.82,0
TEL,18360,RUNNING,-8.7632,-7.7857,3.5646,3.5129,20.25,0
TEL,18460,RUNNING,-8.7632,-8.4279,3.7613,4.0000,40.76,0
TEL,18560,RUNNING,-9.8608,-8.9714,4.1246,4.0000,18.72,0
TEL,18660,RUNNING,-11.4754,-10.2662,4.3692,4.0000,0.42,0
TEL,18760,RUNNING,-11.9690,-11.0914,4.4634,4.0000,-10.80,0
TEL,18860,RUNNING,-13.2222,-12.4382,4.4792,4.0000,-17.75,0
TEL,18960,RUNNING,-13.2222,-12.8381,4.3887,4.0000,-17.81,0
TEL,19060,RUNNING,-13.6840,-13.2290,4.2088,4.0000,-10.56,0
TEL,19160,RUNNING,-14.4938,-13.8702,4.0862,4.0000,-4.88,0
TEL,19260,RUNNING,-11.4754,-12.2996,3.5079,-1.6879,-220.56,0
TEL,19360,RUNNING,-11.4938,-11.8886,2.3674,4.0000,47.67,0
TEL,19460,RUNNING,-14.4754,-13.1499,1.9963,4.0000,92.84,0
TEL,19560,RUNNING,-11.4938,-12.9314,2.7730,4.0000,45.36,0
TEL,19660,RUNNING,-14.4754,-13.5076,2.9007,4.0000,33.87,0
TEL,19760,RUNNING,-11.4754,-12.4712,2.7550,4.0000,19.25,0
TEL,19860,RUNNING,-11.4754,-11.8170,1.8553,2.8387,6.13,0
TEL,19960,RUNNING,-11.4754,-11.6428,1.9570,4.0000,97.23,0
TEL,20060,RUNNING,-8.4754,-10.6328,2.8856,-4.0000,-130.94,0
TEL,20160,RUNNING,-8.4754,-10.6328,3.1748,4.0000,33.86,0
TEL,20260,RUNNING,-8.4754,-9.9856,3.4501,-4.0000,-171.76,0
TEL,20360,RUNNING,-8.4754,-9.2154,3.1728,4.0000,-9.82,0
TEL,20460,RUNNING,-5.4754,-6.7583,1.9761,-4.0000,-209.82,0
TEL,20560,RUNNING,-3.9754,-5.6540,0.7219,3.5876,-9.82,0
TEL,20660,RUNNING,-2.4754,-3.5657,-0.4851,-4.0000,-209.82,0
TEL,20760,RUNNING,-2.4754,-3.0097,-1.8244,2.5700,53.48,0
TEL,20860,RUNNING,-0.3622,-1.4181,-2.6621,-4.0000,-146.52,0
TEL,20960,RUNNING,0.3924,-0.5092,-3.1696,1.5380,78.07,0
TEL,21060,RUNNING,1.0098,0.3310,-3.3843,-4.0000,-68.27,0
TEL,21160,RUNNING,1.0098,0.6772,-3.2965,1.0178,262.02,0
TEL,21260,RUNNING,1.0098,0.9447,-1.9666,0.3041,168.95,0
TEL,21360,RUNNING,1.0098,1.0067,-0.2132,0.8443,114.32,0
TEL,21460,RUNNING,0.8726,0.9286,1.1163,1.3647,72.72,0
TEL,21560,RUNNING,0.8726,0.9286,1.9408,0.8464,-18.62,0
TEL,21660,RUNNING,0.4610,0.7883,2.0830,3.8268,144.46,0
TEL,21760,RUNNING,0.4610,0.7883,2.0813,0.8788,-48.52,0
TEL,21860,RUNNING,0.4610,0.7883,1.6382,0.8683,0.00,0
TEL,21960,RUNNING,0.4610,0.7883,1.3721,0.8683,0.00,0
TEL,22060,RUNNING,0.4610,0.7883,1.3274,0.8683,0.00,0
TEL,22160,RUNNING,0.4610,0.7883,1.3199,0.8683,0.00,0
TEL,22260,RUNNING,0.4610,0.7883,1.3186,0.8683,0.00,0
TEL,22360,RUNNING,0.4610,0.7883,1.3184,0.8683,0.00,0
TEL,22460,RUNNING,0.4610,0.7883,1.3184,0.8683,0.00,0
TEL,22560,RUNNING,0.4610,0.7883,1.3184,0.8683,0.00,0
TEL,22660,RUNNING,0.4610,0.7883,1.3184,0.8683,0.00,0
TEL,22760,RUNNING,0.4610,0.7883,1.3184,0.8683,0.00,0
TEL,22860,RUNNING,0.4610,0.7883,1.3184,0.8683,0.00,0
TEL,22960,RUNNING,0.4610,0.7883,1.3184,0.8683,0.00,0
TEL,23060,RUNNING,0.4610,0.7883,1.3184,0.8683,0.00,0
TEL,23160,FAULT,0.4610,0.7883,1.3184,0.8683,0.00,1
TEL,23260,FAULT,0.4610,0.7883,1.3184,0.8683,0.00,1
TEL,23360,FAULT,0.4610,0.7883,1.3184,0.8683,0.00,1
TEL,23460,FAULT,0.4610,0.7883,1.3184,0.8683,0.00,1
TEL,23560,FAULT,0.4610,0.7883,1.3184,0.8683,0.00,1
TEL,23660,FAULT,0.3581,0.4032,1.3184,0.8683,0.00,0
TEL,23760,FAULT,0.2209,0.1734,1.3184,0.8683,0.00,0
TEL,23860,FAULT,0.8726,0.6615,1.3184,0.8683,0.00,0
TEL,23960,FAULT,0.8726,0.7476,1.3184,0.8683,0.00,0
TEL,24060,FAULT,1.3528,1.0515,1.3184,0.8683,0.00,0
TEL,24160,FAULT,1.3528,1.2052,1.3184,0.8683,0.00,0
TEL,24260,FAULT,0.6668,0.9523,1.3184,0.8683,0.00,0
TEL,24360,FAULT,1.0098,0.9096,1.3184,0.8683,0.00,0
TEL,24460,FAULT,1.0098,0.9754,1.3184,0.8683,0.00,0
TEL,24560,FAULT,0.5982,0.7974,1.3184,0.8683,0.00,0
TEL,24660,FAULT,0.5982,0.6665,1.3184,0.8683,0.00,0
TEL,24760,FAULT,0.6668,0.6666,1.3184,0.8683,0.00,0
TEL,24860,FAULT,0.6668,0.6667,1.3184,0.8683,0.00,0
TEL,24960,FAULT,1.1470,0.8108,1.3184,0.8683,0.00,0
TEL,25060,FAULT,1.1470,1.0317,1.3184,0.8683,0.00,0
TEL,25160,FAULT,1.2842,1.1316,1.3184,0.8683,0.00,0
TEL,25260,FAULT,1.1470,1.1619,1.3184,0.8683,0.00,0
TEL,25360,FAULT,0.9412,1.0493,1.3184,0.8683,0.00,0
TEL,25460,FAULT,0.9412,0.9942,1.3184,0.8683,0.00,0
TEL,25560,FAULT,0.9412,0.9942,1.3184,0.8683,0.00,0
TEL,25660,FAULT,0.9412,0.9942,1.3184,0.8683,0.00,0
TEL,25760,FAULT,0.9412,0.9942,1.3184,0.8683,0.00,0
TEL,25860,FAULT,-1.3912,-0.2057,1.3184,0.8683,0.00,0
TEL,25960,FAULT,-1.3912,-0.2057,1.3184,0.8683,0.00,0
TEL,26060,FAULT,-1.5627,-0.6128,1.3184,0.8683,0.00,0
TEL,26160,FAULT,-1.5627,-1.0613,1.3184,0.8683,0.00,0
TEL,26260,FAULT,-1.5627,-1.0613,1.3184,0.8683,0.00,0
TEL,26360,FAULT,-1.5627,-1.0613,1.3184,0.8683,0.00,0
TEL,26460,FAULT,-1.5627,-1.0613,1.3184,0.8683,0.00,0
TEL,26560,FAULT,-1.5627,-1.0613,1.3184,0.8683,0.00,0
TEL,26660,FAULT,-1.5627,-1.0613,1.3184,0.8683,0.00,0
TEL,26760,FAULT,-1.5627,-1.0613,1.3184,0.8683,0.00,0
TEL,26860,FAULT,-1.5627,-1.0613,1.3184,0.8683,0.00,0
TEL,26960,FAULT,-1.5627,-1.0613,1.3184,0.8683,0.00,0
TEL,27060,FAULT,-1.5627,-1.0613,1.3184,0.8683,0.00,0
TEL,27160,FAULT,-1.5627,-1.0613,1.3184,0.8683,0.00,1
TEL,27260,FAULT,-1.5627,-1.0613,1.3184,0.8683,0.00,1
TEL,27360,FAULT,-1.5627,-1.0613,1.3184,0.8683,0.00,1
TEL,27460,FAULT,-1.5627,-1.0613,1.3184,0.8683,0.00,1
TEL,27560,FAULT,-1.5627,-1.0613,1.3184,0.8683,0.00,1
TEL,27660,FAULT,-1.5627,-1.0613,1.3184,0.8683,0.00,1
TEL,27760,FAULT,-1.5627,-1.0613,1.3184,0.8683,0.00,1
TEL,27860,FAULT,-1.5627,-1.0613,1.3184,0.8683,0.00,1
TEL,27960,FAULT,-1.5627,-1.0613,1.3093,0.8683,0.00,1
TEL,28060,FAULT,-1.5627,-1.0613,1.3168,0.8683,0.00,1
TEL,28160,FAULT,-1.5627,-1.0613,1.3181,0.8683,0.00,1
TEL,28260,FAULT,-1.5627,-1.0613,1.3183,0.8683,0.00,1
TEL,28360,FAULT,-1.5627,-1.0613,1.3184,0.8683,0.00,1
TEL,28460,FAULT,-1.5627,-1.0613,1.3184,0.8683,0.00,1
TEL,28560,FAULT,-1.5627,-1.0613,1.3184,0.8683,0.00,1
TEL,28660,FAULT,-1.5627,-1.0613,1.3184,0.8683,0.00,1
TEL,28760,FAULT,-1.5627,-1.0613,1.3184,0.8683,0.00,1
TEL,28860,FAULT,-1.5627,-1.0613,1.3184,0.8683,0.00,1
TEL,28960,FAULT,-1.5627,-1.0613,1.3184,0.8683,0.00,1
TEL,29060,FAULT,-1.5627,-1.0613,1.3184,0.8683,0.00,1
TEL,29160,FAULT,-1.5627,-1.0613,1.3184,0.8683,0.00,1
TEL,29260,FAULT,-1.5627,-1.0613,1.3184,0.8683,0.00,1
TEL,29360,FAULT,-1.5627,-1.0613,1.3184,0.8683,0.00,1
TEL,29460,FAULT,-1.5627,-1.0613,1.3184,0.8683,0.00,1
TEL,29560,FAULT,-1.5627,-1.0613,1.3184,0.8683,0.00,1
TEL,29660,FAULT,-1.5627,-1.0613,1.3184,0.8683,0.00,1
TEL,29760,FAULT,-1.5627,-1.0613,1.3184,0.8683,0.00,1
TEL,29860,FAULT,-1.5627,-1.0613,1.3184,0.8683,0.00,1
TEL,29960,FAULT,-1.5627,-1.0613,1.3184,0.8683,0.00,1
TEL,30060,FAULT,-1.5627,-1.0613,1.3184,0.8683,0.00,1
TEL,30160,FAULT,-1.5627,-1.0613,1.3184,0.8683,0.00,1
TEL,30260,FAULT,-1.5627,-1.0613,1.3184,0.8683,0.00,1
TEL,30360,FAULT,-1.5627,-1.0613,1.3184,0.8683,0.00,1
TEL,30460,FAULT,-1.5627,-1.0613,1.3184,0.8683,0.00,1
TEL,30560,FAULT,-1.5627,-1.0613,1.3184,0.8683,0.00,1
TEL,30660,FAULT,-1.5627,-1.0613,1.3184,0.8683,0.00,1
TEL,30760,FAULT,-1.5627,-1.0613,1.3184,0.8683,0.00,1
TEL,30860,FAULT,-1.5627,-1.0613,1.3184,0.8683,0.00,1
TEL,30960,FAULT,-1.5627,-1.0613,1.3184,0.8683,0.00,1
TEL,31060,FAULT,-1.5627,-1.0613,1.3184,0.8683,0.00,1
TEL,31160,FAULT,-1.5627,-1.0613,1.3184,0.8683,0.00,1
TEL,31260,FAULT,-1.5627,-1.0613,1.3184,0.8683,0.00,1
TEL,31360,FAULT,-1.5627,-1.0613,1.3184,0.8683,0.00,1
TEL,31460,FAULT,-1.5627,-1.0613,1.3184,0.8683,0.00,1
TEL,31560,FAULT,-1.5627,-1.0613,1.3184,0.8683,0.00,1
TEL,31660,FAULT,-1.5627,-1.0613,1.3184,0.8683,0.00,1
TEL,31760,FAULT,-1.5627,-1.0613,1.3184,0.8683,0.00,1
TEL,31860,FAULT,-1.5627,-1.0613,1.3184,0.8683,0.00,1
TEL,31960,FAULT,-1.5627,-1.0613,1.3184,0.8683,0.00,1
TEL,32060,FAULT,-1.5627,-1.0613,1.3184,0.8683,0.00,1
TEL,32160,FAULT,-1.5627,-1.0613,1.3184,0.8683,0.00,1
TEL,32260,FAULT,-1.5627,-1.0613,1.3184,0.8683,0.00,1
TEL,32360,FAULT,-1.5627,-1.0613,1.3184,0.8683,0.00,1
TEL,32460,FAULT,-1.5627,-1.0613,1.3184,0.8683,0.00,1
TEL,32560,FAULT,-1.5627,-1.0613,1.3184,0.8683,0.00,1
TEL,32660,FAULT,-1.5627,-1.0613,1.3184,0.8683,0.00,1
TEL,32760,FAULT,-1.5627,-1.0613,1.3184,0.8683,0.00,1
TEL,32860,FAULT,-1.5627,-1.0613,1.3184,0.8683,0.00,1
TEL,32960,FAULT,-1.5627,-1.0613,1.3184,0.8683,0.00,1
TEL,33060,FAULT,-1.5627,-1.0613,1.3184,0.8683,0.00,1
TEL,33160,FAULT,-1.5627,-1.0613,1.3184,0.8683,0.00,1
TEL,33260,FAULT,-1.5627,-1.0613,1.3184,0.8683,0.00,1
TEL,33360,FAULT,-1.5627,-1.0613,1.3184,0.8683,0.00,1
TEL,33460,FAULT,-1.5627,-1.0613,1.3184,0.8683,0.00,1
TEL,33560,FAULT,-1.5627,-1.0613,1.3184,0.8683,0.00,1
TEL,33660,FAULT,-1.5627,-1.0613,1.2920,0.8683,0.00,1
TEL,33760,FAULT,-1.5627,-1.0613,1.2746,0.8683,0.00,1
TEL,33860,FAULT,-1.5627,-1.0613,1.3110,0.8683,0.00,1
TEL,33960,FAULT,-1.5627,-1.0613,1.2987,0.8683,0.00,1
TEL,34060,FAULT,-1.5627,-1.0613,1.3060,0.8683,0.00,1
TEL,34160,FAULT,-1.5627,-1.0613,1.2786,0.8683,0.00,1
TEL,34260,FAULT,-1.5627,-1.0613,1.3117,0.8683,0.00,1
TEL,34360,FAULT,-1.5627,-1.0613,1.2897,0.8683,0.00,1
TEL,34460,FAULT,-1.5627,-1.0613,1.3072,0.8683,0.00,1
TEL,34560,FAULT,-1.5627,-1.0613,1.2772,0.8683,0.00,1
TEL,34660,FAULT,-1.5627,-1.0613,1.2985,0.8683,0.00,1
TEL,34760,FAULT,-1.5627,-1.0613,1.3021,0.8683,0.00,1
TEL,34860,FAULT,-1.5627,-1.0613,1.2708,0.8683,0.00,1
TEL,34960,FAULT,-1.5627,-1.0613,1.2919,0.8683,0.00,1
TEL,35060,FAULT,-1.5627,-1.0613,1.3139,0.8683,0.00,1
TEL,35160,FAULT,-1.5627,-1.0613,1.2992,0.8683,0.00,1
TEL,35260,FAULT,-1.5627,-1.0613,1.2998,0.8683,0.00,1
TEL,35360,FAULT,-1.5627,-1.0613,1.3152,0.8683,0.00,1
TEL,35460,FAULT,-1.5627,-1.0613,1.2994,0.8683,0.00,1
TEL,35560,FAULT,-1.5627,-1.0613,1.3088,0.8683,0.00,1
TEL,35660,FAULT,-1.5627,-1.0613,1.2775,0.8683,0.00,1
TEL,35760,FAULT,-1.5627,-1.0613,1.3052,0.8683,0.00,1
TEL,35860,FAULT,-1.5627,-1.0613,1.2713,0.8683,0.00,1
TEL,35960,FAULT,-1.5627,-1.0613,1.3105,0.8683,0.00,1
TEL,36060,FAULT,-1.5627,-1.0613,1.2722,0.8683,0.00,1
TEL,36160,FAULT,-1.5627,-1.0613,1.2658,0.8683,0.00,1
TEL,36260,FAULT,-1.5627,-1.0613,1.2647,0.8683,0.00,1
TEL,36360,FAULT,-1.5627,-1.0613,1.3003,0.8683,0.00,1
TEL,36460,FAULT,-1.5627,-1.0613,1.3153,0.8683,0.00,1
TEL,36560,FAULT,-1.5627,-1.0613,1.3178,0.8683,0.00,1
TEL,36660,FAULT,-1.5627,-1.0613,1.2869,0.8683,0.00,1
TEL,36760,FAULT,-1.5627,-1.0613,1.2682,0.8683,0.00,1
TEL,36860,FAULT,-1.5627,-1.0613,1.2970,0.8683,0.00,1
TEL,36960,FAULT,-1.5627,-1.0613,1.2865,0.8683,0.00,1
TEL,37060,FAULT,-1.5627,-1.0613,1.2945,0.8683,0.00,1
OK,stopped
