HCSR04_CHECK_BOOT
BOOT_TEST,mode=PULSEIN
SONAR_CHK,ts_ms=251,mode=PULSEIN,ok=1,cm=23.07,pulse_us=0,timer1=0,pings=1,valid=1,timeout=0,miss=0
BOOT_TEST,mode=PCINT
SONAR_CHK,ts_ms=318,mode=PCINT,ok=1,cm=25.79,pulse_us=1496,timer1=0,pings=2,valid=2,timeout=0,miss=0
OK,counters_reset
BOOT,ready
HCSR04_CHECK_HELP
Commands:
  h  help
  s  single shot
  t  toggle stream (10 Hz)
  a  Mode A: PCINT ISR (default)
  b  Mode B: pulseIn (blocking)
  T  toggle Timer1 40kHz stress
  R  reset counters
HOST_CMD,R
OK,counters_reset
HOST_CMD,a
OK,mode=PCINT
HOST_CMD,T
OK,timer1_stress=ON
HOST_CMD,t
OK,stream=1
SONAR_CHK,ts_ms=2967,mode=PCINT,ok=0,cm=0.00,pulse_us=1520,timer1=1,pings=1,valid=0,timeout=0,miss=0
SONAR_CHK,ts_ms=2970,mode=PCINT,ok=1,cm=26.21,pulse_us=1520,timer1=1,pings=1,valid=1,timeout=0,miss=0
SONAR_CHK,ts_ms=3007,mode=PCINT,ok=1,cm=26.21,pulse_us=1520,timer1=1,pings=2,valid=2,timeout=0,miss=0
SONAR_CHK,ts_ms=3047,mode=PCINT,ok=1,cm=26.28,pulse_us=1524,timer1=1,pings=3,valid=3,timeout=0,miss=0
SONAR_CHK,ts_ms=3087,mode=PCINT,ok=1,cm=26.62,pulse_us=1544,timer1=1,pings=4,valid=4,timeout=0,miss=0
SONAR_CHK,ts_ms=3127,mode=PCINT,ok=0,cm=0.00,pulse_us=1520,timer1=1,pings=5,valid=4,timeout=0,miss=0
SONAR_CHK,ts_ms=3130,mode=PCINT,ok=1,cm=26.21,pulse_us=1520,timer1=1,pings=5,valid=5,timeout=0,miss=0
SONAR_CHK,ts_ms=3167,mode=PCINT,ok=1,cm=26.21,pulse_us=1520,timer1=1,pings=6,valid=6,timeout=0,miss=0
SONAR_CHK,ts_ms=3208,mode=PCINT,ok=1,cm=26.21,pulse_us=1520,timer1=1,pings=7,valid=7,timeout=0,miss=0
SONAR_CHK,ts_ms=3248,mode=PCINT,ok=0,cm=0.00,pulse_us=1548,timer1=1,pings=8,valid=7,timeout=0,miss=0
SONAR_CHK,ts_ms=3251,mode=PCINT,ok=1,cm=26.69,pulse_us=1548,timer1=1,pings=8,valid=8,timeout=0,miss=0
SONAR_CHK,ts_ms=3288,mode=PCINT,ok=1,cm=26.21,pulse_us=1520,timer1=1,pings=9,valid=9,timeout=0,miss=0
SONAR_CHK,ts_ms=3328,mode=PCINT,ok=1,cm=26.62,pulse_us=1544,timer1=1,pings=10,valid=10,timeout=0,miss=0
SONAR_CHK,ts_ms=3367,mode=PCINT,ok=1,cm=26.21,pulse_us=1520,timer1=1,pings=11,valid=11,timeout=0,miss=0
SONAR_CHK,ts_ms=3407,mode=PCINT,ok=0,cm=0.00,pulse_us=1548,timer1=1,pings=12,valid=11,timeout=0,miss=0
SONAR_CHK,ts_ms=3410,mode=PCINT,ok=1,cm=26.69,pulse_us=1548,timer1=1,pings=12,valid=12,timeout=0,miss=0
SONAR_CHK,ts_ms=3447,mode=PCINT,ok=1,cm=26.21,pulse_us=1520,timer1=1,pings=13,valid=13,timeout=0,miss=0
SONAR_CHK,ts_ms=3487,mode=PCINT,ok=1,cm=26.21,pulse_us=1520,timer1=1,pings=14,valid=14,timeout=0,miss=0
SONAR_CHK,ts_ms=3527,mode=PCINT,ok=1,cm=25.79,pulse_us=1496,timer1=1,pings=15,valid=15,timeout=0,miss=0
SONAR_CHK,ts_ms=3567,mode=PCINT,ok=1,cm=26.21,pulse_us=1520,timer1=1,pings=16,valid=16,timeout=0,miss=0
5,valid=25,timeout=0,miss=0
SONAR_CHK,ts_ms=3968,mode=PCINT,ok=1,cm=25.79,pulse_us=1496,timer1=1,pings=26,valid=26,timeout=0,miss=0
SONAR_CHK,ts_ms=4007,mode=PCINT,ok=1,cm=25.79,pulse_us=1496,timer1=1,pings=27,valid=27,timeout=0,miss=0
SONAR_CHK,ts_ms=4047,mode=PCINT,ok=1,cm=25.79,pulse_us=1496,timer1=1,pings=28,valid=28,timeout=0,miss=0
SONAR_CHK,ts_ms=4088,mode=PCINT,ok=1,cm=25.72,pulse_us=1492,timer1=1,pings=29,valid=29,timeout=0,miss=0
SONAR_CHK,ts_ms=4128,mode=PCINT,ok=1,cm=25.79,pulse_us=1496,timer1=1,pings=30,valid=30,timeout=0,miss=0
SONAR_CHK,ts_ms=4168,mode=PCINT,ok=1,cm=25.79,pulse_us=1496,timer1=1,pings=31,valid=31,timeout=0,miss=0
SONAR_CHK,ts_ms=4208,mode=PCINT,ok=1,cm=26.21,pulse_us=1520,timer1=1,pings=32,valid=32,timeout=0,miss=0
SONAR_CHK,ts_ms=4248,mode=PCINT,ok=1,cm=25.79,pulse_us=1496,timer1=1,pings=33,valid=33,timeout=0,miss=0
SONAR_CHK,ts_ms=4288,mode=PCINT,ok=1,cm=25.72,pulse_us=1492,timer1=1,pings=34,valid=34,timeout=0,miss=0
SONAR_CHK,ts_ms=4328,mode=PCINT,ok=1,cm=26.21,pulse_us=1520,timer1=1,pings=35,valid=35,timeout=0,miss=0
SONAR_CHK,ts_ms=4368,mode=PCINT,ok=1,cm=25.79,pulse_us=1496,timer1=1,pings=36,valid=36,timeout=0,miss=0
SONAR_CHK,ts_ms=4408,mode=PCINT,ok=1,cm=25.79,pulse_us=1496,timer1=1,pings=37,valid=37,timeout=0,miss=0
SONAR_CHK,ts_ms=4448,mode=PCINT,ok=1,cm=26.21,pulse_us=1520,timer1=1,pings=38,valid=38,timeout=0,miss=0
SONAR_CHK,ts_ms=4489,mode=PCINT,ok=1,cm=26.21,pulse_us=1520,timer1=1,pings=39,valid=39,timeout=0,miss=0
SONAR_CHK,ts_ms=4529,mode=PCINT,ok=1,cm=25.79,pulse_us=1496,timer1=1,pings=40,valid=40,timeout=0,miss=0
SONAR_CHK,ts_ms=4569,mode=PCINT,ok=1,cm=25.79,pulse_us=1496,timer1=1,pings=41,valid=41,timeout=0,miss=0
SONAR_CHK,ts_ms=4609,mode=PCINT,ok=1,cm=26.21,pulse_us=1520,timer1=1,pings=42,valid=42,timeout=0,miss=0
SONAR_CHK,ts_ms=4648,mode=PCINT,ok=1,cm=25.79,pulse_us=1496,timer1=1,pings=43,valid=43,timeout=0,miss=0
SONAR_CHK,ts_ms=4688,mode=PCINT,ok=1,cm=25.79,pulse_us=1496,timer1=1,pings=44,valid=44,timeout=0,miss=0
SONAR_CHK,ts_ms=4728,mode=PCINT,ok=0,cm=0.00,pulse_us=1520,timer1=1,pings=45,valid=44,timeout=0,miss=0
SONAR_CHK,ts_ms=4731,mode=PCINT,ok=1,cm=26.21,pulse_us=1520,timer1=1,pings=45,valid=45,timeout=0,miss=0
SONAR_CHK,ts_ms=4768,mode=PCINT,ok=1,cm=25.79,pulse_us=1496,timer1=1,pings=46,valid=46,timeout=0,miss=0
SONAR_CHK,ts_ms=4808,mode=PCINT,ok=1,cm=25.79,pulse_us=1496,timer1=1,pings=47,valid=47,timeout=0,miss=0
SONAR_CHK,ts_ms=4848,mode=PCINT,ok=1,cm=26.21,pulse_us=1520,timer1=1,pings=48,valid=48,timeout=0,miss=0
SONAR_CHK,ts_ms=4888,mode=PCINT,ok=1,cm=25.79,pulse_us=1496,timer1=1,pings=49,valid=49,timeout=0,miss=0
_us=1496,timer1=1,pings=59,valid=59,timeout=0,miss=0
SONAR_CHK,ts_ms=5328,mode=PCINT,ok=0,cm=0.00,pulse_us=1496,timer1=1,pings=60,valid=59,timeout=0,miss=0
SONAR_CHK,ts_ms=5332,mode=PCINT,ok=1,cm=25.79,pulse_us=1496,timer1=1,pings=60,valid=60,timeout=0,miss=0
SONAR_CHK,ts_ms=5369,mode=PCINT,ok=1,cm=26.21,pulse_us=1520,timer1=1,pings=61,valid=61,timeout=0,miss=0
SONAR_CHK,ts_ms=5409,mode=PCINT,ok=1,cm=25.79,pulse_us=1496,timer1=1,pings=62,valid=62,timeout=0,miss=0
SONAR_CHK,ts_ms=5449,mode=PCINT,ok=1,cm=25.79,pulse_us=1496,timer1=1,pings=63,valid=63,timeout=0,miss=0
SONAR_CHK,ts_ms=5489,mode=PCINT,ok=1,cm=25.79,pulse_us=1496,timer1=1,pings=64,valid=64,timeout=0,miss=0
SONAR_CHK,ts_ms=5529,mode=PCINT,ok=1,cm=25.79,pulse_us=1496,timer1=1,pings=65,valid=65,timeout=0,miss=0
SONAR_CHK,ts_ms=5569,mode=PCINT,ok=1,cm=25.79,pulse_us=1496,timer1=1,pings=66,valid=66,timeout=0,miss=0
SONAR_CHK,ts_ms=5609,mode=PCINT,ok=1,cm=25.72,pulse_us=1492,timer1=1,pings=67,valid=67,timeout=0,miss=0
SONAR_CHK,ts_ms=5649,mode=PCINT,ok=1,cm=26.28,pulse_us=1524,timer1=1,pings=68,valid=68,timeout=0,miss=0
SONAR_CHK,ts_ms=5689,mode=PCINT,ok=1,cm=25.79,pulse_us=1496,timer1=1,pings=69,valid=69,timeout=0,miss=0
SONAR_CHK,ts_ms=5729,mode=PCINT,ok=1,cm=25.86,pulse_us=1500,timer1=1,pings=70,valid=70,timeout=0,miss=0
SONAR_CHK,ts_ms=5770,mode=PCINT,ok=1,cm=26.21,pulse_us=1520,timer1=1,pings=71,valid=71,timeout=0,miss=0
SONAR_CHK,ts_ms=5810,mode=PCINT,ok=1,cm=25.79,pulse_us=1496,timer1=1,pings=72,valid=72,timeout=0,miss=0
SONAR_CHK,ts_ms=5850,mode=PCINT,ok=1,cm=25.79,pulse_us=1496,timer1=1,pings=73,valid=73,timeout=0,miss=0
SONAR_CHK,ts_ms=5890,mode=PCINT,ok=1,cm=26.21,pulse_us=1520,timer1=1,pings=74,valid=74,timeout=0,miss=0
SONAR_CHK,ts_ms=5929,mode=PCINT,ok=1,cm=26.21,pulse_us=1520,timer1=1,pings=75,valid=75,timeout=0,miss=0
SONAR_CHK,ts_ms=5969,mode=PCINT,ok=1,cm=25.79,pulse_us=1496,timer1=1,pings=76,valid=76,timeout=0,miss=0
SONAR_CHK,ts_ms=6009,mode=PCINT,ok=1,cm=26.21,pulse_us=1520,timer1=1,pings=77,valid=77,timeout=0,miss=0
SONAR_CHK,ts_ms=6049,mode=PCINT,ok=0,cm=0.00,pulse_us=1520,timer1=1,pings=78,valid=77,timeout=0,miss=0
SONAR_CHK,ts_ms=6052,mode=PCINT,ok=1,cm=26.21,pulse_us=1520,timer1=1,pings=78,valid=78,timeout=0,miss=0
SONAR_CHK,ts_ms=6089,mode=PCINT,ok=1,cm=25.79,pulse_us=1496,timer1=1,pings=79,valid=79,timeout=0,miss=0
SONAR_CHK,ts_ms=6129,mode=PCINT,ok=1,cm=25.79,pulse_us=1496,timer1=1,pings=80,valid=80,timeout=0,miss=0
SONAR_CHK,ts_ms=6169,mode=PCINT,ok=1,cm=26.21,pulse_us=1520,timer1=1,pings=81,valid=81,timeout=0,miss=0
SONAR_CHK,ts_ms=6210,mode=PCINT,ok=1,cm=25.79,pulse_us=1496,timer1=1,pings=82,valid=82,timeout=0,miss=0
INT,ok=1,cm=25.79,pulse_us=1496,timer1=1,pings=92,valid=92,timeout=0,miss=0
SONAR_CHK,ts_ms=6650,mode=PCINT,ok=1,cm=25.72,pulse_us=1492,timer1=1,pings=93,valid=93,timeout=0,miss=0
SONAR_CHK,ts_ms=6690,mode=PCINT,ok=1,cm=26.21,pulse_us=1520,timer1=1,pings=94,valid=94,timeout=0,miss=0
SONAR_CHK,ts_ms=6730,mode=PCINT,ok=1,cm=25.79,pulse_us=1496,timer1=1,pings=95,valid=95,timeout=0,miss=0
SONAR_CHK,ts_ms=6770,mode=PCINT,ok=1,cm=25.86,pulse_us=1500,timer1=1,pings=96,valid=96,timeout=0,miss=0
SONAR_CHK,ts_ms=6810,mode=PCINT,ok=1,cm=26.28,pulse_us=1524,timer1=1,pings=97,valid=97,timeout=0,miss=0
SONAR_CHK,ts_ms=6850,mode=PCINT,ok=1,cm=25.79,pulse_us=1496,timer1=1,pings=98,valid=98,timeout=0,miss=0
SONAR_CHK,ts_ms=6890,mode=PCINT,ok=1,cm=25.79,pulse_us=1496,timer1=1,pings=99,valid=99,timeout=0,miss=0
SONAR_CHK,ts_ms=6930,mode=PCINT,ok=1,cm=25.79,pulse_us=1496,timer1=1,pings=100,valid=100,timeout=0,miss=0
SONAR_CHK,ts_ms=6970,mode=PCINT,ok=0,cm=0.00,pulse_us=1520,timer1=1,pings=101,valid=100,timeout=0,miss=0
SONAR_CHK,ts_ms=6974,mode=PCINT,ok=1,cm=26.21,pulse_us=1520,timer1=1,pings=101,valid=101,timeout=0,miss=0
SONAR_CHK,ts_ms=7010,mode=PCINT,ok=1,cm=25.79,pulse_us=1496,timer1=1,pings=102,valid=102,timeout=0,miss=0
SONAR_CHK,ts_ms=7051,mode=PCINT,ok=1,cm=26.69,pulse_us=1548,timer1=1,pings=103,valid=103,timeout=0,miss=0
SONAR_CHK,ts_ms=7091,mode=PCINT,ok=1,cm=26.21,pulse_us=1520,timer1=1,pings=104,valid=104,timeout=0,miss=0
SONAR_CHK,ts_ms=7131,mode=PCINT,ok=1,cm=25.79,pulse_us=1496,timer1=1,pings=105,valid=105,timeout=0,miss=0
SONAR_CHK,ts_ms=7171,mode=PCINT,ok=1,cm=26.21,pulse_us=1520,timer1=1,pings=106,valid=106,timeout=0,miss=0
SONAR_CHK,ts_ms=7211,mode=PCINT,ok=1,cm=26.21,pulse_us=1520,timer1=1,pings=107,valid=107,timeout=0,miss=0
SONAR_CHK,ts_ms=7250,mode=PCINT,ok=1,cm=25.79,pulse_us=1496,timer1=1,pings=108,valid=108,timeout=0,miss=0
SONAR_CHK,ts_ms=7290,mode=PCINT,ok=1,cm=25.79,pulse_us=1496,timer1=1,pings=109,valid=109,timeout=0,miss=0
SONAR_CHK,ts_ms=7330,mode=PCINT,ok=1,cm=25.79,pulse_us=1496,timer1=1,pings=110,valid=110,timeout=0,miss=0
SONAR_CHK,ts_ms=7370,mode=PCINT,ok=1,cm=25.79,pulse_us=1496,timer1=1,pings=111,valid=111,timeout=0,miss=0
SONAR_CHK,ts_ms=7410,mode=PCINT,ok=1,cm=25.79,pulse_us=1496,timer1=1,pings=112,valid=112,timeout=0,miss=0
SONAR_CHK,ts_ms=7450,mode=PCINT,ok=1,cm=25.79,pulse_us=1496,timer1=1,pings=113,valid=113,timeout=0,miss=0
SONAR_CHK,ts_ms=7491,mode=PCINT,ok=1,cm=26.21,pulse_us=1520,timer1=1,pings=114,valid=114,timeout=0,miss=0
SONAR_CHK,ts_ms=7531,mode=PCINT,ok=1,cm=25.79,pulse_us=1496,timer1=1,pings=115,valid=115,timeout=0,miss=0
SONAR_CHK,ts_ms=7571,mode=PCINT,ok=1,cm=25.72,pulse_us=1492,timer1=1,pings=116,valid=116,timeout=0,miss=0
ulse_us=1520,timer1=1,pings=124,valid=124,timeout=0,miss=0
SONAR_CHK,ts_ms=7931,mode=PCINT,ok=0,cm=0.00,pulse_us=1496,timer1=1,pings=125,valid=124,timeout=0,miss=0
SONAR_CHK,ts_ms=7934,mode=PCINT,ok=1,cm=25.79,pulse_us=1496,timer1=1,pings=125,valid=125,timeout=0,miss=0
SONAR_CHK,ts_ms=7971,mode=PCINT,ok=0,cm=0.00,pulse_us=1520,timer1=1,pings=126,valid=125,timeout=0,miss=0
SONAR_CHK,ts_ms=7974,mode=PCINT,ok=1,cm=26.21,pulse_us=1520,timer1=1,pings=126,valid=126,timeout=0,miss=0
SONAR_CHK,ts_ms=8011,mode=PCINT,ok=0,cm=0.00,pulse_us=1520,timer1=1,pings=127,valid=126,timeout=0,miss=0
SONAR_CHK,ts_ms=8014,mode=PCINT,ok=1,cm=26.21,pulse_us=1520,timer1=1,pings=127,valid=127,timeout=0,miss=0
SONAR_CHK,ts_ms=8051,mode=PCINT,ok=1,cm=26.21,pulse_us=1520,timer1=1,pings=128,valid=128,timeout=0,miss=0
SONAR_CHK,ts_ms=8091,mode=PCINT,ok=0,cm=0.00,pulse_us=1520,timer1=1,pings=129,valid=128,timeout=0,miss=0
SONAR_CHK,ts_ms=8094,mode=PCINT,ok=1,cm=26.21,pulse_us=1520,timer1=1,pings=129,valid=129,timeout=0,miss=0
SONAR_CHK,ts_ms=8131,mode=PCINT,ok=1,cm=26.21,pulse_us=1520,timer1=1,pings=130,valid=130,timeout=0,miss=0
SONAR_CHK,ts_ms=8171,mode=PCINT,ok=0,cm=0.00,pulse_us=1520,timer1=1,pings=131,valid=130,timeout=0,miss=0
SONAR_CHK,ts_ms=8175,mode=PCINT,ok=1,cm=26.21,pulse_us=1520,timer1=1,pings=131,valid=131,timeout=0,miss=0
SONAR_CHK,ts_ms=8211,mode=PCINT,ok=0,cm=0.00,pulse_us=1516,timer1=1,pings=132,valid=131,timeout=0,miss=0
SONAR_CHK,ts_ms=8215,mode=PCINT,ok=1,cm=26.14,pulse_us=1516,timer1=1,pings=132,valid=132,timeout=0,miss=0
SONAR_CHK,ts_ms=8251,mode=PCINT,ok=1,cm=26.69,pulse_us=1548,timer1=1,pings=133,valid=133,timeout=0,miss=0
SONAR_CHK,ts_ms=8291,mode=PCINT,ok=1,cm=26.21,pulse_us=1520,timer1=1,pings=134,valid=134,timeout=0,miss=0
SONAR_CHK,ts_ms=8332,mode=PCINT,ok=1,cm=26.62,pulse_us=1544,timer1=1,pings=135,valid=135,timeout=0,miss=0
SONAR_CHK,ts_ms=8372,mode=PCINT,ok=0,cm=0.00,pulse_us=1516,timer1=1,pings=136,valid=135,timeout=0,miss=0
SONAR_CHK,ts_ms=8375,mode=PCINT,ok=1,cm=26.14,pulse_us=1516,timer1=1,pings=136,valid=136,timeout=0,miss=0
SONAR_CHK,ts_ms=8412,mode=PCINT,ok=1,cm=26.21,pulse_us=1520,timer1=1,pings=137,valid=137,timeout=0,miss=0
SONAR_CHK,ts_ms=8452,mode=PCINT,ok=1,cm=26.21,pulse_us=1520,timer1=1,pings=138,valid=138,timeout=0,miss=0
SONAR_CHK,ts_ms=8492,mode=PCINT,ok=1,cm=26.21,pulse_us=1520,timer1=1,pings=139,valid=139,timeout=0,miss=0
SONAR_CHK,ts_ms=8531,mode=PCINT,ok=0,cm=0.00,pulse_us=1520,timer1=1,pings=140,valid=139,timeout=0,miss=0
SONAR_CHK,ts_ms=8536,mode=PCINT,ok=1,cm=26.21,pulse_us=1520,timer1=1,pings=140,valid=140,timeout=0,miss=0
SONAR_CHK,ts_ms=8571,mode=PCINT,ok=1,cm=26.21,pulse_us=1520,timer1=1,pings=141,valid=141,timeout=0,miss=0
6.21,pulse_us=1520,timer1=1,pings=149,valid=149,timeout=0,miss=0
SONAR_CHK,ts_ms=8932,mode=PCINT,ok=1,cm=26.21,pulse_us=1520,timer1=1,pings=150,valid=150,timeout=0,miss=0
SONAR_CHK,ts_ms=8972,mode=PCINT,ok=1,cm=26.21,pulse_us=1520,timer1=1,pings=151,valid=151,timeout=0,miss=0
SONAR_CHK,ts_ms=9012,mode=PCINT,ok=1,cm=26.21,pulse_us=1520,timer1=1,pings=152,valid=152,timeout=0,miss=0
SONAR_CHK,ts_ms=9052,mode=PCINT,ok=0,cm=0.00,pulse_us=1520,timer1=1,pings=153,valid=152,timeout=0,miss=0
SONAR_CHK,ts_ms=9056,mode=PCINT,ok=1,cm=26.21,pulse_us=1520,timer1=1,pings=153,valid=153,timeout=0,miss=0
SONAR_CHK,ts_ms=9092,mode=PCINT,ok=1,cm=25.79,pulse_us=1496,timer1=1,pings=154,valid=154,timeout=0,miss=0
SONAR_CHK,ts_ms=9132,mode=PCINT,ok=1,cm=25.79,pulse_us=1496,timer1=1,pings=155,valid=155,timeout=0,miss=0
SONAR_CHK,ts_ms=9172,mode=PCINT,ok=0,cm=0.00,pulse_us=1520,timer1=1,pings=156,valid=155,timeout=0,miss=0
SONAR_CHK,ts_ms=9176,mode=PCINT,ok=1,cm=26.21,pulse_us=1520,timer1=1,pings=156,valid=156,timeout=0,miss=0
SONAR_CHK,ts_ms=9212,mode=PCINT,ok=1,cm=26.21,pulse_us=1520,timer1=1,pings=157,valid=157,timeout=0,miss=0
SONAR_CHK,ts_ms=9252,mode=PCINT,ok=1,cm=25.72,pulse_us=1492,timer1=1,pings=158,valid=158,timeout=0,miss=0
SONAR_CHK,ts_ms=9292,mode=PCINT,ok=0,cm=0.00,pulse_us=1520,timer1=1,pings=159,valid=158,timeout=0,miss=0
SONAR_CHK,ts_ms=9295,mode=PCINT,ok=1,cm=26.21,pulse_us=1520,timer1=1,pings=159,valid=159,timeout=0,miss=0
SONAR_CHK,ts_ms=9332,mode=PCINT,ok=1,cm=26.21,pulse_us=1520,timer1=1,pings=160,valid=160,timeout=0,miss=0
SONAR_CHK,ts_ms=9372,mode=PCINT,ok=1,cm=25.79,pulse_us=1496,timer1=1,pings=161,valid=161,timeout=0,miss=0
SONAR_CHK,ts_ms=9412,mode=PCINT,ok=1,cm=25.79,pulse_us=1496,timer1=1,pings=162,valid=162,timeout=0,miss=0
SONAR_CHK,ts_ms=9452,mode=PCINT,ok=0,cm=0.00,pulse_us=1520,timer1=1,pings=163,valid=162,timeout=0,miss=0
SONAR_CHK,ts_ms=9456,mode=PCINT,ok=1,cm=26.21,pulse_us=1520,timer1=1,pings=163,valid=163,timeout=0,miss=0
SONAR_CHK,ts_ms=9492,mode=PCINT,ok=1,cm=25.
SONAR_CHK,ts_ms=30950,mode=PCINT,ok=1,cm=26.28,pulse_us=1524,timer1=1,pings=700,valid=672,timeout=28,miss=28
SONAR_CHK,ts_ms=30990,mode=PCINT,ok=1,cm=26.28,pulse_us=1524,timer1=1,pings=701,valid=673,timeout=28,miss=28
SONAR_CHK,ts_ms=31030,mode=PCINT,ok=1,cm=26.34,pulse_us=1528,timer1=1,pings=702,valid=674,timeout=28,miss=28
SONAR_CHK,ts_ms=31071,mode=PCINT,ok=1,cm=25.79,pulse_us=1496,timer1=1,pings=703,valid=675,timeout=28,miss=28
SONAR_CHK,ts_ms=31111,mode=PCINT,ok=1,cm=25.45,pulse_us=1476,timer1=1,pings=704,valid=676,timeout=28,miss=28
SONAR_CHK,ts_ms=31151,mode=PCINT,ok=1,cm=25.86,pulse_us=1500,timer1=1,pings=705,valid=677,timeout=28,miss=28
SONAR_CHK,ts_ms=31191,mode=PCINT,ok=1,cm=25.86,pulse_us=1500,timer1=1,pings=706,valid=678,timeout=28,miss=28
,timeout=28,miss=28
SONAR_CHK,ts_ms=31591,mode=PCINT,ok=1,cm=24.55,pulse_us=1424,timer1=1,pings=716,valid=688,timeout=28,miss=28
SONAR_CHK,ts_ms=31631,mode=PCINT,ok=1,cm=24.48,pulse_us=1420,timer1=1,pings=717,valid=689,timeout=28,miss=28
SONAR_CHK,ts_ms=31671,mode=PCINT,ok=1,cm=25.86,pulse_us=1500,timer1=1,pings=718,valid=690,timeout=28,miss=28
SONAR_CHK,ts_ms=31711,mode=PCINT,ok=1,cm=24.97,pulse_us=1448,timer1=1,pings=719,valid=691,timeout=28,miss=28
SONAR_CHK,ts_ms=31751,mode=PCINT,ok=1,cm=25.45,pulse_us=1476,timer1=1,pings=720,valid=692,timeout=28,miss=28
SONAR_CHK,ts_ms=31791,mode=PCINT,ok=1,cm=25.79,pulse_us=1496,timer1=1,pings=721,valid=693,timeout=28,miss=28
SONAR_CHK,ts_ms=31831,mode=PCINT,ok=1,cm=25.45,pulse_us=1476,timer1=1,pings=722,valid=694,timeout=28,miss=28
SONAR_CHK,ts_ms=31870,mode=PCINT,ok=1,cm=25.45,pulse_us=1476,timer1=1,pings=723,valid=695,timeout=28,miss=28
SONAR_CHK,ts_ms=31910,mode=PCINT,ok=0,cm=0.00,pulse_us=1448,timer1=1,pings=724,valid=695,timeout=28,miss=28
SONAR_CHK,ts_ms=31915,mode=PCINT,ok=1,cm=24.97,pulse_us=1448,timer1=1,pings=724,valid=696,timeout=28,miss=28
SONAR_CHK,ts_ms=31951,mode=PCINT,ok=1,cm=25.45,pulse_us=1476,timer1=1,pings=725,valid=697,timeout=28,miss=28
SONAR_CHK,ts_ms=31991,mode=PCINT,ok=1,cm=24.55,pulse_us=1424,timer1=1,pings=726,valid=698,timeout=28,miss=28
SONAR_CHK,ts_ms=32031,mode=PCINT,ok=1,cm=24.97,pulse_us=1448,timer1=1,pings=727,valid=699,timeout=28,miss=28
SONAR_CHK,ts_ms=32071,mode=PCINT,ok=1,cm=24.97,pulse_us=1448,timer1=1,pings=728,valid=700,timeout=28,miss=28
SONAR_CHK,ts_ms=32111,mode=PCINT,ok=1,cm=24.07,pulse_us=1396,timer1=1,pings=729,valid=701,timeout=28,miss=28
SONAR_CHK,ts_ms=32151,mode=PCINT,ok=1,cm=24.97,pulse_us=1448,timer1=1,pings=730,valid=702,timeout=28,miss=28
SONAR_CHK,ts_ms=32191,mode=PCINT,ok=1,cm=25.79,pulse_us=1496,timer1=1,pings=731,valid=703,timeout=28,miss=28
SONAR_CHK,ts_ms=32231,mode=PCINT,ok=1,cm=23.66,pulse_us=1372,timer1=1,pings=732,valid=704,timeout=28,miss=28
SONAR_CHK,ts_ms=32271,mode=PCINT,ok=1,cm=26.21,pulse_us=1520,timer1=1,pings=733,valid=705,timeout=28,miss=28
SONAR_CHK,ts_ms=32312,mode=PCINT,ok=1,cm=25.79,pulse_us=1496,timer1=1,pings=734,valid=706,timeout=28,miss=28
SONAR_CHK,ts_ms=32352,mode=PCINT,ok=1,cm=25.86,pulse_us=1500,timer1=1,pings=735,valid=707,timeout=28,miss=28
SONAR_CHK,ts_ms=32392,mode=PCINT,ok=1,cm=26.69,pulse_us=1548,timer1=1,pings=736,valid=708,timeout=28,miss=28
SONAR_CHK,ts_ms=32432,mode=PCINT,ok=1,cm=24.14,pulse_us=1400,timer1=1,pings=737,valid=709,timeout=28,miss=28
SONAR_CHK,ts_ms=32472,mode=PCINT,ok=1,cm=26.28,pulse_us=1524,timer1=1,pings=738,valid=710,timeout=28,miss=28
SONAR_CHK,ts_ms=32512,mode=PCINT,ok=0,cm=0.00,pulse_us=1620,timer1=1,pings=739,valid=710,timeout=28,miss=28
=32832,mode=PCINT,ok=1,cm=28.34,pulse_us=1644,timer1=1,pings=747,valid=719,timeout=28,miss=28
SONAR_CHK,ts_ms=32872,mode=PCINT,ok=1,cm=27.10,pulse_us=1572,timer1=1,pings=748,valid=720,timeout=28,miss=28
SONAR_CHK,ts_ms=32912,mode=PCINT,ok=1,cm=26.62,pulse_us=1544,timer1=1,pings=749,valid=721,timeout=28,miss=28
SONAR_CHK,ts_ms=32952,mode=PCINT,ok=1,cm=27.10,pulse_us=1572,timer1=1,pings=750,valid=722,timeout=28,miss=28
SONAR_CHK,ts_ms=32992,mode=PCINT,ok=1,cm=27.10,pulse_us=1572,timer1=1,pings=751,valid=723,timeout=28,miss=28
SONAR_CHK,ts_ms=33032,mode=PCINT,ok=1,cm=27.52,pulse_us=1596,timer1=1,pings=752,valid=724,timeout=28,miss=28
SONAR_CHK,ts_ms=33072,mode=PCINT,ok=1,cm=26.28,pulse_us=1524,timer1=1,pings=753,valid=725,timeout=28,miss=28
SONAR_CHK,ts_ms=33112,mode=PCINT,ok=0,cm=0.00,pulse_us=1520,timer1=1,pings=754,valid=725,timeout=28,miss=28
SONAR_CHK,ts_ms=33116,mode=PCINT,ok=1,cm=26.21,pulse_us=1520,timer1=1,pings=754,valid=726,timeout=28,miss=28
SONAR_CHK,ts_ms=33152,mode=PCINT,ok=1,cm=24.97,pulse_us=1448,timer1=1,pings=755,valid=727,timeout=28,miss=28
SONAR_CHK,ts_ms=33191,mode=PCINT,ok=1,cm=22.83,pulse_us=1324,timer1=1,pings=756,valid=728,timeout=28,miss=28
SONAR_CHK,ts_ms=33232,mode=PCINT,ok=1,cm=23.66,pulse_us=1372,timer1=1,pings=757,valid=729,timeout=28,miss=28
SONAR_CHK,ts_ms=33272,mode=PCINT,ok=1,cm=22.83,pulse_us=1324,timer1=1,pings=758,valid=730,timeout=28,miss=28
SONAR_CHK,ts_ms=33312,mode=PCINT,ok=1,cm=21.93,pulse_us=1272,timer1=1,pings=759,valid=731,timeout=28,miss=28
SONAR_CHK,ts_ms=33352,mode=PCINT,ok=1,cm=21.93,pulse_us=1272,timer1=1,pings=760,valid=732,timeout=28,miss=28
SONAR_CHK,ts_ms=33392,mode=PCINT,ok=1,cm=21.52,pulse_us=1248,timer1=1,pings=761,valid=733,timeout=28,miss=28
SONAR_CHK,ts_ms=33432,mode=PCINT,ok=
SONAR_CHK,ts_ms=39358,mode=PCINT,ok=0,cm=0.00,pulse_us=1896,timer1=1,pings=910,valid=817,timeout=92,miss=92
SONAR_CHK,ts_ms=39361,mode=PCINT,ok=1,cm=32.69,pulse_us=1896,timer1=1,pings=910,valid=818,timeout=92,miss=92
SONAR_CHK,ts_ms=40357,mode=PCINT,ok=0,cm=0.00,pulse_us=1000,timer1=1,pings=935,valid=818,timeout=116,miss=116
SONAR_CHK,ts_ms=40361,mode=PCINT,ok=1,cm=17.24,pulse_us=1000,timer1=1,pings=935,valid=819,timeout=116,miss=116
SONAR_CHK,ts_ms=40397,mode=PCINT,ok=1,cm=15.59,pulse_us=904,timer1=1,pings=936,valid=820,timeout=116,miss=116
SONAR_CHK,ts_ms=40437,mode=PCINT,ok=1,cm=15.52,pulse_us=900,timer1=1,pings=937,valid=821,timeout=116,miss=116
SONAR_CHK,ts_ms=40477,mode=PCINT,ok=1,cm=16.76,pulse_us=972,timer1=1,pings=938,valid=822,timeout=116,miss=116
SONAR_CHK,ts_ms=40518,mode=PCINT,ok=1,cm=18.41,pulse_us=1068,timer1=1,pings=939,valid=823,timeout=116,miss=116
SONAR_CHK,ts_ms=40558,mode=PCINT,ok=1,cm=20.48,pulse_us=1188,timer1=1,pings=940,valid=824,timeout=116,miss=116
SONAR_CHK,ts_ms=40598,mode=PCINT,ok=0,cm=0.00,pulse_us=1112,timer1=1,pings=941,valid=824,timeout=116,miss=116
16
SONAR_CHK,ts_ms=40842,mode=PCINT,ok=1,cm=15.03,pulse_us=872,timer1=1,pings=947,valid=831,timeout=116,miss=116
SONAR_CHK,ts_ms=40878,mode=PCINT,ok=1,cm=16.34,pulse_us=948,timer1=1,pings=948,valid=832,timeout=116,miss=116
SONAR_CHK,ts_ms=40918,mode=PCINT,ok=1,cm=16.76,pulse_us=972,timer1=1,pings=949,valid=833,timeout=116,miss=116
SONAR_CHK,ts_ms=40957,mode=PCINT,ok=1,cm=15.86,pulse_us=920,timer1=1,pings=950,valid=834,timeout=116,miss=116
SONAR_CHK,ts_ms=40998,mode=PCINT,ok=1,cm=17.17,pulse_us=996,timer1=1,pings=951,valid=835,timeout=116,miss=116
SONAR_CHK,ts_ms=41038,mode=PCINT,ok=1,cm=18.28,pulse_us=1060,timer1=1,pings=952,valid=836,timeout=116,miss=116
SONAR_CHK,ts_ms=41078,mode=PCINT,ok=0,cm=0.00,pulse_us=1036,timer1=1,pings=953,valid=836,timeout=116,miss=116
SONAR_CHK,ts_ms=41082,mode=PCINT,ok=1,cm=17.86,pulse_us=1036,timer1=1,pings=953,valid=837,timeout=116,miss=116
SONAR_CHK,ts_ms=41118,mode=PCINT,ok=1,cm=17.86,pulse_us=1036,timer1=1,pings=954,valid=838,timeout=116,miss=116
SONAR_CHK,ts_ms=41158,mode=PCINT,ok=1,cm=17.86,pulse_us=1036,timer1=1,pings=955,valid=839,timeout=116,miss=116
SONAR_CHK,ts_ms=41198,mode=PCINT,ok=1,cm=17.79,pulse_us=1032,timer1=1,pings=956,valid=840,timeout=116,miss=116
SONAR_CHK,ts_ms=41238,mode=PCINT,ok=1,cm=18.34,pulse_us=1064,timer1=1,pings=957,valid=841,timeout=116,miss=116
SONAR_CHK,ts_ms=41278,mode=PCINT,ok=1,cm=19.17,pulse_us=1112,timer1=1,pings=958,valid=842,timeout=116,miss=116
SONAR_CHK,ts_ms=41318,mode=PCINT,ok=1,cm=18.83,pulse_us=1092,timer1=1,pings=959,valid=843,timeout=116,miss=116
SONAR_CHK,ts_ms=41358,mode=PCINT,ok=1,cm=18.28,pulse_us=1060,timer1=1,pings=960,valid=844,timeout=116,miss=116
SONAR_CHK,ts_ms=41399,mode=PCINT,ok=1,cm=18.28,pulse_us=1060,timer1=1,pings=961,valid=845,timeout=116,miss=116
SONAR_CHK,ts_ms=41439,mode=PCINT,ok=0,cm=0.00,pulse_us=1084,timer1=1,pings=962,valid=845,timeout=116,miss=116
SONAR_CHK,ts_ms=41443,mode=PCINT,ok=1,cm=18.69,pulse_us=1084,timer1=1,pings=962,valid=846,timeout=116,miss=116
SONAR_CHK,ts_ms=41479,mode=PCINT,ok=1,cm=17.93,pulse_us=1040,timer1=1,pings=963,valid=847,timeout=116,miss=116
SONAR_CHK,ts_ms=41519,mode=PCINT,ok=1,cm=17.52,pulse_us=1016,timer1=1,pings=964,valid=848,timeout=116,miss=116
SONAR_CHK,ts_ms=41559,mode=PCINT,ok=0,cm=0.00,pulse_us=972,timer1=1,pings=965,valid=848,timeout=116,miss=116
SONAR_CHK,ts_ms=41563,mode=PCINT,ok=1,cm=16.76,pulse_us=972,timer1=1,pings=965,valid=849,timeout=116,miss=116
SONAR_CHK,ts_ms=41598,mode=PCINT,ok=1,cm=15.86,pulse_us=920,timer1=1,pings=966,valid=850,timeout=116,miss=116
SONAR_CHK,ts_ms=41638,mode=PCINT,ok=1,cm=15.10,pulse_us=876,timer1=1,pings=967,valid=851,timeout=116,miss=116
SONAR_CHK,ts_ms=41678,mode=PCINT,ok=0,cm=0.00,pulse_us=852,timer1=1,pings=968,valid=851,timeout=116,miss=116
id=859,timeout=128,miss=128
SONAR_CHK,ts_ms=42479,mode=PCINT,ok=1,cm=20.07,pulse_us=1164,timer1=1,pings=988,valid=860,timeout=128,miss=128
SONAR_CHK,ts_ms=42519,mode=PCINT,ok=1,cm=19.17,pulse_us=1112,timer1=1,pings=989,valid=861,timeout=128,miss=128
SONAR_CHK,ts_ms=42559,mode=PCINT,ok=1,cm=19.17,pulse_us=1112,timer1=1,pings=990,valid=862,timeout=128,miss=128
SONAR_CHK,ts_ms=42600,mode=PCINT,ok=1,cm=19.66,pulse_us=1140,timer1=1,pings=991,valid=863,timeout=128,miss=128
SONAR_CHK,ts_ms=42640,mode=PCINT,ok=1,cm=18.34,pulse_us=1064,timer1=1,pings=992,valid=864,timeout=128,miss=128
SONAR_CHK,ts_ms=42680,mode=PCINT,ok=1,cm=17.93,pulse_us=1040,timer1=1,pings=993,valid=865,timeout=128,miss=128
SONAR_CHK,ts_ms=42720,mode=PCINT,ok=1,cm=17.52,pulse_us=1016,timer1=1,pings=994,valid=866,timeout=128,miss=128
SONAR_CHK,ts_ms=42760,mode=PCINT,ok=1,cm=17.10,pulse_us=992,timer1=1,pings=995,valid=867,timeout=128,miss=128
SONAR_CHK,ts_ms=42800,mode=PCINT,ok=1,cm=17.17,pulse_us=996,timer1=1,pings=996,valid=868,timeout=128,miss=128
SONAR_CHK,ts_ms=42840,mode=PCINT,ok=1,cm=15.52,pulse_us=900,timer1=1,pings=997,valid=869,timeout=128,miss=128
SONAR_CHK,ts_ms=42880,mode=PCINT,ok=1,cm=15.93,pulse_us=924,timer1=1,pings=998,valid=870,timeout=128,miss=128
SONAR_CHK,ts_ms=42920,mode=PCINT,ok=1,cm=27.10,pulse_us=1572,timer1=1,pings=999,valid=871,timeout=128,miss=128
SONAR_CHK,ts_ms=42959,mode=PCINT,
SONAR_CHK,ts_ms=50693,mode=PCINT,ok=0,cm=0.00,pulse_us=8172,timer1=1,pings=1193,valid=1008,timeout=184,miss=184
SONAR_CHK,ts_ms=50697,mode=PCINT,ok=1,cm=140.90,pulse_us=8172,timer1=1,pings=1193,valid=1009,timeout=184,miss=184
SONAR_CHK,ts_ms=51374,mode=PCINT,ok=1,cm=138.69,pulse_us=8044,timer1=1,pings=1210,valid=1010,timeout=200,miss=200
SONAR_CHK,ts_ms=51406,mode=PCINT,ok=1,cm=12.97,pulse_us=752,timer1=1,pings=1211,valid=1011,timeout=200,miss=200
SONAR_CHK,ts_ms=51446,mode=PCINT,ok=1,cm=13.72,pulse_us=796,timer1=1,pings=1212,valid=1012,timeout=200,miss=200
SONAR_CHK,ts_ms=51486,mode=PCINT,ok=1,cm=11.72,pulse_us=680,timer1=1,pings=1213,valid=1013,timeout=200,miss=200
SONAR_CHK,ts_ms=51530,mode=PCINT,ok=0,cm=0.00,pulse_us=4848,timer1=1,pings=1214,valid=1013,timeout=200,miss=200
SONAR_CHK,ts_ms=51534,mode=PCINT,ok=1,cm=83.59,pulse_us=4848,timer1=1,pings=1214,valid=1014,timeout=200,miss=200
SONAR_CHK,ts_ms=51566,mode=PCINT,ok=1,cm=11.66,pulse_us=676,timer1=1,pings=1215,valid=1015,timeout=200,miss=200
SONAR_CHK,ts_ms=51606,mode=PCINT,ok=1,cm=13.03,pulse_us=756,timer1=1,pings=1216,valid=1016,timeout=200,miss=200
SONAR_CHK,ts_ms=51646,mode=PCINT,ok=1,cm=11.66,pulse_us=676,timer1=1,pings=1217,valid=1017,timeout=200,miss=200
SONAR_CHK,ts_ms=52006,mode=PCINT,ok=1,cm=17.79,pulse_us=1032,timer1=1,pings=1226,valid=1018,timeout=208,miss=208
SONAR_CHK,ts_ms=52046,mode=PCINT,ok=1,cm=12.55,pulse_us=728,timer1=1,pings=1227,valid=1019,timeout=208,miss=208
iss=208
SONAR_CHK,ts_ms=52367,mode=PCINT,ok=1,cm=10.28,pulse_us=596,timer1=1,pings=1235,valid=1027,timeout=208,miss=208
SONAR_CHK,ts_ms=52407,mode=PCINT,ok=1,cm=10.34,pulse_us=600,timer1=1,pings=1236,valid=1028,timeout=208,miss=208
SONAR_CHK,ts_ms=52447,mode=PCINT,ok=1,cm=10.76,pulse_us=624,timer1=1,pings=1237,valid=1029,timeout=208,miss=208
SONAR_CHK,ts_ms=52487,mode=PCINT,ok=1,cm=10.76,pulse_us=624,timer1=1,pings=1238,valid=1030,timeout=208,miss=208
SONAR_CHK,ts_ms=52527,mode=PCINT,ok=1,cm=10.34,pulse_us=600,timer1=1,pings=1239,valid=1031,timeout=208,miss=208
SONAR_CHK,ts_ms=52567,mode=PCINT,ok=1,cm=10.83,pulse_us=628,timer1=1,pings=1240,valid=1032,timeout=208,miss=208
SONAR_CHK,ts_ms=52608,mode=PCINT,ok=1,cm=10.83,pulse_us=628,timer1=1,pings=1241,valid=1033,timeout=208,miss=208
SONAR_CHK,ts_ms=52647,mode=PCINT,ok=0,cm=0.00,pulse_us=600,timer1=1,pings=1242,valid=1033,timeout=208,miss=208
SONAR_CHK,ts_ms=52652,mode=PCINT,ok=1,cm=10.34,pulse_us=600,timer1=1,pings=1242,valid=1034,timeout=208,miss=208
SONAR_CHK,ts_ms=52687,mode=PCINT,ok=1,cm=10.83,pulse_us=628,timer1=1,pings=1243,valid=1035,timeout=208,miss=208
SONAR_CHK,ts_ms=52727,mode=PCINT,ok=1,cm=10.83,pulse_us=628,timer1=1,pings=1244,valid=1036,timeout=208,miss=208
SONAR_CHK,ts_ms=52767,mode=PCINT,ok=1,cm=10.41,pulse_us=604,timer1=1,pings=1245,valid=1037,timeout=208,miss=208
SONAR_CHK,ts_ms=52807,mode=PCINT,ok=1,cm=10.41,pulse_us=604,timer1=1,pings=1246,valid=1038,timeout=208,miss=208
SONAR_CHK,ts_ms=52847,mode=PCINT,ok=1,cm=10.41,pulse_us=604,timer1=1,pings=1247,valid=1039,timeout=208,miss=208
SONAR_CHK,ts_ms=52887,mode=PCINT,ok=1,cm=9.93,pulse_us=576,timer1=1,pings=1248,valid=1040,timeout=208,miss=208
SONAR_CHK,ts_ms=52927,mode=PCINT,ok=1,cm=10.41,pulse_us=604,timer1=1,pings=1249,valid=1041,timeout=208,miss=208
SONAR_CHK,ts_ms=52967,mode=PCINT,ok=1,cm=11.31,pulse_us=656,timer1=1,pings=1250,valid=1042,timeout=208,miss=208
SONAR_CHK,ts_ms=53008,mode=PCINT,ok=1,cm=12.21,pulse_us=708,timer1=1,pings=1251,valid=1043,timeout=208,miss=208
SONAR_CHK,ts_ms=53048,mode=PCINT,ok=1,cm=12.14,pulse_us=704,timer1=1,pings=1252,valid=1044,timeout=208,miss=208
SONAR_CHK,ts_ms=53088,mode=PCINT,ok=1,cm=11.24,pulse_us=652,timer1=1,pings=1253,valid=1045,timeout=208,miss=208
SONAR_CHK,ts_ms=53128,mode=PCINT,ok=1,cm=11.24,pulse_us=652,timer1=1,pings=1254,valid=1046,timeout=208,miss=208
SONAR_CHK,ts_ms=53168,mode=PCINT,ok=1,cm=11.31,pulse_us=656,timer1=1,pings=1255,valid=1047,timeout=208,miss=208
SONAR_CHK,ts_ms=53208,mode=PCINT,ok=1,cm=10.34,pulse_us=600,timer1=1,pings=1256,valid=1048,timeout=208,miss=208
SONAR_CHK,ts_ms=53248,mode=PCINT,ok=1,cm=10.41,pulse_us=604,timer1=1,pings=1257,valid=1049,timeout=208,miss=208
SONAR_CHK,ts_ms=53287,mode=PCINT,ok=1,cm=9.93,pulse_us=576,timer1=1,pings=1258,valid=1050,timeout=208,miss=208
mode=PCINT,ok=1,cm=126.76,pulse_us=7352,timer1=1,pings=1285,valid=1057,timeout=228,miss=228
SONAR_CHK,ts_ms=54415,mode=PCINT,ok=1,cm=125.03,pulse_us=7252,timer1=1,pings=1286,valid=1058,timeout=228,miss=228
SONAR_CHK,ts_ms=54769,mode=PCINT,ok=1,cm=12.48,pulse_us=724,timer1=1,pings=1295,valid=1059,timeout=236,miss=236
SONAR_CHK,ts_ms=54809,mode=PCINT,ok=1,cm=10.83,pulse_us=628,timer1=1,pings=1296,valid=1060,timeout=236,miss=236
SONAR_CHK,ts_ms=54849,mode=PCINT,ok=1,cm=10.83,pulse_us=628,timer1=1,pings=1297,valid=1061,timeout=236,miss=236
SONAR_CHK,ts_ms=54889,mode=PCINT,ok=1,cm=9.93,pulse_us=576,timer1=1,pings=1298,valid=1062,timeout=236,miss=236
SONAR_CHK,ts_ms=54929,mode=PCINT,ok=1,cm=9.93,pulse_us=576,timer1=1,pings=1299,valid=1063,timeout=236,miss=236
SONAR_CHK,ts_ms=54969,mode=PCINT,ok=1,cm=10.83,pulse_us=628,timer1=1,pings=1300,valid=1064,timeout=236,miss=236
SONAR_CHK,ts_ms=55009,mode=PCINT,ok=1,cm=10.34,pulse_us=600,timer1=1,pings=1301,valid=1065,timeout=236,miss=236
SONAR_CHK,ts_ms=55049,mode=PCINT,ok=0,cm=0.00,pulse_us=656,timer1=1,pings=1302,valid=1065,timeout=236,miss=236
SONAR_CHK,ts_ms=55053,mode=PCINT,ok=1,cm=11.31,pulse_us=656,timer1=1,pings=1302,valid=1066,timeout=236,miss=236
SONAR_CHK,ts_ms=55089,mode=PCINT,ok=1,cm=13.03,pulse_us=756,timer1=1,pings=1303,valid=1067,tieout=388,miss=388
SONAR_CHK,ts_ms=67539,mode=PCINT,ok=1,cm=10.28,pulse_us=596,timer1=1,pings=1614,valid=1226,timeout=388,miss=388
SONAR_CHK,ts_ms=67579,mode=PCINT,ok=0,cm=0.00,pulse_us=596,timer1=1,pings=1615,valid=1226,timeout=388,miss=388
SONAR_CHK,ts_ms=67584,mode=PCINT,ok=1,cm=10.28,pulse_us=596,timer1=1,pings=1615,valid=1227,timeout=388,miss=388
SONAR_CHK,ts_ms=67619,mode=PCINT,ok=0,cm=0.00,pulse_us=620,timer1=1,pings=1616,valid=1227,timeout=388,miss=388
SONAR_CHK,ts_ms=67623,mode=PCINT,ok=1,cm=10.69,pulse_us=620,timer1=1,pings=1616,valid=1228,timeout=388,miss=388
SONAR_CHK,ts_ms=67659,mode=PCINT,ok=1,cm=10.28,pulse_us=596,timer1=1,pings=1617,valid=1229,timeout=388,miss=388
SONAR_CHK,ts_ms=67699,mode=PCINT,ok=1,cm=10.28,pulse_us=596,timer1=1,pings=1618,valid=1230,timeout=388,miss=388
SONAR_CHK,ts_ms=67739,mode=PCINT,ok=1,cm=10.69,pulse_us=620,timer1=1,pings=1619,valid=1231,timeout=388,miss=388
SONAR_CHK,ts_ms=67779,mode=PCINT,ok=1,cm=10.28,pulse_us=596,timer1=1,pings=1620,valid=1232,timeout=388,miss=388
SONAR_CHK,ts_ms=67819,mode=PCINT,ok=1,cm=10.28,pulse_us=596,timer1=1,pings=1621,valid=1233,timeout=388,miss=388
SONAR_CHK,ts_ms=67860,mode=PCINT,ok=1,cm=10.21,pulse_us=592,timer1=1,pings=1622,valid=1234,timeout=388,miss=388
SONAR_CHK,ts_ms=67900,mode=PCINT,ok=0,cm=0.00,pulse_us=620,timer1=1,pings=1623,valid=1234,timeout=388,miss=388
SONAR_CHK,ts_ms=67904,mode=PCINT,ok=1,cm=10.69,pulse_us=620,timer1=1,pings=1623,valid=1235,timeout=388,miss=388
SONAR_CHK,ts_ms=67940,mode=PCINT,ok=1,cm=10.28,pulse_us=596,timer1=1,pings=1624,valid=1236,timeout=388,miss=388
SONAR_CHK,ts_ms=67980,mode=PCINT,ok=1,cm=10.34,pulse_us=600,timer1=1,pings=1625,valid=1237,timeout=388,miss=388

SONAR_CHK,ts_ms=68340,mode=PCINT,ok=0,cm=0.00,pulse_us=480,timer1=1,pings=1634,valid=1245,timeout=388,miss=388
SONAR_CHK,ts_ms=68344,mode=PCINT,ok=1,cm=8.28,pulse_us=480,timer1=1,pings=1634,valid=1246,timeout=388,miss=388
SONAR_CHK,ts_ms=68540,mode=PCINT,ok=1,cm=7.45,pulse_us=432,timer1=1,pings=1639,valid=1247,timeout=392,miss=392
SONAR_CHK,ts_ms=68580,mode=PCINT,ok=1,cm=6.62,pulse_us=384,timer1=1,pings=1640,valid=1248,timeout=392,miss=392
SONAR_CHK,ts_ms=68620,mode=PCINT,ok=1,cm=6.41,pulse_us=372,timer1=1,pings=1641,valid=1249,timeout=392,miss=392
SONAR_CHK,ts_ms=68660,mode=PCINT,ok=1,cm=7.10,pulse_us=412,timer1=1,pings=1642,valid=1250,timeout=392,miss=392
SONAR_CHK,ts_ms=68700,mode=PCINT,ok=1,cm=6.69,pulse_us=388,timer1=1,pings=1643,valid=1251,timeout=392,miss=392
SONAR_CHK,ts_ms=68740,mode=PCINT,ok=1,cm=6.69,pulse_us=388,timer1=1,pings=1644,valid=1252,timeout=392,miss=392
SONAR_CHK,ts_ms=68781,mode=PCINT,ok=1,cm=7.24,pulse_us=420,timer1=1,pings=1645,valid=1253,timeout=392,miss=392
SONAR_CHK,ts_ms=68820,mode=PCINT,ok=1,cm=6.83,pulse_us=396,timer1=1,pings=1646,valid=1254,timeout=392,miss=392
SONAR_CHK,ts_ms=68860,mode=PCINT,ok=0,cm=0.00,pulse_us=352,timer1=1,pings=1647,valid=1254,timeout=392,miss=392
SONAR_CHK,ts_ms=68865,mode=PCINT,ok=1,cm=6.07,pulse_us=352,timer1=1,pings=1647,valid=1255,timeout=392,miss=392
SONAR_CHK,ts_ms=68900,mode=PCINT,ok=1,cm=6.48,pulse_us=376,timer1=1,pings=1648,valid=1256,timeout=392,miss=392
SONAR_CHK,ts_ms=68940,mode=PCINT,ok=1,cm=6.83,pulse_us=396,timer1=1,pings=1649,valid=1257,timeout=392,miss=392
SONAR_CHK,ts_ms=68980,mode=PCINT,ok=1,cm=6.90,pulse_us=400,timer1=1,pings=1650,valid=1258,timeout=392,miss=392
SONAR_CHK,ts_ms=69020,mode=PCINT,ok=1,cm=6.76,pulse_us=392,timer1=1,pings=1651,valid=1259,timeout=392,miss=392
SONAR_CHK,ts_ms=69060,mode=PCINT,ok=1,cm=6.83,pulse_us=396,timer1=1,pings=1652,valid=1260,timeout=392,miss=392
SONAR_CHK,ts_ms=69100,mode=PCINT,ok=1,cm=6.41,pulse_us=372,timer1=1,pings=1653,valid=1261,timeout=392,miss=392
SONAR_CHK,ts_ms=69140,mode=PCINT,ok=1,cm=6.48,pulse_us=376,timer1=1,pings=1654,valid=1262,timeout=392,miss=392
SONAR_CHK,ts_ms=69181,mode=PCINT,ok=1,cm=6.07,pulse_us=352,timer1=1,pings=1655,valid=1263,timeout=392,miss=392
SONAR_CHK,ts_ms=69221,mode=PCINT,ok=1,cm=6.14,pulse_us=356,timer1=1,pings=1656,valid=1264,timeout=392,miss=392
SONAR_CHK,ts_ms=69261,mode=PCINT,ok=0,cm=0.00,pulse_us=352,timer1=1,pings=1657,valid=1264,timeout=392,miss=392
SONAR_CHK,ts_ms=69265,mode=PCINT,ok=1,cm=6.07,pulse_us=352,timer1=1,pings=1657,valid=1265,timeout=392,miss=392
SONAR_CHK,ts_ms=69301,mode=PCINT,ok=1,cm=6.14,pulse_us=356,timer1=1,pings=1658,valid=1266,timeout=392,miss=392
SONAR_CHK,ts_ms=69341,mode=PCINT,ok=1,cm=6.90,pulse_us=400,timer1=1,pings=1659,valid=1267,timeout=392,miss=392
8,timer1=1,pings=1667,valid=1275,timeout=392,miss=392
SONAR_CHK,ts_ms=69701,mode=PCINT,ok=0,cm=0.00,pulse_us=324,timer1=1,pings=1668,valid=1275,timeout=392,miss=392
SONAR_CHK,ts_ms=69705,mode=PCINT,ok=1,cm=5.59,pulse_us=324,timer1=1,pings=1668,valid=1276,timeout=392,miss=392
SONAR_CHK,ts_ms=69741,mode=PCINT,ok=1,cm=5.72,pulse_us=332,timer1=1,pings=1669,valid=1277,timeout=392,miss=392
SONAR_CHK,ts_ms=69781,mode=PCINT,ok=1,cm=5.79,pulse_us=336,timer1=1,pings=1670,valid=1278,timeout=392,miss=392
SONAR_CHK,ts_ms=69821,mode=PCINT,ok=1,cm=7.10,pulse_us=412,timer1=1,pings=1671,valid=1279,timeout=392,miss=392
SONAR_CHK,ts_ms=69861,mode=PCINT,ok=1,cm=6.83,pulse_us=396,timer1=1,pings=1672,valid=1280,timeout=392,miss=392
SONAR_CHK,ts_ms=69901,mode=PCINT,ok=1,cm=6.14,pulse_us=356,timer1=1,pings=1673,valid=1281,timeout=392,miss=392
SONAR_CHK,ts_ms=69941,mode=PCINT,ok=1,cm=6.14,pulse_us=356,timer1=1,pings=1674,valid=1282,timeout=392,miss=392
SONAR_CHK,ts_ms=69981,mode=PCINT,ok=1,cm=6.14,pulse_us=356,timer1=1,pings=1675,valid=1283,timeout=392,miss=392
SONAR_CHK,ts_ms=70022,mode=PCINT,ok=0,cm=0.00,pulse_us=372,timer1=1,pings=1676,valid=1283,time
SONAR_CHK,ts_ms=89197,mode=PCINT,ok=0,cm=0.00,pulse_us=340,timer1=1,pings=2155,valid=1630,timeout=524,miss=524
SONAR_CHK,ts_ms=89201,mode=PCINT,ok=1,cm=5.86,pulse_us=340,timer1=1,pings=2155,valid=1631,timeout=524,miss=524
SONAR_CHK,ts_ms=89237,mode=PCINT,ok=0,cm=0.00,pulse_us=340,timer1=1,pings=2156,valid=1631,timeout=524,miss=524
SONAR_CHK,ts_ms=89241,mode=PCINT,ok=1,cm=5.86,pulse_us=340,timer1=1,pings=2156,valid=1632,timeout=524,miss=524
SONAR_CHK,ts_ms=89277,mode=PCINT,ok=0,cm=0.00,pulse_us=336,timer1=1,pings=2157,valid=1632,timeout=524,miss=524
SONAR_CHK,ts_ms=89281,mode=PCINT,ok=1,cm=5.79,pulse_us=336,timer1=1,pings=2157,valid=1633,timeout=524,miss=524
SONAR_CHK,ts_ms=89317,mode=PCINT,ok=0,cm=0.00,pulse_us=340,timer1=1,pings=2158,valid=1633,timeout=524,miss=524
SONAR_CHK,ts_ms=89321,mode=PCINT,ok=1,cm=5.86,pulse_us=340,timer1=1,pings=2158,valid=1634,timeout=524,miss=524
SONAR_CHK,ts_ms=89357,mode=PCINT,ok=1,cm=5.86,pulse_us=340,timer1=1,pings=2159,valid=1635,timeout=524,miss=524
SONAR_CHK,ts_ms=89397,mode=PCINT,ok=0,cm=0.00,pulse_us=340,timer1=1,pings=2160,valid=1635,timeout=524,miss=524
SONAR_CHK,ts_ms=89401,mode=PCINT,ok=1,cm=5.86,pulse_us=340,timer1=1,pings=2160,valid=1636,timeout=524,miss=524
SONAR_CHK,ts_ms=89437,mode=PCINT,ok=1,cm=5.79,pulse_us=336,timer1=1,pings=2161,valid=1637,timeout=524,miss=524
SONAR_CHK,ts_ms=89478,mode=PCINT,ok=1,cm=5.45,pulse_us=316,timer1=1,pings=2162,valid=1638,timeout=524,miss=524
SONAR_CHK,ts_ms=89518,mode=PCINT,ok=0,cm=0.00,pulse_us=340,timer1=1,pings=2163,valid=1638,timeout=524,miss=524
SONAR_CHK,ts_ms=89522,mode=PCINT,ok=1,cm=5.86,pulse_us=340,timer1=1,pings=2163,valid=1639,timeout=524,miss=524
SONAR_CHK,ts_ms=89558,mode=PCINT,ok=1,cm=5.79,pulse_us=336,timer1=1,pings=2164,valid=1640,timeout=524,miss=524
er1=1,pings=2172,valid=1648,timeout=524,miss=524
SONAR_CHK,ts_ms=89918,mode=PCINT,ok=1,cm=5.79,pulse_us=336,timer1=1,pings=2173,valid=1649,timeout=524,miss=524
SONAR_CHK,ts_ms=89958,mode=PCINT,ok=1,cm=5.86,pulse_us=340,timer1=1,pings=2174,valid=1650,timeout=524,miss=524
SONAR_CHK,ts_ms=89998,mode=PCINT,ok=1,cm=5.79,pulse_us=336,timer1=1,pings=2175,valid=1651,timeout=524,miss=524
SONAR_CHK,ts_ms=90038,mode=PCINT,ok=1,cm=5.79,pulse_us=336,timer1=1,pings=2176,valid=1652,timeout=524,miss=524
SONAR_CHK,ts_ms=90078,mode=PCINT,ok=1,cm=5.86,pulse_us=340,timer1=1,pings=2177,valid=1653,timeout=524,miss=524
SONAR_CHK,ts_ms=90118,mode=PCINT,ok=1,cm=5.86,pulse_us=340,timer1=1,pings=2178,valid=1654,timeout=524,miss=524
SONAR_CHK,ts_ms=90158,mode=PCINT,ok=0,cm=0.00,pulse_us=336,timer1=1,pings=2179,valid=1654,timeout=524,miss=524
SONAR_CHK,ts_ms=90162,mode=PCINT,ok=1,cm=5.79,pulse_us=336,timer1=1,pings=2179,valid=1655,timeout=524,miss=524
SONAR_CHK,ts_ms=90198,mode=PCINT,ok=1,cm=5.86,pulse_us=340,timer1=1,pings=2180,valid=1656,timeout=524,miss=524
SONAR_CHK,ts_ms=90237,mode=PCINT,ok=1,cm=5.86,pulse_us=340,timer1=1,pings=2181,valid=1657,timeout=524,miss=524
SONAR_CHK,ts_ms=90277,mode=PCINT,ok=1,cm=5.86,pulse_us=340,timer1=1,pings=2182,valid=1658,timeout=524,miss=524
SONAR_CHK,ts_ms=90318,mode=PCINT,ok=1,cm=5.79,pulse_us=336,timer1=1,pings=2183,valid=1659,timeout=524,miss=524
SONAR_CHK,ts_ms=90358,mode=PCINT,ok=1,cm=5.86,pulse_us=340,timer1=1,pings=2184,valid=1660,timeout=524,miss=524
SONAR_CHK,ts_ms=90398,mode=PCINT,ok=1,cm=5.86,pulse_us=340,timer1=1,pings=2185,valid=1661,timeout=524,miss=524
SONAR_CHK,ts_ms=90438,mode=PCINT,ok=1,cm=5.86,pulse_us=340,timer1=1,pings=2186,valid=1662,timeout=524,miss=524
SONAR_CHK,ts_ms=90478,mode=PCINT,ok=0,cm=0.00,pulse_us=340,timer1=1,pings=2187,valid=1662,timeout=524,miss=524
SONAR_CHK,ts_ms=90482,mode=PCINT,ok=1,cm=5.86,pulse_us=340,timer1=1,pings=2187,valid=1663,timeout=524,miss=524
SONAR_CHK,ts_ms=90518,mode=PCINT,ok=1,cm=5.86,pulse_us=340,timer1=1,pings=2188,valid=1664,timeout=524,miss=524
SONAR_CHK,ts_ms=90558,mode=PCINT,ok=1,cm=5.86,pulse_us=340,timer1=1,pings=2189,valid=1665,timeout=524,miss=524
SONAR_CHK,ts_ms=90598,mode=PCINT,ok=1,cm=5.86,pulse_us=340,timer1=1,pings=2190,valid=1666,timeout=524,miss=524
SONAR_CHK,ts_ms=90638,mode=PCINT,ok=1,cm=5.86,pulse_us=340,timer1=1,pings=2191,valid=1667,timeout=524,miss=524
SONAR_CHK,ts_ms=90678,mode=PCINT,ok=1,cm=5.86,pulse_us=340,timer1=1,pings=2192,valid=1668,timeout=524,miss=524
SONAR_CHK,ts_ms=90718,mode=PCINT,ok=1,cm=5.86,pulse_us=340,timer1=1,pings=2193,valid=1669,timeout=524,miss=524
SONAR_CHK,ts_ms=90759,mode=PCINT,ok=0,cm=0.00,pulse_us=340,timer1=1,pings=2194,valid=1669,timeout=524,miss=524
SONAR_CHK,ts_ms=90763,mode=PCINT,ok=1,cm=5.86,pulse_us=340,timer1=1,pings=2194,valid=1670,timeout=524,miss=524
CHK,ts_ms=91038,mode=PCINT,ok=1,cm=5.86,pulse_us=340,timer1=1,pings=2201,valid=1677,timeout=524,miss=524
SONAR_CHK,ts_ms=91078,mode=PCINT,ok=1,cm=5.86,pulse_us=340,timer1=1,pings=2202,valid=1678,timeout=524,miss=524
SONAR_CHK,ts_ms=91118,mode=PCINT,ok=1,cm=5.79,pulse_us=336,timer1=1,pings=2203,valid=1679,timeout=524,miss=524
SONAR_CHK,ts_ms=91159,mode=PCINT,ok=1,cm=5.86,pulse_us=340,timer1=1,pings=2204,valid=1680,timeout=524,miss=524
SONAR_CHK,ts_ms=91199,mode=PCINT,ok=1,cm=5.86,pulse_us=340,timer1=1,pings=2205,valid=1681,timeout=524,miss=524
SONAR_CHK,ts_ms=91239,mode=PCINT,ok=1,cm=5.79,pulse_us=336,timer1=1,pings=2206,valid=1682,timeout=524,miss=524
SONAR_CHK,ts_ms=91279,mode=PCINT,ok=0,cm=0.00,pulse_us=336,timer1=1,pings=2207,valid=1682,timeout=524,miss=524
SONAR_CHK,ts_ms=91283,mode=PCINT,ok=1,cm=5.79,pulse_us=336,timer1=1,pings=2207,valid=1683,timeout=524,miss=524
SONAR_CHK,ts_ms=91319,mode=PCINT,ok=1,cm=5.86,pulse_us=340,timer1=1,pings=2208,valid=1684,timeout=524,miss=524
SONAR_CHK,ts_ms=91359,mode=PCINT,ok=0,cm=0.00,pulse_us=340,timer1=1,pings=2209,valid=1684,timeout=524,miss=524
SONAR_CHK,ts_ms=91363,mode=PCINTts_ms=130552,mode=PCINT,ok=1,cm=8.28,pulse_us=480,timer1=1,pings=3188,valid=2484,timeout=704,miss=704
SONAR_CHK,ts_ms=130592,mode=PCINT,ok=0,cm=0.00,pulse_us=456,timer1=1,pings=3189,valid=2484,timeout=704,miss=704
SONAR_CHK,ts_ms=130596,mode=PCINT,ok=1,cm=7.86,pulse_us=456,timer1=1,pings=3189,valid=2485,timeout=704,miss=704
SONAR_CHK,ts_ms=130632,mode=PCINT,ok=1,cm=7.79,pulse_us=452,timer1=1,pings=3190,valid=2486,timeout=704,miss=704
SONAR_CHK,ts_ms=130672,mode=PCINT,ok=1,cm=8.21,pulse_us=476,timer1=1,pings=3191,valid=2487,timeout=704,miss=704
SONAR_CHK,ts_ms=130712,mode=PCINT,ok=0,cm=0.00,pulse_us=456,timer1=1,pings=3192,valid=2487,timeout=704,miss=704
SONAR_CHK,ts_ms=130716,mode=PCINT,ok=1,cm=7.86,pulse_us=456,timer1=1,pings=3192,valid=2488,timeout=704,miss=704
SONAR_CHK,ts_ms=130752,mode=PCINT,ok=1,cm=7.79,pulse_us=452,timer1=1,pings=3193,valid=2489,timeout=704,miss=704
SONAR_CHK,ts_ms=130792,mode=PCINT,ok=1,cm=8.21,pulse_us=476,timer1=1,pings=3194,valid=2490,timeout=704,miss=704
SONAR_CHK,ts_ms=130832,mode=PCINT,ok=1,cm=7.86,pulse_us=456,timer1=1,pings=3195,valid=2491,timeout=704,miss=704
SONAR_CHK,ts_ms=130872,mode=PCINT,ok=1,cm=7.79,pulse_us=452,timer1=1,pings=3196,valid=2492,timeout=704,miss=704
SONAR_CHK,ts_ms=130912,mode=PCINT,ok=0,cm=0.00,pulse_us=476,timer1=1,pings=3197,valid=2492,timeout=704,miss=704
SONAR_CHK,ts_ms=130917,mode=PCINT,ok=1,cm=8.21,pulse_us=476,timer1=1,pings=3197,valid=2493,timeout=704,miss=704
SONAR_CHK,ts_ms=130953,mode=PCINT,ok=1,cm=7.79,pulse_us=452,timer1=1,pings=3198,valid=2494,timeout=704,miss=704
SONAR_CHK,ts_ms=130993,mode=PCINT,ok=1,cm=7.86,pulse_us=456,timer1=1,pings=3199,valid=2495,timeout=704,miss=704
SONAR_CHK,ts_ms=131033,mode=PCINT,ok=0,cm=0.00,pulse_us=460,timer1=1,pings=3200,valid=2495,timeout=704,miss=704
SONAR_CHK,ts_ms=131037,mode=PCINT,ok=1,cm=7.93,pulse_us=460,timer1=1,pings=3200,valid=2496,timeout=704,miss=704
52,timer1=1,pings=3206,valid=2502,timeout=704,miss=704
SONAR_CHK,ts_ms=131312,mode=PCINT,ok=1,cm=8.21,pulse_us=476,timer1=1,pings=3207,valid=2503,timeout=704,miss=704
SONAR_CHK,ts_ms=131353,mode=PCINT,ok=1,cm=8.21,pulse_us=476,timer1=1,pings=3208,valid=2504,timeout=704,miss=704
SONAR_CHK,ts_ms=131393,mode=PCINT,ok=0,cm=0.00,pulse_us=480,timer1=1,pings=3209,valid=2504,timeout=704,miss=704
SONAR_CHK,ts_ms=131397,mode=PCINT,ok=1,cm=8.28,pulse_us=480,timer1=1,pings=3209,valid=2505,timeout=704,miss=704
SONAR_CHK,ts_ms=131433,mode=PCINT,ok=1,cm=8.28,pulse_us=480,timer1=1,pings=3210,valid=2506,timeout=704,miss=704
SONAR_CHK,ts_ms=131473,mode=PCINT,ok=0,cm=0.00,pulse_us=512,timer1=1,pings=3211,valid=2506,timeout=704,miss=704
SONAR_CHK,ts_ms=131477,mode=PCINT,ok=1,cm=8.83,pulse_us=512,timer1=1,pings=3211,valid=2507,timeout=704,miss=704
SONAR_CHK,ts_ms=131673,mode=PCINT,ok=0,cm=0.00,pulse_us=580,timer1=1,pings=3216,valid=2507,timeout=708,miss=708
SONAR_CHK,ts_ms=131677,mode=PCINT,ok=1,cm=10.00,pulse_us=580,timer1=1,pings=3216,valid=2508,timeout=708,miss=708
SONAR_CHK,ts_ms=131714,mode=PCINT,ok=0,cm=0.00,pulse_us=796,timer1=1,pings=3217,valid=2508,timeout=708,miss=708
SONAR_CHK,ts_ms=131718,mode=PCINT,ok=1,cm=13.72,pulse_us=796,timer1=1,pings=3217,valid=2509,timeout=708,miss=708
SONAR_CHK,ts_ms=131753,mode=PCINT,ok=1,cm=10.34,pulse_us=600,timer1=1,pings=3218,valid=2510,timeout=708,miss=708
SONAR_CHK,ts_ms=131793,mode=PCINT,ok=1,cm=9.10,pulse_us=528,timer1=1,pings=3219,valid=2511,timeout=708,miss=708
SONAR_CHK,ts_ms=131833,mode=PCINT,ok=0,cm=0.00,pulse_us=556,timer1=1,pings=3220,valid=2511,timeout=708,miss=708
SONAR_CHK,ts_ms=131837,mode=PCINT,ok=1,cm=9.59,pulse_us=556,timer1=1,pings=3220,valid=2512,timeout=708,miss=708
SONAR_CHK,ts_ms=131873,mode=PCINT,ok=0,cm=0.00,pulse_us=528,timer1=1,pings=3221,valid=2512,timeout=708,miss=708
SONAR_CHK,ts_ms=131877,mode=PCINT,ok=1,cm=9.10,pulse_us=528,timer1=1,pings=3221,valid=2513,timeout=708,miss=708
SONAR_CHK,ts_ms=131913,mode=PCINT,ok=1,cm=9.10,pulse_us=528,timer1=1,pings=3222,valid=2514,timeout=708,miss=708
SONAR_CHK,ts_ms=131953,mode=PCINT,ok=1,cm=9.45,pulse_us=548,timer1=1,pings=3223,valid=2515,timeout=708,miss=708
SONAR_CHK,ts_ms=131993,mode=PCINT,ok=0,cm=0.00,pulse_us=580,timer1=1,pings=3224,valid=2515,timeout=708,miss=708
SONAR_CHK,ts_ms=131997,mode=PCINT,ok=1,cm=10.00,pulse_us=580,timer1=1,pings=3224,valid=2516,timeout=708,miss=708
SONAR_CHK,ts_ms=132033,mode=PCINT,ok=1,cm=11.24,pulse_us=652,timer1=1,pings=3225,valid=2517,timeout=708,miss=708
SONAR_CHK,ts_ms=132073,mode=PCINT,ok=1,cm=12.07,pulse_us=700,timer1=1,pings=3226,valid=2518,timeout=708,miss=708
SONAR_CHK,ts_ms=132113,mode=PCINT,ok=0,cm=0.00,pulse_us=696,timer1=1,pings=3227,valid=2518,timeout=708,miss=708
SONAR_CHK,ts_ms=132118,mode=PCINT,ok=1,cm=12.00,pulse_us=696,timer1=1,pings=3227,valid=2519,timeout=708,miss=708
INT,ok=1,cm=9.10,pulse_us=528,timer1=1,pings=3241,valid=2525,timeout=716,miss=716
SONAR_CHK,ts_ms=132714,mode=PCINT,ok=1,cm=9.10,pulse_us=528,timer1=1,pings=3242,valid=2526,timeout=716,miss=716
SONAR_CHK,ts_ms=132754,mode=PCINT,ok=1,cm=10.41,pulse_us=604,timer1=1,pings=3243,valid=2527,timeout=716,miss=716
SONAR_CHK,ts_ms=132794,mode=PCINT,ok=1,cm=9.59,pulse_us=556,timer1=1,pings=3244,valid=2528,timeout=716,miss=716
SONAR_CHK,ts_ms=132834,mode=PCINT,ok=1,cm=9.52,pulse_us=552,timer1=1,pings=3245,valid=2529,timeout=716,miss=716
SONAR_CHK,ts_ms=132874,mode=PCINT,ok=1,cm=10.41,pulse_us=604,timer1=1,pings=3246,valid=2530,timeout=716,miss=716
SONAR_CHK,ts_ms=132914,mode=PCINT,ok=1,cm=9.93,pulse_us=576,timer1=1,pings=3247,valid=2531,timeout=716,miss=716
SONAR_CHK,ts_ms=132954,mode=PCINT,ok=1,cm=9.93,pulse_us=576,timer1=1,pings=3248,valid=2532,timeout=716,miss=716
SONAR_CHK,ts_ms=132995,mode=PCINT,ok=1,cm=9.93,pulse_us=576,timer1=1,pings=3249,valid=2533,timeout=716,miss=716
SONAR_CHK,ts_ms=133035,mode=PCINT,ok=1,cm=10.83,pulse_us=628,timer1=1,pings=3250,valid=2534,0,pulse_us=704,timer1=1,pings=3369,valid=2644,timeout=724,miss=724
SONAR_CHK,ts_ms=137802,mode=PCINT,ok=1,cm=12.14,pulse_us=704,timer1=1,pings=3369,valid=2645,timeout=724,miss=724
SONAR_CHK,ts_ms=137838,mode=PCINT,ok=1,cm=12.21,pulse_us=708,timer1=1,pings=3370,valid=2646,timeout=724,miss=724
SONAR_CHK,ts_ms=137878,mode=PCINT,ok=1,cm=11.24,pulse_us=652,timer1=1,pings=3371,valid=2647,timeout=724,miss=724
SONAR_CHK,ts_ms=137918,mode=PCINT,ok=1,cm=12.21,pulse_us=708,timer1=1,pings=3372,valid=2648,timeout=724,miss=724
SONAR_CHK,ts_ms=137959,mode=PCINT,ok=1,cm=12.07,pulse_us=700,timer1=1,pings=3373,valid=2649,timeout=724,miss=724
SONAR_CHK,ts_ms=137999,mode=PCINT,ok=1,cm=12.14,pulse_us=704,timer1=1,pings=3374,valid=2650,timeout=724,miss=724
SONAR_CHK,ts_ms=138039,mode=PCINT,ok=1,cm=12.14,pulse_us=704,timer1=1,pings=3375,valid=2651,timeout=724,miss=724
SONAR_CHK,ts_ms=138079,mode=PCINT,ok=0,cm=0.00,pulse_us=704,timer1=1,pings=3376,valid=2651,timeout=724,miss=724
SONAR_CHK,ts_ms=138083,mode=PCINT,ok=1,cm=12.14,pulse_us=704,timer1=1,pings=3376,valid=2652,timeout=724,miss=724
SONAR_CHK,ts_ms=138119,mode=PCINT,ok=1,cm=12.14,pulse_us=704,timer1=1,pings=3377,valid=2653,timeout=724,miss=724
SONAR_CHK,ts_ms=138159,mode=PCINT,ok=1,cm=12.14,pulse_us=704,timer1=1,pings=3378,valid=2654,timeout=724,miss=724
SONAR_CHK,ts_ms=138199,mode=PCINT,ok=1,cm=12.14,pulse_us=704,timer1=1,pings=3379,valid=2655,timeout=724,miss=724
SONAR_CHK,ts_ms=138238,mode=PCINT,ok=1,cm=12.62,pulse_us=732,timer1=1,pings=3380,valid=2656,timeout=724,miss=724
SONAR_CHK,ts_ms=138278,mode=PCINT,ok=1,cm=12.14,pulse_us=704,timer1=1,pings=3381,valid=2657,timeout=724,miss=724
SONAR_CHK,ts_ms=138318,mode=PCINT,ok=1,cm=12.21,pulse_us=708,timer1=1,pings=3382,valid=2658,timeout=724,miss=724
SONAR_CHK,ts_ms=138359,mode=PCINT,ok=1,cm=12.21,pulse_us=708,timer1=1,pings=3383,valid=2659,timeout=724,miss=724
SONAR_CHK,ts_ms=138399,mode=PCINT,ok=1,cm=12.21,pulse_us=708,timer1=1,pings=3384,valid=2660,timeout=724,miss=724
9,mode=PCINT,ok=1,cm=13.03,pulse_us=756,timer1=1,pings=3392,valid=2668,timeout=724,miss=724
SONAR_CHK,ts_ms=138759,mode=PCINT,ok=1,cm=11.24,pulse_us=652,timer1=1,pings=3393,valid=2669,timeout=724,miss=724
SONAR_CHK,ts_ms=138799,mode=PCINT,ok=1,cm=10.41,pulse_us=604,timer1=1,pings=3394,valid=2670,timeout=724,miss=724
SONAR_CHK,ts_ms=138840,mode=PCINT,ok=1,cm=11.31,pulse_us=656,timer1=1,pings=3395,valid=2671,timeout=724,miss=724
SONAR_CHK,ts_ms=139039,mode=PCINT,ok=1,cm=15.59,pulse_us=904,timer1=1,pings=3400,valid=2672,timeout=728,miss=728
SONAR_CHK,ts_ms=139079,mode=PCINT,ok=1,cm=12.97,pulse_us=752,timer1=1,pings=3401,valid=2673,timeout=728,miss=728
SONAR_CHK,ts_ms=139119,mode=PCINT,ok=1,cm=13.86,pulse_us=804,timer1=1,pings=3402,valid=2674,timeout=728,miss=728
SONAR_CHK,ts_ms=139160,mode=PCINT,ok=0,cm=0.00,pulse_us=876,timer1=1,pings=3403,valid=2674,timeout=728,miss=728
SONAR_CHK,ts_ms=139164,mode=PCINT,ok=1,cm=15.10,pulse_us=876,timer1=1,pings=3403,valid=2675,timeout=728,miss=728
SONAR_CHK,ts_ms=139200,mode=PCINT,ok=1,cm=17.66,pulse_us=1024,timer1=1,pings=3404,valid=2676,timeout=728,miss=728
SONAR_CHK,ts_ms=139240,mode=PCINT,ok=1,cm=19.31,pulse_us=1120,timer1=1,pings=3405,valid=2677,timeout=728,miss=728
SONAR_CHK,ts_ms=139281,mode=PCINT,ok=0,cm=0.00,pulse_us=1620,timer1=1,pings=3406,valid=2677,timeout=728,miss=728
SONAR_CHK,ts_ms=139285,mode=PCINT,ok=1,cm=27.93,pulse_us=1620,timer1=1,pings=3406,valid=2678,timeout=728,miss=728
SONAR_CHK,ts_ms=139320,mode=PCINT,ok=0,cm=0.00,pulse_us=632,timer1=1,pings=3407,valid=2678,timeout=728,miss=728
SONAR_CHK,ts_ms=139324,mode=PCINT,ok=1,cm=10.90,pulse_us=632,timer1=1,pings=3407,valid=2679,timeout=728,miss=728
SONAR_CHK,ts_ms=139360,mode=PCINT,ok=1,cm=10.83,pulse_us=628,timer1=1,pings=3408,valid=2680,timeout=728,miss=728
SONAR_CHK,ts_ms=139400,mode=PCINT,ok=1,cm=10.83,pulse_us=628,timer1=1,pings=3409,valid=2681,timeout=728,miss=728
SONAR_CHK,ts_ms=139440,mode=PCINT,ok=1,cm=11.24,pulse_us=652,timer1=1,pings=3410,valid=2682,timeout=728,miss=728
SONAR_CHK,ts_ms=139480,mode=PCINT,ok=1,cm=10.90,pulse_us=632,timer1=1,pings=3411,valid=2683,timeout=728,miss=728
SONAR_CHK,ts_ms=139520,mode=PCINT,ok=0,cm=0.00,pulse_us=604,timer1=1,pings=3412,valid=2683,timeout=728,miss=728
SONAR_CHK,ts_ms=139524,mode=PCINT,ok=1,cm=10.41,pulse_us=604,timer1=1,pings=3412,valid=2684,timeout=728,miss=728
SONAR_CHK,ts_ms=139559,mode=PCINT,ok=1,cm=12.21,pulse_us=708,timer1=1,pings=3413,valid=2685,timeout=728,miss=728
SONAR_CHK,ts_ms=139599,mode=PCINT,ok=1,cm=10.90,pulse_us=632,timer1=1,pings=3414,valid=2686,timeout=728,miss=728
SONAR_CHK,ts_ms=139639,mode=PCINT,ok=1,cm=10.90,pulse_us=632,timer1=1,pings=3415,valid=2687,timeout=728,miss=728
SONAR_CHK,ts_ms=139680,mode=PCINT,ok=1,cm=12.55,pulse_us=728,timer1=1,pings=3416,valid=2688,timeout=728,miss=728
SONAR_CHK,ts_ms=139720,mode=PCINT,ok=1,cm=10.90,pulse_us=632,timer1=1,pings=3417,valid=2689,timeout=728,miss=728
T,ok=1,cm=26.62,pulse_us=1544,timer1=1,pings=3433,valid=2697,timeout=736,miss=736
SONAR_CHK,ts_ms=140401,mode=PCINT,ok=0,cm=0.00,pulse_us=1640,timer1=1,pings=3434,valid=2697,timeout=736,miss=736
SONAR_CHK,ts_ms=140405,mode=PCINT,ok=1,cm=28.28,pulse_us=1640,timer1=1,pings=3434,valid=2698,timeout=736,miss=736
SONAR_CHK,ts_ms=140761,mode=PCINT,ok=1,cm=16.90,pulse_us=980,timer1=1,pings=3443,valid=2699,timeout=744,miss=744
SONAR_CHK,ts_ms=140801,mode=PCINT,ok=1,cm=14.28,pulse_us=828,timer1=1,pings=3444,valid=2700,timeout=744,miss=744
SONAR_CHK,ts_ms=140841,mode=PCINT,ok=1,cm=14.28,pulse_us=828,timer1=1,pings=3445,valid=2701,timeout=744,miss=744
SONAR_CHK,ts_ms=140881,mode=PCINT,ok=0,cm=0.00,pulse_us=880,timer1=1,pings=3446,valid=2701,timeout=744,miss=744
SONAR_CHK,ts_ms=140886,mode=PCINT,ok=1,cm=15.17,pulse_us=880,timer1=1,pings=3446,valid=2702
SONAR_CHK,ts_ms=148968,mode=PCINT,ok=1,cm=27.86,pulse_us=1616,timer1=1,pings=3648,valid=2748,timeout=900,miss=900
SONAR_CHK,ts_ms=149008,mode=PCINT,ok=0,cm=0.00,pulse_us=1516,timer1=1,pings=3649,valid=2748,timeout=900,miss=900
SONAR_CHK,ts_ms=149012,mode=PCINT,ok=1,cm=26.14,pulse_us=1516,timer1=1,pings=3649,valid=2749,timeout=900,miss=900
SONAR_CHK,ts_ms=149048,mode=PCINT,ok=0,cm=0.00,pulse_us=1496,timer1=1,pings=3650,valid=2749,timeout=900,miss=900
SONAR_CHK,ts_ms=149053,mode=PCINT,ok=1,cm=25.79,pulse_us=1496,timer1=1,pings=3650,valid=2750,timeout=900,miss=900
SONAR_CHK,ts_ms=149089,mode=PCINT,ok=1,cm=25.66,pulse_us=1488,timer1=1,pings=3651,valid=2751,timeout=900,miss=900
SONAR_CHK,ts_ms=149129,mode=PCINT,ok=1,cm=25.31,pulse_us=1468,timer1=1,pings=3652,valid=2752,timeout=900,miss=900
SONAR_CHK,ts_ms=149169,mode=PCINT,ok=1,cm=24.00,pulse_us=1392,timer1=1,pings=3653,valid=2753,timeout=900,miss=900
SONAR_CHK,ts_ms=149209,mode=PCINT,ok=1,cm=22.76,pulse_us=1320,timer1=1,pings=3654,valid=2754,timeout=900,miss=900
SONAR_CHK,ts_ms=149249,mode=PCINT,ok=1,cm=24.55,pulse_us=1424,timer1=1,pings=3655,valid=2755,timeout=900,miss=900
SONAR_CHK,ts_ms=149288,mode=PCINT,ok=1,cm=24.55,pulse_us=1424,timer1=1,pings=3656,valid=2756,timeout=900,miss=900
SONAR_CHK,ts_ms=149328,mode=PCINT,ok=1,cm=24.90,pulse_us=1444,timer1=1,pings=3657,valid=2757,timeout=900,miss=900
SONAR_CHK,ts_ms=149368,mode=PCINT,ok=0,cm=0.00,pulse_us=1544,timer1=1,pings=3658,valid=2757,timeout=900,miss=900
SONAR_CHK,ts_ms=149372,mode=PCINT,ok=1,cm=26.62,pulse_us=1544,timer1=1,pings=3658,valid=2758,timeout=900,miss=900
SONAR_CHK,ts_ms=149408,mode=PCINT,ok=1,cm=27.45,pulse_us=1592,timer1=1,pings=3659,valid=2759,timeout=900,miss=900
SONAR_CHK,ts_ms=149448,mode=PCINT,ok=1,cm=27.45,pulse_us=1592,timer1=1,pings=3660,valid=2760,timeout=900,miss=900
SONAR_CHK,ts_ms=149489,mode=PCINT,ok=1,cm=27.86,pulse_us=1616,timer1=1,pings=3661,valid=2761,timeout=900,miss=900
SONAR_CHK,ts_ms=149529,mode=PCINT,ok=1,cm=29.17,pulse_us=1692,timer1=1,pings=3662,valid=2762,timeout=900,miss=900
SONAR_CHK,ts_ms=149569,mode=PCINT,ok=1,cm=29.59,pulse_us=1716,timer1=1,pings=3663,valid=2763,timeout=900,miss=900
HOST_CMD,t
SONAR_CHK,ts_ms=149608,mode=PCINT,ok=0,cm=0.00,pulse_us=708,timer1=1,pings=3664,valid=2763,timeout=900,miss=900
SONAR_CHK,ts_ms=149612,mode=PCINT,ok=1,cm=12.21,pulse_us=708,timer1=1,pings=3664,valid=2764,timeout=900,miss=900
SONAR_CHK,ts_ms=149648,mode=PCINT,ok=0,cm=0.00,pulse_us=632,timer1=1,pings=3665,valid=2764,timeout=900,miss=900
SONAR_CHK,ts_ms=149652,mode=PCINT,ok=1,cm=10.90,pulse_us=632,timer1=1,pings=3665,valid=2765,timeout=900,miss=900
SONAR_CHK,ts_ms=149688,mode=PCINT,ok=0,cm=0.00,pulse_us=656,timer1=1,pings=3666,valid=2765,timeout=900,miss=900
SONAR_CHK,ts_ms=149692,mode=PCINT,ok=1,cm=11.31,pulse_us=656,timer1=1,pings=3666,valid=2766,timeout=900,miss=900
SONAR_CHK,ts_ms=149728,mode=PCINT,ok=1,cm=10.90,pulse_us=632,timer1=1,pings=3667,valid=2767,timeout=900,miss=900
SONAR_CHK,ts_ms=149768,mode=PCINT,ok=1,cm=10.83,pulse_us=628,timer1=1,pings=3668,valid=2768,timeout=900,miss=900
SONAR_CHK,ts_ms=149809,mode=PCINT,ok=1,cm=13.38,pulse_us=776,timer1=1,pings=3669,valid=2769,timeout=900,miss=900
SONAR_CHK,ts_ms=149849,mode=PCINT,ok=1,cm=27.93,pulse_us=1620,timer1=1,pings=3670,valid=2770,timeout=900,miss=900
SONAR_CHK,ts_ms=149889,mode=PCINT,ok=1,cm=20.76,pulse_us=1204,timer1=1,pings=3671,valid=2771,timeout=900,miss=900
SONAR_CHK,ts_ms=149929,mode=PCINT,ok=0,cm=0.00,pulse_us=1772,timer1=1,pings=3672,valid=2771,timeout=900,miss=900
SONAR_CHK,ts_ms=149934,mode=PCINT,ok=1,cm=30.55,pulse_us=1772,timer1=1,pings=3672,valid=2772,timeout=900,miss=900
SONAR_CHK,ts_ms=152051,mode=PCINT,ok=1,cm=28.69,pulse_us=1664,timer1=1,pings=3725,valid=2773,timeout=952,miss=952
SONAR_CHK,ts_ms=152091,mode=PCINT,ok=1,cm=27.93,pulse_us=1620,timer1=1,pings=3726,valid=2774,timeout=952,miss=952
SONAR_CHK,ts_ms=152131,mode=PCINT,ok=0,cm=0.00,pulse_us=1668,timer1=1,pings=3727,valid=2774,timeout=952,miss=952
SONAR_CHK,ts_ms=152135,mode=PCINT,ok=1,cm=28.76,pulse_us=1668,timer1=1,pings=3727,valid=2775,timeout=952,miss=952
SONAR_CHK,ts_ms=152171,mode=PCINT,ok=1,cm=26.21,pulse_us=1520,timer1=1,pings=3728,valid=2776,timeout=952,miss=952
SONAR_CHK,ts_ms=152211,mode=PCINT,ok=1,cm=26.62,pulse_us=1544,timer1=1,pings=3729,valid=2777,timeout=952,miss=952
SONAR_CHK,ts_ms=152250,mode=PCINT,ok=1,cm=11.66,pulse_us=676,timer1=1,pings=3730,valid=2778,timeout=952,miss=952
SONAR_CHK,ts_ms=152291,mode=PCINT,ok=0,cm=0.00,pulse_us=1620,timer1=1,pings=3731,valid=2778,timeout=952,miss=952
SONAR_CHK,ts_ms=152295,mode=PCINT,ok=1,cm=27.93,pulse_us=1620,timer1=1,pings=3731,valid=2779,timeout=952,miss=952
SONAR_CHK,ts_ms=152331,mode=PCINT,ok=1,cm=28.83,pulse_us=1672,timer1=1,pings=3732,valid=2780,timeout=952,miss=952
SONAR_CHK,ts_ms=152371,mode=PCINT,ok=1,cm=27.03,pulse_us=1568,timer1=1,pings=3733,valid=2781,timeout=952,miss=952
SONAR_CHK,ts_ms=152411,mode=PCINT,ok=1,cm=26.62,pulse_us=1544,timer1=1,pings=3734,valid=2782,timeout=952,miss=952
SONAR_CHK,ts_ms=152451,mode=PCINT,ok=0,cm=0.00,pulse_us=700,timer1=1,pings=3735,valid=2782,timeout=952,miss=952
SONAR_CHK,ts_ms=152455,mode=PCINT,ok=1,cm=12.07,pulse_us=700,timer1=1,pings=3735,valid=2783,timeout=952,miss=952
SONAR_CHK,ts_ms=152491,mode=PCINT,ok=1,cm=11.31,pulse_us=656,timer1=1,pings=3736,valid=2784,timeout=952,miss=952
SONAR_CHK,ts_ms=152530,mode=PCINT,ok=1,cm=12.62,pulse_us=732,timer1=1,pings=3737,valid=2785,timeout=952,miss=952
SONAR_CHK,ts_ms=152570,mode=PCINT,ok=1,cm=14.28,pulse_us=828,timer1=1,pings=3738,valid=2786,timeout=952,miss=952
SONAR_CHK,ts_ms=152610,mode=PCINT,ok=1,cm=12.14,pulse_us=704,timer1=1,pings=3739,valid=2787,timeout=952,miss=952
SONAR_CHK,ts_ms=152650,mode=PCINT,ok=1,cm=12.14,pulse_us=704,timer1=1,pings=3740,valid=2788,timeout=952,miss=952
SONAR_CHK,ts_ms=152690,mode=PCINT,ok=1,cm=12.55,pulse_us=728,timer1=1,pings=3741,valid=2789,timeout=952,miss=952
SONAR_CHK,ts_ms=152730,mode=PCINT,ok=1,cm=11.31,pulse_us=656,timer1=1,pings=3742,valid=2790,timeout=952,miss=952
SONAR_CHK,ts_ms=152770,mode=PCINT,ok=1,cm=12.21,pulse_us=708,timer1=1,pings=3743,valid=2791,timeout=952,miss=952
SONAR_CHK,ts_ms=152810,mode=PCINT,ok=1,cm=12.55,pulse_us=728,timer1=1,pings=3744,valid=2792,timeout=952,miss=952
SONAR_CHK,ts_ms=152851,mode=PCINT,ok=1,cm=11.31,pulse_us=656,timer1=1,pings=3745,valid=2793,timeout=952,miss=952
SONAR_CHK,ts_ms=152891,mode=PCINT,ok=1,cm=13.31,pulse_us=772,timer1=1,pings=3746,valid=2794,timeout=952,miss=952
SONAR_CHK,ts_ms=152932,mode=PCINT,ok=1,cm=26.21,pulse_us=1520,timer1=1,pings=3747,valid=2795,timeout=952,miss=952
SONAR_CHK,ts_ms=152971,mode=PCINT,ok=1,cm=13.45,pulse_us=780,timer1=1,pings=3748,valid=2796,timeout=952,miss=952
SONAR_CHK,ts_ms=153012,mode=PCINT,ok=1,cm=24.07,pulse_us=1396,timer1=1,pings=3749,valid=2797,timeout=952,miss=952
SONAR_CHK,ts_ms=153052,mode=PCINT,ok=1,cm=25.38,pulse_us=1472,timer1=1,pings=3750,valid=2798,timeout=952,miss=952
SONAR_CHK,ts_ms=153092,mode=PCINT,ok=1,cm=27.10,pulse_us=1572,timer1=1,pings=3751,valid=2799,timeout=952,miss=952
SONAR_CHK,ts_ms=153132,mode=PCINT,ok=0,cm=0.00,pulse_us=1644,timer1=1,pings=3752,valid=2799,timeout=952,miss=952
SONAR_CHK,ts_ms=153136,mode=PCINT,ok=1,cm=28.34,pulse_us=1644,timer1=1,pings=3752,valid=2800,timeout=952,miss=952
SONAR_CHK,ts_ms=153171,mode=PCINT,ok=1,cm=27.93,pulse_us=1620,timer1=1,pings=3753,valid=2801,timeout=952,miss=952
SONAR_CHK,ts_ms=153211,mode=PCINT,ok=0,cm=0.00,pulse_us=1596,timer1=1,pings=3754,valid=2801,timeout=952,miss=952
SONAR_CHK,ts_ms=153216,mode=PCINT,ok=1,cm=27.52,pulse_us=1596,timer1=1,pings=3754,valid=2802,timeout=952,miss=952
SONAR_CHK,ts_ms=153251,mode=PCINT,ok=1,cm=28.83,pulse_us=1672,timer1=1,pings=3755,valid=2803,timeout=952,miss=952
SONAR_CHK,ts_ms=153292,mode=PCINT,ok=1,cm=28.34,pulse_us=1644,timer1=1,pings=3756,valid=2804,timeout=952,miss=952
SONAR_CHK,ts_ms=153332,mode=PCINT,ok=1,cm=28.34,pulse_us=1644,timer1=1,pings=3757,valid=2805,timeout=952,miss=952
SONAR_CHK,ts_ms=153372,mode=PCINT,ok=0,cm=0.00,pulse_us=1644,timer1=1,pings=3758,valid=2805,timeout=952,miss=952
SONAR_CHK,ts_ms=153376,mode=PCINT,ok=1,cm=28.34,pulse_us=1644,timer1=1,pings=3758,valid=2806,timeout=952,miss=952
SONAR_CHK,ts_ms=153412,mode=PCINT,ok=1,cm=28.34,pulse_us=1644,timer1=1,pings=3759,valid=2807,timeout=952,miss=952
SONAR_CHK,ts_ms=153452,mode=PCINT,ok=0,cm=0.00,pulse_us=1644,timer1=1,pings=3760,valid=2807,timeout=952,miss=952
SONAR_CHK,ts_ms=153456,mode=PCINT,ok=1,cm=28.34,pulse_us=1644,timer1=1,pings=3760,valid=2808,timeout=952,miss=952
SONAR_CHK,ts_ms=153492,mode=PCINT,ok=1,cm=28.76,pulse_us=1668,timer1=1,pings=3761,valid=2809,timeout=952,miss=952
SONAR_CHK,ts_ms=153532,mode=PCINT,ok=0,cm=0.00,pulse_us=1644,timer1=1,pings=3762,valid=2809,timeout=952,miss=952
SONAR_CHK,ts_ms=153536,mode=PCINT,ok=1,cm=28.34,pulse_us=1644,timer1=1,pings=3762,valid=2810,timeout=952,miss=952
SONAR_CHK,ts_ms=153572,mode=PCINT,ok=0,cm=0.00,pulse_us=1644,timer1=1,pings=3763,valid=2810,timeout=952,miss=952
SONAR_CHK,ts_ms=153576,mode=PCINT,ok=1,cm=28.34,pulse_us=1644,timer1=1,pings=3763,valid=2811,timeout=952,miss=952
SONAR_CHK,ts_ms=153612,mode=PCINT,ok=0,cm=0.00,pulse_us=1696,timer1=1,pings=3764,valid=2811,timeout=952,miss=952
SONAR_CHK,ts_ms=153616,mode=PCINT,ok=1,cm=29.24,pulse_us=1696,timer1=1,pings=3764,valid=2812,timeout=952,miss=952
SONAR_CHK,ts_ms=153652,mode=PCINT,ok=1,cm=27.93,pulse_us=1620,timer1=1,pings=3765,valid=2813,timeout=952,miss=952
SONAR_CHK,ts_ms=153692,mode=PCINT,ok=1,cm=28.34,pulse_us=1644,timer1=1,pings=3766,valid=2814,timeout=952,miss=952
SONAR_CHK,ts_ms=153733,mode=PCINT,ok=0,cm=0.00,pulse_us=1620,timer1=1,pings=3767,valid=2814,timeout=952,miss=952
SONAR_CHK,ts_ms=153737,mode=PCINT,ok=1,cm=27.93,pulse_us=1620,timer1=1,pings=3767,valid=2815,timeout=952,miss=952
SONAR_CHK,ts_ms=153773,mode=PCINT,ok=1,cm=27.52,pulse_us=1596,timer1=1,pings=3768,valid=2816,timeout=952,miss=952
SONAR_CHK,ts_ms=153812,mode=PCINT,ok=1,cm=28.41,pulse_us=1648,timer1=1,pings=3769,valid=2817,timeout=952,miss=952
SONAR_CHK,ts_ms=153852,mode=PCINT,ok=1,cm=29.24,pulse_us=1696,timer1=1,pings=3770,valid=2818,timeout=952,miss=952
SONAR_CHK,ts_ms=153892,mode=PCINT,ok=1,cm=28.76,pulse_us=1668,timer1=1,pings=3771,valid=2819,timeout=952,miss=952
SONAR_CHK,ts_ms=153932,mode=PCINT,ok=0,cm=0.00,pulse_us=1672,timer1=1,pings=3772,valid=2819,timeout=952,miss=952
SONAR_CHK,ts_ms=153936,mode=PCINT,ok=1,cm=28.83,pulse_us=1672,timer1=1,pings=3772,valid=2820,timeout=952,miss=952
SONAR_CHK,ts_ms=153972,mode=PCINT,ok=0,cm=0.00,pulse_us=1648,timer1=1,pings=3773,valid=2820,timeout=952,miss=952
SONAR_CHK,ts_ms=153976,mode=PCINT,ok=1,cm=28.41,pulse_us=1648,timer1=1,pings=3773,valid=2821,timeout=952,miss=952
SONAR_CHK,ts_ms=154012,mode=PCINT,ok=1,cm=29.24,pulse_us=1696,timer1=1,pings=3774,valid=2822,timeout=952,miss=952
SONAR_CHK,ts_ms=154052,mode=PCINT,ok=1,cm=28.34,pulse_us=1644,timer1=1,pings=3775,valid=2823,timeout=952,miss=952
SONAR_CHK,ts_ms=154092,mode=PCINT,ok=1,cm=29.31,pulse_us=1700,timer1=1,pings=3776,valid=2824,timeout=952,miss=952
SONAR_CHK,ts_ms=154133,mode=PCINT,ok=1,cm=29.24,pulse_us=1696,timer1=1,pings=3777,valid=2825,timeout=952,miss=952
SONAR_CHK,ts_ms=154173,mode=PCINT,ok=1,cm=28.34,pulse_us=1644,timer1=1,pings=3778,valid=2826,timeout=952,miss=952
SONAR_CHK,ts_ms=154213,mode=PCINT,ok=0,cm=0.00,pulse_us=1620,timer1=1,pings=3779,valid=2826,timeout=952,miss=952
SONAR_CHK,ts_ms=154217,mode=PCINT,ok=1,cm=27.93,pulse_us=1620,timer1=1,pings=3779,valid=2827,timeout=952,miss=952
SONAR_CHK,ts_ms=154253,mode=PCINT,ok=1,cm=28.76,pulse_us=1668,timer1=1,pings=3780,valid=2828,timeout=952,miss=952
SONAR_CHK,ts_ms=154293,mode=PCINT,ok=1,cm=27.93,pulse_us=1620,timer1=1,pings=3781,valid=2829,timeout=952,miss=952
SONAR_CHK,ts_ms=154333,mode=PCINT,ok=1,cm=27.59,pulse_us=1600,timer1=1,pings=3782,valid=
SONAR_CHK,ts_ms=160898,mode=PCINT,ok=1,cm=26.21,pulse_us=1520,timer1=1,pings=3946,valid=2994,timeout=952,miss=952
SONAR_CHK,ts_ms=160937,mode=PCINT,ok=1,cm=26.69,pulse_us=1548,timer1=1,pings=3947,valid=2995,timeout=952,miss=952
SONAR_CHK,ts_ms=160977,mode=PCINT,ok=0,cm=0.00,pulse_us=1520,timer1=1,pings=3948,valid=2995,timeout=952,miss=952
SONAR_CHK,ts_ms=160983,mode=PCINT,ok=1,cm=26.21,pulse_us=1520,timer1=1,pings=3948,valid=2996,timeout=952,miss=952
SONAR_CHK,ts_ms=161018,mode=PCINT,ok=0,cm=0.00,pulse_us=1520,timer1=1,pings=3949,valid=2996,timeout=952,miss=952
SONAR_CHK,ts_ms=161022,mode=PCINT,ok=1,cm=26.21,pulse_us=1520,timer1=1,pings=3949,valid=2997,timeout=952,miss=952
SONAR_CHK,ts_ms=161058,mode=PCINT,ok=1,cm=26.21,pulse_us=1520,timer1=1,pings=3950,valid=2998,timeout=952,miss=952
SONAR_CHK,ts_ms=161098,mode=PCINT,ok=1,cm=26.21,pulse_us=1520,timer1=1,pings=3951,valid=2999,timeout=952,miss=952
SONAR_CHK,ts_ms=161138,mode=PCINT,ok=0,cm=0.00,pulse_us=1520,timer1=1,pings=3952,valid=2999,timeout=952,miss=952
SONAR_CHK,ts_ms=161142,mode=PCINT,ok=1,cm=26.21,pulse_us=1520,timer1=1,pings=3952,valid=3000,timeout=952,miss=952
SONAR_CHK,ts_ms=161178,mode=PCINT,ok=0,cm=0.00,pulse_us=1548,timer1=1,pings=3953,valid=3000,timeout=952,miss=952
SONAR_CHK,ts_ms=161182,mode=PCINT,ok=1,cm=26.69,pulse_us=1548,timer1=1,pings=3953,valid=3001,timeout=952,miss=952
SONAR_CHK,ts_ms=161218,mode=PCINT,ok=1,cm=25.79,pulse_us=1496,timer1=1,pings=3954,valid=3002,timeout=952,miss=952
SONAR_CHK,ts_ms=161258,mode=PCINT,ok=1,cm=26.28,pulse_us=1524,timer1=1,pings=3955,valid=3003,timeout=952,miss=952
SONAR_CHK,ts_ms=161298,mode=PCINT,ok=1,cm=26.28,pulse_us=1524,timer1=1,pings=3956,valid=3004,timeout=952,miss=952
SONAR_CHK,ts_ms=161338,mode=PCINT,ok=1,cm=25.79,pulse_us=1496,timer1=1,pings=3957,valid=3005,timeout=952,miss=952
SONAR_CHK,ts_ms=161378,mode=PCINT,ok=1,cm=26.55,pulse_us=1540,timer1=1,pings=3958,valid=3006,timeout=952,miss=952
SONAR_CHK,ts_ms=161419,mode=PCINT,ok=1,cm=26.62,pulse_us=1544,timer1=1,pings=3959,valid=3007,timeout=952,miss=952
SONAR_CHK,ts_ms=161459,mode=PCINT,ok=1,cm=26.28,pulse_us=1524,timer1=1,pings=3960,valid=3008,timeout=952,miss=952
SONAR_CHK,ts_ms=161499,mode=PCINT,ok=1,cm=26.21,pulse_us=1520,timer1=1,pings=3961,valid=3009,timeout=952,miss=952
SONAR_CHK,ts_ms=161539,mode=PCINT,ok=1,cm=26.69,pulse_us=1548,timer1=1,pings=3962,valid=3010,timeout=952,miss=952
SONAR_CHK,ts_ms=161579,mode=PCINT,ok=1,cm=26.69,pulse_us=1548,timer1=1,pings=3963,valid=3011,timeout=952,miss=952
SONAR_CHK,ts_ms=161618,mode=PCINT,ok=0,cm=0.00,pulse_us=1516,timer1=1,pings=3964,valid=3011,timeout=952,miss=952
SONAR_CHK,ts_ms=161623,mode=PCINT,ok=1,cm=26.14,pulse_us=1516,timer1=1,pings=3964,valid=3012,timeout=952,miss=952
SONAR_CHK,ts_ms=161658,mode=PCINT,ok=0,cm=0.00,pulse_us=1520,timer1=1,pings=3965,valid=3012,timeout=952,miss=952
SONAR_CHK,ts_ms=161662,mode=PCINT,ok=1,cm=26.21,pulse_us=1520,timer1=1,pings=3965,valid=3013,timeout=952,miss=952
SONAR_CHK,ts_ms=161698,mode=PCINT,ok=1,cm=26.21,pulse_us=1520,timer1=1,pings=3966,valid=3014,timeout=952,miss=952
SONAR_CHK,ts_ms=161738,mode=PCINT,ok=0,cm=0.00,pulse_us=1520,timer1=1,pings=3967,valid=3014,timeout=952,miss=952
SONAR_CHK,ts_ms=161742,mode=PCINT,ok=1,cm=26.21,pulse_us=1520,timer1=1,pings=3967,valid=3015,timeout=952,miss=952
SONAR_CHK,ts_ms=161778,mode=PCINT,ok=1,cm=26.62,pulse_us=1544,timer1=1,pings=3968,valid=3016,timeout=952,miss=952
SONAR_CHK,ts_ms=161818,mode=PCINT,ok=1,cm=26.14,pulse_us=1516,timer1=1,pings=3969,valid=3017,timeout=952,miss=952
SONAR_CHK,ts_ms=161859,mode=PCINT,ok=1,cm=26.28,pulse_us=1524,timer1=1,pings=3970,valid=3018,timeout=952,miss=952
SONAR_CHK,ts_ms=161899,mode=PCINT,ok=1,cm=26.21,pulse_us=1520,timer1=1,pings=3971,valid=3019,timeout=952,miss=952
SONAR_CHK,ts_ms=161939,mode=PCINT,ok=1,cm=25.79,pulse_us=1496,timer1=1,pings=3972,valid=3020,timeout=952,miss=952
SONAR_CHK,ts_ms=161979,mode=PCINT,ok=1,cm=25.79,pulse_us=1496,timer1=1,pings=3973,valid=3021,timeout=952,miss=952
SONAR_CHK,ts_ms=162019,mode=PCINT,ok=0,cm=0.00,pulse_us=1520,timer1=1,pings=3974,valid=3021,timeout=952,miss=952
SONAR_CHK,ts_ms=162023,mode=PCINT,ok=1,cm=26.21,pulse_us=1520,timer1=1,pings=3974,valid=3022,timeout=952,miss=952
SONAR_CHK,ts_ms=162059,mode=PCINT,ok=1,cm=25.79,pulse_us=1496,timer1=1,pings=3975,valid=3023,timeout=952,miss=952
SONAR_CHK,ts_ms=162099,mode=PCINT,ok=1,cm=26.21,pulse_us=1520,timer1=1,pings=3976,valid=3024,timeout=952,miss=952
SONAR_CHK,ts_ms=162139,mode=PCINT,ok=1,cm=26.21,pulse_us=1520,timer1=1,pings=3977,valid=3025,timeout=952,miss=952
SONAR_CHK,ts_ms=162179,mode=PCINT,ok=1,cm=26.69,pulse_us=1548,timer1=1,pings=3978,valid=3026,timeout=952,miss=952
SONAR_CHK,ts_ms=162219,mode=PCINT,ok=1,cm=25.79,pulse_us=1496,timer1=1,pings=3979,valid=3027,timeout=952,miss=952
SONAR_CHK,ts_ms=162258,mode=PCINT,ok=1,cm=25.79,pulse_us=1496,timer1=1,pings=3980,valid=3028,timeout=952,miss=952
SONAR_CHK,ts_ms=162299,mode=PCINT,ok=1,cm=26.69,pulse_us=1548,timer1=1,pings=3981,valid=3029,timeout=952,miss=952
SONAR_CHK,ts_ms=162339,mode=PCINT,ok=0,cm=0.00,pulse_us=1496,timer1=1,pings=3982,valid=3029,timeout=952,miss=952
SONAR_CHK,ts_ms=162343,mode=PCINT,ok=1,cm=25.79,pulse_us=1496,timer1=1,pings=3982,valid=3030,timeout=952,miss=952
SONAR_CHK,ts_ms=162379,mode=PCINT,ok=1,cm=26.21,pulse_us=1520,timer1=1,pings=3983,valid=3031,timeout=952,miss=952
SONAR_CHK,ts_ms=162419,mode=PCINT,ok=1,cm=26.21,pulse_us=1520,timer1=1,pings=3984,valid=3032,timeout=952,miss=952
SONAR_CHK,ts_ms=162459,mode=PCINT,ok=1,cm=26.21,pulse_us=1520,timer1=1,pings=3985,valid=3033,timeout=952,miss=952
SONAR_CHK,ts_ms=162499,mode=PCINT,ok=1,cm=25.79,pulse_us=1496,timer1=1,pings=3986,valid=3034,timeout=952,miss=952
SONAR_CHK,ts_ms=162539,mode=PCINT,ok=0,cm=0.00,pulse_us=1496,timer1=1,pings=3987,valid=3034,timeout=952,miss=952
SONAR_CHK,ts_ms=162543,mode=PCINT,ok=1,cm=25.79,pulse_us=1496,timer1=1,pings=3987,valid=3035,timeout=952,miss=952
SONAR_CHK,ts_ms=162579,mode=PCINT,ok=1,cm=26.21,pulse_us=1520,timer1=1,pings=3988,valid=3036,timeout=952,miss=952
SONAR_CHK,ts_ms=162619,mode=PCINT,ok=1,cm=25.79,pulse_us=1496,timer1=1,pings=3989,valid=3037,timeout=952,miss=952
SONAR_CHK,ts_ms=162659,mode=PCINT,ok=1,cm=26.21,pulse_us=1520,timer1=1,pings=3990,valid=3038,timeout=952,miss=952
SONAR_CHK,ts_ms=162700,mode=PCINT,ok=1,cm=26.62,pulse_us=1544,timer1=1,pings=3991,valid=3039,timeout=952,miss=952
SONAR_CHK,ts_ms=162740,mode=PCINT,ok=1,cm=25.72,pulse_us=1492,timer1=1,pings=3992,valid=3040,timeout=952,miss=952
SONAR_CHK,ts_ms=162780,mode=PCINT,ok=1,cm=26.62,pulse_us=1544,timer1=1,pings=3993,valid=3041,timeout=952,miss=952
SONAR_CHK,ts_ms=162820,mode=PCINT,ok=1,cm=26.62,pulse_us=1544,timer1=1,pings=3994,valid=3042,timeout=952,miss=952
SONAR_CHK,ts_ms=162860,mode=PCINT,ok=0,cm=0.00,pulse_us=1520,timer1=1,pings=3995,valid=3042,timeout=952,miss=952
SONAR_CHK,ts_ms=162864,mode=PCINT,ok=1,cm=26.21,pulse_us=1520,timer1=1,pings=3995,valid=3043,timeout=952,miss=952
SONAR_CHK,ts_ms=162899,mode=PCINT,ok=1,cm=25.79,pulse_us=1496,timer1=1,pings=3996,valid=3044,timeout=952,miss=952
SONAR_CHK,ts_ms=162939,mode=PCINT,ok=1,cm=26.14,pulse_us=1516,timer1=1,pings=3997,valid=3045,timeout=952,miss=952
SONAR_CHK,ts_ms=162979,mode=PCINT,ok=1,cm=26.21,pulse_us=1520,timer1=1,pings=3998,valid=3046,timeout=952,miss=952
SONAR_CHK,ts_ms=163019,mode=PCINT,ok=1,cm=25.79,pulse_us=1496,timer1=1,pings=3999,valid=3047,timeout=952,miss=952
SONAR_CHK,ts_ms=163059,mode=PCINT,ok=1,cm=25.79,pulse_us=1496,timer1=1,pings=4000,valid=3048,timeout=952,miss=952
OK,stream=0
