BALL_BEAM_BOOT
HELP,keys
STATE,SAFE_DISABLED
SENSORS,angle=bad,pos=bad,m=n
MEAS,theta_deg=0.0000,x_cm=0.0000,x_filt_cm=0.0000
AGE,angle_ms=0,pos_ms=0,miss=0
FAULTS,bits=0
CAL,zero_calibrated=no,limits_calibrated=no,sign_calibrated=no
SONAR_CFG,s=-1,u=1
ACT_CFG,t=0.0000,v=0,e=0.000
TEL,enabled=1
FAULT_INFO,bits=0
FAULT_INFO,none
TEL,350,SAFE_DISABLED,0.0000,0.0000,0.0000,0.0000,0.00,0,0.0000,0,0,1,0.0000,0.0000,0,-33.3105,0.0000,idle,0.0000,0.0000,0.0000,0.0000,0.0000,0.0000
TEL,450,SAFE_DISABLED,0.0000,0.0000,0.0000,0.0000,0.00,0,0.0000,0,0,4,0.0000,0.0000,0,-33.3105,0.0000,idle,0.0000,0.0000,0.0000,0.0000,0.0000,0.0000
TEL,550,SAFE_DISABLED,0.0000,0.0000,0.0000,0.0000,0.00,0,0.0000,0,0,6,0.0000,0.0000,0,-33.3984,0.0000,idle,0.0000,0.0000,0.0000,0.0000,0.0000,0.0000
TEL,650,SAFE_DISABLED,0.0000,0.0000,0.0000,0.0000,0.00,0,0.0000,0,0,9,0.0000,0.0000,0,-33.3105,0.0000,idle,0.0000,0.0000,0.0000,0.0000,0.0000,0.0000
TEL,750,SAFE_DISABLED,0.0000,0.0000,0.0000,0.0000,0.00,0,0.0000,0,0,11,0.0000,0.0000,0,-33.3105,0.0000,idle,0.0000,0.0000,0.0000,0.0000,0.0000,0.0000
TEL,850,SAFE_DISABLED,0.0000,0.0000,0.0000,0.0000,0.00,0,0.0000,0,0,14,0.0000,0.0000,0,-33.3105,0.0000,idle,0.0000,0.0000,0.0000,0.0000,0.0000,0.0000
TEL,950,SAFE_DISABLED,0.0000,0.0000,0.0000,0.0000,0.00,0,0.0000,0,0,16,0.0000,0.0000,0,-33.3105,0.0000,idle,0.0000,0.0000,0.0000,0.0000,0.0000,0.0000
TEL,1050,SAFE_DISABLED,0.0000,0.0000,0.0000,0.0000,0.00,0,0.0000,0,0,19,0.0000,0.0000,0,-33.3984,0.0000,idle,0.0000,0.0000,0.0000,0.0000,0.0000,0.0000
TEL,1150,SAFE_DISABLED,0.0000,0.0000,0.0000,0.0000,0.00,0,0.0000,0,0,21,0.0000,0.0000,0,-33.3984,0.0000,idle,0.0000,0.0000,0.0000,0.0000,0.0000,0.0000
TEL,1250,SAFE_DISABLED,0.0000,0.0000,0.0000,0.0000,0.00,0,0.0000,0,0,24,0.0000,0.0000,0,-33.3984,0.0000,idle,0.0000,0.0000,0.0000,0.0000,0.0000,0.0000
TEL,1350,SAFE_DISABLED,0.0000,0.0000,0.0000,0.0000,0.00,1,0.0000,0,0,26,0.0000,0.0000,0,-33.3105,0.0000,idle,0.0000,0.0000,0.0000,0.0000,0.0000,0.0000
TEL,1451,SAFE_DISABLED,0.0000,0.0000,0.0000,0.0000,0.00,1,0.0000,0,0,29,0.0000,0.0000,0,-33.3984,0.0000,idle,0.0000,0.0000,0.0000,0.0000,0.0000,0.0000
TEL,1551,SAFE_DISABLED,0.0000,0.0000,0.0000,0.0000,0.00,1,0.0000,0,0,31,0.0000,0.0000,0,-33.3105,0.0000,idle,0.0000,0.0000,0.0000,0.0000,0.0000,0.0000
TEL,1651,SAFE_DISABLED,0.0000,0.0000,0.0000,0.0000,0.00,1,0.0000,0,0,34,0.0000,0.0000,0,-33.3105,0.0000,idle,0.0000,0.0000,0.0000,0.0000,0.0000,0.0000
TEL,1751,SAFE_DISABLED,0.0000,0.0000,0.0000,0.0000,0.00,1,0.0000,0,0,36,0.0000,0.0000,0,-33.3105,0.0000,idle,0.0000,0.0000,0.0000,0.0000,0.0000,0.0000
TEL,1851,SAFE_DISABLED,0.0000,0.0000,0.0000,0.0000,0.00,1,0.0000,0,0,39,0.0000,0.0000,0,-33.3105,0.0000,idle,0.0000,0.0000,0.0000,0.0000,0.0000,0.0000
TEL,1951,SAFE_DISABLED,0.0000,0.0000,0.0000,0.0000,0.00,1,0.0000,0,0,41,0.0000,0.0000,0,-33.3984,0.0000,idle,0.0000,0.0000,0.0000,0.0000,0.0000,0.0000
TEL,2051,SAFE_DISABLED,0.0000,0.0000,0.0000,0.0000,0.00,1,0.0000,0,0,44,0.0000,0.0000,0,-33.3984,0.0000,idle,0.0000,0.0000,0.0000,0.0000,0.0000,0.0000
TEL,2151,SAFE_DISABLED,0.0000,0.0000,0.0000,0.0000,0.00,1,0.0000,0,0,46,0.0000,0.0000,0,-33.3105,0.0000,idle,0.0000,0.0000,0.0000,0.0000,0.0000,0.0000
TEL,2251,SAFE_DISABLED,0.0000,0.0000,0.0000,0.0000,0.00,1,0.0000,0,0,49,0.0000,0.0000,0,-33.3984,0.0000,idle,0.0000,0.0000,0.0000,0.0000,0.0000,0.0000
TEL,2351,SAFE_DISABLED,0.0000,0.0000,0.0000,0.0000,0.00,1,0.0000,0,0,51,0.0000,0.0000,0,-33.3984,0.0000,idle,0.0000,0.0000,0.0000,0.0000,0.0000,0.0000
OK,telemetry=0
STATE,SAFE_DISABLED
SENSORS,angle=ok,pos=bad,m=n
MEAS,theta_deg=0.0000,x_cm=0.0000,x_filt_cm=0.0000
AGE,angle_ms=5,pos_ms=0,miss=97
FAULTS,bits=1
CAL,zero_calibrated=no,limits_calibrated=no,sign_calibrated=no
SONAR_CFG,s=-1,u=1
ACT_CFG,t=0.0000,v=0,e=0.000
TEL,enabled=0
FAULT_INFO,bits=1
FAULT_INFO,sonar_timeout=1
OK,cal_reset_saved
OK,cal_limit_down_set=0.000000
CAL_LIMITS,lower_deg=-7.250977,upper_deg=7.250977,limits_calibrated=no
OK,cal_limit_up_set=55.107421
OK,as5600_sign=-1,sonar_sign=-1
INFO,limits_ok
CAL_LIMITS,lower_deg=-27.553710,upper_deg=27.553710,limits_calibrated=yes
OK,cal_zero_position_set=12.210727
CAL_ZERO,sonar_center_cm=12.210727,zero_calibrated=yes
OK,driver_enabled
OK,stepper_sign=-1,delta=-22.9395
OK,cal_saved
STATE,READY
SENSORS,angle=ok,pos=ok,m=f
MEAS,theta_deg=0.0000,x_cm=2.1265,x_filt_cm=1.3462
AGE,angle_ms=11,pos_ms=31,miss=0
FAULTS,bits=0
CAL,zero_calibrated=yes,limits_calibrated=yes,sign_calibrated=yes
SONAR_CFG,s=-1,u=1
ACT_CFG,t=18.7482,v=1,e=-1.346
TEL,enabled=0
FAULT_INFO,bits=0
FAULT_INFO,none
OK,telemetry=1
TEL,68088,READY,2.1265,2.0459,0.0000,0.0000,0.00,0,0.0000,3,1,0,0.0000,0.0000,0,17.4023,18.7482,idle,2.1265,2.0459,2.1265,2.0459,2.0459,0.4000
TEL,68188,READY,2.1265,2.0870,0.0000,0.0000,0.00,0,0.0000,25,1,0,0.0000,0.0000,0,17.4023,18.7482,idle,2.1265,2.0870,2.1265,2.0870,2.0870,0.4000
TEL,68288,READY,2.1265,2.1130,0.0000,0.0000,0.00,0,0.0000,1,1,0,0.0000,0.0000,0,17.4023,18.7482,idle,2.1265,2.1130,2.1265,2.1130,2.1130,0.4000
TEL,68388,READY,2.1265,2.1199,0.0000,0.0000,0.00,0,0.0000,21,1,0,0.0000,0.0000,0,17.4023,18.7482,idle,2.1265,2.1199,2.1265,2.1199,2.1199,0.4000
TEL,68488,READY,2.1265,2.1233,0.0000,0.0000,0.00,0,0.0000,34,1,0,0.0000,0.0000,0,17.4023,18.7482,idle,2.1265,2.1233,2.1265,2.1233,2.1233,0.4000
TEL,68589,READY,2.1265,2.1398,0.0000,0.0000,0.00,0,0.0000,22,1,0,0.0000,0.0000,0,17.4023,18.7482,idle,2.1265,2.1398,2.1265,2.1398,2.1398,0.4000
TEL,68689,READY,2.1951,2.1661,0.0000,0.0000,0.00,0,0.0000,1,1,0,0.0000,0.0000,0,17.4023,18.7482,idle,2.1951,2.1661,2.1951,2.1661,2.1661,0.4000
TEL,68789,READY,2.1265,2.1459,0.0000,0.0000,0.00,0,0.0000,20,1,0,0.0000,0.0000,0,17.4023,18.7482,idle,2.1265,2.1459,2.1265,2.1459,2.1459,0.4000
TEL,68890,READY,2.1265,2.1332,0.0000,0.0000,0.00,0,0.0000,1,1,0,0.0000,0.0000,0,17.4023,18.7482,idle,2.1265,2.1332,2.1265,2.1332,2.1332,0.4000
TEL,68990,READY,2.1265,2.1298,0.0000,0.0000,0.00,0,0.0000,21,1,0,0.0000,0.0000,0,17.4023,18.7482,idle,2.1265,2.1298,2.1265,2.1298,2.1298,0.4000
TEL,69090,READY,2.1265,2.1281,0.0000,0.0000,0.00,0,0.0000,34,1,0,0.0000,0.0000,0,17.4023,18.7482,idle,2.1265,2.1281,2.1265,2.1281,2.1281,0.4000
TEL,69190,READY,2.1265,2.1271,0.0000,0.0000,0.00,0,0.0000,14,1,0,0.0000,0.0000,0,17.4023,18.7482,idle,2.1265,2.1271,2.1265,2.1271,2.1271,0.4000
TEL,69291,READY,2.1265,2.1268,0.0000,0.0000,0.00,0,0.0000,33,1,0,0.0000,0.0000,0,17.4023,18.7482,idle,2.1265,2.1268,2.1265,2.1268,2.1268,0.4000
TEL,69391,READY,2.1265,2.1266,0.0000,0.0000,0.00,0,0.0000,14,1,0,0.0000,0.0000,0,17.4023,18.7482,idle,2.1265,2.1266,2.1265,2.1266,2.1266,0.4000
TEL,69491,READY,2.1265,2.1266,0.0000,0.0000,0.00,0,0.0000,34,1,0,0.0000,0.0000,0,17.4023,18.7482,idle,2.1265,2.1266,2.1265,2.1266,2.1266,0.4000
TEL,69591,READY,2.1265,2.1265,0.0000,0.0000,0.00,0,0.0000,14,1,0,0.0000,0.0000,0,17.4023,18.7482,idle,2.1265,2.1265,2.1265,2.1265,2.1265,0.4000
TEL,69691,READY,2.1265,2.1265,0.0000,0.0000,0.00,0,0.0000,34,1,0,0.0000,0.0000,0,17.4023,18.7482,idle,2.1265,2.1265,2.1265,2.1265,2.1265,0.4000
TEL,69791,READY,2.1265,2.1265,0.0000,0.0000,0.00,0,0.0000,13,1,0,0.0000,0.0000,0,17.4023,18.7482,idle,2.1265,2.1265,2.1265,2.1265,2.1265,0.4000
SET,69855,0.0000,6.2425,-13.9544
TEL,69891,READY,2.1265,2.1265,0.0000,0.0000,0.00,0,0.0000,32,1,0,0.0000,0.0000,0,17.4023,18.7482,idle,2.1265,2.1265,2.1265,2.1265,2.1265,0.4000
TEL,69991,READY,2.1265,2.1265,0.0000,0.0000,0.00,0,0.0000,34,1,0,0.0000,0.0000,0,17.4023,18.7482,idle,2.1265,2.1265,2.1265,2.1265,2.1265,0.4000
TEL,70091,READY,2.1265,2.1265,0.0000,0.0000,0.00,0,0.0000,14,1,0,0.0000,0.0000,0,17.4023,18.7482,idle,2.1265,2.1265,2.1265,2.1265,2.1265,0.4000
TEL,70191,READY,2.1265,2.1265,0.0000,0.0000,0.00,0,0.0000,33,1,0,0.0000,0.0000,0,17.4023,18.7482,idle,2.1265,2.1265,2.1265,2.1265,2.1265,0.4000
TEL,70291,READY,2.1265,2.1265,0.0000,0.0000,0.00,0,0.0000,12,1,0,0.0000,0.0000,0,17.4023,18.7482,idle,2.1265,2.1265,2.1265,2.1265,2.1265,0.4000
TEL,70391,READY,2.1265,2.1265,0.0000,0.0000,0.00,0,0.0000,33,1,0,0.0000,0.0000,0,17.4023,18.7482,idle,2.1265,2.1265,2.1265,2.1265,2.1265,0.4000
TEL,70491,READY,2.1265,2.1265,0.0000,0.0000,0.00,0,0.0000,12,1,0,0.0000,0.0000,0,17.4023,18.7482,idle,2.1265,2.1265,2.1265,2.1265,2.1265,0.4000
TEL,70591,READY,2.1265,2.1265,0.0000,0.0000,0.00,0,0.0000,32,1,0,0.0000,0.0000,0,17.4023,18.7482,idle,2.1265,2.1265,2.1265,2.1265,2.1265,0.4000
TEL,70691,READY,2.1265,2.1265,0.0000,0.0000,0.00,0,0.0000,34,1,0,0.0000,0.0000,0,17.4023,18.7482,idle,2.1265,2.1265,2.1265,2.1265,2.1265,0.4000
TEL,70791,READY,2.1265,2.1265,0.0000,0.0000,0.00,0,0.0000,14,1,0,0.0000,0.0000,0,17.4023,18.7482,idle,2.1265,2.1265,2.1265,2.1265,2.1265,0.4000
TEL,70891,READY,2.1265,2.1265,0.0000,0.0000,0.00,0,0.0000,34,1,0,0.0000,0.0000,0,17.4023,18.7482,idle,2.1265,2.1265,2.1265,2.1265,2.1265,0.4000
TEL,70991,READY,2.1265,2.1265,0.0000,0.0000,0.00,0,0.0000,14,1,0,0.0000,0.0000,0,17.4023,18.7482,idle,2.1265,2.1265,2.1265,2.1265,2.1265,0.4000
TEL,71091,READY,2.1265,2.1265,0.0000,0.0000,0.00,0,0.0000,33,1,0,0.0000,0.0000,0,17.4023,18.7482,idle,2.1265,2.1265,2.1265,2.1265,2.1265,0.4000
TEL,71191,READY,2.1265,2.1265,0.0000,0.0000,0.00,0,0.0000,12,1,0,0.0000,0.0000,0,17.4023,18.7482,idle,2.1265,2.1265,2.1265,2.1265,2.1265,0.4000
TEL,71291,READY,2.1265,2.1265,0.0000,0.0000,0.00,0,0.0000,33,1,0,0.0000,0.0000,0,17.4023,18.7482,idle,2.1265,2.1265,2.1265,2.1265,2.1265,0.4000
TEL,71391,READY,2.1265,2.1265,0.0000,0.0000,0.00,0,0.0000,13,1,0,0.0000,0.0000,0,17.4023,18.7482,idle,2.1265,2.1265,2.1265,2.1265,2.1265,0.4000
TEL,71491,READY,2.1265,2.1265,0.0000,0.0000,0.00,0,0.0000,32,1,0,0.0000,0.0000,0,17.4023,18.7482,idle,2.1265,2.1265,2.1265,2.1265,2.1265,0.4000
OK,driver_enabled
TEL,71591,READY,2.1265,2.1265,0.0000,0.0000,0.00,0,0.0000,34,1,0,0.0000,0.0000,0,17.4023,18.7482,idle,2.1265,2.1265,2.1265,2.1265,2.1265,0.4000
TEL,71691,READY,2.1265,2.1265,0.0000,0.0000,0.00,0,0.0000,14,1,0,0.0000,0.0000,0,17.4023,18.7482,idle,2.1265,2.1265,2.1265,2.1265,2.1265,0.4000
TEL,71791,READY,2.1265,2.1265,0.0000,0.0000,0.00,0,0.0000,34,1,0,0.0000,0.0000,0,17.4023,18.7482,idle,2.1265,2.1265,2.1265,2.1265,2.1265,0.4000
TEL,71891,READY,2.1265,2.1265,0.0000,0.0000,0.00,0,0.0000,14,1,0,0.0000,0.0000,0,17.4023,18.7482,idle,2.1265,2.1265,2.1265,2.1265,2.1265,0.4000
TEL,71991,READY,2.1265,2.1265,0.0000,0.0000,0.00,0,0.0000,33,1,0,0.0000,0.0000,0,17.4023,18.7482,idle,2.1265,2.1265,2.1265,2.1265,2.1265,0.4000
TEL,72091,READY,2.1265,2.1265,0.0000,0.0000,0.00,0,0.0000,13,1,0,0.0000,0.0000,0,17.4023,18.7482,idle,2.1265,2.1265,2.1265,2.1265,2.1265,0.4000
TEL,72192,READY,2.1265,2.1409,0.0000,0.0000,0.00,0,0.0000,32,1,0,0.0000,0.0000,0,17.4023,18.7482,idle,2.1265,2.1409,2.1265,2.1409,2.1409,0.4000
TEL,72292,READY,2.1265,2.1315,0.0000,0.0000,0.00,0,0.0000,13,1,0,0.0000,0.0000,0,17.4023,18.7482,idle,2.1265,2.1315,2.1265,2.1315,2.1315,0.4000
TEL,72392,READY,2.1265,2.1289,0.0000,0.0000,0.00,0,0.0000,33,1,0,0.0000,0.0000,0,17.4023,18.7482,idle,2.1265,2.1289,2.1265,2.1289,2.1289,0.4000
TEL,72492,READY,2.1265,2.1274,0.0000,0.0000,0.00,0,0.0000,12,1,0,0.0000,0.0000,0,17.4023,18.7482,idle,2.1265,2.1274,2.1265,2.1274,2.1274,0.4000
TEL,72592,READY,2.1265,2.1269,0.0000,0.0000,0.00,0,0.0000,32,1,0,0.0000,0.0000,0,17.4023,18.7482,idle,2.1265,2.1269,2.1265,2.1269,2.1269,0.4000
TEL,72692,READY,2.1265,2.1267,0.0000,0.0000,0.00,0,0.0000,12,1,0,0.0000,0.0000,0,17.4023,18.7482,idle,2.1265,2.1267,2.1265,2.1267,2.1267,0.4000
OK,running
TEL,72796,RUNNING,2.1262,2.1262,-1.3500,-1.4407,0.00,0,0.0000,35,1,0,-1.4407,-1.4407,0,17.4023,18.7482,idle,2.1265,2.1266,2.1259,2.1260,2.1262,0.4000
TEL,72896,RUNNING,2.1262,2.1262,-1.3500,-1.4536,0.00,0,0.0000,11,1,0,-1.4536,-1.4536,0,17.4023,18.7482,idle,2.1265,2.1265,2.1259,2.1260,2.1262,0.4000
TEL,72996,RUNNING,2.1262,2.1262,-1.3500,-1.4670,0.00,0,0.0000,32,1,0,-1.4670,-1.4670,0,17.4023,18.7482,idle,2.1265,2.1265,2.1259,2.1259,2.1262,0.4000
TEL,73096,RUNNING,2.1262,2.1262,-1.3500,-1.4801,0.00,0,0.0000,12,1,0,-1.4801,-1.4801,0,17.4023,18.7482,idle,2.1265,2.1265,2.1259,2.1259,2.1262,0.4000
TEL,73196,RUNNING,2.1262,2.1262,-1.3500,-1.4933,0.00,0,0.0000,32,1,0,-1.4933,-1.4933,0,17.4023,18.7482,idle,2.1265,2.1265,2.1259,2.1259,2.1262,0.4000
TEL,73296,RUNNING,2.1262,2.1262,-1.3500,-1.5065,0.00,0,0.0000,33,1,0,-1.5065,-1.5065,0,17.4023,18.7482,idle,2.1265,2.1265,2.1259,2.1259,2.1262,0.4000
TEL,73397,RUNNING,2.1262,2.1262,-1.3500,-1.5196,0.00,0,0.0000,13,1,0,-1.5196,-1.5196,0,17.4023,18.7482,idle,2.1265,2.1265,2.1259,2.1259,2.1262,0.4000
TEL,73497,RUNNING,2.1262,2.1262,-1.3500,-1.5328,0.00,0,0.0000,33,1,0,-1.5328,-1.5328,0,17.4023,18.7482,idle,2.1265,2.1265,2.1259,2.1259,2.1262,0.4000
TEL,73597,RUNNING,2.1262,2.1262,-1.3500,-1.5459,0.00,0,0.0000,13,1,0,-1.5459,-1.5459,0,17.4023,18.7482,idle,2.1265,2.1265,2.1259,2.1259,2.1262,0.4000
TEL,73697,RUNNING,2.1262,2.1262,-1.3500,-1.5591,0.00,0,0.0000,32,1,0,-1.5591,-1.5591,0,17.4023,18.7482,idle,2.1265,2.1265,2.1259,2.1259,2.1262,0.4000
TEL,73798,RUNNING,2.1262,2.1262,-1.3500,-1.5722,0.00,0,0.0000,1,1,0,-1.5722,-1.5722,0,17.4023,18.7482,idle,2.1265,2.1265,2.1259,2.1259,2.1262,0.4000
TEL,73899,RUNNING,2.1260,2.1260,-1.5750,-1.5854,0.00,0,0.0000,20,1,0,-1.5854,-1.5854,0,17.2266,18.7482,idle,2.1265,2.1265,2.1257,2.1257,2.1260,0.4000
TEL,73999,RUNNING,2.1260,2.1260,-1.5750,-1.5986,0.00,0,0.0000,32,1,0,-1.5986,-1.5986,0,17.2266,18.7482,idle,2.1265,2.1265,2.1257,2.1257,2.1260,0.4000
TEL,74099,RUNNING,2.1260,2.1260,-1.5750,-1.6117,0.00,0,0.0000,12,1,0,-1.6117,-1.6117,0,17.2266,18.7482,idle,2.1265,2.1265,2.1257,2.1257,2.1260,0.4000
TEL,74200,RUNNING,2.1260,2.1260,-1.5750,-1.6249,0.00,0,0.0000,31,1,0,-1.6249,-1.6249,0,17.2266,18.7482,idle,2.1265,2.1265,2.1257,2.1257,2.1260,0.4000
TEL,74300,RUNNING,2.1260,2.1260,-1.5750,-1.6380,0.00,0,0.0000,32,1,0,-1.6380,-1.6380,0,17.3145,18.7482,idle,2.1265,2.1265,2.1257,2.1257,2.1260,0.4000
TEL,74400,RUNNING,2.1260,2.1260,-1.5750,-1.6512,0.00,0,0.0000,12,1,0,-1.6512,-1.6512,0,17.2266,18.7482,idle,2.1265,2.1265,2.1257,2.1257,2.1260,0.4000
TEL,74502,RUNNING,2.1260,2.1260,-1.5750,-1.6644,0.00,0,0.0000,32,1,0,-1.6644,-1.6644,0,17.2266,18.7482,idle,2.1265,2.1265,2.1257,2.1257,2.1260,0.4000
TEL,74602,RUNNING,2.1260,2.1260,-1.5750,-1.6775,0.00,0,0.0000,11,1,0,-1.6775,-1.6775,0,17.2266,18.7482,idle,2.1265,2.1265,2.1257,2.1257,2.1260,0.4000
TEL,74702,RUNNING,2.1260,2.1260,-1.5750,-1.6907,0.00,0,0.0000,32,1,0,-1.6907,-1.6907,0,17.2266,18.7482,idle,2.1265,2.1265,2.1257,2.1257,2.1260,0.4000
TEL,74802,RUNNING,2.1260,2.1260,-1.5750,-1.7038,0.00,0,0.0000,12,1,0,-1.7038,-1.7038,0,17.2266,18.7482,idle,2.1265,2.1265,2.1257,2.1257,2.1260,0.4000
TEL,74902,RUNNING,2.1260,2.1260,-1.5750,-1.7170,0.00,0,0.0000,32,1,0,-1.7170,-1.7170,0,17.2266,18.7482,idle,2.1265,2.1265,2.1257,2.1257,2.1260,0.4000
TEL,75002,RUNNING,2.1260,2.1260,-1.5750,-1.7301,0.00,0,0.0000,33,1,0,-1.7301,-1.7301,0,17.2266,18.7482,idle,2.1265,2.1265,2.1257,2.1257,2.1260,0.4000
TEL,75103,RUNNING,2.1260,2.1260,-1.5750,-1.7433,0.00,0,0.0000,20,1,0,-1.7433,-1.7433,0,17.2266,18.7482,idle,2.1265,2.1265,2.1257,2.1257,2.1260,0.4000
TEL,75203,RUNNING,2.1260,2.1260,-1.5750,-1.7565,0.00,0,0.0000,33,1,0,-1.7565,-1.7565,0,17.2266,18.7482,idle,2.1265,2.1265,2.1257,2.1257,2.1260,0.4000
TEL,75303,RUNNING,2.1260,2.1260,-1.5750,-1.7696,0.00,0,0.0000,13,1,0,-1.7696,-1.7696,0,17.2266,18.7482,idle,2.1265,2.1265,2.1257,2.1257,2.1260,0.4000
TEL,75403,RUNNING,2.1260,2.1260,-1.5750,-1.7828,0.00,0,0.0000,32,1,0,-1.7828,-1.7828,0,17.2266,18.7482,idle,2.1265,2.1265,2.1257,2.1257,2.1260,0.4000
TEL,75503,RUNNING,2.1260,2.1260,-1.5750,-1.7959,0.00,0,0.0000,33,1,0,-1.7959,-1.7959,0,17.2266,18.7482,idle,2.1265,2.1265,2.1257,2.1257,2.1260,0.4000
TEL,75603,RUNNING,2.1259,2.1259,-1.8000,-1.8091,0.00,0,0.0000,13,1,0,-1.8091,-1.8091,0,17.0508,18.7482,idle,2.1265,2.1265,2.1255,2.1255,2.1259,0.4000
TEL,75703,RUNNING,2.1259,2.1259,-1.8000,-1.8222,0.00,0,0.0000,32,1,0,-1.8222,-1.8222,0,17.0508,18.7482,idle,2.1265,2.1265,2.1255,2.1255,2.1259,0.4000
TEL,75803,RUNNING,2.1259,2.1259,-1.8000,-1.8354,0.00,0,0.0000,33,1,0,-1.8354,-1.8354,0,17.0508,18.7482,idle,2.1265,2.1265,2.1255,2.1255,2.1259,0.4000
TEL,75904,RUNNING,2.1259,2.1259,-1.8000,-1.8486,0.00,0,0.0000,13,1,0,-1.8486,-1.8486,0,17.0508,18.7482,idle,2.1265,2.1265,2.1255,2.1255,2.1259,0.4000
TEL,76004,RUNNING,2.1259,2.1259,-1.8000,-1.8617,0.00,0,0.0000,32,1,0,-1.8617,-1.8617,0,17.0508,18.7482,idle,2.1265,2.1265,2.1255,2.1255,2.1259,0.4000
TEL,76104,RUNNING,2.1259,2.1259,-1.8000,-1.8749,0.00,0,0.0000,12,1,0,-1.8749,-1.8749,0,17.0508,18.7482,idle,2.1265,2.1265,2.1255,2.1255,2.1259,0.4000
TEL,76204,RUNNING,2.1259,2.1259,-1.8000,-1.8880,0.00,0,0.0000,31,1,0,-1.8880,-1.8880,0,17.0508,18.7482,idle,2.1265,2.1265,2.1255,2.1255,2.1259,0.4000
TEL,76304,RUNNING,2.1259,2.1259,-1.8000,-1.9012,0.00,0,0.0000,32,1,0,-1.9012,-1.9012,0,17.0508,18.7482,idle,2.1265,2.1265,2.1255,2.1255,2.1259,0.4000
TEL,76404,RUNNING,2.1259,2.1259,-1.8000,-1.9144,0.00,0,0.0000,12,1,0,-1.9144,-1.9144,0,17.0508,18.7482,idle,2.1265,2.1265,2.1255,2.1255,2.1259,0.4000
TEL,76505,RUNNING,2.1259,2.1259,-1.8000,-1.9275,0.00,0,0.0000,31,1,0,-1.9275,-1.9275,0,17.0508,18.7482,idle,2.1265,2.1265,2.1255,2.1255,2.1259,0.4000
TEL,76605,RUNNING,2.1259,2.1259,-1.8000,-1.9407,0.00,0,0.0000,32,1,0,-1.9407,-1.9407,0,17.0508,18.7482,idle,2.1265,2.1265,2.1255,2.1255,2.1259,0.4000
TEL,76705,RUNNING,2.1259,2.1259,-1.8000,-1.9538,0.00,0,0.0000,12,1,0,-1.9538,-1.9538,0,17.0508,18.7482,idle,2.1265,2.1265,2.1255,2.1255,2.1259,0.4000
TEL,76806,RUNNING,2.1259,2.1259,-1.8000,-1.9670,0.00,0,0.0000,32,1,0,-1.9670,-1.9670,0,17.0508,18.7482,idle,2.1265,2.1265,2.1255,2.1255,2.1259,0.4000
TEL,76906,RUNNING,2.1259,2.1259,-1.8000,-1.9801,0.00,0,0.0000,11,1,0,-1.9801,-1.9801,0,17.0508,18.7482,idle,2.1265,2.1265,2.1255,2.1255,2.1259,0.4000
TEL,77006,RUNNING,2.1259,2.1259,-1.8000,-1.9933,0.00,0,0.0000,32,1,0,-1.9933,-1.9933,0,17.0508,18.7482,idle,2.1265,2.1265,2.1255,2.1255,2.1259,0.4000
TEL,77106,RUNNING,2.1259,2.1259,-1.8000,-2.0065,0.00,0,0.0000,12,1,0,-2.0065,-2.0065,0,17.0508,18.7482,idle,2.1265,2.1265,2.1255,2.1255,2.1259,0.4000
TEL,77206,RUNNING,2.1259,2.1259,-1.8000,-2.0196,0.00,0,0.0000,32,1,0,-2.0196,-2.0196,0,17.0508,18.7482,idle,2.1265,2.1265,2.1255,2.1255,2.1259,0.4000
TEL,77306,RUNNING,2.1257,2.1257,-2.0250,-2.0328,0.00,0,0.0000,33,1,0,-2.0328,-2.0328,0,16.7871,18.7482,idle,2.1265,2.1265,2.1252,2.1252,2.1257,0.4000
TEL,77407,RUNNING,2.1257,2.1257,-2.0250,-2.0459,0.00,0,0.0000,21,1,0,-2.0459,-2.0459,0,16.7871,18.7482,idle,2.1265,2.1265,2.1252,2.1252,2.1257,0.4000
TEL,77507,RUNNING,2.1257,2.1257,-2.0250,-2.0591,0.00,0,0.0000,33,1,0,-2.0591,-2.0591,0,16.7871,18.7482,idle,2.1265,2.1265,2.1252,2.1252,2.1257,0.4000
TEL,77607,RUNNING,2.1257,2.1257,-2.0250,-2.0722,0.00,0,0.0000,13,1,0,-2.0722,-2.0722,0,16.7871,18.7482,idle,2.1265,2.1265,2.1252,2.1252,2.1257,0.4000
TEL,77707,RUNNING,2.1257,2.1257,-2.0250,-2.0854,0.00,0,0.0000,32,1,0,-2.0854,-2.0854,0,16.7871,18.7482,idle,2.1265,2.1265,2.1252,2.1252,2.1257,0.4000
TEL,77807,RUNNING,2.1257,2.1257,-2.0250,-2.0986,0.00,0,0.0000,33,1,0,-2.0986,-2.0986,0,16.7871,18.7482,idle,2.1265,2.1265,2.1252,2.1252,2.1257,0.4000
TEL,77907,RUNNING,2.1257,2.1257,-2.0250,-2.1117,0.00,0,0.0000,13,1,0,-2.1117,-2.1117,0,16.7871,18.7482,idle,2.1265,2.1265,2.1252,2.1252,2.1257,0.4000
TEL,78007,RUNNING,2.1257,2.1257,-2.0250,-2.1249,0.00,0,0.0000,32,1,0,-2.1249,-2.1249,0,16.7871,18.7482,idle,2.1265,2.1265,2.1252,2.1252,2.1257,0.4000
TEL,78107,RUNNING,2.1257,2.1257,-2.0250,-2.1380,0.00,0,0.0000,33,1,0,-2.1380,-2.1380,0,16.7871,18.7482,idle,2.1265,2.1265,2.1252,2.1252,2.1257,0.4000
TEL,78208,RUNNING,2.1257,2.1257,-2.0250,-2.1512,0.00,0,0.0000,13,1,0,-2.1512,-2.1512,0,16.7871,18.7482,idle,2.1265,2.1265,2.1252,2.1252,2.1257,0.4000
TEL,78308,RUNNING,2.1257,2.1257,-2.0250,-2.1644,0.00,0,0.0000,32,1,0,-2.1644,-2.1644,0,16.7871,18.7482,idle,2.1265,2.1265,2.1252,2.1252,2.1257,0.4000
TEL,78408,RUNNING,2.1257,2.1257,-2.0250,-2.1775,0.00,0,0.0000,12,1,0,-2.1775,-2.1775,0,16.7871,18.7482,idle,2.1265,2.1265,2.1252,2.1252,2.1257,0.4000
TEL,78508,RUNNING,2.1257,2.1257,-2.0250,-2.1907,0.00,0,0.0000,31,1,0,-2.1907,-2.1907,0,16.7871,18.7482,idle,2.1265,2.1265,2.1252,2.1252,2.1257,0.4000
TEL,78608,RUNNING,2.1257,2.1257,-2.0250,-2.2038,0.00,0,0.0000,32,1,0,-2.2038,-2.2038,0,16.7871,18.7482,idle,2.1265,2.1265,2.1252,2.1252,2.1257,0.4000
TEL,78708,RUNNING,2.1257,2.1257,-2.0250,-2.2170,0.00,0,0.0000,12,1,0,-2.2170,-2.2170,0,16.7871,18.7482,idle,2.1265,2.1265,2.1252,2.1252,2.1257,0.4000
TEL,78809,RUNNING,2.1257,2.1257,-2.0250,-2.2301,0.00,0,0.0000,31,1,0,-2.2301,-2.2301,0,16.7871,18.7482,idle,2.1265,2.1265,2.1252,2.1252,2.1257,0.4000
TEL,78909,RUNNING,2.1257,2.1257,-2.0250,-2.2433,0.00,0,0.0000,32,1,0,-2.2433,-2.2433,0,16.7871,18.7482,idle,2.1265,2.1265,2.1252,2.1252,2.1257,0.4000
TEL,79009,RUNNING,2.1255,2.1255,-2.2500,-2.2565,0.00,0,0.0000,12,1,0,-2.2565,-2.2565,0,16.5234,18.7482,idle,2.1265,2.1265,2.1249,2.1249,2.1255,0.4000
TEL,79110,RUNNING,2.1255,2.1255,-2.2500,-2.2696,0.00,0,0.0000,32,1,0,-2.2696,-2.2696,0,16.5234,18.7482,idle,2.1265,2.1265,2.1249,2.1249,2.1255,0.4000
TEL,79210,RUNNING,2.1255,2.1255,-2.2500,-2.2828,0.00,0,0.0000,11,1,0,-2.2828,-2.2828,0,16.5234,18.7482,idle,2.1265,2.1265,2.1249,2.1249,2.1255,0.4000
TEL,79310,RUNNING,2.1255,2.1255,-2.2500,-2.2959,0.00,0,0.0000,32,1,0,-2.2959,-2.2959,0,16.5234,18.7482,idle,2.1265,2.1265,2.1249,2.1249,2.1255,0.4000
TEL,79410,RUNNING,2.1255,2.1255,-2.2500,-2.3091,0.00,0,0.0000,12,1,0,-2.3091,-2.3091,0,16.5234,18.7482,idle,2.1265,2.1265,2.1249,2.1249,2.1255,0.4000
TEL,79510,RUNNING,2.1255,2.1255,-2.2500,-2.3223,0.00,0,0.0000,32,1,0,-2.3223,-2.3223,0,16.5234,18.7482,idle,2.1265,2.1265,2.1249,2.1249,2.1255,0.4000
TEL,79610,RUNNING,2.1255,2.1255,-2.2500,-2.3354,0.00,0,0.0000,33,1,0,-2.3354,-2.3354,0,16.5234,18.7482,idle,2.1265,2.1265,2.1249,2.1249,2.1255,0.4000
TEL,79711,RUNNING,2.1255,2.1255,-2.2500,-2.3486,0.00,0,0.0000,20,1,0,-2.3486,-2.3486,0,16.5234,18.7482,idle,2.1265,2.1265,2.1249,2.1249,2.1255,0.4000
TEL,79811,RUNNING,2.1255,2.1255,-2.2500,-2.3617,0.00,0,0.0000,33,1,0,-2.3617,-2.3617,0,16.5234,18.7482,idle,2.1265,2.1265,2.1249,2.1249,2.1255,0.4000
TEL,79911,RUNNING,2.1255,2.1155,-2.2500,-2.4774,-120.00,0,0.0000,13,1,0,-2.4774,-2.4774,0,16.5234,18.7482,idle,2.1265,2.1164,2.1249,2.1148,2.1155,0.4000
TEL,80012,RUNNING,2.1252,2.1203,-2.5875,-2.3846,0.00,0,0.0000,32,1,0,-2.3846,-2.3846,0,16.1719,18.7482,idle,2.1265,2.1216,2.1244,2.1194,2.1203,0.4000
TEL,80113,RUNNING,2.1252,2.1235,-2.5875,-2.4183,0.00,0,0.0000,1,1,0,-2.4183,-2.4183,0,16.1719,18.7482,idle,2.1265,2.1248,2.1244,2.1227,2.1235,0.4000
TEL,80214,RUNNING,2.1252,2.1244,-2.5875,-2.4136,0.00,0,0.0000,20,1,0,-2.4136,-2.4136,0,16.1719,18.7482,idle,2.1265,2.1257,2.1244,2.1235,2.1244,0.4000
TEL,80314,RUNNING,2.1252,2.1248,-2.5875,-2.4271,0.00,0,0.0000,32,1,0,-2.4271,-2.4271,0,16.1719,18.7482,idle,2.1265,2.1261,2.1244,2.1240,2.1248,0.4000
TEL,80414,RUNNING,2.1252,2.1251,-2.5875,-2.4419,0.00,0,0.0000,12,1,0,-2.4419,-2.4419,0,16.1719,18.7482,idle,2.1265,2.1264,2.1244,2.1242,2.1251,0.4000
TEL,80515,RUNNING,2.1252,2.1252,-2.5875,-2.4536,0.00,0,0.0000,31,1,0,-2.4536,-2.4536,0,16.1719,18.7482,idle,2.1265,2.1265,2.1244,2.1243,2.1252,0.4000
TEL,80615,RUNNING,2.1252,2.1252,-2.5875,-2.4668,0.00,0,0.0000,32,1,0,-2.4668,-2.4668,0,16.1719,18.7482,idle,2.1265,2.1265,2.1244,2.1243,2.1252,0.4000
TEL,80715,RUNNING,2.1252,2.1252,-2.5875,-2.4801,0.00,0,0.0000,12,1,0,-2.4801,-2.4801,0,16.1719,18.7482,idle,2.1265,2.1265,2.1244,2.1243,2.1252,0.4000
TEL,80816,RUNNING,2.1252,2.1252,-2.5875,-2.4931,0.00,0,0.0000,32,1,0,-2.4931,-2.4931,0,16.1719,18.7482,idle,2.1265,2.1265,2.1244,2.1244,2.1252,0.4000
TEL,80916,RUNNING,2.1252,2.1252,-2.5875,-2.5063,0.00,0,0.0000,11,1,0,-2.5063,-2.5063,0,16.1719,18.7482,idle,2.1265,2.1265,2.1244,2.1244,2.1252,0.4000
TEL,81016,RUNNING,2.1252,2.1252,-2.5875,-2.5194,0.00,0,0.0000,32,1,0,-2.5194,-2.5194,0,16.1719,18.7482,idle,2.1265,2.1265,2.1244,2.1244,2.1252,0.4000
TEL,81117,RUNNING,2.1252,2.1252,-2.5875,-2.5326,0.00,0,0.0000,13,1,0,-2.5326,-2.5326,0,16.1719,18.7482,idle,2.1265,2.1265,2.1244,2.1244,2.1252,0.4000
TEL,81217,RUNNING,2.1252,2.1252,-2.5875,-2.5458,0.00,0,0.0000,32,1,0,-2.5458,-2.5458,0,16.1719,18.7482,idle,2.1265,2.1265,2.1244,2.1244,2.1252,0.4000
TEL,81317,RUNNING,2.1252,2.1252,-2.5875,-2.5589,0.00,0,0.0000,33,1,0,-2.5589,-2.5589,0,16.1719,18.7482,idle,2.1265,2.1265,2.1244,2.1244,2.1252,0.4000
TEL,81418,RUNNING,2.1252,2.1252,-2.5875,-2.5721,0.00,0,0.0000,13,1,0,-2.5721,-2.5721,0,16.1719,18.7482,idle,2.1265,2.1265,2.1244,2.1244,2.1252,0.4000
TEL,81518,RUNNING,2.1252,2.1252,-2.5875,-2.5852,0.00,0,0.0000,33,1,0,-2.5852,-2.5852,0,16.1719,18.7482,idle,2.1265,2.1265,2.1244,2.1244,2.1252,0.4000
TEL,81618,RUNNING,2.1938,2.1458,-2.5875,-3.1332,-120.00,0,0.0000,13,1,0,-3.1332,-3.1332,0,16.1719,18.7482,idle,2.1951,2.1471,2.1929,2.1449,2.1458,0.4000
TEL,81719,RUNNING,2.1251,2.1352,-2.7000,-2.6185,0.00,0,0.0000,32,1,0,-2.6185,-2.6185,0,15.9961,18.7482,idle,2.1265,2.1366,2.1242,2.1342,2.1352,0.4000
TEL,81819,RUNNING,2.1251,2.1300,-2.7000,-2.6282,0.00,0,0.0000,33,1,0,-2.6282,-2.6282,0,15.9961,18.7482,idle,2.1265,2.1315,2.1242,2.1291,2.1300,0.4000
TEL,81920,RUNNING,2.1251,2.1268,-2.7000,-2.6208,0.00,0,0.0000,13,1,0,-2.6208,-2.6208,0,15.9961,18.7482,idle,2.1265,2.1282,2.1242,2.1259,2.1268,0.4000
TEL,82020,RUNNING,2.1251,2.1259,-2.7000,-2.6518,0.00,0,0.0000,32,1,0,-2.6518,-2.6518,0,15.9961,18.7482,idle,2.1265,2.1274,2.1242,2.1250,2.1259,0.4000
TEL,82120,RUNNING,2.1251,2.1254,-2.7000,-2.6615,0.00,0,0.0000,12,1,0,-2.6615,-2.6615,0,15.9961,18.7482,idle,2.1265,2.1268,2.1242,2.1245,2.1254,0.4000
TEL,82220,RUNNING,2.1251,2.1252,-2.7000,-2.6776,0.00,0,0.0000,31,1,0,-2.6776,-2.6776,0,15.9961,18.7482,idle,2.1265,2.1267,2.1242,2.1243,2.1252,0.4000
TEL,82320,RUNNING,2.1251,2.1252,-2.7000,-2.6907,0.00,0,0.0000,32,1,0,-2.6907,-2.6907,0,15.9961,18.7482,idle,2.1265,2.1266,2.1242,2.1242,2.1252,0.4000
TEL,82420,RUNNING,2.1251,2.1251,-2.7000,-2.7036,0.00,0,0.0000,12,1,0,-2.7036,-2.7036,0,15.9961,18.7482,idle,2.1265,2.1265,2.1242,2.1242,2.1251,0.4000
TEL,82521,RUNNING,2.1251,2.1251,-2.7000,-2.7170,0.00,0,0.0000,31,1,0,-2.7170,-2.7170,0,15.9961,18.7482,idle,2.1265,2.1265,2.1242,2.1242,2.1251,0.4000
TEL,82621,RUNNING,2.1251,2.1251,-2.7000,-2.7302,0.00,0,0.0000,32,1,0,-2.7302,-2.7302,0,15.9961,18.7482,idle,2.1265,2.1265,2.1242,2.1242,2.1251,0.4000
TEL,82721,RUNNING,2.1251,2.1251,-2.7000,-2.7433,0.00,0,0.0000,12,1,0,-2.7433,-2.7433,0,15.9961,18.7482,idle,2.1265,2.1265,2.1242,2.1242,2.1251,0.4000
TEL,82822,RUNNING,2.1251,2.1251,-2.7000,-2.7565,0.00,0,0.0000,32,1,0,-2.7565,-2.7565,0,15.9961,18.7482,idle,2.1265,2.1265,2.1242,2.1242,2.1251,0.4000
TEL,82922,RUNNING,2.1251,2.1251,-2.7000,-2.7696,0.00,0,0.0000,11,1,0,-2.7696,-2.7696,0,15.9961,18.7482,idle,2.1265,2.1265,2.1242,2.1242,2.1251,0.4000
TEL,83022,RUNNING,2.1251,2.1251,-2.7000,-2.7828,0.00,0,0.0000,32,1,0,-2.7828,-2.7828,0,15.9961,18.7482,idle,2.1265,2.1265,2.1242,2.1242,2.1251,0.4000
TEL,83122,RUNNING,2.1251,2.1251,-2.7000,-2.7959,0.00,0,0.0000,12,1,0,-2.7959,-2.7959,0,15.9961,18.7482,idle,2.1265,2.1265,2.1242,2.1242,2.1251,0.4000
TEL,83222,RUNNING,2.1251,2.1251,-2.7000,-2.8091,0.00,0,0.0000,32,1,0,-2.8091,-2.8091,0,15.9961,18.7482,idle,2.1265,2.1265,2.1242,2.1242,2.1251,0.4000
TEL,83322,RUNNING,2.1251,2.1251,-2.7000,-2.8223,0.00,0,0.0000,33,1,0,-2.8223,-2.8223,0,15.9961,18.7482,idle,2.1265,2.1265,2.1242,2.1242,2.1251,0.4000
TEL,83423,RUNNING,2.1251,2.1251,-2.7000,-2.8354,0.00,0,0.0000,13,1,0,-2.8354,-2.8354,0,15.9961,18.7482,idle,2.1265,2.1265,2.1242,2.1242,2.1251,0.4000
TEL,83523,RUNNING,2.1251,2.1251,-2.7000,-2.8486,0.00,0,0.0000,33,1,0,-2.8486,-2.8486,0,15.9961,18.7482,idle,2.1265,2.1265,2.1242,2.1242,2.1251,0.4000
TEL,83623,RUNNING,2.1251,2.1251,-2.7000,-2.8617,0.00,0,0.0000,13,1,0,-2.8617,-2.8617,0,15.9961,18.7482,idle,2.1265,2.1265,2.1242,2.1242,2.1251,0.4000
TEL,83723,RUNNING,2.1251,2.1251,-2.7000,-2.8749,0.00,0,0.0000,32,1,0,-2.8749,-2.8749,0,15.9961,18.7482,idle,2.1265,2.1265,2.1242,2.1242,2.1251,0.4000
TEL,83823,RUNNING,2.1251,2.1251,-2.7000,-2.8880,0.00,0,0.0000,33,1,0,-2.8880,-2.8880,0,15.9961,18.7482,idle,2.1265,2.1265,2.1242,2.1242,2.1251,0.4000
TEL,83923,RUNNING,2.1251,2.1251,-2.7000,-2.9012,0.00,0,0.0000,13,1,0,-2.9012,-2.9012,0,15.9961,18.7482,idle,2.1265,2.1265,2.1242,2.1242,2.1251,0.4000
TEL,84023,RUNNING,2.1251,2.1251,-2.7000,-2.9144,0.00,0,0.0000,32,1,0,-2.9144,-2.9144,0,15.9961,18.7482,idle,2.1265,2.1265,2.1242,2.1242,2.1251,0.4000
TEL,84123,RUNNING,2.1251,2.1251,-2.7000,-2.9275,-120.00,0,0.0000,33,1,0,-2.9275,-2.9275,0,15.9961,18.7482,idle,2.1265,2.1265,2.1242,2.1242,2.1251,0.4000
TEL,84225,RUNNING,2.1247,2.1247,-3.0375,-2.9407,0.00,0,0.0000,13,1,0,-2.9407,-2.9407,0,15.7324,18.7482,idle,2.1265,2.1265,2.1235,2.1235,2.1247,0.4000
TEL,84325,RUNNING,2.1247,2.1247,-3.0375,-2.9538,0.00,0,0.0000,32,1,0,-2.9538,-2.9538,0,15.7324,18.7482,idle,2.1265,2.1265,2.1235,2.1235,2.1247,0.4000
TEL,84425,RUNNING,2.1247,2.1247,-3.0375,-2.9670,0.00,0,0.0000,12,1,0,-2.9670,-2.9670,0,15.7324,18.7482,idle,2.1265,2.1265,2.1235,2.1235,2.1247,0.4000
TEL,84526,RUNNING,2.1247,2.1247,-3.0375,-2.9802,0.00,0,0.0000,31,1,0,-2.9802,-2.9802,0,15.7324,18.7482,idle,2.1265,2.1265,2.1235,2.1235,2.1247,0.4000
TEL,84626,RUNNING,2.1247,2.1247,-3.0375,-2.9933,0.00,0,0.0000,32,1,0,-2.9933,-2.9933,0,15.7324,18.7482,idle,2.1265,2.1265,2.1235,2.1235,2.1247,0.4000
SET,84651,-13.9544,6.2425,-13.9544
TEL,84726,RUNNING,2.1265,2.1265,-4.6125,-17.7750,-480.00,0,-13.9544,12,1,0,-18.9422,-17.7750,1,14.5898,18.7482,idle,2.1265,2.1265,2.1196,2.1196,2.1265,1.0000
TEL,84828,RUNNING,2.1265,2.1265,-12.4875,-17.7750,-763.18,0,-13.9544,31,1,0,-18.9422,-17.7750,1,6.8555,18.7482,idle,2.1265,2.1265,2.0762,2.0762,2.1265,1.0000
TEL,84929,RUNNING,2.1265,2.1265,-18.6750,-17.7750,-163.18,0,-13.9544,11,1,0,-18.9422,-17.7750,1,0.0879,18.7482,idle,2.1265,2.1265,2.0146,2.0146,2.1265,1.0000
TEL,85030,RUNNING,2.1265,2.1265,-18.0000,-17.7750,189.84,0,-13.9544,30,1,0,-18.9422,-17.7750,1,0.0879,18.7482,idle,2.1265,2.1265,2.0224,2.0224,2.1265,1.0000
TEL,85132,RUNNING,2.1265,2.1265,-17.8875,-17.7750,0.00,0,-13.9544,72,1,1,-18.9422,-17.7750,1,0.5273,18.7482,idle,2.1265,2.1265,2.0237,2.0237,2.1265,1.0000
TEL,85233,RUNNING,2.1265,2.1265,-17.8875,-17.7750,0.00,0,-13.9544,173,1,3,-18.9422,-17.7750,1,0.5273,18.7482,idle,2.1265,2.1265,2.0237,2.0237,2.1265,1.0000
TEL,85334,RUNNING,2.1265,2.1265,-17.8875,-17.7750,0.00,0,-13.9544,273,1,5,-18.9422,-17.7750,1,0.5273,18.7482,idle,2.1265,2.1265,2.0237,2.0237,2.1265,1.0000
TEL,85434,RUNNING,2.1265,2.1265,-17.8875,-17.7750,0.00,0,-13.9544,374,1,8,-18.9422,-17.7750,1,0.5273,18.7482,idle,2.1265,2.1265,2.0237,2.0237,2.1265,1.0000
TEL,85534,RUNNING,2.1265,2.1265,-17.8875,-17.7750,0.00,0,-13.9544,474,1,10,-18.9422,-17.7750,1,0.5273,18.7482,idle,2.1265,2.1265,2.0237,2.0237,2.1265,1.0000
TEL,85636,RUNNING,2.1265,2.1265,-17.8875,-17.7750,0.00,0,-13.9544,575,1,12,-18.9422,-17.7750,1,0.5273,18.7482,idle,2.1265,2.1265,2.0237,2.0237,2.1265,1.0000
TEL,85736,RUNNING,-0.8735,1.2265,-17.6625,-17.7750,0.00,0,-13.9544,20,1,0,-17.9502,-17.7750,1,0.5273,18.7482,idle,-0.8735,1.2265,-0.8323,1.1687,1.2265,1.0000
TEL,85836,RUNNING,-0.8735,0.1555,-17.2125,-16.8227,203.90,0,-13.9544,31,1,0,-16.8227,-16.8227,0,0.9668,18.7482,idle,-0.8735,0.1555,-0.8344,0.1486,0.1555,1.0000
TEL,85938,RUNNING,-1.1228,-0.5953,-14.2875,-10.3480,323.90,0,-13.9544,11,1,0,-10.3480,-10.3480,0,3.8672,18.7482,idle,-1.1228,-0.5953,-1.0880,-0.5769,-0.5953,1.0000
TEL,86039,RUNNING,-2.1610,-1.2281,-11.2500,-15.4459,203.90,0,-13.9544,31,1,0,-15.4459,-15.4459,0,7.0313,18.7482,idle,-2.1610,-1.2281,-2.1195,-1.2045,-1.2281,1.0000
TEL,86140,RUNNING,-3.4987,-2.2709,-9.3375,-14.3546,83.90,0,-13.9544,30,1,0,-14.3546,-14.3546,0,8.8770,18.7482,idle,-3.4987,-2.2709,-3.4523,-2.2408,-2.2709,1.0000
TEL,86242,RUNNING,-3.8735,-3.0527,-9.0000,-13.5506,-36.10,0,-13.9544,31,1,0,-13.5506,-13.5506,0,9.4922,18.7482,idle,-3.8735,-3.0527,-3.8258,-3.0151,-3.0527,1.0000
TEL,86343,RUNNING,-3.8735,-3.4713,-10.0125,-13.1515,-156.10,0,-13.9544,31,1,0,-13.1515,-13.1515,0,8.7012,18.7482,idle,-3.8735,-3.4713,-3.8145,-3.4184,-3.4713,1.0000
TEL,86446,RUNNING,-4.2533,-3.8557,-12.2625,-12.7881,-236.79,0,-13.9544,32,1,0,-12.7881,-12.7881,0,6.5918,18.7482,idle,-4.2533,-3.8557,-4.1562,-3.7677,-3.8557,1.0000
TEL,86548,RUNNING,-5.3509,-4.6191,-12.3750,-11.9941,201.57,0,-13.9544,22,1,0,-11.9941,-11.9941,0,5.8887,18.7482,idle,-5.3509,-4.6191,-5.2266,-4.5117,-4.6191,1.0000
TEL,86649,RUNNING,-5.3509,-4.6191,-12.1500,-12.0571,0.00,0,-13.9544,123,1,2,-12.0571,-12.0571,0,6.5918,18.7482,idle,-5.3509,-4.6191,-5.2310,-4.5156,-4.6191,1.0000
TEL,86750,RUNNING,-6.6267,-5.2213,-11.9250,-11.4409,227.23,0,-13.9544,31,1,0,-11.4409,-11.4409,0,6.5039,18.7482,idle,-6.6267,-5.2213,-6.4837,-5.1087,-5.2213,1.0000
TEL,86851,RUNNING,-7.2533,-6.1779,-11.0250,1.2451,120.00,0,-13.9544,10,1,0,1.2451,1.2451,0,7.4707,18.7482,idle,-7.2533,-6.1779,-7.1194,-6.0638,-6.1779,1.0000
TEL,86951,RUNNING,-9.6267,-7.6688,-8.5500,-8.7905,198.22,0,-13.9544,29,1,0,-8.7905,-8.7905,0,9.6680,18.7482,idle,-9.6267,-7.6688,-9.5197,-7.5836,-7.6688,1.0000
TEL,87053,RUNNING,-10.2533,-8.9071,-6.7500,-7.4347,78.22,0,-13.9544,31,1,0,-7.4347,-7.4347,0,11.6016,18.7482,idle,-10.2533,-8.9071,-10.1822,-8.8454,-8.9071,1.0000
TEL,87154,RUNNING,-11.3509,-10.0382,-6.4125,-6.1918,0.00,0,-13.9544,31,1,0,-6.1918,-6.1918,0,12.1289,18.7482,idle,-11.3509,-10.0382,-11.2799,-9.9754,-10.0382,1.0000
TEL,87256,RUNNING,-12.6589,-11.2340,-4.8375,-4.8681,240.00,0,-13.9544,32,1,0,-4.8681,-4.8681,0,13.4473,18.7482,idle,-12.6589,-11.2340,-12.6138,-11.1940,-11.2340,1.0000
TEL,87358,RUNNING,-13.2533,-12.3600,-1.4625,6.0758,360.00,0,-13.9544,10,1,0,6.0758,6.0758,0,16.9629,18.7482,idle,-13.2533,-12.3600,-13.2490,-12.3559,-12.3600,1.0000
TEL,87459,RUNNING,-13.8021,-12.9802,2.0250,-2.9257,240.00,0,-13.9544,30,1,0,-2.9257,-2.9257,0,20.3906,18.7482,idle,-13.8021,-12.9802,-13.7935,-12.9721,-12.9802,1.0000
TEL,87561,RUNNING,-13.9259,-13.4625,3.8250,-2.3876,-120.00,0,-13.9544,31,1,0,-2.3876,-2.3876,0,22.6758,18.7482,idle,-13.9259,-13.4625,-13.8949,-13.4325,-13.4625,1.0000
TEL,87662,RUNNING,-13.9945,-13.7194,0.3375,-2.1008,-480.00,0,-13.9544,31,1,0,-2.1008,-2.1008,0,19.5996,18.7482,idle,-13.9945,-13.7194,-13.9942,-13.7192,-13.7194,1.0000
TEL,87764,RUNNING,-13.9945,-13.8453,-2.7000,-1.9603,105.67,0,-13.9544,30,1,0,-1.9603,-1.9603,0,16.0840,18.7482,idle,-13.9945,-13.8453,-13.9789,-13.8299,-13.8453,1.0000
TEL,87867,RUNNING,-13.9259,-13.9083,-1.8000,-1.6992,0.00,0,-13.9544,11,1,0,-1.6992,-1.6992,0,16.9629,18.7482,idle,-13.9259,-13.9083,-13.9190,-13.9015,-13.9083,1.0000
TEL,87967,RUNNING,-13.9945,-13.9378,-1.5750,-1.8567,0.00,0,-13.9544,31,1,0,-1.8567,-1.8567,0,16.9629,18.7482,idle,-13.9945,-13.9378,-13.9892,-13.9326,-13.9378,1.0000
TEL,88070,RUNNING,-13.9259,-13.9317,-1.8000,-1.8637,0.00,0,-13.9544,31,1,0,-1.8637,-1.8637,0,17.0508,18.7482,idle,-13.9259,-13.9317,-13.9190,-13.9249,-13.9317,1.0000
TEL,88170,RUNNING,-13.9945,-13.9485,-1.8000,-1.3460,120.00,0,-13.9544,10,1,0,-1.3460,-1.3460,0,17.0508,18.7482,idle,-13.9945,-13.9485,-13.9876,-13.9416,-13.9485,1.0000
TEL,88271,RUNNING,-13.9945,-13.9575,-1.4625,-1.8349,0.00,0,-13.9544,29,1,0,-1.8349,-1.8349,0,17.1387,18.7482,idle,-13.9945,-13.9575,-13.9899,-13.9530,-13.9575,1.0000
TEL,88373,RUNNING,-14.4061,-14.0998,-1.4625,-1.6744,0.00,0,-13.9544,31,1,0,-1.6744,-1.6744,0,17.1387,18.7482,idle,-14.4061,-14.0998,-14.4014,-14.0953,-14.0998,1.0000
TEL,88475,RUNNING,-14.4061,-14.2405,-1.4625,0.2810,120.00,0,-13.9544,11,1,0,0.2810,0.2810,0,17.3145,18.7482,idle,-14.4061,-14.2405,-14.4014,-14.2359,-14.2405,1.0000
TEL,88577,RUNNING,-14.4747,-14.3455,-0.6750,-1.3943,0.00,0,-13.9544,29,1,0,-1.3943,-1.3943,0,17.9297,18.7482,idle,-14.4747,-14.3455,-14.4737,-14.3445,-14.3455,1.0000
TEL,88678,RUNNING,-14.7491,-14.4937,-1.2375,-1.2245,0.00,0,-13.9544,31,1,0,-1.2245,-1.2245,0,17.6660,18.7482,idle,-14.7491,-14.4937,-14.7456,-14.4903,-14.4937,1.0000
TEL,88778,RUNNING,-14.7491,-14.6239,-0.7875,-1.0738,0.00,0,-13.9544,31,1,0,-1.0738,-1.0738,0,17.8418,18.7482,idle,-14.7491,-14.6239,-14.7477,-14.6226,-14.6239,1.0000
TEL,88881,RUNNING,-14.7491,-14.6197,-1.2375,0.3292,-73.18,0,-13.9544,11,1,0,0.3292,0.3292,0,17.8418,18.7482,idle,-14.7491,-14.6197,-14.7456,-14.6163,-14.6197,1.0000
TEL,88982,RUNNING,-14.7491,-14.5993,-1.0125,-1.0929,46.82,0,-13.9544,30,1,0,-1.0929,-1.0929,0,17.6660,18.7482,idle,-14.7491,-14.5993,-14.7468,-14.5970,-14.5993,1.0000
TEL,89083,RUNNING,-14.3375,-14.5810,-0.7875,-1.1089,-185.16,0,-13.9544,30,1,0,-1.1089,-1.1089,0,18.1934,18.7482,idle,-14.3375,-14.5810,-14.3361,-14.5796,-14.5810,1.0000
TEL,89186,RUNNING,-15.2293,-15.0069,-0.5625,1.7887,292.92,0,-13.9544,11,1,0,1.7887,1.7887,0,18.0176,18.7482,idle,-15.2293,-15.0069,-15.2285,-15.0062,-15.0069,1.0000
TEL,89287,RUNNING,-15.2293,-14.9330,0.6750,-0.7003,-67.08,0,-13.9544,30,1,0,-0.7003,-0.7003,0,19.4238,18.7482,idle,-15.2293,-14.9330,-15.2282,-14.9320,-14.9330,1.0000
TEL,89390,RUNNING,-13.2399,-14.4873,-1.1250,-1.1961,-187.08,0,-13.9544,32,1,0,-1.1961,-1.1961,0,18.1055,18.7482,idle,-13.2399,-14.4873,-13.2373,-14.4845,-14.4873,1.0000
TEL,89492,RUNNING,-13.1370,-14.2236,-0.9000,-13.2764,82.68,0,-13.9544,10,1,0,-13.2764,-13.2764,0,17.6660,18.7482,idle,-13.1370,-14.2236,-13.1354,-14.2219,-14.2236,1.0000
TEL,89594,RUNNING,-12.6317,-13.4117,-2.5875,-2.4035,-277.32,0,-13.9544,29,1,0,-2.4035,-2.4035,0,16.6113,18.7482,idle,-12.6317,-13.4117,-12.6188,-13.3980,-13.4117,1.0000
TEL,89697,RUNNING,-12.2293,-12.8087,-5.1750,-3.0881,-157.32,0,-13.9544,31,1,0,-3.0881,-3.0881,0,13.8867,18.7482,idle,-12.2293,-12.8087,-12.1794,-12.7565,-12.8087,1.0000
TEL,89799,RUNNING,-12.1950,-12.5029,-6.5250,-3.4412,-37.32,0,-13.9544,31,1,0,-3.4412,-3.4412,0,12.3047,18.7482,idle,-12.1950,-12.5029,-12.1160,-12.4219,-12.5029,1.0000
TEL,89905,RUNNING,-9.8843,-11.2339,-6.6375,-17.7750,-157.32,0,-13.9544,1,1,0,-19.5193,-17.7750,1,12.0410,18.7482,idle,-9.8843,-11.2339,-9.8181,-11.1586,-11.2339,1.0000
TEL,90006,RUNNING,-9.2293,-10.2961,-7.8750,-5.9559,-37.32,0,-13.9544,24,1,0,-5.9559,-5.9559,0,11.0742,18.7482,idle,-9.2293,-10.2961,-9.1422,-10.1990,-10.2961,1.0000
TEL,90107,RUNNING,-9.1950,-9.7417,-7.8750,-6.6066,82.68,0,-13.9544,30,1,0,-6.6066,-6.6066,0,10.8984,18.7482,idle,-9.1950,-9.7417,-9.1083,-9.6498,-9.7417,1.0000
TEL,90209,RUNNING,-8.0949,-8.9131,-7.3125,-7.5644,-163.91,0,-13.9544,32,1,0,-7.5644,-7.5644,0,11.5137,18.7482,idle,-8.0949,-8.9131,-8.0290,-8.8407,-8.9131,1.0000
TEL,90310,RUNNING,-6.8843,-7.6954,-9.6750,-17.7573,-283.91,0,-13.9544,11,1,0,-17.7573,-17.7573,0,9.0527,18.7482,idle,-6.8843,-7.6954,-6.7864,-7.5860,-7.6954,1.0000
TEL,90412,RUNNING,-6.1741,-6.9311,-12.3750,-9.8450,-163.91,0,-13.9544,29,1,0,-9.8450,-9.8450,0,6.5039,18.7482,idle,-6.1741,-6.9311,-6.0306,-6.7701,-6.9311,1.0000
TEL,90513,RUNNING,-5.1488,-6.1654,-13.7250,-10.7363,-43.91,0,-13.9544,31,1,0,-10.7363,-10.7363,0,4.9219,18.7482,idle,-5.1488,-6.1654,-5.0018,-5.9894,-6.1654,1.0000
TEL,90614,RUNNING,-5.0949,-5.6308,-13.8375,-11.3817,76.09,0,-13.9544,31,1,0,-11.3817,-11.3817,0,4.6582,18.7482,idle,-5.0949,-5.6308,-4.9470,-5.4674,-5.6308,1.0000
TEL,90717,RUNNING,-4.0659,-4.9297,-12.4875,-12.2056,173.42,0,-13.9544,32,1,0,-12.2056,-12.2056,0,5.8887,18.7482,idle,-4.0659,-4.9297,-3.9697,-4.8130,-4.9297,1.0000
TEL,90819,RUNNING,-3.1741,-4.0064,-12.9375,-17.7750,-321.57,0,-13.9544,10,1,0,-22.2994,-17.7750,1,5.8887,18.7482,idle,-3.1741,-4.0064,-3.0935,-3.9047,-4.0064,1.0000
TEL,90920,RUNNING,-2.6755,-3.3603,-16.0875,-14.0383,-201.57,0,-13.9544,30,1,0,-14.0383,-14.0383,0,2.8125,18.7482,idle,-2.6755,-3.3603,-2.5707,-3.2287,-3.3603,1.0000
TEL,91022,RUNNING,-2.0581,-2.7152,-17.7750,-14.8082,-69.74,0,-13.9544,32,1,0,-14.8082,-14.8082,0,0.8789,18.7482,idle,-2.0581,-2.7152,-1.9598,-2.5856,-2.7152,1.0000
TEL,91123,RUNNING,-2.0581,-2.5181,-17.1000,-15.0915,360.00,0,-13.9544,72,1,1,-15.0915,-15.0915,0,0.9668,18.7482,idle,-2.0581,-2.5181,-1.9671,-2.4068,-2.5181,1.0000
TEL,91227,RUNNING,-2.0581,-2.5181,-14.5125,-15.1687,-121.41,0,-13.9544,175,1,3,-15.1687,-15.1687,0,3.8672,18.7482,idle,-2.0581,-2.5181,-1.9924,-2.4377,-2.5181,1.0000
TEL,91328,RUNNING,-2.0581,-2.2835,-16.9875,-15.4795,-188.80,0,-13.9544,31,1,0,-15.4795,-15.4795,0,1.8457,18.7482,idle,-2.0581,-2.2835,-1.9683,-2.1838,-2.2835,1.0000
TEL,91429,RUNNING,-2.0581,-2.2835,-16.6500,-15.5583,341.25,0,-13.9544,132,1,2,-15.5583,-15.5583,0,1.4062,18.7482,idle,-2.0581,-2.2835,-1.9718,-2.1877,-2.2835,1.0000
TEL,91531,RUNNING,-2.0581,-2.2835,-15.1875,-15.6370,-218.98,0,-13.9544,234,1,4,-15.6370,-15.6370,0,3.4277,18.7482,idle,-2.0581,-2.2835,-1.9862,-2.2037,-2.2835,1.0000
TEL,91633,RUNNING,-2.0581,-2.2835,-15.8625,-15.7158,0.00,0,-13.9544,336,1,6,-15.7158,-15.7158,0,2.6367,18.7482,idle,-2.0581,-2.2835,-1.9797,-2.1965,-2.2835,1.0000
TEL,91734,RUNNING,-2.0581,-2.2835,-15.8625,-15.7946,0.00,0,-13.9544,436,1,8,-15.7946,-15.7946,0,2.6367,18.7482,idle,-2.0581,-2.2835,-1.9797,-2.1965,-2.2835,1.0000
TEL,91834,RUNNING,-2.0581,-2.2835,-15.8625,-15.8734,0.00,0,-13.9544,537,1,11,-15.8734,-15.8734,0,2.6367,18.7482,idle,-2.0581,-2.2835,-1.9797,-2.1965,-2.2835,1.0000
TEL,91934,RUNNING,-2.0581,-2.2835,-15.8625,-15.9521,0.00,0,-13.9544,637,1,11,-15.9521,-15.9521,0,2.6367,18.7482,idle,-2.0581,-2.2835,-1.9797,-2.1965,-2.2835,1.0000
TEL,92036,RUNNING,-2.0581,-2.2835,-15.8625,-16.0309,0.00,0,-13.9544,738,1,13,-16.0309,-16.0309,0,2.6367,18.7482,idle,-2.0581,-2.2835,-1.9797,-2.1965,-2.2835,1.0000
TEL,92136,RUNNING,-2.1267,-2.2364,-16.0875,-17.3534,-240.00,0,-13.9544,13,1,0,-17.3534,-17.3534,0,2.6367,18.7482,idle,-2.1267,-2.2364,-2.0434,-2.1489,-2.2364,1.0000
TEL,92237,RUNNING,-2.1267,-2.1877,-16.7625,-16.2969,120.00,0,-13.9544,32,1,0,-16.2969,-16.2969,0,1.5820,18.7482,idle,-2.1267,-2.1877,-2.0363,-2.0947,-2.1877,1.0000
TEL,92339,RUNNING,-1.8180,-2.0768,-16.6500,-16.4856,0.00,0,-13.9544,73,1,1,-16.4856,-16.4856,0,1.7578,18.7482,idle,-1.8180,-2.0768,-1.7418,-1.9897,-2.0768,1.0000
TEL,92439,RUNNING,-1.8180,-2.0768,-16.6500,-16.5658,0.00,0,-13.9544,173,1,3,-16.5658,-16.5658,0,1.7578,18.7482,idle,-1.8180,-2.0768,-1.7418,-1.9897,-2.0768,1.0000
TEL,92539,RUNNING,-1.8180,-2.0768,-16.6500,-16.6460,0.00,0,-13.9544,273,1,5,-16.6460,-16.6460,0,1.7578,18.7482,idle,-1.8180,-2.0768,-1.7418,-1.9897,-2.0768,1.0000
TEL,92640,RUNNING,-1.8180,-2.0768,-16.6500,-16.7261,0.00,0,-13.9544,374,1,7,-16.7261,-16.7261,0,1.7578,18.7482,idle,-1.8180,-2.0768,-1.7418,-1.9897,-2.0768,1.0000
TEL,92740,RUNNING,-1.8180,-2.0768,-16.6500,-16.8063,0.00,0,-13.9544,474,1,9,-16.8063,-16.8063,0,1.7578,18.7482,idle,-1.8180,-2.0768,-1.7418,-1.9897,-2.0768,1.0000
TEL,92840,RUNNING,-1.8180,-2.0768,-16.6500,-16.8865,-120.00,0,-13.9544,574,1,9,-16.8865,-16.8865,0,1.7578,18.7482,idle,-1.8180,-2.0768,-1.7418,-1.9897,-2.0768,1.0000
TEL,92942,RUNNING,-4.8180,-3.6960,-15.7500,-2.9660,358.97,0,-13.9544,11,1,0,-2.9660,-2.9660,0,2.4609,18.7482,idle,-4.8180,-3.6960,-4.6371,-3.5572,-3.6960,1.0000
TEL,93043,RUNNING,-4.8180,-4.2682,-12.1500,-14.5606,238.97,0,-13.9544,31,1,0,-14.5606,-14.5606,0,5.8887,18.7482,idle,-4.8180,-4.2682,-4.7101,-4.1726,-4.2682,1.0000
TEL,93147,RUNNING,-4.8180,-4.5486,-10.5750,-14.3093,-121.03,0,-13.9544,33,1,0,-14.3093,-14.3093,0,7.9980,18.7482,idle,-4.8180,-4.5486,-4.7361,-4.4713,-4.5486,1.0000
TEL,93248,RUNNING,-4.8180,-4.5486,-13.9500,-14.3728,-241.03,0,-13.9544,135,1,2,-14.3728,-14.3728,0,4.9219,18.7482,idle,-4.8180,-4.5486,-4.6759,-4.4144,-4.5486,1.0000
TEL,93349,RUNNING,-4.8180,-4.5486,-14.4000,-14.4363,62.98,0,-13.9544,236,1,5,-14.4363,-14.4363,0,3.8672,18.7482,idle,-4.8180,-4.5486,-4.6666,-4.4057,-4.5486,1.0000
TEL,93451,RUNNING,-4.8180,-4.5486,-14.2875,-14.4998,0.00,0,-13.9544,338,1,7,-14.4998,-14.4998,0,4.2188,18.7482,idle,-4.8180,-4.5486,-4.6690,-4.4079,-4.5486,1.0000
TEL,93551,RUNNING,-7.8180,-5.8921,-13.7250,-13.0468,268.96,0,-13.9544,31,1,0,-13.0468,-13.0468,0,4.3945,18.7482,idle,-7.8180,-5.8921,-7.5947,-5.7239,-5.8921,1.0000
TEL,93652,RUNNING,-9.2757,-7.9442,-10.1250,3.6612,388.96,0,-13.9544,11,1,0,3.6612,3.6612,0,8.0859,18.7482,idle,-9.2757,-7.9442,-9.1313,-7.8204,-7.9442,1.0000
TEL,93754,RUNNING,-11.3680,-9.4706,-6.3000,-9.1011,268.96,0,-13.9544,30,1,0,-9.1011,-9.1011,0,11.9531,18.7482,idle,-11.3680,-9.4706,-11.2994,-9.4134,-9.4706,1.0000
TEL,93855,RUNNING,-12.0969,-10.7335,-3.7125,-7.7054,148.96,0,-13.9544,31,1,0,-7.7054,-7.7054,0,14.6777,18.7482,idle,-12.0969,-10.7335,-12.0715,-10.7110,-10.7335,1.0000
TEL,93959,RUNNING,-12.2757,-11.5013,-2.4750,-6.8602,28.96,0,-13.9544,32,1,0,-6.8602,-6.8602,0,15.9961,18.7482,idle,-12.2757,-11.5013,-12.2643,-11.4905,-11.5013,1.0000
TEL,94062,RUNNING,-13.9259,-12.7859,-1.4625,6.9402,148.96,0,-13.9544,10,1,0,6.9402,6.9402,0,17.3145,18.7482,idle,-13.9259,-12.7859,-13.9213,-12.7817,-12.7859,1.0000
TEL,94163,RUNNING,-14.3680,-13.5928,-0.3375,-4.5234,28.96,0,-13.9544,29,1,0,-4.5234,-4.5234,0,18.2812,18.7482,idle,-14.3680,-13.5928,-14.3678,-13.5925,-13.5928,1.0000
TEL,94266,RUNNING,-14.4747,-14.0201,-0.3375,-4.0432,-91.04,0,-13.9544,31,1,0,-4.0432,-4.0432,0,18.4570,18.7482,idle,-14.4747,-14.0201,-14.4744,-14.0199,-14.0201,1.0000
TEL,94368,RUNNING,-14.3375,-14.2108,-2.2500,-3.8274,-410.20,0,-13.9544,31,1,0,-3.8274,-3.8274,0,16.9629,18.7482,idle,-14.3375,-14.2108,-14.3264,-14.1998,-14.2108,1.0000
TEL,94471,RUNNING,-13.9945,-14.1725,-4.8375,-3.8688,-50.20,0,-13.9544,31,1,0,-3.8688,-3.8688,0,14.2383,18.7482,idle,-13.9945,-14.1725,-13.9446,-14.1220,-14.1725,1.0000
TEL,94574,RUNNING,-14.3375,-14.1846,-4.2750,-3.8538,211.96,0,-13.9544,33,1,0,-3.8538,-3.8538,0,14.2383,18.7482,idle,-14.3375,-14.1846,-14.2976,-14.1451,-14.1846,1.0000
TEL,94676,RUNNING,-14.3375,-14.2130,-2.2500,-3.8202,-120.00,0,-13.9544,21,1,0,-3.8202,-3.8202,0,16.4355,18.7482,idle,-14.3375,-14.2130,-14.3264,-14.2021,-14.2130,1.0000
TEL,94778,RUNNING,-14.3375,-14.2765,-3.9375,-3.7468,0.00,0,-13.9544,31,1,0,-3.7468,-3.7468,0,14.9414,18.7482,idle,-14.3375,-14.2765,-14.3036,-14.2428,-14.2765,1.0000
TEL,94879,RUNNING,-14.3375,-14.3076,-2.9250,-3.7095,-120.00,0,-13.9544,31,1,0,-3.7095,-3.7095,0,15.7324,18.7482,idle,-14.3375,-14.3076,-14.3188,-14.2889,-14.3076,1.0000
TEL,94982,RUNNING,-14.3375,-14.3228,-3.6000,-3.6899,21.76,0,-13.9544,31,1,0,-3.6899,-3.6899,0,14.9414,18.7482,idle,-14.3375,-14.3228,-14.3092,-14.2946,-14.3228,1.0000
TEL,95083,RUNNING,-13.9259,-14.2191,-3.7125,-6.9847,-326.74,0,-13.9544,10,1,0,-6.9847,-6.9847,0,15.2930,18.7482,idle,-13.9259,-14.2191,-13.8966,-14.1892,-14.2191,1.0000
TEL,95185,RUNNING,-13.9259,-14.1560,-5.2875,-3.8734,33.26,0,-13.9544,30,1,0,-3.8734,-3.8734,0,13.5352,18.7482,idle,-13.9259,-14.1560,-13.8666,-14.0957,-14.1560,1.0000
TEL,95287,RUNNING,-13.9259,-14.0386,-4.2750,-4.0046,153.26,0,-13.9544,31,1,0,-4.0046,-4.0046,0,14.5020,18.7482,idle,-13.9259,-14.0386,-13.8871,-13.9996,-14.0386,1.0000
TEL,95389,RUNNING,-13.9259,-13.9811,-4.2750,-4.0690,0.00,0,-13.9544,31,1,0,-4.0690,-4.0690,0,14.6777,18.7482,idle,-13.9259,-13.9811,-13.8871,-13.9422,-13.9811,1.0000
TEL,95491,RUNNING,-14.3375,-14.0764,-4.2750,-3.9614,182.91,0,-13.9544,32,1,0,-3.9614,-3.9614,0,14.2383,18.7482,idle,-14.3375,-14.0764,-14.2976,-14.0373,-14.0764,1.0000
TEL,95593,RUNNING,-14.3375,-14.1010,-4.2750,-1.3678,62.91,0,-13.9544,10,1,0,-1.3678,-1.3678,0,14.5898,18.7482,idle,-14.3375,-14.1010,-14.2976,-14.0618,-14.1010,1.0000
TEL,95695,RUNNING,-14.3375,-14.2216,-2.4750,-3.7960,50.71,0,-13.9544,31,1,0,-3.7960,-3.7960,0,15.9082,18.7482,idle,-14.3375,-14.2216,-14.3241,-14.2083,-14.2216,1.0000
TEL,95798,RUNNING,-14.3375,-14.1078,-3.8250,-3.9231,-69.29,0,-13.9544,31,1,0,-3.9231,-3.9231,0,15.1172,18.7482,idle,-14.3375,-14.1078,-14.3055,-14.0764,-14.1078,1.0000
TEL,95899,RUNNING,-14.7491,-14.3484,-3.6000,-3.6505,0.00,0,-13.9544,31,1,0,-3.6505,-3.6505,0,14.8535,18.7482,idle,-14.7491,-14.3484,-14.7200,-14.3201,-14.3484,1.0000
TEL,96000,RUNNING,-13.5143,-14.1823,-3.6000,-3.8349,-158.28,0,-13.9544,30,1,0,-3.8349,-3.8349,0,15.2051,18.7482,idle,-13.5143,-14.1823,-13.4876,-14.1543,-14.1823,1.0000
TEL,96102,RUNNING,-13.5829,-13.7784,-5.9625,-6.4108,-218.66,0,-13.9544,11,1,0,-6.4108,-6.4108,0,12.7441,18.7482,idle,-13.5829,-13.7784,-13.5094,-13.7039,-13.7784,1.0000
TEL,96204,RUNNING,-13.8573,-13.7610,-5.8500,-4.3106,381.34,0,-13.9544,30,1,0,-4.3106,-4.3106,0,12.3926,18.7482,idle,-13.8573,-13.7610,-13.7851,-13.6893,-13.7610,1.0000
TEL,96307,RUNNING,-13.7887,-13.7895,-3.1500,-4.2797,-81.45,0,-13.9544,31,1,0,-4.2797,-4.2797,0,15.3809,18.7482,idle,-13.7887,-13.7895,-13.7678,-13.7687,-13.7895,1.0000
TEL,96409,RUNNING,-13.1713,-13.5607,-5.6250,-4.5391,-201.45,0,-13.9544,31,1,0,-4.5391,-4.5391,0,13.3594,18.7482,idle,-13.1713,-13.5607,-13.1078,-13.4954,-13.5607,1.0000
TEL,96512,RUNNING,-13.7887,-13.5765,-7.4250,-2.2226,158.55,0,-13.9544,10,1,0,-2.2226,-2.2226,0,11.1621,18.7482,idle,-13.7887,-13.5765,-13.6731,-13.4626,-13.5765,1.0000
TEL,96614,RUNNING,-13.9259,-13.7403,-3.7125,-4.3421,356.88,0,-13.9544,31,1,0,-4.3421,-4.3421,0,14.4141,18.7482,idle,-13.9259,-13.7403,-13.8966,-13.7114,-13.7403,1.0000
TEL,96716,RUNNING,-13.7887,-13.7650,-2.1375,-4.3156,-243.12,0,-13.9544,31,1,0,-4.3156,-4.3156,0,16.6113,18.7482,idle,-13.7887,-13.7650,-13.7791,-13.7554,-13.7650,1.0000
TEL,96819,RUNNING,-13.9259,-13.8470,-4.5000,-4.2242,116.88,0,-13.9544,31,1,0,-4.2242,-4.2242,0,14.2383,18.7482,idle,-13.9259,-13.8470,-13.8829,-13.8043,-13.8470,1.0000
TEL,96921,RUNNING,-13.9945,-13.9078,-3.7125,-4.1563,0.00,0,-13.9544,31,1,0,-4.1563,-4.1563,0,14.7656,18.7482,idle,-13.9945,-13.9078,-13.9651,-13.8786,-13.9078,1.0000
TEL,97022,RUNNING,-13.9945,-14.0240,-4.1625,-4.0252,0.00,0,-13.9544,30,1,0,-4.0252,-4.0252,0,14.6777,18.7482,idle,-13.9945,-14.0240,-13.9576,-13.9870,-14.0240,1.0000
TEL,97123,RUNNING,-13.9945,-14.0046,-4.1625,-4.1567,0.00,0,-13.9544,11,1,0,-4.1567,-4.1567,0,14.5898,18.7482,idle,-13.9945,-14.0046,-13.9576,-13.9677,-14.0046,1.0000
TEL,97223,RUNNING,-14.4061,-14.1950,-3.7125,-3.8314,0.00,0,-13.9544,31,1,0,-3.8314,-3.8314,0,14.7656,18.7482,idle,-14.4061,-14.1950,-14.3758,-14.1652,-14.1950,1.0000
TEL,97326,RUNNING,-14.4061,-14.2882,-3.2625,-3.7245,0.00,0,-13.9544,32,1,0,-3.7245,-3.7245,0,15.2051,18.7482,idle,-14.4061,-14.2882,-14.3827,-14.2651,-14.2882,1.0000
TEL,97427,RUNNING,-14.4061,-14.3512,-3.3750,-3.6511,-120.00,0,-13.9544,21,1,0,-3.6511,-3.6511,0,15.2930,18.7482,idle,-14.4061,-14.3512,-14.3811,-14.3264,-14.3512,1.0000
TEL,97528,RUNNING,-14.4061,-14.3792,-3.4875,-3.6168,0.00,0,-13.9544,31,1,0,-3.6168,-3.6168,0,15.1172,18.7482,idle,-14.4061,-14.3792,-14.3794,-14.3526,-14.3792,1.0000
TEL,97629,RUNNING,-14.4061,-14.3929,-3.4875,-3.5985,0.00,0,-13.9544,31,1,0,-3.5985,-3.5985,0,15.1172,18.7482,idle,-14.4061,-14.3929,-14.3794,-14.3663,-14.3929,1.0000
TEL,97729,RUNNING,-14.7491,-14.5890,-3.0375,-3.3741,0.00,0,-13.9544,31,1,0,-3.3741,-3.3741,0,15.3809,18.7482,idle,-14.7491,-14.5890,-14.7284,-14.5685,-14.5890,1.0000
TEL,97830,RUNNING,-14.7491,-14.4493,-3.6000,-0.2752,-120.00,0,-13.9544,11,1,0,-0.2752,-0.2752,0,15.3809,18.7482,idle,-14.7491,-14.4493,-14.7200,-14.4207,-14.4493,1.0000
TEL,97933,RUNNING,-14.7491,-14.6166,-2.7000,-3.3354,182.25,0,-13.9544,31,1,0,-3.3354,-3.3354,0,15.5566,18.7482,idle,-14.7491,-14.6166,-14.7327,-14.6003,-14.6166,1.0000
TEL,98035,RUNNING,-14.7491,-14.6841,-2.4750,-3.2546,-177.75,0,-13.9544,31,1,0,-3.2546,-3.2546,0,16.2598,18.7482,idle,-14.7491,-14.6841,-14.7353,-14.6704,-14.6841,1.0000
TEL,98139,RUNNING,-13.9945,-14.2460,-5.0625,-3.7447,-187.23,0,-13.9544,31,1,0,-3.7447,-3.7447,0,13.8867,18.7482,idle,-13.9945,-14.2460,-13.9399,-14.1904,-14.2460,1.0000
TEL,98241,RUNNING,-13.9945,-14.0563,-6.4125,-4.6273,215.02,0,-13.9544,10,1,0,-4.6273,-4.6273,0,11.9531,18.7482,idle,-13.9945,-14.0563,-13.9069,-13.9683,-14.0563,1.0000
TEL,98343,RUNNING,-14.4061,-14.2347,-2.5875,-3.7550,292.04,0,-13.9544,29,1,0,-3.7550,-3.7550,0,15.5566,18.7482,idle,-14.4061,-14.2347,-14.3914,-14.2201,-14.2347,1.0000
TEL,98446,RUNNING,-14.4061,-14.3221,-1.8000,-3.6544,-307.96,0,-13.9544,31,1,0,-3.6544,-3.6544,0,17.1387,18.7482,idle,-14.4061,-14.3221,-14.3990,-14.3150,-14.3221,1.0000
TEL,98548,RUNNING,-14.4061,-14.3649,-3.9375,-3.6035,142.74,0,-13.9544,31,1,0,-3.6035,-3.6035,0,14.7656,18.7482,idle,-14.4061,-14.3649,-14.3721,-14.3310,-14.3649,1.0000
TEL,98652,RUNNING,-14.4061,-14.3859,-3.2625,-3.5770,-120.00,0,-13.9544,31,1,0,-3.5770,-3.5770,0,15.2930,18.7482,idle,-14.4061,-14.3859,-14.3827,-14.3626,-14.3859,1.0000
TEL,98753,RUNNING,-14.4061,-14.3992,-3.6000,-3.4841,0.00,0,-13.9544,10,1,0,-3.4841,-3.4841,0,15.1172,18.7482,idle,-14.4061,-14.3992,-14.3776,-14.3707,-14.3992,1.0000
TEL,98853,RUNNING,-14.3375,-14.3821,-3.8250,-3.5754,0.00,0,-13.9544,30,1,0,-3.5754,-3.5754,0,15.0293,18.7482,idle,-14.3375,-14.3821,-14.3055,-14.3501,-14.3821,1.0000
TEL,98955,RUNNING,-14.3375,-14.3593,-3.8250,-3.5982,0.00,0,-13.9544,31,1,0,-3.5982,-3.5982,0,15.0293,18.7482,idle,-14.3375,-14.3593,-14.3055,-14.3274,-14.3593,1.0000
TEL,99057,RUNNING,-14.4061,-14.3656,-3.8250,-3.1489,120.00,0,-13.9544,11,1,0,-3.1489,-3.1489,0,14.8535,18.7482,idle,-14.4061,-14.3656,-14.3740,-14.3336,-14.3656,1.0000
TEL,99160,RUNNING,-13.9259,-14.2422,-3.7125,-3.7249,0.00,0,-13.9544,30,1,0,-3.7249,-3.7249,0,15.1172,18.7482,idle,-13.9259,-14.2422,-13.8966,-14.2123,-14.2422,1.0000
TEL,99261,RUNNING,-13.9259,-14.0344,-4.1625,-5.1345,-120.00,0,-13.9544,10,1,0,-5.1345,-5.1345,0,14.5898,18.7482,idle,-13.9259,-14.0344,-13.8891,-13.9973,-14.0344,1.0000
TEL,99362,RUNNING,-14.4061,-14.2239,-3.0375,-3.7430,217.48,0,-13.9544,30,1,0,-3.7430,-3.7430,0,15.2051,18.7482,idle,-14.4061,-14.2239,-14.3858,-14.2040,-14.2239,1.0000
TEL,99465,RUNNING,-14.8177,-14.3395,-2.4750,-3.6112,-142.52,0,-13.9544,31,1,0,-3.6112,-3.6112,0,16.1719,18.7482,idle,-14.8177,-14.3395,-14.8039,-14.3261,-14.3395,1.0000
TEL,99567,RUNNING,-13.8573,-14.2952,-4.0500,-3.6581,-22.52,0,-13.9544,31,1,0,-3.6581,-3.6581,0,14.8535,18.7482,idle,-13.8573,-14.2952,-13.8227,-14.2595,-14.2952,1.0000
TEL,99670,RUNNING,-14.8177,-14.5617,-2.8125,-3.3549,97.48,0,-13.9544,30,1,0,-3.3549,-3.3549,0,15.5566,18.7482,idle,-14.8177,-14.5617,-14.7998,-14.5441,-14.5617,1.0000
TEL,99772,RUNNING,-13.8573,-14.4041,-2.5875,-3.5283,-262.52,0,-13.9544,31,1,0,-3.5283,-3.5283,0,16.1719,18.7482,idle,-13.8573,-14.4041,-13.8431,-14.3894,-14.4041,1.0000
TEL,99874,RUNNING,-14.8177,-14.6150,-3.6000,-3.2870,182.71,0,-13.9544,31,1,0,-3.2870,-3.2870,0,14.9414,18.7482,idle,-14.8177,-14.6150,-14.7884,-14.5862,-14.6150,1.0000
TEL,99977,RUNNING,-14.8863,-14.7534,-2.0250,-3.1264,62.71,0,-13.9544,31,1,0,-3.1264,-3.1264,0,16.3477,18.7482,idle,-14.8863,-14.7534,-14.8770,-14.7441,-14.7534,1.0000
TEL,100079,RUNNING,-13.1713,-14.0906,-3.8250,-3.8691,-297.29,0,-13.9544,31,1,0,-3.8691,-3.8691,0,15.2930,18.7482,idle,-13.1713,-14.0906,-13.1419,-14.0592,-14.0906,1.0000
TEL,100182,RUNNING,-13.4457,-13.7617,-6.7500,-4.2396,-177.29,0,-13.9544,30,1,0,-4.2396,-4.2396,0,12.1289,18.7482,idle,-13.4457,-13.7617,-13.3525,-13.6663,-13.7617,1.0000
TEL,100284,RUNNING,-13.8573,-13.7240,-6.3000,-4.2837,422.71,0,-13.9544,31,1,0,-4.2837,-4.2837,0,11.8652,18.7482,idle,-13.8573,-13.7240,-13.7736,-13.6411,-13.7240,1.0000
TEL,100386,RUNNING,-13.4457,-13.6685,-2.8125,-4.3477,8.47,0,-13.9544,31,1,0,-4.3477,-4.3477,0,15.6445,18.7482,idle,-13.4457,-13.6685,-13.4295,-13.6520,-13.6685,1.0000
TEL,100489,RUNNING,-13.4457,-13.5549,-4.9500,-4.4780,-294.64,0,-13.9544,31,1,0,-4.4780,-4.4780,0,14.1504,18.7482,idle,-13.4457,-13.5549,-13.3955,-13.5043,-13.5549,1.0000
TEL,100591,RUNNING,-13.9259,-13.7297,-5.7375,-4.2833,305.36,0,-13.9544,31,1,0,-4.2833,-4.2833,0,12.4805,18.7482,idle,-13.9259,-13.7297,-13.8561,-13.6609,-13.7297,1.0000
TEL,100694,RUNNING,-14.2689,-13.9326,-2.1375,-4.0558,266.61,0,-13.9544,30,1,0,-4.0558,-4.0558,0,16.0840,18.7482,idle,-14.2689,-13.9326,-14.2589,-13.9229,-13.9326,1.0000
TEL,100796,RUNNING,-14.3375,-14.1391,-1.4625,-3.8227,-333.39,0,-13.9544,31,1,0,-3.8227,-3.8227,0,17.4902,18.7482,idle,-14.3375,-14.1391,-14.3328,-14.1345,-14.1391,1.0000
TEL,100898,RUNNING,-14.4747,-14.2814,-4.2750,-3.6608,85.37,0,-13.9544,31,1,0,-3.6608,-3.6608,0,14.5020,18.7482,idle,-14.4747,-14.2814,-14.4344,-14.2417,-14.2814,1.0000
TEL,101001,RUNNING,-14.4747,-14.4520,-2.2500,-3.4658,-36.14,0,-13.9544,31,1,0,-3.4658,-3.4658,0,16.1719,18.7482,idle,-14.4747,-14.4520,-14.4635,-14.4409,-14.4520,1.0000
TEL,101103,RUNNING,-14.4747,-14.4636,-3.6000,-3.4494,0.00,0,-13.9544,31,1,0,-3.4494,-3.4494,0,15.1172,18.7482,idle,-14.4747,-14.4636,-14.4461,-14.4350,-14.4636,1.0000
TEL,101204,RUNNING,-14.4747,-14.4404,-3.6000,-3.4722,0.00,0,-13.9544,30,1,0,-3.4722,-3.4722,0,14.9414,18.7482,idle,-14.4747,-14.4404,-14.4461,-14.4119,-14.4404,1.0000
TEL,101306,RUNNING,-14.4747,-14.5155,-3.6000,-3.3840,0.00,0,-13.9544,31,1,0,-3.3840,-3.3840,0,15.2051,18.7482,idle,-14.4747,-14.5155,-14.4461,-14.4869,-14.5155,1.0000
TEL,101407,RUNNING,-14.7491,-14.5770,-3.3750,-3.3109,0.00,0,-13.9544,31,1,0,-3.3109,-3.3109,0,15.1172,18.7482,idle,-14.7491,-14.5770,-14.7235,-14.5517,-14.5770,1.0000
TEL,101510,RUNNING,-14.4061,-14.5151,-3.3750,-4.5593,-120.00,0,-13.9544,11,1,0,-4.5593,-4.5593,0,15.2930,18.7482,idle,-14.4061,-14.5151,-14.3811,-14.4900,-14.5151,1.0000
TEL,101611,RUNNING,-14.4061,-14.4595,-3.9375,-3.4353,120.00,0,-13.9544,30,1,0,-3.4353,-3.4353,0,14.7656,18.7482,idle,-14.4061,-14.4595,-14.3721,-14.4254,-14.4595,1.0000
TEL,101712,RUNNING,-14.4061,-14.4323,-3.8250,-3.4627,120.00,0,-13.9544,30,1,0,-3.4627,-3.4627,0,14.8535,18.7482,idle,-14.4061,-14.4323,-14.3740,-14.4001,-14.4323,1.0000
TEL,101814,RUNNING,-13.8573,-14.1390,-3.9375,-3.7906,0.00,0,-13.9544,31,1,0,-3.7906,-3.7906,0,14.9414,18.7482,idle,-13.8573,-14.1390,-13.8246,-14.1056,-14.1390,1.0000
TEL,101915,RUNNING,-13.5143,-13.8924,-4.3875,-4.0676,0.00,0,-13.9544,31,1,0,-4.0676,-4.0676,0,14.5020,18.7482,idle,-13.5143,-13.8924,-13.4747,-13.8517,-13.8924,1.0000
TEL,102017,RUNNING,-13.1713,-13.5823,-4.3875,-4.4182,0.00,0,-13.9544,30,1,0,-4.4182,-4.4182,0,14.5020,18.7482,idle,-13.1713,-13.5823,-13.1327,-13.5425,-13.5823,1.0000
TEL,102118,RUNNING,-13.1713,-13.3526,-4.8375,-6.6468,-120.00,0,-13.9544,11,1,0,-6.6468,-6.6468,0,13.8867,18.7482,idle,-13.1713,-13.3526,-13.1244,-13.3050,-13.3526,1.0000
TEL,102219,RUNNING,-13.1713,-13.2601,-5.6250,-4.7884,0.00,0,-13.9544,30,1,0,-4.7884,-4.7884,0,13.1836,18.7482,idle,-13.1713,-13.2601,-13.1078,-13.1963,-13.2601,1.0000
TEL,102322,RUNNING,-13.1713,-13.2148,-5.1750,-4.8443,120.00,0,-13.9544,32,1,0,-4.8443,-4.8443,0,13.3594,18.7482,idle,-13.1713,-13.2148,-13.1176,-13.1609,-13.2148,1.0000
TEL,102423,RUNNING,-13.3771,-13.2479,-5.0625,-3.4112,120.00,0,-13.9544,10,1,0,-3.4112,-3.4112,0,13.6230,18.7482,idle,-13.3771,-13.2479,-13.3249,-13.1963,-13.2479,1.0000
TEL,102524,RUNNING,-13.5829,-13.4188,-4.2750,-4.6239,0.00,0,-13.9544,29,1,0,-4.6239,-4.6239,0,14.1504,18.7482,idle,-13.5829,-13.4188,-13.5451,-13.3814,-13.4188,1.0000
TEL,102626,RUNNING,-13.5829,-13.5025,-4.2750,-4.5330,0.00,0,-13.9544,31,1,0,-4.5330,-4.5330,0,14.2383,18.7482,idle,-13.5829,-13.5025,-13.5451,-13.4649,-13.5025,1.0000
TEL,102727,RUNNING,-13.9259,-13.7302,-3.8250,-2.1566,120.00,0,-13.9544,11,1,0,-2.1566,-2.1566,0,14.7656,18.7482,idle,-13.9259,-13.7302,-13.8949,-13.6996,-13.7302,1.0000
TEL,102830,RUNNING,-14.0631,-13.9000,-3.0375,-4.0889,0.00,0,-13.9544,30,1,0,-4.0889,-4.0889,0,15.3809,18.7482,idle,-14.0631,-13.9000,-14.0433,-13.8804,-13.9000,1.0000
TEL,102931,RUNNING,-14.0631,-13.9832,-3.7125,-3.9953,-120.00,0,-13.9544,31,1,0,-3.9953,-3.9953,0,15.0293,18.7482,idle,-14.0631,-13.9832,-14.0336,-13.9538,-13.9832,1.0000
TEL,103032,RUNNING,-13.9945,-14.0033,-4.0500,-3.9723,0.00,0,-13.9544,31,1,0,-3.9723,-3.9723,0,14.7656,18.7482,idle,-13.9945,-14.0033,-13.9595,-13.9684,-14.0033,1.0000
TEL,103134,RUNNING,-13.9945,-13.9844,-4.0500,-3.9934,0.00,0,-13.9544,31,1,0,-3.9934,-3.9934,0,14.5020,18.7482,idle,-13.9945,-13.9844,-13.9595,-13.9495,-13.9844,1.0000
TEL,103235,RUNNING,-14.4061,-14.1995,-3.6000,-3.7503,0.00,0,-13.9544,31,1,0,-3.7503,-3.7503,0,14.8535,18.7482,idle,-14.4061,-14.1995,-14.3776,-14.1714,-14.1995,1.0000
TEL,103336,RUNNING,-13.9945,-14.0949,-4.0500,-3.8667,0.00,0,-13.9544,30,1,0,-3.8667,-3.8667,0,14.7656,18.7482,idle,-13.9945,-14.0949,-13.9595,-14.0597,-14.0949,1.0000
TEL,103437,RUNNING,-14.4061,-14.2536,-3.6000,-3.6866,0.00,0,-13.9544,31,1,0,-3.6866,-3.6866,0,14.8535,18.7482,idle,-14.4061,-14.2536,-14.3776,-14.2255,-14.2536,1.0000
TEL,103538,RUNNING,-13.5829,-13.9980,-4.0500,-3.9730,0.00,0,-13.9544,31,1,0,-3.9730,-3.9730,0,14.7656,18.7482,idle,-13.5829,-13.9980,-13.5490,-13.9630,-13.9980,1.0000
TEL,103640,RUNNING,-13.5829,-13.7719,-4.5000,-4.2281,0.00,0,-13.9544,30,1,0,-4.2281,-4.2281,0,14.4141,18.7482,idle,-13.5829,-13.7719,-13.5410,-13.7294,-13.7719,1.0000
TEL,103741,RUNNING,-13.5829,-13.6755,-4.5000,-4.3382,0.00,0,-13.9544,31,1,0,-4.3382,-4.3382,0,14.3262,18.7482,idle,-13.5829,-13.6755,-13.5410,-13.6333,-13.6755,1.0000
TEL,103842,RUNNING,-15.2293,-14.6257,-2.8125,3.2804,298.67,0,-13.9544,11,1,0,3.2804,3.2804,0,15.5566,18.7482,idle,-15.2293,-14.6257,-15.2109,-14.6081,-14.6257,1.0000
TEL,103945,RUNNING,-14.7491,-14.6886,-1.9125,-3.1914,-301.33,0,-13.9544,31,1,0,-3.1914,-3.1914,0,16.9629,18.7482,idle,-14.7491,-14.6886,-14.7409,-14.6805,-14.6886,1.0000
TEL,104047,RUNNING,-14.7491,-14.7195,-3.1500,-3.1517,11.28,0,-13.9544,31,1,0,-3.1517,-3.1517,0,15.2930,18.7482,idle,-14.7491,-14.7195,-14.7268,-14.6972,-14.7195,1.0000
TEL,104150,RUNNING,-14.3375,-14.6111,-3.2625,-3.2687,0.00,0,-13.9544,30,1,0,-3.2687,-3.2687,0,15.4687,18.7482,idle,-14.3375,-14.6111,-14.3142,-14.5874,-14.6111,1.0000
TEL,104251,RUNNING,-13.8573,-14.1158,-3.7125,-6.6286,-120.00,0,-13.9544,11,1,0,-6.6286,-6.6286,0,15.0293,18.7482,idle,-13.8573,-14.1158,-13.8282,-14.0862,-14.1158,1.0000
TEL,104352,RUNNING,-13.8573,-13.9840,-4.5000,-3.9716,0.00,0,-13.9544,30,1,0,-3.9716,-3.9716,0,14.4141,18.7482,idle,-13.8573,-13.9840,-13.8146,-13.9409,-13.9840,1.0000
TEL,104455,RUNNING,-13.5143,-13.7876,-4.5000,-4.1930,0.00,0,-13.9544,32,1,0,-4.1930,-4.1930,0,14.3262,18.7482,idle,-13.5143,-13.7876,-13.4726,-13.7451,-13.7876,1.0000
TEL,104556,RUNNING,-14.7491,-14.0808,-4.0500,3.3860,302.90,0,-13.9544,10,1,0,3.3860,3.3860,0,14.3262,18.7482,idle,-14.7491,-14.0808,-14.7122,-14.0456,-14.0808,1.0000
TEL,104658,RUNNING,-14.7491,-14.4216,-1.1250,-3.4782,182.90,0,-13.9544,30,1,0,-3.4782,-3.4782,0,17.1387,18.7482,idle,-14.7491,-14.4216,-14.7462,-14.4188,-14.4216,1.0000
TEL,104761,RUNNING,-14.7491,-14.5886,-1.4625,-3.2865,-382.62,0,-13.9544,31,1,0,-3.2865,-3.2865,0,17.5781,18.7482,idle,-14.7491,-14.5886,-14.7443,-14.5839,-14.5886,1.0000
TEL,104863,RUNNING,-13.9259,-14.2506,-5.6250,-3.6639,-294.05,0,-13.9544,31,1,0,-3.6639,-3.6639,0,13.4473,18.7482,idle,-13.9259,-14.2506,-13.8588,-14.1820,-14.2506,1.0000
TEL,104967,RUNNING,-13.9945,-14.1056,-6.4125,-3.8257,305.95,0,-13.9544,32,1,0,-3.8257,-3.8257,0,11.8652,18.7482,idle,-13.9945,-14.1056,-13.9069,-14.0173,-14.1056,1.0000
TEL,105070,RUNNING,-13.9945,-14.0326,-3.3750,-4.3206,-19.47,0,-13.9544,10,1,0,-4.3206,-4.3206,0,15.0293,18.7482,idle,-13.9945,-14.0326,-13.9702,-14.0082,-14.0326,1.0000
TEL,105172,RUNNING,-14.8177,-14.2601,-4.6125,-3.6501,105.09,0,-13.9544,30,1,0,-3.6501,-3.6501,0,14.0625,18.7482,idle,-14.8177,-14.2601,-14.7697,-14.2139,-14.2601,1.0000
TEL,105275,RUNNING,-13.9945,-14.1246,-3.8250,-3.8010,0.00,0,-13.9544,31,1,0,-3.8010,-3.8010,0,14.9414,18.7482,idle,-13.9945,-14.1246,-13.9633,-14.0932,-14.1246,1.0000
TEL,105376,RUNNING,-13.9945,-14.0583,-4.2750,-3.8748,0.00,0,-13.9544,31,1,0,-3.8748,-3.8748,0,14.5898,18.7482,idle,-13.9945,-14.0583,-13.9555,-14.0191,-14.0583,1.0000
TEL,105479,RUNNING,-13.9259,-14.0051,-4.2750,-3.9340,0.00,0,-13.9544,32,1,0,-3.9340,-3.9340,0,14.5898,18.7482,idle,-13.9259,-14.0051,-13.8871,-13.9662,-14.0051,1.0000
TEL,105580,RUNNING,-13.8573,-13.9181,-4.7250,-4.6916,0.00,0,-13.9544,10,1,0,-4.6916,-4.6916,0,13.9746,18.7482,idle,-13.8573,-13.9181,-13.8102,-13.8708,-13.9181,1.0000
TEL,105680,RUNNING,-13.5829,-13.7471,-4.2750,-4.2253,0.00,0,-13.9544,29,1,0,-4.2253,-4.2253,0,14.4141,18.7482,idle,-13.5829,-13.7471,-13.5451,-13.7089,-13.7471,1.0000
TEL,105781,RUNNING,-13.5829,-13.6634,-4.7250,-4.3213,0.00,0,-13.9544,31,1,0,-4.3213,-4.3213,0,14.1504,18.7482,idle,-13.5829,-13.6634,-13.5367,-13.6169,-13.6634,1.0000
TEL,105883,RUNNING,-13.5829,-13.6105,-4.7250,-4.6825,0.00,0,-13.9544,11,1,0,-4.6825,-4.6825,0,13.7988,18.7482,idle,-13.5829,-13.6105,-13.5367,-13.5642,-13.6105,1.0000
TEL,105985,RUNNING,-14.3375,-13.8948,-3.1500,-4.0644,120.00,0,-13.9544,30,1,0,-4.0644,-4.0644,0,15.2051,18.7482,idle,-14.3375,-13.8948,-14.3158,-13.8738,-13.8948,1.0000
TEL,106087,RUNNING,-14.3375,-14.1206,-2.3625,-3.8099,0.00,0,-13.9544,31,1,0,-3.8099,-3.8099,0,15.9961,18.7482,idle,-14.3375,-14.1206,-14.3253,-14.1086,-14.1206,1.0000
TEL,106188,RUNNING,-14.3375,-14.2312,-2.8125,-3.6838,-120.00,0,-13.9544,31,1,0,-3.6838,-3.6838,0,15.8203,18.7482,idle,-14.3375,-14.2312,-14.3202,-14.2140,-14.2312,1.0000
TEL,106290,RUNNING,-14.3375,-14.2854,-3.7125,-3.6208,0.00,0,-13.9544,31,1,0,-3.6208,-3.6208,0,14.7656,18.7482,idle,-14.3375,-14.2854,-14.3074,-14.2554,-14.2854,1.0000
TEL,106391,RUNNING,-15.2293,-14.5795,-3.2625,-3.2868,0.00,0,-13.9544,31,1,0,-3.2868,-3.2868,0,15.2051,18.7482,idle,-15.2293,-14.5795,-15.2046,-14.5559,-14.5795,1.0000
TEL,106492,RUNNING,-14.8177,-14.7874,-2.8125,-3.0476,0.00,0,-13.9544,30,1,0,-3.0476,-3.0476,0,15.6445,18.7482,idle,-14.8177,-14.7874,-14.7998,-14.7696,-14.7874,1.0000
TEL,106594,RUNNING,-13.6515,-14.2140,-3.2625,-9.7912,-120.00,0,-13.9544,11,1,0,-9.7912,-9.7912,0,15.3809,18.7482,idle,-13.6515,-14.2140,-13.6293,-14.1909,-14.2140,1.0000
TEL,106695,RUNNING,-14.3375,-14.1329,-3.6000,-3.7793,0.00,0,-13.9544,30,1,0,-3.7793,-3.7793,0,14.9414,18.7482,idle,-14.3375,-14.1329,-14.3092,-14.1050,-14.1329,1.0000
TEL,106798,RUNNING,-14.3375,-14.2372,-3.1500,-3.6602,0.00,0,-13.9544,32,1,0,-3.6602,-3.6602,0,15.2930,18.7482,idle,-14.3375,-14.2372,-14.3158,-14.2157,-14.2372,1.0000
TEL,106899,RUNNING,-13.6515,-14.0253,-4.5000,-3.8975,-220.29,0,-13.9544,21,1,0,-3.8975,-3.8975,0,14.3262,18.7482,idle,-13.6515,-14.0253,-13.6094,-13.9820,-14.0253,1.0000
TEL,107001,RUNNING,-13.5829,-13.7996,-6.5250,-4.1518,-93.70,0,-13.9544,31,1,0,-4.1518,-4.1518,0,12.0410,18.7482,idle,-13.5829,-13.7996,-13.4949,-13.7103,-13.7996,1.0000
TEL,107104,RUNNING,-13.9945,-13.8702,-4.9500,-4.0732,305.82,0,-13.9544,31,1,0,-4.0732,-4.0732,0,12.9199,18.7482,idle,-13.9945,-13.8702,-13.9423,-13.8185,-13.8702,1.0000
TEL,107206,RUNNING,-13.9945,-13.9336,-2.7000,-4.0022,-101.85,0,-13.9544,31,1,0,-4.0022,-4.0022,0,15.6445,18.7482,idle,-13.9945,-13.9336,-13.9789,-13.9181,-13.9336,1.0000
TEL,107310,RUNNING,-13.8573,-13.8947,-4.8375,-4.0463,18.15,0,-13.9544,32,1,0,-4.0463,-4.0463,0,13.7109,18.7482,idle,-13.8573,-13.8947,-13.8079,-13.8452,-13.8947,1.0000
TEL,107412,RUNNING,-14.3375,-14.1856,-3.0375,-3.7178,138.15,0,-13.9544,22,1,0,-3.7178,-3.7178,0,15.0293,18.7482,idle,-14.3375,-14.1856,-14.3173,-14.1657,-14.1856,1.0000
TEL,107514,RUNNING,-14.3375,-14.2631,-2.8125,-3.6288,-120.00,0,-13.9544,31,1,0,-3.6288,-3.6288,0,15.5566,18.7482,idle,-14.3375,-14.2631,-14.3202,-14.2459,-14.2631,1.0000
TEL,107616,RUNNING,-13.6515,-13.9800,-5.5125,-3.9463,-225.89,0,-13.9544,31,1,0,-3.9463,-3.9463,0,13.1836,18.7482,idle,-13.6515,-13.9800,-13.5883,-13.9153,-13.9800,1.0000
TEL,107718,RUNNING,-13.6515,-13.8124,-5.7375,-4.1353,300.74,0,-13.9544,31,1,0,-4.1353,-4.1353,0,12.3047,18.7482,idle,-13.6515,-13.8124,-13.5831,-13.7432,-13.8124,1.0000
TEL,107822,RUNNING,-13.6515,-13.7067,-3.9375,-4.8547,-147.76,0,-13.9544,11,1,0,-4.8547,-4.8547,0,14.5020,18.7482,idle,-13.6515,-13.7067,-13.6192,-13.6743,-13.7067,1.0000
TEL,107924,RUNNING,-13.6515,-13.6785,-4.8375,-4.2892,120.00,0,-13.9544,31,1,0,-4.2892,-4.2892,0,13.7109,18.7482,idle,-13.6515,-13.6785,-13.6028,-13.6298,-13.6785,1.0000
TEL,108025,RUNNING,-14.3375,-13.9282,-4.0500,-4.0094,0.00,0,-13.9544,31,1,0,-4.0094,-4.0094,0,14.2383,18.7482,idle,-14.3375,-13.9282,-14.3017,-13.8934,-13.9282,1.0000
TEL,108126,RUNNING,-15.1607,-14.5567,-2.9250,-3.2997,157.47,0,-13.9544,31,1,0,-3.2997,-3.2997,0,15.2051,18.7482,idle,-15.1607,-14.5567,-15.1409,-14.5378,-14.5567,1.0000
TEL,108228,RUNNING,-13.9945,-14.3420,-3.4875,-3.5380,-202.53,0,-13.9544,31,1,0,-3.5380,-3.5380,0,15.2930,18.7482,idle,-13.9945,-14.3420,-13.9686,-14.3155,-14.3420,1.0000
TEL,108331,RUNNING,-13.9259,-14.1298,-5.2875,-3.7750,-82.53,0,-13.9544,30,1,0,-3.7750,-3.7750,0,13.3594,18.7482,idle,-13.9259,-14.1298,-13.8666,-14.0697,-14.1298,1.0000
TEL,108433,RUNNING,-13.5143,-13.8159,-5.6250,-4.1283,37.47,0,-13.9544,31,1,0,-4.1283,-4.1283,0,12.7441,18.7482,idle,-13.5143,-13.8159,-13.4492,-13.7493,-13.8159,1.0000
TEL,108535,RUNNING,-13.5143,-13.6621,-4.7250,-4.3030,157.47,0,-13.9544,31,1,0,-4.3030,-4.3030,0,13.5352,18.7482,idle,-13.5143,-13.6621,-13.4683,-13.6156,-13.6621,1.0000
TEL,108638,RUNNING,-13.5143,-13.5867,-4.7250,-4.3901,0.00,0,-13.9544,31,1,0,-4.3901,-4.3901,0,13.8867,18.7482,idle,-13.5143,-13.5867,-13.4683,-13.5405,-13.5867,1.0000
TEL,108739,RUNNING,-13.5143,-13.5498,-4.7250,-4.4343,0.00,0,-13.9544,31,1,0,-4.4343,-4.4343,0,13.8867,18.7482,idle,-13.5143,-13.5498,-13.4683,-13.5037,-13.5498,1.0000
TEL,108840,RUNNING,-15.2293,-14.2844,-4.2750,6.6419,120.00,0,-13.9544,11,1,0,6.6419,6.6419,0,14.0625,18.7482,idle,-15.2293,-14.2844,-15.1869,-14.2447,-14.2844,1.0000
TEL,108942,RUNNING,-15.2293,-14.7663,-1.9125,-3.0618,187.53,0,-13.9544,30,1,0,-3.0618,-3.0618,0,16.1719,18.7482,idle,-15.2293,-14.7663,-15.2208,-14.7581,-14.7663,1.0000
TEL,109044,RUNNING,-15.2293,-15.0024,-0.3375,-2.7897,37.46,0,-13.9544,31,1,0,-2.7897,-2.7897,0,17.9297,18.7482,idle,-15.2293,-15.0024,-15.2290,-15.0022,-15.0024,1.0000
TEL,109148,RUNNING,-15.2979,-15.1387,-1.9125,-2.6288,-276.41,0,-13.9544,31,1,0,-2.6288,-2.6288,0,16.8750,18.7482,idle,-15.2979,-15.1387,-15.2894,-15.1303,-15.1387,1.0000
TEL,109251,RUNNING,-14.4061,-14.8029,-3.4875,-7.3038,-156.41,0,-13.9544,10,1,0,-7.3038,-7.3038,0,15.0293,18.7482,idle,-14.4061,-14.8029,-14.3794,-14.7754,-14.8029,1.0000
TEL,109353,RUNNING,-13.5829,-14.3391,-4.7250,-3.5170,-36.41,0,-13.9544,30,1,0,-3.5170,-3.5170,0,13.8867,18.7482,idle,-13.5829,-14.3391,-13.5367,-14.2904,-14.3391,1.0000
TEL,109456,RUNNING,-13.8573,-14.0358,-4.8375,-3.8571,83.59,0,-13.9544,31,1,0,-3.8571,-3.8571,0,13.7109,18.7482,idle,-13.8573,-14.0358,-13.8079,-13.9858,-14.0358,1.0000
TEL,109558,RUNNING,-14.3375,-14.1896,-2.3625,-3.6828,203.59,0,-13.9544,31,1,0,-3.6828,-3.6828,0,15.6445,18.7482,idle,-14.3375,-14.1896,-14.3253,-14.1776,-14.1896,1.0000
TEL,109661,RUNNING,-14.4747,-14.3769,-1.4625,-2.4090,-279.10,0,-13.9544,11,1,0,-2.4090,-2.4090,0,17.1387,18.7482,idle,-14.4747,-14.3769,-14.4700,-14.3722,-14.3769,1.0000
TEL,109763,RUNNING,-14.7491,-14.5667,-4.0500,-3.2524,103.13,0,-13.9544,30,1,0,-3.2524,-3.2524,0,14.5020,18.7482,idle,-14.7491,-14.5667,-14.7122,-14.5303,-14.5667,1.0000
TEL,109865,RUNNING,-14.7491,-14.6597,-1.9125,-3.1433,-16.87,0,-13.9544,30,1,0,-3.1433,-3.1433,0,16.3477,18.7482,idle,-14.7491,-14.6597,-14.7409,-14.6515,-14.6597,1.0000
TEL,109968,RUNNING,-14.7491,-14.7053,-3.3750,-3.0870,-20.29,0,-13.9544,31,1,0,-3.0870,-3.0870,0,15.2930,18.7482,idle,-14.7491,-14.7053,-14.7235,-14.6798,-14.7053,1.0000
TEL,110070,RUNNING,-14.8177,-14.7626,-2.5875,-3.0172,-120.00,0,-13.9544,31,1,0,-3.0172,-3.0172,0,15.7324,18.7482,idle,-14.8177,-14.7626,-14.8026,-14.7476,-14.7626,1.0000
TEL,110173,RUNNING,-14.7491,-14.7557,-2.9250,-3.0196,0.00,0,-13.9544,32,1,0,-3.0196,-3.0196,0,15.4687,18.7482,idle,-14.7491,-14.7557,-14.7299,-14.7365,-14.7557,1.0000
TEL,110273,RUNNING,-13.9259,-14.3574,-3.3750,-8.1455,-120.00,0,-13.9544,10,1,0,-8.1455,-8.1455,0,15.1172,18.7482,idle,-13.9259,-14.3574,-13.9017,-14.3325,-14.3574,1.0000
TEL,110374,RUNNING,-14.3375,-14.2608,-3.7125,-3.5703,0.00,0,-13.9544,29,1,0,-3.5703,-3.5703,0,14.5898,18.7482,idle,-14.3375,-14.2608,-14.3074,-14.2309,-14.2608,1.0000
TEL,110475,RUNNING,-14.7491,-14.5098,-3.2625,-3.2870,0.00,0,-13.9544,31,1,0,-3.2870,-3.2870,0,14.9414,18.7482,idle,-14.7491,-14.5098,-14.7252,-14.4863,-14.5098,1.0000
TEL,110577,RUNNING,-13.9259,-14.2984,-3.7125,-3.5218,0.00,0,-13.9544,32,1,0,-3.5218,-3.5218,0,14.9414,18.7482,idle,-13.9259,-14.2984,-13.8966,-14.2684,-14.2984,1.0000
TEL,110680,RUNNING,-14.3375,-14.2636,-3.7125,-2.7576,120.00,0,-13.9544,11,1,0,-2.7576,-2.7576,0,14.6777,18.7482,idle,-14.3375,-14.2636,-14.3074,-14.2336,-14.2636,1.0000
TEL,110781,RUNNING,-14.7491,-14.5112,-2.9250,-3.2775,0.00,0,-13.9544,30,1,0,-3.2775,-3.2775,0,15.2930,18.7482,idle,-14.7491,-14.5112,-14.7299,-14.4923,-14.5112,1.0000
TEL,110882,RUNNING,-14.3375,-14.4226,-4.3875,-3.3738,-76.04,0,-13.9544,31,1,0,-3.3738,-3.3738,0,14.3262,18.7482,idle,-14.3375,-14.4226,-14.2955,-14.3803,-14.4226,1.0000
TEL,110985,RUNNING,-14.3375,-14.3792,-3.3750,-3.4196,43.96,0,-13.9544,31,1,0,-3.4196,-3.4196,0,14.8535,18.7482,idle,-14.3375,-14.3792,-14.3126,-14.3542,-14.3792,1.0000
TEL,111087,RUNNING,-14.3375,-14.3579,-3.8250,-3.4408,163.96,0,-13.9544,31,1,0,-3.4408,-3.4408,0,14.5898,18.7482,idle,-14.3375,-14.3579,-14.3055,-14.3259,-14.3579,1.0000
TEL,111190,RUNNING,-14.7491,-14.5574,-2.5875,-3.2128,43.96,0,-13.9544,30,1,0,-3.2128,-3.2128,0,15.5566,18.7482,idle,-14.7491,-14.5574,-14.7340,-14.5426,-14.5574,1.0000
TEL,111292,RUNNING,-14.7491,-14.6552,-2.5875,-3.0983,-76.04,0,-13.9544,31,1,0,-3.0983,-3.0983,0,15.7324,18.7482,idle,-14.7491,-14.6552,-14.7340,-14.6402,-14.6552,1.0000
TEL,111394,RUNNING,-14.7491,-14.7031,-3.0375,-3.0395,0.00,0,-13.9544,31,1,0,-3.0395,-3.0395,0,15.2930,18.7482,idle,-14.7491,-14.7031,-14.7284,-14.6824,-14.7031,1.0000
TEL,111496,RUNNING,-14.7491,-14.7265,-2.8125,-3.0079,0.00,0,-13.9544,31,1,0,-3.0079,-3.0079,0,15.5566,18.7482,idle,-14.7491,-14.7265,-14.7313,-14.7088,-14.7265,1.0000
TEL,111596,RUNNING,-14.7491,-14.7380,-2.8125,-2.9897,0.00,0,-13.9544,31,1,0,-2.9897,-2.9897,0,15.5566,18.7482,idle,-14.7491,-14.7380,-14.7313,-14.7203,-14.7380,1.0000
TEL,111696,RUNNING,-14.7491,-14.7437,-2.8125,-2.9781,0.00,0,-13.9544,30,1,0,-2.9781,-2.9781,0,15.5566,18.7482,idle,-14.7491,-14.7437,-14.7313,-14.7259,-14.7437,1.0000
TEL,111797,RUNNING,-14.7491,-14.7464,-2.8125,-2.9696,0.00,0,-13.9544,31,1,0,-2.9696,-2.9696,0,15.5566,18.7482,idle,-14.7491,-14.7464,-14.7313,-14.7287,-14.7464,1.0000
TEL,111897,RUNNING,-14.7491,-14.7478,-2.8125,-2.9628,0.00,0,-13.9544,31,1,0,-2.9628,-2.9628,0,15.5566,18.7482,idle,-14.7491,-14.7478,-14.7313,-14.7300,-14.7478,1.0000
TEL,111997,RUNNING,-14.7491,-14.6620,-2.8125,-3.0545,0.00,0,-13.9544,30,1,0,-3.0545,-3.0545,0,15.4687,18.7482,idle,-14.7491,-14.6620,-14.7313,-14.6443,-14.6620,1.0000
TEL,112099,RUNNING,-14.3375,-14.5957,-2.8125,-5.9257,-240.00,0,-13.9544,11,1,0,-5.9257,-5.9257,0,15.7324,18.7482,idle,-14.3375,-14.5957,-14.3202,-14.5781,-14.5957,1.0000
TEL,112201,RUNNING,-14.7491,-14.6739,-2.9250,-3.0315,120.00,0,-13.9544,30,1,0,-3.0315,-3.0315,0,15.2051,18.7482,idle,-14.7491,-14.6739,-14.7299,-14.6548,-14.6739,1.0000
TEL,112305,RUNNING,-14.7491,-14.7123,-2.9250,-2.9834,0.00,0,-13.9544,31,1,0,-2.9834,-2.9834,0,15.4687,18.7482,idle,-14.7491,-14.7123,-14.7299,-14.6931,-14.7123,1.0000
TEL,112405,RUNNING,-14.8177,-14.7714,-2.4750,-2.4098,0.00,0,-13.9544,10,1,0,-2.4098,-2.4098,0,15.8203,18.7482,idle,-14.8177,-14.7714,-14.8039,-14.7577,-14.7714,1.0000
TEL,112505,RUNNING,-14.7491,-14.7600,-3.2625,-2.9188,156.93,0,-13.9544,30,1,0,-2.9188,-2.9188,0,15.2051,18.7482,idle,-14.7491,-14.7600,-14.7252,-14.7361,-14.7600,1.0000
TEL,112608,RUNNING,-14.7491,-14.7544,-2.8125,-2.9197,0.00,0,-13.9544,31,1,0,-2.9197,-2.9197,0,15.5566,18.7482,idle,-14.7491,-14.7544,-14.7313,-14.7367,-14.7544,1.0000
TEL,112708,RUNNING,-14.7491,-14.7517,-2.8125,-2.9174,0.00,0,-13.9544,31,1,0,-2.9174,-2.9174,0,15.5566,18.7482,idle,-14.7491,-14.7517,-14.7313,-14.7339,-14.7517,1.0000
TEL,112808,RUNNING,-14.7491,-14.7504,-2.8125,-2.9135,0.00,0,-13.9544,30,1,0,-2.9135,-2.9135,0,15.5566,18.7482,idle,-14.7491,-14.7504,-14.7313,-14.7326,-14.7504,1.0000
TEL,112909,RUNNING,-14.6805,-14.7147,-3.2625,-2.9484,0.00,0,-13.9544,31,1,0,-2.9484,-2.9484,0,15.3809,18.7482,idle,-14.6805,-14.7147,-14.6567,-14.6909,-14.7147,1.0000
TEL,113010,RUNNING,-14.6805,-14.6973,-3.0375,-2.9630,0.00,0,-13.9544,31,1,0,-2.9630,-2.9630,0,15.3809,18.7482,idle,-14.6805,-14.6973,-14.6598,-14.6766,-14.6973,1.0000
TEL,113112,RUNNING,-14.7491,-14.7093,-2.8125,-2.9444,0.00,0,-13.9544,32,1,0,-2.9444,-2.9444,0,15.3809,18.7482,idle,-14.7491,-14.7093,-14.7313,-14.6916,-14.7093,1.0000
TEL,113213,RUNNING,-14.3375,-14.6119,-3.0375,-3.0490,0.00,0,-13.9544,21,1,0,-3.0490,-3.0490,0,15.5566,18.7482,idle,-14.3375,-14.6119,-14.3173,-14.5914,-14.6119,1.0000
TEL,113314,RUNNING,-14.3375,-14.4720,-3.4875,-3.2027,0.00,0,-13.9544,31,1,0,-3.2027,-3.2027,0,15.1172,18.7482,idle,-14.3375,-14.4720,-14.3109,-14.4452,-14.4720,1.0000
TEL,113416,RUNNING,-14.3375,-14.3836,-3.9375,-3.7994,0.00,0,-13.9544,11,1,0,-3.7994,-3.7994,0,14.5898,18.7482,idle,-14.3375,-14.3836,-14.3036,-14.3497,-14.3836,1.0000
TEL,113516,RUNNING,-14.3375,-14.3601,-3.4875,-3.3227,0.00,0,-13.9544,31,1,0,-3.3227,-3.3227,0,14.9414,18.7482,idle,-14.3375,-14.3601,-14.3109,-14.3335,-14.3601,1.0000
TEL,113616,RUNNING,-14.3375,-14.3485,-3.4875,-3.3329,0.00,0,-13.9544,30,1,0,-3.3329,-3.3329,0,14.9414,18.7482,idle,-14.3375,-14.3485,-14.3109,-14.3220,-14.3485,1.0000
TEL,113717,RUNNING,-14.7491,-14.4664,-3.2625,-3.1974,0.00,0,-13.9544,31,1,0,-3.1974,-3.1974,0,14.9414,18.7482,idle,-14.7491,-14.4664,-14.7252,-14.4429,-14.4664,1.0000
TEL,113819,RUNNING,-14.7491,-14.6521,-2.8125,-1.9323,120.00,0,-13.9544,11,1,0,-1.9323,-1.9323,0,15.5566,18.7482,idle,-14.7491,-14.6521,-14.7313,-14.6345,-14.6521,1.0000
TEL,113921,RUNNING,-14.7491,-14.7016,-2.2500,-2.9236,-120.00,0,-13.9544,29,1,0,-2.9236,-2.9236,0,16.0840,18.7482,idle,-14.7491,-14.7016,-14.7377,-14.6902,-14.7016,1.0000
TEL,114022,RUNNING,-14.7491,-14.7258,-2.7000,-2.8912,50.94,0,-13.9544,31,1,0,-2.8912,-2.8912,0,15.4687,18.7482,idle,-14.7491,-14.7258,-14.7327,-14.7094,-14.7258,1.0000
TEL,114123,RUNNING,-14.3375,-14.5278,-3.7125,-3.1096,-69.06,0,-13.9544,31,1,0,-3.1096,-3.1096,0,15.0293,18.7482,idle,-14.3375,-14.5278,-14.3074,-14.4973,-14.5278,1.0000
TEL,114226,RUNNING,-14.7491,-14.5262,-4.0500,-0.6903,290.94,0,-13.9544,11,1,0,-0.6903,-0.6903,0,14.1504,18.7482,idle,-14.7491,-14.5262,-14.7122,-14.4899,-14.5262,1.0000
TEL,114329,RUNNING,-14.7491,-14.5534,-2.8125,-3.0735,-69.06,0,-13.9544,31,1,0,-3.0735,-3.0735,0,15.2051,18.7482,idle,-14.7491,-14.5534,-14.7313,-14.5359,-14.5534,1.0000
TEL,114432,RUNNING,-14.3375,-14.5297,-3.0375,-3.0960,0.00,0,-13.9544,30,1,0,-3.0960,-3.0960,0,11.1621,18.7482,idle,-14.3375,-14.5297,-14.3173,-14.5093,-14.5297,1.0000
TEL,114532,RUNNING,-14.3375,-14.4317,-3.4875,-3.2029,0.00,0,-13.9544,31,1,0,-3.2029,-3.2029,0,11.2500,18.7482,idle,-14.3375,-14.4317,-14.3109,-14.4050,-14.4317,1.0000
TEL,114633,RUNNING,-13.4457,-13.8689,-3.9375,-8.4259,-120.00,0,-13.9544,11,1,0,-8.4259,-8.4259,0,11.1621,18.7482,idle,-13.4457,-13.8689,-13.4139,-13.8361,-13.8689,1.0000
TEL,114736,RUNNING,-13.4457,-13.6530,-4.7250,-4.0793,0.00,0,-13.9544,30,1,0,-4.0793,-4.0793,0,11.1621,18.7482,idle,-13.4457,-13.6530,-13.4000,-13.6066,-13.6530,1.0000
TEL,114837,RUNNING,-13.4457,-13.5168,-5.1750,-5.0069,0.00,0,-13.9544,10,1,0,-5.0069,-5.0069,0,11.1621,18.7482,idle,-13.4457,-13.5168,-13.3909,-13.4617,-13.5168,1.0000
TEL,114937,RUNNING,-13.4457,-13.4805,-4.7250,-4.2792,120.00,0,-13.9544,31,1,0,-4.2792,-4.2792,0,11.1621,18.7482,idle,-13.4457,-13.4805,-13.4000,-13.4347,-13.4805,1.0000
TEL,115039,RUNNING,-13.9945,-13.6418,-3.9375,-4.1005,0.00,0,-13.9544,31,1,0,-4.1005,-4.1005,0,11.1621,18.7482,idle,-13.9945,-13.6418,-13.9614,-13.6096,-13.6418,1.0000
TEL,115139,RUNNING,-13.9945,-13.8217,-3.4875,-3.8995,0.00,0,-13.9544,31,1,0,-3.8995,-3.8995,0,11.1621,18.7482,idle,-13.9945,-13.8217,-13.9686,-13.7961,-13.8217,1.0000
TEL,115240,RUNNING,-14.7491,-14.1362,-3.4875,-3.5456,0.00,0,-13.9544,30,1,0,-3.5456,-3.5456,0,11.1621,18.7482,idle,-14.7491,-14.1362,-14.7218,-14.1100,-14.1362,1.0000
TEL,115342,RUNNING,-13.9945,-14.3125,-3.0375,-6.7941,-120.00,0,-13.9544,11,1,0,-6.7941,-6.7941,0,11.1621,18.7482,idle,-13.9945,-14.3125,-13.9748,-14.2924,-14.3125,1.0000
SET,115383,6.2425,6.2425,-13.9544
TEL,115443,RUNNING,-13.9945,-14.1503,-3.3750,33.0599,240.00,0,6.2425,30,1,0,33.0599,33.0599,0,11.2500,18.7482,idle,-13.9945,-14.1503,-13.9702,-14.1257,-14.1503,1.0000
TEL,115547,RUNNING,-14.3375,-14.2458,2.0250,33.3974,840.00,0,6.2425,31,1,0,33.3974,33.3974,0,11.2500,18.7482,idle,-14.3375,-14.2458,-14.3285,-14.2369,-14.2458,1.0000
TEL,115649,RUNNING,-14.3375,-14.3060,14.1750,34.0134,1440.00,0,6.2425,10,1,0,34.0134,34.0134,0,11.1621,18.7482,idle,-14.3375,-14.3060,-13.9009,-13.8704,-14.3060,1.0000
TEL,115751,RUNNING,-13.5829,-14.0092,28.0125,33.3031,840.00,0,6.2425,29,1,0,33.3031,33.3031,0,11.1621,18.7482,idle,-13.5829,-14.0092,-11.9916,-12.3680,-14.0092,1.0000
TEL,115853,FAULT,-13.9259,-13.8947,33.1875,29.9005,0.00,0,6.2425,32,1,0,29.9005,29.9005,0,11.1621,18.7482,idle,-13.9259,-13.8947,-11.6543,-11.6282,-13.8947,1.0000
TEL,115953,FAULT,-14.3375,-14.0341,33.1875,29.9005,0.00,0,6.2425,34,1,0,29.9005,29.9005,0,11.1621,18.7482,idle,-14.3375,-14.0341,-11.9988,-11.7449,-14.0341,1.0000
TEL,116055,FAULT,-14.4061,-14.3030,33.1875,29.9005,0.00,0,6.2425,12,1,0,29.9005,29.9005,0,11.1621,18.7482,idle,-14.4061,-14.3030,-12.0562,-11.9699,-14.3030,1.0000
TEL,116155,FAULT,-14.4061,-14.3556,33.1875,29.9005,0.00,0,6.2425,31,1,0,29.9005,29.9005,0,11.1621,18.7482,idle,-14.4061,-14.3556,-12.0562,-12.0139,-14.3556,1.0000
TEL,116255,FAULT,-14.4061,-14.3813,33.1875,29.9005,0.00,0,6.2425,32,1,0,29.9005,29.9005,0,11.1621,18.7482,idle,-14.4061,-14.3813,-12.0562,-12.0355,-14.3813,1.0000
TEL,116357,FAULT,-13.9945,-14.2741,33.1875,29.9005,0.00,0,6.2425,12,1,0,29.9005,29.9005,0,11.1621,18.7482,idle,-13.9945,-14.2741,-11.7117,-11.9458,-14.2741,1.0000
TEL,116457,FAULT,-13.1713,-13.7837,33.1875,29.9005,0.00,0,6.2425,31,1,0,29.9005,29.9005,0,11.1621,18.7482,idle,-13.1713,-13.7837,-11.0228,-11.5353,-13.7837,1.0000
TEL,116557,FAULT,-13.1713,-13.4714,33.1875,29.9005,0.00,0,6.2425,32,1,0,29.9005,29.9005,0,11.1621,18.7482,idle,-13.1713,-13.4714,-11.0228,-11.2740,-13.4714,1.0000
TEL,116657,FAULT,-13.1713,-13.2742,33.1875,29.9005,0.00,0,6.2425,12,1,0,29.9005,29.9005,0,11.1621,18.7482,idle,-13.1713,-13.2742,-11.0228,-11.1090,-13.2742,1.0000
TEL,116757,FAULT,-13.1713,-13.2217,33.1875,29.9005,0.00,0,6.2425,32,1,0,29.9005,29.9005,0,11.1621,18.7482,idle,-13.1713,-13.2217,-11.0228,-11.0650,-13.2217,1.0000
TEL,116857,FAULT,-13.5143,-13.3709,33.1875,29.9005,0.00,0,6.2425,34,1,0,29.9005,29.9005,0,11.1621,18.7482,idle,-13.5143,-13.3709,-11.3099,-11.1899,-13.3709,1.0000
TEL,116957,FAULT,-14.4061,-13.8695,33.1875,29.9005,0.00,0,6.2425,12,1,0,29.9005,29.9005,0,11.1621,18.7482,idle,-14.4061,-13.8695,-12.0562,-11.6072,-13.8695,1.0000
TEL,117058,FAULT,-14.4061,-14.1432,33.1875,29.9005,0.00,0,6.2425,32,1,0,29.9005,29.9005,0,11.1621,18.7482,idle,-14.4061,-14.1432,-12.0562,-11.8362,-14.1432,1.0000
TEL,117158,FAULT,-14.4061,-14.2772,33.1875,29.9005,0.00,0,6.2425,34,1,0,29.9005,29.9005,0,11.1621,18.7482,idle,-14.4061,-14.2772,-12.0562,-11.9484,-14.2772,1.0000
TEL,117258,FAULT,-14.4061,-14.3619,33.1875,29.9005,0.00,0,6.2425,12,1,0,29.9005,29.9005,0,11.1621,18.7482,idle,-14.4061,-14.3619,-12.0562,-12.0192,-14.3619,1.0000
TEL,117358,FAULT,-14.4061,-14.3844,33.1875,29.9005,0.00,0,6.2425,32,1,0,29.9005,29.9005,0,11.1621,18.7482,idle,-14.4061,-14.3844,-12.0562,-12.0381,-14.3844,1.0000
TEL,117458,FAULT,-13.9945,-14.2720,33.1875,29.9005,0.00,0,6.2425,33,1,0,29.9005,29.9005,0,11.1621,18.7482,idle,-13.9945,-14.2720,-11.7117,-11.9440,-14.2720,1.0000
TEL,117558,FAULT,-13.9945,-14.0897,33.1875,29.9005,0.00,0,6.2425,12,1,0,29.9005,29.9005,0,11.1621,18.7482,idle,-13.9945,-14.0897,-11.7117,-11.7914,-14.0897,1.0000
TEL,117658,FAULT,-14.3375,-14.1440,33.1875,29.9005,0.00,0,6.2425,32,1,0,29.9005,29.9005,0,11.2500,18.7482,idle,-14.3375,-14.1440,-11.9988,-11.8369,-14.1440,1.0000
TEL,117758,FAULT,-14.4061,-14.2777,33.1875,29.9005,0.00,0,6.2425,33,1,0,29.9005,29.9005,0,11.1621,18.7482,idle,-14.4061,-14.2777,-12.0562,-11.9487,-14.2777,1.0000
TEL,117859,FAULT,-13.9945,-14.1564,33.1875,29.9005,0.00,0,6.2425,14,1,0,29.9005,29.9005,0,11.1621,18.7482,idle,-13.9945,-14.1564,-11.7117,-11.8473,-14.1564,1.0000
TEL,117959,FAULT,-14.0631,-14.0944,33.1875,29.9005,0.00,0,6.2425,34,1,0,29.9005,29.9005,0,11.1621,18.7482,idle,-14.0631,-14.0944,-11.7692,-11.7954,-14.0944,1.0000
TEL,118061,FAULT,-15.1607,-14.5011,33.1875,29.9005,0.00,0,6.2425,12,1,0,29.9005,29.9005,0,11.1621,18.7482,idle,-15.1607,-14.5011,-12.6877,-12.1357,-14.5011,1.0000
TEL,118161,FAULT,-14.3375,-14.4320,33.1875,29.9005,0.00,0,6.2425,31,1,0,29.9005,29.9005,0,11.1621,18.7482,idle,-14.3375,-14.4320,-11.9988,-12.0779,-14.4320,1.0000
TEL,118261,FAULT,-13.5829,-14.0998,33.1875,29.9005,0.00,0,6.2425,32,1,0,29.9005,29.9005,0,11.1621,18.7482,idle,-13.5829,-14.0998,-11.3673,-11.7999,-14.0998,1.0000
TEL,118362,FAULT,-13.5829,-13.7602,33.1875,29.9005,0.00,0,6.2425,12,1,0,29.9005,29.9005,0,11.1621,18.7482,idle,-13.5829,-13.7602,-11.3673,-11.5157,-13.7602,1.0000
TEL,118462,FAULT,-13.5143,-13.6348,33.1875,29.9005,0.00,0,6.2425,31,1,0,29.9005,29.9005,0,11.1621,18.7482,idle,-13.5143,-13.6348,-11.3099,-11.4107,-13.6348,1.0000
TEL,118562,FAULT,-13.1713,-13.3984,33.1875,29.9005,0.00,0,6.2425,32,1,0,29.9005,29.9005,0,11.1621,18.7482,idle,-13.1713,-13.3984,-11.0228,-11.2129,-13.3984,1.0000
TEL,118662,FAULT,-13.1027,-13.2142,33.1875,29.9005,0.00,0,6.2425,12,1,0,29.9005,29.9005,0,11.1621,18.7482,idle,-13.1027,-13.2142,-10.9654,-11.0587,-13.2142,1.0000
TEL,118762,FAULT,-13.1713,-13.1923,33.1875,29.9005,0.00,0,6.2425,32,1,0,29.9005,29.9005,0,11.1621,18.7482,idle,-13.1713,-13.1923,-11.0228,-11.0404,-13.1923,1.0000
TEL,118862,FAULT,-13.5829,-13.3771,33.1875,29.9005,0.00,0,6.2425,34,1,0,29.9005,29.9005,0,11.1621,18.7482,idle,-13.5829,-13.3771,-11.3673,-11.1951,-13.3771,1.0000
TEL,118962,FAULT,-13.9259,-13.6872,33.1875,29.9005,0.00,0,6.2425,12,1,0,29.9005,29.9005,0,11.1621,18.7482,idle,-13.9259,-13.6872,-11.6543,-11.4546,-13.6872,1.0000
TEL,119062,FAULT,-13.9945,-13.8295,33.1875,29.9005,0.00,0,6.2425,32,1,0,29.9005,29.9005,0,11.1621,18.7482,idle,-13.9945,-13.8295,-11.7117,-11.5737,-13.8295,1.0000
TEL,119162,FAULT,-14.4061,-14.1236,33.1875,29.9005,0.00,0,6.2425,34,1,0,29.9005,29.9005,0,11.1621,18.7482,idle,-14.4061,-14.1236,-12.0562,-11.8198,-14.1236,1.0000
TEL,119263,FAULT,-14.4061,-14.3092,33.1875,29.9005,0.00,0,6.2425,14,1,0,29.9005,29.9005,0,11.1621,18.7482,idle,-14.4061,-14.3092,-12.0562,-11.9751,-14.3092,1.0000
TEL,119363,FAULT,-13.9945,-14.2351,33.1875,29.9005,0.00,0,6.2425,34,1,0,29.9005,29.9005,0,11.1621,18.7482,idle,-13.9945,-14.2351,-11.7117,-11.9131,-14.2351,1.0000
TEL,119463,FAULT,-13.9945,-14.0770,33.1875,29.9005,0.00,0,6.2425,12,1,0,29.9005,29.9005,0,11.1621,18.7482,idle,-13.9945,-14.0770,-11.7117,-11.7808,-14.0770,1.0000
TEL,119563,FAULT,-13.9945,-14.0493,33.1875,29.9005,0.00,0,6.2425,31,1,0,29.9005,29.9005,0,11.1621,18.7482,idle,-13.9945,-14.0493,-11.7117,-11.7577,-14.0493,1.0000
TEL,119664,FAULT,-13.9945,-14.0214,33.1875,29.9005,0.00,0,6.2425,35,1,0,29.9005,29.9005,0,11.2500,18.7482,idle,-13.9945,-14.0214,-11.7117,-11.7342,-14.0214,1.0000
TEL,119764,FAULT,-14.0631,-14.0243,33.1875,29.9005,0.00,0,6.2425,14,1,0,29.9005,29.9005,0,11.1621,18.7482,idle,-14.0631,-14.0243,-11.7692,-11.7367,-14.0243,1.0000
TEL,119864,FAULT,-14.8177,-14.4289,33.1875,29.9005,0.00,0,6.2425,32,1,0,29.9005,29.9005,0,11.2500,18.7482,idle,-14.8177,-14.4289,-12.4007,-12.0753,-14.4289,1.0000
TEL,119964,FAULT,-14.8177,-14.6272,33.1875,29.9005,0.00,0,6.2425,34,1,0,29.9005,29.9005,0,11.2500,18.7482,idle,-14.8177,-14.6272,-12.4007,-12.2412,-14.6272,1.0000
TEL,120066,FAULT,-15.2293,-14.8758,33.1875,29.9005,0.00,0,6.2425,12,1,0,29.9005,29.9005,0,11.1621,18.7482,idle,-15.2293,-14.8758,-12.7451,-12.4493,-14.8758,1.0000
TEL,120166,FAULT,-15.2293,-15.0561,33.1875,29.9005,0.00,0,6.2425,31,1,0,29.9005,29.9005,0,11.1621,18.7482,idle,-15.2293,-15.0561,-12.7451,-12.6002,-15.0561,1.0000
TEL,120266,FAULT,-14.8177,-14.9345,33.1875,29.9005,0.00,0,6.2425,32,1,0,29.9005,29.9005,0,11.1621,18.7482,idle,-14.8177,-14.9345,-12.4007,-12.4984,-14.9345,1.0000
TEL,120367,FAULT,-14.7491,-14.8127,33.1875,29.9005,0.00,0,6.2425,12,1,0,29.9005,29.9005,0,11.1621,18.7482,idle,-14.7491,-14.8127,-12.3433,-12.3965,-14.8127,1.0000
TEL,120467,FAULT,-13.9945,-14.5539,33.1875,29.9005,0.00,0,6.2425,31,1,0,29.9005,29.9005,0,11.1621,18.7482,idle,-13.9945,-14.5539,-11.7117,-12.1799,-14.5539,1.0000
TEL,120567,FAULT,-13.5829,-14.0587,33.1875,29.9005,0.00,0,6.2425,32,1,0,29.9005,29.9005,0,11.1621,18.7482,idle,-13.5829,-14.0587,-11.3673,-11.7655,-14.0587,1.0000
TEL,120668,FAULT,-13.5143,-13.7010,33.1875,29.9005,0.00,0,6.2425,13,1,0,29.9005,29.9005,0,11.1621,18.7482,idle,-13.5143,-13.7010,-11.3099,-11.4661,-13.7010,1.0000
TEL,120768,FAULT,-13.5143,-13.6058,33.1875,29.9005,0.00,0,6.2425,32,1,0,29.9005,29.9005,0,11.1621,18.7482,idle,-13.5143,-13.6058,-11.3099,-11.3864,-13.6058,1.0000
TEL,120868,FAULT,-13.9259,-13.6970,33.1875,29.9005,0.00,0,6.2425,34,1,0,29.9005,29.9005,0,11.1621,18.7482,idle,-13.9259,-13.6970,-11.6543,-11.4628,-13.6970,1.0000
TEL,120968,FAULT,-14.8177,-14.2157,33.1875,29.9005,0.00,0,6.2425,12,1,0,29.9005,29.9005,0,11.1621,18.7482,idle,-14.8177,-14.2157,-12.4007,-11.8969,-14.2157,1.0000
TEL,121069,FAULT,-15.1607,-14.6977,33.1875,29.9005,0.00,0,6.2425,32,1,0,29.9005,29.9005,0,11.2500,18.7482,idle,-15.1607,-14.6977,-12.6877,-12.3002,-14.6977,1.0000
TEL,121169,FAULT,-15.1607,-14.9338,33.1875,29.9005,0.00,0,6.2425,34,1,0,29.9005,29.9005,0,11.1621,18.7482,idle,-15.1607,-14.9338,-12.6877,-12.4979,-14.9338,1.0000
TEL,121270,FAULT,-14.7491,-14.9594,33.1875,29.9005,0.00,0,6.2425,14,1,0,29.9005,29.9005,0,11.1621,18.7482,idle,-14.7491,-14.9594,-12.3433,-12.5193,-14.9594,1.0000
TEL,121370,FAULT,-13.9259,-14.5187,33.1875,29.9005,0.00,0,6.2425,34,1,0,29.9005,29.9005,0,11.1621,18.7482,idle,-13.9259,-14.5187,-11.6543,-12.1505,-14.5187,1.0000
TEL,121470,FAULT,-13.5143,-13.8588,33.1875,29.9005,0.00,0,6.2425,12,1,0,29.9005,29.9005,0,11.1621,18.7482,idle,-13.5143,-13.8588,-11.3099,-11.5982,-13.8588,1.0000
TEL,121570,FAULT,-13.5143,-13.6831,33.1875,29.9005,0.00,0,6.2425,31,1,0,29.9005,29.9005,0,11.1621,18.7482,idle,-13.5143,-13.6831,-11.3099,-11.4512,-13.6831,1.0000
TEL,121670,FAULT,-13.5143,-13.5970,33.1875,29.9005,0.00,0,6.2425,34,1,0,29.9005,29.9005,0,11.1621,18.7482,idle,-13.5143,-13.5970,-11.3099,-11.3791,-13.5970,1.0000
TEL,121771,FAULT,-14.8177,-14.3140,33.1875,29.9005,0.00,0,6.2425,12,1,0,29.9005,29.9005,0,11.1621,18.7482,idle,-14.8177,-14.3140,-12.4007,-11.9791,-14.3140,1.0000
TEL,121871,FAULT,-14.8177,-14.5709,33.1875,29.9005,0.00,0,6.2425,31,1,0,29.9005,29.9005,0,11.1621,18.7482,idle,-14.8177,-14.5709,-12.4007,-12.1941,-14.5709,1.0000
TEL,121971,FAULT,-14.8177,-14.6967,33.1875,29.9005,0.00,0,6.2425,32,1,0,29.9005,29.9005,0,11.1621,18.7482,idle,-14.8177,-14.6967,-12.4007,-12.2995,-14.6967,1.0000
TEL,122072,FAULT,-14.4061,-14.6282,33.1875,29.9005,0.00,0,6.2425,12,1,0,29.9005,29.9005,0,11.2500,18.7482,idle,-14.4061,-14.6282,-12.0562,-12.2421,-14.6282,1.0000
TEL,122172,FAULT,-14.3375,-14.4799,33.1875,29.9005,0.00,0,6.2425,31,1,0,29.9005,29.9005,0,11.1621,18.7482,idle,-14.3375,-14.4799,-11.9988,-12.1180,-14.4799,1.0000
TEL,122272,FAULT,-14.3375,-14.4073,33.1875,29.9005,0.00,0,6.2425,32,1,0,29.9005,29.9005,0,11.1621,18.7482,idle,-14.3375,-14.4073,-11.9988,-12.0572,-14.4073,1.0000
TEL,122373,FAULT,-14.3375,-14.3614,33.1875,29.9005,0.00,0,6.2425,12,1,0,29.9005,29.9005,0,11.1621,18.7482,idle,-14.3375,-14.3614,-11.9988,-12.0188,-14.3614,1.0000
TEL,122473,FAULT,-14.7491,-14.4727,33.1875,29.9005,0.00,0,6.2425,31,1,0,29.9005,29.9005,0,11.2500,18.7482,idle,-14.7491,-14.4727,-12.3433,-12.1120,-14.4727,1.0000
TEL,122573,FAULT,-15.0921,-14.7309,33.1875,29.9005,0.00,0,6.2425,32,1,0,29.9005,29.9005,0,11.1621,18.7482,idle,-15.0921,-14.7309,-12.6303,-12.3281,-14.7309,1.0000
TEL,122673,FAULT,-15.0921,-14.9682,33.1875,29.9005,0.00,0,6.2425,12,1,0,29.9005,29.9005,0,11.1621,18.7482,idle,-15.0921,-14.9682,-12.6303,-12.5266,-14.9682,1.0000
TEL,122773,FAULT,-14.8177,-14.9491,33.1875,29.9005,0.00,0,6.2425,32,1,0,29.9005,29.9005,0,11.1621,18.7482,idle,-14.8177,-14.9491,-12.4007,-12.5106,-14.9491,1.0000
TEL,122873,FAULT,-14.8177,-14.8821,33.1875,29.9005,0.00,0,6.2425,34,1,0,29.9005,29.9005,0,11.1621,18.7482,idle,-14.8177,-14.8821,-12.4007,-12.4545,-14.8821,1.0000
OK,stopped
