BALL_BEAM_BOOT
HELP,keys
STATE,SAFE_DISABLED
SENSORS,angle=bad,pos=bad
MEAS,theta_deg=0.0000,x_cm=0.0000,x_filt_cm=0.0000
AGE,angle_ms=1,pos_ms=1
FAULTS,bits=0
CAL,zero_calibrated=no,limits_calibrated=no,sign_calibrated=no
CAL_STORE,status=loaded
TEL,enabled=1
FAULT_INFO,bits=0
FAULT_INFO,mode=bringup_warning
FAULT_INFO,none
TEL,349,SAFE_DISABLED,-10.0000,-10.0000,-17.0508,0.0000,0.00,0
TEL,449,SAFE_DISABLED,-10.0000,-10.0000,-17.0508,0.0000,0.00,0
TEL,549,SAFE_DISABLED,-10.0000,-10.0000,-17.0508,0.0000,0.00,0
TEL,649,SAFE_DISABLED,-10.0000,-10.0000,-17.0508,0.0000,0.00,0
TEL,749,SAFE_DISABLED,-10.0000,-10.0000,-17.0508,0.0000,0.00,0
TEL,849,SAFE_DISABLED,-10.0000,-10.0000,-17.0508,0.0000,0.00,0
TEL,949,SAFE_DISABLED,-10.0000,-10.0000,-17.0508,0.0000,0.00,0
TEL,1049,SAFE_DISABLED,-10.0000,-10.0000,-17.0508,0.0000,0.00,0
TEL,1149,SAFE_DISABLED,-10.0000,-10.0000,-17.0508,0.0000,0.00,0
TEL,1249,SAFE_DISABLED,-10.0000,-10.0000,-17.0508,0.0000,0.00,0
TEL,1349,SAFE_DISABLED,-10.0000,-10.0000,-17.0508,0.0000,0.00,0
TEL,1449,SAFE_DISABLED,-10.0000,-10.0000,-17.0508,0.0000,0.00,0
TEL,1549,SAFE_DISABLED,-10.0000,-10.0000,-17.0508,0.0000,0.00,0
TEL,1649,SAFE_DISABLED,-10.0000,-10.0000,-17.0508,0.0000,0.00,0
TEL,1750,SAFE_DISABLED,-10.0000,-10.0000,-17.0508,0.0000,0.00,0
TEL,1850,SAFE_DISABLED,-10.0000,-10.0000,-17.0508,0.0000,0.00,0
TEL,1950,SAFE_DISABLED,-10.0000,-10.0000,-17.0508,0.0000,0.00,0
TEL,2050,SAFE_DISABLED,-10.0000,-10.0000,-17.0508,0.0000,0.00,0
TEL,2150,SAFE_DISABLED,-10.0000,-10.0000,-17.0508,0.0000,0.00,0
TEL,2250,SAFE_DISABLED,-10.0000,-10.0000,-17.0508,0.0000,0.00,0
TEL,2350,SAFE_DISABLED,-10.0000,-10.0000,-17.0508,0.0000,0.00,0
TEL,2450,SAFE_DISABLED,-10.0000,-10.0000,-17.0508,0.0000,0.00,0
TEL,2550,SAFE_DISABLED,-10.0000,-10.0000,-17.0508,0.0000,0.00,0
TEL,2650,SAFE_DISABLED,-10.0000,-10.0000,-17.0508,0.0000,0.00,0
TEL,2750,SAFE_DISABLED,-10.0000,-10.0000,-17.0508,0.0000,0.00,0
TEL,2850,SAFE_DISABLED,-10.0000,-10.0000,-17.0508,0.0000,0.00,0
TEL,2950,SAFE_DISABLED,-10.0000,-10.0000,-17.0508,0.0000,0.00,0
TEL,3050,SAFE_DISABLED,-10.0000,-10.0000,-17.0508,0.0000,0.00,0
TEL,3150,SAFE_DISABLED,-10.0000,-10.0000,-17.0508,0.0000,0.00,0
TEL,3250,SAFE_DISABLED,-10.0000,-10.0000,-17.0508,0.0000,0.00,0
TEL,3350,SAFE_DISABLED,-10.0000,-10.0000,-17.0508,0.0000,0.00,0
TEL,3450,SAFE_DISABLED,-10.0000,-10.0000,-17.0508,0.0000,0.00,0
TEL,3550,SAFE_DISABLED,-10.0000,-10.0000,-17.0508,0.0000,0.00,0
TEL,3650,SAFE_DISABLED,-10.0000,-10.0000,-17.0508,0.0000,0.00,0
TEL,3750,SAFE_DISABLED,-10.0000,-10.0000,-17.0508,0.0000,0.00,0
TEL,3850,SAFE_DISABLED,-10.0000,-10.0000,-17.0508,0.0000,0.00,0
TEL,3950,SAFE_DISABLED,-10.0000,-10.0000,-17.0508,0.0000,0.00,0
TEL,4050,SAFE_DISABLED,-10.0000,-10.0000,-17.0508,0.0000,0.00,0
TEL,4150,SAFE_DISABLED,-10.0000,-10.0000,-17.0508,0.0000,0.00,0
TEL,4250,SAFE_DISABLED,-10.0000,-10.0000,-17.0508,0.0000,0.00,0
TEL,4350,SAFE_DISABLED,-10.0000,-10.0000,-17.0508,0.0000,0.00,0
TEL,4450,SAFE_DISABLED,-10.0000,-10.0000,-17.0508,0.0000,0.00,0
TEL,4550,SAFE_DISABLED,-10.0000,-10.0000,-17.0508,0.0000,0.00,0
TEL,4651,SAFE_DISABLED,-10.0000,-10.0000,-17.0508,0.0000,0.00,0
TEL,4751,SAFE_DISABLED,-10.0000,-10.0000,-17.0508,0.0000,0.00,0
TEL,4851,SAFE_DISABLED,-10.0000,-10.0000,-17.0508,0.0000,0.00,0
TEL,4951,SAFE_DISABLED,-10.0000,-10.0000,-17.0508,0.0000,0.00,0
TEL,5051,SAFE_DISABLED,-10.0000,-10.0000,-17.0508,0.0000,0.00,0
TEL,5151,SAFE_DISABLED,-10.0000,-10.0000,-17.0508,0.0000,0.00,0
TEL,5251,SAFE_DISABLED,-10.0000,-10.0000,-17.0508,0.0000,0.00,0
TEL,5351,SAFE_DISABLED,-10.0000,-10.0000,-17.0508,0.0000,0.00,0
TEL,5451,SAFE_DISABLED,-10.0000,-10.0000,-17.0508,0.0000,0.00,0
TEL,5551,SAFE_DISABLED,-10.0000,-10.0000,-17.0508,0.0000,0.00,0
TEL,5651,SAFE_DISABLED,-10.0000,-10.0000,-17.0508,0.0000,0.00,0
TEL,5751,SAFE_DISABLED,-10.0000,-10.0000,-17.0508,0.0000,0.00,0
TEL,5851,SAFE_DISABLED,-10.0000,-10.0000,-17.0508,0.0000,0.00,0
TEL,5951,SAFE_DISABLED,-10.0000,-10.0000,-17.0508,0.0000,0.00,0
TEL,6051,SAFE_DISABLED,-10.0000,-10.0000,-17.0508,0.0000,0.00,0
OK,cal_reset_saved
TEL,6151,SAFE_DISABLED,-10.0000,-10.0000,-17.0508,0.0000,0.00,0
TEL,6251,SAFE_DISABLED,-10.0000,-10.0000,-17.0508,0.0000,0.00,0
TEL,6351,SAFE_DISABLED,-10.0000,-10.0000,-17.0508,0.0000,0.00,0
TEL,6451,SAFE_DISABLED,-10.0000,-10.0000,-17.0508,0.0000,0.00,0
TEL,6551,SAFE_DISABLED,-10.0000,-10.0000,-17.0508,0.0000,0.00,0
TEL,6651,SAFE_DISABLED,-10.0000,-10.0000,-17.0508,0.0000,0.00,0
TEL,6751,SAFE_DISABLED,-10.0000,-10.0000,-17.0508,0.0000,0.00,0
TEL,6851,SAFE_DISABLED,-10.0000,-10.0000,-17.0508,0.0000,0.00,0
TEL,6951,SAFE_DISABLED,-10.0000,-10.0000,-17.0508,0.0000,0.00,0
TEL,7051,SAFE_DISABLED,-10.0000,-10.0000,-17.0508,0.0000,0.00,0
TEL,7151,SAFE_DISABLED,-10.0000,-10.0000,-17.0508,0.0000,0.00,0
TEL,7251,SAFE_DISABLED,-10.0000,-10.0000,-17.0508,0.0000,0.00,0
TEL,7351,SAFE_DISABLED,-10.0000,-10.0000,-17.0508,0.0000,0.00,0
TEL,7451,SAFE_DISABLED,-10.0000,-10.0000,-17.0508,0.0000,0.00,0
TEL,7552,SAFE_DISABLED,-10.0000,-10.0000,-17.0508,0.0000,0.00,0
TEL,7652,SAFE_DISABLED,-10.0000,-10.0000,-17.0508,0.0000,0.00,0
TEL,7752,SAFE_DISABLED,-10.0000,-10.0000,-17.0508,0.0000,0.00,0
TEL,7852,SAFE_DISABLED,-10.0000,-10.0000,-17.0508,0.0000,0.00,0
TEL,7952,SAFE_DISABLED,-10.0000,-10.0000,-17.0508,0.0000,0.00,0
TEL,8052,SAFE_DISABLED,-10.0000,-10.0000,-17.0508,0.0000,0.00,0
TEL,8152,SAFE_DISABLED,-10.0000,-10.0000,-17.0508,0.0000,0.00,0
OK,telemetry=0
OK,cal_reset_saved
OK,driver_disabled
OK,cal_zero_angle_set=330.556640
CAL_ZERO,as5600_zero_deg=330.556640,sonar_center_cm=20.000000,zero_calibrated=no
OK,cal_zero_position_set=30.003095
CAL_ZERO,as5600_zero_deg=330.556640,sonar_center_cm=30.003095,zero_calibrated=yes
OK,cal_limit_down_set=14.501954
CAL_LIMITS,lower_deg=14.501954,upper_deg=5.000000,limits_calibrated=no
OK,cal_limit_up_set=-39.375000
OK,as5600_sign=-1
CAL_LIMITS,lower_deg=-14.501954,upper_deg=39.375000,limits_calibrated=yes
OK,stepper_sign=-1
OK,cal_saved
STATE,READY
SENSORS,angle=ok,pos=ok
MEAS,theta_deg=1.6704,x_cm=-0.4969,x_filt_cm=-0.6969
AGE,angle_ms=8,pos_ms=9
FAULTS,bits=0
CAL,zero_calibrated=yes,limits_calibrated=yes,sign_calibrated=yes
CAL_STORE,status=loaded
TEL,enabled=0
FAULT_INFO,bits=0
FAULT_INFO,mode=bringup_warning
FAULT_INFO,none
OK,running
TEL,490950,RUNNING,0.0031,-0.2769,-0.5164,0.8191,14.79,0
TEL,491051,RUNNING,0.0031,-0.2769,1.1438,0.8913,1514.79,0
TEL,491151,RUNNING,0.0031,-0.1089,11.0754,0.4666,-985.21,0
TEL,491251,RUNNING,0.0031,-0.1089,2.6744,0.4950,-2485.21,0
TEL,491351,FAULT,0.0031,-0.1089,-17.1185,0.5177,0.00,4
TEL,491451,FAULT,0.0031,-0.1089,-19.5257,0.5177,0.00,4
TEL,491551,FAULT,0.0031,0.0026,-19.8797,0.5177,0.00,4
TEL,491651,FAULT,0.0031,0.0029,-19.9392,0.5177,0.00,4
TEL,491751,FAULT,0.0031,0.0030,-19.9491,0.5177,0.00,4
TEL,491851,FAULT,0.0031,0.0031,-19.9508,0.5177,0.00,4
TEL,491951,FAULT,0.0031,0.0031,-19.9511,0.5177,0.00,4
TEL,492051,FAULT,0.0031,0.0031,-19.9512,0.5177,0.00,4
TEL,492151,FAULT,-0.9969,-0.5969,-19.9512,0.5177,0.00,4
TEL,492251,FAULT,0.0031,-0.2129,-19.9512,0.5177,0.00,4
TEL,492351,FAULT,0.0031,-0.0107,-19.9512,0.5177,0.00,4
TEL,492451,FAULT,0.0031,-0.0024,-19.9512,0.5177,0.00,4
TEL,492551,FAULT,0.0031,0.0009,-19.9512,0.5177,0.00,4
TEL,492651,FAULT,0.0031,0.0027,-19.9512,0.5177,0.00,4
TEL,492751,FAULT,-0.4969,-0.4170,-19.9512,0.5177,0.00,4
TEL,492851,FAULT,-0.4969,-0.6041,-19.9512,0.5177,0.00,4
TEL,492951,FAULT,0.0031,-0.2398,-19.9512,0.5177,0.00,4
TEL,493051,FAULT,-0.4969,-0.3358,-19.9512,0.5177,0.00,4
TEL,493151,FAULT,0.0031,-0.0186,-19.8781,0.5177,0.00,4
TEL,493251,FAULT,0.0031,-0.0056,-19.8905,0.5177,0.00,4
TEL,493351,FAULT,0.0031,0.0031,-19.8742,0.5177,0.00,4
TEL,493451,FAULT,0.0031,0.0031,-19.9055,0.5177,0.00,4
TEL,493551,FAULT,0.0031,0.0031,-19.8704,0.5177,0.00,4
TEL,493651,FAULT,0.0031,-0.1169,-19.8645,0.5177,0.00,4
TEL,493751,FAULT,0.0031,-0.0046,-19.8635,0.5177,0.00,4
TEL,493851,FAULT,0.0031,0.0029,-19.8633,0.5177,0.00,4
TEL,493952,FAULT,0.0031,0.0031,-19.8633,0.5177,0.00,4
TEL,494052,FAULT,0.0031,0.0031,-19.8633,0.5177,0.00,4
TEL,494152,FAULT,0.0031,0.0031,-19.9081,0.5177,0.00,4
TEL,494252,FAULT,-0.4969,-0.4169,-19.9439,0.5177,0.00,4
TEL,494352,FAULT,0.0031,-0.1421,-19.9500,0.5177,0.00,4
TEL,494452,FAULT,0.0031,-0.0201,-19.9510,0.5177,0.00,4
TEL,494552,FAULT,0.0031,0.0025,-19.9511,0.5177,0.00,4
TEL,494652,FAULT,0.0031,0.0031,-19.9512,0.5177,0.00,4
TEL,494752,FAULT,0.0031,0.0031,-19.9448,0.5177,0.00,4
TEL,494852,FAULT,0.0031,0.0031,-19.8962,0.5177,0.00,4
TEL,494952,FAULT,0.0031,0.0031,-19.8881,0.5177,0.00,4
TEL,495052,FAULT,0.0031,0.0031,-19.8738,0.5177,0.00,4
TEL,495152,FAULT,0.0031,-0.1169,-19.8835,0.5177,0.00,4
TEL,495252,FAULT,0.0031,-0.0449,-19.9005,0.5177,0.00,4
TEL,495352,FAULT,0.0031,-0.0046,-19.9100,0.5177,0.00,4
TEL,495452,FAULT,0.0031,0.0026,-19.9379,0.5177,0.00,4
TEL,495552,FAULT,0.0031,0.0030,-19.9033,0.5177,0.00,4
TEL,495652,FAULT,0.0031,0.0031,-19.8854,0.5177,0.00,4
TEL,495752,FAULT,0.0031,0.0031,-19.8984,0.5177,0.00,4
OK,stopped
TEL,495852,FAULT,0.0031,0.0031,-19.9159,0.5177,0.00,4
TEL,495952,FAULT,0.0031,0.0031,-19.9452,0.5177,0.00,4
TEL,496052,FAULT,0.0031,0.0031,-19.9411,0.5177,0.00,4
TEL,496152,FAULT,0.0031,0.0031,-19.9341,0.5177,0.00,4
TEL,496252,FAULT,0.0031,0.0031,-19.9219,0.5177,0.00,4
TEL,496352,FAULT,0.0031,0.0031,-19.9136,0.5177,0.00,4
TEL,496452,FAULT,0.0031,0.0031,-19.9264,0.5177,0.00,4
TEL,496552,FAULT,0.0031,0.0031,-19.9222,0.5177,0.00,4
TEL,496652,FAULT,0.0031,0.0031,-19.9463,0.5177,0.00,4
TEL,496752,FAULT,0.0031,0.0031,-19.9350,0.5177,0.00,4
TEL,496852,FAULT,0.0031,0.0031,-19.9036,0.5177,0.00,4
TEL,496952,FAULT,0.0031,0.0031,-19.9118,0.5177,0.00,4
TEL,497052,FAULT,0.0031,0.0031,-19.9382,0.5177,0.00,4
TEL,497152,FAULT,0.0031,0.0031,-19.9427,0.5177,0.00,4
TEL,497252,FAULT,0.0031,0.0031,-19.9234,0.5177,0.00,4
TEL,497352,FAULT,0.0031,0.0031,-19.9280,0.5177,0.00,4
TEL,497452,FAULT,0.0031,0.0031,-19.9253,0.5177,0.00,4
TEL,497552,FAULT,0.0031,0.0031,-19.9468,0.5177,0.00,4
TEL,497652,FAULT,0.0031,0.0031,-19.9414,0.5177,0.00,4
TEL,497752,FAULT,0.0031,-0.1169,-19.9495,0.5177,0.00,4
TEL,497852,FAULT,0.0031,-0.0161,-19.9355,0.5177,0.00,4
TEL,497952,FAULT,0.0031,-0.0046,-19.9934,0.5177,0.00,4
TEL,498052,FAULT,0.0031,0.0031,-20.0377,0.5177,0.00,4
TEL,498152,FAULT,0.0031,0.0031,-20.0388,0.5177,0.00,4
TEL,498252,FAULT,0.0031,0.0031,-20.0390,0.5177,0.00,4
TEL,498352,FAULT,0.0031,0.0031,-20.0391,0.5177,0.00,4
TEL,498452,FAULT,0.0031,0.0031,-20.0391,0.5177,0.00,4
TEL,498552,FAULT,0.0031,0.0031,-20.0391,0.5177,0.00,4
TEL,498652,FAULT,0.0031,0.0031,-20.0391,0.5177,0.00,4
TEL,498752,FAULT,0.0031,0.0031,-20.0391,0.5177,0.00,4
TEL,498852,FAULT,0.0031,0.0031,-20.0391,0.5177,0.00,4
TEL,498952,FAULT,0.0031,0.0031,-20.0391,0.5177,0.00,4
TEL,499052,FAULT,0.0031,0.0031,-20.0391,0.5177,0.00,4
TEL,499152,FAULT,0.0031,0.0031,-20.0391,0.5177,0.00,4
TEL,499252,FAULT,0.0031,0.0031,-20.0391,0.5177,0.00,4
TEL,499352,FAULT,0.0031,0.0031,-20.0391,0.5177,0.00,4
TEL,499452,FAULT,0.0031,0.0031,-20.0391,0.5177,0.00,4
TEL,499552,FAULT,0.0031,0.0031,-20.0391,0.5177,0.00,4
TEL,499652,FAULT,0.0031,0.0031,-20.0391,0.5177,0.00,4
TEL,499752,FAULT,0.0031,0.0031,-20.0391,0.5177,0.00,4
TEL,499852,FAULT,0.0031,0.0031,-20.0391,0.5177,0.00,4
TEL,499952,FAULT,0.0031,0.0031,-20.0391,0.5177,0.00,4
TEL,500052,FAULT,0.0031,0.0031,-20.0391,0.5177,0.00,4
TEL,500152,FAULT,0.0031,0.0031,-20.0391,0.5177,0.00,4
TEL,500252,FAULT,0.0031,0.0031,-20.0391,0.5177,0.00,4
TEL,500352,FAULT,-0.4969,-0.2969,-20.0391,0.5177,0.00,4
TEL,500452,FAULT,0.0031,-0.1169,-20.0391,0.5177,0.00,4
TEL,500552,FAULT,0.0031,-0.1169,-20.0391,0.5177,0.00,4
TEL,500652,FAULT,0.0031,-0.0046,-20.0654,0.5177,0.00,4
TEL,500752,FAULT,0.0031,0.0026,-20.0435,0.5177,0.00,4
TEL,500852,FAULT,0.0031,0.0030,-20.0398,0.5177,0.00,4
TEL,500952,FAULT,0.0031,0.0031,-20.0392,0.5177,0.00,4
TEL,501052,FAULT,0.0031,0.0031,-20.0391,0.5177,0.00,4
TEL,501152,FAULT,0.0031,0.0031,-20.0391,0.5177,0.00,4
TEL,501252,FAULT,0.0031,0.0031,-20.0391,0.5177,0.00,4
TEL,501352,FAULT,0.0031,0.0031,-20.0391,0.5177,0.00,4
TEL,501452,FAULT,0.0031,0.0031,-20.0391,0.5177,0.00,4
TEL,501552,FAULT,0.0031,0.0031,-20.0391,0.5177,0.00,4
TEL,501652,FAULT,0.0031,0.0031,-20.0391,0.5177,0.00,4
TEL,501752,FAULT,0.0031,0.0031,-20.0391,0.5177,0.00,4
TEL,501852,FAULT,0.0031,0.0031,-20.0391,0.5177,0.00,4
TEL,501952,FAULT,0.0031,0.0031,-20.0391,0.5177,0.00,4
TEL,502052,FAULT,0.0031,0.0031,-20.0391,0.5177,0.00,4
TEL,502152,FAULT,0.0031,0.0031,-20.0391,0.5177,0.00,4
TEL,502252,FAULT,0.0031,0.0031,-20.0391,0.5177,0.00,4
TEL,502352,FAULT,0.0031,0.0031,-20.0391,0.5177,0.00,4
TEL,502452,FAULT,0.0031,0.0031,-20.0391,0.5177,0.00,4
TEL,502552,FAULT,0.0031,0.0031,-20.0391,0.5177,0.00,4
TEL,502652,FAULT,0.0031,0.0031,-20.0391,0.5177,0.00,4
TEL,502752,FAULT,0.0031,0.0031,-20.0391,0.5177,0.00,4
TEL,502852,FAULT,0.0031,0.0031,-20.0391,0.5177,0.00,4
TEL,502952,FAULT,0.0031,0.0031,-20.0391,0.5177,0.00,4
TEL,503052,FAULT,0.0031,0.0031,-20.0391,0.5177,0.00,4
TEL,503152,FAULT,0.0031,0.0031,-20.0391,0.5177,0.00,4
TEL,503252,FAULT,0.0031,0.0031,-20.0481,0.5177,0.00,4
TEL,503352,FAULT,0.0031,0.0031,-20.0406,0.5177,0.00,4
TEL,503452,FAULT,0.0031,0.0031,-20.0393,0.5177,0.00,4
TEL,503552,FAULT,0.0031,0.0031,-20.0391,0.5177,0.00,4
TEL,503652,FAULT,0.0031,0.0031,-20.0391,0.5177,0.00,4
TEL,503752,FAULT,0.0031,0.0031,-20.0391,0.5177,0.00,4
TEL,503852,FAULT,0.0031,0.0031,-20.0391,0.5177,0.00,4
TEL,503952,FAULT,0.0031,0.0031,-20.0391,0.5177,0.00,4
TEL,504052,FAULT,0.0031,0.0031,-20.0391,0.5177,0.00,4
TEL,504152,FAULT,0.0031,0.0031,-20.0391,0.5177,0.00,4
TEL,504252,FAULT,0.0031,0.0031,-20.0391,0.5177,0.00,4
TEL,504352,FAULT,0.0031,0.0031,-20.0391,0.5177,0.00,4
TEL,504452,FAULT,0.0031,0.0031,-20.0391,0.5177,0.00,4
TEL,504552,FAULT,0.0031,0.0031,-20.0391,0.5177,0.00,4
TEL,504652,FAULT,0.0031,0.0031,-20.0391,0.5177,0.00,4
TEL,504752,FAULT,0.0031,0.0031,-20.0391,0.5177,0.00,4
TEL,504852,FAULT,0.0031,0.0031,-20.0391,0.5177,0.00,4
TEL,504952,FAULT,0.0031,0.0031,-20.0391,0.5177,0.00,4
TEL,505052,FAULT,0.0031,-0.1169,-20.0391,0.5177,0.00,4
TEL,505152,FAULT,0.0031,-0.0046,-20.0391,0.5177,0.00,4
TEL,505252,FAULT,0.0031,0.0019,-20.0481,0.5177,0.00,4
TEL,505352,FAULT,0.0031,0.0031,-20.0406,0.5177,0.00,4
TEL,505452,FAULT,0.0031,0.0031,-20.0393,0.5177,0.00,4
TEL,505552,FAULT,0.0031,0.0031,-20.0391,0.5177,0.00,4
TEL,505652,FAULT,0.0031,0.0031,-20.0391,0.5177,0.00,4
TEL,505752,FAULT,0.0031,0.0031,-20.0391,0.5177,0.00,4
TEL,505852,FAULT,0.0031,0.0031,-20.0391,0.5177,0.00,4
TEL,505952,FAULT,0.0031,0.0031,-20.0391,0.5177,0.00,4
TEL,506052,FAULT,0.0031,0.0031,-20.0391,0.5177,0.00,4
TEL,506152,FAULT,0.0031,0.0031,-20.0391,0.5177,0.00,4
TEL,506252,FAULT,0.0031,0.0031,-20.0391,0.5177,0.00,4
TEL,506352,FAULT,0.0031,0.0031,-20.0391,0.5177,0.00,4
TEL,506452,FAULT,0.0031,0.0031,-20.0391,0.5177,0.00,4
TEL,506552,FAULT,0.0031,0.0031,-20.0391,0.5177,0.00,4
TEL,506652,FAULT,0.0031,0.0031,-20.0391,0.5177,0.00,4
TEL,506752,FAULT,0.0031,0.0031,-20.0391,0.5177,0.00,4
TEL,506852,FAULT,0.0031,0.0031,-20.0391,0.5177,0.00,4
TEL,506952,FAULT,0.0031,0.0031,-20.0391,0.5177,0.00,4
TEL,507052,FAULT,0.0031,0.0031,-20.0391,0.5177,0.00,4
TEL,507152,FAULT,0.0031,0.0031,-20.0391,0.5177,0.00,4
TEL,507252,FAULT,0.0031,0.0031,-20.0391,0.5177,0.00,4
TEL,507352,FAULT,0.0031,0.0031,-20.0481,0.5177,0.00,4
TEL,507452,FAULT,0.0031,0.0031,-20.0406,0.5177,0.00,4
TEL,507552,FAULT,0.0031,0.0031,-20.0393,0.5177,0.00,4
TEL,507652,FAULT,0.0031,0.0031,-20.0391,0.5177,0.00,4
TEL,507752,FAULT,0.0031,0.0031,-20.0391,0.5177,0.00,4
TEL,507852,FAULT,0.0031,0.0031,-20.0391,0.5177,0.00,4
TEL,507952,FAULT,0.0031,0.0031,-20.0391,0.5177,0.00,4
TEL,508052,FAULT,0.0031,0.0031,-20.0391,0.5177,0.00,4
TEL,508152,FAULT,0.0031,0.0031,-20.0391,0.5177,0.00,4
TEL,508252,FAULT,0.0031,0.0031,-20.0391,0.5177,0.00,4
TEL,508352,FAULT,0.0031,0.0031,-20.0391,0.5177,0.00,4
TEL,508452,FAULT,0.0031,0.0031,-20.0391,0.5177,0.00,4
TEL,508552,FAULT,0.0031,0.0031,-20.0391,0.5177,0.00,4
TEL,508652,FAULT,0.0031,0.0031,-20.0391,0.5177,0.00,4
TEL,508752,FAULT,0.0031,0.0031,-20.0391,0.5177,0.00,4
TEL,508852,FAULT,0.0031,0.0031,-20.0391,0.5177,0.00,4
TEL,508952,FAULT,0.0031,0.0031,-20.0391,0.5177,0.00,4
TEL,509052,FAULT,0.0031,0.0031,-20.0391,0.5177,0.00,4
TEL,509152,FAULT,0.0031,0.0031,-20.0391,0.5177,0.00,4
TEL,509252,FAULT,0.0031,0.0031,-20.0575,0.5177,0.00,4
TEL,509352,FAULT,0.0031,0.0031,-20.0422,0.5177,0.00,4
TEL,509452,FAULT,0.0031,0.0031,-20.0486,0.5177,0.00,4
TEL,509552,FAULT,0.0031,0.0031,-20.0407,0.5177,0.00,4
TEL,509652,FAULT,0.0031,0.0031,-20.0393,0.5177,0.00,4
TEL,509752,FAULT,0.0031,0.0031,-20.0391,0.5177,0.00,4
TEL,509852,FAULT,0.0031,0.0031,-20.0391,0.5177,0.00,4
TEL,509952,FAULT,0.0031,0.0031,-20.0391,0.5177,0.00,4
TEL,510052,FAULT,0.0031,0.0031,-20.0391,0.5177,0.00,4
TEL,510152,FAULT,0.0031,0.0031,-20.0391,0.5177,0.00,4
TEL,510252,FAULT,0.0031,0.0031,-20.0391,0.5177,0.00,4
TEL,510352,FAULT,0.0031,0.0031,-20.0391,0.5177,0.00,4
TEL,510452,FAULT,0.0031,0.0031,-20.0391,0.5177,0.00,4
TEL,510552,FAULT,0.0031,0.0031,-20.0391,0.5177,0.00,4
TEL,510652,FAULT,0.0031,0.0031,-20.0391,0.5177,0.00,4
TEL,510752,FAULT,0.0031,0.0031,-20.0391,0.5177,0.00,4
TEL,510852,FAULT,0.0031,0.0031,-20.0391,0.5177,0.00,4
TEL,510952,FAULT,0.0031,0.0031,-20.0391,0.5177,0.00,4
TEL,511052,FAULT,0.0031,0.0031,-20.0391,0.5177,0.00,4
TEL,511152,FAULT,0.0031,0.0031,-20.0391,0.5177,0.00,4
TEL,511252,FAULT,0.0031,0.0031,-20.0391,0.5177,0.00,4
TEL,511352,FAULT,0.0031,0.0031,-20.0391,0.5177,0.00,4
TEL,511452,FAULT,0.0031,0.0031,-20.0391,0.5177,0.00,4
TEL,511552,FAULT,0.0031,0.0031,-20.0391,0.5177,0.00,4
TEL,511652,FAULT,0.0031,0.0031,-20.0391,0.5177,0.00,4
TEL,511752,FAULT,0.0031,0.0031,-20.0391,0.5177,0.00,4
TEL,511852,FAULT,0.0031,0.0031,-20.0391,0.5177,0.00,4
TEL,511952,FAULT,0.0031,0.0031,-20.0391,0.5177,0.00,4
TEL,512052,FAULT,0.0031,0.0031,-20.0391,0.5177,0.00,4
TEL,512152,FAULT,0.0031,0.0031,-20.0391,0.5177,0.00,4
TEL,512252,FAULT,0.0031,0.0031,-20.0391,0.5177,0.00,4
TEL,512352,FAULT,0.0031,0.0031,-20.0391,0.5177,0.00,4
TEL,512452,FAULT,0.0031,0.0031,-20.0391,0.5177,0.00,4
TEL,512552,FAULT,0.0031,0.0031,-20.0391,0.5177,0.00,4
TEL,512652,FAULT,0.0031,0.0031,-20.0391,0.5177,0.00,4
TEL,512752,FAULT,0.0031,0.0031,-20.0391,0.5177,0.00,4
TEL,512852,FAULT,0.0031,0.0031,-20.0391,0.5177,0.00,4
TEL,512952,FAULT,0.0031,0.0031,-20.0391,0.5177,0.00,4
TEL,513052,FAULT,0.0031,0.0031,-20.0391,0.5177,0.00,4
TEL,513152,FAULT,0.0031,0.0031,-20.0391,0.5177,0.00,4
TEL,513252,FAULT,0.0031,0.0031,-20.0391,0.5177,0.00,4
TEL,513352,FAULT,0.0031,0.0031,-20.0391,0.5177,0.00,4
TEL,513452,FAULT,0.0031,0.0031,-20.0391,0.5177,0.00,4
TEL,513552,FAULT,0.0031,0.0031,-20.0391,0.5177,0.00,4
TEL,513652,FAULT,0.0031,0.0031,-20.0391,0.5177,0.00,4
TEL,513752,FAULT,0.0031,0.0031,-20.0391,0.5177,0.00,4
TEL,513852,FAULT,0.0031,0.0031,-20.0391,0.5177,0.00,4
TEL,513952,FAULT,0.0031,0.0031,-20.0391,0.5177,0.00,4
TEL,514052,FAULT,0.0031,0.0031,-20.0391,0.5177,0.00,4
TEL,514152,FAULT,0.0031,0.0031,-20.0391,0.5177,0.00,4
TEL,514252,FAULT,0.0031,0.0031,-20.0391,0.5177,0.00,4
TEL,514352,FAULT,0.0031,0.0031,-20.0391,0.5177,0.00,4
TEL,514452,FAULT,0.0031,0.0031,-20.0391,0.5177,0.00,4
TEL,514552,FAULT,0.0031,0.0031,-20.0391,0.5177,0.00,4
TEL,514652,FAULT,0.0031,0.0031,-20.0391,0.5177,0.00,4
TEL,514752,FAULT,0.0031,0.0031,-20.0391,0.5177,0.00,4
TEL,514852,FAULT,0.0031,0.0031,-20.0391,0.5177,0.00,4
TEL,514952,FAULT,0.0031,0.0031,-20.0391,0.5177,0.00,4
TEL,515052,FAULT,0.0031,0.0031,-20.0391,0.5177,0.00,4
TEL,515152,FAULT,0.0031,0.0031,-20.0391,0.5177,0.00,4
TEL,515252,FAULT,0.0031,0.0031,-20.0391,0.5177,0.00,4
TEL,515352,FAULT,0.0031,0.0031,-20.0391,0.5177,0.00,4
TEL,515452,FAULT,0.0031,0.0031,-20.0391,0.5177,0.00,4
TEL,515552,FAULT,0.0031,0.0031,-20.0391,0.5177,0.00,4
TEL,515652,FAULT,0.0031,0.0031,-20.0391,0.5177,0.00,4
TEL,515752,FAULT,0.0031,0.0031,-20.0391,0.5177,0.00,4
TEL,515852,FAULT,0.0031,0.0031,-20.0391,0.5177,0.00,4
TEL,515952,FAULT,0.0031,0.0031,-20.0391,0.5177,0.00,4
TEL,516052,FAULT,0.0031,0.0031,-20.0391,0.5177,0.00,4
TEL,516152,FAULT,0.0031,0.0031,-20.0391,0.5177,0.00,4
TEL,516252,FAULT,0.0031,0.0031,-20.0391,0.5177,0.00,4
TEL,516352,FAULT,0.0031,0.0031,-20.0391,0.5177,0.00,4
TEL,516452,FAULT,0.0031,0.0031,-20.0391,0.5177,0.00,4
TEL,516552,FAULT,0.0031,0.0031,-20.0391,0.5177,0.00,4
TEL,516652,FAULT,0.0031,0.0031,-20.0391,0.5177,0.00,4
TEL,516752,FAULT,0.0031,0.0031,-20.0391,0.5177,0.00,4
TEL,516852,FAULT,0.0031,0.0031,-20.0454,0.5177,0.00,4
TEL,516952,FAULT,0.0031,0.0031,-20.0401,0.5177,0.00,4
TEL,517052,FAULT,0.0031,0.0031,-20.0392,0.5177,0.00,4
TEL,517152,FAULT,0.0031,0.0031,-20.0391,0.5177,0.00,4
TEL,517252,FAULT,0.0031,0.0031,-20.0391,0.5177,0.00,4
TEL,517352,FAULT,0.0031,0.0031,-20.0391,0.5177,0.00,4
TEL,517452,FAULT,0.0031,0.0031,-20.0391,0.5177,0.00,4
TEL,517552,FAULT,0.0031,0.0031,-20.0391,0.5177,0.00,4
TEL,517652,FAULT,0.0031,0.0031,-20.0391,0.5177,0.00,4
TEL,517752,FAULT,0.0031,0.0031,-20.0391,0.5177,0.00,4
TEL,517852,FAULT,0.0031,0.0031,-20.0391,0.5177,0.00,4
TEL,517952,FAULT,0.0031,0.0031,-20.0481,0.5177,0.00,4
TEL,518052,FAULT,0.0031,0.0031,-20.0406,0.5177,0.00,4
TEL,518152,FAULT,0.0031,0.0031,-20.0393,0.5177,0.00,4
TEL,518252,FAULT,0.0031,0.0031,-20.0391,0.5177,0.00,4
TEL,518352,FAULT,0.0031,0.0031,-20.0391,0.5177,0.00,4
TEL,518452,FAULT,0.0031,0.0031,-20.0391,0.5177,0.00,4
TEL,518552,FAULT,0.0031,0.0031,-20.0391,0.5177,0.00,4
TEL,518652,FAULT,0.0031,0.0031,-20.0391,0.5177,0.00,4
TEL,518752,FAULT,0.0031,0.0031,-20.0391,0.5177,0.00,4
TEL,518852,FAULT,0.0031,0.0031,-20.0391,0.5177,0.00,4
TEL,518952,FAULT,0.0031,0.0031,-20.0391,0.5177,0.00,4
TEL,519052,FAULT,0.0031,0.0031,-20.0391,0.5177,0.00,4
TEL,519152,FAULT,0.0031,0.0031,-20.0391,0.5177,0.00,4
TEL,519252,FAULT,0.0031,0.0031,-20.0391,0.5177,0.00,4
TEL,519352,FAULT,0.0031,0.0031,-20.0391,0.5177,0.00,4
TEL,519452,FAULT,0.0031,0.0031,-20.0391,0.5177,0.00,4
TEL,519552,FAULT,0.0031,0.0031,-20.0391,0.5177,0.00,4
TEL,519652,FAULT,0.0031,0.0031,-20.0391,0.5177,0.00,4
TEL,519752,FAULT,0.0031,0.0031,-20.0391,0.5177,0.00,4
TEL,519852,FAULT,0.0031,0.0031,-20.0391,0.5177,0.00,4
TEL,519952,FAULT,0.0031,0.0031,-20.0391,0.5177,0.00,4
TEL,520052,FAULT,0.0031,0.0031,-20.0391,0.5177,0.00,4
TEL,520152,FAULT,0.0031,0.0031,-20.0391,0.5177,0.00,4
TEL,520253,FAULT,0.0031,0.0031,-20.0391,0.5177,0.00,4
TEL,520353,FAULT,0.0031,0.0031,-20.0391,0.5177,0.00,4
TEL,520453,FAULT,0.0031,0.0031,-20.0391,0.5177,0.00,4
TEL,520553,FAULT,0.0031,0.0031,-20.0391,0.5177,0.00,4
TEL,520653,FAULT,0.0031,0.0031,-20.0391,0.5177,0.00,4
TEL,520753,FAULT,0.0031,0.0031,-20.0391,0.5177,0.00,4
TEL,520853,FAULT,0.0031,0.0031,-20.0391,0.5177,0.00,4
TEL,520953,FAULT,0.0031,0.0031,-20.0391,0.5177,0.00,4
TEL,521053,FAULT,0.0031,0.0031,-20.0391,0.5177,0.00,4
TEL,521153,FAULT,0.0031,0.0031,-20.0391,0.5177,0.00,4
TEL,521253,FAULT,0.0031,0.0031,-20.0391,0.5177,0.00,4
TEL,521353,FAULT,0.0031,0.0031,-20.0454,0.5177,0.00,4
TEL,521453,FAULT,0.0031,0.0031,-20.0401,0.5177,0.00,4
TEL,521554,FAULT,0.0031,0.0031,-20.0392,0.5177,0.00,4
TEL,521654,FAULT,0.0031,0.0031,-20.0391,0.5177,0.00,4
TEL,521754,FAULT,0.0031,0.0031,-20.0391,0.5177,0.00,4
TEL,521854,FAULT,0.0031,0.0031,-20.0391,0.5177,0.00,4
TEL,521954,FAULT,0.0031,0.0031,-20.0391,0.5177,0.00,4
TEL,522054,FAULT,0.0031,0.0031,-20.0391,0.5177,0.00,4
TEL,522155,FAULT,0.0031,0.0031,-20.0391,0.5177,0.00,4
TEL,522255,FAULT,0.0031,0.0031,-20.0391,0.5177,0.00,4
TEL,522355,FAULT,0.0031,0.0031,-20.0391,0.5177,0.00,4
TEL,522455,FAULT,0.0031,0.0031,-20.0391,0.5177,0.00,4
TEL,522555,FAULT,0.0031,0.0031,-20.0391,0.5177,0.00,4
TEL,522655,FAULT,0.0031,0.0031,-20.0391,0.5177,0.00,4
TEL,522755,FAULT,0.0031,0.0031,-20.0391,0.5177,0.00,4
TEL,522855,FAULT,0.0031,0.0031,-20.0391,0.5177,0.00,4
TEL,522955,FAULT,0.0031,0.0031,-20.0391,0.5177,0.00,4
TEL,523055,FAULT,0.0031,0.0031,-20.0454,0.5177,0.00,4
TEL,523155,FAULT,0.0031,0.0031,-20.0401,0.5177,0.00,4
TEL,523255,FAULT,0.0031,0.0031,-20.0392,0.5177,0.00,4
TEL,523355,FAULT,0.0031,0.0031,-20.0391,0.5177,0.00,4
TEL,523455,FAULT,0.0031,0.0031,-20.0391,0.5177,0.00,4
TEL,523555,FAULT,0.0031,0.0031,-20.0391,0.5177,0.00,4
TEL,523655,FAULT,0.0031,0.0031,-20.0391,0.5177,0.00,4
TEL,523755,FAULT,0.0031,0.0031,-20.0391,0.5177,0.00,4
TEL,523855,FAULT,0.0031,0.0031,-20.0454,0.5177,0.00,4
TEL,523955,FAULT,0.0031,0.0031,-20.0401,0.5177,0.00,4
TEL,524055,FAULT,0.0031,0.0031,-20.0392,0.5177,0.00,4
TEL,524155,FAULT,0.0031,0.0031,-20.0391,0.5177,0.00,4
TEL,524255,FAULT,0.0031,0.0031,-20.0391,0.5177,0.00,4
TEL,524355,FAULT,0.0031,0.0031,-20.0391,0.5177,0.00,4
TEL,524455,FAULT,0.0031,0.0031,-20.0391,0.5177,0.00,4
TEL,524555,FAULT,0.0031,0.0031,-20.0391,0.5177,0.00,4
TEL,524655,FAULT,0.0031,0.0031,-20.0391,0.5177,0.00,4
TEL,524755,FAULT,0.0031,0.0031,-20.0391,0.5177,0.00,4
TEL,524855,FAULT,0.0031,0.0031,-20.0391,0.5177,0.00,4
TEL,524955,FAULT,0.0031,0.0031,-20.0391,0.5177,0.00,4
TEL,525056,FAULT,0.0031,0.0031,-20.0391,0.5177,0.00,4
TEL,525156,FAULT,0.0031,0.0031,-20.0391,0.5177,0.00,4
TEL,525256,FAULT,0.0031,0.0031,-20.0391,0.5177,0.00,4
TEL,525356,FAULT,0.0031,0.0031,-20.0391,0.5177,0.00,4
TEL,525456,FAULT,0.0031,0.0031,-20.0391,0.5177,0.00,4
TEL,525556,FAULT,0.0031,0.0031,-20.0391,0.5177,0.00,4
TEL,525656,FAULT,0.0031,0.0031,-20.0391,0.5177,0.00,4
TEL,525756,FAULT,0.0031,0.0031,-20.0391,0.5177,0.00,4
TEL,525856,FAULT,0.0031,0.0031,-20.0391,0.5177,0.00,4
TEL,525956,FAULT,0.0031,0.0031,-20.0391,0.5177,0.00,4
TEL,526056,FAULT,0.0031,0.0031,-20.0391,0.5177,0.00,4
TEL,526156,FAULT,0.0031,0.0031,-20.0391,0.5177,0.00,4
TEL,526256,FAULT,0.0031,0.0031,-20.0391,0.5177,0.00,4
TEL,526356,FAULT,0.0031,0.0031,-20.0391,0.5177,0.00,4
TEL,526456,FAULT,0.0031,0.0031,-20.0391,0.5177,0.00,4
TEL,526556,FAULT,0.0031,0.0031,-20.0391,0.5177,0.00,4
TEL,526656,FAULT,0.0031,0.0031,-20.0391,0.5177,0.00,4
TEL,526756,FAULT,0.0031,0.0031,-20.0391,0.5177,0.00,4
TEL,526856,FAULT,0.0031,0.0031,-20.0391,0.5177,0.00,4
TEL,526956,FAULT,0.0031,0.0031,-20.0391,0.5177,0.00,4
TEL,527056,FAULT,0.0031,0.0031,-20.0391,0.5177,0.00,4
TEL,527156,FAULT,0.0031,0.0031,-20.0391,0.5177,0.00,4
TEL,527256,FAULT,0.0031,0.0031,-20.0391,0.5177,0.00,4
TEL,527356,FAULT,0.0031,0.0031,-20.0391,0.5177,0.00,4
TEL,527456,FAULT,0.0031,0.0031,-20.0391,0.5177,0.00,4
TEL,527556,FAULT,0.0031,0.0031,-20.0391,0.5177,0.00,4
TEL,527656,FAULT,0.0031,0.0031,-20.0391,0.5177,0.00,4
TEL,527756,FAULT,0.0031,0.0031,-20.0391,0.5177,0.00,4
TEL,527856,FAULT,0.0031,0.0031,-20.0391,0.5177,0.00,4
TEL,527956,FAULT,0.0031,0.0031,-20.0391,0.5177,0.00,4
TEL,528056,FAULT,0.0031,0.0031,-20.0391,0.5177,0.00,4
TEL,528156,FAULT,0.0031,0.0031,-20.0391,0.5177,0.00,4
TEL,528256,FAULT,0.0031,0.0031,-20.0391,0.5177,0.00,4
TEL,528356,FAULT,0.0031,0.0031,-20.0391,0.5177,0.00,4
TEL,528456,FAULT,0.0031,0.0031,-20.0391,0.5177,0.00,4
TEL,528556,FAULT,0.0031,0.0031,-20.0481,0.5177,0.00,4
TEL,528656,FAULT,0.0031,0.0031,-20.0406,0.5177,0.00,4
TEL,528756,FAULT,0.0031,0.0031,-20.0393,0.5177,0.00,4
TEL,528856,FAULT,0.0031,0.0031,-20.0391,0.5177,0.00,4
TEL,528956,FAULT,0.0031,0.0031,-20.0391,0.5177,0.00,4
TEL,529056,FAULT,0.0031,0.0031,-20.0391,0.5177,0.00,4
TEL,529156,FAULT,0.0031,0.0031,-20.0391,0.5177,0.00,4
TEL,529256,FAULT,0.0031,0.0031,-20.0391,0.5177,0.00,4
TEL,529356,FAULT,0.0031,0.0031,-20.0391,0.5177,0.00,4
TEL,529456,FAULT,0.0031,0.0031,-20.0391,0.5177,0.00,4
TEL,529556,FAULT,0.0031,0.0031,-20.0454,0.5177,0.00,4
TEL,529656,FAULT,0.0031,0.0031,-20.0401,0.5177,0.00,4
TEL,529756,FAULT,0.0031,0.0031,-20.0392,0.5177,0.00,4
TEL,529856,FAULT,0.0031,0.0031,-20.0391,0.5177,0.00,4
TEL,529956,FAULT,0.0031,0.0031,-20.0391,0.5177,0.00,4
TEL,530056,FAULT,0.0031,0.0031,-20.0391,0.5177,0.00,4
TEL,530156,FAULT,0.0031,0.0031,-20.0391,0.5177,0.00,4
TEL,530256,FAULT,0.0031,0.0031,-20.0391,0.5177,0.00,4
TEL,530356,FAULT,0.0031,0.0031,-20.0391,0.5177,0.00,4
TEL,530456,FAULT,0.0031,0.0031,-20.0391,0.5177,0.00,4
TEL,530556,FAULT,0.0031,0.0031,-20.0391,0.5177,0.00,4
TEL,530656,FAULT,0.0031,0.0031,-20.0391,0.5177,0.00,4
TEL,530756,FAULT,0.0031,0.0031,-20.0391,0.5177,0.00,4
TEL,530856,FAULT,0.0031,0.0031,-20.0391,0.5177,0.00,4
TEL,530956,FAULT,0.0031,0.0031,-20.0391,0.5177,0.00,4
TEL,531056,FAULT,0.0031,0.0031,-20.0391,0.5177,0.00,4
TEL,531156,FAULT,0.0031,0.0031,-20.0391,0.5177,0.00,4
TEL,531256,FAULT,0.0031,0.0031,-20.0391,0.5177,0.00,4
TEL,531356,FAULT,0.0031,0.0031,-20.0391,0.5177,0.00,4
TEL,531456,FAULT,0.0031,0.0031,-20.0391,0.5177,0.00,4
TEL,531556,FAULT,0.0031,0.0031,-20.0391,0.5177,0.00,4
TEL,531656,FAULT,0.0031,0.0031,-20.0391,0.5177,0.00,4
TEL,531756,FAULT,0.0031,0.0031,-20.0654,0.5177,0.00,4
TEL,531856,FAULT,0.0031,0.0031,-20.0435,0.5177,0.00,4
TEL,531956,FAULT,0.0031,0.0031,-20.0583,0.5177,0.00,4
TEL,532056,FAULT,0.0031,0.0031,-20.0423,0.5177,0.00,4
TEL,532156,FAULT,0.0031,0.0031,-20.0396,0.5177,0.00,4
TEL,532256,FAULT,0.0031,0.0031,-20.0521,0.5177,0.00,4
TEL,532356,FAULT,0.0031,0.0031,-20.0412,0.5177,0.00,4
TEL,532456,FAULT,0.0031,0.0031,-20.0394,0.5177,0.00,4
TEL,532556,FAULT,0.0031,0.0031,-20.0391,0.5177,0.00,4
TEL,532656,FAULT,0.0031,0.0031,-20.0391,0.5177,0.00,4
TEL,532756,FAULT,0.0031,0.0031,-20.0391,0.5177,0.00,4
TEL,532856,FAULT,0.0031,0.0031,-20.0391,0.5177,0.00,4
TEL,532956,FAULT,0.0031,0.0031,-20.0391,0.5177,0.00,4
TEL,533056,FAULT,0.0031,0.0031,-20.0391,0.5177,0.00,4
TEL,533156,FAULT,0.0031,0.0031,-20.0391,0.5177,0.00,4
TEL,533256,FAULT,0.0031,0.0031,-20.0391,0.5177,0.00,4
TEL,533356,FAULT,0.0031,0.0031,-20.0391,0.5177,0.00,4
TEL,533456,FAULT,0.0031,0.0031,-20.0391,0.5177,0.00,4
TEL,533556,FAULT,0.0031,0.0031,-20.0391,0.5177,0.00,4
TEL,533656,FAULT,0.0031,0.0031,-20.0575,0.5177,0.00,4
TEL,533756,FAULT,0.0031,0.0031,-20.0422,0.5177,0.00,4
TEL,533856,FAULT,0.0031,0.0031,-20.0396,0.5177,0.00,4
TEL,533956,FAULT,0.0031,0.0031,-20.0392,0.5177,0.00,4
TEL,534056,FAULT,0.0031,0.0031,-20.0391,0.5177,0.00,4
TEL,534156,FAULT,0.0031,0.0031,-20.0391,0.5177,0.00,4
TEL,534256,FAULT,0.0031,0.0031,-20.0391,0.5177,0.00,4
TEL,534356,FAULT,0.0031,0.0031,-20.0391,0.5177,0.00,4
TEL,534456,FAULT,0.0031,0.0031,-20.0391,0.5177,0.00,4
TEL,534556,FAULT,0.0031,0.0031,-20.0391,0.5177,0.00,4
TEL,534656,FAULT,0.0031,0.0031,-20.0391,0.5177,0.00,4
TEL,534756,FAULT,0.0031,0.0031,-20.0391,0.5177,0.00,4
TEL,534856,FAULT,0.0031,0.0031,-20.0391,0.5177,0.00,4
TEL,534956,FAULT,0.0031,0.0031,-20.0391,0.5177,0.00,4
TEL,535056,FAULT,0.0031,0.0031,-20.0391,0.5177,0.00,4
TEL,535156,FAULT,0.0031,0.0031,-20.0391,0.5177,0.00,4
TEL,535256,FAULT,0.0031,0.0031,-20.0391,0.5177,0.00,4
TEL,535356,FAULT,0.0031,0.0031,-20.0391,0.5177,0.00,4
TEL,535456,FAULT,0.0031,0.0031,-20.0391,0.5177,0.00,4
TEL,535556,FAULT,0.0031,0.0031,-20.0520,0.5177,0.00,4
TEL,535656,FAULT,0.0031,0.0031,-20.0412,0.5177,0.00,4
TEL,535756,FAULT,0.0031,0.0031,-20.0579,0.5177,0.00,4
TEL,535856,FAULT,0.0031,0.0031,-20.0422,0.5177,0.00,4
TEL,535956,FAULT,0.0031,0.0031,-20.0396,0.5177,0.00,4
TEL,536056,FAULT,0.0031,0.0031,-20.0392,0.5177,0.00,4
TEL,536156,FAULT,0.0031,0.0031,-20.0391,0.5177,0.00,4
TEL,536256,FAULT,0.0031,0.0031,-20.0391,0.5177,0.00,4
TEL,536356,FAULT,0.0031,0.0031,-20.0391,0.5177,0.00,4
TEL,536456,FAULT,0.0031,0.0031,-20.0391,0.5177,0.00,4
TEL,536556,FAULT,0.0031,0.0031,-20.0391,0.5177,0.00,4
TEL,536656,FAULT,0.0031,0.0031,-20.0391,0.5177,0.00,4
TEL,536756,FAULT,0.0031,0.0031,-20.0391,0.5177,0.00,4
TEL,536856,FAULT,0.0031,0.0031,-20.0391,0.5177,0.00,4
TEL,536956,FAULT,0.0031,0.0031,-20.0391,0.5177,0.00,4
TEL,537056,FAULT,0.0031,0.0031,-20.0391,0.5177,0.00,4
TEL,537156,FAULT,0.0031,0.0031,-20.0391,0.5177,0.00,4
TEL,537256,FAULT,0.0031,0.0031,-20.0391,0.5177,0.00,4
TEL,537356,FAULT,0.0031,0.0031,-20.0391,0.5177,0.00,4
TEL,537456,FAULT,0.0031,0.0031,-20.0391,0.5177,0.00,4
TEL,537556,FAULT,0.0031,0.0031,-20.0391,0.5177,0.00,4
TEL,537656,FAULT,0.0031,0.0031,-20.0391,0.5177,0.00,4
TEL,537756,FAULT,0.0031,0.0031,-20.0391,0.5177,0.00,4
TEL,537856,FAULT,0.0031,0.0031,-20.0391,0.5177,0.00,4
TEL,537956,FAULT,0.0031,0.0031,-20.0391,0.5177,0.00,4
TEL,538056,FAULT,0.0031,0.0031,-19.9723,0.5177,0.00,4
TEL,538156,FAULT,0.0031,0.0031,-19.8616,0.5177,0.00,4
TEL,538256,FAULT,0.0031,0.0031,-19.6904,0.5177,0.00,4
TEL,538356,FAULT,0.0031,0.0031,-18.4352,0.5177,0.00,4
TEL,538456,FAULT,0.0031,0.0031,-17.7717,0.5177,0.00,4
TEL,538556,FAULT,0.0031,0.0031,-17.7569,0.5177,0.00,4
TEL,538656,FAULT,0.0031,0.0031,-17.9143,0.5177,0.00,4
TEL,538756,FAULT,0.0031,0.0031,-18.0002,0.5177,0.00,4
TEL,538856,FAULT,0.0031,0.0031,-18.0147,0.5177,0.00,4
TEL,538956,FAULT,0.0031,0.0031,-18.0171,0.5177,0.00,4
TEL,539056,FAULT,0.0031,0.0031,-18.0175,0.5177,0.00,4
TEL,539156,FAULT,0.0031,0.0031,-17.9893,0.5177,0.00,4
TEL,539256,FAULT,0.0031,0.0031,-18.0128,0.5177,0.00,4
TEL,539356,FAULT,0.0031,0.0031,-18.0168,0.5177,0.00,4
TEL,539456,FAULT,0.0031,0.0031,-18.0174,0.5177,0.00,4
TEL,539556,FAULT,0.0031,0.0031,-18.0176,0.5177,0.00,4
TEL,539656,FAULT,0.0031,0.0031,-18.0176,0.5177,0.00,4
TEL,539756,FAULT,0.0031,0.0031,-18.0176,0.5177,0.00,4
TEL,539856,FAULT,0.0031,0.0031,-17.9598,0.5177,0.00,4
TEL,539956,FAULT,0.0031,0.0031,-17.9457,0.5177,0.00,4
TEL,540056,FAULT,0.0031,0.0031,-17.8104,0.5177,0.00,4
TEL,540156,FAULT,0.0031,0.0031,-2.4478,0.5177,0.00,0
TEL,540256,FAULT,0.0031,0.0031,9.4400,0.5177,0.00,0
TEL,540356,FAULT,0.0031,0.0031,18.0458,0.5177,0.00,0
TEL,540456,FAULT,0.0031,0.0031,35.2845,0.5177,0.00,0
TEL,540556,FAULT,0.0031,0.0031,40.1457,0.5177,0.00,0
TEL,540656,FAULT,0.0031,0.0031,41.1522,0.5177,0.00,4
TEL,540756,FAULT,0.0031,0.0031,38.9319,0.5177,0.00,0
TEL,540856,FAULT,0.0031,0.0031,22.5534,0.5177,0.00,0
TEL,540956,FAULT,-0.4969,-0.5849,1.9306,0.5177,0.00,0
TEL,541056,FAULT,-0.4969,-0.5849,-9.6108,0.5177,0.00,0
TEL,541156,FAULT,0.0031,-0.2321,-11.5036,0.5177,0.00,0
TEL,541256,FAULT,0.0031,-0.1545,-11.2142,0.5177,0.00,0
TEL,541356,FAULT,0.0031,-0.0221,-0.7702,0.5177,0.00,0
TEL,541456,FAULT,0.0031,-0.0070,3.6747,0.5177,0.00,0
TEL,541556,FAULT,-0.4969,-0.5856,4.2516,0.5177,0.00,0
TEL,541656,FAULT,0.0031,-0.0826,4.3705,0.5177,0.00,0
TEL,541756,FAULT,-0.4969,-0.3106,4.3905,0.5177,0.00,0
TEL,541856,FAULT,-0.9969,-0.8330,4.3361,0.5177,0.00,0
TEL,541956,FAULT,-0.9969,-0.9927,4.2448,0.5177,0.00,0
TEL,542056,FAULT,0.0031,-0.1089,4.2231,0.5177,0.00,0
TEL,542156,FAULT,-0.9969,-0.7241,4.1617,0.5177,0.00,0
TEL,542256,FAULT,-0.9969,-0.7241,4.0693,0.5177,0.00,0
TEL,542356,FAULT,0.0031,-0.0434,4.0210,0.5177,0.00,0
TEL,542456,FAULT,0.0031,-0.0155,3.9662,0.5177,0.00,0
TEL,542556,FAULT,-0.9969,-0.6043,3.9569,0.5177,0.00,0
TEL,542656,FAULT,-0.9969,-0.9449,3.9554,0.5177,0.00,0
TEL,542756,FAULT,-0.9969,-0.9761,3.9551,0.5177,0.00,0
TEL,542856,FAULT,-0.9969,-0.9936,3.8820,0.5177,0.00,0
TEL,542956,FAULT,-0.9969,-0.9964,3.8697,0.5177,0.00,0
TEL,543056,FAULT,-0.9969,-0.9968,3.8676,0.5177,0.00,0
TEL,543156,FAULT,-0.9969,-0.9968,3.8673,0.5177,0.00,0
TEL,543256,FAULT,-0.9969,-0.9489,3.8672,0.5177,0.00,0
TEL,543356,FAULT,-0.9969,-0.9957,3.8672,0.5177,0.00,0
TEL,543456,FAULT,-0.9969,-0.9969,3.8672,0.5177,0.00,0
TEL,543556,FAULT,-0.9969,-0.9969,3.8672,0.5177,0.00,0
TEL,543656,FAULT,0.0031,-0.3969,3.8672,0.5177,0.00,0
TEL,543756,FAULT,0.0031,-0.0071,3.8672,0.5177,0.00,0
TEL,543856,FAULT,-0.4969,-0.2985,3.8224,0.5177,0.00,0
TEL,543956,FAULT,-0.9969,-0.8852,3.7865,0.5177,0.00,0
TEL,544056,FAULT,0.0031,-0.1018,3.7805,0.5177,0.00,0
TEL,544156,FAULT,-0.4969,-0.4236,3.7795,0.5177,0.00,0
TEL,544256,FAULT,0.0031,-0.0242,3.7793,0.5177,0.00,0
TEL,544356,FAULT,-0.9969,-0.8867,3.7793,0.5177,0.00,0
TEL,544456,FAULT,-0.9969,-0.9793,3.7793,0.5177,0.00,0
TEL,544556,FAULT,-0.9969,-0.9965,3.7793,0.5177,0.00,0
TEL,544656,FAULT,-0.4969,-0.6969,3.7793,0.5177,0.00,0
TEL,544756,FAULT,0.0031,-0.0417,3.7793,0.5177,0.00,0
TEL,544856,FAULT,-0.4969,-0.3148,3.7345,0.5177,0.00,0
TEL,544956,FAULT,-0.9969,-0.9532,3.6986,0.5177,0.00,0
TEL,545056,FAULT,-0.9969,-0.9958,3.6926,0.5177,0.00,0
TEL,545156,FAULT,-0.9969,-0.9623,3.6916,0.5177,0.00,0
TEL,545256,FAULT,-0.9969,-0.9965,3.6914,0.5177,0.00,0
TEL,545356,FAULT,0.0031,-0.1089,3.6914,0.5177,0.00,0
TEL,545456,FAULT,-0.9969,-0.8851,3.6914,0.5177,0.00,0
TEL,545556,FAULT,-0.9969,-0.9897,3.6914,0.5177,0.00,0
TEL,545656,FAULT,-0.9969,-0.9484,3.6914,0.5177,0.00,0
TEL,545756,FAULT,0.0031,-0.3964,3.6914,0.5177,0.00,0
TEL,545856,FAULT,-0.9969,-0.7271,3.6914,0.5177,0.00,0
TEL,545956,FAULT,-0.4969,-0.5337,3.6914,0.5177,0.00,0
TEL,546056,FAULT,-0.9969,-0.9576,3.6914,0.5177,0.00,0
TEL,546156,FAULT,-0.9969,-0.9944,3.6914,0.5177,0.00,0
TEL,546256,FAULT,-0.4969,-0.6959,3.6977,0.5177,0.00,0
TEL,546356,FAULT,-0.4969,-0.3148,3.6925,0.5177,0.00,0
TEL,546456,FAULT,0.0031,-0.2916,3.6916,0.5177,0.00,0
TEL,546556,FAULT,-0.9969,-0.7358,3.6914,0.5177,0.00,0
TEL,546656,FAULT,0.0031,-0.2262,3.6914,0.5177,0.00,0
TEL,546756,FAULT,-0.4969,-0.3116,3.6914,0.5177,0.00,0
TEL,546856,FAULT,-0.9969,-0.6473,3.6914,0.5177,0.00,0
TEL,546956,FAULT,-0.4969,-0.6955,3.6914,0.5177,0.00,0
TEL,547056,FAULT,-0.9969,-0.6036,3.6914,0.5177,0.00,0
TEL,547156,FAULT,-0.9969,-0.9868,3.6914,0.5177,0.00,0
TEL,547256,FAULT,-0.9969,-0.9953,3.6914,0.5177,0.00,0
TEL,547356,FAULT,-0.9969,-0.9968,3.6914,0.5177,0.00,0
TEL,547456,FAULT,-0.4969,-0.6969,3.6914,0.5177,0.00,0
TEL,547556,FAULT,0.0031,-0.0340,3.6914,0.5177,0.00,0
OK,telemetry=0
OK,telemetry=1
TEL,549757,FAULT,-0.9969,-0.9969,3.6914,0.5177,0.00,0
TEL,549857,FAULT,-0.9969,-0.9969,3.6914,0.5177,0.00,0
TEL,549957,FAULT,-0.9969,-0.9969,3.6914,0.5177,0.00,0
TEL,550057,FAULT,-0.9969,-0.8423,3.6914,0.5177,0.00,0
TEL,550157,FAULT,-0.9969,-0.8670,3.6914,0.5177,0.00,0
TEL,550257,FAULT,-0.9969,-0.9936,3.6914,0.5177,0.00,0
TEL,550358,FAULT,-0.9969,-0.9968,3.6914,0.5177,0.00,0
TEL,550458,FAULT,-0.9969,-0.9969,3.6914,0.5177,0.00,0
TEL,550558,FAULT,-0.9969,-0.9969,3.6914,0.5177,0.00,0
TEL,550658,FAULT,-0.4969,-0.5769,3.6914,0.5177,0.00,0
TEL,550758,FAULT,-0.9969,-0.9100,3.6914,0.5177,0.00,0
TEL,550858,FAULT,-0.9969,-0.9100,3.6914,0.5177,0.00,0
TEL,550958,FAULT,-0.9969,-0.8630,3.6914,0.5177,0.00,0
TEL,551058,FAULT,-0.9969,-0.9433,3.6914,0.5177,0.00,0
TEL,551158,FAULT,0.0031,-0.0143,3.6914,0.5177,0.00,0
TEL,551258,FAULT,-0.9969,-0.7180,3.6914,0.5177,0.00,0
TEL,551358,FAULT,-0.9969,-0.9311,3.6914,0.5177,0.00,0
TEL,551458,FAULT,-0.4969,-0.5664,3.6914,0.5177,0.00,0
TEL,551558,FAULT,-0.9969,-0.9771,3.6914,0.5177,0.00,0
TEL,551658,FAULT,-0.4969,-0.6964,3.6914,0.5177,0.00,0
TEL,551758,FAULT,0.0031,-0.0897,3.6914,0.5177,0.00,0
TEL,551858,FAULT,-0.9969,-0.9388,3.6914,0.5177,0.00,0
TEL,551958,FAULT,-0.9969,-0.9954,3.6914,0.5177,0.00,0
TEL,552058,FAULT,-0.9969,-0.9968,3.6914,0.5177,0.00,0
TEL,552158,FAULT,-0.9969,-0.9969,3.6914,0.5177,0.00,0
TEL,552258,FAULT,0.0031,-0.0071,3.6914,0.5177,0.00,0
TEL,552358,FAULT,0.0031,0.0015,3.6914,0.5177,0.00,0
TEL,552458,FAULT,-0.9969,-0.9867,3.6914,0.5177,0.00,0
TEL,552558,FAULT,-0.9969,-0.9962,3.6914,0.5177,0.00,0
TEL,552658,FAULT,0.0031,-0.3966,3.6914,0.5177,0.00,0
TEL,552758,FAULT,-0.4969,-0.3490,3.6914,0.5177,0.00,0
TEL,552858,FAULT,-0.9969,-0.9903,3.6914,0.5177,0.00,0
TEL,552958,FAULT,-0.9969,-0.9965,3.6914,0.5177,0.00,0
TEL,553058,FAULT,-0.9969,-0.9968,3.6914,0.5177,0.00,0
TEL,553158,FAULT,-0.9969,-0.9969,3.6914,0.5177,0.00,0
TEL,553259,FAULT,0.0031,-0.2769,3.6914,0.5177,0.00,0
TEL,553359,FAULT,-0.9969,-0.9742,3.6914,0.5177,0.00,0
TEL,553459,FAULT,-0.9969,-0.9954,3.6914,0.5177,0.00,0
TEL,553559,FAULT,-0.9969,-0.9968,3.6914,0.5177,0.00,0
TEL,553659,FAULT,-0.9969,-0.9969,3.6914,0.5177,0.00,0
TEL,553759,FAULT,-0.9969,-0.9969,3.6914,0.5177,0.00,0
TEL,553859,FAULT,0.0031,-0.3105,3.6914,0.5177,0.00,0
TEL,553959,FAULT,-0.9969,-0.9822,3.6914,0.5177,0.00,0
TEL,554059,FAULT,-0.9969,-0.9960,3.6914,0.5177,0.00,0
TEL,554159,FAULT,-0.9969,-0.9968,3.6914,0.5177,0.00,0
TEL,554259,FAULT,-0.9969,-0.9969,3.6914,0.5177,0.00,0
ERR,run_blocked
TEL,554359,FAULT,-0.4969,-0.4569,3.6914,0.5177,0.00,0
TEL,554459,FAULT,-0.9969,-0.9105,3.6914,0.5177,0.00,0
TEL,554559,FAULT,-0.9969,-0.9105,3.6914,0.5177,0.00,0
TEL,554659,FAULT,-0.4969,-0.4431,3.6914,0.5177,0.00,0
TEL,554759,FAULT,-0.9969,-0.9347,3.6914,0.5177,0.00,0
TEL,554859,FAULT,-0.4969,-0.5670,3.6914,0.5177,0.00,0
TEL,554959,FAULT,-0.9969,-0.9694,3.6914,0.5177,0.00,0
TEL,555059,FAULT,-0.9969,-0.9925,3.6914,0.5177,0.00,0
TEL,555159,FAULT,-0.9969,-0.9968,3.6914,0.5177,0.00,0
TEL,555259,FAULT,0.0031,-0.1569,3.6914,0.5177,0.00,0
TEL,555359,FAULT,-0.9969,-0.9562,3.6914,0.5177,0.00,0
TEL,555459,FAULT,-0.9969,-0.9904,3.6914,0.5177,0.00,0
TEL,555559,FAULT,0.0031,-0.1568,3.6914,0.5177,0.00,0
TEL,555659,FAULT,-0.9969,-0.5976,3.6914,0.5177,0.00,0
TEL,555759,FAULT,-0.9969,-0.9330,3.6914,0.5177,0.00,0
TEL,555859,FAULT,-0.9969,-0.9928,3.6914,0.5177,0.00,0
TEL,555959,FAULT,-0.9969,-0.9486,3.6914,0.5177,0.00,0
TEL,556059,FAULT,-0.9969,-0.9957,3.6914,0.5177,0.00,0
TEL,556160,FAULT,-0.4969,-0.5769,3.6914,0.5177,0.00,0
TEL,556260,FAULT,-0.9969,-0.9862,3.6914,0.5177,0.00,0
TEL,556360,FAULT,-0.9969,-0.9968,3.6914,0.5177,0.00,0
TEL,556460,FAULT,-0.4969,-0.6969,3.6914,0.5177,0.00,0
TEL,556560,FAULT,-0.4969,-0.6297,3.6914,0.5177,0.00,0
TEL,556660,FAULT,0.0031,-0.0102,3.6914,0.5177,0.00,0
TEL,556760,FAULT,0.0031,-0.0022,3.6914,0.5177,0.00,0
TEL,556860,FAULT,0.0031,0.0030,3.6914,0.5177,0.00,0
TEL,556960,FAULT,0.0031,0.0030,3.6914,0.5177,0.00,0
TEL,557060,FAULT,-0.9969,-0.8369,3.6914,0.5177,0.00,0
TEL,557160,FAULT,0.0031,-0.2914,3.6914,0.5177,0.00,0
TEL,557260,FAULT,0.0031,-0.0440,3.6914,0.5177,0.00,0
TEL,557360,FAULT,0.0031,-0.0044,3.6914,0.5177,0.00,0
TEL,557460,FAULT,-0.9969,-0.7181,3.6914,0.5177,0.00,0
TEL,557560,FAULT,-0.9969,-0.8740,3.6914,0.5177,0.00,0
TEL,557660,FAULT,-0.4969,-0.6476,3.6914,0.5177,0.00,0
TEL,557760,FAULT,0.0031,0.0004,3.6914,0.5177,0.00,0
TEL,557860,FAULT,-0.9969,-0.6834,3.6914,0.5177,0.00,0
TEL,557960,FAULT,-0.9969,-0.8715,3.6914,0.5177,0.00,0
TEL,558060,FAULT,-0.9969,-0.9745,3.6914,0.5177,0.00,0
TEL,558160,FAULT,0.0031,-0.2767,3.6914,0.5177,0.00,0
TEL,558260,FAULT,0.0031,-0.1241,3.6914,0.5177,0.00,0
TEL,558360,FAULT,-0.4969,-0.3173,3.6914,0.5177,0.00,0
TEL,558460,FAULT,-0.4969,-0.4374,3.6914,0.5177,0.00,0
TEL,558560,FAULT,-0.4969,-0.3064,3.6914,0.5177,0.00,0
TEL,558660,FAULT,-0.9969,-0.8327,3.6914,0.5177,0.00,0
TEL,558760,FAULT,0.0031,-0.0984,3.6914,0.5177,0.00,0
TEL,558860,FAULT,-0.9969,-0.7234,3.6914,0.5177,0.00,0
TEL,558960,FAULT,-0.9969,-0.9794,3.6914,0.5177,0.00,0
TEL,559060,FAULT,0.0031,-0.0701,3.6914,0.5177,0.00,0
TEL,559160,FAULT,-0.9969,-0.9529,3.6914,0.5177,0.00,0
TEL,559260,FAULT,0.0031,-0.0598,3.6914,0.5177,0.00,0
TEL,559360,FAULT,-0.4969,-0.2985,3.6914,0.5177,0.00,0
TEL,559460,FAULT,0.0031,0.0029,3.6914,0.5177,0.00,0
TEL,559560,FAULT,0.0031,0.0031,3.6914,0.5177,0.00,0
TEL,559660,FAULT,-0.9969,-0.9233,3.6914,0.5177,0.00,0
TEL,559760,FAULT,-0.9969,-0.9922,3.6914,0.5177,0.00,0
TEL,559860,FAULT,0.0031,-0.0041,3.6914,0.5177,0.00,0
TEL,559960,FAULT,-0.9969,-0.5974,3.6914,0.5177,0.00,0
TEL,560060,FAULT,0.0031,-0.0315,3.6914,0.5177,0.00,0
TEL,560160,FAULT,0.0031,-0.0024,3.6914,0.5177,0.00,0
TEL,560260,FAULT,-0.9969,-0.9333,3.6914,0.5177,0.00,0
TEL,560360,FAULT,-0.9969,-0.9953,3.6914,0.5177,0.00,0
TEL,560460,FAULT,-0.4969,-0.4089,3.6914,0.5177,0.00,0
TEL,560560,FAULT,-0.9969,-0.9525,3.6914,0.5177,0.00,0
TEL,560660,FAULT,-0.4969,-0.6898,3.6914,0.5177,0.00,0
TEL,560760,FAULT,0.0031,-0.0040,3.6914,0.5177,0.00,0
TEL,560860,FAULT,0.0031,0.0020,3.6914,0.5177,0.00,0
TEL,560960,FAULT,-0.9969,-0.8370,3.6914,0.5177,0.00,0
TEL,561060,FAULT,-0.9969,-0.9329,3.6914,0.5177,0.00,0
TEL,561160,FAULT,-0.4969,-0.6713,3.6914,0.5177,0.00,0
TEL,561260,FAULT,0.0031,-0.1048,3.6914,0.5177,0.00,0
TEL,561360,FAULT,0.0031,-0.0142,3.6914,0.5177,0.00,0
TEL,561460,FAULT,-0.9969,-0.8640,3.6914,0.5177,0.00,0
TEL,561560,FAULT,-0.9969,-0.9756,3.6914,0.5177,0.00,0
TEL,561660,FAULT,0.0031,-0.2735,3.6914,0.5177,0.00,0
TEL,561760,FAULT,-0.9969,-0.8920,3.6914,0.5177,0.00,0
TEL,561860,FAULT,0.0031,-0.0542,3.6914,0.5177,0.00,0
TEL,561960,FAULT,0.0031,-0.0061,3.6914,0.5177,0.00,0
TEL,562060,FAULT,0.0031,0.0016,3.6914,0.5177,0.00,0
TEL,562160,FAULT,0.0031,0.0029,3.6914,0.5177,0.00,0
TEL,562260,FAULT,-0.9969,-0.9233,3.6914,0.5177,0.00,0
TEL,562360,FAULT,-0.9969,-0.9675,3.6914,0.5177,0.00,0
TEL,562460,FAULT,-0.4969,-0.6922,3.6914,0.5177,0.00,0
TEL,562560,FAULT,-0.9969,-0.9774,3.6914,0.5177,0.00,0
TEL,562660,FAULT,0.0031,-0.0040,3.6914,0.5177,0.00,0
TEL,562760,FAULT,0.0031,0.0020,3.6914,0.5177,0.00,0
TEL,562860,FAULT,0.0031,-0.1630,3.6914,0.5177,0.00,0
TEL,562960,FAULT,0.0031,-0.0235,3.6914,0.5177,0.00,0
TEL,563060,FAULT,-0.9969,-0.8850,3.6914,0.5177,0.00,0
TEL,563161,FAULT,0.0031,-0.0862,3.6914,0.5177,0.00,0
TEL,563261,FAULT,-0.9969,-0.9386,3.6914,0.5177,0.00,0
TEL,563361,FAULT,-0.4969,-0.6963,3.6914,0.5177,0.00,0
TEL,563461,FAULT,0.0031,-0.0041,3.6914,0.5177,0.00,0
TEL,563561,FAULT,-0.9969,-0.8380,3.6914,0.5177,0.00,0
TEL,563661,FAULT,-0.9969,-0.9928,3.6914,0.5177,0.00,0
TEL,563761,FAULT,-0.9969,-0.9928,3.6914,0.5177,0.00,0
TEL,563861,FAULT,0.0031,-0.0606,3.6914,0.5177,0.00,0
TEL,563961,FAULT,0.0031,0.0015,3.6914,0.5177,0.00,0
TEL,564061,FAULT,0.0031,0.0030,3.6914,0.5177,0.00,0
TEL,564161,FAULT,-0.9969,-0.9329,3.6914,0.5177,0.00,0
TEL,564261,FAULT,-0.9969,-0.8667,3.6914,0.5177,0.00,0
TEL,564361,FAULT,-0.4969,-0.6936,3.6914,0.5177,0.00,0
TEL,564461,FAULT,0.0031,-0.1615,3.6914,0.5177,0.00,0
TEL,564561,FAULT,0.0031,-0.0232,3.6914,0.5177,0.00,0
TEL,564661,FAULT,0.0031,-0.2146,3.6914,0.5177,0.00,0
TEL,564761,FAULT,0.0031,-0.0025,3.6914,0.5177,0.00,0
TEL,564861,FAULT,0.0031,0.0030,3.6914,0.5177,0.00,0
TEL,564962,FAULT,-0.9969,-0.7169,3.6914,0.5177,0.00,0
TEL,565062,FAULT,-0.9969,-0.9958,3.6914,0.5177,0.00,0
TEL,565163,FAULT,0.0031,-0.0417,3.6914,0.5177,0.00,0
TEL,565263,FAULT,0.0031,-0.0041,3.6914,0.5177,0.00,0
TEL,565363,FAULT,-0.9969,-0.8854,3.6914,0.5177,0.00,0
TEL,565463,FAULT,-0.9969,-0.9898,3.6914,0.5177,0.00,0
TEL,565563,FAULT,-0.4969,-0.3223,3.6914,0.5177,0.00,0
TEL,565663,FAULT,-0.9969,-0.9900,3.6914,0.5177,0.00,0
TEL,565764,FAULT,0.0031,-0.3941,3.6914,0.5177,0.00,0
TEL,565864,FAULT,-0.9969,-0.9103,3.6914,0.5177,0.00,0
TEL,565964,FAULT,0.0031,-0.2714,3.6914,0.5177,0.00,0
TEL,566064,FAULT,0.0031,-0.0145,3.6914,0.5177,0.00,0
TEL,566164,FAULT,-0.9969,-0.5980,3.6914,0.5177,0.00,0
TEL,566264,FAULT,-0.4969,-0.6714,3.6914,0.5177,0.00,0
TEL,566364,FAULT,0.0031,-0.0401,3.6914,0.5177,0.00,0
TEL,566465,FAULT,-0.9969,-0.7197,3.6914,0.5177,0.00,0
OK,cal_reset_saved
TEL,566618,FAULT,-0.4969,-0.6514,-33.1348,0.5177,0.00,0
TEL,566718,FAULT,-10.0000,-10.1619,-33.1348,0.5177,0.00,0
TEL,566818,FAULT,-10.0000,-10.0648,-33.1348,0.5177,0.00,0
TEL,566918,FAULT,-10.0000,-10.0259,-33.1348,0.5177,0.00,0
TEL,567018,FAULT,-10.5000,-10.4241,-33.1348,0.5177,0.00,0
TEL,567118,FAULT,-10.0000,-10.0589,-33.1348,0.5177,0.00,0
TEL,567218,FAULT,-10.0000,-10.0094,-33.1348,0.5177,0.00,0
TEL,567318,FAULT,-11.0000,-10.6015,-33.1348,0.5177,0.00,0
TEL,567418,FAULT,-10.0000,-10.0962,-33.1348,0.5177,0.00,0
TEL,567518,FAULT,-10.0000,-10.0154,-33.1348,0.5177,0.00,0
TEL,567618,FAULT,-10.0000,-10.0004,-33.1348,0.5177,0.00,0
TEL,567718,FAULT,-11.0000,-10.8401,-33.1348,0.5177,0.00,0
TEL,567818,FAULT,-11.0000,-10.9744,-33.1348,0.5177,0.00,0
TEL,567918,FAULT,-10.0000,-10.0624,-33.1348,0.5177,0.00,0
TEL,568018,FAULT,-10.0000,-10.0100,-33.1348,0.5177,0.00,0
TEL,568118,FAULT,-10.0000,-10.0016,-33.1348,0.5177,0.00,0
TEL,568218,FAULT,-10.0000,-10.0000,-33.1348,0.5177,0.00,0
TEL,568318,FAULT,-11.0000,-10.9360,-33.1348,0.5177,0.00,0
TEL,568418,FAULT,-11.0000,-10.9959,-33.1348,0.5177,0.00,0
TEL,568518,FAULT,-11.0000,-10.9997,-33.1348,0.5177,0.00,0
TEL,568619,FAULT,-10.0000,-10.0072,-33.1348,0.5177,0.00,0
TEL,568719,FAULT,-10.0000,-10.0011,-33.1348,0.5177,0.00,0
TEL,568819,FAULT,-11.0000,-10.9959,-33.1348,0.5177,0.00,0
TEL,568919,FAULT,-11.0000,-10.9984,-33.1348,0.5177,0.00,0
TEL,569019,FAULT,-11.0000,-10.9519,-33.1348,0.5177,0.00,0
TEL,569119,FAULT,-10.0000,-10.1089,-33.1348,0.5177,0.00,0
TEL,569219,FAULT,-10.0000,-10.1228,-33.1348,0.5177,0.00,0
TEL,569319,FAULT,-10.5000,-10.3677,-33.1348,0.5177,0.00,0
TEL,569419,FAULT,-10.0000,-10.3166,-33.1348,0.5177,0.00,0
TEL,569519,FAULT,-10.0000,-10.2481,-33.1348,0.5177,0.00,0
TEL,569619,FAULT,-10.0000,-10.3969,-33.1348,0.5177,0.00,0
TEL,569719,FAULT,-10.0000,-10.0774,-33.1348,0.5177,0.00,0
TEL,569819,FAULT,-11.0000,-10.6124,-33.1348,0.5177,0.00,0
TEL,569919,FAULT,-11.0000,-10.8072,-33.1348,0.5177,0.00,0
TEL,570019,FAULT,-11.0000,-10.9759,-33.1348,0.5177,0.00,0
TEL,570119,FAULT,-10.0000,-10.3505,-33.1348,0.5177,0.00,0
TEL,570219,FAULT,-10.5000,-10.4904,-33.1348,0.5177,0.00,0
TEL,570319,FAULT,-10.5000,-10.5641,-33.1348,0.5177,0.00,0
TEL,570419,FAULT,-10.5000,-10.6303,-33.1348,0.5177,0.00,0
TEL,570519,FAULT,-10.0000,-10.2521,-33.1348,0.5177,0.00,0
TEL,570619,FAULT,-11.0000,-10.9617,-33.1348,0.5177,0.00,0
TEL,570719,FAULT,-10.5000,-10.4596,-33.1348,0.5177,0.00,0
OK,driver_disabled
TEL,570819,FAULT,-11.0000,-10.9868,-33.1348,0.5177,0.00,0
TEL,570919,FAULT,-11.0000,-10.9997,-33.1348,0.5177,0.00,0
TEL,571019,FAULT,-10.0000,-10.0640,-33.1348,0.5177,0.00,0
TEL,571119,FAULT,-11.0000,-10.7241,-33.1348,0.5177,0.00,0
TEL,571219,FAULT,-10.0000,-10.0420,-33.1348,0.5177,0.00,0
TEL,571319,FAULT,-10.0000,-10.0067,-33.1348,0.5177,0.00,0
TEL,571419,FAULT,-10.0000,-10.1211,-33.1348,0.5177,0.00,0
TEL,571520,FAULT,-10.0000,-10.0031,-33.1348,0.5177,0.00,0
TEL,571620,FAULT,-10.5000,-10.3001,-33.1348,0.5177,0.00,0
TEL,571720,FAULT,-10.5000,-10.3480,-33.1348,0.5177,0.00,0
TEL,571820,FAULT,-11.0000,-10.9583,-33.1348,0.5177,0.00,0
TEL,571920,FAULT,-11.0000,-10.9933,-33.1348,0.5177,0.00,0
TEL,572020,FAULT,-10.5000,-10.4589,-33.1348,0.5177,0.00,0
TEL,572120,FAULT,-11.0000,-10.9134,-33.1348,0.5177,0.00,0
TEL,572220,FAULT,-11.0000,-10.9861,-33.1348,0.5177,0.00,0
TEL,572320,FAULT,-10.0000,-10.0444,-33.1348,0.5177,0.00,0
TEL,572420,FAULT,-10.0000,-10.1349,-33.1348,0.5177,0.00,0
TEL,572520,FAULT,-10.0000,-10.0515,-33.1348,0.5177,0.00,0
TEL,572620,FAULT,-10.0000,-10.0493,-33.1348,0.5177,0.00,0
TEL,572720,FAULT,-10.5000,-10.6757,-33.1348,0.5177,0.00,0
TEL,572820,FAULT,-10.0000,-10.1037,-33.1348,0.5177,0.00,0
TEL,572920,FAULT,-10.0000,-10.0066,-33.1348,0.5177,0.00,0
TEL,573020,FAULT,-10.5000,-10.3004,-33.1348,0.5177,0.00,0
TEL,573120,FAULT,-10.0000,-10.2621,-33.1348,0.5177,0.00,0
TEL,573220,FAULT,-10.0000,-10.0419,-33.1348,0.5177,0.00,0
TEL,573320,FAULT,-10.0000,-10.0067,-33.1348,0.5177,0.00,0
TEL,573420,FAULT,-11.0000,-10.6027,-33.1348,0.5177,0.00,0
TEL,573520,FAULT,-11.0000,-10.8164,-33.1348,0.5177,0.00,0
TEL,573620,FAULT,-11.0000,-10.7306,-33.1348,0.5177,0.00,0
TEL,573720,FAULT,-11.0000,-10.9569,-33.1348,0.5177,0.00,0
TEL,573820,FAULT,-10.5000,-10.3629,-33.1348,0.5177,0.00,0
TEL,573920,FAULT,-11.0000,-10.6712,-33.1348,0.5177,0.00,0
TEL,574020,FAULT,-11.0000,-10.9890,-33.1348,0.5177,0.00,0
TEL,574120,FAULT,-10.0000,-10.0445,-33.1348,0.5177,0.00,0
TEL,574220,FAULT,-10.5000,-10.3071,-33.1348,0.5177,0.00,0
TEL,574320,FAULT,-10.5000,-10.6823,-33.1348,0.5177,0.00,0
TEL,574420,FAULT,-10.5000,-10.5292,-33.1348,0.5177,0.00,0
TEL,574520,FAULT,-11.0000,-10.9247,-33.1348,0.5177,0.00,0
TEL,574620,FAULT,-10.0000,-10.1479,-33.1348,0.5177,0.00,0
TEL,574720,FAULT,-11.0000,-10.8918,-33.1348,0.5177,0.00,0
TEL,574820,FAULT,-11.0000,-10.9827,-33.1348,0.5177,0.00,0
TEL,574920,FAULT,-10.0000,-10.2453,-33.1348,0.5177,0.00,0
TEL,575020,FAULT,-10.0000,-10.0981,-33.1348,0.5177,0.00,0
TEL,575120,FAULT,-10.0000,-10.0063,-33.1348,0.5177,0.00,0
TEL,575220,FAULT,-10.5000,-10.3025,-33.1348,0.5177,0.00,0
TEL,575320,FAULT,-10.0000,-10.1210,-33.1348,0.5177,0.00,0
TEL,575420,FAULT,-10.0000,-10.0484,-33.1348,0.5177,0.00,0
TEL,575520,FAULT,-10.0000,-10.0194,-33.1348,0.5177,0.00,0
TEL,575620,FAULT,-10.0000,-10.0194,-33.1348,0.5177,0.00,0
TEL,575720,FAULT,-10.0000,-10.0031,-33.1348,0.5177,0.00,0
TEL,575820,FAULT,-10.0000,-10.0012,-33.1348,0.5177,0.00,0
TEL,575920,FAULT,-10.5000,-10.5402,-33.1348,0.5177,0.00,0
TEL,576020,FAULT,-10.0000,-10.0055,-33.1348,0.5177,0.00,0
TEL,576120,FAULT,-10.5000,-10.3009,-33.1348,0.5177,0.00,0
TEL,576220,FAULT,-11.0000,-10.8881,-33.1348,0.5177,0.00,0
TEL,576320,FAULT,-11.0000,-10.8881,-33.1348,0.5177,0.00,0
TEL,576420,FAULT,-11.0000,-10.9821,-33.1348,0.5177,0.00,0
TEL,576520,FAULT,-10.0000,-10.2771,-33.1348,0.5177,0.00,0
TEL,576620,FAULT,-10.0000,-10.0071,-33.1348,0.5177,0.00,0
TEL,576720,FAULT,-10.0000,-10.0005,-33.1348,0.5177,0.00,0
TEL,576820,FAULT,-10.0000,-10.0000,-33.1348,0.5177,0.00,0
TEL,576920,FAULT,-10.0000,-10.0000,-33.1348,0.5177,0.00,0
TEL,577020,FAULT,-10.0000,-10.1200,-33.1348,0.5177,0.00,0
TEL,577120,FAULT,-10.0000,-10.1757,-33.1348,0.5177,0.00,0
TEL,577220,FAULT,-10.0000,-10.0703,-33.1348,0.5177,0.00,0
TEL,577320,FAULT,-10.0000,-10.0281,-33.1348,0.5177,0.00,0
TEL,577420,FAULT,-10.0000,-10.0281,-33.1348,0.5177,0.00,0
TEL,577520,FAULT,-10.0000,-10.0045,-33.1348,0.5177,0.00,0
TEL,577620,FAULT,-10.0000,-10.0003,-33.1348,0.5177,0.00,0
TEL,577720,FAULT,-10.0000,-10.0000,-33.1348,0.5177,0.00,0
TEL,577820,FAULT,-10.0000,-10.0000,-33.1348,0.5177,0.00,0
TEL,577920,FAULT,-10.5000,-10.3000,-33.1348,0.5177,0.00,0
TEL,578020,FAULT,-10.0000,-10.1200,-33.1348,0.5177,0.00,0
TEL,578120,FAULT,-10.5000,-10.3031,-33.1348,0.5177,0.00,0
TEL,578220,FAULT,-10.5000,-10.4212,-33.1348,0.5177,0.00,0
TEL,578320,FAULT,-10.0000,-10.0270,-33.1348,0.5177,0.00,0
TEL,578420,FAULT,-10.0000,-10.0043,-33.1348,0.5177,0.00,0
TEL,578520,FAULT,-10.0000,-10.0043,-33.1348,0.5177,0.00,0
TEL,578620,FAULT,-10.0000,-10.0007,-33.1348,0.5177,0.00,0
TEL,578720,FAULT,-10.0000,-10.0003,-33.1348,0.5177,0.00,0
TEL,578820,FAULT,-10.5000,-10.3000,-33.1348,0.5177,0.00,0
TEL,578920,FAULT,-11.0000,-10.7200,-33.1348,0.5177,0.00,0
TEL,579020,FAULT,-11.0000,-10.7200,-33.1348,0.5177,0.00,0
TEL,579120,FAULT,-10.0000,-10.0074,-33.1348,0.5177,0.00,0
TEL,579220,FAULT,-10.0000,-10.0074,-33.1348,0.5177,0.00,0
TEL,579320,FAULT,-10.0000,-10.0074,-33.1348,0.5177,0.00,0
TEL,579420,FAULT,-10.5000,-10.5412,-33.1348,0.5177,0.00,0
TEL,579520,FAULT,-10.0000,-10.2165,-33.1348,0.5177,0.00,0
TEL,579620,FAULT,-10.0000,-10.0866,-33.1348,0.5177,0.00,0
TEL,579720,FAULT,-10.0000,-10.0014,-33.1348,0.5177,0.00,0
TEL,579820,FAULT,-10.0000,-10.0005,-33.1348,0.5177,0.00,0
TEL,579920,FAULT,-10.0000,-10.0000,-33.1348,0.5177,0.00,0
TEL,580020,FAULT,-10.0000,-10.0000,-33.1348,0.5177,0.00,0
TEL,580120,FAULT,-11.0000,-10.7200,-33.1348,0.5177,0.00,0
TEL,580220,FAULT,-10.5000,-10.5880,-33.1348,0.5177,0.00,0
TEL,580320,FAULT,-10.0000,-10.0151,-33.1348,0.5177,0.00,0
TEL,580420,FAULT,-10.0000,-10.0060,-33.1348,0.5177,0.00,0
TEL,580520,FAULT,-10.0000,-10.1210,-33.1348,0.5177,0.00,0
TEL,580620,FAULT,-10.0000,-10.0194,-33.1348,0.5177,0.00,0
OK,cal_zero_angle_set=326.865234
CAL_ZERO,as5600_zero_deg=326.865234,sonar_center_cm=20.000000,zero_calibrated=no
TEL,580786,FAULT,-10.0000,-10.0079,0.0000,0.5177,0.00,0
TEL,580886,FAULT,-10.0000,-10.0002,0.0000,0.5177,0.00,0
TEL,580986,FAULT,-10.0000,-10.0000,0.0000,0.5177,0.00,0
TEL,581086,FAULT,-10.0000,-10.0000,0.0000,0.5177,0.00,0
TEL,581186,FAULT,-10.0000,-10.0000,0.0000,0.5177,0.00,0
TEL,581286,FAULT,-10.0000,-10.0000,0.0000,0.5177,0.00,0
TEL,581386,FAULT,-10.5000,-10.3000,0.0000,0.5177,0.00,0
TEL,581486,FAULT,-11.0000,-10.9821,0.0000,0.5177,0.00,0
TEL,581586,FAULT,-10.0000,-10.3971,0.0000,0.5177,0.00,0
TEL,581686,FAULT,-10.0000,-10.0635,0.0000,0.5177,0.00,0
TEL,581786,FAULT,-11.0000,-10.6254,0.0000,0.5177,0.00,0
TEL,581886,FAULT,-10.0000,-10.0880,0.0000,0.5177,0.00,0
TEL,581986,FAULT,-10.5000,-10.3352,0.0000,0.5177,0.00,0
TEL,582086,FAULT,-10.0000,-10.2630,0.0000,0.5177,0.00,0
TEL,582187,FAULT,-10.0000,-10.1052,0.0000,0.5177,0.00,0
TEL,582287,FAULT,-10.0000,-10.0547,0.0000,0.5177,0.00,0
TEL,582387,FAULT,-10.0000,-10.0088,0.0000,0.5177,0.00,0
TEL,582487,FAULT,-11.0000,-10.7214,0.0000,0.5177,0.00,0
TEL,582587,FAULT,-11.0000,-10.9971,0.0000,0.5177,0.00,0
OK,cal_zero_position_set=30.007587
CAL_ZERO,as5600_zero_deg=326.865234,sonar_center_cm=30.007587,zero_calibrated=yes
TEL,582904,FAULT,0.0076,0.0076,0.0000,0.5177,0.00,0
TEL,583004,FAULT,0.0076,0.0076,0.0000,0.5177,0.00,0
TEL,583104,FAULT,0.0076,-0.2804,0.0000,0.5177,0.00,0
TEL,583204,FAULT,-0.9924,-0.6108,0.0000,0.5177,0.00,0
TEL,583304,FAULT,-0.9924,-0.9885,0.0000,0.5177,0.00,0
TEL,583404,FAULT,0.0076,-0.2723,0.0000,0.5177,0.00,0
TEL,583504,FAULT,0.0076,-0.2723,0.0000,0.5177,0.00,0
TEL,583604,FAULT,-0.9924,-0.7498,0.0000,0.5177,0.00,0
TEL,583704,FAULT,0.0076,-0.1510,0.0000,0.5177,0.00,0
TEL,583804,FAULT,-0.4924,-0.6386,0.0000,0.5177,0.00,0
TEL,583904,FAULT,0.0076,-0.3698,0.0000,0.5177,0.00,0
TEL,584004,FAULT,0.0076,-0.0528,0.0000,0.5177,0.00,0
TEL,584104,FAULT,0.0076,-0.0021,0.0000,0.5177,0.00,0
TEL,584204,FAULT,0.0076,0.0060,0.0000,0.5177,0.00,0
TEL,584304,FAULT,-0.9924,-0.7125,0.0000,0.5177,0.00,0
TEL,584404,FAULT,-0.9924,-0.9852,0.0000,0.5177,0.00,0
TEL,584504,FAULT,0.0076,-0.1040,0.0000,0.5177,0.00,0
TEL,584604,FAULT,0.0076,0.0005,0.0000,0.5177,0.00,0
TEL,584704,FAULT,-0.9924,-0.5953,0.0000,0.5177,0.00,0
TEL,584804,FAULT,-0.9924,-0.5953,0.0000,0.5177,0.00,0
TEL,584904,FAULT,-0.9924,-0.9289,0.0000,0.5177,0.00,0
TEL,585004,FAULT,-0.9924,-0.9883,0.0000,0.5177,0.00,0
TEL,585104,FAULT,-0.9924,-0.9444,0.0000,0.5177,0.00,0
TEL,585204,FAULT,-0.9924,-0.9919,0.0000,0.5177,0.00,0
TEL,585304,FAULT,0.0076,-0.1523,0.0000,0.5177,0.00,0
TEL,585404,FAULT,0.0076,0.0035,0.7459,0.5177,0.00,0
TEL,585504,FAULT,0.0076,0.0075,6.2362,0.5177,0.00,0
TEL,585604,FAULT,0.0076,0.0076,7.4095,0.5177,0.00,0
TEL,585704,FAULT,0.0076,0.0076,10.6688,0.5177,0.00,0
TEL,585804,FAULT,0.0076,0.0076,12.7142,0.5177,0.00,0
TEL,585904,FAULT,-0.9924,-0.8804,14.5469,0.5177,0.00,0
TEL,586004,FAULT,0.0076,-0.0343,15.3348,0.5177,0.00,0
TEL,586104,FAULT,-0.9924,-0.6092,16.2242,0.5177,0.00,0
TEL,586204,FAULT,-0.4924,-0.6199,16.3269,0.5177,0.00,0
TEL,586304,FAULT,0.0076,-0.0326,16.3442,0.5177,0.00,0
TEL,586404,FAULT,0.0076,0.0012,16.3471,0.5177,0.00,0
TEL,586504,FAULT,0.0076,0.0075,16.3476,0.5177,0.00,0
TEL,586604,FAULT,0.0076,0.0076,16.3476,0.5177,0.00,0
TEL,586704,FAULT,0.0076,0.0076,16.3477,0.5177,0.00,0
TEL,586804,FAULT,0.0076,0.0076,16.3477,0.5177,0.00,0
TEL,586904,FAULT,0.0076,0.0076,16.3477,0.5177,0.00,0
TEL,587004,FAULT,0.0076,0.0076,16.3477,0.5177,0.00,0
TEL,587104,FAULT,0.0076,0.0076,16.3477,0.5177,0.00,0
TEL,587204,FAULT,0.0076,0.0076,16.3477,0.5177,0.00,0
TEL,587304,FAULT,0.0076,0.0076,16.3477,0.5177,0.00,0
TEL,587404,FAULT,0.0076,0.0076,16.3477,0.5177,0.00,0
TEL,587504,FAULT,0.0076,0.0076,16.3292,0.5177,0.00,0
TEL,587604,FAULT,0.0076,0.0076,16.3446,0.5177,0.00,0
TEL,587704,FAULT,0.0076,0.0076,16.3117,0.5177,0.00,0
TEL,587804,FAULT,0.0076,0.0076,16.3416,0.5177,0.00,0
TEL,587904,FAULT,0.0076,0.0076,16.3466,0.5177,0.00,0
TEL,588004,FAULT,-0.4924,-0.2924,16.3082,0.5177,0.00,0
TEL,588104,FAULT,-0.4924,-0.5804,16.3410,0.5177,0.00,0
TEL,588204,FAULT,-0.9924,-0.8955,16.3465,0.5177,0.00,0
TEL,588304,FAULT,-0.4924,-0.3103,16.3411,0.5177,0.00,0
TEL,588404,FAULT,-0.4924,-0.3005,16.3139,0.5177,0.00,0
TEL,588504,FAULT,0.0076,-0.0417,16.3043,0.5177,0.00,0
TEL,588604,FAULT,0.0076,-0.0436,16.3340,0.5177,0.00,0
TEL,588704,FAULT,0.0076,-0.0129,16.3140,0.5177,0.00,0
TEL,588804,FAULT,0.0076,0.0063,16.3066,0.5177,0.00,0
TEL,588904,FAULT,0.0076,0.0076,16.3408,0.5177,0.00,0
TEL,589004,FAULT,0.0076,0.0076,16.3280,0.5177,0.00,0
TEL,589104,FAULT,0.0076,-0.2084,16.3180,0.5177,0.00,0
TEL,589204,FAULT,-0.4924,-0.3062,16.3179,0.5177,0.00,0
TEL,589304,FAULT,-0.9924,-0.7179,16.3297,0.5177,0.00,0
TEL,589404,FAULT,0.0076,-0.0868,16.3227,0.5177,0.00,0
TEL,589504,FAULT,0.0076,-0.0302,16.3435,0.5177,0.00,0
TEL,589604,FAULT,0.0076,-0.0302,16.3250,0.5177,0.00,0
TEL,589704,FAULT,0.0076,0.0066,16.3438,0.5177,0.00,0
TEL,589804,FAULT,0.0076,0.0074,16.3341,0.5177,0.00,0
TEL,589904,FAULT,0.0076,0.0075,16.3454,0.5177,0.00,0
TEL,590004,FAULT,0.0076,0.0076,16.3024,0.5177,0.00,0
TEL,590104,FAULT,0.0076,0.0076,16.3118,0.5177,0.00,0
TEL,590204,FAULT,0.0076,0.0076,16.3262,0.5177,0.00,0
TEL,590304,FAULT,0.0076,0.0076,16.3248,0.5177,0.00,0
TEL,590404,FAULT,-0.9924,-0.8324,16.3254,0.5177,0.00,0
TEL,590504,FAULT,0.0076,-0.1422,16.3255,0.5177,0.00,0
TEL,590604,FAULT,0.0076,-0.0523,16.2798,0.5177,0.00,0
TEL,590704,FAULT,0.0076,-0.0164,16.3008,0.5177,0.00,0
TEL,590804,FAULT,0.0076,0.0061,16.3178,0.5177,0.00,0
TEL,590904,FAULT,0.0076,0.0061,16.3363,0.5177,0.00,0
TEL,591004,FAULT,0.0076,0.0070,16.3394,0.5177,0.00,0
TEL,591104,FAULT,0.0076,0.0070,16.3399,0.5177,0.00,0
TEL,591204,FAULT,0.0076,0.0070,16.3059,0.5177,0.00,0
OK,cal_limit_down_set=16.347656
CAL_LIMITS,lower_deg=16.347656,upper_deg=5.000000,limits_calibrated=no
TEL,591335,FAULT,0.0076,0.0076,16.3101,0.5177,0.00,0
TEL,591435,FAULT,0.0076,0.0076,16.3150,0.5177,0.00,0
TEL,591535,FAULT,0.0076,0.0076,16.3147,0.5177,0.00,0
TEL,591635,FAULT,0.0076,0.0076,16.3004,0.5177,0.00,0
TEL,591735,FAULT,0.0076,0.0076,16.3178,0.5177,0.00,0
TEL,591835,FAULT,0.0076,0.0076,16.3426,0.5177,0.00,0
TEL,591935,FAULT,0.0076,0.0076,16.3193,0.5177,0.00,0
TEL,592035,FAULT,0.0076,0.0076,16.3154,0.5177,0.00,0
TEL,592135,FAULT,0.0076,0.0076,16.2754,0.5177,0.00,0
TEL,592235,FAULT,0.0076,0.0076,16.3355,0.5177,0.00,0
TEL,592335,FAULT,0.0076,0.0076,16.3063,0.5177,0.00,0
TEL,592435,FAULT,0.0076,0.0076,16.3407,0.5177,0.00,0
TEL,592535,FAULT,0.0076,0.0076,16.2824,0.5177,0.00,0
TEL,592635,FAULT,0.0076,0.0076,16.3013,0.5177,0.00,0
TEL,592735,FAULT,0.0076,0.0076,16.3116,0.5177,0.00,0
TEL,592835,FAULT,0.0076,0.0076,16.3353,0.5177,0.00,0
TEL,592935,FAULT,0.0076,0.0076,16.3236,0.5177,0.00,0
TEL,593035,FAULT,0.0076,0.0076,16.3043,0.5177,0.00,0
TEL,593135,FAULT,0.0076,-0.1124,16.3219,0.5177,0.00,0
TEL,593235,FAULT,0.0076,-0.0116,16.3280,0.5177,0.00,0
TEL,593335,FAULT,0.0076,-0.0116,16.3259,0.5177,0.00,0
TEL,593435,FAULT,0.0076,0.0064,16.3440,0.5177,0.00,0
TEL,593536,FAULT,0.0076,0.0064,16.3470,0.5177,0.00,0
TEL,593636,FAULT,0.0076,0.0076,16.3291,0.5177,0.00,0
TEL,593736,FAULT,0.0076,0.0076,16.3261,0.5177,0.00,0
TEL,593836,FAULT,0.0076,0.0076,16.3248,0.5177,0.00,0
TEL,593936,FAULT,0.0076,0.0076,16.3045,0.5177,0.00,0
TEL,594036,FAULT,0.0076,0.0076,16.3341,0.5177,0.00,0
TEL,594136,FAULT,0.0076,0.0076,16.3269,0.5177,0.00,0
TEL,594236,FAULT,0.0076,0.0076,16.2710,0.5177,0.00,0
TEL,594336,FAULT,-0.9924,-0.5924,16.2353,0.5177,0.00,0
TEL,594436,FAULT,-0.4924,-0.5324,15.7898,0.5177,0.00,0
TEL,594536,FAULT,-0.4924,-0.5324,14.3316,0.5177,0.00,0
TEL,594636,FAULT,0.0076,-0.2084,8.4681,0.5177,0.00,0
TEL,594736,FAULT,0.0076,0.0054,-7.1557,0.5177,0.00,0
TEL,594836,FAULT,-0.4924,-0.4125,-16.8453,0.5177,0.00,0
TEL,594936,FAULT,-0.4924,-0.4125,-18.6776,0.5177,0.00,0
TEL,595036,FAULT,0.0076,-0.0596,-22.5654,0.5177,0.00,0
TEL,595136,FAULT,0.0076,0.0033,-25.3788,0.5177,0.00,0
TEL,595236,FAULT,0.0076,0.0075,-26.5356,0.5177,0.00,0
TEL,595336,FAULT,0.0076,0.0075,-32.1852,0.5177,0.00,0
TEL,595436,FAULT,-0.4924,-0.2924,-35.7157,0.5177,0.00,0
TEL,595536,FAULT,-0.4924,-0.4124,-36.3471,0.5177,0.00,0
TEL,595636,FAULT,0.0076,-0.1604,-36.4532,0.5177,0.00,0
TEL,595736,FAULT,0.0076,0.0059,-36.4974,0.5177,0.00,0
TEL,595836,FAULT,0.0076,0.0073,-36.5516,0.5177,0.00,0
TEL,595936,FAULT,0.0076,0.0075,-36.5607,0.5177,0.00,0
TEL,596036,FAULT,-0.9924,-0.9476,-36.5622,0.5177,0.00,0
TEL,596136,FAULT,-0.9924,-0.9745,-36.5624,0.5177,0.00,0
TEL,596236,FAULT,-0.9924,-0.9852,-36.5625,0.5177,0.00,0
TEL,596336,FAULT,-0.9924,-0.8713,-36.5625,0.5177,0.00,0
TEL,596436,FAULT,-0.9924,-0.9912,-36.5625,0.5177,0.00,0
TEL,596536,FAULT,-0.4924,-0.6922,-36.5361,0.5177,0.00,0
TEL,596636,FAULT,0.0076,-0.2723,-36.4401,0.5177,0.00,0
TEL,596736,FAULT,0.0076,-0.2723,-36.3116,0.5177,0.00,0
TEL,596836,FAULT,-0.9924,-0.7044,-36.2279,0.5177,0.00,0
TEL,596936,FAULT,-0.9924,-0.8772,-36.2138,0.5177,0.00,0
TEL,597036,FAULT,-0.9924,-0.8540,-36.2114,0.5177,0.00,0
TEL,597136,FAULT,-0.4924,-0.4303,-36.2110,0.5177,0.00,0
TEL,597236,FAULT,-0.9924,-0.7676,-36.2110,0.5177,0.00,0
TEL,597336,FAULT,-0.9924,-0.9564,-36.1861,0.5177,0.00,0
TEL,597436,FAULT,-0.9924,-0.9780,-36.1875,0.5177,0.00,0
TEL,597536,FAULT,-0.9924,-0.9901,-36.2070,0.5177,0.00,0
TEL,597636,FAULT,-0.9924,-0.9901,-36.1655,0.5177,0.00,0
TEL,597736,FAULT,-0.9924,-0.9920,-36.1302,0.5177,0.00,0
TEL,597836,FAULT,-0.9924,-0.9924,-36.1242,0.5177,0.00,0
TEL,597936,FAULT,0.0076,-0.3924,-36.1232,0.5177,0.00,0
TEL,598036,FAULT,0.0076,-0.1419,-36.1231,0.5177,0.00,0
TEL,598136,FAULT,-0.9924,-0.9760,-36.1231,0.5177,0.00,0
TEL,598236,FAULT,-0.9924,-0.9898,-36.1231,0.5177,0.00,0
TEL,598336,FAULT,0.0076,-0.0026,-36.1231,0.5177,0.00,0
OK,cal_limit_up_set=-36.123046
OK,as5600_sign=-1
CAL_LIMITS,lower_deg=-16.347656,upper_deg=36.123046,limits_calibrated=yes
TEL,598499,FAULT,-0.9924,-0.9823,36.1230,0.5177,0.00,0
TEL,598599,FAULT,-0.9924,-0.9918,36.1230,0.5177,0.00,0
TEL,598699,FAULT,-0.9924,-0.9923,36.1230,0.5177,0.00,0
TEL,598799,FAULT,-0.9924,-0.9924,36.1230,0.5177,0.00,0
TEL,598899,FAULT,-0.9924,-0.9924,36.1230,0.5177,0.00,0
TEL,598999,FAULT,-0.9924,-0.9924,36.1230,0.5177,0.00,0
TEL,599099,FAULT,-0.4924,-0.4572,36.1230,0.5177,0.00,0
TEL,599199,FAULT,-0.4924,-0.6601,36.1230,0.5177,0.00,0
TEL,599299,FAULT,-0.9924,-0.9711,36.1230,0.5177,0.00,0
TEL,599399,FAULT,-0.9924,-0.8690,36.1230,0.5177,0.00,0
TEL,599499,FAULT,-0.9924,-0.9845,36.1230,0.5177,0.00,0
TEL,599599,FAULT,0.0076,-0.3911,36.1230,0.5177,0.00,0
TEL,599699,FAULT,-0.9924,-0.9402,36.1230,0.5177,0.00,0
TEL,599799,FAULT,-0.4924,-0.5719,36.1230,0.5177,0.00,0
TEL,599899,FAULT,-0.9924,-0.9816,36.1230,0.5177,0.00,0
TEL,599999,FAULT,-0.9924,-0.9923,36.1230,0.5177,0.00,0
TEL,600099,FAULT,-0.9924,-0.9924,36.1230,0.5177,0.00,0
TEL,600199,FAULT,-0.9924,-0.8983,36.1230,0.5177,0.00,0
TEL,600299,FAULT,-0.9924,-0.9900,36.1230,0.5177,0.00,0
TEL,600399,FAULT,-0.9924,-0.9924,36.1230,0.5177,0.00,0
TEL,600499,FAULT,0.0076,-0.3924,36.1230,0.5177,0.00,0
TEL,600599,FAULT,-0.9924,-0.9771,36.1230,0.5177,0.00,0
TEL,600699,FAULT,0.0076,-0.3443,36.1230,0.5177,0.00,0
TEL,600799,FAULT,-0.9924,-0.8549,36.1230,0.5177,0.00,0
TEL,600899,FAULT,-0.9924,-0.9918,36.1230,0.5177,0.00,0
TEL,600999,FAULT,-0.9924,-0.9922,36.1230,0.5177,0.00,0
TEL,601099,FAULT,-0.9924,-0.9924,36.1230,0.5177,0.00,0
TEL,601199,FAULT,-0.9924,-0.9924,36.1230,0.5177,0.00,0
TEL,601299,FAULT,-0.9924,-0.9924,36.1230,0.5177,0.00,0
TEL,601399,FAULT,-0.9924,-0.9924,36.1230,0.5177,0.00,0
TEL,601499,FAULT,-0.9924,-0.9924,36.1230,0.5177,0.00,0
TEL,601600,FAULT,-0.9924,-0.9924,36.1230,0.5177,0.00,0
TEL,601700,FAULT,0.0076,-0.1044,36.0519,0.5177,0.00,0
TEL,601800,FAULT,0.0076,-0.0476,30.1066,0.5177,0.00,0
TEL,601900,FAULT,-0.9924,-0.8412,23.1334,0.5177,0.00,0
TEL,602000,FAULT,-0.9924,-0.9885,14.9543,0.5177,0.00,0
TEL,602100,FAULT,-0.9924,-0.9922,5.8377,0.5177,0.00,0
TEL,602200,FAULT,-0.4924,-0.6924,3.9078,0.5177,0.00,0
TEL,602300,FAULT,-0.9924,-0.8983,0.9064,0.5177,0.00,0
TEL,602400,FAULT,-0.9924,-0.9864,0.1972,0.5177,0.00,0
TEL,602500,FAULT,0.0076,-0.3900,0.1063,0.5177,0.00,0
TEL,602600,FAULT,0.0076,-0.0179,0.0332,0.5177,0.00,0
TEL,602700,FAULT,0.0076,-0.0179,0.0056,0.5177,0.00,0
TEL,602800,FAULT,0.0076,-0.2100,0.0009,0.5177,0.00,0
TEL,602900,FAULT,0.0076,-0.0272,0.0002,0.5177,0.00,0
TEL,603000,FAULT,0.0076,0.0020,0.0000,0.5177,0.00,0
TEL,603100,FAULT,0.0076,0.0072,0.0000,0.5177,0.00,0
TEL,603200,FAULT,0.0076,0.0076,0.0000,0.5177,0.00,0
TEL,603300,FAULT,-0.9924,-0.8324,0.0000,0.5177,0.00,0
TEL,603400,FAULT,-0.9924,-0.9716,0.0000,0.5177,0.00,0
TEL,603500,FAULT,-0.9924,-0.9919,0.0000,0.5177,0.00,0
TEL,603600,FAULT,-0.4924,-0.6924,0.0000,0.5177,0.00,0
TEL,603700,FAULT,0.0076,-0.0372,0.0000,0.5177,0.00,0
TEL,603800,FAULT,0.0076,-0.0103,0.0000,0.5177,0.00,0
TEL,603900,FAULT,0.0076,0.0047,0.0000,0.5177,0.00,0
TEL,604000,FAULT,0.0076,0.0071,0.0000,0.5177,0.00,0
TEL,604100,FAULT,0.0076,0.0074,0.0000,0.5177,0.00,0
TEL,604200,FAULT,0.0076,0.0076,0.0000,0.5177,0.00,0
TEL,604300,FAULT,0.0076,-0.1796,0.0000,0.5177,0.00,0
TEL,604400,FAULT,0.0076,-0.1796,0.0000,0.5177,0.00,0
TEL,604500,FAULT,0.0076,-0.0044,0.0000,0.5177,0.00,0
TEL,604600,FAULT,-0.9924,-0.5943,0.0000,0.5177,0.00,0
TEL,604700,FAULT,0.0076,-0.0789,0.0000,0.5177,0.00,0
TEL,604800,FAULT,0.0076,0.0067,0.0000,0.5177,0.00,0
TEL,604900,FAULT,0.0076,0.0074,0.0000,0.5177,0.00,0
TEL,605000,FAULT,0.0076,0.0075,0.0000,0.5177,0.00,0
TEL,605100,FAULT,-0.4924,-0.2924,0.0000,0.5177,0.00,0
TEL,605200,FAULT,-0.4924,-0.2924,0.0000,0.5177,0.00,0
TEL,605300,FAULT,0.0076,-0.0404,0.0000,0.5177,0.00,0
TEL,605400,FAULT,0.0076,0.0045,0.0000,0.5177,0.00,0
TEL,605500,FAULT,0.0076,0.0074,0.0000,0.5177,0.00,0
TEL,605600,FAULT,-0.9924,-0.5925,0.0000,0.5177,0.00,0
TEL,605700,FAULT,0.0076,-0.0788,0.0000,0.5177,0.00,0
TEL,605800,FAULT,0.0076,0.0021,0.0000,0.5177,0.00,0
TEL,605900,FAULT,0.0076,0.0067,0.0000,0.5177,0.00,0
TEL,606000,FAULT,0.0076,0.0074,0.0000,0.5177,0.00,0
TEL,606100,FAULT,0.0076,0.0075,0.0000,0.5177,0.00,0
TEL,606200,FAULT,-0.4924,-0.5324,0.0000,0.5177,0.00,0
TEL,606300,FAULT,0.0076,-0.1470,0.0000,0.5177,0.00,0
TEL,606400,FAULT,0.0076,-0.1470,0.0000,0.5177,0.00,0
TEL,606500,FAULT,0.0076,-0.0542,0.0000,0.5177,0.00,0
TEL,606600,FAULT,0.0076,0.0060,0.0000,0.5177,0.00,0
TEL,606700,FAULT,0.0076,0.0073,0.0000,0.5177,0.00,0
TEL,606800,FAULT,0.0076,0.0075,0.0000,0.5177,0.00,0
TEL,606900,FAULT,0.0076,0.0076,0.0000,0.5177,0.00,0
TEL,607000,FAULT,-0.9924,-0.9668,0.0000,0.5177,0.00,0
TEL,607100,FAULT,0.0076,-0.2708,0.0000,0.5177,0.00,0
TEL,607200,FAULT,0.0076,0.0005,0.0000,0.5177,0.00,0
TEL,607300,FAULT,-0.9924,-0.5929,0.0000,0.5177,0.00,0
TEL,607400,FAULT,0.0076,-0.2326,0.0000,0.5177,0.00,0
TEL,607500,FAULT,0.0076,-0.0308,0.0000,0.5177,0.00,0
TEL,607600,FAULT,0.0076,0.0014,0.0000,0.5177,0.00,0
TEL,607700,FAULT,0.0076,0.0066,0.0000,0.5177,0.00,0
TEL,607800,FAULT,0.0076,0.0075,0.0000,0.5177,0.00,0
TEL,607900,FAULT,0.0076,0.0076,0.0000,0.5177,0.00,0
TEL,608000,FAULT,0.0076,0.0076,0.0000,0.5177,0.00,0
TEL,608100,FAULT,0.0076,0.0076,0.0000,0.5177,0.00,0
TEL,608200,FAULT,0.0076,0.0076,0.0000,0.5177,0.00,0
TEL,608300,FAULT,0.0076,0.0076,0.0000,0.5177,0.00,0
TEL,608400,FAULT,0.0076,0.0076,0.0000,0.5177,0.00,0
TEL,608500,FAULT,-0.9924,-0.5924,0.0000,0.5177,0.00,0
TEL,608600,FAULT,0.0076,-0.0270,0.0000,0.5177,0.00,0
TEL,608700,FAULT,0.0076,0.0021,0.0000,0.5177,0.00,0
TEL,608800,FAULT,0.0076,-0.2088,0.0000,0.5177,0.00,0
TEL,608900,FAULT,0.0076,-0.0063,0.0000,0.5177,0.00,0
ERR,cannot_enter_calib_sign
TEL,609053,FAULT,0.0076,0.0054,0.0000,0.5177,0.00,0
TEL,609153,FAULT,0.0076,0.0075,0.0000,0.5177,0.00,0
TEL,609253,FAULT,-0.4924,-0.2924,0.0000,0.5177,0.00,0
TEL,609353,FAULT,-0.9924,-0.9553,0.0000,0.5177,0.00,0
TEL,609453,FAULT,0.0076,-0.1465,0.0000,0.5177,0.00,0
TEL,609553,FAULT,0.0076,-0.0171,0.0000,0.5177,0.00,0
TEL,609653,FAULT,0.0076,0.0036,0.0000,0.5177,0.00,0
TEL,609753,FAULT,0.0076,0.0060,0.0000,0.5177,0.00,0
TEL,609853,FAULT,0.0076,0.0073,0.0000,0.5177,0.00,0
TEL,609953,FAULT,0.0076,0.0075,0.0000,0.5177,0.00,0
TEL,610053,FAULT,0.0076,0.0075,0.0000,0.5177,0.00,0
TEL,610153,FAULT,-0.9924,-0.9284,0.0000,0.5177,0.00,0
TEL,610253,FAULT,-0.9924,-0.9668,0.0000,0.5177,0.00,0
TEL,610353,FAULT,0.0076,-0.3822,0.0000,0.5177,0.00,0
TEL,610453,FAULT,0.0076,-0.0174,0.0000,0.5177,0.00,0
TEL,610553,FAULT,0.0076,0.0070,0.0000,0.5177,0.00,0
TEL,610653,FAULT,0.0076,0.0075,0.0000,0.5177,0.00,0
TEL,610753,FAULT,0.0076,0.0076,0.0000,0.5177,0.00,0
TEL,610853,FAULT,0.0076,0.0076,0.0000,0.5177,0.00,0
TEL,610953,FAULT,0.0076,0.0076,0.0000,0.5177,0.00,0
TEL,611053,FAULT,0.0076,0.0076,0.0000,0.5177,0.00,0
TEL,611153,FAULT,0.0076,0.0076,0.0000,0.5177,0.00,0
TEL,611253,FAULT,0.0076,0.0076,0.0000,0.5177,0.00,0
TEL,611353,FAULT,0.0076,0.0076,0.0000,0.5177,0.00,0
TEL,611453,FAULT,0.0076,0.0076,0.0000,0.5177,0.00,0
TEL,611553,FAULT,0.0076,0.0076,0.0000,0.5177,0.00,0
TEL,611653,FAULT,0.0076,0.0076,0.0000,0.5177,0.00,0
TEL,611753,FAULT,0.0076,0.0076,0.0000,0.5177,0.00,0
TEL,611853,FAULT,0.0076,0.0076,0.0000,0.5177,0.00,0
TEL,611953,FAULT,0.0076,0.0076,0.0000,0.5177,0.00,0
TEL,612054,FAULT,0.0076,0.0076,0.0000,0.5177,0.00,0
TEL,612154,FAULT,-0.4924,-0.2924,0.0000,0.5177,0.00,0
TEL,612254,FAULT,0.0076,-0.2545,0.0000,0.5177,0.00,0
TEL,612354,FAULT,0.0076,-0.2545,0.0000,0.5177,0.00,0
TEL,612454,FAULT,0.0076,-0.0972,0.0000,0.5177,0.00,0
TEL,612554,FAULT,0.0076,-0.0343,0.0000,0.5177,0.00,0
TEL,612654,FAULT,0.0076,0.0009,0.0000,0.5177,0.00,0
TEL,612754,FAULT,-0.4924,-0.2935,0.0000,0.5177,0.00,0
TEL,612854,FAULT,0.0076,-0.1128,0.0000,0.5177,0.00,0
TEL,612954,FAULT,-0.4924,-0.4317,0.0000,0.5177,0.00,0
TEL,613054,FAULT,-0.4924,-0.4317,0.0000,0.5177,0.00,0
TEL,613154,FAULT,0.0076,-0.0205,0.0000,0.5177,0.00,0
TEL,613254,FAULT,0.0076,0.0031,0.0000,0.5177,0.00,0
TEL,613354,FAULT,0.0076,0.0073,0.0000,0.5177,0.00,0
TEL,613454,FAULT,0.0076,0.0075,0.0000,0.5177,0.00,0
TEL,613554,FAULT,0.0076,0.0076,0.0000,0.5177,0.00,0
TEL,613654,FAULT,0.0076,0.0076,0.0000,0.5177,0.00,0
TEL,613754,FAULT,0.0076,0.0076,0.0000,0.5177,0.00,0
TEL,613854,FAULT,0.0076,0.0076,0.0000,0.5177,0.00,0
TEL,613954,FAULT,0.0076,0.0076,0.0000,0.5177,0.00,0
TEL,614054,FAULT,0.0076,0.0076,0.0000,0.5177,0.00,0
TEL,614154,FAULT,0.0076,0.0076,0.0000,0.5177,0.00,0
TEL,614254,FAULT,0.0076,0.0076,0.0000,0.5177,0.00,0
TEL,614354,FAULT,0.0076,0.0076,0.0000,0.5177,0.00,0
TEL,614454,FAULT,0.0076,0.0076,0.0000,0.5177,0.00,0
TEL,614554,FAULT,-0.4924,-0.2924,0.0000,0.5177,0.00,0
TEL,614654,FAULT,-0.9924,-0.8516,0.0000,0.5177,0.00,0
TEL,614754,FAULT,-0.9924,-0.8516,0.0000,0.5177,0.00,0
TEL,614854,FAULT,-0.4924,-0.5499,0.0000,0.5177,0.00,0
TEL,614955,FAULT,0.0076,-0.0281,0.0000,0.5177,0.00,0
TEL,615055,FAULT,0.0076,0.0019,0.0000,0.5177,0.00,0
TEL,615155,FAULT,-0.9924,-0.9288,0.0000,0.5177,0.00,0
TEL,615255,FAULT,-0.9924,-0.9670,0.0000,0.5177,0.00,0
TEL,615355,FAULT,-0.9924,-0.9822,0.0000,0.5177,0.00,0
TEL,615455,FAULT,0.0076,-0.2723,0.0000,0.5177,0.00,0
TEL,615555,FAULT,0.0076,-0.1572,0.0000,0.5177,0.00,0
TEL,615655,FAULT,-0.9924,-0.9839,0.0000,0.5177,0.00,0
TEL,615755,FAULT,-0.9924,-0.9910,0.0000,0.5177,0.00,0
TEL,615855,FAULT,-0.9924,-0.9919,0.0000,0.5177,0.00,0
TEL,615955,FAULT,-0.4924,-0.6444,0.0000,0.5177,0.00,0
OK,cal_saved
TEL,616057,FAULT,-0.4924,-0.6367,0.0000,0.5177,0.00,0
TEL,616157,FAULT,0.0076,-0.0955,0.0000,0.5177,0.00,0
TEL,616258,FAULT,0.0076,-0.0089,0.0000,0.5177,0.00,0
TEL,616358,FAULT,0.0076,0.0010,0.0000,0.5177,0.00,0
TEL,616458,FAULT,-0.9924,-0.7126,0.0000,0.5177,0.00,0
TEL,616558,FAULT,-0.9924,-0.8805,0.0000,0.5177,0.00,0
TEL,616658,FAULT,0.0076,-0.0492,0.0000,0.5177,0.00,0
TEL,616758,FAULT,-0.4924,-0.5339,0.0000,0.5177,0.00,0
TEL,616858,FAULT,-0.9924,-0.8090,0.0000,0.5177,0.00,0
TEL,616958,FAULT,-0.9924,-0.8090,0.0000,0.5177,0.00,0
TEL,617058,FAULT,0.0076,-0.2607,0.0000,0.5177,0.00,0
TEL,617158,FAULT,0.0076,-0.2607,0.0000,0.5177,0.00,0
TEL,617259,FAULT,-0.9924,-0.7296,0.0000,0.5177,0.00,0
TEL,617359,FAULT,-0.4924,-0.5076,0.0000,0.5177,0.00,0
TEL,617459,FAULT,0.0076,-0.1985,0.0000,0.5177,0.00,0
TEL,617559,FAULT,0.0076,0.0055,0.0000,0.5177,0.00,0
TEL,617659,FAULT,0.0076,0.0075,0.0000,0.5177,0.00,0
TEL,617759,FAULT,-0.9924,-0.9476,0.0000,0.5177,0.00,0
TEL,617859,FAULT,0.0076,-0.2713,0.0000,0.5177,0.00,0
TEL,617959,FAULT,0.0076,-0.0103,0.0000,0.5177,0.00,0
TEL,618059,FAULT,-0.9924,-0.8353,0.0000,0.5177,0.00,0
TEL,618159,FAULT,-0.4924,-0.6673,0.0000,0.5177,0.00,0
TEL,618259,FAULT,-0.9924,-0.9236,0.0000,0.5177,0.00,0
TEL,618359,FAULT,-0.9924,-0.9400,0.0000,0.5177,0.00,0
TEL,618459,FAULT,0.0076,-0.0021,0.0000,0.5177,0.00,0
TEL,618559,FAULT,0.0076,0.0070,0.0000,0.5177,0.00,0
TEL,618659,FAULT,0.0076,0.0075,0.0000,0.5177,0.00,0
TEL,618759,FAULT,0.0076,0.0075,0.0000,0.5177,0.00,0
TEL,618859,FAULT,-0.4924,-0.5324,0.0000,0.5177,0.00,0
TEL,618959,FAULT,0.0076,-0.2084,0.0000,0.5177,0.00,0
TEL,619059,FAULT,0.0076,-0.0062,0.0000,0.5177,0.00,0
TEL,619159,FAULT,-0.4924,-0.3408,0.0000,0.5177,0.00,0
TEL,619259,FAULT,-0.4924,-0.4318,0.0000,0.5177,0.00,0
TEL,619359,FAULT,0.0076,-0.1885,0.0000,0.5177,0.00,0
TEL,619459,FAULT,0.0076,-0.0238,0.0000,0.5177,0.00,0
TEL,619559,FAULT,-0.9924,-0.6050,0.0000,0.5177,0.00,0
TEL,619659,FAULT,0.0076,-0.2104,0.0000,0.5177,0.00,0
TEL,619759,FAULT,0.0076,-0.0064,0.0000,0.5177,0.00,0
TEL,619859,FAULT,0.0076,0.0054,0.0000,0.5177,0.00,0
TEL,619959,FAULT,0.0076,0.0067,0.0000,0.5177,0.00,0
TEL,620059,FAULT,0.0076,0.0072,0.0000,0.5177,0.00,0
TEL,620160,FAULT,-0.9924,-0.7125,0.0000,0.5177,0.00,0
TEL,620260,FAULT,0.0076,-0.3476,0.0000,0.5177,0.00,0
TEL,620360,FAULT,-0.9924,-0.7345,0.0000,0.5177,0.00,0
TEL,620460,FAULT,0.0076,-0.2311,0.0000,0.5177,0.00,0
TEL,620560,FAULT,0.0076,-0.0306,0.0000,0.5177,0.00,0
TEL,620660,FAULT,0.0076,0.0015,0.0000,0.5177,0.00,0
TEL,620760,FAULT,0.0076,0.0072,0.0000,0.5177,0.00,0
TEL,620860,FAULT,0.0076,0.0074,0.0000,0.5177,0.00,0
TEL,620960,FAULT,0.0076,0.0074,0.0000,0.5177,0.00,0
TEL,621060,FAULT,0.0076,0.0076,0.0000,0.5177,0.00,0
ERR,cannot_enter_calib_sign
TEL,621180,FAULT,0.0076,0.0076,0.0000,0.5177,0.00,0
TEL,621280,FAULT,0.0076,0.0076,0.0000,0.5177,0.00,0
TEL,621380,FAULT,0.0076,0.0076,0.0000,0.5177,0.00,0
TEL,621480,FAULT,0.0076,0.0076,0.0000,0.5177,0.00,0
TEL,621580,FAULT,0.0076,0.0076,0.0000,0.5177,0.00,0
TEL,621680,FAULT,0.0076,0.0076,0.0000,0.5177,0.00,0
TEL,621780,FAULT,0.0076,0.0076,0.0000,0.5177,0.00,0
TEL,621880,FAULT,0.0076,0.0076,0.0000,0.5177,0.00,0
TEL,621980,FAULT,0.0076,0.0076,0.0000,0.5177,0.00,0
TEL,622080,FAULT,0.0076,0.0076,0.0000,0.5177,0.00,0
TEL,622180,FAULT,0.0076,0.0076,0.0000,0.5177,0.00,0
TEL,622280,FAULT,0.0076,0.0076,0.0000,0.5177,0.00,0
TEL,622380,FAULT,0.0076,0.0076,0.0000,0.5177,0.00,0
TEL,622480,FAULT,0.0076,0.0076,0.0000,0.5177,0.00,0
TEL,622580,FAULT,0.0076,0.0076,0.0000,0.5177,0.00,0
TEL,622680,FAULT,0.0076,0.0076,0.0000,0.5177,0.00,0
TEL,622780,FAULT,0.0076,0.0076,0.0000,0.5177,0.00,0
TEL,622880,FAULT,0.0076,0.0076,0.0000,0.5177,0.00,0
TEL,622980,FAULT,0.0076,0.0076,0.0000,0.5177,0.00,0
TEL,623080,FAULT,0.0076,0.0076,0.0000,0.5177,0.00,0
TEL,623180,FAULT,0.0076,0.0076,0.0000,0.5177,0.00,0
TEL,623280,FAULT,0.0076,0.0076,0.0000,0.5177,0.00,0
TEL,623380,FAULT,0.0076,0.0076,0.0000,0.5177,0.00,0
TEL,623480,FAULT,0.0076,0.0076,0.0000,0.5177,0.00,0
TEL,623580,FAULT,0.0076,0.0076,0.0000,0.5177,0.00,0
TEL,623680,FAULT,0.0076,0.0076,0.0000,0.5177,0.00,0
TEL,623780,FAULT,0.0076,0.0076,0.0000,0.5177,0.00,0
TEL,623880,FAULT,0.0076,0.0076,0.0000,0.5177,0.00,0
TEL,623980,FAULT,0.0076,0.0076,0.0000,0.5177,0.00,0
TEL,624080,FAULT,0.0076,0.0076,0.0000,0.5177,0.00,0
TEL,624180,FAULT,0.0076,0.0076,0.0000,0.5177,0.00,0
TEL,624280,FAULT,0.0076,0.0076,0.0000,0.5177,0.00,0
TEL,624380,FAULT,0.0076,0.0076,0.0000,0.5177,0.00,0
TEL,624480,FAULT,0.0076,0.0076,0.0000,0.5177,0.00,0
TEL,624580,FAULT,0.0076,0.0076,0.0000,0.5177,0.00,0
TEL,624680,FAULT,0.0076,0.0076,0.0000,0.5177,0.00,0
TEL,624780,FAULT,0.0076,0.0076,0.0000,0.5177,0.00,0
TEL,624880,FAULT,0.0076,0.0076,0.0000,0.5177,0.00,0
TEL,624980,FAULT,-0.9924,-0.7124,0.0000,0.5177,0.00,0
OK,cal_reset_saved
TEL,625101,FAULT,-11.0000,-10.9501,-33.1348,0.5177,0.00,0
TEL,625201,FAULT,-10.5000,-10.6968,-33.1348,0.5177,0.00,0
TEL,625301,FAULT,-11.0000,-10.6178,-33.1348,0.5177,0.00,0
TEL,625401,FAULT,-10.0000,-10.0409,-33.1348,0.5177,0.00,0
TEL,625501,FAULT,-10.0000,-10.0004,-33.1348,0.5177,0.00,0
TEL,625601,FAULT,-10.0000,-10.0000,-33.1348,0.5177,0.00,0
TEL,625701,FAULT,-10.0000,-10.0000,-33.1348,0.5177,0.00,0
TEL,625801,FAULT,-11.0000,-10.6000,-33.1348,0.5177,0.00,0
TEL,625901,FAULT,-10.5000,-10.5400,-33.1348,0.5177,0.00,0
TEL,626001,FAULT,-10.0000,-10.0346,-33.1348,0.5177,0.00,0
TEL,626101,FAULT,-10.0000,-10.0009,-33.1348,0.5177,0.00,0
TEL,626201,FAULT,-10.0000,-10.0009,-33.1348,0.5177,0.00,0
TEL,626301,FAULT,-10.0000,-10.0001,-33.1348,0.5177,0.00,0
TEL,626401,FAULT,-10.0000,-10.0001,-33.1348,0.5177,0.00,0
TEL,626501,FAULT,-10.0000,-10.0001,-33.1348,0.5177,0.00,0
TEL,626601,FAULT,-10.0000,-10.0000,-33.1348,0.5177,0.00,0
TEL,626701,FAULT,-10.0000,-10.0000,-33.1348,0.5177,0.00,0
TEL,626801,FAULT,-10.0000,-10.2160,-33.1348,0.5177,0.00,0
TEL,626902,FAULT,-10.0000,-10.2160,-33.1348,0.5177,0.00,0
TEL,627002,FAULT,-10.0000,-10.2160,-33.1348,0.5177,0.00,0
TEL,627102,FAULT,-10.0000,-10.0022,-33.1348,0.5177,0.00,0
TEL,627202,FAULT,-10.0000,-10.0001,-33.1348,0.5177,0.00,0
TEL,627302,FAULT,-10.0000,-10.0000,-33.1348,0.5177,0.00,0
TEL,627402,FAULT,-10.0000,-10.0000,-33.1348,0.5177,0.00,0
TEL,627502,FAULT,-10.0000,-10.0000,-33.1348,0.5177,0.00,0
TEL,627602,FAULT,-10.0000,-10.0000,-33.1348,0.5177,0.00,0
TEL,627702,FAULT,-10.0000,-10.0000,-33.1348,0.5177,0.00,0
OK,telemetry=0
OK,cal_reset_saved
OK,driver_disabled
OK,cal_zero_angle_set=326.865234
CAL_ZERO,as5600_zero_deg=326.865234,sonar_center_cm=20.000000,zero_calibrated=no
OK,cal_zero_position_set=30.000028
CAL_ZERO,as5600_zero_deg=326.865234,sonar_center_cm=30.000028,zero_calibrated=yes
ERR,unknown_command,try=h
OK,cal_limit_down_set=16.347656
CAL_LIMITS,lower_deg=16.347656,upper_deg=5.000000,limits_calibrated=no
OK,cal_limit_up_set=-30.937500
OK,as5600_sign=-1
CAL_LIMITS,lower_deg=-16.347656,upper_deg=30.937500,limits_calibrated=yes
OK,cal_limit_up_set=0.000000
OK,as5600_sign=-1
CAL_LIMITS,lower_deg=-16.347656,upper_deg=0.000000,limits_calibrated=yes
ERR,cannot_enter_calib_sign
ERR,cannot_enter_calib_sign
OK,cal_saved
STATE,FAULT
SENSORS,angle=ok,pos=ok
MEAS,theta_deg=0.0000,x_cm=0.0000,x_filt_cm=0.0000
AGE,angle_ms=10,pos_ms=239
FAULTS,bits=0
CAL,zero_calibrated=yes,limits_calibrated=yes,sign_calibrated=no
CAL_STORE,status=loaded
TEL,enabled=0
FAULT_INFO,bits=0
FAULT_INFO,mode=bringup_warning
FAULT_INFO,none
ERR,run_blocked
BLOCK,sign
OK,driver_disabled
OK,fault_cleared
FAULT_INFO,bits=0
FAULT_INFO,mode=bringup_warning
FAULT_INFO,none
OK,cal_reset_saved
OK,cal_zero_angle_set=326.865234
CAL_ZERO,as5600_zero_deg=326.865234,sonar_center_cm=20.000000,zero_calibrated=no
OK,cal_zero_position_set=30.000204
CAL_ZERO,as5600_zero_deg=326.865234,sonar_center_cm=30.000204,zero_calibrated=yes
OK,cal_limit_down_set=14.765625
CAL_LIMITS,lower_deg=14.765625,upper_deg=5.000000,limits_calibrated=no
OK,cal_limit_up_set=-25.312500
OK,as5600_sign=-1
CAL_LIMITS,lower_deg=-14.765625,upper_deg=25.312500,limits_calibrated=yes
OK,stepper_sign=-1
OK,cal_saved
STATE,READY
SENSORS,angle=ok,pos=ok
MEAS,theta_deg=-0.4395,x_cm=0.0002,x_filt_cm=0.0002
AGE,angle_ms=6,pos_ms=27
FAULTS,bits=0
CAL,zero_calibrated=yes,limits_calibrated=yes,sign_calibrated=yes
CAL_STORE,status=loaded
TEL,enabled=0
FAULT_INFO,bits=0
FAULT_INFO,mode=bringup_warning
FAULT_INFO,none
OK,telemetry=1
TEL,1043912,READY,0.0002,0.0002,-0.4395,0.5177,0.00,0
TEL,1044012,READY,0.0002,0.0002,-0.4395,0.5177,0.00,0
TEL,1044112,READY,0.0002,0.0002,-0.4395,0.5177,0.00,0
TEL,1044212,READY,0.0002,0.0002,-0.4395,0.5177,0.00,0
TEL,1044312,READY,0.0002,0.0002,-0.4395,0.5177,0.00,0
TEL,1044412,READY,0.0002,0.0002,-0.4395,0.5177,0.00,0
TEL,1044512,READY,0.0002,0.0002,-0.4395,0.5177,0.00,0
TEL,1044612,READY,0.0002,0.0002,-0.4395,0.5177,0.00,0
TEL,1044712,READY,0.0002,0.0002,-0.4395,0.5177,0.00,0
TEL,1044812,READY,0.0002,0.0002,-0.4395,0.5177,0.00,0
TEL,1044912,READY,0.0002,0.0002,-0.4395,0.5177,0.00,0
TEL,1045012,READY,0.0002,0.0002,-0.4395,0.5177,0.00,0
TEL,1045112,READY,0.0002,0.0002,-0.4395,0.5177,0.00,0
TEL,1045212,READY,0.0002,0.0002,-0.4395,0.5177,0.00,0
TEL,1045312,READY,0.0002,0.0002,-0.4395,0.5177,0.00,0
TEL,1045412,READY,0.0002,0.0002,-0.4395,0.5177,0.00,0
TEL,1045512,READY,0.0002,0.0002,-0.4395,0.5177,0.00,0
TEL,1045612,READY,0.0002,0.0002,-0.4395,0.5177,0.00,0
TEL,1045712,READY,0.0002,0.0002,-0.4395,0.5177,0.00,0
TEL,1045812,READY,0.0002,0.0002,-0.4395,0.5177,0.00,0
TEL,1045912,READY,0.0002,0.0002,-0.4395,0.5177,0.00,0
TEL,1046012,READY,0.0002,0.0002,-0.4395,0.5177,0.00,0
TEL,1046112,READY,0.0002,0.0002,-0.4395,0.5177,0.00,0
TEL,1046212,READY,0.0002,0.0002,-0.4395,0.5177,0.00,0
TEL,1046312,READY,0.0002,0.0002,-0.4395,0.5177,0.00,0
TEL,1046412,READY,0.0002,0.0002,-0.4395,0.5177,0.00,0
TEL,1046512,READY,0.0002,0.0002,-0.4395,0.5177,0.00,0
TEL,1046612,READY,0.0002,0.0002,-0.4395,0.5177,0.00,0
TEL,1046712,READY,0.0002,0.0002,-0.4395,0.5177,0.00,0
TEL,1046812,READY,0.0002,0.0002,-0.4395,0.5177,0.00,0
TEL,1046912,READY,0.0002,0.0002,-0.4395,0.5177,0.00,0
TEL,1047012,READY,0.0002,0.0002,-0.4395,0.5177,0.00,0
TEL,1047112,READY,0.0002,0.0002,-0.4395,0.5177,0.00,0
TEL,1047212,READY,0.0002,0.0002,-0.4395,0.5177,0.00,0
OK,running
TEL,1047312,RUNNING,0.0002,0.0002,-0.4395,-0.0006,495.69,0
TEL,1047412,RUNNING,0.0002,0.0002,-0.0401,-0.0006,-141.00,0
TEL,1047512,RUNNING,0.0002,0.0002,0.8715,-0.0007,91.16,0
TEL,1047612,RUNNING,0.0002,0.0002,-0.1176,-0.0007,-1408.84,0
TEL,1047712,RUNNING,0.0002,0.0002,-9.2583,-0.0008,1091.16,0
TEL,1047812,RUNNING,0.0002,0.0002,0.0209,-0.0008,2591.16,0
TEL,1047912,RUNNING,0.0002,0.0002,20.3046,-0.0009,91.16,0
TEL,1048012,RUNNING,0.0002,0.0002,23.4060,-0.0009,-2408.84,0
TEL,1048112,RUNNING,0.0002,0.0002,0.8993,-0.0010,-3908.84,0
TEL,1048212,FAULT,0.0002,0.0002,-26.1882,-0.0010,0.00,4
TEL,1048312,FAULT,0.0002,0.0002,-30.5139,-0.0010,0.00,4
TEL,1048412,FAULT,0.0002,0.0002,-31.2594,-0.0010,0.00,4
TEL,1048512,FAULT,0.0002,0.0002,-31.3572,-0.0010,0.00,4
TEL,1048612,FAULT,0.0002,0.0002,-31.4185,-0.0010,0.00,4
TEL,1048712,FAULT,-0.4998,-0.2998,-31.4024,-0.0010,0.00,4
TEL,1048812,FAULT,-0.9998,-0.7198,-31.4126,-0.0010,0.00,4
TEL,1048912,FAULT,0.0002,-0.0374,-31.4104,-0.0010,0.00,4
TEL,1049012,FAULT,-0.4998,-0.6071,-31.4153,-0.0010,0.00,4
TEL,1049112,FAULT,0.0002,-0.2170,-31.4026,-0.0010,0.00,4
TEL,1049212,FAULT,0.0002,-0.0867,-31.4096,-0.0010,0.00,4
TEL,1049312,FAULT,-0.4998,-0.3054,-31.4138,-0.0010,0.00,4
TEL,1049412,FAULT,0.0002,-0.0487,-31.4095,-0.0010,0.00,4
TEL,1049512,FAULT,0.0002,-0.0076,-31.4555,-0.0010,0.00,4
TEL,1049612,FAULT,0.0002,-0.0003,-31.4031,-0.0010,0.00,4
TEL,1049712,FAULT,-0.4998,-0.3000,-31.4262,-0.0010,0.00,4
TEL,1049812,FAULT,-0.9998,-0.9550,-31.4006,-0.0010,0.00,4
TEL,1049912,FAULT,0.0002,-0.0633,-31.4348,-0.0010,0.00,4
TEL,1050012,FAULT,-0.9998,-0.6100,-31.4205,-0.0010,0.00,4
TEL,1050112,FAULT,0.0002,-0.3374,-31.4574,-0.0010,0.00,4
TEL,1050212,FAULT,-0.4998,-0.5412,-31.4180,-0.0010,0.00,4
TEL,1050312,FAULT,-0.9998,-0.9264,-31.4322,-0.0010,0.00,4
TEL,1050412,FAULT,0.0002,-0.2271,-31.4409,-0.0010,0.00,4
TEL,1050512,FAULT,0.0002,-0.0362,-31.4608,-0.0010,0.00,4
TEL,1050612,FAULT,0.0002,-0.0143,-31.4512,-0.0010,0.00,4
TEL,1050712,FAULT,0.0002,-0.0056,-31.4177,-0.0010,0.00,4
TEL,1050812,FAULT,0.0002,-0.0021,-31.4385,-0.0010,0.00,4
TEL,1050912,FAULT,0.0002,-0.0002,-31.4250,-0.0010,0.00,4
TEL,1051012,FAULT,0.0002,0.0002,-31.4581,-0.0010,0.00,4
TEL,1051112,FAULT,0.0002,0.0002,-31.4189,-0.0010,0.00,4
TEL,1051212,FAULT,0.0002,0.0002,-31.4123,-0.0010,0.00,4
TEL,1051312,FAULT,0.0002,0.0002,-31.4431,-0.0010,0.00,4
TEL,1051412,FAULT,0.0002,0.0002,-31.4549,-0.0010,0.00,4
TEL,1051512,FAULT,0.0002,0.0002,-31.4632,-0.0010,0.00,4
TEL,1051612,FAULT,0.0002,0.0002,-31.4646,-0.0010,0.00,4
TEL,1051712,FAULT,0.0002,0.0002,-31.4519,-0.0010,0.00,4
TEL,1051812,FAULT,0.0002,0.0002,-31.4627,-0.0010,0.00,4
TEL,1051912,FAULT,0.0002,0.0002,-31.4645,-0.0010,0.00,4
OK,stopped
TEL,1052012,FAULT,0.0002,0.0002,-31.4648,-0.0010,0.00,4
TEL,1052112,FAULT,0.0002,0.0002,-31.4558,-0.0010,0.00,4
TEL,1052212,FAULT,0.0002,0.0002,-31.4633,-0.0010,0.00,4
TEL,1052312,FAULT,0.0002,0.0002,-31.4646,-0.0010,0.00,4
TEL,1052412,FAULT,0.0002,0.0002,-31.4648,-0.0010,0.00,4
TEL,1052512,FAULT,0.0002,0.0002,-31.4648,-0.0010,0.00,4
TEL,1052612,FAULT,0.0002,0.0002,-31.4648,-0.0010,0.00,4
TEL,1052712,FAULT,0.0002,0.0002,-31.4648,-0.0010,0.00,4
TEL,1052812,FAULT,0.0002,0.0002,-31.4648,-0.0010,0.00,4
TEL,1052912,FAULT,0.0002,0.0002,-31.4648,-0.0010,0.00,4
TEL,1053012,FAULT,0.0002,0.0002,-31.4648,-0.0010,0.00,4
TEL,1053112,FAULT,0.0002,0.0002,-31.4648,-0.0010,0.00,4
TEL,1053212,FAULT,0.0002,0.0002,-31.4648,-0.0010,0.00,4
TEL,1053312,FAULT,0.0002,0.0002,-31.4648,-0.0010,0.00,4
TEL,1053412,FAULT,0.0002,0.0002,-31.4648,-0.0010,0.00,4
TEL,1053512,FAULT,0.0002,0.0002,-31.4648,-0.0010,0.00,4
TEL,1053612,FAULT,0.0002,0.0002,-31.4648,-0.0010,0.00,4
TEL,1053712,FAULT,0.0002,0.0002,-31.4648,-0.0010,0.00,4
TEL,1053812,FAULT,0.0002,0.0002,-31.4648,-0.0010,0.00,4
TEL,1053912,FAULT,0.0002,0.0002,-31.4648,-0.0010,0.00,4
TEL,1054012,FAULT,0.0002,0.0002,-31.4648,-0.0010,0.00,4
TEL,1054112,FAULT,0.0002,0.0002,-31.4648,-0.0010,0.00,4
TEL,1054212,FAULT,0.0002,0.0002,-31.4648,-0.0010,0.00,4
TEL,1054312,FAULT,0.0002,0.0002,-31.4648,-0.0010,0.00,4
TEL,1054412,FAULT,0.0002,0.0002,-31.4648,-0.0010,0.00,4
TEL,1054512,FAULT,0.0002,0.0002,-31.4648,-0.0010,0.00,4
TEL,1054612,FAULT,0.0002,0.0002,-31.4648,-0.0010,0.00,4
TEL,1054712,FAULT,0.0002,0.0002,-31.4648,-0.0010,0.00,4
TEL,1054812,FAULT,0.0002,0.0002,-31.4648,-0.0010,0.00,4
TEL,1054912,FAULT,0.0002,0.0002,-31.4648,-0.0010,0.00,4
TEL,1055012,FAULT,0.0002,0.0002,-31.4648,-0.0010,0.00,4
TEL,1055112,FAULT,0.0002,0.0002,-31.4648,-0.0010,0.00,4
TEL,1055212,FAULT,0.0002,0.0002,-31.4648,-0.0010,0.00,4
TEL,1055312,FAULT,0.0002,0.0002,-31.4648,-0.0010,0.00,4
TEL,1055412,FAULT,0.0002,0.0002,-31.4648,-0.0010,0.00,4
TEL,1055512,FAULT,0.0002,0.0002,-31.4648,-0.0010,0.00,4
TEL,1055612,FAULT,0.0002,0.0002,-31.4648,-0.0010,0.00,4
TEL,1055712,FAULT,0.0002,0.0002,-31.4648,-0.0010,0.00,4
TEL,1055812,FAULT,0.0002,0.0002,-31.4648,-0.0010,0.00,4
TEL,1055912,FAULT,0.0002,0.0002,-31.4648,-0.0010,0.00,4
TEL,1056012,FAULT,0.0002,0.0002,-31.4648,-0.0010,0.00,4
TEL,1056112,FAULT,0.0002,0.0002,-31.4648,-0.0010,0.00,4
TEL,1056212,FAULT,0.0002,0.0002,-31.4648,-0.0010,0.00,4
TEL,1056312,FAULT,0.0002,0.0002,-31.4648,-0.0010,0.00,4
TEL,1056412,FAULT,0.0002,0.0002,-31.4648,-0.0010,0.00,4
TEL,1056512,FAULT,0.0002,0.0002,-31.4648,-0.0010,0.00,4
TEL,1056612,FAULT,0.0002,0.0002,-31.4648,-0.0010,0.00,4
TEL,1056712,FAULT,0.0002,0.0002,-31.4648,-0.0010,0.00,4
TEL,1056812,FAULT,0.0002,0.0002,-31.4648,-0.0010,0.00,4
TEL,1056912,FAULT,0.0002,0.0002,-31.4648,-0.0010,0.00,4
TEL,1057012,FAULT,0.0002,0.0002,-31.4648,-0.0010,0.00,4
TEL,1057112,FAULT,0.0002,0.0002,-31.4648,-0.0010,0.00,4
TEL,1057212,FAULT,0.0002,0.0002,-31.4648,-0.0010,0.00,4
TEL,1057312,FAULT,0.0002,0.0002,-31.4648,-0.0010,0.00,4
TEL,1057412,FAULT,0.0002,0.0002,-31.4648,-0.0010,0.00,4
TEL,1057512,FAULT,0.0002,0.0002,-31.4648,-0.0010,0.00,4
TEL,1057612,FAULT,0.0002,0.0002,-31.4648,-0.0010,0.00,4
TEL,1057712,FAULT,0.0002,0.0002,-31.4648,-0.0010,0.00,4
TEL,1057812,FAULT,0.0002,0.0002,-31.4648,-0.0010,0.00,4
TEL,1057912,FAULT,0.0002,0.0002,-31.4648,-0.0010,0.00,4
TEL,1058012,FAULT,0.0002,0.0002,-31.4648,-0.0010,0.00,4
TEL,1058112,FAULT,0.0002,0.0002,-31.4648,-0.0010,0.00,4
TEL,1058212,FAULT,0.0002,0.0002,-31.4648,-0.0010,0.00,4
TEL,1058312,FAULT,0.0002,0.0002,-31.4648,-0.0010,0.00,4
TEL,1058412,FAULT,0.0002,0.0002,-31.4648,-0.0010,0.00,4
TEL,1058512,FAULT,0.0002,0.0002,-31.4648,-0.0010,0.00,4
TEL,1058612,FAULT,0.0002,0.0002,-31.4648,-0.0010,0.00,4
TEL,1058712,FAULT,0.0002,0.0002,-31.4648,-0.0010,0.00,4
TEL,1058812,FAULT,0.0002,0.0002,-31.4648,-0.0010,0.00,4
TEL,1058912,FAULT,0.0002,0.0002,-31.4648,-0.0010,0.00,4
TEL,1059012,FAULT,0.0002,0.0002,-31.4648,-0.0010,0.00,4
TEL,1059112,FAULT,0.0002,0.0002,-31.4648,-0.0010,0.00,4
TEL,1059212,FAULT,0.0002,0.0002,-31.4648,-0.0010,0.00,4
TEL,1059312,FAULT,0.0002,0.0002,-31.4648,-0.0010,0.00,4
TEL,1059412,FAULT,0.0002,0.0002,-31.4648,-0.0010,0.00,4
TEL,1059512,FAULT,0.0002,0.0002,-31.4648,-0.0010,0.00,4
TEL,1059612,FAULT,0.0002,0.0002,-31.4648,-0.0010,0.00,4
TEL,1059712,FAULT,0.0002,0.0002,-31.4648,-0.0010,0.00,4
TEL,1059812,FAULT,0.0002,0.0002,-31.4648,-0.0010,0.00,4
TEL,1059912,FAULT,0.0002,0.0002,-31.4648,-0.0010,0.00,4
TEL,1060012,FAULT,0.0002,0.0002,-31.4648,-0.0010,0.00,4
TEL,1060112,FAULT,0.0002,0.0002,-31.4648,-0.0010,0.00,4
TEL,1060212,FAULT,0.0002,0.0002,-31.4648,-0.0010,0.00,4
TEL,1060312,FAULT,0.0002,0.0002,-31.4648,-0.0010,0.00,4
TEL,1060412,FAULT,0.0002,0.0002,-31.4648,-0.0010,0.00,4
TEL,1060512,FAULT,0.0002,0.0002,-31.4648,-0.0010,0.00,4
TEL,1060612,FAULT,0.0002,0.0002,-31.4648,-0.0010,0.00,4
TEL,1060712,FAULT,0.0002,0.0002,-31.4648,-0.0010,0.00,4
TEL,1060812,FAULT,0.0002,0.0002,-31.4648,-0.0010,0.00,4
TEL,1060912,FAULT,0.0002,0.0002,-31.4648,-0.0010,0.00,4
TEL,1061012,FAULT,0.0002,0.0002,-31.4648,-0.0010,0.00,4
TEL,1061112,FAULT,-0.9998,-0.7198,-31.4648,-0.0010,0.00,4
TEL,1061212,FAULT,0.0002,-0.1150,-31.4648,-0.0010,0.00,4
TEL,1061312,FAULT,0.0002,-0.0459,-31.4648,-0.0010,0.00,4
TEL,1061412,FAULT,0.0002,-0.0072,-31.4648,-0.0010,0.00,4
TEL,1061512,FAULT,0.0002,-0.0072,-31.4648,-0.0010,0.00,4
TEL,1061612,FAULT,-0.4998,-0.3010,-31.4648,-0.0010,0.00,4
TEL,1061712,FAULT,0.0002,-0.0480,-31.4648,-0.0010,0.00,4
TEL,1061812,FAULT,0.0002,-0.0480,-31.4648,-0.0010,0.00,4
TEL,1061912,FAULT,0.0002,-0.0003,-31.4648,-0.0010,0.00,4
TEL,1062012,FAULT,0.0002,0.0001,-31.4648,-0.0010,0.00,4
TEL,1062112,FAULT,0.0002,0.0002,-31.4648,-0.0010,0.00,4
TEL,1062212,FAULT,0.0002,0.0002,-31.4648,-0.0010,0.00,4
TEL,1062312,FAULT,0.0002,0.0002,-31.4648,-0.0010,0.00,4
TEL,1062412,FAULT,0.0002,0.0002,-31.4648,-0.0010,0.00,4
TEL,1062512,FAULT,0.0002,0.0002,-31.4648,-0.0010,0.00,4
TEL,1062612,FAULT,0.0002,0.0002,-31.4648,-0.0010,0.00,4
TEL,1062712,FAULT,0.0002,0.0002,-31.4648,-0.0010,0.00,4
TEL,1062812,FAULT,0.0002,0.0002,-31.4648,-0.0010,0.00,4
TEL,1062912,FAULT,0.0002,0.0002,-31.4648,-0.0010,0.00,4
TEL,1063012,FAULT,0.0002,-0.0478,-31.4648,-0.0010,0.00,4
OK,telemetry=0
OK,stopped
