BALL_BEAM_BOOT
HELP,keys
STATE,SAFE_DISABLED
SENSORS,angle=bad,pos=bad,m=n
MEAS,theta_deg=0.0000,x_cm=0.0000,x_filt_cm=0.0000
AGE,angle_ms=0,pos_ms=0,miss=0
FAULTS,bits=0
CAL,zero_calibrated=no,limits_calibrated=no,sign_calibrated=no
SONAR_CFG,s=-1,u=1
ACT_CFG,t=0.0000,v=0,e=0.000
TEL,enabled=1
FAULT_INFO,bits=0
FAULT_INFO,none
TEL,350,SAFE_DISABLED,0.0000,0.0000,0.0000,0.0000,0.00,0,0.0000,0,0,0,0.0000,0.0000,0,-31.1133,0.0000,idle,0.0000,0.0000,0.0000,0.0000,0.0000,0.0000
TEL,450,SAFE_DISABLED,-5.3134,-5.3134,0.0000,0.0000,0.00,0,0.0000,33,1,0,0.0000,0.0000,0,-31.1133,0.0000,idle,-5.3134,-5.3134,-5.3134,-5.3134,-5.3134,0.4000
TEL,550,SAFE_DISABLED,-5.3134,-5.3134,0.0000,0.0000,0.00,0,0.0000,13,1,0,0.0000,0.0000,0,-31.1133,0.0000,idle,-5.3134,-5.3134,-5.3134,-5.3134,-5.3134,0.4000
TEL,650,SAFE_DISABLED,-5.3134,-5.3134,0.0000,0.0000,0.00,0,0.0000,32,1,0,0.0000,0.0000,0,-31.1133,0.0000,idle,-5.3134,-5.3134,-5.3134,-5.3134,-5.3134,0.4000
TEL,750,SAFE_DISABLED,-5.3134,-5.3134,0.0000,0.0000,0.00,0,0.0000,12,1,0,0.0000,0.0000,0,-31.1133,0.0000,idle,-5.3134,-5.3134,-5.3134,-5.3134,-5.3134,0.4000
TEL,850,SAFE_DISABLED,-5.3134,-5.3134,0.0000,0.0000,0.00,0,0.0000,31,1,0,0.0000,0.0000,0,-31.1133,0.0000,idle,-5.3134,-5.3134,-5.3134,-5.3134,-5.3134,0.4000
TEL,950,SAFE_DISABLED,-5.3134,-5.3134,0.0000,0.0000,0.00,0,0.0000,12,1,0,0.0000,0.0000,0,-31.1133,0.0000,idle,-5.3134,-5.3134,-5.3134,-5.3134,-5.3134,0.4000
TEL,1050,SAFE_DISABLED,-5.3134,-5.3134,0.0000,0.0000,0.00,0,0.0000,33,1,0,0.0000,0.0000,0,-31.1133,0.0000,idle,-5.3134,-5.3134,-5.3134,-5.3134,-5.3134,0.4000
TEL,1150,SAFE_DISABLED,-5.3134,-5.3134,0.0000,0.0000,0.00,0,0.0000,12,1,0,0.0000,0.0000,0,-31.1133,0.0000,idle,-5.3134,-5.3134,-5.3134,-5.3134,-5.3134,0.4000
TEL,1250,SAFE_DISABLED,-5.3134,-5.3134,0.0000,0.0000,0.00,0,0.0000,32,1,0,0.0000,0.0000,0,-31.1133,0.0000,idle,-5.3134,-5.3134,-5.3134,-5.3134,-5.3134,0.4000
TEL,1350,SAFE_DISABLED,-5.3134,-5.3134,0.0000,0.0000,0.00,0,0.0000,35,1,0,0.0000,0.0000,0,-31.1133,0.0000,idle,-5.3134,-5.3134,-5.3134,-5.3134,-5.3134,0.4000
TEL,1451,SAFE_DISABLED,-5.3134,-5.3134,0.0000,0.0000,0.00,0,0.0000,15,1,0,0.0000,0.0000,0,-31.1133,0.0000,idle,-5.3134,-5.3134,-5.3134,-5.3134,-5.3134,0.4000
TEL,1551,SAFE_DISABLED,-5.3134,-5.3134,0.0000,0.0000,0.00,0,0.0000,35,1,0,0.0000,0.0000,0,-31.1133,0.0000,idle,-5.3134,-5.3134,-5.3134,-5.3134,-5.3134,0.4000
TEL,1651,SAFE_DISABLED,-5.3134,-5.3134,0.0000,0.0000,0.00,0,0.0000,15,1,0,0.0000,0.0000,0,-31.1133,0.0000,idle,-5.3134,-5.3134,-5.3134,-5.3134,-5.3134,0.4000
TEL,1751,SAFE_DISABLED,-5.3134,-5.3134,0.0000,0.0000,0.00,0,0.0000,34,1,0,0.0000,0.0000,0,-31.1133,0.0000,idle,-5.3134,-5.3134,-5.3134,-5.3134,-5.3134,0.4000
TEL,1851,SAFE_DISABLED,-5.3134,-5.3134,0.0000,0.0000,0.00,0,0.0000,15,1,0,0.0000,0.0000,0,-31.1133,0.0000,idle,-5.3134,-5.3134,-5.3134,-5.3134,-5.3134,0.4000
TEL,1951,SAFE_DISABLED,-5.3134,-5.3134,0.0000,0.0000,0.00,0,0.0000,35,1,0,0.0000,0.0000,0,-31.1133,0.0000,idle,-5.3134,-5.3134,-5.3134,-5.3134,-5.3134,0.4000
TEL,2051,SAFE_DISABLED,-5.3134,-5.3134,0.0000,0.0000,0.00,0,0.0000,13,1,0,0.0000,0.0000,0,-31.1133,0.0000,idle,-5.3134,-5.3134,-5.3134,-5.3134,-5.3134,0.4000
TEL,2151,SAFE_DISABLED,-5.3134,-5.3134,0.0000,0.0000,0.00,0,0.0000,32,1,0,0.0000,0.0000,0,-31.1133,0.0000,idle,-5.3134,-5.3134,-5.3134,-5.3134,-5.3134,0.4000
TEL,2251,SAFE_DISABLED,-5.3134,-5.3134,0.0000,0.0000,0.00,0,0.0000,12,1,0,0.0000,0.0000,0,-31.1133,0.0000,idle,-5.3134,-5.3134,-5.3134,-5.3134,-5.3134,0.4000
TEL,2351,SAFE_DISABLED,-5.3134,-5.3134,0.0000,0.0000,0.00,0,0.0000,32,1,0,0.0000,0.0000,0,-31.1133,0.0000,idle,-5.3134,-5.3134,-5.3134,-5.3134,-5.3134,0.4000
TEL,2451,SAFE_DISABLED,-5.3134,-5.3134,0.0000,0.0000,0.00,0,0.0000,11,1,0,0.0000,0.0000,0,-31.1133,0.0000,idle,-5.3134,-5.3134,-5.3134,-5.3134,-5.3134,0.4000
TEL,2551,SAFE_DISABLED,-5.3134,-5.3134,0.0000,0.0000,0.00,0,0.0000,32,1,0,0.0000,0.0000,0,-31.1133,0.0000,idle,-5.3134,-5.3134,-5.3134,-5.3134,-5.3134,0.4000
TEL,2651,SAFE_DISABLED,-5.3134,-5.3134,0.0000,0.0000,0.00,0,0.0000,12,1,0,0.0000,0.0000,0,-31.1133,0.0000,idle,-5.3134,-5.3134,-5.3134,-5.3134,-5.3134,0.4000
TEL,2751,SAFE_DISABLED,-5.3134,-5.3134,0.0000,0.0000,0.00,0,0.0000,32,1,0,0.0000,0.0000,0,-31.1133,0.0000,idle,-5.3134,-5.3134,-5.3134,-5.3134,-5.3134,0.4000
TEL,2851,SAFE_DISABLED,-5.3134,-5.3134,0.0000,0.0000,0.00,0,0.0000,12,1,0,0.0000,0.0000,0,-31.1133,0.0000,idle,-5.3134,-5.3134,-5.3134,-5.3134,-5.3134,0.4000
TEL,2951,SAFE_DISABLED,-5.3134,-5.3134,0.0000,0.0000,0.00,0,0.0000,32,1,0,0.0000,0.0000,0,-31.1133,0.0000,idle,-5.3134,-5.3134,-5.3134,-5.3134,-5.3134,0.4000
TEL,3051,SAFE_DISABLED,-5.3134,-5.3134,0.0000,0.0000,0.00,0,0.0000,35,1,0,0.0000,0.0000,0,-31.1133,0.0000,idle,-5.3134,-5.3134,-5.3134,-5.3134,-5.3134,0.4000
TEL,3151,SAFE_DISABLED,-5.3134,-5.3134,0.0000,0.0000,0.00,0,0.0000,15,1,0,0.0000,0.0000,0,-31.1133,0.0000,idle,-5.3134,-5.3134,-5.3134,-5.3134,-5.3134,0.4000
TEL,3251,SAFE_DISABLED,-5.3134,-5.3134,0.0000,0.0000,0.00,0,0.0000,33,1,0,0.0000,0.0000,0,-31.1133,0.0000,idle,-5.3134,-5.3134,-5.3134,-5.3134,-5.3134,0.4000
TEL,3351,SAFE_DISABLED,-5.3134,-5.3134,0.0000,0.0000,0.00,0,0.0000,12,1,0,0.0000,0.0000,0,-31.1133,0.0000,idle,-5.3134,-5.3134,-5.3134,-5.3134,-5.3134,0.4000
TEL,3451,SAFE_DISABLED,-5.3134,-5.3134,0.0000,0.0000,0.00,0,0.0000,32,1,0,0.0000,0.0000,0,-31.1133,0.0000,idle,-5.3134,-5.3134,-5.3134,-5.3134,-5.3134,0.4000
TEL,3551,SAFE_DISABLED,-5.3134,-5.3134,0.0000,0.0000,0.00,0,0.0000,12,1,0,0.0000,0.0000,0,-31.1133,0.0000,idle,-5.3134,-5.3134,-5.3134,-5.3134,-5.3134,0.4000
TEL,3651,SAFE_DISABLED,-5.3134,-5.3134,0.0000,0.0000,0.00,0,0.0000,32,1,0,0.0000,0.0000,0,-31.1133,0.0000,idle,-5.3134,-5.3134,-5.3134,-5.3134,-5.3134,0.4000
TEL,3751,SAFE_DISABLED,-5.3134,-5.3134,0.0000,0.0000,0.00,0,0.0000,12,1,0,0.0000,0.0000,0,-31.1133,0.0000,idle,-5.3134,-5.3134,-5.3134,-5.3134,-5.3134,0.4000
TEL,3851,SAFE_DISABLED,-5.3134,-5.3134,0.0000,0.0000,0.00,0,0.0000,32,1,0,0.0000,0.0000,0,-31.1133,0.0000,idle,-5.3134,-5.3134,-5.3134,-5.3134,-5.3134,0.4000
TEL,3951,SAFE_DISABLED,-5.3134,-5.3134,0.0000,0.0000,0.00,0,0.0000,11,1,0,0.0000,0.0000,0,-31.1133,0.0000,idle,-5.3134,-5.3134,-5.3134,-5.3134,-5.3134,0.4000
TEL,4051,SAFE_DISABLED,-5.3134,-5.3134,0.0000,0.0000,0.00,0,0.0000,31,1,0,0.0000,0.0000,0,-31.1133,0.0000,idle,-5.3134,-5.3134,-5.3134,-5.3134,-5.3134,0.4000
TEL,4151,SAFE_DISABLED,-5.3134,-5.3134,0.0000,0.0000,0.00,0,0.0000,12,1,0,0.0000,0.0000,0,-31.1133,0.0000,idle,-5.3134,-5.3134,-5.3134,-5.3134,-5.3134,0.4000
TEL,4251,SAFE_DISABLED,-5.3134,-5.3134,0.0000,0.0000,0.00,0,0.0000,32,1,0,0.0000,0.0000,0,-31.1133,0.0000,idle,-5.3134,-5.3134,-5.3134,-5.3134,-5.3134,0.4000
TEL,4352,SAFE_DISABLED,-5.3134,-5.3134,0.0000,0.0000,0.00,0,0.0000,12,1,0,0.0000,0.0000,0,-31.1133,0.0000,idle,-5.3134,-5.3134,-5.3134,-5.3134,-5.3134,0.4000
TEL,4452,SAFE_DISABLED,-5.3134,-5.3134,0.0000,0.0000,0.00,0,0.0000,32,1,0,0.0000,0.0000,0,-31.1133,0.0000,idle,-5.3134,-5.3134,-5.3134,-5.3134,-5.3134,0.4000
TEL,4552,SAFE_DISABLED,-5.3134,-5.3134,0.0000,0.0000,0.00,0,0.0000,11,1,0,0.0000,0.0000,0,-31.1133,0.0000,idle,-5.3134,-5.3134,-5.3134,-5.3134,-5.3134,0.4000
TEL,4652,SAFE_DISABLED,-5.3134,-5.3134,0.0000,0.0000,0.00,0,0.0000,31,1,0,0.0000,0.0000,0,-31.1133,0.0000,idle,-5.3134,-5.3134,-5.3134,-5.3134,-5.3134,0.4000
TEL,4752,SAFE_DISABLED,-5.3134,-5.3134,0.0000,0.0000,0.00,0,0.0000,12,1,0,0.0000,0.0000,0,-31.1133,0.0000,idle,-5.3134,-5.3134,-5.3134,-5.3134,-5.3134,0.4000
TEL,4852,SAFE_DISABLED,-5.3134,-5.3134,0.0000,0.0000,0.00,0,0.0000,32,1,0,0.0000,0.0000,0,-31.1133,0.0000,idle,-5.3134,-5.3134,-5.3134,-5.3134,-5.3134,0.4000
TEL,4952,SAFE_DISABLED,-5.3134,-5.3134,0.0000,0.0000,0.00,0,0.0000,13,1,0,0.0000,0.0000,0,-31.1133,0.0000,idle,-5.3134,-5.3134,-5.3134,-5.3134,-5.3134,0.4000
TEL,5052,SAFE_DISABLED,-5.3134,-5.3134,0.0000,0.0000,0.00,0,0.0000,32,1,0,0.0000,0.0000,0,-31.1133,0.0000,idle,-5.3134,-5.3134,-5.3134,-5.3134,-5.3134,0.4000
TEL,5152,SAFE_DISABLED,-5.3134,-5.3134,0.0000,0.0000,0.00,0,0.0000,12,1,0,0.0000,0.0000,0,-31.1133,0.0000,idle,-5.3134,-5.3134,-5.3134,-5.3134,-5.3134,0.4000
TEL,5252,SAFE_DISABLED,-5.3134,-5.3134,0.0000,0.0000,0.00,0,0.0000,33,1,0,0.0000,0.0000,0,-31.1133,0.0000,idle,-5.3134,-5.3134,-5.3134,-5.3134,-5.3134,0.4000
TEL,5352,SAFE_DISABLED,-5.3134,-5.3134,0.0000,0.0000,0.00,0,0.0000,11,1,0,0.0000,0.0000,0,-31.1133,0.0000,idle,-5.3134,-5.3134,-5.3134,-5.3134,-5.3134,0.4000
TEL,5452,SAFE_DISABLED,-5.3134,-5.3134,0.0000,0.0000,0.00,0,0.0000,32,1,0,0.0000,0.0000,0,-31.1133,0.0000,idle,-5.3134,-5.3134,-5.3134,-5.3134,-5.3134,0.4000
TEL,5552,SAFE_DISABLED,-5.3134,-5.3134,0.0000,0.0000,0.00,0,0.0000,36,1,0,0.0000,0.0000,0,-31.1133,0.0000,idle,-5.3134,-5.3134,-5.3134,-5.3134,-5.3134,0.4000
TEL,5652,SAFE_DISABLED,-5.3134,-5.3134,0.0000,0.0000,0.00,0,0.0000,21,1,0,0.0000,0.0000,0,-31.1133,0.0000,idle,-5.3134,-5.3134,-5.3134,-5.3134,-5.3134,0.4000
TEL,5752,SAFE_DISABLED,-5.3134,-5.3134,0.0000,0.0000,0.00,0,0.0000,35,1,0,0.0000,0.0000,0,-31.1133,0.0000,idle,-5.3134,-5.3134,-5.3134,-5.3134,-5.3134,0.4000
TEL,5852,SAFE_DISABLED,-5.3134,-5.3134,0.0000,0.0000,0.00,0,0.0000,15,1,0,0.0000,0.0000,0,-31.1133,0.0000,idle,-5.3134,-5.3134,-5.3134,-5.3134,-5.3134,0.4000
TEL,5954,SAFE_DISABLED,-5.3134,-5.3134,0.0000,0.0000,0.00,0,0.0000,1,1,0,0.0000,0.0000,0,-31.1133,0.0000,idle,-5.3134,-5.3134,-5.3134,-5.3134,-5.3134,0.4000
TEL,6054,SAFE_DISABLED,-5.3134,-5.3134,0.0000,0.0000,0.00,0,0.0000,21,1,0,0.0000,0.0000,0,-31.1133,0.0000,idle,-5.3134,-5.3134,-5.3134,-5.3134,-5.3134,0.4000
TEL,6154,SAFE_DISABLED,-5.3134,-5.3134,0.0000,0.0000,0.00,0,0.0000,35,1,0,0.0000,0.0000,0,-31.1133,0.0000,idle,-5.3134,-5.3134,-5.3134,-5.3134,-5.3134,0.4000
TEL,6254,SAFE_DISABLED,-5.3134,-5.3134,0.0000,0.0000,0.00,0,0.0000,14,1,0,0.0000,0.0000,0,-31.1133,0.0000,idle,-5.3134,-5.3134,-5.3134,-5.3134,-5.3134,0.4000
TEL,6354,SAFE_DISABLED,-5.3134,-5.3134,0.0000,0.0000,0.00,0,0.0000,35,1,0,0.0000,0.0000,0,-31.1133,0.0000,idle,-5.3134,-5.3134,-5.3134,-5.3134,-5.3134,0.4000
TEL,6454,SAFE_DISABLED,-5.3134,-5.3134,0.0000,0.0000,0.00,0,0.0000,15,1,0,0.0000,0.0000,0,-31.1133,0.0000,idle,-5.3134,-5.3134,-5.3134,-5.3134,-5.3134,0.4000
TEL,6554,SAFE_DISABLED,-5.3134,-5.3134,0.0000,0.0000,0.00,0,0.0000,35,1,0,0.0000,0.0000,0,-31.1133,0.0000,idle,-5.3134,-5.3134,-5.3134,-5.3134,-5.3134,0.4000
TEL,6654,SAFE_DISABLED,-5.3134,-5.3134,0.0000,0.0000,0.00,0,0.0000,15,1,0,0.0000,0.0000,0,-31.1133,0.0000,idle,-5.3134,-5.3134,-5.3134,-5.3134,-5.3134,0.4000
TEL,6754,SAFE_DISABLED,-5.3134,-5.3134,0.0000,0.0000,0.00,0,0.0000,35,1,0,0.0000,0.0000,0,-31.1133,0.0000,idle,-5.3134,-5.3134,-5.3134,-5.3134,-5.3134,0.4000
TEL,6854,SAFE_DISABLED,-5.3134,-5.3134,0.0000,0.0000,0.00,0,0.0000,15,1,0,0.0000,0.0000,0,-31.1133,0.0000,idle,-5.3134,-5.3134,-5.3134,-5.3134,-5.3134,0.4000
TEL,6955,SAFE_DISABLED,-5.3134,-5.3134,0.0000,0.0000,0.00,0,0.0000,34,1,0,0.0000,0.0000,0,-31.1133,0.0000,idle,-5.3134,-5.3134,-5.3134,-5.3134,-5.3134,0.4000
TEL,7055,SAFE_DISABLED,-5.3134,-5.3134,0.0000,0.0000,0.00,0,0.0000,15,1,0,0.0000,0.0000,0,-31.1133,0.0000,idle,-5.3134,-5.3134,-5.3134,-5.3134,-5.3134,0.4000
TEL,7155,SAFE_DISABLED,-5.3134,-5.3134,0.0000,0.0000,0.00,0,0.0000,35,1,0,0.0000,0.0000,0,-31.1133,0.0000,idle,-5.3134,-5.3134,-5.3134,-5.3134,-5.3134,0.4000
TEL,7255,SAFE_DISABLED,-5.3134,-5.3134,0.0000,0.0000,0.00,0,0.0000,15,1,0,0.0000,0.0000,0,-31.1133,0.0000,idle,-5.3134,-5.3134,-5.3134,-5.3134,-5.3134,0.4000
STATE,SAFE_DISABLED
SENSORS,angle=ok,pos=ok,m=f
MEAS,theta_deg=0.0000,x_cm=-5.3134,x_filt_cm=-5.3134
AGE,angle_ms=11,pos_ms=35,miss=0
FAULTS,bits=0
CAL,zero_calibrated=no,limits_calibrated=no,sign_calibrated=no
SONAR_CFG,s=-1,u=1
ACT_CFG,t=0.0000,v=0,e=0.000
TEL,enabled=1
FAULT_INFO,bits=0
FAULT_INFO,none
TEL,7355,SAFE_DISABLED,-5.3134,-5.3134,0.0000,0.0000,0.00,0,0.0000,32,1,0,0.0000,0.0000,0,-31.1133,0.0000,idle,-5.3134,-5.3134,-5.3134,-5.3134,-5.3134,0.4000
TEL,7455,SAFE_DISABLED,-5.3134,-5.3134,0.0000,0.0000,0.00,0,0.0000,13,1,0,0.0000,0.0000,0,-31.1133,0.0000,idle,-5.3134,-5.3134,-5.3134,-5.3134,-5.3134,0.4000
TEL,7555,SAFE_DISABLED,-5.3134,-5.3134,0.0000,0.0000,0.00,0,0.0000,32,1,0,0.0000,0.0000,0,-31.1133,0.0000,idle,-5.3134,-5.3134,-5.3134,-5.3134,-5.3134,0.4000
TEL,7655,SAFE_DISABLED,-5.3134,-5.3134,0.0000,0.0000,0.00,0,0.0000,12,1,0,0.0000,0.0000,0,-31.1133,0.0000,idle,-5.3134,-5.3134,-5.3134,-5.3134,-5.3134,0.4000
TEL,7755,SAFE_DISABLED,-5.3134,-5.3134,0.0000,0.0000,0.00,0,0.0000,32,1,0,0.0000,0.0000,0,-31.1133,0.0000,idle,-5.3134,-5.3134,-5.3134,-5.3134,-5.3134,0.4000
TEL,7855,SAFE_DISABLED,-5.3134,-5.3134,0.0000,0.0000,0.00,0,0.0000,12,1,0,0.0000,0.0000,0,-31.1133,0.0000,idle,-5.3134,-5.3134,-5.3134,-5.3134,-5.3134,0.4000
TEL,7955,SAFE_DISABLED,-5.3134,-5.3134,0.0000,0.0000,0.00,0,0.0000,32,1,0,0.0000,0.0000,0,-31.1133,0.0000,idle,-5.3134,-5.3134,-5.3134,-5.3134,-5.3134,0.4000
TEL,8055,SAFE_DISABLED,-5.3134,-5.3134,0.0000,0.0000,0.00,0,0.0000,12,1,0,0.0000,0.0000,0,-31.1133,0.0000,idle,-5.3134,-5.3134,-5.3134,-5.3134,-5.3134,0.4000
TEL,8155,SAFE_DISABLED,-5.3134,-5.3134,0.0000,0.0000,0.00,0,0.0000,31,1,0,0.0000,0.0000,0,-31.1133,0.0000,idle,-5.3134,-5.3134,-5.3134,-5.3134,-5.3134,0.4000
TEL,8255,SAFE_DISABLED,-5.3134,-5.3134,0.0000,0.0000,0.00,0,0.0000,35,1,0,0.0000,0.0000,0,-31.1133,0.0000,idle,-5.3134,-5.3134,-5.3134,-5.3134,-5.3134,0.4000
TEL,8355,SAFE_DISABLED,-5.3134,-5.3134,0.0000,0.0000,0.00,0,0.0000,15,1,0,0.0000,0.0000,0,-31.1133,0.0000,idle,-5.3134,-5.3134,-5.3134,-5.3134,-5.3134,0.4000
TEL,8455,SAFE_DISABLED,-5.3134,-5.3134,0.0000,0.0000,0.00,0,0.0000,33,1,0,0.0000,0.0000,0,-31.1133,0.0000,idle,-5.3134,-5.3134,-5.3134,-5.3134,-5.3134,0.4000
TEL,8555,SAFE_DISABLED,-5.3134,-5.3134,0.0000,0.0000,0.00,0,0.0000,12,1,0,0.0000,0.0000,0,-31.1133,0.0000,idle,-5.3134,-5.3134,-5.3134,-5.3134,-5.3134,0.4000
TEL,8655,SAFE_DISABLED,-5.3134,-5.3134,0.0000,0.0000,0.00,0,0.0000,32,1,0,0.0000,0.0000,0,-31.1133,0.0000,idle,-5.3134,-5.3134,-5.3134,-5.3134,-5.3134,0.4000
TEL,8755,SAFE_DISABLED,-5.3134,-5.3134,0.0000,0.0000,0.00,0,0.0000,12,1,0,0.0000,0.0000,0,-31.1133,0.0000,idle,-5.3134,-5.3134,-5.3134,-5.3134,-5.3134,0.4000
TEL,8855,SAFE_DISABLED,-5.3134,-5.3134,0.0000,0.0000,0.00,0,0.0000,32,1,0,0.0000,0.0000,0,-31.1133,0.0000,idle,-5.3134,-5.3134,-5.3134,-5.3134,-5.3134,0.4000
TEL,8955,SAFE_DISABLED,-5.3134,-5.3134,0.0000,0.0000,0.00,0,0.0000,12,1,0,0.0000,0.0000,0,-31.1133,0.0000,idle,-5.3134,-5.3134,-5.3134,-5.3134,-5.3134,0.4000
TEL,9055,SAFE_DISABLED,-5.3134,-5.3134,0.0000,0.0000,0.00,0,0.0000,32,1,0,0.0000,0.0000,0,-31.1133,0.0000,idle,-5.3134,-5.3134,-5.3134,-5.3134,-5.3134,0.4000
TEL,9155,SAFE_DISABLED,-5.3134,-5.3134,0.0000,0.0000,0.00,0,0.0000,11,1,0,0.0000,0.0000,0,-31.1133,0.0000,idle,-5.3134,-5.3134,-5.3134,-5.3134,-5.3134,0.4000
TEL,9255,SAFE_DISABLED,-5.3134,-5.3134,0.0000,0.0000,0.00,0,0.0000,31,1,0,0.0000,0.0000,0,-31.1133,0.0000,idle,-5.3134,-5.3134,-5.3134,-5.3134,-5.3134,0.4000
TEL,9355,SAFE_DISABLED,-5.3134,-5.3134,0.0000,0.0000,0.00,0,0.0000,12,1,0,0.0000,0.0000,0,-31.1133,0.0000,idle,-5.3134,-5.3134,-5.3134,-5.3134,-5.3134,0.4000
TEL,9455,SAFE_DISABLED,-5.3134,-5.3134,0.0000,0.0000,0.00,0,0.0000,32,1,0,0.0000,0.0000,0,-31.1133,0.0000,idle,-5.3134,-5.3134,-5.3134,-5.3134,-5.3134,0.4000
TEL,9555,SAFE_DISABLED,-5.3134,-5.3134,0.0000,0.0000,0.00,0,0.0000,12,1,0,0.0000,0.0000,0,-31.1133,0.0000,idle,-5.3134,-5.3134,-5.3134,-5.3134,-5.3134,0.4000
TEL,9655,SAFE_DISABLED,-5.3134,-5.3134,0.0000,0.0000,0.00,0,0.0000,32,1,0,0.0000,0.0000,0,-31.1133,0.0000,idle,-5.3134,-5.3134,-5.3134,-5.3134,-5.3134,0.4000
TEL,9755,SAFE_DISABLED,-5.3134,-5.3134,0.0000,0.0000,0.00,0,0.0000,35,1,0,0.0000,0.0000,0,-31.1133,0.0000,idle,-5.3134,-5.3134,-5.3134,-5.3134,-5.3134,0.4000
TEL,9856,SAFE_DISABLED,-5.3134,-5.3134,0.0000,0.0000,0.00,0,0.0000,15,1,0,0.0000,0.0000,0,-31.1133,0.0000,idle,-5.3134,-5.3134,-5.3134,-5.3134,-5.3134,0.4000
TEL,9956,SAFE_DISABLED,-5.3134,-5.3134,0.0000,0.0000,0.00,0,0.0000,33,1,0,0.0000,0.0000,0,-31.1133,0.0000,idle,-5.3134,-5.3134,-5.3134,-5.3134,-5.3134,0.4000
TEL,10056,SAFE_DISABLED,-5.3134,-5.3134,0.0000,0.0000,0.00,0,0.0000,13,1,0,0.0000,0.0000,0,-31.1133,0.0000,idle,-5.3134,-5.3134,-5.3134,-5.3134,-5.3134,0.4000
TEL,10156,SAFE_DISABLED,-5.3134,-5.3134,0.0000,0.0000,0.00,0,0.0000,32,1,0,0.0000,0.0000,0,-31.1133,0.0000,idle,-5.3134,-5.3134,-5.3134,-5.3134,-5.3134,0.4000
TEL,10256,SAFE_DISABLED,-5.3134,-5.3134,0.0000,0.0000,0.00,0,0.0000,35,1,0,0.0000,0.0000,0,-31.1133,0.0000,idle,-5.3134,-5.3134,-5.3134,-5.3134,-5.3134,0.4000
TEL,10356,SAFE_DISABLED,-5.3134,-5.3134,0.0000,0.0000,0.00,0,0.0000,15,1,0,0.0000,0.0000,0,-31.1133,0.0000,idle,-5.3134,-5.3134,-5.3134,-5.3134,-5.3134,0.4000
TEL,10458,SAFE_DISABLED,-5.3134,-5.3134,0.0000,0.0000,0.00,0,0.0000,1,1,0,0.0000,0.0000,0,-31.1133,0.0000,idle,-5.3134,-5.3134,-5.3134,-5.3134,-5.3134,0.4000
TEL,10558,SAFE_DISABLED,-5.3134,-5.3134,0.0000,0.0000,0.00,0,0.0000,21,1,0,0.0000,0.0000,0,-31.1133,0.0000,idle,-5.3134,-5.3134,-5.3134,-5.3134,-5.3134,0.4000
TEL,10658,SAFE_DISABLED,-5.3134,-5.3134,0.0000,0.0000,0.00,0,0.0000,35,1,0,0.0000,0.0000,0,-31.1133,0.0000,idle,-5.3134,-5.3134,-5.3134,-5.3134,-5.3134,0.4000
TEL,10758,SAFE_DISABLED,-5.3134,-5.3134,0.0000,0.0000,0.00,0,0.0000,16,1,0,0.0000,0.0000,0,-31.1133,0.0000,idle,-5.3134,-5.3134,-5.3134,-5.3134,-5.3134,0.4000
TEL,10858,SAFE_DISABLED,-5.3820,-5.3340,0.0000,0.0000,0.00,0,0.0000,35,1,0,0.0000,0.0000,0,-31.1133,0.0000,idle,-5.3820,-5.3340,-5.3820,-5.3340,-5.3340,0.4000
TEL,10958,SAFE_DISABLED,-5.3134,-5.3205,0.0000,0.0000,0.00,0,0.0000,15,1,0,0.0000,0.0000,0,-31.1133,0.0000,idle,-5.3134,-5.3205,-5.3134,-5.3205,-5.3205,0.4000
TEL,11058,SAFE_DISABLED,-5.3134,-5.3169,0.0000,0.0000,0.00,0,0.0000,35,1,0,0.0000,0.0000,0,-31.1133,0.0000,idle,-5.3134,-5.3169,-5.3134,-5.3169,-5.3169,0.4000
TEL,11158,SAFE_DISABLED,-5.3134,-5.3146,0.0000,0.0000,0.00,0,0.0000,14,1,0,0.0000,0.0000,0,-31.1133,0.0000,idle,-5.3134,-5.3146,-5.3134,-5.3146,-5.3146,0.4000
TEL,11258,SAFE_DISABLED,-5.3134,-5.3140,0.0000,0.0000,0.00,0,0.0000,35,1,0,0.0000,0.0000,0,-31.1133,0.0000,idle,-5.3134,-5.3140,-5.3134,-5.3140,-5.3140,0.4000
TEL,11358,SAFE_DISABLED,-5.3134,-5.3136,0.0000,0.0000,0.00,0,0.0000,15,1,0,0.0000,0.0000,0,-31.1133,0.0000,idle,-5.3134,-5.3136,-5.3134,-5.3136,-5.3136,0.4000
TEL,11458,SAFE_DISABLED,-5.3134,-5.3135,0.0000,0.0000,0.00,0,0.0000,35,1,0,0.0000,0.0000,0,-31.1133,0.0000,idle,-5.3134,-5.3135,-5.3134,-5.3135,-5.3135,0.4000
TEL,11558,SAFE_DISABLED,-5.3134,-5.3134,0.0000,0.0000,0.00,0,0.0000,15,1,0,0.0000,0.0000,0,-31.1133,0.0000,idle,-5.3134,-5.3134,-5.3134,-5.3134,-5.3134,0.4000
TEL,11658,SAFE_DISABLED,-5.3134,-5.3134,0.0000,0.0000,0.00,0,0.0000,35,1,0,0.0000,0.0000,0,-31.1133,0.0000,idle,-5.3134,-5.3134,-5.3134,-5.3134,-5.3134,0.4000
SET,11718,0.0000,nan,nan
TEL,11758,SAFE_DISABLED,-5.3134,-5.3134,0.0000,0.0000,0.00,0,0.0000,14,1,0,0.0000,0.0000,0,-31.1133,0.0000,idle,-5.3134,-5.3134,-5.3134,-5.3134,-5.3134,0.4000
TEL,11858,SAFE_DISABLED,-5.3134,-5.3134,0.0000,0.0000,0.00,0,0.0000,35,1,0,0.0000,0.0000,0,-31.1133,0.0000,idle,-5.3134,-5.3134,-5.3134,-5.3134,-5.3134,0.4000
TEL,11958,SAFE_DISABLED,-5.3134,-5.3134,0.0000,0.0000,0.00,0,0.0000,15,1,0,0.0000,0.0000,0,-31.1133,0.0000,idle,-5.3134,-5.3134,-5.3134,-5.3134,-5.3134,0.4000
TEL,12058,SAFE_DISABLED,-5.3134,-5.3134,0.0000,0.0000,0.00,0,0.0000,35,1,0,0.0000,0.0000,0,-31.1133,0.0000,idle,-5.3134,-5.3134,-5.3134,-5.3134,-5.3134,0.4000
TEL,12158,SAFE_DISABLED,-5.3134,-5.3134,0.0000,0.0000,0.00,0,0.0000,15,1,0,0.0000,0.0000,0,-31.1133,0.0000,idle,-5.3134,-5.3134,-5.3134,-5.3134,-5.3134,0.4000
TEL,12258,SAFE_DISABLED,-5.3134,-5.3134,0.0000,0.0000,0.00,0,0.0000,35,1,0,0.0000,0.0000,0,-31.1133,0.0000,idle,-5.3134,-5.3134,-5.3134,-5.3134,-5.3134,0.4000
TEL,12358,SAFE_DISABLED,-5.3134,-5.3134,0.0000,0.0000,0.00,0,0.0000,15,1,0,0.0000,0.0000,0,-31.1133,0.0000,idle,-5.3134,-5.3134,-5.3134,-5.3134,-5.3134,0.4000
TEL,12459,SAFE_DISABLED,-5.3134,-5.3134,0.0000,0.0000,0.00,0,0.0000,34,1,0,0.0000,0.0000,0,-31.1133,0.0000,idle,-5.3134,-5.3134,-5.3134,-5.3134,-5.3134,0.4000
TEL,12559,SAFE_DISABLED,-5.3134,-5.3134,0.0000,0.0000,0.00,0,0.0000,15,1,0,0.0000,0.0000,0,-31.1133,0.0000,idle,-5.3134,-5.3134,-5.3134,-5.3134,-5.3134,0.4000
TEL,12659,SAFE_DISABLED,-5.3134,-5.3134,0.0000,0.0000,0.00,0,0.0000,35,1,0,0.0000,0.0000,0,-31.1133,0.0000,idle,-5.3134,-5.3134,-5.3134,-5.3134,-5.3134,0.4000
TEL,12759,SAFE_DISABLED,-5.3134,-5.3134,0.0000,0.0000,0.00,0,0.0000,15,1,0,0.0000,0.0000,0,-31.1133,0.0000,idle,-5.3134,-5.3134,-5.3134,-5.3134,-5.3134,0.4000
TEL,12859,SAFE_DISABLED,-5.3134,-5.3134,0.0000,0.0000,0.00,0,0.0000,35,1,0,0.0000,0.0000,0,-31.1133,0.0000,idle,-5.3134,-5.3134,-5.3134,-5.3134,-5.3134,0.4000
TEL,12959,SAFE_DISABLED,-5.3134,-5.3134,0.0000,0.0000,0.00,0,0.0000,13,1,0,0.0000,0.0000,0,-31.1133,0.0000,idle,-5.3134,-5.3134,-5.3134,-5.3134,-5.3134,0.4000
TEL,13059,SAFE_DISABLED,-5.3134,-5.3134,0.0000,0.0000,0.00,0,0.0000,32,1,0,0.0000,0.0000,0,-31.1133,0.0000,idle,-5.3134,-5.3134,-5.3134,-5.3134,-5.3134,0.4000
TEL,13159,SAFE_DISABLED,-5.3134,-5.3134,0.0000,0.0000,0.00,0,0.0000,12,1,0,0.0000,0.0000,0,-31.1133,0.0000,idle,-5.3134,-5.3134,-5.3134,-5.3134,-5.3134,0.4000
TEL,13259,SAFE_DISABLED,-5.3134,-5.3134,0.0000,0.0000,0.00,0,0.0000,32,1,0,0.0000,0.0000,0,-31.1133,0.0000,idle,-5.3134,-5.3134,-5.3134,-5.3134,-5.3134,0.4000
TEL,13359,SAFE_DISABLED,-5.3134,-5.3134,0.0000,0.0000,0.00,0,0.0000,12,1,0,0.0000,0.0000,0,-31.1133,0.0000,idle,-5.3134,-5.3134,-5.3134,-5.3134,-5.3134,0.4000
TEL,13459,SAFE_DISABLED,-5.3134,-5.3134,0.0000,0.0000,0.00,0,0.0000,32,1,0,0.0000,0.0000,0,-31.1133,0.0000,idle,-5.3134,-5.3134,-5.3134,-5.3134,-5.3134,0.4000
TEL,13559,SAFE_DISABLED,-5.3134,-5.3134,0.0000,0.0000,0.00,0,0.0000,12,1,0,0.0000,0.0000,0,-31.1133,0.0000,idle,-5.3134,-5.3134,-5.3134,-5.3134,-5.3134,0.4000
TEL,13659,SAFE_DISABLED,-5.3134,-5.3134,0.0000,0.0000,0.00,0,0.0000,32,1,0,0.0000,0.0000,0,-31.1133,0.0000,idle,-5.3134,-5.3134,-5.3134,-5.3134,-5.3134,0.4000
TEL,13759,SAFE_DISABLED,-5.3134,-5.3134,0.0000,0.0000,0.00,0,0.0000,35,1,0,0.0000,0.0000,0,-31.1133,0.0000,idle,-5.3134,-5.3134,-5.3134,-5.3134,-5.3134,0.4000
TEL,13859,SAFE_DISABLED,-5.3134,-5.3134,0.0000,0.0000,0.00,0,0.0000,15,1,0,0.0000,0.0000,0,-31.1133,0.0000,idle,-5.3134,-5.3134,-5.3134,-5.3134,-5.3134,0.4000
TEL,13959,SAFE_DISABLED,-5.3134,-5.3134,0.0000,0.0000,0.00,0,0.0000,33,1,0,0.0000,0.0000,0,-31.1133,0.0000,idle,-5.3134,-5.3134,-5.3134,-5.3134,-5.3134,0.4000
TEL,14059,SAFE_DISABLED,-5.3134,-5.3134,0.0000,0.0000,0.00,0,0.0000,12,1,0,0.0000,0.0000,0,-31.1133,0.0000,idle,-5.3134,-5.3134,-5.3134,-5.3134,-5.3134,0.4000
TEL,14159,SAFE_DISABLED,-5.3134,-5.3134,0.0000,0.0000,0.00,0,0.0000,32,1,0,0.0000,0.0000,0,-31.1133,0.0000,idle,-5.3134,-5.3134,-5.3134,-5.3134,-5.3134,0.4000
TEL,14259,SAFE_DISABLED,-5.3134,-5.3134,0.0000,0.0000,0.00,0,0.0000,12,1,0,0.0000,0.0000,0,-31.1133,0.0000,idle,-5.3134,-5.3134,-5.3134,-5.3134,-5.3134,0.4000
TEL,14359,SAFE_DISABLED,-5.3134,-5.3134,0.0000,0.0000,0.00,0,0.0000,32,1,0,0.0000,0.0000,0,-31.1133,0.0000,idle,-5.3134,-5.3134,-5.3134,-5.3134,-5.3134,0.4000
TEL,14459,SAFE_DISABLED,-5.3134,-5.3134,0.0000,0.0000,0.00,0,0.0000,12,1,0,0.0000,0.0000,0,-31.1133,0.0000,idle,-5.3134,-5.3134,-5.3134,-5.3134,-5.3134,0.4000
TEL,14559,SAFE_DISABLED,-5.3134,-5.3134,0.0000,0.0000,0.00,0,0.0000,32,1,0,0.0000,0.0000,0,-31.1133,0.0000,idle,-5.3134,-5.3134,-5.3134,-5.3134,-5.3134,0.4000
TEL,14659,SAFE_DISABLED,-5.3134,-5.3134,0.0000,0.0000,0.00,0,0.0000,11,1,0,0.0000,0.0000,0,-31.1133,0.0000,idle,-5.3134,-5.3134,-5.3134,-5.3134,-5.3134,0.4000
TEL,14759,SAFE_DISABLED,-5.3134,-5.3134,0.0000,0.0000,0.00,0,0.0000,31,1,0,0.0000,0.0000,0,-31.1133,0.0000,idle,-5.3134,-5.3134,-5.3134,-5.3134,-5.3134,0.4000
TEL,14859,SAFE_DISABLED,-5.3134,-5.3134,0.0000,0.0000,0.00,0,0.0000,12,1,0,0.0000,0.0000,0,-31.1133,0.0000,idle,-5.3134,-5.3134,-5.3134,-5.3134,-5.3134,0.4000
TEL,14959,SAFE_DISABLED,-5.3134,-5.3134,0.0000,0.0000,0.00,0,0.0000,32,1,0,0.0000,0.0000,0,-31.1133,0.0000,idle,-5.3134,-5.3134,-5.3134,-5.3134,-5.3134,0.4000
TEL,15059,SAFE_DISABLED,-5.3134,-5.3134,0.0000,0.0000,0.00,0,0.0000,12,1,0,0.0000,0.0000,0,-31.1133,0.0000,idle,-5.3134,-5.3134,-5.3134,-5.3134,-5.3134,0.4000
TEL,15159,SAFE_DISABLED,-5.3134,-5.3134,0.0000,0.0000,0.00,0,0.0000,31,1,0,0.0000,0.0000,0,-31.1133,0.0000,idle,-5.3134,-5.3134,-5.3134,-5.3134,-5.3134,0.4000
TEL,15259,SAFE_DISABLED,-5.3134,-5.3134,0.0000,0.0000,0.00,0,0.0000,35,1,0,0.0000,0.0000,0,-31.1133,0.0000,idle,-5.3134,-5.3134,-5.3134,-5.3134,-5.3134,0.4000
TEL,15360,SAFE_DISABLED,-5.3134,-5.3134,0.0000,0.0000,0.00,0,0.0000,15,1,0,0.0000,0.0000,0,-31.1133,0.0000,idle,-5.3134,-5.3134,-5.3134,-5.3134,-5.3134,0.4000
TEL,15460,SAFE_DISABLED,-5.3820,-5.3340,0.0000,0.0000,0.00,0,0.0000,33,1,0,0.0000,0.0000,0,-31.1133,0.0000,idle,-5.3820,-5.3340,-5.3820,-5.3340,-5.3340,0.4000
TEL,15560,SAFE_DISABLED,-5.3134,-5.3305,0.0000,0.0000,0.00,0,0.0000,13,1,0,0.0000,0.0000,0,-31.1133,0.0000,idle,-5.3134,-5.3305,-5.3134,-5.3305,-5.3305,0.4000
OK,driver_enabled
TEL,15660,SAFE_DISABLED,-5.3134,-5.3218,0.0000,0.0000,0.00,0,0.0000,32,1,0,0.0000,0.0000,0,-31.1133,0.0000,idle,-5.3134,-5.3218,-5.3134,-5.3218,-5.3218,0.4000
TEL,15760,SAFE_DISABLED,-5.3134,-5.3175,0.0000,0.0000,0.00,0,0.0000,34,1,0,0.0000,0.0000,0,-34.0137,0.0000,idle,-5.3134,-5.3175,-5.3134,-5.3175,-5.3175,0.4000
TEL,15860,SAFE_DISABLED,-5.3820,-5.3599,0.0000,0.0000,0.00,0,0.0000,12,1,0,0.0000,0.0000,0,-34.0137,0.0000,idle,-5.3820,-5.3599,-5.3820,-5.3599,-5.3599,0.4000
TEL,15961,SAFE_DISABLED,-5.7250,-5.5461,0.0000,0.0000,0.00,0,0.0000,32,1,0,0.0000,0.0000,0,-34.0137,0.0000,idle,-5.7250,-5.5461,-5.7250,-5.5461,-5.5461,0.4000
TEL,16061,SAFE_DISABLED,-6.2052,-5.9690,0.0000,0.0000,0.00,0,0.0000,11,1,0,0.0000,0.0000,0,-34.0137,0.0000,idle,-6.2052,-5.9690,-6.2052,-5.9690,-5.9690,0.4000
TEL,16161,SAFE_DISABLED,-6.1366,-6.0689,0.0000,0.0000,0.00,0,0.0000,32,1,0,0.0000,0.0000,0,-34.0137,0.0000,idle,-6.1366,-6.0689,-6.1366,-6.0689,-6.0689,0.4000
TEL,16261,SAFE_DISABLED,-6.6168,-6.2475,0.0000,0.0000,0.00,0,0.0000,36,1,0,0.0000,0.0000,0,-34.0137,0.0000,idle,-6.6168,-6.2475,-6.6168,-6.2475,-6.2475,0.4000
TEL,16361,SAFE_DISABLED,-6.6168,-6.6371,0.0000,0.0000,0.00,0,0.0000,21,1,0,0.0000,0.0000,0,-34.0137,0.0000,idle,-6.6168,-6.6371,-6.6168,-6.6371,-6.6371,0.4000
TEL,16462,SAFE_DISABLED,-6.1366,-6.4827,0.0000,0.0000,0.00,0,0.0000,35,1,0,0.0000,0.0000,0,-34.0137,0.0000,idle,-6.1366,-6.4827,-6.1366,-6.4827,-6.4827,0.4000
TEL,16562,SAFE_DISABLED,-6.1366,-6.1329,0.0000,0.0000,0.00,0,0.0000,14,1,0,0.0000,0.0000,0,-34.0137,0.0000,idle,-6.1366,-6.1329,-6.1366,-6.1329,-6.1329,0.4000
TEL,16662,SAFE_DISABLED,-7.4400,-6.6266,0.0000,0.0000,0.00,0,0.0000,35,1,0,0.0000,0.0000,0,-34.0137,0.0000,idle,-7.4400,-6.6266,-7.4400,-6.6266,-6.6266,0.4000
TEL,16762,SAFE_DISABLED,-5.7936,-6.4438,0.0000,0.0000,0.00,0,0.0000,15,1,0,0.0000,0.0000,0,-34.0137,0.0000,idle,-5.7936,-6.4438,-5.7936,-6.4438,-6.4438,0.4000
TEL,16862,SAFE_DISABLED,-5.6564,-6.0566,0.0000,0.0000,0.00,0,0.0000,34,1,0,0.0000,0.0000,0,-34.0137,0.0000,idle,-5.6564,-6.0566,-5.6564,-6.0566,-6.0566,0.4000
TEL,16962,SAFE_DISABLED,-7.0970,-6.4232,0.0000,0.0000,0.00,0,0.0000,13,1,0,0.0000,0.0000,0,-34.0137,0.0000,idle,-7.0970,-6.4232,-7.0970,-6.4232,-6.4232,0.4000
TEL,17062,SAFE_DISABLED,-7.0970,-6.7669,0.0000,0.0000,0.00,0,0.0000,35,1,0,0.0000,0.0000,0,-34.0137,0.0000,idle,-7.0970,-6.7668,-7.0970,-6.7668,-6.7669,0.4000
TEL,17162,SAFE_DISABLED,-5.7936,-6.2239,0.0000,0.0000,0.00,0,0.0000,14,1,0,0.0000,0.0000,0,-34.0137,0.0000,idle,-5.7936,-6.2239,-5.7936,-6.2239,-6.2239,0.4000
TEL,17262,SAFE_DISABLED,-5.7936,-6.0045,0.0000,0.0000,0.00,0,0.0000,35,1,0,0.0000,0.0000,0,-34.0137,0.0000,idle,-5.7936,-6.0045,-5.7936,-6.0045,-6.0045,0.4000
TEL,17362,SAFE_DISABLED,-5.7250,-5.8309,0.0000,0.0000,0.00,0,0.0000,14,1,0,0.0000,0.0000,0,-34.0137,0.0000,idle,-5.7250,-5.8309,-5.7250,-5.8309,-5.8309,0.4000
TEL,17462,SAFE_DISABLED,-5.7250,-5.7769,0.0000,0.0000,0.00,0,0.0000,35,1,0,0.0000,0.0000,0,-34.0137,0.0000,idle,-5.7250,-5.7769,-5.7250,-5.7769,-5.7769,0.4000
TEL,17562,SAFE_DISABLED,-5.7250,-5.7428,0.0000,0.0000,0.00,0,0.0000,14,1,0,0.0000,0.0000,0,-34.0137,0.0000,idle,-5.7250,-5.7428,-5.7250,-5.7428,-5.7428,0.4000
TEL,17662,SAFE_DISABLED,-6.1366,-5.8572,0.0000,0.0000,0.00,0,0.0000,34,1,0,0.0000,0.0000,0,-34.0137,0.0000,idle,-6.1366,-5.8572,-6.1366,-5.8572,-5.8572,0.4000
TEL,17762,SAFE_DISABLED,-6.2052,-6.0613,0.0000,0.0000,0.00,0,0.0000,15,1,0,0.0000,0.0000,0,-34.0137,0.0000,idle,-6.2052,-6.0613,-6.2052,-6.0613,-6.0613,0.4000
TEL,17862,SAFE_DISABLED,-6.5482,-6.3096,0.0000,0.0000,0.00,0,0.0000,34,1,0,0.0000,0.0000,0,-34.0137,0.0000,idle,-6.5482,-6.3096,-6.5482,-6.3096,-6.3096,0.4000
TEL,17963,SAFE_DISABLED,-6.5482,-6.4664,0.0000,0.0000,0.00,0,0.0000,14,1,0,0.0000,0.0000,0,-34.0137,0.0000,idle,-6.5482,-6.4664,-6.5482,-6.4664,-6.4664,0.4000
TEL,18063,SAFE_DISABLED,-6.5482,-6.5081,0.0000,0.0000,0.00,0,0.0000,35,1,0,0.0000,0.0000,0,-34.0137,0.0000,idle,-6.5482,-6.5081,-6.5482,-6.5081,-6.5081,0.4000
TEL,18163,SAFE_DISABLED,-6.5482,-6.5445,0.0000,0.0000,0.00,0,0.0000,12,1,0,0.0000,0.0000,0,-34.0137,0.0000,idle,-6.5482,-6.5445,-6.5482,-6.5445,-6.5445,0.4000
TEL,18263,SAFE_DISABLED,-6.5482,-6.5464,0.0000,0.0000,0.00,0,0.0000,31,1,0,0.0000,0.0000,0,-34.0137,0.0000,idle,-6.5482,-6.5464,-6.5482,-6.5464,-6.5464,0.4000
TEL,18363,SAFE_DISABLED,-6.5482,-6.5473,0.0000,0.0000,0.00,0,0.0000,35,1,0,0.0000,0.0000,0,-34.0137,0.0000,idle,-6.5482,-6.5473,-6.5482,-6.5473,-6.5473,0.4000
ERR,run_blocked
BLOCK,zero
BLOCK,limits
BLOCK,sign
TEL,18463,SAFE_DISABLED,-6.5482,-6.5479,0.0000,0.0000,0.00,0,0.0000,14,1,0,0.0000,0.0000,0,-34.0137,0.0000,idle,-6.5482,-6.5479,-6.5482,-6.5479,-6.5479,0.4000
TEL,18564,SAFE_DISABLED,-6.5482,-6.5481,0.0000,0.0000,0.00,0,0.0000,32,1,0,0.0000,0.0000,0,-34.0137,0.0000,idle,-6.5482,-6.5481,-6.5482,-6.5481,-6.5481,0.4000
TEL,18664,SAFE_DISABLED,-6.5482,-6.5481,0.0000,0.0000,0.00,0,0.0000,11,1,0,0.0000,0.0000,0,-34.0137,0.0000,idle,-6.5482,-6.5481,-6.5482,-6.5481,-6.5481,0.4000
TEL,18764,SAFE_DISABLED,-6.5482,-6.5482,0.0000,0.0000,0.00,0,0.0000,32,1,0,0.0000,0.0000,0,-34.0137,0.0000,idle,-6.5482,-6.5482,-6.5482,-6.5482,-6.5482,0.4000
TEL,18864,SAFE_DISABLED,-6.5482,-6.5482,0.0000,0.0000,0.00,0,0.0000,35,1,0,0.0000,0.0000,0,-34.0137,0.0000,idle,-6.5482,-6.5482,-6.5482,-6.5482,-6.5482,0.4000
TEL,18964,SAFE_DISABLED,-6.5482,-6.5482,0.0000,0.0000,0.00,0,0.0000,21,1,0,0.0000,0.0000,0,-34.0137,0.0000,idle,-6.5482,-6.5482,-6.5482,-6.5482,-6.5482,0.4000
TEL,19064,SAFE_DISABLED,-6.5482,-6.5482,0.0000,0.0000,0.00,0,0.0000,35,1,0,0.0000,0.0000,0,-34.0137,0.0000,idle,-6.5482,-6.5482,-6.5482,-6.5482,-6.5482,0.4000
TEL,19164,SAFE_DISABLED,-6.5482,-6.5482,0.0000,0.0000,0.00,0,0.0000,15,1,0,0.0000,0.0000,0,-34.0137,0.0000,idle,-6.5482,-6.5482,-6.5482,-6.5482,-6.5482,0.4000
TEL,19266,SAFE_DISABLED,-6.5482,-6.5482,0.0000,0.0000,0.00,0,0.0000,0,1,0,0.0000,0.0000,0,-34.0137,0.0000,idle,-6.5482,-6.5482,-6.5482,-6.5482,-6.5482,0.4000
TEL,19366,SAFE_DISABLED,-6.5482,-6.5482,0.0000,0.0000,0.00,0,0.0000,15,1,0,0.0000,0.0000,0,-34.0137,0.0000,idle,-6.5482,-6.5482,-6.5482,-6.5482,-6.5482,0.4000
TEL,19466,SAFE_DISABLED,-6.5482,-6.5482,0.0000,0.0000,0.00,0,0.0000,35,1,0,0.0000,0.0000,0,-34.0137,0.0000,idle,-6.5482,-6.5482,-6.5482,-6.5482,-6.5482,0.4000
TEL,19566,SAFE_DISABLED,-6.5482,-6.5482,0.0000,0.0000,0.00,0,0.0000,14,1,0,0.0000,0.0000,0,-34.0137,0.0000,idle,-6.5482,-6.5482,-6.5482,-6.5482,-6.5482,0.4000
TEL,19666,SAFE_DISABLED,-6.5482,-6.5482,0.0000,0.0000,0.00,0,0.0000,35,1,0,0.0000,0.0000,0,-34.0137,0.0000,idle,-6.5482,-6.5482,-6.5482,-6.5482,-6.5482,0.4000
TEL,19766,SAFE_DISABLED,-6.4796,-6.5276,0.0000,0.0000,0.00,0,0.0000,15,1,0,0.0000,0.0000,0,-34.0137,0.0000,idle,-6.4796,-6.5276,-6.4796,-6.5276,-6.5276,0.4000
TEL,19866,SAFE_DISABLED,-6.5482,-6.5237,0.0000,0.0000,0.00,0,0.0000,34,1,0,0.0000,0.0000,0,-34.0137,0.0000,idle,-6.5482,-6.5237,-6.5482,-6.5237,-6.5237,0.4000
TEL,19966,SAFE_DISABLED,-6.5482,-6.5398,0.0000,0.0000,0.00,0,0.0000,14,1,0,0.0000,0.0000,0,-34.0137,0.0000,idle,-6.5482,-6.5398,-6.5482,-6.5398,-6.5398,0.4000
TEL,20066,SAFE_DISABLED,-6.5482,-6.5441,0.0000,0.0000,0.00,0,0.0000,35,1,0,0.0000,0.0000,0,-34.0137,0.0000,idle,-6.5482,-6.5441,-6.5482,-6.5441,-6.5441,0.4000
TEL,20166,SAFE_DISABLED,-6.5482,-6.5468,0.0000,0.0000,0.00,0,0.0000,15,1,0,0.0000,0.0000,0,-34.0137,0.0000,idle,-6.5482,-6.5468,-6.5482,-6.5468,-6.5468,0.4000
TEL,20267,SAFE_DISABLED,-6.5482,-6.5475,0.0000,0.0000,0.00,0,0.0000,33,1,0,0.0000,0.0000,0,-34.0137,0.0000,idle,-6.5482,-6.5475,-6.5482,-6.5475,-6.5475,0.4000
TEL,20367,SAFE_DISABLED,-6.5482,-6.5480,0.0000,0.0000,0.00,0,0.0000,15,1,0,0.0000,0.0000,0,-34.0137,0.0000,idle,-6.5482,-6.5480,-6.5482,-6.5480,-6.5480,0.4000
TEL,20467,SAFE_DISABLED,-6.5482,-6.5481,0.0000,0.0000,0.00,0,0.0000,34,1,0,0.0000,0.0000,0,-34.0137,0.0000,idle,-6.5482,-6.5481,-6.5482,-6.5481,-6.5481,0.4000
TEL,20567,SAFE_DISABLED,-6.5482,-6.5482,0.0000,0.0000,0.00,0,0.0000,15,1,0,0.0000,0.0000,0,-34.0137,0.0000,idle,-6.5482,-6.5482,-6.5482,-6.5482,-6.5482,0.4000
TEL,20667,SAFE_DISABLED,-6.5482,-6.5482,0.0000,0.0000,0.00,0,0.0000,32,1,0,0.0000,0.0000,0,-34.0137,0.0000,idle,-6.5482,-6.5482,-6.5482,-6.5482,-6.5482,0.4000
TEL,20767,SAFE_DISABLED,-6.5482,-6.5583,0.0000,0.0000,0.00,0,0.0000,12,1,0,0.0000,0.0000,0,-34.0137,0.0000,idle,-6.5482,-6.5583,-6.5482,-6.5583,-6.5583,0.4000
TEL,20867,SAFE_DISABLED,-6.5482,-6.5531,0.0000,0.0000,0.00,0,0.0000,31,1,0,0.0000,0.0000,0,-34.0137,0.0000,idle,-6.5482,-6.5531,-6.5482,-6.5531,-6.5531,0.4000
TEL,20967,SAFE_DISABLED,-6.5482,-6.5506,0.0000,0.0000,0.00,0,0.0000,34,1,0,0.0000,0.0000,0,-34.0137,0.0000,idle,-6.5482,-6.5506,-6.5482,-6.5506,-6.5506,0.4000
TEL,21067,SAFE_DISABLED,-6.5482,-6.5490,0.0000,0.0000,0.00,0,0.0000,14,1,0,0.0000,0.0000,0,-34.0137,0.0000,idle,-6.5482,-6.5490,-6.5482,-6.5490,-6.5490,0.4000
TEL,21167,SAFE_DISABLED,-6.5482,-6.5486,0.0000,0.0000,0.00,0,0.0000,32,1,0,0.0000,0.0000,0,-34.0137,0.0000,idle,-6.5482,-6.5486,-6.5482,-6.5486,-6.5486,0.4000
TEL,21267,SAFE_DISABLED,-6.5482,-6.5483,0.0000,0.0000,0.00,0,0.0000,11,1,0,0.0000,0.0000,0,-34.0137,0.0000,idle,-6.5482,-6.5483,-6.5482,-6.5483,-6.5483,0.4000
TEL,21367,SAFE_DISABLED,-6.5482,-6.5483,0.0000,0.0000,0.00,0,0.0000,32,1,0,0.0000,0.0000,0,-34.0137,0.0000,idle,-6.5482,-6.5483,-6.5482,-6.5483,-6.5483,0.4000
TEL,21467,SAFE_DISABLED,-6.1366,-6.4247,0.0000,0.0000,0.00,0,0.0000,12,1,0,0.0000,0.0000,0,-34.0137,0.0000,idle,-6.1366,-6.4247,-6.1366,-6.4247,-6.4247,0.4000
TEL,21567,SAFE_DISABLED,-6.1366,-6.2778,0.0000,0.0000,0.00,0,0.0000,32,1,0,0.0000,0.0000,0,-34.0137,0.0000,idle,-6.1366,-6.2778,-6.1366,-6.2778,-6.2778,0.4000
TEL,21667,SAFE_DISABLED,-6.1366,-6.1850,0.0000,0.0000,0.00,0,0.0000,12,1,0,0.0000,0.0000,0,-34.0137,0.0000,idle,-6.1366,-6.1850,-6.1366,-6.1850,-6.1850,0.4000
TEL,21767,SAFE_DISABLED,-6.1366,-6.1603,0.0000,0.0000,0.00,0,0.0000,31,1,0,0.0000,0.0000,0,-34.0137,0.0000,idle,-6.1366,-6.1603,-6.1366,-6.1603,-6.1603,0.4000
TEL,21867,SAFE_DISABLED,-6.1366,-6.1482,0.0000,0.0000,0.00,0,0.0000,34,1,0,0.0000,0.0000,0,-34.0137,0.0000,idle,-6.1366,-6.1482,-6.1366,-6.1482,-6.1482,0.4000
TEL,21967,SAFE_DISABLED,-6.1366,-6.1406,0.0000,0.0000,0.00,0,0.0000,15,1,0,0.0000,0.0000,0,-34.0137,0.0000,idle,-6.1366,-6.1406,-6.1366,-6.1406,-6.1406,0.4000
TEL,22067,SAFE_DISABLED,-6.1366,-6.1386,0.0000,0.0000,0.00,0,0.0000,32,1,0,0.0000,0.0000,0,-34.0137,0.0000,idle,-6.1366,-6.1386,-6.1366,-6.1386,-6.1386,0.4000
TEL,22167,SAFE_DISABLED,-6.1366,-6.1373,0.0000,0.0000,0.00,0,0.0000,11,1,0,0.0000,0.0000,0,-34.0137,0.0000,idle,-6.1366,-6.1373,-6.1366,-6.1373,-6.1373,0.4000
TEL,22267,SAFE_DISABLED,-6.1366,-6.1369,0.0000,0.0000,0.00,0,0.0000,32,1,0,0.0000,0.0000,0,-34.0137,0.0000,idle,-6.1366,-6.1369,-6.1366,-6.1369,-6.1369,0.4000
TEL,22367,SAFE_DISABLED,-6.1366,-6.1367,0.0000,0.0000,0.00,0,0.0000,12,1,0,0.0000,0.0000,0,-34.0137,0.0000,idle,-6.1366,-6.1367,-6.1366,-6.1367,-6.1367,0.4000
TEL,22467,SAFE_DISABLED,-6.1366,-6.1367,0.0000,0.0000,0.00,0,0.0000,32,1,0,0.0000,0.0000,0,-34.0137,0.0000,idle,-6.1366,-6.1367,-6.1366,-6.1367,-6.1367,0.4000
TEL,22567,SAFE_DISABLED,-6.1366,-6.1366,0.0000,0.0000,0.00,0,0.0000,12,1,0,0.0000,0.0000,0,-34.0137,0.0000,idle,-6.1366,-6.1366,-6.1366,-6.1366,-6.1366,0.4000
TEL,22667,SAFE_DISABLED,-6.5482,-6.2601,0.0000,0.0000,0.00,0,0.0000,32,1,0,0.0000,0.0000,0,-34.0137,0.0000,idle,-6.5482,-6.2601,-6.5482,-6.2601,-6.2601,0.4000
TEL,22767,SAFE_DISABLED,-6.5482,-6.3629,0.0000,0.0000,0.00,0,0.0000,11,1,0,0.0000,0.0000,0,-34.0137,0.0000,idle,-6.5482,-6.3629,-6.5482,-6.3629,-6.3629,0.4000
TEL,22867,SAFE_DISABLED,-6.5482,-6.4574,0.0000,0.0000,0.00,0,0.0000,31,1,0,0.0000,0.0000,0,-34.0137,0.0000,idle,-6.5482,-6.4574,-6.5482,-6.4574,-6.4574,0.4000
TEL,22967,SAFE_DISABLED,-6.5482,-6.5171,0.0000,0.0000,0.00,0,0.0000,12,1,0,0.0000,0.0000,0,-34.0137,0.0000,idle,-6.5482,-6.5171,-6.5482,-6.5171,-6.5171,0.4000
TEL,23067,SAFE_DISABLED,-6.5482,-6.5329,0.0000,0.0000,0.00,0,0.0000,32,1,0,0.0000,0.0000,0,-34.0137,0.0000,idle,-6.5482,-6.5329,-6.5482,-6.5329,-6.5329,0.4000
TEL,23168,SAFE_DISABLED,-6.5482,-6.5430,0.0000,0.0000,0.00,0,0.0000,12,1,0,0.0000,0.0000,0,-34.0137,0.0000,idle,-6.5482,-6.5430,-6.5482,-6.5430,-6.5430,0.4000
TEL,23268,SAFE_DISABLED,-6.5482,-6.5456,0.0000,0.0000,0.00,0,0.0000,31,1,0,0.0000,0.0000,0,-34.0137,0.0000,idle,-6.5482,-6.5456,-6.5482,-6.5456,-6.5456,0.4000
TEL,23368,SAFE_DISABLED,-6.2052,-6.3724,0.0000,0.0000,0.00,0,0.0000,11,1,0,0.0000,0.0000,0,-34.0137,0.0000,idle,-6.2052,-6.3724,-6.2052,-6.3724,-6.3724,0.4000
TEL,23468,SAFE_DISABLED,-6.2052,-6.2871,0.0000,0.0000,0.00,0,0.0000,31,1,0,0.0000,0.0000,0,-34.0137,0.0000,idle,-6.2052,-6.2871,-6.2052,-6.2871,-6.2871,0.4000
TEL,23568,SAFE_DISABLED,-6.1366,-6.1882,0.0000,0.0000,0.00,0,0.0000,12,1,0,0.0000,0.0000,0,-34.0137,0.0000,idle,-6.1366,-6.1882,-6.1366,-6.1882,-6.1882,0.4000
TEL,23668,SAFE_DISABLED,-6.1366,-6.1619,0.0000,0.0000,0.00,0,0.0000,31,1,0,0.0000,0.0000,0,-34.0137,0.0000,idle,-6.1366,-6.1619,-6.1366,-6.1619,-6.1619,0.4000
TEL,23768,SAFE_DISABLED,-6.1366,-6.1453,0.0000,0.0000,0.00,0,0.0000,12,1,0,0.0000,0.0000,0,-34.0137,0.0000,idle,-6.1366,-6.1453,-6.1366,-6.1453,-6.1453,0.4000
TEL,23868,SAFE_DISABLED,-6.1366,-6.1409,0.0000,0.0000,0.00,0,0.0000,32,1,0,0.0000,0.0000,0,-34.0137,0.0000,idle,-6.1366,-6.1409,-6.1366,-6.1409,-6.1409,0.4000
TEL,23968,SAFE_DISABLED,-6.1366,-6.1381,0.0000,0.0000,0.00,0,0.0000,12,1,0,0.0000,0.0000,0,-34.0137,0.0000,idle,-6.1366,-6.1381,-6.1366,-6.1381,-6.1381,0.4000
TEL,24068,SAFE_DISABLED,-6.1366,-6.1373,0.0000,0.0000,0.00,0,0.0000,32,1,0,0.0000,0.0000,0,-34.0137,0.0000,idle,-6.1366,-6.1373,-6.1366,-6.1373,-6.1373,0.4000
STATE,SAFE_DISABLED
SENSORS,angle=ok,pos=ok,m=f
MEAS,theta_deg=0.0000,x_cm=-6.1366,x_filt_cm=-6.1371
AGE,angle_ms=14,pos_ms=1,miss=0
FAULTS,bits=0
CAL,zero_calibrated=no,limits_calibrated=no,sign_calibrated=no
SONAR_CFG,s=-1,u=1
ACT_CFG,t=0.0000,v=0,e=0.000
TEL,enabled=1
FAULT_INFO,bits=0
FAULT_INFO,none
TEL,24168,SAFE_DISABLED,-6.1366,-6.1370,0.0000,0.0000,0.00,0,0.0000,34,1,0,0.0000,0.0000,0,-34.0137,0.0000,idle,-6.1366,-6.1370,-6.1366,-6.1370,-6.1370,0.4000
TEL,24268,SAFE_DISABLED,-6.1366,-6.1367,0.0000,0.0000,0.00,0,0.0000,12,1,0,0.0000,0.0000,0,-34.0137,0.0000,idle,-6.1366,-6.1367,-6.1366,-6.1367,-6.1367,0.4000
TEL,24368,SAFE_DISABLED,-6.1366,-6.1367,0.0000,0.0000,0.00,0,0.0000,32,1,0,0.0000,0.0000,0,-34.0137,0.0000,idle,-6.1366,-6.1367,-6.1366,-6.1367,-6.1367,0.4000
TEL,24468,SAFE_DISABLED,-6.1366,-6.1366,0.0000,0.0000,0.00,0,0.0000,11,1,0,0.0000,0.0000,0,-34.0137,0.0000,idle,-6.1366,-6.1366,-6.1366,-6.1366,-6.1366,0.4000
TEL,24568,SAFE_DISABLED,-6.1366,-6.1366,0.0000,0.0000,0.00,0,0.0000,32,1,0,0.0000,0.0000,0,-34.0137,0.0000,idle,-6.1366,-6.1366,-6.1366,-6.1366,-6.1366,0.4000
TEL,24668,SAFE_DISABLED,-6.4796,-6.2395,0.0000,0.0000,0.00,0,0.0000,13,1,0,0.0000,0.0000,0,-34.0137,0.0000,idle,-6.4796,-6.2395,-6.4796,-6.2395,-6.2395,0.4000
TEL,24768,SAFE_DISABLED,-6.5482,-6.3969,0.0000,0.0000,0.00,0,0.0000,32,1,0,0.0000,0.0000,0,-34.0137,0.0000,idle,-6.5482,-6.3969,-6.5482,-6.3969,-6.3969,0.4000
TEL,24868,SAFE_DISABLED,-6.5482,-6.4741,0.0000,0.0000,0.00,0,0.0000,35,1,0,0.0000,0.0000,0,-34.0137,0.0000,idle,-6.5482,-6.4741,-6.5482,-6.4741,-6.4741,0.4000
TEL,24968,SAFE_DISABLED,-6.5482,-6.5228,0.0000,0.0000,0.00,0,0.0000,14,1,0,0.0000,0.0000,0,-34.0137,0.0000,idle,-6.5482,-6.5228,-6.5482,-6.5228,-6.5228,0.4000
TEL,25068,SAFE_DISABLED,-6.5482,-6.5357,0.0000,0.0000,0.00,0,0.0000,40,1,0,0.0000,0.0000,0,-34.0137,0.0000,idle,-6.5482,-6.5357,-6.5482,-6.5357,-6.5357,0.4000
TEL,25168,SAFE_DISABLED,-6.5482,-6.5439,0.0000,0.0000,0.00,0,0.0000,15,1,0,0.0000,0.0000,0,-34.0137,0.0000,idle,-6.5482,-6.5439,-6.5482,-6.5439,-6.5439,0.4000
TEL,25269,SAFE_DISABLED,-6.5482,-6.5461,0.0000,0.0000,0.00,0,0.0000,35,1,0,0.0000,0.0000,0,-34.0137,0.0000,idle,-6.5482,-6.5461,-6.5482,-6.5461,-6.5461,0.4000
TEL,25369,SAFE_DISABLED,-6.5482,-6.5475,0.0000,0.0000,0.00,0,0.0000,15,1,0,0.0000,0.0000,0,-34.0137,0.0000,idle,-6.5482,-6.5475,-6.5482,-6.5475,-6.5475,0.4000
TEL,25469,SAFE_DISABLED,-6.5482,-6.5478,0.0000,0.0000,0.00,0,0.0000,33,1,0,0.0000,0.0000,0,-34.0137,0.0000,idle,-6.5482,-6.5478,-6.5482,-6.5478,-6.5478,0.4000
TEL,25569,SAFE_DISABLED,-6.5482,-6.5481,0.0000,0.0000,0.00,0,0.0000,15,1,0,0.0000,0.0000,0,-34.0137,0.0000,idle,-6.5482,-6.5481,-6.5482,-6.5481,-6.5481,0.4000
TEL,25669,SAFE_DISABLED,-6.5482,-6.5481,0.0000,0.0000,0.00,0,0.0000,35,1,0,0.0000,0.0000,0,-34.0137,0.0000,idle,-6.5482,-6.5481,-6.5482,-6.5481,-6.5481,0.4000
TEL,25769,SAFE_DISABLED,-6.2052,-6.4453,0.0000,0.0000,0.00,0,0.0000,14,1,0,0.0000,0.0000,0,-34.0137,0.0000,idle,-6.2052,-6.4453,-6.2052,-6.4453,-6.4453,0.4000
TEL,25870,SAFE_DISABLED,-6.1366,-6.3023,0.0000,0.0000,0.00,0,0.0000,35,1,0,0.0000,0.0000,0,-34.0137,0.0000,idle,-6.1366,-6.3023,-6.1366,-6.3023,-6.3023,0.4000
TEL,25970,SAFE_DISABLED,-6.1366,-6.1934,0.0000,0.0000,0.00,0,0.0000,15,1,0,0.0000,0.0000,0,-34.0137,0.0000,idle,-6.1366,-6.1934,-6.1366,-6.1934,-6.1934,0.4000
TEL,26070,SAFE_DISABLED,-6.1366,-6.1644,0.0000,0.0000,0.00,0,0.0000,33,1,0,0.0000,0.0000,0,-34.0137,0.0000,idle,-6.1366,-6.1644,-6.1366,-6.1644,-6.1644,0.4000
TEL,26170,SAFE_DISABLED,-6.1366,-6.1462,0.0000,0.0000,0.00,0,0.0000,15,1,0,0.0000,0.0000,0,-34.0137,0.0000,idle,-6.1366,-6.1462,-6.1366,-6.1462,-6.1462,0.4000
TEL,26270,SAFE_DISABLED,-6.1366,-6.1413,0.0000,0.0000,0.00,0,0.0000,35,1,0,0.0000,0.0000,0,-34.0137,0.0000,idle,-6.1366,-6.1413,-6.1366,-6.1413,-6.1413,0.4000
TEL,26370,SAFE_DISABLED,-6.1366,-6.1382,0.0000,0.0000,0.00,0,0.0000,14,1,0,0.0000,0.0000,0,-34.0137,0.0000,idle,-6.1366,-6.1382,-6.1366,-6.1382,-6.1382,0.4000
TEL,26470,SAFE_DISABLED,-6.1366,-6.1374,0.0000,0.0000,0.00,0,0.0000,35,1,0,0.0000,0.0000,0,-34.0137,0.0000,idle,-6.1366,-6.1374,-6.1366,-6.1374,-6.1374,0.4000
TEL,26570,SAFE_DISABLED,-6.5482,-6.4073,0.0000,0.0000,0.00,0,0.0000,15,1,0,0.0000,0.0000,0,-34.0137,0.0000,idle,-6.5482,-6.4073,-6.5482,-6.4073,-6.4073,0.4000
TEL,26670,SAFE_DISABLED,-6.5482,-6.4792,0.0000,0.0000,0.00,0,0.0000,33,1,0,0.0000,0.0000,0,-34.0137,0.0000,idle,-6.5482,-6.4792,-6.5482,-6.4792,-6.4792,0.4000
TEL,26770,SAFE_DISABLED,-6.5482,-6.5245,0.0000,0.0000,0.00,0,0.0000,11,1,0,0.0000,0.0000,0,-34.0137,0.0000,idle,-6.5482,-6.5245,-6.5482,-6.5245,-6.5245,0.4000
TEL,26870,SAFE_DISABLED,-6.5482,-6.5366,0.0000,0.0000,0.00,0,0.0000,32,1,0,0.0000,0.0000,0,-34.0137,0.0000,idle,-6.5482,-6.5366,-6.5482,-6.5366,-6.5366,0.4000
TEL,26970,SAFE_DISABLED,-6.5482,-6.5425,0.0000,0.0000,0.00,0,0.0000,34,1,0,0.0000,0.0000,0,-34.0137,0.0000,idle,-6.5482,-6.5425,-6.5482,-6.5425,-6.5425,0.4000
TEL,27070,SAFE_DISABLED,-6.5482,-6.5462,0.0000,0.0000,0.00,0,0.0000,15,1,0,0.0000,0.0000,0,-34.0137,0.0000,idle,-6.5482,-6.5462,-6.5482,-6.5462,-6.5462,0.4000
TEL,27170,SAFE_DISABLED,-6.5482,-6.5472,0.0000,0.0000,0.00,0,0.0000,34,1,0,0.0000,0.0000,0,-34.0137,0.0000,idle,-6.5482,-6.5472,-6.5482,-6.5472,-6.5472,0.4000
TEL,27270,SAFE_DISABLED,-6.5482,-6.5479,0.0000,0.0000,0.00,0,0.0000,15,1,0,0.0000,0.0000,0,-34.0137,0.0000,idle,-6.5482,-6.5479,-6.5482,-6.5479,-6.5479,0.4000
TEL,27370,SAFE_DISABLED,-6.5482,-6.5480,0.0000,0.0000,0.00,0,0.0000,34,1,0,0.0000,0.0000,0,-34.0137,0.0000,idle,-6.5482,-6.5480,-6.5482,-6.5480,-6.5480,0.4000
TEL,27470,SAFE_DISABLED,-6.5482,-6.5481,0.0000,0.0000,0.00,0,0.0000,15,1,0,0.0000,0.0000,0,-34.0137,0.0000,idle,-6.5482,-6.5481,-6.5482,-6.5481,-6.5481,0.4000
SET,27503,0.0000,nan,nan
TEL,27570,SAFE_DISABLED,-6.5482,-6.5482,0.0000,0.0000,0.00,0,0.0000,35,1,0,0.0000,0.0000,0,-34.0137,0.0000,idle,-6.5482,-6.5482,-6.5482,-6.5482,-6.5482,0.4000
TEL,27670,SAFE_DISABLED,-6.5482,-6.5482,0.0000,0.0000,0.00,0,0.0000,14,1,0,0.0000,0.0000,0,-34.0137,0.0000,idle,-6.5482,-6.5482,-6.5482,-6.5482,-6.5482,0.4000
TEL,27770,SAFE_DISABLED,-6.2052,-6.4309,0.0000,0.0000,0.00,0,0.0000,35,1,0,0.0000,0.0000,0,-34.0137,0.0000,idle,-6.2052,-6.4309,-6.2052,-6.4309,-6.4309,0.4000
TEL,27870,SAFE_DISABLED,-6.2052,-6.3402,0.0000,0.0000,0.00,0,0.0000,15,1,0,0.0000,0.0000,0,-34.0137,0.0000,idle,-6.2052,-6.3402,-6.2052,-6.3402,-6.3402,0.4000
TEL,27970,SAFE_DISABLED,-6.1366,-6.2364,0.0000,0.0000,0.00,0,0.0000,34,1,0,0.0000,0.0000,0,-34.0137,0.0000,idle,-6.1366,-6.2364,-6.1366,-6.2364,-6.2364,0.4000
TEL,28070,SAFE_DISABLED,-6.1366,-6.1708,0.0000,0.0000,0.00,0,0.0000,15,1,0,0.0000,0.0000,0,-34.0137,0.0000,idle,-6.1366,-6.1708,-6.1366,-6.1708,-6.1708,0.4000
TEL,28170,SAFE_DISABLED,-6.1366,-6.1534,0.0000,0.0000,0.00,0,0.0000,34,1,0,0.0000,0.0000,0,-34.0137,0.0000,idle,-6.1366,-6.1534,-6.1366,-6.1534,-6.1534,0.4000
TEL,28270,SAFE_DISABLED,-6.1366,-6.1424,0.0000,0.0000,0.00,0,0.0000,14,1,0,0.0000,0.0000,0,-34.0137,0.0000,idle,-6.1366,-6.1424,-6.1366,-6.1424,-6.1424,0.4000
TEL,28370,SAFE_DISABLED,-6.1366,-6.1394,0.0000,0.0000,0.00,0,0.0000,35,1,0,0.0000,0.0000,0,-34.0137,0.0000,idle,-6.1366,-6.1394,-6.1366,-6.1394,-6.1394,0.4000
TEL,28470,SAFE_DISABLED,-6.1366,-6.1376,0.0000,0.0000,0.00,0,0.0000,15,1,0,0.0000,0.0000,0,-34.0137,0.0000,idle,-6.1366,-6.1376,-6.1366,-6.1376,-6.1376,0.4000
TEL,28570,SAFE_DISABLED,-6.5482,-6.3470,0.0000,0.0000,0.00,0,0.0000,35,1,0,0.0000,0.0000,0,-34.0137,0.0000,idle,-6.5482,-6.3470,-6.5482,-6.3470,-6.3470,0.4000
TEL,28670,SAFE_DISABLED,-6.5482,-6.4792,0.0000,0.0000,0.00,0,0.0000,14,1,0,0.0000,0.0000,0,-34.0137,0.0000,idle,-6.5482,-6.4792,-6.5482,-6.4792,-6.4792,0.4000
TEL,28770,SAFE_DISABLED,-6.5482,-6.5144,0.0000,0.0000,0.00,0,0.0000,35,1,0,0.0000,0.0000,0,-34.0137,0.0000,idle,-6.5482,-6.5144,-6.5482,-6.5144,-6.5144,0.4000
TEL,28870,SAFE_DISABLED,-6.2052,-6.4337,0.0000,0.0000,0.00,0,0.0000,12,1,0,0.0000,0.0000,0,-34.0137,0.0000,idle,-6.2052,-6.4337,-6.2052,-6.4337,-6.4337,0.4000
ERR,run_blocked
BLOCK,zero
BLOCK,limits
BLOCK,sign
TEL,28975,SAFE_DISABLED,-6.2052,-6.3172,0.0000,0.0000,0.00,0,0.0000,36,1,0,0.0000,0.0000,0,-34.0137,0.0000,idle,-6.2052,-6.3172,-6.2052,-6.3172,-6.3172,0.4000
TEL,29075,SAFE_DISABLED,-6.5482,-6.3465,0.0000,0.0000,0.00,0,0.0000,11,1,0,0.0000,0.0000,0,-34.0137,0.0000,idle,-6.5482,-6.3465,-6.5482,-6.3465,-6.3465,0.4000
TEL,29175,SAFE_DISABLED,-6.5482,-6.4494,0.0000,0.0000,0.00,0,0.0000,32,1,0,0.0000,0.0000,0,-34.0137,0.0000,idle,-6.5482,-6.4494,-6.5482,-6.4494,-6.4494,0.4000
TEL,29275,SAFE_DISABLED,-6.5482,-6.4998,0.0000,0.0000,0.00,0,0.0000,35,1,0,0.0000,0.0000,0,-34.0137,0.0000,idle,-6.5482,-6.4998,-6.5482,-6.4998,-6.4998,0.4000
TEL,29375,SAFE_DISABLED,-6.5482,-6.5316,0.0000,0.0000,0.00,0,0.0000,21,1,0,0.0000,0.0000,0,-34.0137,0.0000,idle,-6.5482,-6.5316,-6.5482,-6.5316,-6.5316,0.4000
TEL,29475,SAFE_DISABLED,-6.1366,-6.3301,0.0000,0.0000,0.00,0,0.0000,34,1,0,0.0000,0.0000,0,-34.0137,0.0000,idle,-6.1366,-6.3301,-6.1366,-6.3301,-6.3301,0.4000
TEL,29575,SAFE_DISABLED,-6.1366,-6.2030,0.0000,0.0000,0.00,0,0.0000,14,1,0,0.0000,0.0000,0,-34.0137,0.0000,idle,-6.1366,-6.2030,-6.1366,-6.2030,-6.2030,0.4000
TEL,29676,SAFE_DISABLED,-6.1366,-6.1691,0.0000,0.0000,0.00,0,0.0000,40,1,0,0.0000,0.0000,0,-34.0137,0.0000,idle,-6.1366,-6.1691,-6.1366,-6.1691,-6.1691,0.4000
TEL,29776,SAFE_DISABLED,-6.1366,-6.1478,0.0000,0.0000,0.00,0,0.0000,15,1,0,0.0000,0.0000,0,-34.0137,0.0000,idle,-6.1366,-6.1478,-6.1366,-6.1478,-6.1478,0.4000
TEL,29877,SAFE_DISABLED,-6.1366,-6.1421,0.0000,0.0000,0.00,0,0.0000,35,1,0,0.0000,0.0000,0,-34.0137,0.0000,idle,-6.1366,-6.1421,-6.1366,-6.1421,-6.1421,0.4000
TEL,29977,SAFE_DISABLED,-6.1366,-6.1385,0.0000,0.0000,0.00,0,0.0000,15,1,0,0.0000,0.0000,0,-34.0137,0.0000,idle,-6.1366,-6.1385,-6.1366,-6.1385,-6.1385,0.4000
TEL,30078,SAFE_DISABLED,-6.1366,-6.1375,0.0000,0.0000,0.00,0,0.0000,34,1,0,0.0000,0.0000,0,-34.0137,0.0000,idle,-6.1366,-6.1375,-6.1366,-6.1375,-6.1375,0.4000
TEL,30178,SAFE_DISABLED,-6.1366,-6.1369,0.0000,0.0000,0.00,0,0.0000,15,1,0,0.0000,0.0000,0,-34.0137,0.0000,idle,-6.1366,-6.1369,-6.1366,-6.1369,-6.1369,0.4000
TEL,30278,SAFE_DISABLED,-6.1366,-6.1368,0.0000,0.0000,0.00,0,0.0000,34,1,0,0.0000,0.0000,0,-34.0137,0.0000,idle,-6.1366,-6.1368,-6.1366,-6.1368,-6.1368,0.4000
TEL,30379,SAFE_DISABLED,-6.1366,-6.1367,0.0000,0.0000,0.00,0,0.0000,14,1,0,0.0000,0.0000,0,-34.0137,0.0000,idle,-6.1366,-6.1367,-6.1366,-6.1367,-6.1367,0.4000
TEL,30479,SAFE_DISABLED,-6.5482,-6.2601,0.0000,0.0000,0.00,0,0.0000,34,1,0,0.0000,0.0000,0,-34.0137,0.0000,idle,-6.5482,-6.2601,-6.5482,-6.2601,-6.2601,0.4000
TEL,30579,SAFE_DISABLED,-6.5482,-6.4494,0.0000,0.0000,0.00,0,0.0000,14,1,0,0.0000,0.0000,0,-34.0137,0.0000,idle,-6.5482,-6.4494,-6.5482,-6.4494,-6.4494,0.4000
TEL,30679,SAFE_DISABLED,-6.5482,-6.4998,0.0000,0.0000,0.00,0,0.0000,34,1,0,0.0000,0.0000,0,-34.0137,0.0000,idle,-6.5482,-6.4998,-6.5482,-6.4998,-6.4998,0.4000
TEL,30779,SAFE_DISABLED,-6.5482,-6.5316,0.0000,0.0000,0.00,0,0.0000,15,1,0,0.0000,0.0000,0,-34.0137,0.0000,idle,-6.5482,-6.5316,-6.5482,-6.5316,-6.5316,0.4000
TEL,30879,SAFE_DISABLED,-6.5482,-6.5401,0.0000,0.0000,0.00,0,0.0000,34,1,0,0.0000,0.0000,0,-34.0137,0.0000,idle,-6.5482,-6.5401,-6.5482,-6.5401,-6.5401,0.4000
TEL,30979,SAFE_DISABLED,-6.2052,-6.3201,0.0000,0.0000,0.00,0,0.0000,12,1,0,0.0000,0.0000,0,-34.0137,0.0000,idle,-6.2052,-6.3201,-6.2052,-6.3201,-6.3201,0.4000
TEL,31079,SAFE_DISABLED,-6.2052,-6.2615,0.0000,0.0000,0.00,0,0.0000,32,1,0,0.0000,0.0000,0,-34.0137,0.0000,idle,-6.2052,-6.2615,-6.2052,-6.2615,-6.2615,0.4000
TEL,31179,SAFE_DISABLED,-6.5482,-6.3274,0.0000,0.0000,0.00,0,0.0000,12,1,0,0.0000,0.0000,0,-34.0137,0.0000,idle,-6.5482,-6.3274,-6.5482,-6.3274,-6.3274,0.4000
TEL,31279,SAFE_DISABLED,-6.5482,-6.4400,0.0000,0.0000,0.00,0,0.0000,32,1,0,0.0000,0.0000,0,-34.0137,0.0000,idle,-6.5482,-6.4400,-6.5482,-6.4400,-6.4400,0.4000
TEL,31379,SAFE_DISABLED,-6.5482,-6.5111,0.0000,0.0000,0.00,0,0.0000,11,1,0,0.0000,0.0000,0,-34.0137,0.0000,idle,-6.5482,-6.5111,-6.5482,-6.5111,-6.5111,0.4000
TEL,31479,SAFE_DISABLED,-6.1366,-6.4065,0.0000,0.0000,0.00,0,0.0000,32,1,0,0.0000,0.0000,0,-34.0137,0.0000,idle,-6.1366,-6.4065,-6.1366,-6.4065,-6.4065,0.4000
TEL,31579,SAFE_DISABLED,-6.4796,-6.4041,0.0000,0.0000,0.00,0,0.0000,12,1,0,0.0000,0.0000,0,-34.0137,0.0000,idle,-6.4796,-6.4041,-6.4796,-6.4041,-6.4041,0.4000
TEL,31679,SAFE_DISABLED,-6.4796,-6.3706,0.0000,0.0000,0.00,0,0.0000,32,1,0,0.0000,0.0000,0,-34.0137,0.0000,idle,-6.4796,-6.3706,-6.4796,-6.3706,-6.3706,0.4000
TEL,31779,SAFE_DISABLED,-6.1366,-6.2169,0.0000,0.0000,0.00,0,0.0000,12,1,0,0.0000,0.0000,0,-34.0137,0.0000,idle,-6.1366,-6.2169,-6.1366,-6.2169,-6.2169,0.4000
TEL,31879,SAFE_DISABLED,-6.1366,-6.1759,0.0000,0.0000,0.00,0,0.0000,31,1,0,0.0000,0.0000,0,-34.0137,0.0000,idle,-6.1366,-6.1759,-6.1366,-6.1759,-6.1759,0.4000
TEL,31979,SAFE_DISABLED,-6.1366,-6.1559,0.0000,0.0000,0.00,0,0.0000,35,1,0,0.0000,0.0000,0,-34.0137,0.0000,idle,-6.1366,-6.1559,-6.1366,-6.1559,-6.1559,0.4000
TEL,32079,SAFE_DISABLED,-6.1366,-6.1432,0.0000,0.0000,0.00,0,0.0000,14,1,0,0.0000,0.0000,0,-34.0137,0.0000,idle,-6.1366,-6.1432,-6.1366,-6.1432,-6.1432,0.4000
TEL,32179,SAFE_DISABLED,-6.1366,-6.1398,0.0000,0.0000,0.00,0,0.0000,32,1,0,0.0000,0.0000,0,-34.0137,0.0000,idle,-6.1366,-6.1398,-6.1366,-6.1398,-6.1398,0.4000
TEL,32279,SAFE_DISABLED,-6.2052,-6.1828,0.0000,0.0000,0.00,0,0.0000,11,1,0,0.0000,0.0000,0,-34.0137,0.0000,idle,-6.2052,-6.1828,-6.2052,-6.1828,-6.1828,0.4000
OK,stopped
TEL,32379,SAFE_DISABLED,-6.1366,-6.1592,0.0000,0.0000,0.00,0,0.0000,32,1,0,0.0000,0.0000,0,-34.0137,0.0000,idle,-6.1366,-6.1592,-6.1366,-6.1592,-6.1592,0.4000
