BALL_BEAM_REF_BOOT
HOST_START_READY
REF_CFG,profile=center_far_near_90s,center_cm=13.0000,near_cm=9.0000,far_cm=17.0000,segment_ms=30000
REF,5084,13.0000,hold_center
TEL,5087,8.1321,8.1030,4.8991,-11.0000,0,0.000000
TEL,5187,8.2249,8.1152,4.8848,-67.0000,11,0.021598
TEL,5287,8.2563,8.1332,4.8668,-123.0000,65,0.127627
TEL,5387,8.0713,8.1150,4.8850,-128.3921,122,0.239546
TEL,5487,8.2093,8.1243,4.8757,-127.9719,128,0.251327
TEL,5587,8.2563,8.1490,4.8510,-127.1958,128,0.251327
TEL,5687,7.5865,8.1154,4.8846,-128.5482,127,0.249364
TEL,5787,8.1474,8.0968,4.9032,-128.7931,129,0.253291
TEL,5888,8.2721,8.1167,4.8833,-127.9600,129,0.253291
TEL,5988,7.1894,8.1262,4.8833,-127.9600,128,0.251327
TEL,6088,7.9669,8.0853,4.9049,-129.0705,129,0.253291
TEL,6188,8.2406,8.1144,4.9077,-128.8365,129,0.253291
TEL,6288,8.3198,8.1423,4.8719,-127.5679,128,0.251327
TEL,6388,7.7935,8.1162,4.8838,-128.3332,128,0.251327
TEL,6488,8.1168,8.1019,4.8981,-128.6036,129,0.253291
TEL,6588,7.9229,8.1053,4.8803,-127.8864,128,0.251327
TEL,6688,6.5622,8.1177,4.8803,-127.8864,128,0.251327
TEL,6788,8.0864,8.1009,4.8979,-128.6052,129,0.253291
TEL,6888,8.1938,8.1146,4.8914,-128.2123,128,0.251327
TEL,6988,8.2879,8.1425,4.8679,-127.4452,127,0.249364
TEL,7088,8.3038,8.1625,4.8477,-126.7904,127,0.249364
TEL,7188,8.3518,8.1967,4.8148,-125.8743,126,0.247400
TEL,7288,8.3198,8.2120,4.7959,-125.4035,125,0.245437
TEL,7388,8.3518,8.2299,4.7850,-125.2575,125,0.245437
TEL,7488,8.3038,8.2389,4.7654,-124.8195,125,0.245437
TEL,7588,8.3841,8.2588,4.7490,-124.3491,124,0.243473
TEL,7688,8.2879,8.2629,4.7386,-124.2018,124,0.243473
TEL,7788,8.3841,8.2715,4.7345,-124.2179,124,0.243473
TEL,7888,8.3841,8.2785,4.7269,-124.1064,124,0.243473
TEL,7988,8.3198,8.2849,4.7169,-123.8431,124,0.243473
TEL,8088,8.3198,8.2872,4.7143,-123.8601,124,0.243473
TEL,8188,8.3038,8.2898,4.7108,-123.8385,124,0.243473
TEL,8288,8.3038,8.2927,4.7078,-123.7605,124,0.243473
TEL,8388,8.3518,8.2967,4.7054,-123.7061,124,0.243473
TEL,8488,8.2879,8.2961,4.7036,-123.7369,124,0.243473
TEL,8588,8.3518,8.2989,4.7029,-123.7872,124,0.243473
TEL,8688,8.2879,8.2982,4.7015,-123.7867,124,0.243473
TEL,8788,7.0576,8.2831,4.7007,-123.7480,124,0.243473
TEL,8888,7.7935,8.2650,4.7350,-124.7899,125,0.245437
TEL,8988,8.1938,8.2509,4.7463,-125.0811,125,0.245437
TEL,9088,8.2563,8.2501,4.7499,-125.1109,125,0.245437
TEL,9188,7.2632,8.2516,4.7499,-125.1109,125,0.245437
TEL,9288,8.0562,8.2252,4.7664,-125.6967,126,0.247400
TEL,9388,8.2563,8.2259,4.7748,-125.8122,126,0.247400
TEL,9488,8.2879,8.2325,4.7700,-125.5181,126,0.247400
TEL,9588,7.9521,8.2205,4.7795,-125.8892,126,0.247400
TEL,9688,8.2093,8.2119,4.7881,-126.0460,126,0.247400
TEL,9788,8.2721,8.2150,4.7850,-125.8607,126,0.247400
TEL,9888,6.4608,8.2174,4.7850,-125.8607,126,0.247400
TEL,9988,8.1321,8.1864,4.8022,-126.5848,127,0.249364
TEL,10088,8.2249,8.1864,4.8136,-126.8462,127,0.249364
TEL,10188,7.0931,8.1950,4.8110,-126.6207,127,0.249364
TEL,10288,7.6407,8.1691,4.8309,-127.3731,127,0.249364
TEL,10388,8.2249,8.1546,4.8497,-127.8447,128,0.251327
TEL,10488,8.2563,8.1650,4.8350,-127.2077,127,0.249364
TEL,10588,7.3766,8.1745,4.8350,-127.2077,127,0.249364
TEL,10688,8.0562,8.1474,4.8464,-127.6872,128,0.251327
TEL,10788,8.2249,8.1553,4.8526,-127.7280,128,0.251327
TEL,10888,8.2879,8.1679,4.8391,-127.1686,127,0.249364
TEL,10988,7.8362,8.1495,4.8505,-127.6696,128,0.251327
TEL,11088,8.1474,8.1423,4.8577,-127.7585,128,0.251327
TEL,11188,8.2721,8.1590,4.8410,-127.1183,127,0.249364
TEL,11288,6.5417,8.1644,4.8410,-127.1183,127,0.249364
TEL,11388,8.0864,8.1458,4.8505,-127.5665,128,0.251327
TEL,11488,8.2406,8.1527,4.8524,-127.5137,128,0.251327
TEL,11588,8.2879,8.1747,4.8320,-126.7340,127,0.249364
TEL,11688,7.6681,8.1464,4.8536,-127.7854,128,0.251327
TEL,11788,8.1938,8.1457,4.8575,-127.8498,128,0.251327
TEL,11888,8.2721,8.1587,4.8413,-127.1777,127,0.249364
TEL,11988,7.2881,8.1699,4.8301,-126.7577,127,0.249364
TEL,12088,7.9964,8.1303,4.8697,-128.0352,128,0.251327
TEL,12188,8.2879,8.1421,4.8675,-127.8463,128,0.251327
TEL,12288,8.0864,8.1453,4.8508,-127.2358,127,0.249364
TEL,12388,7.9083,8.1311,4.8689,-127.8819,128,0.251327
TEL,12488,8.2093,8.1341,4.8659,-127.6663,128,0.251327
TEL,12588,8.3198,8.1561,4.8439,-126.8843,127,0.249364
TEL,12688,6.7851,8.1639,4.8439,-126.8843,127,0.249364
TEL,12788,8.0562,8.1115,4.8686,-128.1247,128,0.251327
TEL,12888,8.1938,8.1202,4.8885,-128.6463,129,0.253291
TEL,12988,8.2879,8.1449,4.8730,-127.9890,128,0.251327
TEL,13088,7.6271,8.1118,4.8551,-127.2727,127,0.249364
TEL,13188,8.1628,8.1063,4.8979,-128.6466,129,0.253291
TEL,13288,8.2721,8.1254,4.8937,-128.4012,128,0.251327
TEL,13388,6.5111,8.1431,4.8649,-127.4455,127,0.249364
TEL,13488,7.9521,8.0929,4.8952,-128.8948,129,0.253291
TEL,13588,8.3038,8.1198,4.9017,-128.7786,129,0.253291
TEL,13688,8.3518,8.1237,4.8802,-127.8147,128,0.251327
TEL,13788,7.8219,8.1003,4.8997,-128.7070,129,0.253291
TEL,13888,8.1321,8.0950,4.9050,-128.7104,129,0.253291
TEL,13988,8.0562,8.1147,4.8806,-127.6741,128,0.251327
TEL,14088,7.0576,8.1260,4.8806,-127.6741,128,0.251327
TEL,14188,8.0562,8.0995,4.8969,-128.5441,129,0.253291
TEL,14288,8.2249,8.1115,4.8970,-128.4413,128,0.251327
TEL,14388,8.2879,8.1468,4.8639,-127.3429,127,0.249364
TEL,14488,7.6135,8.1092,4.8908,-128.7248,129,0.253291
TEL,14588,8.2093,8.1098,4.8984,-128.6942,129,0.253291
TEL,14688,8.2563,8.1273,4.8727,-127.7501,128,0.251327
TEL,14788,6.4808,8.1474,4.8526,-127.0488,127,0.249364
TEL,14888,7.9229,8.1314,4.8686,-127.7020,128,0.251327
TEL,14988,8.2249,8.1244,4.8837,-127.9197,128,0.251327
TEL,15088,8.0713,8.1348,4.8601,-126.9954,127,0.249364
TEL,15188,7.6407,8.0993,4.9007,-128.5628,129,0.253291
TEL,15288,8.1321,8.0952,4.9048,-128.5854,129,0.253291
TEL,15388,7.9816,8.1022,4.8885,-127.9464,128,0.251327
TEL,15488,8.3358,8.1312,4.8688,-127.1294,127,0.249364
TEL,15588,8.0262,8.0959,4.9041,-128.3579,128,0.251327
TEL,15688,8.2879,8.1138,4.8862,-127.6289,128,0.251327
TEL,15788,8.2879,8.1467,4.8533,-126.7018,127,0.249364
TEL,15888,7.5330,8.1015,4.8985,-128.6520,129,0.253291
TEL,15988,8.2093,8.0881,4.9119,-128.6318,129,0.253291
TEL,16088,8.2563,8.1145,4.8855,-127.7119,128,0.251327
TEL,16188,8.3518,8.1607,4.8561,-126.7947,127,0.249364
TEL,16288,8.3198,8.1895,4.8105,-125.5770,126,0.247400
TEL,16388,8.3038,8.2147,4.7853,-125.0098,125,0.245437
TEL,16488,8.3038,8.2274,4.7726,-124.7741,125,0.245437
TEL,16588,8.2879,8.2398,4.7602,-124.5981,125,0.245437
TEL,16688,8.3038,8.2465,4.7535,-124.5165,125,0.245437
TEL,16788,8.3679,8.2620,4.7380,-124.1259,124,0.243473
TEL,16888,8.3038,8.2665,4.7335,-124.1242,124,0.243473
TEL,16988,8.3198,8.2759,4.7241,-123.9701,124,0.243473
TEL,17088,8.3038,8.2823,4.7177,-123.9006,124,0.243473
TEL,17188,8.3038,8.2851,4.7149,-123.9008,124,0.243473
TEL,17288,8.3198,8.2867,4.7133,-123.8966,124,0.243473
TEL,17388,8.2879,8.2880,4.7120,-123.9103,124,0.243473
TEL,17488,8.2879,8.2891,4.7109,-123.9358,124,0.243473
TEL,17588,8.2879,8.2931,4.7069,-123.8798,124,0.243473
TEL,17688,8.3358,8.2943,4.7057,-123.8360,124,0.243473
TEL,17788,8.3518,8.2991,4.7009,-123.7014,124,0.243473
TEL,17888,8.3358,8.3013,4.6987,-123.6510,124,0.243473
TEL,17988,7.5463,8.2798,4.7202,-124.5242,125,0.245437
TEL,18088,8.0412,8.2521,4.7479,-125.4124,125,0.245437
TEL,18188,8.2406,8.2370,4.7630,-125.6366,126,0.247400
TEL,18288,6.8963,8.2418,4.7630,-125.6366,126,0.247400
TEL,18388,7.9964,8.2028,4.7846,-126.3704,126,0.247400
TEL,18488,8.1474,8.1964,4.8006,-126.6954,127,0.249364
TEL,18588,8.2721,8.2074,4.7963,-126.2904,126,0.247400
TEL,18688,6.5010,8.2108,4.7892,-125.9705,126,0.247400
TEL,18788,8.1628,8.1659,4.8339,-127.4697,127,0.249364
TEL,18888,8.2406,8.1719,4.8324,-127.2543,127,0.249364
TEL,18988,6.7308,8.1821,4.8179,-126.6478,127,0.249364
TEL,19088,7.7935,8.1604,4.8396,-127.3969,127,0.249364
TEL,19188,8.2249,8.1553,4.8491,-127.5621,128,0.251327
TEL,19288,8.3198,8.1684,4.8316,-126.8302,127,0.249364
TEL,19388,7.1894,8.1753,4.8316,-126.8302,127,0.249364
TEL,19488,8.1016,8.1596,4.8367,-127.1588,127,0.249364
TEL,19588,8.3198,8.1728,4.8411,-127.2621,127,0.249364
TEL,19688,8.2879,8.1494,4.8272,-126.6648,127,0.249364
TEL,19788,7.9521,8.1005,4.8868,-128.7421,129,0.253291
TEL,19888,8.2093,8.1075,4.9006,-128.9741,129,0.253291
TEL,19988,8.2879,8.1372,4.8742,-127.9540,128,0.251327
TEL,20088,6.5010,8.1479,4.8521,-127.1286,127,0.249364
TEL,20188,8.1321,8.1386,4.8772,-128.1782,128,0.251327
TEL,20288,8.2249,8.1484,4.8574,-127.5523,128,0.251327
TEL,20388,8.2563,8.1569,4.8443,-127.0383,127,0.249364
TEL,20488,7.7653,8.1319,4.8681,-128.0869,128,0.251327
TEL,20588,8.1783,8.1247,4.8791,-128.3220,128,0.251327
TEL,20688,8.2563,8.1390,4.8610,-127.5984,128,0.251327
TEL,20788,7.3511,8.1463,4.8610,-127.5984,128,0.251327
TEL,20888,8.1016,8.1279,4.8703,-128.0628,128,0.251327
TEL,20988,8.2563,8.1485,4.8670,-127.7887,128,0.251327
TEL,21088,8.3358,8.1537,4.8515,-127.2191,127,0.249364
TEL,21188,7.9229,8.1065,4.8790,-128.4813,128,0.251327
TEL,21288,8.1783,8.1102,4.8949,-128.7959,129,0.253291
TEL,21388,8.2721,8.1208,4.8894,-128.5593,129,0.253291
TEL,21488,6.5622,8.1335,4.8665,-127.5839,128,0.251327
TEL,21588,8.1016,8.1214,4.8925,-128.6412,129,0.253291
TEL,21688,8.2406,8.1321,4.8757,-128.0915,128,0.251327
TEL,21788,8.2879,8.1204,4.8607,-127.5064,128,0.251327
TEL,21888,7.6544,8.0851,4.9149,-129.4291,129,0.253291
TEL,21988,8.1938,8.0862,4.9228,-129.4210,129,0.253291
TEL,22088,8.2721,8.1111,4.8889,-128.1523,128,0.251327
TEL,22188,7.3511,8.1221,4.8889,-128.1523,128,0.251327
TEL,22288,8.0562,8.0891,4.9079,-129.0697,129,0.253291
TEL,22388,8.2563,8.1100,4.9087,-128.9478,129,0.253291
TEL,22488,8.2879,8.1335,4.8784,-127.8496,128,0.251327
TEL,22588,7.8077,8.1100,4.8900,-128.5230,129,0.253291
TEL,22688,8.1783,8.1123,4.8877,-128.2744,128,0.251327
TEL,22788,8.2879,8.1405,4.8595,-127.2943,127,0.249364
TEL,22888,6.4909,8.1529,4.8595,-127.2943,127,0.249364
TEL,22988,8.1016,8.1314,4.8663,-127.8363,128,0.251327
TEL,23088,8.1938,8.1406,4.8632,-127.5943,128,0.251327
TEL,23188,7.2757,8.1592,4.8408,-126.7480,127,0.249364
TEL,23288,7.7794,8.1344,4.8656,-127.7513,128,0.251327
TEL,23388,8.1783,8.1286,4.8750,-127.9679,128,0.251327
TEL,23488,6.4708,8.1358,4.8642,-127.5122,128,0.251327
TEL,23588,6.4808,8.1597,4.8403,-126.6830,127,0.249364
TEL,23688,8.2879,8.1425,4.8692,-127.9294,128,0.251327
TEL,23788,8.2406,8.1569,4.8492,-127.2041,127,0.249364
TEL,23888,8.2879,8.1728,4.8272,-126.4946,126,0.247400
TEL,23988,7.8505,8.1517,4.8483,-127.3455,127,0.249364
TEL,24088,8.1474,8.1431,4.8569,-127.5453,128,0.251327
TEL,24188,7.9964,8.1419,4.8486,-127.2119,127,0.249364
TEL,24288,6.5111,8.1499,4.8486,-127.2119,127,0.249364
TEL,24388,8.0713,8.0957,4.8849,-128.6997,129,0.253291
TEL,24488,8.1938,8.1112,4.9043,-129.0895,129,0.253291
TEL,24588,8.2563,8.1328,4.8852,-128.4186,128,0.251327
TEL,24688,7.7234,8.1059,4.8672,-127.6872,128,0.251327
TEL,24788,8.2249,8.1069,4.9032,-128.8470,129,0.253291
TEL,24888,8.2406,8.1285,4.8931,-128.3108,128,0.251327
TEL,24988,6.4708,8.1550,4.8585,-127.1431,127,0.249364
TEL,25088,7.9521,8.1177,4.8686,-127.9141,128,0.251327
TEL,25188,8.3038,8.1338,4.8847,-128.3494,128,0.251327
TEL,25288,8.3198,8.1594,4.8530,-127.1799,127,0.249364
TEL,25388,8.2879,8.1873,4.8301,-126.4152,126,0.247400
TEL,25488,8.2879,8.2018,4.8046,-125.7137,126,0.247400
TEL,25588,8.2879,8.2187,4.7924,-125.4260,125,0.245437
TEL,25688,8.3038,8.2318,4.7730,-124.8913,125,0.245437
TEL,25788,8.3198,8.2458,4.7638,-124.7338,125,0.245437
TEL,25888,8.3679,8.2557,4.7509,-124.5009,125,0.245437
TEL,25988,8.3038,8.2655,4.7417,-124.3508,124,0.243473
TEL,26088,8.3038,8.2693,4.7325,-124.2026,124,0.243473
TEL,26188,8.3198,8.2747,4.7290,-124.1790,124,0.243473
TEL,26288,8.3518,8.2814,4.7219,-124.0004,124,0.243473
TEL,26388,8.3198,8.2854,4.7169,-123.9265,124,0.243473
TEL,26488,8.3198,8.2881,4.7132,-123.8766,124,0.243473
TEL,26588,8.3038,8.2904,4.7107,-123.8496,124,0.243473
TEL,26688,8.3038,8.2908,4.7097,-123.8877,124,0.243473
TEL,26788,8.3038,8.2910,4.7093,-123.9229,124,0.243473
TEL,26888,8.2879,8.2908,4.7091,-123.9488,124,0.243473
TEL,26988,8.2879,8.2923,4.7074,-123.8777,124,0.243473
TEL,27088,7.2881,8.2944,4.7056,-123.8031,124,0.243473
TEL,27188,7.9964,8.2676,4.7226,-124.4381,124,0.243473
TEL,27288,8.2093,8.2603,4.7377,-124.9206,125,0.245437
TEL,27388,8.2721,8.2621,4.7383,-124.8793,125,0.245437
TEL,27488,7.3766,8.2621,4.7383,-124.8793,125,0.245437
TEL,27588,8.1321,8.2401,4.7505,-125.2756,125,0.245437
TEL,27688,8.3198,8.2440,4.7599,-125.5570,126,0.247400
TEL,27788,6.4909,8.2449,4.7568,-125.4129,125,0.245437
TEL,27888,7.9816,8.2349,4.7651,-125.6462,126,0.247400
TEL,27988,8.2249,8.2271,4.7729,-125.8314,126,0.247400
TEL,28088,7.6271,8.2048,4.7718,-125.6911,126,0.247400
TEL,28188,7.6407,8.1775,4.8225,-127.1489,127,0.249364
TEL,28288,8.0864,8.1555,4.8445,-127.6932,128,0.251327
TEL,28388,8.2563,8.1690,4.8310,-127.0944,127,0.249364
TEL,28488,6.7308,8.1794,4.8310,-127.0944,127,0.249364
TEL,28588,8.0262,8.1482,4.8432,-127.6235,128,0.251327
TEL,28688,8.2093,8.1548,4.8488,-127.5622,128,0.251327
TEL,28788,8.2721,8.1719,4.8343,-126.9960,127,0.249364
TEL,28888,6.4909,8.1719,4.8343,-126.9960,127,0.249364
TEL,28988,8.1474,8.1428,4.8467,-127.5474,128,0.251327
TEL,29088,8.2563,8.1542,4.8572,-127.7259,128,0.251327
TEL,29188,6.5315,8.1704,4.8398,-127.0937,127,0.249364
TEL,29288,7.8793,8.1531,4.8469,-127.5136,128,0.251327
TEL,29388,8.2406,8.1589,4.8464,-127.2817,127,0.249364
TEL,29488,8.3198,8.1749,4.8251,-126.5174,127,0.249364
TEL,29588,7.4671,8.1808,4.8251,-126.5174,127,0.249364
TEL,29688,8.1168,8.1607,4.8363,-127.1197,127,0.249364
TEL,29788,8.2721,8.1733,4.8373,-127.0711,127,0.249364
TEL,29888,6.9646,8.1789,4.8211,-126.5283,127,0.249364
TEL,29988,7.9964,8.1423,4.8475,-127.5070,128,0.251327
TEL,30088,8.1628,8.1420,4.8594,-127.7910,128,0.251327
TEL,30188,8.2721,8.1602,4.8467,-127.2583,127,0.249364
TEL,30288,6.4909,8.1602,4.8467,-127.2583,127,0.249364
TEL,30388,8.2249,8.1359,4.8650,-128.0498,128,0.251327
TEL,30488,8.2879,8.1485,4.8641,-127.7719,128,0.251327
TEL,30588,6.5519,8.1612,4.8449,-127.1130,127,0.249364
TEL,30688,7.8938,8.1452,4.8548,-127.6219,128,0.251327
TEL,30788,8.2093,8.1451,4.8590,-127.6508,128,0.251327
TEL,30888,8.2721,8.1575,4.8425,-127.0474,127,0.249364
TEL,30988,7.5731,8.1298,4.8702,-128.3074,128,0.251327
TEL,31088,8.0713,8.1164,4.8836,-128.6023,129,0.253291
TEL,31188,7.8649,8.1124,4.8710,-128.0285,128,0.251327
TEL,31288,8.2721,8.1320,4.8680,-127.6368,128,0.251327
TEL,31388,7.9229,8.0921,4.9079,-129.0361,129,0.253291
TEL,31488,8.1628,8.0988,4.9012,-128.6666,129,0.253291
TEL,31588,8.2879,8.1331,4.8669,-127.5047,128,0.251327
TEL,31688,7.2757,8.1331,4.8669,-127.5047,128,0.251327
TEL,31788,8.1168,8.1018,4.8944,-128.5603,129,0.253291
TEL,31888,8.2249,8.1150,4.8982,-128.5896,129,0.253291
TEL,31988,6.9076,8.1196,4.8850,-128.0392,128,0.251327
TEL,32088,7.8505,8.1021,4.8979,-128.6562,129,0.253291
TEL,32188,8.2249,8.1099,4.8979,-128.5337,129,0.253291
TEL,32288,8.2721,8.1318,4.8682,-127.5500,128,0.251327
TEL,32388,7.6000,8.1050,4.8950,-128.8493,129,0.253291
TEL,32488,8.0713,8.0866,4.9134,-129.2216,129,0.253291
TEL,32588,7.8219,8.0848,4.8952,-128.4677,128,0.251327
TEL,32688,8.2563,8.1166,4.8834,-127.8518,128,0.251327
TEL,32788,7.9083,8.0689,4.9311,-129.5266,130,0.255254
TEL,32888,8.2406,8.0826,4.9174,-128.7606,129,0.253291
TEL,32988,8.2563,8.1205,4.8795,-127.5941,128,0.251327
TEL,33088,7.2632,8.1310,4.8795,-127.5941,128,0.251327
TEL,33188,8.1168,8.0956,4.9055,-128.9773,129,0.253291
TEL,33288,8.2406,8.1119,4.9044,-128.8271,129,0.253291
TEL,33388,8.1016,8.1154,4.8881,-128.1153,128,0.251327
TEL,33488,7.8077,8.0949,4.8846,-128.1188,128,0.251327
TEL,33588,8.2249,8.1069,4.9046,-128.6167,129,0.253291
TEL,33688,8.3358,8.1305,4.8931,-128.1357,128,0.251327
TEL,33788,7.4933,8.1389,4.8611,-127.2154,127,0.249364
TEL,33888,8.0562,8.1136,4.8820,-128.0894,128,0.251327
TEL,33988,8.2406,8.1295,4.8841,-128.0959,128,0.251327
TEL,34088,8.2879,8.1395,4.8705,-127.5891,128,0.251327
TEL,34188,8.3038,8.1652,4.8531,-127.0443,127,0.249364
TEL,34288,8.3038,8.1813,4.8270,-126.3171,126,0.247400
TEL,34388,8.3679,8.2080,4.8109,-125.8626,126,0.247400
TEL,34488,8.3038,8.2207,4.7849,-125.2049,125,0.245437
TEL,34588,8.3679,8.2426,4.7741,-124.9811,125,0.245437
TEL,34688,8.3038,8.2497,4.7537,-124.5545,125,0.245437
TEL,34788,8.2879,8.2608,4.7472,-124.4624,124,0.243473
TEL,34888,8.3518,8.2669,4.7377,-124.3287,124,0.243473
TEL,34988,8.3198,8.2790,4.7280,-124.0560,124,0.243473
REF,35081,17.0000,hold_far
TEL,35088,8.3518,8.2829,8.7171,-61.0000,122,0.239546
TEL,35188,8.3518,8.2869,8.7131,-117.0000,64,0.125664
TEL,35288,8.3038,8.2883,8.7117,-165.0000,110,0.215984
TEL,35388,8.3518,8.2943,8.7057,-165.0000,165,0.323977
TEL,35488,8.3841,8.3004,8.6996,-165.0000,165,0.323977
TEL,35588,8.3679,8.3048,8.6952,-165.0000,165,0.323977
TEL,35688,8.3518,8.3094,8.6906,-165.0000,165,0.323977
TEL,35788,8.2879,8.3099,8.6901,-165.0000,165,0.323977
TEL,35888,8.2879,8.3095,8.6905,-165.0000,165,0.323977
TEL,35988,8.3198,8.3090,8.6910,-165.0000,165,0.323977
TEL,36088,8.2879,8.3078,8.6922,-165.0000,165,0.323977
TEL,36188,6.8738,8.3062,8.6922,-165.0000,165,0.323977
TEL,36288,7.6271,8.2874,8.7126,-165.0000,165,0.323977
TEL,36388,8.1628,8.2709,8.7247,-165.0000,165,0.323977
TEL,36488,8.2406,8.2680,8.7320,-165.0000,165,0.323977
TEL,36588,6.4808,8.2699,8.7320,-165.0000,165,0.323977
TEL,36688,8.0113,8.2427,8.7468,-165.0000,165,0.323977
TEL,36788,8.3038,8.2392,8.7610,-165.0000,165,0.323977
TEL,36888,8.2563,8.2407,8.7600,-165.0000,165,0.323977
TEL,36988,7.9521,8.2286,8.7714,-165.0000,165,0.323977
TEL,37088,8.1474,8.2159,8.7841,-165.0000,165,0.323977
TEL,37188,8.2563,8.2234,8.7766,-165.0000,165,0.323977
TEL,37288,6.5519,8.2277,8.7766,-165.0000,165,0.323977
TEL,37388,8.0713,8.2128,8.7711,-165.0000,165,0.323977
TEL,37488,8.2721,8.2126,8.7872,-165.0000,165,0.323977
TEL,37588,7.0108,8.2185,8.7862,-165.0000,165,0.323977
TEL,37688,7.6000,8.1911,8.8089,-165.0000,165,0.323977
TEL,37788,8.1628,8.1767,8.8225,-165.0000,165,0.323977
TEL,37888,6.5010,8.1785,8.8215,-165.0000,165,0.323977
TEL,37988,7.1894,8.1848,8.8215,-165.0000,165,0.323977
TEL,38088,7.9816,8.1520,8.8374,-165.0000,165,0.323977
TEL,38188,8.2406,8.1580,8.8482,-165.0000,165,0.323977
TEL,38288,8.2563,8.1708,8.8341,-165.0000,165,0.323977
TEL,38388,7.7373,8.1474,8.8526,-165.0000,165,0.323977
TEL,38488,8.1016,8.1367,8.8633,-165.0000,165,0.323977
TEL,38588,8.3198,8.1604,8.8396,-165.0000,165,0.323977
TEL,38688,6.5111,8.1699,8.8396,-165.0000,165,0.323977
TEL,38788,8.0262,8.1118,8.8639,-165.0000,165,0.323977
TEL,38888,8.2406,8.1230,8.8882,-165.0000,165,0.323977
TEL,38988,8.2563,8.1448,8.8770,-165.0000,165,0.323977
TEL,39088,7.6271,8.1092,8.8552,-165.0000,165,0.323977
TEL,39188,8.1628,8.1000,8.9056,-165.0000,165,0.323977
TEL,39288,8.2563,8.1182,8.9000,-165.0000,165,0.323977
TEL,39388,6.4708,8.0985,8.8818,-165.0000,165,0.323977
TEL,39488,7.9375,8.0483,8.9413,-165.0000,165,0.323977
TEL,39588,8.2249,8.0751,8.9498,-165.0000,165,0.323977
TEL,39688,8.3358,8.1071,8.9121,-165.0000,165,0.323977
TEL,39788,7.6956,8.0742,8.9258,-165.0000,165,0.323977
TEL,39888,8.1168,8.0750,8.9250,-165.0000,165,0.323977
TEL,39988,7.3385,8.1033,8.8967,-165.0000,165,0.323977
TEL,40088,6.6245,8.1141,8.8967,-165.0000,165,0.323977
TEL,40188,8.0262,8.0862,8.9085,-165.0000,165,0.323977
TEL,40288,8.1938,8.0985,8.9091,-165.0000,165,0.323977
TEL,40388,8.3198,8.1371,8.8772,-165.0000,165,0.323977
TEL,40488,7.4151,8.1371,8.8772,-165.0000,165,0.323977
TEL,40588,8.2249,8.1408,8.8655,-165.0000,165,0.323977
TEL,40688,8.2406,8.1549,8.8513,-165.0000,165,0.323977
TEL,40788,6.4808,8.1770,8.8230,-165.0000,165,0.323977
TEL,40888,8.0113,8.1290,8.8609,-165.0000,165,0.323977
TEL,40988,8.2249,8.1333,8.8737,-165.0000,165,0.323977
TEL,41088,8.2721,8.1550,8.8539,-165.0000,165,0.323977
TEL,41188,7.7653,8.1279,8.8721,-165.0000,165,0.323977
TEL,41288,8.1168,8.1199,8.8801,-165.0000,165,0.323977
TEL,41388,8.2563,8.1473,8.8527,-165.0000,165,0.323977
TEL,41488,6.7416,8.1558,8.8527,-165.0000,165,0.323977
TEL,41588,7.9816,8.1156,8.8734,-165.0000,165,0.323977
TEL,41688,8.1938,8.1267,8.8785,-165.0000,165,0.323977
TEL,41788,8.2563,8.1487,8.8591,-165.0000,165,0.323977
TEL,41888,7.6544,8.1159,8.8841,-165.0000,165,0.323977
TEL,41988,8.1783,8.1040,8.9019,-165.0000,165,0.323977
TEL,42088,6.5213,8.1103,8.8897,-165.0000,165,0.323977
TEL,42188,6.6455,8.1330,8.8670,-165.0000,165,0.323977
TEL,42288,7.8505,8.0817,8.9183,-165.0000,165,0.323977
TEL,42388,8.1938,8.0993,8.9083,-165.0000,165,0.323977
TEL,42488,7.6818,8.0788,8.8905,-165.0000,165,0.323977
TEL,42588,7.6135,8.0582,8.9418,-165.0000,165,0.323977
TEL,42688,8.1168,8.0544,8.9456,-165.0000,165,0.323977
TEL,42788,8.2879,8.0939,8.9061,-165.0000,165,0.323977
TEL,42888,6.8514,8.1124,8.9061,-165.0000,165,0.323977
TEL,42988,7.9669,8.0662,8.9237,-165.0000,165,0.323977
TEL,43088,8.1783,8.0758,8.9333,-165.0000,165,0.323977
TEL,43188,8.3198,8.1231,8.9086,-165.0000,165,0.323977
TEL,43288,8.2721,8.1451,8.8660,-165.0000,165,0.323977
TEL,43388,8.2879,8.1784,8.8449,-165.0000,165,0.323977
TEL,43488,8.2721,8.1931,8.8132,-165.0000,165,0.323977
TEL,43588,8.3358,8.2150,8.8001,-165.0000,165,0.323977
TEL,43688,8.2879,8.2244,8.7801,-165.0000,165,0.323977
TEL,43788,8.2879,8.2382,8.7650,-165.0000,165,0.323977
TEL,43888,8.2721,8.2420,8.7598,-165.0000,165,0.323977
TEL,43988,8.3358,8.2529,8.7516,-165.0000,165,0.323977
TEL,44088,8.3518,8.2619,8.7429,-165.0000,165,0.323977
TEL,44188,8.3518,8.2677,8.7364,-165.0000,165,0.323977
TEL,44288,8.3518,8.2723,8.7314,-165.0000,165,0.323977
TEL,44388,8.2879,8.2769,8.7236,-165.0000,165,0.323977
TEL,44488,8.3518,8.2809,8.7220,-165.0000,165,0.323977
TEL,44588,8.2879,8.2859,8.7169,-165.0000,165,0.323977
TEL,44688,8.2879,8.2860,8.7140,-165.0000,165,0.323977
TEL,44788,8.2879,8.2867,8.7133,-165.0000,165,0.323977
TEL,44888,8.2879,8.2868,8.7132,-165.0000,165,0.323977
TEL,44988,8.3518,8.2920,8.7098,-165.0000,165,0.323977
TEL,45088,7.7373,8.2754,8.7246,-165.0000,165,0.323977
TEL,45188,8.2406,8.2635,8.7356,-165.0000,165,0.323977
TEL,45288,8.2563,8.2618,8.7382,-165.0000,165,0.323977
TEL,45388,7.4023,8.2616,8.7382,-165.0000,165,0.323977
TEL,45488,8.0412,8.2394,8.7523,-165.0000,165,0.323977
TEL,45588,8.2249,8.2352,8.7632,-165.0000,165,0.323977
TEL,45688,8.3198,8.2392,8.7640,-165.0000,165,0.323977
TEL,45788,7.9375,8.2025,8.7842,-165.0000,165,0.323977
TEL,45888,8.1628,8.1933,8.8051,-165.0000,165,0.323977
TEL,45988,8.2563,8.1992,8.8037,-165.0000,165,0.323977
TEL,46088,6.4608,8.2048,8.7952,-165.0000,165,0.323977
TEL,46188,8.1321,8.1584,8.8399,-165.0000,165,0.323977
TEL,46288,8.2093,8.1615,8.8414,-165.0000,165,0.323977
TEL,46388,7.0108,8.1739,8.8261,-165.0000,165,0.323977
TEL,46488,7.8362,8.1556,8.8444,-165.0000,165,0.323977
TEL,46588,8.1628,8.1473,8.8537,-165.0000,165,0.323977
TEL,46688,8.2406,8.1555,8.8445,-165.0000,165,0.323977
TEL,46788,6.4608,8.1609,8.8445,-165.0000,165,0.323977
TEL,46888,8.0113,8.1316,8.8608,-165.0000,165,0.323977
TEL,46988,8.2249,8.1270,8.8844,-165.0000,165,0.323977
TEL,47088,8.3198,8.1463,8.8650,-165.0000,165,0.323977
TEL,47188,7.8362,8.1268,8.8732,-165.0000,165,0.323977
TEL,47288,8.1783,8.1267,8.8733,-165.0000,165,0.323977
TEL,47388,8.3198,8.1475,8.8525,-165.0000,165,0.323977
TEL,47488,6.8850,8.1581,8.8525,-165.0000,165,0.323977
TEL,47588,8.1474,8.1132,8.8759,-165.0000,165,0.323977
TEL,47688,8.2093,8.1261,8.8868,-165.0000,165,0.323977
TEL,47788,8.3038,8.1461,8.8739,-165.0000,165,0.323977
TEL,47888,7.6956,8.1157,8.8539,-165.0000,165,0.323977
TEL,47988,8.1783,8.1065,8.8979,-165.0000,165,0.323977
TEL,48088,8.2879,8.1298,8.8935,-165.0000,165,0.323977
TEL,48188,6.5519,8.1502,8.8579,-165.0000,165,0.323977
TEL,48288,7.9816,8.1057,8.8835,-165.0000,165,0.323977
TEL,48388,8.2879,8.1223,8.8958,-165.0000,165,0.323977
TEL,48488,8.3198,8.1441,8.8693,-165.0000,165,0.323977
TEL,48588,7.8219,8.1210,8.8790,-165.0000,165,0.323977
TEL,48688,8.1016,8.1139,8.8861,-165.0000,165,0.323977
TEL,48788,8.3198,8.1468,8.8532,-165.0000,165,0.323977
TEL,48888,6.6455,8.1556,8.8532,-165.0000,165,0.323977
TEL,48988,8.1168,8.0993,8.8830,-165.0000,165,0.323977
TEL,49088,8.2721,8.1191,8.9007,-165.0000,165,0.323977
TEL,49188,8.3198,8.1558,8.8717,-165.0000,165,0.323977
TEL,49288,7.4933,8.1558,8.8442,-165.0000,165,0.323977
TEL,49388,8.1628,8.1355,8.8640,-165.0000,165,0.323977
TEL,49488,8.2563,8.1517,8.8645,-165.0000,165,0.323977
TEL,49588,7.2139,8.1695,8.8369,-165.0000,165,0.323977
TEL,49688,8.0562,8.1369,8.8566,-165.0000,165,0.323977
TEL,49788,8.2093,8.1458,8.8612,-165.0000,165,0.323977
TEL,49888,8.3358,8.1577,8.8542,-165.0000,165,0.323977
TEL,49988,7.7234,8.1298,8.8702,-165.0000,165,0.323977
TEL,50088,8.1016,8.1188,8.8812,-165.0000,165,0.323977
TEL,50188,8.3038,8.1351,8.8649,-165.0000,165,0.323977
TEL,50288,6.9303,8.1480,8.8649,-165.0000,165,0.323977
TEL,50388,8.1168,8.1271,8.8721,-165.0000,165,0.323977
TEL,50488,8.1938,8.1339,8.8704,-165.0000,165,0.323977
TEL,50588,8.3198,8.1578,8.8529,-165.0000,165,0.323977
TEL,50688,7.4933,8.1578,8.8529,-165.0000,165,0.323977
TEL,50788,8.1628,8.1400,8.8589,-165.0000,165,0.323977
TEL,50888,8.2406,8.1509,8.8600,-165.0000,165,0.323977
TEL,50988,6.4808,8.1703,8.8392,-165.0000,165,0.323977
TEL,51088,7.9669,8.1284,8.8594,-165.0000,165,0.323977
TEL,51188,8.2093,8.1342,8.8746,-165.0000,165,0.323977
TEL,51288,8.2563,8.1491,8.8581,-165.0000,165,0.323977
TEL,51388,7.6271,8.1232,8.8442,-165.0000,165,0.323977
TEL,51488,8.0864,8.1162,8.8816,-165.0000,165,0.323977
TEL,51588,8.2563,8.1341,8.8797,-165.0000,165,0.323977
TEL,51688,6.7308,8.1417,8.8583,-165.0000,165,0.323977
TEL,51788,8.0113,8.1085,8.8843,-165.0000,165,0.323977
TEL,51888,8.2563,8.1216,8.8878,-165.0000,165,0.323977
TEL,51988,8.2563,8.1494,8.8582,-165.0000,165,0.323977
TEL,52088,7.6407,8.1161,8.8839,-165.0000,165,0.323977
TEL,52188,8.2093,8.1014,8.9074,-165.0000,165,0.323977
TEL,52288,8.2879,8.1221,8.8779,-165.0000,165,0.323977
TEL,52388,8.3358,8.1592,8.8547,-165.0000,165,0.323977
TEL,52488,8.3358,8.1797,8.8203,-165.0000,165,0.323977
TEL,52588,8.2879,8.2045,8.8019,-165.0000,165,0.323977
TEL,52688,8.2879,8.2165,8.7835,-165.0000,165,0.323977
TEL,52788,8.2879,8.2372,8.7663,-165.0000,165,0.323977
TEL,52888,8.3518,8.2471,8.7529,-165.0000,165,0.323977
TEL,52988,8.2879,8.2600,8.7417,-165.0000,165,0.323977
TEL,53088,8.2879,8.2630,8.7370,-165.0000,165,0.323977
TEL,53188,8.2879,8.2695,8.7314,-165.0000,165,0.323977
TEL,53288,8.3518,8.2771,8.7266,-165.0000,165,0.323977
TEL,53388,8.3518,8.2819,8.7213,-165.0000,165,0.323977
TEL,53488,8.3038,8.2831,8.7169,-165.0000,165,0.323977
TEL,53588,8.2879,8.2860,8.7141,-165.0000,165,0.323977
TEL,53688,8.3679,8.2890,8.7110,-165.0000,165,0.323977
TEL,53788,8.3358,8.2916,8.7100,-165.0000,165,0.323977
TEL,53888,8.2879,8.2913,8.7085,-165.0000,165,0.323977
TEL,53988,8.2879,8.2906,8.7094,-165.0000,165,0.323977
TEL,54088,8.3038,8.2909,8.7091,-165.0000,165,0.323977
TEL,54188,7.4540,8.2921,8.7091,-165.0000,165,0.323977
TEL,54288,8.0262,8.2732,8.7186,-165.0000,165,0.323977
TEL,54388,8.3038,8.2685,8.7307,-165.0000,165,0.323977
TEL,54488,8.2563,8.2671,8.7325,-165.0000,165,0.323977
TEL,54588,7.8505,8.2533,8.7467,-165.0000,165,0.323977
TEL,54688,8.1628,8.2435,8.7565,-165.0000,165,0.323977
TEL,54788,8.2563,8.2426,8.7573,-165.0000,165,0.323977
TEL,54888,6.4808,8.2426,8.7573,-165.0000,165,0.323977
TEL,54988,8.0864,8.2066,8.7796,-165.0000,165,0.323977
TEL,55088,8.2249,8.2082,8.7934,-165.0000,165,0.323977
TEL,55188,6.7416,8.2110,8.7910,-165.0000,165,0.323977
TEL,55288,7.7935,8.1938,8.8062,-165.0000,165,0.323977
TEL,55388,8.1938,8.1843,8.8161,-165.0000,165,0.323977
TEL,55488,8.2563,8.1914,8.8086,-165.0000,165,0.323977
TEL,55588,7.4151,8.1951,8.8086,-165.0000,165,0.323977
TEL,55688,8.0412,8.1702,8.8228,-165.0000,165,0.323977
TEL,55788,8.2879,8.1773,8.8293,-165.0000,165,0.323977
TEL,55888,8.2721,8.1861,8.8182,-165.0000,165,0.323977
TEL,55988,7.9521,8.1750,8.8250,-165.0000,165,0.323977
TEL,56088,8.1474,8.1724,8.8276,-165.0000,165,0.323977
TEL,56188,8.2563,8.1835,8.8165,-165.0000,165,0.323977
TEL,56288,6.4708,8.1835,8.8165,-165.0000,165,0.323977
TEL,56388,8.1474,8.1499,8.8394,-165.0000,165,0.323977
TEL,56488,8.2721,8.1601,8.8501,-165.0000,165,0.323977
TEL,56588,7.3132,8.1674,8.8381,-165.0000,165,0.323977
TEL,56688,7.8219,8.1499,8.8501,-165.0000,165,0.323977
TEL,56788,8.1938,8.1420,8.8610,-165.0000,165,0.323977
TEL,56888,8.2563,8.1556,8.8444,-165.0000,165,0.323977
TEL,56988,7.2016,8.1653,8.8444,-165.0000,165,0.323977
TEL,57088,8.1168,8.1437,8.8546,-165.0000,165,0.323977
TEL,57188,8.1938,8.1494,8.8588,-165.0000,165,0.323977
TEL,57288,8.3198,8.1319,8.8506,-165.0000,165,0.323977
TEL,57388,7.9229,8.0811,8.9054,-165.0000,165,0.323977
TEL,57488,8.2093,8.0877,8.9221,-165.0000,165,0.323977
TEL,57588,8.3198,8.1247,8.8907,-165.0000,165,0.323977
TEL,57688,6.4808,8.1345,8.8655,-165.0000,165,0.323977
TEL,57788,8.1016,8.0910,8.9100,-165.0000,165,0.323977
TEL,57888,8.2406,8.1138,8.8966,-165.0000,165,0.323977
TEL,57988,6.8738,8.1331,8.8669,-165.0000,165,0.323977
TEL,58088,7.6544,8.0982,8.9018,-165.0000,165,0.323977
TEL,58188,8.1628,8.1025,8.9023,-165.0000,165,0.323977
TEL,58288,8.3038,8.1245,8.8755,-165.0000,165,0.323977
TEL,58388,7.2881,8.1339,8.8755,-165.0000,165,0.323977
TEL,58488,8.0412,8.1047,8.8900,-165.0000,165,0.323977
TEL,58588,8.2879,8.1310,8.8877,-165.0000,165,0.323977
TEL,58688,8.3198,8.1556,8.8569,-165.0000,165,0.323977
TEL,58788,7.9083,8.0946,8.8880,-165.0000,165,0.323977
TEL,58888,8.1474,8.0982,8.9061,-165.0000,165,0.323977
TEL,58988,8.2563,8.1289,8.8812,-165.0000,165,0.323977
TEL,59088,6.4808,8.1429,8.8571,-165.0000,165,0.323977
TEL,59188,8.0864,8.0837,8.9166,-165.0000,165,0.323977
TEL,59288,8.2093,8.0980,8.9112,-165.0000,165,0.323977
TEL,59388,8.3038,8.1322,8.8814,-165.0000,165,0.323977
TEL,59488,7.6956,8.0997,8.9003,-165.0000,165,0.323977
TEL,59588,8.2093,8.0895,8.9208,-165.0000,165,0.323977
TEL,59688,8.2879,8.1131,8.8869,-165.0000,165,0.323977
TEL,59788,7.3132,8.1266,8.8869,-165.0000,165,0.323977
TEL,59888,8.0262,8.0937,8.9002,-165.0000,165,0.323977
TEL,59988,8.2721,8.1127,8.9057,-165.0000,165,0.323977
TEL,60088,8.2563,8.1315,8.8781,-165.0000,165,0.323977
TEL,60188,7.8362,8.1107,8.8893,-165.0000,165,0.323977
TEL,60288,8.1783,8.1097,8.8903,-165.0000,165,0.323977
TEL,60388,8.3038,8.1383,8.8617,-165.0000,165,0.323977
TEL,60488,6.6245,8.1508,8.8617,-165.0000,165,0.323977
TEL,60588,8.1321,8.0899,8.8925,-165.0000,165,0.323977
TEL,60688,8.2093,8.1071,8.9101,-165.0000,165,0.323977
TEL,60788,8.3198,8.1471,8.8790,-165.0000,165,0.323977
TEL,60888,7.6271,8.1068,8.8529,-165.0000,165,0.323977
TEL,60988,8.1321,8.0992,8.9056,-165.0000,165,0.323977
TEL,61088,8.2406,8.1209,8.9008,-165.0000,165,0.323977
TEL,61188,7.2385,8.1449,8.8642,-165.0000,165,0.323977
TEL,61288,8.0562,8.1127,8.8823,-165.0000,165,0.323977
TEL,61388,8.2249,8.1273,8.8846,-165.0000,165,0.323977
TEL,61488,8.3198,8.1540,8.8727,-165.0000,165,0.323977
TEL,61588,8.2879,8.1771,8.8387,-165.0000,165,0.323977
TEL,61688,8.2879,8.1914,8.8229,-165.0000,165,0.323977
TEL,61788,8.2879,8.2118,8.8033,-165.0000,165,0.323977
TEL,61888,8.3358,8.2238,8.7834,-165.0000,165,0.323977
TEL,61988,8.3518,8.2391,8.7723,-165.0000,165,0.323977
TEL,62088,8.3518,8.2481,8.7581,-165.0000,165,0.323977
TEL,62188,8.2879,8.2566,8.7471,-165.0000,165,0.323977
TEL,62288,8.2879,8.2597,8.7418,-165.0000,165,0.323977
TEL,62388,8.3518,8.2684,8.7367,-165.0000,165,0.323977
TEL,62488,8.2721,8.2694,8.7307,-165.0000,165,0.323977
TEL,62588,8.3518,8.2793,8.7278,-165.0000,165,0.323977
TEL,62688,8.3038,8.2813,8.7196,-165.0000,165,0.323977
TEL,62788,8.2879,8.2820,8.7184,-165.0000,165,0.323977
TEL,62888,8.2879,8.2846,8.7155,-165.0000,165,0.323977
TEL,62988,8.3038,8.2854,8.7153,-165.0000,165,0.323977
TEL,63088,8.3038,8.2880,8.7125,-165.0000,165,0.323977
TEL,63188,8.3518,8.2918,8.7120,-165.0000,165,0.323977
TEL,63288,7.3007,8.2752,8.7082,-165.0000,165,0.323977
TEL,63388,7.9816,8.2417,8.7460,-165.0000,165,0.323977
TEL,63488,8.2406,8.2373,8.7629,-165.0000,165,0.323977
TEL,63588,8.3198,8.2453,8.7582,-165.0000,165,0.323977
TEL,63688,7.1894,8.2453,8.7582,-165.0000,165,0.323977
TEL,63788,8.1628,8.2188,8.7690,-165.0000,165,0.323977
TEL,63888,8.2879,8.2239,8.7812,-165.0000,165,0.323977
TEL,63988,6.9876,8.2268,8.7753,-165.0000,165,0.323977
TEL,64088,7.8505,8.2100,8.7900,-165.0000,165,0.323977
TEL,64188,8.1938,8.1985,8.8013,-165.0000,165,0.323977
TEL,64288,8.3358,8.2069,8.7931,-165.0000,165,0.323977
TEL,64388,7.4802,8.2069,8.7931,-165.0000,165,0.323977
TEL,64488,8.1321,8.1922,8.8046,-165.0000,165,0.323977
TEL,64588,8.2406,8.1953,8.8085,-165.0000,165,0.323977
TEL,64688,8.2563,8.2013,8.8012,-165.0000,165,0.323977
TEL,64788,7.9375,8.1651,8.8221,-165.0000,165,0.323977
TEL,64888,8.1938,8.1657,8.8358,-165.0000,165,0.323977
TEL,64988,8.2721,8.1773,8.8276,-165.0000,165,0.323977
REF,65081,9.0000,hold_near
TEL,65088,6.4708,8.1773,0.8227,-30.0000,165,0.323977
TEL,65188,8.1628,8.1536,0.8430,-50.1750,94,0.184569
TEL,65288,8.2249,8.1632,0.8464,-50.3887,50,0.098175
TEL,65388,6.8738,8.1733,0.8320,-50.0420,50,0.098175
TEL,65488,7.7095,8.1496,0.8504,-51.0430,51,0.100138
TEL,65588,8.2093,8.1526,0.8506,-51.0797,51,0.100138
TEL,65688,8.2563,8.1624,0.8376,-50.6944,51,0.100138
TEL,65788,7.6271,8.1395,0.8605,-51.8406,52,0.102102
TEL,65888,8.1016,8.1181,0.8819,-52.3816,52,0.102102
TEL,65988,8.2406,8.1330,0.8670,-51.8423,52,0.102102
TEL,66088,8.2563,8.1481,0.8519,-51.3784,51,0.100138
TEL,66188,7.9521,8.1180,0.8820,-52.5966,53,0.104065
TEL,66288,8.1783,8.1208,0.8792,-52.4595,52,0.102102
TEL,66388,8.2721,8.1445,0.8555,-51.7413,52,0.102102
TEL,66488,6.4808,8.1514,0.8555,-51.7413,52,0.102102
TEL,66588,8.1168,8.1107,0.8798,-53.0272,53,0.104065
TEL,66688,8.2406,8.1253,0.8893,-53.2422,53,0.104065
TEL,66788,6.6141,8.1427,0.8652,-52.4262,52,0.102102
TEL,66888,7.8505,8.1239,0.8761,-53.1384,53,0.104065
TEL,66988,8.2093,8.1277,0.8779,-53.1497,53,0.104065
TEL,67088,7.2881,8.1357,0.8643,-52.6853,53,0.104065
TEL,67188,7.3894,8.1441,0.8643,-52.6853,53,0.104065
TEL,67288,8.0562,8.1238,0.8714,-53.3003,53,0.104065
TEL,67388,8.2563,8.1388,0.8756,-53.4668,53,0.104065
TEL,67488,8.2563,8.1523,0.8542,-52.8423,53,0.104065
TEL,67588,8.0113,8.1210,0.8713,-53.8145,54,0.106029
TEL,67688,8.1783,8.1261,0.8773,-53.9377,54,0.106029
TEL,67788,8.2721,8.1454,0.8624,-53.4326,53,0.104065
TEL,67888,7.1772,8.1454,0.8624,-53.4326,53,0.104065
TEL,67988,8.1321,8.1148,0.8752,-54.2188,54,0.106029
TEL,68088,8.2406,8.1280,0.8852,-54.4709,54,0.106029
TEL,68188,6.7961,8.1377,0.8720,-54.0184,54,0.106029
TEL,68288,7.7794,8.1157,0.8843,-54.8225,55,0.107992
TEL,68388,8.2093,8.1215,0.8842,-54.8338,55,0.107992
TEL,68488,8.2721,8.1371,0.8629,-54.1502,54,0.106029
TEL,68588,7.4802,8.1461,0.8629,-54.1502,54,0.106029
TEL,68688,8.0262,8.1183,0.8752,-54.9527,55,0.107992
TEL,68788,8.2563,8.1375,0.8778,-54.9583,55,0.107992
TEL,68888,8.2563,8.1528,0.8541,-54.2474,54,0.106029
TEL,68988,7.9816,8.1171,0.8728,-55.3121,55,0.107992
TEL,69088,8.1783,8.1191,0.8851,-55.6972,56,0.109956
TEL,69188,8.2721,8.1456,0.8630,-54.9111,55,0.107992
TEL,69288,6.4808,8.1456,0.8630,-54.9111,55,0.107992
TEL,69388,8.1474,8.1439,0.8453,-54.5757,55,0.107992
TEL,69488,8.2721,8.1562,0.8561,-54.9843,55,0.107992
TEL,69588,6.7416,8.1705,0.8360,-54.4159,54,0.106029
TEL,69688,7.7794,8.1473,0.8527,-55.4070,55,0.107992
TEL,69788,8.2249,8.1458,0.8593,-55.6570,56,0.109956
TEL,69888,8.2721,8.1586,0.8414,-55.0990,55,0.107992
TEL,69988,7.6544,8.1367,0.8633,-56.2877,56,0.109956
TEL,70088,8.0713,8.1192,0.8808,-56.8035,57,0.111919
TEL,70188,8.2406,8.1360,0.8640,-56.1902,56,0.109956
TEL,70288,8.2563,8.1516,0.8484,-55.6934,56,0.109956
TEL,70388,8.2563,8.1274,0.8829,-57.1617,57,0.111919
TEL,70488,8.1938,8.1312,0.8688,-56.6854,57,0.111919
TEL,70588,8.2879,8.1543,0.8549,-56.1638,56,0.109956
TEL,70688,8.3038,8.1730,0.8270,-55.3771,55,0.107992
TEL,70788,8.3198,8.1978,0.8022,-54.7440,55,0.107992
TEL,70888,8.2879,8.2088,0.7912,-54.5646,55,0.107992
TEL,70988,8.3038,8.2250,0.7800,-54.4087,54,0.106029
TEL,71088,8.3198,8.2356,0.7644,-54.1190,54,0.106029
TEL,71188,8.2879,8.2455,0.7545,-54.0458,54,0.106029
TEL,71288,8.3198,8.2513,0.7487,-54.0111,54,0.106029
TEL,71388,8.2879,8.2564,0.7436,-54.0507,54,0.106029
TEL,71488,8.3038,8.2599,0.7401,-54.0939,54,0.106029
TEL,71588,8.3038,8.2645,0.7355,-54.1064,54,0.106029
TEL,71688,8.2879,8.2664,0.7336,-54.2000,54,0.106029
TEL,71788,8.2879,8.2681,0.7319,-54.2852,54,0.106029
TEL,71888,8.2879,8.2694,0.7305,-54.3711,54,0.106029
TEL,71988,8.2879,8.2707,0.7293,-54.4531,54,0.106029
TEL,72088,8.3038,8.2722,0.7278,-54.5095,55,0.107992
TEL,72188,8.3038,8.2740,0.7269,-54.5941,55,0.107992
TEL,72288,8.3038,8.2756,0.7244,-54.6241,55,0.107992
TEL,72388,6.9646,8.2767,0.7244,-54.6241,55,0.107992
TEL,72488,7.7234,8.2621,0.7379,-55.3499,55,0.107992
TEL,72588,8.1938,8.2557,0.7422,-55.5579,56,0.109956
TEL,72688,7.3007,8.2547,0.7453,-55.7047,56,0.109956
TEL,72788,7.4671,8.2547,0.7453,-55.7047,56,0.109956
TEL,72888,8.0713,8.2346,0.7591,-56.3012,56,0.109956
TEL,72988,8.2721,8.2319,0.7688,-56.6463,57,0.111919
TEL,73088,8.2563,8.2337,0.7672,-56.5898,57,0.111919
TEL,73188,7.9521,8.2237,0.7763,-57.0175,57,0.111919
TEL,73288,8.1783,8.2167,0.7833,-57.2551,57,0.111919
TEL,73388,7.5197,8.1926,0.7815,-57.2009,57,0.111919
TEL,73488,6.5010,8.1956,0.7815,-57.2009,57,0.111919
TEL,73588,8.1016,8.1579,0.8298,-58.8551,59,0.115846
TEL,73688,8.2093,8.1609,0.8421,-59.2110,59,0.115846
TEL,73788,7.1530,8.1712,0.8350,-58.8964,59,0.115846
TEL,73888,7.8077,8.1526,0.8474,-59.5185,60,0.117810
TEL,73988,8.1938,8.1466,0.8562,-59.7479,60,0.117810
TEL,74088,8.2721,8.1579,0.8421,-59.2496,59,0.115846
TEL,74188,7.3385,8.1640,0.8421,-59.2496,59,0.115846
TEL,74288,7.9964,8.1356,0.8557,-59.9871,60,0.117810
TEL,74388,8.2563,8.1477,0.8637,-60.1870,60,0.117810
TEL,74488,8.2721,8.1547,0.8523,-59.7829,60,0.117810
TEL,74588,7.9083,8.1093,0.8763,-61.0092,61,0.119773
TEL,74688,8.1783,8.1123,0.8922,-61.4117,61,0.119773
TEL,74788,8.2879,8.1380,0.8720,-60.7082,61,0.119773
TEL,74888,6.5010,8.1455,0.8545,-60.1628,60,0.117810
TEL,74988,8.1016,8.1239,0.8845,-61.4665,61,0.119773
TEL,75088,8.2249,8.1319,0.8745,-61.1993,61,0.119773
TEL,75188,6.8292,8.1050,0.8603,-60.6891,61,0.119773
TEL,75288,7.7513,8.0788,0.9212,-62.6004,63,0.123700
TEL,75388,8.1938,8.0812,0.9277,-62.7358,63,0.123700
TEL,75488,8.2721,8.1069,0.8931,-61.6179,62,0.121737
TEL,75588,6.4808,8.1202,0.8931,-61.6179,62,0.121737
TEL,75688,8.0562,8.0928,0.9040,-62.4919,62,0.121737
TEL,75788,8.2406,8.1118,0.8985,-62.3049,62,0.121737
TEL,75888,8.2563,8.1343,0.8754,-61.5052,62,0.121737
TEL,75988,7.7794,8.1085,0.8915,-62.4967,62,0.121737
TEL,76088,8.1628,8.1098,0.8902,-62.4368,62,0.121737
TEL,76188,8.2563,8.1345,0.8655,-61.7181,62,0.121737
TEL,76288,6.5932,8.1428,0.8655,-61.7181,62,0.121737
TEL,76388,8.0713,8.1166,0.8798,-62.6483,63,0.123700
TEL,76488,8.2249,8.1279,0.8791,-62.5857,63,0.123700
TEL,76588,8.2563,8.1525,0.8548,-61.8369,62,0.121737
TEL,76688,7.5865,8.1159,0.8841,-63.3622,63,0.123700
TEL,76788,8.1783,8.1104,0.8948,-63.6977,64,0.125664
TEL,76888,8.2721,8.1296,0.8704,-62.8234,63,0.123700
TEL,76988,6.4708,8.1472,0.8528,-62.2593,62,0.121737
TEL,77088,8.0113,8.1162,0.8838,-63.4266,63,0.123700
TEL,77188,8.2406,8.1302,0.8775,-63.2277,63,0.123700
TEL,77288,7.6407,8.1064,0.8617,-62.7554,63,0.123700
TEL,77388,7.7095,8.0769,0.9231,-64.7840,65,0.127627
TEL,77488,8.1474,8.0764,0.9236,-64.7069,65,0.127627
TEL,77588,8.2406,8.1084,0.8916,-63.7726,64,0.125664
TEL,77688,6.7093,8.1204,0.8916,-63.7726,64,0.125664
TEL,77788,8.0262,8.0979,0.8963,-64.4198,64,0.125664
TEL,77888,8.2249,8.1090,0.8996,-64.5406,65,0.127627
TEL,77988,8.2879,8.1404,0.8705,-63.6382,64,0.125664
TEL,78088,7.6271,8.1050,0.8950,-65.0552,65,0.127627
TEL,78188,8.1474,8.0894,0.9153,-65.5979,66,0.129591
TEL,78288,8.2406,8.1084,0.8916,-64.7690,65,0.127627
TEL,78388,6.5417,8.1288,0.8712,-64.1367,64,0.125664
TEL,78488,7.9083,8.0735,0.9265,-66.1048,66,0.129591
TEL,78588,8.2249,8.0957,0.9150,-65.6614,66,0.129591
TEL,78688,8.0412,8.1028,0.8922,-64.9066,65,0.127627
TEL,78788,7.6544,8.0704,0.9296,-66.4217,66,0.129591
TEL,78888,8.1168,8.0663,0.9337,-66.4899,66,0.129591
TEL,78988,7.2016,8.0696,0.9304,-66.1150,66,0.129591
TEL,79088,6.6561,8.0862,0.9304,-66.1150,66,0.129591
TEL,79188,8.0412,8.0230,0.9589,-67.8225,68,0.133518
TEL,79288,8.1938,8.0455,0.9770,-68.2071,68,0.133518
TEL,79388,8.2721,8.0935,0.9386,-66.8766,67,0.131554
TEL,79488,7.3007,8.0935,0.9065,-65.8372,66,0.129591
TEL,79588,8.2879,8.0918,0.9231,-66.6945,67,0.131554
TEL,79688,8.2879,8.1231,0.9082,-66.0624,66,0.129591
TEL,79788,8.2879,8.1623,0.8622,-64.8449,65,0.127627
TEL,79888,8.2879,8.1825,0.8377,-64.3042,64,0.125664
TEL,79988,8.2879,8.2055,0.8175,-63.9386,64,0.125664
TEL,80088,8.2879,8.2177,0.7945,-63.5676,64,0.125664
TEL,80188,8.3038,8.2315,0.7776,-63.3677,63,0.123700
TEL,80288,8.3198,8.2419,0.7685,-63.3179,63,0.123700
TEL,80388,8.3038,8.2528,0.7545,-63.1603,63,0.123700
TEL,80488,8.3038,8.2589,0.7472,-63.1564,63,0.123700
TEL,80588,8.3198,8.2662,0.7410,-63.1696,63,0.123700
TEL,80688,8.3038,8.2696,0.7338,-63.1300,63,0.123700
TEL,80788,8.3038,8.2739,0.7288,-63.1640,63,0.123700
TEL,80888,8.2879,8.2750,0.7261,-63.2385,63,0.123700
TEL,80988,8.2879,8.2770,0.7245,-63.3486,63,0.123700
TEL,81088,8.2879,8.2778,0.7230,-63.4466,63,0.123700
TEL,81188,8.3038,8.2803,0.7222,-63.5501,64,0.125664
TEL,81288,8.3198,8.2827,0.7197,-63.5897,64,0.125664
TEL,81388,8.3038,8.2850,0.7173,-63.6145,64,0.125664
TEL,81488,8.3038,8.2861,0.7149,-63.6602,64,0.125664
TEL,81588,7.6544,8.2559,0.7139,-63.7330,64,0.125664
TEL,81688,8.1016,8.2354,0.7441,-64.8585,65,0.127627
TEL,81788,8.2563,8.2322,0.7686,-65.5913,66,0.129591
TEL,81888,8.2563,8.2342,0.7678,-65.5524,66,0.129591
TEL,81988,7.9816,8.1988,0.7898,-66.5824,67,0.131554
TEL,82088,8.1783,8.1929,0.8063,-67.0672,67,0.131554
TEL,82188,8.2879,8.1927,0.8124,-67.0538,67,0.131554
TEL,82288,7.2385,8.1967,0.8033,-66.7387,67,0.131554
TEL,82388,8.1474,8.1659,0.8330,-67.8199,68,0.133518
TEL,82488,8.2406,8.1722,0.8317,-67.7214,68,0.133518
TEL,82588,7.1772,8.1696,0.8242,-67.4874,67,0.131554
TEL,82688,7.8077,8.1509,0.8491,-68.4010,68,0.133518
TEL,82788,8.1938,8.1443,0.8586,-68.6851,69,0.135481
TEL,82888,7.9669,8.1397,0.8505,-68.3954,68,0.133518
TEL,82988,7.3639,8.1470,0.8505,-68.3954,68,0.133518
TEL,83088,8.0262,8.1275,0.8662,-69.1204,69,0.135481
TEL,83188,8.2563,8.1416,0.8704,-69.2230,69,0.135481
TEL,83288,8.2563,8.1548,0.8512,-68.6416,69,0.135481
TEL,83388,7.8362,8.1058,0.8752,-69.8841,70,0.137445
TEL,83488,8.1628,8.1113,0.8923,-70.2434,70,0.137445
TEL,83588,8.2563,8.1354,0.8728,-69.5689,70,0.137445
TEL,83688,7.1894,8.1430,0.8570,-69.1029,69,0.135481
TEL,83788,8.1168,8.1082,0.8925,-70.5311,71,0.139408
TEL,83888,8.2093,8.1190,0.8872,-70.3273,70,0.137445
TEL,83988,8.2563,8.1442,0.8634,-69.6004,70,0.137445
TEL,84088,7.8505,8.1258,0.8742,-70.3684,70,0.137445
TEL,84188,8.1938,8.1267,0.8779,-70.4135,70,0.137445
TEL,84288,7.1894,8.1347,0.8653,-69.9926,70,0.137445
TEL,84388,7.4540,8.1422,0.8653,-69.9926,70,0.137445
TEL,84488,8.0562,8.1164,0.8793,-70.8727,71,0.139408
TEL,84588,8.2721,8.1321,0.8816,-70.9400,71,0.139408
TEL,84688,8.2879,8.1506,0.8584,-70.2050,70,0.137445
TEL,84788,7.9521,8.1011,0.8869,-71.7058,72,0.141372
TEL,84888,8.1628,8.1054,0.8989,-71.9745,72,0.141372
TEL,84988,8.2879,8.1328,0.8782,-71.2218,71,0.139408
TEL,85088,6.5111,8.1431,0.8569,-70.5318,71,0.139408
TEL,85188,8.0713,8.0899,0.9085,-72.5130,73,0.143335
TEL,85288,8.2249,8.1046,0.9047,-72.2879,72,0.141372
TEL,85388,6.7524,8.1186,0.8814,-71.4390,71,0.139408
TEL,85488,7.7935,8.0965,0.9035,-72.4474,72,0.141372
TEL,85588,8.1938,8.0960,0.9110,-72.7389,73,0.143335
TEL,85688,8.2563,8.1154,0.8846,-71.9220,72,0.141372
TEL,85788,6.4708,8.1258,0.8846,-71.9220,72,0.141372
TEL,85888,7.9964,8.0987,0.8935,-72.6642,73,0.143335
TEL,85988,8.2406,8.1168,0.8990,-72.8128,73,0.143335
TEL,86088,8.3038,8.1191,0.8832,-72.2961,72,0.141372
TEL,86188,7.8649,8.1020,0.8980,-73.1435,73,0.143335
TEL,86288,8.1628,8.1021,0.8979,-73.1024,73,0.143335
TEL,86388,8.2879,8.1295,0.8705,-72.2582,72,0.141372
TEL,86488,6.6350,8.1399,0.8705,-72.2582,72,0.141372
TEL,86588,8.0562,8.0847,0.8966,-73.7261,74,0.145299
TEL,86688,8.2093,8.1012,0.9153,-74.2568,74,0.145299
TEL,86788,8.2563,8.1321,0.8888,-73.3520,73,0.143335
TEL,86888,7.7935,8.1082,0.8679,-72.6981,73,0.143335
TEL,86988,8.1628,8.0984,0.9048,-74.1551,74,0.145299
TEL,87088,8.2563,8.1173,0.9016,-74.0027,74,0.145299
TEL,87188,7.1530,8.1269,0.8731,-73.1615,73,0.143335
TEL,87288,8.0412,8.0940,0.9017,-74.3810,74,0.145299
TEL,87388,8.2249,8.1085,0.9055,-74.5348,75,0.147262
TEL,87488,8.2721,8.1284,0.8818,-73.7776,74,0.145299
TEL,87588,7.7794,8.1052,0.8948,-74.6536,75,0.147262
TEL,87688,8.1321,8.1018,0.8982,-74.7336,75,0.147262
TEL,87788,8.2879,8.1296,0.8704,-73.8396,74,0.145299
TEL,87888,6.6561,8.1391,0.8704,-73.8396,74,0.145299
TEL,87988,8.0713,8.0796,0.9011,-75.4503,75,0.147262
TEL,88088,8.2406,8.0983,0.9204,-75.9143,76,0.149226
TEL,88188,7.2261,8.1207,0.8912,-74.9210,75,0.147262
TEL,88288,7.6407,8.0856,0.9144,-76.1287,76,0.149226
TEL,88388,8.1628,8.0804,0.9266,-76.3376,76,0.149226
TEL,88488,8.2563,8.1035,0.8965,-75.3045,75,0.147262
TEL,88588,8.2879,8.1363,0.8757,-74.5645,75,0.147262
TEL,88688,8.3038,8.1601,0.8399,-73.6290,74,0.145299
TEL,88788,8.2879,8.1872,0.8207,-73.1896,73,0.143335
TEL,88888,8.3038,8.2041,0.7959,-72.7016,73,0.143335
TEL,88988,8.3038,8.2218,0.7839,-72.5487,73,0.143335
TEL,89088,8.3198,8.2339,0.7719,-72.3843,72,0.141372
TEL,89188,8.2879,8.2448,0.7579,-72.1993,72,0.141372
TEL,89288,8.3038,8.2520,0.7480,-72.1478,72,0.141372
TEL,89388,8.3038,8.2605,0.7418,-72.1476,72,0.141372
TEL,89488,8.3038,8.2647,0.7353,-72.1627,72,0.141372
TEL,89588,8.2879,8.2691,0.7318,-72.2109,72,0.141372
TEL,89688,8.3038,8.2720,0.7294,-72.3013,72,0.141372
TEL,89788,8.3198,8.2750,0.7267,-72.3930,72,0.141372
TEL,89888,8.3038,8.2771,0.7228,-72.4230,72,0.141372
TEL,89988,8.3038,8.2793,0.7215,-72.5073,73,0.143335
TEL,90088,8.3198,8.2820,0.7180,-72.5193,73,0.143335
TEL,90188,8.3038,8.2830,0.7176,-72.6353,73,0.143335
TEL,90288,8.3038,8.2852,0.7148,-72.6698,73,0.143335
TEL,90388,8.2879,8.2867,0.7133,-72.7323,73,0.143335
TEL,90488,8.0864,8.2814,0.7186,-73.1257,73,0.143335
TEL,90588,8.2406,8.2758,0.7232,-73.3260,73,0.143335
TEL,90688,7.9083,8.2653,0.7243,-73.4159,73,0.143335
TEL,90788,8.0113,8.2366,0.7540,-74.4732,74,0.145299
TEL,90888,6.6455,8.2314,0.7686,-74.9696,75,0.147262
TEL,90988,8.2563,8.2332,0.7678,-74.9236,75,0.147262
TEL,91088,6.4808,8.2332,0.7678,-74.9236,75,0.147262
TEL,91188,8.1474,8.2045,0.7853,-75.6003,76,0.149226
TEL,91288,8.2249,8.2036,0.7955,-75.9111,76,0.149226
TEL,91388,6.7851,8.2088,0.7948,-75.8406,76,0.149226
TEL,91488,7.9083,8.1959,0.8041,-76.3037,76,0.149226
TEL,91588,8.2093,8.1877,0.8134,-76.6181,77,0.151189
TEL,91688,8.2563,8.1930,0.8070,-76.3948,76,0.149226
TEL,91788,7.6135,8.1692,0.8308,-77.4451,77,0.151189
TEL,91888,8.1168,8.1565,0.8435,-77.7791,78,0.153153
TEL,91988,6.6666,8.1610,0.8390,-77.5585,78,0.153153
TEL,92088,7.1170,8.1664,0.8390,-77.5585,78,0.153153
TEL,92188,7.9964,8.1313,0.8602,-78.5026,79,0.155116
TEL,92288,8.1783,8.1323,0.8704,-78.7702,79,0.155116
TEL,92388,8.2879,8.1509,0.8569,-78.2542,78,0.153153
TEL,92488,7.2757,8.1567,0.8433,-77.8366,78,0.153153
TEL,92588,8.1628,8.1318,0.8702,-78.8860,79,0.155116
TEL,92688,8.2249,8.1395,0.8655,-78.7442,79,0.155116
TEL,92788,7.1290,8.1538,0.8462,-78.1639,78,0.153153
TEL,92888,7.6956,8.1282,0.8718,-79.2303,79,0.155116
TEL,92988,8.1938,8.1242,0.8803,-79.4677,79,0.155116
TEL,93088,8.2563,8.1395,0.8605,-78.8563,79,0.155116
TEL,93188,7.2881,8.1483,0.8605,-78.8563,79,0.155116
TEL,93288,8.0113,8.1253,0.8670,-79.4320,79,0.155116
TEL,93388,8.2563,8.1408,0.8724,-79.5653,80,0.157080
TEL,93488,8.3038,8.1588,0.8504,-78.8873,79,0.155116
TEL,93588,7.9375,8.1454,0.8546,-79.4205,79,0.155116
TEL,93688,8.1628,8.1412,0.8588,-79.5757,80,0.157080
TEL,93788,7.9669,8.1410,0.8484,-79.2516,79,0.155116
TEL,93888,6.5010,8.1487,0.8484,-79.2516,79,0.155116
TEL,93988,8.0864,8.1038,0.8804,-80.6824,81,0.159043
TEL,94088,8.2249,8.1162,0.8962,-81.1095,81,0.159043
TEL,94188,8.2563,8.1413,0.8738,-80.3140,80,0.157080
TEL,94288,7.7653,8.1176,0.8587,-79.8534,80,0.157080
TEL,94388,8.1938,8.1151,0.8909,-81.0577,81,0.159043
TEL,94488,8.2721,8.1324,0.8849,-80.8529,81,0.159043
TEL,94588,6.4808,8.1413,0.8587,-80.1106,80,0.157080
TEL,94688,8.0562,8.1165,0.8790,-81.0550,81,0.159043
TEL,94788,8.2563,8.1305,0.8834,-81.2705,81,0.159043
TEL,94888,8.2563,8.1473,0.8599,-80.5365,81,0.159043
TEL,94988,7.9521,8.1425,0.8450,-80.1432,80,0.157080
TEL,95088,8.1474,8.1395,0.8610,-80.8511,81,0.159043
TEL,95188,8.2721,8.1594,0.8547,-80.6913,81,0.159043
TEL,95288,6.5315,8.1570,0.8406,-80.3464,80,0.157080
TEL,95388,8.0562,8.1064,0.8745,-81.8355,82,0.161007
TEL,95488,8.2249,8.1174,0.8899,-82.1604,82,0.161007
TEL,95588,8.2721,8.1431,0.8748,-81.6812,82,0.161007
TEL,95688,7.6681,8.1131,0.8869,-82.7381,83,0.162970
TEL,95788,8.1783,8.1068,0.8984,-82.9746,83,0.162970
TEL,95888,8.2406,8.1230,0.8770,-82.2579,82,0.161007
TEL,95988,6.4708,8.1327,0.8770,-82.2579,82,0.161007
TEL,96088,7.9521,8.0992,0.8895,-83.0416,83,0.162970
TEL,96188,8.2406,8.1155,0.8996,-83.2817,83,0.162970
TEL,96288,8.2563,8.1344,0.8742,-82.4435,82,0.161007
TEL,96388,7.8793,8.1176,0.8824,-83.1002,83,0.162970
TEL,96488,8.1783,8.1186,0.8814,-83.0322,83,0.162970
TEL,96588,8.2721,8.1404,0.8596,-82.3787,82,0.161007
TEL,96688,6.8292,8.1476,0.8596,-82.3787,82,0.161007
TEL,96788,8.0713,8.1271,0.8690,-83.0955,83,0.162970
TEL,96888,8.2093,8.1333,0.8716,-83.2140,83,0.162970
TEL,96988,7.0225,8.1501,0.8499,-82.5504,83,0.162970
TEL,97088,7.6681,8.1213,0.8787,-83.7589,84,0.164934
TEL,97188,8.1938,8.1138,0.8918,-84.1557,84,0.164934
TEL,97288,6.5622,8.1219,0.8781,-83.6665,84,0.164934
TEL,97388,6.4708,8.1325,0.8781,-83.6665,84,0.164934
TEL,97488,7.9816,8.0919,0.8993,-84.8192,85,0.166897
TEL,97588,8.2249,8.1122,0.9041,-84.8349,85,0.166897
TEL,97688,8.2721,8.1322,0.8780,-84.0022,84,0.164934
TEL,97788,8.3038,8.1620,0.8583,-83.4165,83,0.162970
TEL,97888,8.3038,8.1806,0.8284,-82.6401,83,0.162970
TEL,97988,8.3198,8.2058,0.8111,-82.2475,82,0.161007
TEL,98088,8.2879,8.2182,0.7942,-81.8902,82,0.161007
TEL,98188,8.3038,8.2341,0.7764,-81.5994,82,0.161007
TEL,98288,8.3038,8.2421,0.7617,-81.4072,81,0.159043
TEL,98388,8.3038,8.2517,0.7545,-81.3897,81,0.159043
TEL,98488,8.3038,8.2561,0.7464,-81.3795,81,0.159043
TEL,98588,8.3038,8.2627,0.7415,-81.4051,81,0.159043
TEL,98688,8.3198,8.2670,0.7355,-81.3995,81,0.159043
TEL,98788,8.3198,8.2728,0.7314,-81.4344,81,0.159043
TEL,98888,8.3198,8.2759,0.7259,-81.4309,81,0.159043
TEL,98988,8.3038,8.2784,0.7236,-81.5150,82,0.161007
TEL,99088,8.2721,8.2791,0.7206,-81.5554,82,0.161007
TEL,99188,8.3198,8.2820,0.7200,-81.6473,82,0.161007
TEL,99288,8.3038,8.2834,0.7180,-81.6850,82,0.161007
TEL,99388,8.3038,8.2852,0.7160,-81.7424,82,0.161007
TEL,99488,6.7416,8.2862,0.7138,-81.7789,82,0.161007
TEL,99588,7.9669,8.2618,0.7276,-82.4006,82,0.161007
TEL,99688,8.2093,8.2556,0.7425,-82.9523,83,0.162970
TEL,99788,8.2879,8.2563,0.7449,-83.0287,83,0.162970
TEL,99888,7.2016,8.2563,0.7449,-83.0287,83,0.162970
TEL,99988,8.1474,8.2315,0.7572,-83.6010,84,0.164934
TEL,100088,8.2721,8.2322,0.7685,-84.0031,84,0.164934
TEL,100188,6.4708,8.2354,0.7661,-83.9119,84,0.164934
TEL,100288,7.8505,8.1938,0.7888,-84.9097,85,0.166897
