BALL_BEAM_BOOT
HELP,keys
STATE,SAFE_DISABLED
SENSORS,angle=bad,pos=bad
MEAS,theta_deg=0.0000,x_cm=0.0000,x_filt_cm=0.0000
AGE,angle_ms=1,pos_ms=1
FAULTS,bits=0
CAL,zero_calibrated=yes,limits_calibrated=yes,sign_calibrated=yes
CAL_STORE,status=loaded
TEL,enabled=1
FAULT_INFO,bits=0
FAULT_INFO,mode=bringup_warning
FAULT_INFO,none
TEL,349,SAFE_DISABLED,18.2863,18.2863,0.5273,0.0000,0.00,0
TEL,449,SAFE_DISABLED,18.2863,18.2863,0.5273,0.0000,0.00,0
TEL,549,SAFE_DISABLED,18.2863,18.2863,0.5273,0.0000,0.00,0
TEL,649,SAFE_DISABLED,18.2863,18.2863,0.5273,0.0000,0.00,0
TEL,749,SAFE_DISABLED,18.2863,18.2863,0.5273,0.0000,0.00,0
TEL,849,SAFE_DISABLED,18.2863,18.2863,0.5273,0.0000,0.00,0
TEL,949,SAFE_DISABLED,18.2863,18.2863,0.5273,0.0000,0.00,0
TEL,1049,SAFE_DISABLED,18.2863,18.2863,0.5273,0.0000,0.00,0
TEL,1149,SAFE_DISABLED,18.2863,18.2863,0.5273,0.0000,0.00,0
TEL,1249,SAFE_DISABLED,18.2863,18.2863,0.5273,0.0000,0.00,0
TEL,1349,SAFE_DISABLED,18.2863,18.2863,0.5273,0.0000,0.00,0
TEL,1449,SAFE_DISABLED,18.2863,18.2863,0.5273,0.0000,0.00,0
TEL,1549,SAFE_DISABLED,18.2863,18.2863,0.5273,0.0000,0.00,0
TEL,1649,SAFE_DISABLED,18.2863,18.2863,0.5273,0.0000,0.00,0
TEL,1750,SAFE_DISABLED,18.2863,18.2863,0.5273,0.0000,0.00,0
TEL,1850,SAFE_DISABLED,18.2863,18.2863,0.5273,0.0000,0.00,0
TEL,1950,SAFE_DISABLED,18.2863,18.2863,0.5273,0.0000,0.00,0
TEL,2050,SAFE_DISABLED,18.2863,18.2863,0.5273,0.0000,0.00,0
TEL,2150,SAFE_DISABLED,18.2863,18.2863,0.5273,0.0000,0.00,0
TEL,2250,SAFE_DISABLED,18.2863,18.2863,0.5273,0.0000,0.00,0
TEL,2350,SAFE_DISABLED,18.2863,18.2863,0.5273,0.0000,0.00,0
TEL,2450,SAFE_DISABLED,18.2863,18.2863,0.5273,0.0000,0.00,0
TEL,2550,SAFE_DISABLED,18.2863,18.2863,0.5273,0.0000,0.00,0
TEL,2650,SAFE_DISABLED,18.2863,18.2863,0.5273,0.0000,0.00,0
TEL,2750,SAFE_DISABLED,18.2863,18.2863,0.5273,0.0000,0.00,0
TEL,2850,SAFE_DISABLED,18.2863,18.2863,0.5273,0.0000,0.00,0
TEL,2950,SAFE_DISABLED,18.2863,18.2863,0.5273,0.0000,0.00,0
TEL,3050,SAFE_DISABLED,18.2863,18.2863,0.5273,0.0000,0.00,0
TEL,3150,SAFE_DISABLED,18.2863,18.2863,0.5273,0.0000,0.00,0
TEL,3250,SAFE_DISABLED,18.2863,18.2863,0.5273,0.0000,0.00,0
TEL,3350,SAFE_DISABLED,18.2863,18.2863,0.5273,0.0000,0.00,0
TEL,3450,SAFE_DISABLED,18.2863,18.2863,0.5273,0.0000,0.00,0
TEL,3550,SAFE_DISABLED,18.2863,18.2863,0.5273,0.0000,0.00,0
TEL,3650,SAFE_DISABLED,18.2863,18.2863,0.5273,0.0000,0.00,0
TEL,3750,SAFE_DISABLED,18.2863,18.2863,0.5273,0.0000,0.00,0
TEL,3850,SAFE_DISABLED,18.2863,18.2863,0.5273,0.0000,0.00,0
OK,telemetry=0
STATE,SAFE_DISABLED
SENSORS,angle=ok,pos=ok
MEAS,theta_deg=0.5273,x_cm=18.2863,x_filt_cm=18.2863
AGE,angle_ms=14,pos_ms=25
FAULTS,bits=0
CAL,zero_calibrated=yes,limits_calibrated=yes,sign_calibrated=yes
CAL_STORE,status=loaded
TEL,enabled=0
FAULT_INFO,bits=0
FAULT_INFO,mode=bringup_warning
FAULT_INFO,none
SONAR_DIAG,has_sample=1,fresh=1,timeout=0,age_ms=18,raw_cm=11.7306,filt_cm=11.7306,valid_streak=386,timeout_cnt=0,jump_reject_cnt=0
AS5600_DIAG,1,330.4688,0.5273,0,76.92
OK,cal_zero_angle_set=330.468750
CAL_ZERO,as5600_zero_deg=330.468750,sonar_center_cm=30.016897,zero_calibrated=yes
OK,cal_zero_position_set=12.005002
CAL_ZERO,as5600_zero_deg=330.468750,sonar_center_cm=12.005002,zero_calibrated=yes
OK,cal_limit_down_set=-14.677735
OK,as5600_sign=1
CAL_LIMITS,lower_deg=14.677735,upper_deg=29.531250,limits_calibrated=yes
OK,cal_limit_up_set=-37.968750
OK,as5600_sign=-1
CAL_LIMITS,lower_deg=-14.677735,upper_deg=37.968750,limits_calibrated=yes
OK,driver_enabled
OK,stepper_sign=-1,delta=0.0000
ERR,unknown_command,try=h
ERR,unknown_command,try=h
ERR,unknown_command,try=h
OK,stopped
