BALL_BEAM_BOOT
HELP,keys
STATE,SAFE_DISABLED
SENSORS,angle=bad,pos=bad,m=n
MEAS,theta_deg=0.0000,x_cm=0.0000,x_filt_cm=0.0000
AGE,angle_ms=0,pos_ms=0,miss=0
FAULTS,bits=0
CAL,zero_calibrated=no,limits_calibrated=no,sign_calibrated=no
SONAR_CFG,s=-1,u=1
ACT_CFG,t=0.0000,v=0,e=0.000
TEL,enabled=1
FAULT_INFO,bits=0
FAULT_INFO,none
TEL,350,SAFE_DISABLED,0.0000,0.0000,0.0000,0.0000,0.00,0,0.0000,0,0,1,0.0000,0.0000,0,-46.0547,0.0000,idle,0.0000,0.0000,0.0000,0.0000,0.0000,0.0000,0,0,0,0
TEL,450,SAFE_DISABLED,0.0000,0.0000,0.0000,0.0000,0.00,0,0.0000,0,0,4,0.0000,0.0000,0,-46.0547,0.0000,idle,0.0000,0.0000,0.0000,0.0000,0.0000,0.0000,0,0,0,0
TEL,550,SAFE_DISABLED,0.0000,0.0000,0.0000,0.0000,0.00,0,0.0000,0,0,6,0.0000,0.0000,0,-46.0547,0.0000,idle,0.0000,0.0000,0.0000,0.0000,0.0000,0.0000,0,0,0,0
TEL,650,SAFE_DISABLED,0.0000,0.0000,0.0000,0.0000,0.00,0,0.0000,0,0,9,0.0000,0.0000,0,-46.0547,0.0000,idle,0.0000,0.0000,0.0000,0.0000,0.0000,0.0000,0,0,0,0
TEL,750,SAFE_DISABLED,0.0000,0.0000,0.0000,0.0000,0.00,0,0.0000,0,0,11,0.0000,0.0000,0,-46.0547,0.0000,idle,0.0000,0.0000,0.0000,0.0000,0.0000,0.0000,0,0,0,0
TEL,850,SAFE_DISABLED,0.0000,0.0000,0.0000,0.0000,0.00,0,0.0000,0,0,14,0.0000,0.0000,0,-46.0547,0.0000,idle,0.0000,0.0000,0.0000,0.0000,0.0000,0.0000,0,0,0,0
TEL,950,SAFE_DISABLED,0.0000,0.0000,0.0000,0.0000,0.00,0,0.0000,0,0,16,0.0000,0.0000,0,-46.0547,0.0000,idle,0.0000,0.0000,0.0000,0.0000,0.0000,0.0000,0,0,0,0
TEL,1050,SAFE_DISABLED,0.0000,0.0000,0.0000,0.0000,0.00,0,0.0000,0,0,19,0.0000,0.0000,0,-46.0547,0.0000,idle,0.0000,0.0000,0.0000,0.0000,0.0000,0.0000,0,0,0,0
TEL,1150,SAFE_DISABLED,0.0000,0.0000,0.0000,0.0000,0.00,0,0.0000,0,0,21,0.0000,0.0000,0,-46.0547,0.0000,idle,0.0000,0.0000,0.0000,0.0000,0.0000,0.0000,0,0,0,0
TEL,1250,SAFE_DISABLED,0.0000,0.0000,0.0000,0.0000,0.00,0,0.0000,0,0,24,0.0000,0.0000,0,-46.0547,0.0000,idle,0.0000,0.0000,0.0000,0.0000,0.0000,0.0000,0,0,0,0
TEL,1350,SAFE_DISABLED,0.0000,0.0000,0.0000,0.0000,0.00,1,0.0000,0,0,26,0.0000,0.0000,0,-46.0547,0.0000,idle,0.0000,0.0000,0.0000,0.0000,0.0000,0.0000,0,0,0,0
TEL,1451,SAFE_DISABLED,0.0000,0.0000,0.0000,0.0000,0.00,1,0.0000,0,0,29,0.0000,0.0000,0,-46.0547,0.0000,idle,0.0000,0.0000,0.0000,0.0000,0.0000,0.0000,0,0,0,0
TEL,1551,SAFE_DISABLED,0.0000,0.0000,0.0000,0.0000,0.00,1,0.0000,0,0,31,0.0000,0.0000,0,-46.0547,0.0000,idle,0.0000,0.0000,0.0000,0.0000,0.0000,0.0000,0,0,0,0
TEL,1651,SAFE_DISABLED,0.0000,0.0000,0.0000,0.0000,0.00,1,0.0000,0,0,34,0.0000,0.0000,0,-46.0547,0.0000,idle,0.0000,0.0000,0.0000,0.0000,0.0000,0.0000,0,0,0,0
TEL,1751,SAFE_DISABLED,0.0000,0.0000,0.0000,0.0000,0.00,1,0.0000,0,0,36,0.0000,0.0000,0,-46.0547,0.0000,idle,0.0000,0.0000,0.0000,0.0000,0.0000,0.0000,0,0,0,0
TEL,1851,SAFE_DISABLED,0.0000,0.0000,0.0000,0.0000,0.00,1,0.0000,0,0,39,0.0000,0.0000,0,-46.0547,0.0000,idle,0.0000,0.0000,0.0000,0.0000,0.0000,0.0000,0,0,0,0
TEL,1951,SAFE_DISABLED,0.0000,0.0000,0.0000,0.0000,0.00,1,0.0000,0,0,41,0.0000,0.0000,0,-46.0547,0.0000,idle,0.0000,0.0000,0.0000,0.0000,0.0000,0.0000,0,0,0,0
TEL,2051,SAFE_DISABLED,0.0000,0.0000,0.0000,0.0000,0.00,1,0.0000,0,0,44,0.0000,0.0000,0,-46.0547,0.0000,idle,0.0000,0.0000,0.0000,0.0000,0.0000,0.0000,0,0,0,0
TEL,2151,SAFE_DISABLED,0.0000,0.0000,0.0000,0.0000,0.00,1,0.0000,0,0,46,0.0000,0.0000,0,-46.0547,0.0000,idle,0.0000,0.0000,0.0000,0.0000,0.0000,0.0000,0,0,0,0
TEL,2251,SAFE_DISABLED,0.0000,0.0000,0.0000,0.0000,0.00,1,0.0000,0,0,49,0.0000,0.0000,0,-46.0547,0.0000,idle,0.0000,0.0000,0.0000,0.0000,0.0000,0.0000,0,0,0,0
TEL,2351,SAFE_DISABLED,0.0000,0.0000,0.0000,0.0000,0.00,1,0.0000,0,0,51,0.0000,0.0000,0,-46.0547,0.0000,idle,0.0000,0.0000,0.0000,0.0000,0.0000,0.0000,0,0,0,0
TEL,2451,SAFE_DISABLED,0.0000,0.0000,0.0000,0.0000,0.00,1,0.0000,0,0,54,0.0000,0.0000,0,-46.0547,0.0000,idle,0.0000,0.0000,0.0000,0.0000,0.0000,0.0000,0,0,0,0
TEL,2551,SAFE_DISABLED,0.0000,0.0000,0.0000,0.0000,0.00,1,0.0000,0,0,56,0.0000,0.0000,0,-46.0547,0.0000,idle,0.0000,0.0000,0.0000,0.0000,0.0000,0.0000,0,0,0,0
TEL,2651,SAFE_DISABLED,0.0000,0.0000,0.0000,0.0000,0.00,1,0.0000,0,0,59,0.0000,0.0000,0,-46.0547,0.0000,idle,0.0000,0.0000,0.0000,0.0000,0.0000,0.0000,0,0,0,0
TEL,2751,SAFE_DISABLED,0.0000,0.0000,0.0000,0.0000,0.00,1,0.0000,0,0,61,0.0000,0.0000,0,-46.0547,0.0000,idle,0.0000,0.0000,0.0000,0.0000,0.0000,0.0000,0,0,0,0
TEL,2851,SAFE_DISABLED,0.0000,0.0000,0.0000,0.0000,0.00,1,0.0000,0,0,63,0.0000,0.0000,0,-46.0547,0.0000,idle,0.0000,0.0000,0.0000,0.0000,0.0000,0.0000,0,0,0,0
OK,stopped
TEL,2951,SAFE_DISABLED,0.0000,0.0000,0.0000,0.0000,0.00,1,0.0000,0,0,66,0.0000,0.0000,0,-46.0547,0.0000,idle,0.0000,0.0000,0.0000,0.0000,0.0000,0.0000,0,0,0,0
OK,driver_disabled
OK,telemetry=0
OK,cal_reset_saved
OK,cal_limit_down_set=0.000000
CAL_LIMITS,lower_deg=-16.611328,upper_deg=16.611328,limits_calibrated=no
OK,cal_limit_up_set=30.673828
OK,as5600_sign=-1,sonar_sign=-1
INFO,limits_ok
CAL_LIMITS,lower_deg=-15.336915,upper_deg=15.336915,limits_calibrated=yes
ERR,sonar_not_ready
OK,telemetry=0
ERR,sonar_not_ready
ERR,sonar_not_ready
ERR,sonar_not_ready
ERR,sonar_not_ready
ERR,sonar_not_ready
ERR,sonar_not_ready
OK,stopped
