BALL_BEAM_REF_BOOT
HOST_START_READY
REF_CFG,profile=center_far_near_90s,center_cm=13.0000,near_cm=9.0000,far_cm=17.0000,segment_ms=30000
REF,1815,13.0000,hold_center
TEL,1817,7.8077,8.2560,4.7440,0.0000,0,0.000000,-0.1709,0.0000,0.0000
TEL,1917,8.1474,8.2375,4.7440,0.0000,0,0.000000,-0.1709,0.0000,0.0000
TEL,2017,6.8292,8.2354,4.7625,-72.0000,62,0.121737,-0.1588,0.0000,-2.0193
TEL,2117,8.2879,8.2406,4.7619,-138.0896,112,0.219911,-0.0962,0.0000,-4.3241
TEL,2217,7.7653,8.2176,4.7824,-141.8906,125,0.245437,-0.1332,0.0000,-7.3848
TEL,2317,8.0713,8.1923,4.8077,-144.6045,145,0.284707,-0.1515,0.0000,-9.3078
TEL,2417,8.2721,8.1978,4.8022,-146.0370,146,0.286670,-0.0769,0.0000,-11.2287
TEL,2518,8.3198,8.2082,4.7918,-147.3605,147,0.288634,-0.0097,0.0000,-13.1455
TEL,2618,6.2102,8.2150,4.7918,-147.3605,147,0.288634,-0.0097,0.0000,-13.1455
TEL,2718,8.0113,8.1750,4.8138,-151.0445,151,0.296488,-0.0925,0.0000,-15.8412
TEL,2818,8.2563,8.1740,4.8308,-153.5191,154,0.302378,-0.1073,0.0000,-17.7735
TEL,2918,8.3038,8.1861,4.8211,-154.8815,155,0.304342,-0.0420,0.0000,-19.7020
TEL,3018,6.4708,8.2012,4.8070,-156.1376,156,0.306305,0.0187,0.0000,-21.6248
TEL,3118,7.6956,8.1717,4.8283,-159.8632,160,0.314159,-0.0762,0.0000,-24.3286
TEL,3218,8.1321,8.1503,4.8483,-162.4951,162,0.318086,-0.1053,0.0000,-26.2680
TEL,3318,8.2879,8.1634,4.8366,-163.6983,164,0.322013,-0.0159,0.0000,-28.2026
TEL,3418,8.3679,8.1922,4.8196,-164.8640,165,0.323977,0.0475,0.0000,-30.1304
TEL,3518,6.2102,8.1922,4.8196,-164.8640,165,0.323977,0.0475,0.0000,-30.1304
TEL,3618,8.2563,8.1665,4.8334,-168.3780,168,0.329867,-0.0459,0.0000,-32.8371
TEL,3718,8.5323,8.2083,4.8335,-170.0391,170,0.333794,0.0151,0.0000,-34.7705
TEL,3818,8.9706,8.3197,4.7917,-170.0091,170,0.333794,0.1878,0.0000,-36.6871
TEL,3918,7.3007,8.4015,4.6803,-166.9106,167,0.327904,0.5996,0.0000,-38.5593
TEL,4018,9.2347,8.5280,4.6278,-168.5319,169,0.331831,0.3238,0.0000,-40.4104
TEL,4118,9.7869,8.8909,4.4720,-162.9320,163,0.320050,0.9962,0.0000,-42.1992
TEL,4218,10.5503,9.6859,4.1091,-146.9866,147,0.288634,2.2040,0.0000,-41.8504
TEL,4318,11.2060,10.4271,3.3141,-116.4815,116,0.227765,3.9597,0.0000,-41.5046
TEL,4418,11.1783,10.1501,3.3141,-145.0548,145,0.284707,-2.4662,0.0000,-41.1616
TEL,4518,12.2610,11.3989,2.8499,-114.4017,114,0.223838,1.3818,0.0000,-40.8214
TEL,4618,13.5555,12.5258,1.7252,-74.4017,74,0.145299,0.0916,-0.1394,-41.5184
TEL,4718,14.2152,13.5481,0.4742,-34.4017,34,0.066759,4.6587,-0.1360,-41.1752
TEL,4818,13.1713,12.8214,-0.9997,-0.4017,0,0.000000,6.5531,-0.1020,-32.9402
TEL,4918,14.7502,13.9477,0.1786,17.3635,-17,-0.033379,7.6209,-0.0995,-32.6680
TEL,5018,15.9936,15.4689,-1.6166,51.3635,-51,-0.100138,10.2213,-0.0746,-26.1344
TEL,5118,16.6617,16.1016,-2.4689,94.8461,-95,-0.186532,9.8341,-0.0560,-20.9075
TEL,5218,13.8781,14.4676,-3.2496,108.9165,-109,-0.214021,8.0810,-0.0420,-16.7260
TEL,5318,16.1559,15.7439,-1.4676,74.9165,-75,-0.147262,1.9347,-0.0315,-13.3808
TEL,5419,16.6617,16.4004,-3.0380,84.3774,-84,-0.164934,3.4827,-0.0236,-10.7046
TEL,5519,16.5468,16.5027,-3.4004,94.9444,-95,-0.186532,3.3663,-0.0177,-8.5637
TEL,5619,16.4333,16.4242,-3.3903,86.7034,-87,-0.170824,1.6017,-0.0133,-6.8510
TEL,5719,13.5950,14.7002,-3.4242,86.4854,-86,-0.168861,1.1583,-0.0100,-5.4808
TEL,5819,14.5228,14.7994,-2.0117,62.6927,-63,-0.123700,3.0529,-0.0075,-4.3846
TEL,5919,14.3455,14.6297,-1.7994,37.9150,-38,-0.074613,1.3547,-0.0056,-3.5077
TEL,6019,13.2465,13.9325,-1.3230,9.8953,-10,-0.019635,-1.2231,-0.0042,-2.8062
TEL,6119,10.6001,12.4367,-0.9325,-6.9548,7,0.013744,-2.5699,-0.0032,-2.2449
TEL,6219,10.9881,11.5392,0.7315,-36.6557,37,0.072649,-3.0370,-0.0031,-2.2264
TEL,6319,10.2603,10.9161,1.4608,-59.1373,59,0.115846,-4.3759,-0.0030,-2.2080
TEL,6419,6.7524,9.9373,2.8000,-117.6745,114,0.223838,-8.2405,-0.0029,-2.1897
TEL,6519,6.7851,9.5734,3.4266,-129.8397,129,0.253291,-7.0498,-0.0028,-2.1682
TEL,6619,7.8505,8.6297,3.9110,-142.1078,139,0.272926,-6.7657,-0.0028,-2.1503
TEL,6719,8.5323,8.5932,4.3703,-153.6324,153,0.300415,-6.4730,-0.0027,-2.1325
TEL,6819,9.4122,8.8579,4.4975,-151.7672,152,0.298451,-5.2711,-0.0026,-2.1149
TEL,6919,10.0297,9.2895,4.1421,-129.0982,129,0.253291,-2.4490,-0.0026,-2.0974
TEL,7019,9.3524,9.6304,3.4484,-99.4781,99,0.194386,0.1233,-0.0025,-3.4768
TEL,7119,11.3179,10.2393,3.1477,-84.0568,84,0.164934,1.6733,-0.0025,-3.4480
TEL,7219,12.7714,11.9879,2.1156,-36.5483,43,0.084430,5.8025,-0.0024,-3.4195
TEL,7319,13.7554,13.0161,0.4776,3.4517,1,0.001963,7.9628,-0.0023,-3.3913
TEL,7419,9.9847,12.3889,-0.3066,37.4517,-36,-0.070686,7.7628,-0.0017,-2.7130
TEL,7519,13.5161,12.3544,2.0783,-34.5483,12,0.023562,-4.9352,-0.0017,-2.6906
TEL,7619,15.5243,14.7152,1.9707,-74.5483,74,0.145299,-12.9903,-0.0017,-2.6684
TEL,7719,16.2658,15.4397,-1.7152,-40.5483,42,0.082467,0.5672,-0.0012,-2.1347
TEL,7819,17.2591,15.7266,-2.6404,15.4517,-4,-0.007854,1.8035,-0.0009,-1.7078
TEL,7919,14.3018,13.8153,-2.7266,71.4517,-65,-0.127627,14.9037,-0.0007,-1.3662
TEL,8019,17.1364,16.5968,-2.0496,127.4517,-114,-0.223838,19.4621,-0.0005,-1.0930
TEL,8119,17.7014,17.2313,-3.5968,183.4517,-177,-0.347539,17.8783,-0.0004,-0.8744
TEL,8219,17.9637,17.6717,-4.4153,187.1479,-187,-0.367174,14.0847,-0.0003,-0.6995
TEL,8320,11.0689,16.3316,-4.6717,175.8871,-176,-0.345575,10.8463,-0.0002,-0.5596
TEL,8420,16.1015,15.8058,-2.3772,119.8871,-130,-0.255254,0.9302,-0.0002,-0.4477
TEL,8520,16.6040,16.2134,-2.8058,80.5322,-81,-0.159043,1.9539,-0.0001,-0.3581
TEL,8620,15.9936,16.1846,-3.2751,91.6908,-92,-0.180642,1.8362,-0.0001,-0.2865
TEL,8720,15.3735,15.9641,-3.1846,84.6626,-85,-0.166897,0.9595,-0.0001,-0.2292
TEL,8820,12.8424,13.2778,-1.7935,50.6626,-51,-0.100138,-7.6762,-0.0001,-0.1834
TEL,8920,12.7714,13.0098,-0.2778,16.6626,-17,-0.033379,-8.5443,-0.0000,-0.1467
TEL,9020,11.6665,12.3857,0.1437,-23.3374,21,0.041233,-7.1991,-0.0000,-0.1455
TEL,9120,10.8038,11.6679,0.6143,-60.3653,58,0.113883,-7.0235,-0.0000,-0.1443
TEL,9220,9.4323,10.2149,1.7884,-90.2691,90,0.176715,-8.2763,-0.0000,-0.1431
TEL,9320,8.6168,9.3190,2.7851,-120.2526,120,0.235619,-9.3620,-0.0000,-0.1419
TEL,9420,8.2879,8.5112,4.0901,-157.9055,157,0.308269,-9.6093,-0.0000,-0.1407
TEL,9520,8.8617,8.6104,4.4888,-160.3656,160,0.314159,-7.6755,-0.0000,-0.1396
TEL,9620,9.8085,9.1111,4.2628,-140.0957,140,0.274889,-4.5772,-0.0000,-0.1384
TEL,9720,10.9881,9.9467,3.8889,-117.0677,117,0.229729,-1.7871,-0.0000,-0.1373
TEL,9820,12.3269,11.5511,2.5163,-59.0780,70,0.137445,2.5590,-0.0000,-0.1361
TEL,9920,13.1713,12.4642,1.4489,-19.0780,20,0.039270,5.4815,-0.0000,-0.1350
TEL,10020,14.3455,13.6821,0.0929,20.9220,-19,-0.037306,7.0791,-0.0000,-0.1339
TEL,10120,15.0320,14.3633,-0.6821,54.9220,-55,-0.107992,7.7697,-0.0000,-0.1071
TEL,10220,16.1015,15.3995,-1.7421,88.9220,-89,-0.174751,8.2558,-0.0000,-0.0857
TEL,10320,16.6040,16.0053,-2.3995,106.1387,-106,-0.208131,8.4034,-0.0000,-0.0686
TEL,10420,17.0757,16.6902,-3.2931,126.5952,-127,-0.249364,8.0585,-0.0000,-0.0548
TEL,10520,17.2591,16.9712,-3.6902,130.4331,-130,-0.255254,6.9495,-0.0000,-0.0439
TEL,10620,17.2591,17.1447,-4.0412,131.0417,-131,-0.257218,5.4633,-0.0000,-0.0351
TEL,10720,17.3210,17.1899,-4.1447,126.1961,-126,-0.247400,4.1104,-0.0000,-0.0281
TEL,10820,16.7781,17.0730,-4.1732,119.7997,-120,-0.235619,2.8168,-0.0000,-0.0225
TEL,10920,16.3213,16.8982,-4.0730,111.0157,-111,-0.217948,1.6742,-0.0000,-0.0180
TEL,11020,15.4737,16.3247,-3.7743,96.0536,-96,-0.188496,0.3109,-0.0000,-0.0144
TEL,11120,9.5754,12.4660,-3.3247,74.6883,-75,-0.147262,-1.5307,-0.0000,-0.0115
TEL,11220,12.7714,12.7192,0.3840,34.6883,-37,-0.072649,-0.0218,-0.0307,-0.0114
TEL,11320,12.4606,12.6568,0.2808,-0.0421,-1,-0.001963,0.1543,-0.0307,-0.0114
TEL,11420,11.2617,12.1361,0.4635,-13.6646,14,0.027489,-0.7490,-0.0678,-0.0113
TEL,11520,10.3793,11.4011,0.8639,-31.5072,32,0.062832,-2.2585,-0.1369,-0.0112
TEL,11620,8.2249,8.7296,2.8664,-103.5072,82,0.161007,-10.6669,-0.1336,-0.0111
TEL,11720,8.1783,8.4344,4.2704,-169.4605,157,0.308269,-11.0551,-0.1303,-0.0110
TEL,11820,8.3038,8.2522,4.6992,-171.5420,172,0.337721,-8.8505,-0.1271,-0.0109
TEL,11920,8.8797,8.4203,4.7478,-161.0363,161,0.316123,-6.2140,-0.1240,-0.0109
TEL,12020,7.9816,8.5921,4.4258,-139.0790,139,0.272926,-3.3389,-0.1210,-0.0108
TEL,12120,9.2932,8.7684,4.4079,-140.4690,140,0.274889,-3.7597,-0.1181,-0.0107
TEL,12220,11.4608,10.3526,3.8354,-108.3980,108,0.212057,0.1449,-0.1152,-1.5448
TEL,12320,12.4944,11.6331,2.6474,-54.5606,64,0.125664,4.7136,-0.1124,-1.5320
TEL,12420,13.9194,12.4955,0.7763,-14.5606,16,0.031416,7.5854,-0.1096,-1.5194
TEL,12520,10.5752,12.0113,0.5045,25.4394,-23,-0.045160,15.4025,-0.1070,-1.5068
TEL,12620,14.2584,13.4922,2.3711,-46.5606,26,0.051051,1.1278,-0.1043,-2.4553
TEL,12720,15.9401,15.2294,-0.4922,-12.5606,27,0.053014,8.6719,-0.0783,-1.9642
TEL,12820,17.0154,16.4515,-2.7133,43.4394,-36,-0.070686,9.6506,-0.0587,-1.5714
TEL,12920,17.6369,17.0567,-3.4515,99.4395,-85,-0.166897,9.3563,-0.0440,-1.2571
TEL,13020,15.0799,16.5079,-4.3751,155.4394,-149,-0.292561,8.9571,-0.0330,-1.0057
TEL,13120,16.8368,16.5419,-3.5079,99.4395,-110,-0.215984,1.8708,-0.0248,-0.8045
TEL,13220,17.5093,17.0553,-3.6846,104.4055,-104,-0.204204,2.3552,-0.0186,-0.6436
TEL,13320,17.5729,17.2817,-4.0553,116.4771,-116,-0.227765,2.8406,-0.0139,-0.5149
TEL,13420,16.8960,17.2148,-4.3187,120.1602,-120,-0.235619,2.2934,-0.0104,-0.4119
TEL,13520,13.2088,14.9398,-4.2148,111.3645,-111,-0.217948,1.1511,-0.0078,-0.3295
TEL,13620,14.6585,14.9867,-2.4722,86.9730,-87,-0.170824,4.6250,-0.0059,-0.2636
TEL,13720,14.3455,14.7380,-1.9867,52.9730,-53,-0.104065,1.9376,-0.0044,-0.2109
TEL,13820,13.3608,14.0719,-1.5722,28.1508,-28,-0.054978,0.1995,-0.0033,-0.1687
TEL,13920,12.4944,13.3722,-1.0719,4.1611,-4,-0.007854,-1.7405,-0.0025,-0.1350
TEL,14020,10.0071,9.8602,1.2873,-35.8389,34,0.066759,-13.0966,-0.0024,-0.1339
TEL,14120,9.6801,9.8527,3.1398,-107.8389,87,0.170824,-7.6960,-0.0024,-0.1328
TEL,14220,8.7376,9.3005,3.3435,-124.7978,125,0.245437,-6.8988,-0.0023,-0.1317
TEL,14320,8.0864,8.7881,3.6995,-132.1360,132,0.259181,-6.3152,-0.0022,-0.1306
TEL,14420,6.6986,8.5410,4.3987,-149.5948,150,0.294524,-5.8446,-0.0022,-0.1295
TEL,14520,8.6338,8.4637,4.5873,-149.3442,149,0.292561,-4.6156,-0.0021,-0.1284
TEL,14620,10.0297,9.1620,4.3870,-133.0018,133,0.261145,-2.2304,-0.0021,-0.1273
TEL,14720,10.9084,9.9755,3.4665,-93.8035,97,0.190459,1.0609,-0.0020,-1.5139
TEL,14820,12.1635,10.7345,2.5623,-54.9799,58,0.113883,4.0593,-0.0020,-1.5014
TEL,14920,8.7376,9.3878,3.0384,-98.3616,93,0.182605,-2.6214,-0.0019,-1.4890
TEL,15020,13.3993,12.5346,2.5131,-44.9392,59,0.115846,5.9789,-0.0019,-1.4767
TEL,15120,14.5228,13.8264,-0.2380,-10.9392,11,0.021598,9.2954,-0.0014,-1.1814
TEL,15220,15.7297,15.1382,-1.3235,23.0608,-22,-0.043197,10.1963,-0.0011,-0.9432
TEL,15320,16.4333,15.8685,-2.5477,79.0608,-67,-0.131554,10.2080,-0.0008,-0.7546
TEL,15420,15.3238,14.4431,-1.2492,45.0608,-52,-0.102102,-4.2745,-0.0006,-0.6037
TEL,15520,16.9555,15.8664,-2.0547,58.1151,-58,-0.113883,1.3149,-0.0004,-0.4829
TEL,15620,17.7663,17.4074,-3.4993,114.1151,-102,-0.200277,5.4597,-0.0003,-0.3863
TEL,15720,18.2332,17.7654,-4.5606,141.1724,-141,-0.276853,4.9941,-0.0003,-0.3091
TEL,15820,10.7780,16.2201,-4.9205,148.4793,-148,-0.290597,4.6753,-0.0002,-0.2473
TEL,15920,16.3771,16.0174,-2.7363,92.4793,-104,-0.204204,-0.1157,-0.0001,-0.1978
TEL,16020,17.0757,16.7153,-3.3397,95.5383,-96,-0.188496,2.2190,-0.0001,-0.1582
TEL,16120,17.0154,16.8388,-3.7830,105.8273,-106,-0.208131,2.0687,-0.0001,-0.1266
TEL,16220,11.9102,15.8798,-3.8136,102.3777,-102,-0.200277,1.2978,-0.0001,-0.1013
TEL,16320,13.3993,13.6002,-0.8776,68.3777,-69,-0.135481,-13.3747,-0.0000,-0.0810
TEL,16420,14.1722,14.0481,-0.7164,34.3777,-35,-0.068722,-8.7236,-0.0000,-0.0648
TEL,16520,13.5555,13.8880,-0.9837,0.3777,-1,-0.001963,-6.6915,-0.0000,-0.0519
TEL,16620,12.5284,13.3200,-0.7510,-33.3363,32,0.062832,-5.7578,-0.0000,-0.0415
TEL,16720,8.5828,11.7208,-0.0217,-49.6146,50,0.098175,-6.2437,-0.0000,-0.0332
TEL,16820,10.0297,10.6042,1.5426,-72.1854,72,0.141372,-6.3409,-0.0000,-0.0329
TEL,16920,9.5136,10.0275,2.7068,-106.1992,105,0.206167,-6.7504,-0.0000,-0.0326
TEL,17020,8.6168,9.2392,3.2273,-120.2842,120,0.235619,-6.6418,-0.0000,-0.0324
TEL,17120,8.0864,8.6880,4.0427,-143.6390,144,0.282743,-6.7580,-0.0000,-0.0321
TEL,17220,7.9521,8.4618,4.5382,-148.9877,148,0.290597,-4.8637,-0.0000,-0.0317
TEL,17320,8.8617,8.5672,4.4328,-136.9050,145,0.284707,-2.8347,-0.0000,-0.0314
TEL,17420,10.0297,9.1389,3.8611,-109.9307,133,0.261145,-0.0542,-0.0000,-1.5759
TEL,17520,10.7780,9.8884,3.1116,-76.0525,106,0.208131,2.8075,-0.0000,-1.5628
TEL,17620,11.8484,10.5617,3.3191,-106.4064,80,0.157080,-2.6496,-0.0000,-1.5499
TEL,17720,11.7568,11.0086,1.9914,-66.4064,102,0.200277,0.7841,-0.1609,-2.3544
TEL,17820,13.5161,12.6547,0.3453,-26.4064,62,0.121737,4.6433,-0.1570,-2.3350
TEL,17920,14.3895,13.6556,-0.6556,7.5936,22,0.043197,6.7945,-0.1177,-1.8680
TEL,18020,15.4737,14.8509,-1.8509,41.5936,-12,-0.023562,7.4146,-0.0883,-1.4944
TEL,18120,13.8781,13.5540,-0.5540,72.6483,-46,-0.090321,8.0615,-0.0662,-1.1955
TEL,18220,16.1559,15.4394,-2.4394,113.4850,-77,-0.151189,9.7285,-0.0497,-0.9564
TEL,18320,17.0757,16.3822,-3.3822,139.9422,-117,-0.229729,10.2161,-0.0373,-0.7651
TEL,18420,17.5093,17.1474,-4.1474,149.9597,-144,-0.282743,8.5299,-0.0279,-0.6121
TEL,18520,10.7522,15.5540,-2.5540,93.9597,-146,-0.286670,-6.3041,-0.0210,-0.4897
TEL,18620,16.4899,16.1650,-3.1650,61.8584,-89,-0.174751,-3.0654,-0.0157,-0.3917
TEL,18720,16.8960,16.5392,-3.5392,82.2116,-66,-0.129591,-1.0804,-0.0118,-0.3134
TEL,18820,16.7197,16.6943,-3.6943,88.1264,-86,-0.168861,-0.7221,-0.0088,-0.2507
TEL,18920,11.5482,15.8416,-2.8416,35.5385,-84,-0.164934,-6.4173,-0.0066,-0.2006
TEL,19020,14.3895,13.9247,-0.9247,1.5385,-28,-0.054978,-2.5265,-0.0050,-0.1605
TEL,19120,14.2152,14.2113,-1.2113,6.1308,-5,-0.009817,-1.7912,-0.0037,-0.1284
TEL,19220,13.3225,13.8841,-0.8841,-4.1395,-2,-0.003927,-2.3830,-0.0028,-0.1027
TEL,19320,12.6662,13.4562,-0.4562,-20.2020,8,0.015708,-3.4842,-0.0021,-0.0822
TEL,19420,10.6252,10.5314,2.4686,-76.1824,24,0.047124,-1.5508,-0.0020,-0.0815
TEL,19520,10.3314,10.4928,2.5072,-77.3813,78,0.153153,-1.5769,-0.0020,-0.0808
TEL,19620,9.4122,10.0416,2.9584,-94.1397,81,0.159043,-2.4941,-0.0019,-0.0801
TEL,19720,8.8438,9.5466,3.4534,-113.0691,98,0.192423,-3.6206,-0.0019,-0.0795
TEL,19820,8.1016,8.6768,4.3232,-141.2139,117,0.229729,-4.4631,-0.0019,-0.0788
TEL,19920,8.5491,8.5549,4.4451,-138.9569,139,0.272926,-3.2033,-0.0018,-0.0782
TEL,20020,9.2932,8.8112,4.1888,-123.9780,135,0.265072,-1.4694,-0.0018,-0.0775
TEL,20120,9.8302,9.1511,3.8489,-108.0883,120,0.235619,0.2888,-0.0017,-1.6171
TEL,20220,11.1508,10.0881,2.9119,-68.5753,104,0.204204,3.2362,-0.0017,-1.6037
TEL,20320,11.9102,11.0699,1.9301,-28.5753,65,0.127627,5.7903,-0.0016,-1.5905
TEL,20420,12.9503,12.2880,0.7120,11.4247,25,0.049087,6.8643,-0.0016,-1.5773
TEL,20520,13.5950,12.9760,0.0240,48.9081,-15,-0.029452,7.2722,-0.0016,-1.5643
TEL,20620,14.5228,13.9257,-0.9257,72.9670,-53,-0.104065,7.3099,-0.0012,-1.2489
TEL,20720,15.0799,14.4981,-1.4981,81.9569,-77,-0.151189,7.1861,-0.0009,-0.9991
TEL,20820,15.6264,15.1452,-2.1452,88.7602,-86,-0.168861,6.5329,-0.0007,-0.7993
TEL,20920,16.1015,15.5461,-2.5461,96.8688,-93,-0.182605,6.1557,-0.0005,-0.6394
TEL,21020,16.3771,15.9497,-2.9497,102.6939,-101,-0.198313,5.3567,-0.0004,-0.5116
TEL,21120,16.3213,16.1101,-3.1101,100.7490,-101,-0.198313,4.2556,-0.0003,-0.4092
TEL,21220,16.1015,16.1698,-3.1698,95.1060,-97,-0.190459,2.9435,-0.0002,-0.3274
TEL,21320,16.1015,16.1592,-3.1592,89.9479,-92,-0.180642,2.0417,-0.0002,-0.2619
TEL,21420,15.6264,16.0119,-3.0119,80.8833,-87,-0.170824,1.0539,-0.0001,-0.2095
TEL,21520,15.2254,15.8270,-2.8270,70.5105,-77,-0.151189,0.0006,-0.0001,-0.1676
TEL,21620,14.4781,15.2254,-2.2254,46.5908,-67,-0.131554,-1.6201,-0.0001,-0.1341
TEL,21720,13.8370,14.6284,-1.6284,12.5908,-44,-0.086394,-3.4081,-0.0000,-0.1073
TEL,21820,12.7361,13.5308,-0.5308,-21.4092,-9,-0.017671,-5.2699,-0.0000,-0.0858
TEL,21920,11.8484,12.6611,0.3389,-55.1288,25,0.049087,-6.9918,-0.0000,-0.0851
TEL,22020,10.7780,11.4589,1.5411,-81.9363,58,0.113883,-7.7302,-0.0000,-0.0844
TEL,22120,7.2261,10.2546,1.5411,-81.9363,82,0.161007,-7.7302,-0.0000,-0.0844
TEL,22220,8.7727,9.1196,3.3735,-129.5015,130,0.255254,-7.7691,-0.0000,-0.0836
TEL,22320,8.2563,8.7269,3.8804,-140.3465,140,0.274889,-7.0250,-0.0000,-0.0829
TEL,22420,8.3198,8.3569,4.2731,-148.6654,149,0.292561,-6.4304,-0.0000,-0.0822
TEL,22520,8.7727,8.4731,4.6431,-151.1671,151,0.296488,-4.6844,-0.0000,-0.0815
TEL,22620,8.7727,8.4825,4.5777,-142.7951,143,0.280780,-3.2309,-0.0000,-0.0806
TEL,22720,9.7869,8.8417,4.3813,-128.7659,129,0.253291,-1.3352,-0.0000,-0.0799
TEL,22820,10.9084,9.9373,3.5048,-90.8767,101,0.198313,1.6302,-0.0000,-0.0793
TEL,22920,8.4494,9.6840,2.6017,-52.8702,63,0.123700,4.4570,-0.0000,-0.0786
TEL,23020,8.9158,10.2861,1.4745,-12.8702,25,0.049087,9.2848,-0.0000,-0.0780
TEL,23120,12.3269,11.6486,1.9611,27.1298,-15,-0.029452,12.0090,-0.0000,-0.0773
TEL,23220,13.9610,12.3933,1.1820,47.1605,-47,-0.092284,9.7876,-0.0000,-0.0767
TEL,23320,14.7502,13.8013,-0.1230,81.1605,-74,-0.145299,12.2029,-0.0000,-0.0613
TEL,23420,15.6779,15.1057,-1.7539,96.0000,-96,-0.188496,11.5891,-0.0000,-0.0491
TEL,23520,12.5626,12.9688,-0.4503,62.0000,-70,-0.137445,-3.6541,-0.0000,-0.0392
TEL,23620,15.4737,14.6557,-1.0761,31.5249,-37,-0.072649,1.6578,-0.0000,-0.0313
TEL,23720,15.7297,15.2968,-2.0357,72.3103,-60,-0.117810,3.8987,-0.0000,-0.0251
TEL,23820,16.0473,15.6744,-2.5427,84.8473,-85,-0.166897,3.8725,-0.0000,-0.0201
TEL,23920,10.1208,14.4532,-2.8065,90.5502,-91,-0.178678,3.7096,-0.0000,-0.0160
TEL,24020,14.4781,14.2242,-1.0982,56.5502,-65,-0.127627,3.7106,-0.0000,-0.0128
TEL,24120,14.7502,14.4833,-1.3861,54.0094,-54,-0.106029,3.8070,-0.0000,-0.0103
TEL,24220,14.5678,14.5698,-1.5702,49.1176,-49,-0.096211,2.8040,-0.0000,-0.0082
TEL,24320,14.0448,14.4427,-1.5150,38.6434,-39,-0.076576,1.6118,-0.0000,-0.0066
TEL,24420,11.4608,11.8112,0.8002,-1.3566,-11,-0.021598,-9.8629,-0.0000,-0.0065
TEL,24520,11.8792,11.8789,1.1212,-41.3566,29,0.056941,-6.5625,-0.0000,-0.0065
TEL,24620,11.3179,11.7122,1.1992,-56.5013,57,0.111919,-4.9870,-0.0000,-0.0064
TEL,24720,10.5256,11.3491,1.4368,-58.2572,58,0.113883,-4.6269,-0.0000,-0.0064
TEL,24820,6.9303,10.2018,2.7982,-121.0374,85,0.166897,-9.4849,-0.0000,-0.0063
TEL,24920,8.7376,9.1481,3.5313,-141.1504,138,0.270962,-9.3931,-0.0000,-0.0063
TEL,25020,8.0113,8.4121,4.4012,-161.1159,161,0.316123,-8.4170,-0.0000,-0.0062
TEL,25120,8.4003,8.3447,4.6739,-160.6957,161,0.316123,-6.6266,-0.0000,-0.0062
TEL,25220,9.1961,8.6327,4.5014,-144.3170,145,0.284707,-4.0602,-0.0000,-0.0061
TEL,25320,7.0342,8.6327,4.5014,-144.3170,144,0.282743,-4.0602,-0.0000,-0.0061
TEL,25420,10.2368,9.1574,4.3348,-132.0750,132,0.259181,-2.3766,-0.0000,-0.0060
TEL,25520,11.2338,10.1950,3.8426,-107.1321,107,0.210094,0.4452,-0.0000,-1.5431
TEL,25620,12.5284,11.7720,2.2471,-45.0876,50,0.098175,4.3028,-0.0000,-1.5303
TEL,25720,13.4770,12.7115,1.2280,-5.0876,5,0.009817,6.6269,-0.0000,-1.5177
TEL,25820,12.8782,12.0331,1.7169,-45.0876,45,0.088357,-5.4690,-0.0000,-1.5051
TEL,25920,14.4337,13.4842,0.9669,-20.0352,20,0.039270,-0.0946,-0.0774,-1.8919
TEL,26020,15.8343,15.1410,-1.1475,13.9648,-14,-0.027489,4.6703,-0.0580,-1.5135
TEL,26120,16.5468,15.9330,-2.1410,69.9648,-67,-0.131554,6.7817,-0.0434,-1.2084
TEL,26220,13.7554,14.0966,-3.1952,115.8241,-118,-0.231692,6.7168,-0.0326,-0.9667
TEL,26320,15.8343,15.0277,-1.0966,81.8241,-82,-0.161007,1.9281,-0.0244,-0.7734
TEL,26420,17.2591,16.8788,-3.0504,123.3764,-123,-0.241510,8.6825,-0.0183,-0.6187
TEL,26520,17.3833,17.1274,-3.8788,141.7280,-142,-0.278816,8.2302,-0.0137,-0.4950
TEL,26620,11.5189,16.1583,-4.1297,135.2641,-135,-0.265072,5.8958,-0.0103,-0.3960
TEL,26720,15.4737,14.8561,-3.1583,79.2641,-82,-0.161007,-2.7376,-0.0077,-0.3168
TEL,26820,15.1766,15.0586,-1.9471,45.2641,-45,-0.088357,-1.3060,-0.0058,-0.2534
TEL,26920,14.9370,15.0736,-2.0586,47.9473,-48,-0.094248,-0.6019,-0.0043,-0.2027
TEL,27020,14.0027,14.5588,-1.8329,13.9473,-14,-0.027489,-2.1495,-0.0033,-0.1622
TEL,27120,8.8259,13.0035,-1.5588,4.8954,-5,-0.009817,-2.6839,-0.0024,-0.1297
TEL,27220,11.3747,11.6471,0.7539,-35.1046,35,0.068722,-7.3276,-0.0024,-0.1287
TEL,27320,10.9881,11.3540,1.3529,-70.2556,70,0.137445,-6.5391,-0.0023,-0.1276
TEL,27420,9.8959,10.6179,1.8392,-75.5953,76,0.149226,-6.0514,-0.0023,-0.1266
TEL,27520,9.1769,9.9422,2.3821,-95.4372,95,0.186532,-6.3578,-0.0022,-0.1255
TEL,27620,7.4933,9.9422,2.3821,-95.4372,95,0.186532,-6.3578,-0.0022,-0.1255
TEL,27720,7.9816,8.6783,3.8249,-132.5488,131,0.257218,-5.6279,-0.0021,-0.1233
TEL,27820,8.8797,8.6474,4.4712,-148.2135,148,0.290597,-5.0879,-0.0020,-0.1222
TEL,27920,9.4525,8.9249,4.2279,-130.8519,131,0.257218,-2.7436,-0.0020,-0.1212
TEL,28020,7.9229,8.8836,3.8857,-113.1522,113,0.221875,-0.5911,-0.0019,-1.6910
TEL,28120,10.0523,9.2204,4.0215,-114.7540,115,0.225802,0.2554,-0.0019,-3.2996
TEL,28220,11.6665,10.7064,3.3523,-82.5834,83,0.162970,3.2347,-0.0019,-3.2724
TEL,28320,12.5969,11.8286,1.6995,-42.5834,46,0.090321,6.5535,-0.0018,-3.2453
TEL,28420,13.7554,12.4009,0.6768,-2.5834,6,0.011781,8.2142,-0.0018,-3.2185
TEL,28520,11.8177,11.4471,2.0242,-74.5834,51,0.100138,-4.3119,-0.0017,-3.1919
TEL,28620,14.5678,13.6503,0.9029,-34.5834,58,0.113883,1.5626,-0.0740,-3.1655
TEL,28720,15.7297,14.9268,-1.3006,-0.5834,1,0.001963,5.7609,-0.0555,-2.5324
TEL,28820,16.6617,16.1013,-2.4075,55.4166,-43,-0.084430,7.5485,-0.0416,-2.0259
TEL,28920,17.3833,16.7062,-3.3774,111.4167,-105,-0.206167,7.3640,-0.0312,-1.6208
TEL,29020,16.2107,15.8563,-2.8574,65.7006,-71,-0.139408,-0.8026,-0.0234,-1.2966
TEL,29120,17.0757,16.4412,-3.1540,86.3414,-86,-0.168861,1.5537,-0.0176,-1.0373
TEL,29220,17.6369,17.2335,-3.7164,108.9814,-109,-0.214021,3.0754,-0.0132,-0.8298
TEL,29320,17.6369,17.4419,-4.3711,126.0952,-126,-0.247400,3.1801,-0.0099,-0.6639
TEL,29420,10.3076,13.6581,-4.5171,127.8366,-128,-0.251327,2.8086,-0.0074,-0.5311
TEL,29520,16.0473,15.4961,-1.8220,96.0000,-96,-0.188496,10.3195,-0.0056,-0.4249
TEL,29620,16.2658,16.2111,-3.2104,148.5163,-139,-0.272926,12.4729,-0.0042,-0.3399
TEL,29720,15.6779,16.0174,-3.1176,122.9908,-124,-0.243473,8.2411,-0.0031,-0.2719
TEL,29820,10.4520,14.3785,-2.8774,98.5901,-99,-0.194386,4.8863,-0.0023,-0.2175
TEL,29920,12.0673,12.0284,1.0369,58.5901,-62,-0.121737,-13.7624,-0.0023,-0.2157
TEL,30020,11.9726,12.1162,0.8530,18.5901,-22,-0.043197,-8.9832,-0.0022,-0.2140
TEL,30120,11.1783,11.8557,0.9720,-21.4099,18,0.035343,-7.0467,-0.0022,-0.2122
TEL,30220,9.7225,10.7504,1.4313,-61.4099,58,0.113883,-7.0835,-0.0021,-0.2104
TEL,30320,8.8977,9.7457,2.7465,-115.8498,105,0.206167,-8.6084,-0.0021,-0.2087
TEL,30420,8.1168,8.5424,3.7609,-149.4678,149,0.292561,-9.7675,-0.0020,-0.2070
TEL,30520,8.6510,8.5211,4.5272,-160.6018,161,0.316123,-7.4739,-0.0020,-0.2053
TEL,30620,9.5754,8.9190,4.3931,-144.4775,144,0.282743,-4.7255,-0.0019,-0.2036
TEL,30720,10.2368,9.4319,3.8506,-115.8040,116,0.227765,-1.7295,-0.0019,-0.2019
TEL,30820,11.6071,10.7082,3.2047,-83.8141,84,0.164934,1.3600,-0.0018,-0.2002
TEL,30920,12.8068,11.9520,1.6424,-43.8141,47,0.092284,5.6407,-0.0018,-0.1985
TEL,31020,14.0870,13.3897,0.4960,-3.8141,7,0.013744,7.9720,-0.0017,-0.1969
TEL,31120,14.8430,14.1706,-0.7840,30.1859,-29,-0.056941,8.5110,-0.0013,-0.1575
TEL,31220,16.0473,15.2965,-1.5310,64.1859,-63,-0.123700,8.6538,-0.0010,-0.1260
TEL,31320,16.6040,15.9717,-2.6395,113.3561,-105,-0.206167,8.6310,-0.0007,-0.1008
TEL,31420,17.2591,16.7415,-3.2641,126.9145,-127,-0.249364,8.2535,-0.0006,-0.0806
TEL,31520,17.5729,17.1469,-3.9708,140.6394,-141,-0.276853,7.5335,-0.0004,-0.0645
TEL,31620,17.8316,17.5608,-4.3356,145.3493,-145,-0.284707,6.7292,-0.0003,-0.0516
TEL,31720,17.7663,17.6399,-4.6080,143.4457,-143,-0.280780,5.1432,-0.0002,-0.0413
REF,31812,17.0000,hold_far
TEL,31820,17.8316,17.7198,-0.7198,16.5294,-136,-0.267035,0.4943,0.0504,0.2879
TEL,31920,17.5729,17.7146,-0.7146,14.4665,-60,-0.117810,0.2055,0.1004,0.5738
TEL,32020,17.0154,17.5697,-0.5697,7.3752,-12,-0.023562,-0.4065,0.1403,0.8017
TEL,32120,16.5468,17.2837,-0.2837,-5.2207,-5,-0.009817,-1.3749,0.1602,0.7950
TEL,32220,15.8343,16.6050,0.3950,-26.4615,7,0.013744,-2.8724,0.1198,0.6348
TEL,32320,15.2745,16.0222,0.9778,-46.8754,28,0.054978,-4.2675,0.0899,0.5078
TEL,32420,14.5228,15.1119,1.8881,-69.0059,49,0.096211,-5.0706,0.0674,0.4062
TEL,32520,13.8370,14.4900,2.5100,-96.1557,71,0.139408,-5.8334,0.0505,0.3250
TEL,32620,8.8081,10.6805,6.3195,-168.1557,98,0.192423,-18.4779,0.0379,0.2600
TEL,32720,11.2617,11.0070,5.9930,-221.3969,163,0.320050,-11.9620,0.0284,0.2080
TEL,32820,11.0418,11.0712,5.9288,-204.5328,219,0.430005,-8.6034,0.0213,0.1664
TEL,32920,10.6252,10.9496,6.0504,-199.1029,203,0.398590,-6.6312,0.0160,0.1331
TEL,33020,7.9669,10.2493,6.7507,-224.0000,201,0.394663,-8.4271,0.0120,0.1065
TEL,33120,8.8797,9.8289,7.1711,-224.0000,224,0.439823,-7.5208,0.0090,0.0852
TEL,33220,9.2736,9.3878,7.6122,-224.0000,224,0.439823,-5.6820,0.0067,0.0682
TEL,33320,9.2932,9.3595,7.6405,-224.0000,224,0.439823,-4.1701,0.0051,0.0545
TEL,33420,9.3128,9.2776,7.7224,-224.0000,224,0.439823,-2.9332,0.0038,0.0436
TEL,33520,6.7524,9.2824,7.7224,-224.0000,224,0.439823,-2.9332,0.0038,0.0436
TEL,33620,9.0260,9.0796,7.8223,-224.0000,224,0.439823,-2.4305,0.0028,0.0341
TEL,33720,9.4525,9.1538,7.9204,-224.0000,224,0.439823,-1.8094,0.0021,0.0273
TEL,33820,9.8739,9.3819,7.8462,-223.9862,224,0.439823,-0.9594,0.0016,0.0218
TEL,33920,10.2134,9.6111,7.6181,-213.5063,214,0.420188,-0.0487,0.0012,0.0174
TEL,34020,9.8520,9.4569,7.6769,-224.0000,224,0.439823,-2.0913,0.0009,0.0140
TEL,34120,11.0149,10.0873,7.5431,-215.7662,216,0.424115,-1.0160,0.0007,0.0112
TEL,34220,12.1635,11.1592,6.9127,-185.4561,185,0.363247,1.7979,0.0005,0.0089
TEL,34320,12.9142,12.1613,5.8408,-141.7893,142,0.278816,4.8321,0.0004,0.0071
TEL,34420,11.6965,11.5158,4.8387,-104.6892,105,0.206167,6.8421,0.0003,0.0057
TEL,34520,13.9610,12.7028,5.4842,-125.9857,126,0.247400,6.1260,0.0002,0.0046
TEL,34620,15.6264,14.7760,3.5416,-55.1833,65,0.127627,9.7728,0.0002,0.0037
TEL,34720,16.4333,15.7864,2.2240,-9.6781,10,0.019635,11.6870,0.0001,0.0029
TEL,34820,11.4033,14.7116,0.7787,30.3219,-30,-0.058905,11.4539,0.0001,0.0023
TEL,34920,15.9936,14.6627,2.2884,-41.6781,32,0.062832,-5.4088,0.0001,0.0019
TEL,35020,17.6369,17.1039,1.1218,-1.6781,11,0.021598,4.8189,0.0000,0.0015
TEL,35120,17.9637,17.6925,-0.1039,32.3219,-33,-0.064795,6.9561,0.0000,0.0015
TEL,35220,17.8974,17.8283,-0.8008,59.5518,-60,-0.117810,5.7420,0.0000,0.0015
TEL,35320,11.9726,16.8408,-0.8283,47.9875,-48,-0.094248,4.2380,0.0000,0.0015
TEL,35420,16.7197,16.1000,1.2777,7.9875,-8,-0.015708,-4.9622,0.0000,0.0012
TEL,35520,16.9555,16.5706,0.9000,-24.8844,25,0.049087,-1.2407,0.0000,0.0009
TEL,35620,16.7781,16.8170,0.2633,0.0010,0,0.000000,0.3003,0.0000,0.0009
TEL,35720,16.5468,16.7438,0.1830,0.0010,0,0.000000,0.1243,0.0000,0.0009
TEL,35820,13.3993,14.6513,0.3168,0.0010,0,0.000000,-0.3437,0.0000,0.0009
TEL,35920,14.4337,14.4427,2.3487,-71.9990,62,0.121737,-6.7322,0.0000,0.0007
TEL,36020,14.2152,14.2549,2.8155,-108.7706,109,0.214021,-6.6528,0.0000,0.0006
TEL,36120,13.6748,14.0980,2.7451,-98.6614,99,0.194386,-4.8445,0.0000,0.0005
TEL,36220,8.8438,12.7563,3.0430,-105.3057,105,0.206167,-4.4674,0.0000,0.0004
TEL,36320,11.0689,11.5524,4.2437,-167.5470,162,0.318086,-10.8275,0.0000,0.0003
TEL,36420,11.3179,11.4579,5.4838,-189.5133,190,0.373064,-7.9927,0.0000,0.0002
TEL,36520,10.8821,11.3101,5.5421,-182.2219,182,0.357356,-6.0097,0.0000,0.0002
TEL,36620,8.1938,10.4554,5.8430,-187.8423,188,0.369137,-5.3863,0.0000,0.0002
TEL,36720,8.7028,9.8666,6.5446,-219.6911,208,0.408407,-8.0986,0.0000,0.0001
TEL,36820,9.5136,9.5976,7.3091,-224.0000,224,0.439823,-7.0397,0.0000,0.0001
TEL,36920,9.6379,9.5937,7.4024,-224.0000,224,0.439823,-5.2405,0.0000,0.0001
TEL,37020,9.7439,9.6392,7.3893,-223.1995,223,0.437859,-3.6220,0.0000,0.0001
TEL,37120,7.3258,9.6519,7.3608,-217.2427,217,0.426078,-2.4757,0.0000,0.0001
TEL,37220,9.3722,9.5425,7.4312,-216.3468,216,0.424115,-1.8384,0.0000,0.0000
TEL,37320,10.0978,9.6456,7.4207,-212.5031,213,0.418225,-1.0500,0.0000,0.0000
TEL,37420,10.7266,10.0066,7.1474,-199.6913,200,0.392699,0.0968,0.0000,0.0000
TEL,37520,11.2338,10.4430,6.7951,-183.5787,184,0.361283,1.4855,0.0000,0.0000
TEL,37620,10.9084,9.9054,7.7849,-224.0000,212,0.416261,-3.8032,0.0000,0.0000
TEL,37720,12.0673,11.2202,6.4266,-170.6968,195,0.382882,2.0550,0.0000,0.0000
TEL,37820,13.3608,12.6710,4.7724,-112.2793,128,0.251327,4.7441,0.0000,0.0000
TEL,37920,14.1722,13.4986,3.9014,-80.2471,87,0.170824,6.4428,0.0000,0.0000
TEL,38020,12.6315,12.5932,4.4459,-146.6511,109,0.214021,-4.9255,0.0000,0.0000
TEL,38120,14.6585,13.6907,3.8920,-108.2593,138,0.270962,0.1589,0.0000,0.0000
TEL,38220,16.4899,15.6430,1.9898,-68.2593,76,0.149226,4.7286,0.0000,0.0000
TEL,38320,17.5729,16.8117,0.7457,-28.2593,40,0.078540,7.7437,0.0000,0.0000
TEL,38420,18.4404,17.7942,-0.4537,5.7407,2,0.003927,7.8756,0.0000,0.0000
TEL,38520,17.4461,16.6236,1.6691,-34.2593,23,0.045160,-11.9695,0.0000,0.0000
TEL,38620,17.4461,17.1357,0.0141,-51.2302,51,0.100138,-7.2823,0.0000,0.0000
TEL,38720,17.7663,17.3589,-0.2244,-32.7270,33,0.064795,-4.5678,0.0000,0.0000
TEL,38820,17.9637,17.5530,-0.4881,-10.3894,12,0.023562,-2.3402,0.0342,0.0000
TEL,38920,10.9881,16.3869,-0.5961,-0.6947,1,0.001963,-1.3631,0.0759,0.0000
TEL,39020,16.6617,15.9575,1.4355,-24.9288,23,0.045160,0.1220,0.0569,0.0000
TEL,39120,17.2591,16.6065,0.7288,3.2219,0,0.000000,2.3281,0.0427,0.0000
TEL,39220,16.8960,16.7649,0.2759,12.6284,-13,-0.025525,2.5090,0.0320,0.0000
TEL,39320,16.6617,16.7292,0.2563,6.8984,-7,-0.013744,1.6410,0.0240,0.0000
TEL,39420,14.5678,15.4759,1.2060,-33.1016,22,0.043197,-5.5080,0.0180,0.0000
TEL,39520,14.7042,15.0175,1.8328,-73.1016,61,0.119773,-6.1433,0.0135,0.0000
TEL,39620,14.4337,14.7373,2.1722,-83.7885,84,0.164934,-5.1057,0.0101,0.0000
TEL,39720,13.8370,14.4468,2.3846,-87.0873,87,0.170824,-4.5172,0.0076,0.0000
TEL,39820,8.6338,10.9176,4.0652,-159.0873,117,0.229729,-11.9192,0.0057,0.0000
TEL,39920,11.6367,11.6391,5.3586,-165.0833,165,0.323977,-3.3438,0.0043,0.0000
TEL,40020,11.4898,11.6249,5.3401,-160.5226,161,0.316123,-2.4454,0.0032,0.0000
TEL,40120,11.1233,11.4912,5.4312,-161.7356,162,0.318086,-2.1474,0.0024,0.0000
TEL,40220,10.6001,11.1442,5.7238,-171.0893,171,0.335758,-2.4055,0.0018,0.0000
TEL,40320,9.1769,10.7366,6.2634,-190.1011,184,0.361283,-3.2727,0.0013,0.0000
TEL,40420,9.5754,9.9129,6.9278,-214.2116,204,0.400553,-4.4965,0.0010,0.0000
TEL,40520,9.5754,9.7561,7.2439,-219.2225,219,0.430005,-3.6429,0.0007,0.0000
TEL,40620,9.5754,9.6668,7.3144,-217.2110,217,0.426078,-2.7577,0.0005,0.0000
TEL,40720,7.5330,9.3709,7.6291,-224.0000,224,0.439823,-4.0290,0.0004,0.0000
TEL,40820,9.2736,9.1504,7.8829,-224.0000,224,0.439823,-3.3291,0.0003,0.0000
TEL,40920,10.0071,9.3774,7.7664,-224.0000,224,0.439823,-1.7835,0.0002,0.0000
TEL,41020,10.5752,9.8712,7.3338,-206.0951,211,0.414298,-0.1662,0.0002,0.0000
TEL,41120,11.0149,10.3256,6.9175,-187.4321,193,0.378955,1.3906,0.0001,0.0000
TEL,41220,11.8177,11.1429,6.1446,-158.6250,173,0.339685,2.9833,0.0001,0.0000
TEL,41320,12.2939,11.6951,5.3049,-130.3144,145,0.284707,4.0495,0.0001,0.0000
TEL,41420,13.5950,12.7249,4.6851,-108.1549,116,0.227765,5.1176,0.0001,0.0000
TEL,41520,14.3018,13.5752,3.4248,-66.2611,94,0.184569,6.5852,0.0000,0.0000
TEL,41620,15.1766,14.6174,2.6833,-42.1865,52,0.102102,7.3213,0.0000,0.0000
TEL,41720,15.8870,15.2654,1.7346,-2.1866,28,0.054978,7.4561,0.0000,0.0000
TEL,41820,16.7781,16.1605,1.1381,33.7651,-12,-0.023562,7.7501,0.0000,0.0000
TEL,41920,17.2591,16.6952,0.3048,46.2287,-45,-0.088357,7.3879,0.0000,0.0000
TEL,42020,17.8316,17.3287,-0.1323,54.0055,-54,-0.106029,6.4696,0.0000,0.0000
TEL,42120,18.0975,17.6283,-0.6283,56.8721,-57,-0.111919,5.7739,0.0000,0.0000
TEL,42220,18.0304,17.8717,-0.8281,50.7638,-51,-0.100138,4.5858,0.0000,0.0000
TEL,42320,18.3018,17.9706,-0.9706,46.6199,-47,-0.092284,3.7650,0.0000,0.0000
TEL,42420,18.0304,17.9936,-0.9879,38.0569,-39,-0.076576,2.6579,0.0000,0.0000
TEL,42520,18.3018,18.0314,-1.0314,34.6975,-35,-0.068722,2.1365,0.0722,0.0000
TEL,42620,18.0304,18.0372,-1.0379,30.3807,-30,-0.058905,1.5739,0.1449,0.0000
TEL,42720,17.8316,18.0031,-1.0031,25.7267,-26,-0.051051,1.0073,0.2151,0.4012
TEL,42820,17.5729,17.9343,-0.9690,22.2060,-22,-0.043197,0.5827,0.2829,0.7888
TEL,42920,17.2591,17.8080,-0.8081,14.6282,-15,-0.029452,-0.0700,0.3395,1.1120
TEL,43020,14.9843,17.1038,-0.5688,3.0293,-4,-0.007854,-1.0449,0.3793,1.3396
TEL,43120,15.0320,15.8440,1.1560,-36.9707,11,0.021598,-4.5495,0.2845,1.0716
TEL,43220,15.0799,15.3332,1.5612,-56.7445,51,0.100138,-4.2448,0.2133,0.8573
TEL,43320,14.3455,14.9509,2.0491,-76.8742,70,0.137445,-4.5214,0.1600,0.6859
TEL,43420,10.3793,13.3614,2.4885,-91.0380,89,0.174751,-4.8950,0.1200,0.5487
TEL,43520,11.2897,11.3205,5.6795,-163.0380,105,0.206167,-3.8165,0.0900,0.4389
TEL,43620,11.7266,11.6033,5.4396,-162.5335,163,0.320050,-2.3654,0.0675,0.3512
TEL,43720,11.2897,11.5244,5.4756,-162.3298,162,0.318086,-2.0764,0.0506,0.2809
TEL,43820,10.6757,11.2291,5.6461,-167.8574,168,0.329867,-2.2290,0.0380,0.2247
TEL,43920,7.4802,11.0564,5.6461,-167.8574,168,0.329867,-2.2290,0.0380,0.2247
TEL,44020,9.1961,9.7262,6.4720,-198.0901,198,0.388772,-3.7925,0.0259,0.1668
TEL,44120,9.2932,9.4896,7.2738,-224.0000,224,0.439823,-4.8869,0.0195,0.1334
TEL,44220,9.1388,9.3213,7.5842,-224.0000,224,0.439823,-4.0180,0.0146,0.1067
TEL,44320,9.0260,9.2354,7.6787,-224.0000,224,0.439823,-3.1939,0.0109,0.0854
TEL,44420,8.2093,9.0715,7.9285,-224.0000,224,0.439823,-2.4287,0.0068,0.0589
TEL,44520,8.6338,8.8719,8.1281,-224.0000,224,0.439823,-2.1821,0.0051,0.0471
TEL,44620,9.1009,8.9256,8.0744,-224.0000,224,0.439823,-1.3415,0.0038,0.0377
TEL,44720,9.3524,9.0196,7.9804,-224.0000,224,0.439823,-0.5768,0.0029,0.0302
TEL,44820,7.7234,8.9324,8.0676,-224.0000,224,0.439823,-1.9910,0.0022,0.0241
TEL,44920,8.8438,8.9138,8.0862,-224.0000,224,0.439823,-1.4885,0.0016,0.0193
TEL,45020,10.3553,9.4935,7.5065,-206.7431,220,0.431969,0.7606,0.0012,0.0154
TEL,45120,11.2060,10.2453,6.7547,-173.3543,203,0.398590,3.5033,0.0009,0.0124
TEL,45220,12.0992,11.4337,5.5663,-132.6953,169,0.331831,5.1448,0.0007,0.0099
TEL,45320,8.9890,10.8229,6.1771,-189.1929,137,0.268999,-3.6093,0.0005,0.0079
TEL,45420,13.0232,12.3054,4.6946,-117.1929,189,0.371101,3.9211,0.0004,0.0063
TEL,45520,14.1295,13.5013,3.4987,-68.4315,123,0.241510,6.5618,0.0003,0.0051
TEL,45620,14.4337,14.4122,2.6015,-35.4437,66,0.129591,8.3097,0.0002,0.0040
TEL,45720,16.5468,15.5049,1.4951,4.5563,31,0.060868,9.9937,0.0002,0.0032
TEL,45820,15.1766,14.3947,2.6053,-24.4971,-1,-0.001963,10.7662,0.0001,0.0026
TEL,45920,16.8960,15.8746,1.1254,15.5029,20,0.039270,13.1619,0.0001,0.0021
TEL,46020,17.8974,17.3549,-0.3549,49.5029,-20,-0.039270,12.0267,0.0001,0.0021
TEL,46120,17.8974,17.6464,-0.6464,83.5029,-54,-0.106029,9.4123,0.0001,0.0020
TEL,46220,11.2338,16.4014,0.5986,43.5029,-80,-0.157080,-2.9624,0.0001,0.0016
TEL,46320,15.7297,15.6625,1.3375,3.5029,-40,-0.078540,-1.6993,0.0000,0.0013
TEL,46420,16.8368,16.4881,0.5119,-9.0342,0,0.000000,0.0256,0.0000,0.0010
TEL,46520,17.0154,16.7003,0.2997,0.0011,5,0.009817,0.8042,0.0000,0.0010
TEL,46620,16.4333,16.6767,0.3233,0.0011,0,0.000000,0.1991,0.0000,0.0010
TEL,46720,9.8520,15.4919,1.5081,-39.9989,4,0.007854,-7.8907,0.0000,0.0008
TEL,46820,14.1295,14.2823,2.7177,-104.5306,44,0.086394,-6.3193,0.0000,0.0007
TEL,46920,14.1295,14.2511,2.7489,-98.4720,103,0.202240,-4.7787,0.0000,0.0005
TEL,47020,13.5161,14.0156,2.9844,-102.5053,101,0.198313,-4.2093,0.0000,0.0004
TEL,47120,12.9867,13.6671,3.3329,-112.8327,107,0.210094,-4.3359,0.0000,0.0003
TEL,47220,10.7011,10.7297,6.2703,-184.8326,117,0.229729,-3.3798,0.0000,0.0003
TEL,47320,11.1508,10.8676,6.1324,-179.0296,181,0.355393,-1.6275,0.0000,0.0002
TEL,47420,10.5009,10.7624,6.2376,-181.7892,182,0.357356,-1.5857,0.0000,0.0002
TEL,47520,10.1438,10.5862,6.4138,-187.7641,186,0.365210,-1.8174,0.0000,0.0001
TEL,47620,7.5065,9.7771,7.2229,-224.0000,192,0.376991,-5.4245,0.0000,0.0001
TEL,47720,8.3679,9.3126,7.6874,-224.0000,224,0.439823,-5.5334,0.0000,0.0001
TEL,47820,8.8977,8.9734,8.0266,-224.0000,224,0.439823,-4.1510,0.0000,0.0001
TEL,47920,9.0075,8.9694,8.0306,-224.0000,224,0.439823,-2.9033,0.0000,0.0001
TEL,48020,9.0075,8.9745,8.0255,-224.0000,224,0.439823,-2.0403,0.0000,0.0000
TEL,48120,9.1009,8.9948,8.0052,-224.0000,224,0.439823,-1.3690,0.0000,0.0000
TEL,48220,8.5828,8.8350,8.1650,-224.0000,224,0.439823,-1.2649,0.0000,0.0000
TEL,48320,9.1578,8.8822,8.1178,-224.0000,224,0.439823,-0.6272,0.0000,0.0000
TEL,48420,9.7012,9.1297,7.8703,-219.1228,221,0.433932,0.2766,0.0000,0.0000
TEL,48520,10.2368,9.4676,7.5324,-204.0064,215,0.422151,1.5333,0.0000,0.0000
TEL,48620,11.1233,10.2793,6.7207,-172.8307,200,0.392699,3.4108,0.0000,0.0000
TEL,48720,9.7653,10.1224,6.8776,-184.1331,177,0.347539,1.8758,0.0000,0.0000
TEL,48820,12.1313,11.0857,5.9143,-133.5327,180,0.353429,7.1259,0.0000,0.0000
TEL,48920,13.0232,12.3548,4.6452,-89.5843,132,0.259181,8.9958,0.0000,0.0000
TEL,49020,14.1295,13.5288,3.4712,-57.1054,88,0.172788,8.9087,0.0000,0.0000
TEL,49120,10.2839,12.6328,4.3672,-129.1054,61,0.119773,-2.9818,0.0000,0.0000
TEL,49220,14.1295,13.0893,3.9107,-88.0153,125,0.245437,4.7740,0.0000,0.0000
TEL,49320,15.8343,14.8717,2.1283,-16.0153,87,0.170824,9.8257,0.0000,0.0000
TEL,49420,17.6369,16.3729,0.6271,23.9847,15,0.029452,13.8321,0.0000,0.0000
TEL,49520,17.8974,17.3328,-0.3328,57.9847,-28,-0.054978,12.8828,0.0000,0.0000
TEL,49620,11.4898,15.8881,1.1119,17.9847,-54,-0.106029,-4.8622,0.0000,0.0000
TEL,49720,15.2254,15.1100,1.8900,-22.0153,-14,-0.027489,-2.6398,0.0000,0.0000
TEL,49820,17.3210,16.4313,0.5687,2.0088,18,0.035343,1.7494,0.0000,0.0000
TEL,49920,17.3210,16.9668,0.0332,17.9260,-5,-0.009817,2.6463,0.0000,0.0000
TEL,50020,17.3210,17.2879,-0.2879,20.6968,-20,-0.039270,1.9727,0.0202,0.0000
TEL,50120,12.1958,16.3886,0.6114,-19.3032,-17,-0.033379,-5.1571,0.0151,0.0000
TEL,50220,14.9843,14.6213,2.3787,-73.6781,22,0.043197,-1.5744,0.0113,0.0000
TEL,50320,15.7297,15.2450,1.7550,-33.6781,73,0.143335,0.7854,0.0085,0.0000
TEL,50420,15.4235,15.4384,1.5616,-24.4158,33,0.064795,0.5266,0.0064,0.0000
TEL,50520,15.0320,15.3311,1.6689,-30.6680,27,0.053014,-0.0903,0.0048,0.0000
TEL,50620,8.7376,12.0523,4.9477,-102.6680,35,0.068722,-15.8826,0.0036,0.0000
TEL,50720,12.4944,12.1189,4.8811,-174.6680,102,0.200277,-9.4698,0.0027,0.0000
TEL,50820,12.2939,12.4296,4.5704,-160.0709,172,0.337721,-7.1338,0.0020,0.0000
TEL,50920,12.0356,12.2988,4.7012,-156.7858,158,0.310232,-5.5894,0.0015,0.0000
TEL,51020,11.2617,11.8686,5.1314,-167.0003,161,0.316123,-5.1825,0.0011,0.0000
TEL,51120,7.3639,11.6846,5.1314,-167.0003,167,0.327904,-5.1825,0.0011,0.0000
TEL,51220,9.5547,10.5355,5.9261,-189.0892,188,0.369137,-5.1465,0.0007,0.0000
TEL,51320,9.7439,10.0021,6.8491,-220.6791,215,0.422151,-6.4233,0.0006,0.0000
TEL,51420,9.4932,9.6812,7.2570,-224.0000,224,0.439823,-5.3279,0.0004,0.0000
TEL,51520,9.3326,9.5651,7.3774,-224.0000,224,0.439823,-4.2240,0.0003,0.0000
TEL,51620,6.4909,9.4304,7.4815,-224.0000,224,0.439823,-3.3503,0.0002,0.0000
TEL,51720,8.6338,9.0868,7.7840,-224.0000,224,0.439823,-3.1589,0.0002,0.0000
TEL,51820,9.3326,9.1320,7.9074,-224.0000,224,0.439823,-2.1183,0.0001,0.0000
TEL,51920,9.5962,9.2513,7.8119,-223.7408,224,0.439823,-1.1126,0.0001,0.0000
TEL,52020,10.1438,9.5758,7.5499,-211.7269,212,0.416261,-0.0734,0.0001,0.0000
TEL,52120,10.5752,9.9052,7.2759,-199.1958,199,0.390736,1.0066,0.0001,0.0000
TEL,52220,11.3462,10.6256,6.6442,-174.8465,177,0.347539,2.4867,0.0000,0.0000
TEL,52320,11.9413,11.2124,6.0989,-153.8823,155,0.304342,3.7529,0.0000,0.0000
TEL,52420,13.1340,12.3273,5.0907,-117.3117,127,0.249364,5.6062,0.0000,0.0000
TEL,52520,13.7150,13.0749,4.2784,-89.1031,93,0.182605,6.8207,0.0000,0.0000
TEL,52620,14.8899,14.1531,3.2275,-57.3260,63,0.123700,7.3430,0.0000,0.0000
TEL,52720,15.3735,14.8057,2.4920,-34.7654,36,0.070686,7.7802,0.0000,0.0000
TEL,52820,16.3213,15.7469,1.5361,5.2346,7,0.013744,7.8337,0.0000,0.0000
TEL,52920,16.8368,16.2775,0.9785,35.2890,-30,-0.058905,7.5573,0.0000,0.0000
TEL,53020,17.5093,16.9496,0.2751,42.9702,-43,-0.084430,6.8460,0.0000,0.0000
TEL,53120,17.7663,17.2849,-0.1092,50.0941,-50,-0.098175,6.0297,0.0000,0.0000
TEL,53220,18.0304,17.6299,-0.5128,48.0075,-48,-0.094248,4.9113,0.0000,0.0000
TEL,53320,18.0304,17.7842,-0.7187,45.3564,-45,-0.088357,4.1423,0.0000,0.0000
TEL,53420,18.0975,17.9161,-0.8796,40.5710,-41,-0.080503,3.2023,0.0000,0.0000
TEL,53520,18.0304,17.9383,-0.9236,34.4904,-34,-0.066759,2.3407,0.0647,0.0000
TEL,53620,18.0304,17.9600,-0.9516,29.7757,-30,-0.058905,1.6833,0.1313,0.0000
TEL,53720,18.0304,17.9728,-0.9669,26.6540,-27,-0.053014,1.2522,0.1990,0.0000
TEL,53820,17.8316,17.9352,-0.9449,22.3150,-22,-0.043197,0.7010,0.2651,0.3780
TEL,53920,17.5093,17.8928,-0.9265,20.3411,-20,-0.039270,0.4389,0.3300,0.7486
TEL,54020,9.8302,15.3419,-0.3321,-13.6588,6,0.011781,-3.6112,0.3219,0.7424
TEL,54120,15.3735,15.1374,2.0392,-80.1178,44,0.086394,-5.3014,0.2414,0.5939
TEL,54220,15.5243,15.4985,1.5112,-46.4569,72,0.141372,-2.8444,0.1811,0.4751
TEL,54320,15.3735,15.4805,1.4959,-40.3512,40,0.078540,-1.9916,0.1358,0.3801
TEL,54420,14.7502,15.2865,1.6160,-41.4077,41,0.080503,-1.8179,0.1019,0.3041
TEL,54520,11.7568,14.5605,1.8192,-46.8021,47,0.092284,-2.0538,0.0764,0.2433
TEL,54620,12.7361,13.1131,3.6426,-118.8021,76,0.149226,-4.8830,0.0573,0.1946
TEL,54720,12.6315,12.8928,4.0031,-131.3199,131,0.257218,-4.3180,0.0430,0.1557
TEL,54820,11.8792,12.4379,4.3849,-141.6503,142,0.278816,-4.2291,0.0322,0.1246
TEL,54920,11.4320,12.0314,4.7606,-153.1469,153,0.300415,-4.4388,0.0242,0.0996
TEL,55020,9.4932,9.8199,6.9061,-224.0000,183,0.359320,-8.5522,0.0181,0.0797
TEL,55120,9.7869,9.8019,7.1924,-224.0000,224,0.439823,-6.1966,0.0136,0.0638
TEL,55220,9.6379,9.7818,7.1890,-221.9252,222,0.435896,-4.5987,0.0102,0.0509
TEL,55320,9.4525,9.7065,7.2502,-218.7652,219,0.430005,-3.5132,0.0076,0.0407
TEL,55420,6.8071,9.6173,7.3827,-219.3836,219,0.430005,-2.8238,0.0057,0.0326
TEL,55520,8.8438,9.3181,7.5704,-224.0000,224,0.439823,-2.6875,0.0043,0.0261
TEL,55620,9.2736,9.2227,7.7878,-224.0000,224,0.439823,-2.1083,0.0032,0.0209
TEL,55720,9.4525,9.2570,7.7726,-224.0000,224,0.439823,-1.4724,0.0024,0.0167
TEL,55820,9.7439,9.3522,7.7042,-218.7795,219,0.430005,-0.6839,0.0018,0.0133
TEL,55920,6.9531,9.3522,7.7042,-218.7795,219,0.430005,-0.6839,0.0018,0.0133
TEL,56020,10.2368,9.4988,7.6451,-215.8999,216,0.424115,-0.4104,0.0012,0.0096
TEL,56120,10.9614,9.9091,7.5012,-208.0374,208,0.408407,0.4414,0.0009,0.0077
TEL,56220,12.0673,11.1387,6.7444,-176.2798,176,0.345575,2.7905,0.0007,0.0061
TEL,56320,12.6662,11.9794,5.8613,-140.2169,140,0.274889,5.3099,0.0005,0.0049
TEL,56420,12.4269,11.1718,6.0353,-184.5334,184,0.361283,-3.4554,0.0004,0.0039
TEL,56520,13.8370,13.0207,5.8282,-135.1329,137,0.268999,6.2342,0.0003,0.0031
TEL,56620,15.1281,14.6817,3.3420,-63.1329,67,0.131554,9.0053,0.0002,0.0025
TEL,56720,16.1559,15.4579,2.3183,-24.7475,25,0.049087,8.9248,0.0002,0.0020
TEL,56820,10.4277,14.1651,1.1710,15.2525,-15,-0.029452,9.0257,0.0001,0.0016
TEL,56920,15.1281,14.3325,2.8349,-56.7475,46,0.090321,-8.2773,0.0001,0.0013
TEL,57020,17.5729,16.8076,1.7956,-30.1092,32,0.062832,0.3157,0.0001,0.0010
TEL,57120,17.7663,17.4526,0.1924,9.8908,-10,-0.019635,5.2390,0.0001,0.0008
TEL,57220,18.1652,17.8694,-0.6469,43.8908,-44,-0.086394,5.1299,0.0000,0.0008
TEL,57320,14.9370,15.5547,-0.8694,50.1841,-50,-0.098175,4.4254,0.0000,0.0008
TEL,57420,17.0757,16.3964,1.4124,10.1841,-10,-0.019635,3.3956,0.0000,0.0006
TEL,57520,17.5093,17.0748,0.6036,24.5313,-25,-0.049087,5.0565,0.0000,0.0005
TEL,57620,17.2591,17.2129,-0.1551,36.1199,-36,-0.070686,4.1854,0.0000,0.0005
TEL,57720,11.8484,16.3557,-0.2129,28.3025,-28,-0.054978,3.0852,0.0000,0.0005
TEL,57820,15.3238,15.2230,1.6354,-11.6975,12,0.023562,-4.8756,0.0000,0.0004
TEL,57920,15.3238,15.2787,1.7770,-51.6975,52,0.102102,-3.0770,0.0000,0.0003
TEL,58020,14.7502,14.9954,1.7213,-45.6893,46,0.090321,-2.1008,0.0000,0.0003
TEL,58120,14.2584,14.7991,2.0046,-64.7487,65,0.127627,-1.9157,0.0000,0.0002
TEL,58220,12.8424,12.8898,3.1361,-124.0296,120,0.235619,-8.0484,0.0000,0.0002
TEL,58320,12.1313,12.5186,4.1102,-142.2725,142,0.278816,-6.0413,0.0000,0.0001
TEL,58420,11.6071,11.6245,5.5669,-210.1842,202,0.396626,-12.0690,0.0000,0.0001
TEL,58520,11.1233,11.4319,5.3755,-189.6160,190,0.373064,-8.6892,0.0000,0.0001
TEL,58620,7.4023,11.1468,5.6963,-191.5502,192,0.376991,-7.1228,0.0000,0.0001
TEL,58720,9.4122,10.2970,6.3004,-206.2384,206,0.404480,-6.6285,0.0000,0.0001
TEL,58820,9.4525,9.7834,6.9621,-224.0000,224,0.439823,-6.5848,0.0000,0.0000
TEL,58920,9.3722,9.2851,7.2166,-224.0000,224,0.439823,-5.6091,0.0000,0.0000
TEL,59020,7.6407,8.9120,7.7994,-224.0000,224,0.439823,-4.6103,0.0000,0.0000
TEL,59120,8.1628,8.7115,8.2885,-224.0000,224,0.439823,-3.8554,0.0000,0.0000
TEL,59220,9.1578,8.8650,8.2072,-224.0000,224,0.439823,-2.3926,0.0000,0.0000
TEL,59320,9.4932,9.0265,8.0758,-224.0000,224,0.439823,-1.2866,0.0000,0.0000
TEL,59420,9.8739,9.3546,7.7720,-218.3325,218,0.428042,-0.1595,0.0000,0.0000
TEL,59520,7.7234,9.1058,7.8942,-224.0000,224,0.439823,-2.7187,0.0000,0.0000
TEL,59620,10.1669,9.4190,7.8067,-222.9637,223,0.437859,-0.9723,0.0000,0.0000
TEL,59720,11.0961,10.1265,6.8735,-182.7781,209,0.410371,2.1510,0.0000,0.0000
TEL,59820,12.0992,11.4260,5.9691,-145.2621,169,0.331831,4.8605,0.0000,0.0000
TEL,59920,12.8424,12.2014,4.7986,-107.0410,131,0.257218,6.0712,0.0000,0.0000
TEL,60020,13.5161,12.0905,5.7013,-134.6640,122,0.239546,5.5493,0.0000,0.0000
TEL,60120,13.9194,13.1656,3.8344,-72.5081,121,0.237583,7.7456,0.0000,0.0000
TEL,60220,15.3735,14.6889,2.7688,-35.4158,54,0.106029,9.3580,0.0000,0.0000
TEL,60320,16.2107,15.5223,1.4777,4.5842,21,0.041233,9.6217,0.0000,0.0000
TEL,60420,14.3895,14.4729,2.4766,-31.2926,10,0.019635,8.4560,0.0000,0.0000
TEL,60520,16.3213,15.5588,1.4412,8.7074,17,0.033379,9.3119,0.0000,0.0000
TEL,60620,17.8974,17.2105,0.2694,48.7074,-24,-0.047124,10.9512,0.0000,0.0000
TEL,60720,17.8974,17.6255,-0.6255,81.4453,-63,-0.123700,8.8515,0.0000,0.0000
TEL,60820,11.9413,16.4343,-0.8210,71.1264,-71,-0.139408,7.1461,0.0000,0.0000
TEL,60920,16.2658,16.0443,0.9557,31.1264,-56,-0.109956,6.3086,0.0000,0.0000
TEL,61020,17.3833,16.8693,0.3692,37.6883,-38,-0.074613,6.3334,0.0000,0.0000
TEL,61120,17.3833,17.1397,-0.1397,44.0128,-44,-0.086394,5.2046,0.0000,0.0000
TEL,61220,17.0154,17.1846,-0.2236,33.1057,-34,-0.066759,3.6631,0.0000,0.0000
TEL,61320,13.7150,15.0638,1.9362,-6.8943,-19,-0.037306,-4.4710,0.0000,0.0000
TEL,61420,15.3238,15.1791,1.8911,-44.4263,21,0.041233,-1.4839,0.0000,0.0000
TEL,61520,14.9843,15.1055,1.8945,-43.2488,43,0.084430,-1.3068,0.0000,0.0000
TEL,61620,14.0870,14.4599,2.4146,-74.9276,56,0.109956,-1.6266,0.0000,0.0000
TEL,61720,8.8977,13.0179,3.9821,-146.9276,89,0.174751,-10.3974,0.0000,0.0000
REF,61812,9.0000,hold_near
TEL,61820,12.1313,12.0996,-3.0996,56.0000,162,0.318086,0.4684,0.0000,1.2398
TEL,61920,11.4898,11.8424,-2.8424,70.5138,161,0.316123,-0.5316,0.0000,2.3768
TEL,62020,10.7266,11.3507,-2.3507,51.3474,69,0.135481,-1.7776,0.0000,2.3572
TEL,62120,10.1901,10.8626,-1.8626,17.3474,-23,-0.045160,-3.0522,0.0000,2.3377
TEL,62220,8.8797,9.5407,-0.5407,-16.6526,-36,-0.070686,-5.0954,0.0000,2.3184
TEL,62320,8.6855,9.1339,-0.1339,-36.5313,18,0.035343,-5.1384,0.0000,2.2992
TEL,62420,8.1016,8.5991,0.4009,-40.2188,39,0.076576,-4.9775,0.0000,1.8394
TEL,62520,8.2563,8.4181,0.5819,-36.5496,38,0.074613,-3.9354,0.0000,1.4715
TEL,62620,8.8438,8.5283,0.4717,-23.8798,35,0.068722,-2.3614,-0.0377,1.1772
TEL,62720,9.2736,8.7304,0.2696,1.1395,22,0.043197,-0.8744,-0.0377,1.1772
TEL,62820,9.7869,9.1906,-0.1906,1.1395,-1,-0.001963,0.5766,-0.0377,1.1772
TEL,62920,10.1208,9.5538,-0.5538,24.3181,-3,-0.005890,1.7206,-0.0283,1.1675
TEL,63020,10.7266,10.2037,-1.2037,42.9435,-26,-0.051051,2.6681,-0.0212,1.1578
TEL,63120,11.1508,10.6350,-1.6350,55.6644,-45,-0.088357,3.3420,-0.0159,1.1482
TEL,63220,11.4608,11.1234,-2.1234,72.0854,-58,-0.113883,3.2497,-0.0119,1.1388
TEL,63320,11.6965,11.3412,-2.3412,76.6080,-74,-0.145299,3.0832,-0.0090,1.1293
TEL,63420,11.8177,11.5648,-2.5648,79.8093,-79,-0.155116,2.6501,-0.0067,1.1200
TEL,63520,11.8177,11.6530,-2.6530,79.2240,-79,-0.155116,2.1442,-0.0050,1.1108
TEL,63620,11.5775,11.6578,-2.6578,75.5046,-77,-0.151189,1.4478,-0.0038,1.1016
TEL,63720,11.4608,11.6179,-2.6179,72.4946,-74,-0.145299,0.8909,-0.0028,2.1488
TEL,63820,11.0149,11.4738,-2.4738,66.0287,-70,-0.137445,0.1904,-0.0021,3.1383
TEL,63920,10.7011,11.2839,-2.2839,57.8857,-64,-0.125664,-0.5930,-0.0016,4.0518
TEL,64020,10.0523,10.8000,-1.8000,23.8857,-56,-0.109956,-1.8423,-0.0012,4.0183
TEL,64120,9.6590,10.3496,-1.3496,2.8651,-22,-0.043197,-3.0077,-0.0009,3.9851
TEL,64220,9.0446,9.6521,-0.6521,-15.8196,-1,-0.001963,-3.8571,-0.0007,3.9522
TEL,64320,8.6168,9.1756,-0.1756,-28.2414,18,0.035343,-4.3933,-0.0005,3.9195
TEL,64420,8.1628,8.5751,0.4249,-34.5271,30,0.058905,-4.2877,-0.0005,3.1356
TEL,64520,8.4659,8.5011,0.4989,-28.4342,33,0.064795,-3.1374,-0.0005,2.5085
TEL,64620,8.9890,8.6463,0.3537,-16.7500,26,0.051051,-1.7659,-0.0288,2.0068
TEL,64720,9.3128,8.8294,0.1706,1.9780,15,0.029452,-0.5514,-0.0288,2.0068
TEL,64820,6.8850,8.9096,0.1706,1.9780,-1,-0.001963,-0.5514,-0.0288,2.0068
TEL,64920,9.3722,8.9724,0.1023,1.9780,-2,-0.003927,-0.3936,-0.0288,2.0068
TEL,65020,10.0523,9.3988,-0.0911,1.9780,-2,-0.003927,0.5670,-0.0288,2.0068
TEL,65120,10.4034,9.7907,-0.5949,26.5282,-27,-0.053014,1.8057,-0.0216,1.9902
TEL,65220,10.7522,10.0248,-0.9710,39.0824,-39,-0.076576,2.5773,-0.0162,1.9738
TEL,65320,9.3326,9.8285,-0.8285,22.6849,-26,-0.051051,0.7716,-0.0110,2.4377
TEL,65420,10.7780,10.0729,-0.7441,36.4071,-34,-0.066759,2.6686,-0.0083,2.4176
TEL,65520,10.9881,10.5336,-1.5336,55.4739,-49,-0.096211,3.3764,-0.0062,2.3976
TEL,65620,11.0961,10.8808,-1.8090,60.0942,-60,-0.117810,3.3711,-0.0047,2.3778
TEL,65720,11.0149,10.9407,-1.9227,56.6946,-57,-0.111919,2.7068,-0.0035,2.3582
TEL,65820,10.6504,10.5181,-1.4745,32.8389,-43,-0.084430,0.6035,-0.0026,2.9479
TEL,65920,10.5009,10.4951,-1.4951,32.4838,-32,-0.062832,0.4405,-0.0020,3.5460
TEL,66020,10.4277,10.4852,-1.4933,31.6721,-32,-0.062832,0.2681,-0.0015,4.1433
TEL,66120,10.1669,10.4382,-1.4382,28.8444,-29,-0.056941,-0.0403,-0.0011,4.7185
TEL,66220,8.9890,9.5916,-0.8136,-0.2442,-15,-0.029452,-2.3442,-0.0008,4.6796
TEL,66320,9.3128,9.4578,-0.4578,-3.6167,4,0.007854,-2.0049,-0.0006,4.6409
TEL,66420,9.1388,9.3399,-0.3814,-2.9964,3,0.005890,-1.7603,-0.0005,4.6025
TEL,66520,8.6682,9.1855,-0.2834,-3.9056,4,0.007854,-1.6609,-0.0003,4.5645
TEL,66620,6.2476,9.1023,-0.2834,-3.9056,4,0.007854,-1.6609,-0.0003,4.5645
TEL,66720,7.8505,8.6000,0.1670,-12.9902,13,0.025525,-1.8888,-0.0217,3.2603
TEL,66820,8.4494,8.4211,0.5302,-22.9541,23,0.045160,-2.2792,-0.0641,2.6083
TEL,66920,8.7376,8.5027,0.5437,-17.4457,17,0.033379,-1.3769,-0.1076,2.0866
TEL,67020,7.2139,8.6185,0.4434,-10.6404,11,0.021598,-0.5980,-0.1431,1.6693
TEL,67120,8.4330,8.5892,0.4108,-9.6424,10,0.019635,-0.4708,-0.1891,1.2365
TEL,67220,9.2541,8.7692,0.3140,1.0474,0,0.000000,0.0693,-0.1891,1.2365
TEL,67320,9.4122,8.9549,0.0451,1.0474,-1,-0.001963,0.7170,-0.1891,1.2365
TEL,67420,9.5547,9.2202,-0.1433,1.0474,-1,-0.001963,1.1475,-0.1891,1.2365
TEL,67520,8.3198,9.0546,-0.0546,1.0474,-1,-0.001963,0.2282,-0.1891,1.2365
TEL,67620,9.2347,9.0344,0.0093,1.0474,-1,-0.001963,0.3651,-0.1891,1.2365
TEL,67720,9.5341,9.1635,-0.0910,1.0474,-1,-0.001963,0.6648,-0.1891,1.2365
TEL,67820,9.3722,9.2633,-0.2440,1.0474,-1,-0.001963,0.7539,-0.1891,1.2365
TEL,67920,8.6510,9.1986,-0.2784,1.0474,-1,-0.001963,0.6459,-0.1891,1.2365
TEL,68020,8.6338,9.0278,-0.0965,1.0474,-1,-0.001963,-0.1489,-0.1891,1.2365
TEL,68120,8.7202,8.9435,0.0565,1.0474,-1,-0.001963,-0.3886,-0.1891,1.2365
TEL,68220,8.5998,8.8375,0.1251,1.0474,-1,-0.001963,-0.5536,-0.1891,1.2365
TEL,68320,7.5197,8.6167,0.2101,1.0474,-1,-0.001963,-0.7354,-0.1891,1.2365
TEL,68420,7.5865,8.4290,0.5710,-16.6021,3,0.005890,-1.0044,-0.2439,0.9512
TEL,68520,8.2093,8.3064,0.6936,-18.3301,18,0.035343,-0.9011,-0.2994,0.7609
TEL,68620,8.3679,8.3724,0.6268,-13.9432,15,0.029452,-0.4171,-0.3496,0.6087
TEL,68720,8.7552,8.4715,0.5285,-9.2267,10,0.019635,0.0274,-0.3919,0.4870
TEL,68820,6.5213,8.5206,0.5285,-9.2267,9,0.017671,0.0274,-0.3919,0.4870
TEL,68920,8.5828,8.5008,0.5120,-9.8663,10,0.019635,-0.0802,-0.4492,0.3607
TEL,69020,8.8081,8.5919,0.4719,-7.7307,8,0.015708,0.1375,-0.4870,0.2886
TEL,69120,8.8438,8.6423,0.3843,-5.3259,5,0.009817,0.2683,-0.5177,0.2309
TEL,69220,6.5829,8.6698,0.3407,-0.2868,0,0.000000,0.3132,-0.5177,0.2309
TEL,69320,8.0864,8.5219,0.4147,-8.3800,8,0.015708,-0.0783,-0.5509,0.1847
TEL,69420,8.2093,8.4207,0.5145,-11.9155,12,0.023562,-0.3158,-0.5920,0.1478
TEL,69520,8.2249,8.3303,0.5793,-14.1193,14,0.027489,-0.4532,-0.6384,0.1182
TEL,69620,8.4166,8.3340,0.6752,-15.2903,15,0.029452,-0.3626,-0.6929,0.0944
TEL,69720,7.6544,8.2664,0.7336,-17.6509,18,0.035343,-0.5346,-0.7745,0.0700
TEL,69820,8.4824,8.2814,0.7406,-16.7037,17,0.033379,-0.3709,-0.8338,0.0560
TEL,69920,8.2563,8.3012,0.6938,-13.9492,14,0.027489,-0.0880,-0.8893,0.0448
TEL,70020,8.5659,8.3807,0.6400,-11.3912,11,0.021598,0.1476,-0.9405,0.0359
TEL,70120,8.4494,8.4042,0.6008,-10.1105,10,0.019635,0.2376,-0.9885,0.0287
TEL,70220,8.1321,8.2851,0.6952,-14.4087,14,0.027489,-0.1247,-1.0447,0.0229
TEL,70320,8.1783,8.2683,0.7317,-15.3883,15,0.029452,-0.1619,-1.1032,0.0183
TEL,70420,8.3198,8.2695,0.7351,-15.0740,15,0.029452,-0.0993,-1.1620,0.0147
TEL,70520,6.9189,8.2786,0.7351,-15.0740,15,0.029452,-0.0993,-1.1620,0.0147
TEL,70620,8.0562,8.2314,0.7523,-15.9579,16,0.031416,-0.1653,-1.2698,0.0101
TEL,70720,8.2563,8.2281,0.7744,-16.3813,16,0.031416,-0.1598,-1.3317,0.0081
TEL,70820,8.2563,8.2348,0.7668,-15.7785,16,0.031416,-0.0843,-1.3931,0.0065
TEL,70920,8.3198,8.2423,0.7628,-15.4804,15,0.029452,-0.0430,-1.4541,0.0052
TEL,71020,7.6818,8.2085,0.7915,-16.6864,17,0.033379,-0.1286,-1.5427,0.0038
TEL,71120,8.0713,8.1823,0.8177,-17.4130,17,0.033379,-0.1556,-1.6082,0.0031
TEL,71220,8.2249,8.1989,0.8011,-16.7696,17,0.033379,-0.0972,-1.6722,0.0025
TEL,71320,8.3358,8.2143,0.7857,-15.9408,16,0.031416,-0.0092,-1.7351,0.0020
TEL,71420,7.4933,8.2201,0.7857,-15.9408,16,0.031416,-0.0092,-1.7351,0.0020
TEL,71520,7.9964,8.1827,0.8033,-16.8142,17,0.033379,-0.0758,-1.8251,0.0015
TEL,71620,8.2721,8.1879,0.8198,-17.1506,17,0.033379,-0.0721,-1.8907,0.0012
TEL,71720,8.3038,8.2000,0.8068,-16.5721,17,0.033379,-0.0137,-1.9552,0.0009
TEL,71820,6.2382,8.1926,0.8151,-17.5145,18,0.035343,-0.1177,-2.0204,0.0007
TEL,71920,7.9229,8.1754,0.8246,-17.8419,18,0.035343,-0.1267,-2.1128,0.0006
TEL,72020,8.2406,8.1743,0.8301,-17.7781,18,0.035343,-0.0941,-2.1792,0.0004
TEL,72120,8.2879,8.1828,0.8172,-17.1044,17,0.033379,-0.0215,-2.2445,0.0004
TEL,72220,6.7633,8.1980,0.8020,-16.4797,16,0.031416,0.0377,-2.3087,0.0003
TEL,72320,7.4540,8.1980,0.8020,-16.4797,16,0.031416,0.0377,-2.3087,0.0003
TEL,72420,8.1016,8.1743,0.8170,-17.1728,17,0.033379,-0.0095,-2.4002,0.0002
TEL,72520,8.2879,8.1844,0.8257,-17.6056,18,0.035343,-0.0397,-2.4662,0.0002
TEL,72620,8.3198,8.1894,0.8156,-17.0990,17,0.033379,0.0161,-2.5315,0.0001
TEL,72720,7.3766,8.1894,0.8106,-16.6881,17,0.033379,0.0712,-2.5963,0.0001
TEL,72820,8.1168,8.1492,0.8294,-17.5478,18,0.035343,0.0062,-2.6627,0.0001
TEL,72920,8.2721,8.1587,0.8508,-18.1358,18,0.035343,-0.0129,-2.7308,0.0001
TEL,73020,8.3358,8.1824,0.8332,-17.4553,17,0.033379,0.0485,-2.7974,0.0001
TEL,73120,8.2879,8.1979,0.8176,-16.8368,17,0.033379,0.1061,-2.8628,0.0000
TEL,73220,8.3358,8.2249,0.7926,-16.1873,16,0.031416,0.1436,-2.9262,0.0000
TEL,73320,8.3518,8.2413,0.7751,-15.8494,16,0.031416,0.1558,-2.9882,0.0000
TEL,73420,8.3038,8.2576,0.7518,-15.4575,15,0.029452,0.1606,-3.0484,0.0000
TEL,73520,8.3518,8.2692,0.7424,-15.5184,16,0.031416,0.1362,-3.1078,0.0000
TEL,73620,8.2879,8.2755,0.7297,-15.5665,16,0.031416,0.1050,-3.1662,0.0000
TEL,73720,8.3518,8.2839,0.7245,-15.7054,16,0.031416,0.0801,-3.2241,0.0000
TEL,73820,8.3679,8.2935,0.7143,-15.6481,16,0.031416,0.0701,-3.2813,0.0000
TEL,73920,8.3518,8.2989,0.7065,-15.5156,16,0.031416,0.0771,-3.3378,0.0000
TEL,74020,8.3679,8.3057,0.6994,-15.5133,16,0.031416,0.0672,-3.3937,0.0000
TEL,74120,8.2879,8.3069,0.6943,-15.4683,15,0.029452,0.0684,-3.4498,0.0000
TEL,74220,8.3518,8.3115,0.6919,-15.5588,16,0.031416,0.0573,-3.5052,0.0000
TEL,74320,8.3679,8.3151,0.6885,-15.5847,16,0.031416,0.0527,-3.5603,0.0000
TEL,74420,8.3679,8.3196,0.6835,-15.5859,16,0.031416,0.0475,-3.6150,0.0000
TEL,74520,8.3038,8.3201,0.6804,-15.5890,16,0.031416,0.0468,-3.6694,0.0000
TEL,74620,8.3358,8.3201,0.6810,-15.8016,16,0.031416,0.0256,-3.7239,0.0000
TEL,74720,8.3679,8.3226,0.6799,-15.8614,16,0.031416,0.0221,-3.7783,0.0000
TEL,74820,8.3358,8.3242,0.6770,-15.8874,16,0.031416,0.0187,-3.8324,0.0000
TEL,74920,8.3358,8.3249,0.6758,-15.9389,16,0.031416,0.0159,-3.8865,0.0000
TEL,75020,8.2093,8.3224,0.6752,-16.0227,16,0.031416,0.0103,-3.9405,0.0000
TEL,75120,8.2721,8.3192,0.6776,-16.2958,16,0.031416,-0.0148,-3.9947,0.0000
TEL,75220,6.7524,8.3167,0.6812,-16.4063,16,0.031416,-0.0136,-4.0492,0.0000
TEL,75320,7.6956,8.2997,0.7003,-17.1862,17,0.033379,-0.0633,-4.1383,0.0000
TEL,75420,8.1938,8.2753,0.7211,-17.8588,18,0.035343,-0.0975,-4.1960,0.0000
TEL,75520,8.2563,8.2707,0.7293,-17.9008,18,0.035343,-0.0741,-4.2543,0.0000
TEL,75620,8.3198,8.2763,0.7255,-17.6478,18,0.035343,-0.0396,-4.3123,0.0000
TEL,75720,7.2881,8.2763,0.7255,-17.6478,18,0.035343,-0.0396,-4.3123,0.0000
TEL,75820,8.1321,8.2371,0.7433,-18.3634,18,0.035343,-0.0840,-4.3956,0.0000
TEL,75920,8.2879,8.2383,0.7629,-18.8866,19,0.037306,-0.0998,-4.4566,0.0000
TEL,76020,8.3038,8.2463,0.7594,-18.5669,19,0.037306,-0.0544,-4.5174,0.0000
TEL,76120,6.4210,8.2496,0.7537,-18.2782,18,0.035343,-0.0192,-4.5777,0.0000
TEL,76220,7.9083,8.1722,0.7805,-19.5389,20,0.039270,-0.1213,-4.6401,0.0000
TEL,76320,8.2249,8.1760,0.8278,-21.1459,21,0.041233,-0.2198,-4.7063,0.0000
TEL,76420,8.3198,8.1977,0.8189,-20.3579,20,0.039270,-0.1208,-4.7719,0.0000
TEL,76520,8.3198,8.2132,0.8023,-19.4800,19,0.037306,-0.0288,-4.8360,0.0000
TEL,76620,7.8362,8.1901,0.8099,-20.2142,20,0.039270,-0.0975,-4.9527,0.0000
TEL,76720,8.1016,8.1776,0.8224,-20.5815,21,0.041233,-0.1085,-5.0185,0.0000
TEL,76820,8.2249,8.1897,0.8103,-20.0959,20,0.039270,-0.0610,-5.0833,0.0000
TEL,76920,8.3518,8.2065,0.7935,-19.2776,19,0.037306,0.0217,-5.1468,0.0000
TEL,77020,7.6407,8.1726,0.8274,-20.5627,21,0.041233,-0.0652,-5.2130,0.0000
TEL,77120,8.1168,8.1579,0.8421,-20.9225,21,0.041233,-0.0692,-5.2803,0.0000
TEL,77220,8.3038,8.1764,0.8236,-20.0814,20,0.039270,0.0129,-5.3462,0.0000
TEL,77320,8.2563,8.1842,0.8158,-19.7945,20,0.039270,0.0431,-5.4115,0.0000
TEL,77420,6.2476,8.1923,0.8158,-19.7945,20,0.039270,0.0431,-5.4115,0.0000
TEL,77520,7.9375,8.1416,0.8426,-21.2100,21,0.041233,-0.0768,-5.5059,0.0000
TEL,77620,8.2563,8.1647,0.8452,-20.5109,21,0.041233,0.0395,-5.5735,0.0000
TEL,77720,8.3038,8.1832,0.8257,-19.8235,20,0.039270,0.0970,-5.6395,0.0000
TEL,77820,6.4112,8.1969,0.8118,-19.5821,20,0.039270,0.1049,-5.7045,0.0000
TEL,77920,7.8505,8.1297,0.8459,-21.5450,22,0.043197,-0.0780,-5.7721,0.0000
TEL,78020,8.2406,8.1351,0.8752,-22.2337,22,0.043197,-0.0911,-5.8422,0.0000
TEL,78120,8.3038,8.1567,0.8649,-21.5069,22,0.043197,-0.0040,-5.9114,0.0000
TEL,78220,6.5417,8.1504,0.8666,-22.7660,23,0.045160,-0.1695,-5.9807,0.0000
TEL,78320,7.6681,8.1121,0.8879,-23.6267,24,0.047124,-0.2234,-6.0801,0.0000
TEL,78420,8.1783,8.0935,0.9144,-23.8788,24,0.047124,-0.1809,-6.1533,0.0000
TEL,78520,7.5731,8.0624,0.8944,-22.6229,23,0.045160,-0.0428,-6.2248,0.0000
TEL,78620,8.3358,8.1290,0.8929,-21.3963,21,0.041233,0.1388,-6.2963,0.0000
TEL,78720,6.3044,8.1474,0.8929,-21.3963,21,0.041233,0.1388,-6.2963,0.0000
TEL,78820,8.0713,8.0813,0.8971,-23.3169,23,0.045160,-0.1104,-6.3967,0.0000
TEL,78920,8.2879,8.1097,0.9187,-23.6170,24,0.047124,-0.0871,-6.4702,0.0000
TEL,79020,8.2721,8.1466,0.8771,-22.0998,22,0.043197,0.0325,-6.5404,0.0000
TEL,79120,6.5725,8.1626,0.8534,-21.2147,21,0.041233,0.1079,-6.6087,0.0000
TEL,79220,7.9229,8.1076,0.8734,-22.6969,23,0.045160,-0.0384,-6.7065,0.0000
TEL,79320,8.1938,8.1145,0.8929,-23.0709,23,0.045160,-0.0315,-6.7779,0.0000
TEL,79420,8.3198,8.1498,0.8647,-21.9791,22,0.043197,0.0618,-6.8471,0.0000
TEL,79520,8.3038,8.1731,0.8380,-21.0808,21,0.041233,0.1311,-6.9141,0.0000
TEL,79620,7.8938,8.1515,0.8485,-22.1481,22,0.043197,0.0193,-7.0092,0.0000
TEL,79720,8.1628,8.1452,0.8548,-22.2923,22,0.043197,0.0245,-7.0776,0.0000
TEL,79820,6.2854,8.1574,0.8426,-21.8150,22,0.043197,0.0709,-7.1450,0.0000
TEL,79920,8.3358,8.1791,0.8209,-21.0522,21,0.041233,0.1335,-7.2106,0.0000
TEL,80020,7.4933,8.1889,0.8209,-21.0522,21,0.041233,0.1335,-7.2106,0.0000
TEL,80120,8.1168,8.1685,0.8275,-21.9428,22,0.043197,0.0365,-7.3033,0.0000
TEL,80220,8.2249,8.1760,0.8308,-22.1085,22,0.043197,0.0309,-7.3698,0.0000
TEL,80320,8.3038,8.1837,0.8240,-21.9501,22,0.043197,0.0453,-7.4357,0.0000
TEL,80420,6.2476,8.1938,0.8062,-21.2798,21,0.041233,0.1046,-7.5002,0.0000
TEL,80520,7.9964,8.1592,0.8289,-22.3439,22,0.043197,0.0205,-7.5665,0.0000
TEL,80620,8.2563,8.1649,0.8437,-22.8627,23,0.045160,-0.0061,-7.6340,0.0000
TEL,80720,8.2406,8.1442,0.8351,-22.4589,22,0.043197,0.0392,-7.7008,0.0000
TEL,80820,6.2759,8.1459,0.8670,-23.7393,24,0.047124,-0.0518,-7.7702,0.0000
TEL,80920,7.8793,8.0859,0.8953,-25.2475,25,0.049087,-0.1843,-7.8418,0.0000
TEL,81020,8.1783,8.0961,0.9141,-25.2872,25,0.049087,-0.1313,-7.9149,0.0000
TEL,81120,8.2879,8.1206,0.8924,-24.1298,24,0.047124,-0.0116,-7.9863,0.0000
TEL,81220,8.2721,8.1535,0.8695,-23.2707,23,0.045160,0.0623,-8.0559,0.0000
TEL,81320,7.6544,8.1175,0.8825,-24.8934,25,0.049087,-0.1219,-8.1547,0.0000
TEL,81420,8.1474,8.1282,0.8734,-24.8035,25,0.049087,-0.1225,-8.2246,0.0000
TEL,81520,8.2721,8.1462,0.8538,-23.7864,24,0.047124,-0.0179,-8.2929,0.0000
TEL,81620,8.3198,8.1810,0.8298,-22.7491,23,0.045160,0.0781,-8.3593,0.0000
TEL,81720,6.2476,8.1810,0.8298,-22.7491,23,0.045160,0.0781,-8.3593,0.0000
TEL,81820,8.0864,8.1338,0.8510,-24.0897,24,0.047124,-0.0454,-8.4546,0.0000
TEL,81920,8.2879,8.1515,0.8662,-24.5470,25,0.049087,-0.0617,-8.5239,0.0000
TEL,82020,8.3358,8.1812,0.8398,-23.5764,24,0.047124,0.0186,-8.5911,0.0000
TEL,82120,6.2759,8.1812,0.8188,-22.7136,23,0.045160,0.0975,-8.6566,0.0000
TEL,82220,8.0113,8.1118,0.8524,-24.1413,24,0.047124,-0.0104,-8.7248,0.0000
TEL,82320,8.2093,8.1221,0.8882,-25.3085,25,0.049087,-0.0749,-8.7958,0.0000
TEL,82420,8.3038,8.1486,0.8779,-24.6734,25,0.049087,-0.0008,-8.8661,0.0000
TEL,82520,7.0576,8.1629,0.8514,-23.6230,24,0.047124,0.0908,-8.9342,0.0000
TEL,82620,7.9229,8.1061,0.8762,-25.2166,25,0.049087,-0.0589,-9.0323,0.0000
TEL,82720,8.1321,8.1066,0.8957,-25.6070,26,0.051051,-0.0545,-9.1040,0.0000
TEL,82820,8.3198,8.1418,0.8726,-24.5649,25,0.049087,0.0450,-9.1738,0.0000
TEL,82920,8.3358,8.1703,0.8434,-23.4624,23,0.045160,0.1373,-9.2412,0.0000
TEL,83020,7.8219,8.1434,0.8566,-24.7035,25,0.049087,0.0075,-9.3372,0.0000
TEL,83120,8.1474,8.1336,0.8664,-24.9023,25,0.049087,0.0141,-9.4065,0.0000
TEL,83220,8.2721,8.1546,0.8454,-24.1737,24,0.047124,0.0740,-9.4741,0.0000
TEL,83320,8.3038,8.1714,0.8286,-23.5978,24,0.047124,0.1224,-9.5404,0.0000
TEL,83420,8.3518,8.2064,0.7936,-22.7298,23,0.045160,0.1656,-9.6039,0.0000
TEL,83520,8.3679,8.2261,0.7739,-22.2387,22,0.043197,0.1940,-9.6658,0.0000
TEL,83620,8.3679,8.2482,0.7518,-21.8609,22,0.043197,0.1998,-9.7260,0.0000
TEL,83720,8.3518,8.2613,0.7387,-21.7667,22,0.043197,0.1878,-9.7850,0.0000
TEL,83820,8.3679,8.2793,0.7207,-21.5855,22,0.043197,0.1758,-9.8427,0.0000
TEL,83920,8.3518,8.2877,0.7123,-21.6405,22,0.043197,0.1544,-9.8997,0.0000
TEL,84020,8.3038,8.2911,0.7089,-21.9087,22,0.043197,0.1154,-9.9564,0.0000
TEL,84120,8.3679,8.2963,0.7037,-21.9161,22,0.043197,0.1090,-10.0127,0.0000
TEL,84220,8.3518,8.3046,0.6977,-21.9174,22,0.043197,0.1014,-10.0685,0.0000
TEL,84320,8.3358,8.3053,0.6947,-22.0514,22,0.043197,0.0825,-10.1241,0.0000
TEL,84420,8.3518,8.3071,0.6929,-22.1444,22,0.043197,0.0726,-10.1795,0.0000
TEL,84520,8.3518,8.3105,0.6895,-22.1971,22,0.043197,0.0640,-10.2347,0.0000
TEL,84620,8.3358,8.3133,0.6876,-22.3002,22,0.043197,0.0522,-10.2897,0.0000
TEL,84720,8.3038,8.3143,0.6857,-22.4452,22,0.043197,0.0346,-10.3445,0.0000
TEL,84820,8.3518,8.3174,0.6826,-22.4538,22,0.043197,0.0331,-10.3991,0.0000
TEL,84920,8.3518,8.3196,0.6804,-22.4826,22,0.043197,0.0312,-10.4541,0.0000
TEL,85020,8.3679,8.3225,0.6775,-22.4760,22,0.043197,0.0324,-10.5083,0.0000
TEL,85120,8.2879,8.3219,0.6781,-22.6578,23,0.045160,0.0158,-10.5626,0.0000
TEL,85220,8.3518,8.3244,0.6756,-22.6587,23,0.045160,0.0170,-10.6166,0.0000
TEL,85320,8.2721,8.3202,0.6798,-22.8924,23,0.045160,0.0021,-10.6710,0.0000
TEL,85420,8.2879,8.3189,0.6811,-23.0184,23,0.045160,-0.0047,-10.7255,0.0000
TEL,85520,6.2476,8.3189,0.6811,-23.0184,23,0.045160,-0.0047,-10.7255,0.0000
TEL,85620,7.9669,8.2927,0.6961,-23.6183,24,0.047124,-0.0393,-10.8140,0.0000
TEL,85720,8.2406,8.2866,0.7116,-24.0912,24,0.047124,-0.0587,-10.8710,0.0000
TEL,85820,8.3358,8.2857,0.7162,-24.2252,24,0.047124,-0.0579,-10.9283,0.0000
TEL,85920,6.6561,8.2880,0.7120,-23.9712,24,0.047124,-0.0244,-10.9852,0.0000
TEL,86020,7.9521,8.2540,0.7321,-24.6803,25,0.049087,-0.0654,-11.0438,0.0000
TEL,86120,8.1938,8.2470,0.7504,-25.1577,25,0.049087,-0.0782,-11.1038,0.0000
TEL,86220,8.3038,8.2509,0.7515,-24.9885,25,0.049087,-0.0426,-11.1639,0.0000
TEL,86320,8.3038,8.2554,0.7468,-24.7639,25,0.049087,-0.0141,-11.2237,0.0000
TEL,86420,7.8793,8.2072,0.7742,-26.0324,26,0.051051,-0.1158,-11.2856,0.0000
TEL,86520,8.0864,8.1890,0.8044,-26.9864,27,0.053014,-0.1654,-11.3500,0.0000
TEL,86620,8.3038,8.2020,0.8042,-26.5288,27,0.053014,-0.0914,-11.4143,0.0000
TEL,86720,8.3198,8.2140,0.7923,-25.9079,26,0.051051,-0.0242,-11.4777,0.0000
TEL,86820,7.6956,8.1851,0.8149,-26.9529,27,0.053014,-0.1021,-11.5689,0.0000
TEL,86920,8.0864,8.1613,0.8387,-27.5239,28,0.054978,-0.1130,-11.6360,0.0000
TEL,87020,7.6818,8.1373,0.8326,-27.0566,27,0.053014,-0.0525,-11.7027,0.0000
TEL,87120,8.3038,8.1592,0.8408,-26.6099,27,0.053014,0.0421,-11.7699,0.0000
TEL,87220,7.3511,8.1551,0.8408,-26.6099,27,0.053014,0.0421,-11.7699,0.0000
TEL,87320,8.0262,8.1216,0.8707,-27.8904,28,0.054978,-0.0501,-11.8674,0.0000
TEL,87420,8.2563,8.1309,0.8810,-28.1758,28,0.054978,-0.0542,-11.9379,0.0000
TEL,87520,8.3198,8.1521,0.8597,-27.2867,27,0.053014,0.0279,-12.0067,0.0000
TEL,87620,6.3236,8.1623,0.8377,-26.5032,27,0.053014,0.0927,-12.0737,0.0000
TEL,87720,7.9375,8.1114,0.8738,-28.0089,28,0.054978,-0.0196,-12.1436,0.0000
TEL,87820,8.2406,8.1379,0.8734,-27.2691,27,0.053014,0.0950,-12.2135,0.0000
TEL,87920,8.3038,8.1603,0.8511,-26.5734,27,0.053014,0.1467,-12.2816,0.0000
TEL,88020,6.2854,8.1805,0.8268,-25.8547,26,0.051051,0.1966,-12.3477,0.0000
TEL,88120,7.7653,8.1506,0.8494,-27.4742,27,0.053014,0.0368,-12.4428,0.0000
TEL,88220,8.1783,8.1408,0.8622,-27.8718,28,0.054978,0.0228,-12.5118,0.0000
TEL,88320,7.7653,8.1233,0.8500,-27.3081,27,0.053014,0.0818,-12.5798,0.0000
TEL,88420,8.3358,8.1654,0.8489,-26.8792,27,0.053014,0.1498,-12.6477,0.0000
TEL,88520,7.6956,8.1288,0.8712,-28.5634,29,0.056941,-0.0235,-12.7174,0.0000
TEL,88620,8.1783,8.1190,0.8862,-28.7696,29,0.056941,-0.0043,-12.7883,0.0000
TEL,88720,8.2563,8.1334,0.8666,-27.9872,28,0.054978,0.0669,-12.8576,0.0000
TEL,88820,8.3038,8.1648,0.8460,-27.3543,27,0.053014,0.1142,-12.9253,0.0000
TEL,88920,6.2759,8.1648,0.8460,-27.3543,27,0.053014,0.1142,-12.9253,0.0000
TEL,89020,8.1321,8.1269,0.8649,-28.7000,29,0.056941,-0.0156,-13.0222,0.0000
TEL,89120,8.2406,8.1360,0.8731,-28.8648,29,0.056941,-0.0080,-13.0921,0.0000
TEL,89220,8.3198,8.1667,0.8549,-28.1332,28,0.054978,0.0594,-13.1604,0.0000
TEL,89320,6.3236,8.1760,0.8333,-27.3780,27,0.053014,0.1212,-13.2271,0.0000
TEL,89420,8.0713,8.1158,0.8620,-29.1557,29,0.056941,-0.0491,-13.2961,0.0000
TEL,89520,8.2249,8.1271,0.8842,-29.7261,30,0.058905,-0.0633,-13.3668,0.0000
TEL,89620,8.3198,8.1304,0.8729,-29.0791,29,0.056941,0.0099,-13.4366,0.0000
TEL,89720,6.4708,8.1456,0.8696,-28.2938,28,0.054978,0.1236,-13.5062,0.0000
TEL,89820,7.9816,8.1032,0.8851,-29.6276,30,0.058905,-0.0128,-13.6053,0.0000
TEL,89920,8.1783,8.1078,0.8983,-29.9820,30,0.058905,-0.0194,-13.6772,0.0000
TEL,90020,8.3198,8.1153,0.8821,-29.2155,29,0.056941,0.0585,-13.7478,0.0000
TEL,90120,8.2406,8.1418,0.8670,-28.2463,28,0.054978,0.1682,-13.8171,0.0000
TEL,90220,7.9229,8.1244,0.8756,-29.2852,29,0.056941,0.0558,-13.9152,0.0000
TEL,90320,8.1628,8.1190,0.8810,-29.3772,29,0.056941,0.0667,-13.9857,0.0000
TEL,90420,8.2879,8.1421,0.8579,-28.5767,29,0.056941,0.1313,-14.0543,0.0000
TEL,90520,8.3038,8.1618,0.8382,-27.9953,28,0.054978,0.1735,-14.1214,0.0000
TEL,90620,7.6544,8.1249,0.8751,-29.6907,30,0.058905,0.0361,-14.1914,0.0000
TEL,90720,8.1474,8.1135,0.8865,-29.8843,30,0.058905,0.0478,-14.2623,0.0000
TEL,90820,8.2879,8.1348,0.8652,-29.0769,29,0.056941,0.1182,-14.3315,0.0000
TEL,90920,8.3198,8.1594,0.8406,-28.3137,28,0.054978,0.1736,-14.3987,0.0000
TEL,91020,7.6818,8.1210,0.8790,-30.2508,30,0.058905,0.0057,-14.4691,0.0000
TEL,91120,8.1016,8.1007,0.8993,-30.6962,31,0.060868,0.0047,-14.5410,0.0000
TEL,91220,8.2563,8.1232,0.8768,-29.8601,30,0.058905,0.0762,-14.6112,0.0000
TEL,91320,8.3198,8.1480,0.8520,-28.9719,29,0.056941,0.1491,-14.6800,0.0000
TEL,91420,6.2570,8.1604,0.8520,-28.9719,29,0.056941,0.1491,-14.6800,0.0000
TEL,91520,7.9816,8.1157,0.8723,-30.4922,30,0.058905,-0.0018,-14.7770,0.0000
TEL,91620,8.2093,8.1268,0.8842,-30.7681,31,0.060868,-0.0007,-14.8477,0.0000
TEL,91720,8.3038,8.1228,0.8732,-30.3202,30,0.058905,0.0449,-14.9176,0.0000
TEL,91820,6.2664,8.1374,0.8626,-29.5587,30,0.058905,0.1363,-14.9866,0.0000
TEL,91920,7.8505,8.0694,0.9091,-31.5154,32,0.062832,-0.0133,-15.0593,0.0000
TEL,92020,8.2563,8.0874,0.9345,-32.2215,32,0.062832,-0.0378,-15.1348,0.0000
TEL,92120,8.3038,8.1203,0.8962,-30.7070,31,0.060868,0.0901,-15.2065,0.0000
TEL,92220,6.6666,8.1483,0.8670,-29.8004,30,0.058905,0.1546,-15.2759,0.0000
TEL,92320,7.7373,8.1144,0.8856,-31.3256,31,0.060868,-0.0016,-15.3744,0.0000
TEL,92420,8.1321,8.1085,0.8936,-31.3409,31,0.060868,0.0272,-15.4459,0.0000
TEL,92520,6.4112,8.1211,0.8789,-30.5694,31,0.060868,0.1095,-15.5162,0.0000
TEL,92620,8.3198,8.1640,0.8493,-29.6052,30,0.058905,0.1809,-15.5848,0.0000
TEL,92720,7.6544,8.1240,0.8760,-31.5177,32,0.062832,-0.0136,-15.6549,0.0000
TEL,92820,8.1783,8.1033,0.9038,-32.4844,32,0.062832,-0.0699,-15.7272,0.0000
TEL,92920,8.2563,8.1249,0.8751,-31.3239,31,0.060868,0.0322,-15.7972,0.0000
TEL,93020,8.3198,8.1680,0.8453,-30.1997,30,0.058905,0.1257,-15.8648,0.0000
TEL,93120,6.2476,8.1680,0.8453,-30.1997,30,0.058905,0.1257,-15.8648,0.0000
TEL,93220,8.0864,8.1095,0.8709,-31.8829,32,0.062832,-0.0350,-15.9616,0.0000
TEL,93320,8.2406,8.1252,0.8905,-32.3526,32,0.062832,-0.0414,-16.0336,0.0000
TEL,93420,8.3038,8.1627,0.8608,-31.1075,31,0.060868,0.0700,-16.1025,0.0000
TEL,93520,8.3358,8.1872,0.8373,-30.2968,30,0.058905,0.1349,-16.1694,0.0000
TEL,93620,8.3518,8.2161,0.8014,-29.4158,29,0.056941,0.1777,-16.2336,0.0000
TEL,93720,8.3679,8.2364,0.7839,-28.9784,29,0.056941,0.2039,-16.2963,0.0000
TEL,93820,8.3518,8.2559,0.7576,-28.6741,29,0.056941,0.1886,-16.3569,0.0000
TEL,93920,8.3518,8.2671,0.7441,-28.5167,29,0.056941,0.1848,-16.4164,0.0000
TEL,94020,8.3358,8.2771,0.7275,-28.3761,28,0.054978,0.1705,-16.4746,0.0000
TEL,94120,8.3358,8.2809,0.7229,-28.5079,29,0.056941,0.1480,-16.5324,0.0000
TEL,94220,8.3679,8.2914,0.7162,-28.5951,29,0.056941,0.1265,-16.5897,0.0000
TEL,94320,8.3518,8.2965,0.7086,-28.5633,29,0.056941,0.1196,-16.6464,0.0000
TEL,94420,8.3358,8.3025,0.7016,-28.6399,29,0.056941,0.0988,-16.7025,0.0000
TEL,94520,8.3518,8.3060,0.6975,-28.7406,29,0.056941,0.0819,-16.7583,0.0000
TEL,94620,8.3358,8.3108,0.6921,-28.7645,29,0.056941,0.0724,-16.8137,0.0000
TEL,94720,8.3518,8.3133,0.6892,-28.8598,29,0.056941,0.0592,-16.8689,0.0000
TEL,94820,8.3358,8.3163,0.6858,-28.9300,29,0.056941,0.0484,-16.9237,0.0000
TEL,94920,8.3358,8.3176,0.6837,-29.0069,29,0.056941,0.0398,-16.9784,0.0000
TEL,95020,8.3358,8.3193,0.6818,-29.0757,29,0.056941,0.0327,-17.0330,0.0000
TEL,95120,8.3038,8.3198,0.6807,-29.1485,29,0.056941,0.0273,-17.0874,0.0000
TEL,95220,8.3358,8.3212,0.6797,-29.2158,29,0.056941,0.0229,-17.1418,0.0000
TEL,95320,8.3358,8.3225,0.6788,-29.2784,29,0.056941,0.0194,-17.1961,0.0000
TEL,95420,8.2879,8.3206,0.6789,-29.4423,29,0.056941,0.0041,-17.2504,0.0000
TEL,95520,8.3038,8.3197,0.6794,-29.5584,30,0.058905,-0.0035,-17.3048,0.0000
TEL,95620,6.2476,8.3193,0.6807,-29.6490,30,0.058905,-0.0054,-17.3592,0.0000
TEL,95720,8.0412,8.2973,0.6945,-30.2129,30,0.058905,-0.0409,-17.4253,0.0000
TEL,95820,8.2563,8.2871,0.7083,-30.7151,31,0.060868,-0.0691,-17.4820,0.0000
TEL,95920,8.2879,8.2866,0.7134,-30.7525,31,0.060868,-0.0531,-17.5391,0.0000
TEL,96020,6.3817,8.2882,0.7128,-30.6639,31,0.060868,-0.0339,-17.5961,0.0000
TEL,96120,7.8938,8.2757,0.7243,-31.1279,31,0.060868,-0.0591,-17.6772,0.0000
TEL,96220,8.1474,8.2597,0.7357,-31.4187,31,0.060868,-0.0628,-17.7361,0.0000
TEL,96320,8.2879,8.2613,0.7387,-31.3530,31,0.060868,-0.0372,-17.7952,0.0000
TEL,96420,6.4708,8.2656,0.7344,-31.1554,31,0.060868,-0.0117,-17.8539,0.0000
TEL,96520,7.7095,8.2451,0.7549,-31.9022,32,0.062832,-0.0571,-17.9143,0.0000
TEL,96620,8.1938,8.2252,0.7732,-32.5335,33,0.064795,-0.0914,-17.9762,0.0000
TEL,96720,8.2721,8.2259,0.7741,-32.3170,32,0.062832,-0.0494,-18.0381,0.0000
TEL,96820,8.3198,8.2203,0.7851,-32.1546,32,0.062832,0.0112,-18.1009,0.0000
TEL,96920,7.6681,8.1919,0.8081,-33.3660,33,0.064795,-0.0935,-18.1656,0.0000
TEL,97020,8.1783,8.1717,0.8287,-33.9093,34,0.066759,-0.1086,-18.2319,0.0000
