SHARP_IR_CHECK_BOOT
Wiring: Vo(yellow)->A0  VCC(red)->5V  GND(black)->GND
Move target 10-80 cm from sensor...
===========================================
SHARP_IR_CHECK_HELP
Commands:
  h  help
  s  single sample
  t  toggle stream
  T  toggle Timer1 40kHz stress
  R  reset counters
  C  print counters
SHARP_IR,raw_adc=273,voltage=1.333,distance_cm=21.4
SHARP_IR,raw_adc=285,voltage=1.392,distance_cm=20.4
SHARP_IR,raw_adc=273,voltage=1.333,distance_cm=21.4
SHARP_IR,raw_adc=268,voltage=1.309,distance_cm=21.9
SHARP_IR,raw_adc=265,voltage=1.294,distance_cm=22.2
SHARP_IR,raw_adc=264,voltage=1.289,distance_cm=22.3
SHARP_IR,raw_adc=392,voltage=1.914,distance_cm=14.0
HOST_CMD,T
OK,timer1_stress=ON
SHARP_IR,raw_adc=329,voltage=1.606,distance_cm=17.2
SHARP_IR,raw_adc=290,voltage=1.416,distance_cm=19.9
SHARP_IR,raw_adc=276,voltage=1.348,distance_cm=21.1
SHARP_IR,raw_adc=270,voltage=1.318,distance_cm=21.7
SHARP_IR,raw_adc=267,voltage=1.304,distance_cm=22.0
SHARP_IR,raw_adc=265,voltage=1.294,distance_cm=22.2
SHARP_IR,raw_adc=264,voltage=1.289,distance_cm=22.3
SHARP_IR,raw_adc=413,voltage=2.017,distance_cm=13.2
SHARP_IR,raw_adc=318,voltage=1.553,distance_cm=17.9
SHARP_IR,raw_adc=287,voltage=1.401,distance_cm=20.2
SHARP_IR,raw_adc=275,voltage=1.343,distance_cm=21.2
SHARP_IR,raw_adc=269,voltage=1.313,distance_cm=21.8
SHARP_IR,raw_adc=267,voltage=1.304,distance_cm=22.0
adc=287,voltage=1.401,distance_cm=20.2
SHARP_IR,raw_adc=275,voltage=1.343,distance_cm=21.2
SHARP_IR,raw_adc=269,voltage=1.313,distance_cm=21.8
SHARP_IR,raw_adc=266,voltage=1.299,distance_cm=22.1
SHARP_IR,raw_adc=265,voltage=1.294,distance_cm=22.2
SHARP_IR,raw_adc=264,voltage=1.289,distance_cm=22.3
SHARP_IR,raw_adc=434,voltage=2.119,distance_cm=12.4
SHARP_IR,raw_adc=313,voltage=1.528,distance_cm=18.2
SHARP_IR,raw_adc=284,voltage=1.387,distance_cm=20.4
SHARP_IR,raw_adc=273,voltage=1.333,distance_cm=21.4
SHARP_IR,raw_adc=268,voltage=1.309,distance_cm=21.9
SHARP_IR,raw_adc=266,voltage=1.299,distance_cm=22.1
SHARP_IR,raw_adc=265,voltage=1.294,distance_cm=22.2
SHARP_IR,raw_adc=369,voltage=1.802,distance_cm=15.0
SHARP_IR,raw_adc=347,voltage=1.694,distance_cm=16.2
SHARP_IR,raw_adc=295,voltage=1.440,distance_cm=19.5
SHARP_IR,raw_adc=279,voltage=1.362,distance_cm=20.9
SHARP_IR,raw_adc=271,voltage=1.323,distance_cm=21.6
SHARP_IR,raw_adc=267,voltage=1.304,distance_cm=22.0
SHARP_IR,raw_adc=265,voltage=1.294,distance_cm=22.2
SHARP_IR,raw_adc=264,voltage=1.289,distance_cm=22.3
SHARP_IR,raw_adc=390,voltage=1.904,distance_cm=14.1
SHARP_IR,raw_adc=326,voltage=1.592,distance_cm=17.4
SHARP_IR,raw_adc=291,voltage=1.421,distance_cm=19.9
SHARP_IR,raw_adc=276,voltage=1.348,distance_cm=21.1
SHARP_IR,raw_adc=270,voltage=1.318,distance_cm=21.7
tance_cm=22.4
SHARP_IR,raw_adc=264,voltage=1.289,distance_cm=22.3
SHARP_IR,raw_adc=264,voltage=1.289,distance_cm=22.3
SHARP_IR,raw_adc=264,voltage=1.289,distance_cm=22.3
SHARP_IR,raw_adc=264,voltage=1.289,distance_cm=22.3
SHARP_IR,raw_adc=264,voltage=1.289,distance_cm=22.3
SHARP_IR,raw_adc=264,voltage=1.289,distance_cm=22.3
SHARP_IR,raw_adc=264,voltage=1.289,distance_cm=22.3
SHARP_IR,raw_adc=264,voltage=1.289,distance_cm=22.3
SHARP_IR,raw_adc=264,voltage=1.289,distance_cm=22.3
SHARP_IR,raw_adc=264,voltage=1.289,distance_cm=22.3
SHARP_IR,raw_adc=263,voltage=1.284,distance_cm=22.4
SHARP_IR,raw_adc=263,voltage=1.284,distance_cm=22.4
SHARP_IR,raw_adc=263,voltage=1.284,distance_cm=22.4
SHARP_IR,raw_adc=263,voltage=1.284,distance_cm=22.4
SHARP_IR,raw_adc=263,voltage=1.284,distance_cm=22.4
SHARP_IR,raw_adc=263,voltage=1.284,distance_cm=22.4
SHARP_IR,raw_adc=263,voltage=1.284,distance_cm=22.4
SHARP_IR,raw_adc=263,voltage=1.284,distance_cm=22.4
SHARP_IR,raw_adc=263,voltage=1.284,distance_cm=22.4
SHARP_IR,raw_adc=263,voltage=1.284,distance_cm=22.4
SHARP_IR,raw_adc=263,voltage=1.284,distance_cm=22.4
SHARP_IR,raw_adc=263,voltage=1.284,distance_cm=22.4
SHARP_IR,raw_adc=263,voltage=1.284,distance_cm=22.4
SHARP_IR,raw_adc=263,voltage=1.284,distance_cm=22.4
SHARP_IR,raw_adc=263,voltage=1.284,distance_cm=22.4
ge=1.304,distance_cm=22.0
SHARP_IR,raw_adc=265,voltage=1.294,distance_cm=22.2
SHARP_IR,raw_adc=264,voltage=1.289,distance_cm=22.3
SHARP_IR,raw_adc=430,voltage=2.100,distance_cm=12.6
SHARP_IR,raw_adc=312,voltage=1.523,distance_cm=18.3
SHARP_IR,raw_adc=281,voltage=1.372,distance_cm=20.7
SHARP_IR,raw_adc=273,voltage=1.333,distance_cm=21.4
SHARP_IR,raw_adc=268,voltage=1.309,distance_cm=21.9
SHARP_IR,raw_adc=266,voltage=1.299,distance_cm=22.1
SHARP_IR,raw_adc=264,voltage=1.289,distance_cm=22.3
SHARP_IR,raw_adc=366,voltage=1.787,distance_cm=15.2
SHARP_IR,raw_adc=343,voltage=1.675,distance_cm=16.4
SHARP_IR,raw_adc=297,voltage=1.450,distance_cm=19.4
SHARP_IR,raw_adc=279,voltage=1.362,distance_cm=20.9
SHARP_IR,raw_adc=271,voltage=1.323,distance_cm=21.6
SHARP_IR,raw_adc=267,voltage=1.304,distance_cm=22.0
SHARP_IR,raw_adc=266,voltage=1.299,distance_cm=22.1
SHARP_IR,raw_adc=265,voltage=1.294,distance_cm=22.2
SHARP_IR,raw_adc=392,voltage=1.914,distance_cm=14.0
SHARP_IR,raw_adc=330,voltage=1.611,distance_cm=17.1
SHARP_IR,raw_adc=291,voltage=1.421,distance_cm=19.9
SHARP_IR,raw_adc=275,voltage=1.343,distance_cm=21.2
SHARP_IR,raw_adc=269,voltage=1.313,distance_cm=21.8
SHARP_IR,raw_adc=266,voltage=1.299,distance_cm=22.1
SHARP_IR,raw_adc=265,voltage=1.294,distance_cm=22.2
SHARP_IR,raw_adc=264,voltage=1.289,distance_cm=22.3
adc=277,voltage=1.353,distance_cm=21.0
SHARP_IR,raw_adc=271,voltage=1.323,distance_cm=21.6
SHARP_IR,raw_adc=267,voltage=1.304,distance_cm=22.0
SHARP_IR,raw_adc=266,voltage=1.299,distance_cm=22.1
SHARP_IR,raw_adc=264,voltage=1.289,distance_cm=22.3
SHARP_IR,raw_adc=404,voltage=1.973,distance_cm=13.5
SHARP_IR,raw_adc=322,voltage=1.572,distance_cm=17.6
SHARP_IR,raw_adc=289,voltage=1.411,distance_cm=20.0
SHARP_IR,raw_adc=275,voltage=1.343,distance_cm=21.2
SHARP_IR,raw_adc=269,voltage=1.313,distance_cm=21.8
SHARP_IR,raw_adc=266,voltage=1.299,distance_cm=22.1
SHARP_IR,raw_adc=265,voltage=1.294,distance_cm=22.2
SHARP_IR,raw_adc=262,voltage=1.279,distance_cm=22.5
SHARP_IR,raw_adc=442,voltage=2.158,distance_cm=12.2
SHARP_IR,raw_adc=303,voltage=1.479,distance_cm=18.9
SHARP_IR,raw_adc=282,voltage=1.377,distance_cm=20.6
SHARP_IR,raw_adc=273,voltage=1.333,distance_cm=21.4
SHARP_IR,raw_adc=269,voltage=1.313,distance_cm=21.8
SHARP_IR,raw_adc=266,voltage=1.299,distance_cm=22.1
SHARP_IR,raw_adc=265,voltage=1.294,distance_cm=22.2
SHARP_IR,raw_adc=261,voltage=1.274,distance_cm=22.6
SHARP_IR,raw_adc=452,voltage=2.207,distance_cm=11.8
SHARP_IR,raw_adc=298,voltage=1.455,distance_cm=19.3
SHARP_IR,raw_adc=279,voltage=1.362,distance_cm=20.9
SHARP_IR,raw_adc=271,voltage=1.323,distance_cm=21.6
SHARP_IR,raw_adc=267,voltage=1.304,distance_cm=22.0

SHARP_IR,raw_adc=448,voltage=2.187,distance_cm=12.0
SHARP_IR,raw_adc=299,voltage=1.460,distance_cm=19.2
SHARP_IR,raw_adc=279,voltage=1.362,distance_cm=20.9
SHARP_IR,raw_adc=271,voltage=1.323,distance_cm=21.6
SHARP_IR,raw_adc=267,voltage=1.304,distance_cm=22.0
SHARP_IR,raw_adc=266,voltage=1.299,distance_cm=22.1
SHARP_IR,raw_adc=264,voltage=1.289,distance_cm=22.3
SHARP_IR,raw_adc=372,voltage=1.816,distance_cm=14.9
SHARP_IR,raw_adc=334,voltage=1.631,distance_cm=16.9
SHARP_IR,raw_adc=293,voltage=1.431,distance_cm=19.7
SHARP_IR,raw_adc=278,voltage=1.357,distance_cm=21.0
SHARP_IR,raw_adc=271,voltage=1.323,distance_cm=21.6
SHARP_IR,raw_adc=267,voltage=1.304,distance_cm=22.0
SHARP_IR,raw_adc=265,voltage=1.294,distance_cm=22.2
SHARP_IR,raw_adc=264,voltage=1.289,distance_cm=22.3
SHARP_IR,raw_adc=427,voltage=2.085,distance_cm=12.7
SHARP_IR,raw_adc=317,voltage=1.548,distance_cm=18.0
SHARP_IR,raw_adc=285,voltage=1.392,distance_cm=20.4
SHARP_IR,raw_adc=274,voltage=1.338,distance_cm=21.3
SHARP_IR,raw_adc=269,voltage=1.313,distance_cm=21.8
SHARP_IR,raw_adc=266,voltage=1.299,distance_cm=22.1
SHARP_IR,raw_adc=265,voltage=1.294,distance_cm=22.2
SHARP_IR,raw_adc=262,voltage=1.279,distance_cm=22.5
SHARP_IR,raw_adc=433,voltage=2.114,distance_cm=12.5
SHARP_IR,raw_adc=306,voltage=1.494,distance_cm=18.7
_cm=22.0
SHARP_IR,raw_adc=265,voltage=1.294,distance_cm=22.2
SHARP_IR,raw_adc=262,voltage=1.279,distance_cm=22.5
SHARP_IR,raw_adc=434,voltage=2.119,distance_cm=12.4
SHARP_IR,raw_adc=305,voltage=1.489,distance_cm=18.8
SHARP_IR,raw_adc=282,voltage=1.377,distance_cm=20.6
SHARP_IR,raw_adc=273,voltage=1.333,distance_cm=21.4
SHARP_IR,raw_adc=268,voltage=1.309,distance_cm=21.9
SHARP_IR,raw_adc=270,voltage=1.318,distance_cm=21.7
SHARP_IR,raw_adc=265,voltage=1.294,distance_cm=22.2
SHARP_IR,raw_adc=261,voltage=1.274,distance_cm=22.6
SHARP_IR,raw_adc=450,voltage=2.197,distance_cm=11.9
SHARP_IR,raw_adc=299,voltage=1.460,distance_cm=19.2
SHARP_IR,raw_adc=279,voltage=1.362,distance_cm=20.9
SHARP_IR,raw_adc=272,voltage=1.328,distance_cm=21.5
SHARP_IR,raw_adc=267,voltage=1.304,distance_cm=22.0
SHARP_IR,raw_adc=266,voltage=1.299,distance_cm=22.1
SHARP_IR,raw_adc=265,voltage=1.294,distance_cm=22.2
SHARP_IR,raw_adc=407,voltage=1.987,distance_cm=13.4
SHARP_IR,raw_adc=325,voltage=1.587,distance_cm=17.4
SHARP_IR,raw_adc=290,voltage=1.416,distance_cm=19.9
SHARP_IR,raw_adc=276,voltage=1.348,distance_cm=21.1
SHARP_IR,raw_adc=270,voltage=1.318,distance_cm=21.7
SHARP_IR,raw_adc=267,voltage=1.304,distance_cm=22.0
SHARP_IR,raw_adc=266,voltage=1.299,distance_cm=22.1
SHARP_IR,raw_adc=265,voltage=1.294,distance_cm=22.2
stance_cm=22.0
SHARP_IR,raw_adc=267,voltage=1.304,distance_cm=22.0
SHARP_IR,raw_adc=267,voltage=1.304,distance_cm=22.0
SHARP_IR,raw_adc=267,voltage=1.304,distance_cm=22.0
SHARP_IR,raw_adc=267,voltage=1.304,distance_cm=22.0
SHARP_IR,raw_adc=267,voltage=1.304,distance_cm=22.0
SHARP_IR,raw_adc=267,voltage=1.304,distance_cm=22.0
SHARP_IR,raw_adc=267,voltage=1.304,distance_cm=22.0
SHARP_IR,raw_adc=267,voltage=1.304,distance_cm=22.0
SHARP_IR,raw_adc=267,voltage=1.304,distance_cm=22.0
SHARP_IR,raw_adc=271,voltage=1.323,distance_cm=21.6
SHARP_IR,raw_adc=275,voltage=1.343,distance_cm=21.2
SHARP_IR,raw_adc=280,voltage=1.367,distance_cm=20.8
SHARP_IR,raw_adc=280,voltage=1.367,distance_cm=20.8
SHARP_IR,raw_adc=284,voltage=1.387,distance_cm=20.4
SHARP_IR,raw_adc=284,voltage=1.387,distance_cm=20.4
SHARP_IR,raw_adc=284,voltage=1.387,distance_cm=20.4
SHARP_IR,raw_adc=288,voltage=1.406,distance_cm=20.1
SHARP_IR,raw_adc=288,voltage=1.406,distance_cm=20.1
SHARP_IR,raw_adc=288,voltage=1.406,distance_cm=20.1
SHARP_IR,raw_adc=288,voltage=1.406,distance_cm=20.1
SHARP_IR,raw_adc=288,voltage=1.406,distance_cm=20.1
SHARP_IR,raw_adc=320,voltage=1.562,distance_cm=17.8
SHARP_IR,raw_adc=305,voltage=1.489,distance_cm=18.8
SHARP_IR,raw_adc=299,voltage=1.460,distance_cm=19.2
SHARP_IR,raw_adc=295,voltage=1.440,distance_cm=19.5
age=2.139,distance_cm=12.3
SHARP_IR,raw_adc=311,voltage=1.519,distance_cm=18.4
SHARP_IR,raw_adc=288,voltage=1.406,distance_cm=20.1
SHARP_IR,raw_adc=277,voltage=1.353,distance_cm=21.0
SHARP_IR,raw_adc=273,voltage=1.333,distance_cm=21.4
SHARP_IR,raw_adc=270,voltage=1.318,distance_cm=21.7
SHARP_IR,raw_adc=269,voltage=1.313,distance_cm=21.8
SHARP_IR,raw_adc=261,voltage=1.274,distance_cm=22.6
SHARP_IR,raw_adc=453,voltage=2.212,distance_cm=11.8
SHARP_IR,raw_adc=305,voltage=1.489,distance_cm=18.8
SHARP_IR,raw_adc=282,voltage=1.377,distance_cm=20.6
SHARP_IR,raw_adc=275,voltage=1.343,distance_cm=21.2
SHARP_IR,raw_adc=271,voltage=1.323,distance_cm=21.6
SHARP_IR,raw_adc=270,voltage=1.318,distance_cm=21.7
SHARP_IR,raw_adc=269,voltage=1.313,distance_cm=21.8
SHARP_IR,raw_adc=410,voltage=2.002,distance_cm=13.3
SHARP_IR,raw_adc=330,voltage=1.611,distance_cm=17.1
SHARP_IR,raw_adc=294,voltage=1.436,distance_cm=19.6
SHARP_IR,raw_adc=276,voltage=1.348,distance_cm=21.1
SHARP_IR,raw_adc=274,voltage=1.338,distance_cm=21.3
SHARP_IR,raw_adc=271,voltage=1.323,distance_cm=21.6
SHARP_IR,raw_adc=269,voltage=1.313,distance_cm=21.8
SHARP_IR,raw_adc=264,voltage=1.289,distance_cm=22.3
SHARP_IR,raw_adc=424,voltage=2.070,distance_cm=12.8
SHARP_IR,raw_adc=322,voltage=1.572,distance_cm=17.6
SHARP_IR,raw_adc=290,voltage=1.416,distance_cm=19.9
c=265,voltage=1.294,distance_cm=22.2
SHARP_IR,raw_adc=268,voltage=1.309,distance_cm=21.9
SHARP_IR,raw_adc=421,voltage=2.056,distance_cm=12.9
SHARP_IR,raw_adc=322,voltage=1.572,distance_cm=17.6
SHARP_IR,raw_adc=291,voltage=1.421,distance_cm=19.9
SHARP_IR,raw_adc=279,voltage=1.362,distance_cm=20.9
SHARP_IR,raw_adc=270,voltage=1.318,distance_
SHARP_IR,raw_adc=281,voltage=1.372,distance_cm=20.7
SHARP_IR,raw_adc=278,voltage=1.357,distance_cm=21.0
SHARP_IR,raw_adc=277,voltage=1.353,distance_cm=21.0
SHARP_IR,raw_adc=273,voltage=1.333,distance_cm=21.4
SHARP_IR,raw_adc=358,voltage=1.748,distance_cm=15.6
SHARP_IR,raw_adc=310,voltage=1.514,distance_cm=18.4
SHARP_IR,raw_adc=292,voltage=1.426,distance_cm=19.8
SHARP_IR,raw_adc=285,voltage=1.392,distance_cm=20.4
SHARP_IR,raw_adc=280,voltage=1.367,distance_cm=20.8
SHARP_IR,raw_adc=278,voltage=1.357,distance_cm=21.0
SHARP_IR,raw_adc=277,voltage=1.353,distance_cm=21.0
SHARP_IR,raw_adc=396,voltage=1.934,distance_cm=13.8
SHARP_IR,raw_adc=346,voltage=1.689,distance_cm=16.2
SHARP_IR,raw_adc=301,voltage=1.470,distance_cm=19.1
SHARP_IR,raw_adc=288,voltage=1.406,distance_cm=20.1
SHARP_IR,raw_adc=282,voltage=1.377,distance_cm=20.6
SHARP_IR,raw_adc=279,voltage=1.362,distance_cm=20.9
SHARP_IR,raw_adc=278,voltage=1.357,distance_cm=21.0
SHARP_IR,raw_adc=276,voltage=1.348,distance_cm=21.1
SHARP_IR,raw_adc=437,voltage=2.134,distance_cm=12.3
aw_adc=335,voltage=1.636,distance_cm=16.8
SHARP_IR,raw_adc=328,voltage=1.602,distance_cm=17.3
SHARP_IR,raw_adc=324,voltage=1.582,distance_cm=17.5
SHARP_IR,raw_adc=322,voltage=1.572,distance_cm=17.6
SHARP_IR,raw_adc=317,voltage=1.548,distance_cm=18.0
SHARP_IR,raw_adc=443,voltage=2.163,distance_cm=12.1
SHARP_IR,raw_adc=383,voltage=1.870,distance_cm=14.4
SHARP_IR,raw_adc=344,voltage=1.680,distance_cm=16.3
SHARP_IR,raw_adc=328,voltage=1.602,distance_cm=17.3
SHARP_IR,raw_adc=322,voltage=1.572,distance_cm=17.6
SHARP_IR,raw_adc=319,voltage=1.558,distance_cm=17.8
SHARP_IR,raw_adc=317,voltage=1.548,distance_cm=18.0
SHARP_IR,raw_adc=320,voltage=1.562,distance_cm=17.8
SHARP_IR,raw_adc=476,voltage=2.324,distance_cm=11.2
SHARP_IR,raw_adc=368,voltage=1.797,distance_cm=15.1
SHARP_IR,raw_adc=338,voltage=1.650,distance_cm=16.7
SHARP_IR,raw_adc=327,voltage=1.597,distance_cm=17.3
SHARP_IR,raw_adc=321,voltage=1.567,distance_cm=17.7
SHARP_IR,raw_adc=319,voltage=1.558,distance_cm=17.8
SHARP_IR,raw_adc=313,voltage=1.528,distance_cm=18.2
SHARP_IR,raw_adc=312,voltage=1.523,distance_cm=18.3
SHARP_IR,raw_adc=473,voltage=2.310,distance_cm=11.2
SHARP_IR,raw_adc=345,voltage=1.685,distance_cm=16.3
SHARP_IR,raw_adc=316,voltage=1.543,distance_cm=18.0
SHARP_IR,raw_adc=304,voltage=1.484,distance_cm=18.9
SHARP_IR,raw_adc=300,voltage=1.465,distance_cm=19.2
ARP_IR,raw_adc=460,voltage=2.246,distance_cm=11.6
SHARP_IR,raw_adc=346,voltage=1.689,distance_cm=16.2
SHARP_IR,raw_adc=317,voltage=1.548,distance_cm=18.0
SHARP_IR,raw_adc=306,voltage=1.494,distance_cm=18.7
SHARP_IR,raw_adc=301,voltage=1.470,distance_cm=19.1
SHARP_IR,raw_adc=298,voltage=1.455,distance_cm=19.3
SHARP_IR,raw_adc=297,voltage=1.450,distance_
SHARP_IR,raw_adc=336,voltage=1.641,distance_cm=16.8
SHARP_IR,raw_adc=335,voltage=1.636,distance_cm=16.8
SHARP_IR,raw_adc=335,voltage=1.636,distance_cm=16.8
SHARP_IR,raw_adc=336,voltage=1.641,distance_cm=16.8
SHARP_IR,raw_adc=336,voltage=1.641,distance_cm=16.8
SHARP_IR,raw_adc=335,voltage=1.636,distance_cm=16.8
SHARP_IR,raw_adc=336,voltage=1.641,distance_cm=16.8
SHARP_IR,raw_adc=336,voltage=1.641,distance_cm=16.8
SHARP_IR,raw_adc=335,voltage=1.636,distance_cm=16.8
SHARP_IR,raw_adc=335,voltage=1.636,distance_cm=16.8
SHARP_IR,raw_adc=336,voltage=1.641,distance_cm=16.8
SHARP_IR,raw_adc=336,voltage=1.641,distance_cm=16.8
SHARP_IR,raw_adc=336,voltage=1.641,distance_cm=16.8
SHARP_IR,raw_adc=335,voltage=1.636,distance_cm=16.8
SHARP_IR,raw_adc=335,voltage=1.636,distance_cm=16.8
SHARP_IR,raw_adc=336,voltage=1.641,distance_cm=16.8
SHARP_IR,raw_adc=335,voltage=1.636,distance_cm=16.8
SHARP_IR,raw_adc=331,voltage=1.616,distance_cm=17.1
SHARP_IR,raw_adc=331,voltage=1.616,distance_cm=17.1
SHARP_IR,raw_adc=329,voltage=1.606,distance_cm=17.2

SHARP_IR,raw_adc=422,voltage=2.061,distance_cm=12.8
SHARP_IR,raw_adc=407,voltage=1.987,distance_cm=13.4
SHARP_IR,raw_adc=397,voltage=1.938,distance_cm=13.8
SHARP_IR,raw_adc=393,voltage=1.919,distance_cm=14.0
SHARP_IR,raw_adc=391,voltage=1.909,distance_cm=14.0
SHARP_IR,raw_adc=390,voltage=1.904,distance_cm=14.1
SHARP_IR,raw_adc=520,voltage=2.539,distance_cm=10.1
SHARP_IR,raw_adc=452,voltage=2.207,distance_cm=11.8
SHARP_IR,raw_adc=423,voltage=2.065,distance_cm=12.8
SHARP_IR,raw_adc=407,voltage=1.987,distance_cm=13.4
SHARP_IR,raw_adc=405,voltage=1.978,distance_cm=13.5
SHARP_IR,raw_adc=397,voltage=1.938,distance_cm=13.8
SHARP_IR,raw_adc=395,voltage=1.929,distance_cm=13.9
SHARP_IR,raw_adc=394,voltage=1.924,distance_cm=13.9
SHARP_IR,raw_adc=553,voltage=2.700,distance_cm=9.4
SHARP_IR,raw_adc=442,voltage=2.158,distance_cm=12.2
SHARP_IR,raw_adc=412,voltage=2.012,distance_cm=13.2
SHARP_IR,raw_adc=402,voltage=1.963,distance_cm=13.6
SHARP_IR,raw_adc=396,voltage=1.934,distance_cm=13.8
SHARP_IR,raw_adc=396,voltage=1.934,distance_cm=13.8
SHARP_IR,raw_adc=395,voltage=1.929,distance_cm=13.9
SHARP_IR,raw_adc=394,voltage=1.924,distance_cm=13.9
SHARP_IR,raw_adc=554,voltage=2.705,distance_cm=9.3
SHARP_IR,raw_adc=445,voltage=2.173,distance_cm=12.1
SHARP_IR,raw_adc=417,voltage=2.036,distance_cm=13.0
m=14.0
SHARP_IR,raw_adc=391,voltage=1.909,distance_cm=14.0
SHARP_IR,raw_adc=393,voltage=1.919,distance_cm=14.0
SHARP_IR,raw_adc=466,voltage=2.275,distance_cm=11.4
SHARP_IR,raw_adc=422,voltage=2.061,distance_cm=12.8
SHARP_IR,raw_adc=405,voltage=1.978,distance_cm=13.5
SHARP_IR,raw_adc=398,voltage=1.943,distance_cm=13.8
SHARP_IR,raw_adc=394,voltage=1.924,distance_cm=13.9
SHARP_IR,raw_adc=396,voltage=1.934,distance_cm=13.8
SHARP_IR,raw_adc=395,voltage=1.929,distance_cm=13.9
SHARP_IR,raw_adc=511,voltage=2.495,distance_cm=10.3
SHARP_IR,raw_adc=465,voltage=2.271,distance_cm=11.5
SHARP_IR,raw_adc=420,voltage=2.051,distance_cm=12.9
SHARP_IR,raw_adc=409,voltage=1.997,distance_cm=13.3
SHARP_IR,raw_adc=397,voltage=1.938,distance_cm=13.8
SHARP_IR,raw_adc=394,voltage=1.924,distance_cm=13.9
SHARP_IR,raw_adc=391,voltage=1.909,distance_cm=14.0
SHARP_IR,raw_adc=390,voltage=1.904,distance_cm=14.1
SHARP_IR,raw_adc=507,voltage=2.476,distance_cm=10.4
SHARP_IR,raw_adc=452,voltage=2.207,distance_cm=11.8
SHARP_IR,raw_adc=433,voltage=2.114,distance_cm=12.5
SHARP_IR,raw_adc=431,voltage=2.104,distance_cm=12.5
SHARP_IR,raw_adc=437,voltage=2.134,distance_cm=12.3
SHARP_IR,raw_adc=441,voltage=2.153,distance_cm=12.2
SHARP_IR,raw_adc=447,voltage=2.183,distance_cm=12.0
SHARP_IR,raw_adc=450,voltage=2.197,distance_cm=11.9
distance_cm=10.8
SHARP_IR,raw_adc=474,voltage=2.314,distance_cm=11.2
SHARP_IR,raw_adc=471,voltage=2.300,distance_cm=11.3
SHARP_IR,raw_adc=468,voltage=2.285,distance_cm=11.4
SHARP_IR,raw_adc=467,voltage=2.280,distance_cm=11.4
SHARP_IR,raw_adc=466,voltage=2.275,distance_cm=11.4
SHARP_IR,raw_adc=620,voltage=3.027,distance_cm=8.2
SHARP_IR,raw_adc=513,voltage=2.505,distance_c
SHARP_IR,raw_adc=564,voltage=2.754,distance_cm=9.1
SHARP_IR,raw_adc=564,voltage=2.754,distance_cm=9.1
SHARP_IR,raw_adc=564,voltage=2.754,distance_cm=9.1
SHARP_IR,raw_adc=564,voltage=2.754,distance_cm=9.1
SHARP_IR,raw_adc=564,voltage=2.754,distance_cm=9.1
SHARP_IR,raw_adc=564,voltage=2.754,distance_cm=9.1
SHARP_IR,raw_adc=564,voltage=2.754,distance_cm=9.1
SHARP_IR,raw_adc=564,voltage=2.754,distance_cm=9.1
SHARP_IR,raw_adc=564,voltage=2.754,distance_cm=9.1
SHARP_IR,raw_adc=564,voltage=2.754,distance_cm=9.1
SHARP_IR,raw_adc=565,voltage=2.759,distance_cm=9.1
SHARP_IR,raw_adc=744,voltage=3.633,distance_cm=6.6
SHARP_IR,raw_adc=606,voltage=2.959,distance_cm=8.4
SHARP_IR,raw_adc=584,voltage=2.852,distance_cm=8.8
SHARP_IR,raw_adc=575,voltage=2.808,distance_cm=8.9
SHARP_IR,raw_adc=570,voltage=2.783,distance_cm=9.0
SHARP_IR,raw_adc=567,voltage=2.769,distance_cm=9.1
SHARP_IR,raw_adc=566,voltage=2.764,distance_cm=9.1
SHARP_IR,raw_adc=566,voltage=2.764,distance_cm=9.1
09,voltage=3.462,distance_cm=7.0
SHARP_IR,raw_adc=698,voltage=3.408,distance_cm=7.1
SHARP_IR,raw_adc=693,voltage=3.384,distance_cm=7.2
SHARP_IR,raw_adc=691,voltage=3.374,distance_cm=7.2
SHARP_IR,raw_adc=689,voltage=3.364,distance_cm=7.2
SHARP_IR,raw_adc=690,voltage=3.369,distance_cm=7.2
SHARP_IR,raw_adc=780,voltage=3.809,distance_cm=6.2
SHARP_IR,raw_adc=736,voltage=3.594,distance_cm=6.7
SHARP_IR,raw_adc=711,voltage=3.472,distance_cm=7.0
SHARP_IR,raw_adc=699,voltage=3.413,distance_cm=7.1
SHARP_IR,raw_adc=694,voltage=3.389,distance_cm=7.2
SHARP_IR,raw_adc=691,voltage=3.374,distance_cm=7.2
SHARP_IR,raw_adc=689,voltage=3.364,distance_cm=7.2
SHARP_IR,raw_adc=687,voltage=3.354,distance_cm=7.3
SHARP_IR,raw_adc=786,voltage=3.838,distance_cm=6.2
SHARP_IR,raw_adc=722,voltage=3.525,distance_cm=6.8
SHARP_IR,raw_adc=698,voltage=3.408,distance_cm=7.1
SHARP_IR,raw_adc=679,voltage=3.315,distance_cm=7.4
SHARP_IR,raw_adc=663,voltage=3.237,distance_cm=7.6
SHARP_IR,raw_adc=649,voltage=3.169,distance_cm=7.8
SHARP_IR,raw_adc=634,voltage=3.096,distance_cm=8.0
SHARP_IR,raw_adc=619,voltage=3.022,distance_cm=8.2
SHARP_IR,raw_adc=773,voltage=3.774,distance_cm=6.3
SHARP_IR,raw_adc=635,voltage=3.101,distance_cm=8.0
SHARP_IR,raw_adc=590,voltage=2.881,distance_cm=8.7
SHARP_IR,raw_adc=565,voltage=2.759,distance_cm=9.1
ce_cm=8.4
SHARP_IR,raw_adc=615,voltage=3.003,distance_cm=8.3
SHARP_IR,raw_adc=785,voltage=3.833,distance_cm=6.2
SHARP_IR,raw_adc=692,voltage=3.379,distance_cm=7.2
SHARP_IR,raw_adc=692,voltage=3.379,distance_cm=7.2
SHARP_IR,raw_adc=693,voltage=3.384,distance_cm=7.2
SHARP_IR,raw_adc=692,voltage=3.379,distance_cm=7.2
SHARP_IR,raw_adc=690,voltage=
SHARP_IR,raw_adc=659,voltage=3.218,distance_cm=7.6
SHARP_IR,raw_adc=793,voltage=3.872,distance_cm=6.1
SHARP_IR,raw_adc=718,voltage=3.506,distance_cm=6.9
SHARP_IR,raw_adc=686,voltage=3.350,distance_cm=7.3
SHARP_IR,raw_adc=672,voltage=3.281,distance_cm=7.4
SHARP_IR,raw_adc=665,voltage=3.247,distance_cm=7.5
SHARP_IR,raw_adc=662,voltage=3.232,distance_cm=7.6
SHARP_IR,raw_adc=660,voltage=3.223,distance_cm=7.6
SHARP_IR,raw_adc=659,voltage=3.218,distance_cm=7.6
SHARP_IR,raw_adc=789,voltage=3.853,distance_cm=6.2
SHARP_IR,raw_adc=715,voltage=3.491,distance_cm=6.9
SHARP_IR,raw_adc=685,voltage=3.345,distance_cm=7.3
SHARP_IR,raw_adc=671,voltage=3.276,distance_cm=7.5
SHARP_IR,raw_adc=665,voltage=3.247,distance_cm=7.5
SHARP_IR,raw_adc=661,voltage=3.228,distance_cm=7.6
SHARP_IR,raw_adc=660,voltage=3.223,distance_cm=7.6
SHARP_IR,raw_adc=659,voltage=3.218,distance_cm=7.6
SHARP_IR,raw_adc=794,voltage=3.877,distance_cm=6.1
SHARP_IR,raw_adc=718,voltage=3.506,distance_cm=6.9
m=7.5
SHARP_IR,raw_adc=662,voltage=3.232,distance_cm=7.6
SHARP_IR,raw_adc=659,voltage=3.218,distance_cm=7.6
SHARP_IR,raw_adc=658,voltage=3.213,distance_cm=7.6
SHARP_IR,raw_adc=783,voltage=3.823,distance_cm=6.2
SHARP_IR,raw_adc=718,voltage=3.506,distance_cm=6.9
SHARP_IR,raw_adc=686,voltage=3.350,distance_cm=7.3
SHARP_IR,raw_adc=672,voltage=3.281,distance_cm=7.4
SHARP_IR,raw_adc=666,voltage=3.252,distance_cm=7.5
SHARP_IR,raw_adc=662,voltage=3.232,distance_cm=7.6
SHARP_IR,raw_adc=659,voltage=3.218,distance_cm=7.6
SHARP_IR,raw_adc=659,voltage=3.218,distance_cm=7.6
SHARP_IR,raw_adc=791,voltage=3.862,distance_cm=6.1
SHARP_IR,raw_adc=712,voltage=3.477,distance_cm=7.0
SHARP_IR,raw_adc=688,voltage=3.359,distance_cm=7.2
SHARP_IR,raw_adc=673,voltage=3.286,distance_cm=7.4
SHARP_IR,raw_adc=666,voltage=3.252,distance_cm=7.5
SHARP_IR,raw_adc=662,voltage=3.232,distance_cm=7.6
SHARP_IR,raw_adc=660,voltage=3.223,distance_cm=7.6
SHARP_IR,raw_adc=658,voltage=3.213,distance_cm=7.6
SHARP_IR,raw_adc=778,voltage=3.799,distance_cm=6.3
SHARP_IR,raw_adc=717,voltage=3.501,distance_cm=6.9
SHARP_IR,raw_adc=688,voltage=3.359,distance_cm=7.2
SHARP_IR,raw_adc=672,voltage=3.281,distance_cm=7.4
SHARP_IR,raw_adc=666,voltage=3.252,distance_cm=7.5
SHARP_IR,raw_adc=661,voltage=3.228,distance_cm=7.6
ge=3.213,distance_cm=7.6
SHARP_IR,raw_adc=657,voltage=3.208,distance_cm=7.6
SHARP_IR,raw_adc=657,voltage=3.208,distance_cm=7.6
SHARP_IR,raw_adc=657,voltage=3.208,distance_cm=7.6
SHARP_IR,raw_adc=657,voltage=3.208,distance_cm=7.6
SHARP_IR,raw_adc=657,voltage=3.208,distance_cm=7.6
SHARP_IR,raw_adc=657,voltage=3.208,distance_cm=7IR,raw_adc=597,voltage=2.915,distance_cm=8.5
SHARP_IR,raw_adc=595,voltage=2.905,distance_cm=8.6
SHARP_IR,raw_adc=744,voltage=3.633,distance_cm=6.6
SHARP_IR,raw_adc=649,voltage=3.169,distance_cm=7.8
SHARP_IR,raw_adc=623,voltage=3.042,distance_cm=8.1
SHARP_IR,raw_adc=607,voltage=2.964,distance_cm=8.4
SHARP_IR,raw_adc=602,voltage=2.939,distance_cm=8.5
SHARP_IR,raw_adc=598,voltage=2.920,distance_cm=8.5
SHARP_IR,raw_adc=597,voltage=2.915,distance_cm=8.5
SHARP_IR,raw_adc=599,voltage=2.925,distance_cm=8.5
SHARP_IR,raw_adc=750,voltage=3.662,distance_cm=6.5
SHARP_IR,raw_adc=656,voltage=3.203,distance_cm=7.7
SHARP_IR,raw_adc=621,voltage=3.032,distance_cm=8.2
SHARP_IR,raw_adc=612,voltage=2.988,distance_cm=8.3
SHARP_IR,raw_adc=601,voltage=2.935,distance_cm=8.5
SHARP_IR,raw_adc=598,voltage=2.920,distance_cm=8.5
SHARP_IR,raw_adc=596,voltage=2.910,distance_cm=8.6
SHARP_IR,raw_adc=599,voltage=2.925,distance_cm=8.5
SHARP_IR,raw_adc=739,voltage=3.608,distance_cm=6.7
SHARP_IR,raw_adc=650,voltage=3.174,distance_cm=7.7
SHARP_IR,raw_adc=621,voltage=3.032,distance_cm=8.2
dc=693,voltage=3.384,distance_cm=7.2
SHARP_IR,raw_adc=690,voltage=3.369,distance_cm=7.2
SHARP_IR,raw_adc=689,voltage=3.364,distance_cm=7.2
SHARP_IR,raw_adc=689,voltage=3.364,distance_cm=7.2
SHARP_IR,raw_adc=788,voltage=3.848,distance_cm=6.2
SHARP_IR,raw_adc=740,voltage=3.613,distance_cm=6.6
SHARP_IR,raw_adc=710,voltage=3.467,distance_cm=7.0
SHARP_IR,raw_adc=698,voltage=3.408,distance_cm=7.1
SHARP_IR,raw_adc=691,voltage=3.374,distance_cm=7.2
SHARP_IR,raw_adc=687,voltage=3.354,distance_cm=7.3
SHARP_IR,raw_adc=686,voltage=3.350,distance_cm=7.3
SHARP_IR,raw_adc=687,voltage=3.354,distance_cm=7.3
SHARP_IR,raw_adc=792,voltage=3.867,distance_cm=6.1
SHARP_IR,raw_adc=737,voltage=3.599,distance_cm=6.7
SHARP_IR,raw_adc=711,voltage=3.472,distance_cm=7.0
SHARP_IR,raw_adc=699,voltage=3.413,distance_cm=7.1
SHARP_IR,raw_adc=693,voltage=3.384,distance_cm=7.2
SHARP_IR,raw_adc=688,voltage=3.359,distance_cm=7.2
SHARP_IR,raw_adc=687,voltage=3.354,distance_cm=7.3
SHARP_IR,raw_adc=687,voltage=3.354,distance_cm=7.3
SHARP_IR,raw_adc=789,voltage=3.853,distance_cm=6.2
SHARP_IR,raw_adc=736,voltage=3.594,distance_cm=6.7
SHARP_IR,raw_adc=710,voltage=3.467,distance_cm=7.0
SHARP_IR,raw_adc=699,voltage=3.413,distance_cm=7.1
SHARP_IR,raw_adc=693,voltage=3.384,distance_cm=7.2
SHARP_IR,raw_adc=690,voltage=3.369,distance_cm=7.2
