BALL_BEAM_BOOT
HELP,keys
STATE,SAFE_DISABLED
SENSORS,angle=bad,pos=bad
MEAS,theta_deg=0.0000,x_cm=0.0000,x_filt_cm=0.0000
AGE,angle_ms=1,pos_ms=1
FAULTS,bits=0
CAL,zero_calibrated=yes,limits_calibrated=yes,sign_calibrated=yes
CAL_STORE,status=loaded
TEL,enabled=1
FAULT_INFO,bits=0
FAULT_INFO,mode=bringup_warning
FAULT_INFO,none
TEL,349,SAFE_DISABLED,-0.2687,-0.4687,10.6348,0.0000,0.00,0
TEL,449,SAFE_DISABLED,-0.7687,-0.7495,10.6348,0.0000,0.00,0
TEL,549,SAFE_DISABLED,-0.2687,-0.2282,10.6348,0.0000,0.00,0
TEL,649,SAFE_DISABLED,-0.7687,-0.6684,10.6348,0.0000,0.00,0
TEL,749,SAFE_DISABLED,-0.7687,-0.7286,10.6348,0.0000,0.00,0
TEL,849,SAFE_DISABLED,-0.7687,-0.7622,10.6348,0.0000,0.00,0
TEL,949,SAFE_DISABLED,-0.7687,-0.7686,10.6348,0.0000,0.00,0
TEL,1049,SAFE_DISABLED,-0.7687,-0.7686,10.6348,0.0000,0.00,0
TEL,1149,SAFE_DISABLED,-0.7687,-0.7687,10.6348,0.0000,0.00,0
TEL,1249,SAFE_DISABLED,-0.7687,-0.7687,10.6348,0.0000,0.00,0
TEL,1349,SAFE_DISABLED,-0.7687,-0.7687,10.6348,0.0000,0.00,0
TEL,1449,SAFE_DISABLED,-0.7687,-0.7687,10.6348,0.0000,0.00,0
TEL,1549,SAFE_DISABLED,-0.7687,-0.7687,10.6348,0.0000,0.00,0
TEL,1649,SAFE_DISABLED,-0.7687,-0.7687,10.6348,0.0000,0.00,0
TEL,1750,SAFE_DISABLED,-0.7687,-0.7687,10.6348,0.0000,0.00,0
TEL,1850,SAFE_DISABLED,-0.7687,-0.7015,10.6348,0.0000,0.00,0
TEL,1950,SAFE_DISABLED,-0.7687,-0.7579,10.6348,0.0000,0.00,0
TEL,2050,SAFE_DISABLED,-0.7687,-0.7680,10.6348,0.0000,0.00,0
TEL,2150,SAFE_DISABLED,0.2313,-0.0486,10.6348,0.0000,0.00,0
TEL,2250,SAFE_DISABLED,0.2313,0.0934,10.6348,0.0000,0.00,0
TEL,2350,SAFE_DISABLED,-0.7687,-0.7466,10.6348,0.0000,0.00,0
TEL,2450,SAFE_DISABLED,-0.2687,-0.3484,10.6348,0.0000,0.00,0
TEL,2550,SAFE_DISABLED,0.2313,0.0742,10.6348,0.0000,0.00,0
TEL,2650,SAFE_DISABLED,-0.7687,-0.6079,10.6348,0.0000,0.00,0
TEL,2750,SAFE_DISABLED,-0.7687,-0.7584,10.6348,0.0000,0.00,0
TEL,2850,SAFE_DISABLED,-0.7687,-0.7685,10.6348,0.0000,0.00,0
TEL,2950,SAFE_DISABLED,0.2313,-0.0486,10.6348,0.0000,0.00,0
TEL,3050,SAFE_DISABLED,0.2313,0.1194,10.6348,0.0000,0.00,0
TEL,3150,SAFE_DISABLED,-0.7687,-0.7596,10.6348,0.0000,0.00,0
TEL,3250,SAFE_DISABLED,-0.2687,-0.1804,10.6348,0.0000,0.00,0
TEL,3350,SAFE_DISABLED,-0.7687,-0.6745,10.6348,0.0000,0.00,0
TEL,3450,SAFE_DISABLED,-0.7687,-0.7536,10.6348,0.0000,0.00,0
TEL,3550,SAFE_DISABLED,-0.7687,-0.7662,10.6348,0.0000,0.00,0
TEL,3650,SAFE_DISABLED,-0.7687,-0.7686,10.6348,0.0000,0.00,0
TEL,3750,SAFE_DISABLED,-0.2687,-0.4686,10.6348,0.0000,0.00,0
TEL,3850,SAFE_DISABLED,0.2313,0.1194,10.6348,0.0000,0.00,0
TEL,3950,SAFE_DISABLED,-0.7687,-0.6266,10.6348,0.0000,0.00,0
TEL,4050,SAFE_DISABLED,-0.7687,-0.7596,10.6348,0.0000,0.00,0
TEL,4150,SAFE_DISABLED,-0.7687,-0.7681,10.6348,0.0000,0.00,0
TEL,4250,SAFE_DISABLED,-0.7687,-0.7681,10.6348,0.0000,0.00,0
TEL,4350,SAFE_DISABLED,0.2313,0.1194,10.6348,0.0000,0.00,0
TEL,4450,SAFE_DISABLED,-0.7687,-0.5066,10.6348,0.0000,0.00,0
TEL,4550,SAFE_DISABLED,0.2313,0.1953,10.6348,0.0000,0.00,0
TEL,4651,SAFE_DISABLED,-0.7687,-0.4910,10.6348,0.0000,0.00,0
TEL,4751,SAFE_DISABLED,-0.7687,-0.7615,10.6348,0.0000,0.00,0
TEL,4851,SAFE_DISABLED,-0.7687,-0.7685,10.6348,0.0000,0.00,0
TEL,4951,SAFE_DISABLED,-0.7687,-0.7279,10.6348,0.0000,0.00,0
TEL,5051,SAFE_DISABLED,-0.7687,-0.7676,10.6348,0.0000,0.00,0
TEL,5151,SAFE_DISABLED,0.2313,0.2058,10.6348,0.0000,0.00,0
TEL,5251,SAFE_DISABLED,0.2313,-0.1245,10.6348,0.0000,0.00,0
TEL,5351,SAFE_DISABLED,0.2313,0.2222,10.6348,0.0000,0.00,0
TEL,5451,SAFE_DISABLED,-0.7687,-0.7508,10.6348,0.0000,0.00,0
TEL,5551,SAFE_DISABLED,-0.7687,-0.7682,10.6348,0.0000,0.00,0
TEL,5651,SAFE_DISABLED,-0.7687,-0.4806,10.6348,0.0000,0.00,0
TEL,5751,SAFE_DISABLED,-0.2687,-0.2261,10.6348,0.0000,0.00,0
TEL,5851,SAFE_DISABLED,-0.7687,-0.7631,10.6348,0.0000,0.00,0
TEL,5951,SAFE_DISABLED,-0.2687,-0.4664,10.6348,0.0000,0.00,0
TEL,6051,SAFE_DISABLED,-0.7687,-0.7493,10.6348,0.0000,0.00,0
TEL,6151,SAFE_DISABLED,0.2313,-0.1685,10.6348,0.0000,0.00,0
TEL,6251,SAFE_DISABLED,-0.7687,-0.6189,10.6348,0.0000,0.00,0
TEL,6351,SAFE_DISABLED,-0.7687,-0.7447,10.6348,0.0000,0.00,0
TEL,6451,SAFE_DISABLED,-0.7687,-0.7671,10.6348,0.0000,0.00,0
TEL,6551,SAFE_DISABLED,-0.7687,-0.7680,10.6348,0.0000,0.00,0
OK,telemetry=0
OK,cal_reset_saved
OK,cal_zero_angle_set=330.644531
CAL_ZERO,as5600_zero_deg=330.644531,sonar_center_cm=20.000000,zero_calibrated=no
OK,cal_zero_position_set=30.000000
CAL_ZERO,as5600_zero_deg=330.644531,sonar_center_cm=30.000000,zero_calibrated=yes
OK,cal_limit_down_set=10.722657
CAL_LIMITS,lower_deg=10.722657,upper_deg=3.000000,limits_calibrated=no
OK,cal_limit_up_set=-32.783203
OK,as5600_sign=-1
CAL_LIMITS,lower_deg=-10.722657,upper_deg=32.783203,limits_calibrated=yes
OK,telemetry=1
TEL,53884,SAFE_DISABLED,0.0000,-0.0002,3.7910,0.0000,0.00,0
TEL,53984,SAFE_DISABLED,0.0000,-0.0000,3.7813,0.0000,0.00,0
TEL,54084,SAFE_DISABLED,0.0000,-0.0000,3.7925,0.0000,0.00,0
TEL,54184,SAFE_DISABLED,-0.5000,-0.4200,3.8299,0.0000,0.00,0
TEL,54284,SAFE_DISABLED,0.0000,-0.0672,3.8098,0.0000,0.00,0
TEL,54384,SAFE_DISABLED,0.0000,-0.0017,3.7844,0.0000,0.00,0
TEL,54484,SAFE_DISABLED,0.0000,-0.0001,3.7892,0.0000,0.00,0
TEL,54584,SAFE_DISABLED,0.0000,0.0000,3.8123,0.0000,0.00,0
TEL,54684,SAFE_DISABLED,0.0000,0.0000,3.7978,0.0000,0.00,0
TEL,54784,SAFE_DISABLED,0.0000,0.0000,3.8088,0.0000,0.00,0
TEL,54884,SAFE_DISABLED,-0.5000,-0.4200,3.7933,0.0000,0.00,0
TEL,54984,SAFE_DISABLED,-0.5000,-0.4200,3.8265,0.0000,0.00,0
TEL,55084,SAFE_DISABLED,0.0000,-0.0672,3.7963,0.0000,0.00,0
TEL,55184,SAFE_DISABLED,0.0000,-0.0043,3.7885,0.0000,0.00,0
TEL,55284,SAFE_DISABLED,0.0000,-0.0007,3.7808,0.0000,0.00,0
TEL,55384,SAFE_DISABLED,0.0000,-0.0001,3.7949,0.0000,0.00,0
TEL,55484,SAFE_DISABLED,0.0000,-0.0000,3.7948,0.0000,0.00,0
TEL,55584,SAFE_DISABLED,0.0000,-0.0000,3.8302,0.0000,0.00,0
TEL,55684,SAFE_DISABLED,0.0000,-0.0000,3.7969,0.0000,0.00,0
TEL,55784,SAFE_DISABLED,0.0000,0.0000,3.8177,0.0000,0.00,0
TEL,55884,SAFE_DISABLED,0.0000,0.0000,3.7857,0.0000,0.00,0
TEL,55984,SAFE_DISABLED,0.0000,0.0000,3.7867,0.0000,0.00,0
OK,stepper_sign=-1,delta=-21.6430
TEL,59370,READY,0.0000,-0.0060,1.0898,0.0000,0.00,0
TEL,59470,READY,-1.0000,-0.7210,0.4756,0.0000,0.00,0
TEL,59570,READY,0.0000,-0.2354,0.3724,0.0000,0.00,0
TEL,59670,READY,0.0000,-0.0941,0.3551,0.0000,0.00,0
TEL,59770,READY,0.0000,-0.0060,0.3524,0.0000,0.00,0
TEL,59870,READY,0.0000,-0.0060,0.3517,0.0000,0.00,0
TEL,59970,READY,-1.0000,-0.6024,0.3516,0.0000,0.00,0
TEL,60070,READY,0.0000,-0.0866,0.3516,0.0000,0.00,0
TEL,60170,READY,0.0000,-0.0138,0.3516,0.0000,0.00,0
TEL,60270,READY,0.0000,-0.0055,0.3516,0.0000,0.00,0
TEL,60370,READY,0.0000,-0.0009,0.3516,0.0000,0.00,0
TEL,60470,READY,0.0000,-0.0004,0.3516,0.0000,0.00,0
TEL,60570,READY,0.0000,-0.1200,0.3516,0.0000,0.00,0
TEL,60670,READY,-1.0000,-0.6480,0.3516,0.0000,0.00,0
OK,telemetry=0
OK,cal_saved
STATE,READY
SENSORS,angle=ok,pos=ok
MEAS,theta_deg=0.3516,x_cm=-1.0000,x_filt_cm=-0.8160
AGE,angle_ms=11,pos_ms=45
FAULTS,bits=0
CAL,zero_calibrated=yes,limits_calibrated=yes,sign_calibrated=yes
CAL_STORE,status=loaded
TEL,enabled=0
FAULT_INFO,bits=0
FAULT_INFO,mode=bringup_warning
FAULT_INFO,none
OK,running
TEL,75103,RUNNING,-1.0000,-0.9657,1.3298,0.2951,-423.13,0
TEL,75203,RUNNING,-1.0000,-0.9657,-0.0845,0.3044,159.03,0
TEL,75303,RUNNING,-1.0000,-0.9657,0.2646,0.3137,20.09,0
TEL,75403,RUNNING,-1.0000,-0.9657,0.5928,0.3231,-110.32,0
TEL,75503,RUNNING,-1.0000,-0.9657,0.0373,0.3305,0.00,0
TEL,75603,RUNNING,-1.0000,-0.9863,0.5305,0.3462,-75.36,0
TEL,75703,RUNNING,-1.0000,-0.9863,0.3758,0.3557,-8.21,0
TEL,75803,RUNNING,-1.0000,-0.9863,0.2248,0.3653,57.44,0
TEL,75904,RUNNING,-1.0000,-0.9863,0.5279,0.3748,-62.62,0
TEL,76004,RUNNING,-1.0000,-0.9863,0.3317,0.3843,21.51,0
TEL,76104,RUNNING,0.0000,-0.3945,0.0203,0.2092,77.25,0
TEL,76204,RUNNING,0.0000,-0.3945,0.1755,0.2130,15.34,0
TEL,76304,RUNNING,-0.5000,-0.4578,0.3707,1.3391,118.04,0
TEL,76404,RUNNING,-0.5000,-0.4578,0.3240,0.2403,-34.21,0
TEL,76504,RUNNING,-0.5000,-0.4578,0.0423,0.2448,82.79,0
TEL,76604,RUNNING,-1.0000,-0.7831,0.5429,0.3471,-80.07,0
TEL,76704,RUNNING,-1.0000,-0.7831,0.4483,0.3546,-38.29,0
TEL,76804,RUNNING,-1.0000,-0.9132,0.1042,2.6697,332.85,0
TEL,76904,RUNNING,-1.0000,-0.9132,0.8612,0.4103,-184.39,0
TEL,77004,RUNNING,-1.0000,-0.9132,0.1387,0.4191,114.68,0
TEL,77104,RUNNING,-1.0000,-0.9132,0.4442,0.4279,-6.66,0
TEL,77204,RUNNING,-1.0000,-0.9132,0.5903,0.4367,-62.81,0
TEL,77304,RUNNING,-1.0000,-0.9132,0.2518,0.4438,0.00,0
TEL,77404,RUNNING,0.0000,-0.3653,0.2353,0.2810,0.00,0
TEL,77504,RUNNING,0.0000,-0.3653,0.1666,0.2845,48.23,0
TEL,77604,RUNNING,0.0000,-0.3653,0.4604,0.2880,-70.48,0
TEL,77704,RUNNING,0.0000,-0.3653,0.1612,0.2915,53.30,0
TEL,77804,RUNNING,0.0000,-0.3653,0.2959,0.2951,-0.35,0
TEL,77904,RUNNING,0.0000,-0.3653,0.4153,0.2972,0.00,0
TEL,78004,RUNNING,0.0000,-0.1461,0.0574,0.2329,71.77,0
TEL,78104,RUNNING,-0.5000,-0.3584,0.4146,0.2985,-47.46,0
TEL,78204,RUNNING,-0.5000,-0.3584,0.4608,0.3020,-64.96,0
TEL,78304,RUNNING,-0.5000,-0.3584,0.0480,0.3054,105.26,0
TEL,78404,RUNNING,-0.5000,-0.3584,0.4919,0.3089,-74.83,0
TEL,78504,RUNNING,-0.5000,-0.3584,0.2679,0.3123,18.17,0
TEL,78604,RUNNING,-1.0000,-0.7434,0.4503,0.4327,-7.18,0
TEL,78704,RUNNING,-1.0000,-0.7434,0.5883,0.4399,-60.68,0
TEL,78804,RUNNING,-1.0000,-0.7434,0.2514,0.4471,80.01,0
TEL,78904,RUNNING,-1.0000,-0.7434,0.5709,0.4543,-47.69,0
TEL,79004,RUNNING,-1.0000,-0.7434,0.5005,0.4615,-15.99,0
TEL,79104,RUNNING,-0.5000,-0.3956,0.2771,3.0000,0.00,0
TEL,79204,RUNNING,0.0000,-0.1582,-0.1646,0.2895,185.69,0
TEL,79304,RUNNING,0.0000,-0.1582,0.6120,0.2910,-131.28,0
TEL,79404,RUNNING,0.0000,-0.1582,0.1251,0.2925,68.48,0
TEL,79504,RUNNING,0.0000,-0.1582,0.2443,0.2941,20.36,0
TEL,79604,RUNNING,0.0000,-0.1582,0.4817,0.2956,-76.10,0
TEL,79704,RUNNING,0.0000,-0.0633,-0.0294,0.2676,121.45,0
TEL,79804,RUNNING,0.0000,-0.0633,0.3448,0.2682,-31.30,0
TEL,79904,RUNNING,0.0000,-0.0633,0.3697,0.2688,-41.22,0
TEL,80004,RUNNING,0.0000,-0.0633,0.0371,0.2695,95.03,0
TEL,80104,RUNNING,0.0000,-0.0633,0.3886,0.2701,-48.48,0
TEL,80204,RUNNING,0.0000,-0.0253,0.3845,0.2589,-51.36,0
TEL,80304,RUNNING,0.0000,-0.0253,0.0506,0.2592,85.30,0
TEL,80404,RUNNING,0.0000,-0.0253,0.4192,0.2594,-65.34,0
TEL,80504,RUNNING,0.0000,-0.0253,0.2109,0.2596,19.94,0
TEL,80604,RUNNING,0.0000,-0.0253,0.1998,0.2599,24.58,0
TEL,80704,RUNNING,0.0000,-0.0101,0.3992,-0.0093,-167.03,0
TEL,80804,RUNNING,0.0000,-0.0101,0.1438,0.2556,45.71,0
TEL,80904,RUNNING,0.0000,-0.0101,0.3115,0.2557,-22.81,0
TEL,81004,RUNNING,0.0000,-0.0101,0.3468,0.2558,-37.20,0
TEL,81104,RUNNING,0.0000,-0.0101,0.0910,0.2559,67.44,0
TEL,81204,RUNNING,0.0000,-0.0101,0.3592,0.2560,0.00,0
TEL,81304,RUNNING,0.0000,-0.0040,0.2651,0.2542,-4.48,0
TEL,81404,RUNNING,0.0000,-0.0040,0.1550,0.2542,40.56,0
TEL,81504,RUNNING,0.0000,-0.0040,0.3853,0.2543,-53.60,0
TEL,81604,RUNNING,0.0000,-0.0040,0.1615,0.2543,37.94,0
TEL,81704,RUNNING,-1.0000,-0.6016,0.2099,3.0000,242.97,0
TEL,81804,RUNNING,-1.0000,-0.6016,0.7525,0.4393,-128.09,0
TEL,81904,RUNNING,-1.0000,-0.6016,0.2513,0.4451,79.26,0
TEL,82004,RUNNING,-1.0000,-0.6016,0.4620,0.4509,-4.54,0
TEL,82104,RUNNING,-1.0000,-0.6016,0.6004,0.4567,-58.79,0
TEL,82204,RUNNING,-1.0000,-0.6016,0.3530,0.4613,0.00,0
TEL,82304,RUNNING,0.0000,-0.2406,0.1381,0.3555,88.87,0
TEL,82404,RUNNING,0.0000,-0.2406,0.4787,0.3578,-49.46,0
TEL,82504,RUNNING,0.0000,-0.0963,0.3966,-2.2003,-238.39,0
TEL,82604,RUNNING,0.0000,-0.0385,-0.0845,0.2999,147.37,0
TEL,82704,RUNNING,0.0000,-0.0385,0.4570,0.3003,-64.06,0
TEL,82804,RUNNING,0.0000,-0.0154,0.1785,0.2935,47.06,0
TEL,82904,RUNNING,0.0000,-0.0154,0.2422,0.2937,21.04,0
TEL,83004,RUNNING,-1.0000,-0.6062,0.6587,0.4743,-75.41,0
TEL,83104,RUNNING,-1.0000,-0.6062,0.4768,0.4802,1.37,0
TEL,83204,RUNNING,-0.5000,-0.5425,0.3239,-0.6435,-113.95,0
TEL,83304,RUNNING,0.0000,-0.2170,0.4712,-3.0000,-190.24,0
TEL,83404,RUNNING,0.0000,-0.0347,-0.3626,0.3199,17.37,0
TEL,83504,RUNNING,0.0000,-0.0347,0.1355,0.3202,75.54,0
TEL,83604,RUNNING,0.0000,-0.0347,0.7193,0.3205,-163.07,0
TEL,83704,RUNNING,0.0000,-0.0347,0.0137,0.3209,125.62,0
TEL,83804,RUNNING,0.0000,-0.0347,0.4361,0.3212,-46.99,0
TEL,83904,RUNNING,0.0000,-0.0347,0.3536,0.3214,0.00,0
TEL,84004,RUNNING,0.0000,-0.0056,0.0300,0.3127,115.61,0
TEL,84104,RUNNING,0.0000,-0.0056,0.4388,0.3128,-51.56,0
TEL,84204,RUNNING,0.0000,-0.0056,0.3450,0.3128,-13.18,0
TEL,84304,RUNNING,0.0000,-0.0056,0.1619,0.3129,61.74,0
TEL,84404,RUNNING,0.0000,-0.0056,0.4442,0.3129,-53.69,0
TEL,84504,RUNNING,0.0000,-0.0056,0.3888,0.3129,0.00,0
TEL,84604,RUNNING,0.0000,-0.0056,0.3578,0.3129,0.00,0
TEL,84704,RUNNING,0.0000,-0.0022,0.2814,0.3119,12.48,0
TEL,84804,RUNNING,0.0000,-0.0022,0.2293,0.3120,33.80,0
TEL,84904,RUNNING,0.0000,-0.0022,0.3978,0.3120,-35.09,0
TEL,85004,RUNNING,0.0000,-0.0022,0.2816,0.3120,12.45,0
TEL,85104,RUNNING,0.0000,-0.0022,0.2494,0.3120,25.62,0
TEL,85204,RUNNING,0.0000,-0.0022,0.4075,0.3120,0.00,0
TEL,85304,RUNNING,0.0000,-0.0004,0.4077,0.3115,-39.36,0
TEL,85404,RUNNING,0.0000,-0.0001,0.2211,0.3077,35.41,0
TEL,85504,RUNNING,0.0000,-0.0001,0.3343,0.3114,-9.37,0
TEL,85604,RUNNING,0.0000,-0.0000,0.3954,0.3114,-34.36,0
TEL,85704,RUNNING,0.0000,-0.0000,0.2096,0.3114,41.62,0
TEL,85804,RUNNING,0.0000,-0.0000,0.3324,0.3114,-8.58,0
TEL,85904,RUNNING,0.0000,-0.0000,0.3951,0.3114,-34.23,0
TEL,86004,RUNNING,0.0000,-0.0000,0.2016,0.3114,44.87,0
TEL,86104,RUNNING,0.0000,-0.0000,0.2379,0.3114,0.00,0
TEL,86204,RUNNING,0.0000,-0.0000,0.3121,0.3114,-0.28,0
TEL,86304,RUNNING,0.0000,-0.0000,0.4180,0.3114,-43.62,0
TEL,86404,RUNNING,0.0000,-0.0000,0.1934,0.3114,48.25,0
TEL,86504,RUNNING,0.0000,-0.0000,0.3296,0.3114,-7.47,0
TEL,86604,RUNNING,0.0000,-0.0000,0.3946,0.3114,-34.05,0
TEL,86704,RUNNING,0.0000,-0.0000,0.2920,0.3114,0.00,0
TEL,86804,RUNNING,0.0000,-0.0000,0.2684,0.3114,17.56,0
TEL,86904,RUNNING,0.0000,-0.0000,0.3093,0.3114,0.85,0
TEL,87004,RUNNING,0.0000,-0.0000,0.4112,0.3114,-40.84,0
TEL,87104,RUNNING,0.0000,-0.0000,0.2654,0.3114,18.82,0
TEL,87204,RUNNING,0.0000,-0.0000,0.2620,0.3114,20.18,0
TEL,87304,RUNNING,0.0000,0.0000,0.4096,0.3114,-40.18,0
TEL,87404,RUNNING,0.0000,0.0000,0.2233,0.3114,36.00,0
TEL,87504,RUNNING,0.0000,0.0000,0.2679,0.3114,17.78,0
TEL,87604,RUNNING,0.0000,0.0000,0.4106,0.3114,-40.58,0
TEL,87704,RUNNING,0.0000,0.0000,0.2106,0.3114,41.22,0
TEL,87804,RUNNING,0.0000,0.0000,0.3106,0.3114,0.33,0
TEL,87904,RUNNING,0.0000,0.0000,0.4178,0.3114,-43.52,0
TEL,88004,RUNNING,0.0000,0.0000,0.2197,0.3114,37.49,0
TEL,88104,RUNNING,0.0000,0.0000,0.3121,0.3114,-0.30,0
TEL,88204,RUNNING,0.0000,0.0000,0.4180,0.3114,-43.62,0
TEL,88304,RUNNING,0.0000,-0.1200,0.3414,0.3486,2.96,0
TEL,88404,RUNNING,0.0000,-0.0192,0.0433,0.3189,84.41,0
TEL,88504,RUNNING,0.0000,-0.0192,0.3083,0.3191,4.41,0
TEL,88604,RUNNING,0.0000,-0.0192,0.5502,0.3193,-94.43,0
TEL,88704,RUNNING,0.0000,-0.0192,0.1095,0.3195,85.84,0
TEL,88804,RUNNING,0.0000,-0.0192,0.4585,0.3196,-56.80,0
TEL,88904,RUNNING,0.0000,-0.0192,0.3759,0.3197,0.00,0
TEL,89004,RUNNING,0.0000,-0.0077,0.1583,0.3163,64.65,0
TEL,89104,RUNNING,0.0000,-0.0077,0.3532,0.3164,-15.04,0
TEL,89204,RUNNING,0.0000,-0.0077,0.4005,0.3165,-34.36,0
TEL,89304,RUNNING,0.0000,-0.0077,0.1822,0.3166,54.96,0
TEL,89404,RUNNING,0.0000,-0.0031,0.3745,0.3152,-24.24,0
TEL,89504,RUNNING,0.0000,-0.0031,0.3573,0.3153,-17.21,0
TEL,89604,RUNNING,0.0000,-0.0031,0.2126,0.3153,41.98,0
TEL,89704,RUNNING,0.0000,-0.0031,0.3513,0.3153,-14.73,0
TEL,89804,RUNNING,0.0000,-0.0031,0.3983,0.3153,-33.92,0
TEL,89904,RUNNING,0.0000,-0.0005,0.1747,0.3146,57.21,0
TEL,90004,RUNNING,0.0000,-0.0002,0.3450,0.3145,-12.46,0
TEL,90104,RUNNING,0.0000,-0.0001,0.4703,0.3145,-63.74,0
TEL,90204,RUNNING,0.0000,-0.0000,0.1290,0.3136,75.49,0
TEL,90304,RUNNING,0.0000,-0.0000,0.3483,0.3144,-13.84,0
TEL,90404,RUNNING,0.0000,-0.0000,0.3997,0.3144,-34.86,0
TEL,90504,RUNNING,0.0000,-0.0000,0.1282,0.3144,76.17,0
TEL,90604,RUNNING,0.0000,-0.0000,0.4039,0.3144,-36.59,0
TEL,90704,RUNNING,0.0000,0.0000,0.3328,0.3144,-7.53,0
TEL,90804,RUNNING,0.0000,0.0000,0.1225,0.3144,78.50,0
TEL,90904,RUNNING,0.0000,0.0000,0.4093,0.3144,-38.79,0
TEL,91004,RUNNING,0.0000,0.0000,0.3337,0.3144,-7.90,0
TEL,91104,RUNNING,0.0000,0.0000,0.1556,0.3144,64.96,0
TEL,91204,RUNNING,0.0000,0.0000,0.4239,0.3144,-44.77,0
TEL,91304,RUNNING,0.0000,0.0000,0.3142,0.3144,0.08,0
TEL,91404,RUNNING,-0.5000,-0.3000,0.2562,0.4049,60.83,0
TEL,91504,RUNNING,-0.5000,-0.3000,0.6613,0.4078,-103.66,0
TEL,91604,RUNNING,0.0000,-0.1200,-0.0123,0.3557,150.49,0
TEL,91704,RUNNING,0.0000,-0.1200,0.3889,0.3569,-13.08,0
TEL,91804,RUNNING,0.0000,-0.1200,0.5406,0.3581,-74.65,0
TEL,91904,RUNNING,0.0000,-0.0480,0.0752,0.3374,83.93,0
TEL,92004,RUNNING,0.0000,-0.0480,0.3687,0.3378,-12.62,0
TEL,92104,RUNNING,0.0000,-0.0480,0.4578,0.3383,-48.87,0
TEL,92204,RUNNING,0.0000,-0.0480,0.1250,0.3387,87.40,0
TEL,92304,RUNNING,0.0000,-0.0480,0.4581,0.3392,-48.60,0
TEL,92404,RUNNING,0.0000,-0.0192,0.4151,-0.1711,-200.00,0
TEL,92504,RUNNING,0.0000,-0.0077,0.0216,0.3275,125.09,0
TEL,92604,RUNNING,0.0000,-0.0077,0.5636,0.3276,-96.53,0
TEL,92704,RUNNING,0.0000,-0.0077,0.2415,0.3277,35.24,0
TEL,92804,RUNNING,0.0000,-0.0012,0.2363,0.2936,23.45,0
TEL,92904,RUNNING,0.0000,-0.0005,0.4631,0.3127,-61.49,0
TEL,93004,RUNNING,0.0000,-0.0005,0.2631,0.3256,25.55,0
TEL,93104,RUNNING,0.0000,-0.0005,0.2058,0.3256,48.95,0
TEL,93204,RUNNING,0.0000,-0.0005,0.5495,0.3256,-91.58,0
TEL,93304,RUNNING,0.0000,-0.0005,0.2372,0.3256,36.15,0
TEL,93404,RUNNING,0.0000,-0.0005,0.2867,0.3256,0.00,0
TEL,93504,RUNNING,0.0000,-0.0002,0.4138,0.3255,-36.11,0
TEL,93604,RUNNING,0.0000,-0.0002,0.2972,0.3255,11.58,0
TEL,93704,RUNNING,0.0000,-0.0002,0.2520,0.3255,30.05,0
TEL,93804,RUNNING,0.0000,-0.0002,0.4657,0.3255,-57.33,0
TEL,93904,RUNNING,0.0000,-0.0001,0.2764,0.3234,19.20,0
TEL,94004,RUNNING,0.0000,-0.0001,0.1908,0.3255,55.08,0
TEL,94104,RUNNING,0.0000,-0.0001,0.4644,0.3255,-56.84,0
TEL,94204,RUNNING,0.0000,-0.0000,0.2570,0.3254,28.00,0
TEL,94304,RUNNING,0.0000,-0.0000,0.3030,0.3254,9.18,0
TEL,94404,RUNNING,0.0000,-0.0000,0.4833,0.3254,-64.56,0
TEL,94504,RUNNING,0.0000,-0.0000,0.2197,0.3254,43.23,0
TEL,94604,RUNNING,0.0000,-0.0000,0.2775,0.3254,19.62,0
TEL,94704,RUNNING,0.0000,-0.0000,0.4853,0.3254,0.00,0
TEL,94804,RUNNING,0.0000,-0.0000,0.5203,0.3254,-79.68,0
TEL,94904,RUNNING,0.0000,-0.0000,0.1976,0.3254,52.26,0
TEL,95004,RUNNING,0.0000,-0.0000,0.3378,0.3254,-5.07,0
TEL,95104,RUNNING,0.0000,-0.0000,0.4243,0.3254,-40.43,0
TEL,95204,RUNNING,0.0000,-0.0000,0.1881,0.3254,56.16,0
TEL,95304,RUNNING,0.0000,-0.0000,0.3736,0.3254,-19.69,0
TEL,95404,RUNNING,0.0000,-0.0000,0.4303,0.3254,-42.89,0
TEL,95504,RUNNING,0.0000,-0.0000,0.2120,0.3254,46.40,0
TEL,95604,RUNNING,0.0000,-0.0000,0.3795,0.3254,-22.11,0
TEL,95704,RUNNING,0.0000,-0.0000,0.3846,0.3254,-24.18,0
TEL,95804,RUNNING,0.0000,0.0000,0.1724,0.3254,62.57,0
TEL,95904,RUNNING,0.0000,0.0000,0.3446,0.3254,-7.82,0
TEL,96004,RUNNING,0.0000,0.0000,0.4703,0.3254,-59.22,0
TEL,96104,RUNNING,0.0000,0.0000,0.1802,0.3254,59.40,0
TEL,96204,RUNNING,0.0000,0.0000,0.3440,0.3254,-7.57,0
TEL,96304,RUNNING,0.0000,0.0000,0.4253,0.3254,-40.85,0
TEL,96404,RUNNING,0.0000,0.0000,0.2056,0.3254,49.01,0
TEL,96504,RUNNING,0.0000,0.0000,0.3765,0.3254,-20.89,0
TEL,96604,RUNNING,0.0000,0.0000,0.4308,0.3254,-43.09,0
TEL,96704,RUNNING,0.0000,0.0000,0.2250,0.3254,41.08,0
TEL,96804,RUNNING,0.0000,0.0000,0.3534,0.3254,-11.44,0
TEL,96904,RUNNING,-1.0000,-0.6000,0.7959,0.5099,-116.94,0
TEL,97004,RUNNING,-1.0000,-0.6000,0.4048,0.5157,45.36,0
TEL,97104,RUNNING,-1.0000,-0.6000,0.4458,0.5215,30.97,0
TEL,97204,RUNNING,0.0000,-0.2160,0.4424,0.4105,-40.96,0
TEL,97304,RUNNING,0.0000,-0.2160,0.1609,0.4126,102.90,0
TEL,97404,RUNNING,-0.5000,-0.3864,0.9986,0.4663,-217.68,0
TEL,97504,RUNNING,-0.5000,-0.3864,0.2464,0.4700,91.46,0
TEL,97604,RUNNING,-0.5000,-0.3864,0.4469,0.4738,10.98,0
TEL,97704,RUNNING,-0.5000,-0.3864,0.6793,0.4775,-82.52,0
TEL,97804,RUNNING,-0.5000,-0.3864,0.2731,0.4812,85.13,0
TEL,97904,RUNNING,0.0000,-0.1546,0.5297,-3.0000,-200.00,0
TEL,98004,RUNNING,0.0000,-0.1546,0.3364,0.4143,31.84,0
TEL,98104,RUNNING,0.0000,-0.1546,0.3785,0.4158,15.26,0
TEL,98204,RUNNING,-0.5000,-0.3618,0.7652,0.4803,-116.51,0
TEL,98304,RUNNING,-0.5000,-0.3618,0.3823,0.4838,41.50,0
TEL,98404,RUNNING,-0.5000,-0.3618,0.3972,0.4873,36.85,0
TEL,98504,RUNNING,-0.5000,-0.3618,0.6473,0.4908,-64.01,0
TEL,98604,RUNNING,-0.5000,-0.3618,0.3781,0.4943,47.49,0
TEL,98704,RUNNING,0.0000,-0.1447,0.3233,0.4305,0.00,0
TEL,98804,RUNNING,0.0000,-0.1447,0.3276,0.4319,42.64,0
TEL,98904,RUNNING,0.0000,-0.1447,0.6651,0.4333,-94.79,0
TEL,99004,RUNNING,0.0000,-0.1447,0.3143,0.4347,49.20,0
TEL,99104,RUNNING,0.0000,-0.1447,0.3948,0.4360,16.87,0
TEL,99204,RUNNING,0.0000,-0.1447,0.5518,0.4369,0.00,0
TEL,99304,RUNNING,0.0000,-0.0579,0.2246,0.4114,76.38,0
TEL,99404,RUNNING,0.0000,-0.0579,0.4311,0.4120,-7.83,0
TEL,99504,RUNNING,0.0000,-0.0579,0.5131,0.4125,-41.12,0
TEL,99604,RUNNING,0.0000,-0.0579,0.3383,0.4131,30.59,0
TEL,99704,RUNNING,0.0000,-0.0579,0.4334,0.4137,-8.09,0
TEL,99804,RUNNING,-0.5000,-0.3232,0.7920,0.4957,-121.18,0
TEL,99904,RUNNING,-1.0000,-0.7293,0.5826,0.6222,16.23,0
TEL,100004,RUNNING,-1.0000,-0.7293,0.6298,0.6293,-0.20,0
TEL,100104,RUNNING,-1.0000,-0.7293,0.7312,0.6363,-38.80,0
TEL,100204,RUNNING,-1.0000,-0.7293,0.5506,0.6434,37.93,0
TEL,100304,RUNNING,-1.0000,-0.8917,0.8361,0.6990,-56.10,0
TEL,100404,RUNNING,-1.0000,-0.8917,0.7381,0.7076,-12.49,0
TEL,100504,RUNNING,-1.0000,-0.8917,0.5872,0.7162,52.74,0
TEL,100604,RUNNING,-1.0000,-0.8917,0.8813,0.7248,-64.00,0
OK,telemetry=0
OK,telemetry=1
TEL,103304,RUNNING,-1.0000,-0.9991,0.9225,0.9699,19.39,0
TEL,103404,RUNNING,0.0000,-0.3996,0.7604,0.7918,0.00,0
TEL,103504,RUNNING,0.0000,-0.3996,0.6468,0.7956,60.87,0
TEL,103604,RUNNING,-0.5000,-0.4599,1.0112,1.8674,120.74,0
TEL,103704,RUNNING,-0.5000,-0.4599,0.9423,0.8221,-49.17,0
TEL,103804,RUNNING,-0.5000,-0.4599,0.6279,0.8265,81.24,0
TEL,103904,RUNNING,-0.5000,-0.4599,0.9997,0.8310,-69.02,0
TEL,104004,RUNNING,-0.5000,-0.4599,0.8112,0.8354,9.88,0
TEL,104104,RUNNING,-0.5000,-0.4599,0.7304,0.8390,0.00,0
TEL,104204,RUNNING,0.0000,-0.1839,0.7085,0.7577,20.12,0
TEL,104304,RUNNING,0.0000,-0.1839,0.6867,0.7595,29.74,0
TEL,104404,RUNNING,0.0000,-0.1839,0.8870,0.7612,-51.44,0
TEL,104504,RUNNING,0.0000,-0.0736,0.5158,0.7293,87.30,0
TEL,104604,RUNNING,0.0000,-0.0736,0.6448,0.7300,34.85,0
TEL,104704,RUNNING,-0.5000,-0.3294,1.3848,0.8092,-235.37,0
TEL,104804,RUNNING,-0.5000,-0.3294,0.4851,0.8124,133.87,0
TEL,104904,RUNNING,-1.0000,-0.7318,0.9600,0.9363,90.73,0
TEL,105004,RUNNING,-1.0000,-0.7318,1.2718,0.9434,-134.29,0
TEL,105104,RUNNING,-1.0000,-0.7318,0.5119,0.9505,179.33,0
TEL,105204,RUNNING,-1.0000,-0.8927,1.5020,1.0050,-128.39,0
TEL,105304,RUNNING,-1.0000,-0.8927,0.9813,1.0136,13.22,0
TEL,105404,RUNNING,-1.0000,-0.9571,0.7865,2.1638,342.72,0
TEL,105504,RUNNING,-1.0000,-0.9571,1.6922,1.0509,-262.27,0
TEL,105604,RUNNING,-1.0000,-0.9571,0.5477,1.0601,209.55,0
TEL,105704,RUNNING,-0.5000,-0.6931,1.5204,-3.0000,-309.56,0
TEL,105804,RUNNING,-0.5000,-0.6931,0.7445,0.9967,103.11,0
TEL,105904,RUNNING,-0.5000,-0.6931,1.0111,1.0033,-3.17,0
TEL,106004,RUNNING,-0.5000,-0.6931,1.1680,1.0100,-64.60,0
TEL,106104,RUNNING,-0.5000,-0.6931,0.8140,1.0167,82.92,0
TEL,106204,RUNNING,-0.5000,-0.6931,1.1135,1.0221,0.00,0
TEL,106304,RUNNING,0.0000,-0.2773,0.8065,0.9001,38.30,0
TEL,106404,RUNNING,0.0000,-0.2773,0.8412,0.9028,25.20,0
TEL,106504,RUNNING,0.0000,-0.2773,1.0656,0.9055,-65.47,0
TEL,106604,RUNNING,0.0000,-0.2773,0.8140,0.9081,38.48,0
TEL,106704,RUNNING,0.0000,-0.2773,0.8771,0.9108,13.80,0
TEL,106804,RUNNING,0.0000,-0.1109,1.0916,-2.0385,-200.00,0
TEL,106904,RUNNING,0.0000,-0.1109,0.7131,0.8622,60.97,0
TEL,107004,RUNNING,0.0000,-0.1109,0.8722,0.8633,-3.65,0
TEL,107104,RUNNING,0.0000,-0.1109,0.9528,0.8644,-36.17,0
TEL,107204,RUNNING,0.0000,-0.1109,0.7514,0.8655,46.63,0
TEL,107304,RUNNING,0.0000,-0.1109,0.8806,0.8663,0.00,0
TEL,107404,RUNNING,0.0000,-0.0444,0.8517,0.8467,-2.03,0
TEL,107504,RUNNING,0.0000,-0.0444,0.6857,0.8471,66.00,0
TEL,107604,RUNNING,0.0000,-0.0444,0.9600,0.8476,-45.97,0
TEL,107704,RUNNING,0.0000,-0.0444,0.7963,0.8480,21.14,0
TEL,107804,RUNNING,0.0000,-0.0444,0.7900,0.8484,23.90,0
TEL,107904,RUNNING,0.0000,-0.0444,0.9307,0.8485,0.00,0
TEL,108004,RUNNING,0.0000,-0.0177,0.6944,0.8407,59.85,0
TEL,108104,RUNNING,0.0000,-0.0177,0.8427,0.8409,-0.75,0
TEL,108204,RUNNING,-0.5000,-0.3071,1.2558,0.9300,-133.25,0
TEL,108304,RUNNING,-0.5000,-0.3071,0.7344,0.9329,81.19,0
TEL,108404,RUNNING,-0.5000,-0.3071,0.9555,0.9359,-8.02,0
TEL,108504,RUNNING,-0.5000,-0.3071,1.0399,0.9389,-41.33,0
TEL,108604,RUNNING,-0.5000,-0.3071,0.8392,0.9418,41.98,0
TEL,108704,RUNNING,0.0000,-0.0491,0.6800,-0.4194,-141.98,0
TEL,108804,RUNNING,0.0000,-0.0491,0.6907,0.8658,71.59,0
TEL,108904,RUNNING,0.0000,-0.0491,1.0936,0.8663,-92.97,0
TEL,109004,RUNNING,0.0000,-0.0491,0.7063,0.8667,65.59,0
TEL,109104,RUNNING,0.0000,-0.0491,0.8711,0.8672,-1.58,0
TEL,109204,RUNNING,0.0000,-0.0491,0.9397,0.8676,0.00,0
TEL,109304,RUNNING,0.0000,-0.0079,0.7204,0.6498,-28.88,0
TEL,109404,RUNNING,0.0000,-0.0031,0.6868,0.7718,34.74,0
TEL,109504,RUNNING,0.0000,-0.0031,1.0596,0.8540,-84.09,0
TEL,109604,RUNNING,0.0000,-0.0031,0.7289,0.8540,51.16,0
TEL,109704,RUNNING,0.0000,-0.0031,0.8147,0.8541,16.10,0
TEL,109804,RUNNING,0.0000,-0.0031,1.0548,0.8541,-82.06,0
TEL,109904,RUNNING,0.0000,-0.0031,0.6814,0.8541,0.00,0
TEL,110004,RUNNING,0.0000,-0.0031,0.6263,0.8541,0.00,0
TEL,110104,RUNNING,0.0000,-0.0013,0.6171,0.8536,96.70,0
TEL,110204,RUNNING,0.0000,-0.0013,0.9979,0.8536,-59.03,0
TEL,110304,RUNNING,0.0000,-0.0005,0.8648,0.8534,-4.68,0
TEL,110404,RUNNING,0.0000,-0.0005,0.6879,0.8534,67.64,0
TEL,110504,RUNNING,0.0000,-0.0005,0.9604,0.8534,-43.75,0
TEL,110604,RUNNING,0.0000,-0.0005,0.8148,0.8534,15.76,0
TEL,110704,RUNNING,0.0000,-0.0005,0.7577,0.8534,39.13,0
TEL,110804,RUNNING,0.0000,-0.0005,0.9317,0.8534,0.00,0
TEL,110904,RUNNING,0.0000,-0.0002,0.9609,0.8533,-44.01,0
TEL,111004,RUNNING,0.0000,-0.0002,0.7964,0.8533,23.24,0
TEL,111104,RUNNING,0.0000,-0.0002,0.7900,0.8533,25.88,0
TEL,111204,RUNNING,0.0000,-0.0002,0.9948,0.8533,-57.88,0
TEL,111304,RUNNING,0.0000,-0.0002,0.8426,0.8533,4.38,0
TEL,111404,RUNNING,0.0000,-0.0002,0.7914,0.8533,0.00,0
TEL,111504,RUNNING,0.0000,-0.0001,0.8906,0.8533,-15.26,0
TEL,111604,RUNNING,0.0000,-0.0001,0.9276,0.8533,-30.41,0
TEL,111704,RUNNING,-0.5000,-0.3000,0.9712,0.9455,-10.52,0
TEL,111804,RUNNING,-0.5000,-0.3000,1.0407,0.9484,-37.74,0
TEL,111904,RUNNING,-0.5000,-0.3000,0.9124,0.9513,15.89,0
TEL,112004,RUNNING,-0.5000,-0.3000,0.9294,0.9542,10.15,0
TEL,112104,RUNNING,-0.5000,-0.3000,1.0182,0.9571,-25.02,0
TEL,112204,RUNNING,-0.5000,-0.3000,1.0486,0.9571,0.00,0
OK,telemetry=0
OK,stopped
OK,stopped
