BALL_BEAM_REF_BOOT
HOST_START_READY
REF_CFG,profile=center_far_near_90s,center_cm=13.0000,near_cm=9.0000,far_cm=17.0000,segment_ms=30000
REF,3168,13.0000,hold_center
TEL,3171,7.9816,8.1818,4.8182,0.0000,0,0.000000
TEL,3271,8.1783,8.1785,4.8215,-96.0000,0,0.000000
TEL,3371,8.2563,8.1889,4.8111,-168.3857,70,0.137445
TEL,3471,7.2139,8.1889,4.8111,-168.3857,133,0.261145
TEL,3571,8.1938,8.1707,4.8285,-171.4857,166,0.325940
TEL,3671,8.2563,8.1772,4.8293,-173.4970,173,0.339685
TEL,3771,6.5213,8.1782,4.8228,-175.2244,175,0.343612
TEL,3871,7.9083,8.1339,4.8524,-179.3728,179,0.351466
TEL,3971,8.2879,8.1491,4.8653,-181.7925,182,0.357356
TEL,4071,8.3358,8.1703,4.8402,-182.6471,183,0.359320
TEL,4171,7.6000,8.1358,4.8642,-187.4884,185,0.363247
TEL,4271,8.1474,8.1302,4.8698,-189.6884,189,0.371101
TEL,4371,8.3198,8.1587,4.8413,-190.4505,190,0.373064
TEL,4471,8.3198,8.1795,4.8205,-191.6308,192,0.376991
TEL,4571,7.9964,8.1372,4.8628,-195.7534,194,0.380918
TEL,4671,8.2563,8.1509,4.8491,-197.1824,197,0.386809
TEL,4771,8.3198,8.1837,4.8163,-197.9618,198,0.388772
TEL,4871,7.3766,8.1934,4.8163,-197.9618,198,0.388772
TEL,4971,8.2406,8.1581,4.8419,-202.2492,202,0.396626
TEL,5071,8.4166,8.1876,4.8419,-204.1163,204,0.400553
TEL,5171,7.4540,8.2104,4.8124,-204.6809,205,0.402517
TEL,5271,8.1938,8.1702,4.8322,-208.9327,209,0.410371
TEL,5371,8.8259,8.3085,4.7974,-208.7614,209,0.410371
TEL,5471,9.1388,8.4421,4.6915,-205.5751,206,0.404480
TEL,5571,8.2406,8.4973,4.4522,-196.7548,198,0.388772
TEL,5671,9.3128,8.6786,4.4418,-197.9146,198,0.388772
TEL,5771,9.8302,9.1778,4.1856,-188.3370,188,0.369137
TEL,5871,7.6956,8.9504,3.6228,-163.8655,164,0.322013
TEL,5971,10.1901,9.2792,4.4623,-211.2243,202,0.396626
TEL,6071,10.9614,10.1922,3.2593,-152.8858,170,0.333794
TEL,6171,11.8177,11.2410,2.4190,-113.8501,116,0.227765
TEL,6272,10.1901,11.0911,1.7590,-54.7324,72,0.141372
TEL,6372,12.9503,12.1204,1.6556,-49.3866,49,0.096211
TEL,6472,13.7961,13.0185,0.4299,-7.7685,14,0.027489
TEL,6572,10.3553,12.5735,-0.4149,33.9196,-27,-0.053014
TEL,6672,14.2584,13.1866,0.3648,2.9599,-5,-0.009817
TEL,6772,15.5752,14.8875,-0.7999,59.7408,-45,-0.088357
TEL,6872,12.1635,13.8966,-1.8875,96.0000,-96,-0.188496
TEL,6972,14.7042,14.0234,-1.9259,96.0000,-96,-0.188496
TEL,7072,15.9936,15.3482,-1.7729,96.0000,-96,-0.188496
TEL,7172,16.4333,16.1386,-2.7441,145.4654,-134,-0.263108
TEL,7272,11.9102,15.1198,-3.2744,141.4668,-141,-0.276853
TEL,7372,15.0799,14.7249,-1.2636,77.4668,-97,-0.190459
TEL,7472,15.2254,14.9717,-1.8711,59.4842,-59,-0.115846
TEL,7572,14.8899,14.9774,-1.9988,59.7988,-60,-0.117810
TEL,7672,12.0356,14.3985,-1.9774,55.0233,-55,-0.107992
TEL,7772,13.0969,13.6194,-1.0094,10.2043,-18,-0.035343
TEL,7872,12.3934,13.0730,-0.3567,-14.5721,14,0.027489
TEL,7972,9.8520,10.7388,0.2325,-37.4416,37,0.072649
TEL,8072,10.1901,10.3794,2.5082,-107.9699,80,0.157080
TEL,8172,9.5547,10.0177,2.6913,-110.0455,110,0.215984
TEL,8272,8.8977,9.5579,2.9823,-119.4947,119,0.233656
TEL,8372,7.5865,9.0165,3.9835,-154.4729,121,0.237583
TEL,8472,8.2879,8.5096,4.4904,-170.2150,156,0.306305
TEL,8572,9.1009,8.7090,4.2910,-157.0377,168,0.329867
TEL,8672,7.3007,8.8475,4.2910,-157.0377,157,0.308269
TEL,8772,9.9847,9.1639,4.1764,-152.9119,153,0.300415
TEL,8872,10.7780,9.8486,3.8361,-134.5291,135,0.265072
TEL,8972,11.9413,11.1720,2.7204,-83.1663,86,0.168861
TEL,9072,11.6965,10.9054,1.8280,-19.1663,31,0.060868
TEL,9172,13.4381,12.8018,2.0946,-37.8333,37,0.072649
TEL,9272,14.2152,13.5748,0.1982,26.1667,-18,-0.035343
TEL,9372,14.3455,13.6300,-0.9482,85.3548,-82,-0.161007
TEL,9472,15.0320,14.3482,-0.6300,88.5549,-89,-0.174751
TEL,9572,16.1559,15.6196,-1.8105,96.0000,-96,-0.188496
TEL,9672,16.7197,16.2094,-2.6196,123.1985,-123,-0.241510
TEL,9772,17.0154,16.6363,-3.3917,132.3578,-132,-0.259181
TEL,9872,17.0154,16.7937,-3.6363,129.3577,-129,-0.253291
TEL,9972,16.6040,16.7694,-3.7905,120.9190,-121,-0.237583
TEL,10072,16.3213,16.6499,-3.7694,110.6313,-111,-0.217948
TEL,10172,15.7297,16.3219,-3.6499,99.5885,-100,-0.196350
TEL,10272,15.0320,15.8569,-3.3219,82.7622,-83,-0.162970
TEL,10372,13.9610,14.7926,-2.5411,49.6238,-50,-0.098175
TEL,10472,13.3608,14.0343,-1.7926,13.8664,-14,-0.027489
TEL,10572,12.0673,12.7938,-1.0343,-14.1541,14,0.027489
TEL,10672,11.2617,11.9605,0.2062,-53.4058,53,0.104065
TEL,10772,10.0978,10.7743,1.4489,-89.8667,90,0.176715
TEL,10872,9.4122,10.0609,2.2257,-113.1747,113,0.221875
TEL,10972,8.3198,8.9984,3.3011,-150.6628,151,0.296488
TEL,11072,8.1783,8.5185,4.0016,-174.8177,175,0.343612
TEL,11172,8.9523,8.6172,4.5114,-182.0449,182,0.357356
TEL,11272,9.5341,8.9035,4.3828,-166.7223,167,0.327904
TEL,11372,10.2603,9.4795,4.0965,-148.5111,149,0.292561
TEL,11472,9.6170,9.6397,3.5205,-120.2049,120,0.235619
TEL,11572,11.7872,10.8038,3.3603,-117.3714,117,0.229729
TEL,11672,12.8068,11.9086,2.1962,-63.7224,68,0.133518
TEL,11772,9.5547,10.8144,2.0630,-94.8199,95,0.186532
TEL,11872,13.9194,12.9189,2.1856,-137.8159,137,0.268999
TEL,11972,15.8343,14.8856,0.0811,-73.8159,82,0.161007
TEL,12072,16.6040,16.0950,-1.8856,-9.8159,14,0.027489
TEL,12172,16.0473,14.9941,-1.5360,-1.3355,1,0.001963
TEL,12272,17.5729,16.7920,-1.9941,55.8040,-51,-0.100138
TEL,12372,17.9637,17.7234,-4.3651,134.1140,-126,-0.247400
TEL,12472,12.2610,16.3756,-4.7234,139.9559,-140,-0.274889
TEL,12572,17.1976,16.9253,-3.3756,43.9559,-75,-0.147262
TEL,12672,17.1364,17.0134,-3.9253,69.4861,-56,-0.109956
TEL,12772,16.5468,16.8710,-3.9883,77.0000,-77,-0.151189
TEL,12872,14.3895,15.2197,-3.8710,76.6344,-77,-0.151189
TEL,12972,14.6130,14.4767,-2.2197,16.5886,-23,-0.045160
TEL,13072,14.0448,14.3446,-1.4767,10.2227,-10,-0.019635
TEL,13172,11.4033,12.3843,-1.1870,2.5935,-3,-0.005890
TEL,13272,11.5189,11.8873,0.6157,-61.4065,53,0.104065
TEL,13372,10.5256,11.1616,1.3331,-83.0516,83,0.162970
TEL,13472,9.8520,10.5616,1.8384,-93.9958,94,0.184569
TEL,13572,8.4494,9.2742,3.1647,-142.8345,118,0.231692
TEL,13672,8.0113,8.5225,4.1589,-180.4983,164,0.322013
TEL,13772,8.5998,8.4036,4.6570,-186.5991,187,0.367174
TEL,13872,6.9417,8.4036,4.6570,-186.5991,187,0.367174
TEL,13972,9.8959,8.9411,4.5261,-170.1030,170,0.333794
TEL,14072,10.7011,9.7458,4.0589,-142.4703,142,0.278816
TEL,14172,9.4323,10.2249,2.7780,-82.8217,90,0.176715
TEL,14272,11.8792,11.0855,2.7751,-103.4287,103,0.202240
TEL,14372,13.7961,12.9468,1.3350,-39.4287,48,0.094248
TEL,14472,14.7965,14.0787,0.0532,24.5713,-20,-0.039270
TEL,14572,13.2465,13.0989,-1.5438,88.5713,-86,-0.168861
TEL,14672,15.9401,14.8533,-0.0989,50.4892,-50,-0.098175
TEL,14772,17.1976,16.5831,-2.5470,120.2484,-107,-0.210094
TEL,14872,12.4269,13.7037,-3.5831,147.7722,-148,-0.290597
TEL,14972,16.9555,15.7623,-0.7549,83.7722,-93,-0.182605
TEL,15072,17.8316,17.2466,-2.7623,143.3228,-119,-0.233656
TEL,15172,18.0975,17.8373,-4.6163,160.0000,-160,-0.314159
TEL,15272,14.9370,15.5446,-4.8373,160.0000,-160,-0.314159
TEL,15372,17.0154,16.5016,-2.9011,124.5568,-125,-0.245437
TEL,15472,16.9555,16.7552,-3.5016,135.3575,-135,-0.265072
TEL,15572,10.5256,13.5772,-3.7552,130.3565,-130,-0.255254
TEL,15672,14.4337,14.1839,-0.5772,66.3565,-74,-0.145299
TEL,15772,13.6748,14.1941,-1.1839,2.3565,-7,-0.013744
TEL,15872,13.0232,13.7307,-1.1941,-10.8074,11,0.021598
TEL,15972,10.9614,11.1783,0.5529,-74.8074,66,0.129591
TEL,16072,10.4277,10.8393,1.8217,-96.0000,96,0.188496
TEL,16172,9.3524,10.0506,2.3881,-123.8150,124,0.243473
TEL,16272,6.6455,9.4063,2.9494,-140.1685,140,0.274889
TEL,16372,8.1474,8.2415,4.3120,-186.6475,185,0.363247
TEL,16472,8.7904,8.4169,4.7585,-192.2675,192,0.376991
TEL,16572,7.9083,8.5364,4.5831,-173.7583,174,0.341648
TEL,16672,9.6379,8.7727,4.4636,-171.2435,171,0.335758
TEL,16772,11.4608,10.4489,4.2273,-152.1986,152,0.298451
TEL,16872,12.3934,11.6238,2.5511,-73.3831,91,0.178678
TEL,16972,11.7568,11.4080,1.3762,-9.3830,15,0.029452
TEL,17072,14.1295,13.0171,1.5920,6.5558,-7,-0.013744
TEL,17172,15.6779,14.5717,-0.0171,70.5558,-63,-0.123700
TEL,17272,16.6617,15.9907,-1.5717,96.0000,-96,-0.188496
TEL,17372,16.5468,15.7819,-0.8793,32.0000,-41,-0.080503
TEL,17472,17.5093,16.8158,-2.7819,81.6258,-67,-0.131554
TEL,17572,18.0304,17.7339,-4.2831,133.4512,-131,-0.257218
TEL,17672,15.4737,15.6863,-4.7339,142.3379,-142,-0.278816
TEL,17772,17.3210,16.7988,-2.9865,105.0672,-105,-0.206167
TEL,17872,17.3833,17.1375,-3.7988,128.5467,-129,-0.253291
TEL,17972,10.7780,15.9809,-4.1538,127.0896,-127,-0.249364
TEL,18072,15.2254,15.3259,-2.9809,39.8587,-64,-0.125664
TEL,18172,14.8899,15.1769,-2.2790,30.0534,-30,-0.058905
TEL,18272,14.0870,14.8764,-2.1769,31.3785,-31,-0.060868
TEL,18372,12.0673,12.4627,-0.7406,-32.6215,24,0.047124
TEL,18472,11.6965,12.1528,0.5373,-83.7523,83,0.162970
TEL,18572,10.4764,11.2286,1.1233,-91.3759,91,0.178678
TEL,18672,9.7225,10.4561,1.7714,-96.0000,96,0.188496
TEL,18772,8.5491,9.2724,2.9485,-142.2245,141,0.276853
TEL,18872,8.0713,8.6000,3.7276,-169.4342,169,0.331831
TEL,18972,8.8797,8.6433,4.4000,-189.3958,189,0.371101
TEL,19072,9.7225,8.9912,4.3567,-174.6126,175,0.343612
TEL,19172,10.8038,9.9189,3.7592,-140.4038,140,0.274889
TEL,19272,11.5775,10.7516,3.0811,-103.7171,104,0.204204
TEL,19372,12.9142,12.0839,1.8099,-39.7171,49,0.096211
TEL,19472,13.7150,12.9545,0.9161,17.8725,-15,-0.029452
TEL,19572,14.7502,14.0652,0.0455,48.9739,-49,-0.096211
TEL,19672,15.4737,14.7683,-1.0652,80.0063,-80,-0.157080
TEL,19772,16.3213,15.7109,-2.0633,95.3914,-95,-0.186532
TEL,19872,16.7781,16.2359,-2.7109,110.9798,-111,-0.217948
TEL,19972,17.0757,16.7359,-3.2359,121.2810,-121,-0.237583
TEL,20072,17.3833,17.0072,-3.7359,126.3612,-126,-0.247400
TEL,20172,17.3210,17.1441,-4.0072,127.6796,-128,-0.251327
TEL,20272,17.0757,17.1587,-4.1441,123.6677,-124,-0.243473
TEL,20372,10.8821,16.4190,-4.1471,116.3339,-116,-0.227765
TEL,20472,15.5243,16.0024,-3.4190,62.2491,-65,-0.127627
TEL,20572,15.4737,15.6926,-2.8644,48.6856,-49,-0.096211
TEL,20672,15.0320,15.4953,-2.6926,47.3412,-47,-0.092284
TEL,20772,13.1713,13.2857,-1.4533,-16.6588,8,0.015708
TEL,20872,13.0599,13.2357,-0.2857,-46.0763,46,0.090321
TEL,20972,12.1635,12.8276,-0.1461,-38.7822,39,0.076576
TEL,21072,8.2879,10.5246,0.1724,-43.6573,44,0.086394
TEL,21172,10.1208,10.2286,2.6896,-116.4835,102,0.200277
TEL,21272,9.6590,10.0430,2.7714,-113.5287,114,0.223838
TEL,21372,7.4933,9.7190,2.9570,-117.7501,118,0.231692
TEL,21472,7.8077,9.2674,3.7326,-144.0158,128,0.251327
TEL,21572,8.4003,8.5179,4.4256,-171.4573,155,0.304342
TEL,21672,8.7552,8.5967,4.4474,-165.0877,165,0.323977
TEL,21772,8.4659,8.4646,4.5358,-171.6414,171,0.335758
TEL,21872,9.8520,8.8783,4.1217,-146.0337,162,0.318086
TEL,21972,10.8821,10.0519,3.3621,-108.2607,135,0.265072
TEL,22072,11.5775,10.3225,2.6775,-64.2855,98,0.192423
TEL,22172,11.9726,10.9272,2.7458,-59.9958,60,0.117810
TEL,22272,13.0599,12.2654,0.7346,4.0042,50,0.098175
TEL,22372,14.2584,13.7233,-0.3648,68.0042,-18,-0.035343
TEL,22472,12.0356,13.0753,-0.0753,31.0437,-63,-0.123700
TEL,22572,15.4737,14.5223,-0.9527,68.2470,-40,-0.078540
TEL,22672,16.1559,15.5018,-2.5018,106.5153,-78,-0.153153
TEL,22772,11.0418,14.4194,-3.0940,120.3380,-117,-0.229729
TEL,22872,15.6779,14.9733,-1.9733,96.0000,-110,-0.215984
TEL,22972,17.0154,16.3886,-2.9904,129.6112,-107,-0.210094
TEL,23072,16.7781,16.6403,-3.6403,131.4309,-131,-0.257218
TEL,23172,15.2745,15.1888,-2.1328,64.7671,-120,-0.235619
TEL,23272,15.7297,15.4412,-2.4412,72.8704,-65,-0.127627
TEL,23372,15.3735,15.4567,-2.4739,69.5758,-70,-0.137445
TEL,23472,9.9847,14.6518,-1.6518,9.3016,-60,-0.117810
TEL,23572,13.6348,13.9283,-1.0464,2.0535,-2,-0.003927
TEL,23672,12.4269,13.4687,-0.8022,-3.5186,4,0.007854
TEL,23772,9.1961,11.9355,-0.0300,-27.3562,15,0.029452
TEL,23872,11.3747,11.2080,1.9407,-91.3562,38,0.074613
TEL,23972,10.1208,10.6027,2.1999,-110.0529,103,0.202240
TEL,24072,9.5754,10.1709,2.8291,-128.6935,120,0.235619
TEL,24172,7.7234,9.2501,3.7499,-161.1673,131,0.257218
TEL,24272,7.8938,8.3885,4.6115,-191.1971,163,0.320050
TEL,24372,8.4990,8.3666,4.6733,-182.5177,189,0.371101
TEL,24472,7.6681,8.3199,4.6801,-181.5282,182,0.357356
TEL,24572,9.6801,8.7349,4.2651,-153.9607,180,0.353429
TEL,24672,10.5752,9.5538,3.4462,-110.9191,152,0.298451
TEL,24772,11.6665,10.9707,2.0293,-51.6205,110,0.215984
TEL,24872,10.2368,10.4834,2.5166,-79.6112,54,0.106029
TEL,24972,13.3993,12.2520,0.7480,-15.6112,78,0.153153
TEL,25072,14.3895,13.5960,-0.5960,48.3888,16,0.031416
TEL,25172,10.5256,11.8800,1.1200,-15.6112,-47,-0.092284
TEL,25272,15.6264,14.3900,-1.3900,48.3888,10,0.019635
TEL,25372,16.9555,16.3933,-3.3933,135.8770,-30,-0.058905
TEL,25472,11.8792,14.9624,-1.9624,71.8770,-120,-0.235619
TEL,25572,16.3771,14.9205,-1.9205,53.6606,-110,-0.215984
TEL,25672,17.5729,16.6357,-3.6357,126.7443,-55,-0.107992
TEL,25772,17.9637,17.6383,-4.6383,147.5770,-120,-0.235619
TEL,25872,11.6965,16.0486,-3.0486,51.5770,-146,-0.286670
TEL,25972,16.8368,16.6637,-3.6637,55.6315,-70,-0.137445
TEL,26072,17.1364,16.8769,-3.8769,73.6758,-58,-0.113883
TEL,26172,12.7714,14.9720,-1.9720,9.6758,-72,-0.141372
TEL,26272,14.3895,14.9250,-1.9250,-28.3970,-10,-0.019635
TEL,26372,14.6585,14.8327,-1.8327,-11.7368,26,0.051051
TEL,26472,14.0448,14.6107,-1.6107,-7.9082,10,0.019635
TEL,26572,12.9503,13.1484,-0.3060,-71.9082,10,0.019635
TEL,26672,12.0040,12.6578,0.3422,-87.3479,71,0.139408
TEL,26772,10.9614,11.7057,1.2943,-96.0000,89,0.174751
TEL,26872,8.1168,10.2786,2.7214,-161.4401,98,0.192423
TEL,26972,9.0821,9.4179,3.5821,-179.3144,116,0.227765
TEL,27072,8.6682,9.0766,3.9234,-180.2777,180,0.353429
TEL,27172,8.1016,8.5016,4.4984,-191.4117,182,0.357356
TEL,27272,7.6000,8.2646,4.7354,-192.2887,192,0.376991
TEL,27372,9.1009,8.5616,4.4384,-168.3518,190,0.373064
TEL,27472,9.7653,9.0188,3.9812,-141.6212,166,0.325940
TEL,27572,10.7266,9.9672,3.0328,-98.3967,140,0.274889
TEL,27672,11.4033,10.6724,2.3276,-64.9157,96,0.188496
TEL,27772,12.8424,11.8926,1.6049,-4.0486,63,0.123700
TEL,27872,13.6348,12.8482,0.1518,44.1794,4,0.007854
TEL,27972,14.7042,14.0581,-0.6867,70.6413,-46,-0.090321
TEL,28072,15.2745,14.6471,-1.6471,93.8205,-73,-0.143335
TEL,28172,15.8343,15.3492,-2.3492,98.4499,-96,-0.188496
TEL,28272,16.3771,15.7956,-2.7956,107.0478,-100,-0.196350
TEL,28372,16.7781,16.3407,-3.3407,115.6789,-109,-0.214021
TEL,28472,16.8368,16.5727,-3.5727,114.8793,-115,-0.225802
TEL,28572,16.8368,16.7041,-3.7041,111.0019,-113,-0.221875
TEL,28672,16.6617,16.6837,-3.6837,104.0405,-109,-0.214021
TEL,28772,16.1559,16.5500,-3.5500,93.8511,-102,-0.200277
TEL,28872,15.7297,16.3382,-3.3382,81.4361,-92,-0.180642
TEL,28972,14.9370,15.7810,-2.7810,57.3721,-79,-0.155116
TEL,29072,14.3018,15.1551,-2.1551,30.4714,-55,-0.107992
TEL,29172,13.2088,13.9997,-0.9997,-14.3334,-28,-0.054978
TEL,29272,9.9624,12.3059,0.6941,-78.3334,16,0.031416
TEL,29372,10.8821,11.1269,1.8731,-96.0000,78,0.153153
TEL,29472,10.3553,10.7652,2.2348,-115.5970,98,0.192423
TEL,29572,9.4932,10.1168,2.8832,-133.9704,118,0.231692
TEL,29672,7.8219,9.4671,3.5329,-156.2331,135,0.265072
TEL,29772,7.9375,8.3277,4.6723,-191.9521,158,0.310232
TEL,29872,8.4166,8.3077,4.6923,-181.9402,190,0.373064
TEL,29972,7.1772,8.4531,4.6923,-181.9402,182,0.357356
TEL,30072,9.2347,8.6283,4.5176,-167.3722,167,0.327904
TEL,30172,10.5009,9.5717,4.1546,-145.9875,146,0.286670
TEL,30272,11.2060,10.4225,3.0007,-92.1518,106,0.208131
TEL,30372,11.5775,10.4170,2.9769,-108.8639,109,0.214021
TEL,30472,12.7714,11.6927,1.9885,-44.8639,67,0.131554
TEL,30572,14.2584,13.4818,0.6369,19.1361,-4,-0.007854
TEL,30672,10.1208,12.4685,-0.4818,73.8099,-68,-0.133518
TEL,30772,15.2254,14.2742,0.0037,70.2417,-70,-0.137445
TEL,30872,16.2107,15.4651,-1.9059,96.0000,-96,-0.188496
TEL,30972,12.4606,14.8779,-2.8665,136.0806,-132,-0.259181
TEL,31072,15.6264,15.7583,-1.8779,72.0806,-93,-0.182605
TEL,31172,17.0154,16.6204,-3.1923,89.3941,-87,-0.170824
TEL,31272,17.2591,16.8902,-3.7557,105.0769,-105,-0.206167
TEL,31372,14.7502,15.2658,-3.9672,109.1991,-109,-0.214021
TEL,31472,16.1559,15.6349,-2.3912,72.7576,-76,-0.149226
TEL,31572,16.2658,16.1275,-2.9138,92.8669,-93,-0.182605
TEL,31672,12.3600,15.1163,-3.1275,93.7474,-94,-0.184569
TEL,31772,14.0448,13.8110,-0.2512,29.7474,-50,-0.098175
TEL,31872,13.9610,13.8997,-0.8767,-31.1525,18,0.035343
TEL,31972,12.9503,13.6110,-0.8588,-18.7150,19,0.037306
TEL,32072,10.4520,12.6301,-0.6110,-21.3407,21,0.041233
TEL,32172,11.0418,11.4354,0.9147,-74.9106,62,0.121737
TEL,32272,10.2839,10.8797,1.8409,-95.8278,97,0.190459
TEL,32372,7.0694,10.2717,2.4159,-115.3606,115,0.225802
TEL,32472,8.2721,9.0654,3.4098,-150.6161,148,0.290597
TEL,32572,8.1321,8.3463,4.2936,-182.3007,180,0.353429
TEL,32672,8.6510,8.4215,4.6432,-183.4760,183,0.359320
TEL,32772,8.8797,8.5965,4.4751,-167.1269,169,0.331831
TEL,32872,9.7869,8.9564,4.2620,-152.9756,153,0.300415
TEL,32972,10.8559,10.0068,3.7408,-125.4503,125,0.245437
TEL,33072,8.5659,9.7642,2.5879,-74.6635,86,0.168861
REF,33165,17.0000,hold_far
TEL,33172,12.2939,11.1303,5.8697,-172.4177,90,0.176715
TEL,33272,13.2844,12.4777,4.5223,-122.2912,161,0.316123
TEL,33372,11.3179,12.6143,4.3857,-148.5004,140,0.274889
TEL,33472,13.9194,12.7134,4.2866,-124.5149,143,0.280780
TEL,33572,16.3213,15.5232,1.4768,-28.5149,125,0.245437
TEL,33672,17.1364,16.4931,0.5069,22.1258,53,0.104065
TEL,33772,14.2152,14.5613,2.4387,-72.7304,-20,-0.039270
TEL,33872,18.0975,16.7719,0.2281,23.2696,43,0.084430
TEL,33972,14.0870,16.2655,0.7345,-25.9683,57,0.111919
TEL,34072,18.2332,17.6697,-0.6697,39.2682,24,0.047124
TEL,34172,16.3771,16.4702,0.5298,-12.4213,-36,-0.070686
TEL,34272,17.1976,16.7724,0.2276,0.1700,7,0.013744
TEL,34372,16.9555,16.8906,0.1094,2.3564,-2,-0.003927
TEL,34472,13.7150,15.0528,1.9472,-88.0912,0,0.000000
TEL,34572,15.3735,15.1828,1.8172,-77.7629,74,0.145299
TEL,34672,15.3735,15.2649,1.7351,-72.5098,76,0.149226
TEL,34772,11.8792,13.6508,3.3492,-151.4043,75,0.147262
TEL,34872,13.3225,13.2966,3.7034,-157.9116,144,0.282743
TEL,34972,13.2088,13.2759,3.7241,-154.4036,156,0.306305
TEL,35072,12.8424,13.1569,3.8431,-156.8084,155,0.304342
TEL,35172,11.4033,11.7121,5.2879,-213.1222,159,0.312196
TEL,35272,11.6965,11.6897,5.3103,-210.7073,212,0.416261
TEL,35372,11.5482,11.6615,5.3385,-209.9260,210,0.412334
TEL,35472,8.1016,10.5676,6.4324,-224.0000,212,0.416261
TEL,35572,11.0689,10.8673,6.1327,-224.0000,224,0.439823
TEL,35672,11.2617,11.0151,5.9849,-224.0000,224,0.439823
TEL,35772,8.9523,10.7583,6.2417,-224.0000,224,0.439823
TEL,35872,11.0961,10.7144,6.2856,-224.0000,224,0.439823
TEL,35972,12.2939,11.5770,5.4230,-205.6155,223,0.437859
TEL,36072,12.8424,12.2100,4.7900,-177.8425,204,0.400553
TEL,36172,11.9726,11.5715,5.4285,-198.4238,180,0.353429
TEL,36272,13.6748,12.6876,4.3124,-146.1824,197,0.386809
TEL,36372,15.0799,14.4006,2.5994,-76.7230,144,0.282743
TEL,36472,15.8343,15.2533,1.7467,-43.4836,78,0.153153
TEL,36572,17.3833,16.4840,0.5160,6.2600,42,0.082467
TEL,36672,17.8974,17.2744,-0.2744,48.7849,-6,-0.011781
TEL,36772,18.3018,17.9655,-0.9655,62.9575,-50,-0.098175
TEL,36872,18.0975,18.0692,-1.0692,56.7148,-62,-0.121737
TEL,36972,17.8316,18.0516,-1.0516,47.9518,-56,-0.109956
TEL,37072,17.6369,17.9578,-0.9578,38.7830,-47,-0.092284
TEL,37172,17.0757,17.6900,-0.6900,24.0810,-38,-0.074613
TEL,37272,16.7781,17.3799,-0.3799,8.8275,-23,-0.045160
TEL,37372,15.8343,16.5918,0.4082,-23.2620,-8,-0.015708
TEL,37472,15.2745,15.9340,1.0660,-52.7975,24,0.047124
TEL,37572,14.3018,14.9274,2.0726,-94.4108,54,0.106029
TEL,37672,13.5161,14.2485,2.7515,-123.5281,95,0.186532
TEL,37772,12.6315,13.2490,3.7510,-162.9207,125,0.245437
TEL,37872,11.8177,12.5467,4.4533,-191.6838,164,0.322013
TEL,37972,11.0418,11.6263,5.3737,-224.0000,193,0.378955
TEL,38072,10.5256,11.0862,5.9138,-224.0000,224,0.439823
TEL,38172,7.9229,9.8599,7.1401,-224.0000,224,0.439823
TEL,38272,9.1009,9.2513,7.7487,-224.0000,224,0.439823
TEL,38372,9.3922,9.3147,7.6853,-224.0000,224,0.439823
TEL,38472,9.3326,9.3289,7.6711,-224.0000,224,0.439823
TEL,38572,8.2093,9.1969,7.8031,-224.0000,224,0.439823
TEL,38672,8.9158,9.0892,7.9108,-224.0000,224,0.439823
TEL,38772,9.2154,9.1005,7.8995,-224.0000,224,0.439823
TEL,38872,9.2541,9.1325,7.8675,-224.0000,224,0.439823
TEL,38972,8.9523,9.0563,7.9437,-224.0000,224,0.439823
TEL,39072,9.3524,9.1105,7.8895,-224.0000,224,0.439823
TEL,39172,9.7653,9.2855,7.7145,-224.0000,224,0.439823
TEL,39272,7.5197,9.0850,7.9150,-224.0000,224,0.439823
TEL,39372,10.3553,9.6004,7.3996,-224.0000,224,0.439823
TEL,39472,10.8821,10.1555,6.8445,-224.0000,224,0.439823
TEL,39572,9.3128,10.3131,6.6869,-224.0000,224,0.439823
TEL,39672,11.6071,10.6551,6.3449,-224.0000,224,0.439823
TEL,39772,13.3993,12.3959,4.6041,-158.6820,223,0.437859
TEL,39872,10.4034,11.9146,5.0854,-205.2904,163,0.320050
TEL,39972,13.9194,12.3295,4.6705,-165.8265,200,0.392699
TEL,40072,15.8870,14.8369,2.1631,-69.8265,168,0.329867
TEL,40172,17.5729,16.9626,0.0374,26.1735,83,0.162970
TEL,40272,12.6662,15.5531,1.4469,-69.7591,-8,-0.015708
TEL,40372,17.8316,16.6903,0.3097,-0.0040,-2,-0.003927
TEL,40472,17.7014,17.3484,-0.3484,31.1216,1,0.001963
TEL,40572,13.4381,16.5180,0.4820,-34.0736,-30,-0.058905
TEL,40672,15.2254,14.8516,2.1484,-81.1978,31,0.060868
TEL,40772,16.6040,16.3062,0.6938,-22.0758,80,0.157080
TEL,40872,16.7781,16.5935,0.4065,-11.2502,23,0.045160
TEL,40972,13.3225,14.6743,2.3257,-105.9464,12,0.023562
TEL,41072,15.4235,14.8987,2.1013,-88.5141,87,0.170824
TEL,41172,14.8899,14.9754,2.0246,-85.4260,89,0.174751
TEL,41272,14.5228,14.8389,2.1611,-91.8233,86,0.168861
TEL,41372,13.0232,13.3527,3.6473,-151.0066,93,0.182605
TEL,41472,13.0969,13.2062,3.7938,-157.1504,149,0.292561
TEL,41572,12.4606,12.9246,4.0754,-170.5896,158,0.310232
TEL,41672,10.0523,11.4839,5.5161,-224.0000,172,0.337721
TEL,41772,11.3747,11.3564,5.6436,-224.0000,223,0.437859
TEL,41872,11.2617,11.3380,5.6620,-224.0000,224,0.439823
TEL,41972,8.2563,10.8886,6.1114,-224.0000,224,0.439823
TEL,42072,10.3793,10.5591,6.4409,-224.0000,224,0.439823
TEL,42172,11.0149,10.7002,6.2998,-224.0000,224,0.439823
TEL,42272,11.2617,10.8716,6.1284,-224.0000,224,0.439823
TEL,42372,10.8298,10.4684,6.5316,-224.0000,224,0.439823
TEL,42472,11.7872,10.9713,6.0287,-224.0000,224,0.439823
TEL,42572,12.5284,11.8971,5.1029,-189.9529,223,0.437859
TEL,42672,9.2154,11.2453,5.7547,-224.0000,191,0.375028
TEL,42772,13.3608,12.5315,4.4685,-176.8751,223,0.437859
TEL,42872,14.4337,13.6428,3.3572,-123.4392,177,0.347539
TEL,42972,11.0961,13.2576,3.7424,-169.2463,125,0.245437
TEL,43072,15.5752,14.0738,2.9262,-117.5848,167,0.327904
TEL,43172,17.0757,16.3849,0.6151,-21.5848,119,0.233656
TEL,43272,11.5482,14.6967,2.3033,-117.5848,35,0.068722
TEL,43372,15.7818,15.1310,1.8690,-75.1509,54,0.106029
TEL,43472,17.1364,16.5970,0.4030,-8.9151,74,0.145299
TEL,43572,17.8974,17.5375,-0.5375,33.3576,12,0.023562
TEL,43672,13.3225,16.4803,0.5197,-40.3898,-32,-0.062832
TEL,43772,16.8960,16.1856,0.8144,-37.2955,33,0.064795
TEL,43872,17.1976,16.8527,0.1473,-7.5813,36,0.070686
TEL,43972,17.0154,17.0759,-0.0759,-7.0347,7,0.013744
TEL,44072,14.7502,15.4438,1.5562,-74.9895,8,0.015708
TEL,44172,15.6779,15.5609,1.4391,-67.8502,70,0.137445
TEL,44272,15.5752,15.5749,1.4251,-66.4341,67,0.131554
TEL,44372,11.7872,14.0472,2.9528,-143.4366,67,0.131554
TEL,44472,13.9194,13.7825,3.2175,-144.9018,134,0.263108
TEL,44572,13.5161,13.6892,3.3108,-144.9923,145,0.284707
TEL,44672,13.1340,13.5274,3.4726,-149.5414,146,0.286670
TEL,44772,11.6965,11.9995,5.0005,-208.7235,151,0.296488
TEL,44872,11.8177,11.8999,5.1001,-209.7191,208,0.408407
TEL,44972,11.4320,11.7505,5.2495,-214.1719,211,0.414298
TEL,45072,9.2541,10.7061,6.2939,-224.0000,215,0.422151
TEL,45172,10.8038,10.6628,6.3372,-224.0000,224,0.439823
TEL,45272,10.9084,10.7473,6.2527,-224.0000,224,0.439823
TEL,45372,11.1233,10.8675,6.1325,-224.0000,224,0.439823
TEL,45472,11.2897,10.9610,6.0390,-224.0000,224,0.439823
TEL,45572,11.7568,11.1869,5.8131,-224.0000,224,0.439823
TEL,45672,12.2610,11.4715,5.5285,-211.6126,223,0.437859
TEL,45772,12.8424,12.1289,4.8711,-182.4359,211,0.414298
TEL,45872,13.2844,12.6633,4.3367,-158.8755,181,0.355393
TEL,45972,14.3455,13.6022,3.3978,-119.0165,158,0.310232
TEL,46072,14.8899,14.2091,2.7909,-93.4042,118,0.231692
TEL,46172,15.8870,15.1845,1.8155,-54.0846,92,0.180642
TEL,46272,16.3213,15.7592,1.2408,-32.0467,53,0.104065
TEL,46372,17.3833,16.6172,0.3828,2.1601,31,0.060868
TEL,46472,17.6369,17.1546,-0.1546,31.9184,-3,-0.005890
TEL,46572,18.1652,17.7416,-0.7416,47.2824,-33,-0.064795
TEL,46672,18.5104,18.0673,-1.0673,55.0379,-48,-0.094248
TEL,46772,18.0304,18.1143,-1.1143,49.3165,-54,-0.106029
TEL,46872,18.1652,18.1192,-1.1192,45.2159,-48,-0.094248
TEL,46972,17.7663,18.0472,-1.0472,38.5816,-44,-0.086394
TEL,47072,17.7663,17.9553,-0.9553,32.8897,-38,-0.074613
TEL,47172,15.7818,16.0248,0.9752,-39.8204,-32,-0.062832
TEL,47272,16.2658,16.0675,0.9325,-36.5430,33,0.064795
TEL,47372,15.3735,15.8335,1.1665,-48.4678,38,0.074613
TEL,47472,13.2088,14.3442,2.6558,-119.0442,49,0.096211
TEL,47572,13.5555,13.7454,3.2546,-138.8790,113,0.221875
TEL,47672,13.0599,13.4899,3.5101,-147.6263,140,0.274889
TEL,47772,9.8739,11.4519,5.5481,-224.0000,149,0.292561
TEL,47872,11.1783,11.2191,5.7809,-224.0000,216,0.424115
TEL,47972,10.8298,11.0680,5.9320,-224.0000,224,0.439823
TEL,48072,10.5256,10.9033,6.0967,-224.0000,224,0.439823
TEL,48172,9.5341,9.7812,7.2188,-224.0000,224,0.439823
TEL,48272,9.8959,9.7991,7.2009,-224.0000,224,0.439823
TEL,48372,9.9179,9.8445,7.1555,-224.0000,224,0.439823
TEL,48472,7.7095,9.5892,7.4108,-224.0000,224,0.439823
TEL,48572,9.9624,9.5932,7.4068,-224.0000,224,0.439823
TEL,48672,10.4764,9.8549,7.1451,-224.0000,224,0.439823
TEL,48772,11.2338,10.5080,6.4920,-224.0000,224,0.439823
TEL,48872,10.8038,10.4372,6.5628,-224.0000,224,0.439823
TEL,48972,12.3600,11.4170,5.5830,-199.9523,223,0.437859
TEL,49072,13.0969,12.3159,4.6841,-160.1309,199,0.390736
TEL,49172,12.1958,11.8975,5.1025,-175.2805,161,0.316123
TEL,49272,14.3895,13.3365,3.6635,-109.8475,174,0.341648
TEL,49372,15.9936,15.3113,1.6887,-31.8420,114,0.223838
TEL,49472,12.7361,14.5804,2.4196,-96.5725,38,0.074613
TEL,49572,17.1976,16.1508,0.8492,-2.8497,76,0.149226
TEL,49672,18.0975,17.5569,-0.5569,66.6856,78,0.153153
TEL,49772,18.3018,18.1307,-1.1307,72.1243,-17,-0.033379
TEL,49872,15.5243,16.0947,0.9053,-23.8757,-71,-0.139408
TEL,49972,17.5729,17.0455,-0.0455,16.6427,2,0.003927
TEL,50072,17.8974,17.4930,-0.4930,31.7548,4,0.007854
TEL,50172,14.7042,14.4835,2.5165,-64.2452,-31,-0.060868
TEL,50272,16.8368,15.7624,1.2376,-20.8290,43,0.084430
TEL,50372,16.7781,16.5340,0.4660,3.4625,43,0.084430
TEL,50472,16.4333,16.4890,0.5110,-4.8095,-2,-0.003927
TEL,50572,14.6130,14.7832,2.2168,-76.4746,6,0.011781
TEL,50672,14.9843,14.8591,2.1409,-76.1420,70,0.137445
TEL,50772,14.2584,14.6953,2.3047,-87.4320,77,0.151189
TEL,50872,11.3747,12.9441,4.0559,-174.6266,88,0.172788
TEL,50972,12.5284,12.6673,4.3327,-181.1339,160,0.314159
TEL,51072,12.1958,12.5329,4.4671,-184.0744,182,0.357356
TEL,51172,8.2721,11.4823,5.5177,-224.0000,185,0.363247
TEL,51272,10.6504,10.7836,6.2164,-224.0000,224,0.439823
TEL,51372,10.5256,10.6582,6.3418,-224.0000,224,0.439823
TEL,51472,10.4034,10.5864,6.4136,-224.0000,224,0.439823
TEL,51572,9.5341,9.7257,7.2743,-224.0000,224,0.439823
TEL,51672,10.0297,9.8223,7.1777,-224.0000,224,0.439823
TEL,51772,10.4034,10.0372,6.9628,-224.0000,224,0.439823
TEL,51872,8.0562,9.7445,7.2555,-224.0000,224,0.439823
TEL,51972,10.7522,10.0718,6.9282,-224.0000,224,0.439823
TEL,52072,11.4320,10.6397,6.3603,-224.0000,224,0.439823
TEL,52172,12.2939,11.6191,5.3809,-196.2633,223,0.437859
TEL,52272,11.6367,11.1096,5.8904,-209.5574,197,0.386809
TEL,52372,13.5555,12.7544,4.2456,-140.0509,209,0.410371
TEL,52472,14.4337,13.7219,3.2781,-99.8897,145,0.284707
TEL,52572,12.8068,12.8869,4.1131,-140.8172,101,0.198313
TEL,52672,15.5243,14.5265,2.4735,-66.7603,140,0.274889
TEL,52772,17.3833,16.6249,0.3751,17.6568,74,0.145299
TEL,52872,13.1713,15.5337,1.4663,-66.5973,-8,-0.015708
TEL,52972,16.7781,16.4343,0.5657,-17.0205,19,0.037306
TEL,53072,17.7014,17.2527,-0.2527,23.6978,37,0.072649
TEL,53172,12.4606,16.1362,0.8638,-58.6216,-22,-0.043197
TEL,53272,14.7502,14.4795,2.5205,-105.5262,47,0.092284
TEL,53372,17.3210,16.8365,0.1635,-9.5262,106,0.208131
TEL,53472,17.6369,17.3410,-0.3410,18.7802,34,0.066759
TEL,53572,11.1233,13.6575,3.3425,-77.2198,-18,-0.035343
TEL,53672,16.7197,15.9518,1.0482,-53.6623,57,0.111919
TEL,53772,16.8960,16.7169,0.2831,-18.9364,58,0.113883
TEL,53872,13.0599,15.8769,1.1231,-68.6031,20,0.039270
TEL,53972,15.1281,14.6692,2.3308,-100.1550,69,0.135481
TEL,54072,15.5752,15.1902,1.8098,-73.8465,99,0.194386
TEL,54172,15.1766,15.2661,1.7339,-71.4190,73,0.143335
TEL,54272,14.8430,15.1591,1.8409,-76.9740,72,0.141372
TEL,54372,14.3018,14.8565,2.1435,-91.2124,78,0.153153
TEL,54472,13.8370,14.5033,2.4967,-107.0603,92,0.180642
TEL,54572,12.9142,13.5954,3.4046,-145.6796,108,0.212057
TEL,54672,12.2939,12.9777,4.0223,-172.4421,147,0.288634
TEL,54772,11.7266,12.2215,4.7785,-201.3763,173,0.339685
TEL,54872,11.3747,11.8494,5.1506,-214.9104,202,0.396626
TEL,54972,10.9084,11.3532,5.6468,-224.0000,216,0.424115
TEL,55072,10.8038,11.1444,5.8556,-224.0000,224,0.439823
TEL,55172,10.7011,10.9270,6.0730,-224.0000,224,0.439823
TEL,55272,10.8038,10.8715,6.1285,-224.0000,224,0.439823
TEL,55372,11.0418,10.9068,6.0932,-224.0000,224,0.439823
TEL,55472,11.3747,11.0020,5.9980,-224.0000,224,0.439823
TEL,55572,11.8792,11.2791,5.7209,-220.2018,223,0.437859
TEL,55672,12.3269,11.5965,5.4035,-204.4181,219,0.430005
TEL,55772,13.0232,12.3510,4.6490,-171.3486,203,0.398590
TEL,55872,13.6348,12.9338,4.0662,-145.1277,170,0.333794
TEL,55972,12.2939,12.2315,4.7685,-174.1860,146,0.286670
TEL,56072,14.5228,13.3378,3.6622,-120.9021,173,0.339685
TEL,56172,15.9936,15.2634,1.7366,-41.8246,122,0.239546
TEL,56272,16.7781,16.0828,0.9172,-9.2560,54,0.106029
TEL,56372,16.4333,15.9632,1.0367,-17.6247,10,0.019635
TEL,56472,17.7014,16.7676,0.2324,15.3284,17,0.033379
TEL,56572,18.0304,17.6712,-0.6712,53.0359,-16,-0.031416
TEL,56672,14.1722,15.0463,1.9537,-42.9641,-52,-0.102102
TEL,56772,17.5093,16.9647,0.0353,2.2368,22,0.043197
TEL,56872,18.0304,17.5562,-0.5562,30.2947,22,0.043197
TEL,56972,11.2617,16.1977,0.8023,-56.7461,-29,-0.056941
TEL,57072,17.0757,16.3761,0.6239,-33.6373,43,0.084430
TEL,57172,16.9555,16.7885,0.2115,-14.3945,35,0.068722
TEL,57272,16.7781,16.8066,0.1934,-1.9193,13,0.025525
TEL,57372,15.0320,14.9537,2.0463,-81.6000,3,0.005890
TEL,57472,15.2745,15.0949,1.9051,-75.5013,71,0.139408
TEL,57572,14.9370,15.0872,1.9128,-77.6101,77,0.151189
TEL,57672,11.5775,13.7086,3.2914,-148.4535,79,0.155116
TEL,57772,13.2465,13.3085,3.6915,-158.7349,142,0.278816
TEL,57872,12.8782,13.2076,3.7924,-160.1790,160,0.314159
TEL,57972,8.8081,12.2049,4.7951,-212.2167,161,0.316123
TEL,58072,11.0961,11.3387,5.6613,-224.0000,212,0.416261
TEL,58172,11.2617,11.2917,5.7083,-224.0000,224,0.439823
TEL,58272,11.1233,11.2481,5.7519,-224.0000,224,0.439823
TEL,58372,10.0523,10.7392,6.2608,-224.0000,224,0.439823
TEL,58472,10.6001,10.6462,6.3538,-224.0000,224,0.439823
TEL,58572,10.8038,10.6556,6.3444,-224.0000,224,0.439823
TEL,58672,8.3038,10.3836,6.6164,-224.0000,224,0.439823
TEL,58772,10.8298,10.3822,6.6178,-224.0000,224,0.439823
TEL,58872,11.3179,10.6987,6.3013,-224.0000,224,0.439823
TEL,58972,12.0356,11.3643,5.6357,-212.4741,223,0.437859
TEL,59072,11.3179,11.1486,5.8514,-220.5189,213,0.418225
TEL,59172,12.9142,12.0668,4.9332,-179.2299,220,0.431969
TEL,59272,13.7150,12.9047,4.0953,-141.3998,178,0.349502
TEL,59372,11.8484,12.0630,4.9369,-182.4188,142,0.278816
TEL,59472,14.7502,13.5239,3.4761,-111.3839,181,0.355393
TEL,59572,16.1559,15.4410,1.5590,-33.7989,117,0.229729
TEL,59672,17.1364,16.4359,0.5641,6.0542,39,0.076576
TEL,59772,16.6617,15.9530,1.0470,-4.8865,-5,-0.009817
TEL,59872,17.7663,17.1771,-0.1771,59.6745,4,0.007854
TEL,59972,18.0304,17.7531,-0.7531,65.4788,-57,-0.111919
TEL,60072,14.1722,15.3552,1.6448,-30.5212,-64,-0.125664
TEL,60172,17.5093,17.0092,-0.0092,8.4520,9,0.017671
TEL,60272,17.6369,17.3413,-0.3413,20.6810,11,0.021598
TEL,60372,14.1722,14.3496,2.6504,-75.3190,-20,-0.039270
TEL,60472,17.0154,15.8262,1.1738,-28.1964,54,0.106029
TEL,60572,17.0154,16.6844,0.3156,2.8406,54,0.106029
TEL,60672,16.5468,16.6729,0.3271,-3.2422,-3,-0.005890
TEL,60772,14.5678,14.7517,2.2483,-84.0817,4,0.007854
TEL,60872,15.0799,14.9172,2.0828,-78.7277,73,0.143335
TEL,60972,14.6585,14.8835,2.1165,-83.4594,80,0.157080
TEL,61072,11.2060,13.2766,3.7234,-166.2694,84,0.164934
TEL,61172,12.7714,12.8991,4.1009,-175.9964,154,0.302378
TEL,61272,12.4944,12.7699,4.2301,-178.0424,177,0.347539
TEL,61372,8.9158,11.7990,5.2010,-224.0000,179,0.351466
TEL,61472,10.7266,10.9648,6.0352,-224.0000,224,0.439823
TEL,61572,10.7266,10.8434,6.1566,-224.0000,224,0.439823
TEL,61672,10.4764,10.7316,6.2684,-224.0000,224,0.439823
TEL,61772,9.3326,9.5204,7.4796,-224.0000,224,0.439823
TEL,61872,9.9847,9.7011,7.2989,-224.0000,224,0.439823
TEL,61972,10.4034,10.0001,6.9999,-224.0000,224,0.439823
TEL,62072,8.5323,9.7766,7.2234,-224.0000,224,0.439823
TEL,62172,10.7266,9.9875,7.0125,-224.0000,224,0.439823
TEL,62272,11.3179,10.5646,6.4354,-224.0000,224,0.439823
TEL,62372,12.0356,11.4089,5.5911,-206.0004,223,0.437859
TEL,62472,11.2897,11.1302,5.8698,-217.7485,207,0.406444
TEL,62572,13.2465,12.3087,4.6913,-165.4055,217,0.426078
TEL,62672,14.0448,13.2606,3.7394,-123.7311,166,0.325940
TEL,62772,12.4944,12.5788,4.4212,-157.4494,125,0.245437
TEL,62872,15.1281,14.1387,2.8613,-86.1905,156,0.306305
TEL,62972,16.8960,16.1496,0.8504,-4.7017,92,0.180642
TEL,63072,17.5093,16.9491,0.0509,24.6333,12,0.023562
REF,63165,9.0000,hold_near
TEL,63172,18.0975,17.7500,-8.7500,120.6333,-27,-0.053014
TEL,63272,18.0304,17.9140,-8.9140,216.6333,-104,-0.204204
TEL,63372,18.0304,18.0016,-9.0016,224.0000,-197,-0.386809
TEL,63472,17.7663,17.9739,-8.9739,224.0000,-224,-0.439823
TEL,63572,17.5729,17.8579,-8.8579,224.0000,-224,-0.439823
TEL,63672,16.7197,17.6242,-8.6242,224.0000,-224,-0.439823
TEL,63772,15.8870,16.9284,-7.9284,224.0000,-224,-0.439823
TEL,63872,15.0799,16.0485,-7.0485,187.3719,-222,-0.435896
TEL,63972,13.4770,14.3289,-5.3289,123.8765,-185,-0.363247
TEL,64072,12.2610,13.1337,-4.1337,78.5974,-125,-0.245437
TEL,64172,10.2839,11.1754,-2.1754,11.3318,-77,-0.151189
TEL,64272,9.0075,9.8586,-0.8586,-50.3513,-13,-0.025525
TEL,64372,7.9229,8.3919,0.6081,-80.3844,52,0.102102
TEL,64472,8.4166,8.3323,0.6677,-62.1273,78,0.153153
TEL,64572,9.6379,8.8882,0.1118,-25.3126,60,0.117810
TEL,64672,10.6504,9.6652,-0.6652,18.4936,23,0.045160
TEL,64772,10.1669,10.4982,-1.4982,31.8725,-19,-0.037306
TEL,64872,11.8484,10.8543,-1.8543,63.1649,-34,-0.066759
TEL,64972,13.9194,13.0422,-4.0422,149.6190,-65,-0.127627
TEL,65072,14.7502,14.0838,-5.0838,188.5492,-138,-0.270962
TEL,65172,12.5626,12.7854,-3.7854,131.5341,-187,-0.367174
TEL,65272,15.4737,14.3388,-5.3388,200.5450,-134,-0.263108
TEL,65372,16.4333,15.8645,-6.8645,224.0000,-191,-0.375028
TEL,65472,16.6617,16.2996,-7.2996,224.0000,-224,-0.439823
TEL,65572,15.4737,14.8972,-5.8972,213.8756,-222,-0.435896
TEL,65672,15.5243,15.2769,-6.2769,218.8093,-216,-0.424115
TEL,65772,15.1766,15.3007,-6.3007,210.1043,-217,-0.426078
TEL,65872,12.1313,13.6942,-4.6942,128.6593,-208,-0.408407
TEL,65972,12.8782,13.2012,-4.2012,113.2510,-138,-0.270962
TEL,66072,12.0992,12.7992,-3.7992,97.2927,-111,-0.217948
TEL,66172,7.7095,9.8097,-0.8097,1.2927,-95,-0.186532
TEL,66272,9.2154,9.6081,-0.6081,-50.2603,-19,-0.037306
TEL,66372,7.9964,8.7042,0.2958,-67.8532,51,0.100138
TEL,66472,8.1628,8.3715,0.6285,-62.9874,66,0.129591
TEL,66572,8.4330,8.3876,0.6124,-49.0471,63,0.123700
TEL,66672,9.7012,8.8082,0.1918,-18.4058,47,0.092284
TEL,66772,11.0689,10.1346,-1.1346,39.9493,16,0.031416
TEL,66872,9.2154,10.0878,-1.0878,14.4826,-39,-0.076576
TEL,66972,12.3934,11.4363,-2.4363,84.0378,-16,-0.031416
TEL,67072,13.2844,12.5344,-3.5344,130.7010,-80,-0.157080
TEL,67172,11.6071,12.7422,-3.7422,109.2615,-130,-0.255254
TEL,67272,12.9867,12.2797,-3.2797,119.6769,-111,-0.217948
TEL,67372,14.9370,14.4203,-5.4203,192.1087,-121,-0.237583
TEL,67472,15.1766,14.8694,-5.8694,203.0578,-187,-0.367174
TEL,67572,12.3934,12.4077,-3.4077,121.5763,-201,-0.394663
TEL,67672,14.2152,13.4394,-4.4394,162.8839,-132,-0.259181
TEL,67772,14.0027,13.9629,-4.9629,171.1950,-155,-0.304342
TEL,67872,13.5950,13.8818,-4.8818,160.6251,-169,-0.331831
TEL,67972,11.9413,12.2754,-3.2754,102.8791,-160,-0.314159
TEL,68072,11.6965,12.0497,-3.0497,92.2013,-103,-0.202240
TEL,68172,10.5256,11.2944,-2.2944,60.6670,-90,-0.176715
TEL,68272,8.0113,9.1756,-0.1756,-35.3330,-59,-0.115846
TEL,68372,8.0262,8.4315,0.5685,-56.0609,16,0.031416
TEL,68472,8.1168,8.2362,0.7638,-51.2377,55,0.107992
TEL,68572,6.9189,8.3590,0.7638,-51.2377,51,0.100138
TEL,68672,9.2347,8.5472,0.6007,-34.9904,35,0.068722
TEL,68772,10.6001,9.5474,0.2171,0.9517,2,0.003927
TEL,68872,11.4320,10.5684,-1.0581,44.7466,-38,-0.074613
TEL,68972,11.6071,11.3259,-2.0146,85.2151,-80,-0.157080
TEL,69072,12.5284,11.4689,-2.3259,91.9428,-92,-0.180642
TEL,69172,13.5950,12.8395,-2.9741,121.5247,-121,-0.237583
TEL,69272,10.1901,12.1292,-4.1799,159.6385,-156,-0.306305
TEL,69372,13.7150,12.9306,-3.2526,126.2234,-128,-0.251327
TEL,69472,14.1295,13.1785,-3.9306,150.9974,-151,-0.296488
TEL,69572,13.9610,13.7503,-4.4788,167.8526,-168,-0.329867
TEL,69672,12.5969,13.5227,-4.7503,169.4535,-169,-0.331831
TEL,69772,12.9867,13.2577,-4.3912,146.9583,-147,-0.288634
TEL,69872,12.5626,13.0428,-4.1612,134.0688,-134,-0.263108
TEL,69972,10.2603,11.2251,-3.8696,118.8468,-119,-0.233656
TEL,70072,10.4520,10.7507,-1.9242,51.4999,-77,-0.151189
TEL,70172,9.4728,10.0896,-1.5612,28.0920,-28,-0.054978
TEL,70272,8.7202,9.4535,-0.7803,0.1576,0,0.000000
TEL,70372,7.6956,8.8902,0.1098,-25.3972,2,0.003927
TEL,70472,8.5156,8.5825,0.4175,-28.3972,27,0.053014
TEL,70572,9.3128,8.8693,0.2544,-14.9479,26,0.051051
TEL,70672,8.6168,8.6367,0.3633,-15.6990,16,0.031416
TEL,70772,10.5752,9.4866,-0.4866,23.9938,14,0.027489
TEL,70872,11.2338,10.4390,-1.4390,63.4216,-26,-0.051051
TEL,70972,9.2736,10.5324,-1.5324,31.8540,-61,-0.119773
TEL,71072,11.6665,10.9992,-1.9992,66.7281,-34,-0.066759
TEL,71172,12.8782,12.1607,-3.1607,112.6943,-69,-0.135481
TEL,71272,13.2844,12.7530,-3.7530,134.5665,-115,-0.225802
TEL,71372,12.1313,11.8372,-2.8372,108.5438,-133,-0.261145
TEL,71472,13.0969,12.4972,-3.4972,132.2108,-111,-0.217948
TEL,71572,12.9503,12.9450,-3.9429,142.3854,-134,-0.263108
TEL,71672,10.2134,12.4459,-3.4459,104.6592,-140,-0.274889
TEL,71772,11.9413,11.9722,-2.9722,91.2033,-103,-0.202240
TEL,71872,11.8484,11.9408,-2.9408,90.7728,-91,-0.178678
TEL,71972,11.0149,11.6409,-2.7793,84.3027,-89,-0.174751
TEL,72072,10.4034,11.2088,-2.2088,61.3699,-82,-0.161007
TEL,72172,9.3524,10.1927,-1.1927,12.1938,-59,-0.115846
TEL,72272,8.6682,9.4012,-0.4012,-16.9662,-11,-0.021598
TEL,72372,8.1168,8.5181,0.4819,-40.3417,19,0.037306
TEL,72472,8.8797,8.5760,0.4240,-27.1903,38,0.074613
TEL,72572,9.5962,9.0056,0.1668,-10.5886,25,0.049087
TEL,72672,10.0523,9.4106,-0.4106,15.1860,9,0.017671
TEL,72772,10.8038,10.1736,-1.1736,44.6518,-17,-0.033379
TEL,72872,11.4033,10.7272,-1.7272,66.8914,-47,-0.092284
TEL,72972,11.9413,11.4171,-2.1987,87.2039,-69,-0.135481
TEL,73072,12.1958,11.7672,-2.7672,103.9402,-89,-0.174751
TEL,73172,12.5969,12.1911,-3.1911,115.3807,-106,-0.208131
TEL,73272,12.7361,12.3864,-3.3864,119.3040,-117,-0.229729
TEL,73372,12.7714,12.5699,-3.5699,121.7134,-121,-0.237583
TEL,73472,12.6315,12.6093,-3.6093,120.4384,-120,-0.235619
TEL,73572,12.3269,12.5627,-3.5935,117.9291,-118,-0.231692
TEL,73672,12.0673,12.4656,-3.4656,111.6005,-116,-0.227765
TEL,73772,10.2134,11.4079,-2.4079,63.7068,-110,-0.215984
TEL,73872,10.7522,11.0344,-2.0344,51.9894,-63,-0.123700
TEL,73972,10.0750,10.5926,-1.5926,27.3770,-50,-0.098175
TEL,74072,8.1016,9.8237,-0.8237,-10.3963,-25,-0.049087
TEL,74172,7.5597,8.4992,-0.0186,-36.1822,12,0.023562
TEL,74272,8.1474,8.3383,0.6617,-46.7611,38,0.074613
TEL,74372,8.3841,8.2783,0.7217,-39.0563,45,0.088357
TEL,74472,7.7653,8.1929,0.8071,-37.2473,37,0.072649
TEL,74572,9.2347,8.4816,0.5184,-18.9794,35,0.068722
TEL,74672,9.7439,8.9352,0.0648,0.8639,17,0.033379
TEL,74772,10.3314,9.7437,-0.4921,28.5766,-3,-0.005890
TEL,74872,10.1438,9.7193,-0.7193,36.7720,-31,-0.060868
TEL,74972,11.2338,10.5397,-1.5397,64.6101,-39,-0.076576
TEL,75072,11.6071,11.0568,-2.0568,84.2165,-67,-0.131554
TEL,75172,10.7522,10.3445,-1.3445,62.1117,-82,-0.161007
TEL,75272,11.7266,10.9917,-1.9917,86.5414,-64,-0.125664
TEL,75372,12.0040,11.6724,-2.6724,104.0849,-89,-0.174751
TEL,75472,8.8797,11.0682,-2.0682,56.8131,-102,-0.200277
TEL,75572,11.6665,11.0904,-1.8649,56.1458,-56,-0.109956
TEL,75672,11.4033,11.2275,-2.2275,70.0029,-58,-0.113883
TEL,75772,9.1578,10.9123,-1.9123,50.2779,-68,-0.133518
TEL,75872,9.7012,10.0105,-1.0105,13.0802,-48,-0.094248
TEL,75972,9.8302,9.9956,-0.9956,15.8233,-15,-0.029452
TEL,76072,9.5341,9.8665,-0.8665,13.6440,-14,-0.027489
TEL,76172,8.9158,9.5112,-0.6552,7.2935,-12,-0.023562
TEL,76272,8.3038,8.9768,0.0232,-17.1912,-5,-0.009817
TEL,76372,8.1783,8.4607,0.5393,-30.1078,19,0.037306
TEL,76472,8.5323,8.4483,0.5517,-25.0502,28,0.054978
TEL,76572,8.9706,8.4539,0.6690,-27.3979,27,0.053014
TEL,76672,9.1578,8.6544,0.3456,0.7311,25,0.049087
TEL,76772,9.6801,9.1291,-0.1291,0.7311,-1,-0.001963
TEL,76872,7.5197,8.8650,0.1350,-17.0124,1,0.001963
TEL,76972,8.8081,9.1002,-0.2132,0.4874,15,0.029452
TEL,77072,10.6504,9.7800,-0.7800,34.2245,-2,-0.003927
TEL,77172,8.8081,9.8662,-0.8662,14.3680,-32,-0.062832
TEL,77272,10.4764,9.7218,-0.7218,33.5909,-16,-0.031416
TEL,77372,11.2060,10.8018,-1.8018,70.4347,-36,-0.070686
TEL,77472,11.4033,11.1078,-2.1078,79.1346,-72,-0.141372
TEL,77572,10.3553,10.4645,-1.4645,50.0022,-77,-0.151189
TEL,77672,11.1783,10.7548,-1.7548,65.5312,-52,-0.102102
TEL,77772,11.2060,11.0291,-2.0291,72.8530,-68,-0.133518
TEL,77872,11.0149,11.0421,-2.0421,70.9749,-71,-0.139408
TEL,77972,10.2603,10.3600,-1.3600,43.1413,-69,-0.135481
TEL,78072,10.1901,10.3053,-1.3053,39.7474,-41,-0.080503
TEL,78172,9.7653,10.1369,-1.1369,32.3314,-38,-0.074613
TEL,78272,8.5323,9.8767,-0.8767,21.0515,-30,-0.058905
TEL,78372,8.7904,9.2773,-0.2773,0.4680,-19,-0.037306
TEL,78472,8.4166,8.9383,0.0617,-13.5869,2,0.003927
TEL,78572,6.4608,8.6225,0.0617,-13.5869,14,0.027489
TEL,78672,8.1321,8.3163,0.6163,-29.7533,30,0.058905
TEL,78772,8.8617,8.5013,0.6452,-25.1517,25,0.049087
TEL,78872,9.1961,8.7170,0.3970,-12.3657,12,0.023562
TEL,78972,8.8438,8.5045,0.4895,-22.3366,22,0.043197
TEL,79072,9.5962,8.6621,0.4955,-15.9924,16,0.031416
TEL,79172,10.0978,9.4470,0.0778,5.9554,-6,-0.011781
TEL,79272,8.0412,9.2025,-0.6796,32.5657,-32,-0.062832
TEL,79372,10.4764,9.7842,0.3525,-20.3351,7,0.013744
TEL,79472,10.7011,10.2752,-1.0495,30.0359,-13,-0.025525
TEL,79572,10.8821,10.6315,-1.4253,45.3934,-45,-0.088357
TEL,79672,9.6170,9.9419,-1.1023,14.0211,-16,-0.031416
TEL,79772,10.8298,10.4221,-1.0833,23.7495,-24,-0.047124
TEL,79872,11.0689,10.6889,-1.5654,43.8602,-44,-0.086394
TEL,79972,9.1578,10.3601,-1.7909,59.9771,-60,-0.117810
TEL,80072,10.6252,10.3722,-1.2943,37.0934,-37,-0.072649
TEL,80172,10.8038,10.5744,-1.4540,44.4879,-44,-0.086394
TEL,80272,10.6757,10.5792,-1.5744,48.9911,-49,-0.096211
TEL,80372,9.9179,10.0239,-1.2202,24.5503,-25,-0.049087
TEL,80472,10.1208,10.0456,-1.0298,23.0900,-23,-0.045160
TEL,80572,9.8520,10.0186,-1.0466,25.9088,-26,-0.051051
TEL,80672,7.2881,9.9942,-0.9942,25.3085,-25,-0.049087
TEL,80772,9.0260,9.5748,-0.8260,19.1647,-19,-0.037306
TEL,80872,8.8617,9.3659,-0.5748,9.7495,-10,-0.019635
TEL,80972,8.4494,8.9707,-0.2413,-0.9978,1,0.001963
TEL,81072,8.1938,8.6715,0.1849,-16.3300,16,0.031416
TEL,81172,8.4659,8.5122,0.4323,-23.6920,24,0.047124
TEL,81272,8.7552,8.5662,0.4674,-20.3412,20,0.039270
TEL,81372,9.0821,8.7254,0.3862,-14.0810,14,0.027489
TEL,81472,9.3524,8.8849,0.2017,0.8910,-1,-0.001963
TEL,81572,9.5136,9.1606,0.0207,0.8910,-1,-0.001963
TEL,81672,9.5962,9.3055,-0.2405,0.8910,-1,-0.001963
TEL,81772,9.7439,9.4857,-0.3681,16.9075,-17,-0.033379
TEL,81872,9.8520,9.5889,-0.4857,20.3498,-20,-0.039270
TEL,81972,9.8302,9.6842,-0.6300,23.9834,-24,-0.047124
TEL,82072,9.8302,9.7195,-0.7037,25.0282,-25,-0.049087
TEL,82172,9.6590,9.7163,-0.7199,24.1302,-24,-0.047124
TEL,82272,9.5962,9.6995,-0.7092,22.6676,-23,-0.045160
TEL,82372,9.4525,9.6603,-0.6909,21.3318,-21,-0.041233
TEL,82472,9.3326,9.6108,-0.6603,19.5928,-20,-0.039270
TEL,82572,8.9706,9.4615,-0.5703,15.7179,-16,-0.031416
TEL,82672,8.7376,9.3010,-0.3902,8.7240,-9,-0.017671
TEL,82772,7.3132,9.1959,-0.1959,0.6817,-3,-0.005890
TEL,82872,8.0864,8.7605,0.0436,-7.5375,8,0.015708
TEL,82972,8.4990,8.5395,0.3817,-20.1599,20,0.039270
TEL,83072,8.7376,8.5714,0.4588,-19.2231,19,0.037306
TEL,83172,8.3198,8.4395,0.5368,-21.3328,21,0.041233
TEL,83272,8.8438,8.5349,0.5182,-17.1027,17,0.033379
TEL,83372,9.1009,8.7404,0.3275,0.2990,1,0.001963
TEL,83472,7.0459,8.8016,0.1984,0.2990,0,0.000000
TEL,83572,9.0260,8.7896,0.2507,0.2990,0,0.000000
TEL,83672,9.1388,8.8717,0.1715,0.2990,0,0.000000
TEL,83772,7.4802,8.9474,0.0526,0.2990,0,0.000000
TEL,83872,8.4990,8.7370,0.2122,0.2990,0,0.000000
TEL,83972,8.8259,8.7534,0.2576,0.2990,0,0.000000
TEL,84072,8.8438,8.7712,0.2379,0.2990,0,0.000000
TEL,84172,7.4151,8.7181,0.2359,0.2990,0,0.000000
TEL,84272,8.1628,8.5736,0.3653,-10.9781,11,0.021598
TEL,84372,8.2406,8.4261,0.5421,-17.3136,17,0.033379
TEL,84472,8.4003,8.4138,0.5842,-17.9041,18,0.035343
TEL,84572,8.2721,8.3110,0.6827,-21.5908,22,0.043197
TEL,84672,8.5491,8.3521,0.6738,-19.6690,20,0.039270
TEL,84772,8.7376,8.4626,0.5747,-15.0317,15,0.029452
TEL,84872,6.7633,8.4917,0.5083,-12.1340,12,0.023562
TEL,84972,8.4659,8.4722,0.5604,-14.8227,15,0.029452
TEL,85072,8.5491,8.4827,0.5248,-13.7083,14,0.027489
TEL,85172,7.1050,8.4812,0.5188,-13.6545,14,0.027489
TEL,85272,7.8077,8.4259,0.5741,-15.8620,16,0.031416
TEL,85372,8.2563,8.3434,0.6460,-18.3882,18,0.035343
TEL,85472,8.4166,8.3495,0.6505,-17.7801,18,0.035343
TEL,85572,6.5213,8.3569,0.6505,-17.7801,18,0.035343
TEL,85672,8.1474,8.3045,0.6795,-18.8474,19,0.037306
TEL,85772,8.3679,8.3131,0.6941,-18.8355,19,0.037306
TEL,85872,8.2879,8.3107,0.6876,-18.4682,18,0.035343
TEL,85972,7.8793,8.2821,0.7179,-19.5374,20,0.039270
TEL,86072,8.1938,8.2630,0.7370,-20.0058,20,0.039270
TEL,86172,7.6956,8.2285,0.7347,-19.5947,20,0.039270
TEL,86272,6.6245,8.2355,0.7347,-19.5947,20,0.039270
TEL,86372,8.1321,8.1583,0.8167,-22.7282,23,0.045160
TEL,86472,8.2249,8.1652,0.8417,-23.0584,23,0.045160
TEL,86572,8.2563,8.1839,0.8291,-22.1676,22,0.043197
TEL,86672,7.7935,8.1569,0.8161,-21.4356,21,0.041233
TEL,86772,8.1628,8.1399,0.8576,-23.0236,23,0.045160
TEL,86872,8.2721,8.1543,0.8601,-22.8097,23,0.045160
TEL,86972,6.4808,8.1705,0.8368,-21.7246,22,0.043197
TEL,87072,7.9375,8.1206,0.8643,-23.2240,23,0.045160
TEL,87172,8.2406,8.1357,0.8785,-23.3450,23,0.045160
TEL,87272,8.2721,8.1528,0.8559,-22.2855,22,0.043197
TEL,87372,7.7653,8.1266,0.8734,-23.1978,23,0.045160
TEL,87472,8.1474,8.1242,0.8758,-23.0491,23,0.045160
TEL,87572,8.2721,8.1460,0.8540,-22.0606,22,0.043197
TEL,87672,6.5829,8.1541,0.8540,-22.0606,22,0.043197
TEL,87772,8.0713,8.0937,0.8850,-23.7845,24,0.047124
TEL,87872,8.2249,8.1080,0.9063,-24.1940,24,0.047124
TEL,87972,6.9646,8.1317,0.8804,-22.8810,23,0.045160
TEL,88072,7.6000,8.0934,0.9066,-24.2492,24,0.047124
TEL,88172,8.1938,8.0927,0.9156,-24.2303,24,0.047124
TEL,88272,7.9521,8.0915,0.8975,-23.2523,23,0.045160
TEL,88372,6.4708,8.1159,0.8841,-22.4890,22,0.043197
TEL,88472,6.8738,8.0880,0.9120,-23.9019,23,0.045160
TEL,88572,8.2406,8.1086,0.9018,-23.3253,23,0.045160
TEL,88672,8.2879,8.1328,0.8672,-21.9795,22,0.043197
TEL,88772,7.7513,8.1048,0.8952,-23.3081,23,0.045160
TEL,88872,8.1628,8.1056,0.8944,-23.0926,23,0.045160
TEL,88972,8.2721,8.1327,0.8673,-22.0193,22,0.043197
TEL,89072,6.5010,8.1436,0.8673,-22.0193,22,0.043197
TEL,89172,8.1016,8.1281,0.8698,-22.5339,23,0.045160
TEL,89272,8.2249,8.1355,0.8706,-22.5251,23,0.045160
TEL,89372,8.2721,8.1450,0.8579,-21.9666,22,0.043197
TEL,89472,7.5463,8.1086,0.8914,-23.7624,24,0.047124
TEL,89572,8.1783,8.1001,0.9057,-23.9907,24,0.047124
TEL,89672,7.9083,8.0943,0.8925,-23.2323,23,0.045160
TEL,89772,6.4708,8.1167,0.8833,-22.5788,23,0.045160
TEL,89872,7.9521,8.0800,0.9200,-24.0553,24,0.047124
TEL,89972,8.2249,8.1000,0.9093,-23.4303,23,0.045160
TEL,90072,8.2563,8.1210,0.8790,-22.3066,22,0.043197
TEL,90172,8.3038,8.1557,0.8555,-21.3807,21,0.041233
TEL,90272,8.3038,8.1759,0.8241,-20.4281,20,0.039270
TEL,90372,8.2879,8.1997,0.8068,-19.9403,20,0.039270
TEL,90472,8.3038,8.2130,0.7870,-19.4685,19,0.037306
TEL,90572,8.2879,8.2282,0.7757,-19.2489,19,0.037306
TEL,90672,8.2879,8.2351,0.7682,-19.1754,19,0.037306
TEL,90772,8.3038,8.2441,0.7592,-19.0624,19,0.037306
TEL,90872,8.3198,8.2509,0.7528,-18.9663,19,0.037306
TEL,90972,8.3038,8.2583,0.7440,-18.8145,19,0.037306
TEL,91072,8.3038,8.2631,0.7388,-18.7196,19,0.037306
TEL,91172,8.2879,8.2675,0.7334,-18.6509,19,0.037306
TEL,91272,8.3038,8.2704,0.7296,-18.6160,19,0.037306
TEL,91372,8.2879,8.2724,0.7282,-18.6569,19,0.037306
TEL,91472,8.2879,8.2735,0.7265,-18.6716,19,0.037306
TEL,91572,8.3038,8.2754,0.7256,-18.6909,19,0.037306
TEL,91672,8.2879,8.2761,0.7239,-18.6809,19,0.037306
TEL,91772,8.2879,8.2776,0.7227,-18.6777,19,0.037306
TEL,91872,8.0412,8.2713,0.7221,-18.6827,19,0.037306
TEL,91972,8.0412,8.2506,0.7417,-19.4769,19,0.037306
TEL,92072,8.1783,8.2429,0.7571,-19.9224,20,0.039270
TEL,92172,8.2721,8.2444,0.7566,-19.8239,20,0.039270
TEL,92272,7.5197,8.2189,0.7811,-20.9175,21,0.041233
TEL,92372,8.1321,8.1898,0.8070,-21.7714,22,0.043197
TEL,92472,8.2563,8.1941,0.8059,-21.3909,21,0.041233
TEL,92572,6.5725,8.2022,0.7978,-20.8837,21,0.041233
TEL,92672,7.8938,8.1569,0.8431,-22.6670,23,0.045160
TEL,92772,8.1938,8.1554,0.8469,-22.5275,23,0.045160
TEL,92872,8.2721,8.1672,0.8328,-21.7746,22,0.043197
TEL,92972,7.6407,8.1438,0.8562,-22.9941,23,0.045160
TEL,93072,8.1016,8.1312,0.8688,-23.1940,23,0.045160
TEL,93172,8.2721,8.1474,0.8526,-22.2916,22,0.043197
TEL,93272,6.9761,8.1558,0.8526,-22.2916,22,0.043197
TEL,93372,8.0262,8.1189,0.8742,-23.3391,23,0.045160
TEL,93472,8.2093,8.1255,0.8802,-23.2859,23,0.045160
TEL,93572,8.2879,8.1506,0.8586,-22.2692,22,0.043197
TEL,93672,7.2139,8.1506,0.8586,-22.2692,22,0.043197
TEL,93772,8.1783,8.1270,0.8727,-23.0743,23,0.045160
TEL,93872,8.2563,8.1410,0.8729,-22.8275,23,0.045160
TEL,93972,6.5111,8.1559,0.8508,-21.8918,22,0.043197
TEL,94072,7.8077,8.1344,0.8656,-22.7502,23,0.045160
TEL,94172,8.2406,8.1390,0.8677,-22.6521,23,0.045160
TEL,94272,8.2879,8.1558,0.8442,-21.6731,22,0.043197
TEL,94372,7.5463,8.1182,0.8818,-23.3010,23,0.045160
TEL,94472,8.1016,8.1065,0.8935,-23.5134,24,0.047124
TEL,94572,7.9375,8.1071,0.8809,-22.8070,23,0.045160
TEL,94672,6.8292,8.1192,0.8809,-22.8070,23,0.045160
TEL,94772,7.9964,8.0896,0.9030,-23.8174,24,0.047124
TEL,94872,8.1938,8.0995,0.9074,-23.7138,24,0.047124
TEL,94972,8.2563,8.1135,0.8900,-22.8141,23,0.045160
TEL,95072,7.2016,8.1135,0.8900,-22.8141,23,0.045160
TEL,95172,8.1474,8.0994,0.9011,-23.4908,23,0.045160
TEL,95272,8.2563,8.1166,0.9006,-23.3292,23,0.045160
TEL,95372,6.6455,8.1337,0.8746,-22.3304,22,0.043197
TEL,95472,7.9229,8.0843,0.9025,-23.9976,24,0.047124
TEL,95572,8.2093,8.1014,0.9132,-24.0266,24,0.047124
TEL,95672,8.2721,8.1229,0.8880,-22.8752,23,0.045160
TEL,95772,7.6544,8.1002,0.8668,-21.9787,22,0.043197
TEL,95872,8.1168,8.1128,0.8998,-23.6465,24,0.047124
TEL,95972,8.2721,8.1341,0.8835,-23.0083,23,0.045160
TEL,96072,8.2879,8.1544,0.8554,-21.8543,22,0.043197
TEL,96172,8.0713,8.1217,0.8741,-23.1013,23,0.045160
TEL,96272,8.2093,8.1284,0.8775,-23.0533,23,0.045160
TEL,96372,8.2721,8.1511,0.8573,-22.1493,22,0.043197
TEL,96472,7.2016,8.1511,0.8573,-22.1493,22,0.043197
TEL,96572,8.1783,8.1265,0.8701,-22.9153,23,0.045160
TEL,96672,8.2563,8.1409,0.8735,-22.7717,23,0.045160
TEL,96772,6.5829,8.1581,0.8507,-21.8324,22,0.043197
TEL,96872,7.8938,8.1052,0.8775,-23.4169,23,0.045160
TEL,96972,8.2093,8.1140,0.8963,-23.7894,24,0.047124
TEL,97072,8.2879,8.1115,0.8860,-23.1057,23,0.045160
TEL,97172,7.4802,8.1241,0.8759,-22.3278,22,0.043197
TEL,97272,8.0864,8.1078,0.8905,-23.0233,23,0.045160
TEL,97372,8.2879,8.1324,0.8862,-22.7154,23,0.045160
TEL,97472,6.6245,8.1428,0.8572,-21.6438,22,0.043197
TEL,97572,7.9816,8.1091,0.8808,-22.8156,23,0.045160
TEL,97672,8.1938,8.1165,0.8892,-22.9933,23,0.045160
TEL,97772,8.2879,8.1426,0.8676,-22.1662,22,0.043197
TEL,97872,6.4808,8.1426,0.8676,-22.1662,22,0.043197
TEL,97972,8.1321,8.1123,0.8804,-23.0626,23,0.045160
TEL,98072,8.2406,8.1257,0.8877,-23.1445,23,0.045160
TEL,98172,6.6666,8.1461,0.8638,-22.0939,22,0.043197
TEL,98272,7.9669,8.0941,0.8950,-23.9380,24,0.047124
TEL,98372,8.2249,8.1055,0.9089,-24.2248,24,0.047124
