BALL_BEAM_BOOT
HELP,keys
STATE,SAFE_DISABLED
SENSORS,angle=bad,pos=bad
MEAS,theta_deg=0.0000,x_cm=0.0000,x_filt_cm=0.0000
AGE,angle_ms=1,pos_ms=1
FAULTS,bits=0
CAL,zero_calibrated=yes,limits_calibrated=no,sign_calibrated=yes
CAL_STORE,status=loaded
TEL,enabled=1
FAULT_INFO,bits=0
FAULT_INFO,mode=bringup_warning
FAULT_INFO,none
TEL,349,SAFE_DISABLED,18.6437,18.6437,-43.7695,0.0000,0.00,0
TEL,449,SAFE_DISABLED,18.6437,18.6437,-43.7695,0.0000,0.00,0
TEL,549,SAFE_DISABLED,18.6437,18.6437,-43.7695,0.0000,0.00,0
TEL,649,SAFE_DISABLED,18.6437,18.6437,-43.7695,0.0000,0.00,0
TEL,749,SAFE_DISABLED,18.6437,18.6437,-43.7695,0.0000,0.00,0
TEL,849,SAFE_DISABLED,18.6437,18.6437,-43.7695,0.0000,0.00,0
TEL,949,SAFE_DISABLED,18.6437,18.6437,-43.7695,0.0000,0.00,0
TEL,1049,SAFE_DISABLED,18.6437,18.6437,-43.7695,0.0000,0.00,0
TEL,1149,SAFE_DISABLED,18.6437,18.6437,-43.7695,0.0000,0.00,0
TEL,1249,SAFE_DISABLED,18.6437,18.6437,-43.7695,0.0000,0.00,0
TEL,1349,SAFE_DISABLED,18.6437,18.6437,-43.7695,0.0000,0.00,0
TEL,1449,SAFE_DISABLED,18.6437,18.6437,-43.7695,0.0000,0.00,0
TEL,1549,SAFE_DISABLED,18.6437,18.6437,-43.7695,0.0000,0.00,0
TEL,1649,SAFE_DISABLED,18.6437,18.6437,-43.7695,0.0000,0.00,0
TEL,1750,SAFE_DISABLED,18.6437,18.6437,-43.7695,0.0000,0.00,0
TEL,1850,SAFE_DISABLED,18.6437,18.6437,-43.7695,0.0000,0.00,0
TEL,1950,SAFE_DISABLED,18.6437,18.6437,-43.7695,0.0000,0.00,0
TEL,2050,SAFE_DISABLED,18.6437,18.6437,-43.7695,0.0000,0.00,0
TEL,2150,SAFE_DISABLED,18.6437,18.6437,-43.7695,0.0000,0.00,0
TEL,2250,SAFE_DISABLED,18.6437,18.6437,-43.7695,0.0000,0.00,0
TEL,2350,SAFE_DISABLED,18.6437,18.6437,-43.7695,0.0000,0.00,0
TEL,2450,SAFE_DISABLED,18.6437,18.6437,-43.7695,0.0000,0.00,0
TEL,2550,SAFE_DISABLED,18.6437,18.6437,-43.7695,0.0000,0.00,0
TEL,2650,SAFE_DISABLED,18.6437,18.6437,-43.7695,0.0000,0.00,0
TEL,2750,SAFE_DISABLED,18.6437,18.6437,-43.7695,0.0000,0.00,0
TEL,2850,SAFE_DISABLED,17.6437,17.8037,-43.7695,0.0000,0.00,0
TEL,2950,SAFE_DISABLED,17.6437,17.6453,-43.7695,0.0000,0.00,0
TEL,3050,SAFE_DISABLED,17.6437,17.6437,-43.7695,0.0000,0.00,0
TEL,3150,SAFE_DISABLED,17.6437,17.6437,-43.7695,0.0000,0.00,0
TEL,3250,SAFE_DISABLED,17.6437,17.6437,-43.7695,0.0000,0.00,0
TEL,3350,SAFE_DISABLED,17.6437,17.6437,-43.7695,0.0000,0.00,0
TEL,3450,SAFE_DISABLED,17.6437,17.6437,-43.7695,0.0000,0.00,0
TEL,3550,SAFE_DISABLED,17.6437,17.6437,-43.7695,0.0000,0.00,0
STATE,SAFE_DISABLED
SENSORS,angle=ok,pos=ok
MEAS,theta_deg=-43.7695,x_cm=17.6437,x_filt_cm=17.6437
AGE,angle_ms=14,pos_ms=26
FAULTS,bits=0
CAL,zero_calibrated=yes,limits_calibrated=no,sign_calibrated=yes
CAL_STORE,status=loaded
TEL,enabled=1
FAULT_INFO,bits=0
FAULT_INFO,mode=bringup_warning
FAULT_INFO,none
TEL,3650,SAFE_DISABLED,17.6437,17.6437,-43.7695,0.0000,0.00,0
TEL,3750,SAFE_DISABLED,17.6437,17.6437,-43.7695,0.0000,0.00,0
TEL,3850,SAFE_DISABLED,17.6437,17.6437,-43.7695,0.0000,0.00,0
TEL,3950,SAFE_DISABLED,17.6437,17.6437,-43.7695,0.0000,0.00,0
TEL,4050,SAFE_DISABLED,17.6437,17.6437,-43.7695,0.0000,0.00,0
TEL,4150,SAFE_DISABLED,16.6437,16.7557,-43.7695,0.0000,0.00,0
TEL,4250,SAFE_DISABLED,16.6437,16.6465,-43.7695,0.0000,0.00,0
TEL,4350,SAFE_DISABLED,16.6437,16.6441,-43.7695,0.0000,0.00,0
TEL,4450,SAFE_DISABLED,16.6437,16.6437,-43.7695,0.0000,0.00,0
TEL,4550,SAFE_DISABLED,16.6437,16.6437,-43.7695,0.0000,0.00,0
TEL,4651,SAFE_DISABLED,16.6437,16.6437,-43.7695,0.0000,0.00,0
TEL,4751,SAFE_DISABLED,16.6437,16.6437,-43.7695,0.0000,0.00,0
TEL,4851,SAFE_DISABLED,16.6437,16.6437,-43.7695,0.0000,0.00,0
TEL,4951,SAFE_DISABLED,17.1437,16.9437,-43.7695,0.0000,0.00,0
TEL,5051,SAFE_DISABLED,17.6437,17.5317,-43.7695,0.0000,0.00,0
TEL,5151,SAFE_DISABLED,16.6437,16.6664,-43.7695,0.0000,0.00,0
TEL,5251,SAFE_DISABLED,16.6437,16.6528,-43.7695,0.0000,0.00,0
TEL,5351,SAFE_DISABLED,16.6437,16.6473,-43.7695,0.0000,0.00,0
TEL,5451,SAFE_DISABLED,16.6437,16.6451,-43.7695,0.0000,0.00,0
TEL,5551,SAFE_DISABLED,16.6437,16.6439,-43.7695,0.0000,0.00,0
TEL,5651,SAFE_DISABLED,16.6437,16.6437,-43.7695,0.0000,0.00,0
TEL,5751,SAFE_DISABLED,16.6437,16.6437,-43.7695,0.0000,0.00,0
TEL,5851,SAFE_DISABLED,16.6437,16.6437,-43.7695,0.0000,0.00,0
OK,telemetry=0
STATE,SAFE_DISABLED
SENSORS,angle=ok,pos=ok
MEAS,theta_deg=-43.7695,x_cm=17.6437,x_filt_cm=17.6437
AGE,angle_ms=14,pos_ms=21
FAULTS,bits=0
CAL,zero_calibrated=yes,limits_calibrated=no,sign_calibrated=yes
CAL_STORE,status=loaded
TEL,enabled=0
FAULT_INFO,bits=0
FAULT_INFO,mode=bringup_warning
FAULT_INFO,none
OK,telemetry=1
TEL,42176,SAFE_DISABLED,16.6437,16.6437,-40.2539,0.0000,0.00,0
TEL,42276,SAFE_DISABLED,16.6437,16.6437,-40.2539,0.0000,0.00,0
TEL,42376,SAFE_DISABLED,16.6437,16.6437,-40.2539,0.0000,0.00,0
TEL,42476,SAFE_DISABLED,17.6437,17.5731,-40.2539,0.0000,0.00,0
TEL,42576,SAFE_DISABLED,17.1437,17.3429,-40.2539,0.0000,0.00,0
TEL,42676,SAFE_DISABLED,16.6437,16.6854,-40.2539,0.0000,0.00,0
TEL,42776,SAFE_DISABLED,16.6437,16.7407,-40.2539,0.0000,0.00,0
TEL,42876,SAFE_DISABLED,17.6437,17.2592,-40.2539,0.0000,0.00,0
TEL,42976,SAFE_DISABLED,16.6437,16.8899,-40.2539,0.0000,0.00,0
TEL,43076,SAFE_DISABLED,16.6437,16.6594,-40.2539,0.0000,0.00,0
TEL,43176,SAFE_DISABLED,16.6437,16.6441,-40.2539,0.0000,0.00,0
TEL,43276,SAFE_DISABLED,16.6437,16.6438,-40.2539,0.0000,0.00,0
TEL,43376,SAFE_DISABLED,16.6437,16.6438,-40.2539,0.0000,0.00,0
TEL,43476,SAFE_DISABLED,16.6437,16.6438,-40.2539,0.0000,0.00,0
TEL,43576,SAFE_DISABLED,16.6437,16.6437,-40.2539,0.0000,0.00,0
TEL,43676,SAFE_DISABLED,16.6437,16.6437,-40.2539,0.0000,0.00,0
TEL,43776,SAFE_DISABLED,16.6437,16.6437,-40.2539,0.0000,0.00,0
TEL,43876,SAFE_DISABLED,16.6437,16.6437,-40.2539,0.0000,0.00,0
TEL,43976,SAFE_DISABLED,16.6437,16.6437,-40.2539,0.0000,0.00,0
TEL,44076,SAFE_DISABLED,16.6437,16.6437,-40.2539,0.0000,0.00,0
OK,telemetry=0
INFO,sonar_near=1
SIGN_CAL_RESULT,56401,14.32617,1,1,30.0016,31.8552,1
INFO,signs_applied_runtime
STATE,READY
SENSORS,angle=ok,pos=ok
MEAS,theta_deg=54.5801,x_cm=18.6437,x_filt_cm=18.6437
AGE,angle_ms=16,pos_ms=26
FAULTS,bits=0
CAL,zero_calibrated=yes,limits_calibrated=no,sign_calibrated=yes
CAL_STORE,status=loaded
TEL,enabled=0
FAULT_INFO,bits=0
FAULT_INFO,mode=bringup_warning
FAULT_INFO,none
OK,telemetry=1
TEL,88912,READY,16.6437,16.6437,43.6816,0.0000,0.00,0
TEL,89012,READY,17.6437,17.2437,43.6726,0.0000,0.00,0
TEL,89112,READY,17.6437,17.4597,43.6801,0.0000,0.00,0
TEL,89212,READY,17.1437,16.9959,43.6550,0.0000,0.00,0
TEL,89312,READY,16.6437,16.6662,43.6508,0.0000,0.00,0
TEL,89412,READY,16.6437,16.6451,43.6765,0.0000,0.00,0
TEL,89512,READY,16.6437,16.6439,43.6717,0.0000,0.00,0
TEL,89612,READY,17.1437,16.9437,43.6800,0.0000,0.00,0
TEL,89712,READY,16.6437,16.7485,43.6594,0.0000,0.00,0
TEL,89812,READY,16.6437,16.6856,43.6594,0.0000,0.00,0
TEL,89912,READY,16.6437,16.6604,43.6716,0.0000,0.00,0
TEL,90012,READY,16.6437,16.6438,43.6800,0.0000,0.00,0
TEL,90112,READY,16.6437,16.6437,43.6814,0.0000,0.00,0
TEL,90212,READY,17.1437,16.9437,43.6816,0.0000,0.00,0
TEL,90312,READY,16.6437,16.8117,43.6632,0.0000,0.00,0
TEL,90412,READY,16.6437,16.6454,43.6785,0.0000,0.00,0
TEL,90512,READY,17.1437,16.9437,43.6811,0.0000,0.00,0
TEL,90612,READY,16.6437,16.8913,43.6816,0.0000,0.00,0
TEL,90712,READY,16.6437,16.6833,43.6368,0.0000,0.00,0
TEL,90812,READY,16.6437,16.6500,43.6741,0.0000,0.00,0
TEL,90912,READY,16.6437,16.6438,43.6740,0.0000,0.00,0
TEL,91012,READY,16.6437,16.6437,43.6804,0.0000,0.00,0
OK,telemetry=0
OK,cal_zero_angle_set=334.248046
CAL_ZERO,as5600_zero_deg=334.248046,sonar_center_cm=13.356331,zero_calibrated=yes
STATE,READY
SENSORS,angle=ok,pos=ok
MEAS,theta_deg=-0.0036,x_cm=16.6437,x_filt_cm=16.6437
AGE,angle_ms=13,pos_ms=76
FAULTS,bits=0
CAL,zero_calibrated=yes,limits_calibrated=no,sign_calibrated=yes
CAL_STORE,status=loaded
TEL,enabled=0
FAULT_INFO,bits=0
FAULT_INFO,mode=bringup_warning
FAULT_INFO,none
OK,cal_zero_position_set=30.001972
CAL_ZERO,as5600_zero_deg=334.248046,sonar_center_cm=30.001972,zero_calibrated=yes
OK,cal_limit_down_set=10.810547
CAL_LIMITS,lower_deg=10.810547,upper_deg=-80.110137,limits_calibrated=no
OK,cal_limit_up_set=-43.593750
CAL_LIMITS,lower_deg=-43.593750,upper_deg=10.810547,limits_calibrated=yes
OK,cal_saved
OK,driver_enabled
ERR,usage:j
ERR,usage:j
OK,driver_disabled
OK,running
OK,stopped
