BALL_BEAM_REF_BOOT
HOST_START_READY
REF_CFG,profile=center_far_near_90s,center_cm=13.0000,near_cm=9.0000,far_cm=17.0000,segment_ms=30000
REF,1434,13.0000,hold_center
TEL,1437,8.2563,8.1664,4.8336,0.0000,0,0.000000
TEL,1537,8.1016,8.0995,4.9005,-80.0000,0,0.000000
TEL,1637,8.2406,8.1192,4.8808,-80.0000,67,0.131554
TEL,1737,8.2721,8.1536,4.8464,-80.0000,80,0.157080
TEL,1837,7.8938,8.1337,4.8663,-80.0000,80,0.157080
TEL,1937,8.3518,8.1578,4.8422,-80.0000,80,0.157080
TEL,2037,8.4659,8.1994,4.8006,-80.0000,80,0.157080
TEL,2137,8.3198,8.2015,4.7985,-80.0000,80,0.157080
TEL,2237,8.9523,8.3244,4.6756,-67.6301,80,0.157080
TEL,2337,9.2154,8.6351,4.3649,-52.8271,68,0.133518
TEL,2437,7.4410,8.5273,4.3649,-52.8271,53,0.104065
TEL,2537,9.4932,8.8971,4.3952,-70.3903,70,0.137445
TEL,2637,9.8959,9.2805,4.1029,-39.4735,39,0.076576
TEL,2737,9.0446,9.1474,3.5255,-19.8198,20,0.039270
TEL,2837,10.0523,9.4562,3.8526,-78.6244,75,0.147262
TEL,2937,10.4520,9.9576,3.3602,-19.1749,31,0.060868
TEL,3037,8.6855,9.7577,3.0424,-18.2487,18,0.035343
TEL,3137,10.6001,9.9843,3.6888,-80.0000,75,0.147262
TEL,3237,10.8038,10.3972,3.0157,17.3626,34,0.066759
TEL,3337,9.4728,10.4101,2.4260,-3.8966,4,0.007854
TEL,3437,10.7011,10.3941,2.5899,-80.0000,68,0.133518
TEL,3537,11.5189,11.0478,2.6059,-21.6353,47,0.092284
TEL,3637,11.8484,11.3929,1.9522,5.2544,-5,-0.009817
TEL,3737,11.2897,11.1208,2.0196,-80.0000,61,0.119773
TEL,3837,11.9102,11.4001,1.8792,-20.2710,56,0.109956
TEL,3937,12.1958,11.6154,1.5999,4.6947,-5,-0.009817
TEL,4037,11.2617,11.1000,1.3846,46.7476,-47,-0.092284
TEL,4137,12.1635,11.7415,1.7067,12.7866,-13,-0.025525
TEL,4237,12.4606,12.0683,1.2585,17.5241,-18,-0.035343
TEL,4337,11.2897,11.4916,0.9317,15.8580,-16,-0.031416
TEL,4438,12.1635,11.7041,1.5084,-46.9920,41,0.080503
TEL,4538,12.4606,12.0836,1.1534,11.3029,3,0.005890
TEL,4638,9.4122,11.5951,0.9164,8.4336,-8,-0.015708
TEL,4738,12.1958,11.7895,1.5877,-69.6980,56,0.109956
TEL,4838,12.4269,12.0757,1.2105,15.0796,40,0.078540
TEL,4938,9.9624,11.7670,0.8389,4.1276,-4,-0.007854
TEL,5038,11.9726,11.6564,1.2330,-80.0000,62,0.121737
TEL,5138,12.3934,12.0530,1.1898,13.1941,55,0.107992
TEL,5238,12.6315,12.2738,0.9470,7.7176,-8,-0.015708
TEL,5338,12.0040,12.1114,0.7262,10.1934,-10,-0.019635
TEL,5438,12.5284,12.2192,0.8886,-22.2912,22,0.043197
TEL,5538,12.6315,12.3768,0.7177,1.2680,-1,-0.001963
TEL,5638,11.2617,11.7861,0.6232,-0.3982,0,0.000000
TEL,5738,12.3600,12.0402,1.1316,-1.8653,2,0.003927
TEL,5838,12.4606,12.1871,0.9598,2.5103,-3,-0.005890
TEL,5938,12.4944,12.2907,0.7552,-0.6194,1,0.001963
TEL,6038,12.3600,12.3262,0.7093,-4.4102,4,0.007854
TEL,6138,12.5626,12.3909,0.6486,-6.0030,6,0.011781
TEL,6238,12.5284,12.4157,0.6091,-5.9676,6,0.011781
TEL,6338,12.4606,12.4359,0.5764,-8.5964,9,0.017671
TEL,6438,12.4944,12.4424,0.5641,-9.6022,10,0.019635
TEL,6538,12.4606,12.4482,0.5537,-9.0946,9,0.017671
TEL,6638,12.4944,12.4558,0.5518,-9.7335,10,0.019635
TEL,6738,12.4944,12.4620,0.5442,-9.2266,9,0.017671
TEL,6838,12.4944,12.4653,0.5380,-9.2627,9,0.017671
TEL,6938,12.4944,12.4692,0.5333,-9.2782,9,0.017671
TEL,7038,12.4944,12.4714,0.5308,-9.2820,9,0.017671
TEL,7138,12.4606,12.4754,0.5263,-8.9371,9,0.017671
TEL,7238,12.5626,12.4794,0.5246,-9.5844,10,0.019635
TEL,7339,12.4606,12.4798,0.5206,-8.6289,9,0.017671
TEL,7439,12.4944,12.4808,0.5202,-9.5254,10,0.019635
TEL,7539,12.4944,12.4831,0.5188,-9.2359,9,0.017671
TEL,7639,12.4944,12.4838,0.5169,-9.2195,9,0.017671
TEL,7739,12.4944,12.4847,0.5159,-9.2146,9,0.017671
TEL,7839,10.8038,12.4398,0.5153,-9.2115,9,0.017671
TEL,7939,12.2610,12.3713,0.6010,-19.9997,20,0.039270
TEL,8039,12.4269,12.3785,0.6287,-13.1683,13,0.025525
TEL,8139,10.8038,12.0868,0.6163,-9.9264,10,0.019635
TEL,8239,12.1635,12.0345,0.9132,-53.4009,53,0.104065
TEL,8339,12.4269,12.1663,0.9256,-7.6854,9,0.017671
TEL,8439,9.8085,11.8675,0.8337,-4.9438,5,0.009817
TEL,8539,12.3934,11.9327,1.3248,-67.1026,63,0.123700
TEL,8639,12.3934,12.1063,1.0673,12.8630,18,0.035343
TEL,8739,11.4898,12.0982,0.8275,-0.0036,-2,-0.003927
TEL,8839,11.8177,11.9144,0.9018,-46.9440,47,0.092284
TEL,8939,12.3934,12.0885,1.0568,-12.5459,13,0.025525
TEL,9039,12.4944,12.2147,0.9115,-2.0539,2,0.003927
TEL,9139,12.1958,11.9025,1.1729,-80.0000,67,0.131554
TEL,9239,12.3269,12.0230,1.0975,-2.2261,49,0.096211
TEL,9339,12.6315,12.0164,0.9107,-1.4730,1,0.001963
TEL,9439,11.3747,11.4383,0.9836,24.5535,-25,-0.049087
TEL,9539,12.4269,11.9731,1.4125,8.1603,-8,-0.015708
TEL,9639,12.6315,12.2446,1.0269,18.6029,-19,-0.037306
TEL,9739,11.7266,11.7319,0.6551,10.7825,-11,-0.021598
TEL,9839,12.2283,11.8913,1.2681,-23.4580,23,0.045160
TEL,9939,12.4944,12.1670,1.0154,2.7260,-3,-0.005890
TEL,10039,9.4932,11.7195,0.8330,3.8788,-4,-0.007854
TEL,10139,12.1958,11.9208,1.3426,-38.1414,38,0.074613
TEL,10240,12.3934,12.1036,1.0792,1.5604,-2,-0.003927
TEL,10340,10.7522,11.9677,0.8964,2.2078,-2,-0.003927
TEL,10440,12.1958,11.9757,1.0323,-80.0000,66,0.129591
TEL,10540,12.4269,12.2058,0.9294,4.6129,51,0.100138
TEL,10640,10.3314,11.2755,0.7942,-2.5084,3,0.005890
TEL,10740,11.9726,11.7179,1.7245,-80.0000,69,0.135481
TEL,10840,12.3934,11.9830,1.2821,-1.9982,46,0.090321
TEL,10940,10.5503,10.7156,1.0170,10.2352,-10,-0.019635
TEL,11040,11.5775,10.8948,2.2844,-65.8150,55,0.107992
TEL,11140,12.3934,11.8133,1.7552,47.1525,32,0.062832
TEL,11240,12.6662,12.1938,1.1867,38.5076,-38,-0.074613
TEL,11340,11.5775,11.7283,1.4305,-80.0000,33,0.064795
TEL,11440,12.3269,11.9551,1.2717,-39.4050,58,0.113883
TEL,11540,12.4606,12.2170,0.9275,9.7140,-9,-0.017671
TEL,11640,10.7780,11.5890,0.7830,0.4448,0,0.000000
TEL,11740,12.3269,11.8944,1.3442,-9.1652,9,0.017671
TEL,11840,12.4606,12.1086,1.1056,9.2885,-9,-0.017671
TEL,11940,11.2617,11.5558,0.8089,4.0018,-4,-0.007854
TEL,12040,12.0992,11.7472,1.4442,-56.0475,53,0.104065
TEL,12140,12.4944,12.1198,1.1132,11.3802,6,0.011781
TEL,12240,9.9179,11.7302,0.8802,8.7093,-9,-0.017671
TEL,12340,12.4269,11.9031,1.4951,-77.6066,59,0.115846
TEL,12440,12.4269,12.1306,1.0969,26.3006,54,0.106029
TEL,12540,9.7653,11.0411,0.7686,8.8470,-9,-0.017671
TEL,12640,11.8792,11.3373,1.9589,-80.0000,59,0.115846
TEL,12740,12.5969,12.1127,1.3630,42.9154,59,0.115846
TEL,12840,12.6315,12.3625,0.8873,31.8191,-25,-0.049087
TEL,12940,12.2283,11.8165,1.3392,-80.0000,11,0.021598
TEL,13040,12.3600,12.0789,1.1835,13.2531,37,0.072649
TEL,13140,9.8520,11.7602,0.9211,5.0259,-5,-0.009817
TEL,13240,11.8484,11.5680,1.2398,-80.0000,63,0.123700
TEL,13340,12.2283,11.9629,1.4320,3.6716,54,0.106029
TEL,13440,12.5284,12.1418,1.0371,1.4501,-1,-0.001963
TEL,13540,11.7568,11.4899,0.8582,7.7503,-8,-0.015708
TEL,13640,12.3269,11.8472,1.5101,0.1308,0,0.000000
TEL,13740,12.4944,12.2049,1.1528,18.4636,-18,-0.035343
TEL,13840,10.8298,11.4018,0.7951,5.8968,-6,-0.011781
TEL,13940,12.2939,11.8495,1.5982,-80.0000,62,0.121737
TEL,14040,12.4606,12.1117,1.1505,15.0458,56,0.109956
TEL,14140,12.4606,12.3041,0.8883,9.8381,-9,-0.017671
TEL,14240,12.4606,12.3638,0.6959,-3.7344,4,0.007854
TEL,14340,12.4606,12.4065,0.6362,-7.0956,7,0.013744
TEL,14440,12.4606,12.4178,0.5935,-8.9150,9,0.017671
TEL,14540,12.4606,12.4342,0.5822,-9.3368,9,0.017671
TEL,14640,12.4944,12.4407,0.5658,-9.6194,10,0.019635
TEL,14740,12.4944,12.4489,0.5593,-9.0747,9,0.017671
TEL,14840,12.4944,12.4564,0.5511,-9.2035,9,0.017671
TEL,14940,12.4944,12.4625,0.5436,-9.2267,9,0.017671
TEL,15040,12.4944,12.4691,0.5375,-9.2620,9,0.017671
TEL,15140,12.4944,12.4726,0.5309,-9.2426,9,0.017671
TEL,15240,12.4944,12.4745,0.5274,-9.2528,9,0.017671
TEL,15340,12.5284,12.4796,0.5255,-9.2547,9,0.017671
TEL,15440,12.4606,12.4781,0.5204,-8.9073,9,0.017671
TEL,15540,12.4606,12.4774,0.5213,-9.2461,9,0.017671
TEL,15640,12.4944,12.4786,0.5226,-9.5453,10,0.019635
TEL,15740,11.5189,12.3126,0.5209,-9.2600,9,0.017671
TEL,15840,12.1958,12.2706,0.6874,-27.0951,27,0.053014
TEL,15940,12.4606,12.3049,0.7239,-11.8039,12,0.023562
TEL,16040,9.5136,12.0751,0.6951,-9.0986,9,0.017671
TEL,16140,12.2283,12.1232,0.9249,-72.1174,67,0.131554
TEL,16240,12.4269,12.1905,0.8768,-11.7408,26,0.051051
TEL,16340,10.7780,11.7048,0.7747,-6.1015,6,0.011781
TEL,16440,12.0992,11.8232,1.2952,-78.6051,69,0.135481
TEL,16540,12.4944,12.0833,1.0955,-1.4420,41,0.080503
TEL,16640,12.5626,12.2318,0.9167,5.2668,-5,-0.009817
TEL,16740,12.0040,12.1100,0.7682,3.2292,-3,-0.005890
TEL,16840,12.3934,12.1716,0.8900,-21.1270,21,0.041233
TEL,16940,10.0523,11.9506,0.7877,-5.0116,5,0.009817
TEL,17040,11.9102,11.8139,1.0494,-80.0000,69,0.135481
TEL,17140,12.4944,12.0320,1.1419,-10.6019,44,0.086394
TEL,17240,12.5969,12.2200,0.9680,5.2517,-5,-0.009817
TEL,17340,11.7568,11.9815,0.6883,8.2403,-8,-0.015708
TEL,17440,12.4269,12.1189,1.0185,-34.5254,35,0.068722
TEL,17540,12.6315,12.3383,0.8026,3.2173,-3,-0.005890
TEL,17640,10.9881,11.6401,0.6617,2.9371,-3,-0.005890
TEL,17740,12.4606,12.0142,1.2625,-0.8168,1,0.001963
TEL,17840,12.5626,12.2357,0.9858,14.5188,-15,-0.029452
TEL,17940,11.1233,11.5826,0.7150,-1.7858,2,0.003927
TEL,18040,12.1635,11.7927,1.4174,-71.4932,63,0.123700
TEL,18140,12.3934,12.0790,1.1036,3.4588,31,0.060868
TEL,18240,9.3128,11.6020,0.9210,2.7378,-3,-0.005890
TEL,18340,12.1958,11.9507,1.3980,-80.0000,64,0.125664
TEL,18440,12.3934,12.1147,1.0493,-1.2012,54,0.106029
TEL,18540,11.7872,11.9163,1.2332,-80.0000,35,0.068722
TEL,18640,11.9413,11.8507,1.0837,-30.2372,33,0.064795
TEL,18740,12.5969,12.1547,1.0614,0.6602,-1,-0.001963
TEL,18840,12.7361,12.3452,0.8453,8.7433,-9,-0.017671
TEL,18940,12.1313,11.8879,1.1795,-80.0000,58,0.113883
TEL,19040,12.4944,12.0989,1.1121,-2.4997,60,0.117810
TEL,19140,12.6315,12.3548,0.7961,9.2930,-8,-0.015708
TEL,19240,11.8484,11.8235,0.6452,3.9108,-4,-0.007854
TEL,19340,12.3600,12.0257,1.1326,-10.5074,11,0.021598
TEL,19440,12.4606,12.1706,0.9743,1.0727,-1,-0.001963
TEL,19540,11.6367,11.5935,1.1977,-80.0000,64,0.125664
TEL,19640,12.1635,11.7786,1.4065,-21.6178,54,0.106029
TEL,19740,12.4944,12.0738,1.1222,2.1199,-2,-0.003927
TEL,19840,10.7780,11.4696,0.9262,6.8903,-7,-0.013744
TEL,19940,12.2939,11.8468,1.4481,-7.5563,8,0.015708
TEL,20040,12.6315,12.1309,1.1532,11.6505,-12,-0.023562
TEL,20140,10.8038,11.9984,0.7830,5.2832,-5,-0.009817
TEL,20240,12.1313,11.9909,1.0016,-80.0000,62,0.121737
TEL,20340,12.4606,12.1664,0.9550,-5.0165,55,0.107992
TEL,20440,10.3076,11.9030,0.8336,-0.8144,1,0.001963
TEL,20540,12.1635,11.7923,1.3550,-80.0000,66,0.129591
TEL,20640,12.6662,12.1252,1.2077,2.6734,50,0.098175
TEL,20740,10.0523,11.8541,0.7285,19.8019,-19,-0.037306
TEL,20840,12.1958,11.8355,1.1459,-80.0000,45,0.088357
TEL,20940,12.5284,12.2470,0.9592,28.9272,69,0.135481
TEL,21040,12.6315,12.3975,0.7530,7.2255,-3,-0.005890
TEL,21140,11.8484,11.7593,1.0765,-80.0000,47,0.092284
TEL,21240,12.3269,11.9575,1.2407,-14.2620,68,0.133518
TEL,21340,12.4944,12.2066,0.9495,3.8300,-2,-0.003927
TEL,21440,11.2060,11.5831,0.7934,1.8126,-2,-0.003927
TEL,21540,12.3269,11.9417,1.3018,2.4748,-2,-0.003927
TEL,21640,12.4606,12.1361,1.0583,7.8730,-8,-0.015708
TEL,21740,11.4320,11.6468,0.7889,2.6689,-3,-0.005890
TEL,21840,12.1635,11.8092,1.3532,-45.3090,44,0.086394
TEL,21940,12.4606,12.1260,1.0719,7.4539,-4,-0.007854
TEL,22040,9.5754,11.6889,0.8740,4.5690,-5,-0.009817
TEL,22140,12.2610,11.9170,1.3910,-43.0182,42,0.082467
TEL,22240,12.4269,12.1097,1.0830,7.8365,-5,-0.009817
TEL,22340,9.4932,11.7294,0.8077,4.0360,-4,-0.007854
TEL,22440,12.0040,11.7058,1.2706,-80.0000,61,0.119773
TEL,22540,12.5284,12.0662,1.1882,2.4708,58,0.113883
TEL,22640,12.6315,12.2644,0.9338,13.5417,-13,-0.025525
TEL,22740,12.6662,12.4672,0.6510,7.2999,-7,-0.013744
TEL,22840,12.6662,12.5512,0.5328,1.0303,-1,-0.001963
TEL,22940,12.6315,12.5761,0.4364,-5.0523,5,0.009817
TEL,23040,12.6662,12.5911,0.4239,-5.8702,6,0.011781
TEL,23140,12.4944,12.5606,0.4217,-10.4677,10,0.019635
TEL,23240,12.3934,12.5417,0.4394,-9.3995,9,0.017671
TEL,23340,12.3934,12.5062,0.4704,-11.1742,11,0.021598
TEL,23440,12.2283,12.4661,0.4938,-11.0965,11,0.021598
TEL,23540,12.0992,12.3905,0.5538,-14.4401,14,0.027489
TEL,23640,12.0040,12.3184,0.6095,-17.4597,17,0.033379
TEL,23740,11.7266,12.1438,0.7316,-24.4321,24,0.047124
TEL,23840,11.6665,12.0100,0.8562,-29.2784,29,0.056941
TEL,23940,11.3179,11.7619,1.0644,-35.8982,36,0.070686
TEL,24040,11.1783,11.5664,1.2381,-42.3624,42,0.082467
TEL,24140,10.9614,11.2966,1.5267,-48.4261,48,0.094248
TEL,24240,10.7780,11.1322,1.7034,-48.6005,49,0.096211
TEL,24340,10.2603,10.5018,2.1978,-80.0000,80,0.157080
TEL,24440,10.4277,10.4636,2.4982,-64.8312,65,0.127627
TEL,24540,10.4764,10.4685,2.5300,-44.1064,44,0.086394
TEL,24640,9.7653,10.2330,2.5315,-45.3012,45,0.088357
TEL,24740,10.3553,10.2482,2.7821,-53.4689,53,0.104065
TEL,24840,10.4277,10.2897,2.7518,-45.7552,46,0.090321
TEL,24940,9.8302,10.1346,2.6945,-44.9285,45,0.088357
TEL,25040,10.3076,10.1550,2.8654,-63.1673,63,0.123700
TEL,25140,10.4520,10.2347,2.8235,-45.9757,46,0.090321
TEL,25240,9.3722,9.9630,2.7653,-43.3211,43,0.084430
TEL,25340,10.3314,10.0419,3.0451,-56.6411,57,0.111919
TEL,25440,10.4034,10.1411,2.9581,-41.9103,42,0.082467
TEL,25540,9.1769,10.0738,2.8170,-41.2683,41,0.080503
TEL,25640,10.0750,10.0293,2.9262,-80.0000,80,0.157080
TEL,25740,10.4034,10.1523,2.9368,-45.2395,45,0.088357
TEL,25840,8.8259,10.0027,2.8477,-41.9625,42,0.082467
TEL,25940,10.0978,9.9735,3.1143,-80.0000,80,0.157080
TEL,26040,10.3793,10.0894,3.0265,-48.1528,48,0.094248
TEL,26140,10.4277,10.2253,2.8562,-39.1726,39,0.076576
TEL,26240,9.7869,10.0225,2.7747,-41.7161,42,0.082467
TEL,26340,10.3553,10.1208,2.9527,-47.5672,48,0.094248
TEL,26440,10.4277,10.2020,2.8792,-42.7432,43,0.084430
TEL,26540,9.9624,9.9892,2.9979,-80.0000,80,0.157080
TEL,26640,10.3314,10.0605,3.0108,-55.3786,55,0.107992
TEL,26740,10.4277,10.1861,2.8995,-43.1832,43,0.084430
TEL,26840,8.0713,9.6117,2.8139,-42.0373,42,0.082467
TEL,26940,10.2368,9.8551,3.3580,-53.6293,54,0.106029
TEL,27040,10.5009,10.0748,3.1449,-32.7767,33,0.064795
TEL,27140,9.2932,9.7374,2.8303,-29.5910,30,0.058905
TEL,27240,10.4034,9.9531,3.2626,-80.0000,79,0.155116
TEL,27340,10.7011,10.3066,2.9342,-27.4708,30,0.058905
TEL,27440,8.8259,10.0790,2.6934,-23.2405,23,0.045160
TEL,27540,10.6252,10.2496,3.1026,-80.0000,76,0.149226
TEL,27640,10.9881,10.5324,2.7504,-17.7058,30,0.058905
TEL,27740,9.0260,10.3870,2.3250,-9.7473,10,0.019635
TEL,27840,10.7011,10.3815,2.6130,-80.0000,70,0.137445
TEL,27940,11.5482,10.9533,2.4242,0.0755,42,0.082467
TEL,28040,11.7266,11.2804,2.0467,8.8620,-9,-0.017671
TEL,28140,11.2338,11.1657,1.5997,-1.8292,2,0.003927
TEL,28240,11.7266,11.3363,1.8343,-27.3950,27,0.053014
TEL,28340,11.9726,11.6447,1.5478,-1.7957,2,0.003927
TEL,28440,10.6504,11.1573,1.3553,-5.2231,5,0.009817
TEL,28540,11.7266,11.3273,1.8372,-31.8436,32,0.062832
TEL,28640,11.6965,11.4393,1.6727,-8.3827,8,0.015708
TEL,28740,10.1208,10.9683,1.5159,-17.2073,17,0.033379
TEL,28840,11.1508,11.0048,2.0317,-80.0000,74,0.145299
TEL,28940,11.2338,11.0949,1.9528,-25.6163,38,0.074613
TEL,29040,9.1961,10.8586,1.9051,-28.5988,29,0.056941
TEL,29140,10.9614,10.7224,2.3773,-80.0000,78,0.153153
TEL,29240,10.8559,10.7489,2.2776,-27.0080,30,0.058905
TEL,29340,9.3326,10.6038,2.2314,-35.7360,36,0.070686
TEL,29440,10.1438,10.4023,2.3962,-80.0000,80,0.157080
TEL,29540,10.7522,10.5123,2.5744,-41.1091,41,0.080503
TEL,29640,10.8298,10.6014,2.4877,-34.6459,35,0.068722
TEL,29740,10.1901,10.3288,2.6284,-80.0000,79,0.155116
TEL,29840,10.6757,10.4113,2.6712,-54.7421,55,0.107992
TEL,29940,10.8298,10.5632,2.5380,-34.2838,34,0.066759
TEL,30040,9.5341,10.4497,2.4368,-33.3393,33,0.064795
TEL,30140,10.8038,10.5328,2.5844,-54.1858,54,0.106029
TEL,30240,10.9084,10.6354,2.4672,-32.4269,32,0.062832
TEL,30340,9.5547,10.2097,2.3225,-32.3298,32,0.062832
TEL,30440,10.6001,10.3285,2.7903,-80.0000,79,0.155116
TEL,30540,10.9084,10.5845,2.5779,-25.3240,29,0.056941
TEL,30640,10.9614,10.7020,2.4155,-26.0880,26,0.051051
TEL,30740,10.6252,10.5676,2.4845,-80.0000,78,0.153153
TEL,30840,10.8298,10.6362,2.4324,-40.8157,42,0.082467
TEL,30940,11.0418,10.7686,2.3282,-33.9137,34,0.066759
TEL,31040,11.1508,10.8548,2.2314,-29.9938,30,0.058905
TEL,31140,11.2897,11.0022,2.1001,-27.6445,28,0.054978
TEL,31240,11.4033,11.0979,1.9978,-25.1771,25,0.049087
TEL,31340,11.5482,11.2339,1.8583,-23.6028,24,0.047124
REF,31431,17.0000,hold_far
TEL,31440,11.5482,11.3164,1.7661,-20.3087,20,0.039270
TEL,31540,11.5775,11.4155,5.6435,-112.0000,87,0.170824
TEL,31640,11.6367,11.4639,5.5845,-112.0000,112,0.219911
TEL,31740,11.6367,11.5102,5.5191,-112.0000,112,0.219911
TEL,31840,11.6071,11.5286,5.4898,-112.0000,112,0.219911
TEL,31940,11.6071,11.5523,5.4642,-112.0000,112,0.219911
TEL,32040,11.6367,11.5629,5.4477,-112.0000,112,0.219911
TEL,32140,11.6367,11.5755,5.4339,-112.0000,112,0.219911
TEL,32240,11.6071,11.5812,5.4245,-112.0000,112,0.219911
TEL,32340,11.6071,11.5838,5.4154,-112.0000,112,0.219911
TEL,32440,11.6071,11.5832,5.4162,-112.0000,112,0.219911
TEL,32540,11.6071,11.5851,5.4156,-112.0000,112,0.219911
TEL,32640,11.6071,11.5870,5.4149,-112.0000,112,0.219911
TEL,32740,11.5775,11.5870,5.4122,-112.0000,112,0.219911
TEL,32840,11.5482,11.5831,5.4130,-112.0000,112,0.219911
TEL,32940,10.8038,11.4827,5.4171,-112.0000,112,0.219911
TEL,33040,11.3462,11.4466,5.5173,-112.0000,112,0.219911
TEL,33140,11.5482,11.4578,5.5545,-112.0000,112,0.219911
TEL,33240,8.9523,11.2934,5.5422,-112.0000,112,0.219911
TEL,33340,11.3179,11.2031,5.8196,-112.0000,112,0.219911
TEL,33440,11.5189,11.2726,5.7969,-112.0000,112,0.219911
TEL,33540,9.0260,11.0512,5.6924,-112.0000,112,0.219911
TEL,33640,11.1508,11.0071,5.9488,-112.0000,112,0.219911
TEL,33740,11.5189,11.2080,5.9261,-112.0000,112,0.219911
TEL,33840,11.6071,11.3233,5.7920,-112.0000,112,0.219911
TEL,33940,11.0961,10.9468,6.0057,-112.0000,112,0.219911
TEL,34040,11.4608,11.1099,6.0532,-112.0000,112,0.219911
TEL,34140,11.5775,11.3129,5.8124,-112.0000,112,0.219911
TEL,34240,10.7266,10.8915,5.6871,-112.0000,112,0.219911
TEL,34340,11.4320,11.0884,6.0685,-112.0000,112,0.219911
TEL,34440,11.5482,11.2394,5.9116,-112.0000,112,0.219911
TEL,34540,10.5009,10.7836,5.6994,-112.0000,112,0.219911
TEL,34640,11.3462,10.9750,6.2164,-112.0000,112,0.219911
TEL,34740,11.5775,11.2521,5.9255,-112.0000,112,0.219911
TEL,34840,9.1961,10.9204,5.7479,-112.0000,112,0.219911
TEL,34940,11.3179,10.9909,6.1765,-112.0000,112,0.219911
TEL,35040,11.4898,11.1730,6.0091,-112.0000,112,0.219911
TEL,35140,9.0075,10.8933,5.7465,-112.0000,112,0.219911
TEL,35240,10.9614,10.7631,6.1067,-112.0000,112,0.219911
TEL,35340,11.5189,11.1382,6.1096,-112.0000,112,0.219911
TEL,35440,11.5775,11.3097,5.8618,-112.0000,112,0.219911
TEL,35540,11.0961,10.8459,6.1596,-112.0000,112,0.219911
TEL,35640,11.4320,11.0541,6.1541,-112.0000,112,0.219911
TEL,35740,11.5775,11.3043,5.8464,-112.0000,112,0.219911
TEL,35840,10.1901,10.7041,5.6957,-112.0000,112,0.219911
TEL,35940,11.4320,11.0434,6.2028,-112.0000,112,0.219911
TEL,36040,11.5482,11.2388,5.9566,-112.0000,112,0.219911
TEL,36140,10.3793,10.7275,5.6845,-112.0000,112,0.219911
TEL,36240,11.3462,10.9589,6.2725,-112.0000,112,0.219911
TEL,36340,11.5775,11.2585,5.9302,-112.0000,112,0.219911
TEL,36440,9.3524,10.9439,5.7415,-112.0000,112,0.219911
TEL,36540,11.2060,10.8492,6.3094,-112.0000,112,0.219911
TEL,36640,11.4898,11.0964,6.1508,-112.0000,112,0.219911
TEL,36740,9.0633,10.8315,5.7972,-112.0000,112,0.219911
TEL,36840,10.9349,10.7365,6.1685,-112.0000,112,0.219911
TEL,36940,11.5189,11.1268,6.1236,-112.0000,112,0.219911
TEL,37040,11.5775,11.3043,5.8732,-112.0000,112,0.219911
TEL,37140,10.8298,10.7433,6.0253,-112.0000,112,0.219911
TEL,37240,11.4033,10.9804,6.2567,-112.0000,112,0.219911
TEL,37340,11.5775,11.2794,5.8997,-112.0000,112,0.219911
TEL,37440,10.1669,10.6712,5.7206,-112.0000,112,0.219911
TEL,37540,11.4320,11.0360,6.2249,-112.0000,112,0.219911
TEL,37640,11.5482,11.2320,5.9640,-112.0000,112,0.219911
TEL,37740,8.7552,10.8782,5.7013,-112.0000,112,0.219911
TEL,37840,11.2617,10.9881,6.1218,-112.0000,112,0.219911
TEL,37940,11.5482,11.2417,5.9212,-112.0000,112,0.219911
TEL,38040,9.8085,11.0307,5.7583,-112.0000,112,0.219911
TEL,38140,11.2617,10.9396,6.1910,-112.0000,112,0.219911
TEL,38240,11.4898,11.1241,6.0604,-112.0000,112,0.219911
TEL,38340,9.3722,10.9226,5.7911,-112.0000,112,0.219911
TEL,38440,10.8559,10.7313,6.0774,-112.0000,112,0.219911
TEL,38540,11.5189,11.1010,6.1451,-112.0000,112,0.219911
TEL,38640,11.5775,11.2809,5.8990,-112.0000,112,0.219911
TEL,38740,10.9349,10.7476,6.1137,-112.0000,112,0.219911
TEL,38840,11.4033,10.9829,6.2524,-112.0000,112,0.219911
TEL,38940,11.5775,11.2776,5.9028,-112.0000,112,0.219911
TEL,39040,9.9179,10.6872,5.7224,-112.0000,112,0.219911
TEL,39140,11.3462,10.9135,6.3088,-112.0000,112,0.219911
TEL,39240,11.5775,11.1555,6.0865,-112.0000,112,0.219911
TEL,39340,8.7727,10.8198,5.7531,-112.0000,112,0.219911
TEL,39440,11.2617,10.9627,6.1802,-112.0000,112,0.219911
TEL,39540,11.5482,11.2341,5.9427,-112.0000,112,0.219911
TEL,39640,11.5775,11.3444,5.7659,-112.0000,112,0.219911
TEL,39740,11.6071,11.4544,5.6095,-112.0000,112,0.219911
TEL,39840,11.6071,11.4941,5.5456,-112.0000,112,0.219911
TEL,39940,11.5775,11.5230,5.4955,-112.0000,112,0.219911
TEL,40040,11.6071,11.5386,5.4770,-112.0000,112,0.219911
TEL,40140,11.6071,11.5499,5.4579,-112.0000,112,0.219911
TEL,40240,11.5775,11.5538,5.4501,-112.0000,112,0.219911
TEL,40340,11.6071,11.5598,5.4446,-112.0000,112,0.219911
TEL,40440,11.6071,11.5650,5.4402,-112.0000,112,0.219911
TEL,40540,11.6071,11.5698,5.4343,-112.0000,112,0.219911
TEL,40640,11.6071,11.5733,5.4302,-112.0000,112,0.219911
TEL,40740,11.5775,11.5763,5.4251,-112.0000,112,0.219911
TEL,40840,11.6071,11.5788,5.4237,-112.0000,112,0.219911
TEL,40940,11.6071,11.5819,5.4201,-112.0000,112,0.219911
TEL,41040,11.6071,11.5837,5.4181,-112.0000,112,0.219911
TEL,41140,11.5775,11.5851,5.4165,-112.0000,112,0.219911
TEL,41240,11.6071,11.5865,5.4149,-112.0000,112,0.219911
TEL,41340,11.1233,11.4191,5.4992,-112.0000,112,0.219911
TEL,41440,11.4320,11.4117,5.5809,-112.0000,112,0.219911
TEL,41540,11.5775,11.4398,5.5819,-112.0000,112,0.219911
TEL,41640,10.2603,11.1292,5.5602,-112.0000,112,0.219911
TEL,41740,11.4608,11.1908,5.8859,-112.0000,112,0.219911
TEL,41840,11.5482,11.2862,5.8092,-112.0000,112,0.219911
TEL,41940,10.5503,10.8920,5.6723,-112.0000,112,0.219911
TEL,42040,11.3462,11.0294,6.1080,-112.0000,112,0.219911
TEL,42140,11.5775,11.2629,5.8869,-112.0000,112,0.219911
TEL,42240,9.2347,10.9569,5.7371,-112.0000,112,0.219911
TEL,42340,11.3462,11.0163,6.1302,-112.0000,112,0.219911
TEL,42440,11.4898,11.1764,5.9837,-112.0000,112,0.219911
TEL,42540,8.8977,10.8830,5.7531,-112.0000,112,0.219911
TEL,42640,11.0149,10.8308,6.1170,-112.0000,112,0.219911
TEL,42740,11.5189,11.1458,6.0613,-112.0000,112,0.219911
TEL,42840,11.5775,11.2990,5.8542,-112.0000,112,0.219911
TEL,42940,11.0149,10.8206,6.1258,-112.0000,112,0.219911
TEL,43040,11.4608,11.0550,6.1794,-112.0000,112,0.219911
TEL,43140,11.5775,11.3129,5.8372,-112.0000,112,0.219911
TEL,43240,10.5503,10.7554,5.6871,-112.0000,112,0.219911
TEL,43340,11.4320,11.0245,6.1852,-112.0000,112,0.219911
TEL,43440,11.5482,11.2168,5.9755,-112.0000,112,0.219911
TEL,43540,10.3076,10.7106,5.7104,-112.0000,112,0.219911
TEL,43640,11.3179,10.9165,6.2894,-112.0000,112,0.219911
TEL,43740,11.5482,11.2419,5.9518,-112.0000,112,0.219911
TEL,43840,9.3524,10.9285,5.7581,-112.0000,112,0.219911
TEL,43940,11.3179,10.9881,6.1701,-112.0000,112,0.219911
TEL,44040,11.5189,11.1703,6.0119,-112.0000,112,0.219911
TEL,44140,9.6590,11.0096,5.7545,-112.0000,112,0.219911
TEL,44240,10.9614,10.8612,5.9904,-112.0000,112,0.219911
TEL,44340,11.5189,11.1527,6.0470,-112.0000,112,0.219911
TEL,44440,11.5775,11.2998,5.8473,-112.0000,112,0.219911
TEL,44540,11.0961,10.8548,6.1435,-112.0000,112,0.219911
TEL,44640,11.4320,11.0548,6.1452,-112.0000,112,0.219911
TEL,44740,11.5775,11.3014,5.8479,-112.0000,112,0.219911
TEL,44840,10.3314,10.7304,5.6986,-112.0000,112,0.219911
TEL,44940,11.4608,11.0576,6.1797,-112.0000,112,0.219911
TEL,45040,11.5482,11.2385,5.9424,-112.0000,112,0.219911
TEL,45140,10.6001,10.8369,5.6925,-112.0000,112,0.219911
TEL,45240,11.2897,10.9661,6.1631,-112.0000,112,0.219911
TEL,45340,11.5482,11.2192,5.9458,-112.0000,112,0.219911
TEL,45440,9.0633,10.8819,5.7808,-112.0000,112,0.219911
TEL,45540,11.2897,10.8833,6.3250,-112.0000,112,0.219911
TEL,45640,11.5482,11.1410,6.1167,-112.0000,112,0.219911
TEL,45740,9.1769,10.8802,5.7668,-112.0000,112,0.219911
TEL,45840,11.1233,10.8845,6.1198,-112.0000,112,0.219911
TEL,45940,11.4898,11.1590,6.0245,-112.0000,112,0.219911
TEL,46040,11.6071,11.3138,5.8410,-112.0000,112,0.219911
TEL,46140,10.9881,10.8116,6.0828,-112.0000,112,0.219911
TEL,46240,11.4608,11.0471,6.1884,-112.0000,112,0.219911
TEL,46340,11.5482,11.3000,5.8488,-112.0000,112,0.219911
TEL,46440,10.5009,10.7486,5.7000,-112.0000,112,0.219911
TEL,46540,11.4320,11.0511,6.1693,-112.0000,112,0.219911
TEL,46640,11.5482,11.2357,5.9489,-112.0000,112,0.219911
TEL,46740,10.5503,10.7681,5.6894,-112.0000,112,0.219911
TEL,46840,11.2617,10.9203,6.2319,-112.0000,112,0.219911
TEL,46940,11.5482,11.2284,5.9654,-112.0000,112,0.219911
TEL,47040,9.0260,10.8634,5.7716,-112.0000,112,0.219911
TEL,47140,11.3462,10.9793,6.1911,-112.0000,112,0.219911
TEL,47240,11.5189,11.1771,6.0207,-112.0000,112,0.219911
TEL,47340,9.1769,10.9228,5.7477,-112.0000,112,0.219911
TEL,47440,10.9349,10.7700,6.0772,-112.0000,112,0.219911
TEL,47540,11.5189,11.1250,6.1135,-112.0000,112,0.219911
TEL,47640,11.6071,11.2999,5.8750,-112.0000,112,0.219911
TEL,47740,10.9881,10.7778,6.1455,-112.0000,112,0.219911
TEL,47840,11.4320,11.0284,6.2222,-112.0000,112,0.219911
TEL,47940,11.5775,11.2973,5.8670,-112.0000,112,0.219911
TEL,48040,10.5503,10.7526,5.7027,-112.0000,112,0.219911
TEL,48140,11.6071,11.0492,6.2009,-112.0000,112,0.219911
TEL,48240,11.6071,11.2633,5.9508,-112.0000,112,0.219911
TEL,48340,11.6071,11.4297,5.6641,-112.0000,112,0.219911
TEL,48440,11.6071,11.4827,5.5703,-112.0000,112,0.219911
TEL,48540,11.6071,11.5258,5.4995,-112.0000,112,0.219911
TEL,48640,11.5775,11.5395,5.4742,-112.0000,112,0.219911
TEL,48740,11.5775,11.5514,5.4568,-112.0000,112,0.219911
TEL,48840,11.6071,11.5597,5.4486,-112.0000,112,0.219911
TEL,48940,11.6071,11.5669,5.4390,-112.0000,112,0.219911
TEL,49040,11.6071,11.5716,5.4331,-112.0000,112,0.219911
TEL,49140,11.6071,11.5756,5.4264,-112.0000,112,0.219911
TEL,49240,11.5775,11.5772,5.4244,-112.0000,112,0.219911
TEL,49340,11.6071,11.5798,5.4214,-112.0000,112,0.219911
TEL,49440,11.5775,11.5796,5.4202,-112.0000,112,0.219911
TEL,49540,11.5775,11.5804,5.4205,-112.0000,112,0.219911
TEL,49640,11.6071,11.5822,5.4196,-112.0000,112,0.219911
TEL,49740,11.6071,11.5846,5.4169,-112.0000,112,0.219911
TEL,49840,11.5775,11.5851,5.4154,-112.0000,112,0.219911
TEL,49940,10.0297,11.4493,5.4142,-112.0000,112,0.219911
TEL,50040,11.2617,11.3951,5.5507,-112.0000,112,0.219911
TEL,50140,11.5189,11.4159,5.6041,-112.0000,112,0.219911
TEL,50240,9.4323,11.2680,5.5841,-112.0000,112,0.219911
TEL,50340,11.1783,11.0653,5.9102,-112.0000,112,0.219911
TEL,50440,11.5189,11.1800,5.9347,-112.0000,112,0.219911
TEL,50540,11.6071,11.3352,5.7624,-112.0000,112,0.219911
TEL,50640,10.9614,11.1241,5.6648,-112.0000,112,0.219911
TEL,50740,11.4898,11.2250,5.8617,-112.0000,112,0.219911
TEL,50840,11.5482,11.3122,5.7750,-112.0000,112,0.219911
TEL,50940,10.9349,10.8624,5.9655,-112.0000,112,0.219911
TEL,51040,11.4033,11.0269,6.1376,-112.0000,112,0.219911
TEL,51140,11.5775,11.2700,5.8842,-112.0000,112,0.219911
TEL,51240,9.9401,10.7256,5.7300,-112.0000,112,0.219911
TEL,51340,11.4320,10.9309,6.2949,-112.0000,112,0.219911
TEL,51440,11.5482,11.1601,6.0691,-112.0000,112,0.219911
TEL,51540,10.1208,10.6528,5.7509,-112.0000,112,0.219911
TEL,51640,11.1508,10.8008,6.3472,-112.0000,112,0.219911
TEL,51740,11.5775,11.1740,6.0657,-112.0000,112,0.219911
TEL,51840,11.6071,11.3341,5.8260,-112.0000,112,0.219911
TEL,51940,11.2060,11.0655,5.9174,-112.0000,112,0.219911
TEL,52040,11.4898,11.1994,5.9345,-112.0000,112,0.219911
TEL,52140,9.7225,11.0501,5.7441,-112.0000,112,0.219911
TEL,52240,10.6504,10.5718,5.9499,-112.0000,112,0.219911
TEL,52340,11.4608,11.0397,6.2718,-112.0000,112,0.219911
TEL,52440,11.5482,11.2538,5.9603,-112.0000,112,0.219911
TEL,52540,10.6504,10.7606,5.6691,-112.0000,112,0.219911
TEL,52640,11.3747,10.9868,6.2394,-112.0000,112,0.219911
TEL,52740,11.5482,11.2698,5.9051,-112.0000,112,0.219911
TEL,52840,8.9158,10.8783,5.7302,-112.0000,112,0.219911
TEL,52940,11.3747,11.0258,6.1435,-112.0000,112,0.219911
TEL,53040,11.5189,11.1966,5.9742,-112.0000,112,0.219911
TEL,53140,9.0075,10.9149,5.7294,-112.0000,112,0.219911
TEL,53240,11.1233,10.9283,6.0851,-112.0000,112,0.219911
TEL,53340,11.5482,11.2064,5.9736,-112.0000,112,0.219911
TEL,53440,11.6071,11.3355,5.7936,-112.0000,112,0.219911
TEL,53540,11.1233,10.8879,6.0968,-112.0000,112,0.219911
TEL,53640,11.4608,11.0971,6.1121,-112.0000,112,0.219911
TEL,53740,11.6071,11.3270,5.8139,-112.0000,112,0.219911
TEL,53840,10.6504,10.7959,5.6730,-112.0000,112,0.219911
TEL,53940,11.4898,11.1076,6.1099,-112.0000,112,0.219911
TEL,54040,11.5482,11.2684,5.8924,-112.0000,112,0.219911
TEL,54140,10.5256,10.8037,5.6714,-112.0000,112,0.219911
TEL,54240,11.2617,10.9754,6.1963,-112.0000,112,0.219911
TEL,54340,11.5189,11.2120,5.9696,-112.0000,112,0.219911
TEL,54440,9.8739,11.0206,5.7880,-112.0000,112,0.219911
TEL,54540,11.2338,10.9371,6.1648,-112.0000,112,0.219911
TEL,54640,11.4898,11.1242,6.0629,-112.0000,112,0.219911
TEL,54740,9.4122,10.9310,5.7989,-112.0000,112,0.219911
TEL,54840,10.9084,10.7741,6.0690,-112.0000,112,0.219911
TEL,54940,11.4608,11.0820,6.1284,-112.0000,112,0.219911
TEL,55040,11.5189,11.2376,5.9180,-112.0000,112,0.219911
TEL,55140,10.6001,10.7676,5.7142,-112.0000,112,0.219911
TEL,55240,11.3462,10.9634,6.2324,-112.0000,112,0.219911
TEL,55340,11.5189,11.2090,5.9597,-112.0000,112,0.219911
TEL,55440,9.5547,10.9571,5.7910,-112.0000,112,0.219911
TEL,55540,11.2617,10.9345,6.1887,-112.0000,112,0.219911
TEL,55640,11.4608,11.1039,6.0655,-112.0000,112,0.219911
TEL,55740,9.5341,10.9392,5.8161,-112.0000,112,0.219911
TEL,55840,10.8559,10.7524,6.0608,-112.0000,112,0.219911
TEL,55940,11.4608,11.0708,6.1465,-112.0000,112,0.219911
TEL,56040,11.5482,11.2489,5.9292,-112.0000,112,0.219911
TEL,56140,10.9084,10.7482,6.0767,-112.0000,112,0.219911
TEL,56240,11.2060,10.9459,6.2518,-112.0000,112,0.219911
TEL,56340,11.5775,11.2438,5.9397,-112.0000,112,0.219911
TEL,56440,10.0750,10.7764,5.7562,-112.0000,112,0.219911
TEL,56540,11.4033,11.0190,6.1751,-112.0000,112,0.219911
TEL,56640,11.5189,11.1937,5.9810,-112.0000,112,0.219911
TEL,56740,11.5775,11.3627,5.7368,-112.0000,112,0.219911
TEL,56840,11.5775,11.4263,5.6373,-112.0000,112,0.219911
TEL,56940,11.5775,11.4832,5.5475,-112.0000,112,0.219911
TEL,57040,11.5775,11.5067,5.5168,-112.0000,112,0.219911
TEL,57140,11.5775,11.5281,5.4860,-112.0000,112,0.219911
TEL,57240,11.5775,11.5360,5.4719,-112.0000,112,0.219911
TEL,57340,11.5775,11.5444,5.4608,-112.0000,112,0.219911
TEL,57440,11.5775,11.5504,5.4556,-112.0000,112,0.219911
TEL,57540,11.6071,11.5598,5.4462,-112.0000,112,0.219911
TEL,57640,11.6071,11.5647,5.4402,-112.0000,112,0.219911
TEL,57740,11.6367,11.5722,5.4346,-112.0000,112,0.219911
TEL,57840,11.6367,11.5768,5.4278,-112.0000,112,0.219911
TEL,57940,11.6071,11.5819,5.4218,-112.0000,112,0.219911
TEL,58040,11.6071,11.5852,5.4181,-112.0000,112,0.219911
TEL,58140,11.6071,11.5877,5.4139,-112.0000,112,0.219911
TEL,58240,11.6367,11.5901,5.4123,-112.0000,112,0.219911
TEL,58340,11.5775,11.5899,5.4093,-112.0000,112,0.219911
TEL,58440,11.2617,11.5574,5.4101,-112.0000,112,0.219911
TEL,58540,11.5189,11.5475,5.4483,-112.0000,112,0.219911
TEL,58640,9.1769,11.4479,5.4525,-112.0000,112,0.219911
TEL,58740,11.3179,11.3444,5.6222,-112.0000,112,0.219911
TEL,58840,11.5189,11.3659,5.6556,-112.0000,112,0.219911
TEL,58940,11.5775,11.4138,5.6201,-112.0000,112,0.219911
TEL,59040,10.9614,11.2616,5.5862,-112.0000,112,0.219911
TEL,59140,11.4898,11.2905,5.7491,-112.0000,112,0.219911
TEL,59240,11.5482,11.3410,5.7095,-112.0000,112,0.219911
TEL,59340,10.8038,10.9332,5.8441,-112.0000,112,0.219911
TEL,59440,11.2897,11.0124,6.0668,-112.0000,112,0.219911
TEL,59540,11.5482,11.2209,5.9157,-112.0000,112,0.219911
TEL,59640,9.1578,10.9328,5.7791,-112.0000,112,0.219911
TEL,59740,11.2897,10.9980,6.1192,-112.0000,112,0.219911
TEL,59840,11.4898,11.1550,6.0020,-112.0000,112,0.219911
TEL,59940,9.4323,10.9645,5.7733,-112.0000,112,0.219911
TEL,60040,10.8038,10.7367,6.0355,-112.0000,112,0.219911
TEL,60140,11.4608,11.0525,6.1655,-112.0000,112,0.219911
TEL,60240,11.5482,11.2320,5.9475,-112.0000,112,0.219911
TEL,60340,10.8038,11.0042,5.6997,-112.0000,112,0.219911
TEL,60440,11.2897,11.0609,5.9958,-112.0000,112,0.219911
TEL,60540,11.5482,11.2430,5.8772,-112.0000,112,0.219911
TEL,60640,9.2736,10.9754,5.7570,-112.0000,112,0.219911
TEL,60740,11.2897,10.9830,6.1216,-112.0000,112,0.219911
TEL,60840,11.4608,11.1357,6.0170,-112.0000,112,0.219911
TEL,60940,9.2347,10.9159,5.7947,-112.0000,112,0.219911
TEL,61040,10.8559,10.7411,6.0841,-112.0000,112,0.219911
TEL,61140,11.4608,11.0728,6.1484,-112.0000,112,0.219911
TEL,61240,11.5775,11.2521,5.9272,-112.0000,112,0.219911
TEL,61340,10.5009,10.7456,5.6832,-112.0000,112,0.219911
REF,61431,9.0000,hold_near
TEL,61440,11.3179,10.9483,6.2544,-112.0000,112,0.219911
TEL,61540,11.6071,11.2596,-2.0439,83.4861,43,0.084430
TEL,61640,10.1208,11.0916,-2.2596,90.9890,-53,-0.104065
TEL,61740,11.2338,11.0037,-1.9225,46.1484,-82,-0.161007
TEL,61840,11.3462,11.0990,-2.0037,77.4573,-77,-0.151189
TEL,61940,11.2617,11.1697,-2.1449,80.8082,-81,-0.159043
TEL,62040,10.0071,10.6503,-2.1697,77.8270,-78,-0.153153
TEL,62140,10.5752,10.5690,-1.5726,45.3302,-45,-0.088357
TEL,62240,10.5009,10.5573,-1.5690,55.0872,-55,-0.107992
TEL,62340,9.3128,10.0790,-1.5474,52.9230,-53,-0.104065
TEL,62440,9.4932,9.8460,-1.0790,13.7306,-14,-0.027489
TEL,62540,9.2154,9.5361,-0.7298,11.0157,-11,-0.021598
TEL,62640,8.6338,9.2350,-0.5361,7.9427,-8,-0.015708
TEL,62740,7.9083,8.6181,0.1007,-24.5000,18,0.035343
TEL,62840,8.2721,8.4118,0.5358,-37.9890,38,0.074613
TEL,62940,8.8438,8.5272,0.5389,-14.7329,17,0.033379
TEL,63040,8.4003,8.5056,0.4944,-18.6591,19,0.037306
TEL,63140,9.4323,8.7995,0.3305,-0.0082,5,0.009817
TEL,63240,9.9179,9.1808,-0.1808,31.9927,-14,-0.027489
TEL,63340,8.3038,9.2803,-0.6570,53.3092,-46,-0.090321
TEL,63440,9.9847,9.5257,-0.5257,38.9730,-41,-0.080503
TEL,63540,10.6252,10.0808,-0.8893,55.2235,-52,-0.102102
TEL,63640,10.6757,10.3426,-1.3426,61.0307,-61,-0.119773
TEL,63740,8.5156,10.1077,-1.5310,64.3041,-64,-0.125664
TEL,63840,10.1901,10.0073,-1.0073,43.9756,-50,-0.098175
TEL,63940,10.6252,10.2767,-1.1846,52.5890,-53,-0.104065
TEL,64040,10.5752,10.3868,-1.3868,54.0960,-54,-0.106029
TEL,64140,8.2721,10.1178,-1.4217,52.1428,-52,-0.102102
TEL,64240,9.9624,10.0102,-1.0102,33.7181,-39,-0.076576
TEL,64340,10.0071,10.0241,-1.0268,37.0544,-37,-0.072649
TEL,64440,9.7012,9.9675,-0.9675,29.4268,-29,-0.056941
TEL,64540,8.8438,9.1905,-0.3276,-40.0475,-14,-0.027489
TEL,64640,9.0075,9.1331,-0.1331,0.0000,38,0.074613
TEL,64740,8.5323,8.9171,0.0002,-9.0435,4,0.007854
TEL,64840,6.8626,8.9171,0.0002,-9.0435,9,0.017671
TEL,64940,8.1938,8.4574,0.3019,-19.6904,20,0.039270
TEL,65040,8.4990,8.4549,0.5426,-29.0191,29,0.056941
TEL,65140,7.1772,8.5099,0.5251,-15.8731,16,0.031416
TEL,65240,8.8259,8.5159,0.5338,-21.4128,21,0.041233
TEL,65340,9.2154,8.7713,0.4075,-4.6816,5,0.009817
TEL,65440,9.4323,8.9770,0.1251,8.5728,-9,-0.017671
TEL,65540,8.1321,8.9633,-0.0673,13.6321,-14,-0.027489
TEL,65640,9.6379,9.2313,-0.1101,22.2041,-22,-0.043197
TEL,65740,9.5962,9.3933,-0.3370,18.4001,-18,-0.035343
TEL,65840,9.6379,9.4334,-0.3931,13.7305,-14,-0.027489
TEL,65940,9.4932,9.4678,-0.4491,17.6839,-18,-0.035343
TEL,66040,9.3922,9.4497,-0.4567,14.6015,-15,-0.029452
TEL,66140,9.2154,9.4046,-0.4241,13.6031,-14,-0.027489
TEL,66240,8.9158,9.3240,-0.3693,8.5116,-9,-0.017671
TEL,66340,8.5491,9.0963,-0.1848,-3.4168,3,0.005890
TEL,66440,8.3358,8.8809,0.0065,-13.0831,13,0.025525
TEL,66540,8.4003,8.6193,0.2377,-23.1479,23,0.045160
TEL,66640,8.4990,8.5713,0.4144,-18.7203,19,0.037306
TEL,66740,8.7028,8.5935,0.4320,-15.5273,16,0.031416
TEL,66840,8.8797,8.6464,0.3825,-10.3820,10,0.019635
TEL,66940,9.2154,8.8051,0.2545,-1.5295,2,0.003927
TEL,67040,9.3326,8.9378,0.1288,3.7580,-4,-0.007854
TEL,67140,9.3722,9.1093,-0.0607,10.0552,-10,-0.019635
TEL,67240,9.4122,9.1881,-0.1494,0.0000,0,0.000000
TEL,67340,9.0633,9.2181,-0.2411,0.0000,0,0.000000
TEL,67440,9.3326,9.2304,-0.2178,0.0000,0,0.000000
TEL,67540,9.4525,9.2806,-0.2619,0.0000,0,0.000000
TEL,67640,8.3198,8.9950,-0.1161,-16.4953,16,0.031416
TEL,67740,9.1961,9.0082,0.0251,0.0000,0,0.000000
TEL,67840,9.3128,9.0809,-0.0435,0.0000,0,0.000000
TEL,67940,9.2541,9.1486,-0.1336,0.0000,0,0.000000
TEL,68040,8.7202,8.9961,-0.0428,-11.7265,12,0.023562
TEL,68140,8.6682,8.8998,0.0646,0.0000,0,0.000000
TEL,68240,8.5323,8.8242,0.1328,0.0000,0,0.000000
TEL,68340,7.4410,8.7753,0.1328,0.0000,0,0.000000
TEL,68440,8.0412,8.5492,0.3506,-17.5199,18,0.035343
TEL,68540,8.4166,8.4557,0.5108,-25.3887,25,0.049087
TEL,68640,8.6338,8.4893,0.5315,-16.9970,17,0.033379
TEL,68740,8.4166,8.4178,0.5821,-24.8334,25,0.049087
TEL,68840,8.9523,8.5092,0.5505,-15.2942,15,0.029452
TEL,68940,9.2154,8.7455,0.3399,-1.3889,1,0.001963
TEL,69040,7.2632,8.8323,0.1677,4.9805,-4,-0.007854
TEL,69140,8.9340,8.7694,0.2606,0.0000,0,0.000000
TEL,69240,9.0446,8.8425,0.1908,0.0000,0,0.000000
TEL,69340,8.8617,8.8784,0.1193,0.0000,0,0.000000
TEL,69440,7.9669,8.7804,0.2196,-13.8148,12,0.023562
TEL,69540,8.4494,8.6108,0.3603,-20.0055,20,0.039270
TEL,69640,6.6036,8.5807,0.4193,-18.4296,19,0.037306
TEL,69740,6.6986,8.5172,0.4828,-20.3918,20,0.039270
TEL,69840,7.9669,8.3276,0.6724,-32.0649,31,0.060868
TEL,69940,8.3358,8.3058,0.6986,-24.3984,24,0.047124
TEL,70040,8.4494,8.3331,0.6669,-21.5504,22,0.043197
TEL,70140,7.8219,8.2931,0.7069,-28.0018,26,0.051051
TEL,70240,8.3679,8.2881,0.7119,-23.7298,24,0.047124
TEL,70340,8.7028,8.3841,0.6159,-16.8716,20,0.039270
TEL,70440,8.8081,8.4633,0.5367,-13.2721,13,0.025525
TEL,70540,8.9706,8.4834,0.5870,-23.6926,17,0.033379
TEL,70640,8.9523,8.5950,0.4050,-6.7944,20,0.039270
TEL,70740,9.1388,8.7914,0.2086,0.7090,3,0.005890
TEL,70840,7.0813,8.8315,0.2086,0.7090,-1,-0.001963
TEL,70940,8.7202,8.7254,0.2435,0.0000,0,0.000000
TEL,71040,8.7376,8.7282,0.2746,0.0000,0,0.000000
TEL,71140,8.6510,8.7201,0.2718,0.0000,0,0.000000
TEL,71240,8.0412,8.6642,0.2799,0.0000,0,0.000000
TEL,71340,8.3679,8.5529,0.3871,-19.9685,20,0.039270
TEL,71440,8.4003,8.5177,0.4471,-18.6364,19,0.037306
TEL,71540,6.7851,8.4822,0.5029,-20.1812,20,0.039270
TEL,71640,7.8938,8.4237,0.5763,-22.6037,23,0.045160
TEL,71740,8.2563,8.3635,0.6233,-23.7661,24,0.047124
TEL,71840,8.3518,8.3613,0.6387,-22.4774,22,0.043197
TEL,71940,7.7794,8.3172,0.6828,-26.8712,25,0.049087
TEL,72040,8.2563,8.2837,0.7163,-25.4485,25,0.049087
TEL,72140,8.4166,8.3106,0.6894,-22.9075,23,0.045160
TEL,72240,8.4659,8.3336,0.6664,-21.8762,22,0.043197
TEL,72340,8.4824,8.2929,0.7279,-29.3221,26,0.051051
TEL,72440,8.3679,8.2965,0.7035,-23.7228,25,0.049087
TEL,72540,7.9964,8.3056,0.6639,-20.1340,20,0.039270
TEL,72640,6.7851,8.3319,0.6639,-20.1340,20,0.039270
TEL,72740,8.4824,8.3008,0.7274,-29.1700,29,0.056941
TEL,72840,8.7904,8.3859,0.6992,-21.8288,22,0.043197
TEL,72940,9.0075,8.5633,0.5647,-13.5919,14,0.027489
TEL,73040,8.0562,8.4905,0.4367,-6.7398,7,0.013744
TEL,73140,8.8797,8.5729,0.5057,-17.2198,17,0.033379
TEL,73240,8.9340,8.6539,0.4271,-9.1967,9,0.017671
TEL,73340,7.1651,8.6934,0.3232,0.0000,0,0.000000
TEL,73440,8.2563,8.5302,0.4216,-21.9454,22,0.043197
TEL,73540,8.5998,8.5331,0.4769,-17.5764,18,0.035343
TEL,73640,8.6682,8.5549,0.4578,-14.8939,15,0.029452
TEL,73740,7.9669,8.5113,0.4324,-13.5486,14,0.027489
TEL,73840,8.4659,8.4878,0.5096,-20.4366,20,0.039270
TEL,73940,8.6510,8.5149,0.5079,-17.2338,17,0.033379
TEL,74040,8.6855,8.5412,0.4720,-14.8825,15,0.029452
TEL,74140,8.2879,8.4735,0.5066,-20.7247,21,0.041233
TEL,74240,8.5323,8.4738,0.5320,-19.3067,19,0.037306
TEL,74340,8.6682,8.5109,0.5031,-16.2390,16,0.031416
TEL,74440,6.9761,8.5224,0.4776,-15.2876,15,0.029452
TEL,74540,8.4330,8.4458,0.5529,-21.7238,22,0.043197
TEL,74640,8.6168,8.4688,0.5451,-17.9280,18,0.035343
TEL,74740,8.7202,8.5140,0.5046,-16.0746,16,0.031416
TEL,74840,8.7376,8.5519,0.4656,-13.7551,14,0.027489
TEL,74940,8.6682,8.5817,0.4261,-13.4336,13,0.025525
TEL,75040,8.6855,8.5986,0.4087,-13.0983,13,0.025525
TEL,75140,8.6855,8.6163,0.3890,-12.7185,13,0.025525
TEL,75240,8.6682,8.6230,0.3802,-12.8631,13,0.025525
TEL,75340,8.6682,8.6327,0.3695,-12.6256,13,0.025525
TEL,75440,8.6510,8.6375,0.3633,-12.2214,12,0.023562
TEL,75540,8.7028,8.6453,0.3577,-12.3429,12,0.023562
TEL,75640,8.6855,8.6491,0.3527,-12.1006,12,0.023562
TEL,75740,8.7028,8.6553,0.3469,0.0000,0,0.000000
TEL,75840,8.7028,8.6592,0.3427,0.0000,0,0.000000
TEL,75940,8.7028,8.6616,0.3400,0.0000,0,0.000000
TEL,76040,8.6855,8.6627,0.3381,0.0000,0,0.000000
TEL,76140,8.7028,8.6650,0.3363,0.0000,0,0.000000
TEL,76240,8.7028,8.6669,0.3343,0.0000,0,0.000000
TEL,76340,8.7028,8.6691,0.3319,0.0000,0,0.000000
TEL,76440,8.7376,8.6722,0.3299,0.0000,0,0.000000
TEL,76540,8.6855,8.6748,0.3255,0.0000,0,0.000000
TEL,76640,7.8077,8.6499,0.3501,-13.8129,12,0.023562
TEL,76740,8.5659,8.6270,0.3701,-13.8921,14,0.027489
TEL,76840,8.6338,8.6254,0.3746,-13.0624,13,0.025525
TEL,76940,6.9417,8.6247,0.3753,-13.3585,13,0.025525
TEL,77040,8.3198,8.5811,0.4189,-16.4498,16,0.031416
TEL,77140,8.5998,8.5756,0.4257,-14.8375,15,0.029452
TEL,77240,8.6338,8.5831,0.4169,-14.2518,14,0.027489
TEL,77340,7.8505,8.5510,0.4490,-17.9805,18,0.035343
TEL,77440,8.4166,8.5276,0.4724,-17.5183,18,0.035343
TEL,77540,6.7742,8.5345,0.4655,-15.3330,17,0.033379
TEL,77640,8.7028,8.5547,0.4453,-14.3471,14,0.027489
TEL,77740,8.3679,8.5109,0.4891,-18.5419,17,0.033379
TEL,77840,8.5828,8.5161,0.4839,-16.3212,16,0.031416
TEL,77940,8.6510,8.5422,0.4578,-15.0584,15,0.029452
TEL,78040,6.8963,8.5516,0.4578,-15.0584,15,0.029452
TEL,78140,8.4494,8.4862,0.4867,-19.4294,19,0.037306
TEL,78240,8.6855,8.5069,0.5138,-18.3956,18,0.035343
TEL,78340,8.6682,8.5446,0.4822,-15.5142,16,0.031416
TEL,78440,7.8649,8.4930,0.4554,-14.6526,15,0.029452
TEL,78540,8.5156,8.4716,0.5274,-21.0047,21,0.041233
TEL,78640,8.6168,8.4916,0.5284,-17.9676,18,0.035343
TEL,78740,7.0225,8.5169,0.4973,-16.0104,16,0.031416
TEL,78840,8.2406,8.4361,0.5428,-22.7270,23,0.045160
TEL,78940,8.6510,8.4597,0.5673,-20.2925,20,0.039270
TEL,79040,8.6338,8.4916,0.5221,-16.0015,16,0.031416
TEL,79140,6.7308,8.5114,0.4886,-14.6314,15,0.029452
TEL,79240,8.4330,8.4788,0.5165,-19.2420,19,0.037306
TEL,79340,8.5998,8.5014,0.5166,-17.5010,18,0.035343
TEL,79440,8.6855,8.4765,0.4986,-16.3888,16,0.031416
TEL,79540,8.2721,8.4150,0.5058,-15.4952,15,0.029452
TEL,79640,8.5323,8.4496,0.5850,-22.6647,23,0.045160
TEL,79740,8.6682,8.5019,0.5388,-17.4131,17,0.033379
TEL,79840,7.1290,8.4816,0.4981,-15.2155,15,0.029452
TEL,79940,8.4003,8.3997,0.5841,-24.5434,25,0.049087
TEL,80040,8.5659,8.4240,0.5906,-19.4550,19,0.037306
TEL,80140,8.6510,8.4827,0.5599,-17.5912,18,0.035343
TEL,80240,7.7935,8.4189,0.5811,-24.3301,24,0.047124
TEL,80340,8.5323,8.4067,0.6071,-21.3847,21,0.041233
TEL,80440,8.6510,8.4451,0.5549,-16.7320,17,0.033379
TEL,80540,7.0225,8.4857,0.5143,-15.5835,16,0.031416
TEL,80640,8.2406,8.4623,0.5377,-19.7926,20,0.039270
TEL,80740,8.5659,8.4685,0.5409,-17.9969,18,0.035343
TEL,80840,8.6682,8.4967,0.5033,-15.6650,16,0.031416
TEL,80940,6.7524,8.5213,0.4787,-15.2956,15,0.029452
TEL,81040,8.6168,8.5052,0.5054,-19.3507,19,0.037306
TEL,81140,8.6168,8.5150,0.4931,-16.8114,17,0.033379
TEL,81240,8.6682,8.5340,0.4660,-15.0222,15,0.029452
TEL,81340,8.0713,8.5011,0.4989,-18.8332,19,0.037306
TEL,81440,8.5323,8.4960,0.5040,-17.2556,17,0.033379
TEL,81540,8.6682,8.5240,0.4760,-15.2807,15,0.029452
TEL,81640,7.4151,8.5355,0.4760,-15.2807,15,0.029452
TEL,81740,8.3679,8.5045,0.4844,-17.7844,18,0.035343
TEL,81840,8.5998,8.5119,0.4947,-17.2098,17,0.033379
TEL,81940,8.6682,8.5372,0.4721,-15.5652,16,0.031416
TEL,82040,6.7961,8.5372,0.4721,-15.5652,16,0.031416
TEL,82140,8.5323,8.5043,0.4897,-18.2619,18,0.035343
TEL,82240,8.6338,8.5168,0.4957,-17.0749,17,0.033379
TEL,82340,7.2261,8.5338,0.4744,-15.5052,16,0.031416
TEL,82440,8.0412,8.4444,0.5188,-21.4463,21,0.041233
TEL,82540,8.5491,8.4513,0.5612,-20.3384,20,0.039270
TEL,82640,8.7028,8.4819,0.5369,-17.3228,17,0.033379
TEL,82740,6.7524,8.4955,0.5045,-15.9504,16,0.031416
TEL,82840,8.4330,8.4657,0.5313,-19.7100,20,0.039270
TEL,82940,8.6168,8.4861,0.5317,-18.2735,18,0.035343
TEL,83040,8.6855,8.5105,0.5032,-16.2654,16,0.031416
TEL,83140,8.1016,8.4804,0.5196,-19.4379,19,0.037306
TEL,83240,8.4990,8.4759,0.5241,-18.1002,18,0.035343
TEL,83340,6.9076,8.4969,0.5031,-16.5849,17,0.033379
TEL,83440,8.7202,8.5259,0.4741,-14.6748,15,0.029452
TEL,83540,8.3841,8.4328,0.5672,-20.5158,19,0.037306
TEL,83640,8.5828,8.4529,0.5471,-17.5961,18,0.035343
TEL,83740,8.6855,8.4996,0.5004,-15.3678,15,0.029452
TEL,83840,6.7742,8.5125,0.5004,-15.3678,15,0.029452
TEL,83940,8.5156,8.4756,0.5194,-20.1755,20,0.039270
TEL,84040,8.7028,8.5087,0.5244,-17.8771,18,0.035343
TEL,84140,8.6855,8.5505,0.4766,-14.8416,15,0.029452
TEL,84240,8.7028,8.5729,0.4495,-14.2050,14,0.027489
TEL,84340,8.6855,8.5996,0.4168,-13.3030,13,0.025525
TEL,84440,8.6855,8.6128,0.4004,-13.1304,13,0.025525
TEL,84540,8.6682,8.6254,0.3821,-12.7421,13,0.025525
TEL,84640,8.6855,8.6315,0.3746,-12.7389,13,0.025525
TEL,84740,8.6682,8.6373,0.3664,-12.5566,13,0.025525
TEL,84840,8.7028,8.6439,0.3627,-12.4748,12,0.023562
TEL,84940,8.6855,8.6496,0.3541,-12.1340,12,0.023562
TEL,85040,8.7028,8.6535,0.3504,-12.0432,12,0.023562
TEL,85140,8.6855,8.6574,0.3451,0.0000,0,0.000000
TEL,85240,8.7028,8.6603,0.3426,0.0000,0,0.000000
TEL,85340,8.6855,8.6643,0.3381,0.0000,0,0.000000
TEL,85440,8.7028,8.6664,0.3357,0.0000,0,0.000000
TEL,85540,8.6855,8.6705,0.3305,0.0000,0,0.000000
TEL,85640,8.6855,8.6715,0.3295,0.0000,0,0.000000
TEL,85740,8.6682,8.6733,0.3275,0.0000,0,0.000000
TEL,85840,8.6855,8.6735,0.3267,0.0000,0,0.000000
TEL,85940,7.0576,8.6727,0.3267,0.0000,0,0.000000
TEL,86040,8.1783,8.6593,0.3407,0.0000,0,0.000000
TEL,86140,8.5659,8.6436,0.3535,-13.0445,11,0.021598
TEL,86240,8.6338,8.6423,0.3577,-12.5594,13,0.025525
TEL,86340,7.6956,8.6120,0.3880,-15.6408,16,0.031416
TEL,86440,8.4990,8.5865,0.4135,-15.1180,15,0.029452
TEL,86540,8.6510,8.5870,0.4130,-14.0210,14,0.027489
TEL,86640,8.6855,8.5958,0.4042,-13.5569,14,0.027489
TEL,86740,8.6338,8.5694,0.4348,-17.1271,17,0.033379
TEL,86840,8.5491,8.5643,0.4357,-15.3664,15,0.029452
TEL,86940,8.6682,8.5759,0.4241,-14.2058,14,0.027489
TEL,87040,7.1772,8.5798,0.4241,-14.2058,14,0.027489
TEL,87140,8.4166,8.5180,0.4620,-18.7815,19,0.037306
TEL,87240,8.6168,8.5285,0.4820,-17.8025,18,0.035343
TEL,87340,7.4802,8.5447,0.4648,-15.4267,15,0.029452
TEL,87440,8.0113,8.5109,0.4891,-18.5272,19,0.037306
TEL,87540,8.5491,8.5035,0.4998,-17.5060,18,0.035343
TEL,87640,7.7653,8.4625,0.4890,-16.1846,16,0.031416
TEL,87740,6.8181,8.4950,0.5050,-15.9004,16,0.031416
TEL,87840,8.3841,8.4613,0.5387,-19.7828,20,0.039270
TEL,87940,8.6510,8.4914,0.5222,-17.1288,17,0.033379
TEL,88040,7.9521,8.4617,0.4947,-15.5823,16,0.031416
TEL,88140,8.2721,8.4444,0.5556,-20.1661,20,0.039270
TEL,88240,8.5491,8.4484,0.5516,-18.1287,18,0.035343
TEL,88340,8.6682,8.4881,0.5119,-15.9460,16,0.031416
TEL,88440,7.3511,8.5013,0.5119,-15.9460,16,0.031416
TEL,88540,8.4330,8.4364,0.5431,-21.7789,22,0.043197
TEL,88640,8.5998,8.4603,0.5636,-19.7702,20,0.039270
TEL,88740,8.6510,8.5095,0.5254,-16.5947,17,0.033379
TEL,88840,7.7794,8.4480,0.4905,-15.5179,16,0.031416
TEL,88940,8.5491,8.4403,0.5798,-23.7673,24,0.047124
TEL,89040,8.6855,8.4814,0.5597,-18.1090,18,0.035343
TEL,89140,6.9417,8.4082,0.4959,-14.5203,15,0.029452
TEL,89240,8.4003,8.3481,0.6602,-27.3841,27,0.053014
TEL,89340,8.7028,8.4244,0.6392,-20.7978,21,0.041233
TEL,89440,8.7376,8.4901,0.5429,-14.9276,15,0.029452
TEL,89540,8.0562,8.4636,0.4827,-13.4897,13,0.025525
TEL,89640,8.4494,8.4844,0.5364,-22.1354,22,0.043197
TEL,89740,8.6168,8.5121,0.5103,-17.2008,17,0.033379
TEL,89840,8.6510,8.5440,0.4670,-13.7290,14,0.027489
TEL,89940,8.3841,8.4909,0.4972,-19.9826,20,0.039270
TEL,90040,8.6168,8.5026,0.5083,-17.6946,18,0.035343
TEL,90140,8.6855,8.5369,0.4762,-15.4196,15,0.029452
TEL,90240,6.8626,8.5461,0.4539,-14.7393,15,0.029452
TEL,90340,8.4824,8.5144,0.4923,-19.6331,20,0.039270
TEL,90440,8.6168,8.5260,0.4815,-16.3354,16,0.031416
TEL,90540,7.1530,8.5461,0.4539,-14.5176,15,0.029452
TEL,90640,8.1783,8.5194,0.4806,-17.9321,18,0.035343
TEL,90740,8.5659,8.5088,0.4958,-17.7612,18,0.035343
TEL,90840,8.6682,8.5282,0.4718,-15.1925,15,0.029452
TEL,90940,6.8850,8.5392,0.4718,-15.1925,15,0.029452
TEL,91040,8.4003,8.4928,0.4989,-19.0537,19,0.037306
TEL,91140,8.6338,8.5107,0.5054,-17.4625,17,0.033379
TEL,91240,8.6855,8.5312,0.4805,-15.7202,16,0.031416
TEL,91340,8.0562,8.4975,0.5025,-18.9876,19,0.037306
TEL,91440,8.4824,8.4879,0.5121,-17.9815,18,0.035343
TEL,91540,6.9531,8.4999,0.5001,-16.5650,17,0.033379
TEL,91640,8.6510,8.5211,0.4789,-15.5533,16,0.031416
TEL,91740,8.3679,8.4415,0.5585,-20.4383,19,0.037306
TEL,91840,8.6510,8.4668,0.5332,-16.6202,17,0.033379
TEL,91940,7.9964,8.4518,0.5083,-16.0439,16,0.031416
TEL,92040,7.7653,8.3892,0.6108,-25.2971,20,0.039270
TEL,92140,8.5491,8.3854,0.6146,-19.3208,21,0.041233
TEL,92240,8.6168,8.4276,0.5724,-17.5168,18,0.035343
TEL,92340,8.4990,8.4715,0.5315,-16.1652,16,0.031416
TEL,92440,8.2093,8.3972,0.6028,-23.8016,20,0.039270
TEL,92540,8.5998,8.4414,0.5586,-17.4525,20,0.039270
TEL,92640,8.6682,8.4791,0.5209,-15.7840,16,0.031416
TEL,92740,7.7234,8.4286,0.5714,-24.6717,20,0.039270
TEL,92840,8.4330,8.4177,0.5823,-20.1435,21,0.041233
TEL,92940,8.7028,8.4714,0.5529,-17.1059,17,0.033379
TEL,93040,8.6682,8.5107,0.4893,-15.0050,15,0.029452
TEL,93140,8.6682,8.5570,0.4430,-14.0754,14,0.027489
TEL,93240,8.7376,8.5895,0.4105,-12.5334,13,0.025525
TEL,93340,8.7552,8.6235,0.3765,-11.6714,12,0.023562
TEL,93440,8.7727,8.6399,0.3601,-11.1915,11,0.021598
TEL,93540,8.7028,8.6516,0.3484,0.0000,7,0.013744
TEL,93640,8.7376,8.6627,0.3373,0.0000,0,0.000000
TEL,93740,8.7376,8.6737,0.3263,0.0000,0,0.000000
TEL,93840,8.6855,8.6750,0.3250,0.0000,0,0.000000
TEL,93940,8.7028,8.6816,0.3184,0.0000,0,0.000000
TEL,94040,8.7202,8.6851,0.3149,0.0000,0,0.000000
TEL,94140,8.7202,8.6881,0.3119,0.0000,0,0.000000
TEL,94240,8.6855,8.6886,0.3114,0.0000,0,0.000000
TEL,94340,8.6855,8.6888,0.3112,0.0000,0,0.000000
TEL,94440,8.7028,8.6886,0.3114,0.0000,0,0.000000
TEL,94540,8.6855,8.6878,0.3122,0.0000,0,0.000000
TEL,94640,8.6855,8.6877,0.3123,0.0000,0,0.000000
TEL,94740,8.6855,8.6875,0.3125,0.0000,0,0.000000
TEL,94840,8.6855,8.6869,0.3131,0.0000,0,0.000000
TEL,94940,8.4824,8.6598,0.3402,0.0000,0,0.000000
TEL,95040,8.6682,8.6575,0.3425,0.0000,0,0.000000
TEL,95140,8.6510,8.6568,0.3432,0.0000,0,0.000000
TEL,95240,8.1016,8.6051,0.3949,-16.7258,4,0.007854
TEL,95340,8.5998,8.5921,0.4079,-14.2225,14,0.027489
TEL,95440,8.6510,8.5970,0.4030,-13.7536,14,0.027489
TEL,95540,8.0262,8.5719,0.4281,-16.6605,16,0.031416
TEL,95640,8.5491,8.5650,0.4350,-15.3452,15,0.029452
TEL,95740,8.6855,8.5771,0.4229,-14.0681,14,0.027489
TEL,95840,7.1894,8.5818,0.4229,-14.0681,14,0.027489
TEL,95940,8.4990,8.5221,0.4614,-18.8460,19,0.037306
TEL,96040,8.6338,8.5329,0.4779,-16.9451,17,0.033379
TEL,96140,7.2757,8.5059,0.4671,-15.4879,15,0.029452
TEL,96240,8.3679,8.4528,0.5386,-21.6361,22,0.043197
TEL,96340,8.6168,8.4820,0.5417,-18.2730,18,0.035343
TEL,96440,8.7376,8.5163,0.5031,-15.7399,16,0.031416
TEL,96540,8.0562,8.4892,0.4725,-15.1430,15,0.029452
TEL,96640,8.4659,8.4757,0.5234,-19.8844,20,0.039270
