HCSR04_CHECK_BOOT
BOOT_TEST,mode=PULSEIN
SONAR_CHK,ts_ms=251,mode=PULSEIN,ok=1,cm=23.05,pulse_us=0,timer1=0,pings=1,valid=1,timeout=0,miss=0
BOOT_TEST,mode=PCINT
SONAR_CHK,ts_ms=318,mode=PCINT,ok=1,cm=26.21,pulse_us=1520,timer1=0,pings=2,valid=2,timeout=0,miss=0
OK,counters_reset
BOOT,ready
HCSR04_CHECK_HELP
Commands:
  h  help
  s  single shot
  t  toggle stream (10 Hz)
  a  Mode A: PCINT ISR (default)
  b  Mode B: pulseIn (blocking)
  T  toggle Timer1 40kHz stress
  R  reset counters
HOST_CMD,R
OK,counters_reset
HOST_CMD,a
OK,mode=PCINT
HOST_CMD,T
OK,timer1_stress=ON
HOST_CMD,t
OK,stream=1
SONAR_CHK,ts_ms=2987,mode=PCINT,ok=1,cm=26.21,pulse_us=1520,timer1=1,pings=1,valid=1,timeout=0,miss=0
SONAR_CHK,ts_ms=3026,mode=PCINT,ok=1,cm=26.21,pulse_us=1520,timer1=1,pings=2,valid=2,timeout=0,miss=0
SONAR_CHK,ts_ms=3066,mode=PCINT,ok=1,cm=26.62,pulse_us=1544,timer1=1,pings=3,valid=3,timeout=0,miss=0
SONAR_CHK,ts_ms=3106,mode=PCINT,ok=1,cm=26.21,pulse_us=1520,timer1=1,pings=4,valid=4,timeout=0,miss=0
SONAR_CHK,ts_ms=3146,mode=PCINT,ok=1,cm=25.86,pulse_us=1500,timer1=1,pings=5,valid=5,timeout=0,miss=0
SONAR_CHK,ts_ms=3186,mode=PCINT,ok=1,cm=25.79,pulse_us=1496,timer1=1,pings=6,valid=6,timeout=0,miss=0
SONAR_CHK,ts_ms=3226,mode=PCINT,ok=1,cm=25.79,pulse_us=1496,timer1=1,pings=7,valid=7,timeout=0,miss=0
SONAR_CHK,ts_ms=3266,mode=PCINT,ok=1,cm=25.86,pulse_us=1500,timer1=1,pings=8,valid=8,timeout=0,miss=0
SONAR_CHK,ts_ms=3306,mode=PCINT,ok=0,cm=0.00,pulse_us=1496,timer1=1,pings=9,valid=8,timeout=0,miss=0
SONAR_CHK,ts_ms=3310,mode=PCINT,ok=1,cm=25.79,pulse_us=1496,timer1=1,pings=9,valid=9,timeout=0,miss=0
SONAR_CHK,ts_ms=3347,mode=PCINT,ok=1,cm=25.79,pulse_us=1496,timer1=1,pings=10,valid=10,timeout=0,miss=0
SONAR_CHK,ts_ms=3387,mode=PCINT,ok=1,cm=25.79,pulse_us=1496,timer1=1,pings=11,valid=11,timeout=0,miss=0
SONAR_CHK,ts_ms=3427,mode=PCINT,ok=0,cm=0.00,pulse_us=1520,timer1=1,pings=12,valid=11,timeout=0,miss=0
SONAR_CHK,ts_ms=3430,mode=PCINT,ok=1,cm=26.21,pulse_us=1520,timer1=1,pings=12,valid=12,timeout=0,miss=0
SONAR_CHK,ts_ms=3467,mode=PCINT,ok=1,cm=26.28,pulse_us=1524,timer1=1,pings=13,valid=13,timeout=0,miss=0
SONAR_CHK,ts_ms=3507,mode=PCINT,ok=1,cm=26.21,pulse_us=1520,timer1=1,pings=14,valid=14,timeout=0,miss=0
SONAR_CHK,ts_ms=3547,mode=PCINT,ok=1,cm=25.79,pulse_us=1496,timer1=1,pings=15,valid=15,timeout=0,miss=0
SONAR_CHK,ts_ms=3587,mode=PCINT,ok=1,cm=25.79,pulse_us=1496,timer1=1,pings=16,valid=16,timeout=0,miss=0
26,valid=26,timeout=0,miss=0
SONAR_CHK,ts_ms=4027,mode=PCINT,ok=1,cm=25.79,pulse_us=1496,timer1=1,pings=27,valid=27,timeout=0,miss=0
SONAR_CHK,ts_ms=4067,mode=PCINT,ok=1,cm=25.79,pulse_us=1496,timer1=1,pings=28,valid=28,timeout=0,miss=0
SONAR_CHK,ts_ms=4107,mode=PCINT,ok=1,cm=25.79,pulse_us=1496,timer1=1,pings=29,valid=29,timeout=0,miss=0
SONAR_CHK,ts_ms=4148,mode=PCINT,ok=1,cm=25.79,pulse_us=1496,timer1=1,pings=30,valid=30,timeout=0,miss=0
SONAR_CHK,ts_ms=4188,mode=PCINT,ok=1,cm=25.79,pulse_us=1496,timer1=1,pings=31,valid=31,timeout=0,miss=0
SONAR_CHK,ts_ms=4228,mode=PCINT,ok=1,cm=25.72,pulse_us=1492,timer1=1,pings=32,valid=32,timeout=0,miss=0
SONAR_CHK,ts_ms=4268,mode=PCINT,ok=1,cm=25.79,pulse_us=1496,timer1=1,pings=33,valid=33,timeout=0,miss=0
SONAR_CHK,ts_ms=4307,mode=PCINT,ok=1,cm=26.21,pulse_us=1520,timer1=1,pings=34,valid=34,timeout=0,miss=0
SONAR_CHK,ts_ms=4347,mode=PCINT,ok=1,cm=25.72,pulse_us=1492,timer1=1,pings=35,valid=35,timeout=0,miss=0
SONAR_CHK,ts_ms=4387,mode=PCINT,ok=0,cm=0.00,pulse_us=1516,timer1=1,pings=36,valid=35,timeout=0,miss=0
SONAR_CHK,ts_ms=4390,mode=PCINT,ok=1,cm=26.14,pulse_us=1516,timer1=1,pings=36,valid=36,timeout=0,miss=0
SONAR_CHK,ts_ms=4427,mode=PCINT,ok=1,cm=25.79,pulse_us=1496,timer1=1,pings=37,valid=37,timeout=0,miss=0
SONAR_CHK,ts_ms=4467,mode=PCINT,ok=1,cm=26.21,pulse_us=1520,timer1=1,pings=38,valid=38,timeout=0,miss=0
SONAR_CHK,ts_ms=4507,mode=PCINT,ok=1,cm=26.21,pulse_us=1520,timer1=1,pings=39,valid=39,timeout=0,miss=0
SONAR_CHK,ts_ms=4547,mode=PCINT,ok=1,cm=26.69,pulse_us=1548,timer1=1,pings=40,valid=40,timeout=0,miss=0
SONAR_CHK,ts_ms=4588,mode=PCINT,ok=1,cm=25.72,pulse_us=1492,timer1=1,pings=41,valid=41,timeout=0,miss=0
SONAR_CHK,ts_ms=4628,mode=PCINT,ok=1,cm=25.79,pulse_us=1496,timer1=1,pings=42,valid=42,timeout=0,miss=0
SONAR_CHK,ts_ms=4668,mode=PCINT,ok=1,cm=25.79,pulse_us=1496,timer1=1,pings=43,valid=43,timeout=0,miss=0
SONAR_CHK,ts_ms=4708,mode=PCINT,ok=1,cm=25.79,pulse_us=1496,timer1=1,pings=44,valid=44,timeout=0,miss=0
SONAR_CHK,ts_ms=4748,mode=PCINT,ok=0,cm=0.00,pulse_us=1520,timer1=1,pings=45,valid=44,timeout=0,miss=0
SONAR_CHK,ts_ms=4751,mode=PCINT,ok=1,cm=26.21,pulse_us=1520,timer1=1,pings=45,valid=45,timeout=0,miss=0
SONAR_CHK,ts_ms=4788,mode=PCINT,ok=1,cm=26.21,pulse_us=1520,timer1=1,pings=46,valid=46,timeout=0,miss=0
SONAR_CHK,ts_ms=4828,mode=PCINT,ok=1,cm=26.21,pulse_us=1520,timer1=1,pings=47,valid=47,timeout=0,miss=0
SONAR_CHK,ts_ms=4868,mode=PCINT,ok=1,cm=25.79,pulse_us=1496,timer1=1,pings=48,valid=48,timeout=0,miss=0
SONAR_CHK,ts_ms=4908,mode=PCINT,ok=1,cm=25.86,pulse_us=1500,timer1=1,pings=49,valid=49,timeout=0,miss=0
1492,timer1=1,pings=58,valid=57,timeout=0,miss=0
SONAR_CHK,ts_ms=5271,mode=PCINT,ok=1,cm=25.72,pulse_us=1492,timer1=1,pings=58,valid=58,timeout=0,miss=0
SONAR_CHK,ts_ms=5308,mode=PCINT,ok=1,cm=25.79,pulse_us=1496,timer1=1,pings=59,valid=59,timeout=0,miss=0
SONAR_CHK,ts_ms=5348,mode=PCINT,ok=0,cm=0.00,pulse_us=1492,timer1=1,pings=60,valid=59,timeout=0,miss=0
SONAR_CHK,ts_ms=5352,mode=PCINT,ok=1,cm=25.72,pulse_us=1492,timer1=1,pings=60,valid=60,timeout=0,miss=0
SONAR_CHK,ts_ms=5388,mode=PCINT,ok=1,cm=25.72,pulse_us=1492,timer1=1,pings=61,valid=61,timeout=0,miss=0
SONAR_CHK,ts_ms=5428,mode=PCINT,ok=0,cm=0.00,pulse_us=1496,timer1=1,pings=62,valid=61,timeout=0,miss=0
SONAR_CHK,ts_ms=5432,mode=PCINT,ok=1,cm=25.79,pulse_us=1496,timer1=1,pings=62,valid=62,timeout=0,miss=0
SONAR_CHK,ts_ms=5469,mode=PCINT,ok=1,cm=26.21,pulse_us=1520,timer1=1,pings=63,valid=63,timeout=0,miss=0
SONAR_CHK,ts_ms=5509,mode=PCINT,ok=1,cm=25.79,pulse_us=1496,timer1=1,pings=64,valid=64,timeout=0,miss=0
SONAR_CHK,ts_ms=5549,mode=PCINT,ok=1,cm=26.21,pulse_us=1520,timer1=1,pings=65,valid=65,timeout=0,miss=0
SONAR_CHK,ts_ms=5588,mode=PCINT,ok=1,cm=26.28,pulse_us=1524,timer1=1,pings=66,valid=66,timeout=0,miss=0
SONAR_CHK,ts_ms=5628,mode=PCINT,ok=0,cm=0.00,pulse_us=1520,timer1=1,pings=67,valid=66,timeout=0,miss=0
SONAR_CHK,ts_ms=5632,mode=PCINT,ok=1,cm=26.21,pulse_us=1520,timer1=1,pings=67,valid=67,timeout=0,miss=0
SONAR_CHK,ts_ms=5668,mode=PCINT,ok=1,cm=25.79,pulse_us=1496,timer1=1,pings=68,valid=68,timeout=0,miss=0
SONAR_CHK,ts_ms=5708,mode=PCINT,ok=1,cm=25.79,pulse_us=1496,timer1=1,pings=69,valid=69,timeout=0,miss=0
SONAR_CHK,ts_ms=5748,mode=PCINT,ok=1,cm=25.79,pulse_us=1496,timer1=1,pings=70,valid=70,timeout=0,miss=0
SONAR_CHK,ts_ms=5788,mode=PCINT,ok=0,cm=0.00,pulse_us=1520,timer1=1,pings=71,valid=70,timeout=0,miss=0
SONAR_CHK,ts_ms=5792,mode=PCINT,ok=1,cm=26.21,pulse_us=1520,timer1=1,pings=71,valid=71,timeout=0,miss=0
SONAR_CHK,ts_ms=5828,mode=PCINT,ok=1,cm=26.14,pulse_us=1516,timer1=1,pings=72,valid=72,timeout=0,miss=0
SONAR_CHK,ts_ms=5869,mode=PCINT,ok=1,cm=26.21,pulse_us=1520,timer1=1,pings=73,valid=73,timeout=0,miss=0
SONAR_CHK,ts_ms=5909,mode=PCINT,ok=0,cm=0.00,pulse_us=1492,timer1=1,pings=74,valid=73,timeout=0,miss=0
SONAR_CHK,ts_ms=5912,mode=PCINT,ok=1,cm=25.72,pulse_us=1492,timer1=1,pings=74,valid=74,timeout=0,miss=0
SONAR_CHK,ts_ms=5949,mode=PCINT,ok=1,cm=26.21,pulse_us=1520,timer1=1,pings=75,valid=75,timeout=0,miss=0
SONAR_CHK,ts_ms=5989,mode=PCINT,ok=1,cm=25.79,pulse_us=1496,timer1=1,pings=76,valid=76,timeout=0,miss=0
SONAR_CHK,ts_ms=6029,mode=PCINT,ok=1,cm=26.21,pulse_us=1520,timer1=1,pings=77,valid=77,timeout=0,miss=0
e=PCINT,ok=1,cm=26.14,pulse_us=1516,timer1=1,pings=87,valid=87,timeout=0,miss=0
SONAR_CHK,ts_ms=6469,mode=PCINT,ok=1,cm=26.21,pulse_us=1520,timer1=1,pings=88,valid=88,timeout=0,miss=0
SONAR_CHK,ts_ms=6509,mode=PCINT,ok=1,cm=26.21,pulse_us=1520,timer1=1,pings=89,valid=89,timeout=0,miss=0
SONAR_CHK,ts_ms=6549,mode=PCINT,ok=1,cm=26.28,pulse_us=1524,timer1=1,pings=90,valid=90,timeout=0,miss=0
SONAR_CHK,ts_ms=6589,mode=PCINT,ok=0,cm=0.00,pulse_us=1516,timer1=1,pings=91,valid=90,timeout=0,miss=0
SONAR_CHK,ts_ms=6593,mode=PCINT,ok=1,cm=26.14,pulse_us=1516,timer1=1,pings=91,valid=91,timeout=0,miss=0
SONAR_CHK,ts_ms=6629,mode=PCINT,ok=1,cm=26.14,pulse_us=1516,timer1=1,pings=92,valid=92,timeout=0,miss=0
SONAR_CHK,ts_ms=6669,mode=PCINT,ok=1,cm=26.28,pulse_us=1524,timer1=1,pings=93,valid=93,timeout=0,miss=0
SONAR_CHK,ts_ms=6710,mode=PCINT,ok=1,cm=25.86,pulse_us=1500,timer1=1,pings=94,valid=94,timeout=0,miss=0
SONAR_CHK,ts_ms=6750,mode=PCINT,ok=1,cm=25.79,pulse_us=1496,timer1=1,pings=95,valid=95,timeout=0,miss=0
SONAR_CHK,ts_ms=6790,mode=PCINT,ok=1,cm=26.21,pulse_us=1520,timer1=1,pings=96,valid=96,timeout=0,miss=0
SONAR_CHK,ts_ms=6830,mode=PCINT,ok=1,cm=26.21,pulse_us=1520,timer1=1,pings=97,valid=97,timeout=0,miss=0
SONAR_CHK,ts_ms=6870,mode=PCINT,ok=1,cm=25.79,pulse_us=1496,timer1=1,pings=98,valid=98,timeout=0,miss=0
SONAR_CHK,ts_ms=6909,mode=PCINT,ok=1,cm=26.21,pulse_us=1520,timer1=1,pings=99,valid=99,timeout=0,miss=0
SONAR_CHK,ts_ms=6949,mode=PCINT,ok=1,cm=25.79,pulse_us=1496,timer1=1,pings=100,valid=100,timeout=0,miss=0
SONAR_CHK,ts_ms=6989,mode=PCINT,ok=1,cm=25.79,pulse_us=1496,timer1=1,pings=101,valid=101,timeout=0,miss=0
SONAR_CHK,ts_ms=7029,mode=PCINT,ok=1,cm=25.79,pulse_us=1496,timer1=1,pings=102,valid=102,timeout=0,miss=0
SONAR_CHK,ts_ms=7069,mode=PCINT,ok=1,cm=26.28,pulse_us=1524,timer1=1,pings=103,valid=103,timeout=0,miss=0
SONAR_CHK,ts_ms=7109,mode=PCINT,ok=1,cm=25.79,pulse_us=1496,timer1=1,pings=104,valid=104,timeout=0,miss=0
SONAR_CHK,ts_ms=7150,mode=PCINT,ok=1,cm=25.86,pulse_us=1500,timer1=1,pings=105,valid=105,timeout=0,miss=0
SONAR_CHK,ts_ms=7190,mode=PCINT,ok=1,cm=26.14,pulse_us=1516,timer1=1,pings=106,valid=106,timeout=0,miss=0
SONAR_CHK,ts_ms=7230,mode=PCINT,ok=1,cm=25.79,pulse_us=1496,timer1=1,pings=107,valid=107,timeout=0,miss=0
SONAR_CHK,ts_ms=7270,mode=PCINT,ok=1,cm=25.86,pulse_us=1500,timer1=1,pings=108,valid=108,timeout=0,miss=0
SONAR_CHK,ts_ms=7310,mode=PCINT,ok=1,cm=25.86,pulse_us=1500,timer1=1,pings=109,valid=109,timeout=0,miss=0
SONAR_CHK,ts_ms=7350,mode=PCINT,ok=1,cm=25.79,pulse_us=1496,timer1=1,pings=110,valid=110,timeout=0,miss=0
SONAR_CHK,ts_ms=7390,mode=PCINT,ok=1,cm=25.79,pulse_us=1496,timer1=1,pings=111,valid=111,timeout=0,miss=0
0,timer1=1,pings=119,valid=119,timeout=0,miss=0
SONAR_CHK,ts_ms=7750,mode=PCINT,ok=1,cm=25.79,pulse_us=1496,timer1=1,pings=120,valid=120,timeout=0,miss=0
SONAR_CHK,ts_ms=7790,mode=PCINT,ok=1,cm=26.21,pulse_us=1520,timer1=1,pings=121,valid=121,timeout=0,miss=0
SONAR_CHK,ts_ms=7830,mode=PCINT,ok=1,cm=25.79,pulse_us=1496,timer1=1,pings=122,valid=122,timeout=0,miss=0
SONAR_CHK,ts_ms=7870,mode=PCINT,ok=1,cm=25.79,pulse_us=1496,timer1=1,pings=123,valid=123,timeout=0,miss=0
SONAR_CHK,ts_ms=7910,mode=PCINT,ok=1,cm=25.86,pulse_us=1500,timer1=1,pings=124,valid=124,timeout=0,miss=0
SONAR_CHK,ts_ms=7950,mode=PCINT,ok=1,cm=25.79,pulse_us=1496,timer1=1,pings=125,valid=125,timeout=0,miss=0
SONAR_CHK,ts_ms=7991,mode=PCINT,ok=1,cm=26.21,pulse_us=1520,timer1=1,pings=126,valid=126,timeout=0,miss=0
SONAR_CHK,ts_ms=8031,mode=PCINT,ok=0,cm=0.00,pulse_us=1520,timer1=1,pings=127,valid=126,timeout=0,miss=0
SONAR_CHK,ts_ms=8034,mode=PCINT,ok=1,cm=26.21,pulse_us=1520,timer1=1,pings=127,valid=127,timeout=0,miss=0
SONAR_CHK,ts_ms=8071,mode=PCINT,ok=1,cm=26.28,pulse_us=1524,timer1=1,pings=128,valid=128,timeout=0,miss=0
SONAR_CHK,ts_ms=8111,mode=PCINT,ok=1,cm=25.79,pulse_us=1496,timer1=1,pings=129,valid=129,timeout=0,miss=0
SONAR_CHK,ts_ms=8151,mode=PCINT,ok=0,cm=0.00,pulse_us=1520,timer1=1,pings=130,valid=129,timeout=0,miss=0
SONAR_CHK,ts_ms=8154,mode=PCINT,ok=1,cm=26.21,pulse_us=1520,timer1=1,pings=130,valid=130,timeout=0,miss=0
SONAR_CHK,ts_ms=8190,mode=PCINT,ok=1,cm=25.79,pulse_us=1496,timer1=1,pings=131,valid=131,timeout=0,miss=0
SONAR_CHK,ts_ms=8230,mode=PCINT,ok=1,cm=25.79,pulse_us=1496,timer1=1,pings=132,valid=132,timeout=0,miss=0
SONAR_CHK,ts_ms=8270,mode=PCINT,ok=1,cm=25.79,pulse_us=1496,timer1=1,pings=133,valid=133,timeout=0,miss=0
SONAR_CHK,ts_ms=8310,mode=PCINT,ok=1,cm=26.21,pulse_us=1520,timer1=1,pings=134,valid=134,timeout=0,miss=0
SONAR_CHK,ts_ms=8350,mode=PCINT,ok=1,cm=26.21,pulse_us=1520,timer1=1,pings=135,valid=135,timeout=0,miss=0
SONAR_CHK,ts_ms=8391,mode=PCINT,ok=1,cm=26.69,pulse_us=1548,timer1=1,pings=136,valid=136,timeout=0,miss=0
SONAR_CHK,ts_ms=8431,mode=PCINT,ok=1,cm=25.86,pulse_us=1500,timer1=1,pings=137,valid=137,timeout=0,miss=0
SONAR_CHK,ts_ms=8471,mode=PCINT,ok=1,cm=26.28,pulse_us=1524,timer1=1,pings=138,valid=138,timeout=0,miss=0
SONAR_CHK,ts_ms=8511,mode=PCINT,ok=1,cm=25.86,pulse_us=1500,timer1=1,pings=139,valid=139,timeout=0,miss=0
SONAR_CHK,ts_ms=8551,mode=PCINT,ok=1,cm=25.79,pulse_us=1496,timer1=1,pings=140,valid=140,timeout=0,miss=0
SONAR_CHK,ts_ms=8591,mode=PCINT,ok=1,cm=25.79,pulse_us=1496,timer1=1,pings=141,valid=141,timeout=0,miss=0
SONAR_CHK,ts_ms=8631,mode=PCINT,ok=1,cm=25.79,pulse_us=1496,timer1=1,pings=142,valid=142,timeout=0,miss=0
.79,pulse_us=1496,timer1=1,pings=151,valid=151,timeout=0,miss=0
SONAR_CHK,ts_ms=9031,mode=PCINT,ok=0,cm=0.00,pulse_us=1520,timer1=1,pings=152,valid=151,timeout=0,miss=0
SONAR_CHK,ts_ms=9034,mode=PCINT,ok=1,cm=26.21,pulse_us=1520,timer1=1,pings=152,valid=152,timeout=0,miss=0
SONAR_CHK,ts_ms=9071,mode=PCINT,ok=1,cm=25.72,pulse_us=1492,timer1=1,pings=153,valid=153,timeout=0,miss=0
SONAR_CHK,ts_ms=9111,mode=PCINT,ok=0,cm=0.00,pulse_us=1496,timer1=1,pings=154,valid=153,timeout=0,miss=0
SONAR_CHK,ts_ms=9115,mode=PCINT,ok=1,cm=25.79,pulse_us=1496,timer1=1,pings=154,valid=154,timeout=0,miss=0
SONAR_CHK,ts_ms=9151,mode=PCINT,ok=1,cm=25.72,pulse_us=1492,timer1=1,pings=155,valid=155,timeout=0,miss=0
SONAR_CHK,ts_ms=9191,mode=PCINT,ok=1,cm=26.21,pulse_us=1520,timer1=1,pings=156,valid=156,timeout=0,miss=0
SONAR_CHK,ts_ms=9232,mode=PCINT,ok=1,cm=25.72,pulse_us=1492,timer1=1,pings=157,valid=157,timeout=0,miss=0
SONAR_CHK,ts_ms=9272,mode=PCINT,ok=1,cm=25.79,pulse_us=1496,timer1=1,pings=158,valid=158,timeout=0,miss=0
SONAR_CHK,ts_ms=9312,mode=PCINT,ok=1,cm=25.79,pulse_us=1496,timer1=1,pings=159,valid=159,timeout=0,miss=0
SONAR_CHK,ts_ms=9352,mode=PCINT,ok=0,cm=0.00,pulse_us=1496,timer1=1,pings=160,valid=159,timeout=0,miss=0
SONAR_CHK,ts_ms=9355,mode=PCINT,ok=1,cm=25.79,pulse_us=1496,timer1=1,pings=160,valid=160,timeout=0,miss=0
SONAR_CHK,ts_ms=9392,mode=PCINT,ok=1,cm=25.79,pulse_us=1496,timer1=1,pings=161,valid=161,timeout=0,miss=0
SONAR_CHK,ts_ms=9432,mode=PCINT,ok=1,cm=25.79,pulse_us=1496,timer1=1,pings=162,valid=162,timeout=0,miss=0
SONAR_CHK,ts_ms=9472,mode=PCINT,ok=1,cm=25.79,pulse_us=1496,timer1=1,pings=163,valid=163,timeout=0,miss=0
SONAR_CHK,ts_ms=9511,mode=PCINT,ok=1,cm=25.79,pulse_us=1496,timer1=1,pings=164,valid=164,timeout=0,miss=0
SONAR_CHK,ts_ms=9551,mode=PCINT,ok=1,cm=25.79,pulse_us=1496,timer1=1,pings=165,valid=165,timeout=0,miss=0
SONAR_CHK,ts_ms=9591,mode=PCINT,ok=0,cm=0.00,pulse_us=1492,timer1=1,pings=166,valid=165,timeout=0,miss=0
SONAR_CHK,ts_ms=9595,mode=PCINT,ok=1,cm=25.72,pulse_us=1492,timer1=1,pings=166,valid=166,timeout=0,miss=0
SONAR_CHK,ts_ms=9631,mode=PCINT,ok=1,cm=25.79,pulse_us=1496,timer1=1,pings=167,valid=167,timeout=0,miss=0
SONAR_CHK,ts_ms=9672,mode=PCINT,ok=1,cm=25.79,pulse_us=1496,timer1=1,pings=168,valid=168,timeout=0,miss=0
SONAR_CHK,ts_ms=9712,mode=PCINT,ok=1,cm=25.79,pulse_us=1496,timer1=1,pings=169,valid=169,timeout=0,miss=0
SONAR_CHK,ts_ms=9752,mode=PCINT,ok=0,cm=0.00,pulse_us=1496,timer1=1,pings=170,valid=169,timeout=0,miss=0
SONAR_CHK,ts_ms=9755,mode=PCINT,ok=1,cm=25.79,pulse_us=1496,timer1=1,pings=170,valid=170,timeout=0,miss=0
SONAR_CHK,ts_ms=9792,mode=PCINT,ok=1,cm=25.72,pulse_us=1492,timer1=1,pings=171,valid=171,timeout=0,miss=0
us=1520,timer1=1,pings=179,valid=179,timeout=0,miss=0
SONAR_CHK,ts_ms=10152,mode=PCINT,ok=1,cm=25.38,pulse_us=1472,timer1=1,pings=180,valid=180,timeout=0,miss=0
SONAR_CHK,ts_ms=10192,mode=PCINT,ok=1,cm=25.38,pulse_us=1472,timer1=1,pings=181,valid=181,timeout=0,miss=0
SONAR_CHK,ts_ms=10232,mode=PCINT,ok=1,cm=25.72,pulse_us=1492,timer1=1,pings=182,valid=182,timeout=0,miss=0
SONAR_CHK,ts_ms=10272,mode=PCINT,ok=1,cm=25.79,pulse_us=1496,timer1=1,pings=183,valid=183,timeout=0,miss=0
SONAR_CHK,ts_ms=10312,mode=PCINT,ok=1,cm=26.21,pulse_us=1520,timer1=1,pings=184,valid=184,timeout=0,miss=0
SONAR_CHK,ts_ms=10352,mode=PCINT,ok=0,cm=0.00,pulse_us=1548,timer1=1,pings=185,valid=184,timeout=0,miss=0
SONAR_CHK,ts_ms=10356,mode=PCINT,ok=1,cm=26.69,pulse_us=1548,timer1=1,pings=185,valid=185,timeout=0,miss=0
SONAR_CHK,ts_ms=10392,mode=PCINT,ok=1,cm=27.10,pulse_us=1572,timer1=1,pings=186,valid=186,timeout=0,miss=0
SONAR_CHK,ts_ms=10432,mode=PCINT,ok=1,cm=25.45,pulse_us=1476,timer1=1,pings=187,valid=187,timeout=0,miss=0
SONAR_CHK,ts_ms=10472,mode=PCINT,ok=0,cm=0.00,pulse_us=1472,timer1=1,pings=188,valid=187,timeout=0,miss=0
SONAR_CHK,ts_ms=10476,mode=PCINT,ok=1,cm=25.38,pulse_us=1472,timer1=1,pings=188,valid=188,timeout=0,miss=0
SONAR_CHK,ts_ms=10513,mode=PCINT,ok=1,cm=25.45,pulse_us=1476,timer1=1,pings=189,valid=189,timeout=0,miss=0
SONAR_CHK,ts_ms=10553,mode=PCINT,ok=1,cm=24.55,pulse_us=1424,timer1=1,pings=190,valid=190,timeout=0,miss=0
SONAR_CHK,ts_ms=10593,mode=PCINT,ok=1,cm=24.97,pulse_us=1448,timer1=1,pings=191,valid=191,timeout=0,miss=0
SONAR_CHK,ts_ms=10633,mode=PCINT,ok=1,cm=24.97,pulse_us=1448,timer1=1,pings=192,valid=192,timeout=0,miss=0
SONAR_CHK,ts_ms=10673,mode=PCINT,ok=1,cm=26.14,pulse_us=1516,timer1=1,pings=193,valid=193,timeout=0,miss=0
SONAR_CHK,ts_ms=10713,mode=PCINT,ok=1,cm=27.03,pulse_us=1568,timer1=1,pings=194,valid=194,timeout=0,miss=0
SONAR_CHK,ts_ms=10753,mode=PCINT,ok=1,cm
SONAR_CHK,ts_ms=24084,mode=PCINT,ok=1,cm=27.03,pulse_us=1568,timer1=1,pings=528,valid=520,timeout=8,miss=8
SONAR_CHK,ts_ms=24124,mode=PCINT,ok=0,cm=0.00,pulse_us=1568,timer1=1,pings=529,valid=520,timeout=8,miss=8
SONAR_CHK,ts_ms=24128,mode=PCINT,ok=1,cm=27.03,pulse_us=1568,timer1=1,pings=529,valid=521,timeout=8,miss=8
SONAR_CHK,ts_ms=24164,mode=PCINT,ok=1,cm=27.03,pulse_us=1568,timer1=1,pings=530,valid=522,timeout=8,miss=8
SONAR_CHK,ts_ms=24204,mode=PCINT,ok=0,cm=0.00,pulse_us=1544,timer1=1,pings=531,valid=522,timeout=8,miss=8
SONAR_CHK,ts_ms=24208,mode=PCINT,ok=1,cm=26.62,pulse_us=1544,timer1=1,pings=531,valid=523,timeout=8,miss=8
SONAR_CHK,ts_ms=24244,mode=PCINT,ok=0,cm=0.00,pulse_us=1568,timer1=1,pings=532,valid=523,timeout=8,miss=8
SONAR_CHK,ts_ms=24248,mode=PCINT,ok=1,cm=27.03,pulse_us=1568,timer1=1,pings=532,valid=524,timeout=8,miss=8
24487,mode=PCINT,ok=1,cm=27.03,pulse_us=1568,timer1=1,pings=538,valid=530,timeout=8,miss=8
SONAR_CHK,ts_ms=24524,mode=PCINT,ok=1,cm=26.62,pulse_us=1544,timer1=1,pings=539,valid=531,timeout=8,miss=8
SONAR_CHK,ts_ms=24564,mode=PCINT,ok=1,cm=27.03,pulse_us=1568,timer1=1,pings=540,valid=532,timeout=8,miss=8
SONAR_CHK,ts_ms=24604,mode=PCINT,ok=0,cm=0.00,pulse_us=1568,timer1=1,pings=541,valid=532,timeout=8,miss=8
SONAR_CHK,ts_ms=24608,mode=PCINT,ok=1,cm=27.03,pulse_us=1568,timer1=1,pings=541,valid=533,timeout=8,miss=8
SONAR_CHK,ts_ms=24644,mode=PCINT,ok=1,cm=28.41,pulse_us=1648,timer1=1,pings=542,valid=534,timeout=8,miss=8
SONAR_CHK,ts_ms=24684,mode=PCINT,ok=1,cm=27.03,pulse_us=1568,timer1=1,pings=543,valid=535,timeout=8,miss=8
SONAR_CHK,ts_ms=24724,mode=PCINT,ok=0,cm=0.00,pulse_us=1496,timer1=1,pings=544,valid=535,timeout=8,miss=8
SONAR_CHK,ts_ms=24728,mode=PCINT,ok=1,cm=25.79,pulse_us=1496,timer1=1,pings=544,valid=536,timeout=8,miss=8
SONAR_CHK,ts_ms=24765,mode=PCINT,ok=1,cm=26.62,pulse_us=1544,timer1=1,pings=545,valid=537,timeout=8,miss=8
SONAR_CHK,ts_ms=24805,mode=PCINT,ok=1,cm=30.14,pulse_us=1748,timer1=1,pings=546,valid=538,timeout=8,miss=8
SONAR_CHK,ts_ms=24845,mode=PCINT,ok=1,cm=28.34,pulse_us=1644,timer1=1,pings=547,valid=539,timeout=8,miss=8
SONAR_CHK,ts_ms=24885,mode=PCINT,ok=0,cm=0.00,pulse_us=1620,timer1=1,pings=548,valid=539,timeout=8,miss=8
SONAR_CHK,ts_ms=24888,mode=PCINT,ok=1,cm=27.93,pulse_us=1620,timer1=1,pings=548,valid=540,timeout=8,miss=8
SONAR_CHK,ts_ms=24925,mode=PCINT,ok=1,cm=27.03,pulse_us=1568,timer1=1,pings=549,valid=541,timeout=8,miss=8
SONAR_CHK,ts_ms=24965,mode=PCINT,ok=1,cm=19.86,pulse_us=1152,timer1=1,pings=550,valid=542,timeout=8,miss=8
SONAR_CHK,ts_ms=25005,mode=PCINT,ok=0,cm=0.00,pulse_us=1620,timer1=1,pings=551,valid=542,timeout=8,miss=8
SONAR_CHK,ts_ms=25009,mode=PCINT,ok=1,cm=27.93,pulse_us=1620,timer1=1,pings=551,valid=543,timeout=8,miss=8
SONAR_CHK,ts_ms=25044,mode=PCINT,ok=1,cm=25.66,pulse_us=1488,timer1=1,pings=552,valid=544,timeout=8,miss=8
SONAR_CHK,ts_ms=25084,mode=PCINT,ok=1,cm=19.38,pulse_us=1124,timer1=1,pings=553,valid=545,timeout=8,miss=8
SONAR_CHK,ts_ms=25129,mode=PCINT,ok=1,cm=99.03,pulse_us=5744,timer1=1,pings=554,valid=546,timeout=8,miss=8
SONAR_CHK,ts_ms=25165,mode=PCINT,ok=1,cm=27.10,pulse_us=1572,timer1=1,pings=555,valid=547,timeout=8,miss=8
SONAR_CHK,ts_ms=25204,mode=PCINT,ok=0,cm=0.00,pulse_us=1156,timer1=1,pings=556,valid=547,timeout=8,miss=8
SONAR_CHK,ts_ms=25208,mode=PCINT,ok=1,cm=19.93,pulse_us=1156,timer1=1,pings=556,valid=548,timeout=8,miss=8
SONAR_CHK,ts_ms=25245,mode=PCINT,ok=0,cm=0.00,pulse_us=1496,timer1=1,pings=557,valid=548,timeout=8,miss=8
SONAR_CHK,ts_ms=25248,mode=PCINT,ok=1,cm=25.79,pulse_us=1496,timer1=1,pings=557,valid=549,timeout=8,miss=8
,ts_ms=25609,mode=PCINT,ok=1,cm=18.14,pulse_us=1052,timer1=1,pings=566,valid=558,timeout=8,miss=8
SONAR_CHK,ts_ms=25645,mode=PCINT,ok=1,cm=18.97,pulse_us=1100,timer1=1,pings=567,valid=559,timeout=8,miss=8
SONAR_CHK,ts_ms=25684,mode=PCINT,ok=1,cm=19.79,pulse_us=1148,timer1=1,pings=568,valid=560,timeout=8,miss=8
SONAR_CHK,ts_ms=25725,mode=PCINT,ok=1,cm=21.10,pulse_us=1224,timer1=1,pings=569,valid=561,timeout=8,miss=8
SONAR_CHK,ts_ms=25765,mode=PCINT,ok=1,cm=21.52,pulse_us=1248,timer1=1,pings=570,valid=562,timeout=8,miss=8
SONAR_CHK,ts_ms=25805,mode=PCINT,ok=1,cm=20.69,pulse_us=1200,timer1=1,pings=571,valid=563,timeout=8,miss=8
SONAR_CHK,ts_ms=25845,mode=PCINT,ok=0,cm=0.00,pulse_us=1124,timer1=1,pings=572,valid=563,timeout=8,miss=8
SONAR_CHK,ts_ms=25848,mode=PCINT,ok=1,cm=19.38,pulse_us=1124,timer1=1,pings=572,valid=564,timeout=8,miss=8
SONAR_CHK,ts_ms=25885,mode=PCINT,ok=1,cm=18.14,pulse_us=1052,timer1=1,pings=573,valid=565,timeout=8,miss=8
SONAR_CHK,ts_ms=25925,mode=PCINT,ok=1,cm=18.14,pulse_us=1052,timer1=1,pings=574,valid=566,timeout=8,miss=8
SONAR_CHK,ts_ms=25965,mode=PCINT,ok=1,cm=18.14,pulse_us=1052,timer1=1,pings=575,valid=567,timeout=8,miss=8
SONAR_CHK,ts_ms=26005,mode=PCINT,ok=0,cm=0.00,pulse_us=1400,timer1=1,pings=576,valid=567,timeout=8,miss=8
SONAR_CHK,ts_ms=26009,mode=PCINT,ok=1,cm=24.14,pulse_us=1400,timer1=1,pings=576,valid=568,timeout=8,miss=8
SONAR_CHK,ts_ms=26045,mode=PCINT,ok=0,cm=0.00,pulse_us=1104,timer1=1,pings=577,valid=568,timeout=8,miss=8
SONAR_CHK,ts_ms=26049,mode=PCINT,ok=1,cm=19.03,pulse_us=1104,timer1=1,pings=577,valid=569,timeout=8,miss=8
SONAR_CHK,ts_ms=26085,mode=PCINT,ok=1,cm=17.79,pulse_us=1032,timer1=1,pings=578,valid=570,timeout=8,miscm=17.38,pulse_us=1008,timer1=1,pings=867,valid=811,timeout=56,miss=56
SONAR_CHK,ts_ms=37695,mode=PCINT,ok=1,cm=16.48,pulse_us=956,timer1=1,pings=868,valid=812,timeout=56,miss=56
SONAR_CHK,ts_ms=37735,mode=PCINT,ok=0,cm=0.00,pulse_us=1008,timer1=1,pings=869,valid=812,timeout=56,miss=56
SONAR_CHK,ts_ms=37738,mode=PCINT,ok=1,cm=17.38,pulse_us=1008,timer1=1,pings=869,valid=813,timeout=56,miss=56
SONAR_CHK,ts_ms=37775,mode=PCINT,ok=0,cm=0.00,pulse_us=956,timer1=1,pings=870,valid=813,timeout=56,miss=56
SONAR_CHK,ts_ms=37778,mode=PCINT,ok=1,cm=16.48,pulse_us=956,timer1=1,pings=870,valid=814,timeout=56,miss=56
SONAR_CHK,ts_ms=37815,mode=PCINT,ok=1,cm=16.48,pulse_us=956,timer1=1,pings=871,valid=815,timeout=56,miss=56
SONAR_CHK,ts_ms=37855,mode=PCINT,ok=0,cm=0.00,pulse_us=1032,timer1=1,pings=872,valid=815,timeout=56,miss=56
SONAR_CHK,ts_ms=37859,mode=PCINT,ok=1,cm=17.79,pulse_us=1032,timer1=1,pings=872,valid=816,timeout=56,miss=56
SONAR_CHK,ts_ms=37895,mode=PCINT,ok=1,cm=16.48,pulse_us=956,timer1=1,pings=873,valid=817,timeout=56,miss=56
SONAR_CHK,ts_ms=37935,mode=PCINT,ok=1,cm=16.48,pulse_us=956,timer1=1,pings=874,valid=818,timeout=56,miss=56
SONAR_CHK,ts_ms=37975,mode=PCINT,ok=1,cm=16.48,pulse_us=956,timer1=1,pings=875,valid=819,timeout=56,miss=56
PCINT,ok=1,cm=18.34,pulse_us=1064,timer1=1,pings=883,valid=827,timeout=56,miss=56
SONAR_CHK,ts_ms=38335,mode=PCINT,ok=1,cm=16.07,pulse_us=932,timer1=1,pings=884,valid=828,timeout=56,miss=56
SONAR_CHK,ts_ms=38375,mode=PCINT,ok=1,cm=21.24,pulse_us=1232,timer1=1,pings=885,valid=829,timeout=56,miss=56
SONAR_CHK,ts_ms=38415,mode=PCINT,ok=1,cm=15.66,pulse_us=908,timer1=1,pings=886,valid=830,timeout=56,miss=56
SONAR_CHK,ts_ms=38616,mode=PCINT,ok=1,cm=17.66,pulse_us=1024,timer1=1,pings=891,valid=831,timeout=60,miss=60
SONAR_CHK,ts_ms=38656,mode=PCINT,ok=1,cm=19.24,pulse_us=1116,timer1=1,pings=892,valid=832,timeout=60,miss=60
SONAR_CHK,ts_ms=38695,mode=PCINT,ok=1,cm=15.17,pulse_us=880,timer1=1,pings=893,valid=833,timeout=60,miss=60
SONAR_CHK,ts_ms=38735,mode=PCINT,ok=0,cm=0.00,pulse_us=780,timer1=1,pings=894,valid=833,timeout=60,miss=60
SONAR_CHK,ts_ms=38738,mode=PCINT,ok=1,cm=13.45,pulse_us=780,timer1=1,pings=894,valid=834,timeout=60,miss=60
SONAR_CHK,ts_ms=38776,mode=PCINT,ok=1,cm=33.10,pulse_us=1920,timer1=1,pings=895,valid=835,timeout=60,miss=60
SONAR_CHK,ts_ms=38815,mode=PCINT,ok=1,cm=11.72,pulse_us=680,timer1=1,pings=896,valid=836,timeout=60,miss=60
SONAR_CHK,ts_ms=38855,mode=PCINT,ok=1,cm=14.28,pulse_us=828,timer1=1,pings=897,valid=837,timeout=60,miss=60
SONAR_CHK,ts_ms=38895,mode=PCINT,ok=0,cm=0.00,pulse_us=848,timer1=1,pings=898,valid=837,timeout=60,miss=60
SONAR_CHK,ts_ms=38899,mode=PCINT,ok=1,cm=14.62,pulse_us=848,timer1=1,pings=898,valid=838,timeout=60,miss=60
SONAR_CHK,ts_ms=38935,mode=PCINT,ok=0,cm=0.00,pulse_us=848,timer1=1,pings=899,valid=838,timeout=60,miss=60
SONAR_CHK,ts_ms=38939,mode=PCINT,ok=1,cm=14.62,pulse_us=848,timer1=1,pings=899,valid=839,timeout=60,miss=60
SONAR_CHK,ts_ms=38975,mode=PCINT,ok=1,cm=14.62,pulse_us=848,timer1=1,pings=900,valid=840,timeout=60,miss=60
SONAR_CHK,ts_ms=39016,mode=PCINT,ok=1,cm=14.97,pulse_us=868,timer1=1,pings=901,valid=841,timeout=60,miss=60
SONAR_CHK,ts_ms=39056,mode=PCINT,ok=1,cm=14.00,pulse_us=812,timer1=1,pings=902,valid=842,timeout=60,miss=60
SONAR_CHK,ts_ms=39095,mode=PCINT,ok=0,cm=0.00,pulse_us=580,timer1=1,pings=903,valid=842,timeout=60,miss=60
SONAR_CHK,ts_ms=39099,mode=PCINT,ok=1,cm=10.00,pulse_us=580,timer1=1,pings=903,valid=843,timeout=60,miss=60
SONAR_CHK,ts_ms=39136,mode=PCINT,ok=0,cm=0.00,pulse_us=704,timer1=1,pings=904,valid=843,timeout=60,miss=60
SONAR_CHK,ts_ms=39139,mode=PCINT,ok=1,cm=12.14,pulse_us=704,timer1=1,pings=904,valid=844,timeout=60,miss=60
SONAR_CHK,ts_ms=39176,mode=PCINT,ok=1,cm=13.72,pulse_us=796,timer1=1,pings=905,valid=845,timeout=60,miss=60
SONAR_CHK,ts_ms=39216,mode=PCINT,ok=1,cm=14.62,pulse_us=848,timer1=1,pings=906,valid=846,timeout=60,miss=60
SONAR_CHK,ts_ms=39256,mode=PCINT,ok=1,cm=14.21,pulse_us=824,timer1=1,pings=907,valid=847,timeout=60,miss=60
0,miss=60
SONAR_CHK,ts_ms=39576,mode=PCINT,ok=1,cm=10.07,pulse_us=584,timer1=1,pings=915,valid=855,timeout=60,miss=60
SONAR_CHK,ts_ms=39616,mode=PCINT,ok=1,cm=9.66,pulse_us=560,timer1=1,pings=916,valid=856,timeout=60,miss=60
SONAR_CHK,ts_ms=39656,mode=PCINT,ok=1,cm=9.59,pulse_us=556,timer1=1,pings=917,valid=857,timeout=60,miss=60
SONAR_CHK,ts_ms=39696,mode=PCINT,ok=1,cm=10.00,pulse_us=580,timer1=1,pings=918,valid=858,timeout=60,miss=60
SONAR_CHK,ts_ms=39736,mode=PCINT,ok=1,cm=9.59,pulse_us=556,timer1=1,pings=919,valid=859,timeout=60,miss=60
SONAR_CHK,ts_ms=39776,mode=PCINT,ok=1,cm=9.66,pulse_us=560,timer1=1,pings=920,valid=860,timeout=60,miss=60
SONAR_CHK,ts_ms=39816,mode=PCINT,ok=0,cm=0.00,pulse_us=628,timer1=1,pings=921,valid=860,timeout=60,miss=60
SONAR_CHK,ts_ms=39820,mode=PCINT,ok=1,cm=10.83,pulse_us=628,timer1=1,pings=921,valid=861,timeout=60,miss=60
SONAR_CHK,ts_ms=39856,mode=PCINT,ok=0,cm=0.00,pulse_us=604,timer1=1,pings=922,valid=861,timeout=60,miss=60
SONAR_CHK,ts_ms=39860,mode=PCINT,ok=1,cm=10.41,pulse_us=604,timer1=1,pings=922,valid=862,timeout=60,miss=60
SONAR_CHK,ts_ms=39896,mode=PCINT,ok=1,cm=10.41,pulse_us=604,timer1=1,pings=923,valid=863,timeout=60,miss=60
SONAR_CHK,ts_ms=39936,mode=PCINT,ok=0,cm=0.00,pulse_us=604,timer1=1,pings=924,valid=863,timeout=60,miss=60
SONAR_CHK,ts_ms=39940,mode=PCINT,ok=1,cm=10.41,pulse_us=604,timer1=1,pings=924,valid=864,timeout=60,m
SONAR_CHK,ts_ms=44660,mode=PCINT,ok=0,cm=0.00,pulse_us=608,timer1=1,pings=1042,valid=973,timeout=68,miss=68
SONAR_CHK,ts_ms=44663,mode=PCINT,ok=1,cm=10.48,pulse_us=608,timer1=1,pings=1042,valid=974,timeout=68,miss=68
SONAR_CHK,ts_ms=44700,mode=PCINT,ok=1,cm=10.90,pulse_us=632,timer1=1,pings=1043,valid=975,timeout=68,miss=68
SONAR_CHK,ts_ms=44740,mode=PCINT,ok=0,cm=0.00,pulse_us=632,timer1=1,pings=1044,valid=975,timeout=68,miss=68
SONAR_CHK,ts_ms=44744,mode=PCINT,ok=1,cm=10.90,pulse_us=632,timer1=1,pings=1044,valid=976,timeout=68,miss=68
SONAR_CHK,ts_ms=44780,mode=PCINT,ok=1,cm=10.90,pulse_us=632,timer1=1,pings=1045,valid=977,timeout=68,miss=68
SONAR_CHK,ts_ms=44820,mode=PCINT,ok=0,cm=0.00,pulse_us=628,timer1=1,pings=1046,valid=977,timeout=68,miss=68
SONAR_CHK,ts_ms=44824,mode=PCINT,ok=1,cm=10.83,pulse_us=628,timer1=1,pings=1046,valid=978,timeout=68,miss=68
SONAR_CHK,ts_ms=44860,mode=PCINT,ok=1,cm=10.41,pulse_us=604,timer1=1,pings=1047,valid=979,timeout=68,miss=68
SONAR_CHK,ts_ms=44900,mode=PCINT,ok=0,cm=0.00,pulse_us=608,timer1=1,pings=1048,valid=979,timeout=68,miss=68
SONAR_CHK,ts_ms=44904,mode=PCINT,ok=1,cm=10.48,pulse_us=608,timer1=1,pings=1048,valid=980,timeout=68,miss=68
SONAR_CHK,ts_ms=44940,mode=PCINT,ok=1,cm=11.31,pulse_us=656,timer1=1,pings=1049,valid=981,timeout=68,miss=68
SONAR_CHK,ts_ms=44980,mode=PCINT,ok=1,cm=10.34,pulse_us=600,timer1=1,pings=1050,valid=982,timeout=68,miss=68
=1,cm=8.76,pulse_us=508,timer1=1,pings=1057,valid=989,timeout=68,miss=68
SONAR_CHK,ts_ms=45300,mode=PCINT,ok=1,cm=10.41,pulse_us=604,timer1=1,pings=1058,valid=990,timeout=68,miss=68
SONAR_CHK,ts_ms=45340,mode=PCINT,ok=1,cm=10.07,pulse_us=584,timer1=1,pings=1059,valid=991,timeout=68,miss=68
SONAR_CHK,ts_ms=45380,mode=PCINT,ok=1,cm=10.76,pulse_us=624,timer1=1,pings=1060,valid=992,timeout=68,miss=68
SONAR_CHK,ts_ms=45420,mode=PCINT,ok=1,cm=9.17,pulse_us=532,timer1=1,pings=1061,valid=993,timeout=68,miss=68
SONAR_CHK,ts_ms=45621,mode=PCINT,ok=1,cm=9.66,pulse_us=560,timer1=1,pings=1066,valid=994,timeout=72,miss=72
SONAR_CHK,ts_ms=45661,mode=PCINT,ok=1,cm=7.52,pulse_us=436,timer1=1,pings=1067,valid=995,timeout=72,miss=72
SONAR_CHK,ts_ms=45701,mode=PCINT,ok=1,cm=7.79,pulse_us=452,timer1=1,pings=1068,valid=996,timeout=72,miss=72
SONAR_CHK,ts_ms=45741,mode=PCINT,ok=1,cm=9.52,pulse_us=552,timer1=1,pings=1069,valid=997,timeout=72,miss=72
SONAR_CHK,ts_ms=45780,mode=PCINT,ok=1,cm=9.52,pulse_us=552,timer1=1,pings=1070,valid=998,timeout=72,miss=72
SONAR_CHK,ts_ms=45820,mode=PCINT,ok=0,cm=0.00,pulse_us=456,timer1=1,pings=1071,valid=998,timeout=72,miss=72
SONAR_CHK,ts_ms=45825,mode=PCINT,ok=1,cm=7.86,pulse_us=456,timer1=1,pings=1071,valid=999,timeout=72,miss=72
SONAR_CHK,ts_ms=45860,mode=PCINT,ok=1,cm=7.45,pulse_us=432,timer1=1,pings=1072,valid=1000,timeout=72,miss=72
SONAR_CHK,ts_ms=45901,mode=PCINT,ok=1,cm=10.90,pulse_us=632,timer1=1,pings=1073,valid=1001,timeout=72,miss=72
SONAR_CHK,ts_ms=45941,mode=PCINT,ok=1,cm=7.93,pulse_us=460,timer1=1,pings=1074,valid=1002,timeout=72,miss=72
SONAR_CHK,ts_ms=45981,mode=PCINT,ok=1,cm=10.41,pulse_us=604,timer1=1,pings=1075,valid=1003,timeout=72,miss=72
SONAR_CHK,ts_ms=46021,mode=PCINT,ok=1,cm=8.34,pulse_us=484,timer1=1,pings=1076,valid=1004,timeout=72,miss=72
SONAR_CHK,ts_ms=46061,mode=PCINT,ok=1,cm=8.28,pulse_us=480,timer1=1,pings=1077,valid=1005,timeout=72,miss=72
SONAR_CHK,ts_ms=46101,mode=PCINT,ok=1,cm=10.34,pulse_us=600,timer1=1,pings=1078,valid=1006,timeout=72,miss=72
SONAR_CHK,ts_ms=46147,mode=PCINT,ok=1,cm=113.10,pulse_us=6560,timer1=1,pings=1079,valid=1007,timeout=72,miss=72
SONAR_CHK,ts_ms=46181,mode=PCINT,ok=1,cm=9.59,pulse_us=556,timer1=1,pings=1080,valid=1008,timeout=72,miss=72
SONAR_CHK,ts_ms=46221,mode=PCINT,ok=1,cm=8.34,pulse_us=484,timer1=1,pings=1081,valid=1009,timeout=72,miss=72
SONAR_CHK,ts_ms=46261,mode=PCINT,ok=1,cm=7.45,pulse_us=432,timer1=1,pings=1082,valid=1010,timeout=72,miss=72
SONAR_CHK,ts_ms=46301,mode=PCINT,ok=1,cm=7.86,pulse_us=456,timer1=1,pings=1083,valid=1011,timeout=72,miss=72
SONAR_CHK,ts_ms=46341,mode=PCINT,ok=1,cm=7.86,pulse_us=456,timer1=1,pings=1084,valid=1012,timeout=72,miss=72
SONAR_CHK,ts_ms=46382,mode=PCINT,ok=1,cm=7.86,pulse_us=456,timer1=1,pings=1085,valid=1013,timeout=72,miss=72
1=1,pings=1092,valid=1020,timeout=72,miss=72
SONAR_CHK,ts_ms=46701,mode=PCINT,ok=1,cm=11.59,pulse_us=672,timer1=1,pings=1093,valid=1021,timeout=72,miss=72
SONAR_CHK,ts_ms=46741,mode=PCINT,ok=0,cm=0.00,pulse_us=408,timer1=1,pings=1094,valid=1021,timeout=72,miss=72
SONAR_CHK,ts_ms=46745,mode=PCINT,ok=1,cm=7.03,pulse_us=408,timer1=1,pings=1094,valid=1022,timeout=72,miss=72
SONAR_CHK,ts_ms=46781,mode=PCINT,ok=1,cm=7.86,pulse_us=456,timer1=1,pings=1095,valid=1023,timeout=72,miss=72
SONAR_CHK,ts_ms=46822,mode=PCINT,ok=0,cm=0.00,pulse_us=504,timer1=1,pings=1096,valid=1023,timeout=72,miss=72
SONAR_CHK,ts_ms=46825,mode=PCINT,ok=1,cm=8.69,pulse_us=504,timer1=1,pings=1096,valid=1024,timeout=72,miss=72
SONAR_CHK,ts_ms=46862,mode=PCINT,ok=0,cm=0.00,pulse_us=484,timer1=1,pings=1097,valid=1024,timeout=72,miss=72
SONAR_CHK,ts_ms=46865,mode=PCINT,ok=1,cm=8.34,pulse_us=484,timer1=1,pings=1097,valid=1025,timeout=72,miss=72
SONAR_CHK,ts_ms=46902,mode=PCINT,ok=1,cm=7.86,pulse_us=456,timer1=1,pings=1098,valid=1026,timeout=72,miss=72
SONAR_CHK,ts_ms=46942,mode=PCINT,ok=1,cm=8.34,pulse_us=484,timer1=1,pings=1099,valid=1027,timeout=72,miss=72
SONAR_CHK,ts_ms=46982,mode=PCINT,ok=0,cm=0.00,pulse_us=508,timer1=1,pings=1100,valid=1027,timeout=72,miss=72
SONAR_CHK,ts_ms=46986,mode=PCINT,ok=1,cm=8.76,pulse_us=508,timer1=1,pings=1100,valid=1028,timeout=72,miss=72
SONAR_CHK,ts_ms=47022,mode=PCINT,ok=
SONAR_CHK,ts_ms=61634,mode=PCINT,ok=1,cm=12.83,pulse_us=744,timer1=1,pings=1466,valid=1278,timeout=188,miss=188
SONAR_CHK,ts_ms=61673,mode=PCINT,ok=1,cm=7.59,pulse_us=440,timer1=1,pings=1467,valid=1279,timeout=188,miss=188
SONAR_CHK,ts_ms=61714,mode=PCINT,ok=1,cm=8.76,pulse_us=508,timer1=1,pings=1468,valid=1280,timeout=188,miss=188
SONAR_CHK,ts_ms=61754,mode=PCINT,ok=1,cm=5.66,pulse_us=328,timer1=1,pings=1469,valid=1281,timeout=188,miss=188
SONAR_CHK,ts_ms=61794,mode=PCINT,ok=1,cm=6.14,pulse_us=356,timer1=1,pings=1470,valid=1282,timeout=188,miss=188
SONAR_CHK,ts_ms=61834,mode=PCINT,ok=1,cm=4.48,pulse_us=260,timer1=1,pings=1471,valid=1283,timeout=188,miss=188
SONAR_CHK,ts_ms=61874,mode=PCINT,ok=1,cm=4.83,pulse_us=280,timer1=1,pings=1472,valid=1284,timeout=188,miss=188
SONAR_CHK,ts_ms=61914,mode=PCINT,ok=1,cm=4.76,pulse_us=276,timer1=1,pings=1473,valid=1285,timeout=188,miss=188
SONAR_CHK,ts_ms=61954,mode=PCINT,ok=1,cm=4.28,pulse_us=248,timer1=1,pings=1474,valid=1286,timeout=188,miss=188
SONAR_CHK,ts_ms=61993,mode=PCINT,ok=0,cm=0.00,pulse_us=272,timer1=1,pings=1475,valid=1286,timeout=188,miss=188
SONAR_CHK,ts_ms=61998,mode=PCINT,ok=1,cm=4.69,pulse_us=272,timer1=1,pings=1475,valid=1287,timeout=188,miss=188
SONAR_CHK,ts_ms=62033,mode=PCINT,ok=1,cm=4.34,pulse_us=252,timer1=1,pings=1476,valid=1288,timeout=188,miss=188
SONAR_CHK,ts_ms=62073,mode=PCINT,ok=1,cm=4.41,pulse_us=256,timer1=1,pings=1477,valid=1289,timeout=188,miss=188
_ms=62434,mode=PCINT,ok=1,cm=7.31,pulse_us=424,timer1=1,pings=1486,valid=1298,timeout=188,miss=188
SONAR_CHK,ts_ms=62474,mode=PCINT,ok=1,cm=5.72,pulse_us=332,timer1=1,pings=1487,valid=1299,timeout=188,miss=188
SONAR_CHK,ts_ms=62514,mode=PCINT,ok=1,cm=5.24,pulse_us=304,timer1=1,pings=1488,valid=1300,timeout=188,miss=188
SONAR_CHK,ts_ms=62555,mode=PCINT,ok=1,cm=6.41,pulse_us=372,timer1=1,pings=1489,valid=1301,timeout=188,miss=188
SONAR_CHK,ts_ms=62595,mode=PCINT,ok=0,cm=0.00,pulse_us=340,timer1=1,pings=1490,valid=1301,timeout=188,miss=188
SONAR_CHK,ts_ms=62599,mode=PCINT,ok=1,cm=5.86,pulse_us=340,timer1=1,pings=1490,valid=1302,timeout=188,miss=188
SONAR_CHK,ts_ms=62635,mode=PCINT,ok=1,cm=5.45,pulse_us=316,timer1=1,pings=1491,valid=1303,timeout=188,miss=188
SONAR_CHK,ts_ms=62674,mode=PCINT,ok=0,cm=0.00,pulse_us=316,timer1=1,pings=1492,valid=1303,timeout=188,miss=188
SONAR_CHK,ts_ms=62679,mode=PCINT,ok=1,cm=5.45,pulse_us=316,timer1=1,pings=1492,valid=1304,timeout=188,miss=188
SONAR_CHK,ts_ms=62714,mode=PCINT,ok=1,cm=4.97,pulse_us=288,timer1=1,pings=1493,valid=1305,timeout=188,miss=188
SONAR_CHK,ts_ms=62754,mode=PCINT,ok=0,cm=0.00,pulse_us=284,timer1=1,pings=1494,valid=1305,timeout=188,miss=188
SONAR_CHK,ts_ms=62758,mode=PCINT,ok=1,cm=4.90,pulse_us=284,timer1=1,pings=1494,valid=1306,timeout=188,miss=188
SONAR_CHK,ts_ms=62794,mode=PCINT,ok=1,cm=5.38,pulse_us=312,timer1=1,pings=1495,valid=1307,timeout=188,miss=188
SONAR_CHK,ts_ms=62834,mode=PCINT,ok=1,cm=4.90,pulse_us=284,timer1=1,pings=1496,valid=1308,timeout=188,miss=188
SONAR_CHK,ts_ms=62874,mode=PCINT,ok=1,cm=4.97,pulse_us=288,timer1=1,pings=1497,valid=1309,timeout=188,miss=188
SONAR_CHK,ts_ms=62914,mode=PCINT,ok=1,cm=5.45,pulse_us=316,timer1=1,pings=1498,valid=1310,timeout=188,miss=188
SONAR_CHK,ts_ms=62954,mode=PCINT,ok=1,cm=5.38,pulse_us=312,timer1=1,pings=1499,valid=1311,timeout=188,miss=188
SONAR_CHK,ts_ms=62995,mode=PCINT,ok=1,cm=5.38,pulse_us=312,timer1=1,pings=1500,valid=1312,timeout=188,miss=188
SONAR_CHK,ts_ms=63035,mode=PCINT,ok=0,cm=0.00,pulse_us=320,timer1=1,pings=1501,valid=1312,timeout=188,miss=188
SONAR_CHK,ts_ms=63039,mode=PCINT,ok=1,cm=5.52,pulse_us=320,timer1=1,pings=1501,valid=1313,timeout=188,miss=188
SONAR_CHK,ts_ms=63075,mode=PCINT,ok=1,cm=4.90,pulse_us=284,timer1=1,pings=1502,valid=1314,timeout=188,miss=188
SONAR_CHK,ts_ms=63115,mode=PCINT,ok=1,cm=4.90,pulse_us=284,timer1=1,pings=1503,valid=1315,timeout=188,miss=188
SONAR_CHK,ts_ms=63155,mode=PCINT,ok=1,cm=4.83,pulse_us=280,timer1=1,pings=1504,valid=1316,timeout=188,miss=188
SONAR_CHK,ts_ms=63195,mode=PCINT,ok=1,cm=6.62,pulse_us=384,timer1=1,pings=1505,valid=1317,timeout=188,miss=188
SONAR_CHK,ts_ms=63235,mode=PCINT,ok=1,cm=7.66,pulse_us=444,timer1=1,pings=1506,valid=1318,timeout=188,miss=188
SONAR_CHK,ts_ms=63275,mode=PCINT,ok=1,cm=4.55,pulse_us=264,timer1=1,pings=1507,valid=1319,timeout=188,miss=188
26,timeout=188,miss=188
SONAR_CHK,ts_ms=63755,mode=PCINT,ok=0,cm=0.00,pulse_us=364,timer1=1,pings=1519,valid=1326,timeout=192,miss=192
SONAR_CHK,ts_ms=63759,mode=PCINT,ok=1,cm=6.28,pulse_us=364,timer1=1,pings=1519,valid=1327,timeout=192,miss=192
SONAR_CHK,ts_ms=63795,mode=PCINT,ok=1,cm=6.69,pulse_us=388,timer1=1,pings=1520,valid=1328,timeout=192,miss=192
SONAR_CHK,ts_ms=63836,mode=PCINT,ok=0,cm=0.00,pulse_us=492,timer1=1,pings=1521,valid=1328,timeout=192,miss=192
SONAR_CHK,ts_ms=63840,mode=PCINT,ok=1,cm=8.48,pulse_us=492,timer1=1,pings=1521,valid=1329,timeout=192,miss=192
SONAR_CHK,ts_ms=64356,mode=PCINT,ok=1,cm=7.59,pulse_us=440,timer1=1,pings=1534,valid=1330,timeout=204,miss=204
SONAR_CHK,ts_ms=64396,mode=PCINT,ok=1,cm=5.38,pulse_us=312,timer1=1,pings=1535,valid=1331,timeout=204,miss=204
SONAR_CHK,ts_ms=64436,mode=PCINT,ok=1,cm=5.93,pulse_us=344,timer1=1,pings=1536,valid=1332,timeout=204,miss=204
SONAR_CHK,ts_ms=64476,mode=PCINT,ok=1,cm=6.76,pulse_us=392,timer1=1,pings=1537,valid=1333,timeout=204,miss=204
SONAR_CHK,ts_ms=64516,mode=PCINT,ok=1,cm=7.17,pulse_us=416,timer1=1,pings=1538,valid=1334,timeout=204,miss=204
SONAR_CHK,ts_ms=64556,mode=PCINT,ok=1,cm=6.28,pulse_us=364,timer1=1,pings=1539,valid=1335,timeout=204,miss=204
SONAR_CHK,ts_ms=64595,mode=PCINT
SONAR_CHK,ts_ms=85213,mode=PCINT,ok=1,cm=6.97,pulse_us=404,timer1=1,pings=2055,valid=1839,timeout=216,miss=216
SONAR_CHK,ts_ms=85254,mode=PCINT,ok=1,cm=6.97,pulse_us=404,timer1=1,pings=2056,valid=1840,timeout=216,miss=216
SONAR_CHK,ts_ms=85294,mode=PCINT,ok=1,cm=7.03,pulse_us=408,timer1=1,pings=2057,valid=1841,timeout=216,miss=216
SONAR_CHK,ts_ms=85334,mode=PCINT,ok=1,cm=6.97,pulse_us=404,timer1=1,pings=2058,valid=1842,timeout=216,miss=216
SONAR_CHK,ts_ms=85373,mode=PCINT,ok=0,cm=0.00,pulse_us=408,timer1=1,pings=2059,valid=1842,timeout=216,miss=216
SONAR_CHK,ts_ms=85378,mode=PCINT,ok=1,cm=7.03,pulse_us=408,timer1=1,pings=2059,valid=1843,timeout=216,miss=216
SONAR_CHK,ts_ms=85413,mode=PCINT,ok=1,cm=7.03,pulse_us=408,timer1=1,pings=2060,valid=1844,timeout=216,miss=216
SONAR_CHK,ts_ms=85453,mode=PCINT,ok=1,cm=6.97,pulse_us=404,timer1=1,pings=2061,valid=1845,timeout=216,miss=216
SONAR_CHK,ts_ms=85493,mode=PCINT,ok=1,cm=7.03,pulse_us=408,timer1=1,pings=2062,valid=1846,timeout=216,miss=216
SONAR_CHK,ts_ms=85533,mode=PCINT,ok=1,cm=6.97,pulse_us=404,timer1=1,pings=2063,valid=1847,timeout=216,miss=216
SONAR_CHK,ts_ms=85573,mode=PCINT,ok=1,cm=6.97,pulse_us=404,timer1=1,pings=2064,valid=1848,timeout=216,miss=216
SONAR_CHK,ts_ms=85613,mode=PCINT,ok=1,cm=7.03,pulse_us=408,timer1=1,pings=2065,valid=1849,timeout=216,miss=216
SONAR_CHK,ts_ms=85654,mode=PCINT,ok=1,cm=6.97,pulse_us=404,timer1=1,pings=2066,valid=1850,timeout=216,miss=216
SONAR_CHK,ts_ms=85694,mode=PCINT,ok=1,cm=6.97,pulse_us=404,timer1=1,pings=2067,valid=1851,timeout=216,miss=216
CINT,ok=1,cm=7.03,pulse_us=408,timer1=1,pings=2074,valid=1858,timeout=216,miss=216
SONAR_CHK,ts_ms=86013,mode=PCINT,ok=1,cm=6.97,pulse_us=404,timer1=1,pings=2075,valid=1859,timeout=216,miss=216
SONAR_CHK,ts_ms=86053,mode=PCINT,ok=1,cm=7.03,pulse_us=408,timer1=1,pings=2076,valid=1860,timeout=216,miss=216
SONAR_CHK,ts_ms=86094,mode=PCINT,ok=1,cm=7.03,pulse_us=408,timer1=1,pings=2077,valid=1861,timeout=216,miss=216
SONAR_CHK,ts_ms=86134,mode=PCINT,ok=1,cm=6.97,pulse_us=404,timer1=1,pings=2078,valid=1862,timeout=216,miss=216
SONAR_CHK,ts_ms=86174,mode=PCINT,ok=0,cm=0.00,pulse_us=404,timer1=1,pings=2079,valid=1862,timeout=216,miss=216
SONAR_CHK,ts_ms=86178,mode=PCINT,ok=1,cm=6.97,pulse_us=404,timer1=1,pings=2079,valid=1863,timeout=216,miss=216
SONAR_CHK,ts_ms=86214,mode=PCINT,ok=0,cm=0.00,pulse_us=404,timer1=1,pings=2080,valid=1863,timeout=216,miss=216
SONAR_CHK,ts_ms=86218,mode=PCINT,ok=1,cm=6.97,pulse_us=404,timer1=1,pings=2080,valid=1864,timeout=216,miss=216
SONAR_CHK,ts_ms=86254,mode=PCINT,ok=1,cm=6.97,pulse_us=404,timer1=1,pings=2081,valid=1865,timeout=216,miss=216
SONAR_CHK,ts_ms=86294,mode=PCINT,ok=1,cm=6.97,pulse_us=404,timer1=1,pings=2082,valid=1866,timeout=216,miss=216
SONAR_CHK,ts_ms=86334,mode=PCINT,ok=0,cm=0.00,pulse_us=404,timer1=1,pings=2083,valid=1866,timeout=216,miss=216
SONAR_CHK,ts_ms=86338,mode=PCINT,ok=1,cm=6.97,pulse_us=404,timer1=1,pings=2083,valid=1867,timeout=216,miss=216
SONAR_CHK,ts_ms=86374,mode=PCINT,ok=1,cm=7.03,pulse_us=408,timer1=1,pings=2084,valid=1868,timeout=216,miss=216
SONAR_CHK,ts_ms=86414,mode=PCINT,ok=1,cm=7.45,pulse_us=432,timer1=1,pings=2085,valid=1869,timeout=216,miss=216
SONAR_CHK,ts_ms=86454,mode=PCINT,ok=1,cm=6.97,pulse_us=404,timer1=1,pings=2086,valid=1870,timeout=216,miss=216
SONAR_CHK,ts_ms=86494,mode=PCINT,ok=1,cm=6.97,pulse_us=404,timer1=1,pings=2087,valid=1871,timeout=216,miss=216
SONAR_CHK,ts_ms=86535,mode=PCINT,ok=1,cm=7.45,pulse_us=432,timer1=1,pings=2088,valid=1872,timeout=216,miss=216
SONAR_CHK,ts_ms=86575,mode=PCINT,ok=1,cm=7.03,pulse_us=408,timer1=1,pings=2089,valid=1873,timeout=216,miss=216
SONAR_CHK,ts_ms=86615,mode=PCINT,ok=1,cm=6.97,pulse_us=404,timer1=1,pings=2090,valid=1874,timeout=216,miss=216
SONAR_CHK,ts_ms=86654,mode=PCINT,ok=1,cm=6.55,pulse_us=380,timer1=1,pings=2091,valid=1875,timeout=216,miss=216
SONAR_CHK,ts_ms=86694,mode=PCINT,ok=1,cm=6.14,pulse_us=356,timer1=1,pings=2092,valid=1876,timeout=216,miss=216
SONAR_CHK,ts_ms=86734,mode=PCINT,ok=1,cm=6.69,pulse_us=388,timer1=1,pings=2093,valid=1877,timeout=216,miss=216
SONAR_CHK,ts_ms=86774,mode=PCINT,ok=1,cm=6.97,pulse_us=404,timer1=1,pings=2094,valid=1878,timeout=216,miss=216
SONAR_CHK,ts_ms=86814,mode=PCINT,ok=0,cm=0.00,pulse_us=480,timer1=1,pings=2095,valid=1878,timeout=216,miss=216
SONAR_CHK,ts_ms=86818,mode=PCINT,ok=1,cm=8.28,pulse_us=480,timer1=1,pings=2095,valid=1879,timeout=216,miss=216
miss=216
SONAR_CHK,ts_ms=87135,mode=PCINT,ok=1,cm=10.28,pulse_us=596,timer1=1,pings=2103,valid=1887,timeout=216,miss=216
SONAR_CHK,ts_ms=87175,mode=PCINT,ok=1,cm=11.10,pulse_us=644,timer1=1,pings=2104,valid=1888,timeout=216,miss=216
SONAR_CHK,ts_ms=87216,mode=PCINT,ok=1,cm=14.83,pulse_us=860,timer1=1,pings=2105,valid=1889,timeout=216,miss=216
SONAR_CHK,ts_ms=87575,mode=PCINT,ok=0,cm=0.00,pulse_us=708,timer1=1,pings=2114,valid=1889,timeout=224,miss=224
SONAR_CHK,ts_ms=87579,mode=PCINT,ok=1,cm=12.21,pulse_us=708,timer1=1,pings=2114,valid=1890,timeout=224,miss=224
SONAR_CHK,ts_ms=87615,mode=PCINT,ok=1,cm=8.34,pulse_us=484,timer1=1,pings=2115,valid=1891,timeout=224,miss=224
SONAR_CHK,ts_ms=87655,mode=PCINT,ok=1,cm=7.93,pulse_us=460,timer1=1,pings=2116,valid=1892,timeout=224,miss=224
SONAR_CHK,ts_ms=87695,mode=PCINT,ok=1,cm=8.34,pulse_us=484,timer1=1,pings=2117,valid=1893,timeout=224,miss=224
SONAR_CHK,ts_ms=87736,mode=PCINT,ok=0,cm=0.00,pulse_us=484,timer1=1,pings=2118,valid=1893,timeout=224,miss=224
SONAR_CHK,ts_ms=87739,mode=PCINT,ok=1,cm=8.34,pulse_us=484,timer1=1,pings=2118,valid=1894,timeout=224,miss=224
SONAR_CHK,ts_ms=87776,mode=PCINT
SONAR_CHK,ts_ms=95022,mode=PCINT,ok=1,cm=10.34,pulse_us=600,timer1=1,pings=2300,valid=2072,timeout=228,miss=228
SONAR_CHK,ts_ms=95062,mode=PCINT,ok=1,cm=10.00,pulse_us=580,timer1=1,pings=2301,valid=2073,timeout=228,miss=228
SONAR_CHK,ts_ms=95101,mode=PCINT,ok=0,cm=0.00,pulse_us=584,timer1=1,pings=2302,valid=2073,timeout=228,miss=228
SONAR_CHK,ts_ms=95106,mode=PCINT,ok=1,cm=10.07,pulse_us=584,timer1=1,pings=2302,valid=2074,timeout=228,miss=228
SONAR_CHK,ts_ms=95141,mode=PCINT,ok=1,cm=10.07,pulse_us=584,timer1=1,pings=2303,valid=2075,timeout=228,miss=228
SONAR_CHK,ts_ms=95181,mode=PCINT,ok=0,cm=0.00,pulse_us=580,timer1=1,pings=2304,valid=2075,timeout=228,miss=228
SONAR_CHK,ts_ms=95185,mode=PCINT,ok=1,cm=10.00,pulse_us=580,timer1=1,pings=2304,valid=2076,timeout=228,miss=228
SONAR_CHK,ts_ms=95222,mode=PCINT,ok=0,cm=0.00,pulse_us=584,timer1=1,pings=2305,valid=2076,timeout=228,miss=228
SONAR_CHK,ts_ms=95226,mode=PCINT,ok=1,cm=10.07,pulse_us=584,timer1=1,pings=2305,valid=2077,timeout=228,miss=228
SONAR_CHK,ts_ms=95262,mode=PCINT,ok=0,cm=0.00,pulse_us=584,timer1=1,pings=2306,valid=2077,timeout=228,miss=228
SONAR_CHK,ts_ms=95266,mode=PCINT,ok=1,cm=10.07,pulse_us=584,timer1=1,pings=2306,valid=2078,timeout=228,miss=228
SONAR_CHK,ts_ms=95302,mode=PCINT,ok=1,cm=10.48,pulse_us=608,timer1=1,pings=2307,valid=2079,timeout=228,miss=228
SONAR_CHK,ts_ms=95342,mode=PCINT,ok=1,cm=10.00,pulse_us=580,timer1=1,pings=2308,valid=2080,timeout=228,miss=228
SONAR_CHK,ts_ms=95382,mode=PCINT,ok=1,cm=10.41,pulse_us=604,timer1=1,pings=2309,valid=2081,timeout=228,miss=228
SONAR_CHK,ts_ms=95422,mode=PCINT,ok=1,cm=10.41,pulse_us=604,timer1=1,pings=2310,valid=2082,timeout=228,miss=228
e=PCINT,ok=1,cm=9.66,pulse_us=560,timer1=1,pings=2317,valid=2089,timeout=228,miss=228
SONAR_CHK,ts_ms=95742,mode=PCINT,ok=1,cm=10.41,pulse_us=604,timer1=1,pings=2318,valid=2090,timeout=228,miss=228
SONAR_CHK,ts_ms=95782,mode=PCINT,ok=0,cm=0.00,pulse_us=584,timer1=1,pings=2319,valid=2090,timeout=228,miss=228
SONAR_CHK,ts_ms=95787,mode=PCINT,ok=1,cm=10.07,pulse_us=584,timer1=1,pings=2319,valid=2091,timeout=228,miss=228
SONAR_CHK,ts_ms=95822,mode=PCINT,ok=1,cm=9.17,pulse_us=532,timer1=1,pings=2320,valid=2092,timeout=228,miss=228
SONAR_CHK,ts_ms=95862,mode=PCINT,ok=1,cm=9.17,pulse_us=532,timer1=1,pings=2321,valid=2093,timeout=228,miss=228
SONAR_CHK,ts_ms=95902,mode=PCINT,ok=1,cm=11.17,pulse_us=648,timer1=1,pings=2322,valid=2094,timeout=228,miss=228
SONAR_CHK,ts_ms=95942,mode=PCINT,ok=1,cm=8.69,pulse_us=504,timer1=1,pings=2323,valid=2095,timeout=228,miss=228
SONAR_CHK,ts_ms=95982,mode=PCINT,ok=1,cm=7.52,pulse_us=436,timer1=1,pings=2324,valid=2096,timeout=228,miss=228
SONAR_CHK,ts_ms=96022,mode=PCINT,ok=1,cm=7.45,pulse_us=432,timer1=1,pings=2325,valid=2097,timeout=228,miss=228
SONAR_CHK,ts_ms=96223,mode=PCINT,ok=1,cm=10.00,pulse_us=580,timer1=1,pings=2330,valid=2098,timeout=232,miss=232
SONAR_CHK,ts_ms=96263,mode=PCINT,ok=0,cm=0.00,pulse_us=584,timer1=1,pings=2331,valid=2098,timeout=232,miss=232
SONAR_CHK,ts_ms=96267,mode=PCINT,ok=1,cm=10.07,pulse_us=584,timer1=1,pings=2331,valid=2099,timeout=232,miss=232
SONAR_CHK,ts_ms=96463,mode=PCINT,ok=1,cm=10.48,pulse_us=608,timer1=1,pings=2336,valid=2100,timeout=236,miss=236
SONAR_CHK,ts_ms=96503,mode=PCINT,ok=1,cm=7.86,pulse_us=456,timer1=1,pings=2337,valid=2101,timeout=236,miss=236
SONAR_CHK,ts_ms=96543,mode=PCINT,ok=1,cm=7.86,pulse_us=456,timer1=1,pings=2338,valid=2102,timeout=236,miss=236
SONAR_CHK,ts_ms=96583,mode=PCINT,ok=1,cm=8.34,pulse_us=484,timer1=1,pings=2339,valid=2103,timeout=236,miss=236
SONAR_CHK,ts_ms=96623,mode=PCINT,ok=1,cm=9.93,pulse_us=576,timer1=1,pings=2340,valid=2104,timeout=236,miss=236
SONAR_CHK,ts_ms=96663,mode=PCINT,ok=1,cm=13.31,pulse_us=772,timer1=1,pings=2341,valid=2105,timeout=236,miss=236
SONAR_CHK,ts_ms=96703,mode=PCINT,ok=1,cm=15.38,pulse_us=892,timer1=1,pings=2342,valid=2106,timeout=236,miss=236
SONAR_CHK,ts_ms=97063,mode=PCINT,ok=0,cm=0.00,pulse_us=684,timer1=1,pings=2351,valid=2106,timeout=244,miss=244
SONAR_CHK,ts_ms=97068,mode=PCINT,ok=1,cm=11.79,pulse_us=684,timer1=1,pings=2351,valid=2107,timeout=244,miss=244
SONAR_CHK,ts_ms=97103,mode=PCINT,ok=1,cm=7.86,pulse_us=456,timer1=1,pings=2352,valid=2108,timeout=244,miss=244
SONAR_CHK,ts_ms=97143,mode=PCINT,ok=0,cm=0.00,pulse_us=460,timer1=1,pings=2353,valid=2108,timeout=244,miss=244
SONAR_CHK,ts_ms=97147,mode=PCINT,ok=1,cm=7.93,pulse_us=460,timer1=1,pings=2353,valid=2109,timeout=244,miss=244
SONAR_CHK,ts_ms=97183,mode=PCINT,ok=0,cm=0.00,pulse_us=504,timer1=1,pings=2354,valid=2109,timeout=244,miss=244
miss=264
SONAR_CHK,ts_ms=98269,mode=PCINT,ok=1,cm=8.34,pulse_us=484,timer1=1,pings=2381,valid=2117,timeout=264,miss=264
SONAR_CHK,ts_ms=98305,mode=PCINT,ok=1,cm=8.28,pulse_us=480,timer1=1,pings=2382,valid=2118,timeout=264,miss=264
SONAR_CHK,ts_ms=98344,mode=PCINT,ok=1,cm=8.28,pulse_us=480,timer1=1,pings=2383,valid=2119,timeout=264,miss=264
SONAR_CHK,ts_ms=98384,mode=PCINT,ok=1,cm=8.34,pulse_us=484,timer1=1,pings=2384,valid=2120,timeout=264,miss=264
SONAR_CHK,ts_ms=98424,mode=PCINT,ok=0,cm=0.00,pulse_us=504,timer1=1,pings=2385,valid=2120,timeout=264,miss=264
SONAR_CHK,ts_ms=98428,mode=PCINT,ok=1,cm=8.69,pulse_us=504,timer1=1,pings=2385,valid=2121,timeout=264,miss=264
SONAR_CHK,ts_ms=98464,mode=PCINT,ok=1,cm=9.17,pulse_us=532,timer1=1,pings=2386,valid=2122,timeout=264,miss=264
SONAR_CHK,ts_ms=98504,mode=PCINT,ok=1,cm=9.93,pulse_us=576,timer1=1,pings=2387,valid=2123,timeout=264,miss=264
SONAR_CHK,ts_ms=98545,mode=PCINT,ok=1,cm=10.83,pulse_us=628,timer1=1,pings=2388,valid=2124,timeout=264,miss=264
SONAR_CHK,ts_ms=98585,mode=PCINT,ok=1,cm=11.31,pulse_us=656,timer1=1,pings=2389,valid=2125,timeout=264,miss=264
SONAR_CHK,ts_ms=98625,mode=PCINT,ok=1,cm=9.59,pulse_us=556,timer1=1,pings=2390,valid=2126,timeout=264,miss=264
SONAR_CHK,ts_ms=98665,mode=PCIN
SONAR_CHK,ts_ms=105030,mode=PCINT,ok=1,cm=14.69,pulse_us=852,timer1=1,pings=2550,valid=2282,timeout=268,miss=268
SONAR_CHK,ts_ms=105070,mode=PCINT,ok=1,cm=15.59,pulse_us=904,timer1=1,pings=2551,valid=2283,timeout=268,miss=268
SONAR_CHK,ts_ms=105110,mode=PCINT,ok=1,cm=15.17,pulse_us=880,timer1=1,pings=2552,valid=2284,timeout=268,miss=268
SONAR_CHK,ts_ms=105151,mode=PCINT,ok=1,cm=15.10,pulse_us=876,timer1=1,pings=2553,valid=2285,timeout=268,miss=268
SONAR_CHK,ts_ms=105191,mode=PCINT,ok=1,cm=15.59,pulse_us=904,timer1=1,pings=2554,valid=2286,timeout=268,miss=268
SONAR_CHK,ts_ms=105231,mode=PCINT,ok=0,cm=0.00,pulse_us=876,timer1=1,pings=2555,valid=2286,timeout=268,miss=268
SONAR_CHK,ts_ms=105235,mode=PCINT,ok=1,cm=15.10,pulse_us=876,timer1=1,pings=2555,valid=2287,timeout=268,miss=268
SONAR_CHK,ts_ms=105271,mode=PCINT,ok=0,cm=0.00,pulse_us=856,timer1=1,pings=2556,valid=2287,timeout=268,miss=268
SONAR_CHK,ts_ms=105275,mode=PCINT,ok=1,cm=14.76,pulse_us=856,timer1=1,pings=2556,valid=2288,timeout=268,miss=268
SONAR_CHK,ts_ms=105311,mode=PCINT,ok=1,cm=14.76,pulse_us=856,timer1=1,pings=2557,valid=2289,timeout=268,miss=268
SONAR_CHK,ts_ms=105351,mode=PCINT,ok=1,cm=14.69,pulse_us=852,timer1=1,pings=2558,valid=2290,timeout=268,miss=268
SONAR_CHK,ts_ms=105391,mode=PCINT,ok=1,cm=14.69,pulse_us=852,timer1=1,pings=2559,valid=2291,timeout=268,miss=268
SONAR_CHK,ts_ms=105431,mode=PCINT,ok=1,cm=14.34,pulse_us=832,timer1=1,pings=2560,valid=2292,timeout=268,miss=268
SONAR_CHK,ts_ms=105470,mode=PCINT,ok=1,cm=14.76,pulse_us=856,timer1=1,pings=2561,valid=2293,timeout=268,miss=268
,miss=268
SONAR_CHK,ts_ms=105831,mode=PCINT,ok=1,cm=12.14,pulse_us=704,timer1=1,pings=2570,valid=2302,timeout=268,miss=268
SONAR_CHK,ts_ms=105871,mode=PCINT,ok=0,cm=0.00,pulse_us=872,timer1=1,pings=2571,valid=2302,timeout=268,miss=268
SONAR_CHK,ts_ms=105875,mode=PCINT,ok=1,cm=15.03,pulse_us=872,timer1=1,pings=2571,valid=2303,timeout=268,miss=268
SONAR_CHK,ts_ms=105911,mode=PCINT,ok=1,cm=16.76,pulse_us=972,timer1=1,pings=2572,valid=2304,timeout=268,miss=268
SONAR_CHK,ts_ms=105952,mode=PCINT,ok=1,cm=17.59,pulse_us=1020,timer1=1,pings=2573,valid=2305,timeout=268,miss=268
SONAR_CHK,ts_ms=105992,mode=PCINT,ok=1,cm=18.76,pulse_us=1088,timer1=1,pings=2574,valid=2306,timeout=268,miss=268
SONAR_CHK,ts_ms=106032,mode=PCINT,ok=0,cm=0.00,pulse_us=1124,timer1=1,pings=2575,valid=2306,timeout=268,miss=268
SONAR_CHK,ts_ms=106036,mode=PCINT,ok=1,cm=19.38,pulse_us=1124,timer1=1,pings=2575,valid=2307,timeout=268,miss=268
SONAR_CHK,ts_ms=106072,mode=PCINT,ok=0,cm=0.00,pulse_us=684,timer1=1,pings=2576,valid=2307,timeout=268,miss=268
SONAR_CHK,ts_ms=106076,mode=PCINT,ok=1,cm=11.79,pulse_us=684,timer1=1,pings=2576,valid=2308,timeout=268,miss=268
SONAR_CHK,ts_ms=106112,mode=PCINT,ok=1,cm=16.00,pulse_us=928,timer1=1,pings=2577,valid=2309,timeout=268,miss=268
SONAR_CHK,ts_ms=106151,mode=PCINT,ok=1,cm=10.48,pulse_us=608,timer1=1,pings=2578,valid=2310,timeout=268,miss=268
SONAR_CHK,ts_ms=106191,mode=PCINT,ok=1,cm=11.79,pulse_us=684,timer1=1,pings=2579,valid=2311,timeout=268,miss=268
SONAR_CHK,ts_ms=107033,mode=PCINT,ok=1,cm=29.17,pulse_us=1692,timer1=1,pings=2600,valid=2312,timeout=288,miss=288
SONAR_CHK,ts_ms=107073,mode=PCINT,ok=1,cm=25.79,pulse_us=1496,timer1=1,pings=2601,valid=2313,timeout=288,miss=288
SONAR_CHK,ts_ms=107113,mode=PCINT,ok=0,cm=0.00,pulse_us=1300,timer1=1,pings=2602,valid=2313,timeout=288,miss=288
SONAR_CHK,ts_ms=107117,mode=PCINT,ok=1,cm=22.41,pulse_us=1300,timer1=1,pings=2602,valid=2314,timeout=288,miss=288
SONAR_CHK,ts_ms=107152,mode=PCINT,ok=0,cm=0.00,pulse_us=1048,timer1=1,pings=2603,valid=2314,timeout=288,miss=288
SONAR_CHK,ts_ms=107157,mode=PCINT,ok=1,cm=18.07,pulse_us=1048,timer1=1,pings=2603,valid=2315,timeout=288,miss=288
SONAR_CHK,ts_ms=107193,mode=PCINT,ok=1,cm=19.45,pulse_us=1128,timer1=1,pings=2604,valid=2316,timeout=288,miss=288
SONAR_CHK,ts_ms=107233,mode=PCINT,ok=1,cm=17.24,pulse_us=1000,timer1=1,pings=2605,valid=2317,timeout=288,miss=288
SONAR_CHK,ts_ms=107273,mode=PCINT,ok=1,cm=17.31,pulse_us=1004,timer1=1,pings=2606,valid=2318,timeout=288,miss=288
SONAR_CHK,ts_ms=107313,mode=PCINT,ok=1,cm=16.90,pulse_us=980,timer1=1,pings=2607,valid=2319,timeout=288,miss=288
SONAR_CHK,ts_ms=107353,mode=PCINT,ok=1,cm=16.41,pulse_us=952,timer1=1,pings=2608,valid=2320,timeout=288,miss=288
SONAR_CHK,ts_ms=107393,mode=PCINT,ok=1,cm=16.41,pulse_us=952,timer1=1,pings=2609,valid=2321,timeout=288,miss=288
HOST_CMD,t
SONAR_CHK,ts_ms=107432,mode=PCINT,ok=1,cm=16.41,pulse_us=952,timer1=1,pings=2610,valid=2322,timeout=288,miss=288
SONAR_CHK,ts_ms=107472,mode=PCINT,ok=1,cm=16.07,pulse_us=932,timer1=1,pings=2611,valid=2323,timeout=288,miss=288
SONAR_CHK,ts_ms=107512,mode=PCINT,ok=1,cm=14.28,pulse_us=828,timer1=1,pings=2612,valid=2324,timeout=288,miss=288
SONAR_CHK,ts_ms=107552,mode=PCINT,ok=1,cm=12.62,pulse_us=732,timer1=1,pings=2613,valid=2325,timeout=288,miss=288
SONAR_CHK,ts_ms=107593,mode=PCINT,ok=1,cm=28.76,pulse_us=1668,timer1=1,pings=2614,valid=2326,timeout=288,miss=288
SONAR_CHK,ts_ms=107633,mode=PCINT,ok=1,cm=21.03,pulse_us=1220,timer1=1,pings=2615,valid=2327,timeout=288,miss=288
SONAR_CHK,ts_ms=107673,mode=PCINT,ok=1,cm=28.34,pulse_us=1644,timer1=1,pings=2616,valid=2328,timeout=288,miss=288
SONAR_CHK,ts_ms=107713,mode=PCINT,ok=1,cm=29.59,pulse_us=1716,timer1=1,pings=2617,valid=2329,timeout=288,miss=288
SONAR_CHK,ts_ms=107752,mode=PCINT,ok=1,cm=10.00,pulse_us=580,timer1=1,pings=2618,valid=2330,timeout=288,miss=288
SONAR_CHK,ts_ms=107793,mode=PCINT,ok=1,cm=26.14,pulse_us=1516,timer1=1,pings=2619,valid=2331,timeout=288,miss=288
SONAR_CHK,ts_ms=107834,mode=PCINT,ok=1,cm=26.62,pulse_us=1544,timer1=1,pings=2620,valid=2332,timeout=288,miss=288
SONAR_CHK,ts_ms=107874,mode=PCINT,ok=1,cm=25.79,pulse_us=1496,timer1=1,pings=2621,valid=2333,timeout=288,miss=288
SONAR_CHK,ts_ms=107914,mode=PCINT,ok=1,cm=25.86,pulse_us=1500,timer1=1,pings=2622,valid=2334,timeout=288,miss=288
SONAR_CHK,ts_ms=107954,mode=PCINT,ok=1,cm=25.38,pulse_us=1472,timer1=1,pings=2623,valid=2335,timeout=288,miss=288
SONAR_CHK,ts_ms=107994,mode=PCINT,ok=1,cm=25.38,pulse_us=1472,timer1=1,pings=2624,valid=2336,timeout=288,miss=288
SONAR_CHK,ts_ms=108034,mode=PCINT,ok=1,cm=23.24,pulse_us=1348,timer1=1,pings=2625,valid=2337,timeout=288,miss=288
SONAR_CHK,ts_ms=108073,mode=PCINT,ok=1,cm=25.79,pulse_us=1496,timer1=1,pings=2626,valid=2338,timeout=288,miss=288
SONAR_CHK,ts_ms=108113,mode=PCINT,ok=1,cm=24.97,pulse_us=1448,timer1=1,pings=2627,valid=2339,timeout=288,miss=288
SONAR_CHK,ts_ms=108153,mode=PCINT,ok=1,cm=20.21,pulse_us=1172,timer1=1,pings=2628,valid=2340,timeout=288,miss=288
SONAR_CHK,ts_ms=108193,mode=PCINT,ok=1,cm=17.72,pulse_us=1028,timer1=1,pings=2629,valid=K,ts_ms=111440,mode=PCINT,ok=1,cm=27.45,pulse_us=1592,timer1=1,pings=2710,valid=2422,timeout=288,miss=288
SONAR_CHK,ts_ms=111476,mode=PCINT,ok=0,cm=0.00,pulse_us=1644,timer1=1,pings=2711,valid=2422,timeout=288,miss=288
SONAR_CHK,ts_ms=111480,mode=PCINT,ok=1,cm=28.34,pulse_us=1644,timer1=1,pings=2711,valid=2423,timeout=288,miss=288
SONAR_CHK,ts_ms=111516,mode=PCINT,ok=0,cm=0.00,pulse_us=1640,timer1=1,pings=2712,valid=2423,timeout=288,miss=288
SONAR_CHK,ts_ms=111520,mode=PCINT,ok=1,cm=28.28,pulse_us=1640,timer1=1,pings=2712,valid=2424,timeout=288,miss=288
SONAR_CHK,ts_ms=111556,mode=PCINT,ok=0,cm=0.00,pulse_us=1616,timer1=1,pings=2713,valid=2424,timeout=288,miss=288
SONAR_CHK,ts_ms=111561,mode=PCINT,ok=1,cm=27.86,pulse_us=1616,timer1=1,pings=2713,valid=2425,timeout=288,miss=288
SONAR_CHK,ts_ms=111597,mode=PCINT,ok=1,cm=28.34,pulse_us=1644,timer1=1,pings=2714,valid=2426,timeout=288,miss=288
SONAR_CHK,ts_ms=111637,mode=PCINT,ok=1,cm=27.93,pulse_us=1620,timer1=1,pings=2715,valid=2427,timeout=288,miss=288
SONAR_CHK,ts_ms=111677,mode=PCINT,ok=1,cm=28.34,pulse_us=1644,timer1=1,pings=2716,valid=2428,timeout=288,miss=288
SONAR_CHK,ts_ms=111717,mode=PCINT,ok=1,cm=28.34,pulse_us=1644,timer1=1,pings=2717,valid=2429,timeout=288,miss=288
SONAR_CHK,ts_ms=111757,mode=PCINT,ok=0,cm=0.00,pulse_us=1668,timer1=1,pings=2718,valid=2429,timeout=288,miss=288
SONAR_CHK,ts_ms=111761,mode=PCINT,ok=1,cm=28.76,pulse_us=1668,timer1=1,pings=2718,valid=2430,timeout=288,miss=288
SONAR_CHK,ts_ms=111797,mode=PCINT,ok=0,cm=0.00,pulse_us=1644,timer1=1,pings=2719,valid=2430,timeout=288,miss=288
SONAR_CHK,ts_ms=111801,mode=PCINT,ok=1,cm=28.34,pulse_us=1644,timer1=1,pings=2719,valid=2431,timeout=288,miss=288
SONAR_CHK,ts_ms=111837,mode=PCINT,ok=0,cm=0.00,pulse_us=1592,timer1=1,pings=2720,valid=2431,timeout=288,miss=288
SONAR_CHK,ts_ms=111841,mode=PCINT,ok=1,cm=27.45,pulse_us=1592,timer1=1,pings=2720,valid=2432,timeout=288,miss=288
SONAR_CHK,ts_ms=111877,mode=PCINT,ok=0,cm=0.00,pulse_us=1640,timer1=1,pings=2721,valid=2432,timeout=288,miss=288
SONAR_CHK,ts_ms=111881,mode=PCINT,ok=1,cm=28.28,pulse_us=1640,timer1=1,pings=2721,valid=2433,timeout=288,miss=288
SONAR_CHK,ts_ms=111917,mode=PCINT,ok=1,cm=27.52,pulse_us=1596,timer1=1,pings=2722,valid=2434,timeout=288,miss=288
SONAR_CHK,ts_ms=111956,mode=PCINT,ok=0,cm=0.00,pulse_us=1568,timer1=1,pings=2723,valid=2434,timeout=288,miss=288
SONAR_CHK,ts_ms=111961,mode=PCINT,ok=1,cm=27.03,pulse_us=1568,timer1=1,pings=2723,valid=2435,timeout=288,miss=288
SONAR_CHK,ts_ms=111996,mode=PCINT,ok=0,cm=0.00,pulse_us=1596,timer1=1,pings=2724,valid=2435,timeout=288,miss=288
SONAR_CHK,ts_ms=112002,mode=PCINT,ok=1,cm=27.52,pulse_us=1596,timer1=1,pings=2724,valid=2436,timeout=288,miss=288
SONAR_CHK,ts_ms=112037,mode=PCINT,ok=1,cm=27.03,pulse_us=1568,timer1=1,pings=2725,valid=2437,timeout=288,miss=288
SONAR_CHK,ts_ms=112077,mode=PCINT,ok=1,cm=26.21,pulse_us=1520,timer1=1,pings=2726,valid=2438,timeout=288,miss=288
SONAR_CHK,ts_ms=112117,mode=PCINT,ok=1,cm=27.38,pulse_us=1588,timer1=1,pings=2727,valid=2439,timeout=288,miss=288
SONAR_CHK,ts_ms=112156,mode=PCINT,ok=0,cm=0.00,pulse_us=704,timer1=1,pings=2728,valid=2439,timeout=288,miss=288
SONAR_CHK,ts_ms=112160,mode=PCINT,ok=1,cm=12.14,pulse_us=704,timer1=1,pings=2728,valid=2440,timeout=288,miss=288
SONAR_CHK,ts_ms=112196,mode=PCINT,ok=0,cm=0.00,pulse_us=680,timer1=1,pings=2729,valid=2440,timeout=288,miss=288
SONAR_CHK,ts_ms=112200,mode=PCINT,ok=1,cm=11.72,pulse_us=680,timer1=1,pings=2729,valid=2441,timeout=288,miss=288
SONAR_CHK,ts_ms=112237,mode=PCINT,ok=0,cm=0.00,pulse_us=1364,timer1=1,pings=2730,valid=2441,timeout=288,miss=288
SONAR_CHK,ts_ms=112241,mode=PCINT,ok=1,cm=23.52,pulse_us=1364,timer1=1,pings=2730,valid=2442,timeout=288,miss=288
SONAR_CHK,ts_ms=112282,mode=PCINT,ok=1,cm=116.83,pulse_us=6776,timer1=1,pings=2731,valid=2443,timeout=288,miss=288
SONAR_CHK,ts_ms=112316,mode=PCINT,ok=0,cm=0.00,pulse_us=608,timer1=1,pings=2732,valid=2443,timeout=288,miss=288
SONAR_CHK,ts_ms=112320,mode=PCINT,ok=1,cm=10.48,pulse_us=608,timer1=1,pings=2732,valid=2444,timeout=288,miss=288
SONAR_CHK,ts_ms=112357,mode=PCINT,ok=1,cm=24.21,pulse_us=1404,timer1=1,pings=2733,valid=2445,timeout=288,miss=288
SONAR_CHK,ts_ms=112397,mode=PCINT,ok=1,cm=15.59,pulse_us=904,timer1=1,pings=2734,valid=2446,timeout=288,miss=288
SONAR_CHK,ts_ms=112437,mode=PCINT,ok=1,cm=25.38,pulse_us=1472,timer1=1,pings=2735,valid=2447,timeout=288,miss=288
SONAR_CHK,ts_ms=112477,mode=PCINT,ok=1,cm=12.14,pulse_us=704,timer1=1,pings=2736,valid=2448,timeout=288,miss=288
SONAR_CHK,ts_ms=112518,mode=PCINT,ok=1,cm=25.31,pulse_us=1468,timer1=1,pings=2737,valid=2449,timeout=288,miss=288
SONAR_CHK,ts_ms=112558,mode=PCINT,ok=1,cm=25.72,pulse_us=1492,timer1=1,pings=2738,valid=2450,timeout=288,miss=288
SONAR_CHK,ts_ms=112598,mode=PCINT,ok=1,cm=26.62,pulse_us=1544,timer1=1,pings=2739,valid=2451,timeout=288,miss=288
SONAR_CHK,ts_ms=112636,mode=PCINT,ok=1,cm=14.00,pulse_us=812,timer1=1,pings=2740,valid=2452,timeout=288,miss=288
SONAR_CHK,ts_ms=112676,mode=PCINT,ok=1,cm=14.76,pulse_us=856,timer1=1,pings=2741,valid=2453,timeout=288,miss=288
SONAR_CHK,ts_ms=112717,mode=PCINT,ok=0,cm=0.00,pulse_us=1648,timer1=1,pings=2742,valid=2453,timeout=288,miss=288
SONAR_CHK,ts_ms=112721,mode=PCINT,ok=1,cm=28.41,pulse_us=1648,timer1=1,pings=2742,valid=2454,timeout=288,miss=288
SONAR_CHK,ts_ms=112757,mode=PCINT,ok=1,cm=28.34,pulse_us=1644,timer1=1,pings=2743,valid=2455,timeout=288,miss=288
SONAR_CHK,ts_ms=112797,mode=PCINT,ok=1,cm=27.93,pulse_us=1620,timer1=1,pings=2744,valid=2456,timeout=288,miss=288
SONAR_CHK,ts_ms=112837,mode=PCINT,ok=1,cm=26.69,pulse_us=1548,timer1=1,pings=2745,valid=2457,timeout=288,miss=288
SONAR_CHK,ts_ms=112877,mode=PCINT,ok=1,cm=27.10,pulse_us=1572,timer1=1,pings=2746,valid=2458,timeout=288,miss=288
SONAR_CHK,ts_ms=112918,mode=PCINT,ok=1,cm=28.34,pulse_us=1644,timer1=1,pings=2747,valid=2459,timeout=288,miss=288
SONAR_CHK,ts_ms=112958,mode=PCINT,ok=0,cm=0.00,pulse_us=1696,timer1=1,pings=2748,valid=2459,timeout=288,miss=288
SONAR_CHK,ts_ms=112962,mode=PCINT,ok=1,cm=29.24,pulse_us=1696,timer1=1,pings=2748,valid=2460,timeout=288,miss=288
SONAR_CHK,ts_ms=112998,mode=PCINT,ok=1,cm=28.41,pulse_us=1648,timer1=1,pings=2749,valid=2461,timeout=288,miss=288
SONAR_CHK,ts_ms=113038,mode=PCINT,ok=0,cm=0.00,pulse_us=1616,timer1=1,pings=2750,valid=2461,timeout=288,miss=288
SONAR_CHK,ts_ms=113042,mode=PCINT,ok=1,cm=27.86,pulse_us=1616,timer1=1,pings=2750,valid=2462,timeout=288,miss=288
SONAR_CHK,ts_ms=113078,mode=PCINT,ok=1,cm=27.93,pulse_us=1620,timer1=1,pings=2751,valid=2463,timeout=288,miss=288
SONAR_CHK,ts_ms=113118,mode=PCINT,ok=1,cm=28.00,pulse_us=1624,timer1=1,pings=2752,valid=2464,timeout=288,miss=288
SONAR_CHK,ts_ms=113158,mode=PCINT,ok=0,cm=0.00,pulse_us=1572,timer1=1,pings=2753,valid=2464,timeout=288,miss=288
SONAR_CHK,ts_ms=113162,mode=PCINT,ok=1,cm=27.10,pulse_us=1572,timer1=1,pings=2753,valid=2465,timeout=288,miss=288
SONAR_CHK,ts_ms=113198,mode=PCINT,ok=1,cm=27.03,pulse_us=1568,timer1=1,pings=2754,valid=2466,timeout=288,miss=288
SONAR_CHK,ts_ms=113236,mode=PCINT,ok=1,cm=12.14,pulse_us=704,timer1=1,pings=2755,valid=2467,timeout=288,miss=288
SONAR_CHK,ts_ms=113277,mode=PCINT,ok=1,cm=25.86,pulse_us=1500,timer1=1,pings=2756,valid=2468,timeout=288,miss=288
SONAR_CHK,ts_ms=113317,mode=PCINT,ok=0,cm=0.00,pulse_us=1520,timer1=1,pings=2757,valid=2468,timeout=288,miss=288
SONAR_CHK,ts_ms=113323,mode=PCINT,ok=1,cm=26.21,pulse_us=1520,timer1=1,pings=2757,valid=2469,timeout=288,miss=288
SONAR_CHK,ts_ms=113357,mode=PCINT,ok=1,cm=11.79,pulse_us=684,timer1=1,pings=2758,valid=2470,timeout=288,miss=288
SONAR_CHK,ts_ms=113398,mode=PCINT,ok=
SONAR_CHK,ts_ms=119043,mode=PCINT,ok=1,cm=26.21,pulse_us=1520,timer1=1,pings=2900,valid=2608,timeout=292,miss=292
SONAR_CHK,ts_ms=119083,mode=PCINT,ok=1,cm=26.62,pulse_us=1544,timer1=1,pings=2901,valid=2609,timeout=292,miss=292
SONAR_CHK,ts_ms=119122,mode=PCINT,ok=0,cm=0.00,pulse_us=1520,timer1=1,pings=2902,valid=2609,timeout=292,miss=292
SONAR_CHK,ts_ms=119127,mode=PCINT,ok=1,cm=26.21,pulse_us=1520,timer1=1,pings=2902,valid=2610,timeout=292,miss=292
SONAR_CHK,ts_ms=119162,mode=PCINT,ok=0,cm=0.00,pulse_us=1520,timer1=1,pings=2903,valid=2610,timeout=292,miss=292
SONAR_CHK,ts_ms=119166,mode=PCINT,ok=1,cm=26.21,pulse_us=1520,timer1=1,pings=2903,valid=2611,timeout=292,miss=292
SONAR_CHK,ts_ms=119202,mode=PCINT,ok=1,cm=26.69,pulse_us=1548,timer1=1,pings=2904,valid=2612,timeout=292,miss=292
SONAR_CHK,ts_ms=119242,mode=PCINT,ok=1,cm=26.69,pulse_us=1548,timer1=1,pings=2905,valid=2613,timeout=292,miss=292
SONAR_CHK,ts_ms=119282,mode=PCINT,ok=1,cm=26.28,pulse_us=1524,timer1=1,pings=2906,valid=2614,timeout=292,miss=292
SONAR_CHK,ts_ms=119323,mode=PCINT,ok=1,cm=26.69,pulse_us=1548,timer1=1,pings=2907,valid=2615,timeout=292,miss=292
SONAR_CHK,ts_ms=119363,mode=PCINT,ok=1,cm=26.21,pulse_us=1520,timer1=1,pings=2908,valid=2616,timeout=292,miss=292
SONAR_CHK,ts_ms=119403,mode=PCINT,ok=1,cm=26.28,pulse_us=1524,timer1=1,pings=2909,valid=2617,timeout=292,miss=292
SONAR_CHK,ts_ms=119443,mode=PCINT,ok=0,cm=0.00,pulse_us=1548,timer1=1,pings=2910,valid=2617,timeout=292,miss=292
SONAR_CHK,ts_ms=119447,mode=PCINT,ok=1,cm=26.69,pulse_us=1548,timer1=1,pings=2910,valid=2618,timeout=292,miss=292
SONAR_CHK,ts_ms=119483,mode=PCINT,ok=1,cm=26.62,pulse_us=1544,timer1=1,pings=2911,valid=2619,timeout=292,miss=292
SONAR_CHK,ts_ms=119523,mode=PCINT,ok=1,cm=26.69,pulse_us=1548,timer1=1,pings=2912,valid=2620,timeout=292,miss=292
SONAR_CHK,ts_ms=119563,mode=PCINT,ok=1,cm=26.28,pulse_us=1524,timer1=1,pings=2913,valid=2621,timeout=292,miss=292
SONAR_CHK,ts_ms=119603,mode=PCINT,ok=1,cm=26.21,pulse_us=1520,timer1=1,pings=2914,valid=2622,timeout=292,miss=292
SONAR_CHK,ts_ms=119643,mode=PCINT,ok=1,cm=26.62,pulse_us=1544,timer1=1,pings=2915,valid=2623,timeout=292,miss=292
SONAR_CHK,ts_ms=119683,mode=PCINT,ok=1,cm=26.69,pulse_us=1548,timer1=1,pings=2916,valid=2624,timeout=292,miss=292
SONAR_CHK,ts_ms=119724,mode=PCINT,ok=1,cm=26.62,pulse_us=1544,timer1=1,pings=2917,valid=2625,timeout=292,miss=292
SONAR_CHK,ts_ms=119763,mode=PCINT,ok=1,cm=26.21,pulse_us=1520,timer1=1,pings=2918,valid=2626,timeout=292,miss=292
SONAR_CHK,ts_ms=119803,mode=PCINT,ok=1,cm=25.79,pulse_us=1496,timer1=1,pings=2919,valid=2627,timeout=292,miss=292
SONAR_CHK,ts_ms=119843,mode=PCINT,ok=1,cm=26.69,pulse_us=1548,timer1=1,pings=2920,valid=2628,timeout=292,miss=292
SONAR_CHK,ts_ms=119883,mode=PCINT,ok=1,cm=26.62,pulse_us=1544,timer1=1,pings=2921,valid=2629,timeout=292,miss=292
SONAR_CHK,ts_ms=119923,mode=PCINT,ok=1,cm=26.69,pulse_us=1548,timer1=1,pings=2922,valid=2630,timeout=292,miss=292
SONAR_CHK,ts_ms=119963,mode=PCINT,ok=1,cm=26.14,pulse_us=1516,timer1=1,pings=2923,valid=2631,timeout=292,miss=292
SONAR_CHK,ts_ms=120003,mode=PCINT,ok=1,cm=26.28,pulse_us=1524,timer1=1,pings=2924,valid=2632,timeout=292,miss=292
SONAR_CHK,ts_ms=120042,mode=PCINT,ok=0,cm=0.00,pulse_us=680,timer1=1,pings=2925,valid=2632,timeout=292,miss=292
SONAR_CHK,ts_ms=120046,mode=PCINT,ok=1,cm=11.72,pulse_us=680,timer1=1,pings=2925,valid=2633,timeout=292,miss=292
SONAR_CHK,ts_ms=120083,mode=PCINT,ok=1,cm=25.72,pulse_us=1492,timer1=1,pings=2926,valid=2634,timeout=292,miss=292
SONAR_CHK,ts_ms=120123,mode=PCINT,ok=1,cm=25.86,pulse_us=1500,timer1=1,pings=2927,valid=2635,timeout=292,miss=292
SONAR_CHK,ts_ms=120164,mode=PCINT,ok=1,cm=26.69,pulse_us=1548,timer1=1,pings=2928,valid=2636,timeout=292,miss=292
SONAR_CHK,ts_ms=120204,mode=PCINT,ok=1,cm=25.79,pulse_us=1496,timer1=1,pings=2929,valid=2637,timeout=292,miss=292
SONAR_CHK,ts_ms=120244,mode=PCINT,ok=1,cm=25.86,pulse_us=1500,timer1=1,pings=2930,valid=2638,timeout=292,miss=292
SONAR_CHK,ts_ms=120284,mode=PCINT,ok=1,cm=26.21,pulse_us=1520,timer1=1,pings=2931,valid=2639,timeout=292,miss=292
SONAR_CHK,ts_ms=120324,mode=PCINT,ok=1,cm=26.21,pulse_us=1520,timer1=1,pings=2932,valid=2640,timeout=292,miss=292
SONAR_CHK,ts_ms=120364,mode=PCINT,ok=0,cm=0.00,pulse_us=1496,timer1=1,pings=2933,valid=2640,timeout=292,miss=292
SONAR_CHK,ts_ms=120368,mode=PCINT,ok=1,cm=25.79,pulse_us=1496,timer1=1,pings=2933,valid=2641,timeout=292,miss=292
SONAR_CHK,ts_ms=120403,mode=PCINT,ok=1,cm=26.14,pulse_us=1516,timer1=1,pings=2934,valid=2642,timeout=292,miss=292
SONAR_CHK,ts_ms=120443,mode=PCINT,ok=1,cm=26.21,pulse_us=1520,timer1=1,pings=2935,valid=2643,timeout=292,miss=292
SONAR_CHK,ts_ms=120483,mode=PCINT,ok=1,cm=25.72,pulse_us=1492,timer1=1,pings=2936,valid=2644,timeout=292,miss=292
SONAR_CHK,ts_ms=120523,mode=PCINT,ok=1,cm=25.79,pulse_us=1496,timer1=1,pings=2937,valid=2645,timeout=292,miss=292
SONAR_CHK,ts_ms=120563,mode=PCINT,ok=1,cm=26.21,pulse_us=1520,timer1=1,pings=2938,valid=2646,timeout=292,miss=292
SONAR_CHK,ts_ms=120603,mode=PCINT,ok=0,cm=0.00,pulse_us=1500,timer1=1,pings=2939,valid=2646,timeout=292,miss=292
SONAR_CHK,ts_ms=120608,mode=PCINT,ok=1,cm=25.86,pulse_us=1500,timer1=1,pings=2939,valid=2647,timeout=292,miss=292
SONAR_CHK,ts_ms=120644,mode=PCINT,ok=1,cm=25.79,pulse_us=1496,timer1=1,pings=2940,valid=2648,timeout=292,miss=292
SONAR_CHK,ts_ms=120684,mode=PCINT,ok=1,cm=26.21,pulse_us=1520,timer1=1,pings=2941,valid=2649,timeout=292,miss=292
SONAR_CHK,ts_ms=120723,mode=PCINT,ok=1,cm=10.41,pulse_us=604,timer1=1,pings=2942,valid=2650,timeout=292,miss=292
OK,stream=0
