BALL_BEAM_BOOT
HELP,keys
STATE,SAFE_DISABLED
SENSORS,angle=bad,pos=bad
MEAS,theta_deg=0.0000,x_cm=0.0000,x_filt_cm=0.0000
AGE,angle_ms=0,pos_ms=0
FAULTS,bits=0
CAL,zero_calibrated=no,limits_calibrated=yes,sign_calibrated=yes
CAL_STORE,status=loaded
SONAR_CFG,s=-1,m=o,u=1
ACT_CFG,t=23.8248,s=m,c=m
TEL,enabled=1
FAULT_INFO,bits=0
FAULT_INFO,mode=bringup_warning
FAULT_INFO,none
TEL,350,SAFE_DISABLED,1.3528,1.3528,-13.0013,0.0000,0.00,0,0.0000
TEL,450,SAFE_DISABLED,1.5243,1.4042,-13.0013,0.0000,0.00,0,0.0000
TEL,550,SAFE_DISABLED,1.6958,1.5886,-13.0013,0.0000,0.00,0,0.0000
TEL,650,SAFE_DISABLED,1.6958,1.6432,-13.0013,0.0000,0.00,0,0.0000
TEL,750,SAFE_DISABLED,1.6272,1.6377,-12.9884,0.0000,0.00,0,0.0000
TEL,850,SAFE_DISABLED,1.6272,1.6323,-12.9992,0.0000,0.00,0,0.0000
TEL,950,SAFE_DISABLED,1.6272,1.6289,-13.0010,0.0000,0.00,0,0.0000
TEL,1050,SAFE_DISABLED,1.6272,1.6280,-13.0013,0.0000,0.00,0,0.0000
TEL,1150,SAFE_DISABLED,1.6272,1.6275,-13.0013,0.0000,0.00,0,0.0000
TEL,1250,SAFE_DISABLED,1.2842,1.5100,-13.0013,0.0000,0.00,0,0.0000
TEL,1350,SAFE_DISABLED,1.0098,1.2217,-13.0013,0.0000,0.00,0,0.0000
TEL,1451,SAFE_DISABLED,1.0098,1.1136,-13.0013,0.0000,0.00,0,0.0000
TEL,1551,SAFE_DISABLED,1.1470,1.0865,-13.0013,0.0000,0.00,0,0.0000
TEL,1651,SAFE_DISABLED,1.6272,1.2758,-13.0013,0.0000,0.00,0,0.0000
TEL,1751,SAFE_DISABLED,1.6272,1.5066,-12.9950,0.0000,0.00,0,0.0000
TEL,1851,SAFE_DISABLED,1.2842,1.4652,-13.0003,0.0000,0.00,0,0.0000
TEL,1951,SAFE_DISABLED,0.9412,1.1757,-13.0012,0.0000,0.00,0,0.0000
TEL,2051,SAFE_DISABLED,0.1866,0.7288,-13.0013,0.0000,0.00,0,0.0000
TEL,2151,SAFE_DISABLED,0.1866,0.3726,-13.0013,0.0000,0.00,0,0.0000
TEL,2251,SAFE_DISABLED,0.1866,0.2777,-13.0013,0.0000,0.00,0,0.0000
TEL,2351,SAFE_DISABLED,0.5982,0.4479,-13.0013,0.0000,0.00,0,0.0000
TEL,2451,SAFE_DISABLED,0.5982,0.5245,-13.0013,0.0000,0.00,0,0.0000
TEL,2551,SAFE_DISABLED,0.6668,0.6079,-13.0013,0.0000,0.00,0,0.0000
TEL,2651,SAFE_DISABLED,0.6668,0.6379,-13.0013,0.0000,0.00,0,0.0000
TEL,2751,SAFE_DISABLED,1.0784,0.8380,-13.0013,0.0000,0.00,0,0.0000
TEL,2851,SAFE_DISABLED,1.0784,0.9606,-13.0013,0.0000,0.00,0,0.0000
TEL,2951,SAFE_DISABLED,1.0784,1.0380,-12.9923,0.0000,0.00,0,0.0000
TEL,3051,SAFE_DISABLED,1.0784,1.0586,-12.9998,0.0000,0.00,0,0.0000
TEL,3151,SAFE_DISABLED,1.0784,1.0716,-13.0011,0.0000,0.00,0,0.0000
TEL,3251,SAFE_DISABLED,1.6272,1.2973,-13.0013,0.0000,0.00,0,0.0000
TEL,3351,SAFE_DISABLED,1.6272,1.5140,-12.9884,0.0000,0.00,0,0.0000
TEL,3451,SAFE_DISABLED,1.6272,1.5717,-12.9992,0.0000,0.00,0,0.0000
TEL,3551,SAFE_DISABLED,1.6272,1.6081,-13.0010,0.0000,0.00,0,0.0000
TEL,3651,SAFE_DISABLED,1.5586,1.5973,-12.9922,0.0000,0.00,0,0.0000
TEL,3751,SAFE_DISABLED,1.6958,1.6274,-12.9998,0.0000,0.00,0,0.0000
TEL,3851,SAFE_DISABLED,1.6958,1.6623,-13.0011,0.0000,0.00,0,0.0000
TEL,3951,SAFE_DISABLED,1.3528,1.5526,-13.0013,0.0000,0.00,0,0.0000
TEL,4051,SAFE_DISABLED,1.2156,1.3951,-13.0013,0.0000,0.00,0,0.0000
TEL,4151,SAFE_DISABLED,1.2842,1.3222,-12.9923,0.0000,0.00,0,0.0000
TEL,4251,SAFE_DISABLED,1.1470,1.2616,-12.9998,0.0000,0.00,0,0.0000
TEL,4352,SAFE_DISABLED,0.8726,1.0060,-13.0011,0.0000,0.00,0,0.0000
TEL,4452,SAFE_DISABLED,0.8726,0.9380,-13.0013,0.0000,0.00,0,0.0000
TEL,4552,SAFE_DISABLED,0.1866,0.4947,-13.0013,0.0000,0.00,0,0.0000
TEL,4652,SAFE_DISABLED,0.1180,0.3026,-13.0013,0.0000,0.00,0,0.0000
TEL,4752,SAFE_DISABLED,0.1180,0.1813,-13.0013,0.0000,0.00,0,0.0000
TEL,4852,SAFE_DISABLED,0.1866,0.1840,-13.0013,0.0000,0.00,0,0.0000
TEL,4952,SAFE_DISABLED,0.5296,0.2886,-13.0013,0.0000,0.00,0,0.0000
TEL,5052,SAFE_DISABLED,1.0098,0.6276,-13.0013,0.0000,0.00,0,0.0000
TEL,5152,SAFE_DISABLED,1.6958,1.2689,-13.0013,0.0000,0.00,0,0.0000
TEL,5252,SAFE_DISABLED,1.6958,1.4866,-13.0013,0.0000,0.00,0,0.0000
TEL,5352,SAFE_DISABLED,1.7644,1.6590,-13.0013,0.0000,0.00,0,0.0000
TEL,5452,SAFE_DISABLED,1.7644,1.7127,-13.0013,0.0000,0.00,0,0.0000
TEL,5552,SAFE_DISABLED,1.7644,1.7466,-13.0013,0.0000,0.00,0,0.0000
TEL,5652,SAFE_DISABLED,1.7644,1.7557,-13.0013,0.0000,0.00,0,0.0000
TEL,5752,SAFE_DISABLED,2.1074,1.9867,-13.0013,0.0000,0.00,0,0.0000
TEL,5852,SAFE_DISABLED,1.6272,1.8178,-13.0013,0.0000,0.00,0,0.0000
TEL,5952,SAFE_DISABLED,1.6272,1.6925,-13.0013,0.0000,0.00,0,0.0000
TEL,6052,SAFE_DISABLED,1.6272,1.6592,-13.0013,0.0000,0.00,0,0.0000
TEL,6152,SAFE_DISABLED,2.0388,1.7616,-13.0013,0.0000,0.00,0,0.0000
TEL,6252,SAFE_DISABLED,2.0388,1.9030,-13.0013,0.0000,0.00,0,0.0000
OK,telemetry=0
STATE,SAFE_DISABLED
SENSORS,angle=ok,pos=bad
MEAS,theta_deg=-5.2670,x_cm=1.2156,x_filt_cm=1.1819
AGE,angle_ms=8,pos_ms=797
FAULTS,bits=0
CAL,zero_calibrated=no,limits_calibrated=yes,sign_calibrated=yes
CAL_STORE,status=loaded
SONAR_CFG,s=-1,m=o,u=1
ACT_CFG,t=23.8248,s=m,c=m
TEL,enabled=0
FAULT_INFO,bits=0
FAULT_INFO,mode=bringup_warning
FAULT_INFO,none
OK,cal_reset_saved
OK,cal_limit_down_set=0.000000
CAL_LIMITS,lower_deg=-7.514648,upper_deg=7.514648,limits_calibrated=no
ERR,sonar_not_ready
SONAR_DIAG,fresh=0,age_ms=7648,raw_cm=4.5962,filt_cm=4.7614,jump_reject_cnt=50
OK,driver_enabled
ERR,capture_l_u_first
OK,driver_disabled
STATE,SAFE_DISABLED
SENSORS,angle=ok,pos=ok
MEAS,theta_deg=-24.1260,x_cm=6.7602,x_filt_cm=6.7602
AGE,angle_ms=15,pos_ms=21
FAULTS,bits=0
CAL,zero_calibrated=no,limits_calibrated=no,sign_calibrated=no
CAL_STORE,status=loaded
SONAR_CFG,s=-1,m=o,u=1
ACT_CFG,t=7.5146,s=m,c=a
TEL,enabled=0
FAULT_INFO,bits=0
FAULT_INFO,mode=bringup_warning
FAULT_INFO,none
OK,cal_reset_saved
OK,cal_limit_down_set=0.000000
CAL_LIMITS,lower_deg=-7.470703,upper_deg=7.470703,limits_calibrated=no
ERR,sonar_not_ready
SONAR_DIAG,fresh=0,age_ms=4953,raw_cm=4.4247,filt_cm=4.6478,jump_reject_cnt=146
ERR,sonar_not_ready
SONAR_DIAG,fresh=0,age_ms=12815,raw_cm=4.4247,filt_cm=4.6478,jump_reject_cnt=146
OK,cal_limit_up_set=50.625000
OK,as5600_sign=-1,sonar_sign=-1
INFO,limits_sonar_ok
CAL_LIMITS,lower_deg=-25.312500,upper_deg=25.312500,limits_calibrated=yes
OK,driver_enabled
OK,stepper_sign=-1,delta=-22.3242
OK,cal_saved
STATE,READY
SENSORS,angle=ok,pos=ok
MEAS,theta_deg=-8.5163,x_cm=4.6323,x_filt_cm=4.6323
AGE,angle_ms=13,pos_ms=26
FAULTS,bits=0
CAL,zero_calibrated=yes,limits_calibrated=yes,sign_calibrated=yes
CAL_STORE,status=loaded
SONAR_CFG,s=-1,m=o,u=1
ACT_CFG,t=25.3125,s=m,c=a
TEL,enabled=0
FAULT_INFO,bits=0
FAULT_INFO,mode=bringup_warning
FAULT_INFO,none
SET,263313,0.0000,4.1682,-4.1682
OK,running
TEL,281080,RUNNING,5.0439,5.0413,-8.1429,-2.2265,403.42,0,0.0000
TEL,281180,RUNNING,4.6323,4.8230,-4.8383,-0.5050,371.40,0,0.0000
TEL,281280,RUNNING,4.6323,4.7258,-1.3730,-2.2521,67.20,0,0.0000
TEL,281380,RUNNING,4.6323,4.6644,0.0914,-2.0165,-28.07,0,0.0000
TEL,281480,RUNNING,4.6323,4.6480,0.1011,-2.3744,-81.41,0,0.0000
TEL,281580,RUNNING,4.6323,4.6377,-0.5471,-2.3991,-70.74,0,0.0000
TEL,281680,RUNNING,4.6323,4.6350,-1.4076,-2.5236,-44.11,0,0.0000
TEL,281780,RUNNING,4.6323,4.6332,-2.0346,-2.5921,-20.06,0,0.0000
TEL,281880,RUNNING,4.6323,4.6328,-2.3362,-2.6773,-12.21,0,0.0000
TEL,281980,RUNNING,4.6323,4.6325,-2.4848,-2.7531,-11.56,0,0.0000
TEL,282080,RUNNING,4.6323,4.6324,-2.5958,-2.8318,-12.77,0,0.0000
TEL,282180,RUNNING,4.6323,4.6323,-2.7478,-2.9088,-10.64,0,0.0000
TEL,282280,RUNNING,4.9753,4.7640,-2.9490,-3.0285,-12.13,0,0.0000
TEL,282380,RUNNING,5.0439,4.9234,-3.3519,-4.0000,-51.88,0,0.0000
TEL,282480,RUNNING,5.0439,4.9849,-3.5101,-3.2390,3.86,0,0.0000
TEL,282580,RUNNING,4.9753,4.9887,-3.4479,-3.2042,4.29,0,0.0000
TEL,282680,RUNNING,4.6323,4.8069,-3.2618,-3.3269,-4.32,0,0.0000
TEL,282780,RUNNING,4.6323,4.6922,-3.1357,-2.8194,22.83,0,0.0000
TEL,282880,RUNNING,4.6323,4.6617,-3.0708,-3.4211,-19.85,0,0.0000
TEL,282980,RUNNING,4.6323,4.6424,-3.1330,-3.4001,-18.39,0,0.0000
TEL,283080,RUNNING,4.6323,4.6373,-3.2968,-3.5655,-22.32,0,0.0000
TEL,283180,RUNNING,4.6323,4.6340,-3.5173,-3.6263,-14.79,0,0.0000
TEL,283280,RUNNING,4.6323,4.6331,-3.6822,-3.7185,-11.29,0,0.0000
TEL,283380,RUNNING,4.2207,4.5091,-3.8207,-1.1564,158.34,0,0.0000
TEL,283480,RUNNING,4.1521,4.3271,-3.5784,-3.7366,-2.54,0,0.0000
TEL,283580,RUNNING,4.1521,4.2121,-3.2400,-3.2200,9.17,0,0.0000
TEL,283680,RUNNING,4.1521,4.1815,-3.2884,-3.8146,-29.04,0,0.0000
TEL,283780,RUNNING,4.6323,4.3308,-3.5423,-4.0000,-31.29,0,0.0000
TEL,283880,RUNNING,4.6323,4.4846,-3.8357,-4.0000,-16.96,0,0.0000
TEL,283980,RUNNING,4.6323,4.5816,-4.0530,-4.0000,-4.15,0,0.0000
TEL,284080,RUNNING,4.6323,4.6075,-4.1909,-4.0000,6.12,0,0.0000
TEL,284180,RUNNING,4.6323,4.6238,-4.2141,-4.0000,10.15,0,0.0000
TEL,284280,RUNNING,4.6323,4.6281,-4.1448,-4.0000,8.03,0,0.0000
TEL,284380,RUNNING,4.6323,4.6309,-4.0664,-4.0000,4.53,0,0.0000
TEL,284480,RUNNING,4.6323,4.6316,-3.9892,-4.0000,0.20,0,0.0000
TEL,284580,RUNNING,4.6323,4.6321,-3.9608,-4.0000,-1.91,0,0.0000
TEL,284680,RUNNING,4.6323,4.6322,-3.9560,-4.0000,-2.74,0,0.0000
TEL,284780,RUNNING,4.6323,4.6323,-3.9552,-4.0000,-3.35,0,0.0000
TEL,284880,RUNNING,4.7695,4.7023,-3.9551,-4.0000,-3.92,0,0.0000
TEL,284980,RUNNING,4.6323,4.7053,-3.9551,-3.4595,29.48,0,0.0000
TEL,285080,RUNNING,4.6323,4.6681,-3.9551,-4.0000,-2.35,0,0.0000
TEL,285180,RUNNING,4.1521,4.3536,-3.7291,-2.2315,105.17,0,0.0000
TEL,285280,RUNNING,4.2207,4.2858,-3.4847,-4.0000,-18.41,0,0.0000
TEL,285380,RUNNING,4.2207,4.2430,-3.4436,-3.8609,-17.40,0,0.0000
TEL,285480,RUNNING,4.4951,4.3140,-3.5145,-4.0000,-28.10,0,0.0000
TEL,285580,RUNNING,4.5637,4.4536,-3.7458,-4.0000,-18.52,0,0.0000
TEL,285680,RUNNING,4.5637,4.5097,-3.9584,-4.0000,-7.30,0,0.0000
TEL,285780,RUNNING,4.5637,4.5452,-4.0865,-4.0000,0.88,0,0.0000
TEL,285880,RUNNING,4.2207,4.4517,-4.1548,-4.0000,11.47,0,0.0000
TEL,285980,RUNNING,4.2893,4.3349,-3.8283,-3.7644,10.47,0,0.0000
TEL,286080,RUNNING,4.5637,4.3940,-3.7144,-4.0000,-13.57,0,0.0000
TEL,286180,RUNNING,4.6323,4.5261,-3.7948,-4.0000,-11.77,0,0.0000
TEL,286280,RUNNING,4.5637,4.5453,-3.8998,-4.0000,-7.28,0,0.0000
TEL,286380,RUNNING,4.2207,4.4545,-4.0035,-2.1586,114.18,0,0.0000
TEL,286480,RUNNING,4.2893,4.3703,-3.8579,-4.0000,-3.29,0,0.0000
TEL,286580,RUNNING,4.2207,4.2965,-3.7862,-3.5794,17.12,0,0.0000
TEL,286680,RUNNING,4.2207,4.2579,-3.8068,-4.0000,-9.00,0,0.0000
TEL,286780,RUNNING,4.2207,4.2335,-3.8570,-4.0000,-7.94,0,0.0000
TEL,286880,RUNNING,4.2207,4.2270,-3.9386,-4.0000,-4.07,0,0.0000
TEL,286980,RUNNING,4.1521,4.1778,-4.0191,-4.0000,1.31,0,0.0000
TEL,287080,RUNNING,4.1521,4.1647,-4.0390,-4.0000,2.93,0,0.0000
TEL,287180,RUNNING,4.1521,4.1564,-4.0423,-4.0000,3.66,0,0.0000
TEL,287280,RUNNING,4.1521,4.1542,-4.0429,-4.0000,4.23,0,0.0000
TEL,287380,RUNNING,4.1521,4.1528,-4.0429,-4.0000,4.78,0,0.0000
TEL,287480,RUNNING,4.1521,4.1525,-4.0430,-4.0000,5.32,0,0.0000
TEL,287580,RUNNING,4.1521,4.1666,-3.9698,-4.0000,0.78,0,0.0000
TEL,287680,RUNNING,4.2207,4.1942,-3.9576,-4.0000,-0.46,0,0.0000
TEL,287780,RUNNING,4.2207,4.2116,-3.9555,-4.0000,-1.14,0,0.0000
TEL,287880,RUNNING,4.2207,4.2163,-3.9551,-4.0000,-1.72,0,0.0000
TEL,287980,RUNNING,4.6323,4.3427,-3.9551,-4.0000,-2.30,0,0.0000
TEL,288080,RUNNING,4.9753,4.5933,-3.9551,-4.0000,-2.86,0,0.0000
TEL,288180,RUNNING,4.9753,4.7881,-3.9551,-4.0000,-3.43,0,0.0000
TEL,288280,RUNNING,4.6323,4.8082,-3.9551,-2.9753,60.40,0,0.0000
TEL,288380,RUNNING,4.6323,4.6926,-3.9103,-4.0000,-2.87,0,0.0000
TEL,288480,RUNNING,4.6323,4.6619,-3.8744,-4.0000,-6.50,0,0.0000
TEL,288580,RUNNING,4.6323,4.6425,-3.8684,-4.0000,-8.51,0,0.0000
TEL,288680,RUNNING,4.6323,4.6373,-3.9251,-4.0000,-6.43,0,0.0000
TEL,288780,RUNNING,4.6323,4.6348,-3.9949,-4.0000,-2.76,0,0.0000
TEL,288880,RUNNING,4.7009,4.6537,-4.0349,-4.0000,-0.04,0,0.0000
TEL,288980,RUNNING,4.9753,4.8348,-4.0416,-4.0000,0.87,0,0.0000
TEL,289080,RUNNING,4.6323,4.7315,-4.0427,-4.0000,3.90,0,0.0000
TEL,289180,RUNNING,4.6323,4.6663,-3.9761,-4.0000,-0.01,0,0.0000
TEL,289280,RUNNING,4.6323,4.6490,-3.9586,-4.0000,-1.53,0,0.0000
TEL,289380,RUNNING,4.6323,4.6405,-3.9557,-4.0000,-2.26,0,0.0000
TEL,289480,RUNNING,4.6323,4.6351,-3.9552,-4.0000,-2.86,0,0.0000
TEL,289580,RUNNING,4.6323,4.6337,-3.9551,-4.0000,-3.43,0,0.0000
TEL,289680,RUNNING,4.9753,4.7602,-3.9551,-4.0000,-4.00,0,0.0000
TEL,289780,RUNNING,4.9753,4.8699,-3.9551,-4.0000,-4.56,0,0.0000
TEL,289880,RUNNING,4.6323,4.7786,-3.9551,-3.3545,36.90,0,0.0000
TEL,289980,RUNNING,4.7009,4.7390,-3.8883,-4.0000,-7.12,0,0.0000
TEL,290080,RUNNING,5.0439,4.8169,-3.8707,-4.0000,-9.75,0,0.0000
TEL,290180,RUNNING,5.0439,4.9327,-3.8678,-4.0000,-11.59,0,0.0000
TEL,290280,RUNNING,5.0439,5.0058,-3.9668,-4.0000,-6.55,0,0.0000
TEL,290380,RUNNING,5.0439,5.0252,-4.0302,-4.0000,-2.56,0,0.0000
TEL,290480,RUNNING,4.2207,4.6940,-4.0612,-0.4187,207.07,0,0.0000
TEL,290580,RUNNING,4.1521,4.4321,-3.4526,-4.0000,-16.00,0,0.0000
TEL,290680,RUNNING,4.1521,4.2481,-3.1579,-3.6814,-18.70,0,0.0000
TEL,290780,RUNNING,4.1521,4.1992,-3.2279,-4.0000,-44.08,0,0.0000
TEL,290880,RUNNING,4.1521,4.1683,-3.5899,-4.0000,-29.39,0,0.0000
TEL,290980,RUNNING,4.1521,4.1600,-3.9047,-4.0000,-13.04,0,0.0000
TEL,291080,RUNNING,4.1521,4.1548,-4.1038,-4.0000,-0.77,0,0.0000
TEL,291180,RUNNING,4.1521,4.1534,-4.1810,-4.0000,5.97,0,0.0000
TEL,291280,RUNNING,4.1521,4.1526,-4.1676,-4.0000,7.56,0,0.0000
TEL,291380,RUNNING,4.5637,4.2758,-4.1370,-4.0000,7.55,0,0.0000
TEL,291480,RUNNING,4.2207,4.2900,-4.0651,-3.9817,6.27,0,0.0000
TEL,291580,RUNNING,4.6323,4.4646,-3.9736,-4.0000,-0.38,0,0.0000
TEL,291680,RUNNING,4.6323,4.5748,-3.9582,-4.0000,-1.78,0,0.0000
TEL,291780,RUNNING,4.6323,4.6041,-3.9556,-4.0000,-2.49,0,0.0000
TEL,291880,RUNNING,4.6323,4.6227,-3.9552,-4.0000,-3.08,0,0.0000
TEL,291980,RUNNING,4.6323,4.6276,-3.9551,-4.0000,-3.66,0,0.0000
TEL,292080,RUNNING,4.6323,4.6307,-3.9551,-4.0000,-4.22,0,0.0000
TEL,292180,RUNNING,4.6323,4.6315,-3.9551,-4.0000,-4.79,0,0.0000
TEL,292280,RUNNING,4.6323,4.6810,-3.9999,-4.0000,-2.47,0,0.0000
TEL,292380,RUNNING,4.6323,4.6562,-4.0806,-4.0000,2.90,0,0.0000
TEL,292480,RUNNING,5.0439,4.9109,-4.0493,-4.0000,1.74,0,0.0000
TEL,292580,RUNNING,5.0439,4.8923,-4.0055,-4.0000,1.95,0,0.0000
TEL,292680,RUNNING,4.6323,4.8684,-3.9636,-2.7684,76.50,0,0.0000
TEL,292780,RUNNING,4.6323,4.7480,-3.7652,-4.0000,-9.62,0,0.0000
TEL,292880,RUNNING,4.6323,4.6720,-3.7038,-4.0000,-16.86,0,0.0000
TEL,292980,RUNNING,4.6323,4.6518,-3.7199,-4.0000,-19.66,0,0.0000
TEL,293080,RUNNING,4.6323,4.6390,-3.8872,-4.0000,-11.78,0,0.0000
TEL,293180,RUNNING,4.6323,4.6356,-4.0168,-4.0000,-4.19,0,0.0000
TEL,293280,RUNNING,4.6323,4.6334,-4.1565,-4.0000,5.51,0,0.0000
TEL,293380,RUNNING,4.6323,4.6329,-4.2083,-4.0000,11.09,0,0.0000
TEL,293480,RUNNING,4.6323,4.6325,-4.1439,-4.0000,9.24,0,0.0000
TEL,293580,RUNNING,4.6323,4.6324,-4.0663,-4.0000,5.78,0,0.0000
TEL,293680,RUNNING,4.6323,4.6324,-3.9891,-4.0000,1.46,0,0.0000
TEL,293780,RUNNING,4.6323,4.6323,-3.9608,-4.0000,-0.65,0,0.0000
TEL,293880,RUNNING,5.0439,4.8379,-3.9560,-4.0000,-1.47,0,0.0000
TEL,293980,RUNNING,5.0439,4.9286,-3.9552,-4.0000,-2.09,0,0.0000
TEL,294080,RUNNING,4.9753,4.9838,-3.9551,-4.0000,-2.66,0,0.0000
TEL,294180,RUNNING,4.6323,4.7901,-3.8206,-4.0000,-6.30,0,0.0000
TEL,294280,RUNNING,4.6323,4.6864,-3.7131,-4.0000,-15.85,0,0.0000
TEL,294380,RUNNING,4.6323,4.6588,-3.7214,-4.0000,-19.08,0,0.0000
TEL,294480,RUNNING,4.9753,4.7443,-3.8812,-4.0000,-11.84,0,0.0000
TEL,294580,RUNNING,5.0439,4.8971,-4.0158,-4.0000,-3.97,0,0.0000
TEL,294680,RUNNING,5.0439,4.9936,-4.1300,-4.0000,4.12,0,0.0000
TEL,294780,RUNNING,5.0439,5.0192,-4.2038,-4.0000,10.90,0,0.0000
TEL,294880,RUNNING,4.6323,4.9120,-4.1495,-2.4932,104.51,0,0.0000
TEL,294980,RUNNING,4.6323,4.7694,-3.8247,-4.0000,-3.78,0,0.0000
TEL,295080,RUNNING,4.6323,4.6793,-3.7138,-4.0000,-13.72,0,0.0000
TEL,295180,RUNNING,4.6323,4.6553,-3.6952,-4.0000,-18.63,0,0.0000
TEL,295280,RUNNING,4.6323,4.6402,-3.8037,-4.0000,-15.29,0,0.0000
TEL,295380,RUNNING,4.6323,4.6362,-3.9745,-4.0000,-6.12,0,0.0000
TEL,295480,RUNNING,4.6323,4.6336,-4.0892,-4.0000,1.34,0,0.0000
TEL,295580,RUNNING,4.5637,4.5980,-4.1722,-4.0000,8.17,0,0.0000
TEL,295680,RUNNING,4.5637,4.5899,-4.1441,-4.0000,8.52,0,0.0000
TEL,295780,RUNNING,4.6323,4.5971,-4.1067,-4.0000,7.92,0,0.0000
TEL,295880,RUNNING,4.6323,4.6202,-4.0537,-4.0000,5.57,0,0.0000
TEL,295980,RUNNING,4.6323,4.6264,-3.9717,-4.0000,0.54,0,0.0000
TEL,296080,RUNNING,4.6323,4.6303,-3.9579,-4.0000,-0.78,0,0.0000
TEL,296180,RUNNING,4.7009,4.6663,-3.9555,-4.0000,-1.47,0,0.0000
TEL,296280,RUNNING,4.6323,4.6440,-3.9552,-4.0000,-2.06,0,0.0000
TEL,296380,RUNNING,4.6323,4.6380,-3.9551,-4.0000,-2.63,0,0.0000
TEL,296480,RUNNING,4.6323,4.6343,-3.9551,-4.0000,-3.20,0,0.0000
TEL,296580,RUNNING,4.6323,4.6333,-3.9551,-4.0000,-3.77,0,0.0000
TEL,296680,RUNNING,4.9753,4.7644,-3.9551,-4.0000,-4.33,0,0.0000
TEL,296780,RUNNING,4.9753,4.8719,-3.9551,-4.0000,-4.90,0,0.0000
TEL,296880,RUNNING,5.0439,4.9604,-4.0282,-4.0000,-0.38,0,0.0000
TEL,296980,RUNNING,4.7695,4.9207,-4.0495,-4.0000,2.31,0,0.0000
TEL,297080,RUNNING,4.6323,4.7312,-3.9863,-4.0000,1.34,0,0.0000
TEL,297180,RUNNING,4.6323,4.6808,-3.9603,-4.0000,-0.65,0,0.0000
TEL,297280,RUNNING,4.6323,4.6489,-3.9560,-4.0000,-1.45,0,0.0000
TEL,297380,RUNNING,4.6323,4.6405,-3.9552,-4.0000,-2.06,0,0.0000
TEL,297480,RUNNING,4.6323,4.6351,-3.9551,-4.0000,-2.63,0,0.0000
TEL,297580,RUNNING,4.6323,4.6337,-3.9551,-4.0000,-3.20,0,0.0000
TEL,297680,RUNNING,4.6323,4.6328,-3.9551,-4.0000,-3.77,0,0.0000
TEL,297780,RUNNING,4.6323,4.6325,-3.9551,-4.0000,-4.34,0,0.0000
TEL,297880,RUNNING,4.6323,4.6324,-3.9551,-4.0000,-4.90,0,0.0000
TEL,297980,RUNNING,4.6323,4.6324,-4.0282,-4.0000,-0.38,0,0.0000
TEL,298080,RUNNING,4.6323,4.6323,-4.0719,-4.0000,2.98,0,0.0000
TEL,298180,RUNNING,4.6323,4.6323,-4.0478,-4.0000,2.22,0,0.0000
TEL,298280,RUNNING,4.6323,4.6323,-4.0438,-4.0000,2.54,0,0.0000
TEL,298380,RUNNING,4.6323,4.6323,-4.0431,-4.0000,3.05,0,0.0000
TEL,298480,RUNNING,4.6323,4.6323,-4.0430,-4.0000,3.58,0,0.0000
TEL,298580,RUNNING,4.6323,4.6323,-4.0430,-4.0000,4.13,0,0.0000
TEL,298680,RUNNING,4.7695,4.6735,-3.9762,-4.0000,0.15,0,0.0000
TEL,298780,RUNNING,5.0439,4.8624,-3.9586,-4.0000,-1.38,0,0.0000
TEL,298880,RUNNING,5.0439,4.9817,-3.9557,-4.0000,-2.11,0,0.0000
TEL,298980,RUNNING,5.0439,5.0134,-3.9552,-4.0000,-2.70,0,0.0000
TEL,299080,RUNNING,4.9753,4.9985,-3.9551,-4.0000,-3.27,0,0.0000
TEL,299180,RUNNING,4.6323,4.8261,-3.9999,-4.0000,2.66,0,0.0000
TEL,299280,RUNNING,4.6323,4.6988,-4.0357,-4.0000,5.53,0,0.0000
TEL,299380,RUNNING,4.6323,4.6649,-4.0154,-4.0000,4.75,0,0.0000
TEL,299480,RUNNING,4.6323,4.6435,-3.9652,-4.0000,1.45,0,0.0000
TEL,299580,RUNNING,4.6323,4.6378,-3.9568,-4.0000,0.42,0,0.0000
TEL,299680,RUNNING,4.6323,4.6342,-3.9554,-4.0000,-0.22,0,0.0000
TEL,299780,RUNNING,4.6323,4.6332,-3.9551,-4.0000,-0.80,0,0.0000
TEL,299880,RUNNING,4.6323,4.6326,-3.9551,-4.0000,-1.37,0,0.0000
TEL,299980,RUNNING,4.6323,4.6325,-3.9551,-4.0000,-1.94,0,0.0000
TEL,300080,RUNNING,4.5637,4.6118,-3.9551,-4.0000,-2.51,0,0.0000
TEL,300180,RUNNING,4.5637,4.6017,-3.9551,-4.0000,-3.07,0,0.0000
TEL,300280,RUNNING,4.5637,4.5868,-3.9551,-4.0000,-3.64,0,0.0000
TEL,300380,RUNNING,4.6323,4.5956,-3.9551,-4.0000,-4.21,0,0.0000
TEL,300480,RUNNING,4.6323,4.6053,-3.9551,-4.0000,-4.78,0,0.0000
TEL,300580,RUNNING,4.6323,4.6191,-4.0128,-4.0000,-1.54,0,0.0000
TEL,300680,RUNNING,4.6323,4.6278,-4.0379,-4.0000,0.37,0,0.0000
TEL,300780,RUNNING,4.6323,4.6301,-4.0421,-4.0000,1.14,0,0.0000
TEL,300880,RUNNING,4.6323,4.6316,-4.0692,-4.0000,3.38,0,0.0000
TEL,300980,RUNNING,4.6323,4.6319,-4.0474,-4.0000,2.74,0,0.0000
TEL,301080,RUNNING,4.6323,4.6322,-4.0591,-4.0000,4.36,0,0.0000
TEL,301180,RUNNING,4.6323,4.6323,-4.0457,-4.0000,4.18,0,0.0000
TEL,301280,RUNNING,4.6323,4.6323,-4.0171,-4.0000,2.94,0,0.0000
TEL,301380,RUNNING,4.6323,4.6323,-3.9655,-4.0000,-0.43,0,0.0000
TEL,301480,RUNNING,4.6323,4.6323,-3.9568,-4.0000,-1.47,0,0.0000
TEL,301580,RUNNING,4.6323,4.6323,-3.9554,-4.0000,-2.12,0,0.0000
TEL,301680,RUNNING,4.6323,4.6323,-3.9551,-4.0000,-2.70,0,0.0000
TEL,301780,RUNNING,4.6323,4.6323,-3.9551,-4.0000,-3.27,0,0.0000
TEL,301880,RUNNING,4.6323,4.6323,-3.9551,-4.0000,-3.84,0,0.0000
TEL,301980,RUNNING,4.6323,4.6323,-3.9551,-4.0000,-4.40,0,0.0000
TEL,302080,RUNNING,4.2893,4.4070,-3.9551,-3.9012,5.57,0,0.0000
TEL,302180,RUNNING,4.2207,4.3120,-3.9551,-4.0000,-0.39,0,0.0000
TEL,302280,RUNNING,4.2207,4.2520,-3.9680,-4.0000,-0.03,0,0.0000
TEL,302380,RUNNING,4.6323,4.3739,-3.9572,-4.0000,-1.18,0,0.0000
TEL,302480,RUNNING,4.6323,4.5437,-3.9554,-4.0000,-1.85,0,0.0000
TEL,302580,RUNNING,4.6323,4.5889,-3.9736,-4.0000,-1.21,0,0.0000
TEL,302680,RUNNING,4.6323,4.6174,-3.9582,-4.0000,-2.61,0,0.0000
TEL,302780,RUNNING,4.6323,4.6250,-3.9646,-4.0000,-2.61,0,0.0000
TEL,302880,RUNNING,4.6323,4.6298,-3.9567,-4.0000,-3.61,0,0.0000
TEL,302980,RUNNING,4.6323,4.6311,-4.0285,-4.0000,0.84,0,0.0000
TEL,303080,RUNNING,4.6323,4.6319,-4.0469,-4.0000,2.61,0,0.0000
TEL,303180,RUNNING,4.6323,4.6321,-4.0565,-4.0000,3.90,0,0.0000
TEL,303280,RUNNING,4.6323,4.6322,-4.0453,-4.0000,3.83,0,0.0000
TEL,303380,RUNNING,4.6323,4.6323,-4.0434,-4.0000,4.27,0,0.0000
TEL,303480,RUNNING,4.6323,4.6323,-3.9982,-4.0000,1.91,0,0.0000
TEL,303580,RUNNING,4.9753,4.7352,-3.9623,-4.0000,-0.61,0,0.0000
SET,303639,0.0000,4.1682,-4.1682
TEL,303680,RUNNING,4.9753,4.8577,-3.9568,-4.0000,-1.36,0,0.0000
TEL,303780,RUNNING,5.0439,4.9555,-3.9554,-4.0000,-2.01,0,0.0000
TEL,303880,RUNNING,5.0439,5.0006,-3.9551,-4.0000,-2.59,0,0.0000
TEL,303980,RUNNING,4.9753,5.0085,-3.9551,-4.0000,-3.16,0,0.0000
TEL,304080,RUNNING,4.6323,4.8166,-3.8391,-4.0000,-7.02,0,0.0000
TEL,304180,RUNNING,4.6323,4.6955,-3.7162,-4.0000,-17.60,0,0.0000
TEL,304280,RUNNING,4.6323,4.6633,-3.7404,-4.0000,-19.74,0,0.0000
TEL,304380,RUNNING,4.6323,4.6429,-3.8844,-4.0000,-13.36,0,0.0000
TEL,304480,RUNNING,4.6323,4.6375,-4.0427,-4.0000,-3.98,0,0.0000
TEL,304580,RUNNING,4.6323,4.6341,-4.1738,-4.0000,5.47,0,0.0000
TEL,304680,RUNNING,4.6323,4.6332,-4.1785,-4.0000,8.05,0,0.0000
TEL,304780,RUNNING,4.6323,4.6326,-4.1389,-4.0000,7.54,0,0.0000
TEL,304880,RUNNING,4.6323,4.6325,-4.0874,-4.0000,5.95,0,0.0000
TEL,304980,RUNNING,4.6323,4.6324,-4.0241,-4.0000,2.83,0,0.0000
TEL,305080,RUNNING,4.6323,4.6323,-3.9667,-4.0000,-0.86,0,0.0000
TEL,305180,RUNNING,4.6323,4.6323,-3.9570,-4.0000,-1.96,0,0.0000
TEL,305280,RUNNING,4.6323,4.6323,-3.9554,-4.0000,-2.61,0,0.0000
TEL,305380,RUNNING,4.6323,4.6323,-3.9551,-4.0000,-3.19,0,0.0000
TEL,305480,RUNNING,4.6323,4.6323,-3.9551,-4.0000,-3.76,0,0.0000
TEL,305580,RUNNING,4.6323,4.6323,-3.9551,-4.0000,-4.33,0,0.0000
TEL,305680,RUNNING,4.6323,4.6323,-3.9551,-4.0000,-4.90,0,0.0000
TEL,305780,RUNNING,4.6323,4.6323,-4.0219,-4.0000,-0.94,0,0.0000
TEL,305880,RUNNING,4.6323,4.6323,-4.0394,-4.0000,0.56,0,0.0000
TEL,305980,RUNNING,4.5637,4.5872,-4.0751,-4.0000,3.48,0,0.0000
TEL,306080,RUNNING,4.5637,4.5752,-4.0967,-4.0000,5.87,0,0.0000
TEL,306180,RUNNING,4.6323,4.6027,-4.0610,-4.0000,4.69,0,0.0000
TEL,306280,RUNNING,4.6323,4.6178,-4.0460,-4.0000,4.42,0,0.0000
TEL,306380,RUNNING,4.6323,4.6273,-3.9857,-4.0000,1.01,0,0.0000
TEL,306480,RUNNING,4.6323,4.6299,-3.9602,-4.0000,-0.94,0,0.0000
TEL,306580,RUNNING,4.6323,4.6315,-3.9559,-4.0000,-1.74,0,0.0000
TEL,306680,RUNNING,5.0439,4.7554,-3.9552,-4.0000,-2.35,0,0.0000
TEL,306780,RUNNING,5.0439,4.9450,-3.9551,-4.0000,-2.92,0,0.0000
TEL,306880,RUNNING,5.0439,4.9090,-3.9287,-4.0000,-3.29,0,0.0000
TEL,306980,RUNNING,4.6323,4.7272,-3.8327,-4.0000,-9.36,0,0.0000
TEL,307080,RUNNING,4.1521,4.5348,-3.7883,-4.0000,-8.78,0,0.0000
SET,307095,0.0000,4.1682,-4.1682
TEL,307180,RUNNING,4.2207,4.4048,-3.7077,-3.4605,20.13,0,0.0000
TEL,307280,RUNNING,4.2207,4.3109,-3.6941,-4.0000,-16.92,0,0.0000
TEL,307380,RUNNING,4.2207,4.2272,-3.8098,-4.0000,-12.96,0,0.0000
TEL,307480,RUNNING,4.1521,4.1889,-3.9507,-4.0000,-5.86,0,0.0000
TEL,307580,RUNNING,4.1521,4.1647,-4.0275,-4.0000,-1.14,0,0.0000
TEL,307680,RUNNING,4.1521,4.1583,-4.0404,-4.0000,0.10,0,0.0000
TEL,307780,RUNNING,4.1521,4.1542,-4.0425,-4.0000,0.76,0,0.0000
TEL,307880,RUNNING,4.1521,4.1532,-4.0519,-4.0000,2.04,0,0.0000
TEL,307980,RUNNING,4.6323,4.4075,-4.0445,-4.0000,2.18,0,0.0000
TEL,308080,RUNNING,4.6323,4.4357,-4.0432,-4.0000,2.79,0,0.0000
TEL,308180,RUNNING,4.6323,4.5649,-4.0430,-4.0000,3.32,0,0.0000
TEL,308280,RUNNING,4.6323,4.5993,-4.0430,-4.0000,3.86,0,0.0000
TEL,308380,RUNNING,4.6323,4.6210,-3.9762,-4.0000,-0.12,0,0.0000
TEL,308480,RUNNING,4.9067,4.7667,-3.9586,-4.0000,-1.64,0,0.0000
TEL,308580,RUNNING,4.9067,4.6138,-3.7286,-4.0000,-8.86,0,0.0000
TEL,308680,RUNNING,4.7009,4.7014,-3.6245,-4.0000,-19.53,0,0.0000
TEL,308780,RUNNING,4.6323,4.6805,-3.7065,-4.0000,-18.74,0,0.0000
TEL,308880,RUNNING,4.6323,4.6559,-3.8787,-4.0000,-10.83,0,0.0000
TEL,308980,RUNNING,4.6323,4.6404,-4.0000,-4.0000,-4.13,0,0.0000
TEL,309080,RUNNING,4.2207,4.4984,-4.1025,-4.0000,6.08,0,0.0000
TEL,309180,RUNNING,4.2207,4.3160,-3.9952,-4.0000,1.54,0,0.0000
TEL,309280,RUNNING,4.1521,4.2324,-3.9618,-4.0000,-0.84,0,0.0000
TEL,309380,RUNNING,4.1521,4.1797,-3.9562,-4.0000,-1.72,0,0.0000
TEL,309480,RUNNING,4.2893,4.2212,-3.9553,-4.0000,-2.34,0,0.0000
TEL,309580,RUNNING,4.9753,4.5294,-3.9551,-4.0000,-2.91,0,0.0000
TEL,309680,RUNNING,4.9753,4.7568,-3.9551,-4.0000,-3.48,0,0.0000
TEL,309780,RUNNING,4.9753,4.9004,-3.9551,-4.0000,-4.05,0,0.0000
TEL,309880,RUNNING,4.9753,4.9386,-3.9614,-4.0000,-4.05,0,0.0000
TEL,309980,RUNNING,4.9753,4.9771,-3.9561,-4.0000,-4.90,0,0.0000
TEL,310080,RUNNING,5.0439,4.9824,-4.0220,-4.0000,-1.00,0,0.0000
TEL,310180,RUNNING,5.0439,5.0228,-4.0670,-4.0000,2.44,0,0.0000
TEL,310280,RUNNING,5.0439,5.0336,-4.0797,-4.0000,4.12,0,0.0000
TEL,310380,RUNNING,5.0439,5.0404,-4.0491,-4.0000,3.00,0,0.0000
TEL,310480,RUNNING,5.0439,5.0422,-4.0440,-4.0000,3.26,0,0.0000
TEL,310580,RUNNING,5.0439,5.0433,-4.0431,-4.0000,3.76,0,0.0000
TEL,310680,RUNNING,5.0439,5.0436,-4.0166,-4.0000,2.63,0,0.0000
TEL,310780,RUNNING,5.0439,5.0438,-3.9654,-4.0000,-0.72,0,0.0000
TEL,310880,RUNNING,5.0439,5.0439,-3.9568,-4.0000,-1.76,0,0.0000
TEL,310980,RUNNING,5.0439,5.0439,-3.9554,-4.0000,-2.40,0,0.0000
TEL,311080,RUNNING,5.0439,5.0439,-3.9551,-4.0000,-2.98,0,0.0000
TEL,311180,RUNNING,4.9753,5.0089,-3.9551,-4.0000,-3.55,0,0.0000
TEL,311280,RUNNING,5.0439,5.0268,-3.9551,-4.0000,-4.12,0,0.0000
TEL,311380,RUNNING,5.0439,5.0236,-3.9551,-4.0000,-4.69,0,0.0000
TEL,311480,RUNNING,5.0439,5.0340,-3.9999,-4.0000,-2.37,0,0.0000
TEL,311580,RUNNING,5.0439,5.0405,-4.0542,-4.0000,1.35,0,0.0000
TEL,311680,RUNNING,5.0439,5.0422,-4.0776,-4.0000,3.61,0,0.0000
TEL,311780,RUNNING,5.0439,5.0433,-4.0815,-4.0000,4.81,0,0.0000
TEL,311880,RUNNING,5.0439,5.0436,-4.0494,-4.0000,3.61,0,0.0000
TEL,311980,RUNNING,4.6323,4.9203,-4.0441,-2.8712,74.79,0,0.0000
TEL,312080,RUNNING,4.9753,4.8763,-3.8832,-4.0000,-2.55,0,0.0000
TEL,312180,RUNNING,5.0439,4.9864,-3.7300,-4.0000,-14.57,0,0.0000
TEL,312280,RUNNING,5.0439,5.0158,-3.7710,-4.0000,-15.12,0,0.0000
TEL,312380,RUNNING,4.6323,4.8143,-3.8958,-3.8250,3.60,0,0.0000
TEL,312480,RUNNING,4.6323,4.7215,-4.0182,-4.0000,0.25,0,0.0000
TEL,312580,RUNNING,4.6323,4.6629,-4.0388,-4.0000,1.91,0,0.0000
TEL,312680,RUNNING,4.6323,4.6473,-4.0423,-4.0000,2.64,0,0.0000
TEL,312780,RUNNING,4.6323,4.6375,-4.0429,-4.0000,3.22,0,0.0000
TEL,312880,RUNNING,4.6323,4.6348,-4.0559,-4.0000,4.69,0,0.0000
TEL,312980,RUNNING,4.6323,4.6332,-4.0451,-4.0000,4.65,0,0.0000
TEL,313080,RUNNING,4.6323,4.6327,-4.0170,-4.0000,3.44,0,0.0000
TEL,313180,RUNNING,4.6323,4.6325,-3.9655,-4.0000,0.07,0,0.0000
TEL,313280,RUNNING,4.6323,4.6324,-3.9568,-4.0000,-0.97,0,0.0000
TEL,313380,RUNNING,4.6323,4.6323,-3.9554,-4.0000,-1.62,0,0.0000
TEL,313480,RUNNING,4.6323,4.6323,-3.9551,-4.0000,-2.20,0,0.0000
TEL,313580,RUNNING,4.9753,4.8577,-3.9551,-4.0000,-2.77,0,0.0000
TEL,313680,RUNNING,4.6323,4.8148,-3.9551,-4.0000,-2.92,0,0.0000
TEL,313780,RUNNING,4.6323,4.7453,-3.9551,-4.0000,-3.49,0,0.0000
TEL,313880,RUNNING,4.6323,4.6877,-3.9551,-4.0000,-4.06,0,0.0000
TEL,313980,RUNNING,4.6323,4.6513,-3.9551,-4.0000,-4.63,0,0.0000
TEL,314080,RUNNING,4.6323,4.6416,-4.0219,-4.0000,-0.67,0,0.0000
TEL,314180,RUNNING,4.6323,4.6355,-4.0394,-4.0000,0.83,0,0.0000
TEL,314280,RUNNING,4.6323,4.6339,-4.0608,-4.0000,2.76,0,0.0000
TEL,314380,RUNNING,4.6323,4.6329,-4.0550,-4.0000,3.21,0,0.0000
TEL,314480,RUNNING,5.0439,4.7705,-4.0450,-4.0000,3.20,0,0.0000
TEL,314580,RUNNING,5.0439,4.9501,-4.0433,-4.0000,3.65,0,0.0000
TEL,314680,RUNNING,5.0439,4.9980,-4.0430,-4.0000,4.18,0,0.0000
TEL,314780,RUNNING,4.9753,4.9831,-3.9982,-4.0000,1.84,0,0.0000
TEL,314880,RUNNING,4.6323,4.8042,-3.9623,-4.0000,1.16,0,0.0000
TEL,314980,RUNNING,4.6323,4.6913,-3.8832,-4.0000,-4.83,0,0.0000
TEL,315080,RUNNING,4.6323,4.6612,-3.8699,-4.0000,-7.23,0,0.0000
TEL,315180,RUNNING,4.6323,4.6422,-3.8676,-4.0000,-9.03,0,0.0000
TEL,315280,RUNNING,4.6323,4.6372,-3.9121,-4.0000,-7.84,0,0.0000
TEL,315380,RUNNING,4.6323,4.6340,-3.9927,-4.0000,-3.58,0,0.0000
TEL,315480,RUNNING,4.6323,4.6331,-4.0345,-4.0000,-0.76,0,0.0000
TEL,315580,RUNNING,4.6323,4.6326,-4.0415,-4.0000,0.16,0,0.0000
TEL,315680,RUNNING,4.6323,4.6325,-4.0427,-4.0000,0.77,0,0.0000
TEL,315780,RUNNING,4.6323,4.6324,-4.0558,-4.0000,2.25,0,0.0000
TEL,315880,RUNNING,4.6323,4.6323,-4.0581,-4.0000,3.14,0,0.0000
TEL,315980,RUNNING,4.6323,4.6323,-4.0455,-4.0000,3.00,0,0.0000
TEL,316080,RUNNING,4.6323,4.6323,-4.0434,-4.0000,3.42,0,0.0000
TEL,316180,RUNNING,4.6323,4.6323,-4.0430,-4.0000,3.95,0,0.0000
TEL,316280,RUNNING,4.6323,4.6323,-4.0166,-4.0000,2.83,0,0.0000
TEL,316380,RUNNING,4.6323,4.6323,-3.9654,-4.0000,-0.52,0,0.0000
TEL,316480,RUNNING,4.6323,4.6323,-3.9568,-4.0000,-1.56,0,0.0000
TEL,316580,RUNNING,4.6323,4.6323,-3.9554,-4.0000,-2.21,0,0.0000
TEL,316680,RUNNING,4.6323,4.6323,-3.9551,-4.0000,-2.79,0,0.0000
TEL,316780,RUNNING,5.0439,4.8422,-3.9551,-4.0000,-3.36,0,0.0000
TEL,316880,RUNNING,5.0439,4.9451,-3.9551,-4.0000,-3.92,0,0.0000
TEL,316980,RUNNING,4.6323,4.8865,-3.9551,-3.2729,41.21,0,0.0000
TEL,317080,RUNNING,4.6323,4.7569,-3.9551,-4.0000,-3.07,0,0.0000
TEL,317180,RUNNING,4.6323,4.6750,-3.9551,-4.0000,-3.64,0,0.0000
TEL,317280,RUNNING,4.6323,4.6533,-3.9551,-4.0000,-4.20,0,0.0000
TEL,317380,RUNNING,4.6323,4.6395,-3.9551,-4.0000,-4.77,0,0.0000
TEL,317480,RUNNING,4.6323,4.6358,-3.9551,-4.0000,-5.34,0,0.0000
TEL,317580,RUNNING,4.6323,4.6335,-4.0282,-4.0000,-0.82,0,0.0000
TEL,317680,RUNNING,4.5637,4.6123,-4.0405,-4.0000,0.40,0,0.0000
TEL,317780,RUNNING,4.5637,4.5804,-4.0818,-4.0000,3.63,0,0.0000
TEL,317880,RUNNING,4.2207,4.3826,-4.0047,-4.0000,2.98,0,0.0000
TEL,317980,RUNNING,4.5637,4.5016,-3.9186,-4.0000,-2.72,0,0.0000
TEL,318080,RUNNING,4.6323,4.5539,-3.8758,-4.0000,-6.72,0,0.0000
TEL,318180,RUNNING,4.5637,4.5733,-3.8686,-4.0000,-8.79,0,0.0000
TEL,318280,RUNNING,4.6323,4.5977,-3.8938,-4.0000,-8.88,0,0.0000
TEL,318380,RUNNING,4.6323,4.6204,-3.9448,-4.0000,-6.67,0,0.0000
TEL,318480,RUNNING,4.6323,4.6265,-4.0713,-4.0000,1.20,0,0.0000
TEL,318580,RUNNING,4.7009,4.6509,-4.0477,-4.0000,0.46,0,0.0000
TEL,318680,RUNNING,5.0439,4.8513,-4.0701,-4.0000,2.44,0,0.0000
TEL,318780,RUNNING,5.0439,4.9496,-4.0566,-4.0000,2.47,0,0.0000
TEL,318880,RUNNING,5.0439,5.0116,-4.0453,-4.0000,2.40,0,0.0000
TEL,318980,RUNNING,5.0439,5.0328,-4.0434,-4.0000,2.84,0,0.0000
TEL,319080,RUNNING,5.0439,5.0385,-4.0430,-4.0000,3.36,0,0.0000
TEL,319180,RUNNING,5.0439,5.0421,-4.0430,-4.0000,3.90,0,0.0000
TEL,319280,RUNNING,5.0439,5.0430,-4.0166,-4.0000,2.79,0,0.0000
TEL,319380,RUNNING,5.0439,5.0435,-3.9654,-4.0000,-0.56,0,0.0000
TEL,319480,RUNNING,4.6323,4.8338,-3.9568,-3.8006,13.34,0,0.0000
TEL,319580,RUNNING,4.6323,4.7014,-3.8823,-4.0000,-4.43,0,0.0000
TEL,319680,RUNNING,4.6323,4.6662,-3.8697,-4.0000,-6.78,0,0.0000
TEL,319780,RUNNING,4.6323,4.6439,-3.8676,-4.0000,-8.58,0,0.0000
TEL,319880,RUNNING,4.6323,4.6380,-3.9121,-4.0000,-7.39,0,0.0000
TEL,319980,RUNNING,4.7009,4.6557,-3.9479,-4.0000,-6.01,0,0.0000
TEL,320080,RUNNING,4.7009,4.6998,-4.0270,-4.0000,-1.16,0,0.0000
TEL,320180,RUNNING,4.6323,4.6555,-4.0403,-4.0000,0.10,0,0.0000
SET,320275,4.1682,4.1682,-4.1682
TEL,320280,RUNNING,4.5637,4.6087,-4.0554,-4.0000,1.69,0,4.1682
TEL,320380,RUNNING,4.1521,4.3758,-3.7259,-3.6148,32.96,0,4.1682
TEL,320480,RUNNING,4.1521,4.2289,-3.0298,-2.8653,40.46,0,4.1682
TEL,320580,RUNNING,4.1521,4.1897,-2.7759,-3.5368,-22.14,0,4.1682
TEL,320680,RUNNING,4.1521,4.1650,-2.8264,-3.4106,-19.53,0,4.1682
TEL,320780,RUNNING,4.2207,4.1790,-3.0452,-3.5323,-21.63,0,4.1682
TEL,320880,RUNNING,4.2207,4.3289,-3.3736,-3.5988,-9.99,0,4.1682
TEL,320980,RUNNING,4.2207,4.2737,-3.4654,-3.5771,-1.87,0,4.1682
TEL,321080,RUNNING,4.2207,4.2288,-3.2584,-3.4862,-9.19,0,4.1682
TEL,321180,RUNNING,4.5637,4.3276,-3.2377,-3.6025,-22.74,0,4.1682
TEL,321280,RUNNING,4.6323,4.5033,-3.4920,-4.0000,-37.42,0,4.1682
TEL,321380,RUNNING,4.7009,4.5897,-3.7420,-3.7211,-7.74,0,4.1682
TEL,321480,RUNNING,4.7009,4.6527,-3.9970,-4.0000,-9.24,0,4.1682
TEL,321580,RUNNING,4.6323,4.6423,-4.0635,-3.7563,13.94,0,4.1682
TEL,321680,RUNNING,4.6323,4.6357,-3.9796,-3.7306,13.97,0,4.1682
TEL,321780,RUNNING,4.6323,4.6340,-3.8413,-3.7683,5.10,0,4.1682
TEL,321880,RUNNING,4.6323,4.6329,-3.7414,-3.7704,-0.99,0,4.1682
TEL,321980,RUNNING,4.6323,4.6326,-3.7454,-3.7832,-1.98,0,4.1682
TEL,322080,RUNNING,4.6323,4.6324,-3.7269,-3.7900,-4.39,0,4.1682
TEL,322180,RUNNING,4.6323,4.6324,-3.7422,-3.7986,-4.94,0,4.1682
TEL,322280,RUNNING,4.6323,4.6323,-3.7731,-3.8062,-4.02,0,4.1682
TEL,322380,RUNNING,4.6323,4.6323,-3.8046,-3.8141,-2.96,0,4.1682
TEL,322480,RUNNING,4.7009,4.6529,-3.8567,-4.0000,-11.17,0,4.1682
TEL,322580,RUNNING,4.7009,4.6774,-3.8654,-3.8447,-1.78,0,4.1682
TEL,322680,RUNNING,4.9753,4.7752,-3.9400,-4.0000,-6.81,0,4.1682
TEL,322780,RUNNING,5.0439,4.9122,-3.9525,-3.9598,-3.73,0,4.1682
TEL,322880,RUNNING,5.0439,4.9987,-4.0124,-4.0000,-2.73,0,4.1682
TEL,322980,RUNNING,5.0439,5.0218,-4.1109,-4.0000,4.28,0,4.1682
TEL,323080,RUNNING,5.0439,5.0363,-4.1212,-4.0000,6.27,0,4.1682
TEL,323180,RUNNING,5.0439,5.0402,-4.0715,-4.0000,4.55,0,4.1682
TEL,323280,RUNNING,5.0439,5.0426,-4.0478,-4.0000,3.80,0,4.1682
TEL,323380,RUNNING,5.0439,5.0433,-3.9770,-4.0000,-0.39,0,4.1682
TEL,323480,RUNNING,5.0439,5.0437,-3.9588,-4.0000,-1.95,0,4.1682
TEL,323580,RUNNING,4.9753,5.0088,-3.9557,-4.0000,-0.91,0,4.1682
TEL,323680,RUNNING,4.6323,4.7715,-3.7158,-2.6734,76.18,0,4.1682
TEL,323780,RUNNING,4.6323,4.7005,-3.3645,-3.9002,-20.58,0,4.1682
TEL,323880,RUNNING,4.6323,4.6557,-3.2972,-3.6794,-16.42,0,4.1682
TEL,323980,RUNNING,4.6323,4.6438,-3.4899,-3.8920,-23.09,0,4.1682
TEL,324080,RUNNING,4.6323,4.6363,-3.7024,-3.8614,-11.40,0,4.1682
TEL,324180,RUNNING,4.6323,4.6342,-3.8595,-3.9036,-5.71,0,4.1682
TEL,324280,RUNNING,4.6323,4.6330,-3.9390,-3.9049,-0.80,0,4.1682
TEL,324380,RUNNING,4.6323,4.6326,-3.9524,-3.9184,-0.37,0,4.1682
TEL,324480,RUNNING,4.6323,4.6324,-3.9546,-3.9251,-0.23,0,4.1682
TEL,324580,RUNNING,4.6323,4.6324,-3.9550,-3.9338,-0.43,0,4.1682
TEL,324680,RUNNING,4.6323,4.6323,-3.9551,-3.9413,-0.66,0,4.1682
TEL,324780,RUNNING,4.6323,4.6323,-3.9551,-3.9492,-1.03,0,4.1682
TEL,324880,RUNNING,4.6323,4.6323,-3.9551,-3.9570,-1.48,0,4.1682
TEL,324980,RUNNING,4.6323,4.6323,-3.9551,-3.9647,-2.03,0,4.1682
TEL,325080,RUNNING,4.6323,4.6179,-3.9551,-4.0000,-3.27,0,4.1682
TEL,325180,RUNNING,4.7009,4.6602,-3.9799,-3.9876,-1.13,0,4.1682
TEL,325280,RUNNING,5.0439,4.8619,-3.9592,-4.0000,-3.55,0,4.1682
TEL,325380,RUNNING,4.9753,4.9197,-4.0226,-4.0000,0.21,0,4.1682
TEL,325480,RUNNING,4.9753,4.8583,-3.9291,-4.0000,0.12,0,4.1682
TEL,325580,RUNNING,4.9753,4.9180,-3.7377,-4.0000,-13.97,0,4.1682
TEL,325680,RUNNING,4.9753,4.9701,-3.7723,-4.0000,-14.87,0,4.1682
TEL,325780,RUNNING,4.9753,4.9727,-3.8961,-4.0000,-9.37,0,4.1682
TEL,325880,RUNNING,5.0439,5.0195,-4.0029,-4.0000,-3.46,0,4.1682
SET,325955,-4.1682,4.1682,-4.1682
TEL,325980,RUNNING,5.0439,5.0320,-4.1030,-4.0000,3.42,0,-4.1682
TEL,326080,RUNNING,4.9753,5.0048,-4.1262,-4.0000,6.33,0,-4.1682
TEL,326180,RUNNING,5.0439,5.0104,-4.0723,-4.0000,4.39,0,-4.1682
TEL,326280,RUNNING,4.6323,4.8945,-4.0479,-4.0000,3.60,0,-4.1682
TEL,326380,RUNNING,4.6323,4.7608,-3.9990,-4.0000,1.04,0,-4.1682
TEL,326480,RUNNING,4.6323,4.6764,-3.9625,-4.0000,-1.51,0,-4.1682
TEL,326580,RUNNING,4.6323,4.6539,-3.9563,-4.0000,-2.42,0,-4.1682
TEL,326680,RUNNING,4.6323,4.6397,-3.9553,-4.0000,-3.04,0,-4.1682
TEL,326780,RUNNING,4.6323,4.6359,-3.9551,-4.0000,-3.62,0,-4.1682
TEL,326880,RUNNING,4.6323,4.6336,-3.9551,-4.0000,-4.19,0,-4.1682
TEL,326980,RUNNING,4.6323,4.6473,-4.0219,-4.0000,-0.23,0,-4.1682
TEL,327080,RUNNING,4.6323,4.6375,-4.0394,-4.0000,1.27,0,-4.1682
TEL,327180,RUNNING,4.6323,4.6348,-4.0360,-4.0000,1.41,0,-4.1682
TEL,327280,RUNNING,4.6323,4.6332,-4.0233,-4.0000,1.04,0,-4.1682
TEL,327380,RUNNING,4.6323,4.6327,-4.0397,-4.0000,2.47,0,-4.1682
TEL,327480,RUNNING,4.6323,4.6325,-4.0424,-4.0000,3.16,0,-4.1682
TEL,327580,RUNNING,4.6323,4.6324,-4.0154,-4.0000,1.79,0,-4.1682
TEL,327680,RUNNING,4.6323,4.6323,-3.9652,-4.0000,-1.51,0,-4.1682
TEL,327780,RUNNING,4.6323,4.6323,-3.9568,-4.0000,-2.54,0,-4.1682
TEL,327880,RUNNING,4.6323,4.6323,-3.9554,-4.0000,-3.18,0,-4.1682
TEL,327980,RUNNING,4.6323,4.6323,-3.9551,-4.0000,-3.76,0,-4.1682
TEL,328080,RUNNING,4.6323,4.6323,-3.9815,-4.0000,-2.67,0,-4.1682
TEL,328180,RUNNING,4.6323,4.6323,-3.9815,-4.0000,-2.80,0,-4.1682
TEL,328280,RUNNING,4.7009,4.6673,-4.0236,-4.0000,-0.18,0,-4.1682
TEL,328380,RUNNING,4.6323,4.6495,-4.0975,-4.0000,5.05,0,-4.1682
TEL,328480,RUNNING,4.7009,4.6732,-4.1252,-4.0000,8.21,0,-4.1682
TEL,328580,RUNNING,4.6323,4.6667,-4.0631,-4.0000,5.60,0,-4.1682
TEL,328680,RUNNING,4.6323,4.6441,-4.0200,-4.0000,3.57,0,-4.1682
TEL,328780,RUNNING,4.6323,4.6381,-3.9660,-4.0000,0.06,0,-4.1682
TEL,328880,RUNNING,4.6323,4.6343,-3.9569,-4.0000,-1.00,0,-4.1682
TEL,328980,RUNNING,4.6323,4.6333,-3.9554,-4.0000,-1.65,0,-4.1682
TEL,329080,RUNNING,4.6323,4.6327,-3.9551,-4.0000,-2.23,0,-4.1682
TEL,329180,RUNNING,4.6323,4.6325,-3.9551,-4.0000,-2.80,0,-4.1682
TEL,329280,RUNNING,4.7009,4.6630,-3.9551,-4.0000,-3.37,0,-4.1682
TEL,329380,RUNNING,4.7009,4.6824,-3.9814,-4.0000,-2.28,0,-4.1682
OK,driver_disabled
TEL,329480,RUNNING,4.6323,4.6596,-4.0417,-4.0000,1.76,0,-4.1682
TEL,329580,RUNNING,4.7009,4.6807,-4.0428,-4.0000,2.37,0,-4.1682
TEL,329680,RUNNING,4.7009,4.6940,-4.0429,-4.0000,2.92,0,-4.1682
TEL,329780,RUNNING,4.6323,4.6625,-4.0430,-4.0000,3.46,0,-4.1682
TEL,329880,RUNNING,4.6323,4.6427,-3.9762,-4.0000,-0.52,0,-4.1682
TEL,329980,RUNNING,4.6323,4.6374,-3.9586,-4.0000,-2.04,0,-4.1682
TEL,330080,RUNNING,4.6323,4.6341,-3.9557,-4.0000,-2.77,0,-4.1682
TEL,330180,RUNNING,4.6323,4.6332,-3.9552,-4.0000,-3.36,0,-4.1682
TEL,330280,RUNNING,4.6323,4.6326,-3.9551,-4.0000,-3.93,0,-4.1682
TEL,330380,RUNNING,4.6323,4.6325,-4.0219,-4.0000,0.02,0,-4.1682
TEL,330480,RUNNING,4.6323,4.6324,-4.0331,-4.0000,0.95,0,-4.1682
TEL,330580,RUNNING,4.6323,4.6323,-4.0413,-4.0000,1.94,0,-4.1682
TEL,330680,RUNNING,4.6323,4.6323,-4.0427,-4.0000,2.56,0,-4.1682
OK,stopped
TEL,330780,READY,5.0439,4.8422,-4.0877,-4.0000,0.00,0,-4.1682
TEL,330880,READY,5.0439,4.9747,-4.1236,-4.0000,0.00,0,-4.1682
TEL,330980,READY,5.0439,5.0100,-4.1296,-4.0000,0.00,0,-4.1682
TEL,331080,READY,4.9753,4.9872,-4.1307,-4.0000,0.00,0,-4.1682
TEL,331180,READY,4.6323,4.8062,-4.1308,-4.0000,0.00,0,-4.1682
TEL,331280,READY,4.6323,4.6920,-4.1309,-4.0000,0.00,0,-4.1682
TEL,331380,READY,4.6323,4.6615,-4.1309,-4.0000,0.00,0,-4.1682
TEL,331480,READY,4.6323,4.6423,-4.1309,-4.0000,0.00,0,-4.1682
TEL,331580,READY,4.6323,4.6372,-4.1309,-4.0000,0.00,0,-4.1682
TEL,331680,READY,4.6323,4.6340,-4.1309,-4.0000,0.00,0,-4.1682
TEL,331780,READY,4.6323,4.6331,-4.1309,-4.0000,0.00,0,-4.1682
TEL,331880,READY,4.6323,4.6326,-4.1399,-4.0000,0.00,0,-4.1682
TEL,331980,READY,4.6323,4.6325,-4.1324,-4.0000,0.00,0,-4.1682
TEL,332080,READY,4.6323,4.6324,-4.1311,-4.0000,0.00,0,-4.1682
TEL,332180,READY,4.6323,4.6323,-4.1309,-4.0000,0.00,0,-4.1682
TEL,332280,READY,4.6323,4.6323,-4.1438,-4.0000,0.00,0,-4.1682
TEL,332380,READY,4.6323,4.6323,-4.1515,-4.0000,0.00,0,-4.1682
TEL,332480,READY,4.6323,4.6323,-4.1343,-4.0000,0.00,0,-4.1682
TEL,332580,READY,4.9753,4.7496,-4.1314,-4.0000,0.00,0,-4.1682
TEL,332680,READY,5.0439,4.9430,-4.1702,-4.0000,0.00,0,-4.1682
TEL,332780,READY,5.0439,4.9945,-4.1952,-4.0000,0.00,0,-4.1682
TEL,332880,READY,5.0439,5.0270,-4.1884,-4.0000,0.00,0,-4.1682
TEL,332980,READY,5.0439,5.0356,-4.1625,-4.0000,0.00,0,-4.1682
TEL,333080,READY,4.6323,4.8456,-4.1845,-4.0000,0.00,0,-4.1682
TEL,333180,READY,4.6323,4.7368,-4.2001,-4.0000,0.00,0,-4.1682
TEL,333280,READY,4.6323,4.6682,-4.1873,-4.0000,0.00,0,-4.1682
TEL,333380,READY,4.6323,4.6499,-4.2135,-4.0000,0.00,0,-4.1682
TEL,333480,READY,5.0439,4.7762,-4.2088,-4.0000,0.00,0,-4.1682
TEL,333580,READY,5.0439,4.9128,-4.2171,-4.0000,0.00,0,-4.1682
TEL,333680,READY,5.0439,4.9989,-4.2185,-4.0000,0.00,0,-4.1682
TEL,333780,READY,5.0439,5.0219,-4.2033,-4.0000,0.00,0,-4.1682
TEL,333880,READY,5.0439,5.0364,-4.2162,-4.0000,0.00,0,-4.1682
TEL,333980,READY,5.0439,5.0402,-4.2054,-4.0000,0.00,0,-4.1682
TEL,334080,READY,5.0439,5.0426,-4.1901,-4.0000,0.00,0,-4.1682
TEL,334180,READY,5.0439,5.0433,-4.2010,-4.0000,0.00,0,-4.1682
TEL,334280,READY,5.0439,5.0437,-4.2158,-4.0000,0.00,0,-4.1682
TEL,334380,READY,4.9753,5.0232,-4.2182,-4.0000,0.00,0,-4.1682
TEL,334480,READY,4.6323,4.8889,-4.2187,-4.0000,0.00,0,-4.1682
TEL,334580,READY,4.6323,4.7580,-4.2187,-4.0000,0.00,0,-4.1682
TEL,334680,READY,4.6323,4.6754,-4.2187,-4.0000,0.00,0,-4.1682
TEL,334780,READY,4.6323,4.6534,-4.2187,-4.0000,0.00,0,-4.1682
TEL,334880,READY,4.6323,4.6396,-4.2187,-4.0000,0.00,0,-4.1682
TEL,334980,READY,4.6323,4.6359,-4.2187,-4.0000,0.00,0,-4.1682
TEL,335080,READY,4.6323,4.6335,-4.2187,-4.0000,0.00,0,-4.1682
TEL,335180,READY,4.6323,4.6329,-4.2187,-4.0000,0.00,0,-4.1682
TEL,335280,READY,4.6323,4.6325,-4.2187,-4.0000,0.00,0,-4.1682
TEL,335380,READY,4.6323,4.6324,-4.2187,-4.0000,0.00,0,-4.1682
TEL,335480,READY,4.6323,4.6324,-4.2187,-4.0000,0.00,0,-4.1682
TEL,335580,READY,4.6323,4.6323,-4.2187,-4.0000,0.00,0,-4.1682
TEL,335680,READY,4.6323,4.6323,-4.2187,-4.0000,0.00,0,-4.1682
TEL,335780,READY,4.6323,4.6323,-4.2187,-4.0000,0.00,0,-4.1682
TEL,335880,READY,4.6323,4.6323,-4.2187,-4.0000,0.00,0,-4.1682
TEL,335980,READY,4.6323,4.6323,-4.2187,-4.0000,0.00,0,-4.1682
TEL,336080,READY,4.6323,4.6323,-4.2187,-4.0000,0.00,0,-4.1682
TEL,336180,READY,4.6323,4.6323,-4.2187,-4.0000,0.00,0,-4.1682
TEL,336280,READY,4.6323,4.6323,-4.2187,-4.0000,0.00,0,-4.1682
TEL,336380,READY,4.6323,4.6323,-4.2187,-4.0000,0.00,0,-4.1682
TEL,336480,READY,4.6323,4.6323,-4.2187,-4.0000,0.00,0,-4.1682
TEL,336580,READY,4.6323,4.6323,-4.2187,-4.0000,0.00,0,-4.1682
TEL,336680,READY,4.6323,4.6323,-4.2187,-4.0000,0.00,0,-4.1682
OK,stopped
