HCSR04_CHECK_BOOT
BOOT_TEST,mode=PULSEIN
SONAR_CHK,ts_ms=251,mode=PULSEIN,ok=1,cm=23.60,pulse_us=0,timer1=0,pings=1,valid=1,timeout=0,miss=0
BOOT_TEST,mode=PCINT
SONAR_CHK,ts_ms=318,mode=PCINT,ok=1,cm=26.28,pulse_us=1524,timer1=0,pings=2,valid=2,timeout=0,miss=0
OK,counters_reset
BOOT,ready
HCSR04_CHECK_HELP
Commands:
  h  help
  s  single shot
  t  toggle stream (10 Hz)
  a  Mode A: PCINT ISR (default)
  b  Mode B: pulseIn (blocking)
  T  toggle Timer1 40kHz stress
  R  reset counters
HOST_CMD,R
OK,counters_reset
HOST_CMD,b
OK,mode=PULSEIN
HOST_CMD,t
OK,stream=1
SONAR_CHK,ts_ms=2217,mode=PULSEIN,ok=1,cm=25.31,pulse_us=0,timer1=0,pings=1,valid=1,timeout=0,miss=0
SONAR_CHK,ts_ms=2282,mode=PULSEIN,ok=1,cm=25.67,pulse_us=0,timer1=0,pings=2,valid=2,timeout=0,miss=0
SONAR_CHK,ts_ms=2348,mode=PULSEIN,ok=1,cm=26.05,pulse_us=0,timer1=0,pings=3,valid=3,timeout=0,miss=0
SONAR_CHK,ts_ms=2413,mode=PULSEIN,ok=1,cm=25.53,pulse_us=0,timer1=0,pings=4,valid=4,timeout=0,miss=0
SONAR_CHK,ts_ms=2478,mode=PULSEIN,ok=1,cm=26.52,pulse_us=0,timer1=0,pings=5,valid=5,timeout=0,miss=0
SONAR_CHK,ts_ms=2543,mode=PULSEIN,ok=1,cm=25.64,pulse_us=0,timer1=0,pings=6,valid=6,timeout=0,miss=0
SONAR_CHK,ts_ms=2609,mode=PULSEIN,ok=1,cm=25.52,pulse_us=0,timer1=0,pings=7,valid=7,timeout=0,miss=0
SONAR_CHK,ts_ms=2674,mode=PULSEIN,ok=1,cm=25.98,pulse_us=0,timer1=0,pings=8,valid=8,timeout=0,miss=0
SONAR_CHK,ts_ms=2739,mode=PULSEIN,ok=1,cm=25.64,pulse_us=0,timer1=0,pings=9,valid=9,timeout=0,miss=0
SONAR_CHK,ts_ms=2804,mode=PULSEIN,ok=1,cm=25.53,pulse_us=0,timer1=0,pings=10,valid=10,timeout=0,miss=0
0,timeout=0,miss=0
SONAR_CHK,ts_ms=3524,mode=PULSEIN,ok=1,cm=25.98,pulse_us=0,timer1=0,pings=21,valid=21,timeout=0,miss=0
SONAR_CHK,ts_ms=3590,mode=PULSEIN,ok=1,cm=25.66,pulse_us=0,timer1=0,pings=22,valid=22,timeout=0,miss=0
SONAR_CHK,ts_ms=3654,mode=PULSEIN,ok=1,cm=25.67,pulse_us=0,timer1=0,pings=23,valid=23,timeout=0,miss=0
SONAR_CHK,ts_ms=3720,mode=PULSEIN,ok=1,cm=26.09,pulse_us=0,timer1=0,pings=24,valid=24,timeout=0,miss=0
SONAR_CHK,ts_ms=3785,mode=PULSEIN,ok=1,cm=26.52,pulse_us=0,timer1=0,pings=25,valid=25,timeout=0,miss=0
SONAR_CHK,ts_ms=3851,mode=PULSEIN,ok=1,cm=26.05,pulse_us=0,timer1=0,pings=26,valid=26,timeout=0,miss=0
SONAR_CHK,ts_ms=3916,mode=PULSEIN,ok=1,cm=25.53,pulse_us=0,timer1=0,pings=27,valid=27,timeout=0,miss=0
SONAR_CHK,ts_ms=3982,mode=PULSEIN,ok=1,cm=25.95,pulse_us=0,timer1=0,pings=28,valid=28,timeout=0,miss=0
SONAR_CHK,ts_ms=4047,mode=PULSEIN,ok=1,cm=25.98,pulse_us=0,timer1=0,pings=29,valid=29,timeout=0,miss=0
SONAR_CHK,ts_ms=4113,mode=PULSEIN,ok=1,cm=25.95,pulse_us=0,timer1=0,pings=30,valid=30,timeout=0,miss=0
SONAR_CHK,ts_ms=4177,mode=PULSEIN,ok=1,cm=26.52,pulse_us=0,timer1=0,pings=31,valid=31,timeout=0,miss=0
SONAR_CHK,ts_ms=4243,mode=PULSEIN,ok=1,cm=26.10,pulse_us=0,timer1=0,pings=32,valid=32,timeout=0,miss=0
SONAR_CHK,ts_ms=4308,mode=PULSEIN,ok=1,cm=26.10,pulse_us=0,timer1=0,pings=33,valid=33,timeout=0,miss=0
SONAR_CHK,ts_ms=4374,mode=PULSEIN,ok=1,cm=25.66,pulse_us=0,timer1=0,pings=34,valid=34,timeout=0,miss=0
SONAR_CHK,ts_ms=4440,mode=PULSEIN,ok=1,cm=25.98,pulse_us=0,timer1=0,pings=35,valid=35,timeout=0,miss=0
SONAR_CHK,ts_ms=4505,mode=PULSEIN,ok=1,cm=25.95,pulse_us=0,timer1=0,pings=36,valid=36,timeout=0,miss=0
SONAR_CHK,ts_ms=4571,mode=PULSEIN,ok=1,cm=26.00,pulse_us=0,timer1=0,pings=37,valid=37,timeout=0,miss=0
SONAR_CHK,ts_ms=4636,mode=PULSEIN,ok=1,cm=25.53,pulse_us=0,timer1=0,pings=38,valid=38,timeout=0,miss=0
SONAR_CHK,ts_ms=4701,mode=PULSEIN,ok=1,cm=26.05,pulse_us=0,timer1=0,pings=39,valid=39,timeout=0,miss=0
SONAR_CHK,ts_ms=4766,mode=PULSEIN,ok=1,cm=25.64,pulse_us=0,timer1=0,pings=40,valid=40,timeout=0,miss=0
SONAR_CHK,ts_ms=4832,mode=PULSEIN,ok=1,cm=26.07,pulse_us=0,timer1=0,pings=41,valid=41,timeout=0,miss=0
SONAR_CHK,ts_ms=4897,mode=PULSEIN,ok=1,cm=26.07,pulse_us=0,timer1=0,pings=42,valid=42,timeout=0,miss=0
SONAR_CHK,ts_ms=4963,mode=PULSEIN,ok=1,cm=25.55,pulse_us=0,timer1=0,pings=43,valid=43,timeout=0,miss=0
SONAR_CHK,ts_ms=5028,mode=PULSEIN,ok=1,cm=25.53,pulse_us=0,timer1=0,pings=44,valid=44,timeout=0,miss=0
SONAR_CHK,ts_ms=5094,mode=PULSEIN,ok=1,cm=25.53,pulse_us=0,timer1=0,pings=45,valid=45,timeout=0,miss=0
5,timeout=0,miss=0
SONAR_CHK,ts_ms=5813,mode=PULSEIN,ok=1,cm=26.05,pulse_us=0,timer1=0,pings=56,valid=56,timeout=0,miss=0
SONAR_CHK,ts_ms=5878,mode=PULSEIN,ok=1,cm=26.03,pulse_us=0,timer1=0,pings=57,valid=57,timeout=0,miss=0
SONAR_CHK,ts_ms=5944,mode=PULSEIN,ok=1,cm=26.52,pulse_us=0,timer1=0,pings=58,valid=58,timeout=0,miss=0
SONAR_CHK,ts_ms=6009,mode=PULSEIN,ok=1,cm=26.41,pulse_us=0,timer1=0,pings=59,valid=59,timeout=0,miss=0
SONAR_CHK,ts_ms=6075,mode=PULSEIN,ok=1,cm=26.41,pulse_us=0,timer1=0,pings=60,valid=60,timeout=0,miss=0
SONAR_CHK,ts_ms=6140,mode=PULSEIN,ok=1,cm=25.98,pulse_us=0,timer1=0,pings=61,valid=61,timeout=0,miss=0
SONAR_CHK,ts_ms=6206,mode=PULSEIN,ok=1,cm=25.95,pulse_us=0,timer1=0,pings=62,valid=62,timeout=0,miss=0
SONAR_CHK,ts_ms=6272,mode=PULSEIN,ok=1,cm=25.98,pulse_us=0,timer1=0,pings=63,valid=63,timeout=0,miss=0
SONAR_CHK,ts_ms=6336,mode=PULSEIN,ok=1,cm=25.67,pulse_us=0,timer1=0,pings=64,valid=64,timeout=0,miss=0
SONAR_CHK,ts_ms=6402,mode=PULSEIN,ok=1,cm=26.09,pulse_us=0,timer1=0,pings=65,valid=65,timeout=0,miss=0
SONAR_CHK,ts_ms=6467,mode=PULSEIN,ok=1,cm=26.47,pulse_us=0,timer1=0,pings=66,valid=66,timeout=0,miss=0
SONAR_CHK,ts_ms=6533,mode=PULSEIN,ok=1,cm=26.09,pulse_us=0,timer1=0,pings=67,valid=67,timeout=0,miss=0
SONAR_CHK,ts_ms=6598,mode=PULSEIN,ok=1,cm=25.57,pulse_us=0,timer1=0,pings=68,valid=68,timeout=0,miss=0
SONAR_CHK,ts_ms=6664,mode=PULSEIN,ok=1,cm=26.40,pulse_us=0,timer1=0,pings=69,valid=69,timeout=0,miss=0
SONAR_CHK,ts_ms=6729,mode=PULSEIN,ok=1,cm=26.00,pulse_us=0,timer1=0,pings=70,valid=70,timeout=0,miss=0
SONAR_CHK,ts_ms=6795,mode=PULSEIN,ok=1,cm=25.95,pulse_us=0,timer1=0,pings=71,valid=71,timeout=0,miss=0
SONAR_CHK,ts_ms=6859,mode=PULSEIN,ok=1,cm=25.64,pulse_us=0,timer1=0,pings=72,valid=72,timeout=0,miss=0
SONAR_CHK,ts_ms=6925,mode=PULSEIN,ok=1,cm=26.52,pulse_us=0,timer1=0,pings=73,valid=73,timeout=0,miss=0
SONAR_CHK,ts_ms=6990,mode=PULSEIN,ok=1,cm=26.09,pulse_us=0,timer1=0,pings=74,valid=74,timeout=0,miss=0
SONAR_CHK,ts_ms=7056,mode=PULSEIN,ok=1,cm=25.64,pulse_us=0,timer1=0,pings=75,valid=75,timeout=0,miss=0
SONAR_CHK,ts_ms=7121,mode=PULSEIN,ok=1,cm=25.53,pulse_us=0,timer1=0,pings=76,valid=76,timeout=0,miss=0
SONAR_CHK,ts_ms=7187,mode=PULSEIN,ok=1,cm=26.41,pulse_us=0,timer1=0,pings=77,valid=77,timeout=0,miss=0
SONAR_CHK,ts_ms=7252,mode=PULSEIN,ok=1,cm=25.95,pulse_us=0,timer1=0,pings=78,valid=78,timeout=0,miss=0
SONAR_CHK,ts_ms=7318,mode=PULSEIN,ok=1,cm=26.41,pulse_us=0,timer1=0,pings=79,valid=79,timeout=0,miss=0
SONAR_CHK,ts_ms=7384,mode=PULSEIN,ok=1,cm=25.98,pulse_us=0,timer1=0,pings=80,valid=80,timeout=0,miss=0
0,pings=90,valid=90,timeout=0,miss=0
SONAR_CHK,ts_ms=8102,mode=PULSEIN,ok=1,cm=23.98,pulse_us=0,timer1=0,pings=91,valid=91,timeout=0,miss=0
SONAR_CHK,ts_ms=8168,mode=PULSEIN,ok=1,cm=25.09,pulse_us=0,timer1=0,pings=92,valid=92,timeout=0,miss=0
SONAR_CHK,ts_ms=8233,mode=PULSEIN,ok=1,cm=27.26,pulse_us=0,timer1=0,pings=93,valid=93,timeout=0,miss=0
SONAR_CHK,ts_ms=8322,mode=PULSEIN,ok=0,cm=0.00,pulse_us=0,timer1=0,pings=94,valid=93,timeout=1,miss=0
SONAR_CHK,ts_ms=8402,mode=PULSEIN,ok=0,cm=0.00,pulse_us=0,timer1=0,pings=95,valid=93,timeout=2,miss=0
SONAR_CHK,ts_ms=8491,mode=PULSEIN,ok=0,cm=0.00,pulse_us=0,timer1=0,pings=96,valid=93,timeout=3,miss=0
SONAR_CHK,ts_ms=8571,mode=PULSEIN,ok=0,cm=0.00,pulse_us=0,timer1=0,pings=97,valid=93,timeout=4,miss=0
SONAR_CHK,ts_ms=8637,mode=PULSEIN,ok=1,cm=28.95,pulse_us=0,timer1=0,pings=98,valid=94,timeout=4,miss=0
SONAR_CHK,ts_ms=8702,mode=PULSEIN,ok=1,cm=27.72,pulse_us=0,timer1=0,pings=99,valid=95,timeout=4,miss=0
SONAR_CHK,ts_ms=8767,mode=PULSEIN,ok=1,cm=26.43,pulse_us=0,timer1=0,pings=100,valid=96,timeout=4,miss=0
SONAR_CHK,ts_ms=8833,mode=PULSEIN,ok=1,cm=27.31,pulse_us=0,timer1=0,pings=101,valid=97,timeout=4,miss=0
SONAR_CHK,ts_ms=8898,mode=PULSEIN,ok=1,cm=26.00,pulse_us=0,timer1=0,pings=102,valid=98,timeout=4,miss=0
SONAR_CHK,ts_ms=8964,mode=PULSEIN,ok=1,cm=25.59,pulse_us=0,timer1=0,pings=103,valid=99,timeout=4,miss=0
SONAR_CHK,ts_ms=9029,mode=PULSEIN,ok=1,cm=28.19,pulse_us=0,timer1=0,pings=104,valid=100,timeout=4,miss=0
SONAR_CHK,ts_ms=9096,mode=PULSEIN,ok=1,cm=26.90,pulse_us=0,timer1=0,pings=105,valid=101,timeout=4,miss=0
SONAR_CHK,ts_ms=9161,mode=PULSEIN,ok=1,cm=28.05,pulse_us=0,timer1=0,pings=106,valid=102,timeout=4,miss=0
SONAR_CHK,ts_ms=9227,mode=PULSEIN,ok=1,cm=27.21,pulse_us=0,timer1=0,pings=107,valid=103,timeout=4,miss=0
SONAR_CHK,ts_ms=9292,mode=PULSEIN,ok=1,cm=27.62,pulse_us=0,timer1=0,pings=108,valid=104,timeout=4,miss=0
SONAR_CHK,ts_ms=9358,mode=PULSEIN,ok=1,cm=27.62,pulse_us=0,timer1=0,pings=109,valid=105,timeout=4,miss=0
SONAR_CHK,ts_ms=9423,mode=PULSEIN,ok=1,cm=27.71,pulse_us=0,timer1=0,pings=110,valid=106,timeout=4,miss=0
SONAR_CHK,ts_ms=9489,mode=PULSEIN,ok=1,cm=27.29,pulse_us=0,timer1=0,pings=111,valid=107,timeout=4,miss=0
SONAR_CHK,ts_ms=9555,mode=PULSEIN,ok=1,cm=28.19,pulse_us=0,timer1=0,pings=112,valid=108,timeout=4,miss=0
SONAR_CHK,ts_ms=9621,mode=PULSEIN,ok=1,cm=27.62,pulse_us=0,timer1=0,pings=113,valid=109,timeout=4,miss=0
SONAR_CHK,ts_ms=9687,mode=PULSEIN,ok=1,cm=27.60,pulse_us=0,timer1=0,pings=114,valid=110,timeout=4,miss=0
SONAR_CHK,ts_ms=9752,mode=PULSEIN,ok=1,cm=27.62,pulse_us=0,timer1=0,pings=115,valid=111,timeout=4,miss=0

SONAR_CHK,ts_ms=10409,mode=PULSEIN,ok=1,cm=27.60,pulse_us=0,timer1=0,pings=125,valid=121,timeout=4,miss=0
SONAR_CHK,ts_ms=10475,mode=PULSEIN,ok=1,cm=15.93,pulse_us=0,timer1=0,pings=126,valid=122,timeout=4,miss=0
SONAR_CHK,ts_ms=10541,mode=PULSEIN,ok=1,cm=28.03,pulse_us=0,timer1=0,pings=127,valid=123,timeout=4,miss=0
SONAR_CHK,ts_ms=10606,mode=PULSEIN,ok=1,cm=27.21,pulse_us=0,timer1=0,pings=128,valid=124,timeout=4,miss=0
SONAR_CHK,ts_ms=10672,mode=PULSEIN,ok=1,cm=28.21,pulse_us=0,timer1=0,pings=129,valid=125,timeout=4,miss=0
SONAR_CHK,ts_ms=10737,mode=PULSEIN,ok=1,cm=26.83,pulse_us=0,timer1=0,pings=130,valid=126,timeout=4,miss=0
SONAR_CHK,ts_ms=10803,mode=PULSEIN,ok=1,cm=23.81,pulse_us=0,timer1=0,pings=131,valid=127,timeout=4,miss=0
SONAR_CHK,ts_ms=10869,mode=PULSEIN,ok=1,cm=30.22,pulse_us=0,timer1=0,pings=132,valid=128,timeout=4,miss=0
SONAR_CHK,ts_ms=10935,mode=PULSEIN,ok=1,cm=25.52,pulse_us=0,timer1=0,pings=133,valid=129,timeout=4,miss=0
SONAR_CHK,ts_ms=11000,mode=PULSEIN,ok=1,cm=25.91,pulse_us=0,timer1=0,pings=134,valid=130,timeout=4,miss=0
SONAR_CHK,ts_ms=11066,mode=PULSEIN,ok=1,cm=27.31,pulse_us=0,timer1=0,pings=135,valid=131,timeout=4,miss=0
SONAR_CHK,ts_ms=11132,mode=PULSEIN,ok=1,cm=29.02,pulse_us=0,timer1=0,pings=136,valid=132,timeout=4,miss=0
SONAR_CHK,ts_ms=11197,mode=PULSEIN,ok=1,cm=20.52,pulse_us=0,timer1=0,pings=137,valid=133,timeout=4,miss=0
SONAR_CHK,ts_ms=11262,mode=PULSEIN,ok=1,cm=20.52,pulse_us=0,timer1=0,pings=138,valid=134,timeout=4,miss=0
SONAR_CHK,ts_ms=11328,mode=PULSEIN,ok=1,cm=20.98,pulse_us=0,timer1=0,pings=139,valid=135,timeout=4,miss=0
SONAR_CHK,ts_ms=11394,mode=PULSEIN,ok=1,cm=29.09,pulse_us=0,timer1=0,pings=140,valid=136,timeout=4,miss=0
SONAR_CHK,ts_ms=11465,mode=PULSEIN,ok=1,cm=117.26,pulse_us=0,timer1=0,pings=141,valid=137,timeout=4,miss=0
SONAR_CHK,ts_ms=11531,mode=PULSEIN,ok=1,cm=28.52,pulse_us=0,timer1=0,pings=142,valid=138,timeout=4,miss=0
SONAR_CHK,ts_ms=11596,mode=PULSEIN,ok=1,cm=27.36,pulse_us=0,timer1=0,pings=143,valid=139,timeout=4,miss=0
SONAR_CHK,ts_ms=11663,mode=PULSEIN,ok=1,cm=29.47,pulse_us=0,timer1=0,pings=144,valid=140,timeout=4,miss=0
SONAR_CHK,ts_ms=11728,mode=PULSEIN,ok=1,cm=29.79,pulse_us=0,timer1=0,pings=145,valid=141,timeout=4,miss=0
SONAR_CHK,ts_ms=11793,mode=PULSEIN,ok=1,cm=14.16,pulse_us=0,timer1=0,pings=146,valid=142,timeout=4,miss=0
SONAR_CHK,ts_ms=11858,mode=PULSEIN,ok=1,cm=15.67,pulse_us=0,timer1=0,pings=147,valid=143,timeout=4,miss=0
SONAR_CHK,ts_ms=11924,mode=PULSEIN,ok=1,cm=27.67,pulse_us=0,timer1=0,pings=148,valid=144,timeout=4,miss=0
SONAR_CHK,ts_ms=11990,mode=PULSEIN,ok=1,cm=29.07,pulse_us=0,timer1=0,pings=149,valid=145,timeout=4,miss=0
t=13,miss=0
SONAR_CHK,ts_ms=12837,mode=PULSEIN,ok=0,cm=0.00,pulse_us=0,timer1=0,pings=159,valid=145,timeout=14,miss=0
SONAR_CHK,ts_ms=12925,mode=PULSEIN,ok=0,cm=0.00,pulse_us=0,timer1=0,pings=160,valid=145,timeout=15,miss=0
SONAR_CHK,ts_ms=13006,mode=PULSEIN,ok=0,cm=0.00,pulse_us=0,timer1=0,pings=161,valid=145,timeout=16,miss=0
SONAR_CHK,ts_ms=13095,mode=PULSEIN,ok=0,cm=0.00,pulse_us=0,timer1=0,pings=162,valid=145,timeout=17,miss=0
SONAR_CHK,ts_ms=13176,mode=PULSEIN,ok=0,cm=0.00,pulse_us=0,timer1=0,pings=163,valid=145,timeout=18,miss=0
SONAR_CHK,ts_ms=13264,mode=PULSEIN,ok=0,cm=0.00,pulse_us=0,timer1=0,pings=164,valid=145,timeout=19,miss=0
SONAR_CHK,ts_ms=13345,mode=PULSEIN,ok=0,cm=0.00,pulse_us=0,timer1=0,pings=165,valid=145,timeout=20,miss=0
SONAR_CHK,ts_ms=13434,mode=PULSEIN,ok=0,cm=0.00,pulse_us=0,timer1=0,pings=166,valid=145,timeout=21,miss=0
SONAR_CHK,ts_ms=13515,mode=PULSEIN,ok=0,cm=0.00,pulse_us=0,timer1=0,pings=167,valid=145,timeout=22,miss=0
SONAR_CHK,ts_ms=13603,mode=PULSEIN,ok=0,cm=0.00,pulse_us=0,timer1=0,pings=168,valid=145,timeout=23,miss=0
SONAR_CHK,ts_ms=13684,mode=PULSEIN,ok=0,cm=0.00,pulse_us=0,timer1=0,pings=169,valid=145,timeout=24,miss=0
SONAR_CHK,ts_ms=13751,mode=PULSEIN,ok=1,cm=29.91,pulse_us=0,timer1=0,pings=170,valid=146,timeout=24,miss=0
SONAR_CHK,ts_ms=13815,mode=PULSEIN,ok=1,cm=20.05,pulse_us=0,timer1=0,pings=171,valid=147,timeout=24,miss=0
SONAR_CHK,ts_ms=13882,mode=PULSEIN,ok=1,cm=25.90,pulse_us=0,timer1=0,pings=172,valid=148,timeout=24,miss=0
SONAR_CHK,ts_ms=13947,mode=PULSEIN,ok=1,cm=26.79,pulse_us=0,timer1=0,pings=173,valid=149,timeout=24,miss=0
SONAR_CHK,ts_ms=14013,mode=PULSEIN,ok=1,cm=20.98,pulse_us=0,timer1=0,pings=174,valid=150,timeout=24,miss=0
SONAR_CHK,ts_ms=14077,mode=PULSEIN,ok=1,cm=16.67,pulse_us=0,timer1=0,pings=175,valid=151,timeout=24,miss=0
SONAR_CHK,ts_ms=14143,mode=PULSEIN,ok=1,cm=17.55,pulse_us=0,timer1=0,pings=176,valid=152,timeout=24,miss=0
SONAR_CHK,ts_ms=14209,mode=PULSEIN,ok=1,cm=18.86,pulse_us=0,timer1=0,pings=177,valid=153,timeout=24,miss=0
SONAR_CHK,ts_ms=14298,mode=PULSEIN,ok=0,cm=0.00,pulse_us=0,timer1=0,pings=178,valid=153,timeout=25,miss=0
SONAR_CHK,ts_ms=14379,mode=PULSEIN,ok=0,cm=0.00,pulse_us=0,timer1=0,pings=179,valid=153,timeout=26,miss=0
SONAR_CHK,ts_ms=14467,mode=PULSEIN,ok=0,cm=0.00,pulse_us=0,timer1=0,pings=180,valid=153,timeout=27,miss=0
SONAR_CHK,ts_ms=14547,mode=PULSEIN,ok=0,cm=0.00,pulse_us=0,timer1=0,pings=181,valid=153,timeout=28,miss=0
SONAR_CHK,ts_ms=14637,mode=PULSEIN,ok=0,cm=0.00,pulse_us=0,timer1=0,pings=182,valid=153,timeout=29,miss=0
SONAR_CHK,ts_ms=14717,mode=PULSEIN,ok=0,cm=0.00,pulse_us=0,timer1=0,pings=183,valid=153,timeout=30,miss=0
pings=192,valid=153,timeout=39,miss=0
SONAR_CHK,ts_ms=15564,mode=PULSEIN,ok=0,cm=0.00,pulse_us=0,timer1=0,pings=193,valid=153,timeout=40,miss=0
SONAR_CHK,ts_ms=15653,mode=PULSEIN,ok=0,cm=0.00,pulse_us=0,timer1=0,pings=194,valid=153,timeout=41,miss=0
SONAR_CHK,ts_ms=15734,mode=PULSEIN,ok=0,cm=0.00,pulse_us=0,timer1=0,pings=195,valid=153,timeout=42,miss=0
SONAR_CHK,ts_ms=15822,mode=PULSEIN,ok=0,cm=0.00,pulse_us=0,timer1=0,pings=196,valid=153,timeout=43,miss=0
SONAR_CHK,ts_ms=15903,mode=PULSEIN,ok=0,cm=0.00,pulse_us=0,timer1=0,pings=197,valid=153,timeout=44,miss=0
SONAR_CHK,ts_ms=15992,mode=PULSEIN,ok=0,cm=0.00,pulse_us=0,timer1=0,pings=198,valid=153,timeout=45,miss=0
SONAR_CHK,ts_ms=16073,mode=PULSEIN,ok=0,cm=0.00,pulse_us=0,timer1=0,pings=199,valid=153,timeout=46,miss=0
SONAR_CHK,ts_ms=16161,mode=PULSEIN,ok=0,cm=0.00,pulse_us=0,timer1=0,pings=200,valid=153,timeout=47,miss=0
SONAR_CHK,ts_ms=16242,mode=PULSEIN,ok=0,cm=0.00,pulse_us=0,timer1=0,pings=201,valid=153,timeout=48,miss=0
SONAR_CHK,ts_ms=16331,mode=PULSEIN,ok=0,cm=0.00,pulse_us=0,timer1=0,pings=202,valid=153,timeout=49,miss=0
SONAR_CHK,ts_ms=16412,mode=PULSEIN,ok=0,cm=0.00,pulse_us=0,timer1=0,pings=203,valid=153,timeout=50,miss=0
SONAR_CHK,ts_ms=16500,mode=PULSEIN,ok=0,cm=0.00,pulse_us=0,timer1=0,pings=204,valid=153,timeout=51,miss=0
SONAR_CHK,ts_ms=16581,mode=PULSEIN,ok=0,cm=0.00,pulse_us=0,timer1=0,pings=205,valid=153,timeout=52,miss=0
SONAR_CHK,ts_ms=16670,mode=PULSEIN,ok=0,cm=0.00,pulse_us=0,timer1=0,pings=206,valid=153,timeout=53,miss=0
SONAR_CHK,ts_ms=16751,mode=PULSEIN,ok=0,cm=0.00,pulse_us=0,timer1=0,pings=207,valid=153,timeout=54,miss=0
SONAR_CHK,ts_ms=16839,mode=PULSEIN,ok=0,cm=0.00,pulse_us=0,timer1=0,pings=208,valid=153,timeout=55,miss=0
SONAR_CHK,ts_ms=16920,mode=PULSEIN,ok=0,cm=0.00,pulse_us=0,timer1=0,pings=209,valid=153,timeout=56,miss=0
SONAR_CHK,ts_ms=17009,mode=PULSEIN,ok=0,cm=0.00,pulse_us=0,timer1=0,pings=210,valid=153,timeout=57,miss=0
SONAR_CHK,ts_ms=17090,mode=PULSEIN,ok=0,cm=0.00,pulse_us=0,timer1=0,pings=211,valid=153,timeout=58,miss=0
SONAR_CHK,ts_ms=17178,mode=PULSEIN,ok=0,cm=0.00,pulse_us=0,timer1=0,pings=212,valid=153,timeout=59,miss=0
SONAR_CHK,ts_ms=17259,mode=PULSEIN,ok=0,cm=0.00,pulse_us=0,timer1=0,pings=213,valid=153,timeout=60,miss=0
SONAR_CHK,ts_ms=17348,mode=PULSEIN,ok=0,cm=0.00,pulse_us=0,timer1=0,pings=214,valid=153,timeout=61,miss=0
SONAR_CHK,ts_ms=17429,mode=PULSEIN,ok=0,cm=0.00,pulse_us=0,timer1=0,pings=215,valid=153,timeout=62,miss=0
SONAR_CHK,ts_ms=17517,mode=PULSEIN,ok=0,cm=0.00,pulse_us=0,timer1=0,pings=216,valid=153,timeout=63,miss=0
SONAR_CHK,ts_ms=17598,mode=PULSEIN,ok=0,cm=0.00,pulse_us=0,timer1=0,pings=217,valid=153,timeout=64,miss=0
se_us=0,timer1=0,pings=226,valid=153,timeout=73,miss=0
SONAR_CHK,ts_ms=18446,mode=PULSEIN,ok=0,cm=0.00,pulse_us=0,timer1=0,pings=227,valid=153,timeout=74,miss=0
SONAR_CHK,ts_ms=18535,mode=PULSEIN,ok=0,cm=0.00,pulse_us=0,timer1=0,pings=228,valid=153,timeout=75,miss=0
SONAR_CHK,ts_ms=18616,mode=PULSEIN,ok=0,cm=0.00,pulse_us=0,timer1=0,pings=229,valid=153,timeout=76,miss=0
SONAR_CHK,ts_ms=18704,mode=PULSEIN,ok=0,cm=0.00,pulse_us=0,timer1=0,pings=230,valid=153,timeout=77,miss=0
SONAR_CHK,ts_ms=18785,mode=PULSEIN,ok=0,cm=0.00,pulse_us=0,timer1=0,pings=231,valid=153,timeout=78,miss=0
SONAR_CHK,ts_ms=18874,mode=PULSEIN,ok=0,cm=0.00,pulse_us=0,timer1=0,pings=232,valid=153,timeout=79,miss=0
SONAR_CHK,ts_ms=18955,mode=PULSEIN,ok=0,cm=0.00,pulse_us=0,timer1=0,pings=233,valid=153,timeout=80,miss=0
SONAR_CHK,ts_ms=19019,mode=PULSEIN,ok=1,cm=16.81,pulse_us=0,timer1=0,pings=234,valid=154,timeout=80,miss=0
SONAR_CHK,ts_ms=19085,mode=PULSEIN,ok=1,cm=11.97,pulse_us=0,timer1=0,pings=235,valid=155,timeout=80,miss=0
SONAR_CHK,ts_ms=19149,mode=PULSEIN,ok=1,cm=11.55,pulse_us=0,timer1=0,pings=236,valid=156,timeout=80,miss=0
SONAR_CHK,ts_ms=19214,mode=PULSEIN,ok=1,cm=11.67,pulse_us=0,timer1=0,pings=237,valid=157,timeout=80,miss=0
SONAR_CHK,ts_ms=19279,mode=PULSEIN,ok=1,cm=14.64,pulse_us=0,timer1=0,pings=238,valid=158,timeout=80,miss=0
SONAR_CHK,ts_ms=19345,mode=PULSEIN,ok=1,cm=16.88,pulse_us=0,timer1=0,pings=239,valid=159,timeout=80,miss=0
SONAR_CHK,ts_ms=19409,mode=PULSEIN,ok=1,cm=17.83,pulse_us=0,timer1=0,pings=240,valid=160,timeout=80,miss=0
SONAR_CHK,ts_ms=19475,mode=PULSEIN,ok=1,cm=16.93,pulse_us=0,timer1=0,pings=241,valid=161,timeout=80,miss=0
SONAR_CHK,ts_ms=19540,mode=PULSEIN,ok=1,cm=17.81,pulse_us=0,timer1=0,pings=242,valid=162,timeout=80,miss=0
SONAR_CHK,ts_ms=19606,mode=PULSEIN,ok=1,cm=18.22,pulse_us=0,timer1=0,pings=243,valid=163,timeout=80,miss=0
SONAR_CHK,ts_ms=19671,mode=PULSEIN,ok=1,cm=18.64,pulse_us=0,timer1=0,pings=244,valid=164,timeout=80,miss=0
SONAR_CHK,ts_ms=19736,mode=PULSEIN,ok=1,cm=10.72,pulse_us=0,timer1=0,pings=245,valid=165,timeout=80,miss=0
SONAR_CHK,ts_ms=19801,mode=PULSEIN,ok=1,cm=11.14,pulse_us=0,timer1=0,pings=246,valid=166,timeout=80,miss=0
SONAR_CHK,ts_ms=19866,mode=PULSEIN,ok=1,cm=10.76,pulse_us=0,timer1=0,pings=247,valid=167,timeout=80,miss=0
SONAR_CHK,ts_ms=19931,mode=PULSEIN,ok=1,cm=12.38,pulse_us=0,timer1=0,pings=248,valid=168,timeout=80,miss=0
SONAR_CHK,ts_ms=19995,mode=PULSEIN,ok=1,cm=13.74,pulse_us=0,timer1=0,pings=249,valid=169,timeout=80,miss=0
SONAR_CHK,ts_ms=20061,mode=PULSEIN,ok=1,cm=13.64,pulse_us=0,timer1=0,pings=250,valid=170,timeout=80,miss=0
SONAR_CHK,ts_ms=20126,mode=PULSEIN,ok=1,cm=15.34,pulse_us=0,timer1=0,pings=251,valid=171,timeout=80,miss=0
,ok=1,cm=15.16,pulse_us=0,timer1=0,pings=260,valid=180,timeout=80,miss=0
SONAR_CHK,ts_ms=20775,mode=PULSEIN,ok=1,cm=13.64,pulse_us=0,timer1=0,pings=261,valid=181,timeout=80,miss=0
SONAR_CHK,ts_ms=20841,mode=PULSEIN,ok=1,cm=26.95,pulse_us=0,timer1=0,pings=262,valid=182,timeout=80,miss=0
SONAR_CHK,ts_ms=20907,mode=PULSEIN,ok=1,cm=15.41,pulse_us=0,timer1=0,pings=263,valid=183,timeout=80,miss=0
SONAR_CHK,ts_ms=20971,mode=PULSEIN,ok=1,cm=14.22,pulse_us=0,timer1=0,pings=264,valid=184,timeout=80,miss=0
SONAR_CHK,ts_ms=21037,mode=PULSEIN,ok=1,cm=14.12,pulse_us=0,timer1=0,pings=265,valid=185,timeout=80,miss=0
SONAR_CHK,ts_ms=21102,mode=PULSEIN,ok=1,cm=14.17,pulse_us=0,timer1=0,pings=266,valid=186,timeout=80,miss=0
SONAR_CHK,ts_ms=21167,mode=PULSEIN,ok=1,cm=14.12,pulse_us=0,timer1=0,pings=267,valid=187,timeout=80,miss=0
SONAR_CHK,ts_ms=21232,mode=PULSEIN,ok=1,cm=15.00,pulse_us=0,timer1=0,pings=268,valid=188,timeout=80,miss=0
SONAR_CHK,ts_ms=21297,mode=PULSEIN,ok=1,cm=14.57,pulse_us=0,timer1=0,pings=269,valid=189,timeout=80,miss=0
SONAR_CHK,ts_ms=21362,mode=PULSEIN,ok=1,cm=14.52,pulse_us=0,timer1=0,pings=270,valid=190,timeout=80,miss=0
SONAR_CHK,ts_ms=21427,mode=PULSEIN,ok=1,cm=14.10,pulse_us=0,timer1=0,pings=271,valid=191,timeout=80,miss=0
SONAR_CHK,ts_ms=21492,mode=PULSEIN,ok=1,cm=14.53,pulse_us=0,timer1=0,pings=272,valid=192,timeout=80,miss=0
SONAR_CHK,ts_ms=21557,mode=PULSEIN,ok=1,cm=14.22,pulse_us=0,timer1=0,pings=273,valid=193,timeout=80,miss=0
SONAR_CHK,ts_ms=21622,mode=PULSEIN,ok=1,cm=14.12,pulse_us=0,timer1=0,pings=274,valid=194,timeout=80,miss=0
SONAR_CHK,ts_ms=21688,mode=PULSEIN,ok=1,cm=14.22,pulse_us=0,timer1=0,pings=275,valid=195,timeout=80,miss=0
SONAR_CHK,ts_ms=21752,mode=PULSEIN,ok=1,cm=14.10,pulse_us=0,timer1=0,pings=276,valid=196,timeout=80,miss=0
SONAR_CHK,ts_ms=21818,mode=PULSEIN,ok=1,cm=14.10,pulse_us=0,timer1=0,pings=277,valid=197,timeout=80,miss=0
SONAR_CHK,ts_ms=21882,mode=PULSEIN,ok=1,cm=14.12,pulse_us=0,timer1=0,pings=278,valid=198,timeout=80,miss=0
SONAR_CHK,ts_ms=21948,mode=PULSEIN,ok=1,cm=14.57,pulse_us=0,timer1=0,pings=279,valid=199,timeout=80,miss=0
SONAR_CHK,ts_ms=22012,mode=PULSEIN,ok=1,cm=14.12,pulse_us=0,timer1=0,pings=280,valid=200,timeout=80,miss=0
SONAR_CHK,ts_ms=22078,mode=PULSEIN,ok=1,cm=13.69,pulse_us=0,timer1=0,pings=281,valid=201,timeout=80,miss=0
SONAR_CHK,ts_ms=22142,mode=PULSEIN,ok=1,cm=15.00,pulse_us=0,timer1=0,pings=282,valid=202,timeout=80,miss=0
SONAR_CHK,ts_ms=22208,mode=PULSEIN,ok=1,cm=15.00,pulse_us=0,timer1=0,pings=283,valid=203,timeout=80,miss=0
SONAR_CHK,ts_ms=22273,mode=PULSEIN,ok=1,cm=12.07,pulse_us=0,timer1=0,pings=284,valid=204,timeout=80,miss=0
SONAR_CHK,ts_ms=22338,mode=PULSEIN,ok=1,cm=15.41,pulse_us=0,timer1=0,pings=285,valid=205,timeout=80,miss=0
ode=PULSEIN,ok=1,cm=9.83,pulse_us=0,timer1=0,pings=295,valid=215,timeout=80,miss=0
SONAR_CHK,ts_ms=23066,mode=PULSEIN,ok=1,cm=12.02,pulse_us=0,timer1=0,pings=296,valid=216,timeout=80,miss=0
SONAR_CHK,ts_ms=23132,mode=PULSEIN,ok=1,cm=12.76,pulse_us=0,timer1=0,pings=297,valid=217,timeout=80,miss=0
SONAR_CHK,ts_ms=23196,mode=PULSEIN,ok=1,cm=13.28,pulse_us=0,timer1=0,pings=298,valid=218,timeout=80,miss=0
SONAR_CHK,ts_ms=23262,mode=PULSEIN,ok=1,cm=13.17,pulse_us=0,timer1=0,pings=299,valid=219,timeout=80,miss=0
SONAR_CHK,ts_ms=23326,mode=PULSEIN,ok=1,cm=12.76,pulse_us=0,timer1=0,pings=300,valid=220,timeout=80,miss=0
SONAR_CHK,ts_ms=23392,mode=PULSEIN,ok=1,cm=10.29,pulse_us=0,timer1=0,pings=301,valid=221,timeout=80,miss=0
SONAR_CHK,ts_ms=23456,mode=PULSEIN,ok=1,cm=12.38,pulse_us=0,timer1=0,pings=302,valid=222,timeout=80,miss=0
SONAR_CHK,ts_ms=23521,mode=PULSEIN,ok=1,cm=12.91,pulse_us=0,timer1=0,pings=303,valid=223,timeout=80,miss=0
SONAR_CHK,ts_ms=23586,mode=PULSEIN,ok=1,cm=12.81,pulse_us=0,timer1=0,pings=304,valid=224,timeout=80,miss=0
SONAR_CHK,ts_ms=23651,mode=PULSEIN,ok=1,cm=12.91,pulse_us=0,timer1=0,pings=305,valid=225,timeout=80,miss=0
SONAR_CHK,ts_ms=23716,mode=PULSEIN,ok=1,cm=12.38,pulse_us=0,timer1=0,pings=306,valid=226,timeout=80,miss=0
SONAR_CHK,ts_ms=23781,mode=PULSEIN,ok=1,cm=12.91,pulse_us=0,timer1=0,pings=307,valid=227,timeout=80,miss=0
SONAR_CHK,ts_ms=23846,mode=PULSEIN,ok=1,cm=12.38,pulse_us=0,timer1=0,pings=308,valid=228,timeout=80,miss=0
SONAR_CHK,ts_ms=23911,mode=PULSEIN,ok=1,cm=12.38,pulse_us=0,timer1=0,pings=309,valid=229,timeout=80,miss=0
SONAR_CHK,ts_ms=23976,mode=PULSEIN,ok=1,cm=12.81,pulse_us=0,timer1=0,pings=310,valid=230,timeout=80,miss=0
SONAR_CHK,ts_ms=24041,mode=PULSEIN,ok=1,cm=12.81,pulse_us=0,timer1=0,pings=311,valid=231,timeout=80,miss=0
SONAR_CHK,ts_ms=24107,mode=PULSEIN,ok=1,cm=12.38,pulse_us=0,timer1=0,pings=312,valid=232,timeout=80,miss=0
SONAR_CHK,ts_ms=24171,mode=PULSEIN,ok=1,cm=12.38,pulse_us=0,timer1=0,pings=313,valid=233,timeout=80,miss=0
SONAR_CHK,ts_ms=24236,mode=PULSEIN,ok=1,cm=12.50,pulse_us=0,timer1=0,pings=314,valid=234,timeout=80,miss=0
SONAR_CHK,ts_ms=24301,mode=PULSEIN,ok=1,cm=12.79,pulse_us=0,timer1=0,pings=315,valid=235,timeout=80,miss=0
SONAR_CHK,ts_ms=24366,mode=PULSEIN,ok=1,cm=12.48,pulse_us=0,timer1=0,pings=316,valid=236,timeout=80,miss=0
SONAR_CHK,ts_ms=24431,mode=PULSEIN,ok=1,cm=12.40,pulse_us=0,timer1=0,pings=317,valid=237,timeout=80,miss=0
SONAR_CHK,ts_ms=24496,mode=PULSEIN,ok=1,cm=12.81,pulse_us=0,timer1=0,pings=318,valid=238,timeout=80,miss=0
SONAR_CHK,ts_ms=24561,mode=PULSEIN,ok=1,cm=12.81,pulse_us=0,timer1=0,pings=319,valid=239,timeout=80,miss=0
SONAR_CHK,ts_ms=24626,mode=PULSEIN,ok=1,cm=12.81,pulse_us=0,timer1=0,pings=320,valid=240,timeout=80,miss=0
_ms=25275,mode=PULSEIN,ok=1,cm=9.47,pulse_us=0,timer1=0,pings=330,valid=250,timeout=80,miss=0
SONAR_CHK,ts_ms=25339,mode=PULSEIN,ok=1,cm=8.67,pulse_us=0,timer1=0,pings=331,valid=251,timeout=80,miss=0
SONAR_CHK,ts_ms=25404,mode=PULSEIN,ok=1,cm=8.62,pulse_us=0,timer1=0,pings=332,valid=252,timeout=80,miss=0
SONAR_CHK,ts_ms=25468,mode=PULSEIN,ok=1,cm=9.88,pulse_us=0,timer1=0,pings=333,valid=253,timeout=80,miss=0
SONAR_CHK,ts_ms=25534,mode=PULSEIN,ok=1,cm=10.55,pulse_us=0,timer1=0,pings=334,valid=254,timeout=80,miss=0
SONAR_CHK,ts_ms=25598,mode=PULSEIN,ok=1,cm=10.62,pulse_us=0,timer1=0,pings=335,valid=255,timeout=80,miss=0
SONAR_CHK,ts_ms=25663,mode=PULSEIN,ok=1,cm=10.31,pulse_us=0,timer1=0,pings=336,valid=256,timeout=80,miss=0
SONAR_CHK,ts_ms=25729,mode=PULSEIN,ok=1,cm=10.60,pulse_us=0,timer1=0,pings=337,valid=257,timeout=80,miss=0
SONAR_CHK,ts_ms=25793,mode=PULSEIN,ok=1,cm=10.62,pulse_us=0,timer1=0,pings=338,valid=258,timeout=80,miss=0
SONAR_CHK,ts_ms=25858,mode=PULSEIN,ok=1,cm=11.19,pulse_us=0,timer1=0,pings=339,valid=259,timeout=80,miss=0
SONAR_CHK,ts_ms=25923,mode=PULSEIN,ok=1,cm=10.26,pulse_us=0,timer1=0,pings=340,valid=260,timeout=80,miss=0
SONAR_CHK,ts_ms=25988,mode=PULSEIN,ok=1,cm=10.72,pulse_us=0,timer1=0,pings=341,valid=261,timeout=80,miss=0
SONAR_CHK,ts_ms=26052,mode=PULSEIN,ok=1,cm=10.40,pulse_us=0,timer1=0,pings=342,valid=262,timeout=80,miss=0
SONAR_CHK,ts_ms=26118,mode=PULSEIN,ok=1,cm=10.31,pulse_us=0,timer1=0,pings=343,valid=263,timeout=80,miss=0
SONAR_CHK,ts_ms=26182,mode=PULSEIN,ok=1,cm=8.98,pulse_us=0,timer1=0,pings=344,valid=264,timeout=80,miss=0
SONAR_CHK,ts_ms=26247,mode=PULSEIN,ok=1,cm=9.93,pulse_us=0,timer1=0,pings=345,valid=265,timeout=80,miss=0
SONAR_CHK,ts_ms=26312,mode=PULSEIN,ok=1,cm=14.16,pulse_us=0,timer1=0,pings=346,valid=266,timeout=80,miss=0
SONAR_CHK,ts_ms=26377,mode=PULSEIN,ok=1,cm=12.53,pulse_us=0,timer1=0,pings=347,valid=267,timeout=80,miss=0
SONAR_CHK,ts_ms=26442,mode=PULSEIN,ok=1,cm=13.53,pulse_us=0,timer1=0,pings=348,valid=268,timeout=80,miss=0
SONAR_CHK,ts_ms=26507,mode=PULSEIN,ok=1,cm=12.76,pulse_us=0,timer1=0,pings=349,valid=269,timeout=80,miss=0
SONAR_CHK,ts_ms=26572,mode=PULSEIN,ok=1,cm=14.00,pulse_us=0,timer1=0,pings=350,valid=270,timeout=80,miss=0
SONAR_CHK,ts_ms=26637,mode=PULSEIN,ok=1,cm=10.67,pulse_us=0,timer1=0,pings=351,valid=271,timeout=80,miss=0
SONAR_CHK,ts_ms=26701,mode=PULSEIN,ok=1,cm=11.66,pulse_us=0,timer1=0,pings=352,valid=272,timeout=80,miss=0
SONAR_CHK,ts_ms=26767,mode=PULSEIN,ok=1,cm=10.29,pulse_us=0,timer1=0,pings=353,valid=273,timeout=80,miss=0
SONAR_CHK,ts_ms=26831,mode=PULSEIN,ok=1,cm=10.24,pulse_us=0,timer1=0,pings=354,valid=274,timeout=80,miss=0
SONAR_CHK,ts_ms=26897,mode=PULSEIN,ok=1,cm=29.97,pulse_us=0,timer1=0,pings=355,valid=275,timeout=80,miss=0
ss=0
SONAR_CHK,ts_ms=27546,mode=PULSEIN,ok=1,cm=11.55,pulse_us=0,timer1=0,pings=365,valid=285,timeout=80,miss=0
SONAR_CHK,ts_ms=27612,mode=PULSEIN,ok=1,cm=11.03,pulse_us=0,timer1=0,pings=366,valid=286,timeout=80,miss=0
SONAR_CHK,ts_ms=27676,mode=PULSEIN,ok=1,cm=10.21,pulse_us=0,timer1=0,pings=367,valid=287,timeout=80,miss=0
SONAR_CHK,ts_ms=27741,mode=PULSEIN,ok=1,cm=11.60,pulse_us=0,timer1=0,pings=368,valid=288,timeout=80,miss=0
SONAR_CHK,ts_ms=27806,mode=PULSEIN,ok=1,cm=13.33,pulse_us=0,timer1=0,pings=369,valid=289,timeout=80,miss=0
SONAR_CHK,ts_ms=27871,mode=PULSEIN,ok=1,cm=8.26,pulse_us=0,timer1=0,pings=370,valid=290,timeout=80,miss=0
SONAR_CHK,ts_ms=27935,mode=PULSEIN,ok=1,cm=8.26,pulse_us=0,timer1=0,pings=371,valid=291,timeout=80,miss=0
SONAR_CHK,ts_ms=28000,mode=PULSEIN,ok=1,cm=8.62,pulse_us=0,timer1=0,pings=372,valid=292,timeout=80,miss=0
SONAR_CHK,ts_ms=28064,mode=PULSEIN,ok=1,cm=8.21,pulse_us=0,timer1=0,pings=373,valid=293,timeout=80,miss=0
SONAR_CHK,ts_ms=28130,mode=PULSEIN,ok=1,cm=8.21,pulse_us=0,timer1=0,pings=374,valid=294,timeout=80,miss=0
SONAR_CHK,ts_ms=28194,mode=PULSEIN,ok=1,cm=7.69,pulse_us=0,timer1=0,pings=375,valid=295,timeout=80,miss=0
SONAR_CHK,ts_ms=28259,mode=PULSEIN,ok=1,cm=8.16,pulse_us=0,timer1=0,pings=376,valid=296,timeout=80,miss=0
SONAR_CHK,ts_ms=28323,mode=PULSEIN,ok=1,cm=8.16,pulse_us=0,timer1=0,pings=377,valid=297,timeout=80,miss=0
SONAR_CHK,ts_ms=28388,mode=PULSEIN,ok=1,cm=8.16,pulse_us=0,timer1=0,pings=378,valid=298,timeout=80,miss=0
SONAR_CHK,ts_ms=28452,mode=PULSEIN,ok=1,cm=9.98,pulse_us=0,timer1=0,pings=379,valid=299,timeout=80,miss=0
SONAR_CHK,ts_ms=28517,mode=PULSEIN,ok=1,cm
SONAR_CHK,ts_ms=36716,mode=PULSEIN,ok=1,cm=8.16,pulse_us=0,timer1=0,pings=503,valid=413,timeout=90,miss=0
SONAR_CHK,ts_ms=36781,mode=PULSEIN,ok=1,cm=8.16,pulse_us=0,timer1=0,pings=504,valid=414,timeout=90,miss=0
SONAR_CHK,ts_ms=36845,mode=PULSEIN,ok=1,cm=8.16,pulse_us=0,timer1=0,pings=505,valid=415,timeout=90,miss=0
SONAR_CHK,ts_ms=36910,mode=PULSEIN,ok=1,cm=8.28,pulse_us=0,timer1=0,pings=506,valid=416,timeout=90,miss=0
SONAR_CHK,ts_ms=36974,mode=PULSEIN,ok=1,cm=8.26,pulse_us=0,timer1=0,pings=507,valid=417,timeout=90,miss=0
SONAR_CHK,ts_ms=37039,mode=PULSEIN,ok=1,cm=8.26,pulse_us=0,timer1=0,pings=508,valid=418,timeout=90,miss=0
SONAR_CHK,ts_ms=37103,mode=PULSEIN,ok=1,cm=8.26,pulse_us=0,timer1=0,pings=509,valid=419,timeout=90,miss=0
SONAR_CHK,ts_ms=37169,mode=PULSEIN,ok=1,cm=8.17,pulse_us=0,timer1=0,pings=510,valid=420,timeout=90,miss=0
SONAR_CHK,ts_ms=37233,mode=PULSEIN,ok=1,cm=7.74,pulse_us=0,timer1=0,pings=511,valid=421,timeout=90,miss=0
SONAR_CHK,ts_ms=37298,mode=PULSEIN,ok=1,cm=8.57,pulse_us=0,timer1=0,pings=512,valid=422,timeout=90,miss=0
EIN,ok=0,cm=0.00,pulse_us=0,timer1=0,pings=521,valid=430,timeout=91,miss=0
SONAR_CHK,ts_ms=37993,mode=PULSEIN,ok=0,cm=0.00,pulse_us=0,timer1=0,pings=522,valid=430,timeout=92,miss=0
SONAR_CHK,ts_ms=38082,mode=PULSEIN,ok=0,cm=0.00,pulse_us=0,timer1=0,pings=523,valid=430,timeout=93,miss=0
SONAR_CHK,ts_ms=38163,mode=PULSEIN,ok=0,cm=0.00,pulse_us=0,timer1=0,pings=524,valid=430,timeout=94,miss=0
SONAR_CHK,ts_ms=38227,mode=PULSEIN,ok=1,cm=8.57,pulse_us=0,timer1=0,pings=525,valid=431,timeout=94,miss=0
SONAR_CHK,ts_ms=38292,mode=PULSEIN,ok=1,cm=6.55,pulse_us=0,timer1=0,pings=526,valid=432,timeout=94,miss=0
SONAR_CHK,ts_ms=38356,mode=PULSEIN,ok=1,cm=6.48,pulse_us=0,timer1=0,pings=527,valid=433,timeout=94,miss=0
SONAR_CHK,ts_ms=38421,mode=PULSEIN,ok=1,cm=6.91,pulse_us=0,timer1=0,pings=528,valid=434,timeout=94,miss=0
SONAR_CHK,ts_ms=38486,mode=PULSEIN,ok=1,cm=6.55,pulse_us=0,timer1=0,pings=529,valid=435,timeout=94,miss=0
SONAR_CHK,ts_ms=38558,mode=PULSEIN,ok=1,cm=136.60,pulse_us=0,timer1=0,pings=530,valid=436,timeout=94,miss=0
SONAR_CHK,ts_ms=38630,mode=PULSEIN,ok=1,cm=140.52,pulse_us=0,timer1=0,pings=531,valid=437,timeout=94,miss=0
SONAR_CHK,ts_ms=38694,mode=PULSEIN,ok=1,cm=6.09,pulse_us=0,timer1=0,pings=532,valid=438,timeout=94,miss=0
SONAR_CHK,ts_ms=38760,mode=PULSEIN,ok=1,cm=6.91,pulse_us=0,timer1=0,pings=533,valid=439,timeout=94,miss=0
SONAR_CHK,ts_ms=38824,mode=PULSEIN,ok=1,cm=7.28,pulse_us=0,timer1=0,pings=534,valid=440,timeout=94,miss=0
SONAR_CHK,ts_ms=38889,mode=PULSEIN,ok=1,cm=6.81,pulse_us=0,timer1=0,pings=535,valid=441,timeout=94,miss=0
SONAR_CHK,ts_ms=38953,mode=PULSEIN,ok=1,cm=7.28,pulse_us=0,timer1=0,pings=536,valid=442,timeout=94,miss=0
SONAR_CHK,ts_ms=39018,mode=PULSEIN,ok=1,cm=7.28,pulse_us=0,timer1=0,pings=537,valid=443,timeout=94,miss=0
SONAR_CHK,ts_ms=39083,mode=PULSEIN,ok=1,cm=7.28,pulse_us=0,timer1=0,pings=538,valid=444,timeout=94,miss=0
SONAR_CHK,ts_ms=39147,mode=PULSEIN,ok=1,cm=7.28,pulse_us=0,timer1=0,pings=539,valid=445,timeout=94,miss=0
SONAR_CHK,ts_ms=39212,mode=PULSEIN,ok=1,cm=7.31,pulse_us=0,timer1=0,pings=540,valid=446,timeout=94,miss=0
SONAR_CHK,ts_ms=39276,mode=PULSEIN,ok=1,cm=7.38,pulse_us=0,timer1=0,pings=541,valid=447,timeout=94,miss=0
SONAR_CHK,ts_ms=39341,mode=PULSEIN,ok=1,cm=7.38,pulse_us=0,timer1=0,pings=542,valid=448,timeout=94,miss=0
SONAR_CHK,ts_ms=39405,mode=PULSEIN,ok=1,cm=7.81,pulse_us=0,timer1=0,pings=543,valid=449,timeout=94,miss=0
SONAR_CHK,ts_ms=39470,mode=PULSEIN,ok=1,cm=7.40,pulse_us=0,timer1=0,pings=544,valid=450,timeout=94,miss=0
SONAR_CHK,ts_ms=39534,mode=PULSEIN,ok=1,cm=7.38,pulse_us=0,timer1=0,pings=545,valid=451,timeout=94,miss=0
SONAR_CHK,ts_ms=39599,mode=PULSEIN,ok=1,cm=7.38,pulse_us=0,timer1=0,pings=546,valid=452,timeout=94,miss=0
_us=0,timer1=0,pings=556,valid=462,timeout=94,miss=0
SONAR_CHK,ts_ms=40309,mode=PULSEIN,ok=1,cm=7.38,pulse_us=0,timer1=0,pings=557,valid=463,timeout=94,miss=0
SONAR_CHK,ts_ms=40374,mode=PULSEIN,ok=1,cm=7.38,pulse_us=0,timer1=0,pings=558,valid=464,timeout=94,miss=0
SONAR_CHK,ts_ms=40438,mode=PULSEIN,ok=1,cm=7.79,pulse_us=0,timer1=0,pings=559,valid=465,timeout=94,miss=0
SONAR_CHK,ts_ms=40503,mode=PULSEIN,ok=1,cm=7.34,pulse_us=0,timer1=0,pings=560,valid=466,timeout=94,miss=0
SONAR_CHK,ts_ms=40567,mode=PULSEIN,ok=1,cm=7.79,pulse_us=0,timer1=0,pings=561,valid=467,timeout=94,miss=0
SONAR_CHK,ts_ms=40633,mode=PULSEIN,ok=1,cm=8.64,pulse_us=0,timer1=0,pings=562,valid=468,timeout=94,miss=0
SONAR_CHK,ts_ms=40697,mode=PULSEIN,ok=1,cm=5.24,pulse_us=0,timer1=0,pings=563,valid=469,timeout=94,miss=0
SONAR_CHK,ts_ms=40761,mode=PULSEIN,ok=1,cm=4.72,pulse_us=0,timer1=0,pings=564,valid=470,timeout=94,miss=0
SONAR_CHK,ts_ms=40825,mode=PULSEIN,ok=1,cm=3.93,pulse_us=0,timer1=0,pings=565,valid=471,timeout=94,miss=0
SONAR_CHK,ts_ms=40890,mode=PULSEIN,ok=1,cm=4.31,pulse_us=0,timer1=0,pings=566,valid=472,timeout=94,miss=0
SONAR_CHK,ts_ms=40954,mode=PULSEIN,ok=1,cm=3.88,pulse_us=0,timer1=0,pings=567,valid=473,timeout=94,miss=0
SONAR_CHK,ts_ms=41019,mode=PULSEIN,ok=1,cm=3.90,pulse_us=0,timer1=0,pings=568,valid=474,timeout=94,miss=0
SONAR_CHK,ts_ms=41083,mode=PULSEIN,ok=1,cm=3.93,pulse_us=0,timer1=0,pings=569,valid=475,timeout=94,miss=0
SONAR_CHK,ts_ms=41148,mode=PULSEIN,ok=1,cm=3.83,pulse_us=0,timer1=0,pings=570,valid=476,timeout=94,miss=0
SONAR_CHK,ts_ms=41212,mode=PULSEIN,ok=1,cm=4.36,pulse_us=0,timer1=0,pings=571,valid=477,timeout=94,miss=0
SONAR_CHK,ts_ms=41277,mode=PULSEIN,ok=1,cm=5.45,pulse_us=0,timer1=0,pings=572,valid=478,timeout=94,miss=0
SONAR_CHK,ts_ms=41340,mode=PULSEIN,ok=1,cm=5.09,pulse_us=0,timer1=0,pings=573,valid=479,timeout=94,miss=0
SONAR_CHK,ts_ms=41405,mode=PULSEIN,ok=1,cm=4.36,pulse_us=0,timer1=0,pings=574,valid=480,timeout=94,miss=0
SONAR_CHK,ts_ms=41469,mode=PULSEIN,ok=1,cm=4.93,pulse_us=0,timer1=0,pings=575,valid=481,timeout=94,miss=0
SONAR_CHK,ts_ms=41534,mode=PULSEIN,ok=1,cm=5.97,pulse_us=0,timer1=0,pings=576,valid=482,timeout=94,miss=0
SONAR_CHK,ts_ms=41598,mode=PULSEIN,ok=1,cm=5.24,pulse_us=0,timer1=0,pings=577,valid=483,timeout=94,miss=0
SONAR_CHK,ts_ms=41663,mode=PULSEIN,ok=1,cm=7.59,pulse_us=0,timer1=0,pings=578,valid=484,timeout=94,miss=0
SONAR_CHK,ts_ms=41728,mode=PULSEIN,ok=1,cm=6.97,pulse_us=0,timer1=0,pings=579,valid=485,timeout=94,miss=0
SONAR_CHK,ts_ms=41800,mode=PULSEIN,ok=1,cm=139.71,pulse_us=0,timer1=0,pings=580,valid=486,timeout=94,miss=0
SONAR_CHK,ts_ms=41872,mode=PULSEIN,ok=1,cm=133.81,pulse_us=0,timer1=0,pings=581,valid=487,timeout=94,miss=0
se_us=0,timer1=0,pings=591,valid=493,timeout=98,miss=0
SONAR_CHK,ts_ms=42679,mode=PULSEIN,ok=1,cm=7.76,pulse_us=0,timer1=0,pings=592,valid=494,timeout=98,miss=0
SONAR_CHK,ts_ms=42743,mode=PULSEIN,ok=1,cm=7.69,pulse_us=0,timer1=0,pings=593,valid=495,timeout=98,miss=0
SONAR_CHK,ts_ms=42808,mode=PULSEIN,ok=1,cm=15.81,pulse_us=0,timer1=0,pings=594,valid=496,timeout=98,miss=0
SONAR_CHK,ts_ms=42873,mode=PULSEIN,ok=1,cm=7.43,pulse_us=0,timer1=0,pings=595,valid=497,timeout=98,miss=0
SONAR_CHK,ts_ms=42938,mode=PULSEIN,ok=1,cm=8.95,pulse_us=0,timer1=0,pings=596,valid=498,timeout=98,miss=0
SONAR_CHK,ts_ms=43002,mode=PULSEIN,ok=1,cm=9.93,pulse_us=0,timer1=0,pings=597,valid=499,timeout=98,miss=0
SONAR_CHK,ts_ms=43067,mode=PULSEIN,ok=1,cm=7.79,pulse_us=0,timer1=0,pings=598,valid=500,timeout=98,miss=0
SONAR_CHK,ts_ms=43156,mode=PULSEIN,ok=0,cm=0.00,pulse_us=0,timer1=0,pings=599,valid=500,timeout=99,miss=0
SONAR_CHK,ts_ms=43237,mode=PULSEIN,ok=0,cm=0.00,pulse_us=0,timer1=0,pings=600,valid=500,timeout=100,miss=0
SONAR_CHK,ts_ms=43301,mode=PULSEIN,ok=1,cm=8.10,pulse_us=0,timer1=0,pings=601,valid=501,timeout=100,miss=0
SONAR_CHK,ts_ms=43366,mode=PULSEIN,ok=1,cm=7.48,pulse_us=0,timer1=0,pings=602,valid=502,timeout=100,miss=0
SONAR_CHK,ts_ms=43430,mode=PULSEIN,ok=1,cm=5.29,pulse_us=0,timer1=0,pings=603,valid=503,timeout=100,miss=0
SONAR_CHK,ts_ms=43495,mode=PULSEIN,ok=1,cm=5.55,pulse_us=0,timer1=0,pings=604,valid=504,timeout=100,miss=0
SONAR_CHK,ts_ms=43559,mode=PULSEIN,ok=1,cm=4.86,pulse_us=0,timer1=0,pings=605,valid=505,timeout=100,miss=0
SONAR_CHK,ts_ms=43624,mode=PULSEIN,ok=1,cm=5.14,pulse_us=0,timer1=0,pings=606,valid=506,timeout=100,miss=0
SONAR_CHK,ts_ms=43688,mode=PULSEIN,
SONAR_CHK,ts_ms=53921,mode=PULSEIN,ok=0,cm=0.00,pulse_us=0,timer1=0,pings=756,valid=633,timeout=123,miss=0
SONAR_CHK,ts_ms=54002,mode=PULSEIN,ok=0,cm=0.00,pulse_us=0,timer1=0,pings=757,valid=633,timeout=124,miss=0
SONAR_CHK,ts_ms=54075,mode=PULSEIN,ok=1,cm=133.71,pulse_us=0,timer1=0,pings=758,valid=634,timeout=124,miss=0
SONAR_CHK,ts_ms=54163,mode=PULSEIN,ok=0,cm=0.00,pulse_us=0,timer1=0,pings=759,valid=634,timeout=125,miss=0
SONAR_CHK,ts_ms=54244,mode=PULSEIN,ok=0,cm=0.00,pulse_us=0,timer1=0,pings=760,valid=634,timeout=126,miss=0
SONAR_CHK,ts_ms=54317,mode=PULSEIN,ok=1,cm=134.57,pulse_us=0,timer1=0,pings=761,valid=635,timeout=126,miss=0
SONAR_CHK,ts_ms=54389,mode=PULSEIN,ok=1,cm=139.31,pulse_us=0,timer1=0,pings=762,valid=636,timeout=126,miss=0
SONAR_CHK,ts_ms=54477,mode=PULSEIN,ok=0,cm=0.00,pulse_us=0,timer1=0,pings=763,valid=636,timeout=127,miss=0
SONAR_CHK,ts_ms=54558,mode=PULSEIN,ok=0,cm=0.00,pulse_us=0,timer1=0,pings=764,valid=636,timeout=128,miss=0
SONAR_CHK,ts_ms=54631,mode=PULSEIN,ok=1,cm=131.93,pulse_us=0,timer1=0,pings=765,valid=637,timeout=128,miss=0
s=0
SONAR_CHK,ts_ms=55285,mode=PULSEIN,ok=1,cm=8.21,pulse_us=0,timer1=0,pings=775,valid=647,timeout=128,miss=0
SONAR_CHK,ts_ms=55351,mode=PULSEIN,ok=1,cm=7.69,pulse_us=0,timer1=0,pings=776,valid=648,timeout=128,miss=0
SONAR_CHK,ts_ms=55415,mode=PULSEIN,ok=1,cm=7.71,pulse_us=0,timer1=0,pings=777,valid=649,timeout=128,miss=0
SONAR_CHK,ts_ms=55480,mode=PULSEIN,ok=1,cm=8.64,pulse_us=0,timer1=0,pings=778,valid=650,timeout=128,miss=0
SONAR_CHK,ts_ms=55544,mode=PULSEIN,ok=1,cm=10.76,pulse_us=0,timer1=0,pings=779,valid=651,timeout=128,miss=0
SONAR_CHK,ts_ms=55610,mode=PULSEIN,ok=1,cm=10.60,pulse_us=0,timer1=0,pings=780,valid=652,timeout=128,miss=0
SONAR_CHK,ts_ms=55674,mode=PULSEIN,ok=1,cm=10.67,pulse_us=0,timer1=0,pings=781,valid=653,timeout=128,miss=0
SONAR_CHK,ts_ms=55740,mode=PULSEIN,ok=1,cm=10.52,pulse_us=0,timer1=0,pings=782,valid=654,timeout=128,miss=0
SONAR_CHK,ts_ms=55804,mode=PULSEIN,ok=1,cm=9.62,pulse_us=0,timer1=0,pings=783,valid=655,timeout=128,miss=0
SONAR_CHK,ts_ms=55869,mode=PULSEIN,ok=1,cm=10.19,pulse_us=0,timer1=0,pings=784,valid=656,timeout=128,miss=0
SONAR_CHK,ts_ms=55934,mode=PULSEIN,ok=1,cm=8.88,pulse_us=0,timer1=0,pings=785,valid=657,timeout=128,miss=0
SONAR_CHK,ts_ms=55999,mode=PULSEIN,ok=1,cm=7.64,pulse_us=0,timer1=0,pings=786,valid=658,timeout=128,miss=0
SONAR_CHK,ts_ms=56064,mode=PULSEIN,ok=1,cm=7.67,pulse_us=0,timer1=0,pings=787,valid=659,timeout=128,miss=0
SONAR_CHK,ts_ms=56128,mode=PULSEIN,ok=1,cm=7.79,pulse_us=0,timer1=0,pings=788,valid=660,timeout=128,miss=0
SONAR_CHK,ts_ms=56194,mode=PULSEIN,ok=1,cm=14.95,pulse_us=0,timer1=0,pings=789,valid=661,timeout=128,miss=0
SONAR_CHK,ts_ms=56258,mode=PULSEIN,ok=1,cm=8.69,pulse_us=0,timer1=0,pings=790,valid=662,timeout=128,miss=0
SONAR_CHK,ts_ms=56323,mode=PULSEIN,ok=1,cm=10.62,pulse_us=0,timer1=0,pings=791,valid=663,timeout=128,miss=0
SONAR_CHK,ts_ms=56388,mode=PULSEIN,ok=1,cm=8.90,pulse_us=0,timer1=0,pings=792,valid=664,timeout=128,miss=0
SONAR_CHK,ts_ms=56453,mode=PULSEIN,ok=1,cm=11.97,pulse_us=0,timer1=0,pings=793,valid=665,timeout=128,miss=0
SONAR_CHK,ts_ms=56517,mode=PULSEIN,ok=1,cm=9.88,pulse_us=0,timer1=0,pings=794,valid=666,timeout=128,miss=0
SONAR_CHK,ts_ms=56583,mode=PULSEIN,ok=1,cm=11.86,pulse_us=0,timer1=0,pings=795,valid=667,timeout=128,miss=0
SONAR_CHK,ts_ms=56654,mode=PULSEIN,ok=1,cm=127.59,pulse_us=0,timer1=0,pings=796,valid=668,timeout=128,miss=0
SONAR_CHK,ts_ms=56743,mode=PULSEIN,ok=0,cm=0.00,pulse_us=0,timer1=0,pings=797,valid=668,timeout=129,miss=0
SONAR_CHK,ts_ms=56824,mode=PULSEIN,ok=0,cm=0.00,pulse_us=0,timer1=0,pings=798,valid=668,timeout=130,miss=0
SONAR_CHK,ts_ms=56912,mode=PULSEIN,ok=0,cm=0.00,pulse_us=0,timer1=0,pings=799,valid=668,timeout=131,miss=0
,cm=0.00,pulse_us=0,timer1=0,pings=808,valid=668,timeout=140,miss=0
SONAR_CHK,ts_ms=57761,mode=PULSEIN,ok=0,cm=0.00,pulse_us=0,timer1=0,pings=809,valid=668,timeout=141,miss=0
SONAR_CHK,ts_ms=57842,mode=PULSEIN,ok=0,cm=0.00,pulse_us=0,timer1=0,pings=810,valid=668,timeout=142,miss=0
SONAR_CHK,ts_ms=57931,mode=PULSEIN,ok=0,cm=0.00,pulse_us=0,timer1=0,pings=811,valid=668,timeout=143,miss=0
SONAR_CHK,ts_ms=58012,mode=PULSEIN,ok=0,cm=0.00,pulse_us=0,timer1=0,pings=812,valid=668,timeout=144,miss=0
SONAR_CHK,ts_ms=58077,mode=PULSEIN,ok=1,cm=13.12,pulse_us=0,timer1=0,pings=813,valid=669,timeout=144,miss=0
SONAR_CHK,ts_ms=58141,mode=PULSEIN,ok=1,cm=9.41,pulse_us=0,timer1=0,pings=814,valid=670,timeout=144,miss=0
SONAR_CHK,ts_ms=58207,mode=PULSEIN,ok=1,cm=8.17,pulse_us=0,timer1=0,pings=815,valid=671,timeout=144,miss=0
SONAR_CHK,ts_ms=58295,mode=PULSEIN,ok=0,cm=0.00,pulse_us=0,timer1=0,pings=816,valid=671,timeout=145,miss=0
SONAR_CHK,ts_ms=58376,mode=PULSEIN,ok=0,cm=0.00,pulse_us=0,timer1=0,pings=817,valid=671,timeout=146,miss=0
SONAR_CHK,ts_ms=58441,mode=PULSEIN,ok=1,cm=13.59,pulse_us=0,timer1=0,pings=818,valid=672,timeout=146,miss=0
SONAR_CHK,ts_ms=58506,mode=PULSEIN,ok=1,cm=13.62,pulse_us=0,timer1=0,pings=819,valid=673,timeout=146,miss=0
SONAR_CHK,ts_ms=58571,mode=PULSEIN,ok=1,cm=14.33,pulse_us=0,timer1=0,pings=820,valid=674,timeout=146,miss=0
SONAR_CHK,ts_ms=58644,mode=PULSEIN,ok=1,cm=138.72,pulse_us=0,timer1=0,pings=821,valid=675,timeout=146,miss=0
SONAR_CHK,ts_ms=58733,mode=PULSEIN,ok=0,cm=0.00,pulse_us=0,timer1=0,pings=822,valid=675,timeout=147,miss=0
SONAR_CHK,ts_ms=58814,mode=PULSEIN,ok=0,cm=0.00,pulse_us=0,timer1=0,pings=823,valid=675,timeout=148,miss=0
SONAR_CHK,ts_ms=58878,mode=PULSEIN,ok=1,cm=13.64,pulse_us=0,timer1=0,pings=824,valid=676,timeout=148,miss=0
SONAR_CHK,ts_ms=58944,mode=PULSEIN,ok=1,cm=13.10,pulse_us=0,timer1=0,pings=825,valid=677,timeout=148,miss=0
SONAR_CHK,ts_ms=59009,mode=PULSEIN,ok=1,cm=11.34,pulse_us=0,timer1=0,pings=826,valid=678,timeout=148,miss=0
SONAR_CHK,ts_ms=59074,mode=PULSEIN,ok=1,cm=14.83,pulse_us=0,timer1=0,pings=827,valid=679,timeout=148,miss=0
SONAR_CHK,ts_ms=59139,mode=PULSEIN,ok=1,cm=13.76,pulse_us=0,timer1=0,pings=828,valid=680,timeout=148,miss=0
SONAR_CHK,ts_ms=59204,mode=PULSEIN,ok=1,cm=10.60,pulse_us=0,timer1=0,pings=829,valid=681,timeout=148,miss=0
SONAR_CHK,ts_ms=59269,mode=PULSEIN,ok=1,cm=12.43,pulse_us=0,timer1=0,pings=830,valid=682,timeout=148,miss=0
SONAR_CHK,ts_ms=59340,mode=PULSEIN,ok=1,cm=122.16,pulse_us=0,timer1=0,pings=831,valid=683,timeout=148,miss=0
SONAR_CHK,ts_ms=59406,mode=PULSEIN,ok=1,cm=13.12,pulse_us=0,timer1=0,pings=832,valid=684,timeout=148,miss=0
SONAR_CHK,ts_ms=59470,mode=PULSEIN,ok=1,cm=12.90,pulse_us=0,timer1=0,pings=833,valid=685,timeout=148,miss=0
52,miss=0
SONAR_CHK,ts_ms=60231,mode=PULSEIN,ok=0,cm=0.00,pulse_us=0,timer1=0,pings=843,valid=690,timeout=153,miss=0
SONAR_CHK,ts_ms=60312,mode=PULSEIN,ok=0,cm=0.00,pulse_us=0,timer1=0,pings=844,valid=690,timeout=154,miss=0
SONAR_CHK,ts_ms=60377,mode=PULSEIN,ok=1,cm=17.50,pulse_us=0,timer1=0,pings=845,valid=691,timeout=154,miss=0
SONAR_CHK,ts_ms=60442,mode=PULSEIN,ok=1,cm=12.40,pulse_us=0,timer1=0,pings=846,valid=692,timeout=154,miss=0
SONAR_CHK,ts_ms=60508,mode=PULSEIN,ok=1,cm=15.34,pulse_us=0,timer1=0,pings=847,valid=693,timeout=154,miss=0
SONAR_CHK,ts_ms=60572,mode=PULSEIN,ok=1,cm=14.47,pulse_us=0,timer1=0,pings=848,valid=694,timeout=154,miss=0
SONAR_CHK,ts_ms=60638,mode=PULSEIN,ok=1,cm=12.81,pulse_us=0,timer1=0,pings=849,valid=695,timeout=154,miss=0
SONAR_CHK,ts_ms=60702,mode=PULSEIN,ok=1,cm=14.52,pulse_us=0,timer1=0,pings=850,valid=696,timeout=154,miss=0
SONAR_CHK,ts_ms=60768,mode=PULSEIN,ok=1,cm=11.43,pulse_us=0,timer1=0,pings=851,valid=697,timeout=154,miss=0
SONAR_CHK,ts_ms=60832,mode=PULSEIN,ok=1,cm=12.00,pulse_us=0,timer1=0,pings=852,valid=698,timeout=154,miss=0
SONAR_CHK,ts_ms=60898,mode=PULSEIN,ok=1,cm=11.91,pulse_us=0,timer1=0,pings=853,valid=699,timeout=154,miss=0
SONAR_CHK,ts_ms=60962,mode=PULSEIN,ok=1,cm=12.03,pulse_us=0,timer1=0,pings=854,valid=700,timeout=154,miss=0
SONAR_CHK,ts_ms=61028,mode=PULSEIN,ok=1,cm=11.91,pulse_us=0,timer1=0,pings=855,valid=701,timeout=154,miss=0
SONAR_CHK,ts_ms=61092,mode=PULSEIN,ok=1,cm=12.02,pulse_us=0,timer1=0,pings=856,valid=702,timeout=154,miss=0
SONAR_CHK,ts_ms=61158,mode=PULSEIN,ok=1,cm=11.50,pulse_us=0,timer1=0,pings=857,valid=703,timeout=154,miss=0
SONAR_CHK,ts_ms=61222,mode=PULSEIN,ok=1,cm=11.60,pulse_us=0,timer1=0,pings=858HK,ts_ms=66819,mode=PULSEIN,ok=1,cm=11.97,pulse_us=0,timer1=0,pings=944,valid=790,timeout=154,miss=0
SONAR_CHK,ts_ms=66883,mode=PULSEIN,ok=1,cm=12.53,pulse_us=0,timer1=0,pings=945,valid=791,timeout=154,miss=0
SONAR_CHK,ts_ms=66949,mode=PULSEIN,ok=1,cm=12.43,pulse_us=0,timer1=0,pings=946,valid=792,timeout=154,miss=0
SONAR_CHK,ts_ms=67013,mode=PULSEIN,ok=1,cm=12.07,pulse_us=0,timer1=0,pings=947,valid=793,timeout=154,miss=0
SONAR_CHK,ts_ms=67079,mode=PULSEIN,ok=1,cm=11.97,pulse_us=0,timer1=0,pings=948,valid=794,timeout=154,miss=0
SONAR_CHK,ts_ms=67143,mode=PULSEIN,ok=1,cm=12.52,pulse_us=0,timer1=0,pings=949,valid=795,timeout=154,miss=0
SONAR_CHK,ts_ms=67209,mode=PULSEIN,ok=1,cm=11.97,pulse_us=0,timer1=0,pings=950,valid=796,timeout=154,miss=0
SONAR_CHK,ts_ms=67273,mode=PULSEIN,ok=1,cm=12.07,pulse_us=0,timer1=0,pings=951,valid=797,timeout=154,miss=0
SONAR_CHK,ts_ms=67339,mode=PULSEIN,ok=1,cm=12.81,pulse_us=0,timer1=0,pings=952,valid=798,timeout=154,miss=0
SONAR_CHK,ts_ms=67403,mode=PULSEIN,ok=1,cm=11.66,pulse_us=0,timer1=0,pings=953,valid=799,timeout=154,miss=0
SONAR_CHK,ts_ms=67469,mode=PULSEIN,ok=1,cm=10.29,pulse_us=0,timer1=0,pings=954,valid=800,timeout=154,miss=0

SONAR_CHK,ts_ms=68121,mode=PULSEIN,ok=1,cm=15.79,pulse_us=0,timer1=0,pings=964,valid=810,timeout=154,miss=0
SONAR_CHK,ts_ms=68187,mode=PULSEIN,ok=1,cm=15.48,pulse_us=0,timer1=0,pings=965,valid=811,timeout=154,miss=0
SONAR_CHK,ts_ms=68251,mode=PULSEIN,ok=1,cm=17.03,pulse_us=0,timer1=0,pings=966,valid=812,timeout=154,miss=0
SONAR_CHK,ts_ms=68317,mode=PULSEIN,ok=1,cm=17.86,pulse_us=0,timer1=0,pings=967,valid=813,timeout=154,miss=0
SONAR_CHK,ts_ms=68382,mode=PULSEIN,ok=1,cm=19.95,pulse_us=0,timer1=0,pings=968,valid=814,timeout=154,miss=0
SONAR_CHK,ts_ms=68448,mode=PULSEIN,ok=1,cm=16.76,pulse_us=0,timer1=0,pings=969,valid=815,timeout=154,miss=0
SONAR_CHK,ts_ms=68513,mode=PULSEIN,ok=1,cm=14.64,pulse_us=0,timer1=0,pings=970,valid=816,timeout=154,miss=0
SONAR_CHK,ts_ms=68578,mode=PULSEIN,ok=1,cm=13.71,pulse_us=0,timer1=0,pings=971,valid=817,timeout=154,miss=0
SONAR_CHK,ts_ms=68642,mode=PULSEIN,ok=1,cm=9.52,pulse_us=0,timer1=0,pings=972,valid=818,timeout=154,miss=0
SONAR_CHK,ts_ms=68708,mode=PULSEIN,ok=1,cm=9.83,pulse_us=0,timer1=0,pings=973,valid=819,timeout=154,miss=0
SONAR_CHK,ts_ms=68772,mode=PULSEIN,ok=1,cm=11.14,pulse_us=0,timer1=0,pings=974,valid=820,timeout=154,miss=0
SONAR_CHK,ts_ms=68838,mode=PULSEIN,ok=1,cm=13.69,pulse_us=0,timer1=0,pings=975,valid=821,timeout=154,miss=0
SONAR_CHK,ts_ms=68902,mode=PULSEIN,ok=1,cm=13.74,pulse_us=0,timer1=0,pings=976,valid=822,timeout=154,miss=0
SONAR_CHK,ts_ms=68968,mode=PULSEIN,ok=1,cm=18.53,pulse_us=0,timer1=0,pings=977,valid=823,timeout=154,miss=0
SONAR_CHK,ts_ms=69033,mode=PULSEIN,ok=1,cm=14.16,pulse_us=0,timer1=0,pings=978,valid=824,timeout=154,miss=0
SONAR_CHK,ts_ms=69099,mode=PULSEIN,ok=1,cm=15.98,pulse_us=0,timer1=0,pings=979,valid=825,timeout=154,miss=0
SONAR_CHK,ts_ms=69164,mode=PULSEIN,ok=1,cm=18.07,pulse_us=0,timer1=0,pings=980,valid=826,timeout=154,miss=0
SONAR_CHK,ts_ms=69229,mode=PULSEIN,ok=1,cm=14.57,pulse_us=0,timer1=0,pings=981,valid=827,timeout=154,miss=0
SONAR_CHK,ts_ms=69295,mode=PULSEIN,ok=1,cm=15.45,pulse_us=0,timer1=0,pings=982,valid=828,timeout=154,miss=0
SONAR_CHK,ts_ms=69359,mode=PULSEIN,ok=1,cm=15.47,pulse_us=0,timer1=0,pings=983,valid=829,timeout=154,miss=0
SONAR_CHK,ts_ms=69425,mode=PULSEIN,ok=1,cm=14.57,pulse_us=0,timer1=0,pings=984,valid=830,timeout=154,miss=0
SONAR_CHK,ts_ms=69490,mode=PULSEIN,ok=1,cm=15.47,pulse_us=0,timer1=0,pings=985,valid=831,timeout=154,miss=0
SONAR_CHK,ts_ms=69555,mode=PULSEIN,ok=1,cm=14.67,pulse_us=0,timer1=0,pings=986,valid=832,timeout=154,miss=0
SONAR_CHK,ts_ms=69620,mode=PULSEIN,ok=1,cm=15.45,pulse_us=0,timer1=0,pings=987,valid=833,timeout=154,miss=0
SONAR_CHK,ts_ms=69686,mode=PULSEIN,ok=1,cm=15.00,pulse_us=0,timer1=0,pings=988,valid=834,timeout=154,miss=0
cm=15.47,pulse_us=0,timer1=0,pings=997,valid=843,timeout=154,miss=0
SONAR_CHK,ts_ms=70338,mode=PULSEIN,ok=1,cm=15.88,pulse_us=0,timer1=0,pings=998,valid=844,timeout=154,miss=0
SONAR_CHK,ts_ms=70403,mode=PULSEIN,ok=1,cm=15.47,pulse_us=0,timer1=0,pings=999,valid=845,timeout=154,miss=0
SONAR_CHK,ts_ms=70468,mode=PULSEIN,ok=1,cm=15.47,pulse_us=0,timer1=0,pings=1000,valid=846,timeout=154,miss=0
SONAR_CHK,ts_ms=70534,mode=PULSEIN,ok=1,cm=15.47,pulse_us=0,timer1=0,pings=1001,valid=847,timeout=154,miss=0
SONAR_CHK,ts_ms=70599,mode=PULSEIN,ok=1,cm=15.47,pulse_us=0,timer1=0,pings=1002,valid=848,timeout=154,miss=0
SONAR_CHK,ts_ms=70664,mode=PULSEIN,ok=1,cm=15.45,pulse_us=0,timer1=0,pings=1003,valid=849,timeout=154,miss=0
SONAR_CHK,ts_ms=70729,mode=PULSEIN,ok=1,cm=15.47,pulse_us=0,timer1=0,pings=1004,valid=850,timeout=154,miss=0
SONAR_CHK,ts_ms=70795,mode=PULSEIN,ok=1,cm=15.47,pulse_us=0,timer1=0,pings=1005,valid=851,timeout=154,miss=0
SONAR_CHK,ts_ms=70860,mode=PULSEIN,ok=1,cm=15.00,pulse_us=0,timer1=0,pings=1006,valid=852,timeout=154,miss=0
SONAR_CHK,ts_ms=70925,mode=PULSEIN,ok=1,cm=15.57,pulse_us=0,timer1=0,pings=1007,valid=853,timeout=154,miss=0
SONAR_CHK,ts_ms=70990,mode=PULSEIN,ok=1,cm=15.45,pulse_us=0,timer1=0,pings=1008,valid=854,timeout=154,miss=0
SONAR_CHK,ts_ms=71056,mode=PULSEIN,ok=1,cm=15.90,pulse_us=0,timer1=0,pings=1009,valid=855,timeout=154,miss=0
SONAR_CHK,ts_ms=71121,mode=PULSEIN,ok=1,cm=15.47,pulse_us=0,timer1=0,pings=1010,valid=856,timeout=154,miss=0
SONAR_CHK,ts_ms=71187,mode=PULSEIN,ok=1,cm=15.45,pulse_us=0,timer1=0,pings=1011,valid=857,timeout=154,miss=0
SONAR_CHK,ts_ms=71251,mode=PULSEIN,ok=1,cm=15.47,pulse_us=0,timer1=0,pings=1012,valid=858,timeout=154,miss=0
SONAR_CHK,ts_ms=71317,mode=PULSEIN,ok=1,cm=15.47,pulse_us=0,timer1=0,pings=1013,valid=859,timeout=154,miss=0
SONAR_CHK,ts_ms=71383,mode=PULSEIN,ok=1,cm=15.88,pulse_us=0,timer1=0,pings=1014,valid=860,timeout=154,miss=0
SONAR_CHK,ts_ms=71448,mode=PULSEIN,ok=1,cm=15.45,pulse_us=0,timer1=0,pings=1015,valid=861,timeout=154,miss=0
SONAR_CHK,ts_ms=71514,mode=PULSEIN,ok=1,cm=15.57,pulse_us=0,timer1=0,pings=1016,valid=862,timeout=154,miss=0
SONAR_CHK,ts_ms=71578,mode=PULSEIN,ok=1,cm=15.05,pulse_us=0,timer1=0,pings=1017,valid=863,timeout=154,miss=0
SONAR_CHK,ts_ms=71644,mode=PULSEIN,ok=1,cm=14.98,pulse_us=0,timer1=0,pings=1018,valid=864,timeout=154,miss=0
SONAR_CHK,ts_ms=71709,mode=PULSEIN,ok=1,cm=11.07,pulse_us=0,timer1=0,pings=1019,valid=865,timeout=154,miss=0
SONAR_CHK,ts_ms=71774,mode=PULSEIN,ok=1,cm=9.05,pulse_us=0,timer1=0,pings=1020,valid=866,timeout=154,miss=0
SONAR_CHK,ts_ms=71838,mode=PULSEIN,ok=1,cm=8.98,pulse_us=0,timer1=0,pings=1021,valid=867,timeout=154,miss=0
SONAR_CHK,ts_ms=71904,mode=PULSEIN,ok=1,cm=8.52,pulse_us=0,timer1=0,pings=1022,valid=868,timeout=154,miss=0
HOST_CMD,t
SONAR_CHK,ts_ms=71968,mode=PULSEIN,ok=1,cm=8.98,pulse_us=0,timer1=0,pings=1023,valid=869,timeout=154,miss=0
SONAR_CHK,ts_ms=72034,mode=PULSEIN,ok=1,cm=26.88,pulse_us=0,timer1=0,pings=1024,valid=870,timeout=154,miss=0
SONAR_CHK,ts_ms=72100,mode=PULSEIN,ok=1,cm=29.38,pulse_us=0,timer1=0,pings=1025,valid=871,timeout=154,miss=0
SONAR_CHK,ts_ms=72166,mode=PULSEIN,ok=1,cm=27.34,pulse_us=0,timer1=0,pings=1026,valid=872,timeout=154,miss=0
SONAR_CHK,ts_ms=72232,mode=PULSEIN,ok=1,cm=28.09,pulse_us=0,timer1=0,pings=1027,valid=873,timeout=154,miss=0
SONAR_CHK,ts_ms=72298,mode=PULSEIN,ok=1,cm=28.60,pulse_us=0,timer1=0,pings=1028,valid=874,timeout=154,miss=0
SONAR_CHK,ts_ms=72365,mode=PULSEIN,ok=1,cm=28.50,pulse_us=0,timer1=0,pings=1029,valid=875,timeout=154,miss=0
SONAR_CHK,ts_ms=72430,mode=PULSEIN,ok=1,cm=29.03,pulse_us=0,timer1=0,pings=1030,valid=876,timeout=154,miss=0
SONAR_CHK,ts_ms=72497,mode=PULSEIN,ok=1,cm=31.05,pulse_us=0,timer1=0,pings=1031,valid=877,timeout=154,miss=0
SONAR_CHK,ts_ms=72569,mode=PULSEIN,ok=1,cm=142.03,pulse_us=0,timer1=0,pings=1032,valid=878,timeout=154,miss=0
SONAR_CHK,ts_ms=72636,mode=PULSEIN,ok=1,cm=29.38,pulse_us=0,timer1=0,pings=1033,valid=879,timeout=154,miss=0
SONAR_CHK,ts_ms=72701,mode=PULSEIN,ok=1,cm=27.29,pulse_us=0,timer1=0,pings=1034,valid=880,timeout=154,miss=0
SONAR_CHK,ts_ms=72768,mode=PULSEIN,ok=1,cm=27.19,pulse_us=0,timer1=0,pings=1035,valid=881,timeout=154,miss=0
SONAR_CHK,ts_ms=72834,mode=PULSEIN,ok=1,cm=27.60,pulse_us=0,timer1=0,pings=1036,valid=882,timeout=154,miss=0
SONAR_CHK,ts_ms=72900,mode=PULSEIN,ok=1,cm=28.03,pulse_us=0,timer1=0,pings=1037,valid=883,timeout=154,miss=0
SONAR_CHK,ts_ms=72965,mode=PULSEIN,ok=1,cm=12.40,pulse_us=0,timer1=0,pings=1038,valid=884,timeout=154,miss=0
SONAR_CHK,ts_ms=73031,mode=PULSEIN,ok=1,cm=30.22,pulse_us=0,timer1=0,pings=1039,valid=885,timeout=154,miss=0
SONAR_CHK,ts_ms=73097,mode=PULSEIN,ok=1,cm=26.47,pulse_us=0,timer1=0,pings=1040,valid=886,timeout=154,miss=0
SONAR_CHK,ts_ms=73163,mode=PULSEIN,ok=1,cm=26.31,pulse_us=0,timer1=0,pings=1041,valid=887,timeout=154,miss=0
SONAR_CHK,ts_ms=73229,mode=PULSEIN,ok=1,cm=19.69,pulse_us=0,timer1=0,pings=1042,valid=888,timeout=154,miss=0
SONAR_CHK,ts_ms=73294,mode=PULSEIN,ok=1,cm=31.05,pulse_us=0,timer1=0,pings=1043,valid=889,timeout=154,miss=0
SONAR_CHK,ts_ms=73361,mode=PULSEIN,ok=1,cm=31.52,pulse_us=0,timer1=0,pings=1044,valid=890,timeout=154,miss=0
SONAR_CHK,ts_ms=73427,mode=PULSEIN,ok=1,cm=31.07,pulse_us=0,timer1=0
SONAR_CHK,ts_ms=79012,mode=PULSEIN,ok=0,cm=0.00,pulse_us=0,timer1=0,pings=1119,valid=928,timeout=191,miss=0
SONAR_CHK,ts_ms=79093,mode=PULSEIN,ok=0,cm=0.00,pulse_us=0,timer1=0,pings=1120,valid=928,timeout=192,miss=0
SONAR_CHK,ts_ms=79182,mode=PULSEIN,ok=0,cm=0.00,pulse_us=0,timer1=0,pings=1121,valid=928,timeout=193,miss=0
SONAR_CHK,ts_ms=79263,mode=PULSEIN,ok=0,cm=0.00,pulse_us=0,timer1=0,pings=1122,valid=928,timeout=194,miss=0
SONAR_CHK,ts_ms=79352,mode=PULSEIN,ok=0,cm=0.00,pulse_us=0,timer1=0,pings=1123,valid=928,timeout=195,miss=0
SONAR_CHK,ts_ms=79433,mode=PULSEIN,ok=0,cm=0.00,pulse_us=0,timer1=0,pings=1124,valid=928,timeout=196,miss=0
SONAR_CHK,ts_ms=79522,mode=PULSEIN,ok=0,cm=0.00,pulse_us=0,timer1=0,pings=1125,valid=928,timeout=197,miss=0
SONAR_CHK,ts_ms=79603,mode=PULSEIN,ok=0,cm=0.00,pulse_us=0,timer1=0,pings=1126,valid=928,timeout=198,miss=0
SONAR_CHK,ts_ms=79684,mode=PULSEIN,ok=1,cm=278.81,pulse_us=0,timer1=0,pings=1127,valid=929,timeout=198,miss=0
SONAR_CHK,ts_ms=79750,mode=PULSEIN,ok=1,cm=25.22,pulse_us=0,timer1=0,pings=1128,valid=930,timeout=198,miss=0
SONAR_CHK,ts_ms=79815,mode=PULSEIN,ok=1,cm=21.40,pulse_us=0,timer1=0,pings=1129,valid=931,timeout=198,miss=0
SONAR_CHK,ts_ms=79882,mode=PULSEIN,ok=1,cm=26.41,pulse_us=0,timer1=0,pings=1130,valid=932,timeout=198,miss=0
SONAR_CHK,ts_ms=79947,mode=PULSEIN,ok=1,cm=25.00,pulse_us=0,timer1=0,pings=1131,valid=933,timeout=198,miss=0
SONAR_CHK,ts_ms=80013,mode=PULSEIN,ok=1,cm=26.43,pulse_us=0,timer1=0,pings=1132,valid=934,timeout=198,miss=0
SONAR_CHK,ts_ms=80079,mode=PULSEIN,ok=1,cm=26.84,pulse_us=0,timer1=0,pings=1133,valid=935,timeout=198,miss=0
SONAR_CHK,ts_ms=80145,mode=PULSEIN,ok=1,cm=18.81,pulse_us=0,timer1=0,pings=1134,valid=936,timeout=198,miss=0
SONAR_CHK,ts_ms=80210,mode=PULSEIN,ok=1,cm=26.05,pulse_us=0,timer1=0,pings=1135,valid=937,timeout=198,miss=0
SONAR_CHK,ts_ms=80276,mode=PULSEIN,ok=1,cm=17.97,pulse_us=0,timer1=0,pings=1136,valid=938,timeout=198,miss=0
SONAR_CHK,ts_ms=80342,mode=PULSEIN,ok=1,cm=26.47,pulse_us=0,timer1=0,pings=1137,valid=939,timeout=198,miss=0
SONAR_CHK,ts_ms=80408,mode=PULSEIN,ok=1,cm=25.95,pulse_us=0,timer1=0,pings=1138,valid=940,timeout=198,miss=0
SONAR_CHK,ts_ms=80474,mode=PULSEIN,ok=1,cm=26.07,pulse_us=0,timer1=0,pings=1139,valid=941,timeout=198,miss=0
SONAR_CHK,ts_ms=80540,mode=PULSEIN,ok=1,cm=26.02,pulse_us=0,timer1=0,pings=1140,valid=942,timeout=198,miss=0
SONAR_CHK,ts_ms=80606,mode=PULSEIN,ok=1,cm=27.22,pulse_us=0,timer1=0,pings=1141,valid=943,timeout=198,miss=0
SONAR_CHK,ts_ms=80671,mode=PULSEIN,ok=1,cm=26.90,pulse_us=0,timer1=0,pings=1142,valid=944,timeout=198,miss=0
SONAR_CHK,ts_ms=80738,mode=PULSEIN,ok=1,cm=25.95,pulse_us=0,timer1=0,pings=1143,valid=945,timeout=198,miss=0
SONAR_CHK,ts_ms=80803,mode=PULSEIN,ok=1,cm=25.60,pulse_us=0,timer1=0,pings=1144,valid=946,timeout=198,miss=0
SONAR_CHK,ts_ms=80870,mode=PULSEIN,ok=1,cm=26.43,pulse_us=0,timer1=0,pings=1145,valid=947,timeout=198,miss=0
SONAR_CHK,ts_ms=80935,mode=PULSEIN,ok=1,cm=26.36,pulse_us=0,timer1=0,pings=1146,valid=948,timeout=198,miss=0
SONAR_CHK,ts_ms=81001,mode=PULSEIN,ok=1,cm=25.59,pulse_us=0,timer1=0,pings=1147,valid=949,timeout=198,miss=0
SONAR_CHK,ts_ms=81068,mode=PULSEIN,ok=1,cm=27.64,pulse_us=0,timer1=0,pings=1148,valid=950,timeout=198,miss=0
SONAR_CHK,ts_ms=81133,mode=PULSEIN,ok=1,cm=28.21,pulse_us=0,timer1=0,pings=1149,valid=951,timeout=198,miss=0
SONAR_CHK,ts_ms=81200,mode=PULSEIN,ok=1,cm=28.10,pulse_us=0,timer1=0,pings=1150,valid=952,timeout=198,miss=0
SONAR_CHK,ts_ms=81265,mode=PULSEIN,ok=1,cm=27.31,pulse_us=0,timer1=0,pings=1151,valid=953,timeout=198,miss=0
SONAR_CHK,ts_ms=81332,mode=PULSEIN,ok=1,cm=26.00,pulse_us=0,timer1=0,pings=1152,valid=954,timeout=198,miss=0
SONAR_CHK,ts_ms=81397,mode=PULSEIN,ok=1,cm=28.05,pulse_us=0,timer1=0,pings=1153,valid=955,timeout=198,miss=0
SONAR_CHK,ts_ms=81464,mode=PULSEIN,ok=1,cm=26.84,pulse_us=0,timer1=0,pings=1154,valid=956,timeout=198,miss=0
SONAR_CHK,ts_ms=81529,mode=PULSEIN,ok=1,cm=28.52,pulse_us=0,timer1=0,pings=1155,valid=957,timeout=198,miss=0
SONAR_CHK,ts_ms=81596,mode=PULSEIN,ok=1,cm=29.83,pulse_us=0,timer1=0,pings=1156,valid=958,timeout=198,miss=0
SONAR_CHK,ts_ms=81661,mode=PULSEIN,ok=1,cm=28.98,pulse_us=0,timer1=0,pings=1157,valid=959,timeout=198,miss=0
SONAR_CHK,ts_ms=81728,mode=PULSEIN,ok=1,cm=28.57,pulse_us=0,timer1=0,pings=1158,valid=960,timeout=198,miss=0
SONAR_CHK,ts_ms=81794,mode=PULSEIN,ok=1,cm=27.79,pulse_us=0,timer1=0,pings=1159,valid=961,timeout=198,miss=0
SONAR_CHK,ts_ms=81860,mode=PULSEIN,ok=1,cm=26.84,pulse_us=0,timer1=0,pings=1160,valid=962,timeout=198,miss=0
SONAR_CHK,ts_ms=81926,mode=PULSEIN,ok=1,cm=28.14,pulse_us=0,timer1=0,pings=1161,valid=963,timeout=198,miss=0
SONAR_CHK,ts_ms=81992,mode=PULSEIN,ok=1,cm=27.28,pulse_us=0,timer1=0,pings=1162,valid=964,timeout=198,miss=0
SONAR_CHK,ts_ms=82058,mode=PULSEIN,ok=1,cm=27.69,pulse_us=0,timer1=0,pings=1163,valid=965,timeout=198,miss=0
SONAR_CHK,ts_ms=82124,mode=PULSEIN,ok=1,cm=27.72,pulse_us=0,timer1=0,pings=1164,valid=966,timeout=198,miss=0
SONAR_CHK,ts_ms=82190,mode=PULSEIN,ok=1,cm=27.66,pulse_us=0,timer1=0,pings=1165,valid=967,timeout=198,miss=0
SONAR_CHK,ts_ms=82255,mode=PULSEIN,ok=1,cm=27.36,pulse_us=0,timer1=0,pings=1166,valid=968,timeout=198,miss=0
SONAR_CHK,ts_ms=82322,mode=PULSEIN,ok=1,cm=27.26,pulse_us=0,timer1=0,pings=1167,valid=969,timeout=198,miss=0
SONAR_CHK,ts_ms=82387,mode=PULSEIN,ok=1,cm=26.91,pulse_us=0,timer1=0,pings=1168,valid=970,timeout=198,miss=0
SONAR_CHK,ts_ms=82454,mode=PULSEIN,ok=1,cm=26.43,pulse_us=0,timer1=0,pings=1169,valid=971,timeout=198,miss=0
SONAR_CHK,ts_ms=82520,mode=PULSEIN,ok=1,cm=26.53,pulse_us=0,timer1=0,pings=1170,valid=972,timeout=198,miss=0
SONAR_CHK,ts_ms=82586,mode=PULSEIN,ok=1,cm=26.84,pulse_us=0,timer1=0,pings=1171,valid=973,timeout=198,miss=0
SONAR_CHK,ts_ms=82652,mode=PULSEIN,ok=1,cm=27.22,pulse_us=0,timer1=0,pings=1172,valid=974,timeout=198,miss=0
SONAR_CHK,ts_ms=82718,mode=PULSEIN,ok=1,cm=27.38,pulse_us=0,timer1=0,pings=1173,valid=975,timeout=198,miss=0
SONAR_CHK,ts_ms=82784,mode=PULSEIN,ok=1,cm=26.43,pulse_us=0,timer1=0,pings=1174,valid=976,timeout=198,miss=0
SONAR_CHK,ts_ms=82849,mode=PULSEIN,ok=1,cm=27.38,pulse_us=0,timer1=0,pings=1175,valid=977,timeout=198,miss=0
SONAR_CHK,ts_ms=82916,mode=PULSEIN,ok=1,cm=26.84,pulse_us=0,timer1=0,pings=1176,valid=978,timeout=198,miss=0
SONAR_CHK,ts_ms=82981,mode=PULSEIN,ok=1,cm=27.38,pulse_us=0,timer1=0,pings=1177,valid=979,timeout=198,miss=0
SONAR_CHK,ts_ms=83048,mode=PULSEIN,ok=1,cm=26.43,pulse_us=0,timer1=0,pings=1178,valid=980,timeout=198,miss=0
SONAR_CHK,ts_ms=83113,mode=PULSEIN,ok=1,cm=26.95,pulse_us=0,timer1=0,pings=1179,valid=981,timeout=198,miss=0
SONAR_CHK,ts_ms=83180,mode=PULSEIN,ok=1,cm=26.52,pulse_us=0,timer1=0,pings=1180,valid=982,timeout=198,miss=0
SONAR_CHK,ts_ms=83246,mode=PULSEIN,ok=1,cm=26.41,pulse_us=0,timer1=0,pings=1181,valid=983,timeout=198,miss=0
SONAR_CHK,ts_ms=83311,mode=PULSEIN,ok=1,cm=26.91,pulse_us=0,timer1=0,pings=1182,valid=984,timeout=198,miss=0
SONAR_CHK,ts_ms=83378,mode=PULSEIN,ok=1,cm=27.71,pulse_us=0,timer1=0,pings=1183,valid=985,timeout=198,miss=0
SONAR_CHK,ts_ms=83443,mode=PULSEIN,ok=1,cm=26.95,pulse_us=0,timer1=0,pings=1184,valid=986,timeout=198,miss=0
SONAR_CHK,ts_ms=83510,mode=PULSEIN,ok=1,cm=27.28,pulse_us=0,timer1=0,pings=1185,valid=987,timeout=198,miss=0
SONAR_CHK,ts_ms=83575,mode=PULSEIN,ok=1,cm=26.95,pulse_us=0,timer1=0,pings=1186,valid=988,timeout=198,miss=0
SONAR_CHK,ts_ms=83642,mode=PULSEIN,ok=1,cm=27.67,pulse_us=0,timer1=0,pings=1187,valid=989,timeout=198,miss=0
SONAR_CHK,ts_ms=83706,mode=PULSEIN,ok=1,cm=15.00,pulse_us=0,timer1=0,pings=1188,valid=990,timeout=198,miss=0
SONAR_CHK,ts_ms=83773,mode=PULSEIN,ok=1,cm=22.52,pulse_us=0,timer1=0,pings=1189,valid=991,timeout=198,miss=0
SONAR_CHK,ts_ms=83837,mode=PULSEIN,ok=1,cm=14.59,pulse_us=0,timer1=0,pings=1190,valid=992,timeout=198,miss=0
SONAR_CHK,ts_ms=83904,mode=PULSEIN,ok=1,cm=25.07,pulse_us=0,timer1=0,pings=1191,valid=993,timeout=198,miss=0
SONAR_CHK,ts_ms=83969,mode=PULSEIN,ok=1,cm=16.71,pulse_us=0,timer1=0,pings=1192,valid=994,timeout=198,miss=0
SONAR_CHK,ts_ms=84035,mode=PULSEIN,ok=1,cm=25.97,pulse_us=0,timer1=0,pings=1193,valid=995,timeout=198,miss=0
SONAR_CHK,ts_ms=84101,mode=PULSEIN,ok=1,cm=25.17,pulse_us=0,timer1=0,pings=1194,valid=996,timeout=198,miss=0
SONAR_CHK,ts_ms=84167,mode=PULSEIN,ok=1,cm=26.84,pulse_us=0,timer1=0,pings=1195,valid=997,timeout=198,miss=0
SONAR_CHK,ts_ms=84233,mode=PULSEIN,ok=1,cm=26.36,pulse_us=0,timer1=0,pings=1196,valid=998,timeout=198,miss=0
SONAR_CHK,ts_ms=84298,mode=PULSEIN,ok=1,cm=25.59,pulse_us=0,timer1=0,pings=1197,valid=999,timeout=198,miss=0
SONAR_CHK,ts_ms=84365,mode=PULSEIN,ok=1,cm=25.95,pulse_us=0,timer1=0,pings=1198,valid=1000,timeout=198,miss=0
SONAR_CHK,ts_ms=84430,mode=PULSEIN,ok=1,cm=24.34,pulse_us=0,timer1=0,pings=1199,valid=1001,timeout=198,miss=0
SONAR_CHK,ts_ms=84497,mode=PULSEIN,ok=1,cm=25.91,pulse_us=0,timer1=0,pings=1200,valid=1002,timeout=198,miss=0
SONAR_CHK,ts_ms=84562,mode=PULSEIN,ok=1,cm=25.90,pulse_us=0,timer1=0,pings=1201,valid=1003,timeout=198,miss=0
SONAR_CHK,ts_ms=84629,mode=PULSEIN,ok=1,cm=27.62,pulse_us=0,timer1=0,pings=1202,valid=1004,timeout=198,miss=0
SONAR_CHK,ts_ms=84695,mode=PULSEIN,ok=1,cm=25.90,pulse_us=0,timer1=0,pings=1203,valid=1005,timeout=198,miss=0
SONAR_CHK,ts_ms=84761,mode=PULSEIN,ok=1,cm=26.90,pulse_us=0,timer1=0,pings=1204,valid=1006,timeout=198,miss=0
SONAR_CHK,ts_ms=84827,mode=PULSEIN,ok=1,cm=26.79,pulse_us=0,timer1=0,pings=1205,valid=1007,timeout=198,miss=0
SONAR_CHK,ts_ms=84893,mode=PULSEIN,ok=1,cm=26.79,pulse_us=0,timer1=0,pings=1206,valid=1008,timeout=198,miss=0
SONAR_CHK,ts_ms=84959,mode=PULSEIN,ok=1,cm=26.78,pulse_us=0,timer1=0,pings=1207,valid=1009,timeout=198,miss=0
SONAR_CHK,ts_ms=85025,mode=PULSEIN,ok=1,cm=26.79,pulse_us=0,timer1=0,pings=1208,valid=1010,timeout=198,miss=0
SONAR_CHK,ts_ms=85091,mode=PULSEIN,ok=1,cm=26.88,pulse_us=0,timer1=0,pings=1209,valid=1011,timeout=198,miss=0
SONAR_CHK,ts_ms=85157,mode=PULSEIN,ok=1,cm=26.78,pulse_us=0,timer1=0,pings=1210,valid=1012,timeout=198,miss=0
SONAR_CHK,ts_ms=85223,mode=PULSEIN,ok=1,cm=27.78,pulse_us=0,timer1=0,pings=1211,valid=1013,timeout=198,miss=0
SONAR_CHK,ts_ms=85289,mode=PULSEIN,ok=1,cm=26.79,pulse_us=0,timer1=0,pings=1212,valid=1014,timeout=198,miss=0
SONAR_CHK,ts_ms=85355,mode=PULSEIN,ok=1,cm=26.88,pulse_us=0,timer1=0,pings=1213,valid=1015,timeout=198,miss=0
SONAR_CHK,ts_ms=85422,mode=PULSEIN,ok=1,cm=26.36,pulse_us=0,timer1=0,pings=1214,valid=1016,timeout=198,miss=0
SONAR_CHK,ts_ms=85487,mode=PULSEIN,ok=1,cm=26.88,pulse_us=0,timer1=0,pings=1215,valid=1017,timeout=198,miss=0
SONAR_CHK,ts_ms=85554,mode=PULSEIN,ok=1,cm=26.36,pulse_us=0,timer1=0,pings=1216,valid=1018,timeout=198,miss=0
SONAR_CHK,ts_ms=85619,mode=PULSEIN,ok=1,cm=26.88,pulse_us=0,timer1=0,pings=1217,valid=1019,timeout=198,miss=0
SONAR_CHK,ts_ms=85686,mode=PULSEIN,ok=1,cm=26.38,pulse_us=0,timer1=0,pings=1218,valid=1020,timeout=198,miss=0
SONAR_CHK,ts_ms=85751,mode=PULSEIN,ok=1,cm=26.88,pulse_us=0,timer1=0,pings=1219,valid=1021,timeout=198,miss=0
SONAR_CHK,ts_ms=85818,mode=PULSEIN,ok=1,cm=26.36,pulse_us=0,timer1=0,pings=1220,valid=1022,timeout=198,miss=0
SONAR_CHK,ts_ms=85883,mode=PULSEIN,ok=1,cm=26.47,pulse_us=0,timer1=0,pings=1221,valid=1023,time=0
OK,stream=0
