BALL_BEAM_BOOT
HELP,keys
STATE,SAFE_DISABLED
SENSORS,angle=bad,pos=bad,m=n
MEAS,theta_deg=0.0000,x_cm=0.0000,x_filt_cm=0.0000
AGE,angle_ms=0,pos_ms=0,miss=0
FAULTS,bits=0
CAL,zero_calibrated=no,limits_calibrated=no,sign_calibrated=no
SONAR_CFG,s=-1,u=1
ACT_CFG,t=0.0000,v=0,e=0.000
TEL,enabled=1
FAULT_INFO,bits=0
FAULT_INFO,none
TEL,350,SAFE_DISABLED,-2.8722,-2.5858,0.0000,0.0000,0.00,0,0.0000,4,1,0,0.0000,0.0000,0,-11.2500,0.0000,idle,-2.8722,-2.5858,-2.8722,-2.5858,-2.5858,0.4000
TEL,450,SAFE_DISABLED,-3.1881,-2.8707,0.0000,0.0000,0.00,0,0.0000,33,1,0,0.0000,0.0000,0,-11.4258,0.0000,idle,-3.1881,-2.8707,-3.1881,-2.8707,-2.8707,0.4000
TEL,550,SAFE_DISABLED,-1.9705,-2.0628,0.0000,0.0000,0.00,0,0.0000,13,1,0,0.0000,0.0000,0,-11.3379,0.0000,idle,-1.9705,-2.0628,-1.9705,-2.0628,-2.0628,0.4000
TEL,650,SAFE_DISABLED,-3.0819,-2.4952,0.0000,0.0000,0.00,0,0.0000,34,1,0,0.0000,0.0000,0,-11.3379,0.0000,idle,-3.0819,-2.4952,-3.0819,-2.4952,-2.4952,0.4000
TEL,750,SAFE_DISABLED,6.3652,-0.1525,0.0000,0.0000,0.00,0,0.0000,14,1,0,0.0000,0.0000,0,-11.3379,0.0000,idle,6.3652,-0.1525,6.3652,-0.1525,-0.1525,0.4000
TEL,850,SAFE_DISABLED,-2.8722,-1.2509,0.0000,0.0000,0.00,0,0.0000,34,1,0,0.0000,0.0000,0,-11.3379,0.0000,idle,-2.8722,-1.2509,-2.8722,-1.2509,-1.2509,0.4000
TEL,950,SAFE_DISABLED,-3.0819,-2.4762,0.0000,0.0000,0.00,0,0.0000,14,1,0,0.0000,0.0000,0,-11.3379,0.0000,idle,-3.0819,-2.4762,-3.0819,-2.4762,-2.4762,0.4000
TEL,1050,SAFE_DISABLED,-1.7790,-0.3052,0.0000,0.0000,0.00,0,0.0000,35,1,0,0.0000,0.0000,0,-11.3379,0.0000,idle,-1.7790,-0.3052,-1.7790,-0.3052,-0.3052,0.4000
TEL,1150,SAFE_DISABLED,-2.7686,-1.8065,0.0000,0.0000,0.00,0,0.0000,15,1,0,0.0000,0.0000,0,-11.3379,0.0000,idle,-2.7686,-1.8065,-2.7686,-1.8065,-1.8065,0.4000
TEL,1250,SAFE_DISABLED,6.5619,0.5020,0.0000,0.0000,0.00,0,0.0000,35,1,0,0.0000,0.0000,0,-11.3379,0.0000,idle,6.5619,0.5020,6.5619,0.5020,0.5020,0.4000
TEL,1350,SAFE_DISABLED,-2.5641,-1.2758,0.0000,0.0000,0.00,0,0.0000,15,1,0,0.0000,0.0000,0,-11.3379,0.0000,idle,-2.5641,-1.2758,-2.5641,-1.2758,-1.2758,0.4000
TEL,1451,SAFE_DISABLED,-2.7686,-2.1252,0.0000,0.0000,0.00,0,0.0000,34,1,0,0.0000,0.0000,0,-11.3379,0.0000,idle,-2.7686,-2.1252,-2.7686,-2.1252,-2.1252,0.4000
TEL,1551,SAFE_DISABLED,-2.8722,-1.9404,0.0000,0.0000,0.00,0,0.0000,13,1,0,0.0000,0.0000,0,-11.3379,0.0000,idle,-2.8722,-1.9404,-2.8722,-1.9404,-1.9404,0.4000
TEL,1651,SAFE_DISABLED,-2.7686,-2.3412,0.0000,0.0000,0.00,0,0.0000,33,1,0,0.0000,0.0000,0,-11.3379,0.0000,idle,-2.7686,-2.3412,-2.7686,-2.3412,-2.3412,0.4000
TEL,1751,SAFE_DISABLED,-2.3630,-2.2060,0.0000,0.0000,0.00,0,0.0000,13,1,0,0.0000,0.0000,0,-11.3379,0.0000,idle,-2.3630,-2.2060,-2.3630,-2.2060,-2.2060,0.4000
TEL,1851,SAFE_DISABLED,-3.0819,-2.6087,0.0000,0.0000,0.00,0,0.0000,33,1,0,0.0000,0.0000,0,-11.3379,0.0000,idle,-3.0819,-2.6087,-3.0819,-2.6087,-2.6087,0.4000
TEL,1951,SAFE_DISABLED,6.7535,-0.0750,0.0000,0.0000,0.00,0,0.0000,13,1,0,0.0000,0.0000,0,-11.3379,0.0000,idle,6.7535,-0.0750,6.7535,-0.0750,-0.0750,0.4000
TEL,2051,SAFE_DISABLED,-2.7686,-1.3015,0.0000,0.0000,0.00,0,0.0000,33,1,0,0.0000,0.0000,0,-11.3379,0.0000,idle,-2.7686,-1.3015,-2.7686,-1.3015,-1.3015,0.4000
TEL,2151,SAFE_DISABLED,-3.1881,-2.3396,0.0000,0.0000,0.00,0,0.0000,13,1,0,0.0000,0.0000,0,-11.3379,0.0000,idle,-3.1881,-2.3396,-3.1881,-2.3396,-2.3396,0.4000
TEL,2251,SAFE_DISABLED,-1.4052,-0.2146,0.0000,0.0000,0.00,0,0.0000,33,1,0,0.0000,0.0000,0,-11.3379,0.0000,idle,-1.4052,-0.2146,-1.4052,-0.2146,-0.2146,0.4000
TEL,2351,SAFE_DISABLED,-2.7686,-1.7609,0.0000,0.0000,0.00,0,0.0000,13,1,0,0.0000,0.0000,0,-11.3379,0.0000,idle,-2.7686,-1.7609,-2.7686,-1.7609,-1.7609,0.4000
TEL,2451,SAFE_DISABLED,6.0806,0.3799,0.0000,0.0000,0.00,0,0.0000,33,1,0,0.0000,0.0000,0,-11.2500,0.0000,idle,6.0806,0.3799,6.0806,0.3799,0.3799,0.4000
TEL,2551,SAFE_DISABLED,-2.9766,-1.3360,0.0000,0.0000,0.00,0,0.0000,13,1,0,0.0000,0.0000,0,-11.2500,0.0000,idle,-2.9766,-1.3360,-2.9766,-1.3360,-1.3360,0.4000
TEL,2651,SAFE_DISABLED,-3.1881,-2.2583,0.0000,0.0000,0.00,0,0.0000,33,1,0,0.0000,0.0000,0,-11.3379,0.0000,idle,-3.1881,-2.2583,-3.1881,-2.2583,-2.2583,0.4000
TEL,2751,SAFE_DISABLED,-2.3630,-2.0194,0.0000,0.0000,0.00,0,0.0000,13,1,0,0.0000,0.0000,0,-11.3379,0.0000,idle,-2.3630,-2.0194,-2.3630,-2.0194,-2.0194,0.4000
TEL,2851,SAFE_DISABLED,-3.1881,-2.5710,0.0000,0.0000,0.00,0,0.0000,33,1,0,0.0000,0.0000,0,-11.3379,0.0000,idle,-3.1881,-2.5710,-3.1881,-2.5710,-2.5710,0.4000
TEL,2951,SAFE_DISABLED,-0.6921,-1.0087,0.0000,0.0000,0.00,0,0.0000,13,1,0,0.0000,0.0000,0,-11.3379,0.0000,idle,-0.6921,-1.0087,-0.6921,-1.0087,-1.0087,0.4000
TEL,3051,SAFE_DISABLED,-2.8722,-1.8313,0.0000,0.0000,0.00,0,0.0000,33,1,0,0.0000,0.0000,0,-11.3379,0.0000,idle,-2.8722,-1.8313,-2.8722,-1.8313,-1.8313,0.4000
TEL,3151,SAFE_DISABLED,-3.7331,-2.8706,0.0000,0.0000,0.00,0,0.0000,13,1,0,0.0000,0.0000,0,-11.3379,0.0000,idle,-3.7331,-2.8706,-3.7331,-2.8706,-2.8706,0.4000
TEL,3251,SAFE_DISABLED,-2.1651,-2.0437,0.0000,0.0000,0.00,0,0.0000,33,1,0,0.0000,0.0000,0,-11.3379,0.0000,idle,-2.1651,-2.0437,-2.1651,-2.0437,-2.0437,0.4000
TEL,3351,SAFE_DISABLED,-3.1881,-2.7269,0.0000,0.0000,0.00,0,0.0000,13,1,0,0.0000,0.0000,0,-11.3379,0.0000,idle,-3.1881,-2.7269,-3.1881,-2.7269,-2.7269,0.4000
TEL,3451,SAFE_DISABLED,6.4839,-0.0830,0.0000,0.0000,0.00,0,0.0000,33,1,0,0.0000,0.0000,0,-11.3379,0.0000,idle,6.4839,-0.0830,6.4839,-0.0830,-0.0830,0.4000
TEL,3551,SAFE_DISABLED,-3.0819,-1.8100,0.0000,0.0000,0.00,0,0.0000,13,1,0,0.0000,0.0000,0,-11.3379,0.0000,idle,-3.0819,-1.8100,-3.0819,-1.8100,-1.8100,0.4000
TEL,3651,SAFE_DISABLED,-3.5123,-2.6101,0.0000,0.0000,0.00,0,0.0000,33,1,0,0.0000,0.0000,0,-11.3379,0.0000,idle,-3.5123,-2.6101,-3.5123,-2.6101,-2.6101,0.4000
TEL,3751,SAFE_DISABLED,-2.7686,-1.1721,0.0000,0.0000,0.00,0,0.0000,13,1,0,0.0000,0.0000,0,-11.3379,0.0000,idle,-2.7686,-1.1721,-2.7686,-1.1721,-1.1721,0.4000
TEL,3851,SAFE_DISABLED,-3.1881,-2.1780,0.0000,0.0000,0.00,0,0.0000,33,1,0,0.0000,0.0000,0,-11.3379,0.0000,idle,-3.1881,-2.1780,-3.1881,-2.1780,-2.1780,0.4000
TEL,3951,SAFE_DISABLED,-1.7790,-0.4381,0.0000,0.0000,0.00,0,0.0000,13,1,0,0.0000,0.0000,0,-11.3379,0.0000,idle,-1.7790,-0.4381,-1.7790,-0.4381,-0.4381,0.4000
TEL,4051,SAFE_DISABLED,-2.9766,-1.6890,0.0000,0.0000,0.00,0,0.0000,33,1,0,0.0000,0.0000,0,-11.3379,0.0000,idle,-2.9766,-1.6890,-2.9766,-1.6890,-1.6890,0.4000
TEL,4151,SAFE_DISABLED,-3.1881,-2.6740,0.0000,0.0000,0.00,0,0.0000,13,1,0,0.0000,0.0000,0,-11.3379,0.0000,idle,-3.1881,-2.6740,-3.1881,-2.6740,-2.6740,0.4000
TEL,4251,SAFE_DISABLED,-3.1881,-2.9362,0.0000,0.0000,0.00,0,0.0000,33,1,0,0.0000,0.0000,0,-11.3379,0.0000,idle,-3.1881,-2.9362,-3.1881,-2.9362,-2.9362,0.4000
TEL,4352,SAFE_DISABLED,-3.1881,-3.1017,0.0000,0.0000,0.00,0,0.0000,13,1,0,0.0000,0.0000,0,-11.3379,0.0000,idle,-3.1881,-3.1017,-3.1881,-3.1017,-3.1017,0.4000
TEL,4452,SAFE_DISABLED,-3.1881,-3.1458,0.0000,0.0000,0.00,0,0.0000,33,1,0,0.0000,0.0000,0,-11.3379,0.0000,idle,-3.1881,-3.1458,-3.1881,-3.1458,-3.1458,0.4000
TEL,4552,SAFE_DISABLED,-3.1881,-3.1736,0.0000,0.0000,0.00,0,0.0000,13,1,0,0.0000,0.0000,0,-11.3379,0.0000,idle,-3.1881,-3.1736,-3.1881,-3.1736,-3.1736,0.4000
TEL,4652,SAFE_DISABLED,-3.1881,-3.1810,0.0000,0.0000,0.00,0,0.0000,33,1,0,0.0000,0.0000,0,-11.3379,0.0000,idle,-3.1881,-3.1810,-3.1881,-3.1810,-3.1810,0.4000
TEL,4752,SAFE_DISABLED,-3.1881,-3.1857,0.0000,0.0000,0.00,0,0.0000,13,1,0,0.0000,0.0000,0,-11.3379,0.0000,idle,-3.1881,-3.1857,-3.1881,-3.1857,-3.1857,0.4000
TEL,4852,SAFE_DISABLED,-3.2953,-3.2191,0.0000,0.0000,0.00,0,0.0000,33,1,0,0.0000,0.0000,0,-11.3379,0.0000,idle,-3.2953,-3.2191,-3.2953,-3.2191,-3.2191,0.4000
TEL,4952,SAFE_DISABLED,-3.2953,-3.2309,0.0000,0.0000,0.00,0,0.0000,14,1,0,0.0000,0.0000,0,-11.3379,0.0000,idle,-3.2953,-3.2309,-3.2953,-3.2309,-3.2309,0.4000
TEL,5052,SAFE_DISABLED,-3.1881,-3.2091,0.0000,0.0000,0.00,0,0.0000,34,1,0,0.0000,0.0000,0,-11.3379,0.0000,idle,-3.1881,-3.2091,-3.1881,-3.2091,-3.2091,0.4000
TEL,5152,SAFE_DISABLED,-3.1881,-3.1953,0.0000,0.0000,0.00,0,0.0000,14,1,0,0.0000,0.0000,0,-11.3379,0.0000,idle,-3.1881,-3.1953,-3.1881,-3.1953,-3.1953,0.4000
TEL,5252,SAFE_DISABLED,-3.1881,-3.1917,0.0000,0.0000,0.00,0,0.0000,35,1,0,0.0000,0.0000,0,-11.3379,0.0000,idle,-3.1881,-3.1917,-3.1881,-3.1917,-3.1917,0.4000
TEL,5352,SAFE_DISABLED,6.2850,-0.3318,0.0000,0.0000,0.00,0,0.0000,14,1,0,0.0000,0.0000,0,-11.3379,0.0000,idle,6.2850,-0.3318,6.2850,-0.3318,-0.3318,0.4000
TEL,5452,SAFE_DISABLED,-2.7686,-1.3868,0.0000,0.0000,0.00,0,0.0000,34,1,0,0.0000,0.0000,0,-11.3379,0.0000,idle,-2.7686,-1.3868,-2.7686,-1.3868,-1.3868,0.4000
TEL,5552,SAFE_DISABLED,-3.1881,-2.4295,0.0000,0.0000,0.00,0,0.0000,15,1,0,0.0000,0.0000,0,-11.3379,0.0000,idle,-3.1881,-2.4295,-3.1881,-2.4295,-2.4295,0.4000
TEL,5652,SAFE_DISABLED,-0.9543,-2.2842,0.0000,0.0000,0.00,0,0.0000,35,1,0,0.0000,0.0000,0,-11.3379,0.0000,idle,-0.9543,-2.2842,-0.9543,-2.2842,-2.2842,0.4000
TEL,5752,SAFE_DISABLED,-3.0819,-2.6586,0.0000,0.0000,0.00,0,0.0000,15,1,0,0.0000,0.0000,0,-11.3379,0.0000,idle,-3.0819,-2.6586,-3.0819,-2.6586,-2.6586,0.4000
TEL,5852,SAFE_DISABLED,-3.7331,-3.0921,0.0000,0.0000,0.00,0,0.0000,35,1,0,0.0000,0.0000,0,-11.3379,0.0000,idle,-3.7331,-3.0921,-3.7331,-3.0921,-3.0921,0.4000
TEL,5953,SAFE_DISABLED,-2.9766,-2.3829,0.0000,0.0000,0.00,0,0.0000,14,1,0,0.0000,0.0000,0,-11.3379,0.0000,idle,-2.9766,-2.3829,-2.9766,-2.3829,-2.3829,0.4000
TEL,6053,SAFE_DISABLED,-3.1881,-2.7713,0.0000,0.0000,0.00,0,0.0000,34,1,0,0.0000,0.0000,0,-11.3379,0.0000,idle,-3.1881,-2.7713,-3.1881,-2.7713,-2.7713,0.4000
TEL,6153,SAFE_DISABLED,-3.1881,-3.0229,0.0000,0.0000,0.00,0,0.0000,1,1,0,0.0000,0.0000,0,-11.3379,0.0000,idle,-3.1881,-3.0229,-3.1881,-3.0229,-3.0229,0.4000
TEL,6253,SAFE_DISABLED,-0.0219,-2.1798,0.0000,0.0000,0.00,0,0.0000,21,1,0,0.0000,0.0000,0,-11.3379,0.0000,idle,-0.0219,-2.1798,-0.0219,-2.1798,-2.1798,0.4000
TEL,6353,SAFE_DISABLED,-3.0819,-2.6082,0.0000,0.0000,0.00,0,0.0000,1,1,0,0.0000,0.0000,0,-11.3379,0.0000,idle,-3.0819,-2.6082,-3.0819,-2.6082,-2.6082,0.4000
TEL,6453,SAFE_DISABLED,-3.5123,-3.0012,0.0000,0.0000,0.00,0,0.0000,21,1,0,0.0000,0.0000,0,-11.3379,0.0000,idle,-3.5123,-3.0012,-3.5123,-3.0012,-3.0012,0.4000
TEL,6553,SAFE_DISABLED,-2.7686,-2.2299,0.0000,0.0000,0.00,0,0.0000,1,1,0,0.0000,0.0000,0,-11.3379,0.0000,idle,-2.7686,-2.2299,-2.7686,-2.2299,-2.2299,0.4000
TEL,6653,SAFE_DISABLED,-3.1881,-2.6963,0.0000,0.0000,0.00,0,0.0000,21,1,0,0.0000,0.0000,0,-11.3379,0.0000,idle,-3.1881,-2.6963,-3.1881,-2.6963,-2.6963,0.4000
TEL,6753,SAFE_DISABLED,-1.5906,-0.2697,0.0000,0.0000,0.00,0,0.0000,1,1,0,0.0000,0.0000,0,-11.3379,0.0000,idle,-1.5906,-0.2697,-1.5906,-0.2697,-0.2697,0.4000
OK,stopped
OK,driver_disabled
OK,cal_reset_saved
TEL,6854,SAFE_DISABLED,-2.9766,-1.5636,0.0000,0.0000,0.00,0,0.0000,22,1,0,0.0000,0.0000,0,-11.3379,0.0000,idle,-2.9766,-1.5636,-2.9766,-1.5636,-1.5636,0.4000
TEL,6956,SAFE_DISABLED,6.2850,1.5109,0.0000,0.0000,0.00,0,0.0000,3,1,0,0.0000,0.0000,0,-11.3379,0.0000,idle,6.2850,1.5109,6.2850,1.5109,1.5109,0.4000
TEL,7056,SAFE_DISABLED,-2.5641,-0.4025,0.0000,0.0000,0.00,0,0.0000,23,1,0,0.0000,0.0000,0,-11.3379,0.0000,idle,-2.5641,-0.4025,-2.5641,-0.4025,-0.4025,0.4000
TEL,7156,SAFE_DISABLED,-3.2953,-2.2648,0.0000,0.0000,0.00,0,0.0000,2,1,0,0.0000,0.0000,0,-11.3379,0.0000,idle,-3.2953,-2.2648,-3.2953,-2.2648,-2.2648,0.4000
TEL,7257,SAFE_DISABLED,-1.9705,-0.3811,0.0000,0.0000,0.00,0,0.0000,23,1,0,0.0000,0.0000,0,-11.3379,0.0000,idle,-1.9705,-0.3811,-1.9705,-0.3811,-0.3811,0.4000
TEL,7357,SAFE_DISABLED,-3.1881,-2.2030,0.0000,0.0000,0.00,0,0.0000,1,1,0,0.0000,0.0000,0,-11.3379,0.0000,idle,-3.1881,-2.2030,-3.1881,-2.2030,-2.2030,0.4000
TEL,7457,SAFE_DISABLED,6.5619,0.1515,0.0000,0.0000,0.00,0,0.0000,21,1,0,0.0000,0.0000,0,-11.3379,0.0000,idle,6.5619,0.1515,6.5619,0.1515,0.1515,0.4000
TEL,7557,SAFE_DISABLED,-3.0819,-1.9133,0.0000,0.0000,0.00,0,0.0000,2,1,0,0.0000,0.0000,0,-11.3379,0.0000,idle,-3.0819,-1.9133,-3.0819,-1.9133,-1.9133,0.4000
TEL,7657,SAFE_DISABLED,-3.1881,-2.5635,0.0000,0.0000,0.00,0,0.0000,22,1,0,0.0000,0.0000,0,-11.3379,0.0000,idle,-3.1881,-2.5635,-3.1881,-2.5635,-2.5635,0.4000
TEL,7757,SAFE_DISABLED,-3.1881,-2.9739,0.0000,0.0000,0.00,0,0.0000,2,1,0,0.0000,0.0000,0,-11.3379,0.0000,idle,-3.1881,-2.9739,-3.1881,-2.9739,-2.9739,0.4000
TEL,7857,SAFE_DISABLED,-3.1881,-3.0832,0.0000,0.0000,0.00,0,0.0000,22,1,0,0.0000,0.0000,0,-11.3379,0.0000,idle,-3.1881,-3.0832,-3.1881,-3.0832,-3.0832,0.4000
TEL,7957,SAFE_DISABLED,-3.1881,-3.1521,0.0000,0.0000,0.00,0,0.0000,2,1,0,0.0000,0.0000,0,-11.3379,0.0000,idle,-3.1881,-3.1521,-3.1881,-3.1521,-3.1521,0.4000
TEL,8057,SAFE_DISABLED,-3.1881,-3.1705,0.0000,0.0000,0.00,0,0.0000,22,1,0,0.0000,0.0000,0,-11.6016,0.0000,idle,-3.1881,-3.1705,-3.1881,-3.1705,-3.1705,0.4000
TEL,8157,SAFE_DISABLED,-3.1881,-3.1821,0.0000,0.0000,0.00,0,0.0000,1,1,0,0.0000,0.0000,0,-11.5137,0.0000,idle,-3.1881,-3.1821,-3.1881,-3.1821,-3.1821,0.4000
TEL,8257,SAFE_DISABLED,-3.1881,-3.0971,0.0000,0.0000,0.00,0,0.0000,20,1,0,0.0000,0.0000,0,-11.5137,0.0000,idle,-3.1881,-3.0971,-3.1881,-3.0971,-3.0971,0.4000
TEL,8358,SAFE_DISABLED,-3.1881,-3.1727,0.0000,0.0000,0.00,0,0.0000,0,1,0,0.0000,0.0000,0,-11.6016,0.0000,idle,-3.1881,-3.1727,-3.1881,-3.1727,-3.1727,0.4000
TEL,8458,SAFE_DISABLED,-3.1881,-3.1806,0.0000,0.0000,0.00,0,0.0000,20,1,0,0.0000,0.0000,0,-11.6895,0.0000,idle,-3.1881,-3.1806,-3.1881,-3.1806,-3.1806,0.4000
TEL,8558,SAFE_DISABLED,-3.1881,-3.2080,0.0000,0.0000,0.00,0,0.0000,0,1,0,0.0000,0.0000,0,-12.3926,0.0000,idle,-3.1881,-3.2080,-3.1881,-3.2080,-3.2080,0.4000
TEL,8658,SAFE_DISABLED,-3.1881,-3.1979,0.0000,0.0000,0.00,0,0.0000,20,1,0,0.0000,0.0000,0,-15.6445,0.0000,idle,-3.1881,-3.1979,-3.1881,-3.1979,-3.1979,0.4000
TEL,8758,SAFE_DISABLED,-3.1881,-3.1915,0.0000,0.0000,0.00,0,0.0000,0,1,0,0.0000,0.0000,0,-19.3359,0.0000,idle,-3.1881,-3.1915,-3.1881,-3.1915,-3.1915,0.4000
TEL,8858,SAFE_DISABLED,-3.1881,-3.1898,0.0000,0.0000,0.00,0,0.0000,20,1,0,0.0000,0.0000,0,-19.4238,0.0000,idle,-3.1881,-3.1898,-3.1881,-3.1898,-3.1898,0.4000
TEL,8958,SAFE_DISABLED,-2.7686,-1.4205,0.0000,0.0000,0.00,0,0.0000,0,1,0,0.0000,0.0000,0,-21.3574,0.0000,idle,-2.7686,-1.4205,-2.7686,-1.4205,-1.4205,0.4000
TEL,9058,SAFE_DISABLED,-3.1881,-2.2776,0.0000,0.0000,0.00,0,0.0000,20,1,0,0.0000,0.0000,0,-26.6309,0.0000,idle,-3.1881,-2.2776,-3.1881,-2.2776,-2.2776,0.4000
TEL,9158,SAFE_DISABLED,-1.2227,-0.3839,0.0000,0.0000,0.00,0,0.0000,0,1,0,0.0000,0.0000,0,-26.5430,0.0000,idle,-1.2227,-0.3839,-1.2227,-0.3839,-0.3839,0.4000
TEL,9259,SAFE_DISABLED,-2.5641,-1.4120,0.0000,0.0000,0.00,0,0.0000,20,1,0,0.0000,0.0000,0,-26.5430,0.0000,idle,-2.5641,-1.4120,-2.5641,-1.4120,-1.4120,0.4000
TEL,9359,SAFE_DISABLED,5.6545,0.2387,0.0000,0.0000,0.00,0,0.0000,0,1,0,0.0000,0.0000,0,-26.3672,0.0000,idle,5.6545,0.2387,5.6545,0.2387,0.2387,0.4000
TEL,9459,SAFE_DISABLED,-1.9705,-0.6561,0.0000,0.0000,0.00,0,0.0000,20,1,0,0.0000,0.0000,0,-26.1035,0.0000,idle,-1.9705,-0.6561,-1.9705,-0.6561,-0.6561,0.4000
TEL,9559,SAFE_DISABLED,-2.7686,-2.0225,0.0000,0.0000,0.00,0,0.0000,0,1,0,0.0000,0.0000,0,-25.9277,0.0000,idle,-2.7686,-2.0225,-2.7686,-2.0225,-2.0225,0.4000
TEL,9659,SAFE_DISABLED,-0.5207,0.0402,0.0000,0.0000,0.00,0,0.0000,20,1,0,0.0000,0.0000,0,-25.8398,0.0000,idle,-0.5207,0.0402,-0.5207,0.0402,0.0402,0.4000
TEL,9759,SAFE_DISABLED,-2.6659,-1.5929,0.0000,0.0000,0.00,0,0.0000,0,1,0,0.0000,0.0000,0,-25.4883,0.0000,idle,-2.6659,-1.5929,-2.6659,-1.5929,-1.5929,0.4000
TEL,9859,SAFE_DISABLED,-3.0819,-2.2865,0.0000,0.0000,0.00,0,0.0000,20,1,0,0.0000,0.0000,0,-14.6777,0.0000,idle,-3.0819,-2.2865,-3.0819,-2.2865,-2.2865,0.4000
TEL,9959,SAFE_DISABLED,-2.4631,-1.8701,0.0000,0.0000,0.00,0,0.0000,0,1,0,0.0000,0.0000,0,-14.6777,0.0000,idle,-2.4631,-1.8701,-2.4631,-1.8701,-1.8701,0.4000
TEL,10059,SAFE_DISABLED,-2.7686,-2.3068,0.0000,0.0000,0.00,0,0.0000,20,1,0,0.0000,0.0000,0,-14.5898,0.0000,idle,-2.7686,-2.3068,-2.7686,-2.3068,-2.3068,0.4000
TEL,10159,SAFE_DISABLED,-2.2636,-0.3702,0.0000,0.0000,0.00,0,0.0000,0,1,0,0.0000,0.0000,0,-14.6777,0.0000,idle,-2.2636,-0.3702,-2.2636,-0.3702,-0.3702,0.4000
TEL,10259,SAFE_DISABLED,-3.0819,-1.7091,0.0000,0.0000,0.00,0,0.0000,20,1,0,0.0000,0.0000,0,-14.5898,0.0000,idle,-3.0819,-1.7091,-3.0819,-1.7091,-1.7091,0.4000
TEL,10359,SAFE_DISABLED,6.4839,0.1527,0.0000,0.0000,0.00,0,0.0000,0,1,0,0.0000,0.0000,0,-14.5898,0.0000,idle,6.4839,0.1527,6.4839,0.1527,0.1527,0.4000
TEL,10459,SAFE_DISABLED,-2.7686,-1.1899,0.0000,0.0000,0.00,0,0.0000,20,1,0,0.0000,0.0000,0,-14.6777,0.0000,idle,-2.7686,-1.1899,-2.7686,-1.1899,-1.1899,0.4000
TEL,10559,SAFE_DISABLED,-3.2953,-2.5193,0.0000,0.0000,0.00,0,0.0000,0,1,0,0.0000,0.0000,0,-14.6777,0.0000,idle,-3.2953,-2.5193,-3.2953,-2.5193,-2.5193,0.4000
TEL,10659,SAFE_DISABLED,-1.9705,-0.5057,0.0000,0.0000,0.00,0,0.0000,20,1,0,0.0000,0.0000,0,-14.6777,0.0000,idle,-1.9705,-0.5057,-1.9705,-0.5057,-0.5057,0.4000
TEL,10759,SAFE_DISABLED,-3.1881,-2.2302,0.0000,0.0000,0.00,0,0.0000,0,1,0,0.0000,0.0000,0,-14.6777,0.0000,idle,-3.1881,-2.2302,-3.1881,-2.2302,-2.2302,0.4000
TEL,10859,SAFE_DISABLED,6.2850,0.1007,0.0000,0.0000,0.00,0,0.0000,20,1,0,0.0000,0.0000,0,-14.6777,0.0000,idle,6.2850,0.1007,6.2850,0.1007,0.1007,0.4000
TEL,10959,SAFE_DISABLED,-2.9766,-1.7154,0.0000,0.0000,0.00,0,0.0000,0,1,0,0.0000,0.0000,0,-14.6777,0.0000,idle,-2.9766,-1.7154,-2.9766,-1.7154,-1.7154,0.4000
TEL,11059,SAFE_DISABLED,-3.1881,-2.4665,0.0000,0.0000,0.00,0,0.0000,20,1,0,0.0000,0.0000,0,-14.6777,0.0000,idle,-3.1881,-2.4665,-3.1881,-2.4665,-2.4665,0.4000
TEL,11159,SAFE_DISABLED,-2.6659,-1.0799,0.0000,0.0000,0.00,0,0.0000,0,1,0,0.0000,0.0000,0,-14.6777,0.0000,idle,-2.6659,-1.0799,-2.6659,-1.0799,-1.0799,0.4000
TEL,11259,SAFE_DISABLED,-3.1881,-2.1107,0.0000,0.0000,0.00,0,0.0000,20,1,0,0.0000,0.0000,0,-14.5898,0.0000,idle,-3.1881,-2.1107,-3.1881,-2.1107,-2.1107,0.4000
TEL,11359,SAFE_DISABLED,-1.4052,-0.1793,0.0000,0.0000,0.00,0,0.0000,0,1,0,0.0000,0.0000,0,-14.6777,0.0000,idle,-1.4052,-0.1793,-1.4052,-0.1793,-0.1793,0.4000
TEL,11459,SAFE_DISABLED,-2.9766,-1.5407,0.0000,0.0000,0.00,0,0.0000,20,1,0,0.0000,0.0000,0,-14.6777,0.0000,idle,-2.9766,-1.5407,-2.9766,-1.5407,-1.5407,0.4000
TEL,11559,SAFE_DISABLED,5.9552,0.1199,0.0000,0.0000,0.00,0,0.0000,0,1,0,0.0000,0.0000,0,-14.6777,0.0000,idle,5.9552,0.1199,5.9552,0.1199,0.1199,0.4000
TEL,11659,SAFE_DISABLED,-2.5641,-1.0445,0.0000,0.0000,0.00,0,0.0000,20,1,0,0.0000,0.0000,0,-14.6777,0.0000,idle,-2.5641,-1.0445,-2.5641,-1.0445,-1.0445,0.4000
TEL,11759,SAFE_DISABLED,-3.1881,-2.3841,0.0000,0.0000,0.00,0,0.0000,0,1,0,0.0000,0.0000,0,-14.6777,0.0000,idle,-3.1881,-2.3841,-3.1881,-2.3841,-2.3841,0.4000
TEL,11859,SAFE_DISABLED,-1.0431,-0.3215,0.0000,0.0000,0.00,0,0.0000,20,1,0,0.0000,0.0000,0,-14.6777,0.0000,idle,-1.0431,-0.3215,-1.0431,-0.3215,-0.3215,0.4000
TEL,11959,SAFE_DISABLED,-3.0819,-2.0911,0.0000,0.0000,0.00,0,0.0000,0,1,0,0.0000,0.0000,0,-14.6777,0.0000,idle,-3.0819,-2.0911,-3.0819,-2.0911,-2.0911,0.4000
TEL,12059,SAFE_DISABLED,-3.8449,-2.8253,0.0000,0.0000,0.00,0,0.0000,20,1,0,0.0000,0.0000,0,-14.6777,0.0000,idle,-3.8449,-2.8253,-3.8449,-2.8253,-2.8253,0.4000
TEL,12160,SAFE_DISABLED,-2.9766,-2.5803,0.0000,0.0000,0.00,0,0.0000,0,1,0,0.0000,0.0000,0,-14.6777,0.0000,idle,-2.9766,-2.5803,-2.9766,-2.5803,-2.5803,0.4000
TEL,12260,SAFE_DISABLED,-3.1881,-2.8680,0.0000,0.0000,0.00,0,0.0000,20,1,0,0.0000,0.0000,0,-14.6777,0.0000,idle,-3.1881,-2.8680,-3.1881,-2.8680,-2.8680,0.4000
TEL,12360,SAFE_DISABLED,-2.4631,-2.2519,0.0000,0.0000,0.00,0,0.0000,0,1,0,0.0000,0.0000,0,-14.6777,0.0000,idle,-2.4631,-2.2519,-2.4631,-2.2519,-2.2519,0.4000
TEL,12460,SAFE_DISABLED,-3.0819,-2.6312,0.0000,0.0000,0.00,0,0.0000,20,1,0,0.0000,0.0000,0,-14.6777,0.0000,idle,-3.0819,-2.6312,-3.0819,-2.6312,-2.6312,0.4000
TEL,12560,SAFE_DISABLED,0.1395,-1.7979,0.0000,0.0000,0.00,0,0.0000,0,1,0,0.0000,0.0000,0,-14.6777,0.0000,idle,0.1395,-1.7979,0.1395,-1.7979,-1.7979,0.4000
TEL,12660,SAFE_DISABLED,-2.7686,-2.2078,0.0000,0.0000,0.00,0,0.0000,20,1,0,0.0000,0.0000,0,-14.6777,0.0000,idle,-2.7686,-2.2078,-2.7686,-2.2078,-2.2078,0.4000
TEL,12760,SAFE_DISABLED,5.4322,-0.3459,0.0000,0.0000,0.00,0,0.0000,0,1,0,0.0000,0.0000,0,-14.6777,0.0000,idle,5.4322,-0.3459,5.4322,-0.3459,-0.3459,0.4000
TEL,12860,SAFE_DISABLED,-2.3630,-1.0603,0.0000,0.0000,0.00,0,0.0000,20,1,0,0.0000,0.0000,0,-14.6777,0.0000,idle,-2.3630,-1.0603,-2.3630,-1.0603,-1.0603,0.4000
TEL,12960,SAFE_DISABLED,-3.1881,-2.3895,0.0000,0.0000,0.00,0,0.0000,0,1,0,0.0000,0.0000,0,-14.6777,0.0000,idle,-3.1881,-2.3895,-3.1881,-2.3895,-2.3895,0.4000
TEL,13060,SAFE_DISABLED,6.5619,0.0601,0.0000,0.0000,0.00,0,0.0000,21,1,0,0.0000,0.0000,0,-14.6777,0.0000,idle,6.5619,0.0601,6.5619,0.0601,0.0601,0.4000
TEL,13160,SAFE_DISABLED,-3.0819,-1.9141,0.0000,0.0000,0.00,0,0.0000,1,1,0,0.0000,0.0000,0,-14.6777,0.0000,idle,-3.0819,-1.9141,-3.0819,-1.9141,-1.9141,0.4000
TEL,13260,SAFE_DISABLED,-3.2953,-2.5960,0.0000,0.0000,0.00,0,0.0000,21,1,0,0.0000,0.0000,0,-14.6777,0.0000,idle,-3.2953,-2.5960,-3.2953,-2.5960,-2.5960,0.4000
TEL,13360,SAFE_DISABLED,-2.7686,-2.5418,0.0000,0.0000,0.00,0,0.0000,2,1,0,0.0000,0.0000,0,-14.6777,0.0000,idle,-2.7686,-2.5418,-2.7686,-2.5418,-2.5418,0.4000
TEL,13460,SAFE_DISABLED,-3.1881,-2.8491,0.0000,0.0000,0.00,0,0.0000,22,1,0,0.0000,0.0000,0,-14.6777,0.0000,idle,-3.1881,-2.8491,-3.1881,-2.8491,-2.8491,0.4000
TEL,13560,SAFE_DISABLED,-1.9705,-0.4627,0.0000,0.0000,0.00,0,0.0000,2,1,0,0.0000,0.0000,0,-14.6777,0.0000,idle,-1.9705,-0.4627,-1.9705,-0.4627,-0.4627,0.4000
TEL,13660,SAFE_DISABLED,-2.9766,-1.7011,0.0000,0.0000,0.00,0,0.0000,22,1,0,0.0000,0.0000,0,-14.6777,0.0000,idle,-2.9766,-1.7011,-2.9766,-1.7011,-1.7011,0.4000
TEL,13761,SAFE_DISABLED,5.9973,1.3774,0.0000,0.0000,0.00,0,0.0000,3,1,0,0.0000,0.0000,0,-14.6777,0.0000,idle,5.9973,1.3774,5.9973,1.3774,1.3774,0.4000
TEL,13861,SAFE_DISABLED,-2.5641,-0.3894,0.0000,0.0000,0.00,0,0.0000,23,1,0,0.0000,0.0000,0,-14.6777,0.0000,idle,-2.5641,-0.3894,-2.5641,-0.3894,-0.3894,0.4000
TEL,13961,SAFE_DISABLED,-3.1881,-2.2282,0.0000,0.0000,0.00,0,0.0000,1,1,0,0.0000,0.0000,0,-14.6777,0.0000,idle,-3.1881,-2.2282,-3.1881,-2.2282,-2.2282,0.4000
TEL,14061,SAFE_DISABLED,-3.1881,-2.7178,0.0000,0.0000,0.00,0,0.0000,21,1,0,0.0000,0.0000,0,-14.6777,0.0000,idle,-3.1881,-2.7178,-3.1881,-2.7178,-2.7178,0.4000
TEL,14161,SAFE_DISABLED,-3.1881,-3.0268,0.0000,0.0000,0.00,0,0.0000,1,1,0,0.0000,0.0000,0,-14.6777,0.0000,idle,-3.1881,-3.0268,-3.1881,-3.0268,-3.0268,0.4000
TEL,14261,SAFE_DISABLED,-3.1881,-3.1091,0.0000,0.0000,0.00,0,0.0000,21,1,0,0.0000,0.0000,0,-14.6777,0.0000,idle,-3.1881,-3.1091,-3.1881,-3.1091,-3.1091,0.4000
TEL,14361,SAFE_DISABLED,-3.1881,-3.1610,0.0000,0.0000,0.00,0,0.0000,1,1,0,0.0000,0.0000,0,-14.6777,0.0000,idle,-3.1881,-3.1610,-3.1881,-3.1610,-3.1610,0.4000
TEL,14461,SAFE_DISABLED,-3.1881,-3.1749,0.0000,0.0000,0.00,0,0.0000,21,1,0,0.0000,0.0000,0,-14.6777,0.0000,idle,-3.1881,-3.1749,-3.1881,-3.1749,-3.1749,0.4000
TEL,14561,SAFE_DISABLED,-3.2953,-3.2157,0.0000,0.0000,0.00,0,0.0000,1,1,0,0.0000,0.0000,0,-14.6777,0.0000,idle,-3.2953,-3.2157,-3.2953,-3.2157,-3.2157,0.4000
TEL,14661,SAFE_DISABLED,-3.2953,-3.2338,0.0000,0.0000,0.00,0,0.0000,21,1,0,0.0000,0.0000,0,-14.6777,0.0000,idle,-3.2953,-3.2338,-3.2953,-3.2338,-3.2338,0.4000
TEL,14761,SAFE_DISABLED,-3.1881,-3.2038,0.0000,0.0000,0.00,0,0.0000,1,1,0,0.0000,0.0000,0,-14.6777,0.0000,idle,-3.1881,-3.2038,-3.1881,-3.2038,-3.2038,0.4000
TEL,14861,SAFE_DISABLED,-3.1881,-3.1958,0.0000,0.0000,0.00,0,0.0000,21,1,0,0.0000,0.0000,0,-14.6777,0.0000,idle,-3.1881,-3.1958,-3.1881,-3.1958,-3.1958,0.4000
TEL,14961,SAFE_DISABLED,-3.1881,-3.2133,0.0000,0.0000,0.00,0,0.0000,1,1,0,0.0000,0.0000,0,-14.6777,0.0000,idle,-3.1881,-3.2133,-3.1881,-3.2133,-3.2133,0.4000
TEL,15062,SAFE_DISABLED,-3.2953,-3.2326,0.0000,0.0000,0.00,0,0.0000,21,1,0,0.0000,0.0000,0,-14.6777,0.0000,idle,-3.2953,-3.2326,-3.2953,-3.2326,-3.2326,0.4000
TEL,15162,SAFE_DISABLED,-3.2953,-3.2355,0.0000,0.0000,0.00,0,0.0000,1,1,0,0.0000,0.0000,0,-14.6777,0.0000,idle,-3.2953,-3.2355,-3.2953,-3.2355,-3.2355,0.4000
TEL,15262,SAFE_DISABLED,-3.1881,-3.2114,0.0000,0.0000,0.00,0,0.0000,21,1,0,0.0000,0.0000,0,-14.6777,0.0000,idle,-3.1881,-3.2114,-3.1881,-3.2114,-3.2114,0.4000
TEL,15362,SAFE_DISABLED,-3.0819,-3.0979,0.0000,0.0000,0.00,0,0.0000,1,1,0,0.0000,0.0000,0,-14.6777,0.0000,idle,-3.0819,-3.0979,-3.0819,-3.0979,-3.0979,0.4000
TEL,15462,SAFE_DISABLED,-3.5123,-3.2412,0.0000,0.0000,0.00,0,0.0000,21,1,0,0.0000,0.0000,0,-14.6777,0.0000,idle,-3.5123,-3.2412,-3.5123,-3.2412,-3.2412,0.4000
TEL,15562,SAFE_DISABLED,-2.8722,-2.4491,0.0000,0.0000,0.00,0,0.0000,1,1,0,0.0000,0.0000,0,-14.6777,0.0000,idle,-2.8722,-2.4491,-2.8722,-2.4491,-2.4491,0.4000
TEL,15662,SAFE_DISABLED,-3.1881,-2.8037,0.0000,0.0000,0.00,0,0.0000,21,1,0,0.0000,0.0000,0,-14.6777,0.0000,idle,-3.1881,-2.8037,-3.1881,-2.8037,-2.8037,0.4000
TEL,15762,SAFE_DISABLED,-2.0674,-0.4570,0.0000,0.0000,0.00,0,0.0000,1,1,0,0.0000,0.0000,0,-14.6777,0.0000,idle,-2.0674,-0.4570,-2.0674,-0.4570,-0.4570,0.4000
ERR,sonar_not_ready
TEL,16233,SAFE_DISABLED,5.3870,1.9582,0.0000,0.0000,0.00,0,0.0000,0,1,0,0.0000,0.0000,0,-14.6777,0.0000,idle,5.3870,1.9582,5.3870,1.9582,1.9582,0.4000
ERR,sonar_not_ready
TEL,16676,SAFE_DISABLED,6.5230,2.3900,0.0000,0.0000,0.00,0,0.0000,0,1,0,0.0000,0.0000,0,-14.6777,0.0000,idle,6.5230,2.3900,6.5230,2.3900,2.3900,0.4000
ERR,sonar_not_ready
TEL,17119,SAFE_DISABLED,-3.5123,-1.7808,0.0000,0.0000,0.00,0,0.0000,0,1,0,0.0000,0.0000,0,-14.6777,0.0000,idle,-3.5123,-1.7808,-3.5123,-1.7808,-1.7808,0.4000
TEL,17219,SAFE_DISABLED,-1.9705,-0.1104,0.0000,0.0000,0.00,0,0.0000,20,1,0,0.0000,0.0000,0,-14.6777,0.0000,idle,-1.9705,-0.1104,-1.9705,-0.1104,-0.1104,0.4000
TEL,17319,SAFE_DISABLED,-3.0819,-1.5385,0.0000,0.0000,0.00,0,0.0000,20,1,0,0.0000,0.0000,0,-14.6777,0.0000,idle,-3.0819,-1.5385,-3.0819,-1.5385,-1.5385,0.4000
TEL,17419,SAFE_DISABLED,-2.8722,-2.2205,0.0000,0.0000,0.00,0,0.0000,0,1,0,0.0000,0.0000,0,-14.6777,0.0000,idle,-2.8722,-2.2205,-2.8722,-2.2205,-2.2205,0.4000
TEL,17519,SAFE_DISABLED,-3.1881,-2.6917,0.0000,0.0000,0.00,0,0.0000,20,1,0,0.0000,0.0000,0,-14.6777,0.0000,idle,-3.1881,-2.6917,-3.1881,-2.6917,-2.6917,0.4000
TEL,17619,SAFE_DISABLED,-2.0674,-0.7224,0.0000,0.0000,0.00,0,0.0000,0,1,0,0.0000,0.0000,0,-14.6777,0.0000,idle,-2.0674,-0.7224,-2.0674,-0.7224,-0.7224,0.4000
TEL,17719,SAFE_DISABLED,-3.0819,-1.8817,0.0000,0.0000,0.00,0,0.0000,20,1,0,0.0000,0.0000,0,-14.6777,0.0000,idle,-3.0819,-1.8817,-3.0819,-1.8817,-1.8817,0.4000
TEL,17819,SAFE_DISABLED,6.3252,0.0459,0.0000,0.0000,0.00,0,0.0000,0,1,0,0.0000,0.0000,0,-14.6777,0.0000,idle,6.3252,0.0459,6.3252,0.0459,0.0459,0.4000
TEL,17920,SAFE_DISABLED,-2.5641,-1.1203,0.0000,0.0000,0.00,0,0.0000,20,1,0,0.0000,0.0000,0,-14.6777,0.0000,idle,-2.5641,-1.1203,-2.5641,-1.1203,-1.1203,0.4000
TEL,18020,SAFE_DISABLED,-3.1881,-2.4789,0.0000,0.0000,0.00,0,0.0000,0,1,0,0.0000,0.0000,0,-14.6777,0.0000,idle,-3.1881,-2.4789,-3.1881,-2.4789,-2.4789,0.4000
TEL,18120,SAFE_DISABLED,-3.1881,-2.8406,0.0000,0.0000,0.00,0,0.0000,20,1,0,0.0000,0.0000,0,-14.6777,0.0000,idle,-3.1881,-2.8406,-3.1881,-2.8406,-2.8406,0.4000
TEL,18220,SAFE_DISABLED,-3.1881,-3.0689,0.0000,0.0000,0.00,0,0.0000,0,1,0,0.0000,0.0000,0,-14.6777,0.0000,idle,-3.1881,-3.0689,-3.1881,-3.0689,-3.0689,0.4000
TEL,18320,SAFE_DISABLED,-3.1881,-3.1297,0.0000,0.0000,0.00,0,0.0000,20,1,0,0.0000,0.0000,0,-14.6777,0.0000,idle,-3.1881,-3.1297,-3.1881,-3.1297,-3.1297,0.4000
TEL,18420,SAFE_DISABLED,-3.1881,-3.1681,0.0000,0.0000,0.00,0,0.0000,0,1,0,0.0000,0.0000,0,-14.6777,0.0000,idle,-3.1881,-3.1681,-3.1881,-3.1681,-3.1681,0.4000
TEL,18520,SAFE_DISABLED,-3.1881,-3.1783,0.0000,0.0000,0.00,0,0.0000,21,1,0,0.0000,0.0000,0,-14.6777,0.0000,idle,-3.1881,-3.1783,-3.1881,-3.1783,-3.1783,0.4000
TEL,18620,SAFE_DISABLED,-3.1881,-3.1848,0.0000,0.0000,0.00,0,0.0000,1,1,0,0.0000,0.0000,0,-14.6777,0.0000,idle,-3.1881,-3.1848,-3.1881,-3.1848,-3.1848,0.4000
TEL,18720,SAFE_DISABLED,-3.1881,-3.1865,0.0000,0.0000,0.00,0,0.0000,21,1,0,0.0000,0.0000,0,-14.6777,0.0000,idle,-3.1881,-3.1865,-3.1881,-3.1865,-3.1865,0.4000
TEL,18821,SAFE_DISABLED,-3.1881,-3.1876,0.0000,0.0000,0.00,0,0.0000,0,1,0,0.0000,0.0000,0,-14.6777,0.0000,idle,-3.1881,-3.1876,-3.1881,-3.1876,-3.1876,0.4000
TEL,18921,SAFE_DISABLED,-3.1881,-3.1879,0.0000,0.0000,0.00,0,0.0000,20,1,0,0.0000,0.0000,0,-14.6777,0.0000,idle,-3.1881,-3.1879,-3.1881,-3.1879,-3.1879,0.4000
TEL,19021,SAFE_DISABLED,5.6982,-0.5222,0.0000,0.0000,0.00,0,0.0000,0,1,0,0.0000,0.0000,0,-14.6777,0.0000,idle,5.6982,-0.5222,5.6982,-0.5222,-0.5222,0.4000
TEL,19121,SAFE_DISABLED,-2.5641,-1.3396,0.0000,0.0000,0.00,0,0.0000,21,1,0,0.0000,0.0000,0,-14.6777,0.0000,idle,-2.5641,-1.3396,-2.5641,-1.3396,-1.3396,0.4000
TEL,19221,SAFE_DISABLED,-3.1881,-2.5007,0.0000,0.0000,0.00,0,0.0000,1,1,0,0.0000,0.0000,0,-14.6777,0.0000,idle,-3.1881,-2.5007,-3.1881,-2.5007,-2.5007,0.4000
TEL,19321,SAFE_DISABLED,-0.9543,-0.4189,0.0000,0.0000,0.00,0,0.0000,21,1,0,0.0000,0.0000,0,-14.6777,0.0000,idle,-0.9543,-0.4189,-0.9543,-0.4189,-0.4189,0.4000
TEL,19421,SAFE_DISABLED,-3.1881,-2.1783,0.0000,0.0000,0.00,0,0.0000,1,1,0,0.0000,0.0000,0,-14.6777,0.0000,idle,-3.1881,-2.1783,-3.1881,-2.1783,-2.1783,0.4000
TEL,19521,SAFE_DISABLED,-3.9577,-2.9242,0.0000,0.0000,0.00,0,0.0000,22,1,0,0.0000,0.0000,0,-14.6777,0.0000,idle,-3.9577,-2.9242,-3.9577,-2.9242,-2.9242,0.4000
TEL,19621,SAFE_DISABLED,-2.9766,-2.8144,0.0000,0.0000,0.00,0,0.0000,2,1,0,0.0000,0.0000,0,-14.6777,0.0000,idle,-2.9766,-2.8144,-2.9766,-2.8144,-2.8144,0.4000
TEL,19721,SAFE_DISABLED,-3.1881,-2.9827,0.0000,0.0000,0.00,0,0.0000,22,1,0,0.0000,0.0000,0,-14.6777,0.0000,idle,-3.1881,-2.9827,-3.1881,-2.9827,-2.9827,0.4000
TEL,19821,SAFE_DISABLED,-2.2636,-1.9653,0.0000,0.0000,0.00,0,0.0000,2,1,0,0.0000,0.0000,0,-14.6777,0.0000,idle,-2.2636,-1.9653,-2.2636,-1.9653,-1.9653,0.4000
TEL,19921,SAFE_DISABLED,-3.0819,-2.4907,0.0000,0.0000,0.00,0,0.0000,22,1,0,0.0000,0.0000,0,-14.6777,0.0000,idle,-3.0819,-2.4907,-3.0819,-2.4907,-2.4907,0.4000
TEL,20021,SAFE_DISABLED,0.0591,-0.7441,0.0000,0.0000,0.00,0,0.0000,1,1,0,0.0000,0.0000,0,-14.6777,0.0000,idle,0.0591,-0.7441,0.0591,-0.7441,-0.7441,0.4000
TEL,20121,SAFE_DISABLED,-2.9766,-1.7538,0.0000,0.0000,0.00,0,0.0000,20,1,0,0.0000,0.0000,0,-14.6777,0.0000,idle,-2.9766,-1.7538,-2.9766,-1.7538,-1.7538,0.4000
TEL,20222,SAFE_DISABLED,5.4322,-0.0944,0.0000,0.0000,0.00,0,0.0000,0,1,0,0.0000,0.0000,0,-14.6777,0.0000,idle,5.4322,-0.0944,5.4322,-0.0944,-0.0944,0.4000
TEL,20322,SAFE_DISABLED,-2.3630,-0.9930,0.0000,0.0000,0.00,0,0.0000,20,1,0,0.0000,0.0000,0,-14.6777,0.0000,idle,-2.3630,-0.9930,-2.3630,-0.9930,-0.9930,0.4000
TEL,20422,SAFE_DISABLED,-3.1881,-2.4041,0.0000,0.0000,0.00,0,0.0000,0,1,0,0.0000,0.0000,0,-14.6777,0.0000,idle,-3.1881,-2.4041,-3.1881,-2.4041,-2.4041,0.4000
TEL,20523,SAFE_DISABLED,-0.5207,-2.1417,0.0000,0.0000,0.00,0,0.0000,20,1,0,0.0000,0.0000,0,-14.6777,0.0000,idle,-0.5207,-2.1417,-0.5207,-2.1417,-2.1417,0.4000
TEL,20623,SAFE_DISABLED,-3.0819,-2.6097,0.0000,0.0000,0.00,0,0.0000,0,1,0,0.0000,0.0000,0,-14.6777,0.0000,idle,-3.0819,-2.6097,-3.0819,-2.6097,-2.6097,0.4000
TEL,20723,SAFE_DISABLED,-3.5123,-3.0019,0.0000,0.0000,0.00,0,0.0000,20,1,0,0.0000,0.0000,0,-14.6777,0.0000,idle,-3.5123,-3.0019,-3.5123,-3.0019,-3.0019,0.4000
TEL,20823,SAFE_DISABLED,-2.8722,-2.7737,0.0000,0.0000,0.00,0,0.0000,0,1,0,0.0000,0.0000,0,-14.6777,0.0000,idle,-2.8722,-2.7737,-2.8722,-2.7737,-2.7737,0.4000
TEL,20923,SAFE_DISABLED,-3.1881,-2.9627,0.0000,0.0000,0.00,0,0.0000,20,1,0,0.0000,0.0000,0,-14.6777,0.0000,idle,-3.1881,-2.9627,-3.1881,-2.9627,-2.9627,0.4000
TEL,21023,SAFE_DISABLED,-1.9705,-2.1101,0.0000,0.0000,0.00,0,0.0000,0,1,0,0.0000,0.0000,0,-14.6777,0.0000,idle,-1.9705,-2.1101,-1.9705,-2.1101,-2.1101,0.4000
TEL,21123,SAFE_DISABLED,-3.0819,-2.5617,0.0000,0.0000,0.00,0,0.0000,20,1,0,0.0000,0.0000,0,-14.6777,0.0000,idle,-3.0819,-2.5617,-3.0819,-2.5617,-2.5617,0.4000
TEL,21223,SAFE_DISABLED,6.2039,-0.1781,0.0000,0.0000,0.00,0,0.0000,0,1,0,0.0000,0.0000,0,-14.6777,0.0000,idle,6.2039,-0.1781,6.2039,-0.1781,-0.1781,0.4000
TEL,21323,SAFE_DISABLED,-2.7686,-1.3317,0.0000,0.0000,0.00,0,0.0000,20,1,0,0.0000,0.0000,0,-14.6777,0.0000,idle,-2.7686,-1.3317,-2.7686,-1.3317,-1.3317,0.4000
TEL,21423,SAFE_DISABLED,-3.5123,-2.7452,0.0000,0.0000,0.00,0,0.0000,0,1,0,0.0000,0.0000,0,-14.6777,0.0000,idle,-3.5123,-2.7452,-3.5123,-2.7452,-2.7452,0.4000
TEL,21523,SAFE_DISABLED,-1.8744,-0.5876,0.0000,0.0000,0.00,0,0.0000,20,1,0,0.0000,0.0000,0,-14.6777,0.0000,idle,-1.8744,-0.5876,-1.8744,-0.5876,-0.5876,0.4000
TEL,21623,SAFE_DISABLED,-3.1881,-2.2122,0.0000,0.0000,0.00,0,0.0000,0,1,0,0.0000,0.0000,0,-14.6777,0.0000,idle,-3.1881,-2.2122,-3.1881,-2.2122,-2.2122,0.4000
TEL,21723,SAFE_DISABLED,6.0390,0.0582,0.0000,0.0000,0.00,0,0.0000,20,1,0,0.0000,0.0000,0,-14.6777,0.0000,idle,6.0390,0.0582,6.0390,0.0582,0.0582,0.4000
TEL,21823,SAFE_DISABLED,-2.9766,-1.6870,0.0000,0.0000,0.00,0,0.0000,0,1,0,0.0000,0.0000,0,-14.6777,0.0000,idle,-2.9766,-1.6870,-2.9766,-1.6870,-1.6870,0.4000
TEL,21923,SAFE_DISABLED,-3.1881,-2.4303,0.0000,0.0000,0.00,0,0.0000,20,1,0,0.0000,0.0000,0,-14.6777,0.0000,idle,-3.1881,-2.4303,-3.1881,-2.4303,-2.4303,0.4000
TEL,22023,SAFE_DISABLED,-2.5641,-2.2748,0.0000,0.0000,0.00,0,0.0000,0,1,0,0.0000,0.0000,0,-14.6777,0.0000,idle,-2.5641,-2.2748,-2.5641,-2.2748,-2.2748,0.4000
TEL,22123,SAFE_DISABLED,-3.1881,-2.6962,0.0000,0.0000,0.00,0,0.0000,20,1,0,0.0000,0.0000,0,-14.6777,0.0000,idle,-3.1881,-2.6962,-3.1881,-2.6962,-2.6962,0.4000
TEL,22223,SAFE_DISABLED,-1.4052,-0.5822,0.0000,0.0000,0.00,0,0.0000,0,1,0,0.0000,0.0000,0,-14.6777,0.0000,idle,-1.4052,-0.5822,-1.4052,-0.5822,-0.5822,0.4000
TEL,22323,SAFE_DISABLED,-2.9766,-1.7167,0.0000,0.0000,0.00,0,0.0000,20,1,0,0.0000,0.0000,0,-14.6777,0.0000,idle,-2.9766,-1.7167,-2.9766,-1.7167,-1.7167,0.4000
TEL,22423,SAFE_DISABLED,5.3870,-0.0953,0.0000,0.0000,0.00,0,0.0000,0,1,0,0.0000,0.0000,0,-14.6777,0.0000,idle,5.3870,-0.0953,5.3870,-0.0953,-0.0953,0.4000
TEL,22523,SAFE_DISABLED,-2.3630,-0.9746,0.0000,0.0000,0.00,0,0.0000,20,1,0,0.0000,0.0000,0,-14.6777,0.0000,idle,-2.3630,-0.9746,-2.3630,-0.9746,-0.9746,0.4000
TEL,22623,SAFE_DISABLED,-3.1881,-2.4066,0.0000,0.0000,0.00,0,0.0000,0,1,0,0.0000,0.0000,0,-14.6777,0.0000,idle,-3.1881,-2.4066,-3.1881,-2.4066,-2.4066,0.4000
TEL,22723,SAFE_DISABLED,-1.2227,-2.3535,0.0000,0.0000,0.00,0,0.0000,20,1,0,0.0000,0.0000,0,-14.6777,0.0000,idle,-1.2227,-2.3535,-1.2227,-2.3535,-2.3535,0.4000
TEL,22823,SAFE_DISABLED,-3.0819,-2.6823,0.0000,0.0000,0.00,0,0.0000,0,1,0,0.0000,0.0000,0,-14.6777,0.0000,idle,-3.0819,-2.6823,-3.0819,-2.6823,-2.6823,0.4000
TEL,22923,SAFE_DISABLED,-3.7331,-3.1038,0.0000,0.0000,0.00,0,0.0000,20,1,0,0.0000,0.0000,0,-14.6777,0.0000,idle,-3.7331,-3.1038,-3.7331,-3.1038,-3.1038,0.4000
TEL,23023,SAFE_DISABLED,-2.8722,-2.5758,0.0000,0.0000,0.00,0,0.0000,0,1,0,0.0000,0.0000,0,-14.6777,0.0000,idle,-2.8722,-2.5758,-2.8722,-2.5758,-2.5758,0.4000
TEL,23123,SAFE_DISABLED,-3.1881,-2.8658,0.0000,0.0000,0.00,0,0.0000,20,1,0,0.0000,0.0000,0,-14.6777,0.0000,idle,-3.1881,-2.8658,-3.1881,-2.8658,-2.8658,0.4000
TEL,23223,SAFE_DISABLED,-2.2636,-0.6561,0.0000,0.0000,0.00,0,0.0000,0,1,0,0.0000,0.0000,0,-14.6777,0.0000,idle,-2.2636,-0.6561,-2.2636,-0.6561,-0.6561,0.4000
TEL,23323,SAFE_DISABLED,-3.0819,-1.8492,0.0000,0.0000,0.00,0,0.0000,20,1,0,0.0000,0.0000,0,-14.6777,0.0000,idle,-3.0819,-1.8492,-3.0819,-1.8492,-1.8492,0.4000
TEL,23424,SAFE_DISABLED,6.4445,0.0928,0.0000,0.0000,0.00,0,0.0000,0,1,0,0.0000,0.0000,0,-14.6777,0.0000,idle,6.4445,0.0928,6.4445,0.0928,0.0928,0.4000
TEL,23524,SAFE_DISABLED,-2.7686,-1.1989,0.0000,0.0000,0.00,0,0.0000,20,1,0,0.0000,0.0000,0,-14.6777,0.0000,idle,-2.7686,-1.1989,-2.7686,-1.1989,-1.1989,0.4000
TEL,23624,SAFE_DISABLED,-3.5123,-2.6996,0.0000,0.0000,0.00,0,0.0000,0,1,0,0.0000,0.0000,0,-14.6777,0.0000,idle,-3.5123,-2.6996,-3.5123,-2.6996,-2.6996,0.4000
TEL,23724,SAFE_DISABLED,-2.0674,-0.6232,0.0000,0.0000,0.00,0,0.0000,20,1,0,0.0000,0.0000,0,-14.6777,0.0000,idle,-2.0674,-0.6232,-2.0674,-0.6232,-0.6232,0.4000
TEL,23824,SAFE_DISABLED,-3.1881,-2.2861,0.0000,0.0000,0.00,0,0.0000,0,1,0,0.0000,0.0000,0,-14.6777,0.0000,idle,-3.1881,-2.2861,-3.1881,-2.2861,-2.2861,0.4000
TEL,23924,SAFE_DISABLED,6.2039,0.0715,0.0000,0.0000,0.00,0,0.0000,20,1,0,0.0000,0.0000,0,-14.6777,0.0000,idle,6.2039,0.0715,6.2039,0.0715,0.0715,0.4000
TEL,24024,SAFE_DISABLED,-3.0819,-1.9190,0.0000,0.0000,0.00,0,0.0000,0,1,0,0.0000,0.0000,0,-14.6777,0.0000,idle,-3.0819,-1.9190,-3.0819,-1.9190,-1.9190,0.4000
TEL,24124,SAFE_DISABLED,-3.1881,-2.5663,0.0000,0.0000,0.00,0,0.0000,20,1,0,0.0000,0.0000,0,-14.6777,0.0000,idle,-3.1881,-2.5663,-3.1881,-2.5663,-2.5663,0.4000
TEL,24224,SAFE_DISABLED,-3.1881,-2.9748,0.0000,0.0000,0.00,0,0.0000,0,1,0,0.0000,0.0000,0,-14.6777,0.0000,idle,-3.1881,-2.9748,-3.1881,-2.9748,-2.9748,0.4000
TEL,24324,SAFE_DISABLED,-3.1881,-3.0836,0.0000,0.0000,0.00,0,0.0000,21,1,0,0.0000,0.0000,0,-14.6777,0.0000,idle,-3.1881,-3.0836,-3.1881,-3.0836,-3.0836,0.4000
TEL,24424,SAFE_DISABLED,-3.1881,-3.1523,0.0000,0.0000,0.00,0,0.0000,1,1,0,0.0000,0.0000,0,-14.6777,0.0000,idle,-3.1881,-3.1523,-3.1881,-3.1523,-3.1523,0.4000
TEL,24524,SAFE_DISABLED,-3.1881,-3.1706,0.0000,0.0000,0.00,0,0.0000,21,1,0,0.0000,0.0000,0,-14.6777,0.0000,idle,-3.1881,-3.1706,-3.1881,-3.1706,-3.1706,0.4000
TEL,24624,SAFE_DISABLED,-3.1881,-3.1821,0.0000,0.0000,0.00,0,0.0000,2,1,0,0.0000,0.0000,0,-14.6777,0.0000,idle,-3.1881,-3.1821,-3.1881,-3.1821,-3.1821,0.4000
TEL,24724,SAFE_DISABLED,-3.1881,-3.1852,0.0000,0.0000,0.00,0,0.0000,22,1,0,0.0000,0.0000,0,-14.6777,0.0000,idle,-3.1881,-3.1852,-3.1881,-3.1852,-3.1852,0.4000
TEL,24824,SAFE_DISABLED,-3.1881,-3.2029,0.0000,0.0000,0.00,0,0.0000,2,1,0,0.0000,0.0000,0,-14.6777,0.0000,idle,-3.1881,-3.2029,-3.1881,-3.2029,-3.2029,0.4000
TEL,24924,SAFE_DISABLED,-3.2953,-3.2275,0.0000,0.0000,0.00,0,0.0000,22,1,0,0.0000,0.0000,0,-14.6777,0.0000,idle,-3.2953,-3.2275,-3.2953,-3.2275,-3.2275,0.4000
TEL,25025,SAFE_DISABLED,-3.1881,-3.2016,0.0000,0.0000,0.00,0,0.0000,3,1,0,0.0000,0.0000,0,-14.6777,0.0000,idle,-3.1881,-3.2016,-3.1881,-3.2016,-3.2016,0.4000
TEL,25125,SAFE_DISABLED,-3.1881,-3.1948,0.0000,0.0000,0.00,0,0.0000,23,1,0,0.0000,0.0000,0,-14.6777,0.0000,idle,-3.1881,-3.1948,-3.1881,-3.1948,-3.1948,0.4000
TEL,25225,SAFE_DISABLED,-3.1881,-3.1904,0.0000,0.0000,0.00,0,0.0000,1,1,0,0.0000,0.0000,0,-14.6777,0.0000,idle,-3.1881,-3.1904,-3.1881,-3.1904,-3.1904,0.4000
TEL,25325,SAFE_DISABLED,-3.1881,-3.1893,0.0000,0.0000,0.00,0,0.0000,21,1,0,0.0000,0.0000,0,-14.6777,0.0000,idle,-3.1881,-3.1893,-3.1881,-3.1893,-3.1893,0.4000
TEL,25425,SAFE_DISABLED,-2.7686,-1.4289,0.0000,0.0000,0.00,0,0.0000,1,1,0,0.0000,0.0000,0,-14.6777,0.0000,idle,-2.7686,-1.4289,-2.7686,-1.4289,-1.4289,0.4000
TEL,25525,SAFE_DISABLED,-3.1881,-2.3038,0.0000,0.0000,0.00,0,0.0000,21,1,0,0.0000,0.0000,0,-14.6777,0.0000,idle,-3.1881,-2.3038,-3.1881,-2.3038,-2.3038,0.4000
TEL,25625,SAFE_DISABLED,-1.5906,-0.4678,0.0000,0.0000,0.00,0,0.0000,1,1,0,0.0000,0.0000,0,-14.6777,0.0000,idle,-1.5906,-0.4678,-1.5906,-0.4678,-0.4678,0.4000
TEL,25725,SAFE_DISABLED,-2.9766,-1.6821,0.0000,0.0000,0.00,0,0.0000,21,1,0,0.0000,0.0000,0,-14.6777,0.0000,idle,-2.9766,-1.6821,-2.9766,-1.6821,-1.6821,0.4000
TEL,25825,SAFE_DISABLED,5.6545,1.2811,0.0000,0.0000,0.00,0,0.0000,1,1,0,0.0000,0.0000,0,-14.6777,0.0000,idle,5.6545,1.2811,5.6545,1.2811,1.2811,0.4000
TEL,25925,SAFE_DISABLED,-2.3630,-0.3570,0.0000,0.0000,0.00,0,0.0000,21,1,0,0.0000,0.0000,0,-14.6777,0.0000,idle,-2.3630,-0.3570,-2.3630,-0.3570,-0.3570,0.4000
TEL,26025,SAFE_DISABLED,-3.1881,-2.1860,0.0000,0.0000,0.00,0,0.0000,1,1,0,0.0000,0.0000,0,-14.6777,0.0000,idle,-3.1881,-2.1860,-3.1881,-2.1860,-2.1860,0.4000
TEL,26125,SAFE_DISABLED,-1.4052,-0.2869,0.0000,0.0000,0.00,0,0.0000,21,1,0,0.0000,0.0000,0,-14.6777,0.0000,idle,-1.4052,-0.2869,-1.4052,-0.2869,-0.2869,0.4000
TEL,26225,SAFE_DISABLED,-3.0819,-2.0250,0.0000,0.0000,0.00,0,0.0000,1,1,0,0.0000,0.0000,0,-14.6777,0.0000,idle,-3.0819,-2.0250,-3.0819,-2.0250,-2.0250,0.4000
TEL,26326,SAFE_DISABLED,5.3870,-0.0457,0.0000,0.0000,0.00,0,0.0000,21,1,0,0.0000,0.0000,0,-14.6777,0.0000,idle,5.3870,-0.0457,5.3870,-0.0457,-0.0457,0.4000
ERR,sonar_not_ready
TEL,26762,SAFE_DISABLED,-3.1881,-2.7218,0.0000,0.0000,0.00,0,0.0000,0,1,0,0.0000,0.0000,0,-14.6777,0.0000,idle,-3.1881,-2.7218,-3.1881,-2.7218,-2.7218,0.4000
TEL,26862,SAFE_DISABLED,-3.1881,-2.9373,0.0000,0.0000,0.00,0,0.0000,20,1,0,0.0000,0.0000,0,-14.6777,0.0000,idle,-3.1881,-2.9373,-3.1881,-2.9373,-2.9373,0.4000
TEL,26962,SAFE_DISABLED,-3.1881,-3.0652,0.0000,0.0000,0.00,0,0.0000,20,1,0,0.0000,0.0000,0,-14.6777,0.0000,idle,-3.1881,-3.0652,-3.1881,-3.0652,-3.0652,0.4000
TEL,27062,SAFE_DISABLED,5.2035,0.6842,0.0000,0.0000,0.00,0,0.0000,0,1,0,0.0000,0.0000,0,-14.6777,0.0000,idle,5.2035,0.6842,5.2035,0.6842,0.6842,0.4000
TEL,27162,SAFE_DISABLED,-2.5641,-0.6530,0.0000,0.0000,0.00,0,0.0000,20,1,0,0.0000,0.0000,0,-14.6777,0.0000,idle,-2.5641,-0.6530,-2.5641,-0.6530,-0.6530,0.4000
TEL,27262,SAFE_DISABLED,-3.1881,-2.2875,0.0000,0.0000,0.00,0,0.0000,0,1,0,0.0000,0.0000,0,-14.6777,0.0000,idle,-3.1881,-2.2875,-3.1881,-2.2875,-2.2875,0.4000
TEL,27362,SAFE_DISABLED,-1.4052,-0.3096,0.0000,0.0000,0.00,0,0.0000,20,1,0,0.0000,0.0000,0,-14.6777,0.0000,idle,-1.4052,-0.3096,-1.4052,-0.3096,-0.3096,0.4000
TEL,27462,SAFE_DISABLED,-3.1881,-2.0647,0.0000,0.0000,0.00,0,0.0000,0,1,0,0.0000,0.0000,0,-14.6777,0.0000,idle,-3.1881,-2.0647,-3.1881,-2.0647,-2.0647,0.4000
TEL,27563,SAFE_DISABLED,5.4772,-0.0380,0.0000,0.0000,0.00,0,0.0000,20,1,0,0.0000,0.0000,0,-14.6777,0.0000,idle,5.4772,-0.0380,5.4772,-0.0380,-0.0380,0.4000
TEL,27663,SAFE_DISABLED,-2.9766,-1.6242,0.0000,0.0000,0.00,0,0.0000,0,1,0,0.0000,0.0000,0,-14.6777,0.0000,idle,-2.9766,-1.6242,-2.9766,-1.6242,-1.6242,0.4000
TEL,27763,SAFE_DISABLED,-3.1881,-2.3995,0.0000,0.0000,0.00,0,0.0000,20,1,0,0.0000,0.0000,0,-14.6777,0.0000,idle,-3.1881,-2.3995,-3.1881,-2.3995,-2.3995,0.4000
TEL,27863,SAFE_DISABLED,-2.5641,-2.2260,0.0000,0.0000,0.00,0,0.0000,0,1,0,0.0000,0.0000,0,-14.6777,0.0000,idle,-2.5641,-2.2260,-2.5641,-2.2260,-2.2260,0.4000
TEL,27963,SAFE_DISABLED,-3.0819,-2.6404,0.0000,0.0000,0.00,0,0.0000,20,1,0,0.0000,0.0000,0,-14.6777,0.0000,idle,-3.0819,-2.6404,-3.0819,-2.6404,-2.6404,0.4000
TEL,28063,SAFE_DISABLED,-0.1856,-2.2611,0.0000,0.0000,0.00,0,0.0000,0,1,0,0.0000,0.0000,0,-14.6777,0.0000,idle,-0.1856,-2.2611,-0.1856,-2.2611,-2.2611,0.4000
TEL,28163,SAFE_DISABLED,-2.8722,-2.4658,0.0000,0.0000,0.00,0,0.0000,20,1,0,0.0000,0.0000,0,-14.6777,0.0000,idle,-2.8722,-2.4658,-2.8722,-2.4658,-2.4658,0.4000
TEL,28263,SAFE_DISABLED,-3.7331,-3.0883,0.0000,0.0000,0.00,0,0.0000,0,1,0,0.0000,0.0000,0,-14.6777,0.0000,idle,-3.7331,-3.0883,-3.7331,-3.0883,-3.0883,0.4000
TEL,28363,SAFE_DISABLED,-1.9705,-2.1090,0.0000,0.0000,0.00,0,0.0000,20,1,0,0.0000,0.0000,0,-14.6777,0.0000,idle,-1.9705,-2.1090,-1.9705,-2.1090,-2.1090,0.4000
TEL,28463,SAFE_DISABLED,-3.1881,-2.7957,0.0000,0.0000,0.00,0,0.0000,0,1,0,0.0000,0.0000,0,-14.6777,0.0000,idle,-3.1881,-2.7957,-3.1881,-2.7957,-2.7957,0.4000
TEL,28563,SAFE_DISABLED,6.4445,-0.2440,0.0000,0.0000,0.00,0,0.0000,20,1,0,0.0000,0.0000,0,-14.6777,0.0000,idle,6.4445,-0.2440,6.4445,-0.2440,-0.2440,0.4000
TEL,28663,SAFE_DISABLED,-3.0819,-1.9224,0.0000,0.0000,0.00,0,0.0000,0,1,0,0.0000,0.0000,0,-14.6777,0.0000,idle,-3.0819,-1.9224,-3.0819,-1.9224,-1.9224,0.4000
TEL,28763,SAFE_DISABLED,-3.5123,-2.6652,0.0000,0.0000,0.00,0,0.0000,20,1,0,0.0000,0.0000,0,-14.6777,0.0000,idle,-3.5123,-2.6652,-3.5123,-2.6652,-2.6652,0.4000
TEL,28863,SAFE_DISABLED,-2.7686,-1.2112,0.0000,0.0000,0.00,0,0.0000,0,1,0,0.0000,0.0000,0,-14.6777,0.0000,idle,-2.7686,-1.2112,-2.7686,-1.2112,-1.2112,0.4000
TEL,28963,SAFE_DISABLED,-3.1881,-2.1971,0.0000,0.0000,0.00,0,0.0000,20,1,0,0.0000,0.0000,0,-14.6777,0.0000,idle,-3.1881,-2.1971,-3.1881,-2.1971,-2.1971,0.4000
TEL,29063,SAFE_DISABLED,-1.9705,-0.3861,0.0000,0.0000,0.00,0,0.0000,0,1,0,0.0000,0.0000,0,-14.6777,0.0000,idle,-1.9705,-0.3861,-1.9705,-0.3861,-0.3861,0.4000
TEL,29163,SAFE_DISABLED,-3.0819,-1.6952,0.0000,0.0000,0.00,0,0.0000,20,1,0,0.0000,0.0000,0,-14.6777,0.0000,idle,-3.0819,-1.6952,-3.0819,-1.6952,-1.6952,0.4000
TEL,29263,SAFE_DISABLED,6.1630,0.1068,0.0000,0.0000,0.00,0,0.0000,0,1,0,0.0000,0.0000,0,-14.6777,0.0000,idle,6.1630,0.1068,6.1630,0.1068,0.1068,0.4000
TEL,29363,SAFE_DISABLED,-2.7686,-1.2124,0.0000,0.0000,0.00,0,0.0000,20,1,0,0.0000,0.0000,0,-14.6777,0.0000,idle,-2.7686,-1.2124,-2.7686,-1.2124,-1.2124,0.4000
TEL,29463,SAFE_DISABLED,-3.1881,-2.4794,0.0000,0.0000,0.00,0,0.0000,0,1,0,0.0000,0.0000,0,-14.6777,0.0000,idle,-3.1881,-2.4794,-3.1881,-2.4794,-2.4794,0.4000
TEL,29563,SAFE_DISABLED,-1.2227,-0.2875,0.0000,0.0000,0.00,0,0.0000,20,1,0,0.0000,0.0000,0,-14.6777,0.0000,idle,-1.2227,-0.2875,-1.2227,-0.2875,-0.2875,0.4000
TEL,29663,SAFE_DISABLED,-3.1881,-2.1488,0.0000,0.0000,0.00,0,0.0000,0,1,0,0.0000,0.0000,0,-14.6777,0.0000,idle,-3.1881,-2.1488,-3.1881,-2.1488,-2.1488,0.4000
TEL,29763,SAFE_DISABLED,6.1219,0.1142,0.0000,0.0000,0.00,0,0.0000,20,1,0,0.0000,0.0000,0,-14.6777,0.0000,idle,6.1219,0.1142,6.1219,0.1142,0.1142,0.4000
TEL,29863,SAFE_DISABLED,-2.9766,-1.5934,0.0000,0.0000,0.00,0,0.0000,0,1,0,0.0000,0.0000,0,-14.6777,0.0000,idle,-2.9766,-1.5934,-2.9766,-1.5934,-1.5934,0.4000
TEL,29963,SAFE_DISABLED,-3.1881,-2.4067,0.0000,0.0000,0.00,0,0.0000,20,1,0,0.0000,0.0000,0,-14.6777,0.0000,idle,-3.1881,-2.4067,-3.1881,-2.4067,-2.4067,0.4000
TEL,30063,SAFE_DISABLED,-2.5641,-1.0400,0.0000,0.0000,0.00,0,0.0000,0,1,0,0.0000,0.0000,0,-14.6777,0.0000,idle,-2.5641,-1.0400,-2.5641,-1.0400,-1.0400,0.4000
TEL,30163,SAFE_DISABLED,-3.1881,-2.0911,0.0000,0.0000,0.00,0,0.0000,20,1,0,0.0000,0.0000,0,-14.6777,0.0000,idle,-3.1881,-2.0911,-3.1881,-2.0911,-2.0911,0.4000
ERR,sonar_not_ready
TEL,30665,SAFE_DISABLED,-3.1881,0.6872,0.0000,0.0000,0.00,0,0.0000,0,1,0,0.0000,0.0000,0,-14.6777,0.0000,idle,-3.1881,0.6872,-3.1881,0.6872,0.6872,0.4000
TEL,30765,SAFE_DISABLED,-3.2953,-1.3213,0.0000,0.0000,0.00,0,0.0000,20,1,0,0.0000,0.0000,0,-14.6777,0.0000,idle,-3.2953,-1.3213,-3.2953,-1.3213,-1.3213,0.4000
TEL,30865,SAFE_DISABLED,-3.1881,-2.2734,0.0000,0.0000,0.00,0,0.0000,21,1,0,0.0000,0.0000,0,-14.6777,0.0000,idle,-3.1881,-2.2734,-3.1881,-2.2734,-2.2734,0.4000
TEL,30965,SAFE_DISABLED,-3.1881,-2.8969,0.0000,0.0000,0.00,0,0.0000,12,1,0,0.0000,0.0000,0,-14.6777,0.0000,idle,-3.1881,-2.8969,-3.1881,-2.8969,-2.8969,0.4000
TEL,31065,SAFE_DISABLED,-3.2953,-3.1001,0.0000,0.0000,0.00,0,0.0000,34,1,0,0.0000,0.0000,0,-14.6777,0.0000,idle,-3.2953,-3.1001,-3.2953,-3.1001,-3.1001,0.4000
TEL,31165,SAFE_DISABLED,6.1219,-0.3874,0.0000,0.0000,0.00,0,0.0000,14,1,0,0.0000,0.0000,0,-14.6777,0.0000,idle,6.1219,-0.3874,6.1219,-0.3874,-0.3874,0.4000
TEL,31265,SAFE_DISABLED,-2.6659,-1.3832,0.0000,0.0000,0.00,0,0.0000,34,1,0,0.0000,0.0000,0,-14.6777,0.0000,idle,-2.6659,-1.3832,-2.6659,-1.3832,-1.3832,0.4000
TEL,31365,SAFE_DISABLED,-3.1881,-2.5311,0.0000,0.0000,0.00,0,0.0000,15,1,0,0.0000,0.0000,0,-14.6777,0.0000,idle,-3.1881,-2.5311,-3.1881,-2.5311,-2.5311,0.4000
TEL,31465,SAFE_DISABLED,-1.2227,-2.4382,0.0000,0.0000,0.00,0,0.0000,35,1,0,0.0000,0.0000,0,-14.6777,0.0000,idle,-1.2227,-2.4382,-1.2227,-2.4382,-2.4382,0.4000
TEL,31565,SAFE_DISABLED,-3.0819,-2.6968,0.0000,0.0000,0.00,0,0.0000,15,1,0,0.0000,0.0000,0,-14.6777,0.0000,idle,-3.0819,-2.6968,-3.0819,-2.6968,-2.6968,0.4000
ERR,sonar_not_ready
TEL,32035,SAFE_DISABLED,-3.1881,-2.1385,0.0000,0.0000,0.00,0,0.0000,0,1,0,0.0000,0.0000,0,-14.6777,0.0000,idle,-3.1881,-2.1385,-3.1881,-2.1385,-2.1385,0.4000
TEL,32135,SAFE_DISABLED,-2.4631,-1.9321,0.0000,0.0000,0.00,0,0.0000,20,1,0,0.0000,0.0000,0,-14.6777,0.0000,idle,-2.4631,-1.9321,-2.4631,-1.9321,-1.9321,0.4000
TEL,32235,SAFE_DISABLED,-3.1881,-2.6886,0.0000,0.0000,0.00,0,0.0000,0,1,0,0.0000,0.0000,0,-14.6777,0.0000,idle,-3.1881,-2.6886,-3.1881,-2.6886,-2.6886,0.4000
TEL,32335,SAFE_DISABLED,0.2192,-1.9892,0.0000,0.0000,0.00,0,0.0000,1,1,0,0.0000,0.0000,0,-14.6777,0.0000,idle,0.2192,-1.9892,0.2192,-1.9892,-1.9892,0.4000
TEL,32435,SAFE_DISABLED,-2.7686,-2.2600,0.0000,0.0000,0.00,0,0.0000,33,1,0,0.0000,0.0000,0,-14.6777,0.0000,idle,-2.7686,-2.2600,-2.7686,-2.2600,-2.2600,0.4000
TEL,32535,SAFE_DISABLED,-3.5123,-2.9514,0.0000,0.0000,0.00,0,0.0000,13,1,0,0.0000,0.0000,0,-14.6777,0.0000,idle,-3.5123,-2.9514,-3.5123,-2.9514,-2.9514,0.4000
TEL,32635,SAFE_DISABLED,-2.1651,-0.7590,0.0000,0.0000,0.00,0,0.0000,33,1,0,0.0000,0.0000,0,-14.6777,0.0000,idle,-2.1651,-0.7590,-2.1651,-0.7590,-0.7590,0.4000
TEL,32735,SAFE_DISABLED,-3.1881,-2.2862,0.0000,0.0000,0.00,0,0.0000,13,1,0,0.0000,0.0000,0,-14.6777,0.0000,idle,-3.1881,-2.2862,-3.1881,-2.2862,-2.2862,0.4000
TEL,32835,SAFE_DISABLED,6.4050,0.0637,0.0000,0.0000,0.00,0,0.0000,33,1,0,0.0000,0.0000,0,-14.6777,0.0000,idle,6.4050,0.0637,6.4050,0.0637,0.0637,0.4000
TEL,32935,SAFE_DISABLED,-3.0819,-1.7881,0.0000,0.0000,0.00,0,0.0000,13,1,0,0.0000,0.0000,0,-14.6777,0.0000,idle,-3.0819,-1.7881,-3.0819,-1.7881,-1.7881,0.4000
TEL,33035,SAFE_DISABLED,-3.2953,-2.5342,0.0000,0.0000,0.00,0,0.0000,33,1,0,0.0000,0.0000,0,-14.6777,0.0000,idle,-3.2953,-2.5342,-3.2953,-2.5342,-2.5342,0.4000
TEL,33135,SAFE_DISABLED,-2.5641,-1.1141,0.0000,0.0000,0.00,0,0.0000,13,1,0,0.0000,0.0000,0,-14.6777,0.0000,idle,-2.5641,-1.1141,-2.5641,-1.1141,-1.1141,0.4000
TEL,33235,SAFE_DISABLED,-3.1881,-2.1275,0.0000,0.0000,0.00,0,0.0000,33,1,0,0.0000,0.0000,0,-14.6777,0.0000,idle,-3.1881,-2.1275,-3.1881,-2.1275,-2.1275,0.4000
TEL,33335,SAFE_DISABLED,-1.9705,-0.4697,0.0000,0.0000,0.00,0,0.0000,13,1,0,0.0000,0.0000,0,-14.6777,0.0000,idle,-1.9705,-0.4697,-1.9705,-0.4697,-0.4697,0.4000
TEL,33435,SAFE_DISABLED,-3.0819,-1.7361,0.0000,0.0000,0.00,0,0.0000,33,1,0,0.0000,0.0000,0,-14.6777,0.0000,idle,-3.0819,-1.7361,-3.0819,-1.7361,-1.7361,0.4000
TEL,33536,SAFE_DISABLED,6.1219,0.1029,0.0000,0.0000,0.00,0,0.0000,13,1,0,0.0000,0.0000,0,-14.6777,0.0000,idle,6.1219,0.1029,6.1219,0.1029,0.1029,0.4000
TEL,33636,SAFE_DISABLED,-2.6659,-1.1031,0.0000,0.0000,0.00,0,0.0000,33,1,0,0.0000,0.0000,0,-14.6777,0.0000,idle,-2.6659,-1.1031,-2.6659,-1.1031,-1.1031,0.4000
TEL,33736,SAFE_DISABLED,-3.2953,-2.4740,0.0000,0.0000,0.00,0,0.0000,13,1,0,0.0000,0.0000,0,-14.6777,0.0000,idle,-3.2953,-2.4740,-3.2953,-2.4740,-2.4740,0.4000
TEL,33836,SAFE_DISABLED,-1.4052,-2.1937,0.0000,0.0000,0.00,0,0.0000,33,1,0,0.0000,0.0000,0,-14.6777,0.0000,idle,-1.4052,-2.1937,-1.4052,-2.1937,-2.1937,0.4000
TEL,33936,SAFE_DISABLED,-3.1881,-2.7330,0.0000,0.0000,0.00,0,0.0000,13,1,0,0.0000,0.0000,0,-14.6777,0.0000,idle,-3.1881,-2.7330,-3.1881,-2.7330,-2.7330,0.4000
TEL,34036,SAFE_DISABLED,5.8278,-0.2603,0.0000,0.0000,0.00,0,0.0000,33,1,0,0.0000,0.0000,0,-14.6777,0.0000,idle,5.8278,-0.2603,5.8278,-0.2603,-0.2603,0.4000
TEL,34136,SAFE_DISABLED,-2.9766,-1.7546,0.0000,0.0000,0.00,0,0.0000,14,1,0,0.0000,0.0000,0,-14.6777,0.0000,idle,-2.9766,-1.7546,-2.9766,-1.7546,-1.7546,0.4000
TEL,34236,SAFE_DISABLED,-3.1881,-2.4857,0.0000,0.0000,0.00,0,0.0000,34,1,0,0.0000,0.0000,0,-14.6777,0.0000,idle,-3.1881,-2.4857,-3.1881,-2.4857,-2.4857,0.4000
ERR,sonar_not_ready
TEL,34758,SAFE_DISABLED,-3.1881,-2.0166,0.0000,0.0000,0.00,0,0.0000,0,1,0,0.0000,0.0000,0,-14.6777,0.0000,idle,-3.1881,-2.0166,-3.1881,-2.0166,-2.0166,0.4000
TEL,34859,SAFE_DISABLED,-3.1881,-2.6141,0.0000,0.0000,0.00,0,0.0000,21,1,0,0.0000,0.0000,0,-14.6777,0.0000,idle,-3.1881,-2.6141,-3.1881,-2.6141,-2.6141,0.4000
TEL,34959,SAFE_DISABLED,-3.1881,-2.9756,0.0000,0.0000,0.00,0,0.0000,1,1,0,0.0000,0.0000,0,-14.6777,0.0000,idle,-3.1881,-2.9756,-3.1881,-2.9756,-2.9756,0.4000
TEL,35059,SAFE_DISABLED,-3.1881,-3.0840,0.0000,0.0000,0.00,0,0.0000,21,1,0,0.0000,0.0000,0,-14.6777,0.0000,idle,-3.1881,-3.0840,-3.1881,-3.0840,-3.0840,0.4000
TEL,35159,SAFE_DISABLED,-3.1881,-3.1524,0.0000,0.0000,0.00,0,0.0000,1,1,0,0.0000,0.0000,0,-14.6777,0.0000,idle,-3.1881,-3.1524,-3.1881,-3.1524,-3.1524,0.4000
TEL,35259,SAFE_DISABLED,-3.2953,-3.2253,0.0000,0.0000,0.00,0,0.0000,2,1,0,0.0000,0.0000,0,-14.6777,0.0000,idle,-3.2953,-3.2253,-3.2953,-3.2253,-3.2253,0.4000
TEL,35359,SAFE_DISABLED,-3.2953,-3.2610,0.0000,0.0000,0.00,0,0.0000,33,1,0,0.0000,0.0000,0,-14.6777,0.0000,idle,-3.2953,-3.2610,-3.2953,-3.2610,-3.2610,0.4000
TEL,35459,SAFE_DISABLED,-3.2953,-3.2678,0.0000,0.0000,0.00,0,0.0000,14,1,0,0.0000,0.0000,0,-14.6777,0.0000,idle,-3.2953,-3.2678,-3.2953,-3.2678,-3.2678,0.4000
TEL,35559,SAFE_DISABLED,-3.2953,-3.2818,0.0000,0.0000,0.00,0,0.0000,34,1,0,0.0000,0.0000,0,-14.6777,0.0000,idle,-3.2953,-3.2818,-3.2953,-3.2818,-3.2818,0.4000
TEL,35659,SAFE_DISABLED,-3.1881,-3.2428,0.0000,0.0000,0.00,0,0.0000,14,1,0,0.0000,0.0000,0,-14.6777,0.0000,idle,-3.1881,-3.2428,-3.1881,-3.2428,-3.2428,0.4000
TEL,35759,SAFE_DISABLED,-3.2953,-3.2470,0.0000,0.0000,0.00,0,0.0000,34,1,0,0.0000,0.0000,0,-14.6777,0.0000,idle,-3.2953,-3.2470,-3.2953,-3.2470,-3.2470,0.4000
TEL,35859,SAFE_DISABLED,-3.2953,-3.2562,0.0000,0.0000,0.00,0,0.0000,14,1,0,0.0000,0.0000,0,-14.6777,0.0000,idle,-3.2953,-3.2562,-3.2953,-3.2562,-3.2562,0.4000
TEL,35959,SAFE_DISABLED,5.2498,-0.6901,0.0000,0.0000,0.00,0,0.0000,34,1,0,0.0000,0.0000,0,-14.6777,0.0000,idle,5.2498,-0.6901,5.2498,-0.6901,-0.6901,0.4000
TEL,36059,SAFE_DISABLED,-2.8722,-1.7690,0.0000,0.0000,0.00,0,0.0000,14,1,0,0.0000,0.0000,0,-14.6777,0.0000,idle,-2.8722,-1.7690,-2.8722,-1.7690,-1.7690,0.4000
TEL,36159,SAFE_DISABLED,-3.1881,-2.4927,0.0000,0.0000,0.00,0,0.0000,34,1,0,0.0000,0.0000,0,-14.6777,0.0000,idle,-3.1881,-2.4927,-3.1881,-2.4927,-2.4927,0.4000
TEL,36259,SAFE_DISABLED,-2.2636,-2.2252,0.0000,0.0000,0.00,0,0.0000,14,1,0,0.0000,0.0000,0,-14.6777,0.0000,idle,-2.2636,-2.2252,-2.2636,-2.2252,-2.2252,0.4000
TEL,36359,SAFE_DISABLED,-3.0819,-2.6845,0.0000,0.0000,0.00,0,0.0000,34,1,0,0.0000,0.0000,0,-14.6777,0.0000,idle,-3.0819,-2.6845,-3.0819,-2.6845,-2.6845,0.4000
TEL,36459,SAFE_DISABLED,5.8278,-0.3106,0.0000,0.0000,0.00,0,0.0000,14,1,0,0.0000,0.0000,0,-14.6777,0.0000,idle,5.8278,-0.3106,5.8278,-0.3106,-0.3106,0.4000
TEL,36559,SAFE_DISABLED,-2.8722,-1.5101,0.0000,0.0000,0.00,0,0.0000,34,1,0,0.0000,0.0000,0,-14.6777,0.0000,idle,-2.8722,-1.5101,-2.8722,-1.5101,-1.5101,0.4000
TEL,36659,SAFE_DISABLED,-3.7331,-2.7604,0.0000,0.0000,0.00,0,0.0000,14,1,0,0.0000,0.0000,0,-14.6777,0.0000,idle,-3.7331,-2.7604,-3.7331,-2.7604,-2.7604,0.4000
TEL,36759,SAFE_DISABLED,-2.1651,-1.9897,0.0000,0.0000,0.00,0,0.0000,34,1,0,0.0000,0.0000,0,-14.6777,0.0000,idle,-2.1651,-1.9897,-2.1651,-1.9897,-1.9897,0.4000
TEL,36859,SAFE_DISABLED,-3.1881,-2.7083,0.0000,0.0000,0.00,0,0.0000,14,1,0,0.0000,0.0000,0,-14.6777,0.0000,idle,-3.1881,-2.7083,-3.1881,-2.7083,-2.7083,0.4000
TEL,36959,SAFE_DISABLED,6.2850,0.1446,0.0000,0.0000,0.00,0,0.0000,34,1,0,0.0000,0.0000,0,-14.6777,0.0000,idle,6.2850,0.1446,6.2850,0.1446,0.1446,0.4000
TEL,37059,SAFE_DISABLED,-2.9766,-1.7287,0.0000,0.0000,0.00,0,0.0000,14,1,0,0.0000,0.0000,0,-14.6777,0.0000,idle,-2.9766,-1.7287,-2.9766,-1.7287,-1.7287,0.4000
TEL,37159,SAFE_DISABLED,-3.5123,-2.5703,0.0000,0.0000,0.00,0,0.0000,34,1,0,0.0000,0.0000,0,-14.6777,0.0000,idle,-3.5123,-2.5703,-3.5123,-2.5703,-2.5703,0.4000
TEL,37259,SAFE_DISABLED,-2.7686,-1.1903,0.0000,0.0000,0.00,0,0.0000,14,1,0,0.0000,0.0000,0,-14.6777,0.0000,idle,-2.7686,-1.1903,-2.7686,-1.1903,-1.1903,0.4000
TEL,37359,SAFE_DISABLED,-3.1881,-2.1869,0.0000,0.0000,0.00,0,0.0000,34,1,0,0.0000,0.0000,0,-14.6777,0.0000,idle,-3.1881,-2.1869,-3.1881,-2.1869,-2.1869,0.4000
TEL,37459,SAFE_DISABLED,-1.7790,-0.5319,0.0000,0.0000,0.00,0,0.0000,14,1,0,0.0000,0.0000,0,-14.6777,0.0000,idle,-1.7790,-0.5319,-1.7790,-0.5319,-0.5319,0.4000
TEL,37559,SAFE_DISABLED,-3.0819,-1.8547,0.0000,0.0000,0.00,0,0.0000,34,1,0,0.0000,0.0000,0,-14.6777,0.0000,idle,-3.0819,-1.8547,-3.0819,-1.8547,-1.8547,0.4000
TEL,37659,SAFE_DISABLED,5.9130,-0.0004,0.0000,0.0000,0.00,0,0.0000,14,1,0,0.0000,0.0000,0,-14.6777,0.0000,idle,5.9130,-0.0004,5.9130,-0.0004,-0.0004,0.4000
TEL,37760,SAFE_DISABLED,-2.3630,-0.8910,0.0000,0.0000,0.00,0,0.0000,34,1,0,0.0000,0.0000,0,-14.6777,0.0000,idle,-2.3630,-0.8910,-2.3630,-0.8910,-0.8910,0.4000
TEL,37860,SAFE_DISABLED,-3.1881,-2.3846,0.0000,0.0000,0.00,0,0.0000,14,1,0,0.0000,0.0000,0,-14.6777,0.0000,idle,-3.1881,-2.3846,-3.1881,-2.3846,-2.3846,0.4000
TEL,37960,SAFE_DISABLED,-1.7790,-2.2836,0.0000,0.0000,0.00,0,0.0000,34,1,0,0.0000,0.0000,0,-14.6777,0.0000,idle,-1.7790,-2.2836,-1.7790,-2.2836,-2.2836,0.4000
TEL,38060,SAFE_DISABLED,-3.1881,-2.7638,0.0000,0.0000,0.00,0,0.0000,14,1,0,0.0000,0.0000,0,-14.6777,0.0000,idle,-3.1881,-2.7638,-3.1881,-2.7638,-2.7638,0.4000
TEL,38160,SAFE_DISABLED,5.7848,0.0861,0.0000,0.0000,0.00,0,0.0000,34,1,0,0.0000,0.0000,0,-14.6777,0.0000,idle,5.7848,0.0861,5.7848,0.0861,0.0861,0.4000
TEL,38260,SAFE_DISABLED,-2.9766,-1.6357,0.0000,0.0000,0.00,0,0.0000,14,1,0,0.0000,0.0000,0,-14.6777,0.0000,idle,-2.9766,-1.6357,-2.9766,-1.6357,-1.6357,0.4000
TEL,38360,SAFE_DISABLED,-3.1881,-0.4724,0.0000,0.0000,0.00,0,0.0000,34,1,0,0.0000,0.0000,0,-14.6777,0.0000,idle,-3.1881,-0.4724,-3.1881,-0.4724,-0.4724,0.4000
TEL,38460,SAFE_DISABLED,-2.7686,-1.9882,0.0000,0.0000,0.00,0,0.0000,13,1,0,0.0000,0.0000,0,-14.6777,0.0000,idle,-2.7686,-1.9882,-2.7686,-1.9882,-1.9882,0.4000
TEL,38560,SAFE_DISABLED,-3.1881,-2.5779,0.0000,0.0000,0.00,0,0.0000,33,1,0,0.0000,0.0000,0,-14.6777,0.0000,idle,-3.1881,-2.5779,-3.1881,-2.5779,-2.5779,0.4000
TEL,38660,SAFE_DISABLED,-1.9705,-0.6888,0.0000,0.0000,0.00,0,0.0000,14,1,0,0.0000,0.0000,0,-14.6777,0.0000,idle,-1.9705,-0.6888,-1.9705,-0.6888,-0.6888,0.4000
TEL,38760,SAFE_DISABLED,-2.9766,-1.8119,0.0000,0.0000,0.00,0,0.0000,34,1,0,0.0000,0.0000,0,-14.6777,0.0000,idle,-2.9766,-1.8119,-2.9766,-1.8119,-1.8119,0.4000
TEL,38860,SAFE_DISABLED,6.0390,0.0521,0.0000,0.0000,0.00,0,0.0000,14,1,0,0.0000,0.0000,0,-14.6777,0.0000,idle,6.0390,0.0521,6.0390,0.0521,0.0521,0.4000
TEL,38960,SAFE_DISABLED,-2.5641,-1.1173,0.0000,0.0000,0.00,0,0.0000,35,1,0,0.0000,0.0000,0,-14.6777,0.0000,idle,-2.5641,-1.1173,-2.5641,-1.1173,-1.1173,0.4000
TEL,39060,SAFE_DISABLED,-3.1881,-2.4468,0.0000,0.0000,0.00,0,0.0000,14,1,0,0.0000,0.0000,0,-14.6777,0.0000,idle,-3.1881,-2.4468,-3.1881,-2.4468,-2.4468,0.4000
TEL,39160,SAFE_DISABLED,-1.9705,-0.4958,0.0000,0.0000,0.00,0,0.0000,34,1,0,0.0000,0.0000,0,-14.6777,0.0000,idle,-1.9705,-0.4958,-1.9705,-0.4958,-0.4958,0.4000
TEL,39260,SAFE_DISABLED,-3.1881,-2.2647,0.0000,0.0000,0.00,0,0.0000,1,1,0,0.0000,0.0000,0,-14.6777,0.0000,idle,-3.1881,-2.2647,-3.1881,-2.2647,-2.2647,0.4000
TEL,39361,SAFE_DISABLED,-3.1881,-2.7356,0.0000,0.0000,0.00,0,0.0000,22,1,0,0.0000,0.0000,0,-14.6777,0.0000,idle,-3.1881,-2.7356,-3.1881,-2.7356,-2.7356,0.4000
TEL,39461,SAFE_DISABLED,-3.1881,-3.0554,0.0000,0.0000,0.00,0,0.0000,2,1,0,0.0000,0.0000,0,-14.6777,0.0000,idle,-3.1881,-3.0554,-3.1881,-3.0554,-3.0554,0.4000
TEL,39561,SAFE_DISABLED,-3.2953,-3.1777,0.0000,0.0000,0.00,0,0.0000,22,1,0,0.0000,0.0000,0,-14.6777,0.0000,idle,-3.2953,-3.1777,-3.2953,-3.1777,-3.1777,0.4000
TEL,39661,SAFE_DISABLED,-3.2953,-3.2392,0.0000,0.0000,0.00,0,0.0000,2,1,0,0.0000,0.0000,0,-14.6777,0.0000,idle,-3.2953,-3.2392,-3.2953,-3.2392,-3.2392,0.4000
TEL,39761,SAFE_DISABLED,-3.2953,-3.2678,0.0000,0.0000,0.00,0,0.0000,22,1,0,0.0000,0.0000,0,-14.6777,0.0000,idle,-3.2953,-3.2678,-3.2953,-3.2678,-3.2678,0.4000
TEL,39861,SAFE_DISABLED,-3.1881,-3.2155,0.0000,0.0000,0.00,0,0.0000,1,1,0,0.0000,0.0000,0,-14.6777,0.0000,idle,-3.1881,-3.2155,-3.1881,-3.2155,-3.2155,0.4000
TEL,39961,SAFE_DISABLED,-3.5123,-3.2988,0.0000,0.0000,0.00,0,0.0000,20,1,0,0.0000,0.0000,0,-14.6777,0.0000,idle,-3.5123,-3.2988,-3.5123,-3.2988,-3.2988,0.4000
TEL,40062,SAFE_DISABLED,-2.8722,-2.4689,0.0000,0.0000,0.00,0,0.0000,0,1,0,0.0000,0.0000,0,-14.6777,0.0000,idle,-2.8722,-2.4689,-2.8722,-2.4689,-2.4689,0.4000
TEL,40162,SAFE_DISABLED,-3.1881,-2.8134,0.0000,0.0000,0.00,0,0.0000,20,1,0,0.0000,0.0000,0,-14.6777,0.0000,idle,-3.1881,-2.8134,-3.1881,-2.8134,-2.8134,0.4000
TEL,40262,SAFE_DISABLED,-2.0674,-0.7648,0.0000,0.0000,0.00,0,0.0000,0,1,0,0.0000,0.0000,0,-14.6777,0.0000,idle,-2.0674,-0.7648,-2.0674,-0.7648,-0.7648,0.4000
TEL,40363,SAFE_DISABLED,-2.9766,-1.8492,0.0000,0.0000,0.00,0,0.0000,20,1,0,0.0000,0.0000,0,-14.6777,0.0000,idle,-2.9766,-1.8492,-2.9766,-1.8492,-1.8492,0.4000
TEL,40463,SAFE_DISABLED,6.2850,0.0906,0.0000,0.0000,0.00,0,0.0000,0,1,0,0.0000,0.0000,0,-14.6777,0.0000,idle,6.2850,0.0906,6.2850,0.0906,0.0906,0.4000
TEL,40563,SAFE_DISABLED,-2.7686,-1.1798,0.0000,0.0000,0.00,0,0.0000,20,1,0,0.0000,0.0000,0,-14.6777,0.0000,idle,-2.7686,-1.1798,-2.7686,-1.1798,-1.1798,0.4000
TEL,40663,SAFE_DISABLED,-3.2953,-2.5791,0.0000,0.0000,0.00,0,0.0000,0,1,0,0.0000,0.0000,0,-14.6777,0.0000,idle,-3.2953,-2.5791,-3.2953,-2.5791,-2.5791,0.4000
TEL,40763,SAFE_DISABLED,-2.0674,-0.5812,0.0000,0.0000,0.00,0,0.0000,20,1,0,0.0000,0.0000,0,-14.6777,0.0000,idle,-2.0674,-0.5812,-2.0674,-0.5812,-0.5812,0.4000
TEL,40863,SAFE_DISABLED,-3.1881,-2.1879,0.0000,0.0000,0.00,0,0.0000,0,1,0,0.0000,0.0000,0,-14.6777,0.0000,idle,-3.1881,-2.1879,-3.1881,-2.1879,-2.1879,0.4000
TEL,40963,SAFE_DISABLED,5.9973,0.0576,0.0000,0.0000,0.00,0,0.0000,20,1,0,0.0000,0.0000,0,-14.6777,0.0000,idle,5.9973,0.0576,5.9973,0.0576,0.0576,0.4000
TEL,41063,SAFE_DISABLED,-3.0819,-1.6660,0.0000,0.0000,0.00,0,0.0000,0,1,0,0.0000,0.0000,0,-14.6777,0.0000,idle,-3.0819,-1.6660,-3.0819,-1.6660,-1.6660,0.4000
TEL,41163,SAFE_DISABLED,-3.1881,-2.4423,0.0000,0.0000,0.00,0,0.0000,20,1,0,0.0000,0.0000,0,-14.6777,0.0000,idle,-3.1881,-2.4423,-3.1881,-2.4423,-2.4423,0.4000
TEL,41263,SAFE_DISABLED,-2.5641,-2.3329,0.0000,0.0000,0.00,0,0.0000,0,1,0,0.0000,0.0000,0,-14.6777,0.0000,idle,-2.5641,-2.3329,-2.5641,-2.3329,-2.3329,0.4000
TEL,41363,SAFE_DISABLED,-3.1881,-2.7467,0.0000,0.0000,0.00,0,0.0000,20,1,0,0.0000,0.0000,0,-14.6777,0.0000,idle,-3.1881,-2.7467,-3.1881,-2.7467,-2.7467,0.4000
TEL,41463,SAFE_DISABLED,-1.4975,-0.6272,0.0000,0.0000,0.00,0,0.0000,0,1,0,0.0000,0.0000,0,-14.6777,0.0000,idle,-1.4975,-0.6272,-1.4975,-0.6272,-0.6272,0.4000
TEL,41563,SAFE_DISABLED,-2.9766,-1.7602,0.0000,0.0000,0.00,0,0.0000,20,1,0,0.0000,0.0000,0,-14.6777,0.0000,idle,-2.9766,-1.7602,-2.9766,-1.7602,-1.7602,0.4000
TEL,41663,SAFE_DISABLED,5.6545,-0.0456,0.0000,0.0000,0.00,0,0.0000,0,1,0,0.0000,0.0000,0,-14.6777,0.0000,idle,5.6545,-0.0456,5.6545,-0.0456,-0.0456,0.4000
TEL,41763,SAFE_DISABLED,-2.6659,-1.0789,0.0000,0.0000,0.00,0,0.0000,20,1,0,0.0000,0.0000,0,-14.6777,0.0000,idle,-2.6659,-1.0789,-2.6659,-1.0789,-1.0789,0.4000
TEL,41863,SAFE_DISABLED,-3.1881,-2.4647,0.0000,0.0000,0.00,0,0.0000,0,1,0,0.0000,0.0000,0,-14.6777,0.0000,idle,-3.1881,-2.4647,-3.1881,-2.4647,-2.4647,0.4000
TEL,41963,SAFE_DISABLED,-1.5906,-0.5441,0.0000,0.0000,0.00,0,0.0000,20,1,0,0.0000,0.0000,0,-14.6777,0.0000,idle,-1.5906,-0.5441,-1.5906,-0.5441,-0.5441,0.4000
TEL,42063,SAFE_DISABLED,-3.1881,-2.1451,0.0000,0.0000,0.00,0,0.0000,0,1,0,0.0000,0.0000,0,-14.6777,0.0000,idle,-3.1881,-2.1451,-3.1881,-2.1451,-2.1451,0.4000
TEL,42163,SAFE_DISABLED,5.2958,-0.1319,0.0000,0.0000,0.00,0,0.0000,20,1,0,0.0000,0.0000,0,-14.6777,0.0000,idle,5.2958,-0.1319,5.2958,-0.1319,-0.1319,0.4000
TEL,42263,SAFE_DISABLED,-2.9766,-1.5878,0.0000,0.0000,0.00,0,0.0000,0,1,0,0.0000,0.0000,0,-14.6777,0.0000,idle,-2.9766,-1.5878,-2.9766,-1.5878,-1.5878,0.4000
TEL,42363,SAFE_DISABLED,-3.1881,-2.4040,0.0000,0.0000,0.00,0,0.0000,20,1,0,0.0000,0.0000,0,-14.6777,0.0000,idle,-3.1881,-2.4040,-3.1881,-2.4040,-2.4040,0.4000
TEL,42463,SAFE_DISABLED,-2.3630,-2.0627,0.0000,0.0000,0.00,0,0.0000,0,1,0,0.0000,0.0000,0,-14.6777,0.0000,idle,-2.3630,-2.0627,-2.3630,-2.0627,-2.0627,0.4000
TEL,42563,SAFE_DISABLED,-3.1881,-2.5703,0.0000,0.0000,0.00,0,0.0000,20,1,0,0.0000,0.0000,0,-14.6777,0.0000,idle,-3.1881,-2.5703,-3.1881,-2.5703,-2.5703,0.4000
TEL,42663,SAFE_DISABLED,-0.5207,-2.3139,0.0000,0.0000,0.00,0,0.0000,0,1,0,0.0000,0.0000,0,-14.6777,0.0000,idle,-0.5207,-2.3139,-0.5207,-2.3139,-2.3139,0.4000
TEL,42763,SAFE_DISABLED,-2.8722,-2.4917,0.0000,0.0000,0.00,0,0.0000,20,1,0,0.0000,0.0000,0,-14.6777,0.0000,idle,-2.8722,-2.4917,-2.8722,-2.4917,-2.4917,0.4000
TEL,42863,SAFE_DISABLED,-3.7331,-3.0971,0.0000,0.0000,0.00,0,0.0000,0,1,0,0.0000,0.0000,0,-14.6777,0.0000,idle,-3.7331,-3.0971,-3.7331,-3.0971,-3.0971,0.4000
TEL,42963,SAFE_DISABLED,-2.3630,-2.1638,0.0000,0.0000,0.00,0,0.0000,20,1,0,0.0000,0.0000,0,-14.6777,0.0000,idle,-2.3630,-2.1638,-2.3630,-2.1638,-2.1638,0.4000
TEL,43063,SAFE_DISABLED,-3.1881,-2.8145,0.0000,0.0000,0.00,0,0.0000,0,1,0,0.0000,0.0000,0,-14.6777,0.0000,idle,-3.1881,-2.8145,-3.1881,-2.8145,-2.8145,0.4000
TEL,43163,SAFE_DISABLED,6.2850,-0.2312,0.0000,0.0000,0.00,0,0.0000,20,1,0,0.0000,0.0000,0,-14.6777,0.0000,idle,6.2850,-0.2312,6.2850,-0.2312,-0.2312,0.4000
TEL,43264,SAFE_DISABLED,-3.0819,-1.8826,0.0000,0.0000,0.00,0,0.0000,0,1,0,0.0000,0.0000,0,-14.6777,0.0000,idle,-3.0819,-1.8826,-3.0819,-1.8826,-1.8826,0.4000
TEL,43364,SAFE_DISABLED,-3.5123,-2.6456,0.0000,0.0000,0.00,0,0.0000,20,1,0,0.0000,0.0000,0,-14.6777,0.0000,idle,-3.5123,-2.6456,-3.5123,-2.6456,-2.6456,0.4000
TEL,43464,SAFE_DISABLED,-2.7686,-2.6098,0.0000,0.0000,0.00,0,0.0000,0,1,0,0.0000,0.0000,0,-14.6777,0.0000,idle,-2.7686,-2.6098,-2.7686,-2.6098,-2.6098,0.4000
TEL,43564,SAFE_DISABLED,-3.1881,-2.8824,0.0000,0.0000,0.00,0,0.0000,20,1,0,0.0000,0.0000,0,-14.6777,0.0000,idle,-3.1881,-2.8824,-3.1881,-2.8824,-2.8824,0.4000
TEL,43664,SAFE_DISABLED,-1.9705,-0.5926,0.0000,0.0000,0.00,0,0.0000,0,1,0,0.0000,0.0000,0,-14.6777,0.0000,idle,-1.9705,-0.5926,-1.9705,-0.5926,-0.5926,0.4000
TEL,43764,SAFE_DISABLED,-3.0819,-1.7963,0.0000,0.0000,0.00,0,0.0000,20,1,0,0.0000,0.0000,0,-14.6777,0.0000,idle,-3.0819,-1.7963,-3.0819,-1.7963,-1.7963,0.4000
TEL,43864,SAFE_DISABLED,6.4050,0.6232,0.0000,0.0000,0.00,0,0.0000,0,1,0,0.0000,0.0000,0,-14.6777,0.0000,idle,6.4050,0.6232,6.4050,0.6232,0.6232,0.4000
TEL,43964,SAFE_DISABLED,-2.8722,-0.9905,0.0000,0.0000,0.00,0,0.0000,20,1,0,0.0000,0.0000,0,-14.6777,0.0000,idle,-2.8722,-0.9905,-2.8722,-0.9905,-0.9905,0.4000
TEL,44064,SAFE_DISABLED,-3.4033,-2.4833,0.0000,0.0000,0.00,0,0.0000,0,1,0,0.0000,0.0000,0,-14.6777,0.0000,idle,-3.4033,-2.4833,-3.4033,-2.4833,-2.4833,0.4000
TEL,44164,SAFE_DISABLED,-1.9705,-0.5137,0.0000,0.0000,0.00,0,0.0000,21,1,0,0.0000,0.0000,0,-14.6777,0.0000,idle,-1.9705,-0.5137,-1.9705,-0.5137,-0.5137,0.4000
TEL,44264,SAFE_DISABLED,-3.1881,-2.2264,0.0000,0.0000,0.00,0,0.0000,1,1,0,0.0000,0.0000,0,-14.6777,0.0000,idle,-3.1881,-2.2264,-3.1881,-2.2264,-2.2264,0.4000
TEL,44364,SAFE_DISABLED,5.7848,-0.0250,0.0000,0.0000,0.00,0,0.0000,21,1,0,0.0000,0.0000,0,-14.6777,0.0000,idle,5.7848,-0.0250,5.7848,-0.0250,-0.0250,0.4000
TEL,44464,SAFE_DISABLED,-3.0819,-1.8938,0.0000,0.0000,0.00,0,0.0000,2,1,0,0.0000,0.0000,0,-14.6777,0.0000,idle,-3.0819,-1.8938,-3.0819,-1.8938,-1.8938,0.4000
TEL,44564,SAFE_DISABLED,-3.1881,-2.5539,0.0000,0.0000,0.00,0,0.0000,22,1,0,0.0000,0.0000,0,-14.6777,0.0000,idle,-3.1881,-2.5539,-3.1881,-2.5539,-2.5539,0.4000
TEL,44664,SAFE_DISABLED,-2.6659,-2.4463,0.0000,0.0000,0.00,0,0.0000,2,1,0,0.0000,0.0000,0,-14.6777,0.0000,idle,-2.6659,-2.4463,-2.6659,-2.4463,-2.4463,0.4000
TEL,44764,SAFE_DISABLED,-3.1881,-2.7802,0.0000,0.0000,0.00,0,0.0000,22,1,0,0.0000,0.0000,0,-14.6777,0.0000,idle,-3.1881,-2.7802,-3.1881,-2.7802,-2.7802,0.4000
TEL,44865,SAFE_DISABLED,-1.4975,-0.3336,0.0000,0.0000,0.00,0,0.0000,3,1,0,0.0000,0.0000,0,-14.6777,0.0000,idle,-1.4975,-0.3336,-1.4975,-0.3336,-0.3336,0.4000
TEL,44965,SAFE_DISABLED,-2.9766,-1.6163,0.0000,0.0000,0.00,0,0.0000,23,1,0,0.0000,0.0000,0,-14.6777,0.0000,idle,-2.9766,-1.6163,-2.9766,-1.6163,-1.6163,0.4000
TEL,45065,SAFE_DISABLED,-3.1881,-2.6490,0.0000,0.0000,0.00,0,0.0000,1,1,0,0.0000,0.0000,0,-14.6777,0.0000,idle,-3.1881,-2.6490,-3.1881,-2.6490,-2.6490,0.4000
TEL,45165,SAFE_DISABLED,-3.1881,-2.9240,0.0000,0.0000,0.00,0,0.0000,21,1,0,0.0000,0.0000,0,-14.6777,0.0000,idle,-3.1881,-2.9240,-3.1881,-2.9240,-2.9240,0.4000
TEL,45265,SAFE_DISABLED,-3.1881,-3.0975,0.0000,0.0000,0.00,0,0.0000,1,1,0,0.0000,0.0000,0,-14.6777,0.0000,idle,-3.1881,-3.0975,-3.1881,-3.0975,-3.0975,0.4000
TEL,45365,SAFE_DISABLED,-3.1881,-3.1437,0.0000,0.0000,0.00,0,0.0000,21,1,0,0.0000,0.0000,0,-14.6777,0.0000,idle,-3.1881,-3.1437,-3.1881,-3.1437,-3.1437,0.4000
TEL,45465,SAFE_DISABLED,-3.1881,-3.1729,0.0000,0.0000,0.00,0,0.0000,1,1,0,0.0000,0.0000,0,-14.6777,0.0000,idle,-3.1881,-3.1729,-3.1881,-3.1729,-3.1729,0.4000
TEL,45565,SAFE_DISABLED,-3.1881,-3.1807,0.0000,0.0000,0.00,0,0.0000,21,1,0,0.0000,0.0000,0,-14.6777,0.0000,idle,-3.1881,-3.1807,-3.1881,-3.1807,-3.1807,0.4000
TEL,45665,SAFE_DISABLED,-3.1881,-3.1856,0.0000,0.0000,0.00,0,0.0000,1,1,0,0.0000,0.0000,0,-14.6777,0.0000,idle,-3.1881,-3.1856,-3.1881,-3.1856,-3.1856,0.4000
TEL,45765,SAFE_DISABLED,-3.1881,-3.1869,0.0000,0.0000,0.00,0,0.0000,21,1,0,0.0000,0.0000,0,-14.6777,0.0000,idle,-3.1881,-3.1869,-3.1881,-3.1869,-3.1869,0.4000
TEL,45865,SAFE_DISABLED,-3.1881,-3.1877,0.0000,0.0000,0.00,0,0.0000,1,1,0,0.0000,0.0000,0,-14.6777,0.0000,idle,-3.1881,-3.1877,-3.1881,-3.1877,-3.1877,0.4000
TEL,45965,SAFE_DISABLED,-3.1881,-3.1879,0.0000,0.0000,0.00,0,0.0000,21,1,0,0.0000,0.0000,0,-14.6777,0.0000,idle,-3.1881,-3.1879,-3.1881,-3.1879,-3.1879,0.4000
TEL,46065,SAFE_DISABLED,-3.1881,-3.1881,0.0000,0.0000,0.00,0,0.0000,1,1,0,0.0000,0.0000,0,-14.6777,0.0000,idle,-3.1881,-3.1881,-3.1881,-3.1881,-3.1881,0.4000
TEL,46166,SAFE_DISABLED,-3.1881,-3.1881,0.0000,0.0000,0.00,0,0.0000,21,1,0,0.0000,0.0000,0,-14.6777,0.0000,idle,-3.1881,-3.1881,-3.1881,-3.1881,-3.1881,0.4000
TEL,46266,SAFE_DISABLED,-3.2953,-3.2203,0.0000,0.0000,0.00,0,0.0000,1,1,0,0.0000,0.0000,0,-14.6777,0.0000,idle,-3.2953,-3.2203,-3.2953,-3.2203,-3.2203,0.4000
TEL,46366,SAFE_DISABLED,-3.1881,-3.2039,0.0000,0.0000,0.00,0,0.0000,21,1,0,0.0000,0.0000,0,-14.6777,0.0000,idle,-3.1881,-3.2039,-3.1881,-3.2039,-3.2039,0.4000
TEL,46466,SAFE_DISABLED,-3.1881,-3.1712,0.0000,0.0000,0.00,0,0.0000,1,1,0,0.0000,0.0000,0,-14.6777,0.0000,idle,-3.1881,-3.1712,-3.1881,-3.1712,-3.1712,0.4000
TEL,46566,SAFE_DISABLED,-0.0219,-2.3916,0.0000,0.0000,0.00,0,0.0000,21,1,0,0.0000,0.0000,0,-14.6777,0.0000,idle,-0.0219,-2.3916,-0.0219,-2.3916,-2.3916,0.4000
TEL,46666,SAFE_DISABLED,-3.0819,-2.6808,0.0000,0.0000,0.00,0,0.0000,1,1,0,0.0000,0.0000,0,-14.6777,0.0000,idle,-3.0819,-2.6808,-3.0819,-2.6808,-2.6808,0.4000
TEL,46766,SAFE_DISABLED,-3.7331,-3.1030,0.0000,0.0000,0.00,0,0.0000,21,1,0,0.0000,0.0000,0,-14.6777,0.0000,idle,-3.7331,-3.1030,-3.7331,-3.1030,-3.1030,0.4000
TEL,46866,SAFE_DISABLED,-2.7686,-2.7006,0.0000,0.0000,0.00,0,0.0000,1,1,0,0.0000,0.0000,0,-14.6777,0.0000,idle,-2.7686,-2.7006,-2.7686,-2.7006,-2.7006,0.4000
TEL,46966,SAFE_DISABLED,-3.1881,-2.9270,0.0000,0.0000,0.00,0,0.0000,21,1,0,0.0000,0.0000,0,-14.6777,0.0000,idle,-3.1881,-2.9270,-3.1881,-2.9270,-2.9270,0.4000
TEL,47066,SAFE_DISABLED,-1.9705,-0.5649,0.0000,0.0000,0.00,0,0.0000,1,1,0,0.0000,0.0000,0,-14.6777,0.0000,idle,-1.9705,-0.5649,-1.9705,-0.5649,-0.5649,0.4000
TEL,47166,SAFE_DISABLED,-3.0819,-1.7828,0.0000,0.0000,0.00,0,0.0000,21,1,0,0.0000,0.0000,0,-14.6777,0.0000,idle,-3.0819,-1.7828,-3.0819,-1.7828,-1.7828,0.4000
TEL,47266,SAFE_DISABLED,6.2850,0.1133,0.0000,0.0000,0.00,0,0.0000,1,1,0,0.0000,0.0000,0,-14.6777,0.0000,idle,6.2850,0.1133,6.2850,0.1133,0.1133,0.4000
TEL,47366,SAFE_DISABLED,-2.7686,-1.1889,0.0000,0.0000,0.00,0,0.0000,21,1,0,0.0000,0.0000,0,-14.6777,0.0000,idle,-2.7686,-1.1889,-2.7686,-1.1889,-1.1889,0.4000
TEL,47466,SAFE_DISABLED,-3.1881,-2.4868,0.0000,0.0000,0.00,0,0.0000,1,1,0,0.0000,0.0000,0,-14.6777,0.0000,idle,-3.1881,-2.4868,-3.1881,-2.4868,-2.4868,0.4000
TEL,47566,SAFE_DISABLED,-1.5906,-0.4275,0.0000,0.0000,0.00,0,0.0000,21,1,0,0.0000,0.0000,0,-14.6777,0.0000,idle,-1.5906,-0.4275,-1.5906,-0.4275,-0.4275,0.4000
TEL,47666,SAFE_DISABLED,-3.1881,-2.2189,0.0000,0.0000,0.00,0,0.0000,1,1,0,0.0000,0.0000,0,-14.6777,0.0000,idle,-3.1881,-2.2189,-3.1881,-2.2189,-2.2189,0.4000
TEL,47766,SAFE_DISABLED,6.2039,0.1044,0.0000,0.0000,0.00,0,0.0000,21,1,0,0.0000,0.0000,0,-14.6777,0.0000,idle,6.2039,0.1044,6.2039,0.1044,0.1044,0.4000
TEL,47866,SAFE_DISABLED,-3.0819,-1.7457,0.0000,0.0000,0.00,0,0.0000,1,1,0,0.0000,0.0000,0,-14.6777,0.0000,idle,-3.0819,-1.7457,-3.0819,-1.7457,-1.7457,0.4000
TEL,47966,SAFE_DISABLED,-3.1881,-2.4814,0.0000,0.0000,0.00,0,0.0000,21,1,0,0.0000,0.0000,0,-14.6777,0.0000,idle,-3.1881,-2.4814,-3.1881,-2.4814,-2.4814,0.4000
TEL,48066,SAFE_DISABLED,-2.6659,-1.1345,0.0000,0.0000,0.00,0,0.0000,1,1,0,0.0000,0.0000,0,-14.6777,0.0000,idle,-2.6659,-1.1345,-2.6659,-1.1345,-1.1345,0.4000
TEL,48166,SAFE_DISABLED,-3.1881,-2.1375,0.0000,0.0000,0.00,0,0.0000,21,1,0,0.0000,0.0000,0,-14.6777,0.0000,idle,-3.1881,-2.1375,-3.1881,-2.1375,-2.1375,0.4000
TEL,48266,SAFE_DISABLED,-1.2227,-0.2634,0.0000,0.0000,0.00,0,0.0000,1,1,0,0.0000,0.0000,0,-14.6777,0.0000,idle,-1.2227,-0.2634,-1.2227,-0.2634,-0.2634,0.4000
TEL,48366,SAFE_DISABLED,-3.0819,-1.5499,0.0000,0.0000,0.00,0,0.0000,21,1,0,0.0000,0.0000,0,-14.6777,0.0000,idle,-3.0819,-1.5499,-3.0819,-1.5499,-1.5499,0.4000
TEL,48466,SAFE_DISABLED,5.1570,-0.1227,0.0000,0.0000,0.00,0,0.0000,1,1,0,0.0000,0.0000,0,-14.6777,0.0000,idle,5.1570,-0.1227,5.1570,-0.1227,-0.1227,0.4000
TEL,48566,SAFE_DISABLED,-2.3630,-0.9694,0.0000,0.0000,0.00,0,0.0000,21,1,0,0.0000,0.0000,0,-14.6777,0.0000,idle,-2.3630,-0.9694,-2.3630,-0.9694,-0.9694,0.4000
TEL,48666,SAFE_DISABLED,-3.1881,-2.3960,0.0000,0.0000,0.00,0,0.0000,1,1,0,0.0000,0.0000,0,-14.6777,0.0000,idle,-3.1881,-2.3960,-3.1881,-2.3960,-2.3960,0.4000
TEL,48766,SAFE_DISABLED,0.0591,-1.9637,0.0000,0.0000,0.00,0,0.0000,21,1,0,0.0000,0.0000,0,-14.6777,0.0000,idle,0.0591,-1.9637,0.0591,-1.9637,-1.9637,0.4000
TEL,48866,SAFE_DISABLED,-2.6659,-2.4436,0.0000,0.0000,0.00,0,0.0000,1,1,0,0.0000,0.0000,0,-14.6777,0.0000,idle,-2.6659,-2.4436,-2.6659,-2.4436,-2.4436,0.4000
TEL,48966,SAFE_DISABLED,-2.6659,-2.5786,0.0000,0.0000,0.00,0,0.0000,21,1,0,0.0000,0.0000,0,-14.6777,0.0000,idle,-2.6659,-2.5786,-2.6659,-2.5786,-2.5786,0.4000
TEL,49067,SAFE_DISABLED,-1.5906,-1.7229,0.0000,0.0000,0.00,0,0.0000,1,1,0,0.0000,0.0000,0,-14.6777,0.0000,idle,-1.5906,-1.7229,-1.5906,-1.7229,-1.7229,0.4000
TEL,49167,SAFE_DISABLED,-0.7788,-1.3924,0.0000,0.0000,0.00,0,0.0000,21,1,0,0.0000,0.0000,0,-14.6777,0.0000,idle,-0.7788,-1.3924,-0.7788,-1.3924,-1.3924,0.4000
TEL,49267,SAFE_DISABLED,3.0445,2.1895,0.0000,0.0000,0.00,0,0.0000,1,1,0,0.0000,0.0000,0,-14.6777,0.0000,idle,3.0445,2.1895,3.0445,2.1895,2.1895,0.4000
TEL,49367,SAFE_DISABLED,2.4907,2.3957,0.0000,0.0000,0.00,0,0.0000,21,1,0,0.0000,0.0000,0,-14.6777,0.0000,idle,2.4907,2.3957,2.4907,2.3957,2.3957,0.4000
TEL,49467,SAFE_DISABLED,8.0587,4.8497,0.0000,0.0000,0.00,0,0.0000,1,1,0,0.0000,0.0000,0,-14.6777,0.0000,idle,8.0587,4.8497,8.0587,4.8497,4.8497,0.4000
TEL,49567,SAFE_DISABLED,-0.8662,2.2763,0.0000,0.0000,0.00,0,0.0000,21,1,0,0.0000,0.0000,0,-14.6777,0.0000,idle,-0.8662,2.2763,-0.8662,2.2763,2.2763,0.4000
TEL,49667,SAFE_DISABLED,-0.6061,0.1599,0.0000,0.0000,0.00,0,0.0000,0,1,0,0.0000,0.0000,0,-14.6777,0.0000,idle,-0.6061,0.1599,-0.6061,0.1599,0.1599,0.4000
TEL,49767,SAFE_DISABLED,2.0363,1.3903,0.0000,0.0000,0.00,0,0.0000,20,1,0,0.0000,0.0000,0,-14.6777,0.0000,idle,2.0363,1.3903,2.0363,1.3903,1.3903,0.4000
TEL,49867,SAFE_DISABLED,-0.7788,0.5120,0.0000,0.0000,0.00,0,0.0000,0,1,0,0.0000,0.0000,0,-14.6777,0.0000,idle,-0.7788,0.5120,-0.7788,0.5120,0.5120,0.4000
TEL,49967,SAFE_DISABLED,6.8660,1.9171,0.0000,0.0000,0.00,0,0.0000,20,1,0,0.0000,0.0000,0,-11.4258,0.0000,idle,6.8660,1.9171,6.8660,1.9171,1.9171,0.4000
TEL,50067,SAFE_DISABLED,-1.8744,-0.3533,0.0000,0.0000,0.00,0,0.0000,0,1,0,0.0000,0.0000,0,-11.2500,0.0000,idle,-1.8744,-0.3533,-1.8744,-0.3533,-0.3533,0.4000
TEL,50167,SAFE_DISABLED,-1.9705,-1.1579,0.0000,0.0000,0.00,0,0.0000,20,1,0,0.0000,0.0000,0,-11.2500,0.0000,idle,-1.9705,-1.1579,-1.9705,-1.1579,-1.1579,0.4000
TEL,50267,SAFE_DISABLED,-1.4975,-1.1055,0.0000,0.0000,0.00,0,0.0000,0,1,0,0.0000,0.0000,0,-11.2500,0.0000,idle,-1.4975,-1.1055,-1.4975,-1.1055,-1.1055,0.4000
TEL,50367,SAFE_DISABLED,-1.8744,-1.4776,0.0000,0.0000,0.00,0,0.0000,20,1,0,0.0000,0.0000,0,-11.1621,0.0000,idle,-1.8744,-1.4776,-1.8744,-1.4776,-1.4776,0.4000
TEL,50467,SAFE_DISABLED,0.2984,0.5348,0.0000,0.0000,0.00,0,0.0000,0,1,0,0.0000,0.0000,0,-11.1621,0.0000,idle,0.2984,0.5348,0.2984,0.5348,0.5348,0.4000
TEL,50567,SAFE_DISABLED,-1.2227,-0.2867,0.0000,0.0000,0.00,0,0.0000,20,1,0,0.0000,0.0000,0,-11.1621,0.0000,idle,-1.2227,-0.2867,-1.2227,-0.2867,-0.2867,0.4000
TEL,50667,SAFE_DISABLED,-1.8744,-1.2148,0.0000,0.0000,0.00,0,0.0000,0,1,0,0.0000,0.0000,0,-11.2500,0.0000,idle,-1.8744,-1.2148,-1.8744,-1.2148,-1.2148,0.4000
TEL,50767,SAFE_DISABLED,-0.3519,0.7643,0.0000,0.0000,0.00,0,0.0000,20,1,0,0.0000,0.0000,0,-11.1621,0.0000,idle,-0.3519,0.7643,-0.3519,0.7643,0.7643,0.4000
TEL,50867,SAFE_DISABLED,-1.4975,-0.7023,0.0000,0.0000,0.00,0,0.0000,0,1,0,0.0000,0.0000,0,-11.1621,0.0000,idle,-1.4975,-0.7023,-1.4975,-0.7023,-0.7023,0.4000
TEL,50967,SAFE_DISABLED,6.6775,1.2655,0.0000,0.0000,0.00,0,0.0000,20,1,0,0.0000,0.0000,0,-11.1621,0.0000,idle,6.6775,1.2655,6.6775,1.2655,1.2655,0.4000
TEL,51067,SAFE_DISABLED,-1.4052,-0.3587,0.0000,0.0000,0.00,0,0.0000,0,1,0,0.0000,0.0000,0,-11.2500,0.0000,idle,-1.4052,-0.3587,-1.4052,-0.3587,-0.3587,0.4000
TEL,51167,SAFE_DISABLED,-1.5906,-0.9870,0.0000,0.0000,0.00,0,0.0000,20,1,0,0.0000,0.0000,0,-11.1621,0.0000,idle,-1.5906,-0.9870,-1.5906,-0.9870,-0.9870,0.4000
TEL,51267,SAFE_DISABLED,-1.0431,0.3143,0.0000,0.0000,0.00,0,0.0000,0,1,0,0.0000,0.0000,0,-11.2500,0.0000,idle,-1.0431,0.3143,-1.0431,0.3143,0.3143,0.4000
TEL,51367,SAFE_DISABLED,-1.4975,-0.5711,0.0000,0.0000,0.00,0,0.0000,20,1,0,0.0000,0.0000,0,-11.2500,0.0000,idle,-1.4975,-0.5711,-1.4975,-0.5711,-0.5711,0.4000
TEL,51467,SAFE_DISABLED,0.4550,-0.4936,0.0000,0.0000,0.00,0,0.0000,0,1,0,0.0000,0.0000,0,-11.2500,0.0000,idle,0.4550,-0.4936,0.4550,-0.4936,-0.4936,0.4000
TEL,51567,SAFE_DISABLED,-1.3136,-0.8178,0.0000,0.0000,0.00,0,0.0000,20,1,0,0.0000,0.0000,0,-11.1621,0.0000,idle,-1.3136,-0.8178,-1.3136,-0.8178,-0.8178,0.4000
TEL,51667,SAFE_DISABLED,5.9973,0.9645,0.0000,0.0000,0.00,0,0.0000,0,1,0,0.0000,0.0000,0,-11.1621,0.0000,idle,5.9973,0.9645,5.9973,0.9645,0.9645,0.4000
TEL,51767,SAFE_DISABLED,-0.8662,0.2919,0.0000,0.0000,0.00,0,0.0000,20,1,0,0.0000,0.0000,0,-11.1621,0.0000,idle,-0.8662,0.2919,-0.8662,0.2919,0.2919,0.4000
TEL,51867,SAFE_DISABLED,-1.4975,-0.8373,0.0000,0.0000,0.00,0,0.0000,0,1,0,0.0000,0.0000,0,-11.1621,0.0000,idle,-1.4975,-0.8373,-1.4975,-0.8373,-0.8373,0.4000
TEL,51968,SAFE_DISABLED,-1.5906,-1.2019,0.0000,0.0000,0.00,0,0.0000,20,1,0,0.0000,0.0000,0,-11.1621,0.0000,idle,-1.5906,-1.2019,-1.5906,-1.2019,-1.2019,0.4000
TEL,52068,SAFE_DISABLED,-1.5906,-1.4377,0.0000,0.0000,0.00,0,0.0000,0,1,0,0.0000,0.0000,0,-11.1621,0.0000,idle,-1.5906,-1.4377,-1.5906,-1.4377,-1.4377,0.4000
TEL,52168,SAFE_DISABLED,-1.5906,-1.5157,0.0000,0.0000,0.00,0,0.0000,20,1,0,0.0000,0.0000,0,-11.1621,0.0000,idle,-1.5906,-1.5157,-1.5906,-1.5157,-1.5157,0.4000
TEL,52268,SAFE_DISABLED,-1.5906,-1.5649,0.0000,0.0000,0.00,0,0.0000,0,1,0,0.0000,0.0000,0,-11.1621,0.0000,idle,-1.5906,-1.5649,-1.5906,-1.5649,-1.5649,0.4000
TEL,52368,SAFE_DISABLED,-1.5906,-1.5585,0.0000,0.0000,0.00,0,0.0000,20,1,0,0.0000,0.0000,0,-11.1621,0.0000,idle,-1.5906,-1.5585,-1.5906,-1.5585,-1.5585,0.4000
TEL,52468,SAFE_DISABLED,-1.5906,-1.5796,0.0000,0.0000,0.00,0,0.0000,0,1,0,0.0000,0.0000,0,-11.1621,0.0000,idle,-1.5906,-1.5796,-1.5906,-1.5796,-1.5796,0.4000
TEL,52568,SAFE_DISABLED,-1.5906,-1.5852,0.0000,0.0000,0.00,0,0.0000,21,1,0,0.0000,0.0000,0,-11.1621,0.0000,idle,-1.5906,-1.5852,-1.5906,-1.5852,-1.5852,0.4000
TEL,52668,SAFE_DISABLED,-1.5906,-1.5887,0.0000,0.0000,0.00,0,0.0000,1,1,0,0.0000,0.0000,0,-11.1621,0.0000,idle,-1.5906,-1.5887,-1.5906,-1.5887,-1.5887,0.4000
TEL,52768,SAFE_DISABLED,-1.5906,-1.5897,0.0000,0.0000,0.00,0,0.0000,21,1,0,0.0000,0.0000,0,-11.1621,0.0000,idle,-1.5906,-1.5897,-1.5906,-1.5897,-1.5897,0.4000
TEL,52869,SAFE_DISABLED,-1.4975,-1.5624,0.0000,0.0000,0.00,0,0.0000,0,1,0,0.0000,0.0000,0,-11.1621,0.0000,idle,-1.4975,-1.5624,-1.4975,-1.5624,-1.5624,0.4000
TEL,52969,SAFE_DISABLED,0.2192,0.6030,0.0000,0.0000,0.00,0,0.0000,20,1,0,0.0000,0.0000,0,-11.1621,0.0000,idle,0.2192,0.6030,0.2192,0.6030,0.6030,0.4000
TEL,53069,SAFE_DISABLED,-1.4975,-0.6585,0.0000,0.0000,0.00,0,0.0000,0,1,0,0.0000,0.0000,0,-11.1621,0.0000,idle,-1.4975,-0.6585,-1.4975,-0.6585,-0.6585,0.4000
TEL,53169,SAFE_DISABLED,-2.0674,-1.2574,0.0000,0.0000,0.00,0,0.0000,21,1,0,0.0000,0.0000,0,-11.1621,0.0000,idle,-2.0674,-1.2574,-2.0674,-1.2574,-1.2574,0.4000
TEL,53269,SAFE_DISABLED,-1.2227,-0.7245,0.0000,0.0000,0.00,0,0.0000,1,1,0,0.0000,0.0000,0,-11.1621,0.0000,idle,-1.2227,-0.7245,-1.2227,-0.7245,-0.7245,0.4000
TEL,53369,SAFE_DISABLED,-1.4975,-1.1187,0.0000,0.0000,0.00,0,0.0000,21,1,0,0.0000,0.0000,0,-11.1621,0.0000,idle,-1.4975,-1.1187,-1.4975,-1.1187,-1.1187,0.4000
ERR,sonar_not_ready
TEL,53824,SAFE_DISABLED,6.6007,2.7468,0.0000,0.0000,0.00,0,0.0000,0,1,0,0.0000,0.0000,0,-11.1621,0.0000,idle,6.6007,2.7468,6.6007,2.7468,2.7468,0.4000
TEL,53924,SAFE_DISABLED,6.6007,2.9724,0.0000,0.0000,0.00,0,0.0000,20,1,0,0.0000,0.0000,0,-11.1621,0.0000,idle,6.6007,2.9724,6.6007,2.9724,2.9724,0.4000
TEL,54024,SAFE_DISABLED,-1.4052,0.3272,0.0000,0.0000,0.00,0,0.0000,0,1,0,0.0000,0.0000,0,-11.1621,0.0000,idle,-1.4052,0.3272,-1.4052,0.3272,0.3272,0.4000
TEL,54124,SAFE_DISABLED,-1.9705,-0.7453,0.0000,0.0000,0.00,0,0.0000,20,1,0,0.0000,0.0000,0,-11.1621,0.0000,idle,-1.9705,-0.7453,-1.9705,-0.7453,-0.7453,0.4000
TEL,54224,SAFE_DISABLED,-1.0431,0.3618,0.0000,0.0000,0.00,0,0.0000,0,1,0,0.0000,0.0000,0,-11.1621,0.0000,idle,-1.0431,0.3618,-1.0431,0.3618,0.3618,0.4000
TEL,54324,SAFE_DISABLED,-1.4975,-0.5478,0.0000,0.0000,0.00,0,0.0000,20,1,0,0.0000,0.0000,0,-11.1621,0.0000,idle,-1.4975,-0.5478,-1.4975,-0.5478,-0.5478,0.4000
TEL,54424,SAFE_DISABLED,0.3770,0.9420,0.0000,0.0000,0.00,0,0.0000,0,1,0,0.0000,0.0000,0,-11.1621,0.0000,idle,0.3770,0.9420,0.3770,0.9420,0.9420,0.4000
TEL,54524,SAFE_DISABLED,-1.3136,-0.0961,0.0000,0.0000,0.00,0,0.0000,20,1,0,0.0000,0.0000,0,-11.1621,0.0000,idle,-1.3136,-0.0961,-1.3136,-0.0961,-0.0961,0.4000
TEL,54624,SAFE_DISABLED,-1.8744,-1.1494,0.0000,0.0000,0.00,0,0.0000,0,1,0,0.0000,0.0000,0,-11.1621,0.0000,idle,-1.8744,-1.1494,-1.8744,-1.1494,-1.1494,0.4000
TEL,54724,SAFE_DISABLED,-0.3519,0.7809,0.0000,0.0000,0.00,0,0.0000,20,1,0,0.0000,0.0000,0,-11.1621,0.0000,idle,-0.3519,0.7809,-0.3519,0.7809,0.7809,0.4000
TEL,54824,SAFE_DISABLED,-1.5906,-0.6903,0.0000,0.0000,0.00,0,0.0000,0,1,0,0.0000,0.0000,0,-11.1621,0.0000,idle,-1.5906,-0.6903,-1.5906,-0.6903,-0.6903,0.4000
TEL,54924,SAFE_DISABLED,6.9031,1.3591,0.0000,0.0000,0.00,0,0.0000,20,1,0,0.0000,0.0000,0,-11.1621,0.0000,idle,6.9031,1.3591,6.9031,1.3591,1.3591,0.4000
TEL,55024,SAFE_DISABLED,-1.4052,-0.2573,0.0000,0.0000,0.00,0,0.0000,0,1,0,0.0000,0.0000,0,-11.1621,0.0000,idle,-1.4052,-0.2573,-1.4052,-0.2573,-0.2573,0.4000
TEL,55124,SAFE_DISABLED,-1.5906,-0.9373,0.0000,0.0000,0.00,0,0.0000,20,1,0,0.0000,0.0000,0,-11.1621,0.0000,idle,-1.5906,-0.9373,-1.5906,-0.9373,-0.9373,0.4000
TEL,55224,SAFE_DISABLED,-0.9543,0.3462,0.0000,0.0000,0.00,0,0.0000,0,1,0,0.0000,0.0000,0,-11.1621,0.0000,idle,-0.9543,0.3462,-0.9543,0.3462,0.3462,0.4000
TEL,55324,SAFE_DISABLED,-1.4975,-0.5555,0.0000,0.0000,0.00,0,0.0000,20,1,0,0.0000,0.0000,0,-11.1621,0.0000,idle,-1.4975,-0.5555,-1.4975,-0.5555,-0.5555,0.4000
TEL,55424,SAFE_DISABLED,0.1395,0.8994,0.0000,0.0000,0.00,0,0.0000,0,1,0,0.0000,0.0000,0,-11.1621,0.0000,idle,0.1395,0.8994,0.1395,0.8994,0.8994,0.4000
TEL,55524,SAFE_DISABLED,-1.3136,-0.1724,0.0000,0.0000,0.00,0,0.0000,20,1,0,0.0000,0.0000,0,-11.1621,0.0000,idle,-1.3136,-0.1724,-1.3136,-0.1724,-0.1724,0.4000
TEL,55624,SAFE_DISABLED,5.6545,1.1026,0.0000,0.0000,0.00,0,0.0000,0,1,0,0.0000,0.0000,0,-11.1621,0.0000,idle,5.6545,1.1026,5.6545,1.1026,1.1026,0.4000
TEL,55724,SAFE_DISABLED,-0.8662,0.5485,0.0000,0.0000,0.00,0,0.0000,20,1,0,0.0000,0.0000,0,-11.1621,0.0000,idle,-0.8662,0.5485,-0.8662,0.5485,0.5485,0.4000
TEL,55824,SAFE_DISABLED,-1.5906,-0.7833,0.0000,0.0000,0.00,0,0.0000,0,1,0,0.0000,0.0000,0,-11.1621,0.0000,idle,-1.5906,-0.7833,-1.5906,-0.7833,-0.7833,0.4000
TEL,55924,SAFE_DISABLED,6.8660,1.2824,0.0000,0.0000,0.00,0,0.0000,20,1,0,0.0000,0.0000,0,-11.1621,0.0000,idle,6.8660,1.2824,6.8660,1.2824,1.2824,0.4000
TEL,56024,SAFE_DISABLED,-1.4052,-0.2712,0.0000,0.0000,0.00,0,0.0000,0,1,0,0.0000,0.0000,0,-11.3379,0.0000,idle,-1.4052,-0.2712,-1.4052,-0.2712,-0.2712,0.4000
TEL,56124,SAFE_DISABLED,0.9853,-0.0751,0.0000,0.0000,0.00,0,0.0000,20,1,0,0.0000,0.0000,0,-11.3379,0.0000,idle,0.9853,-0.0751,0.9853,-0.0751,-0.0751,0.4000
TEL,56224,SAFE_DISABLED,2.2337,2.4580,0.0000,0.0000,0.00,0,0.0000,0,1,0,0.0000,0.0000,0,-11.3379,0.0000,idle,2.2337,2.4580,2.2337,2.4580,2.4580,0.4000
TEL,56324,SAFE_DISABLED,1.9696,2.2230,0.0000,0.0000,0.00,0,0.0000,20,1,0,0.0000,0.0000,0,-11.3379,0.0000,idle,1.9696,2.2230,1.9696,2.2230,2.2230,0.4000
TEL,56424,SAFE_DISABLED,3.2219,3.7076,0.0000,0.0000,0.00,0,0.0000,0,1,0,0.0000,0.0000,0,-11.3379,0.0000,idle,3.2219,3.7076,3.2219,3.7076,3.7076,0.4000
TEL,56524,SAFE_DISABLED,-0.6061,2.0625,0.0000,0.0000,0.00,0,0.0000,20,1,0,0.0000,0.0000,0,-11.3379,0.0000,idle,-0.6061,2.0625,-0.6061,2.0625,2.0625,0.4000
TEL,56624,SAFE_DISABLED,4.0064,-0.6182,0.0000,0.0000,0.00,0,0.0000,0,1,0,0.0000,0.0000,0,-11.3379,0.0000,idle,4.0064,-0.6182,4.0064,-0.6182,-0.6182,0.4000
TEL,56724,SAFE_DISABLED,-5.0194,-2.4119,0.0000,0.0000,0.00,0,0.0000,20,1,0,0.0000,0.0000,0,-11.3379,0.0000,idle,-5.0194,-2.4119,-5.0194,-2.4119,-2.4119,0.4000
TEL,56824,SAFE_DISABLED,0.4550,-1.7340,0.0000,0.0000,0.00,0,0.0000,0,1,0,0.0000,0.0000,0,-11.3379,0.0000,idle,0.4550,-1.7340,0.4550,-1.7340,-1.7340,0.4000
TEL,56924,SAFE_DISABLED,3.1632,1.7313,0.0000,0.0000,0.00,0,0.0000,20,1,0,0.0000,0.0000,0,-11.3379,0.0000,idle,3.1632,1.7313,3.1632,1.7313,1.7313,0.4000
TEL,57024,SAFE_DISABLED,1.9696,2.0748,0.0000,0.0000,0.00,0,0.0000,0,1,0,0.0000,0.0000,0,-11.3379,0.0000,idle,1.9696,2.0748,1.9696,2.0748,2.0748,0.4000
TEL,57124,SAFE_DISABLED,7.4374,3.7170,0.0000,0.0000,0.00,0,0.0000,20,1,0,0.0000,0.0000,0,-11.3379,0.0000,idle,7.4374,3.7170,7.4374,3.7170,3.7170,0.4000
TEL,57224,SAFE_DISABLED,2.1026,2.9530,0.0000,0.0000,0.00,0,0.0000,0,1,0,0.0000,0.0000,0,-11.3379,0.0000,idle,2.1026,2.9530,2.1026,2.9530,2.9530,0.4000
TEL,57324,SAFE_DISABLED,1.9025,2.4314,0.0000,0.0000,0.00,0,0.0000,20,1,0,0.0000,0.0000,0,-11.3379,0.0000,idle,1.9025,2.4314,1.9025,2.4314,2.4314,0.4000
TEL,57424,SAFE_DISABLED,2.4271,2.6304,0.0000,0.0000,0.00,0,0.0000,0,1,0,0.0000,0.0000,0,-11.3379,0.0000,idle,2.4271,2.6304,2.4271,2.6304,2.6304,0.4000
TEL,57524,SAFE_DISABLED,1.9696,2.3352,0.0000,0.0000,0.00,0,0.0000,20,1,0,0.0000,0.0000,0,-11.3379,0.0000,idle,1.9696,2.3352,1.9696,2.3352,2.3352,0.4000
TEL,57624,SAFE_DISABLED,8.3929,3.9695,0.0000,0.0000,0.00,0,0.0000,0,1,0,0.0000,0.0000,0,-11.3379,0.0000,idle,8.3929,3.9695,8.3929,3.9695,3.9695,0.4000
TEL,57724,SAFE_DISABLED,2.2337,3.1908,0.0000,0.0000,0.00,0,0.0000,20,1,0,0.0000,0.0000,0,-11.3379,0.0000,idle,2.2337,3.1908,2.2337,3.1908,3.1908,0.4000
TEL,57824,SAFE_DISABLED,1.9025,2.3640,0.0000,0.0000,0.00,0,0.0000,0,1,0,0.0000,0.0000,0,-11.3379,0.0000,idle,1.9025,2.3640,1.9025,2.3640,2.3640,0.4000
TEL,57924,SAFE_DISABLED,2.9243,3.7475,0.0000,0.0000,0.00,0,0.0000,20,1,0,0.0000,0.0000,0,-11.3379,0.0000,idle,2.9243,3.7475,2.9243,3.7475,3.7475,0.4000
TEL,58024,SAFE_DISABLED,1.9696,2.6418,0.0000,0.0000,0.00,0,0.0000,0,1,0,0.0000,0.0000,0,-11.3379,0.0000,idle,1.9696,2.6418,1.9696,2.6418,2.6418,0.4000
TEL,58124,SAFE_DISABLED,8.1823,4.1345,0.0000,0.0000,0.00,0,0.0000,20,1,0,0.0000,0.0000,0,-11.3379,0.0000,idle,8.1823,4.1345,8.1823,4.1345,4.1345,0.4000
TEL,58224,SAFE_DISABLED,2.1026,2.9478,0.0000,0.0000,0.00,0,0.0000,0,1,0,0.0000,0.0000,0,-11.3379,0.0000,idle,2.1026,2.9478,2.1026,2.9478,2.9478,0.4000
TEL,58324,SAFE_DISABLED,1.9025,2.4288,0.0000,0.0000,0.00,0,0.0000,20,1,0,0.0000,0.0000,0,-11.3379,0.0000,idle,1.9025,2.4288,1.9025,2.4288,2.4288,0.4000
TEL,58424,SAFE_DISABLED,2.1684,2.1628,0.0000,0.0000,0.00,0,0.0000,0,1,0,0.0000,0.0000,0,-11.3379,0.0000,idle,2.1684,2.1628,2.1684,2.1628,2.1628,0.4000
TEL,58524,SAFE_DISABLED,2.1684,2.1656,0.0000,0.0000,0.00,0,0.0000,20,1,0,0.0000,0.0000,0,-11.3379,0.0000,idle,2.1684,2.1656,2.1684,2.1656,2.1656,0.4000
TEL,58624,SAFE_DISABLED,2.1684,2.1674,0.0000,0.0000,0.00,0,0.0000,0,1,0,0.0000,0.0000,0,-11.3379,0.0000,idle,2.1684,2.1674,2.1684,2.1674,2.1674,0.4000
TEL,58724,SAFE_DISABLED,2.4271,2.2999,0.0000,0.0000,0.00,0,0.0000,20,1,0,0.0000,0.0000,0,-11.3379,0.0000,idle,2.4271,2.2999,2.4271,2.2999,2.2999,0.4000
TEL,58824,SAFE_DISABLED,2.4271,2.3835,0.0000,0.0000,0.00,0,0.0000,0,1,0,0.0000,0.0000,0,-11.3379,0.0000,idle,2.4271,2.3835,2.4271,2.3835,2.3835,0.4000
TEL,58924,SAFE_DISABLED,2.4271,2.4057,0.0000,0.0000,0.00,0,0.0000,20,1,0,0.0000,0.0000,0,-11.3379,0.0000,idle,2.4271,2.4057,2.4271,2.4057,2.4057,0.4000
TEL,59024,SAFE_DISABLED,2.6790,2.4953,0.0000,0.0000,0.00,0,0.0000,0,1,0,0.0000,0.0000,0,-11.2500,0.0000,idle,2.6790,2.4953,2.6790,2.4953,2.4953,0.4000
TEL,59124,SAFE_DISABLED,2.4271,2.4605,0.0000,0.0000,0.00,0,0.0000,20,1,0,0.0000,0.0000,0,-11.2500,0.0000,idle,2.4271,2.4605,2.4271,2.4605,2.4605,0.4000
TEL,59224,SAFE_DISABLED,2.4271,2.4386,0.0000,0.0000,0.00,0,0.0000,0,1,0,0.0000,0.0000,0,-11.3379,0.0000,idle,2.4271,2.4386,2.4271,2.4386,2.4386,0.4000
TEL,59324,SAFE_DISABLED,2.1684,2.3551,0.0000,0.0000,0.00,0,0.0000,20,1,0,0.0000,0.0000,0,-11.3379,0.0000,idle,2.1684,2.3551,2.1684,2.3551,2.3551,0.4000
TEL,59424,SAFE_DISABLED,2.1684,2.2324,0.0000,0.0000,0.00,0,0.0000,0,1,0,0.0000,0.0000,0,-11.3379,0.0000,idle,2.1684,2.2324,2.1684,2.2324,2.2324,0.4000
TEL,59524,SAFE_DISABLED,2.1684,2.1998,0.0000,0.0000,0.00,0,0.0000,20,1,0,0.0000,0.0000,0,-11.3379,0.0000,idle,2.1684,2.1998,2.1684,2.1998,2.1998,0.4000
TEL,59624,SAFE_DISABLED,1.9025,2.0994,0.0000,0.0000,0.00,0,0.0000,0,1,0,0.0000,0.0000,0,-11.3379,0.0000,idle,1.9025,2.0994,1.9025,2.0994,2.0994,0.4000
TEL,59724,SAFE_DISABLED,1.9025,2.0548,0.0000,0.0000,0.00,0,0.0000,20,1,0,0.0000,0.0000,0,-11.3379,0.0000,idle,1.9025,2.0548,1.9025,2.0548,2.0548,0.4000
TEL,59824,SAFE_DISABLED,7.5056,3.6747,0.0000,0.0000,0.00,0,0.0000,0,1,0,0.0000,0.0000,0,-11.2500,0.0000,idle,7.5056,3.6747,7.5056,3.6747,3.6747,0.4000
TEL,59924,SAFE_DISABLED,2.4907,3.2730,0.0000,0.0000,0.00,0,0.0000,20,1,0,0.0000,0.0000,0,-11.2500,0.0000,idle,2.4907,3.2730,2.4907,3.2730,3.2730,0.4000
TEL,60024,SAFE_DISABLED,1.0589,2.0377,0.0000,0.0000,0.00,0,0.0000,0,1,0,0.0000,0.0000,0,-11.2500,0.0000,idle,1.0589,2.0377,1.0589,2.0377,2.0377,0.4000
TEL,60124,SAFE_DISABLED,3.9527,2.4220,0.0000,0.0000,0.00,0,0.0000,20,1,0,0.0000,0.0000,0,-11.2500,0.0000,idle,3.9527,2.4220,3.9527,2.4220,2.4220,0.4000
TEL,60224,SAFE_DISABLED,2.0363,2.3089,0.0000,0.0000,0.00,0,0.0000,0,1,0,0.0000,0.0000,0,-11.1621,0.0000,idle,2.0363,2.3089,2.0363,2.3089,2.3089,0.4000
TEL,60324,SAFE_DISABLED,1.6291,2.0337,0.0000,0.0000,0.00,0,0.0000,20,1,0,0.0000,0.0000,0,-11.1621,0.0000,idle,1.6291,2.0337,1.6291,2.0337,2.0337,0.4000
TEL,60424,SAFE_DISABLED,2.2986,3.1689,0.0000,0.0000,0.00,0,0.0000,0,1,0,0.0000,0.0000,0,-11.2500,0.0000,idle,2.2986,3.1689,2.2986,3.1689,3.1689,0.4000
TEL,60524,SAFE_DISABLED,1.9696,2.5852,0.0000,0.0000,0.00,0,0.0000,20,1,0,0.0000,0.0000,0,-11.3379,0.0000,idle,1.9696,2.5852,1.9696,2.5852,2.5852,0.4000
TEL,60624,SAFE_DISABLED,3.5101,3.7813,0.0000,0.0000,0.00,0,0.0000,0,1,0,0.0000,0.0000,0,-11.3379,0.0000,idle,3.5101,3.7813,3.5101,3.7813,3.7813,0.4000
TEL,60724,SAFE_DISABLED,2.1026,3.0199,0.0000,0.0000,0.00,0,0.0000,20,1,0,0.0000,0.0000,0,-11.3379,0.0000,idle,2.1026,3.0199,2.1026,3.0199,3.0199,0.4000
TEL,60824,SAFE_DISABLED,1.6982,2.2484,0.0000,0.0000,0.00,0,0.0000,0,1,0,0.0000,0.0000,0,-11.3379,0.0000,idle,1.6982,2.2484,1.6982,2.2484,2.2484,0.4000
TEL,60924,SAFE_DISABLED,2.6790,3.6365,0.0000,0.0000,0.00,0,0.0000,20,1,0,0.0000,0.0000,0,-11.3379,0.0000,idle,2.6790,3.6365,2.6790,3.6365,3.6365,0.4000
TEL,61024,SAFE_DISABLED,-1.8744,-0.3662,0.0000,0.0000,0.00,0,0.0000,0,1,0,0.0000,0.0000,0,-11.3379,0.0000,idle,-1.8744,-0.3662,-1.8744,-0.3662,-0.3662,0.4000
TEL,61124,SAFE_DISABLED,8.1516,2.7757,0.0000,0.0000,0.00,0,0.0000,20,1,0,0.0000,0.0000,0,-11.3379,0.0000,idle,8.1516,2.7757,8.1516,2.7757,2.7757,0.4000
TEL,61224,SAFE_DISABLED,2.1026,2.7474,0.0000,0.0000,0.00,0,0.0000,0,1,0,0.0000,0.0000,0,-11.3379,0.0000,idle,2.1026,2.7474,2.1026,2.7474,2.7474,0.4000
TEL,61324,SAFE_DISABLED,1.9025,2.3306,0.0000,0.0000,0.00,0,0.0000,20,1,0,0.0000,0.0000,0,-11.3379,0.0000,idle,1.9025,2.3306,1.9025,2.3306,2.3306,0.4000
TEL,61424,SAFE_DISABLED,2.4907,2.5367,0.0000,0.0000,0.00,0,0.0000,0,1,0,0.0000,0.0000,0,-11.3379,0.0000,idle,2.4907,2.5367,2.4907,2.5367,2.5367,0.4000
TEL,61524,SAFE_DISABLED,1.9696,2.2892,0.0000,0.0000,0.00,0,0.0000,20,1,0,0.0000,0.0000,0,-11.3379,0.0000,idle,1.9696,2.2892,1.9696,2.2892,2.2892,0.4000
TEL,61624,SAFE_DISABLED,8.2432,3.9622,0.0000,0.0000,0.00,0,0.0000,0,1,0,0.0000,0.0000,0,-11.3379,0.0000,idle,8.2432,3.9622,8.2432,3.9622,3.9622,0.4000
TEL,61724,SAFE_DISABLED,2.6167,3.3150,0.0000,0.0000,0.00,0,0.0000,20,1,0,0.0000,0.0000,0,-11.3379,0.0000,idle,2.6167,3.3150,2.6167,3.3150,3.3150,0.4000
TEL,61824,SAFE_DISABLED,1.9025,2.4207,0.0000,0.0000,0.00,0,0.0000,0,1,0,0.0000,0.0000,0,-11.3379,0.0000,idle,1.9025,2.4207,1.9025,2.4207,2.4207,0.4000
TEL,61924,SAFE_DISABLED,3.1632,3.8010,0.0000,0.0000,0.00,0,0.0000,20,1,0,0.0000,0.0000,0,-11.3379,0.0000,idle,3.1632,3.8010,3.1632,3.8010,3.8010,0.4000
TEL,62024,SAFE_DISABLED,1.9696,2.6741,0.0000,0.0000,0.00,0,0.0000,0,1,0,0.0000,0.0000,0,-11.3379,0.0000,idle,1.9696,2.6741,1.9696,2.6741,2.6741,0.4000
TEL,62124,SAFE_DISABLED,1.5596,2.1777,0.0000,0.0000,0.00,0,0.0000,20,1,0,0.0000,0.0000,0,-11.3379,0.0000,idle,1.5596,2.1777,1.5596,2.1777,2.1777,0.4000
TEL,62224,SAFE_DISABLED,2.4271,2.6345,0.0000,0.0000,0.00,0,0.0000,0,1,0,0.0000,0.0000,0,-11.3379,0.0000,idle,2.4271,2.6345,2.4271,2.6345,2.6345,0.4000
TEL,62324,SAFE_DISABLED,1.9025,2.3307,0.0000,0.0000,0.00,0,0.0000,20,1,0,0.0000,0.0000,0,-11.3379,0.0000,idle,1.9025,2.3307,1.9025,2.3307,2.3307,0.4000
TEL,62424,SAFE_DISABLED,2.9243,3.6617,0.0000,0.0000,0.00,0,0.0000,0,1,0,0.0000,0.0000,0,-11.3379,0.0000,idle,2.9243,3.6617,2.9243,3.6617,3.6617,0.4000
TEL,62524,SAFE_DISABLED,2.0363,2.9415,0.0000,0.0000,0.00,0,0.0000,20,1,0,0.0000,0.0000,0,-11.3379,0.0000,idle,2.0363,2.9415,2.0363,2.9415,2.9415,0.4000
TEL,62624,SAFE_DISABLED,7.8687,4.0487,0.0000,0.0000,0.00,0,0.0000,0,1,0,0.0000,0.0000,0,-11.3379,0.0000,idle,7.8687,4.0487,7.8687,4.0487,4.0487,0.4000
TEL,62724,SAFE_DISABLED,2.4271,3.3514,0.0000,0.0000,0.00,0,0.0000,20,1,0,0.0000,0.0000,0,-11.3379,0.0000,idle,2.4271,3.3514,2.4271,3.3514,3.3514,0.4000
TEL,62824,SAFE_DISABLED,1.9696,2.5088,0.0000,0.0000,0.00,0,0.0000,0,1,0,0.0000,0.0000,0,-11.3379,0.0000,idle,1.9696,2.5088,1.9696,2.5088,2.5088,0.4000
TEL,62924,SAFE_DISABLED,4.0599,2.8039,0.0000,0.0000,0.00,0,0.0000,20,1,0,0.0000,0.0000,0,-11.3379,0.0000,idle,4.0599,2.8039,4.0599,2.8039,2.8039,0.4000
TEL,63024,SAFE_DISABLED,2.0363,2.4804,0.0000,0.0000,0.00,0,0.0000,0,1,0,0.0000,0.0000,0,-11.3379,0.0000,idle,2.0363,2.4804,2.0363,2.4804,2.4804,0.4000
TEL,63124,SAFE_DISABLED,1.9025,2.1998,0.0000,0.0000,0.00,0,0.0000,20,1,0,0.0000,0.0000,0,-11.3379,0.0000,idle,1.9025,2.1998,1.9025,2.1998,2.1998,0.4000
TEL,63224,SAFE_DISABLED,2.2337,3.2078,0.0000,0.0000,0.00,0,0.0000,0,1,0,0.0000,0.0000,0,-11.3379,0.0000,idle,2.2337,3.2078,2.2337,3.2078,3.2078,0.4000
TEL,63324,SAFE_DISABLED,1.9696,2.5904,0.0000,0.0000,0.00,0,0.0000,20,1,0,0.0000,0.0000,0,-11.3379,0.0000,idle,1.9696,2.5904,1.9696,2.5904,2.5904,0.4000
TEL,63424,SAFE_DISABLED,3.2803,3.8181,0.0000,0.0000,0.00,0,0.0000,0,1,0,0.0000,0.0000,0,-11.3379,0.0000,idle,3.2803,3.8181,3.2803,3.8181,3.8181,0.4000
OK,stopped
