BALL_BEAM_REF_BOOT
HOST_START_READY
REF_CFG,profile=center_far_near_90s,center_cm=13.0000,near_cm=9.0000,far_cm=17.0000,segment_ms=30000
REF,5161,13.0000,hold_center
TEL,5165,8.2721,8.1107,4.9007,0.0000,0,0.000000
TEL,5265,8.2563,8.1283,4.8717,-96.0000,0,0.000000
TEL,5365,7.6544,8.0971,4.9029,-191.3358,23,0.045160
TEL,5465,8.2406,8.1201,4.8799,-192.6008,112,0.219911
TEL,5565,8.2879,8.1396,4.8604,-194.0217,190,0.373064
TEL,5665,7.6818,8.1068,4.8932,-198.2670,194,0.380918
TEL,5765,8.1938,8.1045,4.8955,-200.5631,198,0.388772
TEL,5865,8.5659,8.1925,4.8075,-198.6746,201,0.394663
TEL,5965,6.9761,8.2332,4.8075,-198.6746,199,0.390736
TEL,6065,8.7552,8.2922,4.7878,-201.0343,201,0.394663
TEL,6165,9.1388,8.4642,4.7078,-198.9710,199,0.390736
TEL,6265,9.5547,8.8876,4.4179,-187.3179,187,0.367174
TEL,6365,9.1009,8.9878,4.1124,-174.4158,174,0.341648
TEL,6465,10.1208,9.4174,3.9111,-168.1267,168,0.329867
TEL,6565,10.5009,9.8672,3.5826,-152.2094,152,0.298451
TEL,6665,10.0071,9.8989,2.9164,-123.2855,123,0.241510
TEL,6765,11.1783,10.3825,3.1011,-132.5446,133,0.261145
TEL,6865,11.8792,11.1599,2.6175,-109.1069,109,0.214021
TEL,6965,8.7376,10.4432,1.8401,-45.1069,50,0.098175
TEL,7065,12.2939,11.4805,2.2792,-88.6382,83,0.162970
TEL,7165,12.7361,12.1590,1.5195,-24.6382,47,0.092284
TEL,7265,13.5161,12.8953,0.6000,8.8676,-9,-0.017671
TEL,7365,13.7961,13.3062,0.1047,21.3584,-21,-0.041233
TEL,7465,14.0027,13.6736,-0.3062,35.4529,-35,-0.068722
TEL,7565,14.1722,13.8204,-0.6736,42.2714,-42,-0.082467
TEL,7665,14.1295,13.9570,-0.8204,43.3409,-43,-0.084430
TEL,7766,14.1722,14.0186,-0.9570,41.9752,-42,-0.082467
TEL,7866,14.2152,14.0772,-1.0186,39.5965,-40,-0.078540
TEL,7966,14.1295,14.0883,-1.0772,37.7894,-38,-0.074613
TEL,8066,13.9610,14.0696,-1.0883,34.9891,-35,-0.068722
TEL,8166,13.7961,14.0419,-1.0696,31.5363,-32,-0.062832
TEL,8266,13.6348,13.9540,-1.0419,28.1377,-28,-0.054978
TEL,8366,13.3225,13.8423,-0.9540,23.5029,-24,-0.047124
TEL,8466,12.8782,13.5277,-0.8423,17.4603,-17,-0.033379
TEL,8566,10.0297,12.6953,-0.5277,4.3858,-4,-0.007854
TEL,8666,11.4898,11.7506,0.3047,-47.5921,47,0.092284
TEL,8766,11.4033,11.6209,1.2494,-64.8193,65,0.127627
TEL,8866,10.8038,11.3333,1.3791,-61.3400,61,0.119773
TEL,8966,9.3524,10.4253,1.6667,-66.6206,67,0.131554
TEL,9066,9.4323,9.8558,2.5747,-121.9552,120,0.235619
TEL,9166,9.0446,9.5426,3.1442,-141.4602,141,0.276853
TEL,9266,7.6271,8.9193,3.4574,-151.9350,152,0.298451
TEL,9366,7.8938,8.3490,4.0807,-176.1108,176,0.345575
TEL,9466,8.5659,8.3626,4.6510,-198.2461,198,0.388772
TEL,9566,7.4023,8.4395,4.6374,-190.1263,190,0.373064
TEL,9666,9.2154,8.6308,4.4959,-182.1752,182,0.357356
TEL,9766,10.0978,9.1235,4.1653,-163.5731,164,0.322013
TEL,9866,10.9084,10.1259,3.5353,-131.6810,138,0.270962
TEL,9966,10.5009,10.0615,3.1427,-128.8135,129,0.253291
TEL,10066,12.0992,11.2596,2.1810,-80.1155,99,0.194386
TEL,10166,12.8424,12.1137,1.3071,-16.1155,54,0.106029
TEL,10266,12.2283,11.4679,2.1006,-95.8136,25,0.049087
TEL,10366,13.6748,12.7905,0.8700,-31.8136,90,0.176715
TEL,10466,14.7502,14.1997,-0.8369,32.1864,35,0.068722
TEL,10566,11.6071,13.5162,-1.5578,81.3010,-58,-0.113883
TEL,10667,15.6264,14.5467,-0.8812,79.0031,-79,-0.155116
TEL,10767,16.4899,15.7097,-2.1495,121.8174,-109,-0.214021
TEL,10867,12.4944,15.0523,-3.4652,170.1589,-151,-0.296488
TEL,10967,15.9401,15.2110,-1.7109,106.1589,-144,-0.282743
TEL,11067,17.2591,16.8003,-3.4829,159.6239,-114,-0.223838
TEL,11167,17.4461,17.1851,-4.0570,181.0094,-178,-0.349502
TEL,11267,15.5243,14.8932,-0.9040,117.0094,-150,-0.294524
TEL,11367,16.6040,16.2288,-2.8520,103.6571,-104,-0.204204
TEL,11467,16.3213,16.3404,-3.3466,123.4658,-122,-0.239546
TEL,11567,11.0418,15.4285,-3.3702,126.2800,-126,-0.247400
TEL,11667,14.7042,14.8178,-1.8671,62.2800,-94,-0.184569
TEL,11767,14.3455,14.7085,-1.8011,37.2034,-39,-0.076576
TEL,11867,9.8085,13.4045,-1.4293,22.2498,-22,-0.043197
TEL,11967,12.4944,12.5628,0.3814,-41.7502,10,0.019635
TEL,12067,11.6367,12.1340,0.6951,-57.3500,57,0.111919
TEL,12167,10.7780,11.5867,1.1092,-67.8325,68,0.133518
TEL,12267,8.9706,9.4157,3.2040,-162.4448,100,0.196350
TEL,12367,8.6338,9.0609,3.7380,-175.5027,174,0.341648
TEL,12467,8.0713,8.4696,4.3723,-196.2940,196,0.384845
TEL,12567,6.5829,8.3476,4.6524,-201.8183,201,0.394663
TEL,12667,9.2154,8.5803,4.5755,-189.2401,189,0.371101
TEL,12767,10.0297,9.1011,4.2008,-166.4586,168,0.329867
TEL,12867,8.8438,9.5305,3.1025,-112.5392,135,0.265072
TEL,12967,11.2060,10.1416,3.3118,-118.4768,118,0.231692
TEL,13067,12.9503,12.0483,1.6059,-54.4768,87,0.170824
TEL,13167,10.9881,11.9523,0.3406,9.5232,14,0.027489
TEL,13267,13.5555,12.6495,0.7721,16.9336,-18,-0.035343
TEL,13367,15.5243,14.2365,-0.3441,68.4763,-48,-0.094248
TEL,13467,16.4899,15.9776,-2.5949,138.9790,-94,-0.184569
TEL,13568,13.5161,13.9630,-1.4705,74.9791,-133,-0.261145
TEL,13668,17.3833,16.7910,-3.2018,138.7035,-77,-0.151189
TEL,13768,17.8974,17.5111,-4.2513,186.9027,-141,-0.276853
TEL,13868,14.6585,14.4447,-1.1754,122.9027,-182,-0.357356
TEL,13968,16.8368,16.3100,-2.7505,126.6256,-125,-0.245437
TEL,14068,17.3833,17.1000,-3.9582,171.9440,-157,-0.308269
TEL,14168,12.7011,16.0919,-4.1458,174.2345,-174,-0.341648
TEL,14268,15.6264,15.1367,-1.8612,110.2345,-142,-0.278816
TEL,14368,15.4235,15.3608,-2.3338,104.5242,-105,-0.206167
TEL,14468,10.6252,14.2598,-2.2089,92.1744,-92,-0.180642
TEL,14568,12.7361,12.8894,-0.0446,28.1744,-59,-0.115846
TEL,14668,12.2283,12.5850,0.2926,-35.8256,13,0.025525
TEL,14768,11.3179,12.1380,0.5921,-52.8453,53,0.104065
TEL,14868,8.9340,9.7661,2.4611,-144.2383,85,0.166897
TEL,14968,8.7202,9.1117,3.6290,-185.4183,172,0.337721
TEL,15068,8.0562,8.4075,4.4310,-210.0091,207,0.406444
TEL,15168,6.7851,8.3736,4.6264,-206.5137,207,0.406444
TEL,15268,9.2736,8.5799,4.6179,-193.9110,194,0.380918
TEL,15368,10.3793,9.2952,4.1270,-163.6845,168,0.329867
TEL,15468,11.6665,10.8152,2.7135,-93.7046,132,0.259181
TEL,15568,12.4269,11.7438,1.6927,-29.7046,54,0.106029
TEL,15668,14.1722,13.1947,0.3851,34.2954,-15,-0.029452
TEL,15768,15.0320,14.2899,-0.7779,82.1758,-61,-0.119773
TEL,15868,16.3213,15.6119,-2.1828,121.1175,-117,-0.229729
TEL,15968,16.8368,16.2866,-2.9806,151.1066,-147,-0.288634
TEL,16068,17.5093,17.1210,-3.9320,184.9292,-178,-0.349502
TEL,16168,18.0975,17.5338,-4.3125,194.7302,-195,-0.382882
TEL,16268,18.2332,17.9338,-4.8344,209.2626,-209,-0.410371
TEL,16368,17.8974,17.9687,-4.9870,209.2896,-209,-0.410371
TEL,16468,17.5729,17.8364,-4.9446,201.3422,-201,-0.394663
TEL,16568,17.0154,17.6468,-4.7664,188.7322,-189,-0.371101
TEL,16668,16.1015,17.0437,-4.3206,164.1544,-166,-0.325940
TEL,16768,15.5243,16.3607,-3.7200,132.0906,-137,-0.268999
TEL,16868,14.2152,15.0428,-2.5129,76.0723,-100,-0.196350
TEL,16968,13.3993,14.1583,-1.6073,12.0723,-32,-0.062832
TEL,17068,12.0040,12.7755,-0.2411,-49.7203,13,0.025525
TEL,17168,9.6170,10.4264,1.6787,-96.0000,84,0.164934
TEL,17268,9.2347,9.6457,3.1405,-172.3943,128,0.251327
TEL,17368,8.3679,9.0701,3.6193,-183.0028,183,0.359320
TEL,17468,7.9669,8.3486,4.4837,-209.5280,207,0.406444
TEL,17568,8.6510,8.3656,4.7248,-209.6060,210,0.412334
TEL,17668,10.0297,9.0876,4.2411,-175.9506,183,0.359320
TEL,17768,10.7780,9.9077,3.5213,-134.9570,146,0.286670
TEL,17868,11.8792,10.5919,2.8649,-107.5032,111,0.217948
TEL,17968,12.7714,11.7038,1.9122,-43.5032,76,0.149226
TEL,18068,14.0870,12.6668,1.5346,-61.0606,55,0.107992
TEL,18168,13.0599,12.3733,1.3179,-96.0000,89,0.174751
TEL,18268,16.0473,15.2272,-1.4137,-32.0000,65,0.127627
TEL,18368,16.8960,16.2738,-2.8000,64.0000,-11,-0.021598
TEL,18468,15.6264,15.3044,-1.8990,0.0000,-61,-0.119773
TEL,18568,17.3833,16.6196,-3.0174,96.0000,-11,-0.021598
TEL,18668,18.0304,17.6822,-4.4781,175.6084,-80,-0.157080
TEL,18768,12.7011,14.0100,-2.7163,79.6084,-151,-0.296488
TEL,18868,17.1364,16.4788,-2.9078,91.4346,-99,-0.194386
TEL,18968,17.3833,17.0261,-3.8133,140.8527,-123,-0.241510
TEL,19068,11.1783,15.0633,-4.1828,160.5333,-160,-0.314159
TEL,19168,15.6779,15.0535,-1.5534,96.5333,-129,-0.253291
TEL,19268,15.2745,15.3291,-2.3493,80.8221,-81,-0.159043
TEL,19368,14.6130,15.1126,-2.2433,76.7591,-77,-0.151189
TEL,19468,12.7714,13.7055,-1.2444,12.7591,-46,-0.090321
TEL,19568,12.4944,12.9915,-0.2883,-45.9808,27,0.053014
TEL,19668,11.5482,12.1634,0.5535,-64.6747,64,0.125664
TEL,19768,9.0260,10.0878,1.9750,-96.0000,91,0.178678
TEL,19868,9.0821,9.1205,3.2098,-168.6947,129,0.253291
TEL,19968,8.4166,8.8553,3.9891,-188.0919,188,0.369137
TEL,20068,7.1772,8.4805,4.5195,-202.8500,201,0.394663
TEL,20168,8.4990,8.3902,4.6447,-200.5103,201,0.394663
TEL,20268,9.7439,8.9224,4.3206,-176.3942,178,0.349502
TEL,20368,10.4764,9.5913,3.7729,-145.2792,150,0.294524
TEL,20468,11.1508,10.0677,3.3021,-124.3415,125,0.245437
TEL,20568,12.3934,11.2261,2.4258,-77.8265,93,0.182605
TEL,20668,13.5950,12.3707,1.1317,-13.8265,46,0.090321
TEL,20768,12.7361,12.1045,1.3547,-33.7854,25,0.049087
TEL,20868,15.3238,14.4655,-0.7340,30.2146,3,0.005890
TEL,20968,16.2107,15.5175,-2.0139,107.8589,-73,-0.143335
TEL,21068,13.8370,13.3186,0.2840,43.8589,-97,-0.190459
TEL,21168,17.1364,16.2442,-2.0601,118.4654,-46,-0.090321
TEL,21268,13.6348,15.9314,-4.0623,206.4986,-121,-0.237583
TEL,21368,11.7872,13.4555,-2.0273,110.4986,-192,-0.376991
TEL,21468,17.0154,16.2082,-2.4184,126.3043,-138,-0.270962
TEL,21568,17.3833,17.0274,-3.7614,183.3288,-157,-0.308269
TEL,21668,12.9142,16.1725,-4.2377,190.9573,-191,-0.375028
TEL,21768,16.0473,15.5940,-2.1678,94.9573,-159,-0.312196
TEL,21868,15.2254,15.5349,-2.6278,94.6140,-95,-0.186532
TEL,21968,14.6130,15.2414,-2.4154,84.6270,-85,-0.166897
TEL,22068,12.3600,12.7697,-0.1585,20.6270,-54,-0.106029
TEL,22168,12.3934,12.6503,0.2439,-43.3730,20,0.039270
TEL,22268,11.1508,11.7971,0.5315,-53.3425,53,0.104065
TEL,22368,9.7225,10.8647,1.5691,-84.9688,80,0.157080
TEL,22468,8.5491,8.8578,2.8701,-149.3829,118,0.231692
TEL,22568,7.9669,8.3833,4.4028,-203.5563,188,0.369137
TEL,22668,7.6407,8.1541,4.8459,-209.9923,189,0.371101
TEL,22768,9.0260,8.4744,4.5256,-184.7924,206,0.404480
TEL,22868,10.4277,9.5390,3.4610,-130.4237,181,0.355393
TEL,22968,9.4525,9.8163,3.1837,-128.5225,128,0.251327
TEL,23068,12.0356,10.7924,2.2076,-67.1212,125,0.245437
TEL,23168,13.3608,12.4623,0.5377,-3.1212,64,0.125664
TEL,23268,15.0799,14.2932,-1.2932,60.8788,-4,-0.007854
TEL,23368,14.0027,13.6725,-0.6725,82.3863,-63,-0.123700
TEL,23468,16.9555,15.8955,-2.8955,160.3637,-86,-0.168861
TEL,23568,17.6369,17.0508,-4.0508,203.3699,-158,-0.310232
TEL,23668,18.0975,17.8408,-4.8408,222.9647,-207,-0.406444
TEL,23768,18.0304,17.9422,-4.9422,216.4996,-219,-0.430005
TEL,23868,17.5729,17.8305,-4.8305,202.6378,-212,-0.416261
TEL,23968,17.0154,17.6175,-4.6175,185.5983,-199,-0.390736
TEL,24068,16.1559,16.9815,-3.9816,150.9717,-182,-0.357356
TEL,24168,15.2254,16.1905,-3.1905,108.5740,-147,-0.288634
TEL,24268,14.0027,14.8204,-1.8204,44.5740,-105,-0.206167
TEL,24368,13.0232,13.8132,-0.8132,-19.4260,-42,-0.082467
TEL,24468,11.6071,12.3471,0.6529,-77.2245,26,0.051051
TEL,24568,10.4764,11.3146,1.6854,-96.0000,79,0.155116
TEL,24668,8.9523,9.7235,3.2765,-167.9672,100,0.196350
TEL,24768,8.0864,8.7842,4.2158,-204.0447,168,0.329867
TEL,24868,8.5659,8.4405,4.5595,-203.1566,203,0.398590
TEL,24968,9.2541,8.7075,4.2925,-179.9330,199,0.390736
TEL,25068,10.3793,9.5273,3.4727,-136.2243,176,0.345575
TEL,25168,11.2617,10.3871,2.6129,-89.9525,132,0.259181
TEL,25268,8.7904,9.8572,3.1428,-132.3558,94,0.184569
TEL,25368,12.6662,11.5196,1.4804,-68.3558,128,0.251327
TEL,25468,14.5678,13.7398,-0.7398,-4.3558,65,0.127627
TEL,25568,15.6779,14.8510,-1.8510,59.6442,-2,-0.003927
TEL,25668,15.5243,15.2261,-2.2261,115.9598,-62,-0.121737
TEL,25768,17.0757,16.0570,-3.0570,151.7979,-119,-0.233656
TEL,25868,18.0304,17.4605,-4.4605,205.4262,-156,-0.306305
TEL,25968,15.5243,15.7120,-2.7120,122.6650,-202,-0.396626
TEL,26068,17.3833,16.8207,-3.8207,168.2454,-132,-0.259181
TEL,26168,17.1364,17.0348,-4.0348,171.0420,-158,-0.310232
TEL,26268,13.5161,14.9618,-1.9618,107.0420,-167,-0.327904
TEL,26368,15.4235,15.1901,-2.1901,74.7953,-105,-0.206167
TEL,26468,14.7965,15.0893,-2.0893,71.3052,-72,-0.141372
TEL,26568,11.0418,14.1738,-1.1738,7.3052,-67,-0.131554
TEL,26668,12.2610,12.6861,0.3139,-56.1766,-5,-0.009817
TEL,26768,11.8177,12.3109,0.6891,-61.7239,59,0.115846
TEL,26868,8.9158,10.9579,2.0421,-120.6179,66,0.129591
TEL,26968,8.8438,9.4741,3.5259,-180.6367,124,0.243473
TEL,27068,8.3038,8.8616,4.1384,-197.4370,182,0.357356
TEL,27168,7.9964,8.4317,4.5683,-207.5176,201,0.394663
TEL,27268,8.2093,8.3353,4.6647,-202.0494,205,0.402517
TEL,27368,9.2347,8.5849,4.4151,-180.8929,198,0.388772
TEL,27468,10.5503,9.5914,3.4086,-128.9239,177,0.347539
TEL,27568,10.0750,10.0649,2.9351,-112.8986,127,0.249364
TEL,27668,12.1313,10.8241,2.1759,-71.2684,109,0.214021
TEL,27768,13.1340,12.1353,0.8647,-7.2684,67,0.131554
TEL,27868,10.7266,12.2703,0.7297,-38.2161,8,0.015708
TEL,27968,14.3018,12.9215,0.0785,18.4134,34,0.066759
TEL,28068,16.5468,15.6768,-2.6768,114.4134,-23,-0.045160
TEL,28168,17.2591,16.7134,-3.7134,175.8884,-109,-0.214021
TEL,28268,16.6617,15.3706,-2.3707,171.2718,-175,-0.343612
TEL,28368,17.5093,17.0199,-4.0199,224.0000,-175,-0.343612
TEL,28468,17.8316,17.6691,-4.6691,224.0000,-224,-0.439823
TEL,28568,13.8781,15.2159,-2.2159,128.0000,-220,-0.431969
TEL,28668,16.4333,16.0479,-3.0479,125.4141,-142,-0.278816
TEL,28768,16.2107,16.1529,-3.1529,127.2553,-127,-0.249364
TEL,28868,12.1313,13.9868,-0.9868,63.2553,-123,-0.241510
TEL,28968,13.6348,13.7203,-0.7203,-0.7447,-60,-0.117810
TEL,29068,12.9142,13.4516,-0.4516,-24.2598,7,0.013744
TEL,29168,9.8302,12.4086,0.5914,-81.3749,28,0.054978
TEL,29268,10.2368,10.6364,2.3636,-125.4516,86,0.168861
TEL,29368,9.7225,10.2101,2.7899,-137.8915,129,0.253291
TEL,29468,8.4494,9.2392,3.7608,-176.2634,142,0.278816
TEL,29568,7.2632,9.2392,3.7608,-176.2634,164,0.322013
TEL,29668,8.7028,8.6479,4.2069,-187.2974,182,0.357356
TEL,29768,9.4728,8.9122,4.3521,-184.2915,184,0.361283
TEL,29868,9.1578,8.8762,4.0878,-166.2166,166,0.325940
TEL,29968,10.9349,9.7562,4.1238,-163.8507,164,0.322013
TEL,30068,12.4606,11.6086,2.6292,-88.5391,101,0.198313
TEL,30168,10.5256,11.4747,1.3914,-24.5391,29,0.056941
TEL,30268,13.7554,12.5623,1.6377,-13.2611,13,0.025525
TEL,30368,15.2745,14.3552,0.4377,41.5389,-39,-0.076576
TEL,30468,16.6617,15.1370,-1.9285,96.0000,-96,-0.188496
TEL,30568,15.5752,14.9603,-2.1370,167.3373,-158,-0.310232
TEL,30668,17.5093,17.0143,-2.9956,205.0161,-205,-0.402517
TEL,30768,17.9637,17.6742,-4.0143,224.0000,-224,-0.439823
TEL,30868,16.6617,16.0520,-3.4870,153.2893,-163,-0.320050
TEL,30968,17.1364,16.6635,-3.0520,148.2797,-148,-0.290597
TEL,31068,17.2591,16.8305,-3.6635,170.5183,-171,-0.335758
TEL,31168,10.8821,15.4318,-3.8305,173.2348,-173,-0.339685
TEL,31268,15.2254,15.1503,-1.9577,109.2348,-115,-0.225802
TEL,31368,14.9370,15.1012,-2.1503,87.2335,-87,-0.170824
TEL,31468,9.4525,13.6589,-1.9846,48.7410,-49,-0.096211
TEL,31568,12.0040,12.5212,-0.6589,-15.2590,9,0.017671
TEL,31668,11.3179,11.8613,0.6833,-67.6962,67,0.131554
TEL,31768,10.4034,11.2180,1.1387,-75.9396,76,0.149226
TEL,31868,8.6338,9.6051,2.6540,-134.3014,106,0.208131
TEL,31968,8.0262,8.6344,3.9315,-188.6691,172,0.337721
TEL,32068,8.4494,8.3138,4.7393,-210.7845,208,0.408407
TEL,32168,7.9229,8.2217,4.7783,-203.8595,204,0.400553
TEL,32268,10.2603,9.0981,4.3334,-174.8675,189,0.371101
TEL,32368,11.1508,10.1895,3.3773,-122.9465,160,0.314159
TEL,32468,12.3269,11.6598,1.7695,-58.9465,94,0.184569
TEL,32568,13.3225,12.5392,0.4608,5.0535,47,0.092284
TEL,32668,15.2745,14.3205,-0.6526,69.0535,-24,-0.047124
TEL,32768,16.0473,15.3622,-1.8784,96.0000,-87,-0.170824
TEL,32868,17.3833,16.6279,-3.1975,161.7007,-110,-0.215984
TEL,32968,17.8316,17.2551,-4.2551,199.1528,-180,-0.353429
TEL,33068,18.0975,17.8441,-4.7371,212.5771,-211,-0.414298
TEL,33168,18.0975,17.9522,-4.9522,212.6825,-213,-0.418225
TEL,33268,17.8316,17.9353,-4.9548,205.0488,-205,-0.402517
TEL,33368,17.3210,17.8013,-4.8013,192.0989,-194,-0.380918
TEL,33468,16.6040,17.3279,-4.5163,173.9045,-179,-0.351466
TEL,33568,15.8343,16.7841,-3.7841,136.1737,-160,-0.314159
TEL,33668,14.6585,15.5212,-2.9829,96.0272,-121,-0.237583
TEL,33768,13.6748,14.5259,-1.5259,32.0272,-82,-0.161007
TEL,33868,12.1958,12.9898,-0.5010,-31.9728,-12,-0.023562
TEL,33968,11.2617,12.0122,0.9878,-89.8344,57,0.111919
TEL,34068,7.3894,10.9999,2.0001,-117.7142,98,0.192423
TEL,34168,8.3198,9.1874,3.8126,-197.1325,129,0.253291
TEL,34268,7.9521,8.1918,4.6678,-224.0000,209,0.410371
TEL,34368,8.6510,8.3424,4.6576,-207.4715,212,0.416261
TEL,34468,9.3524,8.5289,4.6628,-199.0389,199,0.390736
TEL,34568,10.5009,9.3081,3.6919,-144.7053,185,0.363247
TEL,34668,12.0673,11.2201,2.3999,-75.3256,118,0.231692
TEL,34768,9.0633,10.2503,2.7497,-114.3653,83,0.162970
TEL,34868,14.2584,13.2063,0.8580,-50.3653,102,0.200277
TEL,34968,15.5752,14.7942,-1.7942,13.6347,32,0.062832
TEL,35068,13.6748,13.7873,-0.9171,-0.9901,-8,-0.015708
REF,35158,17.0000,hold_far
TEL,35168,16.8960,15.5842,-2.5842,95.0099,-13,-0.025525
TEL,35268,17.8974,17.5741,-0.2976,48.1207,-90,-0.176715
TEL,35368,13.8781,16.5209,0.4791,-26.3139,-45,-0.088357
TEL,35468,17.0154,16.2031,1.7986,-48.5213,36,0.070686
TEL,35568,17.0154,16.7856,0.2144,9.5660,35,0.068722
TEL,35668,14.0027,16.2780,0.0528,10.7210,-11,-0.021598
TEL,35768,14.5228,14.4391,2.5609,-85.2790,3,0.005890
TEL,35868,15.8343,15.4814,1.7223,-48.6593,80,0.157080
TEL,35968,11.2617,14.4554,2.5446,-106.9807,52,0.102102
TEL,36068,14.1295,13.6810,3.8562,-189.1443,107,0.210094
TEL,36168,14.3018,13.9597,3.0403,-142.2833,185,0.363247
TEL,36268,13.7554,13.9172,3.0410,-135.4905,143,0.280780
TEL,36368,10.6252,13.3448,3.6552,-164.7612,149,0.292561
TEL,36468,12.9867,12.9076,4.1227,-177.6619,176,0.345575
TEL,36568,13.0232,12.9371,4.0629,-168.9628,170,0.333794
TEL,36668,9.2541,12.4605,4.0108,-162.1354,162,0.318086
TEL,36768,12.3934,12.2442,4.7558,-188.6691,176,0.345575
TEL,36868,13.3608,12.8088,4.3826,-171.2592,177,0.347539
TEL,36968,13.6748,13.1808,3.8192,-147.9285,158,0.310232
TEL,37068,13.3608,12.5017,4.9488,-198.9228,162,0.318086
TEL,37168,14.2152,13.4236,3.5764,-136.0034,188,0.369137
TEL,37268,15.2745,14.6280,2.7426,-97.9539,119,0.233656
TEL,37368,13.5555,13.3281,3.6719,-131.7660,112,0.219911
TEL,37468,16.2107,15.2969,2.3819,-73.2100,119,0.233656
TEL,37568,17.0154,16.3252,0.6748,-4.9864,53,0.104065
TEL,37668,14.7502,14.1366,3.5977,-100.9864,11,0.021598
TEL,37768,17.2591,16.2975,0.7025,-19.8186,86,0.168861
TEL,37868,17.8974,17.6098,-0.4177,36.9816,61,0.119773
TEL,37968,15.9401,17.2366,-0.2366,-6.3305,-27,-0.053014
TEL,38068,17.5729,16.8862,0.5231,-18.1617,-1,-0.001963
TEL,38168,17.5729,17.2450,-0.2450,16.6313,5,0.009817
TEL,38268,12.1313,16.2284,-0.4742,23.6620,-24,-0.047124
TEL,38368,16.0473,15.7302,1.2698,-39.3924,-11,-0.021598
TEL,38468,16.4333,16.2154,0.8746,-23.8451,36,0.070686
TEL,38568,16.3213,16.2928,0.7072,-20.6760,21,0.041233
TEL,38668,14.7965,14.8015,2.1949,-94.6490,34,0.066759
TEL,38768,14.7502,14.8501,2.1499,-92.2317,94,0.184569
TEL,38868,14.4781,14.7142,2.2360,-95.6046,96,0.188496
TEL,38968,12.4269,13.5575,3.4425,-151.1592,109,0.214021
TEL,39068,13.0599,13.2422,3.6936,-155.4856,157,0.308269
TEL,39168,12.9142,13.1442,3.8558,-159.7086,160,0.314159
TEL,39268,11.3179,12.2374,4.3849,-187.1810,173,0.339685
TEL,39368,12.0673,12.0567,4.9433,-203.5422,199,0.390736
TEL,39468,12.3600,12.1930,4.8449,-197.8160,198,0.388772
TEL,39568,9.9847,11.8746,5.1254,-213.8228,210,0.412334
TEL,39668,12.1958,11.6749,5.4958,-223.4159,222,0.435896
TEL,39768,12.7011,12.0930,4.9070,-196.5310,210,0.412334
TEL,39868,10.9881,12.1106,4.4520,-176.2620,184,0.361283
TEL,39968,12.8782,11.9578,5.0422,-184.5626,184,0.361283
TEL,40068,14.4781,13.8064,3.7070,-124.6412,172,0.337721
TEL,40168,15.2254,14.6564,2.3436,-72.2770,105,0.206167
TEL,40268,14.7502,14.1236,3.2856,-130.5197,82,0.161007
TEL,40368,16.4333,15.4318,1.5682,-52.0055,128,0.251327
TEL,40468,17.6369,16.9699,0.4751,-5.1232,49,0.096211
TEL,40568,11.4033,15.2249,1.7751,-101.1232,13,0.025525
TEL,40668,17.5729,16.9978,0.4352,-35.3895,90,0.176715
TEL,40768,17.8974,17.5099,-0.5099,6.1865,65,0.127627
TEL,40868,18.0975,17.8712,-0.7935,21.5004,-14,-0.027489
TEL,40968,17.7663,17.8796,-0.8796,24.0738,-24,-0.047124
TEL,41068,17.5093,17.7982,-0.8453,23.3887,-23,-0.045160
TEL,41168,17.5093,17.7232,-0.7232,19.2835,-19,-0.037306
TEL,41268,16.8368,17.4623,-0.5779,12.7545,-13,-0.025525
TEL,41368,16.3771,17.1122,-0.1122,-5.9304,-1,-0.001963
TEL,41468,15.7297,16.3651,0.3882,-24.9647,19,0.037306
TEL,41568,15.2745,15.8509,1.1491,-56.3390,38,0.074613
TEL,41668,14.5678,15.1100,1.6567,-78.1668,69,0.135481
TEL,41768,14.0027,14.5715,2.4285,-108.6482,92,0.180642
TEL,41868,13.1713,13.7901,2.9471,-128.9039,122,0.239546
TEL,41968,12.7361,13.2883,3.7117,-158.3833,142,0.278816
TEL,42068,12.2283,12.6744,4.1498,-174.5651,170,0.333794
TEL,42168,11.9726,12.3701,4.6299,-191.1281,187,0.367174
TEL,42268,11.5775,11.9932,4.8821,-199.1340,199,0.390736
TEL,42368,11.3747,11.7738,5.2262,-210.8470,210,0.412334
TEL,42468,11.2617,11.5376,5.3941,-215.7394,216,0.424115
TEL,42568,10.5752,11.0726,5.9274,-224.0000,224,0.439823
TEL,42668,11.0689,11.0219,5.9885,-224.0000,224,0.439823
TEL,42768,11.2338,11.0576,5.9424,-224.0000,224,0.439823
TEL,42868,10.7780,10.6822,6.3440,-224.0000,224,0.439823
TEL,42968,11.3747,10.8769,6.1231,-224.0000,224,0.439823
TEL,43068,11.9413,11.3447,5.8265,-219.8877,220,0.431969
TEL,43168,11.0689,11.0114,5.9886,-224.0000,224,0.439823
TEL,43268,12.6315,11.7632,5.5605,-204.5980,212,0.416261
TEL,43368,13.3993,12.5586,4.4414,-155.2109,192,0.376991
TEL,43468,13.2088,12.6113,4.8413,-194.0401,165,0.323977
TEL,43568,14.3895,13.5457,3.4543,-129.9992,183,0.359320
TEL,43668,16.1559,15.3922,2.1750,-68.6796,113,0.221875
TEL,43768,12.3934,14.4967,2.5033,-114.7504,77,0.151189
TEL,43868,17.3833,16.1087,1.7531,-69.4521,108,0.212057
TEL,43968,17.8316,17.3631,-0.3631,23.1592,45,0.088357
TEL,44068,14.0027,14.9969,0.9220,-63.0663,-22,-0.043197
TEL,44168,16.7197,15.5017,1.4983,-61.1489,43,0.084430
TEL,44268,17.5729,17.0698,0.2786,-4.2221,48,0.094248
TEL,44368,17.4461,17.3494,-0.3494,20.4376,-13,-0.025525
TEL,44468,15.9401,15.6554,1.5882,-74.2357,-7,-0.013744
TEL,44568,16.5468,16.1465,0.8535,-39.1375,69,0.135481
TEL,44668,16.4899,16.4260,0.5952,-26.0371,32,0.062832
TEL,44768,12.8782,14.3832,2.6168,-122.0372,39,0.076576
TEL,44868,15.2745,14.9172,2.2493,-100.2856,116,0.227765
TEL,44968,15.1766,15.0479,1.9521,-85.7344,89,0.174751
TEL,45068,12.2283,13.6583,2.6182,-122.8130,99,0.194386
TEL,45168,13.8370,13.6423,3.3577,-143.3763,136,0.267035
TEL,45268,13.7554,13.7173,3.2917,-136.8522,137,0.268999
TEL,45368,13.6748,13.7166,3.2834,-136.0691,136,0.267035
TEL,45468,12.8782,13.0515,3.8867,-162.3924,149,0.292561
TEL,45568,13.1340,13.0488,3.9512,-163.7161,164,0.322013
TEL,45668,10.3076,12.7028,3.8922,-161.0898,161,0.316123
TEL,45768,12.1958,12.2120,4.7880,-196.5843,174,0.341648
TEL,45868,13.3225,12.7853,4.4045,-179.3335,185,0.363247
TEL,45968,13.7554,13.2019,3.7981,-154.3641,166,0.325940
TEL,46068,13.0969,12.5060,4.8354,-206.9153,167,0.327904
TEL,46168,14.0870,13.3815,3.6185,-152.2643,199,0.390736
TEL,46268,15.1281,14.5549,2.7738,-112.3382,134,0.263108
TEL,46368,12.9142,14.2157,2.7843,-131.8055,125,0.245437
TEL,46468,15.8870,14.9191,2.4964,-114.4870,120,0.235619
TEL,46568,16.8960,15.9397,1.0603,-48.3562,101,0.198313
TEL,46668,11.2897,13.0336,2.0533,-120.1991,49,0.096211
TEL,46768,17.0154,16.1033,0.8967,-41.0978,113,0.221875
TEL,46868,17.8974,17.5899,-0.3700,26.2659,76,0.149226
TEL,46968,14.3018,16.7260,0.2740,-31.3195,-11,-0.021598
TEL,47068,17.1976,16.5140,0.8037,-52.4024,16,0.031416
TEL,47168,17.8316,17.2143,-0.2143,-13.0591,38,0.074613
TEL,47268,17.9637,17.5827,-0.4543,8.6704,-1,-0.001963
TEL,47368,15.2745,15.6900,1.3100,-66.1048,4,0.007854
TEL,47468,16.9555,16.4873,0.7428,-37.3389,65,0.127627
TEL,47568,16.9555,16.6906,0.3094,-9.7325,17,0.033379
TEL,47668,15.1281,15.6291,1.0742,-65.3665,23,0.045160
TEL,47768,15.7297,15.5940,1.4060,-72.3214,74,0.145299
TEL,47868,15.3238,15.5355,1.4229,-71.1889,71,0.139408
TEL,47968,12.2939,14.1513,2.8487,-140.5963,84,0.164934
TEL,48068,14.0870,13.9280,3.1323,-144.0399,143,0.280780
TEL,48168,13.8781,13.9476,3.0524,-136.7134,137,0.268999
TEL,48268,11.3747,13.5681,3.0793,-134.7047,135,0.265072
TEL,48368,12.7361,13.1146,3.8854,-165.8237,148,0.290597
TEL,48468,12.8782,13.0073,3.9624,-168.3760,168,0.329867
TEL,48568,10.6001,12.6406,4.3594,-188.8463,181,0.355393
TEL,48668,12.3934,11.9094,5.2997,-221.6519,202,0.396626
TEL,48768,12.8424,12.3315,4.6685,-192.7894,209,0.410371
TEL,48868,13.3225,12.8174,4.3555,-178.8398,182,0.357356
TEL,48968,12.0673,11.9782,5.0218,-202.8660,192,0.376991
TEL,49068,13.9194,13.0741,4.3543,-169.2337,190,0.373064
TEL,49168,14.3895,13.7796,3.2204,-121.6581,156,0.306305
TEL,49268,13.4770,13.1698,4.1147,-185.0164,136,0.267035
TEL,49368,15.3735,14.4730,2.5270,-107.8097,183,0.359320
TEL,49468,16.3771,15.7257,1.6622,-66.9116,105,0.206167
TEL,49568,17.0757,16.4334,0.5666,-20.4880,57,0.111919
TEL,49668,18.0975,17.4060,-0.0610,19.6270,11,0.021598
TEL,49768,18.1652,17.7837,-0.7837,42.0667,-33,-0.064795
TEL,49868,18.0304,17.9233,-0.8954,41.7788,-42,-0.082467
TEL,49968,17.7663,17.9144,-0.9144,37.3777,-37,-0.072649
TEL,50068,17.5729,17.8451,-0.8840,33.1693,-33,-0.064795
TEL,50168,17.2591,17.6992,-0.6992,23.5052,-25,-0.049087
TEL,50268,16.6040,17.3281,-0.4892,12.7919,-14,-0.027489
TEL,50368,16.1015,16.8887,0.1113,-10.7887,0,0.000000
TEL,50468,15.2745,16.0539,0.6273,-34.1740,25,0.049087
TEL,50568,14.8430,15.4516,1.5484,-72.5578,47,0.092284
TEL,50668,14.0448,14.5914,2.1528,-98.1819,86,0.168861
TEL,50768,13.3608,14.0142,2.9858,-131.6751,112,0.219911
TEL,50868,12.4606,13.0861,3.6162,-157.2271,145,0.284707
TEL,50968,12.0673,12.5687,4.4313,-187.7158,170,0.333794
TEL,51068,11.5189,11.9896,4.8306,-201.4616,199,0.390736
TEL,51168,9.4728,11.2142,5.7858,-224.0000,214,0.420188
TEL,51268,10.4034,10.4096,6.5873,-224.0000,224,0.439823
TEL,51368,10.5009,10.4520,6.5480,-224.0000,224,0.439823
TEL,51468,8.6168,10.2182,6.5176,-224.0000,224,0.439823
TEL,51568,9.8739,9.7464,7.2536,-224.0000,224,0.439823
TEL,51668,10.5009,10.0988,7.0228,-224.0000,224,0.439823
TEL,51768,10.7011,10.3309,6.6691,-224.0000,224,0.439823
TEL,51868,9.9847,9.9666,7.0414,-224.0000,224,0.439823
TEL,51968,11.0418,10.3316,6.6684,-224.0000,224,0.439823
TEL,52068,11.7568,11.1181,6.1461,-224.0000,224,0.439823
TEL,52168,8.6168,10.5476,6.4524,-224.0000,224,0.439823
TEL,52268,12.5626,11.7627,5.6968,-216.1367,216,0.424115
TEL,52368,13.6748,12.8751,4.1249,-145.2725,203,0.398590
TEL,52468,10.4034,12.5122,3.2213,-105.3551,130,0.255254
TEL,52568,14.7502,13.5710,3.4290,-101.8597,102,0.200277
TEL,52668,16.6040,15.7788,1.9100,-35.7957,89,0.174751
TEL,52768,17.5729,16.8275,0.1725,30.8593,18,0.035343
TEL,52868,16.7781,16.1587,1.4907,-10.8912,-26,-0.051051
TEL,52968,17.7014,17.1545,-0.1545,67.0107,4,0.007854
TEL,53068,13.9610,16.5087,-0.6234,69.0833,-66,-0.129591
TEL,53168,15.4235,14.9844,2.0156,-26.9167,-56,-0.109956
TEL,53268,17.1976,16.7790,0.5570,20.6878,21,0.041233
TEL,53368,17.1976,17.0713,-0.0713,49.0727,-20,-0.039270
TEL,53468,14.4781,15.2606,1.1136,-45.6673,-37,-0.072649
TEL,53568,15.6264,15.4569,1.5431,-60.2279,47,0.092284
TEL,53668,15.4235,15.5540,1.4124,-55.3112,55,0.107992
TEL,53768,10.4520,14.6385,2.3615,-110.0055,68,0.133518
TEL,53868,13.7961,13.9414,2.9977,-129.5450,126,0.247400
TEL,53968,13.5555,13.8237,3.1763,-133.9487,134,0.263108
TEL,54068,9.2347,12.7401,3.3783,-140.7252,141,0.276853
TEL,54168,11.8484,12.0496,4.9504,-200.3334,154,0.302378
TEL,54268,11.9413,12.0225,4.9572,-197.8690,198,0.388772
TEL,54368,11.8484,11.9743,5.0257,-198.7496,199,0.390736
TEL,54468,11.1508,11.1823,5.8041,-224.0000,212,0.416261
TEL,54568,11.4033,11.2635,5.7365,-224.0000,224,0.439823
TEL,54668,11.6071,11.3781,5.6641,-221.2564,221,0.433932
TEL,54768,10.5009,10.8395,6.1605,-224.0000,224,0.439823
TEL,54868,11.6367,11.1275,6.0081,-224.0000,224,0.439823
TEL,54968,12.0040,11.4422,5.5578,-210.3755,213,0.418225
TEL,55068,10.9084,11.0638,5.8608,-224.0000,221,0.433932
TEL,55168,12.5626,11.6493,5.3507,-203.4384,211,0.414298
TEL,55268,13.7554,12.9033,4.5588,-164.7090,190,0.373064
TEL,55368,10.6001,11.6360,5.3640,-212.7742,178,0.349502
TEL,55468,14.6585,13.3367,4.5614,-164.5497,202,0.396626
TEL,55568,15.8870,15.0004,1.9996,-68.5497,156,0.306305
TEL,55668,17.1976,16.5288,0.9231,-8.5990,68,0.133518
TEL,55768,16.2107,15.9045,1.0955,-17.6523,11,0.021598
TEL,55868,17.8316,17.2242,0.1482,21.3059,5,0.009817
TEL,55968,17.9637,17.6664,-0.6664,54.2107,-35,-0.068722
TEL,56068,16.6617,16.0752,1.4819,-41.7893,-41,-0.080503
TEL,56168,17.4461,17.0168,-0.0168,5.5600,36,0.070686
TEL,56268,17.5729,17.4161,-0.3554,18.6003,-2,-0.003927
TEL,56368,13.5161,15.2110,1.7890,-77.3997,-6,-0.011781
TEL,56468,16.3771,16.0912,1.0728,-50.4780,71,0.139408
TEL,56568,16.2658,16.2020,0.7980,-37.3695,42,0.082467
TEL,56668,13.1713,14.5612,1.6041,-84.0849,50,0.098175
TEL,56768,14.7965,14.6504,2.3496,-104.6583,95,0.186532
TEL,56868,14.6130,14.6618,2.3277,-99.7789,100,0.196350
TEL,56968,10.4277,14.0293,2.9707,-134.1845,113,0.221875
TEL,57068,13.0969,13.1419,3.8349,-167.1670,147,0.288634
TEL,57168,13.1340,13.1463,3.8537,-162.0724,162,0.318086
TEL,57268,10.1901,12.6367,3.9253,-161.3706,161,0.316123
TEL,57368,11.8484,12.1167,4.8833,-197.2120,174,0.341648
TEL,57468,12.1958,12.1191,4.8978,-194.6815,195,0.382882
TEL,57568,12.2939,12.1687,4.8313,-191.9042,192,0.376991
TEL,57668,11.6071,11.5319,5.4981,-222.9663,205,0.402517
TEL,57768,12.4606,11.8383,5.1617,-203.0934,210,0.412334
TEL,57868,13.0969,12.4760,4.7482,-184.0799,191,0.375028
TEL,57968,13.5950,12.9866,4.0134,-153.3966,171,0.335758
TEL,58068,14.3018,13.7287,3.5135,-130.4565,139,0.272926
TEL,58168,14.8430,14.2074,2.7926,-100.3262,117,0.229729
TEL,58268,15.6779,15.0222,2.2640,-77.6323,87,0.170824
TEL,58368,16.3771,15.6074,1.3926,-41.5718,65,0.127627
TEL,58468,17.3210,16.6644,0.6706,-11.7011,29,0.056941
TEL,58568,17.5093,17.1294,-0.1294,27.1592,-1,-0.001963
TEL,58668,18.0975,17.7185,-0.5685,40.7812,-38,-0.074613
TEL,58768,18.0975,17.8851,-0.8851,45.7827,-46,-0.090321
TEL,58868,18.1652,18.0198,-0.9882,44.8618,-45,-0.088357
TEL,58968,17.7663,17.9655,-0.9655,38.7881,-39,-0.076576
TEL,59068,17.5729,17.8450,-0.8883,32.1322,-32,-0.062832
TEL,59168,17.1364,17.6886,-0.6886,21.6081,-22,-0.043197
TEL,59268,16.3213,17.1262,-0.3542,5.2690,-10,-0.019635
TEL,59368,15.8870,16.6125,0.3875,-23.1963,8,0.015708
TEL,59468,15.0320,15.6883,1.0048,-51.4179,37,0.072649
TEL,59568,14.4781,15.0704,1.9296,-89.0104,64,0.125664
TEL,59668,13.5161,14.1637,2.5298,-114.0991,102,0.200277
TEL,59768,12.9142,13.5421,3.4579,-150.7733,128,0.251327
TEL,59868,9.9401,11.9911,4.0550,-174.0094,164,0.322013
TEL,59968,11.0961,11.2907,5.7093,-224.0000,187,0.367174
TEL,60068,10.9614,11.1464,5.8009,-224.0000,224,0.439823
TEL,60168,10.6757,10.9974,6.0026,-224.0000,224,0.439823
TEL,60268,9.9847,10.1058,6.8403,-224.0000,224,0.439823
TEL,60368,10.2134,10.1215,6.8785,-224.0000,224,0.439823
TEL,60468,10.2134,10.1458,6.8648,-224.0000,224,0.439823
TEL,60568,9.5754,9.8931,7.1069,-224.0000,224,0.439823
TEL,60668,10.4764,10.0217,7.0583,-224.0000,224,0.439823
TEL,60768,10.7780,10.2270,6.7730,-224.0000,224,0.439823
TEL,60868,10.1438,10.0166,7.0326,-224.0000,224,0.439823
TEL,60968,11.2897,10.4609,6.5391,-224.0000,224,0.439823
TEL,61068,12.3934,11.5817,5.8214,-213.2320,214,0.420188
TEL,61168,9.5341,11.1139,5.8861,-224.0000,223,0.437859
TEL,61268,13.5950,12.5745,5.0550,-191.1709,210,0.412334
TEL,61368,14.7042,13.8707,3.1293,-104.9534,178,0.349502
TEL,61468,11.8484,13.6908,2.0954,-58.9890,93,0.182605
TEL,61568,15.3238,14.5031,2.4969,-68.8704,67,0.131554
TEL,61668,17.9637,17.0018,0.8305,4.8662,56,0.109956
TEL,61768,18.0304,17.7102,-0.7102,67.6874,-21,-0.041233
TEL,61868,16.8960,16.5139,0.7264,-12.0818,-62,-0.121737
TEL,61968,17.7663,17.1185,-0.1185,30.2654,7,0.013744
TEL,62068,11.7872,15.9485,-0.4073,35.1700,-29,-0.056941
TEL,62168,15.1766,14.7014,2.2986,-60.8300,-22,-0.043197
TEL,62268,16.6040,16.2053,1.0850,-10.7592,55,0.107992
TEL,62368,16.4899,16.3767,0.6233,-0.9042,17,0.033379
TEL,62468,14.1295,14.8481,1.6457,-68.7198,14,0.027489
TEL,62568,14.9370,14.9528,2.0472,-83.6335,80,0.157080
TEL,62668,14.7965,14.9059,2.0718,-84.6796,85,0.166897
TEL,62768,10.8298,14.2133,2.7867,-124.3504,98,0.192423
TEL,62868,13.2844,13.2322,3.7962,-164.0357,137,0.268999
TEL,62968,13.0232,13.1412,3.8588,-162.2387,162,0.318086
TEL,63068,8.9706,12.2999,3.9817,-164.3798,164,0.322013
TEL,63168,11.4898,11.6934,5.3066,-214.2638,177,0.347539
TEL,63268,11.8177,11.7239,5.2982,-210.8544,211,0.414298
TEL,63368,11.8177,11.7469,5.2531,-206.8171,207,0.406444
TEL,63468,11.1233,11.1863,5.7924,-224.0000,219,0.430005
TEL,63568,11.6071,11.3079,5.6921,-223.1663,223,0.437859
TEL,63668,12.0356,11.5845,5.5195,-213.0888,213,0.418225
TEL,63768,10.6252,10.9599,6.0401,-224.0000,223,0.437859
TEL,63868,12.5626,11.7807,5.5484,-209.1896,212,0.416261
TEL,63968,13.2465,12.5256,4.4744,-161.6049,196,0.384845
TEL,64068,11.9413,12.0099,4.9374,-200.1924,176,0.345575
TEL,64168,14.0027,12.9655,4.0345,-153.2898,186,0.365210
TEL,64268,15.5243,14.7459,2.8036,-95.0130,141,0.276853
TEL,64368,11.2897,12.3171,4.6829,-191.0130,100,0.196350
TEL,64468,16.4899,15.5382,2.5184,-95.0130,174,0.341648
TEL,64568,17.5093,16.8898,0.1102,0.9870,147,0.288634
TEL,64668,13.0969,14.8120,0.6473,-32.5638,53,0.104065
TEL,64768,16.4899,15.5983,1.4017,-47.4872,44,0.086394
TEL,64868,17.8974,17.2544,0.2038,8.1234,34,0.066759
TEL,64968,18.0304,17.7053,-0.7053,45.2592,-29,-0.056941
TEL,65068,16.5468,16.0043,1.3822,-50.4680,-32,-0.062832
REF,65158,9.0000,hold_near
TEL,65168,17.1976,16.7175,0.2825,-4.0149,44,0.086394
TEL,65268,17.0154,16.9343,-7.9079,91.9851,3,0.005890
TEL,65368,14.1295,15.1260,-6.1260,169.6694,-91,-0.178678
TEL,65468,15.7818,15.5224,-6.4160,186.7756,-176,-0.345575
TEL,65568,15.3238,15.5107,-6.5107,189.5878,-190,-0.373064
TEL,65668,12.7361,13.8236,-5.5265,131.8546,-177,-0.347539
TEL,65768,13.2088,13.3906,-4.3906,104.0297,-115,-0.225802
TEL,65868,12.1313,12.8689,-4.1218,98.4035,-98,-0.192423
TEL,65968,9.5547,11.6338,-2.6338,31.6883,-85,-0.166897
TEL,66068,9.5136,9.9387,-1.2165,-22.0678,-14,-0.027489
TEL,66168,8.6338,9.2946,-0.2946,-43.7709,34,0.066759
TEL,66268,6.6141,8.5709,0.4291,-61.2721,55,0.107992
TEL,66368,8.0864,8.4063,0.5937,-53.3904,53,0.104065
TEL,66468,9.6170,8.9043,0.3370,-29.2464,39,0.076576
TEL,66568,10.2839,9.4949,-0.4949,10.9699,16,0.031416
TEL,66668,11.3747,10.6276,-1.2407,45.8489,-24,-0.047124
TEL,66768,12.0673,11.3810,-2.3810,91.4515,-60,-0.117810
TEL,66868,13.3608,12.6328,-3.2128,125.4229,-101,-0.198313
TEL,66968,13.8370,13.2958,-4.2958,159.2673,-138,-0.270962
TEL,67068,14.4781,14.0246,-4.8226,174.4579,-171,-0.335758
TEL,67168,14.6585,14.2995,-5.2995,184.5450,-184,-0.361283
TEL,67268,14.8899,14.5873,-5.5022,186.7013,-187,-0.367174
TEL,67368,14.9370,14.6967,-5.6967,188.2611,-188,-0.369137
TEL,67468,14.6585,14.7487,-5.7650,186.5299,-187,-0.367174
TEL,67568,14.5228,14.6854,-5.6854,179.5322,-180,-0.353429
TEL,67668,14.0027,14.4990,-5.5800,171.7400,-172,-0.337721
TEL,67768,13.3225,14.1861,-5.1861,152.7729,-160,-0.314159
TEL,67868,12.4606,13.3452,-4.6870,129.3440,-140,-0.274889
TEL,67968,11.7568,12.5472,-3.5472,85.5397,-116,-0.227765
TEL,68068,10.5503,11.2954,-2.7176,53.2150,-75,-0.147262
TEL,68168,9.7225,10.4554,-1.4554,-3.3683,-40,-0.078540
TEL,68268,7.5865,9.1777,-0.1777,-42.9011,7,0.013744
TEL,68368,7.7373,8.2114,0.7886,-68.4414,47,0.092284
TEL,68468,8.7727,8.3524,0.6476,-45.8385,64,0.125664
TEL,68568,9.3326,8.7121,0.2879,-20.4794,42,0.082467
TEL,68668,10.1438,9.1312,0.1799,-11.8402,22,0.043197
TEL,68768,10.5752,9.7539,-0.7539,28.2346,8,0.015708
TEL,68868,11.4608,10.8338,-1.8338,70.6396,-32,-0.062832
TEL,68968,10.9349,10.4826,-1.4826,63.9532,-68,-0.133518
TEL,69068,12.5284,11.8267,-2.8267,113.4259,-68,-0.133518
TEL,69168,13.0969,12.5352,-3.5352,136.7908,-115,-0.225802
TEL,69268,13.5950,12.5998,-2.7757,73.4613,-133,-0.261145
TEL,69368,13.5555,13.0829,-4.0829,125.6720,-74,-0.145299
TEL,69468,14.0870,13.6426,-4.6426,149.1584,-125,-0.245437
TEL,69568,10.1669,12.8742,-3.8742,95.7084,-145,-0.284707
TEL,69668,14.0027,13.2391,-3.9090,111.3659,-98,-0.192423
TEL,69768,13.6348,13.4596,-4.4596,134.4850,-115,-0.225802
TEL,69868,10.8298,13.0480,-4.0480,107.2890,-130,-0.255254
TEL,69968,12.3600,12.4569,-3.4569,93.3696,-103,-0.202240
TEL,70068,12.3269,12.4462,-3.4462,96.6459,-96,-0.188496
TEL,70168,11.9726,12.3313,-3.3313,95.5555,-96,-0.188496
TEL,70268,10.4277,10.9303,-1.9303,47.0484,-92,-0.180642
TEL,70368,10.3076,10.6174,-1.6174,27.9995,-45,-0.088357
TEL,70468,9.6170,10.1704,-1.1704,15.1018,-24,-0.047124
TEL,70568,6.8850,10.1704,-1.1704,15.1018,-16,-0.031416
TEL,70668,7.9375,8.6655,-0.6678,1.3592,-1,-0.001963
TEL,70768,8.3679,8.4139,0.3345,-37.9095,38,0.074613
TEL,70868,6.9761,8.5638,0.5259,-32.3652,32,0.062832
TEL,70968,9.1009,8.6718,0.4215,-23.3953,23,0.045160
TEL,71068,9.9847,9.2302,0.1883,1.6675,-2,-0.003927
TEL,71168,10.4034,9.7356,-0.4813,20.8908,-21,-0.041233
TEL,71268,10.2839,9.6051,-0.2107,-8.6894,9,0.017671
TEL,71368,11.0149,10.2862,-0.9433,28.4223,-26,-0.051051
TEL,71468,11.4320,11.0005,-1.5711,55.7824,-56,-0.109956
TEL,71568,9.9401,10.1897,-1.3432,20.3856,-21,-0.041233
TEL,71668,11.6965,11.1181,-1.4572,39.1485,-39,-0.076576
TEL,71768,12.0040,11.5436,-2.3434,80.1020,-76,-0.149226
TEL,71868,9.9624,10.5967,-2.6941,94.4332,-94,-0.184569
TEL,71968,11.6965,11.0766,-1.7897,70.7118,-71,-0.139408
TEL,72068,11.7568,11.5720,-2.3198,90.6345,-91,-0.178678
TEL,72168,9.6170,11.2013,-2.6314,96.9241,-97,-0.190459
TEL,72268,10.9881,10.9748,-1.8431,58.2882,-61,-0.119773
TEL,72368,10.8821,10.9507,-1.9660,62.6990,-63,-0.123700
TEL,72468,8.9340,10.6135,-1.9230,61.4725,-61,-0.119773
TEL,72568,9.2932,9.7160,-0.9489,2.4415,-16,-0.031416
TEL,72668,9.3326,9.5528,-0.6709,1.2268,-1,-0.001963
TEL,72768,8.9340,9.3686,-0.4733,-1.0048,1,0.001963
TEL,72868,7.6000,8.8821,-0.2266,-7.8280,8,0.015708
TEL,72968,8.1474,8.4534,0.4161,-32.5733,33,0.064795
TEL,73068,8.8617,8.5428,0.5694,-31.4022,31,0.060868
TEL,73168,7.4540,8.6258,0.3742,-18.4277,19,0.037306
TEL,73268,9.3524,8.7687,0.4629,-20.0636,20,0.039270
TEL,73368,9.7225,9.0976,0.0784,1.0047,-1,-0.001963
TEL,73468,7.8938,8.6147,-0.2751,14.8819,-15,-0.029452
TEL,73568,9.4932,8.8072,0.4160,-6.5539,7,0.013744
TEL,73668,10.2368,9.6360,-0.0937,16.9225,-17,-0.033379
TEL,73768,10.3076,9.9668,-0.8310,39.7944,-40,-0.078540
TEL,73868,9.8085,9.3348,-0.6326,16.6656,-17,-0.033379
TEL,73968,10.1669,9.7308,-0.5391,22.5711,-23,-0.045160
TEL,74068,10.1438,9.7605,-0.8757,35.0680,-35,-0.068722
TEL,74168,8.7028,9.1886,-0.4041,5.7329,-7,-0.013744
TEL,74268,9.5341,9.3247,-0.1908,1.2940,-1,-0.001963
TEL,74368,9.5136,9.4014,-0.3769,10.2065,-10,-0.019635
TEL,74468,7.0459,9.4041,-0.4162,12.1911,-12,-0.023562
TEL,74568,8.5156,9.1331,-0.2586,1.4923,-1,-0.001963
TEL,74668,8.2406,8.7454,-0.0107,-5.1531,5,0.009817
TEL,74768,8.1474,8.5160,0.3808,-18.8113,19,0.037306
TEL,74868,8.2721,8.3007,0.6902,-28.5958,29,0.056941
TEL,74968,8.7376,8.4104,0.6603,-23.2748,23,0.045160
TEL,75068,9.1388,8.6506,0.5135,-14.7449,15,0.029452
TEL,75168,9.2154,8.6419,0.5079,-20.4419,20,0.039270
TEL,75268,9.2736,8.9750,0.2191,0.1857,0,0.000000
TEL,75368,9.2932,9.0859,-0.0367,0.1857,0,0.000000
TEL,75468,9.1578,9.1199,-0.1055,0.1857,0,0.000000
TEL,75568,8.9523,9.0968,-0.1152,0.1857,0,0.000000
TEL,75668,8.5998,8.9882,-0.0713,0.1857,0,0.000000
TEL,75768,8.3679,8.8526,0.0743,0.1857,0,0.000000
TEL,75868,8.4003,8.6425,0.3103,0.1857,0,0.000000
TEL,75968,8.6338,8.6286,0.3722,-13.3620,13,0.025525
TEL,76068,8.8259,8.6701,0.3488,0.1238,0,0.000000
TEL,76168,8.8081,8.6971,0.3154,0.1238,0,0.000000
TEL,76268,8.7376,8.7129,0.2894,0.1238,0,0.000000
TEL,76368,8.5491,8.6999,0.2879,0.1238,0,0.000000
TEL,76468,8.2406,8.6227,0.3175,0.1238,0,0.000000
TEL,76568,8.3038,8.5620,0.4104,-12.6011,13,0.025525
TEL,76668,8.4824,8.5257,0.4697,-14.0834,14,0.027489
TEL,76768,8.6168,8.5351,0.4722,-13.5304,14,0.027489
TEL,76868,8.6338,8.5536,0.4527,-12.4435,12,0.023562
TEL,76968,8.5659,8.5541,0.4467,-12.1090,12,0.023562
TEL,77068,8.2721,8.5231,0.4604,-12.7566,13,0.025525
TEL,77168,7.4410,8.5231,0.4604,-12.7566,13,0.025525
TEL,77268,8.2879,8.4418,0.5153,-14.5618,15,0.029452
TEL,77368,8.4003,8.4315,0.5582,-15.9042,16,0.031416
TEL,77468,7.2632,8.4341,0.5659,-15.6045,16,0.031416
TEL,77568,8.1321,8.3735,0.6046,-16.8969,17,0.033379
TEL,77668,8.2563,8.3402,0.6407,-18.0553,18,0.035343
TEL,77768,8.2721,8.3287,0.6665,-18.5924,19,0.037306
TEL,77868,8.0864,8.2658,0.7169,-20.5102,21,0.041233
TEL,77968,8.2721,8.2593,0.7419,-20.9294,21,0.041233
TEL,78068,8.3038,8.2640,0.7389,-20.3968,20,0.039270
TEL,78168,7.5731,8.2188,0.7812,-22.1222,22,0.043197
TEL,78268,8.2563,8.1937,0.8118,-22.6613,23,0.045160
TEL,78368,8.2879,8.2028,0.7972,-21.5733,22,0.043197
TEL,78468,7.2881,8.2077,0.7972,-21.5733,22,0.043197
TEL,78568,8.0562,8.1729,0.8176,-22.2293,22,0.043197
TEL,78668,8.2406,8.1800,0.8267,-22.1718,22,0.043197
TEL,78768,7.0694,8.1859,0.8141,-21.4222,21,0.041233
TEL,78868,8.0412,8.1447,0.8472,-22.6900,23,0.045160
TEL,78968,8.1938,8.1451,0.8584,-22.9134,23,0.045160
TEL,79068,8.2879,8.1673,0.8409,-21.9843,22,0.043197
TEL,79168,7.7095,8.1383,0.8617,-23.1337,23,0.045160
TEL,79268,8.2093,8.1310,0.8748,-23.2906,23,0.045160
TEL,79368,7.4281,8.1382,0.8618,-22.5111,23,0.045160
TEL,79468,7.2632,8.1470,0.8618,-22.5111,23,0.045160
TEL,79568,8.0562,8.1218,0.8733,-23.1314,23,0.045160
TEL,79668,8.2721,8.1430,0.8733,-22.8203,23,0.045160
TEL,79768,6.9417,8.1524,0.8476,-21.7500,22,0.043197
TEL,79868,8.0262,8.1227,0.8700,-22.7570,23,0.045160
TEL,79968,8.2093,8.1300,0.8756,-22.7957,23,0.045160
TEL,80068,8.2563,8.1516,0.8554,-21.9668,22,0.043197
TEL,80168,7.6135,8.1182,0.8818,-23.4831,23,0.045160
TEL,80268,8.1938,8.1155,0.8902,-23.5202,24,0.047124
TEL,80368,8.2563,8.1323,0.8677,-22.4884,22,0.043197
TEL,80468,7.3894,8.1424,0.8677,-22.4884,22,0.043197
TEL,80568,8.0562,8.1223,0.8729,-22.9257,23,0.045160
TEL,80668,8.2563,8.1390,0.8740,-22.7446,23,0.045160
TEL,80768,7.0342,8.1472,0.8528,-21.8631,22,0.043197
TEL,80868,8.0412,8.1231,0.8711,-22.7128,23,0.045160
TEL,80968,8.2406,8.1318,0.8753,-22.7427,23,0.045160
TEL,81068,6.8292,8.1380,0.8606,-22.0655,22,0.043197
TEL,81168,7.7513,8.1156,0.8844,-23.1189,23,0.045160
TEL,81268,8.2093,8.1189,0.8869,-23.0580,23,0.045160
TEL,81368,8.2879,8.1357,0.8643,-22.0937,22,0.043197
TEL,81468,7.3894,8.1430,0.8643,-22.0937,22,0.043197
TEL,81568,8.1628,8.1294,0.8729,-22.7468,23,0.045160
TEL,81668,8.2563,8.1465,0.8667,-22.4173,22,0.043197
TEL,81768,6.7961,8.1557,0.8443,-21.5086,22,0.043197
TEL,81868,8.0562,8.1357,0.8590,-22.2514,22,0.043197
TEL,81968,8.2249,8.1453,0.8598,-22.1189,22,0.043197
TEL,82068,7.0576,8.1597,0.8403,-21.3695,21,0.041233
TEL,82168,7.7935,8.1383,0.8617,-22.3993,22,0.043197
TEL,82268,8.2406,8.1403,0.8661,-22.4792,22,0.043197
TEL,82368,8.2721,8.1545,0.8455,-21.6652,22,0.043197
TEL,82468,7.7935,8.1332,0.8668,-22.6377,23,0.045160
TEL,82568,8.1168,8.1238,0.8762,-22.8718,23,0.045160
TEL,82668,8.2721,8.1448,0.8552,-21.9806,22,0.043197
TEL,82768,6.6561,8.1525,0.8552,-21.9806,22,0.043197
TEL,82868,8.1168,8.1122,0.8783,-23.3514,23,0.045160
TEL,82968,8.2406,8.1254,0.8878,-23.4373,23,0.045160
TEL,83068,6.6245,8.1044,0.8746,-22.6842,23,0.045160
TEL,83168,7.8649,8.0483,0.9341,-25.1094,25,0.049087
TEL,83268,8.2406,8.0776,0.9470,-25.0259,25,0.049087
TEL,83368,8.3038,8.1092,0.9079,-23.3277,23,0.045160
TEL,83468,7.9083,8.0927,0.9073,-23.7148,24,0.047124
TEL,83568,8.1474,8.0942,0.9058,-23.4643,23,0.045160
TEL,83668,8.2721,8.1265,0.8735,-22.1986,22,0.043197
TEL,83768,7.2508,8.1383,0.8735,-22.1986,22,0.043197
TEL,83868,8.1168,8.0941,0.8991,-23.8635,24,0.047124
TEL,83968,8.2249,8.1108,0.9059,-23.8216,24,0.047124
TEL,84068,8.3038,8.1447,0.8786,-22.6197,23,0.045160
TEL,84168,8.3038,8.1682,0.8553,-21.5911,22,0.043197
TEL,84268,8.3038,8.1966,0.8219,-20.5200,21,0.041233
TEL,84368,8.3038,8.2111,0.8034,-19.9552,20,0.039270
TEL,84468,8.3198,8.2283,0.7827,-19.4353,19,0.037306
TEL,84568,8.3038,8.2374,0.7717,-19.1655,19,0.037306
TEL,84668,8.3038,8.2457,0.7615,-19.1117,19,0.037306
TEL,84768,8.3198,8.2517,0.7543,-18.9881,19,0.037306
TEL,84868,8.3198,8.2615,0.7483,-18.8615,19,0.037306
TEL,84968,8.3358,8.2670,0.7385,-18.6570,19,0.037306
TEL,85068,8.3038,8.2704,0.7330,-18.5360,19,0.037306
TEL,85168,8.2879,8.2725,0.7296,-18.5370,19,0.037306
TEL,85268,8.2879,8.2748,0.7263,-18.5245,19,0.037306
TEL,85368,8.3038,8.2763,0.7252,-18.5788,19,0.037306
TEL,85468,8.2879,8.2774,0.7233,-18.5923,19,0.037306
TEL,85568,8.2879,8.2781,0.7226,-18.6200,19,0.037306
TEL,85668,8.3038,8.2799,0.7216,-18.6310,19,0.037306
TEL,85768,7.1772,8.2799,0.7201,-18.6018,19,0.037306
TEL,85868,8.1168,8.2515,0.7349,-19.2139,19,0.037306
TEL,85968,8.2563,8.2513,0.7485,-19.7426,20,0.039270
TEL,86068,7.3385,8.2522,0.7485,-19.6560,20,0.039270
TEL,86168,8.0562,8.2244,0.7682,-20.5562,21,0.041233
TEL,86268,8.2563,8.2214,0.7797,-20.8486,21,0.041233
TEL,86368,8.3038,8.2274,0.7759,-20.4761,20,0.039270
TEL,86468,7.9083,8.2143,0.7857,-20.8459,21,0.041233
TEL,86568,8.2093,8.2106,0.7894,-20.8269,21,0.041233
TEL,86668,8.2721,8.2161,0.7839,-20.5018,21,0.041233
TEL,86768,7.6135,8.1916,0.8084,-21.5848,22,0.043197
TEL,86868,8.2879,8.1772,0.8292,-22.2217,22,0.043197
TEL,86968,8.2879,8.1872,0.8128,-21.3795,21,0.041233
TEL,87068,6.4808,8.1917,0.8128,-21.3795,21,0.041233
TEL,87168,8.0113,8.1605,0.8300,-22.0947,22,0.043197
TEL,87268,8.2406,8.1669,0.8403,-22.2461,22,0.043197
TEL,87368,7.1170,8.1727,0.8273,-21.5696,22,0.043197
TEL,87468,8.0562,8.1462,0.8480,-22.3935,22,0.043197
TEL,87568,8.1938,8.1473,0.8555,-22.5609,23,0.045160
TEL,87668,8.2879,8.1541,0.8475,-22.0591,22,0.043197
TEL,87768,7.5330,8.1197,0.8803,-23.6696,24,0.047124
TEL,87868,8.2093,8.1127,0.8941,-23.8608,24,0.047124
TEL,87968,8.2721,8.1295,0.8705,-22.6949,23,0.045160
TEL,88068,7.5597,8.1022,0.8978,-24.2150,24,0.047124
TEL,88168,8.1016,8.0844,0.9156,-24.3704,24,0.047124
TEL,88268,8.2406,8.1121,0.8879,-23.0978,23,0.045160
TEL,88368,6.9417,8.1247,0.8879,-23.0978,23,0.045160
TEL,88468,8.0113,8.0948,0.8982,-23.7690,24,0.047124
TEL,88568,8.2093,8.1077,0.9001,-23.5005,24,0.047124
TEL,88668,7.0576,8.1279,0.8721,-22.3215,22,0.043197
TEL,88768,7.6818,8.0967,0.9033,-23.7085,24,0.047124
TEL,88868,8.2093,8.0986,0.9101,-23.7339,24,0.047124
TEL,88968,8.2879,8.1202,0.8798,-22.4270,22,0.043197
TEL,89068,7.6544,8.0979,0.9021,-23.9148,24,0.047124
TEL,89168,8.1016,8.0895,0.9105,-23.9615,24,0.047124
TEL,89268,8.2563,8.1160,0.8840,-22.7681,23,0.045160
TEL,89368,6.6036,8.1282,0.8840,-22.7681,23,0.045160
TEL,89468,8.1016,8.1136,0.8854,-23.1336,23,0.045160
TEL,89568,8.2249,8.1240,0.8830,-22.9060,23,0.045160
TEL,89668,7.1290,8.1425,0.8575,-21.9054,22,0.043197
TEL,89768,7.7935,8.1200,0.8800,-22.9509,23,0.045160
TEL,89868,8.1938,8.1236,0.8813,-22.8380,23,0.045160
TEL,89968,8.2721,8.1418,0.8582,-21.9118,22,0.043197
TEL,90068,7.5865,8.1143,0.8857,-23.5543,24,0.047124
TEL,90168,8.1016,8.1041,0.8959,-23.6757,24,0.047124
TEL,90268,8.2721,8.1283,0.8717,-22.5345,23,0.045160
TEL,90368,6.5932,8.1369,0.8717,-22.5345,23,0.045160
TEL,90468,8.0412,8.1106,0.8841,-23.2791,23,0.045160
TEL,90568,8.2406,8.1257,0.8826,-22.8894,23,0.045160
TEL,90668,7.1290,8.1436,0.8564,-21.8651,22,0.043197
TEL,90768,7.8077,8.1213,0.8787,-22.9060,23,0.045160
TEL,90868,8.2406,8.1278,0.8802,-22.8019,23,0.045160
TEL,90968,8.2721,8.1471,0.8529,-21.7686,22,0.043197
TEL,91068,7.6956,8.1261,0.8739,-23.1239,23,0.045160
TEL,91168,8.1938,8.1261,0.8739,-22.8025,23,0.045160
TEL,91268,8.2721,8.1491,0.8509,-21.8359,22,0.043197
TEL,91368,6.4808,8.1583,0.8509,-21.8359,22,0.043197
TEL,91468,8.1016,8.1080,0.8805,-23.5658,24,0.047124
TEL,91568,8.2721,8.1253,0.8920,-23.6926,24,0.047124
TEL,91668,6.5622,8.1453,0.8643,-22.4237,22,0.043197
TEL,91768,7.8793,8.1267,0.8733,-23.0089,23,0.045160
TEL,91868,8.2249,8.1344,0.8723,-22.6521,23,0.045160
TEL,91968,8.2721,8.1533,0.8467,-21.6574,22,0.043197
TEL,92068,7.7794,8.1283,0.8717,-22.7957,23,0.045160
TEL,92168,8.1783,8.1289,0.8711,-22.5962,23,0.045160
TEL,92268,8.2721,8.1527,0.8473,-21.6649,22,0.043197
TEL,92368,7.1772,8.1604,0.8473,-21.6649,22,0.043197
TEL,92468,8.1474,8.1183,0.8731,-23.2013,23,0.045160
TEL,92568,8.2406,8.1284,0.8817,-23.1889,23,0.045160
TEL,92668,8.2879,8.1550,0.8632,-22.2995,22,0.043197
TEL,92768,8.3198,8.1740,0.8450,-21.5009,22,0.043197
TEL,92868,8.2879,8.1978,0.8175,-20.5849,21,0.041233
TEL,92968,8.3198,8.2119,0.8022,-20.1306,20,0.039270
TEL,93068,8.3198,8.2279,0.7833,-19.6602,20,0.039270
TEL,93168,8.3198,8.2374,0.7721,-19.3407,19,0.037306
TEL,93268,8.2879,8.2479,0.7588,-19.0552,19,0.037306
TEL,93368,8.2879,8.2519,0.7521,-18.9830,19,0.037306
TEL,93468,8.3198,8.2599,0.7455,-18.8733,19,0.037306
TEL,93568,8.3198,8.2645,0.7401,-18.7631,19,0.037306
TEL,93668,8.3198,8.2708,0.7355,-18.6762,19,0.037306
TEL,93768,8.2879,8.2722,0.7292,-18.5551,19,0.037306
TEL,93868,8.2879,8.2745,0.7266,-18.5534,19,0.037306
TEL,93968,8.2879,8.2754,0.7255,-18.6015,19,0.037306
TEL,94068,8.2879,8.2772,0.7246,-18.6339,19,0.037306
TEL,94168,8.3038,8.2788,0.7228,-18.6335,19,0.037306
TEL,94268,8.2879,8.2796,0.7209,-18.6182,19,0.037306
TEL,94368,7.3385,8.2798,0.7204,-18.6310,19,0.037306
TEL,94468,8.1474,8.2562,0.7324,-19.2137,19,0.037306
TEL,94568,8.2563,8.2546,0.7438,-19.6161,20,0.039270
TEL,94668,6.4808,8.2557,0.7443,-19.5045,20,0.039270
TEL,94768,7.9816,8.2288,0.7611,-20.2675,20,0.039270
TEL,94868,8.2249,8.2228,0.7760,-20.7039,21,0.041233
TEL,94968,8.2879,8.1999,0.7772,-20.5805,21,0.041233
TEL,95068,7.9669,8.1611,0.8264,-22.3273,22,0.043197
TEL,95168,8.1783,8.1587,0.8426,-22.6526,23,0.045160
TEL,95268,8.2879,8.1617,0.8357,-22.0411,22,0.043197
TEL,95368,7.2757,8.1617,0.8357,-22.0411,22,0.043197
TEL,95468,8.1321,8.1359,0.8573,-22.8226,23,0.045160
TEL,95568,8.2563,8.1479,0.8641,-22.8557,23,0.045160
TEL,95668,6.4808,8.1542,0.8458,-22.0221,22,0.043197
TEL,95768,7.9964,8.1223,0.8690,-22.9610,23,0.045160
TEL,95868,8.2563,8.1377,0.8771,-23.0413,23,0.045160
TEL,95968,8.2563,8.1516,0.8551,-22.1186,22,0.043197
TEL,96068,7.9816,8.1081,0.8822,-23.6148,24,0.047124
TEL,96168,8.2093,8.1134,0.8934,-23.7738,24,0.047124
TEL,96268,8.2563,8.1220,0.8782,-22.8952,23,0.045160
TEL,96368,7.5463,8.0844,0.9156,-24.6863,25,0.049087
TEL,96468,8.1783,8.0795,0.9282,-24.7636,25,0.049087
TEL,96568,7.9669,8.0811,0.9103,-23.7162,24,0.047124
TEL,96668,7.1894,8.0943,0.9103,-23.7162,24,0.047124
TEL,96768,8.0113,8.0675,0.9279,-24.5528,25,0.049087
TEL,96868,8.2406,8.0937,0.9267,-24.1732,24,0.047124
TEL,96968,6.8514,8.1073,0.8927,-22.7354,23,0.045160
TEL,97068,8.0113,8.0775,0.9170,-23.8821,24,0.047124
TEL,97168,8.2249,8.0927,0.9174,-23.6773,24,0.047124
TEL,97268,8.2563,8.1273,0.8827,-22.3148,22,0.043197
TEL,97368,7.6818,8.0955,0.9045,-23.7964,24,0.047124
TEL,97468,8.1938,8.0984,0.9091,-23.7508,24,0.047124
TEL,97568,8.2563,8.1178,0.8822,-22.6088,23,0.045160
TEL,97668,7.3511,8.1297,0.8822,-22.6088,23,0.045160
TEL,97768,8.0562,8.1138,0.8818,-22.9321,23,0.045160
TEL,97868,8.2721,8.1368,0.8807,-22.6890,23,0.045160
TEL,97968,6.7308,8.1345,0.8632,-21.9197,22,0.043197
TEL,98068,8.0262,8.1063,0.8878,-23.0596,23,0.045160
TEL,98168,8.2093,8.1165,0.8899,-22.9729,23,0.045160
TEL,98268,6.8963,8.1356,0.8644,-21.9899,22,0.043197
TEL,98368,7.7653,8.1119,0.8881,-23.1172,23,0.045160
TEL,98468,8.2249,8.1129,0.8951,-23.1655,23,0.045160
TEL,98568,8.2563,8.1324,0.8676,-22.1306,22,0.043197
TEL,98668,7.4023,8.1428,0.8676,-22.1306,22,0.043197
TEL,98768,8.0864,8.1252,0.8720,-22.6745,23,0.045160
TEL,98868,8.2563,8.1443,0.8703,-22.4526,22,0.043197
TEL,98968,6.7851,8.1534,0.8466,-21.5334,22,0.043197
TEL,99068,8.0562,8.0995,0.8824,-23.3015,23,0.045160
TEL,99168,8.2563,8.1157,0.8948,-23.2994,23,0.045160
TEL,99268,8.2879,8.1463,0.8745,-22.3755,22,0.043197
TEL,99368,7.8219,8.1237,0.8763,-23.1077,23,0.045160
TEL,99468,8.2249,8.1211,0.8866,-23.2730,23,0.045160
TEL,99568,8.2721,8.1420,0.8580,-22.0889,22,0.043197
TEL,99668,7.6544,8.1164,0.8836,-23.5698,24,0.047124
TEL,99768,8.1168,8.1079,0.8921,-23.5918,24,0.047124
TEL,99868,8.2563,8.1329,0.8671,-22.4707,22,0.043197
TEL,99968,6.6350,8.1424,0.8671,-22.4707,22,0.043197
TEL,100068,8.0864,8.0910,0.8917,-23.8913,24,0.047124
TEL,100168,8.2406,8.1089,0.9090,-24.1530,24,0.047124
TEL,100268,6.9417,8.1304,0.8805,-22.8478,23,0.045160
TEL,100368,7.8938,8.1135,0.8865,-23.3246,23,0.045160
