BALL_BEAM_REF_BOOT
TEL,404,17.8974,17.7451,-4.7451,204.3220,0,0.000000
TEL,504,17.9637,17.8178,-4.8178,89.1137,-72,-0.141372
TEL,604,14.3455,16.4099,-3.4099,26.9603,-96,-0.188496
TEL,704,16.7781,16.5935,-3.5935,26.9603,-29,-0.056941
TEL,804,17.5729,16.9763,-3.9763,70.2641,-70,-0.137445
TEL,904,18.0304,17.4607,-4.4607,87.8713,-88,-0.172788
TEL,1004,16.1559,16.3088,-3.3088,90.7220,-91,-0.178678
TEL,1104,17.7663,16.9456,-3.9456,-14.4017,-20,-0.039270
TEL,1204,17.7014,17.4555,-4.4555,116.0310,3,0.005890
TEL,1304,17.2591,17.1382,-4.1382,101.1736,-84,-0.164934
TEL,1404,17.4461,17.2195,-4.2195,65.4265,-76,-0.149226
TEL,1504,18.3018,17.7060,-4.7060,87.1457,-86,-0.168861
TEL,1604,13.6348,16.8226,-3.8226,96.0405,-96,-0.188496
TEL,1704,17.4461,16.9793,-3.9793,37.2149,-41,-0.080503
TEL,1804,17.8974,17.4387,-4.4387,86.3031,-80,-0.157080
TEL,1904,14.0870,16.8234,-3.8234,105.7179,-106,-0.208131
TEL,2004,16.6040,15.9775,-2.9775,51.1490,-53,-0.104065
TEL,2104,17.8974,17.4369,-4.4369,67.3943,-67,-0.131554
TEL,2204,13.6348,16.3884,-3.3884,102.8283,-103,-0.202240
TEL,2304,16.4899,15.9737,-2.9737,39.3788,-44,-0.086394
TEL,2404,17.6369,17.0571,-4.0571,47.9340,-48,-0.094248
TEL,2504,18.0975,17.8527,-4.8527,118.3762,-110,-0.215984
TEL,2604,13.6348,16.8551,-3.8551,104.8804,-105,-0.206167
TEL,2704,17.8974,17.5278,-4.5278,50.0122,-52,-0.102102
TEL,2804,18.0304,17.7122,-4.7122,104.1512,-100,-0.196350
TEL,2904,14.3455,16.0603,-3.0603,95.5444,-96,-0.188496
TEL,3004,16.9555,16.4050,-3.4050,20.0901,-31,-0.060868
TEL,3104,17.8974,17.3623,-4.3623,91.2998,-56,-0.109956
TEL,3204,18.1652,17.7526,-4.7526,100.5949,-101,-0.198313
TEL,3304,16.6617,16.9430,-3.9430,108.9817,-109,-0.214021
TEL,3404,17.9637,17.3373,-4.3373,54.2160,-56,-0.109956
TEL,3504,18.0304,17.8263,-4.8263,95.5053,-95,-0.186532
TEL,3604,15.1281,17.2997,-4.2997,106.9648,-107,-0.210094
TEL,3704,17.6369,17.3748,-4.3748,61.7597,-63,-0.123700
TEL,3804,18.0304,17.6869,-4.6869,95.1485,-95,-0.186532
TEL,3904,13.7961,16.9886,-3.9886,104.4444,-104,-0.204204
TEL,4004,16.8960,16.7419,-3.7419,61.1309,-61,-0.119773
TEL,4104,17.9637,17.4468,-4.4468,79.8564,-80,-0.157080
TEL,4204,18.1652,17.8464,-4.8464,101.5250,-102,-0.200277
TEL,4304,17.1364,17.2845,-4.2845,106.9202,-107,-0.210094
TEL,4404,17.8316,17.4665,-4.4665,73.0251,-73,-0.143335
TEL,4504,18.0304,17.8070,-4.8070,102.4213,-102,-0.200277
TEL,4604,15.2745,17.3750,-4.3750,101.3411,-101,-0.198313
TEL,4704,17.7014,17.2743,-4.2743,65.0223,-65,-0.127627
TEL,4804,18.3709,17.7164,-4.7164,93.3955,-93,-0.182605
TEL,4904,13.2844,16.8533,-3.8533,114.1898,-114,-0.223838
TEL,5004,17.7014,17.0629,-4.0629,55.2908,-59,-0.115846
TEL,5104,17.8316,17.4926,-4.4926,97.4327,-94,-0.184569
TEL,5204,18.0304,17.7073,-4.7073,99.4512,-99,-0.194386
TEL,5304,18.4404,17.9577,-4.9577,105.5133,-106,-0.208131
TEL,5404,18.0975,18.0052,-5.0052,106.3661,-106,-0.208131
TEL,5504,18.3709,18.0918,-5.0918,105.7639,-106,-0.208131
TEL,5604,18.3709,18.1253,-5.1253,106.1834,-106,-0.208131
TEL,5704,18.3709,18.1862,-5.1862,107.9101,-108,-0.212057
TEL,5804,18.3709,18.1962,-5.1962,108.0220,-108,-0.212057
TEL,5904,18.1652,18.1768,-5.1768,107.5492,-108,-0.212057
TEL,6004,18.1652,18.1699,-5.1699,107.4435,-107,-0.210094
TEL,6104,18.4404,18.2032,-5.2032,107.4628,-107,-0.210094
TEL,6204,18.0975,18.2164,-5.2164,109.7467,-110,-0.215984
TEL,6304,18.4404,18.2371,-5.2371,109.2477,-109,-0.214021
TEL,6404,18.2332,18.2265,-5.2265,110.7693,-111,-0.217948
TEL,6504,18.2332,18.2146,-5.2146,109.4655,-109,-0.214021
TEL,6604,18.0975,18.2204,-5.2204,110.1775,-110,-0.215984
TEL,6704,18.1652,18.2260,-5.2260,111.4380,-111,-0.217948
TEL,6804,18.1652,18.2185,-5.2185,110.8377,-111,-0.217948
TEL,6904,13.7554,17.9588,-4.9588,111.4565,-111,-0.217948
TEL,7004,16.8368,17.3748,-4.3748,100.1469,-100,-0.196350
TEL,7104,17.8974,17.5261,-4.5261,81.4099,-81,-0.159043
TEL,7204,18.2332,17.7855,-4.7855,103.7520,-104,-0.204204
TEL,7304,12.7361,16.9064,-3.9064,113.3060,-113,-0.221875
TEL,7404,16.6617,16.5891,-3.5891,65.7021,-67,-0.131554
TEL,7504,17.8316,17.2126,-4.2126,83.7549,-84,-0.164934
TEL,7604,17.9637,17.6524,-4.6524,105.8050,-106,-0.208131
TEL,7704,18.3018,17.9124,-4.9124,117.7824,-118,-0.231692
TEL,7804,15.1766,16.2491,-3.2491,112.5518,-113,-0.221875
TEL,7904,17.9637,17.1184,-4.1184,45.6294,-53,-0.104065
TEL,8004,17.7663,17.5614,-4.5614,110.9353,-89,-0.174751
TEL,8104,18.0304,17.8126,-4.8126,117.7103,-118,-0.231692
TEL,8204,13.3608,16.9943,-3.9943,111.2947,-111,-0.217948
TEL,8304,16.7781,16.4907,-3.4907,-5.7532,-42,-0.082467
TEL,8404,17.5729,17.2286,-4.2286,116.7261,-13,-0.025525
TEL,8504,18.0304,17.6953,-4.6953,125.6304,-99,-0.194386
TEL,8604,18.5809,18.0427,-5.0427,112.1763,-114,-0.223838
TEL,8704,16.4899,16.6272,-3.6272,67.0216,-68,-0.133518
TEL,8804,17.2591,16.8911,-3.8911,83.5562,-84,-0.164934
TEL,8904,18.2332,17.5082,-4.5082,106.6838,-107,-0.210094
TEL,9004,18.0975,17.7667,-4.7667,114.6881,-115,-0.225802
TEL,9104,12.6315,14.9631,-1.9631,122.0976,-122,-0.239546
TEL,9204,17.1976,16.5715,-3.5715,-15.7767,-54,-0.106029
TEL,9304,17.8974,17.4845,-4.4845,144.9445,-25,-0.049087
TEL,9404,18.0304,17.7983,-4.7983,117.0668,-106,-0.208131
TEL,9504,12.7714,16.8566,-3.8566,121.3435,-121,-0.237583
TEL,9604,16.6040,16.5576,-3.5576,67.9945,-71,-0.139408
TEL,9704,17.8316,17.2156,-4.2156,89.2503,-89,-0.174751
TEL,9804,18.0975,17.6164,-4.6164,111.9575,-112,-0.219911
TEL,9904,13.0969,16.7399,-3.7399,123.5632,-124,-0.243473
TEL,10004,17.1364,16.5539,-3.5539,67.1578,-70,-0.137445
TEL,10104,17.7014,17.2219,-4.2219,94.4439,-94,-0.184569
TEL,10204,17.9637,17.5742,-4.5742,112.4710,-112,-0.219911
TEL,10304,18.2332,17.8657,-4.8657,121.3630,-121,-0.237583
TEL,10404,15.5243,16.2419,-3.2419,118.3813,-118,-0.231692
TEL,10504,17.6369,17.1649,-4.1649,56.7009,-62,-0.121737
TEL,10604,17.9637,17.5395,-4.5395,117.2375,-103,-0.202240
TEL,10704,18.0304,17.8304,-4.8304,122.9864,-123,-0.241510
TEL,10804,12.7011,15.5175,-2.5175,118.3809,-118,-0.231692
TEL,10904,17.5093,16.8165,-3.8165,34.6472,-53,-0.104065
TEL,11004,17.7663,17.4241,-4.4241,117.1497,-60,-0.117810
TEL,11104,15.3735,17.1269,-4.1269,131.8497,-131,-0.257218
TEL,11204,16.6040,16.2530,-3.2530,89.5416,-90,-0.176715
TEL,11304,17.5093,16.7669,-3.7669,56.8752,-57,-0.111919
TEL,11404,17.8316,17.4058,-4.4058,113.7975,-110,-0.215984
TEL,11504,18.0304,17.7961,-4.7961,131.6598,-132,-0.259181
TEL,11604,14.3455,17.1180,-4.1180,120.6622,-121,-0.237583
TEL,11704,17.0154,16.5142,-3.5142,14.7020,-53,-0.104065
TEL,11804,17.7014,17.2520,-4.2520,119.1897,-24,-0.047124
TEL,11904,18.0975,17.8323,-4.8323,138.2192,-111,-0.217948
TEL,12004,18.3018,18.0675,-5.0675,123.5349,-126,-0.247400
TEL,12104,16.6040,16.9709,-3.9709,79.4973,-80,-0.157080
TEL,12204,17.5729,17.1785,-4.1785,102.2580,-102,-0.200277
TEL,12304,18.0304,17.6113,-4.6113,117.2999,-117,-0.229729
TEL,12404,18.1652,17.8111,-4.8111,121.1650,-121,-0.237583
TEL,12504,16.2107,16.3381,-3.3381,90.0904,-90,-0.176715
TEL,12604,17.2591,16.7071,-3.7071,73.6725,-74,-0.145299
TEL,12704,18.0304,17.4691,-4.4691,119.5101,-120,-0.235619
TEL,12804,18.1652,17.8615,-4.8615,124.4712,-124,-0.243473
TEL,12904,15.4235,16.1617,-3.1617,136.9442,-137,-0.268999
TEL,13004,17.4461,16.8040,-3.8040,42.5006,-70,-0.137445
TEL,13104,17.8974,17.5768,-4.5768,132.8770,-58,-0.113883
TEL,13204,18.3018,17.8779,-4.8779,125.4976,-124,-0.243473
TEL,13304,12.8424,15.4065,-2.4065,130.2154,-130,-0.255254
TEL,13404,16.7197,16.2058,-3.2058,13.9234,-63,-0.123700
TEL,13504,17.8316,17.3248,-4.3248,129.6947,-33,-0.064795
TEL,13604,18.0304,17.6917,-4.6917,128.9499,-115,-0.225802
TEL,13704,13.3608,15.5657,-2.5657,131.7868,-132,-0.259181
TEL,13804,16.6040,15.8401,-2.8401,24.9640,-64,-0.125664
TEL,13904,17.7663,17.1561,-4.1561,114.9019,-34,-0.066759
TEL,14004,17.9637,17.6568,-4.6568,129.3984,-116,-0.227765
TEL,14104,18.3709,17.9455,-4.9455,135.3059,-135,-0.265072
TEL,14204,15.3238,16.2132,-3.2132,129.2521,-129,-0.253291
TEL,14304,17.5729,17.0297,-4.0297,57.3351,-68,-0.133518
TEL,14404,17.8974,17.4997,-4.4997,124.4704,-92,-0.180642
TEL,14504,18.4404,17.9529,-4.9529,136.2846,-136,-0.267035
TEL,14604,13.0232,15.1824,-2.1824,132.4582,-132,-0.259181
TEL,14704,17.3833,16.6372,-3.6372,31.4141,-64,-0.125664
TEL,14804,17.8316,17.3241,-4.3241,124.0852,-43,-0.084430
TEL,14904,18.0304,17.7706,-4.7706,141.3777,-127,-0.249364
TEL,15004,18.0304,17.9575,-4.9575,128.8610,-129,-0.253291
TEL,15104,18.0975,18.0105,-5.0105,132.1233,-132,-0.259181
TEL,15204,18.1652,18.0499,-5.0499,129.0178,-129,-0.253291
TEL,15304,18.1652,18.0928,-5.0928,130.6791,-131,-0.257218
TEL,15404,18.1652,18.1001,-5.1001,130.8730,-131,-0.257218
TEL,15504,18.0975,18.1097,-5.1097,130.7663,-131,-0.257218
TEL,15604,18.1652,18.1175,-5.1175,131.3206,-131,-0.257218
TEL,15704,18.0975,18.1180,-5.1180,131.6583,-132,-0.259181
TEL,15804,18.1652,18.1195,-5.1195,131.8820,-132,-0.259181
TEL,15904,18.2332,18.1234,-5.1234,132.0004,-132,-0.259181
TEL,16004,18.1652,18.1276,-5.1276,132.7685,-133,-0.261145
TEL,16104,18.0975,18.1296,-5.1296,133.1167,-133,-0.261145
TEL,16204,18.2332,18.1480,-5.1480,133.2797,-133,-0.261145
TEL,16304,18.2332,18.1599,-5.1599,134.5574,-135,-0.265072
TEL,16404,18.1652,18.1635,-5.1635,134.6315,-135,-0.265072
TEL,16504,18.5104,18.1846,-5.1846,135.0391,-135,-0.265072
TEL,16604,18.0975,18.1796,-5.1796,135.9546,-136,-0.267035
TEL,16704,18.0975,18.1686,-5.1686,135.4354,-135,-0.265072
TEL,16804,18.3709,18.1747,-5.1747,135.6626,-136,-0.267035
TEL,16904,18.1652,18.1705,-5.1705,136.3897,-136,-0.267035
TEL,17004,18.0975,18.1672,-5.1672,136.3997,-136,-0.267035
TEL,17104,18.1652,18.1719,-5.1719,137.0254,-137,-0.268999
TEL,17204,13.0969,17.3936,-4.3936,137.0475,-137,-0.268999
TEL,17304,17.2591,16.9952,-3.9952,82.9485,-85,-0.166897
TEL,17404,17.9637,17.3239,-4.3239,118.6597,-119,-0.233656
TEL,17504,18.3018,17.7518,-4.7518,136.9334,-137,-0.268999
TEL,17604,13.6748,16.8841,-3.8841,137.7566,-138,-0.270962
TEL,17704,16.9555,16.2164,-3.2164,14.4754,-70,-0.137445
TEL,17804,17.6369,17.1171,-4.1171,132.4885,-40,-0.078540
TEL,17904,17.8974,17.6438,-4.6438,152.6932,-127,-0.249364
TEL,18004,18.0304,17.7519,-4.7519,136.6292,-140,-0.274889
TEL,18104,16.4333,16.5855,-3.5855,113.3006,-113,-0.221875
TEL,18204,17.4461,16.9727,-3.9727,94.0556,-94,-0.184569
TEL,18304,17.8974,17.4707,-4.4707,134.9099,-135,-0.265072
TEL,18404,18.0975,17.7151,-4.7151,135.7251,-136,-0.267035
TEL,18504,15.7297,16.3578,-3.3578,141.9719,-142,-0.278816
TEL,18604,17.1364,16.6426,-3.6426,71.7137,-82,-0.161007
TEL,18704,17.8974,17.3658,-4.3658,131.8570,-108,-0.212057
TEL,18804,18.0304,17.6714,-4.6714,137.8607,-138,-0.270962
TEL,18904,13.4381,16.8991,-3.8991,143.8213,-144,-0.282743
TEL,19004,16.6617,16.4261,-3.4261,97.0284,-98,-0.192423
TEL,19104,17.6369,17.1712,-4.1712,111.4717,-111,-0.217948
TEL,19204,18.0304,17.5674,-4.5674,135.0587,-135,-0.265072
TEL,19304,18.1652,17.8667,-4.8667,146.7421,-147,-0.288634
TEL,19404,15.7297,16.5368,-3.5368,141.3859,-141,-0.276853
TEL,19504,17.4461,16.9367,-3.9367,82.1888,-87,-0.170824
TEL,19604,17.7014,17.3236,-4.3236,129.5655,-123,-0.241510
TEL,19704,18.0304,17.7726,-4.7726,148.6714,-149,-0.292561
TEL,19804,13.8781,17.0117,-4.0117,141.2312,-141,-0.276853
TEL,19904,16.8368,16.4432,-3.4432,72.3083,-81,-0.159043
TEL,20004,17.5093,16.9713,-3.9713,116.9973,-108,-0.212057
TEL,20104,18.0975,17.6704,-4.6704,149.1854,-149,-0.292561
TEL,20204,18.2332,17.8005,-4.8005,145.2014,-145,-0.284707
TEL,20304,16.1559,15.8279,-2.8279,106.3970,-106,-0.208131
TEL,20404,17.4461,16.7352,-3.7352,73.7255,-74,-0.145299
TEL,20504,17.8316,17.5032,-4.5032,157.9105,-140,-0.274889
TEL,20604,18.0975,17.7566,-4.7566,143.3508,-143,-0.280780
TEL,20704,15.2745,17.3747,-4.3747,148.8716,-149,-0.292561
TEL,20804,16.5468,16.8038,-3.8038,119.6113,-120,-0.235619
TEL,20904,17.7663,17.2518,-4.2518,112.3939,-112,-0.219911
TEL,21004,18.0304,17.5711,-4.5711,138.1818,-138,-0.270962
TEL,21104,18.1652,17.8671,-4.8671,148.1189,-148,-0.290597
TEL,21204,15.2745,16.2851,-3.2851,146.5390,-147,-0.288634
TEL,21304,17.4461,16.7688,-3.7688,74.4031,-85,-0.166897
TEL,21404,17.8974,17.3033,-4.3033,133.9347,-109,-0.214021
TEL,21504,18.0975,17.8108,-4.8108,156.6662,-157,-0.308269
TEL,21604,14.2584,17.0831,-4.0831,147.7317,-148,-0.290597
TEL,21704,16.9555,16.3068,-3.3068,36.9123,-80,-0.157080
TEL,21804,17.5729,17.0632,-4.0632,138.1305,-49,-0.096211
TEL,21904,17.9637,17.6226,-4.6226,157.2655,-135,-0.265072
TEL,22004,18.0975,17.8356,-4.8356,147.3974,-147,-0.288634
TEL,22104,16.2107,15.8408,-2.8408,112.4893,-112,-0.219911
TEL,22204,17.7014,16.7441,-3.7441,78.3970,-78,-0.153153
TEL,22304,17.7663,17.4217,-4.4217,158.4659,-143,-0.280780
TEL,22404,18.0975,17.7644,-4.7644,146.2920,-146,-0.286670
TEL,22504,13.3993,16.9587,-3.9587,153.5634,-154,-0.302378
TEL,22604,16.6040,16.0026,-3.0026,107.1006,-108,-0.212057
TEL,22704,17.7014,17.2179,-4.2179,109.9716,-110,-0.215984
TEL,22804,18.0975,17.6012,-4.6012,151.0480,-151,-0.296488
TEL,22904,17.9637,17.7094,-4.7094,150.8601,-151,-0.296488
TEL,23004,15.1281,16.1819,-3.1819,145.5081,-146,-0.286670
TEL,23104,16.8368,16.3782,-3.3782,69.4788,-83,-0.162970
TEL,23204,16.9555,16.6826,-3.6826,129.0890,-99,-0.194386
TEL,23304,17.0757,16.9394,-3.9394,138.9635,-139,-0.272926
TEL,23404,12.9142,16.2820,-3.2820,132.8888,-133,-0.261145
TEL,23504,15.5752,15.1258,-2.1258,39.0373,-65,-0.127627
TEL,23604,16.0473,15.6795,-2.6795,105.2802,-55,-0.107992
TEL,23704,15.9936,15.9114,-2.9114,126.3701,-125,-0.245437
TEL,23804,16.1015,15.9672,-2.9672,115.1629,-115,-0.225802
TEL,23904,14.0870,14.5914,-1.5914,93.4558,-93,-0.182605
TEL,24004,14.8899,14.6227,-1.6227,66.5488,-67,-0.131554
TEL,24104,15.0320,14.7906,-1.7906,91.8796,-92,-0.180642
TEL,24204,15.0320,14.8528,-1.8528,95.5404,-96,-0.188496
TEL,24304,11.6665,14.4651,-1.4651,96.3756,-96,-0.188496
TEL,24404,13.3608,13.5054,-0.5054,76.3638,-76,-0.149226
TEL,24504,13.9194,13.7824,-0.7824,49.4170,-49,-0.096211
TEL,24604,14.3018,13.9806,-0.9806,79.1935,-79,-0.155116
TEL,24704,14.5228,14.2173,-1.2173,87.0981,-87,-0.170824
TEL,24804,11.0961,13.7236,-0.7236,86.1117,-86,-0.168861
TEL,24904,13.5161,13.3993,-0.3993,43.8566,-44,-0.086394
TEL,25004,13.9194,13.5851,-0.5851,69.8558,-70,-0.137445
TEL,25104,14.2152,13.8879,-0.8879,80.6259,-81,-0.159043
TEL,25204,14.3455,14.0349,-1.0349,81.5082,-82,-0.161007
TEL,25304,13.2844,13.2725,-0.2725,61.8676,-62,-0.121737
TEL,25404,13.7554,13.4102,-0.4102,58.9512,-59,-0.115846
TEL,25504,14.1722,13.7470,-0.7470,76.3815,-76,-0.149226
TEL,25604,14.2584,13.9373,-0.9373,79.9616,-80,-0.157080
TEL,25704,14.3018,14.1012,-1.1012,85.2971,-85,-0.166897
TEL,25804,14.3018,14.1670,-1.1670,83.2994,-83,-0.162970
TEL,25904,14.3018,14.2196,-1.2196,84.8187,-85,-0.166897
TEL,26004,14.3018,14.2370,-1.2370,83.7476,-84,-0.164934
TEL,26104,14.3455,14.2654,-1.2654,84.1846,-84,-0.164934
TEL,26204,14.3018,14.2713,-1.2713,84.6010,-85,-0.166897
TEL,26304,14.3018,14.2775,-1.2775,84.4858,-84,-0.164934
TEL,26404,14.3455,14.2832,-1.2832,84.5206,-85,-0.166897
TEL,26504,14.3455,14.2934,-1.2934,84.7937,-85,-0.166897
TEL,26604,14.3895,14.3012,-1.3012,85.0933,-85,-0.166897
TEL,26704,14.3455,14.3099,-1.3099,85.3813,-85,-0.166897
TEL,26804,14.3455,14.3132,-1.3132,85.4769,-85,-0.166897
TEL,26904,14.3455,14.3155,-1.3155,85.5202,-86,-0.168861
TEL,27004,14.3455,14.3180,-1.3180,85.6490,-86,-0.168861
TEL,27104,14.3895,14.3228,-1.3228,85.7350,-86,-0.168861
TEL,27204,14.3455,14.3228,-1.3228,86.0040,-86,-0.168861
TEL,27304,14.3455,14.3267,-1.3267,86.0544,-86,-0.168861
TEL,27404,14.3018,14.3250,-1.3250,86.1328,-86,-0.168861
TEL,27504,14.3018,14.3242,-1.3242,86.1345,-86,-0.168861
TEL,27604,14.3018,14.3229,-1.3229,86.1742,-86,-0.168861
TEL,27704,13.9610,14.3113,-1.3113,86.2061,-86,-0.168861
TEL,27804,14.1722,14.2980,-1.2980,85.8648,-86,-0.168861
TEL,27904,14.3018,14.2924,-1.2924,85.4426,-85,-0.166897
TEL,28004,10.6504,14.1658,-1.1658,85.9285,-86,-0.168861
TEL,28104,13.7554,13.9525,-0.9525,76.1270,-76,-0.149226
TEL,28204,14.0448,13.9550,-0.9550,77.2072,-77,-0.151189
TEL,28304,14.2152,14.0205,-1.0205,80.9814,-81,-0.159043
TEL,28404,14.3455,14.0876,-1.0876,82.4377,-82,-0.161007
TEL,28504,13.2844,13.4188,-0.4188,68.5582,-69,-0.135481
TEL,28604,13.7554,13.5161,-0.5161,62.9267,-63,-0.123700
TEL,28704,14.2152,13.8066,-0.8066,78.9166,-79,-0.155116
TEL,28804,14.2584,13.9559,-0.9559,82.4449,-82,-0.161007
TEL,28904,10.8821,12.8129,0.1871,86.4655,-86,-0.168861
TEL,29004,13.8781,13.1091,-0.1091,29.8042,-33,-0.064795
TEL,29104,14.3018,13.7206,-0.7206,81.0842,-74,-0.145299
TEL,29204,14.4337,14.0511,-1.0511,86.4746,-86,-0.168861
TEL,29304,14.7042,14.3572,-1.3572,94.6516,-95,-0.186532
TEL,29404,12.8782,13.4246,-0.4246,92.9798,-93,-0.182605
TEL,29504,14.3018,13.8690,-0.8690,52.9937,-53,-0.104065
TEL,29604,14.8430,14.2972,-1.2972,87.1086,-87,-0.170824
TEL,29704,15.1766,14.7361,-1.7361,105.0164,-105,-0.206167
TEL,29804,11.8177,14.1545,-1.1545,101.5162,-102,-0.200277
TEL,29904,14.6585,14.0264,-1.0264,54.9845,-56,-0.109956
TEL,30004,15.1281,14.5631,-1.5631,87.6856,-88,-0.172788
TEL,30104,15.5243,15.1225,-2.1225,114.9859,-115,-0.225802
TEL,30204,15.7818,15.3713,-2.3713,110.5803,-111,-0.217948
TEL,30304,13.9610,14.3713,-1.3713,118.2328,-118,-0.231692
TEL,30404,14.9843,14.6825,-1.6825,60.8506,-65,-0.127627
TEL,30504,15.7818,15.2364,-2.2364,110.3940,-105,-0.206167
TEL,30604,15.8343,15.4820,-2.4820,113.8850,-114,-0.223838
TEL,30704,12.2610,14.9584,-1.9584,118.9568,-119,-0.233656
TEL,30804,13.7150,13.7517,-0.7517,84.8196,-85,-0.166897
TEL,30904,15.2745,14.6846,-1.6846,63.1335,-63,-0.123700
TEL,31004,15.5243,15.1181,-2.1181,109.8127,-109,-0.214021
TEL,31104,15.6779,15.3932,-2.3932,118.3424,-118,-0.231692
TEL,31204,11.4898,14.6624,-1.6624,112.5817,-113,-0.221875
TEL,31304,15.0320,14.5936,-1.5936,66.7468,-67,-0.131554
TEL,31404,15.3238,14.8691,-1.8691,98.2067,-98,-0.192423
TEL,31504,15.5243,15.2423,-2.2423,112.6722,-113,-0.221875
TEL,31604,12.3600,14.7164,-1.7164,111.4064,-111,-0.217948
TEL,31704,14.5678,14.0310,-1.0310,40.4087,-51,-0.100138
TEL,31804,15.5752,14.6793,-1.6793,92.1125,-74,-0.145299
TEL,31904,15.5243,15.1899,-2.1899,120.8101,-121,-0.237583
TEL,32004,15.8343,15.4658,-2.4658,113.1530,-113,-0.221875
TEL,32104,13.7150,14.3371,-1.3371,121.6911,-122,-0.239546
TEL,32204,15.0320,14.6151,-1.6151,59.5251,-65,-0.127627
TEL,32304,15.5752,15.1279,-2.1279,109.5987,-100,-0.196350
TEL,32404,15.5752,15.3328,-2.3328,113.3006,-113,-0.221875
TEL,32504,13.3225,14.2547,-1.2547,116.9235,-117,-0.229729
TEL,32604,14.6585,14.4058,-1.4058,60.3767,-64,-0.125664
TEL,32704,15.1766,14.7779,-1.7779,101.5447,-99,-0.194386
TEL,32804,15.3238,14.9851,-1.9851,104.8039,-105,-0.206167
TEL,32904,11.9413,14.5261,-1.5261,111.3940,-111,-0.217948
TEL,33004,14.0870,14.1559,-1.1559,80.9947,-81,-0.159043
TEL,33104,14.8899,14.5936,-1.5936,85.3151,-85,-0.166897
TEL,33204,15.1281,14.7923,-1.7923,102.9944,-103,-0.202240
TEL,33304,15.2745,15.0002,-2.0002,107.6359,-108,-0.212057
TEL,33404,13.3225,13.9911,-0.9911,106.8692,-107,-0.210094
TEL,33504,14.8430,14.3569,-1.3569,60.2985,-61,-0.119773
TEL,33604,15.1281,14.6825,-1.6825,101.0695,-100,-0.196350
TEL,33704,15.4737,15.0317,-2.0317,111.4165,-111,-0.217948
TEL,33804,11.2338,13.4360,-0.4360,110.0517,-110,-0.215984
TEL,33904,14.9370,14.3357,-1.3357,44.6193,-52,-0.102102
TEL,34004,15.2254,14.7918,-1.7918,109.3665,-88,-0.172788
TEL,34104,15.1766,15.0438,-2.0438,115.9889,-116,-0.227765
TEL,34204,11.6367,14.4403,-1.4403,108.7828,-109,-0.214021
TEL,34304,14.4337,14.0507,-1.0507,59.0996,-60,-0.117810
TEL,34404,14.8899,14.4118,-1.4118,89.0933,-89,-0.174751
TEL,34504,15.1766,14.8171,-1.8171,109.7877,-110,-0.215984
TEL,34604,15.2745,14.9900,-1.9900,107.3049,-107,-0.210094
TEL,34704,13.9194,14.1671,-1.1671,111.2701,-111,-0.217948
TEL,34804,14.8430,14.3983,-1.3983,67.6830,-69,-0.135481
TEL,34904,15.1281,14.7922,-1.7922,105.4771,-105,-0.206167
TEL,35004,15.2254,14.9432,-1.9432,107.6723,-108,-0.212057
TEL,35104,11.1508,13.5344,-0.5344,110.1732,-110,-0.215984
TEL,35204,14.3455,13.9260,-0.9260,42.0552,-51,-0.100138
TEL,35304,14.9843,14.5812,-1.5812,107.3041,-81,-0.159043
TEL,35404,15.4235,14.9107,-1.9107,107.2436,-107,-0.210094
TEL,35504,12.7011,14.5642,-1.5642,114.9222,-115,-0.225802
TEL,35604,14.0027,14.0840,-1.0840,87.2050,-87,-0.170824
TEL,35704,15.0799,14.5199,-1.5199,81.0899,-81,-0.159043
TEL,35804,15.0799,14.7301,-1.7301,105.4750,-105,-0.206167
TEL,35904,15.2254,14.9772,-1.9772,110.3582,-110,-0.215984
TEL,36004,11.4320,14.3871,-1.3871,109.1119,-109,-0.214021
TEL,36104,15.4737,15.0199,-2.0199,91.4948,-91,-0.178678
TEL,36204,15.2745,15.1231,-2.1231,115.6130,-116,-0.227765
TEL,36304,15.2745,15.1916,-2.1916,112.2988,-112,-0.219911
TEL,36404,15.2745,15.2128,-2.2128,110.6901,-111,-0.217948
TEL,36504,15.2254,15.2212,-2.2212,110.8597,-111,-0.217948
TEL,36604,15.2254,15.2260,-2.2260,110.7222,-111,-0.217948
TEL,36704,15.2254,15.2259,-2.2259,110.8862,-111,-0.217948
TEL,36804,15.2745,15.2287,-2.2287,110.8986,-111,-0.217948
TEL,36904,15.2254,15.2282,-2.2282,111.1494,-111,-0.217948
TEL,37004,15.2254,15.2302,-2.2302,111.2021,-111,-0.217948
TEL,37104,15.2745,15.2317,-2.2317,111.4220,-111,-0.217948
TEL,37204,15.2745,15.2351,-2.2351,111.5830,-112,-0.219911
TEL,37304,15.3238,15.2434,-2.2434,111.8901,-112,-0.219911
TEL,37404,15.2254,15.2457,-2.2457,112.1866,-112,-0.219911
TEL,37504,15.2745,15.2506,-2.2506,112.3014,-112,-0.219911
TEL,37604,15.2745,15.2523,-2.2523,112.5138,-113,-0.221875
TEL,37704,15.2745,15.2561,-2.2561,112.6596,-113,-0.221875
TEL,37804,15.2254,15.2572,-2.2572,112.8642,-113,-0.221875
TEL,37904,15.3238,15.2681,-2.2681,113.3461,-113,-0.221875
TEL,38004,15.2745,15.2702,-2.2702,113.3353,-113,-0.221875
TEL,38104,15.2745,15.2676,-2.2676,113.5086,-114,-0.223838
TEL,38204,12.6315,15.1856,-2.1856,113.4711,-113,-0.221875
TEL,38304,14.0870,14.4981,-1.4981,98.0470,-98,-0.192423
TEL,38404,14.9370,14.6260,-1.6260,89.7324,-90,-0.176715
TEL,38504,15.1281,14.8173,-1.8173,108.5189,-109,-0.214021
TEL,38604,15.1766,14.9381,-1.9382,108.8745,-109,-0.214021
TEL,38704,13.2844,14.0612,-1.0612,113.5564,-114,-0.223838
TEL,38804,14.6585,14.2055,-1.2055,69.1116,-70,-0.137445
TEL,38904,15.2745,14.6799,-1.6799,103.9430,-104,-0.204204
TEL,39004,15.3735,14.9736,-1.9736,112.5587,-113,-0.221875
TEL,39104,12.3269,14.5603,-1.5603,120.6120,-121,-0.237583
TEL,39204,13.8781,13.9878,-0.9878,89.0771,-89,-0.174751
TEL,39304,15.1766,14.6525,-1.6525,86.6997,-87,-0.170824
TEL,39404,15.3238,14.9734,-1.9734,114.7689,-115,-0.225802
TEL,39504,15.4737,15.2253,-2.2253,121.3739,-121,-0.237583
TEL,39604,11.1508,13.5024,-0.5024,118.2822,-118,-0.231692
TEL,39704,15.1766,14.2281,-1.2281,39.6326,-54,-0.106029
TEL,39804,14.9843,14.6543,-1.6543,114.8030,-70,-0.137445
TEL,39904,15.1281,15.0208,-2.0208,121.8896,-122,-0.239546
TEL,40004,15.3735,15.1253,-2.1253,115.8953,-116,-0.227765
TEL,40104,13.9194,14.0858,-1.0858,84.5892,-85,-0.166897
TEL,40204,14.7965,14.3136,-1.3136,86.1212,-86,-0.168861
TEL,40304,15.3238,14.8030,-1.8030,111.8136,-112,-0.219911
TEL,40404,15.1766,14.9984,-1.9984,115.0129,-115,-0.225802
TEL,40504,13.3993,14.0119,-1.0119,118.7610,-119,-0.233656
TEL,40604,14.5678,14.1903,-1.1903,66.8487,-69,-0.135481
TEL,40704,15.1766,14.6656,-1.6656,108.0490,-106,-0.208131
TEL,40804,15.4235,14.9294,-1.9294,112.9498,-113,-0.221875
TEL,40904,11.8792,14.4332,-1.4332,121.1344,-121,-0.237583
TEL,41004,14.2584,14.1285,-1.1285,86.1852,-86,-0.168861
TEL,41104,14.9843,14.5054,-1.5054,92.9460,-93,-0.182605
TEL,41204,15.3238,14.7904,-1.7904,109.3125,-109,-0.214021
TEL,41304,15.4737,15.1431,-2.1431,120.4745,-120,-0.235619
TEL,41404,13.2465,13.9528,-0.9528,120.0435,-120,-0.235619
TEL,41504,14.8430,14.2835,-1.2835,60.7673,-65,-0.127627
TEL,41604,15.0799,14.6271,-1.6271,108.7629,-104,-0.204204
TEL,41704,15.1766,14.9510,-1.9510,120.0379,-120,-0.235619
TEL,41804,11.2897,14.2680,-1.2680,115.8292,-116,-0.227765
TEL,41904,14.5678,14.1862,-1.1862,72.3414,-72,-0.141372
TEL,42004,15.0320,14.4993,-1.4993,101.2101,-101,-0.198313
TEL,42104,15.1766,14.8725,-1.8725,117.7955,-118,-0.231692
TEL,42204,15.5752,15.0674,-2.0674,115.7190,-116,-0.227765
TEL,42304,13.7961,14.2324,-1.2324,86.6399,-87,-0.170824
TEL,42404,14.8430,14.4062,-1.4062,96.5989,-97,-0.190459
TEL,42504,15.2745,14.7983,-1.7983,112.0780,-112,-0.219911
TEL,42604,15.1766,14.9845,-1.9845,115.7447,-116,-0.227765
TEL,42704,13.3608,13.9897,-0.9897,120.7490,-121,-0.237583
TEL,42804,14.4337,14.0635,-1.0635,68.0269,-71,-0.139408
TEL,42904,15.1281,14.5921,-1.5921,105.1991,-105,-0.206167
TEL,43004,15.3735,14.9238,-1.9238,114.9697,-115,-0.225802
TEL,43104,11.4033,14.3075,-1.3075,125.1089,-125,-0.245437
TEL,43204,14.3018,14.0464,-1.0464,82.7263,-83,-0.162970
TEL,43304,14.9370,14.5821,-1.5821,96.1529,-96,-0.188496
TEL,43404,15.1281,14.8485,-1.8485,115.7601,-116,-0.227765
TEL,43504,15.3735,15.0474,-2.0474,120.4545,-120,-0.235619
TEL,43604,13.3225,14.0306,-1.0306,118.0055,-118,-0.231692
