# -- Ball-and-Beam HC-SR04 + AS5600 Controller --
# HC-SR04 TRIG/ECHO = D8/D9
# AS5600 addr = 0x36
# POSITION_CALIBRATED = NO
# D_MIN/D_MAX/setpoint = 2.00, 35.00, 14.10
# theta = 0.07666807 * as5600 + -23.28443908
# theta_balance_deg = 0.00000
# theta cal safe range = [-0.60, 3.00] deg
# outer Kp/Kv/sign = 0.1200, 0.0800, -1
# inner Kp/steps_per_beam_deg/step_sign = 0.700, 115.94, -1
# mode = M0  driver = DISABLED
# telemetry stream = OFF
# Commands: G X M0 M1 M2 A<deg> Z S<cm> Y P<float> V<float> R H O T C ?
# ------------------------------------------------
t_ms,mode,valid,d_raw_cm,d_filt_cm,x_cm,x_dot_cm_s,theta_cal_deg,theta_rel_deg,theta_dot_deg_s,theta_cmd_rel_deg,outer_sign,step_delta,invalid_count
# Telemetry stream ON
6827,0,0,-1.00,14.10,0.000,0.000,0.9266,0.9266,0.027,0.0000,-1,0,171
7826,0,0,-1.00,14.10,0.000,0.000,0.9199,0.9199,-0.001,0.0000,-1,0,196
8828,0,0,-1.00,14.10,0.000,0.000,0.9266,0.9266,0.019,0.0000,-1,0,221
# Telemetry stream OFF
# outer Kv -> 0.00000
# ERR: unknown command
# ERR: unknown command
# outer Kv -> 0.00000
# ERR: unknown command
# ERR: setpoint must be in [2.0, 35.0] cm
# ERR: unknown command
