BALL_BEAM_BOOT
HELP,keys
STATE,SAFE_DISABLED
SENSORS,angle=bad,pos=bad,m=n
MEAS,theta_deg=0.0000,x_cm=0.0000,x_filt_cm=0.0000
AGE,angle_ms=0,pos_ms=0,miss=0
FAULTS,bits=0
CAL,zero_calibrated=yes,limits_calibrated=yes,sign_calibrated=yes
SONAR_CFG,s=-1,u=1
ACT_CFG,t=32.6074,v=1,e=0.000
TEL,enabled=1
FAULT_INFO,bits=0
FAULT_INFO,none
TEL,350,SAFE_DISABLED,0.0000,0.0000,0.0000,0.0000,0.00,0,0.0000,0,0,0,0.0000,0.0000,0,30.7617,32.6074,idle,0.0000,0.0000,0.0000,0.0000,0.0000,0.0000
TEL,450,SAFE_DISABLED,-10.6549,-10.6309,0.0000,0.0000,0.00,0,0.0000,32,1,0,0.0000,0.0000,0,30.7617,32.6074,idle,-10.6549,-10.6309,-10.6549,-10.6309,-10.6309,0.4000
TEL,550,SAFE_DISABLED,-10.6892,-10.6692,0.0000,0.0000,0.00,0,0.0000,12,1,0,0.0000,0.0000,0,30.7617,32.6074,idle,-10.6892,-10.6692,-10.6892,-10.6692,-10.6692,0.4000
TEL,650,SAFE_DISABLED,-10.6892,-10.6722,0.0000,0.0000,0.00,0,0.0000,31,1,0,0.0000,0.0000,0,30.7617,32.6074,idle,-10.6892,-10.6722,-10.6892,-10.6722,-10.6722,0.4000
TEL,750,SAFE_DISABLED,-10.6892,-10.6737,0.0000,0.0000,0.00,0,0.0000,34,1,0,0.0000,0.0000,0,30.7617,32.6074,idle,-10.6892,-10.6737,-10.6892,-10.6737,-10.6737,0.4000
TEL,850,SAFE_DISABLED,-10.6892,-10.6839,0.0000,0.0000,0.00,0,0.0000,12,1,0,0.0000,0.0000,0,30.7617,32.6074,idle,-10.6892,-10.6839,-10.6892,-10.6839,-10.6839,0.4000
TEL,950,SAFE_DISABLED,-10.6892,-10.6866,0.0000,0.0000,0.00,0,0.0000,31,1,0,0.0000,0.0000,0,30.7617,32.6074,idle,-10.6892,-10.6866,-10.6892,-10.6866,-10.6866,0.4000
TEL,1050,SAFE_DISABLED,-10.6892,-10.6879,0.0000,0.0000,0.00,0,0.0000,35,1,0,0.0000,0.0000,0,30.7617,32.6074,idle,-10.6892,-10.6879,-10.6892,-10.6879,-10.6879,0.4000
TEL,1150,SAFE_DISABLED,-10.6892,-10.6888,0.0000,0.0000,0.00,0,0.0000,14,1,0,0.0000,0.0000,0,30.7617,32.6074,idle,-10.6892,-10.6888,-10.6892,-10.6888,-10.6888,0.4000
TEL,1250,SAFE_DISABLED,-10.6892,-10.6890,0.0000,0.0000,0.00,0,0.0000,32,1,0,0.0000,0.0000,0,30.7617,32.6074,idle,-10.6892,-10.6890,-10.6892,-10.6890,-10.6890,0.4000
TEL,1350,SAFE_DISABLED,-10.6892,-10.7035,0.0000,0.0000,0.00,0,0.0000,34,1,0,0.0000,0.0000,0,30.7617,32.6074,idle,-10.6892,-10.7035,-10.6892,-10.7035,-10.7035,0.4000
TEL,1451,SAFE_DISABLED,-10.6892,-10.6941,0.0000,0.0000,0.00,0,0.0000,14,1,0,0.0000,0.0000,0,30.7617,32.6074,idle,-10.6892,-10.6941,-10.6892,-10.6941,-10.6941,0.4000
TEL,1551,SAFE_DISABLED,-10.6892,-10.6916,0.0000,0.0000,0.00,0,0.0000,32,1,0,0.0000,0.0000,0,30.7617,32.6074,idle,-10.6892,-10.6916,-10.6892,-10.6916,-10.6916,0.4000
TEL,1651,SAFE_DISABLED,-10.6206,-10.6694,0.0000,0.0000,0.00,0,0.0000,12,1,0,0.0000,0.0000,0,30.7617,32.6074,idle,-10.6206,-10.6694,-10.6206,-10.6694,-10.6694,0.4000
TEL,1751,SAFE_DISABLED,-10.6206,-10.6445,0.0000,0.0000,0.00,0,0.0000,31,1,0,0.0000,0.0000,0,30.7617,32.6074,idle,-10.6206,-10.6445,-10.6206,-10.6445,-10.6445,0.4000
TEL,1851,SAFE_DISABLED,-10.6892,-10.6529,0.0000,0.0000,0.00,0,0.0000,32,1,0,0.0000,0.0000,0,30.7617,32.6074,idle,-10.6892,-10.6529,-10.6892,-10.6529,-10.6529,0.4000
TEL,1951,SAFE_DISABLED,-10.6206,-10.6317,0.0000,0.0000,0.00,0,0.0000,12,1,0,0.0000,0.0000,0,30.7617,32.6074,idle,-10.6206,-10.6317,-10.6206,-10.6317,-10.6317,0.4000
TEL,2051,SAFE_DISABLED,-10.6206,-10.6260,0.0000,0.0000,0.00,0,0.0000,31,1,0,0.0000,0.0000,0,30.7617,32.6074,idle,-10.6206,-10.6260,-10.6206,-10.6260,-10.6260,0.4000
TEL,2151,SAFE_DISABLED,-10.6206,-10.5512,0.0000,0.0000,0.00,0,0.0000,32,1,0,0.0000,0.0000,0,30.7617,32.6074,idle,-10.6206,-10.5512,-10.6206,-10.5512,-10.5512,0.4000
TEL,2251,SAFE_DISABLED,-10.6206,-10.5968,0.0000,0.0000,0.00,0,0.0000,12,1,0,0.0000,0.0000,0,30.7617,32.6074,idle,-10.6206,-10.5968,-10.6206,-10.5968,-10.5968,0.4000
TEL,2351,SAFE_DISABLED,-10.2776,-10.4340,0.0000,0.0000,0.00,0,0.0000,31,1,0,0.0000,0.0000,0,30.7617,32.6074,idle,-10.2776,-10.4340,-10.2776,-10.4340,-10.4340,0.4000
TEL,2451,SAFE_DISABLED,-10.2776,-10.3542,0.0000,0.0000,0.00,0,0.0000,32,1,0,0.0000,0.0000,0,30.7617,32.6074,idle,-10.2776,-10.3542,-10.2776,-10.3542,-10.3542,0.4000
TEL,2551,SAFE_DISABLED,-10.2090,-10.2689,0.0000,0.0000,0.00,0,0.0000,12,1,0,0.0000,0.0000,0,30.7617,32.6074,idle,-10.2090,-10.2689,-10.2090,-10.2689,-10.2689,0.4000
TEL,2651,SAFE_DISABLED,-10.2090,-10.2383,0.0000,0.0000,0.00,0,0.0000,31,1,0,0.0000,0.0000,0,30.7617,32.6074,idle,-10.2090,-10.2383,-10.2090,-10.2383,-10.2383,0.4000
TEL,2751,SAFE_DISABLED,-10.2090,-10.2234,0.0000,0.0000,0.00,0,0.0000,32,1,0,0.0000,0.0000,0,30.7617,32.6074,idle,-10.2090,-10.2234,-10.2090,-10.2234,-10.2234,0.4000
TEL,2851,SAFE_DISABLED,-10.2090,-10.2139,0.0000,0.0000,0.00,0,0.0000,12,1,0,0.0000,0.0000,0,30.7617,32.6074,idle,-10.2090,-10.2139,-10.2090,-10.2139,-10.2139,0.4000
TEL,2951,SAFE_DISABLED,-10.2090,-10.2114,0.0000,0.0000,0.00,0,0.0000,31,1,0,0.0000,0.0000,0,30.7617,32.6074,idle,-10.2090,-10.2114,-10.2090,-10.2114,-10.2114,0.4000
TEL,3051,SAFE_DISABLED,-10.2090,-10.2102,0.0000,0.0000,0.00,0,0.0000,34,1,0,0.0000,0.0000,0,30.7617,32.6074,idle,-10.2090,-10.2102,-10.2090,-10.2102,-10.2102,0.4000
TEL,3151,SAFE_DISABLED,-10.2776,-10.2444,0.0000,0.0000,0.00,0,0.0000,12,1,0,0.0000,0.0000,0,30.7617,32.6074,idle,-10.2776,-10.2444,-10.2776,-10.2444,-10.2444,0.4000
TEL,3251,SAFE_DISABLED,-10.2776,-10.2613,0.0000,0.0000,0.00,0,0.0000,31,1,0,0.0000,0.0000,0,30.7617,32.6074,idle,-10.2776,-10.2613,-10.2776,-10.2613,-10.2613,0.4000
TEL,3351,SAFE_DISABLED,-10.2776,-10.2696,0.0000,0.0000,0.00,0,0.0000,34,1,0,0.0000,0.0000,0,30.7617,32.6074,idle,-10.2776,-10.2696,-10.2776,-10.2696,-10.2696,0.4000
TEL,3451,SAFE_DISABLED,-10.2090,-10.2543,0.0000,0.0000,0.00,0,0.0000,12,1,0,0.0000,0.0000,0,30.7617,32.6074,idle,-10.2090,-10.2543,-10.2090,-10.2543,-10.2543,0.4000
TEL,3551,SAFE_DISABLED,-10.2090,-10.2312,0.0000,0.0000,0.00,0,0.0000,31,1,0,0.0000,0.0000,0,30.7617,32.6074,idle,-10.2090,-10.2312,-10.2090,-10.2312,-10.2312,0.4000
TEL,3651,SAFE_DISABLED,-10.2090,-10.2199,0.0000,0.0000,0.00,0,0.0000,34,1,0,0.0000,0.0000,0,30.7617,32.6074,idle,-10.2090,-10.2199,-10.2090,-10.2199,-10.2199,0.4000
TEL,3751,SAFE_DISABLED,-10.2090,-10.2127,0.0000,0.0000,0.00,0,0.0000,12,1,0,0.0000,0.0000,0,30.7617,32.6074,idle,-10.2090,-10.2127,-10.2090,-10.2127,-10.2127,0.4000
TEL,3851,SAFE_DISABLED,-10.2776,-10.2458,0.0000,0.0000,0.00,0,0.0000,31,1,0,0.0000,0.0000,0,30.7617,32.6074,idle,-10.2776,-10.2458,-10.2776,-10.2458,-10.2458,0.4000
TEL,3951,SAFE_DISABLED,-10.2776,-10.2620,0.0000,0.0000,0.00,0,0.0000,34,1,0,0.0000,0.0000,0,30.7617,32.6074,idle,-10.2776,-10.2620,-10.2776,-10.2620,-10.2620,0.4000
TEL,4051,SAFE_DISABLED,-10.2776,-10.2723,0.0000,0.0000,0.00,0,0.0000,12,1,0,0.0000,0.0000,0,30.7617,32.6074,idle,-10.2776,-10.2723,-10.2776,-10.2723,-10.2723,0.4000
OK,stopped
TEL,4151,SAFE_DISABLED,-10.2776,-10.2750,0.0000,0.0000,0.00,0,0.0000,31,1,0,0.0000,0.0000,0,30.7617,32.6074,idle,-10.2776,-10.2750,-10.2776,-10.2750,-10.2750,0.4000
OK,driver_disabled
OK,telemetry=0
OK,cal_reset_saved
OK,cal_limit_down_set=0.000000
CAL_LIMITS,lower_deg=-9.096680,upper_deg=9.096680,limits_calibrated=no
OK,cal_limit_up_set=58.007812
OK,as5600_sign=-1,sonar_sign=-1
INFO,limits_ok
CAL_LIMITS,lower_deg=-29.003906,upper_deg=29.003906,limits_calibrated=yes
ERR,sonar_not_ready
OK,telemetry=0
ERR,sonar_not_ready
ERR,sonar_not_ready
OK,stopped
