SHARP_IR_CHECK_BOOT
Wiring: Vo(yellow)->A0  VCC(red)->5V  GND(black)->GND
Move target 10-80 cm from sensor...
===========================================
SHARP_IR_CHECK_HELP
Commands:
  h  help
  s  single sample
  t  toggle stream
  T  toggle Timer1 40kHz stress
  R  reset counters
  C  print counters
SHARP_IR,raw_adc=281,voltage=1.372,distance_cm=20.7
SHARP_IR,raw_adc=373,voltage=1.821,distance_cm=14.8
SHARP_IR,raw_adc=275,voltage=1.343,distance_cm=21.2
SHARP_IR,raw_adc=257,voltage=1.255,distance_cm=23.0
SHARP_IR,raw_adc=250,voltage=1.221,distance_cm=23.7
SHARP_IR,raw_adc=248,voltage=1.211,distance_cm=24.0
SHARP_IR,raw_adc=248,voltage=1.211,distance_cm=24.0
SHARP_IR,raw_adc=372,voltage=1.816,distance_cm=14.9
HOST_CMD,T
OK,timer1_stress=ON
SHARP_IR,raw_adc=281,voltage=1.372,distance_cm=20.7
SHARP_IR,raw_adc=262,voltage=1.279,distance_cm=22.5
SHARP_IR,raw_adc=252,voltage=1.230,distance_cm=23.5
SHARP_IR,raw_adc=253,voltage=1.235,distance_cm=23.4
SHARP_IR,raw_adc=248,voltage=1.211,distance_cm=24.0
SHARP_IR,raw_adc=244,voltage=1.191,distance_cm=24.4
SHARP_IR,raw_adc=298,voltage=1.455,distance_cm=19.3
SHARP_IR,raw_adc=267,voltage=1.304,distance_cm=22.0
SHARP_IR,raw_adc=254,voltage=1.240,distance_cm=23.3
SHARP_IR,raw_adc=250,voltage=1.221,distance_cm=23.7
SHARP_IR,raw_adc=248,voltage=1.211,distance_cm=24.0
SHARP_IR,raw_adc=247,voltage=1.206,distance_cm=24.1
SHARP_IR,raw_adc=390,voltage=1.904,distance_cm=14.1
adc=271,voltage=1.323,distance_cm=21.6
SHARP_IR,raw_adc=256,voltage=1.250,distance_cm=23.1
SHARP_IR,raw_adc=255,voltage=1.245,distance_cm=23.2
SHARP_IR,raw_adc=253,voltage=1.235,distance_cm=23.4
SHARP_IR,raw_adc=252,voltage=1.230,distance_cm=23.5
SHARP_IR,raw_adc=332,voltage=1.621,distance_cm=17.0
SHARP_IR,raw_adc=290,voltage=1.416,distance_cm=19.9
SHARP_IR,raw_adc=265,voltage=1.294,distance_cm=22.2
SHARP_IR,raw_adc=253,voltage=1.235,distance_cm=23.4
SHARP_IR,raw_adc=250,voltage=1.221,distance_cm=23.7
SHARP_IR,raw_adc=252,voltage=1.230,distance_cm=23.5
SHARP_IR,raw_adc=246,voltage=1.201,distance_cm=24.2
SHARP_IR,raw_adc=306,voltage=1.494,distance_cm=18.7
SHARP_IR,raw_adc=265,voltage=1.294,distance_cm=22.2
SHARP_IR,raw_adc=255,voltage=1.245,distance_cm=23.2
SHARP_IR,raw_adc=251,voltage=1.226,distance_cm=23.6
SHARP_IR,raw_adc=249,voltage=1.216,distance_cm=23.8
SHARP_IR,raw_adc=248,voltage=1.211,distance_cm=24.0
SHARP_IR,raw_adc=252,voltage=1.230,distance_cm=23.5
SHARP_IR,raw_adc=251,voltage=1.226,distance_cm=23.6
SHARP_IR,raw_adc=247,voltage=1.206,distance_cm=24.1
SHARP_IR,raw_adc=251,voltage=1.226,distance_cm=23.6
SHARP_IR,raw_adc=251,voltage=1.226,distance_cm=23.6
SHARP_IR,raw_adc=251,voltage=1.226,distance_cm=23.6
SHARP_IR,raw_adc=251,voltage=1.226,distance_cm=23.6
SHARP_IR,raw_adc=247,voltage=1.206,distance_cm=24.1
HARP_IR,raw_adc=251,voltage=1.226,distance_cm=23.6
SHARP_IR,raw_adc=247,voltage=1.206,distance_cm=24.1
SHARP_IR,raw_adc=247,voltage=1.206,distance_cm=24.1
SHARP_IR,raw_adc=246,voltage=1.201,distance_cm=24.2
SHARP_IR,raw_adc=247,voltage=1.206,distance_cm=24.1
SHARP_IR,raw_adc=247,voltage=1.206,distance_cm=24.1
SHARP_IR,raw_adc=247,voltage=1.206,distance_cm=24.1
SHARP_IR,raw_adc=251,voltage=1.226,distance_cm=23.6
SHARP_IR,raw_adc=251,voltage=1.226,distance_cm=23.6
SHARP_IR,raw_adc=247,voltage=1.206,distance_cm=24.1
SHARP_IR,raw_adc=247,voltage=1.206,distance_cm=24.1
SHARP_IR,raw_adc=251,voltage=1.226,distance_cm=23.6
SHARP_IR,raw_adc=331,voltage=1.616,distance_cm=17.1
SHARP_IR,raw_adc=289,voltage=1.411,distance_cm=20.0
SHARP_IR,raw_adc=267,voltage=1.304,distance_cm=22.0
SHARP_IR,raw_adc=258,voltage=1.260,distance_cm=22.9
SHARP_IR,raw_adc=254,voltage=1.240,distance_cm=23.3
SHARP_IR,raw_adc=248,voltage=1.211,distance_cm=24.0
SHARP_IR,raw_adc=249,voltage=1.216,distance_cm=23.8
SHARP_IR,raw_adc=319,voltage=1.558,distance_cm=17.8
SHARP_IR,raw_adc=265,voltage=1.294,distance_cm=22.2
SHARP_IR,raw_adc=255,voltage=1.245,distance_cm=23.2
SHARP_IR,raw_adc=251,voltage=1.226,distance_cm=23.6
SHARP_IR,raw_adc=253,voltage=1.235,distance_cm=23.4
SHARP_IR,raw_adc=248,voltage=1.211,distance_cm=24.0
SHARP_IR,raw_adc=365,voltage=1.782,distance_cm=15.2
cm=24.0
SHARP_IR,raw_adc=368,voltage=1.797,distance_cm=15.1
SHARP_IR,raw_adc=281,voltage=1.372,distance_cm=20.7
SHARP_IR,raw_adc=259,voltage=1.265,distance_cm=22.8
SHARP_IR,raw_adc=252,voltage=1.230,distance_cm=23.5
SHARP_IR,raw_adc=249,voltage=1.216,distance_cm=23.8
SHARP_IR,raw_adc=252,voltage=1.230,distance_cm=23.5
SHARP_IR,raw_adc=340,voltage=1.660,distance_cm=16.5
SHARP_IR,raw_adc=287,voltage=1.401,distance_cm=20.2
SHARP_IR,raw_adc=260,voltage=1.270,distance_cm=22.7
SHARP_IR,raw_adc=257,voltage=1.255,distance_cm=23.0
SHARP_IR,raw_adc=250,voltage=1.221,distance_cm=23.7
SHARP_IR,raw_adc=252,voltage=1.230,distance_cm=23.5
SHARP_IR,raw_adc=245,voltage=1.196,distance_cm=24.3
SHARP_IR,raw_adc=393,voltage=1.919,distance_cm=14.0
SHARP_IR,raw_adc=271,voltage=1.323,distance_cm=21.6
SHARP_IR,raw_adc=255,voltage=1.245,distance_cm=23.2
SHARP_IR,raw_adc=250,voltage=1.221,distance_cm=23.7
SHARP_IR,raw_adc=253,voltage=1.235,distance_cm=23.4
SHARP_IR,raw_adc=247,voltage=1.206,distance_cm=24.1
SHARP_IR,raw_adc=364,voltage=1.777,distance_cm=15.3
SHARP_IR,raw_adc=274,voltage=1.338,distance_cm=21.3
SHARP_IR,raw_adc=257,voltage=1.255,distance_cm=23.0
SHARP_IR,raw_adc=251,voltage=1.226,distance_cm=23.6
SHARP_IR,raw_adc=249,voltage=1.216,distance_cm=23.8
SHARP_IR,raw_adc=248,voltage=1.211,distance_cm=24.0
aw_adc=344,voltage=1.680,distance_cm=16.3
SHARP_IR,raw_adc=284,voltage=1.387,distance_cm=20.4
SHARP_IR,raw_adc=260,voltage=1.270,distance_cm=22.7
SHARP_IR,raw_adc=253,voltage=1.235,distance_cm=23.4
SHARP_IR,raw_adc=250,voltage=1.221,distance_cm=23.7
SHARP_IR,raw_adc=248,voltage=1.211,distance_cm=24.0
SHARP_IR,raw_adc=245,voltage=1.196,distance_cm=24.3
SHARP_IR,raw_adc=395,voltage=1.929,distance_cm=13.9
SHARP_IR,raw_adc=263,voltage=1.284,distance_cm=22.4
SHARP_IR,raw_adc=254,voltage=1.240,distance_cm=23.3
SHARP_IR,raw_adc=250,voltage=1.221,distance_cm=23.7
SHARP_IR,raw_adc=248,voltage=1.211,distance_cm=24.0
SHARP_IR,raw_adc=247,voltage=1.206,distance_cm=24.1
SHARP_IR,raw_adc=379,voltage=1.851,distance_cm=14.6
SHARP_IR,raw_adc=270,voltage=1.318,distance_cm=21.7
SHARP_IR,raw_adc=256,voltage=1.250,distance_cm=23.1
SHARP_IR,raw_adc=251,voltage=1.226,distance_cm=23.6
SHARP_IR,raw_adc=249,voltage=1.216,distance_cm=23.8
SHARP_IR,raw_adc=248,voltage=1.211,distance_cm=24.0
SHARP_IR,raw_adc=338,voltage=1.650,distance_cm=16.7
SHARP_IR,raw_adc=283,voltage=1.382,distance_cm=20.5
SHARP_IR,raw_adc=264,voltage=1.289,distance_cm=22.3
SHARP_IR,raw_adc=257,voltage=1.255,distance_cm=23.0
SHARP_IR,raw_adc=250,voltage=1.221,distance_cm=23.7
SHARP_IR,raw_adc=248,voltage=1.211,distance_cm=24.0
SHARP_IR,raw_adc=242,voltage=1.182,distance_cm=24.7
SHARP_IR,raw_adc=328,voltage=1.602,distance_cm=17.3
SHARP_IR,raw_adc=289,voltage=1.411,distance_cm=20.0
SHARP_IR,raw_adc=266,voltage=1.299,distance_cm=22.1
SHARP_IR,raw_adc=253,voltage=1.235,distance_cm=23.4
SHARP_IR,raw_adc=254,voltage=1.240,distance_cm=23.3
SHARP_IR,raw_adc=248,voltage=1.211,distance_cm=24.0
SHARP_IR,raw_adc=245,voltage=1.196,distance_cm=24.3
SHARP_IR,raw_adc=386,voltage=1.885,distance_cm=14.3
SHARP_IR,raw_adc=268,voltage=1.309,distance_cm=21.9
SHARP_IR,raw_adc=259,voltage=1.265,distance_cm=22.8
SHARP_IR,raw_adc=251,voltage=1.226,distance_cm=23.6
SHARP_IR,raw_adc=249,voltage=1.216,distance_cm=23.8
SHARP_IR,raw_adc=248,voltage=1.211,distance_cm=24.0
SHARP_IR,raw_adc=379,voltage=1.851,distance_cm=14.6
SHARP_IR,raw_adc=269,voltage=1.313,distance_cm=21.8
SHARP_IR,raw_adc=260,voltage=1.270,distance_cm=22.7
SHARP_IR,raw_adc=251,voltage=1.226,distance_cm=23.6
SHARP_IR,raw_adc=253,voltage=1.235,distance_cm=23.4
SHARP_IR,raw_adc=248,voltage=1.211,distance_cm=24.0
SHARP_IR,raw_adc=355,voltage=1.733,distance_cm=15.7
SHARP_IR,raw_adc=279,voltage=1.362,distance_cm=20.9
SHARP_IR,raw_adc=261,voltage=1.274,distance_cm=22.6
SHARP_IR,raw_adc=253,voltage=1.235,distance_cm=23.4
SHARP_IR,raw_adc=250,voltage=1.221,distance_cm=23.7
SHARP_IR,raw_adc=253,voltage=1.235,distance_cm=23.4
ce_cm=24.2
SHARP_IR,raw_adc=247,voltage=1.206,distance_cm=24.1
SHARP_IR,raw_adc=247,voltage=1.206,distance_cm=24.1
SHARP_IR,raw_adc=251,voltage=1.226,distance_cm=23.6
SHARP_IR,raw_adc=247,voltage=1.206,distance_cm=24.1
SHARP_IR,raw_adc=247,voltage=1.206,distance_cm=24.1
SHARP_IR,raw_adc=247,voltage=1.206,distance_cm=24.1
SHARP_IR,raw_adc=247,voltage=1.206,distance_cm=24.1
SHARP_IR,raw_adc=247,voltage=1.206,distance_cm=24.1
SHARP_IR,raw_adc=247,voltage=1.206,distance_cm=24.1
SHARP_IR,raw_adc=247,voltage=1.206,distance_cm=24.1
SHARP_IR,raw_adc=246,voltage=1.201,distance_cm=24.2
SHARP_IR,raw_adc=247,voltage=1.206,distance_cm=24.1
SHARP_IR,raw_adc=251,voltage=1.226,distance_cm=23.6
SHARP_IR,raw_adc=247,voltage=1.206,distance_cm=24.1
SHARP_IR,raw_adc=247,voltage=1.206,distance_cm=24.1
SHARP_IR,raw_adc=247,voltage=1.206,distance_cm=24.1
SHARP_IR,raw_adc=251,voltage=1.226,distance_cm=23.6
SHARP_IR,raw_adc=253,voltage=1.235,distance_cm=23.4
SHARP_IR,raw_adc=248,voltage=1.211,distance_cm=24.0
SHARP_IR,raw_adc=352,voltage=1.719,distance_cm=15.9
SHARP_IR,raw_adc=283,voltage=1.382,distance_cm=20.5
SHARP_IR,raw_adc=259,voltage=1.265,distance_cm=22.8
SHARP_IR,raw_adc=253,voltage=1.235,distance_cm=23.4
SHARP_IR,raw_adc=249,voltage=1.216,distance_cm=23.8
SHARP_IR,raw_adc=248,voltage=1.211,distance_cm=24.0
adc=352,voltage=1.719,distance_cm=15.9
SHARP_IR,raw_adc=285,voltage=1.392,distance_cm=20.4
SHARP_IR,raw_adc=259,voltage=1.265,distance_cm=22.8
SHARP_IR,raw_adc=253,voltage=1.235,distance_cm=23.4
SHARP_IR,raw_adc=249,voltage=1.216,distance_cm=23.8
SHARP_IR,raw_adc=252,voltage=1.230,distance_cm=23.5
SHARP_IR,raw_adc=324,voltage=1.582,distance_cm=17.5
SHARP_IR,raw_adc=287,voltage=1.401,distance_cm=20.2
SHARP_IR,raw_adc=261,voltage=1.274,distance_cm=22.6
SHARP_IR,raw_adc=253,voltage=1.235,distance_cm=23.4
SHARP_IR,raw_adc=250,voltage=1.221,distance_cm=23.7
SHARP_IR,raw_adc=248,voltage=1.211,distance_cm=24.0
SHARP_IR,raw_adc=244,voltage=1.191,distance_cm=24.4
SHARP_IR,raw_adc=391,voltage=1.909,distance_cm=14.0
SHARP_IR,raw_adc=265,voltage=1.294,distance_cm=22.2
SHARP_IR,raw_adc=255,voltage=1.245,distance_cm=23.2
SHARP_IR,raw_adc=250,voltage=1.221,distance_cm=23.7
SHARP_IR,raw_adc=249,voltage=1.216,distance_cm=23.8
SHARP_IR,raw_adc=247,voltage=1.206,distance_cm=24.1
SHARP_IR,raw_adc=379,voltage=1.851,distance_cm=14.6
SHARP_IR,raw_adc=267,voltage=1.304,distance_cm=22.0
SHARP_IR,raw_adc=259,voltage=1.265,distance_cm=22.8
SHARP_IR,raw_adc=255,voltage=1.245,distance_cm=23.2
SHARP_IR,raw_adc=248,voltage=1.211,distance_cm=24.0
SHARP_IR,raw_adc=248,voltage=1.211,distance_cm=24.0
SHARP_IR,raw_adc=374,voltage=1.826,distance_cm=14.8
SHARP_IR,raw_adc=311,voltage=1.519,distance_cm=18.4
SHARP_IR,raw_adc=265,voltage=1.294,distance_cm=22.2
SHARP_IR,raw_adc=254,voltage=1.240,distance_cm=23.3
SHARP_IR,raw_adc=250,voltage=1.221,distance_cm=23.7
SHARP_IR,raw_adc=248,voltage=1.211,distance_cm=24.0
SHARP_IR,raw_adc=250,voltage=1.221,distance_264,voltage=1.289,distance_cm=22.3
SHARP_IR,raw_adc=392,voltage=1.914,distance_cm=14.0
SHARP_IR,raw_adc=288,voltage=1.406,distance_cm=20.1
SHARP_IR,raw_adc=274,voltage=1.338,distance_cm=21.3
SHARP_IR,raw_adc=268,voltage=1.309,distance_cm=21.9
SHARP_IR,raw_adc=266,voltage=1.299,distance_cm=22.1
SHARP_IR,raw_adc=264,voltage=1.289,distance_cm=22.3
SHARP_IR,raw_adc=360,voltage=1.758,distance_cm=15.5
SHARP_IR,raw_adc=297,voltage=1.450,distance_cm=19.4
SHARP_IR,raw_adc=276,voltage=1.348,distance_cm=21.1
SHARP_IR,raw_adc=270,voltage=1.318,distance_cm=21.7
SHARP_IR,raw_adc=266,voltage=1.299,distance_cm=22.1
SHARP_IR,raw_adc=265,voltage=1.294,distance_cm=22.2
SHARP_IR,raw_adc=260,voltage=1.270,distance_cm=22.7
SHARP_IR,raw_adc=302,voltage=1.475,distance_cm=19.0
SHARP_IR,raw_adc=277,voltage=1.353,distance_cm=21.0
SHARP_IR,raw_adc=270,voltage=1.318,distance_cm=21.7
SHARP_IR,raw_adc=266,voltage=1.299,distance_cm=22.1
SHARP_IR,raw_adc=265,voltage=1.294,distance_cm=22.2
SHARP_IR,raw_adc=261,voltage=1.274,distance_cm=22.6
SHARP_IR,raw_adc=321,voltage=1.567,distance_cm=17.7
395,voltage=1.929,distance_cm=13.9
SHARP_IR,raw_adc=321,voltage=1.567,distance_cm=17.7
SHARP_IR,raw_adc=304,voltage=1.484,distance_cm=18.9
SHARP_IR,raw_adc=301,voltage=1.470,distance_cm=19.1
SHARP_IR,raw_adc=297,voltage=1.450,distance_cm=19.4
SHARP_IR,raw_adc=296,voltage=1.445,distance_cm=19.5
SHARP_IR,raw_adc=292,voltage=1.426,distance_cm=19.8
SHARP_IR,raw_adc=343,voltage=1.675,distance_cm=16.4
SHARP_IR,raw_adc=304,voltage=1.484,distance_cm=18.9
SHARP_IR,raw_adc=297,voltage=1.450,distance_cm=19.4
SHARP_IR,raw_adc=294,voltage=1.436,distance_cm=19.6
SHARP_IR,raw_adc=292,voltage=1.426,distance_cm=19.8
SHARP_IR,raw_adc=289,voltage=1.411,distance_cm=20.0
SHARP_IR,raw_adc=351,voltage=1.714,distance_cm=15.9
SHARP_IR,raw_adc=308,voltage=1.504,distance_cm=18.6
SHARP_IR,raw_adc=299,voltage=1.460,distance_cm=19.2
SHARP_IR,raw_adc=299,voltage=1.460,distance_cm=19.2
SHARP_IR,raw_adc=297,voltage=1.450,distance_cm=19.4
SHARP_IR,raw_adc=296,voltage=1.445,distance_cm=19.5
SHARP_IR,raw_adc=429,voltage=2.095,distance_cm=12.6
SHARP_IR,raw_adc=314,voltage=1.533,distance_cm=18.2
SHARP_IR,raw_adc=301,voltage=1.470,distance_cm=19.1
SHARP_IR,raw_adc=295,voltage=1.440,distance_cm=19.5
SHARP_IR,raw_adc=293,voltage=1.431,distance_cm=19.7
SHARP_IR,raw_adc=292,voltage=1.426,distance_cm=19.8
SHARP_IR,raw_adc=417,voltage=2.036,distance_cm=13.0
2.134,distance_cm=12.3
SHARP_IR,raw_adc=310,voltage=1.514,distance_cm=18.4
SHARP_IR,raw_adc=299,voltage=1.460,distance_cm=19.2
SHARP_IR,raw_adc=295,voltage=1.440,distance_cm=19.5
SHARP_IR,raw_adc=293,voltage=1.431,distance_cm=19.7
SHARP_IR,raw_adc=292,voltage=1.426,distance_IR,raw_adc=315,voltage=1.538,distance_cm=18.1
SHARP_IR,raw_adc=315,voltage=1.538,distance_cm=18.1
SHARP_IR,raw_adc=315,voltage=1.538,distance_cm=18.1
SHARP_IR,raw_adc=315,voltage=1.538,distance_cm=18.1
SHARP_IR,raw_adc=315,voltage=1.538,distance_cm=18.1
SHARP_IR,raw_adc=315,voltage=1.538,distance_cm=18.1
SHARP_IR,raw_adc=316,voltage=1.543,distance_cm=18.0
SHARP_IR,raw_adc=315,voltage=1.538,distance_cm=18.1
SHARP_IR,raw_adc=315,voltage=1.538,distance_cm=18.1
SHARP_IR,raw_adc=315,voltage=1.538,distance_cm=18.1
SHARP_IR,raw_adc=315,voltage=1.538,distance_cm=18.1
SHARP_IR,raw_adc=315,voltage=1.538,distance_cm=18.1
SHARP_IR,raw_adc=315,voltage=1.538,distance_cm=18.1
SHARP_IR,raw_adc=315,voltage=1.538,distance_cm=18.1
SHARP_IR,raw_adc=315,voltage=1.538,distance_cm=18.1
SHARP_IR,raw_adc=316,voltage=1.543,distance_cm=18.0
SHARP_IR,raw_adc=313,voltage=1.528,distance_cm=18.2
SHARP_IR,raw_adc=371,voltage=1.812,distance_cm=14.9
SHARP_IR,raw_adc=332,voltage=1.621,distance_cm=17.0
SHARP_IR,raw_adc=323,voltage=1.577,distance_cm=17.6
SHARP_IR,raw_adc=319,voltage=1.558,distance_cm=17.8
SHARP_IR,raw_adc=317,voltage=1.548,distance_cm=18.0
P_IR,raw_adc=420,voltage=2.051,distance_cm=12.9
SHARP_IR,raw_adc=382,voltage=1.865,distance_cm=14.4
SHARP_IR,raw_adc=362,voltage=1.768,distance_cm=15.4
SHARP_IR,raw_adc=359,voltage=1.753,distance_cm=15.5
SHARP_IR,raw_adc=360,voltage=1.758,distance_cm=15.5
SHARP_IR,raw_adc=358,voltage=1.748,distance_cm=15.6
SHARP_IR,raw_adc=438,voltage=2.139,distance_cm=12.3
SHARP_IR,raw_adc=417,voltage=2.036,distance_cm=13.0
SHARP_IR,raw_adc=381,voltage=1.860,distance_cm=14.5
SHARP_IR,raw_adc=372,voltage=1.816,distance_cm=14.9
SHARP_IR,raw_adc=368,voltage=1.797,distance_cm=15.1
SHARP_IR,raw_adc=367,voltage=1.792,distance_cm=15.1
SHARP_IR,raw_adc=364,voltage=1.777,distance_cm=15.3
SHARP_IR,raw_adc=510,voltage=2.490,distance_cm=10.3
SHARP_IR,raw_adc=387,voltage=1.890,distance_cm=14.2
SHARP_IR,raw_adc=374,voltage=1.826,distance_cm=14.8
SHARP_IR,raw_adc=365,voltage=1.782,distance_cm=15.2
SHARP_IR,raw_adc=363,voltage=1.772,distance_cm=15.3
SHARP_IR,raw_adc=362,voltage=1.768,distance_cm=15.4
SHARP_IR,raw_adc=490,voltage=2.393,distance_cm=10.8
SHARP_IR,raw_adc=386,voltage=1.885,distance_cm=14.3
SHARP_IR,raw_adc=371,voltage=1.812,distance_cm=14.9
SHARP_IR,raw_adc=365,voltage=1.782,distance_cm=15.2
SHARP_IR,raw_adc=363,voltage=1.772,distance_cm=15.3
SHARP_IR,raw_adc=361,voltage=1.763,distance_cm=15.4
SHARP_IR,raw_adc=481,voltage=2.349,distance_cm=11.0
m=15.9
SHARP_IR,raw_adc=499,voltage=2.437,distance_cm=10.6
SHARP_IR,raw_adc=371,voltage=1.812,distance_cm=14.9
SHARP_IR,raw_adc=365,voltage=1.782,distance_
SHARP_IR,raw_adc=417,voltage=2.036,distance_cm=13.0
SHARP_IR,raw_adc=563,voltage=2.749,distance_cm=9.2
SHARP_IR,raw_adc=437,voltage=2.134,distance_cm=12.3
SHARP_IR,raw_adc=426,voltage=2.080,distance_cm=12.7
SHARP_IR,raw_adc=422,voltage=2.061,distance_cm=12.8
SHARP_IR,raw_adc=419,voltage=2.046,distance_cm=13.0
SHARP_IR,raw_adc=417,voltage=2.036,distance_cm=13.0
SHARP_IR,raw_adc=557,voltage=2.720,distance_cm=9.3
SHARP_IR,raw_adc=439,voltage=2.144,distance_cm=12.3
SHARP_IR,raw_adc=427,voltage=2.085,distance_cm=12.7
SHARP_IR,raw_adc=422,voltage=2.061,distance_cm=12.8
SHARP_IR,raw_adc=419,voltage=2.046,distance_cm=13.0
SHARP_IR,raw_adc=418,voltage=2.041,distance_cm=13.0
SHARP_IR,raw_adc=543,voltage=2.651,distance_cm=9.6
SHARP_IR,raw_adc=448,voltage=2.187,distance_cm=12.0
SHARP_IR,raw_adc=429,voltage=2.095,distance_cm=12.6
SHARP_IR,raw_adc=423,voltage=2.065,distance_cm=12.8
SHARP_IR,raw_adc=420,voltage=2.051,distance_cm=12.9
SHARP_IR,raw_adc=419,voltage=2.046,distance_cm=13.0
SHARP_IR,raw_adc=516,voltage=2.520,distance_cm=10.1
SHARP_IR,raw_adc=455,voltage=2.222,distance_cm=11.8
SHARP_IR,raw_adc=430,voltage=2.100,distance_cm=12.6
SHARP_IR,raw_adc=423,voltage=2.065,distance_cm=12.8
m=12.9
SHARP_IR,raw_adc=425,voltage=2.075,distance_cm=12.7
SHARP_IR,raw_adc=433,voltage=2.114,distance_cm=12.5
SHARP_IR,raw_adc=437,voltage=2.134,distance_cm=12.3
SHARP_IR,raw_adc=445,voltage=2.173,distance_cm=12.1
SHARP_IR,raw_adc=449,voltage=2.192,distance_cm=11.9
SHARP_IR,raw_adc=453,voltage=2.212,distance_cm=11.8
SHARP_IR,raw_adc=457,voltage=2.231,distance_cm=11.7
SHARP_IR,raw_adc=460,voltage=2.246,distance_cm=11.6
SHARP_IR,raw_adc=464,voltage=2.266,distance_cm=11.5
SHARP_IR,raw_adc=468,voltage=2.285,distance_cm=11.4
SHARP_IR,raw_adc=472,voltage=2.305,distance_cm=11.3
SHARP_IR,raw_adc=472,voltage=2.305,distance_cm=11.3
SHARP_IR,raw_adc=472,voltage=2.305,distance_cm=11.3
SHARP_IR,raw_adc=476,voltage=2.324,distance_cm=11.2
SHARP_IR,raw_adc=476,voltage=2.324,distance_cm=11.2
SHARP_IR,raw_adc=481,voltage=2.349,distance_cm=11.0
SHARP_IR,raw_adc=481,voltage=2.349,distance_cm=11.0
SHARP_IR,raw_adc=481,voltage=2.349,distance_cm=11.0
SHARP_IR,raw_adc=485,voltage=2.368,distance_cm=10.9
SHARP_IR,raw_adc=485,voltage=2.368,distance_cm=10.9
SHARP_IR,raw_adc=489,voltage=2.388,distance_cm=10.8
SHARP_IR,raw_adc=489,voltage=2.388,distance_cm=10.8
SHARP_IR,raw_adc=627,voltage=3.062,distance_cm=8.1
SHARP_IR,raw_adc=513,voltage=2.505,distance_cm=10.2
SHARP_IR,raw_adc=499,voltage=2.437,distance_cm=10.6
_adc=480,voltage=2.344,distance_cm=11.0
SHARP_IR,raw_adc=478,voltage=2.334,distance_cm=11.1
SHARP_IR,raw_adc=477,voltage=2.329,distance_cm=11.1
SHARP_IR,raw_adc=595,voltage=2.9
SHARP_IR,raw_adc=596,voltage=2.910,distance_cm=8.6
SHARP_IR,raw_adc=593,voltage=2.896,distance_cm=8.6
SHARP_IR,raw_adc=591,voltage=2.886,distance_cm=8.7
SHARP_IR,raw_adc=689,voltage=3.364,distance_cm=7.2
SHARP_IR,raw_adc=636,voltage=3.105,distance_cm=7.9
SHARP_IR,raw_adc=607,voltage=2.964,distance_cm=8.4
SHARP_IR,raw_adc=598,voltage=2.920,distance_cm=8.5
SHARP_IR,raw_adc=594,voltage=2.900,distance_cm=8.6
SHARP_IR,raw_adc=592,voltage=2.891,distance_cm=8.6
SHARP_IR,raw_adc=591,voltage=2.886,distance_cm=8.7
SHARP_IR,raw_adc=732,voltage=3.574,distance_cm=6.7
SHARP_IR,raw_adc=617,voltage=3.013,distance_cm=8.2
SHARP_IR,raw_adc=602,voltage=2.939,distance_cm=8.5
SHARP_IR,raw_adc=596,voltage=2.910,distance_cm=8.6
SHARP_IR,raw_adc=593,voltage=2.896,distance_cm=8.6
SHARP_IR,raw_adc=592,voltage=2.891,distance_cm=8.6
SHARP_IR,raw_adc=687,voltage=3.354,distance_cm=7.3
SHARP_IR,raw_adc=638,voltage=3.115,distance_cm=7.9
SHARP_IR,raw_adc=605,voltage=2.954,distance_cm=8.4
SHARP_IR,raw_adc=597,voltage=2.915,distance_cm=8.5
SHARP_IR,raw_adc=594,voltage=2.900,distance_cm=8.6
SHARP_IR,raw_adc=595,voltage=2.905,distance_cm=8.6
SHARP_IR,raw_adc=599,voltage=2.925,distance_cm=8.5
raw_adc=633,voltage=3.091,distance_cm=8.0
SHARP_IR,raw_adc=748,voltage=3.652,distance_cm=6.6
SHARP_IR,raw_adc=670,voltage=3.271,distance_cm=7.5
SHARP_IR,raw_adc=647,voltage=3.159,distance_cm=7.8
SHARP_IR,raw_adc=639,voltage=3.120,distance_cm=7.9
SHARP_IR,raw_adc=635,voltage=3.101,distance_cm=8.0
SHARP_IR,raw_adc=633,voltage=3.091,distance_cm=8.0
SHARP_IR,raw_adc=634,voltage=3.096,distance_cm=8.0
SHARP_IR,raw_adc=766,voltage=3.740,distance_cm=6.4
SHARP_IR,raw_adc=653,voltage=3.188,distance_cm=7.7
SHARP_IR,raw_adc=641,voltage=3.130,distance_cm=7.9
SHARP_IR,raw_adc=636,voltage=3.105,distance_cm=7.9
SHARP_IR,raw_adc=633,voltage=3.091,distance_cm=8.0
SHARP_IR,raw_adc=633,voltage=3.091,distance_cm=8.0
SHARP_IR,raw_adc=754,voltage=3.682,distance_cm=6.5
SHARP_IR,raw_adc=664,voltage=3.242,distance_cm=7.5
SHARP_IR,raw_adc=640,voltage=3.125,distance_cm=7.9
SHARP_IR,raw_adc=632,voltage=3.086,distance_cm=8.0
SHARP_IR,raw_adc=624,voltage=3.047,distance_cm=8.1
SHARP_IR,raw_adc=622,voltage=3.037,distance_cm=8.1
SHARP_IR,raw_adc=619,voltage=3.022,distance_cm=8.2
SHARP_IR,raw_adc=759,voltage=3.706,distance_cm=6.5
SHARP_IR,raw_adc=640,voltage=3.125,distance_cm=7.9
SHARP_IR,raw_adc=627,voltage=3.062,distance_cm=8.1
SHARP_IR,raw_adc=622,voltage=3.037,distance_cm=8.1
SHARP_IR,raw_adc=615,voltage=3.003,distance_cm=8.3
.0
SHARP_IR,raw_adc=637,voltage=3.110,distance_cm=7.9
SHARP_IR,raw_adc=638,voltage=3.115,distance_cm=7.9
SHARP_IR,raw_adc=694,voltage=3.389,distance_cm=7
SHARP_IR,raw_adc=493,voltage=2.407,distance_cm=10.7
SHARP_IR,raw_adc=494,voltage=2.412,distance_cm=10.7
SHARP_IR,raw_adc=493,voltage=2.407,distance_cm=10.7
SHARP_IR,raw_adc=494,voltage=2.412,distance_cm=10.7
SHARP_IR,raw_adc=493,voltage=2.407,distance_cm=10.7
SHARP_IR,raw_adc=493,voltage=2.407,distance_cm=10.7
SHARP_IR,raw_adc=493,voltage=2.407,distance_cm=10.7
SHARP_IR,raw_adc=493,voltage=2.407,distance_cm=10.7
SHARP_IR,raw_adc=493,voltage=2.407,distance_cm=10.7
SHARP_IR,raw_adc=493,voltage=2.407,distance_cm=10.7
SHARP_IR,raw_adc=493,voltage=2.407,distance_cm=10.7
SHARP_IR,raw_adc=493,voltage=2.407,distance_cm=10.7
SHARP_IR,raw_adc=493,voltage=2.407,distance_cm=10.7
SHARP_IR,raw_adc=493,voltage=2.407,distance_cm=10.7
SHARP_IR,raw_adc=493,voltage=2.407,distance_cm=10.7
SHARP_IR,raw_adc=493,voltage=2.407,distance_cm=10.7
SHARP_IR,raw_adc=493,voltage=2.407,distance_cm=10.7
SHARP_IR,raw_adc=493,voltage=2.407,distance_cm=10.7
SHARP_IR,raw_adc=493,voltage=2.407,distance_cm=10.7
SHARP_IR,raw_adc=493,voltage=2.407,distance_cm=10.7
SHARP_IR,raw_adc=493,voltage=2.407,distance_cm=10.7
SHARP_IR,raw_adc=493,voltage=2.407,distance_cm=10.7
ARP_IR,raw_adc=496,voltage=2.422,distance_cm=10.6
SHARP_IR,raw_adc=495,voltage=2.417,distance_cm=10.7
SHARP_IR,raw_adc=494,voltage=2.412,distance_cm=10.7
SHARP_IR,raw_adc=637,voltage=3.110,distance_cm=7.9
SHARP_IR,raw_adc=520,voltage=2.539,distance_cm=10.1
SHARP_IR,raw_adc=505,voltage=2.466,distance_cm=10.4
SHARP_IR,raw_adc=499,voltage=2.437,distance_cm=10.6
SHARP_IR,raw_adc=495,voltage=2.417,distance_cm=10.7
SHARP_IR,raw_adc=494,voltage=2.412,distance_cm=10.7
SHARP_IR,raw_adc=602,voltage=2.939,distance_cm=8.5
SHARP_IR,raw_adc=532,voltage=2.598,distance_cm=9.8
SHARP_IR,raw_adc=509,voltage=2.485,distance_cm=10.3
SHARP_IR,raw_adc=500,voltage=2.441,distance_cm=10.5
SHARP_IR,raw_adc=497,voltage=2.427,distance_cm=10.6
SHARP_IR,raw_adc=495,voltage=2.417,distance_cm=10.7
SHARP_IR,raw_adc=494,voltage=2.412,distance_cm=10.7
SHARP_IR,raw_adc=639,voltage=3.120,distance_cm=7.9
SHARP_IR,raw_adc=519,voltage=2.534,distance_cm=10.1
SHARP_IR,raw_adc=505,voltage=2.466,distance_cm=10.4
SHARP_IR,raw_adc=498,voltage=2.432,distance_cm=10.6
SHARP_IR,raw_adc=496,voltage=2.422,distance_cm=10.6
SHARP_IR,raw_adc=494,voltage=2.412,distance_cm=10.7
SHARP_IR,raw_adc=596,voltage=2.910,distance_cm=8.6
SHARP_IR,raw_adc=529,voltage=2.583,distance_cm=9.9
SHARP_IR,raw_adc=508,voltage=2.480,distance_cm=10.3
SHARP_IR,raw_adc=500,voltage=2.441,distance_cm=10.5
SHARP_IR,raw_adc=502,voltage=2.451,distance_cm=10.5
SHARP_IR,raw_adc=498,voltage=2.432,distance_cm=10.6
SHARP_IR,raw_adc=495,voltage=2.417,distance_cm=10.7
SHARP_IR,raw_adc=494,voltage=2.412,distance_cm=10.7
SHARP_IR,raw_adc=618,voltage=3.018,distance_cm=8.2
SHARP_IR,raw_adc=528,voltage=2.578,distance_cm=9.9
SHARP_IR,raw_adc=507,voltage=2.476,distance_cm
SHARP_IR,raw_adc=641,voltage=3.130,distance_cm=7.9
SHARP_IR,raw_adc=639,voltage=3.120,distance_cm=7.9
SHARP_IR,raw_adc=767,voltage=3.745,distance_cm=6.4
SHARP_IR,raw_adc=667,voltage=3.257,distance_cm=7.5
SHARP_IR,raw_adc=650,voltage=3.174,distance_cm=7.7
SHARP_IR,raw_adc=644,voltage=3.145,distance_cm=7.8
SHARP_IR,raw_adc=641,voltage=3.130,distance_cm=7.9
SHARP_IR,raw_adc=639,voltage=3.120,distance_cm=7.9
SHARP_IR,raw_adc=763,voltage=3.726,distance_cm=6.4
SHARP_IR,raw_adc=669,voltage=3.267,distance_cm=7.5
SHARP_IR,raw_adc=650,voltage=3.174,distance_cm=7.7
SHARP_IR,raw_adc=643,voltage=3.140,distance_cm=7.8
SHARP_IR,raw_adc=640,voltage=3.125,distance_cm=7.9
SHARP_IR,raw_adc=639,voltage=3.120,distance_cm=7.9
SHARP_IR,raw_adc=765,voltage=3.735,distance_cm=6.4
SHARP_IR,raw_adc=665,voltage=3.247,distance_cm=7.5
SHARP_IR,raw_adc=650,voltage=3.174,distance_cm=7.7
SHARP_IR,raw_adc=643,voltage=3.140,distance_cm=7.8
SHARP_IR,raw_adc=641,voltage=3.130,distance_cm=7.9
44,distance_cm=8.4
SHARP_IR,raw_adc=714,voltage=3.486,distance_cm=6.9
SHARP_IR,raw_adc=637,voltage=3.110,distance_cm=7.9
SHARP_IR,raw_adc=616,voltage=3.008,distance_cm=8.2
SHARP_IR,raw_adc=611,voltage=2.983,distance_cm=8.3
SHARP_IR,raw_adc=604,voltage=2.949,distance_cm=8.4
SHARP_IR,raw_adc=603,voltage=2.944,distance_cm=8.4
SHARP_IR,raw_adc=725,voltage=3.540,distance_cm=6.8
SHARP_IR,raw_adc=629,voltage=3.071,distance_cm=8.0
SHARP_IR,raw_adc=611,voltage=2.983,distance_cm=8.3
SHARP_IR,raw_adc=603,voltage=2.944,distance_cm=8.4
SHARP_IR,raw_adc=600,voltage=2.930,distance_cm=8.5
SHARP_IR,raw_adc=603,voltage=2.944,distance_cm=8.4
SHARP_IR,raw_adc=602,voltage=2.939,distance_cm=8.5
SHARP_IR,raw_adc=606,voltage=2.959,distance_cm=8.4
SHARP_IR,raw_adc=606,voltage=2.959,distance_cm=8.4
SHARP_IR,raw_adc=609,voltage=2.974,distance_cm=8.4
SHARP_IR,raw_adc=605,voltage=2.954,distance_cm=8.4
SHARP_IR,raw_adc=594,voltage=2.900,distance_cm=8.6
SHARP_IR,raw_adc=586,voltage=2.861,distance_cm=8.7
SHARP_IR,raw_adc=583,voltage=2.847,distance_cm=8.8
SHARP_IR,raw_adc=579,voltage=2.827,distance_cm=8.9
SHARP_IR,raw_adc=579,voltage=2.827,distance_cm=8.9
SHARP_IR,raw_adc=579,voltage=2.827,distance_cm=8.9
SHARP_IR,raw_adc=579,voltage=2.827,distance_cm=8.9
SHARP_IR,raw_adc=579,voltage=2.827,distance_cm=8.9
_adc=612,voltage=2.988,distance_cm=8.3
SHARP_IR,raw_adc=613,voltage=2.993,distance_cm=8.3
SHARP_IR,raw_adc=609,voltage=2.974,distance_cm=8.4
SHARP_IR,raw_adc=609,voltage=2.974,distance_cm=8.4
SHARP_IR,raw_adc=706,voltage=3.447,distance_cm=7.0
SHARP_IR,raw_adc=650,voltage=3.174,distance_cm=7.7
SHARP_IR,raw_adc=624,voltage=3.047,distance_cm=8oltage=2.451,distance_cm=10.5
SHARP_IR,raw_adc=499,voltage=2.437,distance_cm=10.6
SHARP_IR,raw_adc=502,voltage=2.451,distance_cm=10.5
SHARP_IR,raw_adc=639,voltage=3.120,distance_cm=7.9
SHARP_IR,raw_adc=523,voltage=2.554,distance_cm=10.0
SHARP_IR,raw_adc=512,voltage=2.500,distance_cm=10.2
SHARP_IR,raw_adc=502,voltage=2.451,distance_cm=10.5
SHARP_IR,raw_adc=503,voltage=2.456,distance_cm=10.5
SHARP_IR,raw_adc=501,voltage=2.446,distance_cm=10.5
SHARP_IR,raw_adc=497,voltage=2.427,distance_cm=10.6
SHARP_IR,raw_adc=501,voltage=2.446,distance_cm=10.5
SHARP_IR,raw_adc=501,voltage=2.446,distance_cm=10.5
SHARP_IR,raw_adc=501,voltage=2.446,distance_cm=10.5
SHARP_IR,raw_adc=501,voltage=2.446,distance_cm=10.5
SHARP_IR,raw_adc=501,voltage=2.446,distance_cm=10.5
SHARP_IR,raw_adc=498,voltage=2.432,distance_cm=10.6
SHARP_IR,raw_adc=502,voltage=2.451,distance_cm=10.5
SHARP_IR,raw_adc=497,voltage=2.427,distance_cm=10.6
SHARP_IR,raw_adc=498,voltage=2.432,distance_cm=10.6
SHARP_IR,raw_adc=497,voltage=2.427,distance_cm=10.6
SHARP_IR,raw_adc=494,voltage=2.412,distance_cm=10.7
