BALL_BEAM_BOOT
HELP,keys
STATE,SAFE_DISABLED
SENSORS,angle=bad,pos=bad
MEAS,theta_deg=0.0000,x_cm=0.0000,x_filt_cm=0.0000
AGE,angle_ms=1,pos_ms=1
FAULTS,bits=0
CAL,zero_calibrated=yes,limits_calibrated=yes,sign_calibrated=yes
CAL_STORE,status=loaded
TEL,enabled=1
FAULT_INFO,bits=0
FAULT_INFO,mode=bringup_warning
FAULT_INFO,none
TEL,349,SAFE_DISABLED,0.0000,0.0000,0.0000,0.0000,0.00,0
TEL,449,SAFE_DISABLED,0.0000,0.0000,0.0000,0.0000,0.00,0
TEL,549,SAFE_DISABLED,0.0000,0.0000,0.0000,0.0000,0.00,0
TEL,649,SAFE_DISABLED,0.0000,-0.0618,0.0000,0.0000,0.00,0
TEL,749,SAFE_DISABLED,0.0000,-0.0618,0.0000,0.0000,0.00,0
TEL,849,SAFE_DISABLED,-1.0000,-0.8499,0.0000,0.0000,0.00,0
TEL,949,SAFE_DISABLED,0.0000,-0.1082,0.0000,0.0000,0.00,0
TEL,1049,SAFE_DISABLED,-1.0000,-0.9388,0.0000,0.0000,0.00,0
TEL,1149,SAFE_DISABLED,0.0000,-0.0601,0.0000,0.0000,0.00,0
TEL,1249,SAFE_DISABLED,-0.5000,-0.3240,0.0000,0.0000,0.00,0
TEL,1349,SAFE_DISABLED,0.0000,-0.0518,0.0000,0.0000,0.00,0
TEL,1449,SAFE_DISABLED,0.0000,-0.0033,0.0000,0.0000,0.00,0
TEL,1549,SAFE_DISABLED,-0.5000,-0.3013,0.0000,0.0000,0.00,0
TEL,1649,SAFE_DISABLED,0.0000,-0.1682,0.0000,0.0000,0.00,0
TEL,1750,SAFE_DISABLED,0.0000,-0.0269,0.0000,0.0000,0.00,0
TEL,1850,SAFE_DISABLED,0.0000,-0.0269,0.0000,0.0000,0.00,0
TEL,1950,SAFE_DISABLED,0.0000,-0.0007,0.0000,0.0000,0.00,0
TEL,2050,SAFE_DISABLED,0.0000,-0.0003,0.0000,0.0000,0.00,0
TEL,2150,SAFE_DISABLED,0.0000,-0.0000,0.0000,0.0000,0.00,0
TEL,2250,SAFE_DISABLED,0.0000,0.0000,0.0000,0.0000,0.00,0
TEL,2350,SAFE_DISABLED,0.0000,0.0000,0.0000,0.0000,0.00,0
TEL,2450,SAFE_DISABLED,0.0000,0.0000,0.0000,0.0000,0.00,0
OK,telemetry=0
ERR,usage:sonar
ERR,unknown_command,try=h
SONAR_DIAG,has_sample=1,fresh=1,timeout=1,age_ms=83,raw_cm=31.0000,filt_cm=30.9401,valid_streak=281,timeout_cnt=869,jump_reject_cnt=0
SONAR_DIAG,has_sample=1,fresh=1,timeout=1,age_ms=78,raw_cm=30.0000,filt_cm=30.0000,valid_streak=896,timeout_cnt=2300,jump_reject_cnt=0
SONAR_DIAG,has_sample=1,fresh=1,timeout=0,age_ms=1,raw_cm=30.0000,filt_cm=30.1363,valid_streak=1160,timeout_cnt=3172,jump_reject_cnt=0
SONAR_DIAG,has_sample=1,fresh=1,timeout=1,age_ms=56,raw_cm=30.0000,filt_cm=30.0000,valid_streak=1486,timeout_cnt=4102,jump_reject_cnt=0
SONAR_DIAG,has_sample=1,fresh=1,timeout=0,age_ms=7,raw_cm=30.0000,filt_cm=30.1599,valid_streak=3484,timeout_cnt=9268,jump_reject_cnt=0
OK,cal_reset_saved
OK,cal_zero_angle_set=330.996093
CAL_ZERO,as5600_zero_deg=330.996093,sonar_center_cm=20.000000,zero_calibrated=no
OK,cal_zero_position_set=30.016897
CAL_ZERO,as5600_zero_deg=330.996093,sonar_center_cm=30.016897,zero_calibrated=yes
OK,cal_limit_down_set=12.568360
CAL_LIMITS,lower_deg=12.568360,upper_deg=3.000000,limits_calibrated=no
OK,cal_limit_up_set=-38.320312
OK,as5600_sign=-1
CAL_LIMITS,lower_deg=-12.568360,upper_deg=38.320312,limits_calibrated=yes
OK,stepper_sign=-1,delta=-21.6211
OK,cal_saved
STATE,READY
SENSORS,angle=ok,pos=ok
MEAS,theta_deg=0.0000,x_cm=0.0169,x_filt_cm=0.0169
AGE,angle_ms=11,pos_ms=105
FAULTS,bits=0
CAL,zero_calibrated=yes,limits_calibrated=yes,sign_calibrated=yes
CAL_STORE,status=loaded
TEL,enabled=0
FAULT_INFO,bits=0
FAULT_INFO,mode=bringup_warning
FAULT_INFO,none
OK,running
TEL,243651,RUNNING,0.0169,0.0169,1.0919,-0.0052,-448.66,0
TEL,243751,RUNNING,0.0169,0.0169,-0.8719,-0.0054,354.37,0
TEL,243851,RUNNING,0.0169,0.0169,0.4800,-0.0056,-198.55,0
TEL,243951,RUNNING,0.0169,0.0169,-0.1577,-0.0057,62.15,0
TEL,244051,RUNNING,0.0169,0.0169,-0.0817,-0.0059,30.99,0
TEL,244151,RUNNING,0.0169,0.0169,0.2095,-0.0060,-88.14,0
TEL,244251,RUNNING,0.0169,0.0169,-0.2356,-0.0062,93.79,0
TEL,244352,RUNNING,0.0169,0.0169,0.1081,-0.0064,-46.80,0
TEL,244452,RUNNING,0.0169,0.0169,-0.0030,-0.0065,-1.43,0
TEL,244552,RUNNING,0.0169,0.0169,-0.1223,-0.0067,47.28,0
TEL,244652,RUNNING,0.0169,0.0169,0.1771,-0.0069,-75.23,0
TEL,244752,RUNNING,0.0169,0.0169,-0.1179,-0.0070,45.34,0
TEL,244852,RUNNING,0.0169,0.0169,-0.0434,-0.0072,14.83,0
TEL,244952,RUNNING,0.0169,0.0169,0.1794,-0.0073,-76.35,0
OK,telemetry=0
OK,stopped
