BALL_BEAM_BOOT
HELP,keys
STATE,SAFE_DISABLED
SENSORS,angle=bad,pos=bad,m=n
MEAS,theta_deg=0.0000,x_cm=0.0000,x_filt_cm=0.0000
AGE,angle_ms=0,pos_ms=0,miss=0
FAULTS,bits=0
CAL,zero_calibrated=yes,limits_calibrated=yes,sign_calibrated=yes
SONAR_CFG,s=-1,u=1
ACT_CFG,t=19.8633,v=1,e=0.000
TEL,enabled=1
FAULT_INFO,bits=0
FAULT_INFO,none
TEL,350,SAFE_DISABLED,0.0000,0.0000,0.0000,0.0000,0.00,0,0.0000,0,0,0,0.0000,0.0000,0,10.5469,19.8633,idle,0.0000,0.0000,0.0000,0.0000,0.0000,0.0000,0,0,0,0
TEL,450,SAFE_DISABLED,-13.1369,-13.1369,0.0000,0.0000,0.00,0,0.0000,32,1,0,0.0000,0.0000,0,10.5469,19.8633,idle,-13.1369,-13.1369,-13.1369,-13.1369,-13.1369,0.4000,1,0,1,0
TEL,550,SAFE_DISABLED,-13.1369,-13.1369,0.0000,0.0000,0.00,0,0.0000,12,1,0,0.0000,0.0000,0,10.5469,19.8633,idle,-13.1369,-13.1369,-13.1369,-13.1369,-13.1369,0.4000,1,0,1,0
TEL,650,SAFE_DISABLED,-13.1369,-13.1369,0.0000,0.0000,0.00,0,0.0000,31,1,0,0.0000,0.0000,0,10.5469,19.8633,idle,-13.1369,-13.1369,-13.1369,-13.1369,-13.1369,0.4000,1,0,1,0
TEL,750,SAFE_DISABLED,-13.1369,-13.1441,0.0000,0.0000,0.00,0,0.0000,34,1,0,0.0000,0.0000,0,10.5469,19.8633,idle,-13.1369,-13.1441,-13.1369,-13.1441,-13.1441,0.4000,1,0,1,0
TEL,850,SAFE_DISABLED,-13.2055,-13.1845,0.0000,0.0000,0.00,0,0.0000,12,1,0,0.0000,0.0000,0,10.5469,19.8633,idle,-13.2055,-13.1845,-13.2055,-13.1845,-13.1845,0.4000,1,0,1,0
TEL,950,SAFE_DISABLED,-13.2055,-13.1952,0.0000,0.0000,0.00,0,0.0000,31,1,0,0.0000,0.0000,0,10.5469,19.8633,idle,-13.2055,-13.1952,-13.2055,-13.1952,-13.1952,0.4000,1,0,1,0
TEL,1050,SAFE_DISABLED,-13.2055,-13.2005,0.0000,0.0000,0.00,0,0.0000,35,1,0,0.0000,0.0000,0,10.5469,19.8633,idle,-13.2055,-13.2005,-13.2055,-13.2005,-13.2005,0.4000,1,0,1,0
TEL,1150,SAFE_DISABLED,-13.1369,-13.1832,0.0000,0.0000,0.00,0,0.0000,14,1,0,0.0000,0.0000,0,10.5469,19.8633,idle,-13.1369,-13.1832,-13.1369,-13.1832,-13.1832,0.4000,1,0,1,0
TEL,1250,SAFE_DISABLED,-13.0683,-13.1534,0.0000,0.0000,0.00,0,0.0000,32,1,0,0.0000,0.0000,0,10.5469,19.8633,idle,-13.0683,-13.1534,-13.0683,-13.1534,-13.1534,0.4000,1,0,1,0
TEL,1350,SAFE_DISABLED,-13.0683,-13.1100,0.0000,0.0000,0.00,0,0.0000,34,1,0,0.0000,0.0000,0,10.5469,19.8633,idle,-13.0683,-13.1100,-13.0683,-13.1100,-13.1100,0.4000,1,0,1,0
TEL,1451,SAFE_DISABLED,-13.2055,-13.1526,0.0000,0.0000,0.00,0,0.0000,14,1,0,0.0000,0.0000,0,10.5469,19.8633,idle,-13.2055,-13.1526,-13.2055,-13.1526,-13.1526,0.4000,1,0,1,0
TEL,1551,SAFE_DISABLED,-13.0683,-13.1096,0.0000,0.0000,0.00,0,0.0000,32,1,0,0.0000,0.0000,0,10.5469,19.8633,idle,-13.0683,-13.1096,-13.0683,-13.1096,-13.1096,0.4000,1,0,1,0
TEL,1651,SAFE_DISABLED,-12.7253,-12.9076,0.0000,0.0000,0.00,0,0.0000,12,1,0,0.0000,0.0000,0,10.5469,19.8633,idle,-12.7253,-12.9076,-12.7253,-12.9076,-12.9076,0.4000,1,0,1,0
TEL,1751,SAFE_DISABLED,-12.7253,-12.8146,0.0000,0.0000,0.00,0,0.0000,31,1,0,0.0000,0.0000,0,10.5469,19.8633,idle,-12.7253,-12.8146,-12.7253,-12.8146,-12.8146,0.4000,1,0,1,0
TEL,1851,SAFE_DISABLED,-12.7253,-12.7691,0.0000,0.0000,0.00,0,0.0000,32,1,0,0.0000,0.0000,0,10.5469,19.8633,idle,-12.7253,-12.7691,-12.7253,-12.7691,-12.7691,0.4000,1,0,1,0
TEL,1951,SAFE_DISABLED,-12.7253,-12.7403,0.0000,0.0000,0.00,0,0.0000,12,1,0,0.0000,0.0000,0,10.6348,19.8633,idle,-12.7253,-12.7403,-12.7253,-12.7403,-12.7403,0.4000,1,0,1,0
TEL,2051,SAFE_DISABLED,-12.7253,-12.7327,0.0000,0.0000,0.00,0,0.0000,31,1,0,0.0000,0.0000,0,10.5469,19.8633,idle,-12.7253,-12.7327,-12.7253,-12.7327,-12.7327,0.4000,1,0,1,0
TEL,2151,SAFE_DISABLED,-12.7939,-12.7495,0.0000,0.0000,0.00,0,0.0000,32,1,0,0.0000,0.0000,0,10.5469,19.8633,idle,-12.7939,-12.7495,-12.7939,-12.7495,-12.7495,0.4000,1,0,1,0
TEL,2251,SAFE_DISABLED,-12.7939,-12.7542,0.0000,0.0000,0.00,0,0.0000,12,1,0,0.0000,0.0000,0,10.5469,19.8633,idle,-12.7939,-12.7542,-12.7939,-12.7542,-12.7542,0.4000,1,0,1,0
TEL,2351,SAFE_DISABLED,-12.8625,-12.8095,0.0000,0.0000,0.00,0,0.0000,31,1,0,0.0000,0.0000,0,10.5469,19.8633,idle,-12.8625,-12.8095,-12.8625,-12.8095,-12.8095,0.4000,1,0,1,0
TEL,2451,SAFE_DISABLED,-13.1369,-12.9188,0.0000,0.0000,0.00,0,0.0000,32,1,0,0.0000,0.0000,0,10.5469,19.8633,idle,-13.1369,-12.9188,-13.1369,-12.9188,-12.9188,0.4000,1,0,1,0
TEL,2551,SAFE_DISABLED,-13.1369,-13.0621,0.0000,0.0000,0.00,0,0.0000,12,1,0,0.0000,0.0000,0,10.5469,19.8633,idle,-13.1369,-13.0621,-13.1369,-13.0621,-13.0621,0.4000,1,0,1,0
TEL,2651,SAFE_DISABLED,-13.2055,-13.1353,0.0000,0.0000,0.00,0,0.0000,31,1,0,0.0000,0.0000,0,10.5469,19.8633,idle,-13.2055,-13.1353,-13.2055,-13.1353,-13.1353,0.4000,1,0,1,0
TEL,2751,SAFE_DISABLED,-13.2055,-13.1711,0.0000,0.0000,0.00,0,0.0000,32,1,0,0.0000,0.0000,0,10.5469,19.8633,idle,-13.2055,-13.1711,-13.2055,-13.1711,-13.1711,0.4000,1,0,1,0
TEL,2851,SAFE_DISABLED,-13.2055,-13.1937,0.0000,0.0000,0.00,0,0.0000,12,1,0,0.0000,0.0000,0,10.6348,19.8633,idle,-13.2055,-13.1937,-13.2055,-13.1937,-13.1937,0.4000,1,0,1,0
TEL,2951,SAFE_DISABLED,-13.2055,-13.1998,0.0000,0.0000,0.00,0,0.0000,31,1,0,0.0000,0.0000,0,10.5469,19.8633,idle,-13.2055,-13.1998,-13.2055,-13.1998,-13.1998,0.4000,1,0,1,0
TEL,3051,SAFE_DISABLED,-13.2055,-13.2027,0.0000,0.0000,0.00,0,0.0000,34,1,0,0.0000,0.0000,0,10.5469,19.8633,idle,-13.2055,-13.2027,-13.2055,-13.2027,-13.2027,0.4000,1,0,1,0
TEL,3151,SAFE_DISABLED,-13.2055,-13.2046,0.0000,0.0000,0.00,0,0.0000,12,1,0,0.0000,0.0000,0,10.5469,19.8633,idle,-13.2055,-13.2046,-13.2055,-13.2046,-13.2046,0.4000,1,0,1,0
TEL,3251,SAFE_DISABLED,-13.2055,-13.2051,0.0000,0.0000,0.00,0,0.0000,31,1,0,0.0000,0.0000,0,10.5469,19.8633,idle,-13.2055,-13.2051,-13.2055,-13.2051,-13.2051,0.4000,1,0,1,0
TEL,3351,SAFE_DISABLED,-13.2055,-13.2053,0.0000,0.0000,0.00,0,0.0000,34,1,0,0.0000,0.0000,0,10.5469,19.8633,idle,-13.2055,-13.2053,-13.2055,-13.2053,-13.2053,0.4000,1,0,1,0
TEL,3451,SAFE_DISABLED,-13.2055,-13.2055,0.0000,0.0000,0.00,0,0.0000,12,1,0,0.0000,0.0000,0,10.5469,19.8633,idle,-13.2055,-13.2055,-13.2055,-13.2055,-13.2055,0.4000,1,0,1,0
TEL,3551,SAFE_DISABLED,-13.2055,-13.2055,0.0000,0.0000,0.00,0,0.0000,31,1,0,0.0000,0.0000,0,10.5469,19.8633,idle,-13.2055,-13.2055,-13.2055,-13.2055,-13.2055,0.4000,1,0,1,0
TEL,3651,SAFE_DISABLED,-13.1369,-13.1849,0.0000,0.0000,0.00,0,0.0000,34,1,0,0.0000,0.0000,0,10.5469,19.8633,idle,-13.1369,-13.1849,-13.1369,-13.1849,-13.1849,0.4000,1,0,1,0
TEL,3751,SAFE_DISABLED,-13.1369,-13.1534,0.0000,0.0000,0.00,0,0.0000,12,1,0,0.0000,0.0000,0,10.5469,19.8633,idle,-13.1369,-13.1534,-13.1369,-13.1534,-13.1534,0.4000,1,0,1,0
TEL,3851,SAFE_DISABLED,-12.7253,-12.9495,0.0000,0.0000,0.00,0,0.0000,31,1,0,0.0000,0.0000,0,10.5469,19.8633,idle,-12.7253,-12.9495,-12.7253,-12.9495,-12.9495,0.4000,1,0,1,0
TEL,3951,SAFE_DISABLED,-12.7253,-12.8352,0.0000,0.0000,0.00,0,0.0000,32,1,0,0.0000,0.0000,0,10.5469,19.8633,idle,-12.7253,-12.8352,-12.7253,-12.8352,-12.8352,0.4000,1,0,1,0
TEL,4051,SAFE_DISABLED,-12.7253,-12.7630,0.0000,0.0000,0.00,0,0.0000,12,1,0,0.0000,0.0000,0,10.5469,19.8633,idle,-12.7253,-12.7630,-12.7253,-12.7630,-12.7630,0.4000,1,0,1,0
TEL,4151,SAFE_DISABLED,-13.1369,-12.9537,0.0000,0.0000,0.00,0,0.0000,31,1,0,0.0000,0.0000,0,10.5469,19.8633,idle,-13.1369,-12.9537,-13.1369,-12.9537,-12.9537,0.4000,1,0,1,0
TEL,4251,SAFE_DISABLED,-13.1369,-13.0472,0.0000,0.0000,0.00,0,0.0000,32,1,0,0.0000,0.0000,0,10.5469,19.8633,idle,-13.1369,-13.0472,-13.1369,-13.0472,-13.0472,0.4000,1,0,1,0
TEL,4352,SAFE_DISABLED,-13.2055,-13.1411,0.0000,0.0000,0.00,0,0.0000,12,1,0,0.0000,0.0000,0,10.5469,19.8633,idle,-13.2055,-13.1411,-13.2055,-13.1411,-13.1411,0.4000,1,0,1,0
TEL,4452,SAFE_DISABLED,-13.1369,-13.1390,0.0000,0.0000,0.00,0,0.0000,31,1,0,0.0000,0.0000,0,10.5469,19.8633,idle,-13.1369,-13.1390,-13.1369,-13.1390,-13.1390,0.4000,1,0,1,0
TEL,4552,SAFE_DISABLED,-13.1369,-13.1520,0.0000,0.0000,0.00,0,0.0000,11,1,0,0.0000,0.0000,0,10.5469,19.8633,idle,-13.1369,-13.1520,-13.1369,-13.1520,-13.1520,0.4000,1,0,1,0
TEL,4652,SAFE_DISABLED,-13.2055,-13.1793,0.0000,0.0000,0.00,0,0.0000,30,1,0,0.0000,0.0000,0,10.5469,19.8633,idle,-13.2055,-13.1793,-13.2055,-13.1793,-13.1793,0.4000,1,0,1,0
TEL,4752,SAFE_DISABLED,-13.1369,-13.1721,0.0000,0.0000,0.00,0,0.0000,32,1,0,0.0000,0.0000,0,10.5469,19.8633,idle,-13.1369,-13.1721,-13.1369,-13.1721,-13.1721,0.4000,1,0,1,0
TEL,4852,SAFE_DISABLED,-13.2055,-13.1696,0.0000,0.0000,0.00,0,0.0000,12,1,0,0.0000,0.0000,0,10.5469,19.8633,idle,-13.2055,-13.1696,-13.2055,-13.1696,-13.1696,0.4000,1,0,1,0
TEL,4952,SAFE_DISABLED,-13.2055,-13.1879,0.0000,0.0000,0.00,0,0.0000,31,1,0,0.0000,0.0000,0,10.6348,19.8633,idle,-13.2055,-13.1879,-13.2055,-13.1879,-13.1879,0.4000,1,0,1,0
TEL,5052,SAFE_DISABLED,-13.2055,-13.1969,0.0000,0.0000,0.00,0,0.0000,32,1,0,0.0000,0.0000,0,10.5469,19.8633,idle,-13.2055,-13.1969,-13.2055,-13.1969,-13.1969,0.4000,1,0,1,0
TEL,5152,SAFE_DISABLED,-13.1369,-13.1431,0.0000,0.0000,0.00,0,0.0000,12,1,0,0.0000,0.0000,0,10.5469,19.8633,idle,-13.1369,-13.1431,-13.1369,-13.1431,-13.1431,0.4000,1,0,1,0
TEL,5253,SAFE_DISABLED,-13.0683,-13.1050,0.0000,0.0000,0.00,0,0.0000,32,1,0,0.0000,0.0000,0,10.5469,19.8633,idle,-13.0683,-13.1050,-13.0683,-13.1050,-13.1050,0.4000,1,0,1,0
TEL,5353,SAFE_DISABLED,-13.0683,-13.0809,0.0000,0.0000,0.00,0,0.0000,11,1,0,0.0000,0.0000,0,10.5469,19.8633,idle,-13.0683,-13.0809,-13.0683,-13.0809,-13.0809,0.4000,1,0,1,0
TEL,5453,SAFE_DISABLED,-12.8625,-13.0272,0.0000,0.0000,0.00,0,0.0000,32,1,0,0.0000,0.0000,0,10.5469,19.8633,idle,-12.8625,-13.0272,-12.8625,-13.0272,-13.0272,0.4000,1,0,1,0
TEL,5553,SAFE_DISABLED,-13.1369,-13.0013,0.0000,0.0000,0.00,0,0.0000,13,1,0,0.0000,0.0000,0,10.6348,19.8633,idle,-13.1369,-13.0013,-13.1369,-13.0013,-13.0013,0.4000,1,0,1,0
TEL,5653,SAFE_DISABLED,-12.7939,-12.9100,0.0000,0.0000,0.00,0,0.0000,32,1,0,0.0000,0.0000,0,10.5469,19.8633,idle,-12.7939,-12.9100,-12.7939,-12.9100,-12.9100,0.4000,1,0,1,0
TEL,5753,SAFE_DISABLED,-12.7939,-12.8508,0.0000,0.0000,0.00,0,0.0000,34,1,0,0.0000,0.0000,0,10.5469,19.8633,idle,-12.7939,-12.8508,-12.7939,-12.8508,-12.8508,0.4000,1,0,1,0
TEL,5853,SAFE_DISABLED,-12.7939,-12.8134,0.0000,0.0000,0.00,0,0.0000,14,1,0,0.0000,0.0000,0,10.5469,19.8633,idle,-12.7939,-12.8134,-12.7939,-12.8134,-12.8134,0.4000,1,0,1,0
TEL,5954,SAFE_DISABLED,-12.7253,-12.7829,0.0000,0.0000,0.00,0,0.0000,34,1,0,0.0000,0.0000,0,10.5469,19.8633,idle,-12.7253,-12.7829,-12.7253,-12.7829,-12.7829,0.4000,1,0,1,0
TEL,6054,SAFE_DISABLED,-13.1369,-13.0155,0.0000,0.0000,0.00,0,0.0000,14,1,0,0.0000,0.0000,0,10.5469,19.8633,idle,-13.1369,-13.0155,-13.1369,-13.0155,-13.0155,0.4000,1,0,1,0
TEL,6154,SAFE_DISABLED,-13.2055,-13.1124,0.0000,0.0000,0.00,0,0.0000,32,1,0,0.0000,0.0000,0,10.5469,19.8633,idle,-13.2055,-13.1124,-13.2055,-13.1124,-13.1124,0.4000,1,0,1,0
TEL,6254,SAFE_DISABLED,-13.2055,-13.1599,0.0000,0.0000,0.00,0,0.0000,34,1,0,0.0000,0.0000,0,10.5469,19.8633,idle,-13.2055,-13.1599,-13.2055,-13.1599,-13.1599,0.4000,1,0,1,0
TEL,6354,SAFE_DISABLED,-13.2055,-13.1899,0.0000,0.0000,0.00,0,0.0000,14,1,0,0.0000,0.0000,0,10.5469,19.8633,idle,-13.2055,-13.1899,-13.2055,-13.1899,-13.1899,0.4000,1,0,1,0
TEL,6454,SAFE_DISABLED,-13.2055,-13.1979,0.0000,0.0000,0.00,0,0.0000,32,1,0,0.0000,0.0000,0,10.6348,19.8633,idle,-13.2055,-13.1979,-13.2055,-13.1979,-13.1979,0.4000,1,0,1,0
TEL,6554,SAFE_DISABLED,-13.1369,-13.1668,0.0000,0.0000,0.00,0,0.0000,34,1,0,0.0000,0.0000,0,10.5469,19.8633,idle,-13.1369,-13.1668,-13.1369,-13.1668,-13.1668,0.4000,1,0,1,0
TEL,6654,SAFE_DISABLED,-13.1369,-13.1472,0.0000,0.0000,0.00,0,0.0000,14,1,0,0.0000,0.0000,0,10.5469,19.8633,idle,-13.1369,-13.1472,-13.1369,-13.1472,-13.1472,0.4000,1,0,1,0
TEL,6754,SAFE_DISABLED,-13.0683,-13.1214,0.0000,0.0000,0.00,0,0.0000,32,1,0,0.0000,0.0000,0,10.5469,19.8633,idle,-13.0683,-13.1214,-13.0683,-13.1214,-13.1214,0.4000,1,0,1,0
TEL,6854,SAFE_DISABLED,-13.1369,-13.1149,0.0000,0.0000,0.00,0,0.0000,34,1,0,0.0000,0.0000,0,10.5469,19.8633,idle,-13.1369,-13.1149,-13.1369,-13.1149,-13.1149,0.4000,1,0,1,0
TEL,6955,SAFE_DISABLED,-13.2055,-13.1644,0.0000,0.0000,0.00,0,0.0000,14,1,0,0.0000,0.0000,0,10.5469,19.8633,idle,-13.2055,-13.1644,-13.2055,-13.1644,-13.1644,0.4000,1,0,1,0
TEL,7055,SAFE_DISABLED,-13.1369,-13.1504,0.0000,0.0000,0.00,0,0.0000,32,1,0,0.0000,0.0000,0,10.5469,19.8633,idle,-13.1369,-13.1504,-13.1369,-13.1504,-13.1504,0.4000,1,0,1,0
TEL,7155,SAFE_DISABLED,-13.0683,-13.1210,0.0000,0.0000,0.00,0,0.0000,12,1,0,0.0000,0.0000,0,10.5469,19.8633,idle,-13.0683,-13.1210,-13.0683,-13.1210,-13.1210,0.4000,1,0,1,0
TEL,7255,SAFE_DISABLED,-13.1369,-13.1147,0.0000,0.0000,0.00,0,0.0000,31,1,0,0.0000,0.0000,0,10.5469,19.8633,idle,-13.1369,-13.1147,-13.1369,-13.1147,-13.1147,0.4000,1,0,1,0
TEL,7355,SAFE_DISABLED,-13.0683,-13.1055,0.0000,0.0000,0.00,0,0.0000,32,1,0,0.0000,0.0000,0,10.5469,19.8633,idle,-13.0683,-13.1055,-13.0683,-13.1055,-13.1055,0.4000,1,0,1,0
TEL,7455,SAFE_DISABLED,-12.7939,-12.9008,0.0000,0.0000,0.00,0,0.0000,12,1,0,0.0000,0.0000,0,10.5469,19.8633,idle,-12.7939,-12.9008,-12.7939,-12.9008,-12.9008,0.4000,1,0,1,0
TEL,7555,SAFE_DISABLED,-12.7939,-12.8463,0.0000,0.0000,0.00,0,0.0000,31,1,0,0.0000,0.0000,0,10.5469,19.8633,idle,-12.7939,-12.8463,-12.7939,-12.8463,-12.8463,0.4000,1,0,1,0
TEL,7655,SAFE_DISABLED,-12.7939,-12.8196,0.0000,0.0000,0.00,0,0.0000,32,1,0,0.0000,0.0000,0,10.5469,19.8633,idle,-12.7939,-12.8196,-12.7939,-12.8196,-12.8196,0.4000,1,0,1,0
TEL,7755,SAFE_DISABLED,-12.7939,-12.8027,0.0000,0.0000,0.00,0,0.0000,12,1,0,0.0000,0.0000,0,10.5469,19.8633,idle,-12.7939,-12.8027,-12.7939,-12.8027,-12.8027,0.4000,1,0,1,0
TEL,7855,SAFE_DISABLED,-12.7939,-12.7983,0.0000,0.0000,0.00,0,0.0000,31,1,0,0.0000,0.0000,0,10.5469,19.8633,idle,-12.7939,-12.7983,-12.7939,-12.7983,-12.7983,0.4000,1,0,1,0
TEL,7955,SAFE_DISABLED,-12.7939,-12.7961,0.0000,0.0000,0.00,0,0.0000,32,1,0,0.0000,0.0000,0,10.5469,19.8633,idle,-12.7939,-12.7961,-12.7939,-12.7961,-12.7961,0.4000,1,0,1,0
TEL,8055,SAFE_DISABLED,-12.7939,-12.7947,0.0000,0.0000,0.00,0,0.0000,12,1,0,0.0000,0.0000,0,10.5469,19.8633,idle,-12.7939,-12.7947,-12.7939,-12.7947,-12.7947,0.4000,1,0,1,0
TEL,8155,SAFE_DISABLED,-12.7939,-12.7943,0.0000,0.0000,0.00,0,0.0000,31,1,0,0.0000,0.0000,0,10.5469,19.8633,idle,-12.7939,-12.7943,-12.7939,-12.7943,-12.7943,0.4000,1,0,1,0
TEL,8255,SAFE_DISABLED,-12.7939,-12.7797,0.0000,0.0000,0.00,0,0.0000,32,1,0,0.0000,0.0000,0,10.5469,19.8633,idle,-12.7939,-12.7797,-12.7939,-12.7797,-12.7797,0.4000,1,0,1,0
TEL,8355,SAFE_DISABLED,-12.7253,-12.7685,0.0000,0.0000,0.00,0,0.0000,12,1,0,0.0000,0.0000,0,10.5469,19.8633,idle,-12.7253,-12.7685,-12.7253,-12.7685,-12.7685,0.4000,1,0,1,0
TEL,8455,SAFE_DISABLED,-12.7253,-12.7609,0.0000,0.0000,0.00,0,0.0000,31,1,0,0.0000,0.0000,0,10.5469,19.8633,idle,-12.7253,-12.7609,-12.7253,-12.7609,-12.7609,0.4000,1,0,1,0
TEL,8555,SAFE_DISABLED,-13.0683,-12.9177,0.0000,0.0000,0.00,0,0.0000,34,1,0,0.0000,0.0000,0,10.5469,19.8633,idle,-13.0683,-12.9177,-13.0683,-12.9177,-12.9177,0.4000,1,0,1,0
TEL,8655,SAFE_DISABLED,-13.0683,-12.9187,0.0000,0.0000,0.00,0,0.0000,12,1,0,0.0000,0.0000,0,10.5469,19.8633,idle,-13.0683,-12.9187,-13.0683,-12.9187,-12.9187,0.4000,1,0,1,0
TEL,8755,SAFE_DISABLED,-12.7939,-12.8551,0.0000,0.0000,0.00,0,0.0000,31,1,0,0.0000,0.0000,0,10.5469,19.8633,idle,-12.7939,-12.8551,-12.7939,-12.8551,-12.8551,0.4000,1,0,1,0
TEL,8855,SAFE_DISABLED,-12.7939,-12.8239,0.0000,0.0000,0.00,0,0.0000,34,1,0,0.0000,0.0000,0,10.5469,19.8633,idle,-12.7939,-12.8239,-12.7939,-12.8239,-12.8239,0.4000,1,0,1,0
TEL,8955,SAFE_DISABLED,-12.7939,-12.8042,0.0000,0.0000,0.00,0,0.0000,12,1,0,0.0000,0.0000,0,10.5469,19.8633,idle,-12.7939,-12.8042,-12.7939,-12.8042,-12.8042,0.4000,1,0,1,0
TEL,9055,SAFE_DISABLED,-13.0683,-12.8813,0.0000,0.0000,0.00,0,0.0000,31,1,0,0.0000,0.0000,0,10.5469,19.8633,idle,-13.0683,-12.8813,-13.0683,-12.8813,-12.8813,0.4000,1,0,1,0
TEL,9155,SAFE_DISABLED,-13.2055,-13.0323,0.0000,0.0000,0.00,0,0.0000,34,1,0,0.0000,0.0000,0,10.5469,19.8633,idle,-13.2055,-13.0323,-13.2055,-13.0323,-13.0323,0.4000,1,0,1,0
TEL,9255,SAFE_DISABLED,-13.2055,-13.1461,0.0000,0.0000,0.00,0,0.0000,12,1,0,0.0000,0.0000,0,10.5469,19.8633,idle,-13.2055,-13.1461,-13.2055,-13.1461,-13.1461,0.4000,1,0,1,0
TEL,9355,SAFE_DISABLED,-13.2055,-13.1764,0.0000,0.0000,0.00,0,0.0000,31,1,0,0.0000,0.0000,0,10.5469,19.8633,idle,-13.2055,-13.1764,-13.2055,-13.1764,-13.1764,0.4000,1,0,1,0
TEL,9455,SAFE_DISABLED,-13.2055,-13.1913,0.0000,0.0000,0.00,0,0.0000,34,1,0,0.0000,0.0000,0,10.5469,19.8633,idle,-13.2055,-13.1913,-13.2055,-13.1913,-13.1913,0.4000,1,0,1,0
TEL,9555,SAFE_DISABLED,-13.2055,-13.2006,0.0000,0.0000,0.00,0,0.0000,12,1,0,0.0000,0.0000,0,10.5469,19.8633,idle,-13.2055,-13.2006,-13.2055,-13.2006,-13.2006,0.4000,1,0,1,0
TEL,9655,SAFE_DISABLED,-13.1369,-13.1682,0.0000,0.0000,0.00,0,0.0000,31,1,0,0.0000,0.0000,0,10.5469,19.8633,idle,-13.1369,-13.1682,-13.1369,-13.1682,-13.1682,0.4000,1,0,1,0
TEL,9755,SAFE_DISABLED,-13.1369,-13.1522,0.0000,0.0000,0.00,0,0.0000,32,1,0,0.0000,0.0000,0,10.5469,19.8633,idle,-13.1369,-13.1522,-13.1369,-13.1522,-13.1522,0.4000,1,0,1,0
TEL,9856,SAFE_DISABLED,-13.1369,-13.1422,0.0000,0.0000,0.00,0,0.0000,12,1,0,0.0000,0.0000,0,10.5469,19.8633,idle,-13.1369,-13.1422,-13.1369,-13.1422,-13.1422,0.4000,1,0,1,0
TEL,9956,SAFE_DISABLED,-13.1369,-13.1395,0.0000,0.0000,0.00,0,0.0000,31,1,0,0.0000,0.0000,0,10.5469,19.8633,idle,-13.1369,-13.1395,-13.1369,-13.1395,-13.1395,0.4000,1,0,1,0
TEL,10056,SAFE_DISABLED,-13.1369,-13.1378,0.0000,0.0000,0.00,0,0.0000,11,1,0,0.0000,0.0000,0,10.5469,19.8633,idle,-13.1369,-13.1378,-13.1369,-13.1378,-13.1378,0.4000,1,0,1,0
TEL,10157,SAFE_DISABLED,-13.1369,-13.1374,0.0000,0.0000,0.00,0,0.0000,31,1,0,0.0000,0.0000,0,10.5469,19.8633,idle,-13.1369,-13.1374,-13.1369,-13.1374,-13.1374,0.4000,1,0,1,0
TEL,10257,SAFE_DISABLED,-12.7939,-13.0342,0.0000,0.0000,0.00,0,0.0000,32,1,0,0.0000,0.0000,0,10.5469,19.8633,idle,-12.7939,-13.0342,-12.7939,-13.0342,-13.0342,0.4000,1,0,1,0
OK,stopped
TEL,10357,SAFE_DISABLED,-12.7939,-12.8764,0.0000,0.0000,0.00,0,0.0000,12,1,0,0.0000,0.0000,0,10.5469,19.8633,idle,-12.7939,-12.8764,-12.7939,-12.8764,-12.8764,0.4000,1,0,1,0
OK,driver_disabled
OK,telemetry=0
OK,cal_reset_saved
OK,cal_limit_down_set=0.000000
CAL_LIMITS,lower_deg=-12.436524,upper_deg=12.436524,limits_calibrated=no
OK,cal_limit_up_set=44.121093
OK,as5600_sign=-1,sonar_sign=-1
INFO,limits_ok
CAL_LIMITS,lower_deg=-22.060546,upper_deg=22.060546,limits_calibrated=yes
ERR,sonar_not_ready
OK,telemetry=0
ERR,sonar_not_ready
ERR,sonar_not_ready
ERR,sonar_not_ready
ERR,sonar_not_ready
ERR,sonar_not_ready
OK,cal_zero_position_set=15.213923
CAL_ZERO,sonar_center_cm=15.213923,zero_calibrated=yes
OK,driver_enabled
OK,stepper_sign=-1,delta=-22.9395
SET,95910,0.0000,10.8212,-10.4086
OK,driver_enabled
OK,running
TEL,100564,RUNNING,-10.3724,-10.3958,-1.2375,18.7293,120.00,0,0.0000,29,1,0,18.7293,18.7293,0,18.1934,19.4238,idle,-10.3739,-10.3973,-10.3715,-10.3949,-10.3958,0.4000,1,0,1,0
TEL,100664,RUNNING,-10.3721,-10.3836,1.3500,18.6950,600.00,0,0.0000,11,1,0,18.6950,18.6950,0,20.2148,19.4238,idle,-10.3739,-10.3853,-10.3710,-10.3825,-10.3836,0.4000,1,0,1,0
TEL,100765,RUNNING,-10.2543,-10.2598,11.2500,18.6355,887.57,0,0.0000,31,1,0,18.6355,18.6355,0,29.8828,19.4238,idle,-10.3739,-10.3795,-10.1745,-10.1801,-10.2598,0.4000,1,0,1,0
TEL,100870,RUNNING,-10.1007,-10.0708,19.0125,18.3774,287.57,0,0.0000,33,1,0,18.3774,18.3774,0,37.8809,19.4238,idle,-10.4425,-10.4116,-9.8728,-9.8436,-10.0708,0.4000,1,0,1,0
TEL,100972,RUNNING,-10.0679,-10.0577,19.9125,18.4351,-312.43,0,0.0000,23,1,0,18.4351,18.4351,0,39.5508,19.4238,idle,-10.4425,-10.4319,-9.8182,-9.8082,-10.0577,0.4000,1,0,1,0
TEL,101074,RUNNING,-10.1243,-10.1193,18.3375,18.6279,176.01,0,0.0000,30,1,0,18.6279,18.6279,0,37.6172,19.4238,idle,-10.4425,-10.4373,-9.9122,-9.9073,-10.1193,0.4000,1,0,1,0
TEL,101176,RUNNING,-10.1086,-10.1062,18.7875,18.6862,0.00,0,0.0000,31,1,0,18.6862,18.6862,0,38.1445,19.4238,idle,-10.4425,-10.4399,-9.8861,-9.8837,-10.1062,0.4000,1,0,1,0
TEL,101276,RUNNING,-10.1670,-10.1194,19.0125,18.7919,0.00,0,0.0000,31,1,0,18.7919,18.7919,0,38.1445,19.4238,idle,-10.5111,-10.4618,-9.9377,-9.8911,-10.1194,0.4000,1,0,1,0
TEL,101379,RUNNING,-10.1007,-10.1210,19.0125,18.6653,-120.00,0,0.0000,11,1,0,18.6653,18.6653,0,38.3203,19.4238,idle,-10.4425,-10.4635,-9.8728,-9.8927,-10.1210,0.4000,1,0,1,0
TEL,101480,RUNNING,-10.1711,-10.1485,18.9000,19.0085,0.00,0,0.0000,30,1,0,19.0085,19.0085,0,38.2324,19.4238,idle,-10.5111,-10.4878,-9.9444,-9.9223,-10.1485,0.4000,1,0,1,0
TEL,101580,RUNNING,-10.1047,-10.1354,18.9000,19.0669,0.00,0,0.0000,73,1,1,19.0669,19.0669,0,38.2324,19.4238,idle,-10.4425,-10.4742,-9.8795,-9.9095,-10.1354,0.4000,0,1,1,0
TEL,101681,RUNNING,-10.1047,-10.1354,18.9000,0.0000,0.00,0,0.0000,175,1,3,0.0000,0.0000,0,38.2324,19.4238,idle,-10.4425,-10.4742,-9.8795,-9.9095,-10.1354,0.4000,0,1,0,1
TEL,101781,RUNNING,-10.1047,-10.1354,18.9000,0.0000,0.00,0,0.0000,275,1,5,0.0000,0.0000,0,38.2324,19.4238,idle,-10.4425,-10.4742,-9.8795,-9.9095,-10.1354,0.4000,0,1,0,1
TEL,101881,RUNNING,-10.1047,-10.1354,18.9000,0.0000,0.00,0,0.0000,375,1,8,0.0000,0.0000,0,38.2324,19.4238,idle,-10.4425,-10.4742,-9.8795,-9.9095,-10.1354,0.4000,0,1,0,1
TEL,101982,RUNNING,-9.6876,-9.9315,17.4375,17.9412,-231.55,0,0.0000,31,1,0,17.9412,17.9412,0,37.2656,19.4238,idle,-9.9623,-10.2131,-9.5045,-9.7438,-9.9315,0.4000,1,0,1,0
TEL,102083,RUNNING,-6.8164,-8.3759,15.1875,15.2136,-111.55,0,0.0000,31,1,0,15.2136,15.2136,0,34.8926,19.4238,idle,-6.9623,-8.5552,-6.7191,-8.2564,-8.3759,0.4000,1,0,1,0
TEL,102184,RUNNING,-5.3687,-7.1679,13.7250,13.1015,-257.88,0,0.0000,31,1,0,13.1015,13.1015,0,33.6621,19.4238,idle,-5.4623,-7.2928,-5.3063,-7.0846,-7.1679,0.4000,1,0,1,0
TEL,102286,RUNNING,-3.9210,-5.5360,10.6875,10.2139,-281.44,0,0.0000,32,1,0,10.2139,10.2139,0,30.6738,19.4238,idle,-3.9623,-5.5942,-3.8935,-5.4972,-5.5360,0.4000,1,0,1,0
TEL,102387,RUNNING,-3.9365,-5.0715,8.4375,9.4196,78.56,0,0.0000,72,1,1,9.4196,9.4196,0,28.0371,19.4238,idle,-3.9623,-5.1046,-3.9194,-5.0494,-5.0715,0.4000,0,1,1,0
TEL,102490,RUNNING,-3.9285,-5.0611,9.6750,0.0000,0.00,0,0.0000,175,1,3,0.0000,0.0000,0,29.1797,19.4238,idle,-3.9623,-5.1046,-3.9059,-5.0320,-5.0611,0.4000,0,1,0,1
TEL,102590,RUNNING,-3.9285,-5.0611,9.6750,0.0000,0.00,0,0.0000,275,1,5,0.0000,0.0000,0,29.1797,19.4238,idle,-3.9623,-5.1046,-3.9059,-5.0320,-5.0611,0.4000,0,1,0,1
TEL,102690,RUNNING,-3.9285,-5.0611,9.6750,0.0000,0.00,0,0.0000,375,1,8,0.0000,0.0000,0,29.1797,19.4238,idle,-3.9623,-5.1046,-3.9059,-5.0320,-5.0611,0.4000,0,1,0,1
TEL,102791,RUNNING,2.0284,-1.4763,7.0875,-15.7704,-600.00,0,0.0000,13,1,0,-15.7704,-15.7704,0,27.0703,19.4238,idle,2.0377,-1.4831,2.0222,-1.4718,-1.4763,0.4000,1,0,1,0
TEL,102892,RUNNING,2.0375,0.3125,-1.1250,0.0236,-700.38,0,0.0000,31,1,0,0.0236,0.0236,0,19.0723,19.4238,idle,2.0377,0.3125,2.0373,0.3125,0.3125,0.4000,1,0,1,0
TEL,102993,RUNNING,2.0298,0.3113,-6.5250,0.0197,-100.38,0,0.0000,132,1,2,0.0197,0.0197,0,13.0078,19.4238,idle,2.0377,0.3125,2.0245,0.3105,0.3113,0.4000,0,1,1,0
TEL,103095,RUNNING,3.5235,1.2749,-6.6375,-0.8647,240.00,0,0.0000,33,1,0,-0.8647,-0.8647,0,12.5684,19.4238,idle,3.5377,1.2801,3.5140,1.2715,1.2749,0.4000,1,0,1,0
TEL,103196,RUNNING,5.0289,3.7423,-4.3875,-11.2368,120.00,0,0.0000,12,1,0,-11.2368,-11.2368,0,14.6777,19.4238,idle,5.0377,3.7489,5.0230,3.7379,3.7423,0.4000,1,0,1,0
TEL,103299,RUNNING,7.2667,5.2235,-5.6250,-5.9277,-240.00,0,0.0000,31,1,0,-5.9277,-5.9277,0,14.2383,19.4238,idle,7.2877,5.2387,7.2526,5.2135,5.2235,0.4000,1,0,1,0
TEL,103400,RUNNING,7.9935,6.6295,-7.7625,-7.5507,-120.00,0,0.0000,32,1,0,-7.5507,-7.5507,0,11.8652,19.4238,idle,8.0377,6.6662,7.9641,6.6051,6.6295,0.4000,1,0,1,0
TEL,103501,RUNNING,8.3566,7.4283,-8.5500,-8.4973,0.00,0,0.0000,32,1,0,-8.4973,-8.4973,0,11.0742,19.4238,idle,8.4127,7.4782,8.3192,7.3951,7.4283,0.4000,1,0,1,0
TEL,103602,RUNNING,9.3136,8.2631,-9.0000,-9.4899,-228.60,0,0.0000,32,1,0,-9.4899,-9.4899,0,10.6348,19.4238,idle,9.3829,8.3246,9.2674,8.2221,8.2631,0.4000,1,0,1,0
TEL,103703,RUNNING,9.2568,8.8987,-12.1500,-11.8907,-108.60,0,0.0000,11,1,0,-11.8907,-11.8907,0,7.4707,19.4238,idle,9.3829,9.0199,9.1727,8.8179,8.8987,0.4000,1,0,1,0
TEL,103804,RUNNING,9.2811,9.0298,-10.9125,-10.4719,246.16,0,0.0000,70,1,1,-10.4719,-10.4719,0,7.9980,19.4238,idle,9.3829,9.1288,9.2133,8.9637,9.0298,0.4000,0,1,1,0
TEL,103905,RUNNING,9.2952,9.0435,-10.1250,0.0000,0.00,0,0.0000,172,1,3,0.0000,0.0000,0,9.1406,19.4238,idle,9.3829,9.1288,9.2368,8.9867,9.0435,0.4000,0,1,0,1
TEL,104006,RUNNING,7.2595,8.3354,-9.9000,-9.4354,222.61,0,0.0000,33,1,0,-9.4354,-9.4354,0,9.1406,19.4238,idle,7.3249,8.4105,7.2158,8.2853,8.3354,0.4000,1,0,1,0
TEL,104108,RUNNING,6.7208,7.3768,-5.8500,-8.4083,300.00,0,0.0000,21,1,0,-8.4083,-8.4083,0,12.9199,19.4238,idle,6.7418,7.3999,6.7067,7.3614,7.3768,0.4000,1,0,1,0
TEL,104209,RUNNING,7.2059,7.2641,-4.9500,-8.3308,-300.00,0,0.0000,32,1,0,-8.3308,-8.3308,0,14.6777,19.4238,idle,7.2220,7.2804,7.1951,7.2532,7.2641,0.4000,1,0,1,0
TEL,104310,RUNNING,7.0035,7.1512,-8.5500,-8.2524,-48.24,0,0.0000,32,1,0,-8.2524,-8.2524,0,11.0742,19.4238,idle,7.0505,7.1992,6.9722,7.1192,7.1512,0.4000,1,0,1,0
TEL,104413,RUNNING,6.7399,6.9748,-7.6500,-8.1015,71.76,0,0.0000,33,1,0,-8.1015,-8.1015,0,11.4258,19.4238,idle,6.7761,7.0122,6.7158,6.9498,6.9748,0.4000,1,0,1,0
TEL,104515,RUNNING,6.7333,6.9679,-8.3250,-8.1409,0.00,0,0.0000,135,1,2,-8.1409,-8.1409,0,11.1621,19.4238,idle,6.7761,7.0122,6.7047,6.9383,6.9679,0.4000,0,1,1,0
TEL,104615,RUNNING,6.7333,6.9679,-8.3250,0.0000,0.00,0,0.0000,235,1,5,0.0000,0.0000,0,11.1621,19.4238,idle,6.7761,7.0122,6.7047,6.9383,6.9679,0.4000,0,1,0,1
TEL,104715,RUNNING,6.7333,6.9679,-8.3250,0.0000,0.00,0,0.0000,335,1,7,0.0000,0.0000,0,11.1621,19.4238,idle,6.7761,7.0122,6.7047,6.9383,6.9679,0.4000,0,1,0,1
TEL,104815,RUNNING,3.7565,5.3627,-7.5375,2.3573,360.00,0,0.0000,11,1,0,2.3573,2.3573,0,11.5137,19.4238,idle,3.7761,5.3906,3.7435,5.3440,5.3627,0.4000,1,0,1,0
TEL,104916,RUNNING,0.8437,3.0827,-3.7125,-3.5181,274.04,0,0.0000,30,1,0,-3.5181,-3.5181,0,15.2051,19.4238,idle,0.8447,3.0866,0.8430,3.0801,3.0827,0.4000,1,0,1,0
TEL,105018,RUNNING,-0.2370,1.6042,-0.9000,-1.1477,221.81,0,0.0000,31,1,0,-1.1477,-1.1477,0,18.1934,19.4238,idle,-0.2370,1.6043,-0.2369,1.6041,1.6042,0.4000,1,0,1,0
TEL,105119,RUNNING,-1.2500,0.7480,0.5625,-0.5755,-138.19,0,0.0000,72,1,1,-0.5755,-0.5755,0,19.9512,19.4238,idle,-1.2501,0.7480,-1.2500,0.7480,0.7480,0.4000,0,1,1,0
TEL,105221,RUNNING,-1.2500,0.7480,-0.9000,0.0000,0.00,0,0.0000,174,1,3,0.0000,0.0000,0,18.6328,19.4238,idle,-1.2501,0.7480,-1.2499,0.7479,0.7480,0.4000,0,1,0,1
TEL,105321,RUNNING,-2.1895,-0.6479,0.5625,-0.0049,240.00,0,0.0000,31,1,0,-0.0049,-0.0049,0,19.6875,19.4238,idle,-2.1896,-0.6479,-2.1895,-0.6479,-0.6479,0.4000,1,0,1,0
TEL,105422,RUNNING,-3.7408,-2.0125,2.8125,1.3638,120.00,0,0.0000,31,1,0,1.3638,1.3638,0,22.0605,19.4238,idle,-3.7435,-2.0139,-3.7390,-2.0115,-2.0125,0.4000,1,0,1,0
TEL,105524,RUNNING,-4.9403,-3.4067,3.6000,6.1592,240.00,0,0.0000,31,1,0,6.1592,6.1592,0,22.8516,19.4238,idle,-4.9461,-3.4107,-4.9364,-3.4040,-3.4067,0.4000,1,0,1,0
TEL,105625,RUNNING,-6.2017,-4.6624,7.8750,8.4532,373.18,0,0.0000,31,1,0,8.4532,8.4532,0,26.8945,19.4238,idle,-6.2370,-4.6889,-6.1782,-4.6447,-4.6624,0.4000,1,0,1,0
TEL,105726,RUNNING,-7.0213,-5.7738,11.7000,10.4970,253.18,0,0.0000,30,1,0,10.4970,10.4970,0,30.6738,19.4238,idle,-7.1100,-5.8467,-6.9622,-5.7252,-5.7738,0.4000,1,0,1,0
TEL,105828,RUNNING,-7.8032,-6.6962,14.0625,12.2085,133.18,0,0.0000,31,1,0,12.2085,12.2085,0,33.2227,19.4238,idle,-7.9461,-6.8188,-7.7080,-6.6144,-6.6962,0.4000,1,0,1,0
TEL,105929,RUNNING,-9.0463,-7.7260,15.0750,14.1213,13.18,0,0.0000,31,1,0,14.1213,14.1213,0,34.1895,19.4238,idle,-9.2370,-7.8889,-8.9191,-7.6174,-7.7260,0.4000,1,0,1,0
TEL,106032,RUNNING,-9.6863,-8.6937,15.1875,15.9307,240.00,0,0.0000,31,1,0,15.9307,15.9307,0,34.3652,19.4238,idle,-9.8937,-8.8798,-9.5481,-8.5697,-8.6937,0.4000,1,0,1,0
TEL,106133,RUNNING,-9.7982,-9.3682,18.4500,19.0335,249.49,0,0.0000,10,1,0,19.0335,19.0335,0,37.5293,19.4238,idle,-10.1100,-9.6663,-9.5903,-9.1695,-9.3682,0.4000,1,0,1,0
TEL,106234,RUNNING,-10.0223,-9.6873,19.3500,17.8708,-110.51,0,0.0000,29,1,0,17.8708,17.8708,0,38.5840,19.4238,idle,-10.3739,-10.0272,-9.7879,-9.4608,-9.6873,0.4000,1,0,1,0
TEL,106336,RUNNING,-10.0730,-9.9220,17.8875,18.3730,73.73,0,0.0000,31,1,0,18.3730,18.3730,0,37.4414,19.4238,idle,-10.3739,-10.2184,-9.8724,-9.7245,-9.9220,0.4000,1,0,1,0
TEL,106438,RUNNING,-10.0462,-9.9408,18.6750,18.4872,0.00,0,0.0000,73,1,1,18.4872,18.4872,0,38.1445,19.4238,idle,-10.3739,-10.2650,-9.8277,-9.7246,-9.9408,0.4000,0,1,1,0
TEL,106539,RUNNING,-10.0462,-9.9408,18.6750,0.0000,0.00,0,0.0000,173,1,3,0.0000,0.0000,0,38.0566,19.4238,idle,-10.3739,-10.2650,-9.8277,-9.7246,-9.9408,0.4000,0,1,0,1
TEL,106639,RUNNING,-10.0462,-9.9408,18.6750,0.0000,0.00,0,0.0000,274,1,6,0.0000,0.0000,0,38.0566,19.4238,idle,-10.3739,-10.2650,-9.8277,-9.7246,-9.9408,0.4000,0,1,0,1
TEL,106739,RUNNING,-10.0462,-9.9724,18.6750,17.9664,-120.00,0,0.0000,11,1,0,17.9664,17.9664,0,38.0566,19.4238,idle,-10.3739,-10.2977,-9.8277,-9.7555,-9.9724,0.4000,1,0,1,0
TEL,106843,RUNNING,-7.1653,-9.1696,17.6625,16.5999,-219.93,0,0.0000,31,1,0,16.5999,16.5999,0,37.2656,19.4238,idle,-7.3739,-9.4365,-7.0263,-8.9917,-9.1696,0.4000,1,0,1,0
TEL,106944,RUNNING,-5.7649,-7.4897,14.2875,4.7078,-393.56,0,0.0000,10,1,0,4.7078,4.7078,0,34.0137,19.4238,idle,-5.8739,-7.6314,-5.6922,-7.3953,-7.4897,0.4000,1,0,1,0
TEL,107045,RUNNING,-4.3312,-5.9118,10.3500,10.8548,-273.56,0,0.0000,30,1,0,10.8548,10.8548,0,30.2344,19.4238,idle,-4.3739,-5.9700,-4.3027,-5.8729,-5.9118,0.4000,1,0,1,0
TEL,107147,RUNNING,-4.3498,-5.1277,7.7625,9.4873,-153.56,0,0.0000,32,1,0,9.4873,9.4873,0,27.5098,19.4238,idle,-4.3739,-5.1560,-4.3338,-5.1088,-5.1277,0.4000,1,0,1,0
TEL,107249,RUNNING,-2.8590,-4.2848,7.5375,8.0082,120.00,0,0.0000,33,1,0,8.0082,8.0082,0,26.9824,19.4238,idle,-2.8739,-4.3071,-2.8490,-4.2699,-4.2848,0.4000,1,0,1,0
TEL,107350,RUNNING,-1.3689,-2.3714,6.3000,-0.7910,-480.00,0,0.0000,12,1,0,-0.7910,-0.7910,0,26.2793,19.4238,idle,-1.3739,-2.3800,-1.3656,-2.3656,-2.3714,0.4000,1,0,1,0
TEL,107451,RUNNING,-1.3736,-2.3795,1.4625,1.9382,-108.65,0,0.0000,114,1,2,1.9382,1.9382,0,21.1816,19.4238,idle,-1.3739,-2.3800,-1.3734,-2.3792,-2.3795,0.4000,0,1,1,0
TEL,107551,RUNNING,-1.3737,-2.3797,1.1250,0.0000,0.00,0,0.0000,215,1,4,0.0000,0.0000,0,20.5664,19.4238,idle,-1.3739,-2.3800,-1.3736,-2.3795,-2.3797,0.4000,0,1,0,1
TEL,107653,RUNNING,-1.3737,-2.3797,1.1250,0.0000,0.00,0,0.0000,316,1,6,0.0000,0.0000,0,20.5664,19.4238,idle,-1.3739,-2.3800,-1.3736,-2.3795,-2.3797,0.4000,0,1,0,1
TEL,107753,RUNNING,1.6260,-1.1781,0.9000,0.8064,0.00,0,0.0000,21,1,0,0.8064,0.8064,0,20.4785,19.4238,idle,1.6261,-1.1781,1.6259,-1.1780,-1.1781,0.4000,1,0,1,0
TEL,107853,RUNNING,4.6259,1.1520,-0.6750,-0.7661,-240.00,0,0.0000,32,1,0,-0.7661,-0.7661,0,19.1602,19.4238,idle,4.6261,1.1520,4.6258,1.1520,1.1520,0.4000,1,0,1,0
TEL,107955,RUNNING,4.6238,2.1931,-2.3625,-1.4821,120.00,0,0.0000,73,1,1,-1.4821,-1.4821,0,17.0508,19.4238,idle,4.6261,2.1943,4.6222,2.1924,2.1931,0.4000,0,1,1,0
TEL,108055,RUNNING,4.6255,2.1940,-1.2375,0.0000,0.00,0,0.0000,173,1,3,0.0000,0.0000,0,18.1934,19.4238,idle,4.6261,2.1943,4.6250,2.1937,2.1940,0.4000,0,1,0,1
TEL,108155,RUNNING,5.2514,3.6206,-2.8125,-4.0869,-368.70,0,0.0000,33,1,0,-4.0869,-4.0869,0,16.9629,19.4238,idle,5.2552,3.6232,5.2489,3.6189,3.6206,0.4000,1,0,1,0
TEL,108257,RUNNING,7.5753,5.7754,-8.5500,-6.5461,-488.70,0,0.0000,22,1,0,-6.5461,-6.5461,0,11.5137,19.4238,idle,7.6261,5.8142,7.5414,5.7496,5.7754,0.4000,1,0,1,0
TEL,108358,RUNNING,8.4253,6.9680,-13.6125,-7.9315,-368.70,0,0.0000,32,1,0,-7.9315,-7.9315,0,6.1523,19.4238,idle,8.5698,7.0874,8.3290,6.8883,6.9680,0.4000,1,0,1,0
TEL,108460,RUNNING,9.1834,8.0313,-15.3000,-9.1791,231.30,0,0.0000,31,1,0,-9.1791,-9.1791,0,3.8672,19.4238,idle,9.3829,8.2058,9.0504,7.9149,8.0313,0.4000,1,0,1,0
TEL,108561,RUNNING,9.0386,8.3958,-10.6875,-9.6453,364.48,0,0.0000,73,1,1,-9.6453,-9.6453,0,8.0859,19.4238,idle,9.1336,8.4841,8.9752,8.3370,8.3958,0.4000,0,1,1,0
TEL,108661,RUNNING,9.0695,8.4245,-8.7750,0.0000,0.00,0,0.0000,174,1,3,0.0000,0.0000,0,10.4590,19.4238,idle,9.1336,8.4841,9.0267,8.3848,8.4245,0.4000,0,1,0,1
TEL,108762,RUNNING,9.0695,8.4245,-8.7750,0.0000,0.00,0,0.0000,274,1,5,0.0000,0.0000,0,10.4590,19.4238,idle,9.1336,8.4841,9.0267,8.3848,8.4245,0.4000,0,1,0,1
TEL,108862,RUNNING,8.9764,8.5901,-8.7750,-9.6755,-120.00,0,0.0000,12,1,0,-9.6755,-9.6755,0,10.4590,19.4238,idle,9.0399,8.6509,8.9341,8.5496,8.5901,0.4000,1,0,1,0
TEL,108962,RUNNING,7.2284,8.0535,-9.6750,-9.1278,240.00,0,0.0000,31,1,0,-9.1278,-9.1278,0,9.4043,19.4238,idle,7.2906,8.1228,7.1869,8.0073,8.0535,0.4000,1,0,1,0
TEL,109064,RUNNING,7.0833,7.5583,-7.4250,-8.6229,120.00,0,0.0000,32,1,0,-8.6229,-8.6229,0,11.6016,19.4238,idle,7.1191,7.5965,7.0594,7.5328,7.5583,0.4000,1,0,1,0
TEL,109166,RUNNING,6.9468,7.2608,-7.4250,-8.3380,-120.00,0,0.0000,33,1,0,-8.3380,-8.3380,0,11.9531,19.4238,idle,6.9819,7.2975,6.9234,7.2363,7.2608,0.4000,1,0,1,0
TEL,109267,RUNNING,6.9354,7.1548,-8.5500,-8.2671,71.20,0,0.0000,94,1,1,-8.2671,-8.2671,0,10.9863,19.4238,idle,6.9819,7.2028,6.9043,7.1228,7.1548,0.4000,0,1,1,0
TEL,109368,RUNNING,6.9366,7.1560,-8.4375,0.0000,0.00,0,0.0000,196,1,4,0.0000,0.0000,0,10.8984,19.4238,idle,6.9819,7.2028,6.9064,7.1249,7.1560,0.4000,0,1,0,1
TEL,109468,RUNNING,6.9366,7.1560,-8.4375,0.0000,0.00,0,0.0000,296,1,6,0.0000,0.0000,0,10.8984,19.4238,idle,6.9819,7.2028,6.9064,7.1249,7.1560,0.4000,0,1,0,1
TEL,109570,RUNNING,6.9366,7.1560,-8.4375,0.0000,0.00,0,0.0000,397,1,8,0.0000,0.0000,0,10.8984,19.4238,idle,6.9819,7.2028,6.9064,7.1249,7.1560,0.4000,0,1,0,1
TEL,109670,RUNNING,6.9366,7.1560,-8.4375,0.0000,0.00,0,0.0000,497,1,11,0.0000,0.0000,0,10.9863,19.4238,idle,6.9819,7.2028,6.9064,7.1249,7.1560,0.4000,0,1,0,1
TEL,109770,RUNNING,6.9366,7.1560,-8.4375,0.0000,0.00,0,0.0000,597,1,13,0.0000,0.0000,0,10.8984,19.4238,idle,6.9819,7.2028,6.9064,7.1249,7.1560,0.4000,0,1,0,1
TEL,109871,RUNNING,6.9366,7.1560,-8.4375,0.0000,0.00,0,0.0000,698,1,16,0.0000,0.0000,0,10.8984,19.4238,idle,6.9819,7.2028,6.9064,7.1249,7.1560,0.4000,0,1,0,1
TEL,109971,RUNNING,6.9366,7.1560,-8.4375,0.0000,0.00,0,0.0000,798,1,18,0.0000,0.0000,0,10.9863,19.4238,idle,6.9819,7.2028,6.9064,7.1249,7.1560,0.4000,0,1,0,1
TEL,110071,RUNNING,6.9366,7.1560,-8.4375,0.0000,0.00,0,0.0000,898,1,21,0.0000,0.0000,0,10.8984,19.4238,idle,6.9819,7.2028,6.9064,7.1249,7.1560,0.4000,0,1,0,1
TEL,110171,RUNNING,6.9366,7.1560,-8.4375,0.0000,0.00,0,0.0000,998,1,23,0.0000,0.0000,0,10.8984,19.4238,idle,6.9819,7.2028,6.9064,7.1249,7.1560,0.4000,0,1,0,1
TEL,110271,RUNNING,6.9366,7.1560,-8.4375,0.0000,0.00,0,0.0000,1098,1,24,0.0000,0.0000,0,10.8984,19.4238,idle,6.9819,7.2028,6.9064,7.1249,7.1560,0.4000,0,1,0,1
TEL,110371,RUNNING,3.9648,5.5363,-6.8625,-6.2600,253.52,0,0.0000,33,1,0,-6.2600,-6.2600,0,12.0410,19.4238,idle,3.9819,5.5602,3.9534,5.5203,5.5363,0.4000,1,0,1,0
TEL,110473,RUNNING,0.9814,3.3064,-2.4750,-3.7787,373.52,0,0.0000,21,1,0,-3.7787,-3.7787,0,16.3477,19.4238,idle,0.9819,3.3083,0.9810,3.3052,3.3064,0.4000,1,0,1,0
TEL,110574,RUNNING,0.9818,2.1215,1.2375,-1.5098,253.52,0,0.0000,31,1,0,-1.5098,-1.5098,0,20.2148,19.4238,idle,0.9819,2.1218,0.9817,2.1213,2.1215,0.4000,1,0,1,0
TEL,110675,RUNNING,0.9817,1.5401,1.5750,-1.1282,-346.48,0,0.0000,30,1,0,-1.1282,-1.1282,0,21.2695,19.4238,idle,0.9819,1.5405,0.9816,1.5399,1.5401,0.4000,1,0,1,0
TEL,110777,RUNNING,-2.0175,0.0406,-1.8000,-0.0895,27.73,0,0.0000,31,1,0,-0.0895,-0.0895,0,17.7539,19.4238,idle,-2.0181,0.0406,-2.0171,0.0406,0.0406,0.4000,1,0,1,0
TEL,110878,RUNNING,-2.0180,-1.0093,0.6750,0.6018,274.24,0,0.0000,31,1,0,0.6018,0.6018,0,19.6875,19.4238,idle,-2.0181,-1.0093,-2.0179,-1.0092,-1.0093,0.4000,1,0,1,0
TEL,110982,RUNNING,-2.0175,-1.5233,1.8000,0.9573,-120.00,0,0.0000,33,1,0,0.9573,0.9573,0,21.1816,19.4238,idle,-2.0181,-1.5238,-2.0171,-1.5230,-1.5233,0.4000,1,0,1,0
TEL,111083,RUNNING,-5.0147,-3.5966,2.7000,6.4311,410.35,0,0.0000,22,1,0,6.4311,6.4311,0,21.8848,19.4238,idle,-5.0181,-3.5990,-5.0125,-3.5950,-3.5966,0.4000,1,0,1,0
TEL,111184,RUNNING,-4.9828,-4.2924,8.7750,7.7162,510.64,0,0.0000,30,1,0,7.7162,7.7162,0,27.5977,19.4238,idle,-5.0181,-4.3227,-4.9593,-4.2722,-4.2924,0.4000,1,0,1,0
TEL,111286,RUNNING,-6.4239,-5.0533,12.6000,9.1236,150.64,0,0.0000,31,1,0,9.1236,9.1236,0,31.6406,19.4238,idle,-6.5181,-5.1274,-6.3611,-5.0039,-5.0533,0.4000,1,0,1,0
TEL,111387,RUNNING,-7.8785,-6.4867,13.8375,11.7521,30.64,0,0.0000,31,1,0,11.7521,11.7521,0,33.1348,19.4238,idle,-8.0181,-6.6016,-7.7854,-6.4100,-6.4867,0.4000,1,0,1,0
TEL,111489,RUNNING,-7.8785,-7.1965,13.8375,13.0859,-89.36,0,0.0000,30,1,0,13.0859,13.0859,0,33.3984,19.4238,idle,-8.0181,-7.3240,-7.7854,-7.1115,-7.1965,0.4000,1,0,1,0
TEL,111590,RUNNING,-9.3629,-7.9955,13.3875,14.5857,270.64,0,0.0000,31,1,0,14.5857,14.5857,0,32.7832,19.4238,idle,-9.5181,-8.1280,-9.2594,-7.9071,-7.9955,0.4000,1,0,1,0
TEL,111691,RUNNING,-10.1129,-8.9558,16.6500,16.3839,233.60,0,0.0000,31,1,0,16.3839,16.3839,0,35.5957,19.4238,idle,-10.3739,-9.1870,-9.9389,-8.8018,-8.9558,0.4000,1,0,1,0
TEL,111794,RUNNING,-10.0017,-9.6092,19.9125,19.1880,113.60,0,0.0000,12,1,0,19.1880,19.1880,0,38.8477,19.4238,idle,-10.3739,-9.9668,-9.7537,-9.3709,-9.6092,0.4000,1,0,1,0
TEL,111895,RUNNING,-10.1630,-9.8772,19.1250,18.1977,-246.40,0,0.0000,30,1,0,18.1977,18.1977,0,38.6719,19.4238,idle,-10.5111,-10.2156,-9.9309,-9.6517,-9.8772,0.4000,1,0,1,0
TEL,111996,RUNNING,-10.4529,-10.1264,18.4500,18.7274,172.01,0,0.0000,30,1,0,18.7274,18.7274,0,37.7051,19.4238,idle,-10.7855,-10.4486,-10.2311,-9.9115,-10.1264,0.4000,1,0,1,0
TEL,112099,RUNNING,-10.4488,-10.1224,18.5625,18.8023,69.80,0,0.0000,133,1,2,18.8023,18.8023,0,37.9687,19.4238,idle,-10.7855,-10.4486,-10.2244,-9.9050,-10.1224,0.4000,0,1,1,0
TEL,112199,RUNNING,-10.4407,-10.1146,18.7875,0.0000,0.00,0,0.0000,234,1,4,0.0000,0.0000,0,38.1445,19.4238,idle,-10.7855,-10.4486,-10.2108,-9.8919,-10.1146,0.4000,0,1,0,1
TEL,112301,RUNNING,-10.4407,-10.1146,18.7875,0.0000,0.00,0,0.0000,335,1,6,0.0000,0.0000,0,38.1445,19.4238,idle,-10.7855,-10.4486,-10.2108,-9.8919,-10.1146,0.4000,0,1,0,1
TEL,112401,RUNNING,-10.4407,-10.1146,18.7875,0.0000,0.00,0,0.0000,435,1,8,0.0000,0.0000,0,38.1445,19.4238,idle,-10.7855,-10.4486,-10.2108,-9.8919,-10.1146,0.4000,0,1,0,1
TEL,112501,RUNNING,-10.4407,-10.1146,18.7875,0.0000,0.00,0,0.0000,535,1,11,0.0000,0.0000,0,38.1445,19.4238,idle,-10.7855,-10.4486,-10.2108,-9.8919,-10.1146,0.4000,0,1,0,1
TEL,112602,RUNNING,-10.4407,-10.1146,18.7875,0.0000,0.00,0,0.0000,636,1,13,0.0000,0.0000,0,38.1445,19.4238,idle,-10.7855,-10.4486,-10.2108,-9.8919,-10.1146,0.4000,0,1,0,1
TEL,112702,RUNNING,-10.4407,-10.1146,18.7875,0.0000,0.00,0,0.0000,736,1,15,0.0000,0.0000,0,38.1445,19.4238,idle,-10.7855,-10.4486,-10.2108,-9.8919,-10.1146,0.4000,0,1,0,1
TEL,112802,RUNNING,-7.5425,-9.3485,18.5625,16.8575,-240.00,0,0.0000,33,1,0,16.8575,16.8575,0,38.0566,19.4238,idle,-7.7855,-9.6497,-7.3805,-9.1477,-9.3485,0.4000,1,0,1,0
TEL,112904,RUNNING,-7.6364,-8.5324,14.5125,15.4586,-242.30,0,0.0000,51,1,0,15.4586,15.4586,0,34.2773,19.4238,idle,-7.7855,-8.6989,-7.5371,-8.4214,-8.5324,0.4000,1,0,1,0
TEL,113005,RUNNING,-7.6410,-8.5375,14.2875,0.0000,117.70,0,0.0000,153,1,3,0.0000,0.0000,0,33.4863,19.4238,idle,-7.7855,-8.6989,-7.5447,-8.4299,-8.5375,0.4000,0,1,0,1
TEL,113105,RUNNING,-7.6364,-8.5324,14.5125,0.0000,0.00,0,0.0000,253,1,5,0.0000,0.0000,0,33.9258,19.4238,idle,-7.7855,-8.6989,-7.5371,-8.4214,-8.5324,0.4000,0,1,0,1
TEL,113205,RUNNING,-7.6364,-8.5324,14.5125,0.0000,0.00,0,0.0000,353,1,7,0.0000,0.0000,0,33.9258,19.4238,idle,-7.7855,-8.6989,-7.5371,-8.4214,-8.5324,0.4000,0,1,0,1
TEL,113307,RUNNING,-4.7126,-6.6010,12.9375,11.9270,-328.30,0,0.0000,34,1,0,11.9270,11.9270,0,32.8711,19.4238,idle,-4.7855,-6.7031,-4.6640,-6.5329,-6.6010,0.4000,1,0,1,0
TEL,113409,RUNNING,-4.7258,-6.6195,11.7000,12.0140,183.02,0,0.0000,135,1,2,12.0140,12.0140,0,31.0254,19.4238,idle,-4.7855,-6.7031,-4.6860,-6.5638,-6.6195,0.4000,0,1,1,0
TEL,113510,RUNNING,-1.7615,-5.1575,12.1500,9.3003,-240.00,0,0.0000,33,1,0,9.3003,9.3003,0,31.7285,19.4238,idle,-1.7855,-5.2278,-1.7455,-5.1107,-5.1575,0.4000,1,0,1,0
TEL,113611,RUNNING,-0.2841,-2.5039,7.3125,-7.3189,-602.97,0,0.0000,12,1,0,-7.3189,-7.3189,0,27.3340,19.4238,idle,-0.2855,-2.5162,-0.2832,-2.4957,-2.5039,0.4000,1,0,1,0
TEL,113714,RUNNING,1.2145,-0.6135,-0.5625,0.0466,-661.95,0,0.0000,32,1,0,0.0466,0.0466,0,19.5996,19.4238,idle,1.2145,-0.6135,1.2145,-0.6135,-0.6135,0.4000,1,0,1,0
TEL,113815,RUNNING,2.7032,1.1900,-6.7500,-9.4875,-540.37,0,0.0000,11,1,0,-9.4875,-9.4875,0,13.0078,19.4238,idle,2.7145,1.1950,2.6957,1.1867,1.1900,0.4000,1,0,1,0
TEL,113916,RUNNING,4.1659,2.5477,-11.2500,-1.7122,-222.96,0,0.0000,31,1,0,-1.7122,-1.7122,0,8.5254,19.4238,idle,4.2145,2.5775,4.1335,2.5279,2.5477,0.4000,1,0,1,0
TEL,114018,RUNNING,4.1669,3.3738,-11.1375,-3.7812,377.04,0,0.0000,32,1,0,-3.7812,-3.7812,0,7.9102,19.4238,idle,4.2145,3.4124,4.1351,3.3481,3.3738,0.4000,1,0,1,0
TEL,114119,RUNNING,5.6931,4.4123,-6.4125,-4.9764,391.39,0,0.0000,32,1,0,-4.9764,-4.9764,0,12.4805,19.4238,idle,5.7145,4.4290,5.6788,4.4013,4.4123,0.4000,1,0,1,0
TEL,114222,RUNNING,5.7040,5.0752,-4.5000,-5.7548,-208.61,0,0.0000,32,1,0,-5.7548,-5.7548,0,15.0293,19.4238,idle,5.7145,5.0846,5.6969,5.0689,5.0752,0.4000,1,0,1,0
TEL,114323,RUNNING,6.4385,5.4765,-6.6375,-6.2432,106.39,0,0.0000,94,1,1,-6.2432,-6.2432,0,12.7441,19.4238,idle,6.4645,5.4986,6.4212,5.4617,5.4765,0.4000,0,1,1,0
TEL,114423,RUNNING,6.4403,5.4779,-6.4125,0.0000,0.00,0,0.0000,195,1,4,0.0000,0.0000,0,12.8320,19.4238,idle,6.4645,5.4986,6.4241,5.4642,5.4779,0.4000,0,1,0,1
TEL,114525,RUNNING,7.1835,6.3463,-6.8625,-7.1729,-181.96,0,0.0000,33,1,0,-7.1729,-7.1729,0,12.6562,19.4238,idle,7.2145,6.3737,7.1628,6.3280,6.3463,0.4000,1,0,1,0
TEL,114627,RUNNING,7.3442,6.7821,-8.5500,-10.6684,-61.96,0,0.0000,11,1,0,-10.6684,-10.6684,0,10.8105,19.4238,idle,7.3935,6.8276,7.3114,6.7518,6.7821,0.4000,1,0,1,0
TEL,114728,RUNNING,6.3243,6.7645,-8.3250,-7.7343,251.01,0,0.0000,30,1,0,-7.7343,-7.7343,0,10.8105,19.4238,idle,6.3645,6.8075,6.2975,6.7358,6.7645,0.4000,1,0,1,0
TEL,114830,RUNNING,6.8731,6.7714,-7.9875,-7.7877,-108.99,0,0.0000,32,1,0,-7.7877,-7.7877,0,11.6895,19.4238,idle,6.9133,6.8111,6.8463,6.7450,6.7714,0.4000,1,0,1,0
TEL,114931,RUNNING,6.5363,6.6894,-7.5375,-7.7409,11.01,0,0.0000,32,1,0,-7.7409,-7.7409,0,11.6016,19.4238,idle,6.5703,6.7243,6.5136,6.6662,6.6894,0.4000,1,0,1,0
TEL,115033,RUNNING,6.3305,6.5810,-7.6500,-7.6635,0.00,0,0.0000,72,1,1,-7.6635,-7.6635,0,11.6895,19.4238,idle,6.3645,6.6164,6.3079,6.5575,6.5810,0.4000,0,1,1,0
TEL,115133,RUNNING,6.3305,6.5810,-7.6500,0.0000,0.00,0,0.0000,172,1,3,0.0000,0.0000,0,11.6895,19.4238,idle,6.3645,6.6164,6.3079,6.5575,6.5810,0.4000,0,1,0,1
TEL,115233,RUNNING,6.0613,6.3180,-7.2000,-7.1421,0.00,0,0.0000,32,1,0,-7.1421,-7.1421,0,11.9531,19.4238,idle,6.0901,6.3480,6.0421,6.2979,6.3180,0.4000,1,0,1,0
TEL,115334,RUNNING,3.0829,4.3256,-5.0625,1.7192,360.00,0,0.0000,11,1,0,1.7192,1.7192,0,13.8867,19.4238,idle,3.0901,4.3358,3.0781,4.3189,4.3256,0.4000,1,0,1,0
TEL,115435,RUNNING,0.5702,2.9439,-1.5750,-2.0871,240.00,0,0.0000,31,1,0,-2.0871,-2.0871,0,17.3145,19.4238,idle,0.5703,2.9446,0.5701,2.9434,2.9439,0.4000,1,0,1,0
TEL,115536,RUNNING,0.3645,1.6503,0.6750,-1.2271,120.00,0,0.0000,30,1,0,-1.2271,-1.2271,0,19.6875,19.4238,idle,0.3645,1.6503,0.3645,1.6502,1.6503,0.4000,1,0,1,0
TEL,115638,RUNNING,0.0901,0.8833,1.4625,-0.7170,0.00,0,0.0000,31,1,0,-0.7170,-0.7170,0,20.5664,19.4238,idle,0.0901,0.8834,0.0901,0.8832,0.8833,0.4000,1,0,1,0
TEL,115739,RUNNING,0.0901,0.8834,-0.6750,-0.7224,-134.84,0,0.0000,132,1,2,-0.7224,-0.7224,0,19.0723,19.4238,idle,0.0901,0.8834,0.0901,0.8834,0.8834,0.4000,0,1,1,0
TEL,115840,RUNNING,0.0901,0.8833,-1.1250,0.0000,0.00,0,0.0000,233,1,4,0.0000,0.0000,0,18.4570,19.4238,idle,0.0901,0.8834,0.0901,0.8833,0.8833,0.4000,0,1,0,1
TEL,115940,RUNNING,0.0901,0.8833,-1.1250,0.0000,0.00,0,0.0000,333,1,7,0.0000,0.0000,0,18.3691,19.4238,idle,0.0901,0.8834,0.0901,0.8833,0.8833,0.4000,0,1,0,1
TEL,116040,RUNNING,-2.7725,-0.2134,-0.9000,-0.0173,240.00,0,0.0000,34,1,0,-0.0173,-0.0173,0,18.4570,19.4238,idle,-2.7727,-0.2134,-2.7723,-0.2134,-0.2134,0.4000,1,0,1,0
TEL,116144,RUNNING,-5.8348,-3.4617,3.4875,6.2457,542.41,0,0.0000,22,1,0,6.2457,6.2457,0,22.5000,19.4238,idle,-5.8413,-3.4656,-5.8305,-3.4592,-3.4617,0.4000,1,0,1,0
TEL,116245,RUNNING,-7.2857,-5.1027,9.1125,9.2350,422.41,0,0.0000,31,1,0,9.2350,9.2350,0,27.9492,19.4238,idle,-7.3413,-5.1416,-7.2486,-5.0767,-5.1027,0.4000,1,0,1,0
TEL,116346,RUNNING,-8.6634,-6.8895,13.3875,12.5020,302.41,0,0.0000,31,1,0,12.5020,12.5020,0,32.4316,19.4238,idle,-8.8070,-7.0037,-8.5677,-6.8134,-6.8895,0.4000,1,0,1,0
TEL,116448,RUNNING,-8.6612,-7.7591,16.3125,14.1275,182.41,0,0.0000,31,1,0,14.1275,14.1275,0,35.3320,19.4238,idle,-8.8756,-7.9512,-8.5183,-7.6311,-7.7591,0.4000,1,0,1,0
TEL,116550,RUNNING,-10.0915,-8.6553,16.3125,15.8072,-177.59,0,0.0000,32,1,0,15.8072,15.8072,0,35.9473,19.4238,idle,-10.3413,-8.8695,-9.9250,-8.5125,-8.6553,0.4000,1,0,1,0
TEL,116652,RUNNING,-10.1691,-9.6339,16.9875,20.1797,422.41,0,0.0000,11,1,0,20.1797,20.1797,0,36.0352,19.4238,idle,-10.4425,-9.8929,-9.9869,-9.4612,-9.6339,0.4000,1,0,1,0
TEL,116753,RUNNING,-10.0886,-9.8284,19.3500,18.0733,-143.03,0,0.0000,30,1,0,18.0733,18.0733,0,38.6719,19.4238,idle,-10.4425,-10.1732,-9.8526,-9.5985,-9.8284,0.4000,1,0,1,0
TEL,116854,RUNNING,-10.1243,-9.9964,18.3375,18.4562,0.00,0,0.0000,31,1,0,18.4562,18.4562,0,37.6172,19.4238,idle,-10.4425,-10.3105,-9.9122,-9.7869,-9.9964,0.4000,1,0,1,0
TEL,116956,RUNNING,-10.1243,-9.9964,18.3375,18.5372,0.00,0,0.0000,132,1,2,18.5372,18.5372,0,37.7051,19.4238,idle,-10.4425,-10.3105,-9.9122,-9.7869,-9.9964,0.4000,0,1,1,0
TEL,117056,RUNNING,-10.1243,-10.0348,18.3375,18.0788,-120.00,0,0.0000,11,1,0,18.0788,18.0788,0,37.7051,19.4238,idle,-10.4425,-10.3501,-9.9122,-9.8245,-10.0348,0.4000,1,0,1,0
TEL,117157,RUNNING,-10.1282,-10.0655,18.2250,18.2156,0.00,0,0.0000,69,1,1,18.2156,18.2156,0,37.6172,19.4238,idle,-10.4425,-10.3778,-9.9186,-9.8572,-10.0655,0.4000,0,1,1,0
TEL,117257,RUNNING,-10.1282,-10.0655,18.2250,0.0000,0.00,0,0.0000,170,1,3,0.0000,0.0000,0,37.6172,19.4238,idle,-10.4425,-10.3778,-9.9186,-9.8572,-10.0655,0.4000,0,1,0,1
TEL,117358,RUNNING,-9.4700,-9.9473,18.0000,17.9702,0.00,0,0.0000,33,1,0,17.9702,17.9702,0,37.6172,19.4238,idle,-9.7565,-10.2482,-9.2790,-9.7466,-9.9473,0.4000,1,0,1,0
TEL,117458,RUNNING,-7.4661,-8.6865,16.2000,9.5618,-320.83,0,0.0000,13,1,0,9.5618,9.5618,0,35.9473,19.4238,idle,-7.6483,-8.8984,-7.3446,-8.5451,-8.6865,0.4000,1,0,1,0
TEL,117560,RUNNING,-6.3141,-7.6760,13.0500,14.0224,-200.83,0,0.0000,31,1,0,14.0224,14.0224,0,33.0469,19.4238,idle,-6.4135,-7.7968,-6.2478,-7.5954,-7.6760,0.4000,1,0,1,0
TEL,117661,RUNNING,-5.2976,-6.5520,11.2500,12.0558,-80.83,0,0.0000,32,1,0,12.0558,12.0558,0,31.0254,19.4238,idle,-5.3594,-6.6284,-5.2564,-6.5010,-6.5520,0.4000,1,0,1,0
TEL,117764,RUNNING,-4.5978,-5.6314,10.9125,10.4473,-200.83,0,0.0000,32,1,0,10.4473,10.4473,0,30.4980,19.4238,idle,-4.6483,-5.6932,-4.5642,-5.5902,-5.6314,0.4000,1,0,1,0
TEL,117865,RUNNING,-4.6029,-5.6376,10.3500,10.5041,0.00,0,0.0000,134,1,2,10.5041,10.5041,0,29.8828,19.4238,idle,-4.6483,-5.6932,-4.5726,-5.6006,-5.6376,0.4000,0,1,1,0
TEL,117965,RUNNING,-2.6896,-4.7549,10.1250,8.5742,-240.00,0,0.0000,33,1,0,8.5742,8.5742,0,29.8828,19.4238,idle,-2.7149,-4.7997,-2.6726,-4.7250,-4.7549,0.4000,1,0,1,0
TEL,118067,RUNNING,-1.6431,-2.8993,5.8500,-1.4401,-516.82,0,0.0000,12,1,0,-1.4401,-1.4401,0,25.8398,19.4238,idle,-1.6483,-2.9084,-1.6397,-2.8933,-2.8993,0.4000,1,0,1,0
TEL,118169,RUNNING,0.6406,-1.1730,-0.6750,0.8327,-528.38,0,0.0000,32,1,0,0.8327,0.8327,0,19.4238,19.4238,idle,0.6406,-1.1731,0.6406,-1.1730,-1.1730,0.4000,1,0,1,0
TEL,118270,RUNNING,1.1710,-0.0134,-5.2875,0.0389,-266.06,0,0.0000,31,1,0,0.0389,0.0389,0,14.5898,19.4238,idle,1.1739,-0.0134,1.1690,-0.0134,-0.0134,0.4000,1,0,1,0
TEL,118372,RUNNING,1.1703,-0.0134,-5.8500,0.0295,333.94,0,0.0000,133,1,2,0.0295,0.0295,0,13.1836,19.4238,idle,1.1739,-0.0134,1.1678,-0.0134,-0.0134,0.4000,0,1,1,0
TEL,118473,RUNNING,2.3149,0.6851,-4.0500,-0.0119,240.00,0,0.0000,33,1,0,-0.0119,-0.0119,0,15.2051,19.4238,idle,2.3184,0.6861,2.3126,0.6844,0.6851,0.4000,1,0,1,0
TEL,118576,RUNNING,4.0839,2.7709,-1.8000,-10.2603,120.00,0,0.0000,12,1,0,-10.2603,-10.2603,0,17.1387,19.4238,idle,4.0851,2.7718,4.0830,2.7704,2.7709,0.4000,1,0,1,0
TEL,118677,RUNNING,5.8860,4.1188,-2.9250,-4.6670,-431.07,0,0.0000,32,1,0,-4.6670,-4.6670,0,16.6992,19.4238,idle,5.8906,4.1220,5.8829,4.1167,4.1188,0.4000,1,0,1,0
TEL,118778,RUNNING,6.9168,5.4722,-7.4250,-6.2230,-311.07,0,0.0000,32,1,0,-6.2230,-6.2230,0,12.3926,19.4238,idle,6.9517,5.4999,6.8934,5.4537,5.4722,0.4000,1,0,1,0
TEL,118880,RUNNING,7.6514,6.7258,-11.5875,-12.4292,-299.63,0,0.0000,12,1,0,-12.4292,-12.4292,0,8.1738,19.4238,idle,7.7462,6.8091,7.5883,6.6703,6.7258,0.4000,1,0,1,0
TEL,118982,RUNNING,8.5430,7.6344,-13.9500,-8.7470,60.37,0,0.0000,32,1,0,-8.7470,-8.7470,0,5.4492,19.4238,idle,8.6969,7.7719,8.4404,7.5427,7.6344,0.4000,1,0,1,0
TEL,119084,RUNNING,8.5885,8.1409,-11.7000,-9.3711,420.37,0,0.0000,52,1,0,-9.3711,-9.3711,0,7.2949,19.4238,idle,8.6969,8.2437,8.5162,8.0724,8.1409,0.4000,1,0,1,0
TEL,119184,RUNNING,8.6343,8.1843,-8.8875,0.0000,0.00,0,0.0000,154,1,3,0.0000,0.0000,0,10.3711,19.4238,idle,8.6969,8.2437,8.5925,8.1447,8.1843,0.4000,0,1,0,1
TEL,119285,RUNNING,7.4084,7.9515,-8.8875,-8.9669,0.00,0,0.0000,34,1,0,-8.9669,-8.9669,0,10.3711,19.4238,idle,7.4621,8.0092,7.3725,7.9130,7.9515,0.4000,1,0,1,0
TEL,119387,RUNNING,7.4211,7.6077,-7.7625,-8.6319,-120.00,0,0.0000,21,1,0,-8.6319,-8.6319,0,11.5137,19.4238,idle,7.4621,7.6498,7.3937,7.5797,7.6077,0.4000,1,0,1,0
TEL,119487,RUNNING,7.4110,7.5024,-8.6625,-8.5643,0.00,0,0.0000,32,1,0,-8.5643,-8.5643,0,10.5469,19.4238,idle,7.4621,7.5541,7.3770,7.4679,7.5024,0.4000,1,0,1,0
TEL,119587,RUNNING,6.4958,7.1705,-8.2125,-8.2406,0.00,0,0.0000,32,1,0,-8.2406,-8.2406,0,10.9863,19.4238,idle,6.5360,7.2149,6.4690,7.1410,7.1705,0.4000,1,0,1,0
TEL,119688,RUNNING,5.4476,6.3404,-7.0875,-7.3517,157.28,0,0.0000,32,1,0,-7.3517,-7.3517,0,11.9531,19.4238,idle,5.4727,6.3696,5.4309,6.3210,6.3404,0.4000,1,0,1,0
TEL,119790,RUNNING,5.4444,6.3366,-7.5375,-7.3902,-58.41,0,0.0000,134,1,2,-7.3902,-7.3902,0,12.0410,19.4238,idle,5.4727,6.3696,5.4254,6.3146,6.3366,0.4000,0,1,1,0
TEL,119890,RUNNING,5.4426,6.3346,-7.7625,0.0000,0.00,0,0.0000,235,1,4,0.0000,0.0000,0,11.6895,19.4238,idle,5.4727,6.3696,5.4226,6.3113,6.3346,0.4000,0,1,0,1
TEL,119990,RUNNING,5.4426,6.3346,-7.7625,0.0000,0.00,0,0.0000,335,1,7,0.0000,0.0000,0,11.6895,19.4238,idle,5.4727,6.3696,5.4226,6.3113,6.3346,0.4000,0,1,0,1
TEL,120090,RUNNING,5.4426,6.3346,-7.7625,0.0000,0.00,0,0.0000,435,1,9,0.0000,0.0000,0,11.6895,19.4238,idle,5.4727,6.3696,5.4226,6.3113,6.3346,0.4000,0,1,0,1
TEL,120190,RUNNING,5.4426,6.3346,-7.7625,0.0000,0.00,0,0.0000,535,1,11,0.0000,0.0000,0,11.6895,19.4238,idle,5.4727,6.3696,5.4226,6.3113,6.3346,0.4000,0,1,0,1
TEL,120290,RUNNING,5.4426,6.3346,-7.7625,0.0000,0.00,0,0.0000,635,1,14,0.0000,0.0000,0,11.6895,19.4238,idle,5.4727,6.3696,5.4226,6.3113,6.3346,0.4000,0,1,0,1
TEL,120390,RUNNING,5.4426,6.3346,-7.7625,0.0000,0.00,0,0.0000,735,1,16,0.0000,0.0000,0,11.6895,19.4238,idle,5.4727,6.3696,5.4226,6.3113,6.3346,0.4000,0,1,0,1
TEL,120491,RUNNING,5.4426,6.3346,-7.7625,0.0000,0.00,0,0.0000,835,1,18,0.0000,0.0000,0,11.6895,19.4238,idle,5.4727,6.3696,5.4226,6.3113,6.3346,0.4000,0,1,0,1
TEL,120591,RUNNING,5.4426,6.3346,-7.7625,0.0000,0.00,0,0.0000,935,1,21,0.0000,0.0000,0,11.6895,19.4238,idle,5.4727,6.3696,5.4226,6.3113,6.3346,0.4000,0,1,0,1
TEL,120691,RUNNING,5.4426,6.3346,-7.7625,0.0000,0.00,0,0.0000,1035,1,23,0.0000,0.0000,0,11.6895,19.4238,idle,5.4727,6.3696,5.4226,6.3113,6.3346,0.4000,0,1,0,1
TEL,120791,RUNNING,5.4426,6.3346,-7.7625,0.0000,0.00,0,0.0000,1135,1,24,0.0000,0.0000,0,11.6895,19.4238,idle,5.4727,6.3696,5.4226,6.3113,6.3346,0.4000,0,1,0,1
TEL,120891,RUNNING,2.4638,4.3663,-6.3000,-4.9379,381.17,0,0.0000,31,1,0,-4.9379,-4.9379,0,12.6562,19.4238,idle,2.4727,4.3822,2.4578,4.3557,4.3663,0.4000,1,0,1,0
TEL,120992,RUNNING,0.9722,2.9569,-2.3625,-2.0620,261.17,0,0.0000,31,1,0,-2.0620,-2.0620,0,16.5234,19.4238,idle,0.9727,2.9584,0.9719,2.9559,2.9569,0.4000,1,0,1,0
TEL,121095,RUNNING,-0.5273,1.1807,0.0000,-0.8737,141.17,0,0.0000,32,1,0,-0.8737,-0.8737,0,19.1602,19.4238,idle,-0.5273,1.1807,-0.5273,1.1807,1.1807,0.4000,1,0,1,0
TEL,121196,RUNNING,-0.5270,0.0585,2.2500,3.0584,261.17,0,0.0000,10,1,0,3.0584,3.0584,0,21.4453,19.4238,idle,-0.5273,0.0586,-0.5269,0.0585,0.0585,0.4000,1,0,1,0
TEL,121297,RUNNING,-3.5204,-1.4524,4.6125,0.9178,141.17,0,0.0000,30,1,0,0.9178,0.9178,0,23.7305,19.4238,idle,-3.5273,-1.4552,-3.5159,-1.4505,-1.4524,0.4000,1,0,1,0
TEL,121399,RUNNING,-3.5167,-2.5044,5.7375,1.6460,21.17,0,0.0000,31,1,0,1.6460,1.6460,0,24.8730,19.4238,idle,-3.5273,-2.5120,-3.5096,-2.4994,-2.5044,0.4000,1,0,1,0
TEL,121500,RUNNING,-3.5226,-3.0257,3.8250,5.4284,-98.83,0,0.0000,31,1,0,5.4284,5.4284,0,23.5547,19.4238,idle,-3.5273,-3.0298,-3.5194,-3.0230,-3.0257,0.4000,1,0,1,0
TEL,121603,RUNNING,-6.5106,-4.4870,5.2875,8.0899,501.17,0,0.0000,32,1,0,8.0899,8.0899,0,24.2578,19.4238,idle,-6.5273,-4.4985,-6.4995,-4.4794,-4.4870,0.4000,1,0,1,0
TEL,121705,RUNNING,-6.4396,-5.7530,12.1500,10.4135,435.10,0,0.0000,22,1,0,10.4135,10.4135,0,31.0254,19.4238,idle,-6.5273,-5.8314,-6.3811,-5.7008,-5.7530,0.4000,1,0,1,0
TEL,121806,RUNNING,-7.8615,-6.4993,15.0750,11.8063,75.10,0,0.0000,31,1,0,11.8063,11.8063,0,34.1895,19.4238,idle,-8.0273,-6.6363,-7.7510,-6.4079,-6.4993,0.4000,1,0,1,0
TEL,121908,RUNNING,-9.3217,-7.9357,15.4125,14.4519,-44.90,0,0.0000,31,1,0,14.4519,14.4519,0,34.6289,19.4238,idle,-9.5273,-8.1107,-9.1847,-7.8190,-7.9357,0.4000,1,0,1,0
TEL,122009,RUNNING,-9.3247,-8.6453,15.3000,15.7971,230.28,0,0.0000,31,1,0,15.7971,15.7971,0,34.4531,19.4238,idle,-9.5273,-8.8332,-9.1896,-8.5201,-8.6453,0.4000,1,0,1,0
TEL,122110,RUNNING,-9.2873,-8.9407,17.4375,16.4003,110.28,0,0.0000,30,1,0,16.4003,16.4003,0,36.6504,19.4238,idle,-9.5507,-9.1942,-9.1118,-8.7717,-8.9407,0.4000,1,0,1,0
TEL,122212,RUNNING,-10.0654,-9.5046,18.1125,17.4907,-9.72,0,0.0000,31,1,0,17.4907,17.4907,0,37.2656,19.4238,idle,-10.3739,-9.7958,-9.8598,-9.3104,-9.5046,0.4000,1,0,1,0
TEL,122313,RUNNING,-10.4529,-9.9829,18.4500,18.4312,110.28,0,0.0000,31,1,0,18.4312,18.4312,0,37.5293,19.4238,idle,-10.7855,-10.3005,-10.2311,-9.7711,-9.9829,0.4000,1,0,1,0
TEL,122416,RUNNING,-10.4283,-10.1986,19.1250,18.9014,0.00,0,0.0000,31,1,0,18.9014,18.9014,0,38.2324,19.4238,idle,-10.7855,-10.5479,-10.1902,-9.9657,-10.1986,0.4000,1,0,1,0
TEL,122517,RUNNING,-10.0303,-10.1963,19.1250,18.9802,0.00,0,0.0000,50,1,0,18.9802,18.9802,0,38.4082,19.4238,idle,-10.3739,-10.5456,-9.8013,-9.9635,-10.1963,0.4000,1,0,1,0
TEL,122617,RUNNING,-10.0303,-10.1963,19.1250,19.0628,0.00,0,0.0000,150,1,3,19.0628,19.0628,0,38.4082,19.4238,idle,-10.3739,-10.5456,-9.8013,-9.9635,-10.1963,0.4000,0,1,1,0
TEL,122717,RUNNING,-10.0303,-10.1963,19.1250,0.0000,0.00,0,0.0000,251,1,5,0.0000,0.0000,0,38.4082,19.4238,idle,-10.3739,-10.5456,-9.8013,-9.9635,-10.1963,0.4000,0,1,0,1
TEL,122818,RUNNING,-10.0303,-10.1963,19.1250,0.0000,0.00,0,0.0000,352,1,7,0.0000,0.0000,0,38.4082,19.4238,idle,-10.3739,-10.5456,-9.8013,-9.9635,-10.1963,0.4000,0,1,0,1
TEL,122919,RUNNING,-7.1492,-9.0154,18.3375,6.7296,-360.00,0,0.0000,13,1,0,6.7296,6.7296,0,37.9687,19.4238,idle,-7.3739,-9.2987,-6.9994,-8.8265,-9.0154,0.4000,1,0,1,0
TEL,123021,RUNNING,-5.1649,-7.2933,13.8375,13.2389,-360.56,0,0.0000,31,1,0,13.2389,13.2389,0,33.8379,19.4238,idle,-5.2565,-7.4225,-5.1039,-7.2071,-7.2933,0.4000,1,0,1,0
TEL,123122,RUNNING,-3.7214,-5.6294,10.1250,10.2948,-240.56,0,0.0000,32,1,0,10.2948,10.2948,0,30.0586,19.4238,idle,-3.7565,-5.6825,-3.6980,-5.5940,-5.6294,0.4000,1,0,1,0
TEL,123225,RUNNING,-2.6825,-4.2289,7.8750,7.8125,-120.56,0,0.0000,32,1,0,7.8125,7.8125,0,27.6855,19.4238,idle,-2.6978,-4.2530,-2.6723,-4.2128,-4.2289,0.4000,1,0,1,0
TEL,123326,RUNNING,-1.8103,-3.0941,5.4000,5.7958,-0.56,0,0.0000,62,1,0,5.7958,5.7958,0,25.1367,19.4238,idle,-1.8152,-3.1024,-1.8071,-3.0886,-3.0941,0.4000,1,0,1,0
TEL,123426,RUNNING,-1.8099,-3.0934,5.6250,0.0000,0.00,0,0.0000,162,1,3,0.0000,0.0000,0,25.1367,19.4238,idle,-1.8152,-3.1024,-1.8064,-3.0874,-3.0934,0.4000,0,1,0,1
TEL,123527,RUNNING,-0.1387,-2.2075,5.4000,1.4877,-240.00,0,0.0000,34,1,0,1.4877,1.4877,0,25.0488,19.4238,idle,-0.1391,-2.2134,-0.1385,-2.2036,-2.2075,0.4000,1,0,1,0
TEL,123628,RUNNING,1.1848,-0.2032,0.5625,-7.1460,-600.00,0,0.0000,11,1,0,-7.1460,-7.1460,0,20.3906,19.4238,idle,1.1848,-0.2032,1.1848,-0.2032,-0.2032,0.4000,1,0,1,0
TEL,123729,RUNNING,3.2923,1.4874,-5.7375,-1.0126,-480.00,0,0.0000,30,1,0,-1.0126,-1.0126,0,14.2383,19.4238,idle,3.3022,1.4919,3.2857,1.4844,1.4874,0.4000,1,0,1,0
TEL,123831,RUNNING,3.9342,2.6859,-9.1125,-1.8468,-120.00,0,0.0000,32,1,0,-1.8468,-1.8468,0,10.5469,19.4238,idle,3.9642,2.7064,3.9141,2.6723,2.6859,0.4000,1,0,1,0
TEL,123932,RUNNING,4.9911,3.6884,-8.3250,-4.1768,240.00,0,0.0000,32,1,0,-4.1768,-4.1768,0,10.8105,19.4238,idle,5.0229,3.7118,4.9699,3.6727,3.6884,0.4000,1,0,1,0
TEL,124035,RUNNING,6.2840,4.9260,-5.6250,-5.5999,120.00,0,0.0000,41,1,0,-5.5999,-5.5999,0,13.3594,19.4238,idle,6.3022,4.9403,6.2719,4.9165,4.9260,0.4000,1,0,1,0
TEL,124136,RUNNING,7.1549,6.2775,-6.7500,-7.1606,-240.00,0,0.0000,22,1,0,-7.1606,-7.1606,0,12.9199,19.4238,idle,7.1848,6.3037,7.1350,6.2600,6.2775,0.4000,1,0,1,0
TEL,124237,RUNNING,8.7955,7.3770,-9.0000,-8.4443,-120.00,0,0.0000,32,1,0,-8.4443,-8.4443,0,10.7227,19.4238,idle,8.8609,7.4319,8.7518,7.3404,7.3770,0.4000,1,0,1,0
TEL,124339,RUNNING,9.1650,8.2840,-9.7875,-9.5183,0.00,0,0.0000,32,1,0,-9.5183,-9.5183,0,9.6680,19.4238,idle,9.2457,8.3570,9.1112,8.2353,8.2840,0.4000,1,0,1,0
TEL,124439,RUNNING,9.1555,8.7242,-10.3500,-10.0714,-120.00,0,0.0000,32,1,0,-10.0714,-10.0714,0,9.2285,19.4238,idle,9.2457,8.8102,9.0953,8.6669,8.7242,0.4000,1,0,1,0
TEL,124540,RUNNING,9.1391,8.8378,-11.2500,-10.2588,240.00,0,0.0000,80,1,1,-10.2588,-10.2588,0,7.9980,19.4238,idle,9.2457,8.9409,9.0681,8.7691,8.8378,0.4000,0,1,1,0
TEL,124641,RUNNING,9.1612,8.8592,-10.0125,0.0000,0.00,0,0.0000,182,1,4,0.0000,0.0000,0,9.2285,19.4238,idle,9.2457,8.9409,9.1049,8.8047,8.8592,0.4000,0,1,0,1
TEL,124742,RUNNING,6.9401,7.8943,-8.1000,-8.9353,99.06,0,0.0000,40,1,0,-8.9353,-8.9353,0,11.0742,19.4238,idle,6.9819,7.9418,6.9123,7.8626,7.8943,0.4000,1,0,1,0
TEL,124844,RUNNING,6.8917,7.2434,-5.8500,-8.2528,-20.94,0,0.0000,21,1,0,-8.2528,-8.2528,0,13.2715,19.4238,idle,6.9133,7.2661,6.8773,7.2283,7.2434,0.4000,1,0,1,0
TEL,124945,RUNNING,6.4617,6.9199,-8.2125,-7.9366,-140.94,0,0.0000,32,1,0,-7.9366,-7.9366,0,11.5137,19.4238,idle,6.5017,6.9627,6.4350,6.8913,6.9199,0.4000,1,0,1,0
TEL,125046,RUNNING,6.1969,6.5842,-7.3125,-7.6043,219.06,0,0.0000,32,1,0,-7.6043,-7.6043,0,11.6895,19.4238,idle,6.2273,6.6165,6.1767,6.5627,6.5842,0.4000,1,0,1,0
TEL,125149,RUNNING,6.1969,6.5842,-7.3125,-7.6487,-189.38,0,0.0000,135,1,2,-7.6487,-7.6487,0,12.3047,19.4238,idle,6.2273,6.6165,6.1767,6.5627,6.5842,0.4000,0,1,1,0
TEL,125250,RUNNING,6.1911,6.5780,-7.9875,0.0000,0.00,0,0.0000,237,1,4,0.0000,0.0000,0,11.4258,19.4238,idle,6.2273,6.6165,6.1669,6.5523,6.5780,0.4000,0,1,0,1
TEL,125350,RUNNING,6.1911,6.5780,-7.9875,0.0000,0.00,0,0.0000,337,1,7,0.0000,0.0000,0,11.4258,19.4238,idle,6.2273,6.6165,6.1669,6.5523,6.5780,0.4000,0,1,0,1
TEL,125451,RUNNING,3.3460,5.6099,-7.7625,-6.3263,240.00,0,0.0000,33,1,0,-6.3263,-6.3263,0,11.5137,19.4238,idle,3.3645,5.6409,3.3337,5.5892,5.6099,0.4000,1,0,1,0
TEL,125553,RUNNING,0.2955,2.5707,-4.0500,9.0405,425.24,0,0.0000,11,1,0,9.0405,9.0405,0,15.0293,19.4238,idle,0.2959,2.5746,0.2952,2.5681,2.5707,0.4000,1,0,1,0
TEL,125656,RUNNING,-0.7857,1.0735,0.7875,-0.7912,363.79,0,0.0000,30,1,0,-0.7912,-0.7912,0,19.6875,19.4238,idle,-0.7858,1.0735,-0.7857,1.0734,1.0735,0.4000,1,0,1,0
TEL,125757,RUNNING,-2.6966,-1.1770,5.5125,10.3076,483.79,0,0.0000,10,1,0,10.3076,10.3076,0,24.5215,19.4238,idle,-2.7041,-1.1802,-2.6916,-1.1748,-1.1770,0.4000,1,0,1,0
TEL,125858,RUNNING,-2.7522,-1.9705,9.0000,1.2915,-42.60,0,0.0000,30,1,0,1.2915,1.2915,0,28.3008,19.4238,idle,-2.7727,-1.9852,-2.7385,-1.9607,-1.9705,0.4000,1,0,1,0
TEL,125960,RUNNING,-2.7637,-1.9787,5.9625,1.3038,-642.60,0,0.0000,132,1,2,1.3038,1.3038,0,26.1035,19.4238,idle,-2.7727,-1.9852,-2.7577,-1.9744,-1.9787,0.4000,0,1,1,0
TEL,126061,RUNNING,-2.7723,-1.9849,1.2375,0.0000,-42.60,0,0.0000,234,1,4,0.0000,0.0000,0,20.9180,19.4238,idle,-2.7727,-1.9852,-2.7720,-1.9847,-1.9849,0.4000,0,1,0,1
TEL,126162,RUNNING,-5.7312,-4.3667,3.7125,15.2398,600.00,0,0.0000,13,1,0,15.2398,15.2398,0,22.6758,19.4238,idle,-5.7384,-4.3723,-5.7263,-4.3631,-4.3667,0.4000,1,0,1,0
TEL,126264,RUNNING,-8.1692,-5.7720,10.4625,10.4541,537.27,0,0.0000,31,1,0,10.4541,10.4541,0,29.4434,19.4238,idle,-8.2515,-5.8301,-8.1143,-5.7332,-5.7720,0.4000,1,0,1,0
TEL,126365,RUNNING,-8.5302,-7.1321,16.2000,12.9561,417.27,0,0.0000,31,1,0,12.9561,12.9561,0,34.9805,19.4238,idle,-8.7384,-7.3061,-8.3914,-7.0160,-7.1321,0.4000,1,0,1,0
TEL,126468,RUNNING,-8.5021,-7.8022,18.4500,14.2235,-182.73,0,0.0000,32,1,0,14.2235,14.2235,0,37.7930,19.4238,idle,-8.7727,-8.0505,-8.3218,-7.6367,-7.8022,0.4000,1,0,1,0
TEL,126570,RUNNING,-10.0730,-9.0716,17.8875,16.5791,-62.73,0,0.0000,22,1,0,16.5791,16.5791,0,37.2656,19.4238,idle,-10.3739,-9.3426,-9.8724,-8.8910,-9.0716,0.4000,1,0,1,0
TEL,126671,RUNNING,-10.1545,-9.6164,17.4375,17.6361,0.00,0,0.0000,31,1,0,17.6361,17.6361,0,36.7383,19.4238,idle,-10.4425,-9.8891,-9.9626,-9.4347,-9.6164,0.4000,1,0,1,0
TEL,126772,RUNNING,-10.5112,-9.9696,18.6750,18.3513,178.44,0,0.0000,31,1,0,18.3513,18.3513,0,37.7051,19.4238,idle,-10.8541,-10.2948,-10.2826,-9.7528,-9.9696,0.4000,1,0,1,0
TEL,126873,RUNNING,-10.4647,-10.2005,19.9125,18.8489,-120.00,0,0.0000,31,1,0,18.8489,18.8489,0,39.1992,19.4238,idle,-10.8541,-10.5800,-10.2052,-9.9475,-10.2005,0.4000,1,0,1,0
TEL,126974,RUNNING,-10.5071,-10.2418,18.7875,19.0061,0.00,0,0.0000,132,1,2,19.0061,19.0061,0,38.1445,19.4238,idle,-10.8541,-10.5800,-10.2758,-10.0163,-10.2418,0.4000,0,1,1,0
TEL,127075,RUNNING,-10.3159,-10.2696,18.5625,18.5186,0.00,0,0.0000,32,1,0,18.5186,18.5186,0,38.1445,19.4238,idle,-10.6483,-10.6005,-10.0943,-10.0490,-10.2696,0.4000,1,0,1,0
TEL,127176,RUNNING,-10.3159,-10.2835,18.5625,18.6269,0.00,0,0.0000,80,1,1,18.6269,18.6269,0,37.9687,19.4238,idle,-10.6483,-10.6148,-10.0943,-10.0626,-10.2835,0.4000,0,1,1,0
TEL,127277,RUNNING,-10.3159,-10.2835,18.5625,0.0000,0.00,0,0.0000,181,1,4,0.0000,0.0000,0,37.9687,19.4238,idle,-10.6483,-10.6148,-10.0943,-10.0626,-10.2835,0.4000,0,1,0,1
TEL,127377,RUNNING,-10.4739,-10.4185,18.7875,18.8208,0.00,0,0.0000,32,1,0,18.8208,18.8208,0,37.9687,19.4238,idle,-10.8198,-10.7626,-10.2433,-10.1891,-10.4185,0.4000,1,0,1,0
TEL,127478,RUNNING,-7.7870,-9.3727,18.1125,8.9147,-316.60,0,0.0000,11,1,0,8.9147,8.9147,0,37.7930,19.4238,idle,-8.0256,-9.6599,-7.6279,-9.1812,-9.3727,0.4000,1,0,1,0
TEL,127581,RUNNING,-7.6247,-8.5313,15.0750,15.5768,-196.60,0,0.0000,32,1,0,15.5768,15.5768,0,34.8047,19.4238,idle,-7.7855,-8.7111,-7.5175,-8.4113,-8.5313,0.4000,1,0,1,0
TEL,127683,RUNNING,-5.6373,-6.9937,12.2625,5.9414,-316.60,0,0.0000,11,1,0,5.9414,5.9414,0,31.9922,19.4238,idle,-5.7156,-7.0908,-5.5851,-6.9290,-6.9937,0.4000,1,0,1,0
TEL,127784,RUNNING,-4.9827,-6.4160,9.6750,11.8842,43.40,0,0.0000,70,1,1,11.8842,11.8842,0,29.3555,19.4238,idle,-5.0256,-6.4712,-4.9541,-6.3792,-6.4160,0.4000,0,1,1,0
TEL,127885,RUNNING,-4.9593,-6.3858,12.0375,0.0000,101.13,0,0.0000,172,1,3,0.0000,0.0000,0,31.2012,19.4238,idle,-5.0256,-6.4712,-4.9151,-6.3289,-6.3858,0.4000,0,1,0,1
TEL,127985,RUNNING,-4.9568,-6.3826,12.2625,0.0000,0.00,0,0.0000,272,1,5,0.0000,0.0000,0,31.6406,19.4238,idle,-5.0256,-6.4712,-4.9109,-6.3236,-6.3826,0.4000,0,1,0,1
TEL,128088,RUNNING,-3.0186,-5.3734,12.2625,9.6809,-120.00,0,0.0000,1,1,0,9.6809,9.6809,0,31.6406,19.4238,idle,-3.0605,-5.4480,-2.9907,-5.3237,-5.3734,0.4000,1,0,1,0
TEL,128188,RUNNING,-1.0365,-3.4583,8.3250,6.2680,-480.00,0,0.0000,22,1,0,6.2680,6.2680,0,28.4766,19.4238,idle,-1.0431,-3.4803,-1.0321,-3.4436,-3.4583,0.4000,1,0,1,0
TEL,128289,RUNNING,0.6291,-1.4560,2.3625,1.0370,-600.00,0,0.0000,32,1,0,1.0370,1.0370,0,22.5879,19.4238,idle,0.6294,-1.4568,0.6289,-1.4555,-1.4560,0.4000,1,0,1,0
TEL,128391,RUNNING,1.9542,0.1446,-3.9375,0.0517,-480.00,0,0.0000,32,1,0,0.0517,0.0517,0,16.0840,19.4238,idle,1.9569,0.1448,1.9523,0.1445,0.1446,0.4000,1,0,1,0
TEL,128492,RUNNING,3.2648,1.5970,-8.1000,-1.0414,-241.48,0,0.0000,32,1,0,-1.0414,-1.0414,0,11.6895,19.4238,idle,3.2844,1.6067,3.2517,1.5906,1.5970,0.4000,1,0,1,0
TEL,128593,RUNNING,3.6059,2.5852,-8.4375,-1.7276,346.79,0,0.0000,31,1,0,-1.7276,-1.7276,0,10.6348,19.4238,idle,3.6294,2.6020,3.5902,2.5739,2.5852,0.4000,1,0,1,0
TEL,128695,RUNNING,4.9499,3.6585,-3.9375,-4.0991,226.79,0,0.0000,32,1,0,-4.0991,-4.0991,0,15.0293,19.4238,idle,4.9569,3.6637,4.9452,3.6550,3.6585,0.4000,1,0,1,0
TEL,128796,RUNNING,5.6123,4.6548,-4.0500,-5.2489,-357.61,0,0.0000,32,1,0,-5.2489,-5.2489,0,15.6445,19.4238,idle,5.6207,4.6617,5.6067,4.6501,4.6548,0.4000,1,0,1,0
TEL,128899,RUNNING,6.2519,5.4489,-7.5375,-6.1771,-237.61,0,0.0000,32,1,0,-6.1771,-6.1771,0,12.2168,19.4238,idle,6.2844,5.4773,6.2301,5.4300,5.4489,0.4000,1,0,1,0
TEL,129000,RUNNING,6.2499,5.4472,-7.7625,-6.2120,362.39,0,0.0000,134,1,2,-6.2120,-6.2120,0,11.3379,19.4238,idle,6.2844,5.4773,6.2269,5.4271,5.4472,0.4000,0,1,1,0
TEL,129101,RUNNING,7.2668,6.0003,-6.3000,-6.7665,-223.07,0,0.0000,33,1,0,-6.7665,-6.7665,0,13.0957,19.4238,idle,7.2932,6.0221,7.2491,5.9857,6.0003,0.4000,1,0,1,0
TEL,129203,RUNNING,7.2653,6.8506,-9.4500,-9.8332,-202.17,0,0.0000,12,1,0,-9.8332,-9.8332,0,10.1953,19.4238,idle,7.3249,6.9069,7.2255,6.8131,6.8506,0.4000,1,0,1,0
TEL,129305,RUNNING,7.3999,7.1301,-9.5625,-8.1295,157.83,0,0.0000,32,1,0,-8.1295,-8.1295,0,9.6680,19.4238,idle,7.4621,7.1900,7.3584,7.0901,7.1301,0.4000,1,0,1,0
TEL,129406,RUNNING,7.1447,7.2031,-8.1000,-8.2602,0.00,0,0.0000,31,1,0,-8.2602,-8.2602,0,11.2500,19.4238,idle,7.1877,7.2465,7.1160,7.1742,7.2031,0.4000,1,0,1,0
TEL,129506,RUNNING,6.4329,6.9057,-7.6500,-7.9732,0.00,0,0.0000,32,1,0,-7.9732,-7.9732,0,11.5137,19.4238,idle,6.4674,6.9428,6.4099,6.8810,6.9057,0.4000,1,0,1,0
TEL,129606,RUNNING,5.9875,6.6287,-7.8750,-7.7067,0.00,0,0.0000,73,1,1,-7.7067,-7.7067,0,11.5137,19.4238,idle,6.0215,6.6664,5.9647,6.6035,6.6287,0.4000,0,1,1,0
TEL,129707,RUNNING,5.9875,6.6287,-7.8750,0.0000,0.00,0,0.0000,173,1,3,0.0000,0.0000,0,11.5137,19.4238,idle,6.0215,6.6664,5.9647,6.6035,6.6287,0.4000,0,1,0,1
TEL,129807,RUNNING,5.9875,6.6287,-7.8750,0.0000,0.00,0,0.0000,273,1,5,0.0000,0.0000,0,11.5137,19.4238,idle,6.0215,6.6664,5.9647,6.6035,6.6287,0.4000,0,1,0,1
TEL,129907,RUNNING,5.9875,6.6287,-7.8750,0.0000,0.00,0,0.0000,373,1,8,0.0000,0.0000,0,11.5137,19.4238,idle,6.0215,6.6664,5.9647,6.6035,6.6287,0.4000,0,1,0,1
TEL,130008,RUNNING,0.7372,3.6645,-5.6250,11.2313,401.22,0,0.0000,11,1,0,11.2313,11.2313,0,13.2715,19.4238,idle,0.7393,3.6751,0.7358,3.6574,3.6645,0.4000,1,0,1,0
TEL,130109,RUNNING,0.0215,1.8869,-1.2375,-1.3336,369.73,0,0.0000,31,1,0,-1.3336,-1.3336,0,17.5781,19.4238,idle,0.0215,1.8872,0.0215,1.8867,1.8869,0.4000,1,0,1,0
TEL,130210,RUNNING,-1.3866,0.3649,2.3625,-0.0634,249.73,0,0.0000,31,1,0,-0.0634,-0.0634,0,21.4453,19.4238,idle,-1.3873,0.3651,-1.3861,0.3648,0.3649,0.4000,1,0,1,0
TEL,130312,RUNNING,-1.3863,0.3649,2.8125,-0.0542,-350.27,0,0.0000,133,1,2,-0.0542,-0.0542,0,22.6758,19.4238,idle,-1.3873,0.3651,-1.3856,0.3647,0.3649,0.4000,0,1,1,0
TEL,130413,RUNNING,-1.3871,0.3651,1.1250,0.0000,0.00,0,0.0000,235,1,4,0.0000,0.0000,0,20.5664,19.4238,idle,-1.3873,0.3651,-1.3870,0.3650,0.3651,0.4000,0,1,0,1
TEL,130514,RUNNING,-2.6196,-1.3417,0.0000,9.3504,120.00,0,0.0000,13,1,0,9.3504,9.3504,0,19.5117,19.4238,idle,-2.6196,-1.3417,-2.6196,-1.3417,-1.3417,0.4000,1,0,1,0
TEL,130615,RUNNING,-4.8640,-3.0368,2.8125,5.4862,480.00,0,0.0000,31,1,0,5.4862,5.4862,0,21.9727,19.4238,idle,-4.8675,-3.0390,-4.8616,-3.0354,-3.0368,0.4000,1,0,1,0
TEL,130716,RUNNING,-5.5859,-4.1864,8.1000,7.5855,391.49,0,0.0000,31,1,0,7.5855,7.5855,0,26.9824,19.4238,idle,-5.6196,-4.2116,-5.5635,-4.1696,-4.1864,0.4000,1,0,1,0
TEL,130819,RUNNING,-7.2898,-5.5711,12.0375,10.1186,271.49,0,0.0000,32,1,0,10.1186,10.1186,0,31.0254,19.4238,idle,-7.3873,-5.6456,-7.2248,-5.5214,-5.5711,0.4000,1,0,1,0
TEL,130921,RUNNING,-7.7418,-6.9170,16.4250,12.5951,207.15,0,0.0000,22,1,0,12.5951,12.5951,0,35.3320,19.4238,idle,-7.9361,-7.0906,-7.6122,-6.8013,-6.9170,0.4000,1,0,1,0
TEL,131022,RUNNING,-9.2209,-7.8937,18.1125,14.4136,71.82,0,0.0000,31,1,0,14.4136,14.4136,0,37.2656,19.4238,idle,-9.5034,-8.1356,-9.0325,-7.7324,-7.8937,0.4000,1,0,1,0
TEL,131124,RUNNING,-10.2996,-9.0674,18.4500,16.5962,-48.18,0,0.0000,31,1,0,16.5962,16.5962,0,37.7051,19.4238,idle,-10.6274,-9.3560,-10.0811,-8.8751,-9.0674,0.4000,1,0,1,0
TEL,131225,RUNNING,-10.4919,-9.7782,17.3250,17.9526,71.82,0,0.0000,31,1,0,17.9526,17.9526,0,36.9141,19.4238,idle,-10.7855,-10.0518,-10.2961,-9.5958,-9.7782,0.4000,1,0,1,0
TEL,131326,RUNNING,-10.4777,-10.0843,19.5750,18.5844,191.82,0,0.0000,30,1,0,18.5844,18.5844,0,38.4961,19.4238,idle,-10.8541,-10.4466,-10.2268,-9.8428,-10.0843,0.4000,1,0,1,0
TEL,131429,RUNNING,-10.4691,-10.2765,19.8000,19.0129,-168.18,0,0.0000,31,1,0,19.0129,19.0129,0,39.3750,19.4238,idle,-10.8541,-10.6544,-10.2124,-10.0245,-10.2765,0.4000,1,0,1,0
TEL,131531,RUNNING,-10.4988,-10.3636,19.0125,19.2536,160.36,0,0.0000,73,1,1,19.2536,19.2536,0,38.2324,19.4238,idle,-10.8541,-10.7143,-10.2620,-10.1298,-10.3636,0.4000,0,1,1,0
TEL,131633,RUNNING,-10.4862,-10.3512,19.3500,0.0000,0.00,0,0.0000,176,1,3,0.0000,0.0000,0,38.6719,19.4238,idle,-10.8541,-10.7143,-10.2410,-10.1091,-10.3512,0.4000,0,1,0,1
TEL,131734,RUNNING,-10.4941,-10.3462,18.2250,18.6898,0.00,0,0.0000,33,1,0,18.6898,18.6898,0,37.8809,19.4238,idle,-10.8198,-10.6673,-10.2770,-10.1321,-10.3462,0.4000,1,0,1,0
TEL,131835,RUNNING,-10.4698,-10.3222,18.9000,18.7303,0.00,0,0.0000,134,1,2,18.7303,18.7303,0,38.3203,19.4238,idle,-10.8198,-10.6673,-10.2364,-10.0921,-10.3222,0.4000,0,1,1,0
OK,stopped
