BALL_BEAM_BOOT
HELP,keys
STATE,SAFE_DISABLED
SENSORS,angle=bad,pos=bad,m=n
MEAS,theta_deg=0.0000,x_cm=0.0000,x_filt_cm=0.0000
AGE,angle_ms=0,pos_ms=0,miss=0
FAULTS,bits=0
CAL,zero_calibrated=no,limits_calibrated=yes,sign_calibrated=yes
SONAR_CFG,s=-1,u=1
ACT_CFG,t=27.9053,v=0,e=0.000
TEL,enabled=1
FAULT_INFO,bits=0
FAULT_INFO,none
TEL,350,SAFE_DISABLED,0.0000,0.0000,0.0000,0.0000,0.00,0,0.0000,0,0,0,0.0000,0.0000,0,49.3945,27.9053,idle
TEL,450,SAFE_DISABLED,1.3720,1.3720,0.0000,0.0000,0.00,0,0.0000,33,1,0,0.0000,0.0000,0,49.3945,27.9053,idle
TEL,550,SAFE_DISABLED,1.3720,1.3720,0.0000,0.0000,0.00,0,0.0000,12,1,0,0.0000,0.0000,0,49.3945,27.9053,idle
TEL,650,SAFE_DISABLED,1.3720,1.3720,0.0000,0.0000,0.00,0,0.0000,32,1,0,0.0000,0.0000,0,49.3945,27.9053,idle
TEL,750,SAFE_DISABLED,1.3720,1.3720,0.0000,0.0000,0.00,0,0.0000,12,1,0,0.0000,0.0000,0,49.3945,27.9053,idle
TEL,850,SAFE_DISABLED,1.4406,1.3926,0.0000,0.0000,0.00,0,0.0000,33,1,0,0.0000,0.0000,0,49.3945,27.9053,idle
TEL,950,SAFE_DISABLED,1.4406,1.4241,0.0000,0.0000,0.00,0,0.0000,14,1,0,0.0000,0.0000,0,49.3945,27.9053,idle
TEL,1050,SAFE_DISABLED,1.7836,1.5930,0.0000,0.0000,0.00,0,0.0000,33,1,0,0.0000,0.0000,0,49.3945,27.9053,idle
TEL,1150,SAFE_DISABLED,1.7836,1.7182,0.0000,0.0000,0.00,0,0.0000,13,1,0,0.0000,0.0000,0,49.3945,27.9053,idle
TEL,1250,SAFE_DISABLED,1.7150,1.7310,0.0000,0.0000,0.00,0,0.0000,33,1,0,0.0000,0.0000,0,49.3945,27.9053,idle
TEL,1350,SAFE_DISABLED,1.3720,1.4951,0.0000,0.0000,0.00,0,0.0000,12,1,0,0.0000,0.0000,0,49.3945,27.9053,idle
TEL,1451,SAFE_DISABLED,1.3720,1.4467,0.0000,0.0000,0.00,0,0.0000,32,1,0,0.0000,0.0000,0,49.3945,27.9053,idle
TEL,1551,SAFE_DISABLED,1.3720,1.3976,0.0000,0.0000,0.00,0,0.0000,13,1,0,0.0000,0.0000,0,49.3945,27.9053,idle
TEL,1651,SAFE_DISABLED,1.3720,1.3845,0.0000,0.0000,0.00,0,0.0000,33,1,0,0.0000,0.0000,0,49.3945,27.9053,idle
TEL,1751,SAFE_DISABLED,1.4406,1.4113,0.0000,0.0000,0.00,0,0.0000,12,1,0,0.0000,0.0000,0,49.3945,27.9053,idle
TEL,1851,SAFE_DISABLED,1.3720,1.3912,0.0000,0.0000,0.00,0,0.0000,32,1,0,0.0000,0.0000,0,49.3945,27.9053,idle
TEL,1951,SAFE_DISABLED,1.3720,1.3786,0.0000,0.0000,0.00,0,0.0000,12,1,0,0.0000,0.0000,0,49.3945,27.9053,idle
TEL,2051,SAFE_DISABLED,1.3720,1.3752,0.0000,0.0000,0.00,0,0.0000,32,1,0,0.0000,0.0000,0,49.3945,27.9053,idle
TEL,2151,SAFE_DISABLED,1.3720,1.3731,0.0000,0.0000,0.00,0,0.0000,13,1,0,0.0000,0.0000,0,49.3945,27.9053,idle
TEL,2251,SAFE_DISABLED,1.3720,1.3725,0.0000,0.0000,0.00,0,0.0000,33,1,0,0.0000,0.0000,0,49.3945,27.9053,idle
TEL,2351,SAFE_DISABLED,1.3720,1.3722,0.0000,0.0000,0.00,0,0.0000,12,1,0,0.0000,0.0000,0,49.3945,27.9053,idle
TEL,2451,SAFE_DISABLED,1.3720,1.3721,0.0000,0.0000,0.00,0,0.0000,32,1,0,0.0000,0.0000,0,49.3945,27.9053,idle
TEL,2551,SAFE_DISABLED,1.3720,1.3720,0.0000,0.0000,0.00,0,0.0000,12,1,0,0.0000,0.0000,0,49.3945,27.9053,idle
TEL,2651,SAFE_DISABLED,1.3720,1.3720,0.0000,0.0000,0.00,0,0.0000,32,1,0,0.0000,0.0000,0,49.3945,27.9053,idle
TEL,2751,SAFE_DISABLED,1.3720,1.3720,0.0000,0.0000,0.00,0,0.0000,13,1,0,0.0000,0.0000,0,49.3945,27.9053,idle
TEL,2851,SAFE_DISABLED,1.4406,1.4070,0.0000,0.0000,0.00,0,0.0000,32,1,0,0.0000,0.0000,0,49.3945,27.9053,idle
TEL,2951,SAFE_DISABLED,1.3720,1.3840,0.0000,0.0000,0.00,0,0.0000,12,1,0,0.0000,0.0000,0,49.3945,27.9053,idle
TEL,3051,SAFE_DISABLED,1.3720,1.3779,0.0000,0.0000,0.00,0,0.0000,32,1,0,0.0000,0.0000,0,49.3945,27.9053,idle
TEL,3151,SAFE_DISABLED,1.3720,1.3740,0.0000,0.0000,0.00,0,0.0000,12,1,0,0.0000,0.0000,0,49.3945,27.9053,idle
TEL,3251,SAFE_DISABLED,1.3720,1.3730,0.0000,0.0000,0.00,0,0.0000,32,1,0,0.0000,0.0000,0,49.3945,27.9053,idle
TEL,3351,SAFE_DISABLED,1.3720,1.3723,0.0000,0.0000,0.00,0,0.0000,11,1,0,0.0000,0.0000,0,49.3945,27.9053,idle
TEL,3451,SAFE_DISABLED,1.3720,1.3721,0.0000,0.0000,0.00,0,0.0000,32,1,0,0.0000,0.0000,0,49.3945,27.9053,idle
TEL,3551,SAFE_DISABLED,1.3720,1.3720,0.0000,0.0000,0.00,0,0.0000,12,1,0,0.0000,0.0000,0,49.3945,27.9053,idle
TEL,3651,SAFE_DISABLED,1.3720,1.3720,0.0000,0.0000,0.00,0,0.0000,32,1,0,0.0000,0.0000,0,49.3945,27.9053,idle
TEL,3751,SAFE_DISABLED,1.3720,1.3720,0.0000,0.0000,0.00,0,0.0000,12,1,0,0.0000,0.0000,0,49.3945,27.9053,idle
TEL,3851,SAFE_DISABLED,1.3720,1.3720,0.0000,0.0000,0.00,0,0.0000,32,1,0,0.0000,0.0000,0,49.3945,27.9053,idle
TEL,3951,SAFE_DISABLED,1.3720,1.3720,0.0000,0.0000,0.00,0,0.0000,11,1,0,0.0000,0.0000,0,49.3945,27.9053,idle
TEL,4051,SAFE_DISABLED,1.3720,1.3720,0.0000,0.0000,0.00,0,0.0000,32,1,0,0.0000,0.0000,0,49.3945,27.9053,idle
TEL,4151,SAFE_DISABLED,1.3720,1.3720,0.0000,0.0000,0.00,0,0.0000,12,1,0,0.0000,0.0000,0,49.3945,27.9053,idle
TEL,4251,SAFE_DISABLED,1.3720,1.3720,0.0000,0.0000,0.00,0,0.0000,32,1,0,0.0000,0.0000,0,49.3945,27.9053,idle
TEL,4352,SAFE_DISABLED,1.3720,1.3720,0.0000,0.0000,0.00,0,0.0000,12,1,0,0.0000,0.0000,0,49.3945,27.9053,idle
TEL,4452,SAFE_DISABLED,1.3720,1.3720,0.0000,0.0000,0.00,0,0.0000,31,1,0,0.0000,0.0000,0,49.3945,27.9053,idle
OK,telemetry=0
STATE,SAFE_DISABLED
SENSORS,angle=ok,pos=ok,m=f
MEAS,theta_deg=0.0000,x_cm=1.4406,x_filt_cm=1.6771
AGE,angle_ms=14,pos_ms=11,miss=0
FAULTS,bits=0
CAL,zero_calibrated=no,limits_calibrated=yes,sign_calibrated=yes
SONAR_CFG,s=-1,u=1
ACT_CFG,t=27.9053,v=0,e=0.000
TEL,enabled=0
FAULT_INFO,bits=0
FAULT_INFO,none
OK,cal_reset_saved
OK,cal_limit_down_set=0.000000
CAL_LIMITS,lower_deg=-8.261719,upper_deg=8.261719,limits_calibrated=no
ERR,sonar_not_ready
OK,cal_limit_up_set=50.907135
OK,as5600_sign=-1,sonar_sign=-1
INFO,limits_ok
CAL_LIMITS,lower_deg=-25.453567,upper_deg=25.453567,limits_calibrated=yes
OK,cal_zero_position_set=12.647503
CAL_ZERO,sonar_center_cm=12.647503,zero_calibrated=yes
OK,driver_enabled
OK,stepper_sign=-1,delta=-22.4121
OK,cal_saved
STATE,READY
SENSORS,angle=ok,pos=ok,m=f
MEAS,theta_deg=0.0000,x_cm=-0.7981,x_filt_cm=-1.1357
AGE,angle_ms=16,pos_ms=12,miss=0
FAULTS,bits=0
CAL,zero_calibrated=yes,limits_calibrated=yes,sign_calibrated=yes
SONAR_CFG,s=-1,u=1
ACT_CFG,t=16.5234,v=1,e=0.000
TEL,enabled=0
FAULT_INFO,bits=0
FAULT_INFO,none
SET,98376,0.0000,3.2657,-6.2624
OK,driver_enabled
OK,telemetry=1
TEL,102608,READY,-0.9353,-0.9314,0.0000,0.0000,0.00,0,0.0000,10,1,0,0.0000,0.0000,0,13.3594,16.5234,idle
TEL,102708,READY,-0.9353,-0.9334,0.0000,0.0000,0.00,0,0.0000,30,1,0,0.0000,0.0000,0,13.3594,16.5234,idle
TEL,102808,READY,-0.8667,-0.9141,0.0000,0.0000,0.00,0,0.0000,5,1,0,0.0000,0.0000,0,13.3594,16.5234,idle
TEL,102908,READY,-0.8667,-0.8899,0.0000,0.0000,0.00,0,0.0000,25,1,0,0.0000,0.0000,0,13.3594,16.5234,idle
TEL,103008,READY,-0.8667,-0.8747,0.0000,0.0000,0.00,0,0.0000,4,1,0,0.0000,0.0000,0,13.3594,16.5234,idle
TEL,103108,READY,-0.8667,-0.8706,0.0000,0.0000,0.00,0,0.0000,24,1,0,0.0000,0.0000,0,13.3594,16.5234,idle
TEL,103208,READY,-1.0039,-0.9481,0.0000,0.0000,0.00,0,0.0000,5,1,0,0.0000,0.0000,0,13.3594,16.5234,idle
TEL,103308,READY,-1.0039,-0.9766,0.0000,0.0000,0.00,0,0.0000,24,1,0,0.0000,0.0000,0,13.3594,16.5234,idle
TEL,103408,READY,-1.0039,-0.9945,0.0000,0.0000,0.00,0,0.0000,4,1,0,0.0000,0.0000,0,13.3594,16.5234,idle
TEL,103508,READY,-0.9353,-0.9787,0.0000,0.0000,0.00,0,0.0000,24,1,0,0.0000,0.0000,0,13.3594,16.5234,idle
TEL,103608,READY,-0.9353,-0.9502,0.0000,0.0000,0.00,0,0.0000,4,1,0,0.0000,0.0000,0,13.3594,16.5234,idle
TEL,103708,READY,-0.9353,-0.9426,0.0000,0.0000,0.00,0,0.0000,24,1,0,0.0000,0.0000,0,13.3594,16.5234,idle
TEL,103808,READY,-0.9353,-0.9378,0.0000,0.0000,0.00,0,0.0000,4,1,0,0.0000,0.0000,0,13.3594,16.5234,idle
TEL,103908,READY,-0.9353,-0.9365,0.0000,0.0000,0.00,0,0.0000,24,1,0,0.0000,0.0000,0,13.3594,16.5234,idle
TEL,104008,READY,-0.9353,-0.9357,0.0000,0.0000,0.00,0,0.0000,4,1,0,0.0000,0.0000,0,13.3594,16.5234,idle
TEL,104108,READY,-0.9353,-0.9355,0.0000,0.0000,0.00,0,0.0000,24,1,0,0.0000,0.0000,0,13.3594,16.5234,idle
TEL,104208,READY,-0.9353,-0.9354,0.0000,0.0000,0.00,0,0.0000,4,1,0,0.0000,0.0000,0,13.3594,16.5234,idle
TEL,104308,READY,-0.9353,-0.9353,0.0000,0.0000,0.00,0,0.0000,23,1,0,0.0000,0.0000,0,13.3594,16.5234,idle
OK,running
TEL,104408,RUNNING,-0.9326,-0.9326,-4.3875,1.4746,600.00,0,0.0000,4,1,0,1.4746,1.4746,0,14.2383,16.5234,idle
TEL,104508,FAULT,-0.9304,-0.9304,-5.8500,1.4746,0.00,0,0.0000,24,1,0,1.4746,1.4746,0,16.1719,16.5234,idle
TEL,104608,FAULT,-0.9304,-0.9304,-5.8500,1.4746,0.00,0,0.0000,4,1,0,1.4746,1.4746,0,16.1719,16.5234,idle
TEL,104708,FAULT,-0.9304,-0.9304,-5.8500,1.4746,0.00,0,0.0000,24,1,0,1.4746,1.4746,0,16.1719,16.5234,idle
TEL,104808,FAULT,-0.9304,-0.9304,-5.8500,1.4746,0.00,0,0.0000,4,1,0,1.4746,1.4746,0,16.2598,16.5234,idle
TEL,104908,FAULT,-0.9304,-0.9304,-5.8500,1.4746,0.00,0,0.0000,23,1,0,1.4746,1.4746,0,16.2598,16.5234,idle
TEL,105008,FAULT,-1.2716,-1.0328,-5.8500,1.4746,0.00,0,0.0000,3,1,0,1.4746,1.4746,0,16.2598,16.5234,idle
TEL,105108,FAULT,-1.2034,-1.1341,-5.8500,1.4746,0.00,0,0.0000,24,1,0,1.4746,1.4746,0,16.2598,16.5234,idle
TEL,105208,FAULT,-1.2716,-1.2245,-5.8500,1.4746,0.00,0,0.0000,4,1,0,1.4746,1.4746,0,16.2598,16.5234,idle
TEL,105308,FAULT,-1.2034,-1.2137,-5.8500,1.4746,0.00,0,0.0000,24,1,0,1.4746,1.4746,0,16.2598,16.5234,idle
TEL,105408,FAULT,-1.2034,-1.2313,-5.8500,1.4746,0.00,0,0.0000,3,1,0,1.4746,1.4746,0,16.2598,16.5234,idle
TEL,105508,FAULT,-0.9987,-1.1127,-5.8500,1.4746,0.00,0,0.0000,23,1,0,1.4746,1.4746,0,16.1719,16.5234,idle
TEL,105608,FAULT,-1.2716,-1.1197,-5.8500,1.4746,0.00,0,0.0000,3,1,0,1.4746,1.4746,0,16.2598,16.5234,idle
TEL,105708,FAULT,-1.2716,-1.1972,-5.8500,1.4746,0.00,0,0.0000,24,1,0,1.4746,1.4746,0,16.1719,16.5234,idle
TEL,105808,FAULT,-1.2716,-1.2461,-5.8500,1.4746,0.00,0,0.0000,4,1,0,1.4746,1.4746,0,16.2598,16.5234,idle
TEL,105908,FAULT,-1.2716,-1.2591,-5.8500,1.4746,0.00,0,0.0000,23,1,0,1.4746,1.4746,0,16.2598,16.5234,idle
TEL,106008,FAULT,-1.2716,-1.2673,-5.8500,1.4746,0.00,0,0.0000,3,1,0,1.4746,1.4746,0,16.2598,16.5234,idle
TEL,106108,FAULT,-1.2716,-1.2695,-5.8500,1.4746,0.00,0,0.0000,23,1,0,1.4746,1.4746,0,16.2598,16.5234,idle
TEL,106208,FAULT,-1.2716,-1.2709,-5.8500,1.4746,0.00,0,0.0000,3,1,0,1.4746,1.4746,0,16.2598,16.5234,idle
TEL,106308,FAULT,-1.2716,-1.2713,-5.8500,1.4746,0.00,0,0.0000,23,1,0,1.4746,1.4746,0,16.1719,16.5234,idle
TEL,106408,FAULT,-1.2716,-1.2715,-5.8500,1.4746,0.00,0,0.0000,4,1,0,1.4746,1.4746,0,16.2598,16.5234,idle
TEL,106508,FAULT,-1.2716,-1.2859,-5.8500,1.4746,0.00,0,0.0000,23,1,0,1.4746,1.4746,0,16.2598,16.5234,idle
TEL,106608,FAULT,-1.3399,-1.3214,-5.8500,1.4746,0.00,0,0.0000,3,1,0,1.4746,1.4746,0,16.1719,16.5234,idle
TEL,106708,FAULT,-1.3399,-1.3308,-5.8500,1.4746,0.00,0,0.0000,23,1,0,1.4746,1.4746,0,16.1719,16.5234,idle
TEL,106808,FAULT,-1.3399,-1.3368,-5.8500,1.4746,0.00,0,0.0000,3,1,0,1.4746,1.4746,0,16.1719,16.5234,idle
TEL,106908,FAULT,-1.2716,-1.3179,-5.8500,1.4746,0.00,0,0.0000,23,1,0,1.4746,1.4746,0,16.2598,16.5234,idle
TEL,107008,FAULT,-1.2716,-1.2875,-5.8500,1.4746,0.00,0,0.0000,3,1,0,1.4746,1.4746,0,16.2598,16.5234,idle
TEL,107108,FAULT,-1.2716,-1.2794,-5.8500,1.4746,0.00,0,0.0000,23,1,0,1.4746,1.4746,0,16.2598,16.5234,idle
TEL,107208,FAULT,-1.2716,-1.2743,-5.8500,1.4746,0.00,0,0.0000,3,1,0,1.4746,1.4746,0,16.1719,16.5234,idle
TEL,107308,FAULT,-1.3399,-1.3078,-5.8500,1.4746,0.00,0,0.0000,23,1,0,1.4746,1.4746,0,16.1719,16.5234,idle
TEL,107408,FAULT,-1.3399,-1.3289,-5.8500,1.4746,0.00,0,0.0000,3,1,0,1.4746,1.4746,0,16.1719,16.5234,idle
TEL,107508,FAULT,-1.3399,-1.3345,-5.8500,1.4746,0.00,0,0.0000,23,1,0,1.4746,1.4746,0,16.2598,16.5234,idle
TEL,107608,FAULT,-1.2716,-1.3032,-5.8500,1.4746,0.00,0,0.0000,2,1,0,1.4746,1.4746,0,16.2598,16.5234,idle
TEL,107708,FAULT,-1.2716,-1.2871,-5.8500,1.4746,0.00,0,0.0000,23,1,0,1.4746,1.4746,0,16.1719,16.5234,idle
TEL,107808,FAULT,-1.2716,-1.2769,-5.8500,1.4746,0.00,0,0.0000,3,1,0,1.4746,1.4746,0,16.2598,16.5234,idle
TEL,107908,FAULT,-1.2716,-1.2742,-5.8500,1.4746,0.00,0,0.0000,23,1,0,1.4746,1.4746,0,16.2598,16.5234,idle
TEL,108008,FAULT,-1.2716,-1.2725,-5.8500,1.4746,0.00,0,0.0000,3,1,0,1.4746,1.4746,0,16.1719,16.5234,idle
TEL,108108,FAULT,-1.2716,-1.2721,-5.8500,1.4746,0.00,0,0.0000,22,1,0,1.4746,1.4746,0,16.2598,16.5234,idle
TEL,108208,FAULT,-1.2716,-1.2718,-5.8500,1.4746,0.00,0,0.0000,2,1,0,1.4746,1.4746,0,16.2598,16.5234,idle
TEL,108308,FAULT,-0.9304,-1.1693,-5.8500,1.4746,0.00,0,0.0000,23,1,0,1.4746,1.4746,0,16.2598,16.5234,idle
TEL,108408,FAULT,-1.2716,-1.2366,-5.8500,1.4746,0.00,0,0.0000,3,1,0,1.4746,1.4746,0,16.2598,16.5234,idle
TEL,108508,FAULT,-1.2716,-1.2544,-5.8500,1.4746,0.00,0,0.0000,23,1,0,1.4746,1.4746,0,16.2598,16.5234,idle
TEL,108608,FAULT,-0.9987,-1.1265,-5.8500,1.4746,0.00,0,0.0000,2,1,0,1.4746,1.4746,0,16.2598,16.5234,idle
TEL,108708,FAULT,-0.9987,-1.0613,-5.8500,1.4746,0.00,0,0.0000,22,1,0,1.4746,1.4746,0,16.2598,16.5234,idle
TEL,108808,FAULT,-0.9304,-0.9997,-5.8500,1.4746,0.00,0,0.0000,2,1,0,1.4746,1.4746,0,16.2598,16.5234,idle
TEL,108908,FAULT,-0.9304,-0.9644,-5.8500,1.4746,0.00,0,0.0000,22,1,0,1.4746,1.4746,0,16.2598,16.5234,idle
TEL,109008,FAULT,-0.9987,-0.9769,-5.8500,1.4746,0.00,0,0.0000,3,1,0,1.4746,1.4746,0,16.2598,16.5234,idle
TEL,109108,FAULT,-1.2716,-1.0699,-5.8500,1.4746,0.00,0,0.0000,23,1,0,1.4746,1.4746,0,16.2598,16.5234,idle
TEL,109208,FAULT,-1.3399,-1.2473,-5.8500,1.4746,0.00,0,0.0000,2,1,0,1.4746,1.4746,0,16.1719,16.5234,idle
TEL,109308,FAULT,-1.3399,-1.2945,-5.8500,1.4746,0.00,0,0.0000,22,1,0,1.4746,1.4746,0,16.2598,16.5234,idle
TEL,109408,FAULT,-1.3399,-1.3243,-5.8500,1.4746,0.00,0,0.0000,2,1,0,1.4746,1.4746,0,16.2598,16.5234,idle
TEL,109508,FAULT,-1.3399,-1.3323,-5.8500,1.4746,0.00,0,0.0000,22,1,0,1.4746,1.4746,0,16.2598,16.5234,idle
TEL,109608,FAULT,-1.3399,-1.3129,-5.8500,1.4746,0.00,0,0.0000,3,1,0,1.4746,1.4746,0,16.2598,16.5234,idle
TEL,109708,FAULT,-1.3399,-1.3267,-5.8500,1.4746,0.00,0,0.0000,22,1,0,1.4746,1.4746,0,16.2598,16.5234,idle
TEL,109808,FAULT,-0.9987,-1.1613,-5.8500,1.4746,0.00,0,0.0000,2,1,0,1.4746,1.4746,0,16.1719,16.5234,idle
TEL,109908,FAULT,-0.9304,-1.0579,-5.8500,1.4746,0.00,0,0.0000,22,1,0,1.4746,1.4746,0,16.2598,16.5234,idle
TEL,110008,FAULT,-0.9304,-0.9741,-5.8500,1.4746,0.00,0,0.0000,2,1,0,1.4746,1.4746,0,16.1719,16.5234,idle
TEL,110108,FAULT,-0.8622,-0.9170,-5.8500,1.4746,0.00,0,0.0000,22,1,0,1.4746,1.4746,0,16.2598,16.5234,idle
SET,110183,3.2657,3.2657,-6.2624
TEL,110208,FAULT,-0.8622,-0.8810,-5.8500,1.4746,0.00,0,3.2657,3,1,0,1.4746,1.4746,0,16.2598,16.5234,idle
TEL,110308,FAULT,-0.9304,-0.9062,-5.8500,1.4746,0.00,0,3.2657,22,1,0,1.4746,1.4746,0,16.2598,16.5234,idle
TEL,110408,FAULT,-0.9304,-0.9221,-5.8500,1.4746,0.00,0,3.2657,2,1,0,1.4746,1.4746,0,16.2598,16.5234,idle
TEL,110508,FAULT,-0.9304,-0.9264,-5.8500,1.4746,0.00,0,3.2657,22,1,0,1.4746,1.4746,0,16.2598,16.5234,idle
TEL,110608,FAULT,-0.9304,-0.9290,-5.8500,1.4746,0.00,0,3.2657,2,1,0,1.4746,1.4746,0,16.1719,16.5234,idle
TEL,110708,FAULT,-0.9304,-0.9297,-5.8500,1.4746,0.00,0,3.2657,22,1,0,1.4746,1.4746,0,16.1719,16.5234,idle
TEL,110808,FAULT,-0.9304,-0.9202,-5.8500,1.4746,0.00,0,3.2657,1,1,0,1.4746,1.4746,0,16.1719,16.5234,idle
TEL,110908,FAULT,-0.9304,-0.9254,-5.8500,1.4746,0.00,0,3.2657,22,1,0,1.4746,1.4746,0,16.2598,16.5234,idle
TEL,111008,FAULT,-0.8622,-0.8939,-5.8500,1.4746,0.00,0,3.2657,2,1,0,1.4746,1.4746,0,16.2598,16.5234,idle
TEL,111108,FAULT,-0.8622,-0.8777,-5.8500,1.4746,0.00,0,3.2657,22,1,0,1.4746,1.4746,0,16.2598,16.5234,idle
TEL,111208,FAULT,-0.9304,-0.9023,-5.8500,1.4746,0.00,0,3.2657,2,1,0,1.4746,1.4746,0,16.2598,16.5234,idle
TEL,111308,FAULT,-0.8622,-0.8962,-5.8500,1.4746,0.00,0,3.2657,21,1,0,1.4746,1.4746,0,16.2598,16.5234,idle
TEL,111408,FAULT,-0.8622,-0.8738,-5.8500,1.4746,0.00,0,3.2657,1,1,0,1.4746,1.4746,0,16.2598,16.5234,idle
TEL,111508,FAULT,-0.8622,-0.8679,-5.8500,1.4746,0.00,0,3.2657,22,1,0,1.4746,1.4746,0,16.1719,16.5234,idle
TEL,111608,FAULT,-0.8622,-0.8641,-5.8500,1.4746,0.00,0,3.2657,2,1,0,1.4746,1.4746,0,16.1719,16.5234,idle
TEL,111708,FAULT,-0.8622,-0.8631,-5.8500,1.4746,0.00,0,3.2657,22,1,0,1.4746,1.4746,0,16.1719,16.5234,idle
TEL,111808,FAULT,-0.8622,-0.8625,-5.8500,1.4746,0.00,0,3.2657,1,1,0,1.4746,1.4746,0,16.2598,16.5234,idle
TEL,111908,FAULT,-0.8622,-0.8623,-5.8500,1.4746,0.00,0,3.2657,21,1,0,1.4746,1.4746,0,16.2598,16.5234,idle
TEL,112008,FAULT,-0.8622,-0.8622,-5.8500,1.4746,0.00,0,3.2657,1,1,0,1.4746,1.4746,0,16.1719,16.5234,idle
TEL,112108,FAULT,-0.9304,-0.8970,-5.8500,1.4746,0.00,0,3.2657,21,1,0,1.4746,1.4746,0,16.2598,16.5234,idle
TEL,112208,FAULT,-0.9304,-0.9190,-5.8500,1.4746,0.00,0,3.2657,2,1,0,1.4746,1.4746,0,16.1719,16.5234,idle
TEL,112308,FAULT,-0.9304,-0.9248,-5.8500,1.4746,0.00,0,3.2657,22,1,0,1.4746,1.4746,0,16.2598,16.5234,idle
TEL,112408,FAULT,-0.9304,-0.9285,-5.8500,1.4746,0.00,0,3.2657,1,1,0,1.4746,1.4746,0,16.2598,16.5234,idle
TEL,112508,FAULT,-0.9304,-0.9295,-5.8500,1.4746,0.00,0,3.2657,21,1,0,1.4746,1.4746,0,16.1719,16.5234,idle
TEL,112608,FAULT,-0.9304,-0.9301,-5.8500,1.4746,0.00,0,3.2657,1,1,0,1.4746,1.4746,0,16.2598,16.5234,idle
TEL,112708,FAULT,-0.9304,-0.9303,-5.8500,1.4746,0.00,0,3.2657,21,1,0,1.4746,1.4746,0,16.2598,16.5234,idle
TEL,112808,FAULT,-0.8622,-0.8956,-5.8500,1.4746,0.00,0,3.2657,2,1,0,1.4746,1.4746,0,16.2598,16.5234,idle
TEL,112908,FAULT,-0.8622,-0.8785,-5.8500,1.4746,0.00,0,3.2657,21,1,0,1.4746,1.4746,0,16.2598,16.5234,idle
TEL,113008,FAULT,-0.9304,-0.9126,-5.8500,1.4746,0.00,0,3.2657,1,1,0,1.4746,1.4746,0,16.1719,16.5234,idle
TEL,113108,FAULT,-0.9304,-0.9217,-5.8500,1.4746,0.00,0,3.2657,21,1,0,1.4746,1.4746,0,16.1719,16.5234,idle
TEL,113208,FAULT,-0.9304,-0.9274,-5.8500,1.4746,0.00,0,3.2657,1,1,0,1.4746,1.4746,0,16.2598,16.5234,idle
TEL,113308,FAULT,-0.9304,-0.9290,-5.8500,1.4746,0.00,0,3.2657,21,1,0,1.4746,1.4746,0,16.2598,16.5234,idle
TEL,113408,FAULT,-0.9304,-0.9299,-5.8500,1.4746,0.00,0,3.2657,2,1,0,1.4746,1.4746,0,16.2598,16.5234,idle
TEL,113508,FAULT,-0.9304,-0.9302,-5.8500,1.4746,0.00,0,3.2657,21,1,0,1.4746,1.4746,0,16.2598,16.5234,idle
TEL,113608,FAULT,-0.9304,-0.9303,-5.8500,1.4746,0.00,0,3.2657,1,1,0,1.4746,1.4746,0,16.1719,16.5234,idle
TEL,113708,FAULT,-0.9304,-0.9304,-5.8500,1.4746,0.00,0,3.2657,21,1,0,1.4746,1.4746,0,16.2598,16.5234,idle
TEL,113808,FAULT,-0.8622,-0.9099,-5.8500,1.4746,0.00,0,3.2657,1,1,0,1.4746,1.4746,0,16.1719,16.5234,idle
TEL,113908,FAULT,-0.9304,-0.9204,-5.8500,1.4746,0.00,0,3.2657,21,1,0,1.4746,1.4746,0,16.2598,16.5234,idle
TEL,114008,FAULT,-0.9304,-0.9255,-5.8500,1.4746,0.00,0,3.2657,34,1,0,1.4746,1.4746,0,16.2598,16.5234,idle
TEL,114108,FAULT,-0.9304,-0.9287,-5.8500,1.4746,0.00,0,3.2657,21,1,0,1.4746,1.4746,0,16.2598,16.5234,idle
TEL,114208,FAULT,-0.9304,-0.9298,-5.8500,1.4746,0.00,0,3.2657,1,1,0,1.4746,1.4746,0,16.2598,16.5234,idle
TEL,114308,FAULT,-0.9304,-0.9301,-5.8500,1.4746,0.00,0,3.2657,21,1,0,1.4746,1.4746,0,16.1719,16.5234,idle
TEL,114408,FAULT,-0.9304,-0.9303,-5.8500,1.4746,0.00,0,3.2657,1,1,0,1.4746,1.4746,0,16.2598,16.5234,idle
TEL,114508,FAULT,-0.9304,-0.9304,-5.8500,1.4746,0.00,0,3.2657,21,1,0,1.4746,1.4746,0,16.2598,16.5234,idle
TEL,114608,FAULT,-0.9304,-0.9304,-5.8500,1.4746,0.00,0,3.2657,34,1,0,1.4746,1.4746,0,16.2598,16.5234,idle
TEL,114708,FAULT,-0.9304,-0.9304,-5.8500,1.4746,0.00,0,3.2657,14,1,0,1.4746,1.4746,0,16.2598,16.5234,idle
TEL,114808,FAULT,-0.9304,-0.9304,-5.8500,1.4746,0.00,0,3.2657,1,1,0,1.4746,1.4746,0,16.2598,16.5234,idle
TEL,114908,FAULT,-0.9304,-0.9304,-5.8500,1.4746,0.00,0,3.2657,21,1,0,1.4746,1.4746,0,16.2598,16.5234,idle
TEL,115008,FAULT,-1.2716,-1.1044,-5.8500,1.4746,0.00,0,3.2657,1,1,0,1.4746,1.4746,0,16.2598,16.5234,idle
TEL,115108,FAULT,-1.2716,-1.1897,-5.8500,1.4746,0.00,0,3.2657,14,1,0,1.4746,1.4746,0,16.2598,16.5234,idle
TEL,115208,FAULT,-1.2034,-1.1967,-5.8500,1.4746,0.00,0,3.2657,34,1,0,1.4746,1.4746,0,16.2598,16.5234,idle
TEL,115308,FAULT,-0.9987,-1.0666,-5.8500,1.4746,0.00,0,3.2657,14,1,0,1.4746,1.4746,0,16.1719,16.5234,idle
TEL,115408,FAULT,-0.9304,-1.0015,-5.8500,1.4746,0.00,0,3.2657,1,1,0,1.4746,1.4746,0,16.2598,16.5234,idle
TEL,115508,FAULT,-0.9304,-0.9796,-5.8500,1.4746,0.00,0,3.2657,21,1,0,1.4746,1.4746,0,16.2598,16.5234,idle
TEL,115608,FAULT,-0.9304,-0.9473,-5.8500,1.4746,0.00,0,3.2657,0,1,0,1.4746,1.4746,0,16.2598,16.5234,idle
TEL,115708,FAULT,-0.9304,-0.9387,-5.8500,1.4746,0.00,0,3.2657,14,1,0,1.4746,1.4746,0,16.2598,16.5234,idle
TEL,115808,FAULT,-0.9304,-0.9345,-5.8500,1.4746,0.00,0,3.2657,34,1,0,1.4746,1.4746,0,16.2598,16.5234,idle
TEL,115908,FAULT,-0.9304,-0.9318,-5.8500,1.4746,0.00,0,3.2657,14,1,0,1.4746,1.4746,0,16.2598,16.5234,idle
TEL,116008,FAULT,-0.9304,-0.9309,-5.8500,1.4746,0.00,0,3.2657,1,1,0,1.4746,1.4746,0,16.1719,16.5234,idle
TEL,116108,FAULT,-0.9304,-0.9307,-5.8500,1.4746,0.00,0,3.2657,21,1,0,1.4746,1.4746,0,16.2598,16.5234,idle
SET,116197,-6.2624,3.2657,-6.2624
TEL,116208,FAULT,-0.9304,-0.9305,-5.8500,1.4746,0.00,0,-6.2624,40,1,0,1.4746,1.4746,0,16.2598,16.5234,idle
TEL,116308,FAULT,-0.9304,-0.9305,-5.8500,1.4746,0.00,0,-6.2624,14,1,0,1.4746,1.4746,0,16.2598,16.5234,idle
TEL,116408,FAULT,-0.9304,-0.9304,-5.8500,1.4746,0.00,0,-6.2624,34,1,0,1.4746,1.4746,0,16.1719,16.5234,idle
TEL,116508,FAULT,-0.9304,-0.9304,-5.8500,1.4746,0.00,0,-6.2624,14,1,0,1.4746,1.4746,0,16.2598,16.5234,idle
TEL,116608,FAULT,-0.9304,-0.9161,-5.8500,1.4746,0.00,0,-6.2624,34,1,0,1.4746,1.4746,0,16.1719,16.5234,idle
TEL,116708,FAULT,-0.8622,-0.8807,-5.8500,1.4746,0.00,0,-6.2624,20,1,0,1.4746,1.4746,0,16.2598,16.5234,idle
TEL,116808,FAULT,-0.9304,-0.8917,-5.8500,1.4746,0.00,0,-6.2624,34,1,0,1.4746,1.4746,0,16.2598,16.5234,idle
TEL,116908,FAULT,-0.9304,-0.9171,-5.8500,1.4746,0.00,0,-6.2624,14,1,0,1.4746,1.4746,0,16.2598,16.5234,idle
TEL,117008,FAULT,-0.9304,-0.9239,-5.8500,1.4746,0.00,0,-6.2624,34,1,0,1.4746,1.4746,0,16.1719,16.5234,idle
TEL,117108,FAULT,-0.9304,-0.9282,-5.8500,1.4746,0.00,0,-6.2624,14,1,0,1.4746,1.4746,0,16.1719,16.5234,idle
TEL,117208,FAULT,-0.9304,-0.9293,-5.8500,1.4746,0.00,0,-6.2624,34,1,0,1.4746,1.4746,0,16.2598,16.5234,idle
TEL,117308,FAULT,-0.9304,-0.9301,-5.8500,1.4746,0.00,0,-6.2624,13,1,0,1.4746,1.4746,0,16.2598,16.5234,idle
TEL,117408,FAULT,-0.9304,-0.9302,-5.8500,1.4746,0.00,0,-6.2624,34,1,0,1.4746,1.4746,0,16.2598,16.5234,idle
TEL,117508,FAULT,-0.9304,-0.9304,-5.8500,1.4746,0.00,0,-6.2624,14,1,0,1.4746,1.4746,0,16.2598,16.5234,idle
TEL,117608,FAULT,-0.9304,-0.9304,-5.8500,1.4746,0.00,0,-6.2624,34,1,0,1.4746,1.4746,0,16.1719,16.5234,idle
TEL,117708,FAULT,-1.2716,-1.0328,-5.8500,1.4746,0.00,0,-6.2624,14,1,0,1.4746,1.4746,0,16.2598,16.5234,idle
TEL,117808,FAULT,-1.2716,-1.1546,-5.8500,1.4746,0.00,0,-6.2624,34,1,0,1.4746,1.4746,0,16.2598,16.5234,idle
TEL,117908,FAULT,-0.9304,-1.1148,-5.8500,1.4746,0.00,0,-6.2624,14,1,0,1.4746,1.4746,0,16.1719,16.5234,idle
TEL,118008,FAULT,-0.9304,-1.0208,-5.8500,1.4746,0.00,0,-6.2624,33,1,0,1.4746,1.4746,0,16.2598,16.5234,idle
TEL,118108,FAULT,-0.9304,-0.9614,-5.8500,1.4746,0.00,0,-6.2624,14,1,0,1.4746,1.4746,0,16.2598,16.5234,idle
TEL,118208,FAULT,-0.9304,-0.9456,-5.8500,1.4746,0.00,0,-6.2624,34,1,0,1.4746,1.4746,0,16.2598,16.5234,idle
TEL,118308,FAULT,-0.9304,-0.9356,-5.8500,1.4746,0.00,0,-6.2624,14,1,0,1.4746,1.4746,0,16.1719,16.5234,idle
TEL,118408,FAULT,-0.9304,-0.9330,-5.8500,1.4746,0.00,0,-6.2624,34,1,0,1.4746,1.4746,0,16.1719,16.5234,idle
TEL,118508,FAULT,-0.9304,-0.9313,-5.8500,1.4746,0.00,0,-6.2624,13,1,0,1.4746,1.4746,0,16.1719,16.5234,idle
TEL,118608,FAULT,-0.9304,-0.9309,-5.8500,1.4746,0.00,0,-6.2624,32,1,0,1.4746,1.4746,0,16.2598,16.5234,idle
TEL,118708,FAULT,-0.9304,-0.9306,-5.8500,1.4746,0.00,0,-6.2624,4,1,0,1.4746,1.4746,0,16.1719,16.5234,idle
TEL,118808,FAULT,-0.8622,-0.9100,-5.8500,1.4746,0.00,0,-6.2624,23,1,0,1.4746,1.4746,0,16.2598,16.5234,idle
TEL,118908,FAULT,-0.8622,-0.8786,-5.8500,1.4746,0.00,0,-6.2624,4,1,0,1.4746,1.4746,0,16.2598,16.5234,idle
TEL,119008,FAULT,-0.8622,-0.8702,-5.8500,1.4746,0.00,0,-6.2624,24,1,0,1.4746,1.4746,0,16.2598,16.5234,idle
TEL,119108,FAULT,-0.8622,-0.8649,-5.8500,1.4746,0.00,0,-6.2624,4,1,0,1.4746,1.4746,0,16.2598,16.5234,idle
TEL,119208,FAULT,-0.9304,-0.8840,-5.8500,1.4746,0.00,0,-6.2624,24,1,0,1.4746,1.4746,0,16.1719,16.5234,idle
TEL,119308,FAULT,-0.9304,-0.9145,-5.8500,1.4746,0.00,0,-6.2624,4,1,0,1.4746,1.4746,0,16.2598,16.5234,idle
TEL,119408,FAULT,-0.9304,-0.9226,-5.8500,1.4746,0.00,0,-6.2624,23,1,0,1.4746,1.4746,0,16.2598,16.5234,idle
TEL,119508,FAULT,-0.9304,-0.9277,-5.8500,1.4746,0.00,0,-6.2624,4,1,0,1.4746,1.4746,0,16.1719,16.5234,idle
TEL,119608,FAULT,-0.9304,-0.9291,-5.8500,1.4746,0.00,0,-6.2624,24,1,0,1.4746,1.4746,0,16.2598,16.5234,idle
TEL,119708,FAULT,-0.8622,-0.8851,-5.8500,1.4746,0.00,0,-6.2624,4,1,0,1.4746,1.4746,0,16.2598,16.5234,idle
TEL,119808,FAULT,-0.8622,-0.8734,-5.8500,1.4746,0.00,0,-6.2624,24,1,0,1.4746,1.4746,0,16.2598,16.5234,idle
TEL,119908,FAULT,-0.8622,-0.8660,-5.8500,1.4746,0.00,0,-6.2624,3,1,0,1.4746,1.4746,0,16.2598,16.5234,idle
TEL,120008,FAULT,-0.8622,-0.8641,-5.8500,1.4746,0.00,0,-6.2624,23,1,0,1.4746,1.4746,0,16.2598,16.5234,idle
TEL,120108,FAULT,-0.8622,-0.8628,-5.8500,1.4746,0.00,0,-6.2624,4,1,0,1.4746,1.4746,0,16.2598,16.5234,idle
TEL,120208,FAULT,-0.8622,-0.8625,-5.8500,1.4746,0.00,0,-6.2624,24,1,0,1.4746,1.4746,0,16.2598,16.5234,idle
TEL,120308,FAULT,-0.9304,-0.8828,-5.8500,1.4746,0.00,0,-6.2624,4,1,0,1.4746,1.4746,0,16.2598,16.5234,idle
TEL,120408,FAULT,-0.9304,-0.9071,-5.8500,1.4746,0.00,0,-6.2624,24,1,0,1.4746,1.4746,0,16.1719,16.5234,idle
TEL,120508,FAULT,-0.9304,-0.9224,-5.8500,1.4746,0.00,0,-6.2624,3,1,0,1.4746,1.4746,0,16.1719,16.5234,idle
TEL,120608,FAULT,-1.2716,-1.1005,-5.8500,1.4746,0.00,0,-6.2624,23,1,0,1.4746,1.4746,0,16.2598,16.5234,idle
TEL,120708,FAULT,-1.2716,-1.2129,-5.8500,1.4746,0.00,0,-6.2624,3,1,0,1.4746,1.4746,0,16.2598,16.5234,idle
TEL,120808,FAULT,-1.2034,-1.2224,-5.8500,1.4746,0.00,0,-6.2624,24,1,0,1.4746,1.4746,0,16.2598,16.5234,idle
TEL,120908,FAULT,-1.2716,-1.2548,-5.8500,1.4746,0.00,0,-6.2624,3,1,0,1.4746,1.4746,0,16.2598,16.5234,idle
TEL,121008,FAULT,-0.9987,-1.1671,-5.8500,1.4746,0.00,0,-6.2624,23,1,0,1.4746,1.4746,0,16.1719,16.5234,idle
TEL,121108,FAULT,-0.9304,-1.0116,-5.8500,1.4746,0.00,0,-6.2624,3,1,0,1.4746,1.4746,0,16.2598,16.5234,idle
TEL,121208,FAULT,-0.9304,-0.9559,-5.8500,1.4746,0.00,0,-6.2624,23,1,0,1.4746,1.4746,0,16.1719,16.5234,idle
TEL,121308,FAULT,-0.9304,-0.9148,-5.8500,1.4746,0.00,0,-6.2624,3,1,0,1.4746,1.4746,0,16.2598,16.5234,idle
TEL,121408,FAULT,-0.8622,-0.8880,-5.8500,1.4746,0.00,0,-6.2624,24,1,0,1.4746,1.4746,0,16.2598,16.5234,idle
TEL,121508,FAULT,-0.8622,-0.8710,-5.8500,1.4746,0.00,0,-6.2624,3,1,0,1.4746,1.4746,0,16.2598,16.5234,idle
TEL,121608,FAULT,-0.8622,-0.8665,-5.8500,1.4746,0.00,0,-6.2624,23,1,0,1.4746,1.4746,0,16.2598,16.5234,idle
SET,121697,0.0000,3.2657,-6.2624
TEL,121708,FAULT,-0.8622,-0.8637,-5.8500,1.4746,0.00,0,0.0000,3,1,0,1.4746,1.4746,0,16.1719,16.5234,idle
TEL,121808,FAULT,-0.8622,-0.8629,-5.8500,1.4746,0.00,0,0.0000,23,1,0,1.4746,1.4746,0,16.2598,16.5234,idle
TEL,121908,FAULT,-0.8622,-0.8624,-5.8500,1.4746,0.00,0,0.0000,3,1,0,1.4746,1.4746,0,16.2598,16.5234,idle
TEL,122008,FAULT,-0.8622,-0.8623,-5.8500,1.4746,0.00,0,0.0000,23,1,0,1.4746,1.4746,0,16.2598,16.5234,idle
TEL,122108,FAULT,-0.8622,-0.8622,-5.8500,1.4746,0.00,0,0.0000,3,1,0,1.4746,1.4746,0,16.2598,16.5234,idle
TEL,122208,FAULT,-0.8622,-0.8622,-5.8500,1.4746,0.00,0,0.0000,23,1,0,1.4746,1.4746,0,16.1719,16.5234,idle
TEL,122308,FAULT,-0.8622,-0.8722,-5.8500,1.4746,0.00,0,0.0000,3,1,0,1.4746,1.4746,0,16.2598,16.5234,idle
TEL,122408,FAULT,-0.9304,-0.9019,-5.8500,1.4746,0.00,0,0.0000,23,1,0,1.4746,1.4746,0,16.2598,16.5234,idle
TEL,122508,FAULT,-0.8622,-0.8858,-5.8500,1.4746,0.00,0,0.0000,3,1,0,1.4746,1.4746,0,16.2598,16.5234,idle
TEL,122608,FAULT,-0.9304,-0.9086,-5.8500,1.4746,0.00,0,0.0000,22,1,0,1.4746,1.4746,0,16.2598,16.5234,idle
TEL,122708,FAULT,-0.9304,-0.9229,-5.8500,1.4746,0.00,0,0.0000,3,1,0,1.4746,1.4746,0,16.2598,16.5234,idle
TEL,122808,FAULT,-0.9304,-0.9268,-5.8500,1.4746,0.00,0,0.0000,23,1,0,1.4746,1.4746,0,16.2598,16.5234,idle
TEL,122908,FAULT,-0.9304,-0.9292,-5.8500,1.4746,0.00,0,0.0000,3,1,0,1.4746,1.4746,0,16.2598,16.5234,idle
TEL,123008,FAULT,-0.9304,-0.9298,-5.8500,1.4746,0.00,0,0.0000,23,1,0,1.4746,1.4746,0,16.2598,16.5234,idle
TEL,123108,FAULT,-0.9304,-0.9302,-5.8500,1.4746,0.00,0,0.0000,2,1,0,1.4746,1.4746,0,16.2598,16.5234,idle
TEL,123208,FAULT,-0.9304,-0.9160,-5.8500,1.4746,0.00,0,0.0000,22,1,0,1.4746,1.4746,0,16.1719,16.5234,idle
TEL,123308,FAULT,-0.9304,-0.9255,-5.8500,1.4746,0.00,0,0.0000,3,1,0,1.4746,1.4746,0,16.2598,16.5234,idle
TEL,123408,FAULT,-0.9304,-0.9280,-5.8500,1.4746,0.00,0,0.0000,23,1,0,1.4746,1.4746,0,16.2598,16.5234,idle
TEL,123508,FAULT,-0.9304,-0.9296,-5.8500,1.4746,0.00,0,0.0000,3,1,0,1.4746,1.4746,0,16.1719,16.5234,idle
TEL,123608,FAULT,-0.9304,-0.9300,-5.8500,1.4746,0.00,0,0.0000,22,1,0,1.4746,1.4746,0,16.2598,16.5234,idle
TEL,123708,FAULT,-0.9304,-0.9303,-5.8500,1.4746,0.00,0,0.0000,2,1,0,1.4746,1.4746,0,16.2598,16.5234,idle
TEL,123808,FAULT,-0.9304,-0.9304,-5.8500,1.4746,0.00,0,0.0000,22,1,0,1.4746,1.4746,0,16.2598,16.5234,idle
TEL,123908,FAULT,-0.9304,-0.9304,-5.8500,1.4746,0.00,0,0.0000,2,1,0,1.4746,1.4746,0,16.2598,16.5234,idle
TEL,124008,FAULT,-0.9304,-0.9304,-5.8500,1.4746,0.00,0,0.0000,23,1,0,1.4746,1.4746,0,16.1719,16.5234,idle
TEL,124108,FAULT,-0.8622,-0.8956,-5.8500,1.4746,0.00,0,0.0000,3,1,0,1.4746,1.4746,0,16.2598,16.5234,idle
TEL,124208,FAULT,-0.8622,-0.8786,-5.8500,1.4746,0.00,0,0.0000,22,1,0,1.4746,1.4746,0,16.2598,16.5234,idle
TEL,124308,FAULT,-0.8622,-0.8678,-5.8500,1.4746,0.00,0,0.0000,2,1,0,1.4746,1.4746,0,16.1719,16.5234,idle
TEL,124408,FAULT,-0.8622,-0.8649,-5.8500,1.4746,0.00,0,0.0000,22,1,0,1.4746,1.4746,0,16.2598,16.5234,idle
TEL,124508,FAULT,-0.9304,-0.9080,-5.8500,1.4746,0.00,0,0.0000,2,1,0,1.4746,1.4746,0,16.2598,16.5234,idle
TEL,124608,FAULT,-0.8622,-0.8846,-5.8500,1.4746,0.00,0,0.0000,23,1,0,1.4746,1.4746,0,16.2598,16.5234,idle
TEL,124708,FAULT,-0.8622,-0.8699,-5.8500,1.4746,0.00,0,0.0000,2,1,0,1.4746,1.4746,0,16.2598,16.5234,idle
TEL,124808,FAULT,-0.8622,-0.8660,-5.8500,1.4746,0.00,0,0.0000,22,1,0,1.4746,1.4746,0,16.2598,16.5234,idle
TEL,124908,FAULT,-0.8622,-0.8635,-5.8500,1.4746,0.00,0,0.0000,2,1,0,1.4746,1.4746,0,16.2598,16.5234,idle
TEL,125008,FAULT,-0.8622,-0.8628,-5.8500,1.4746,0.00,0,0.0000,22,1,0,1.4746,1.4746,0,16.2598,16.5234,idle
TEL,125108,FAULT,-0.9304,-0.9072,-5.8500,1.4746,0.00,0,0.0000,2,1,0,1.4746,1.4746,0,16.1719,16.5234,idle
TEL,125208,FAULT,-0.9304,-0.9191,-5.8500,1.4746,0.00,0,0.0000,22,1,0,1.4746,1.4746,0,16.2598,16.5234,idle
TEL,125308,FAULT,-0.9304,-0.9265,-5.8500,1.4746,0.00,0,0.0000,2,1,0,1.4746,1.4746,0,16.2598,16.5234,idle
TEL,125408,FAULT,-0.9304,-0.9285,-5.8500,1.4746,0.00,0,0.0000,22,1,0,1.4746,1.4746,0,16.2598,16.5234,idle
TEL,125508,FAULT,-0.9304,-0.9298,-5.8500,1.4746,0.00,0,0.0000,2,1,0,1.4746,1.4746,0,16.2598,16.5234,idle
TEL,125608,FAULT,-0.9304,-0.9301,-5.8500,1.4746,0.00,0,0.0000,22,1,0,1.4746,1.4746,0,16.2598,16.5234,idle
TEL,125708,FAULT,-0.9304,-0.9303,-5.8500,1.4746,0.00,0,0.0000,2,1,0,1.4746,1.4746,0,16.2598,16.5234,idle
TEL,125808,FAULT,-0.9304,-0.9304,-5.8500,1.4746,0.00,0,0.0000,21,1,0,1.4746,1.4746,0,16.2598,16.5234,idle
TEL,125908,FAULT,-0.9304,-0.9304,-5.8500,1.4746,0.00,0,0.0000,2,1,0,1.4746,1.4746,0,16.2598,16.5234,idle
TEL,126008,FAULT,-0.9304,-0.9304,-5.8500,1.4746,0.00,0,0.0000,22,1,0,1.4746,1.4746,0,16.2598,16.5234,idle
OK,stopped
TEL,126108,FAULT,-0.9304,-0.9304,-5.8500,1.4746,0.00,0,0.0000,2,1,0,1.4746,1.4746,0,15.9961,16.5234,idle
TEL,126208,FAULT,-0.9304,-0.9448,-5.8500,1.4746,0.00,0,0.0000,22,1,0,1.4746,1.4746,0,16.2598,16.5234,idle
TEL,126308,FAULT,-0.9304,-0.9353,-5.8500,1.4746,0.00,0,0.0000,2,1,0,1.4746,1.4746,0,16.2598,16.5234,idle
TEL,126408,FAULT,-0.9304,-0.9328,-5.8500,1.4746,0.00,0,0.0000,21,1,0,1.4746,1.4746,0,16.2598,16.5234,idle
TEL,126508,FAULT,-1.2716,-1.0336,-5.8500,1.4746,0.00,0,0.0000,1,1,0,1.4746,1.4746,0,16.2598,16.5234,idle
TEL,126608,FAULT,-1.3399,-1.1755,-5.8500,1.4746,0.00,0,0.0000,22,1,0,1.4746,1.4746,0,16.2598,16.5234,idle
TEL,126708,FAULT,-1.3399,-1.2835,-5.8500,1.4746,0.00,0,0.0000,2,1,0,1.4746,1.4746,0,16.2598,16.5234,idle
TEL,126808,FAULT,-1.3399,-1.3123,-5.8500,1.4746,0.00,0,0.0000,22,1,0,1.4746,1.4746,0,16.2598,16.5234,idle
TEL,126908,FAULT,-1.3399,-1.2444,-5.8500,1.4746,0.00,0,0.0000,1,1,0,1.4746,1.4746,0,16.1719,16.5234,idle
TEL,127008,FAULT,-1.3399,-1.2931,-5.8500,1.4746,0.00,0,0.0000,21,1,0,1.4746,1.4746,0,16.1719,16.5234,idle
TEL,127108,FAULT,-0.9304,-1.0548,-5.8500,1.4746,0.00,0,0.0000,1,1,0,1.4746,1.4746,0,16.2598,16.5234,idle
TEL,127208,FAULT,-0.8622,-0.9709,-5.8500,1.4746,0.00,0,0.0000,22,1,0,1.4746,1.4746,0,16.2598,16.5234,idle
TEL,127308,FAULT,-0.8622,-0.8995,-5.8500,1.4746,0.00,0,0.0000,2,1,0,1.4746,1.4746,0,16.2598,16.5234,idle
TEL,127408,FAULT,-0.8622,-0.8805,-5.8500,1.4746,0.00,0,0.0000,22,1,0,1.4746,1.4746,0,16.2598,16.5234,idle
TEL,127508,FAULT,-0.8622,-0.8685,-5.8500,1.4746,0.00,0,0.0000,1,1,0,1.4746,1.4746,0,16.2598,16.5234,idle
TEL,127608,FAULT,-0.8622,-0.8509,-5.8500,1.4746,0.00,0,0.0000,21,1,0,1.4746,1.4746,0,16.2598,16.5234,idle
TEL,127708,FAULT,-0.8622,-0.8583,-5.8500,1.4746,0.00,0,0.0000,1,1,0,1.4746,1.4746,0,16.2598,16.5234,idle
TEL,127808,FAULT,-0.9304,-0.8808,-5.8500,1.4746,0.00,0,0.0000,21,1,0,1.4746,1.4746,0,16.2598,16.5234,idle
TEL,127908,FAULT,-1.2716,-1.1376,-5.8500,1.4746,0.00,0,0.0000,2,1,0,1.4746,1.4746,0,16.2598,16.5234,idle
TEL,128008,FAULT,-1.2716,-1.2059,-5.8500,1.4746,0.00,0,0.0000,21,1,0,1.4746,1.4746,0,16.2598,16.5234,idle
TEL,128108,FAULT,-1.2034,-1.2286,-5.8500,1.4746,0.00,0,0.0000,1,1,0,1.4746,1.4746,0,16.1719,16.5234,idle
TEL,128208,FAULT,-0.9304,-1.1339,-5.8500,1.4746,0.00,0,0.0000,21,1,0,1.4746,1.4746,0,16.2598,16.5234,idle
TEL,128308,FAULT,-0.9304,-1.0002,-5.8500,1.4746,0.00,0,0.0000,1,1,0,1.4746,1.4746,0,16.2598,16.5234,idle
TEL,128408,FAULT,-0.8622,-0.9441,-5.8500,1.4746,0.00,0,0.0000,21,1,0,1.4746,1.4746,0,16.2598,16.5234,idle
OK,driver_disabled
TEL,128508,FAULT,-0.9304,-0.9208,-5.8500,1.4746,0.00,0,0.0000,1,1,0,1.4746,1.4746,0,15.2930,16.5234,idle
TEL,128608,FAULT,-0.9304,-0.9257,-5.8500,1.4746,0.00,0,0.0000,21,1,0,1.4746,1.4746,0,15.2930,16.5234,idle
TEL,128708,FAULT,-0.9304,-0.9288,-5.8500,1.4746,0.00,0,0.0000,1,1,0,1.4746,1.4746,0,15.2930,16.5234,idle
TEL,128808,FAULT,-0.9304,-0.9296,-5.8500,1.4746,0.00,0,0.0000,21,1,0,1.4746,1.4746,0,15.2930,16.5234,idle
TEL,128908,FAULT,-0.9304,-0.9158,-5.8500,1.4746,0.00,0,0.0000,1,1,0,1.4746,1.4746,0,15.2930,16.5234,idle
TEL,129008,FAULT,-0.9304,-0.9233,-5.8500,1.4746,0.00,0,0.0000,21,1,0,1.4746,1.4746,0,15.2930,16.5234,idle
TEL,129108,FAULT,-0.9304,-0.9280,-5.8500,1.4746,0.00,0,0.0000,1,1,0,1.4746,1.4746,0,15.2930,16.5234,idle
TEL,129208,FAULT,-0.9304,-0.9292,-5.8500,1.4746,0.00,0,0.0000,21,1,0,1.4746,1.4746,0,15.2930,16.5234,idle
TEL,129308,FAULT,-0.9304,-0.9300,-5.8500,1.4746,0.00,0,0.0000,1,1,0,1.4746,1.4746,0,15.2930,16.5234,idle
TEL,129408,FAULT,-0.9304,-0.9302,-5.8500,1.4746,0.00,0,0.0000,21,1,0,1.4746,1.4746,0,15.2930,16.5234,idle
TEL,129508,FAULT,-0.9304,-0.9304,-5.8500,1.4746,0.00,0,0.0000,1,1,0,1.4746,1.4746,0,15.2930,16.5234,idle
TEL,129608,FAULT,-0.9304,-0.9304,-5.8500,1.4746,0.00,0,0.0000,14,1,0,1.4746,1.4746,0,15.2930,16.5234,idle
TEL,129708,FAULT,-0.8622,-0.8956,-5.8500,1.4746,0.00,0,0.0000,34,1,0,1.4746,1.4746,0,15.2930,16.5234,idle
TEL,129808,FAULT,-0.8622,-0.8736,-5.8500,1.4746,0.00,0,0.0000,21,1,0,1.4746,1.4746,0,15.2930,16.5234,idle
TEL,129908,FAULT,-0.8622,-0.8661,-5.8500,1.4746,0.00,0,0.0000,1,1,0,1.4746,1.4746,0,15.2930,16.5234,idle
TEL,130008,FAULT,-0.8622,-0.8641,-5.8500,1.4746,0.00,0,0.0000,21,1,0,1.4746,1.4746,0,15.2930,16.5234,idle
TEL,130108,FAULT,-0.9304,-0.8833,-5.8500,1.4746,0.00,0,0.0000,1,1,0,1.4746,1.4746,0,15.2930,16.5234,idle
TEL,130208,FAULT,-0.9304,-0.9073,-5.8500,1.4746,0.00,0,0.0000,14,1,0,1.4746,1.4746,0,15.2930,16.5234,idle
TEL,130308,FAULT,-0.9304,-0.9191,-5.8500,1.4746,0.00,0,0.0000,34,1,0,1.4746,1.4746,0,15.2930,16.5234,idle
TEL,130408,FAULT,-0.9304,-0.9265,-5.8500,1.4746,0.00,0,0.0000,21,1,0,1.4746,1.4746,0,15.2930,16.5234,idle
OK,telemetry=0
 ALLBEAM_BOOT
HELP,keys
STATE,SAFE_DISABLED
SENSORS,angle=ad,os=admnMESte=.00,_c=.00,_il_m0000
es0,o_m=,ms=0
TSbts,rocairae=eslmtsclirte=e,sg_alibrtd=e
RGs-,=1
.24v1,=.00
,nl1FLT_INFO,bits=0
FAULT_INFO,none
ERR,unknown_command,try=h
,nnw_cman,r=h
EL,35,SF_DSBED0.00,.00,.00,.0000,.000,.00,000.000.0-,1.24,deERunnw_cmndtyhER,nwncman,r=h
EL450,SAFEDISBED,-13.4910,0.00000,00003110,.00,.0,,007916.5234,idle
EL,EDSABLD,13.89,-31,0.00000,0.00,,0.0000,2,1,0,0.000,0.000,0,0.0791653,iukoncomdryh
EAE_DISALE,-13.89,-13.491,0.0000,00000,00032100.0,.00,,-.87,652dE,75SAEDIAL-.491-34910.000,0.000,0.00.0000,1,00000-.76.524,idle
R,k_omndtryhER,unknon_ommad,rh
EL85,A_ISBLD,83.4891,0.00000.,0.00,0,.0000,321,.00,00000-.07,6.24,deE,5,SAF_DSALE,-381.8,0000,0.000,00,0,00000,11,0,0.0000,0.0000,0,00,623,ile
E,1050,SAFE_DISABLED,-13.4891,-13.4891,0.0000,0.0000,0.00,,0.0,,000,0.0000,0.87,16.5234,dle
EL1150,SFE_DISABLED,-13.489,-138000.00.000,0.000,11,1,0,0.0000,0.0000,0,-0.0879,16.523,
nknow_command,ty=h
R,unknwnomady=h
E,2ADIABLE,15-51,.000,0.00,00.00,3,100000.00,,091.23,dlE,3FEDSBD-1.56,0.000.0.00,,000,10,1,00.0000,0.000,0,0089,16.52dle
R,unknwnand,try=
unoncomndtyhEL,1,SAFE_DIABLED,5,13520,0.0000.000,00,,.000,301,,0.0000,0.00000.0795234,idle
E5SF_SBED-135577,1.5558,000,00,0.00,0,0.01,100000,0.0000,0,-0.0879,16.5234,idle
E,61,SAEIBLED,-13.577,-13.5560.0000,0.0000,0.00,0,0.0000,31,00000.,0-087,6.54idleR,ukon_comandtr=hEowncommndry=E1SEISBE.557,13554,0.0000,0.000,00.000,11,1,0,.0,0.0000,0-.0879,16.5234,idle
EL1851,SAFE_DISABLED,-1.55-1.57,.00,000000000.003110,.00,.000,008,16.5234,dle
E,1951,SAFE_DISABLED,-13.4891,-13.5227,0.0000,0.0000,0.00,0,0.0000,10,1,0,0.0000,0.0000,0,-0.0879,16.53,deE,5SAEISALE,-13500.00000,.00,3,,,.0000.0,-,lERR,ukow_omnd,tr=
E11SFE_I1411347,0.00000..00011,1,00,0.0000,0,-0.0879,16.5234,idle
E,21FE_DSBLD,-3.13.4190.0000,0.0000,0.00,0,0.00.0000,0.000,0,-879,16.5234,idle
RR,unknown_commnd,try=h
ommand,tr=h
E,25,AF_SLD,1.49,-3.90,0.00,.00,.0,,.001110,.00000,,-00791.2ide
E,25,SAFE_DISABLD,3.81,-13.4896,0.00,00,001,0,0.0000,0.00000.7,16.523,iEL5AE_DSLE,-348-89,00000000,0,0.0000,1,10.000,0.000,0,0.087,62known_ommandtry=hSAE_DISADSOSange=k,pos=ok,m=f
S,theta_deg=0.0000,_cm=-13.891xfitcm-3.83
l_m=1po_s=0mis=0
TS,is=
CAL,zero_calibrated=yes,limits_calibrated=yes,sign_calibrated=yes
SONAR_CFG,s=-1,u=1
ACT_CFG,t=16.5234,v=1,e=000TE,nbld1FUL_NO,it=
TINOnne
RRukow_oman,ryh
ESF_DSALD
NSR,nge=o,pos=ok,m=f
A,htadg=.0-349,xfitcm-3.82
,nl_m=4po_s13ms=0
T,is=0
AL,erocairte=eslmisclirte=essign_calibate=ysSONAR_CFG,s=-1,u=1
ACT_CFG,t=16.5234,v=1,e=0.000
TEL,enable=1
FAULT_INF,bts0
UTIn,BE,1349,-3482,0000,0.00000.0000.00,21,,.00,.00,0-.07,6524ile
K,a_reLE_DI.-.10.0,.00.0000,0,1,0,0.0000,0.0000,0,-16.4355,0.0000,idle
E,892SFDSAB,6136-0.000.0,0,000,310.0000,0.000,06.435.e
nowncomman,tr=EbokeL,r
BLOC,sg
E2,SAF_DABED-6-.36,0000,0.0000,0.00,0,0.0000,23,1,0,0.0000,0.0000,0,164550000ide
EL39,SF_DSBLD-.6-6.3660.000,0.000.000.00,,,,.00,.00,0-164550000ide
cman,rRR,unknownmnryh
EL312,AF_ISBE,-.3661360000000,00,00.00,3,,,.00,,.4355,0.0000,idle
EL322SF_DSBLD-.16-.36,.00,000,.0,0,0.0000,3,1,0,000000000-1.35,.00,e
wn_commad,try=h
nwncmad,rE,39,AF_DSBED-.1-13600000000,.00,.0002,10000000,0-643,.00,de
L,42SFEDISABLED,-6.1366,-6.1366,0.0000,0.0000,0.00,0,0.00,1,,.00,000-1.35,.00,dlRRcpur___fsERunnwn_comndty=E,AFE_DISABLD,-6.1366-6.13660.000,.000.0,0.00002,1,0,0.0000,000,0,64,0.000ide
E6SFEDIED,136-6.13,0.0,.00,0.0,,000003,,0.000.00,-16.4355,0.0000,idle
EL,372,SAFEDSALD-616-6.1366,0.0000,0.0000,0.00,0,0.0000,23,1,0,0.0000,0.0000,0,-16.435,0000ile
EL,39,SFEDIAD-.36,6.36,000,.00,.0,000003,000,00000-1.350.00ideER,nnw=Rnknowncomnry=EL,9SFE_DISBLE6,.136,000,000,.000,0.000,2,10,.00,.00,,-643.0000,idle
E49,SF_ILE,6166-.360,.00,.0,,.00,,1000,.00,,-645,.00,dlER,nko_omn,try=h
man,yEL,192,SAE_DIALD,-6.13,-.1660.000,00000.00,0,.0000,00,.00,,-.45,.000il
,unknown_command,try=h
ERkn_cmad,ty=EL,29,AFSE,6136-6.360.000.00,.0,,000,,,00.00,.00,,-6.35,.00,deER,nnwmadtr=
cmad,r=
E,4392,SAFE_DISABLED,-6.1366,-6.1366,0.0000,0.0000,0.00,0,0.00,3,,000000-643000,dlE,492SAF_DSBLED-6.1366,-6.1366,0.0000,0.0000,0.00,0,0.0000,2,1,0,000.00,0,-164300,id
TL,4592,AFEDSABED,-6.1366,-.1360.000,00,000002210,.000.000,0,1645,.00,dl
ncomn,ryh
Runknon_oman,ryhEL,69,SFEDSBLD-.36,6166000000000.00,0,0.000,,100.000.000-6.35,.00,de
EL492SAE_DISABLED,-6.1366,-6.1366,0.0000,0.0000,0.00,0,0.0000,23,1,0,0.0000,000,0-1.3,.00,dl
E492,SAE_DE36-6.16.00,0.0000.00,,0000,,1,0,00000,00000,-35,.00ieEunkon_omanty
own_om,ty=E,49,F_SABE,-.66,.360.0,0.002,0,0.0000,0.0000,0,-16.4355,0.0000,idle
EL,502ASD,-6.1666.1660.000000,0.0,0,0.000,2100,.0000,0,-6350,deERnn_omand,try=h
,o_comand,ty=
EL,519,SAFEDSLD-3-.136,.0000,0.,0,0.000,22,,0,0.0,0.000,,.50.0,idleEL,5292,SAFE_ISABLE,-6.300000,0.0000,0.00,0,0.0000,3,1,0,0.0000,0.0000,0,-16.435,0.000lE,32,SAE_DSL61366,6.1366,00.0000.0,0.0023,,0000,0.0,-16.4355,0.00,ERR,_command,tr=h
mmand,tryh
EL54AALE,-.6,-.10.000,.,0000000,.0,0,-16.5234,0.0000,idle
EL,59,AF_DSBLD-616,-36000,000,.0,,.20,000,1.35,.000il
_omadtr=,ukow_omadtr=h
EL592SFEDSALD,6166-.36,.00,.00,00,0000,,,0000000000-6.4355,0.0000,idleEL5792,SAFE_DISABLED,-6.1366,-6.1366,0.0000,0.0000,0.00,0,0.0000,221,00.00,.000,1.50000ide
EL582SAE_DIALE,-6136-616,000,.00,.0,,.00,,1000000,-64350000ide
koncomnd,try=h
nnwncomadty=EL592SAEDIAL.6,61360.00,.00,,.0002,100.0000,0.0000,0,-16.4355,0.0000,idle
EL609,AF_IABE,-136-.16,.00,.00,.0,,.00,2,,00000,.00,,-645,.00ide
om,r=h
w_cmad,r
EL692SFEDSBL,-6166-61660.00,.00,.0,,.00,2,,,.00,000,,-64350.00,dlERR,unknown_command,try=h
E692SF_DSBED,6.36,.00,.0.0000,,1000000000,1.4550.00,idleERunnwncmmn,tyhERuknwncman,ryhEL,39,AF_DSBL-.36,6136,.00,.00,.0,,.00,2,,0000000000-1.43550.000ide
EL,692SFEDSALD-6.1366,-6.1366,0.0000,0.0000,0.00,0,0.0000,1,1,0,0.0000,0.000,164350000,E52,AE_IABLED,136,61660.00,..0,0,.0000,21,1,,0000,.00,,1.45,.00,l
mman,r=h
,ukon_mmn,r=h
E,62ISBE,-.02,61520.00,.00,.0,,.000,2,,00.00,.00,,-16.4355,0.0000,idle
EL,692SFEDSALE,-.02,61870.000,.0000000000,221,000000.00,,1.45,000,il
oncmmn,ryh
unkon_omdr=
L,82SFE_DSBLD-661,000,0.0000,000,0,.00210,.00,.,1.35,.00,deEL69,SE_DISABLED,-6.2052,-6.1768,0.0000,0.0000,0.00,0,0.0000,2110,.000,.,0,1655000i
R,ukon_commad,r=
try=hEL,7092,SAFD,-61,650,0.000,0.00,0,0.00001,00,,-6.350.00,d
EL,SBLED,6.136-.3.000,0.0000,0.00,0,0.0000,21,1,0,0.0000,0.0000,0,-16.35,.00,d
E,FSAB-.1366,-.38,.000,.,0,000.430.00,ile
,unkown_comand,ry=h
R,nknow_command,try=
E,739,SAFABLE.66-6.377,000,0.0000,0.00,0,0.002,,,016.4355,0.0000,idle
E42FE_DSBLE,-.1330,0.000000000,0.00,0,0.00002,10,0.000,0.000,6455,0.000,ile
nknown_cmd,r=h
_cman,r=h
L759,_SABED,-6.1366-6.136800.0000,0.00,000200000,00,-.4355,0000idle
E,762,FIL,66,6.,0.0000,0.0000,0.00,0,0.0000,1,1,0,0.0000,0.00,0.50000,ileEL79,SFEDSB,613,-.36,.0000,.0,,.00,1.,.00,0-65,.00ide
comnd
ERR,unknwn_comad,r=
E,89,SE_DIABE,,-6,0.0000.00,0,0.00,2,,00,.00,-16455,0.000,idleE,792,AEDIALE,6.1366,-6.1366,0.000,0.000.00,0,0.0000,22,1,0,.00000000,,-64355,0.00,deRkory
unnw_cnrh
E802SFEIABE,-.36,6.36,.00,.00,.0,,.00,1,1,000,0.000155,.000,dle
EL,8192,SAFE_DISABLED,-6.1366,-6.1366,0.0000,0.0000,0.00,0,0.0000,21,1,0,0.000,000,0,160,dRR,unknon_oma,=ER,nw_ommnd,try=h
EL892SAEDIALE,6.36,61100,.000,.00,0.000,,1645500,ilEL892SF_DSB-625,.18,.00,000,.0,,.000,21,1,0,0.0000,0.0000,0,-16.35,.00,de
E89,AF_DISABED,-6.136,.151000000.00,00,00.00,11,0,0.0000,.,0,-1.i
E,92SFEDSBLD-3-6137000000000000,.00,110,.00,.0055,0.0000,idle
EL,62SAEALE,-.36-130,0000,0.0000,000,0,0.00011,,0000.000,,.4355000,dleERknown_commad,tr=
nown_omad,tr=
