BALL_BEAM_REF_BOOT
HOST_START_READY
REF_CFG,profile=center_far_near_90s,center_cm=13.0000,near_cm=9.0000,far_cm=17.0000,segment_ms=30000
REF,1802,13.0000,hold_center
TEL,1805,17.4461,16.6961,-3.0045,0.0000,0,0.000000
TEL,1905,17.8316,17.4262,-4.4262,48.0000,-1,-0.001963
TEL,2006,12.1313,16.2201,-4.7433,96.0000,-49,-0.096211
TEL,2106,16.7781,16.1011,-3.1011,144.0000,-97,-0.190459
TEL,2206,17.8316,17.3274,-4.0178,160.0000,-145,-0.284707
TEL,2306,17.9637,17.6797,-4.6797,158.1959,-159,-0.312196
TEL,2406,14.9370,15.6105,-3.2866,110.1959,-157,-0.308269
TEL,2506,17.0154,16.4698,-3.4698,69.9732,-109,-0.214021
TEL,2606,17.8974,17.4734,-4.2467,99.9672,-71,-0.139408
TEL,2706,18.1652,17.7618,-4.7618,113.1448,-101,-0.198313
TEL,2806,14.7042,15.5156,-2.5156,65.1448,-112,-0.219911
TEL,2906,17.8316,17.3239,-4.3239,86.9901,-66,-0.129591
TEL,3006,18.0975,17.7273,-4.7273,103.4096,-88,-0.172788
TEL,3106,14.9843,14.8247,-1.8247,75.4096,-102,-0.200277
TEL,3206,17.0757,16.2234,-3.2234,106.6726,-76,-0.149226
TEL,3306,17.8974,17.4791,-4.4791,131.5992,-108,-0.212057
TEL,3406,18.0304,17.7919,-4.7919,130.6310,-131,-0.257218
TEL,3506,16.7197,16.2542,-3.2542,103.6970,-130,-0.255254
TEL,3606,17.5093,16.9706,-3.9706,120.9551,-105,-0.206167
TEL,3706,17.8974,17.5832,-4.5832,127.5720,-122,-0.239546
TEL,3806,18.0304,17.7837,-4.7837,125.0967,-127,-0.249364
TEL,3906,18.0304,17.8937,-4.8937,120.2839,-124,-0.243473
TEL,4006,18.1652,17.9524,-4.9524,116.7797,-119,-0.233656
TEL,4106,18.0304,17.9867,-4.9867,112.6999,-116,-0.227765
TEL,4206,18.0304,17.9954,-4.9954,109.3746,-112,-0.219911
TEL,4306,18.0975,18.0203,-5.0203,107.5275,-108,-0.212057
TEL,4406,18.0304,18.0270,-5.0270,105.6604,-107,-0.210094
TEL,4506,18.0304,18.0319,-5.0319,104.3114,-105,-0.206167
TEL,4606,18.0304,18.0395,-5.0395,103.4066,-103,-0.202240
TEL,4706,18.0975,18.0416,-5.0416,102.8654,-103,-0.202240
TEL,4806,18.0975,18.0472,-5.0472,102.5386,-103,-0.202240
TEL,4907,18.0975,18.0479,-5.0479,102.2266,-102,-0.200277
TEL,5007,18.1652,18.0552,-5.0552,102.2600,-102,-0.200277
TEL,5107,18.0975,18.0604,-5.0604,102.1280,-102,-0.200277
TEL,5207,18.0975,18.0634,-5.0634,102.0084,-102,-0.200277
TEL,5307,18.0975,18.0673,-5.0673,101.9484,-102,-0.200277
TEL,5407,18.0975,18.0695,-5.0695,101.8875,-102,-0.200277
TEL,5507,18.1652,18.0749,-5.0749,102.0267,-102,-0.200277
TEL,5607,13.8370,17.9229,-4.9229,91.6390,-101,-0.198313
TEL,5707,16.8960,17.1894,-4.1894,74.0181,-91,-0.178678
TEL,5807,17.7663,17.4043,-4.4043,86.0856,-75,-0.147262
TEL,5907,17.9637,17.6591,-4.6591,95.3379,-87,-0.170824
TEL,6007,11.3747,14.5054,-1.5054,67.3379,-94,-0.184569
TEL,6107,17.3833,16.8481,-3.8481,27.8901,-66,-0.129591
TEL,6207,17.8974,17.4354,-4.4354,65.9293,-29,-0.056941
TEL,6307,12.8068,16.4494,-3.4494,17.9293,-65,-0.127627
TEL,6407,15.7297,15.5358,-2.5358,6.4009,-17,-0.033379
TEL,6507,17.5729,16.9621,-3.9621,54.4009,-7,-0.013744
TEL,6607,17.8974,17.4786,-4.4786,90.2090,-55,-0.107992
TEL,6707,11.5189,14.2993,-1.2993,62.2090,-89,-0.174751
TEL,6807,16.8368,16.1142,-3.1142,24.5319,-61,-0.119773
TEL,6907,17.8316,17.4620,-4.4620,72.5319,-26,-0.051051
TEL,7007,18.0304,17.7518,-4.7518,89.3473,-74,-0.145299
TEL,7107,15.7297,15.2569,-2.2569,74.2786,-88,-0.172788
TEL,7207,17.3833,16.6201,-3.6201,122.2786,-75,-0.147262
TEL,7307,17.9637,17.6490,-4.6490,137.7983,-123,-0.241510
TEL,7407,12.6315,16.3698,-3.3698,89.7983,-137,-0.268999
TEL,7507,17.1976,16.5444,-3.5444,74.8432,-89,-0.174751
TEL,7607,17.7663,17.2580,-4.2580,102.9011,-76,-0.149226
TEL,7707,18.0304,17.7513,-4.7513,112.9151,-104,-0.204204
TEL,7808,13.7554,16.8909,-3.8909,64.9151,-112,-0.219911
TEL,7908,17.4461,16.9558,-3.9558,65.3806,-65,-0.127627
TEL,8008,17.8316,17.3480,-4.3480,85.7352,-66,-0.129591
TEL,8108,12.2939,16.3269,-3.3269,37.7352,-85,-0.166897
TEL,8208,16.7197,15.9738,-2.9738,50.6900,-39,-0.076576
TEL,8308,17.5729,17.1032,-4.1032,89.2947,-52,-0.102102
TEL,8408,17.8974,17.5468,-4.5468,103.9647,-90,-0.176715
TEL,8508,11.5482,16.2625,-3.2625,55.9647,-103,-0.202240
TEL,8608,17.7014,16.8068,-3.8068,52.2212,-55,-0.107992
TEL,8708,17.8316,17.4631,-4.4631,79.7816,-53,-0.104065
TEL,8808,18.0304,17.6981,-4.6981,92.4569,-81,-0.159043
TEL,8908,16.2107,16.2906,-3.2906,61.1813,-91,-0.178678
TEL,9008,17.3833,16.8468,-3.8468,85.8856,-62,-0.121737
TEL,9108,17.8974,17.5004,-4.5004,104.0530,-87,-0.170824
TEL,9208,13.7554,16.6527,-3.6527,56.0530,-103,-0.202240
TEL,9308,16.9555,16.3288,-3.3288,57.9637,-57,-0.111919
TEL,9408,17.6369,17.0629,-4.0629,89.9731,-59,-0.115846
TEL,9508,17.9637,17.6590,-4.6590,105.3993,-91,-0.178678
TEL,9608,13.9610,16.8362,-3.8362,57.3993,-104,-0.204204
TEL,9708,17.3833,16.9498,-3.9498,60.2386,-58,-0.113883
TEL,9808,17.7663,17.2782,-4.2782,79.6164,-61,-0.119773
TEL,9908,13.0599,16.4991,-3.4991,31.6164,-79,-0.155116
TEL,10008,17.2591,16.3063,-3.3063,72.4758,-33,-0.064795
TEL,10108,17.5729,17.2097,-4.2097,98.4096,-73,-0.143335
TEL,10208,17.8974,17.5525,-4.5525,107.9087,-99,-0.194386
TEL,10308,11.6965,14.5804,-1.5804,79.9087,-107,-0.210094
TEL,10408,16.7197,16.1952,-3.1952,31.9087,-79,-0.155116
TEL,10508,17.8974,17.5255,-4.5255,65.4232,-33,-0.064795
TEL,10608,18.0304,17.7793,-4.7793,82.5157,-66,-0.129591
TEL,10708,16.7781,16.2162,-3.2162,73.1614,-82,-0.161007
TEL,10808,17.5093,17.0674,-4.0674,101.1590,-74,-0.145299
TEL,10908,17.9637,17.6056,-4.6056,112.9527,-102,-0.200277
TEL,11008,12.6315,16.4719,-3.4719,64.9527,-112,-0.219911
TEL,11108,17.2591,16.5837,-3.5837,66.0879,-66,-0.129591
TEL,11208,17.7663,17.2959,-4.2959,95.6697,-67,-0.131554
TEL,11308,18.1652,17.8054,-4.8054,109.5270,-97,-0.190459
TEL,11408,15.4235,15.9434,-2.9434,61.5269,-109,-0.214021
TEL,11508,17.5093,16.8088,-3.8088,83.6150,-63,-0.123700
TEL,11608,17.8316,17.3345,-4.3345,103.2149,-85,-0.166897
TEL,11708,14.0870,16.7230,-3.7230,55.2149,-102,-0.200277
TEL,11808,17.1364,16.0917,-3.0917,103.2149,-56,-0.109956
TEL,11908,17.7663,17.3920,-4.3920,136.5827,-104,-0.204204
TEL,12008,17.9637,17.7407,-4.7407,134.4827,-136,-0.267035
TEL,12108,13.9194,15.3223,-2.3223,86.4827,-133,-0.261145
TEL,12208,16.8960,16.2578,-3.2578,67.3026,-85,-0.166897
TEL,12308,17.8316,17.3607,-4.3607,101.3318,-68,-0.133518
TEL,12408,17.9637,17.6658,-4.6658,109.2567,-102,-0.200277
TEL,12508,18.0975,17.8841,-4.8841,111.7506,-110,-0.215984
TEL,12608,18.0304,17.9442,-4.9442,109.7983,-111,-0.217948
TEL,12708,18.0975,17.9932,-4.9932,108.3926,-109,-0.214021
TEL,12808,18.0975,18.0087,-5.0087,106.7816,-107,-0.210094
TEL,12908,18.0304,18.0144,-5.0144,105.0805,-106,-0.208131
TEL,13008,18.0975,18.0219,-5.0219,104.1509,-104,-0.204204
TEL,13108,18.1652,18.0413,-5.0413,103.9011,-104,-0.204204
TEL,13208,18.0975,18.0529,-5.0529,103.4050,-103,-0.202240
TEL,13308,18.0975,18.0607,-5.0607,102.9994,-103,-0.202240
TEL,13408,18.0304,18.0645,-5.0645,102.4743,-102,-0.200277
TEL,13508,18.0304,18.0694,-5.0694,102.1357,-102,-0.200277
TEL,13608,18.0975,18.0721,-5.0721,102.0387,-102,-0.200277
TEL,13708,18.1652,18.0755,-5.0755,102.1318,-102,-0.200277
TEL,13808,18.1652,18.0803,-5.0803,102.2281,-102,-0.200277
TEL,13908,18.0975,18.0824,-5.0824,102.1229,-102,-0.200277
TEL,14008,18.0304,18.0810,-5.0810,101.8692,-102,-0.200277
TEL,14108,18.0304,18.0780,-5.0780,101.6579,-102,-0.200277
TEL,14208,18.0975,18.0793,-5.0793,101.6886,-102,-0.200277
TEL,14308,15.3238,16.7983,-3.7983,53.6886,-101,-0.198313
TEL,14408,17.3210,17.0027,-4.0027,67.2682,-55,-0.107992
TEL,14508,17.9637,17.4959,-4.4959,88.2166,-68,-0.133518
TEL,14608,18.1652,17.7437,-4.7437,99.7170,-89,-0.174751
TEL,14708,16.6040,16.1576,-3.1576,81.9536,-99,-0.194386
TEL,14808,17.5729,16.9150,-3.9150,108.9690,-83,-0.162970
TEL,14908,18.0304,17.6258,-4.6258,122.8608,-110,-0.215984
TEL,15008,11.7872,14.8418,-1.8418,94.8608,-122,-0.239546
TEL,15108,17.3833,16.6052,-3.6052,48.1301,-94,-0.184569
TEL,15208,17.8316,17.3507,-4.3507,84.2223,-50,-0.098175
TEL,15308,18.1652,17.8219,-4.8219,100.4711,-85,-0.166897
TEL,15408,15.6264,15.9101,-2.9101,52.4711,-99,-0.194386
TEL,15508,17.5729,16.9715,-3.9715,86.8627,-53,-0.104065
TEL,15608,17.9637,17.4762,-4.4762,105.6507,-88,-0.172788
TEL,15708,11.5775,16.1685,-3.1685,57.6507,-105,-0.206167
TEL,15808,16.4899,16.1675,-3.1675,27.5404,-57,-0.111919
TEL,15908,17.7014,17.1254,-4.1254,70.3602,-29,-0.056941
TEL,16008,18.0304,17.5783,-4.5783,92.3109,-71,-0.139408
TEL,16108,15.1281,15.6695,-2.6695,44.3109,-91,-0.178678
TEL,16208,17.0757,16.4918,-3.4918,69.5351,-45,-0.088357
TEL,16308,17.8316,17.4288,-4.4288,98.3036,-71,-0.139408
TEL,16408,18.3018,17.7961,-4.7961,112.1651,-99,-0.194386
TEL,16508,16.5468,16.0253,-3.0253,91.2660,-111,-0.217948
TEL,16608,17.5093,16.8398,-3.8398,117.4086,-92,-0.180642
TEL,16708,18.0304,17.6546,-4.6546,130.6138,-118,-0.231692
TEL,16808,13.0232,16.5444,-3.5444,82.6138,-130,-0.255254
TEL,16908,17.3210,16.4526,-3.4526,71.7988,-82,-0.161007
TEL,17008,17.8316,17.2368,-4.2368,103.1944,-73,-0.143335
TEL,17108,18.1652,17.8007,-4.8007,116.1511,-104,-0.204204
TEL,17208,15.4235,15.8070,-2.8070,68.1511,-115,-0.225802
TEL,17308,17.5093,16.8250,-3.8250,90.7756,-69,-0.135481
TEL,17408,17.8974,17.4093,-4.4093,110.1224,-92,-0.180642
TEL,17508,12.1635,16.2672,-3.2672,62.1224,-109,-0.214021
TEL,17608,16.4899,16.2169,-3.2169,34.6502,-61,-0.119773
TEL,17708,17.8316,17.2187,-4.2187,77.3268,-36,-0.070686
TEL,17808,18.0304,17.6378,-4.6378,95.8904,-78,-0.153153
TEL,17908,14.5678,15.5265,-2.5265,47.8904,-95,-0.186532
TEL,18008,17.0757,16.5499,-3.5499,61.5813,-49,-0.096211
TEL,18108,17.8974,17.4538,-4.4538,93.2402,-63,-0.123700
TEL,18208,18.2332,17.7909,-4.7909,106.9505,-94,-0.184569
TEL,18308,16.7197,16.0323,-3.0323,98.1714,-106,-0.208131
TEL,18408,17.5729,16.9514,-3.9514,125.7292,-99,-0.194386
TEL,18508,18.0304,17.6439,-4.6439,134.4728,-127,-0.249364
TEL,18608,12.6315,16.4208,-3.4208,86.4728,-133,-0.261145
TEL,18708,17.0154,16.4969,-3.4969,64.7898,-85,-0.166897
TEL,18808,17.7014,17.1559,-4.1559,93.8336,-66,-0.129591
TEL,18908,18.0304,17.7141,-4.7141,107.9115,-95,-0.186532
TEL,19008,15.1766,15.8979,-2.8979,59.9115,-107,-0.210094
TEL,19108,17.4461,16.8801,-3.8801,78.3473,-61,-0.119773
TEL,19208,17.8974,17.3767,-4.3767,99.2885,-79,-0.155116
TEL,19308,13.6348,16.6391,-3.6391,51.2885,-98,-0.192423
TEL,19408,16.6040,15.7236,-2.7236,91.1498,-52,-0.102102
TEL,19508,17.7014,17.2788,-4.2788,126.2494,-92,-0.180642
TEL,19608,17.9637,17.6356,-4.6356,128.9056,-127,-0.249364
TEL,19708,14.3455,15.3214,-2.3214,80.9056,-128,-0.251327
TEL,19808,16.9555,16.2798,-3.2798,74.9907,-80,-0.157080
TEL,19908,17.8974,17.4402,-4.4402,107.7899,-76,-0.149226
TEL,20008,17.9637,17.7176,-4.7176,112.7096,-109,-0.214021
TEL,20108,16.1559,15.8883,-2.8883,82.9546,-112,-0.219911
TEL,20208,17.4461,16.7816,-3.7816,112.8558,-84,-0.164934
TEL,20308,18.0304,17.6117,-4.6117,128.1716,-114,-0.223838
TEL,20408,13.4381,16.5966,-3.5966,80.1716,-127,-0.249364
TEL,20508,16.8368,16.4399,-3.4399,63.7505,-79,-0.155116
TEL,20608,17.6369,17.1479,-4.1479,92.6119,-65,-0.127627
TEL,20708,18.0975,17.7333,-4.7333,108.5623,-94,-0.184569
TEL,20808,11.3747,14.2332,-1.2332,80.5623,-108,-0.212057
TEL,20908,17.5093,17.0047,-4.0047,32.9023,-80,-0.157080
TEL,21008,17.8316,17.5027,-4.5027,65.3389,-34,-0.066759
TEL,21108,18.2332,17.8764,-4.8764,85.4291,-66,-0.129591
TEL,21208,16.0473,16.5766,-3.5766,45.6547,-84,-0.164934
TEL,21308,17.7663,17.2160,-4.2160,76.7548,-47,-0.092284
TEL,21408,17.9637,17.5713,-4.5713,93.2095,-78,-0.153153
TEL,21508,18.0304,17.8326,-4.8326,100.5620,-94,-0.184569
TEL,21608,18.0304,17.9009,-4.9009,102.1386,-102,-0.200277
TEL,21708,18.0975,17.9779,-4.9779,103.4242,-103,-0.202240
TEL,21808,18.1652,18.0064,-5.0064,103.8897,-104,-0.204204
TEL,21908,18.0304,18.0132,-5.0132,103.0352,-103,-0.202240
TEL,22008,18.0304,18.0269,-5.0269,102.5327,-103,-0.202240
TEL,22108,18.1652,18.0369,-5.0369,102.6041,-103,-0.202240
TEL,22208,18.0304,18.0403,-5.0404,102.1075,-102,-0.200277
TEL,22308,18.1652,18.0501,-5.0501,102.2549,-102,-0.200277
TEL,22408,18.0304,18.0480,-5.0480,101.8073,-102,-0.200277
TEL,22508,18.0975,18.0519,-5.0519,101.7520,-102,-0.200277
TEL,22608,18.0975,18.0592,-5.0592,101.7840,-102,-0.200277
TEL,22708,18.1652,18.0672,-5.0672,101.9891,-102,-0.200277
TEL,22808,18.0975,18.0699,-5.0699,101.9176,-102,-0.200277
TEL,22908,18.1652,18.0733,-5.0733,102.0194,-102,-0.200277
TEL,23008,18.0304,18.0751,-5.0751,101.8093,-102,-0.200277
TEL,23108,18.0304,18.0700,-5.0700,101.5451,-102,-0.200277
TEL,23208,18.0304,18.0671,-5.0671,101.3787,-101,-0.198313
TEL,23308,11.8177,17.8398,-4.8398,85.9380,-100,-0.196350
TEL,23408,16.9555,17.4272,-4.4272,74.7598,-85,-0.166897
TEL,23508,17.8974,17.5373,-4.5373,84.5028,-76,-0.149226
TEL,23608,17.9637,17.6863,-4.6863,92.1191,-86,-0.168861
TEL,23708,14.7502,15.8534,-2.8534,44.1191,-91,-0.178678
TEL,23808,17.3833,16.7184,-3.7184,66.8647,-45,-0.088357
TEL,23908,17.8316,17.4869,-4.4869,92.1179,-68,-0.133518
TEL,24008,18.1652,17.7681,-4.7681,103.6932,-93,-0.182605
TEL,24108,16.6040,16.3919,-3.3919,80.9770,-103,-0.202240
TEL,24208,17.6369,17.0444,-4.0444,104.2639,-82,-0.161007
TEL,24308,18.0304,17.6494,-4.6494,117.0057,-105,-0.206167
TEL,24408,12.1635,16.3593,-3.3593,69.0057,-116,-0.227765
TEL,24508,17.2591,16.6515,-3.6515,53.6313,-68,-0.133518
TEL,24608,17.8316,17.2778,-4.2778,84.9666,-55,-0.107992
TEL,24708,13.5950,16.5331,-3.5331,36.9666,-84,-0.164934
TEL,24808,15.9401,15.2853,-2.2853,57.7365,-38,-0.074613
TEL,24908,17.7014,17.0940,-4.0940,105.7365,-59,-0.115846
TEL,25008,17.8974,17.5357,-4.5357,122.1098,-107,-0.210094
TEL,25108,11.9726,16.3086,-3.3086,74.1098,-121,-0.237583
TEL,25208,16.7197,16.2936,-3.2936,44.0512,-73,-0.143335
TEL,25308,17.8316,17.2848,-4.2848,83.0552,-45,-0.088357
TEL,25408,18.0304,17.6630,-4.6630,98.7527,-84,-0.164934
TEL,25508,14.7965,15.5509,-2.5509,50.7527,-98,-0.192423
TEL,25608,17.1976,16.6019,-3.6019,71.3487,-52,-0.102102
TEL,25708,17.9637,17.5493,-4.5493,100.8835,-72,-0.141372
TEL,25808,18.2332,17.8513,-4.8513,111.0527,-102,-0.200277
TEL,25908,16.7197,16.2934,-3.2934,88.5256,-110,-0.215984
TEL,26008,17.5729,16.9278,-3.9278,109.7277,-90,-0.176715
TEL,26108,18.0304,17.6082,-4.6082,122.8633,-111,-0.217948
TEL,26208,11.6665,16.1689,-3.1689,74.8633,-122,-0.239546
TEL,26308,17.3833,16.6844,-3.6845,63.9197,-74,-0.145299
TEL,26408,17.7014,17.3461,-4.3461,90.5456,-65,-0.127627
TEL,26508,18.1652,17.7956,-4.7956,104.7584,-92,-0.180642
TEL,26608,15.2254,15.7012,-2.7012,56.7584,-104,-0.204204
TEL,26708,17.6369,17.0155,-4.0155,86.9341,-58,-0.113883
TEL,26808,17.8974,17.4992,-4.4992,104.1883,-88,-0.172788
TEL,26908,11.9726,16.2605,-3.2605,56.1882,-103,-0.202240
TEL,27008,16.2658,16.0146,-3.0146,24.2166,-55,-0.107992
TEL,27108,17.8316,17.2370,-4.2370,72.2167,-25,-0.049087
TEL,27208,18.0304,17.6674,-4.6674,94.6085,-73,-0.143335
TEL,27308,14.7502,15.4211,-2.4211,46.6085,-94,-0.184569
TEL,27408,17.1976,16.3719,-3.3719,69.3908,-48,-0.094248
TEL,27508,17.8316,17.4190,-4.4190,100.4724,-70,-0.137445
TEL,27608,18.0975,17.7579,-4.7579,110.4121,-101,-0.198313
TEL,27708,16.2658,15.8308,-2.8308,85.0422,-109,-0.214021
TEL,27808,17.5093,16.8452,-3.8452,118.0962,-86,-0.168861
TEL,27908,17.9637,17.6465,-4.6465,129.5765,-119,-0.233656
TEL,28008,12.4269,16.3491,-3.3491,81.5765,-129,-0.253291
TEL,28108,17.0154,16.5377,-3.5377,57.6217,-81,-0.159043
TEL,28208,17.7663,17.2558,-4.2558,89.6871,-59,-0.115846
TEL,28308,18.0975,17.7620,-4.7620,104.6501,-91,-0.178678
TEL,28408,14.6585,15.4583,-2.4583,56.6501,-104,-0.204204
TEL,28508,17.5093,16.8894,-3.8894,75.9737,-58,-0.113883
TEL,28608,17.8974,17.4666,-4.4666,99.1338,-77,-0.151189
TEL,28708,12.0673,16.2694,-3.2694,51.1338,-98,-0.192423
TEL,28808,16.3771,15.8796,-2.8796,35.0301,-51,-0.100138
TEL,28908,17.7014,17.1236,-4.1236,82.9255,-36,-0.070686
TEL,29008,17.9637,17.5884,-4.5884,100.7693,-84,-0.164934
TEL,29108,14.0870,15.3505,-2.3505,52.7693,-100,-0.196350
TEL,29208,17.1364,16.3998,-3.3998,61.1136,-54,-0.106029
TEL,29308,17.8974,17.4761,-4.4761,95.7831,-62,-0.121737
TEL,29408,18.0304,17.7667,-4.7667,104.9054,-97,-0.190459
TEL,29508,15.7818,15.5356,-2.5356,70.3449,-104,-0.204204
TEL,29608,17.4461,16.6878,-3.6878,112.6916,-71,-0.139408
TEL,29708,17.9637,17.5828,-4.5828,128.8150,-113,-0.221875
TEL,29808,12.9867,16.4230,-3.4230,80.8150,-128,-0.251327
TEL,29908,16.9555,16.2810,-3.2810,62.8188,-80,-0.157080
TEL,30008,17.7014,17.1210,-4.1210,97.2934,-64,-0.125664
TEL,30108,18.0304,17.7218,-4.7218,111.1945,-98,-0.192423
TEL,30208,11.5189,14.0669,-1.0669,83.1945,-110,-0.215984
TEL,30308,17.5093,16.8268,-3.8268,37.3595,-82,-0.161007
TEL,30408,17.8316,17.4796,-4.4796,72.3729,-38,-0.074613
TEL,30508,12.5969,16.4277,-3.4277,24.3729,-71,-0.139408
TEL,30608,16.1559,15.3657,-2.3657,55.7702,-25,-0.049087
TEL,30708,17.7014,17.2657,-4.2657,103.7703,-57,-0.111919
TEL,30808,17.8974,17.6179,-4.6179,114.4847,-105,-0.206167
TEL,30908,18.0975,17.8351,-4.8351,115.8831,-115,-0.225802
TEL,31008,18.0304,17.9029,-4.9029,113.0711,-115,-0.225802
TEL,31108,18.1652,17.9700,-4.9700,111.5397,-112,-0.219911
TEL,31208,18.1652,18.0001,-5.0001,109.7050,-111,-0.217948
TEL,31308,18.0304,18.0150,-5.0150,107.3082,-109,-0.214021
TEL,31408,18.0975,18.0231,-5.0231,105.7810,-106,-0.208131
TEL,31508,18.0304,18.0292,-5.0292,104.3876,-105,-0.206167
TEL,31608,18.0975,18.0379,-5.0379,103.6630,-104,-0.204204
TEL,31708,18.1652,18.0441,-5.0441,103.2881,-103,-0.202240
REF,31799,17.0000,hold_far
TEL,31808,18.0975,18.0498,-1.0498,15.3753,-101,-0.198313
TEL,31908,18.0304,18.0502,-1.0502,15.2024,-27,-0.053014
TEL,32008,18.1652,18.0577,-1.0577,15.5980,-16,-0.031416
TEL,32108,18.0304,18.0628,-1.0628,15.4623,-15,-0.029452
TEL,32208,18.1652,18.0716,-1.0716,15.8351,-16,-0.031416
TEL,32308,18.0975,18.0776,-1.0776,15.8947,-16,-0.031416
TEL,32408,18.0975,18.0820,-1.0820,15.9421,-16,-0.031416
TEL,32508,18.0975,18.0863,-1.0863,15.9978,-16,-0.031416
TEL,32608,18.0975,18.0896,-1.0896,16.0501,-16,-0.031416
TEL,32708,12.1958,17.8750,-0.8750,-1.2579,-14,-0.027489
TEL,32808,16.8368,17.5016,-0.5016,-12.5612,3,0.005890
TEL,32908,17.7663,17.5491,-0.5491,-3.3020,11,0.021598
TEL,33008,18.0304,17.6811,-0.6811,6.2044,1,0.001963
TEL,33108,15.7818,16.3296,0.6704,-32.7503,-4,-0.007854
TEL,33208,17.1976,16.7910,0.2090,0.5505,31,0.060868
TEL,33308,17.8974,17.5026,-0.5026,14.4009,-3,-0.005890
TEL,33408,18.2332,17.7888,-0.7888,26.4996,-16,-0.031416
TEL,33508,16.4899,16.0349,0.9651,10.4617,-24,-0.047124
TEL,33608,17.5729,16.9844,0.0156,39.3493,-12,-0.023562
TEL,33708,18.0304,17.6938,-0.6938,56.3281,-41,-0.080503
TEL,33808,11.6665,14.4102,2.5898,-15.6719,-54,-0.106029
TEL,33908,17.3210,16.3579,0.6421,-32.0529,13,0.025525
TEL,34008,17.7663,17.2816,-0.2816,-4.0529,30,0.058905
TEL,34108,18.0304,17.8007,-0.8007,20.6368,2,0.003927
TEL,34208,15.3735,15.9390,1.0610,-19.3632,-19,-0.037306
TEL,34308,17.7014,17.1000,-0.1000,0.1814,17,0.033379
TEL,34408,17.8974,17.5523,-0.5523,21.3040,-2,-0.003927
TEL,34508,11.6965,16.3186,0.6814,-18.6960,-19,-0.037306
TEL,34608,16.7197,16.2068,0.7932,-42.2532,21,0.041233
TEL,34708,17.8316,17.2793,-0.2793,-14.2532,40,0.078540
TEL,34808,17.9637,17.6355,-0.6355,13.7468,12,0.023562
TEL,34908,15.3238,15.7534,1.2466,-26.2532,-12,-0.023562
TEL,35008,17.3210,16.6353,0.3647,1.3317,24,0.047124
TEL,35108,17.8974,17.5431,-0.5431,26.8828,-3,-0.005890
TEL,35208,18.3018,17.8411,-0.8411,36.4972,-29,-0.056941
TEL,35308,16.4899,16.1517,0.8483,9.5744,-34,-0.066759
TEL,35408,17.6369,16.8686,0.1314,34.6682,-12,-0.023562
TEL,35508,17.9637,17.6062,-0.6062,53.1690,-37,-0.072649
TEL,35608,11.6071,16.0993,0.9007,13.1690,-51,-0.100138
TEL,35708,17.3210,16.5931,0.4069,-26.8310,-11,-0.021598
TEL,35808,17.8316,17.3184,-0.3184,0.0367,25,0.049087
TEL,35908,18.0304,17.7877,-0.7877,18.2248,-2,-0.003927
TEL,36008,15.2254,15.7753,1.2247,-21.7752,-16,-0.031416
TEL,36108,17.7014,17.0621,-0.0621,0.0630,20,0.039270
TEL,36208,17.8974,17.5489,-0.5489,22.3477,-2,-0.003927
TEL,36308,11.4608,16.2590,0.7410,-17.6523,-20,-0.039270
TEL,36408,16.8368,16.2755,0.7245,-42.5001,20,0.039270
TEL,36508,17.8974,17.3406,-0.3406,-14.5001,41,0.080503
TEL,36608,18.0304,17.6776,-0.6776,13.4999,13,0.025525
TEL,36708,15.3238,15.7959,1.2041,-26.5001,-11,-0.021598
TEL,36808,17.1976,16.5372,0.4628,-4.0052,25,0.049087
TEL,36908,17.8316,17.4611,-0.4611,23.1083,2,0.003927
TEL,37008,18.0304,17.7312,-0.7312,29.6112,-25,-0.049087
TEL,37108,16.5468,16.0569,0.9431,14.0786,-28,-0.054978
TEL,37208,17.5093,17.0438,-0.0438,42.0786,-16,-0.031416
TEL,37308,17.9637,17.6312,-0.6312,53.8488,-44,-0.086394
TEL,37408,11.5482,16.1831,0.8169,13.8488,-52,-0.102102
TEL,37508,17.3210,16.5971,0.4029,-17.3689,-12,-0.023562
TEL,37608,17.7663,17.3020,-0.3020,0.0501,15,0.029452
TEL,37708,18.0304,17.7551,-0.7551,24.1620,-2,-0.003927
TEL,37808,15.2745,15.8567,1.1433,-15.8380,-22,-0.043197
TEL,37908,17.6369,16.9678,0.0322,0.0716,14,0.027489
TEL,38008,17.8974,17.5257,-0.5257,25.3489,-2,-0.003927
TEL,38108,12.4606,16.4345,0.5655,-14.6511,-23,-0.045160
TEL,38208,16.4899,16.0117,0.9883,-37.5433,17,0.033379
TEL,38308,17.7663,17.2349,-0.2349,-9.5433,36,0.070686
TEL,38408,17.9637,17.6228,-0.6228,18.4567,8,0.015708
TEL,38508,15.3238,15.9279,1.0721,-21.5433,-16,-0.031416
TEL,38608,17.0757,16.4276,0.5724,-8.4839,20,0.039270
TEL,38708,17.8316,17.3972,-0.3972,19.5161,6,0.011781
TEL,38808,18.1652,17.7457,-0.7457,33.1478,-22,-0.043197
TEL,38908,16.4899,16.0450,0.9550,12.0202,-31,-0.060868
TEL,39008,17.6369,16.8843,0.1157,40.4340,-14,-0.027489
TEL,39108,18.0304,17.6273,-0.6273,59.6661,-42,-0.082467
TEL,39208,12.0040,16.2660,0.7340,19.6661,-58,-0.113883
TEL,39308,17.1364,16.3784,0.6216,-16.9894,-18,-0.035343
TEL,39408,17.7663,17.1976,-0.1976,11.0106,15,0.029452
TEL,39508,18.1652,17.7974,-0.7974,33.9643,-13,-0.025525
TEL,39608,14.5228,15.2924,1.7076,-6.0357,-32,-0.062832
TEL,39708,17.5093,16.8315,0.1685,0.0257,4,0.007854
TEL,39808,17.8974,17.4394,-0.4394,25.8613,-2,-0.003927
TEL,39908,12.1958,13.8340,3.1660,-46.1386,-24,-0.047124
TEL,40008,18.0304,17.4709,-0.4709,-18.1386,41,0.080503
TEL,40108,18.0304,17.9659,-0.9659,6.9739,18,0.035343
TEL,40208,18.0975,18.0347,-1.0347,11.0441,-9,-0.017671
TEL,40308,18.0975,18.0514,-1.0514,12.8591,-13,-0.025525
TEL,40408,18.0304,18.0541,-1.0541,13.3680,-13,-0.025525
TEL,40508,18.0304,18.0595,-1.0595,13.8113,-14,-0.027489
TEL,40608,18.0304,18.0550,-1.0550,14.0789,-14,-0.027489
TEL,40708,18.0975,18.0590,-1.0590,14.6948,-15,-0.029452
TEL,40808,18.0304,18.0634,-1.0634,14.8623,-15,-0.029452
TEL,40908,18.0975,18.0764,-1.0764,15.3612,-15,-0.029452
TEL,41008,18.0975,18.0751,-1.0751,15.5867,-16,-0.031416
TEL,41108,18.1652,18.0848,-1.0848,16.0990,-16,-0.031416
TEL,41208,18.0304,18.0859,-1.0859,15.9568,-16,-0.031416
TEL,41308,18.0975,18.0874,-1.0874,16.0936,-16,-0.031416
TEL,41408,18.1652,18.0909,-1.0909,16.4161,-16,-0.031416
TEL,41508,18.1652,18.0942,-1.0942,16.6523,-17,-0.033379
TEL,41608,18.0975,18.0969,-1.0969,16.6687,-17,-0.033379
TEL,41708,18.0304,18.0924,-1.0924,16.4643,-16,-0.031416
TEL,41808,18.0975,18.0927,-1.0927,16.5407,-17,-0.033379
TEL,41908,17.8316,18.0671,-1.0671,15.6393,-16,-0.031416
TEL,42008,17.9637,18.0533,-1.0533,15.4116,-15,-0.029452
TEL,42108,11.4320,17.0855,-0.0855,-12.5884,-13,-0.025525
TEL,42208,16.8368,16.8179,0.1821,-29.8651,15,0.029452
TEL,42308,17.8316,17.3063,-0.3063,-9.0267,28,0.054978
TEL,42408,18.0975,17.6258,-0.6258,9.6027,7,0.013744
TEL,42508,16.3771,15.9386,1.0614,2.2918,-8,-0.015708
TEL,42608,17.3833,16.7871,0.2129,30.6241,-4,-0.007854
TEL,42708,17.8974,17.5261,-0.5261,50.2598,-33,-0.064795
TEL,42808,18.2332,17.8040,-0.8040,51.7714,-52,-0.102102
TEL,42908,16.8368,16.3575,0.6425,25.0105,-50,-0.098175
TEL,43008,17.5729,16.9965,0.0035,40.7589,-27,-0.053014
TEL,43108,18.0304,17.6463,-0.6463,56.8942,-43,-0.084430
TEL,43208,13.8781,15.0437,1.9563,16.8942,-55,-0.107992
TEL,43308,17.3833,16.6007,0.3993,-1.3635,-15,-0.029452
TEL,43408,17.7663,17.3119,-0.3119,26.6365,-1,-0.001963
TEL,43508,12.7714,16.2961,0.7039,-13.3635,-25,-0.049087
TEL,43608,15.6264,15.4839,1.5161,-53.3635,15,0.029452
TEL,43708,17.6369,16.9010,0.0990,-13.3635,51,0.100138
TEL,43808,13.7554,16.0024,0.9976,-53.3635,15,0.029452
TEL,43908,11.4320,14.8589,2.1411,-125.3635,55,0.107992
TEL,44008,17.0757,16.4082,0.5918,-96.0000,120,0.235619
TEL,44108,17.8974,17.4714,-0.4714,-68.0000,92,0.180642
TEL,44208,18.0975,17.7725,-0.7725,-40.0000,66,0.129591
TEL,44308,15.3735,15.3886,1.6114,-53.2136,42,0.082467
TEL,44408,17.3833,16.3703,0.6297,-13.2136,51,0.100138
TEL,44508,17.8974,17.5064,-0.5064,14.7864,11,0.021598
TEL,44608,18.2332,17.8198,-0.8198,39.6120,-17,-0.033379
TEL,44708,16.9555,16.5873,0.4127,19.8409,-38,-0.074613
TEL,44808,17.5729,17.0654,-0.0654,40.8957,-22,-0.043197
TEL,44908,18.0304,17.6268,-0.6268,47.2511,-43,-0.084430
TEL,45008,11.9726,14.6142,2.3858,-24.7489,-45,-0.088357
TEL,45108,17.3210,16.5783,0.4217,-33.5217,21,0.041233
TEL,45208,17.8974,17.3987,-0.3987,-5.5217,32,0.062832
TEL,45308,13.4770,16.5465,0.4535,-45.5217,8,0.015708
TEL,45408,15.5752,15.0819,1.9181,-38.1725,44,0.086394
TEL,45508,17.6369,17.0878,-0.0878,-10.1725,36,0.070686
TEL,45608,17.8974,17.5484,-0.5484,17.8275,8,0.015708
TEL,45708,13.6748,16.7631,0.2369,-22.1725,-16,-0.031416
TEL,45808,16.9555,16.6498,0.3502,-23.9033,24,0.047124
TEL,45908,17.8316,17.3042,-0.3042,0.0097,22,0.043197
TEL,46008,17.9637,17.6045,-0.6045,15.2762,-2,-0.003927
TEL,46108,15.5752,15.2451,1.7549,-5.5171,-13,-0.025525
TEL,46208,17.2591,16.5111,0.4889,34.4829,4,0.007854
TEL,46308,17.8974,17.4639,-0.4639,62.4829,-36,-0.070686
TEL,46408,18.1652,17.7769,-0.7769,62.9246,-63,-0.123700
TEL,46508,16.7781,16.3222,0.6778,29.0202,-61,-0.119773
TEL,46608,17.5729,16.9277,0.0723,43.3639,-31,-0.060868
TEL,46708,17.9637,17.5961,-0.5961,59.5969,-45,-0.088357
TEL,46808,11.5775,16.1357,0.8643,19.5969,-58,-0.113883
TEL,46908,17.1364,16.4559,0.5441,-20.4031,-18,-0.035343
TEL,47008,17.8316,17.1912,-0.1912,0.0076,18,0.035343
TEL,47108,18.1652,17.7818,-0.7818,24.5487,-2,-0.003927
TEL,47208,15.6779,15.9506,1.0494,-15.4513,-23,-0.045160
TEL,47308,17.5729,16.9852,0.0148,10.8343,13,0.025525
TEL,47408,17.8974,17.4741,-0.4741,29.9017,-13,-0.025525
TEL,47508,11.5482,16.1722,0.8278,-10.0983,-28,-0.054978
TEL,47608,16.4899,16.1414,0.8586,-50.0983,12,0.023562
TEL,47708,17.8316,17.2436,-0.2436,-22.0983,48,0.094248
TEL,47808,17.8316,17.5793,-0.5793,5.8433,20,0.039270
TEL,47908,15.7818,15.9566,1.0434,-29.2531,-4,-0.007854
TEL,48008,17.2591,16.5728,0.4272,2.3408,27,0.053014
TEL,48108,17.8974,17.3947,-0.3947,29.8372,-4,-0.007854
TEL,48208,18.1652,17.7351,-0.7351,38.4454,-32,-0.062832
TEL,48308,16.5468,16.1062,0.8938,13.9841,-36,-0.070686
TEL,48408,17.7014,16.9344,0.0656,41.4981,-16,-0.031416
TEL,48508,17.9637,17.6346,-0.6346,57.8619,-43,-0.084430
TEL,48608,12.1313,16.2833,0.7167,17.8619,-56,-0.109956
TEL,48708,17.1364,16.5477,0.4523,-22.1381,-16,-0.031416
TEL,48808,17.7663,17.1452,-0.1452,0.0109,20,0.039270
TEL,48908,18.1652,17.7277,-0.7277,20.0009,-2,-0.003927
TEL,49008,15.8343,15.9940,1.0060,-19.9991,-18,-0.035343
TEL,49108,17.5729,16.8941,0.1059,12.6742,18,0.035343
TEL,49208,17.8316,17.3925,-0.3925,32.3307,-15,-0.029452
TEL,49308,18.0975,17.7804,-0.7804,36.9008,-34,-0.066759
TEL,49408,18.0304,17.9047,-0.9047,33.5220,-35,-0.068722
TEL,49508,18.1652,17.9983,-0.9983,30.9251,-32,-0.062832
TEL,49608,18.0304,18.0065,-1.0065,26.5259,-29,-0.056941
TEL,49708,18.0304,18.0261,-1.0261,23.3987,-25,-0.049087
TEL,49808,18.1652,18.0442,-1.0442,21.9480,-22,-0.043197
TEL,49908,18.0304,18.0460,-1.0460,19.9550,-20,-0.039270
TEL,50008,18.0304,18.0440,-1.0440,18.5214,-19,-0.037306
TEL,50108,18.1652,18.0571,-1.0571,18.2170,-18,-0.035343
TEL,50208,18.0975,18.0616,-1.0616,17.6534,-18,-0.035343
TEL,50308,18.1652,18.0704,-1.0704,17.5342,-18,-0.035343
TEL,50408,18.1652,18.0763,-1.0763,17.4300,-17,-0.033379
TEL,50508,18.1652,18.0853,-1.0853,17.3997,-17,-0.033379
TEL,50608,18.1652,18.0865,-1.0865,17.3129,-17,-0.033379
TEL,50708,18.1652,18.0936,-1.0936,17.3238,-17,-0.033379
TEL,50808,18.0975,18.0939,-1.0939,17.0872,-17,-0.033379
TEL,50908,18.0975,18.0994,-1.0994,16.9954,-17,-0.033379
TEL,51008,18.0975,18.0992,-1.0992,16.8932,-17,-0.033379
TEL,51108,13.2844,17.9281,-0.9282,3.2892,-15,-0.029452
TEL,51208,16.4333,17.2287,-0.2287,-20.2202,-1,-0.001963
TEL,51308,17.7014,17.4430,-0.4430,-5.3354,18,0.035343
TEL,51408,17.9637,17.6246,-0.6246,6.4486,3,0.005890
TEL,51508,15.4737,16.0764,0.9236,-33.5514,-4,-0.007854
TEL,51608,17.1364,16.6122,0.3878,-10.4549,32,0.062832
TEL,51708,17.8316,17.3902,-0.3902,15.5840,8,0.015708
TEL,51808,18.0304,17.7065,-0.7065,25.5041,-18,-0.035343
TEL,51908,16.2107,15.7250,1.2750,12.9799,-24,-0.047124
TEL,52008,17.5729,16.8780,0.1220,49.8018,-15,-0.029452
TEL,52108,17.9637,17.6626,-0.6626,66.8447,-52,-0.102102
TEL,52208,13.0599,16.5605,0.4395,26.8447,-65,-0.127627
TEL,52308,17.0154,16.3538,0.6462,-10.7553,-25,-0.049087
TEL,52408,17.8316,17.1564,-0.1564,17.2447,9,0.017671
TEL,52508,18.1652,17.7544,-0.7544,40.2247,-19,-0.037306
TEL,52608,14.8430,15.5877,1.4123,0.2247,-38,-0.074613
TEL,52708,17.4461,16.7051,0.2949,0.1625,0,0.000000
TEL,52808,17.8316,17.3659,-0.3659,28.1625,-2,-0.003927
TEL,52908,13.2844,16.5170,0.4830,-11.8375,-26,-0.051051
TEL,53008,16.2658,15.8007,1.1993,-28.9513,14,0.027489
TEL,53108,17.7014,17.2219,-0.2219,-0.9513,27,0.053014
TEL,53208,17.8974,17.5871,-0.5871,27.0487,-1,-0.001963
TEL,53308,13.9610,15.2232,1.7768,-12.9513,-25,-0.049087
TEL,53408,17.7014,16.6122,0.3878,1.8946,11,0.021598
TEL,53508,17.8974,17.5480,-0.5480,28.5158,-4,-0.007854
TEL,53608,18.0304,17.7925,-0.7925,32.0306,-31,-0.060868
TEL,53708,16.4899,15.8532,1.1468,25.9908,-30,-0.058905
TEL,53808,17.4461,16.8410,0.1590,52.7519,-28,-0.054978
TEL,53908,17.9637,17.6617,-0.6617,70.3539,-55,-0.107992
TEL,54008,12.5284,16.4276,0.5724,30.3539,-68,-0.133518
TEL,54108,17.0154,16.3189,0.6811,-8.7466,-28,-0.054978
TEL,54208,17.9637,17.2655,-0.2655,19.2534,7,0.013744
TEL,54308,18.0304,17.7692,-0.7692,41.0230,-21,-0.041233
TEL,54408,14.2584,15.5897,1.4103,1.0230,-39,-0.076576
TEL,54508,17.5093,16.6182,0.3818,-7.8321,1,0.001963
TEL,54608,17.8316,17.3285,-0.3285,20.1679,6,0.011781
TEL,54708,12.6662,16.2795,0.7205,-19.8321,-18,-0.035343
TEL,54808,16.6617,15.8851,1.1149,-19.3944,19,0.037306
TEL,54908,17.7014,17.2322,-0.2322,8.6056,17,0.033379
TEL,55008,17.9637,17.6505,-0.6505,34.1611,-11,-0.021598
TEL,55108,14.6130,15.5749,1.4251,-5.8389,-32,-0.062832
TEL,55208,17.0757,16.4084,0.5916,-9.9103,8,0.015708
TEL,55308,17.8316,17.3518,-0.3518,18.0897,8,0.015708
TEL,55408,18.0304,17.7081,-0.7081,31.0175,-20,-0.039270
TEL,55508,16.4899,15.9285,1.0715,16.8960,-29,-0.056941
TEL,55608,17.3833,16.7915,0.2085,41.4287,-19,-0.037306
TEL,55708,17.9637,17.5826,-0.5826,61.5313,-43,-0.084430
TEL,55808,13.3608,16.5591,0.4409,21.5313,-60,-0.117810
TEL,55908,16.8368,16.0084,0.9916,6.0605,-20,-0.039270
TEL,56008,17.7663,17.2351,-0.2351,34.0605,-8,-0.015708
TEL,56108,17.9637,17.7072,-0.7072,53.5703,-36,-0.070686
TEL,56208,14.7502,15.7392,1.2608,13.5703,-52,-0.102102
TEL,56308,17.4461,16.8774,0.1226,0.0188,-12,-0.023562
TEL,56408,17.8316,17.3883,-0.3883,24.2773,-2,-0.003927
TEL,56508,18.3018,17.8222,-0.8222,35.3444,-26,-0.051051
TEL,56608,16.1559,16.5623,0.4377,-4.6556,-33,-0.064795
TEL,56708,17.8316,17.2472,-0.2472,18.6963,3,0.005890
TEL,56808,17.9637,17.5770,-0.5770,28.7826,-21,-0.041233
TEL,56908,13.9610,15.4893,1.5107,-11.2174,-27,-0.053014
TEL,57008,17.0757,16.3260,0.6740,-20.0882,13,0.025525
TEL,57108,17.8974,17.4276,-0.4276,7.9118,18,0.035343
TEL,57208,18.0975,17.7680,-0.7680,26.8641,-10,-0.019635
TEL,57308,16.1559,15.9990,1.0010,-3.3684,-25,-0.049087
TEL,57408,17.5729,16.7534,0.2466,26.3715,1,0.001963
TEL,57508,17.8974,17.5651,-0.5651,46.7190,-28,-0.054978
TEL,57608,14.3018,16.8059,0.1941,6.7190,-45,-0.088357
TEL,57708,17.0154,16.1457,0.8543,10.6618,-9,-0.017671
TEL,57808,17.7663,17.1841,-0.1841,38.6618,-13,-0.025525
TEL,57908,18.0304,17.7636,-0.7636,56.0490,-41,-0.080503
TEL,58008,11.4320,14.3078,2.6922,-15.9510,-54,-0.106029
TEL,58108,17.4461,16.9580,0.0420,-42.2506,13,0.025525
TEL,58208,17.8974,17.5061,-0.5061,-16.2474,40,0.078540
TEL,58308,14.2584,15.0720,1.9280,-56.2474,18,0.035343
TEL,58408,15.8343,14.7660,2.2340,-41.6883,54,0.106029
TEL,58508,18.0304,17.3533,-0.3533,-13.6883,40,0.078540
TEL,58608,18.1652,17.8820,-0.8820,14.3117,12,0.023562
TEL,58708,18.0975,18.0404,-1.0404,42.3117,-16,-0.031416
TEL,58808,18.1652,18.0699,-1.0699,47.7318,-44,-0.086394
TEL,58908,18.1652,18.1034,-1.1034,39.3979,-46,-0.090321
TEL,59008,18.0975,18.1090,-1.1090,32.6174,-37,-0.072649
TEL,59108,17.9637,18.0948,-1.0948,26.8446,-31,-0.060868
TEL,59208,18.1652,18.1004,-1.1004,24.0851,-25,-0.049087
TEL,59308,18.0975,18.0998,-1.0998,21.7126,-22,-0.043197
TEL,59408,18.0975,18.1034,-1.1034,20.0792,-20,-0.039270
TEL,59508,18.0304,18.1024,-1.1024,18.6525,-19,-0.037306
TEL,59608,18.1652,18.1086,-1.1086,18.1929,-18,-0.035343
TEL,59708,18.1652,18.1195,-1.1195,17.9327,-18,-0.035343
TEL,59808,18.0304,18.1174,-1.1174,17.2104,-17,-0.033379
TEL,59908,18.0975,18.1177,-1.1177,16.9485,-17,-0.033379
TEL,60008,18.0975,18.1188,-1.1188,16.7929,-17,-0.033379
TEL,60108,18.0975,18.0991,-1.0991,16.4665,-16,-0.031416
TEL,60208,18.0975,18.0902,-1.0902,16.3540,-16,-0.031416
TEL,60308,18.0304,18.0855,-1.0855,16.1299,-16,-0.031416
TEL,60408,18.1652,18.0892,-1.0892,16.4582,-16,-0.031416
TEL,60508,11.4320,17.8156,-0.8156,-5.2017,-14,-0.027489
TEL,60608,16.8960,17.4005,-0.4005,-15.2703,7,0.013744
TEL,60708,17.7663,17.4853,-0.4853,-4.1924,13,0.025525
TEL,60808,17.9637,17.6405,-0.6405,5.7622,2,0.003927
TEL,60908,15.3735,15.6216,1.3784,-34.2378,-4,-0.007854
TEL,61008,17.3210,16.5858,0.4142,5.7622,32,0.062832
TEL,61108,17.9637,17.5293,-0.5293,33.7622,-8,-0.015708
TEL,61208,18.2332,17.8240,-0.8240,41.5804,-36,-0.070686
TEL,61308,16.9555,16.2247,0.7753,31.9211,-40,-0.078540
TEL,61408,17.7014,17.0687,-0.0687,59.9211,-34,-0.066759
TEL,61508,17.9637,17.6526,-0.6526,66.6108,-62,-0.121737
TEL,61608,11.5482,14.4612,2.5388,-5.3892,-65,-0.127627
TEL,61708,17.4461,16.5172,0.4828,-25.7244,1,0.001963
REF,61799,9.0000,hold_near
TEL,61808,17.8316,17.3647,-8.3647,48.0000,24,0.047124
TEL,61908,13.5161,16.5345,-7.5345,96.0000,-44,-0.086394
TEL,62008,16.1015,15.8778,-6.8778,134.9292,-97,-0.190459
TEL,62108,17.6369,17.0222,-8.0222,160.0000,-137,-0.268999
TEL,62208,17.9637,17.5027,-8.5027,160.0000,-160,-0.314159
TEL,62308,11.6367,16.1979,-7.1979,112.0000,-157,-0.308269
TEL,62408,16.9555,16.5305,-7.5305,118.3792,-114,-0.223838
TEL,62508,17.7663,17.2852,-8.2852,152.6833,-120,-0.235619
TEL,62608,17.7014,17.5309,-8.5309,160.0000,-156,-0.306305
TEL,62708,15.4235,15.9201,-6.9201,114.6725,-157,-0.308269
TEL,62808,17.1364,16.5215,-7.5215,148.7477,-116,-0.227765
TEL,62908,17.3833,17.0802,-8.0802,160.0000,-152,-0.298451
TEL,63008,13.3225,16.2762,-7.2762,112.0000,-157,-0.308269
TEL,63108,16.2658,15.4520,-6.4520,133.1619,-114,-0.223838
TEL,63208,16.6617,16.1767,-7.1767,160.0000,-136,-0.267035
TEL,63308,16.4899,15.8945,-6.8945,160.0000,-160,-0.314159
TEL,63408,11.0961,14.4478,-5.4478,112.0000,-158,-0.310232
TEL,63508,15.2745,14.8700,-5.8700,92.5871,-110,-0.215984
TEL,63608,15.0320,15.0261,-6.0261,102.9228,-96,-0.188496
TEL,63708,14.5228,14.8925,-5.8925,101.5683,-102,-0.200277
TEL,63808,12.3934,13.3565,-4.3565,53.5683,-99,-0.194386
TEL,63908,12.7714,12.9817,-3.9817,47.1098,-52,-0.102102
TEL,64008,12.2610,12.7471,-3.7471,45.1852,-45,-0.088357
TEL,64108,8.9523,11.4952,-2.4952,-2.8148,-43,-0.084430
TEL,64208,10.1208,10.4479,-1.4479,-30.8148,4,0.007854
TEL,64308,9.7012,10.0730,-1.0730,-49.1987,33,0.064795
TEL,64408,9.2736,9.7799,-0.7799,-45.1996,47,0.092284
TEL,64508,7.7095,9.1315,-0.1315,-53.3673,47,0.092284
TEL,64608,7.9964,8.4986,0.5014,-52.5918,53,0.104065
TEL,64708,8.3518,8.3154,0.6846,-42.8874,51,0.100138
TEL,64808,8.7202,8.4182,0.5818,-29.1012,41,0.080503
TEL,64908,8.5998,8.3658,0.6342,-23.4621,27,0.053014
TEL,65008,9.5962,8.7231,0.2769,-0.0507,21,0.041233
TEL,65108,10.5752,9.7329,-0.7329,27.9493,-2,-0.003927
TEL,65208,11.1508,10.4710,-1.4710,55.9493,-30,-0.058905
TEL,65308,11.3747,10.5637,-1.5637,80.0000,-58,-0.113883
TEL,65408,12.3600,11.5797,-2.5797,105.6544,-82,-0.161007
TEL,65508,13.4770,12.8743,-3.8743,133.2711,-108,-0.212057
TEL,65608,9.7012,12.0007,-3.0007,85.2711,-131,-0.257218
TEL,65708,13.8781,13.1606,-4.1606,93.2287,-86,-0.168861
TEL,65808,14.6585,14.0087,-5.0087,125.4625,-95,-0.186532
TEL,65908,15.2254,14.7101,-5.7101,142.7864,-127,-0.249364
TEL,66008,13.1713,13.3179,-4.3179,100.4892,-141,-0.276853
TEL,66108,15.0799,14.3670,-5.3670,135.0368,-101,-0.198313
TEL,66208,15.3238,14.8716,-5.8716,147.5175,-137,-0.268999
TEL,66308,10.4277,13.9628,-4.9628,99.5175,-146,-0.286670
TEL,66408,14.3895,13.9243,-4.9243,88.3033,-98,-0.192423
TEL,66508,14.2584,14.1588,-5.1588,97.4126,-90,-0.176715
TEL,66608,14.2152,14.2084,-5.2084,100.1235,-99,-0.194386
TEL,66708,11.6071,12.9532,-3.9532,52.1235,-98,-0.192423
TEL,66808,12.5284,12.6791,-3.6791,47.8000,-50,-0.098175
TEL,66908,12.3600,12.6090,-3.6090,51.1190,-50,-0.098175
TEL,67008,11.9102,12.4142,-3.4142,48.1156,-49,-0.096211
TEL,67108,10.4277,10.8845,-1.8845,20.1156,-46,-0.090321
TEL,67208,10.4764,10.6506,-1.6506,-7.8844,-18,-0.035343
TEL,67308,9.9401,10.3250,-1.3250,-11.7844,10,0.019635
TEL,67408,7.6818,9.6293,-0.6293,-39.7844,14,0.027489
TEL,67508,8.6338,8.8058,0.1942,-39.5933,40,0.078540
TEL,67608,8.5828,8.7202,0.2798,-32.8083,38,0.074613
TEL,67708,8.3198,8.5644,0.4355,-30.2293,31,0.060868
TEL,67808,8.2093,8.4672,0.5328,-28.0261,28,0.054978
TEL,67908,8.4003,8.4272,0.5728,-23.7249,26,0.051051
TEL,68008,8.5998,8.4588,0.5412,-18.5095,22,0.043197
TEL,68108,8.9890,8.5829,0.4171,-11.2120,17,0.033379
TEL,68208,9.5341,8.7713,0.2287,-0.1225,9,0.017671
TEL,68308,10.0750,9.3013,-0.3013,21.0418,-2,-0.003927
TEL,68408,10.4034,9.7551,-0.7551,37.4235,-23,-0.045160
TEL,68508,11.1233,10.5221,-1.5221,56.5799,-39,-0.076576
TEL,68608,11.5775,11.0121,-2.0121,69.4836,-59,-0.115846
TEL,68708,12.2610,11.6791,-2.6791,85.0771,-71,-0.139408
TEL,68808,12.5969,12.0634,-3.0634,93.0693,-87,-0.170824
TEL,68908,13.0599,12.5822,-3.5822,102.1364,-95,-0.186532
TEL,69008,13.4770,12.9635,-3.9635,109.5165,-104,-0.204204
TEL,69108,13.6348,13.3268,-4.3268,112.6208,-112,-0.219911
TEL,69208,13.7961,13.5101,-4.5101,112.4883,-112,-0.219911
TEL,69308,13.9610,13.7207,-4.7207,112.9099,-113,-0.221875
TEL,69408,13.9610,13.7960,-4.7960,110.6529,-111,-0.217948
TEL,69508,13.7961,13.8151,-4.8151,106.6969,-109,-0.214021
TEL,69608,13.6748,13.7987,-4.7987,102.7420,-105,-0.206167
TEL,69708,12.5969,12.9000,-3.9000,77.0092,-101,-0.198313
TEL,69808,12.8782,12.8909,-3.8909,76.9534,-77,-0.151189
TEL,69908,12.5284,12.8244,-3.8244,73.6976,-75,-0.147262
TEL,70008,8.9523,12.2388,-3.2388,37.9217,-72,-0.141372
TEL,70108,11.4033,11.5556,-2.5556,28.8818,-36,-0.070686
TEL,70208,11.2338,11.4448,-2.4448,30.3066,-30,-0.058905
TEL,70308,10.7780,11.2162,-2.2162,26.5255,-28,-0.054978
TEL,70408,8.7904,10.1419,-1.1419,-1.4745,-25,-0.049087
TEL,70508,9.7653,9.9031,-0.9031,-29.4745,3,0.005890
TEL,70608,9.6379,9.8338,-0.8338,-21.4336,27,0.053014
TEL,70708,7.4151,9.7347,-0.8338,-21.4336,21,0.041233
TEL,70808,8.6510,9.2985,-0.4828,-24.6808,25,0.049087
TEL,70908,8.9706,9.0880,-0.1688,-28.4360,28,0.054978
TEL,71008,9.0260,9.0631,-0.0702,-22.1665,22,0.043197
TEL,71108,6.9992,9.0609,-0.0605,-15.8538,16,0.031416
TEL,71208,8.7727,8.9342,0.0399,-12.5187,13,0.025525
TEL,71308,9.3524,9.0167,0.0610,-0.0032,0,0.000000
TEL,71408,9.5962,9.1528,-0.0832,-0.0032,0,0.000000
TEL,71508,8.6682,8.9419,-0.2357,-0.0032,0,0.000000
TEL,71608,9.9179,9.3231,0.0581,-0.0032,0,0.000000
TEL,71708,10.6252,10.0040,-0.5333,19.1472,-19,-0.037306
TEL,71808,10.9881,10.3627,-1.0040,37.4300,-37,-0.072649
TEL,71908,10.7266,10.4403,-1.1065,15.7113,-16,-0.031416
TEL,72008,11.6071,10.8798,-1.6274,34.9708,-35,-0.068722
TEL,72108,12.2610,11.6962,-2.1743,63.4437,-63,-0.123700
TEL,72208,9.9401,11.3422,-2.9147,82.6962,-83,-0.162970
TEL,72308,12.4269,11.8600,-2.1454,51.0857,-51,-0.100138
TEL,72408,13.0599,12.4529,-3.1611,83.0407,-83,-0.162970
TEL,72508,13.4381,13.0748,-3.6948,99.2847,-99,-0.194386
TEL,72608,11.4898,12.7792,-4.2266,109.7146,-110,-0.215984
TEL,72708,13.2088,12.8444,-3.5791,80.2816,-80,-0.157080
TEL,72808,13.5555,13.1306,-3.9928,92.9642,-93,-0.182605
TEL,72908,13.3608,13.2420,-4.1674,94.4148,-94,-0.184569
TEL,73008,11.8792,12.5785,-3.8365,65.8133,-66,-0.129591
TEL,73108,12.5969,12.4807,-3.4695,56.5275,-57,-0.111919
TEL,73208,12.5284,12.5009,-3.4957,61.4214,-61,-0.119773
TEL,73308,8.7904,11.4383,-3.4906,63.2651,-63,-0.123700
TEL,73408,11.4608,11.3368,-2.2810,33.6414,-35,-0.068722
TEL,73508,11.3462,11.3322,-2.3249,37.3895,-37,-0.072649
TEL,73608,11.1233,11.2877,-2.3136,38.8982,-39,-0.076576
TEL,73708,9.6801,10.5284,-2.2352,36.9995,-37,-0.072649
TEL,73808,10.2134,10.3060,-1.3411,8.9995,-9,-0.017671
TEL,73908,9.9179,10.1156,-1.2231,-2.2424,2,0.003927
TEL,74008,9.7225,9.9991,-1.0568,-2.8237,3,0.005890
TEL,74108,9.0075,9.3408,-0.6106,-29.0066,29,0.056941
TEL,74208,9.1961,9.2764,-0.2972,-25.4682,25,0.049087
TEL,74308,9.2347,9.2701,-0.2724,-17.6049,18,0.035343
TEL,74408,7.6407,9.0926,-0.2682,-11.6674,12,0.023562
TEL,74508,9.0446,9.0314,-0.0288,-12.3608,12,0.023562
TEL,74608,9.4932,9.1355,-0.0768,-0.0000,0,0.000000
TEL,74708,9.7869,9.3470,-0.2658,-0.0000,0,0.000000
TEL,74808,7.5731,9.1133,-0.4298,11.3626,-11,-0.021598
TEL,74908,10.0071,9.4421,-0.2871,15.2107,-15,-0.029452
TEL,75008,10.5503,9.8615,-0.6381,29.5243,-30,-0.058905
TEL,75108,9.2347,9.9915,-1.1025,45.6316,-46,-0.090321
TEL,75208,10.3793,9.8142,-0.5203,17.6316,-22,-0.043197
TEL,75308,11.6665,10.9629,-1.5847,41.2620,-39,-0.076576
TEL,75408,12.0040,11.5005,-2.2515,68.2706,-65,-0.127627
TEL,75508,9.5962,11.2493,-2.8909,83.3821,-83,-0.162970
TEL,75608,12.2610,11.4374,-2.0437,49.5843,-57,-0.111919
TEL,75708,12.8068,12.2603,-3.0097,77.7985,-74,-0.145299
TEL,75808,13.1340,12.6446,-3.4490,90.3154,-90,-0.176715
TEL,75908,11.5482,12.5584,-3.7906,97.8283,-98,-0.192423
TEL,76008,12.8068,12.5559,-3.4780,81.5518,-82,-0.161007
TEL,76108,13.0969,12.8056,-3.7335,86.4191,-86,-0.168861
TEL,76208,13.0232,12.8899,-3.8609,88.1772,-88,-0.172788
TEL,76308,11.8177,11.8708,-2.8997,41.5181,-59,-0.115846
TEL,76408,12.2610,12.0079,-2.9321,49.7227,-50,-0.098175
TEL,76508,12.2610,12.0210,-3.0684,57.8038,-58,-0.113883
TEL,76608,9.1769,11.5714,-3.0415,59.2371,-59,-0.115846
TEL,76708,11.1508,11.0622,-2.0274,33.6726,-37,-0.072649
TEL,76808,11.3179,11.1562,-2.1147,39.8172,-40,-0.078540
TEL,76908,10.9614,11.1200,-2.1459,40.4855,-40,-0.078540
TEL,77008,9.9847,10.6627,-1.8459,12.4855,-15,-0.029452
TEL,77108,10.3076,10.4154,-1.4430,5.5629,-6,-0.011781
TEL,77208,10.1669,10.3519,-1.3876,7.1848,-7,-0.013744
TEL,77308,9.9179,10.1795,-1.2282,4.3078,-4,-0.007854
TEL,77408,9.7439,10.0643,-1.1226,2.8517,-3,-0.005890
TEL,77508,9.6590,9.8970,-0.9414,0.3289,0,0.000000
TEL,77608,9.5962,9.8192,-0.8576,0.2943,0,0.000000
TEL,77708,9.5962,9.7426,-0.7642,0.8378,-1,-0.001963
TEL,77808,9.6590,9.7216,-0.7297,2.3468,-2,-0.003927
TEL,77908,9.7439,9.7202,-0.7178,4.6115,-5,-0.009817
TEL,78008,9.8739,9.7395,-0.7276,6.7805,-7,-0.013744
TEL,78108,10.0523,9.7988,-0.7758,9.6193,-10,-0.019635
TEL,78208,10.2603,9.8684,-0.8286,12.6327,-13,-0.025525
TEL,78308,10.6001,10.0748,-0.9961,19.2735,-19,-0.037306
TEL,78408,10.9084,10.3009,-1.1806,27.1324,-27,-0.053014
TEL,78508,11.2617,10.7324,-1.5864,39.3753,-39,-0.076576
TEL,78608,11.6071,11.0562,-1.8894,48.8031,-49,-0.096211
TEL,78708,11.9413,11.5085,-2.3703,66.0518,-66,-0.129591
TEL,78808,12.1958,11.7844,-2.6563,73.3051,-73,-0.143335
TEL,78908,12.3269,12.0510,-2.9773,78.4907,-78,-0.153153
TEL,79008,12.4269,12.1891,-3.1322,79.9520,-80,-0.157080
TEL,79108,12.6662,12.3497,-3.2878,80.4183,-80,-0.157080
TEL,79208,8.9706,11.8527,-3.4126,81.6456,-82,-0.161007
TEL,79308,12.3269,11.8364,-2.6671,66.6079,-67,-0.131554
TEL,79408,12.4944,12.1278,-3.0038,77.3228,-77,-0.151189
TEL,79508,12.4269,12.3135,-3.2846,81.2168,-81,-0.159043
TEL,79608,10.1438,11.2876,-2.7910,42.6519,-53,-0.104065
TEL,79708,11.9413,11.6475,-2.5415,47.4135,-47,-0.092284
TEL,79808,11.8792,11.7469,-2.7108,54.7184,-55,-0.107992
TEL,79908,8.7202,11.3322,-2.7796,56.3060,-56,-0.109956
TEL,80008,10.6001,10.8174,-1.9208,28.3060,-32,-0.062832
TEL,80108,11.0149,10.9164,-1.8924,10.4048,-10,-0.019635
TEL,80208,10.8559,10.9102,-1.9196,15.5868,-16,-0.031416
TEL,80308,9.1769,10.2903,-1.5943,-5.0370,3,0.005890
TEL,80408,9.9624,10.1068,-1.1553,-12.0453,12,0.023562
TEL,80508,10.2603,10.1528,-1.1326,-3.4784,3,0.005890
TEL,80608,10.2134,10.1653,-1.1582,2.7500,-3,-0.005890
TEL,80708,9.5136,9.9327,-1.0109,-5.7522,6,0.011781
TEL,80808,9.9847,9.9201,-0.9088,-3.0328,3,0.005890
TEL,80908,10.3076,10.0202,-0.9784,4.8501,-5,-0.009817
TEL,81008,10.5256,10.1301,-1.0695,11.8244,-12,-0.023562
TEL,81108,10.2603,9.8469,-0.7378,4.4513,-4,-0.007854
TEL,81208,10.7011,10.1439,-0.9884,18.7330,-19,-0.037306
TEL,81308,11.1233,10.6586,-1.5045,36.1250,-35,-0.068722
TEL,81408,8.3358,10.2077,-1.8069,45.5898,-46,-0.090321
TEL,81508,11.1783,10.5794,-1.3247,49.5818,-50,-0.098175
TEL,81608,11.6965,11.1073,-1.8512,65.5616,-66,-0.129591
TEL,81708,11.9413,11.5658,-2.4333,75.5981,-76,-0.149226
TEL,81808,10.1208,10.6244,-1.9129,47.5981,-52,-0.102102
TEL,81908,11.8484,11.3191,-2.0920,44.7847,-45,-0.088357
TEL,82008,11.8792,11.5608,-2.4472,56.9967,-57,-0.111919
TEL,82108,9.5962,11.2794,-2.7045,62.9294,-63,-0.123700
TEL,82208,11.0961,11.0027,-1.9604,34.9294,-39,-0.076576
TEL,82308,11.5775,11.2797,-2.1977,41.6315,-42,-0.082467
TEL,82408,11.5482,11.3694,-2.3285,47.1806,-47,-0.092284
TEL,82508,9.4525,11.1309,-2.3966,49.1314,-49,-0.096211
TEL,82608,10.7780,10.9234,-1.9662,21.1314,-26,-0.051051
TEL,82708,10.9349,10.9096,-1.9052,19.3151,-19,-0.037306
TEL,82808,10.7780,10.8910,-1.9060,21.1978,-21,-0.041233
TEL,82908,10.0071,10.2055,-1.2800,-6.8022,2,0.003927
TEL,83008,10.3076,10.2180,-1.1963,-4.3732,4,0.007854
TEL,83108,10.4520,10.2963,-1.2700,4.5374,-5,-0.009817
TEL,83208,10.5256,10.3471,-1.3207,10.6036,-11,-0.021598
TEL,83308,9.9624,9.8736,-0.8460,-5.3495,5,0.009817
TEL,83408,10.3314,10.0205,-0.9466,5.6639,-6,-0.011781
TEL,83508,10.5752,10.2348,-1.1614,15.0257,-15,-0.029452
TEL,83608,8.1168,9.5884,-1.0119,-1.0463,1,0.001963
TEL,83708,10.5503,9.9560,-0.7723,7.0597,-7,-0.013744
TEL,83808,10.8038,10.2904,-1.1212,23.6396,-23,-0.045160
TEL,83908,11.1508,10.6996,-1.5605,36.2289,-36,-0.070686
TEL,84008,10.1669,10.1463,-1.1356,8.2289,-12,-0.023562
TEL,84108,11.2338,10.6140,-1.4175,11.2324,-11,-0.021598
TEL,84208,11.5482,10.9986,-1.8065,31.5171,-30,-0.058905
TEL,84308,8.5998,10.6341,-2.2958,55.8837,-54,-0.106029
TEL,84408,10.9614,10.6038,-1.4380,27.8837,-32,-0.062832
TEL,84508,11.7266,11.2503,-2.0608,50.0415,-49,-0.096211
TEL,84608,11.8792,11.5444,-2.4233,62.8006,-63,-0.123700
TEL,84708,9.9624,10.7382,-2.1215,28.1474,-37,-0.072649
TEL,84808,11.4033,11.0092,-1.8517,19.0903,-19,-0.037306
TEL,84908,11.9102,11.5132,-2.3732,51.9451,-44,-0.086394
TEL,85008,12.0673,11.7163,-2.6118,60.0163,-60,-0.117810
TEL,85108,10.9881,10.9496,-1.9314,32.0163,-36,-0.070686
TEL,85208,11.6071,11.1761,-2.0480,38.7697,-39,-0.076576
TEL,85308,11.8177,11.4989,-2.4100,51.6987,-52,-0.102102
TEL,85408,11.8484,11.6145,-2.5588,56.4591,-56,-0.109956
TEL,85508,11.1233,11.1590,-2.1704,40.3968,-40,-0.078540
TEL,85608,11.2897,11.1937,-2.1739,42.0176,-42,-0.082467
TEL,85708,11.3462,11.2499,-2.2354,44.5143,-45,-0.088357
TEL,85808,8.3198,10.9321,-2.2513,44.9551,-45,-0.088357
TEL,85908,10.6001,10.6847,-1.7067,19.1108,-22,-0.043197
TEL,86008,10.6757,10.6896,-1.6922,20.7557,-21,-0.041233
TEL,86108,9.0446,10.5044,-1.6865,21.8731,-22,-0.043197
TEL,86208,9.5547,9.9128,-1.0537,-6.1269,2,0.003927
TEL,86308,10.2368,10.0047,-0.9522,-5.8041,6,0.011781
TEL,86408,10.3553,10.1072,-1.0575,4.5257,-5,-0.009817
TEL,86508,10.4034,10.2215,-1.1899,11.5670,-12,-0.023562
TEL,86608,10.5009,10.2808,-1.2471,15.4668,-15,-0.029452
TEL,86708,10.6252,10.3815,-1.3462,19.7864,-20,-0.039270
TEL,86808,10.7522,10.4703,-1.4282,23.6674,-24,-0.047124
TEL,86908,11.0418,10.6352,-1.5699,28.1922,-28,-0.054978
TEL,87008,11.1508,10.7748,-1.7065,32.9134,-33,-0.064795
TEL,87108,11.3462,10.9898,-1.9192,37.6444,-38,-0.074613
TEL,87208,11.4608,11.1171,-2.0494,49.3112,-49,-0.096211
TEL,87308,11.6071,11.3042,-2.2443,54.0981,-54,-0.106029
TEL,87408,11.7266,11.4361,-2.3780,57.5689,-58,-0.113883
TEL,87508,11.6965,11.5485,-2.5222,59.6083,-60,-0.117810
TEL,87608,11.6071,11.5781,-2.5736,59.1844,-59,-0.115846
TEL,87708,11.4608,11.5721,-2.5843,57.3223,-57,-0.111919
TEL,87808,11.3462,11.5420,-2.5616,54.7685,-55,-0.107992
TEL,87908,11.2897,11.4857,-2.5055,51.5290,-52,-0.102102
TEL,88008,11.0149,11.4148,-2.4573,48.8438,-49,-0.096211
TEL,88108,10.8298,11.2643,-2.3238,43.8539,-44,-0.086394
TEL,88208,10.7266,11.1382,-2.2042,39.4229,-39,-0.076576
TEL,88308,10.5256,10.9130,-1.9876,18.5918,-20,-0.039270
TEL,88408,9.4122,10.1163,-1.4100,-9.4082,4,0.007854
TEL,88508,10.0978,10.0271,-1.0084,-13.7169,14,0.027489
TEL,88608,10.2603,10.0933,-1.0605,-2.8842,3,0.005890
TEL,88708,7.9816,9.8552,-1.1593,6.1637,-6,-0.011781
TEL,88808,9.7869,9.7282,-0.7107,-6.5278,7,0.013744
TEL,88908,10.7011,10.0928,-0.9388,9.4842,-9,-0.017671
TEL,89008,10.8821,10.3764,-1.2311,23.5100,-24,-0.047124
TEL,89108,8.2406,9.6653,-1.2062,1.8447,-3,-0.005890
TEL,89208,10.8559,10.1834,-0.8753,15.0142,-15,-0.029452
TEL,89308,11.6367,11.0701,-1.8016,43.0142,-38,-0.074613
TEL,89408,11.7872,11.4258,-2.2756,66.0513,-64,-0.125664
TEL,89508,11.0961,10.9230,-1.8143,38.0513,-42,-0.082467
TEL,89608,11.8177,11.3076,-2.1052,36.1521,-36,-0.070686
TEL,89708,12.2610,11.8310,-2.6747,58.1044,-57,-0.111919
TEL,89808,12.3269,12.0402,-2.9497,67.7961,-68,-0.133518
TEL,89908,11.8792,11.4745,-2.3235,51.8633,-52,-0.102102
TEL,90008,12.3269,11.8179,-2.6437,64.5833,-65,-0.127627
TEL,90108,12.5626,12.2068,-3.0955,76.3528,-76,-0.149226
TEL,90208,9.0446,11.6015,-3.2954,80.3363,-80,-0.157080
TEL,90308,12.0673,11.7231,-2.6117,66.3164,-66,-0.129591
TEL,90408,12.2610,11.9343,-2.8398,72.2714,-72,-0.141372
TEL,90508,12.3269,12.1055,-3.0555,74.8758,-75,-0.147262
TEL,90608,11.0961,11.4296,-2.5757,36.7454,-48,-0.094248
TEL,90708,11.8792,11.5945,-2.5215,43.0102,-43,-0.084430
TEL,90808,11.8484,11.6963,-2.6617,51.0575,-51,-0.100138
TEL,90908,8.7552,11.3258,-2.7410,53.6652,-54,-0.106029
TEL,91008,10.8298,10.9395,-1.9863,25.6652,-31,-0.060868
TEL,91108,11.1783,11.0542,-2.0252,31.1738,-31,-0.060868
TEL,91208,11.0961,11.0784,-2.0752,35.8138,-36,-0.070686
TEL,91308,9.2932,10.4696,-1.7862,7.8138,-13,-0.025525
TEL,91408,10.3553,10.3658,-1.3691,-5.0022,5,0.009817
TEL,91508,10.4764,10.4068,-1.3945,3.6275,-4,-0.007854
TEL,91608,10.4277,10.4147,-1.4129,8.8210,-9,-0.017671
TEL,91708,9.3922,10.0124,-1.1542,-8.3424,7,0.013744
TEL,91808,10.0523,9.9963,-0.9840,-5.5439,6,0.011781
TEL,91908,10.4034,10.1257,-1.0782,3.9069,-4,-0.007854
TEL,92008,10.5009,10.2307,-1.1837,12.3075,-12,-0.023562
TEL,92108,10.2134,9.9477,-0.8831,9.1288,-9,-0.017671
TEL,92208,10.7522,10.1849,-1.0504,18.9973,-19,-0.037306
TEL,92308,11.0961,10.5814,-1.4390,31.7088,-32,-0.062832
TEL,92408,8.3198,10.1768,-1.7272,41.8126,-42,-0.082467
TEL,92508,11.0961,10.5447,-1.3601,41.1179,-41,-0.080503
TEL,92608,11.5775,10.9815,-1.7639,54.5601,-55,-0.107992
TEL,92708,11.8792,11.4428,-2.2962,68.0001,-68,-0.133518
TEL,92808,10.6252,10.7841,-1.8687,40.0001,-45,-0.088357
TEL,92908,11.5482,11.0952,-1.9600,25.2652,-25,-0.049087
TEL,93008,11.7266,11.3401,-2.2262,49.4837,-47,-0.092284
TEL,93108,8.7028,10.9489,-2.5074,57.1683,-57,-0.111919
TEL,93208,10.9084,10.7618,-1.6958,29.1683,-33,-0.064795
TEL,93308,11.5482,11.1615,-2.0405,42.0037,-42,-0.082467
TEL,93408,11.5482,11.3087,-2.2437,49.5452,-50,-0.098175
TEL,93508,9.9401,10.5899,-1.8665,21.5452,-26,-0.051051
TEL,93608,10.8038,10.6007,-1.5332,-1.3563,-1,-0.001963
TEL,93708,11.0418,10.8209,-1.7660,13.5537,-14,-0.027489
TEL,93808,10.9881,10.8919,-1.8717,21.4908,-21,-0.041233
TEL,93908,10.1438,10.2234,-1.2541,-2.6081,1,0.001963
TEL,94008,10.6504,10.3460,-1.2698,6.3568,-6,-0.011781
TEL,94108,10.7780,10.5299,-1.4766,16.1977,-16,-0.031416
TEL,94208,9.0075,10.3206,-1.5675,21.1680,-21,-0.041233
TEL,94308,10.3076,9.9394,-0.8169,11.9641,-12,-0.023562
TEL,94408,10.7522,10.2422,-1.0843,24.8724,-25,-0.049087
TEL,94508,10.8559,10.5620,-1.4777,34.4916,-34,-0.066759
TEL,94608,8.1628,10.1470,-1.6290,36.9760,-37,-0.072649
TEL,94708,10.6001,10.2517,-1.1555,30.0132,-30,-0.058905
TEL,94808,10.8038,10.4442,-1.3510,35.1846,-35,-0.068722
TEL,94908,10.9881,10.6930,-1.6219,39.7445,-40,-0.078540
TEL,95008,9.9179,10.1704,-1.2708,11.7445,-16,-0.031416
TEL,95108,10.8038,10.4371,-1.3377,14.2527,-14,-0.027489
TEL,95208,11.0418,10.6598,-1.5573,26.3364,-26,-0.051051
TEL,95308,9.0075,10.4753,-1.8315,34.0813,-34,-0.066759
TEL,95408,10.6252,10.3709,-1.2765,11.1158,-13,-0.025525
TEL,95508,11.0961,10.7142,-1.6036,25.4689,-25,-0.049087
TEL,95608,11.2338,10.8990,-1.8097,33.6305,-34,-0.066759
TEL,95708,11.3747,11.1022,-2.0398,48.7194,-49,-0.096211
TEL,95808,11.3462,11.1839,-2.1509,50.9387,-51,-0.100138
TEL,95908,11.4033,11.2597,-2.2371,51.2783,-51,-0.100138
TEL,96008,11.3462,11.2797,-2.2708,50.6001,-51,-0.100138
TEL,96108,11.2617,11.2749,-2.2762,49.2972,-49,-0.096211
TEL,96208,11.2897,11.2729,-2.2714,47.9612,-48,-0.094248
TEL,96308,11.1783,11.2559,-2.2617,46.5631,-47,-0.092284
TEL,96408,11.0418,11.2275,-2.2414,45.1070,-45,-0.088357
TEL,96508,10.9084,11.1705,-2.1922,43.1036,-43,-0.084430
TEL,96608,10.9349,11.1315,-2.1494,41.4794,-41,-0.080503
TEL,96708,10.8559,11.0609,-2.0816,39.5231,-40,-0.078540
TEL,96808,10.7266,11.0128,-2.0420,38.4542,-38,-0.074613
TEL,96908,10.7266,10.9334,-1.9569,23.2198,-23,-0.045160
TEL,97008,10.6252,10.8858,-1.9149,22.6352,-23,-0.045160
