BALL_BEAM_BOOT
HELP,keys
STATE,SAFE_DISABLED
SENSORS,angle=bad,pos=bad,m=n
MEAS,theta_deg=0.0000,x_filt_cm=0.0000
AGE,angle_ms=0,pos_ms=0,miss=0
FAULTS,bits=0
CAL,zero_calibrated=yes,limits_calibrated=yes,sign_calibrated=yes
SONAR_CFG,s=-1,u=1
ACT_CFG,t=29.7465,v=0
SEARCH,p=idle
TEL,enabled=1
FAULT_INFO,bits=0
FAULT_INFO,none
TEL,350,SAFE_DISABLED,0.0000,0.0000,-11.2106,0.0000,0.00,0,0.0000,0,0,0,0.0000,0.0000,0,18.5359,29.7465,idle
TEL,450,SAFE_DISABLED,1.5128,1.5368,-11.2106,0.0000,0.00,0,0.0000,32,1,0,0.0000,0.0000,0,18.5359,29.7465,idle
TEL,550,SAFE_DISABLED,1.4785,1.4985,-11.2106,0.0000,0.00,0,0.0000,13,1,0,0.0000,0.0000,0,18.5359,29.7465,idle
TEL,650,SAFE_DISABLED,1.1355,1.3493,-11.2106,0.0000,0.00,0,0.0000,34,1,0,0.0000,0.0000,0,18.5359,29.7465,idle
TEL,750,SAFE_DISABLED,1.1355,1.2340,-11.2106,0.0000,0.00,0,0.0000,12,1,0,0.0000,0.0000,0,18.5359,29.7465,idle
TEL,850,SAFE_DISABLED,1.1355,1.1838,-11.2106,0.0000,0.00,0,0.0000,33,1,0,0.0000,0.0000,0,18.5359,29.7465,idle
TEL,950,SAFE_DISABLED,1.1355,1.1520,-11.2106,0.0000,0.00,0,0.0000,13,1,0,0.0000,0.0000,0,18.5359,29.7465,idle
TEL,1050,SAFE_DISABLED,1.5471,1.3535,-11.2106,0.0000,0.00,0,0.0000,33,1,0,0.0000,0.0000,0,18.5359,29.7465,idle
TEL,1150,SAFE_DISABLED,1.5471,1.4807,-11.2106,0.0000,0.00,0,0.0000,13,1,0,0.0000,0.0000,0,18.5359,29.7465,idle
TEL,1250,SAFE_DISABLED,1.5471,1.5145,-11.2106,0.0000,0.00,0,0.0000,32,1,0,0.0000,0.0000,0,18.5359,29.7465,idle
TEL,1350,SAFE_DISABLED,1.5471,1.5359,-11.2106,0.0000,0.00,0,0.0000,12,1,0,0.0000,0.0000,0,18.5359,29.7465,idle
TEL,1451,SAFE_DISABLED,1.1355,1.3317,-11.2106,0.0000,0.00,0,0.0000,32,1,0,0.0000,0.0000,0,18.5359,29.7465,idle
TEL,1551,SAFE_DISABLED,1.1355,1.2028,-11.2106,0.0000,0.00,0,0.0000,13,1,0,0.0000,0.0000,0,18.5359,29.7465,idle
TEL,1651,SAFE_DISABLED,1.1355,1.1684,-11.2106,0.0000,0.00,0,0.0000,33,1,0,0.0000,0.0000,0,18.5359,29.7465,idle
TEL,1751,SAFE_DISABLED,1.2041,1.1674,-11.2106,0.0000,0.00,0,0.0000,12,1,0,0.0000,0.0000,0,18.5359,29.7465,idle
TEL,1851,SAFE_DISABLED,1.5471,1.3610,-11.2106,0.0000,0.00,0,0.0000,32,1,0,0.0000,0.0000,0,18.5359,29.7465,idle
TEL,1951,SAFE_DISABLED,1.5471,1.4832,-11.2106,0.0000,0.00,0,0.0000,12,1,0,0.0000,0.0000,0,18.5359,29.7465,idle
TEL,2051,SAFE_DISABLED,1.5471,1.5158,-11.2106,0.0000,0.00,0,0.0000,32,1,0,0.0000,0.0000,0,18.5359,29.7465,idle
TEL,2151,SAFE_DISABLED,1.5471,1.5363,-11.2106,0.0000,0.00,0,0.0000,13,1,0,0.0000,0.0000,0,18.5359,29.7465,idle
TEL,2251,SAFE_DISABLED,1.5471,1.5418,-11.2106,0.0000,0.00,0,0.0000,33,1,0,0.0000,0.0000,0,18.5359,29.7465,idle
TEL,2351,SAFE_DISABLED,1.5471,1.5453,-11.2106,0.0000,0.00,0,0.0000,12,1,0,0.0000,0.0000,0,18.5359,29.7465,idle
TEL,2451,SAFE_DISABLED,1.5471,1.5462,-11.2106,0.0000,0.00,0,0.0000,32,1,0,0.0000,0.0000,0,18.5359,29.7465,idle
TEL,2551,SAFE_DISABLED,1.5471,1.5468,-11.2106,0.0000,0.00,0,0.0000,12,1,0,0.0000,0.0000,0,18.5359,29.7465,idle
TEL,2651,SAFE_DISABLED,1.5471,1.5469,-11.2106,0.0000,0.00,0,0.0000,32,1,0,0.0000,0.0000,0,18.5359,29.7465,idle
TEL,2751,SAFE_DISABLED,1.5471,1.5470,-11.2106,0.0000,0.00,0,0.0000,13,1,0,0.0000,0.0000,0,18.5359,29.7465,idle
TEL,2851,SAFE_DISABLED,1.5471,1.5470,-11.2106,0.0000,0.00,0,0.0000,33,1,0,0.0000,0.0000,0,18.5359,29.7465,idle
TEL,2951,SAFE_DISABLED,1.5471,1.5471,-11.2106,0.0000,0.00,0,0.0000,12,1,0,0.0000,0.0000,0,18.5359,29.7465,idle
TEL,3051,SAFE_DISABLED,1.5471,1.5471,-11.2106,0.0000,0.00,0,0.0000,32,1,0,0.0000,0.0000,0,18.5359,29.7465,idle
TEL,3151,SAFE_DISABLED,1.1355,1.3991,-11.2106,0.0000,0.00,0,0.0000,12,1,0,0.0000,0.0000,0,18.5359,29.7465,idle
TEL,3251,SAFE_DISABLED,1.1355,1.2646,-11.2106,0.0000,0.00,0,0.0000,32,1,0,0.0000,0.0000,0,18.5359,29.7465,idle
TEL,3351,SAFE_DISABLED,1.1355,1.1798,-11.2106,0.0000,0.00,0,0.0000,11,1,0,0.0000,0.0000,0,18.5359,29.7465,idle
TEL,3451,SAFE_DISABLED,1.1355,1.1572,-11.2106,0.0000,0.00,0,0.0000,32,1,0,0.0000,0.0000,0,18.5359,29.7465,idle
OK,telemetry=0
STATE,SAFE_DISABLED
SENSORS,angle=ok,pos=ok,m=f
MEAS,theta_deg=-11.2106,x_filt_cm=1.3890
AGE,angle_ms=16,pos_ms=11,miss=0
FAULTS,bits=0
CAL,zero_calibrated=yes,limits_calibrated=yes,sign_calibrated=yes
SONAR_CFG,s=-1,u=1
ACT_CFG,t=29.7465,v=0
SEARCH,p=idle
TEL,enabled=0
FAULT_INFO,bits=0
FAULT_INFO,none
OK,cal_reset_saved
OK,cal_limit_down_set=0.000000
CAL_LIMITS,lower_deg=-7.514648,upper_deg=7.514648,limits_calibrated=no
ERR,sonar_not_ready
ERR,sonar_not_ready
ERR,sonar_not_ready
ERR,sonar_not_ready
ERR,sonar_not_ready
ERR,sonar_not_ready
OK,cal_limit_up_set=55.810546
OK,as5600_sign=-1,sonar_sign=-1
INFO,limits_ok
CAL_LIMITS,lower_deg=-27.905273,upper_deg=27.905273,limits_calibrated=yes
OK,cal_zero_position_set=14.062973
CAL_ZERO,sonar_center_cm=14.062973,zero_calibrated=yes
OK,driver_enabled
OK,stepper_sign=-1,delta=-22.8516
OK,cal_saved
STATE,READY
SENSORS,angle=ok,pos=ok,m=f
MEAS,theta_deg=-10.7666,x_filt_cm=-0.9466
AGE,angle_ms=7,pos_ms=12,miss=0
FAULTS,bits=0
CAL,zero_calibrated=yes,limits_calibrated=yes,sign_calibrated=yes
SONAR_CFG,s=-1,u=1
ACT_CFG,t=27.9053,v=0
SEARCH,p=idle
TEL,enabled=0
FAULT_INFO,bits=0
FAULT_INFO,none
SET,134940,0.0000,4.1503,-5.7776
OK,driver_enabled
OK,searching
TEL,138496,CENTER_SEARCH,2.7440,2.7455,-10.7666,-7.7666,59.26,0,0.0000,7,1,0,-7.7666,-7.7666,0,17.1387,27.9053,probe_pos
TEL,138596,CENTER_SEARCH,2.8126,2.7653,-10.4593,-7.2393,59.26,0,0.0000,28,1,0,-7.2393,-7.2393,0,17.6660,27.9053,probe_pos
TEL,138696,CENTER_SEARCH,2.8126,2.7894,-9.8631,-6.5361,59.26,0,0.0000,33,1,0,-6.5361,-6.5361,0,18.3691,27.9053,probe_pos
TEL,138796,CENTER_SEARCH,2.3324,2.5741,-9.2381,-5.9209,59.26,0,0.0000,13,1,0,-5.9209,-5.9209,0,18.9844,27.9053,probe_pos
TEL,138896,CENTER_SEARCH,2.3324,2.4508,-8.6028,-5.3057,59.26,0,0.0000,32,1,0,-5.3057,-5.3057,0,19.5996,27.9053,probe_pos
TEL,138996,CENTER_SEARCH,2.3324,2.3730,-8.0007,-7.6983,35.56,0,0.0000,13,1,0,-7.6983,-7.6983,0,20.1270,27.9053,seek
TEL,139096,CENTER_SEARCH,2.3324,2.3523,-7.5469,-7.2589,35.56,0,0.0000,32,1,0,-7.2589,-7.2589,0,20.5664,27.9053,seek
TEL,139196,CENTER_SEARCH,2.3324,2.3392,-7.1050,-6.8194,35.56,0,0.0000,12,1,0,-6.8194,-6.8194,0,21.0059,27.9053,seek
TEL,139296,CENTER_SEARCH,2.3324,2.3357,-6.7099,-6.4679,35.56,0,0.0000,32,1,0,-6.4679,-6.4679,0,21.3574,27.9053,seek
TEL,139396,CENTER_SEARCH,2.4010,2.3541,-6.3063,-6.0284,35.56,0,0.0000,13,1,0,-6.0284,-6.0284,0,21.7969,27.9053,seek
TEL,139496,CENTER_SEARCH,2.4010,2.3780,-5.9459,-5.6768,35.56,0,0.0000,33,1,0,-5.6768,-5.6768,0,22.1484,27.9053,seek
TEL,139596,CENTER_SEARCH,2.7440,2.6184,-5.5646,-5.3253,35.56,0,0.0000,12,1,0,-5.3253,-5.3253,0,22.5000,27.9053,seek
TEL,139696,CENTER_SEARCH,2.4010,2.5075,-5.1632,-4.8858,35.56,0,0.0000,33,1,0,-4.8858,-4.8858,0,22.9395,27.9053,seek
TEL,139796,CENTER_SEARCH,2.7440,2.6629,-4.7431,-4.4464,35.56,0,0.0000,12,1,0,-4.4464,-4.4464,0,23.3789,27.9053,seek
TEL,139896,CENTER_SEARCH,2.4010,2.5293,-4.3407,-4.0069,35.56,0,0.0000,32,1,0,-4.0069,-4.0069,0,23.8184,27.9053,seek
TEL,139996,CENTER_SEARCH,2.3324,2.4100,-3.8607,-3.5675,35.56,0,0.0000,12,1,0,-3.5675,-3.5675,0,24.2578,27.9053,seek
TEL,140096,CENTER_SEARCH,2.2638,2.3498,-3.4145,-3.1280,35.56,0,0.0000,32,1,0,-3.1280,-3.1280,0,24.6973,27.9053,seek
TEL,140196,CENTER_SEARCH,1.8522,2.0963,-3.0470,-2.7764,35.56,0,0.0000,12,1,0,-2.7764,-2.7764,0,25.0488,27.9053,seek
TEL,140296,CENTER_SEARCH,1.8522,1.9718,-2.6774,-2.4249,35.56,0,0.0000,32,1,0,-2.4249,-2.4249,0,25.4004,27.9053,seek
TEL,140396,CENTER_SEARCH,1.9894,1.9344,-2.2650,-1.9854,35.56,0,0.0000,12,1,0,-1.9854,-1.9854,0,25.8398,27.9053,seek
TEL,140496,CENTER_SEARCH,1.8522,1.9213,-1.9033,-1.6339,35.56,0,0.0000,32,1,0,-1.6339,-1.6339,0,26.1914,27.9053,seek
TEL,140596,CENTER_SEARCH,2.3324,2.1409,-1.5217,-1.2823,35.56,0,0.0000,12,1,0,-1.2823,-1.2823,0,26.5430,27.9053,seek
TEL,140696,CENTER_SEARCH,2.3324,2.2386,-1.1202,-0.8429,35.56,0,0.0000,32,1,0,-0.8429,-0.8429,0,26.9824,27.9053,seek
TEL,140796,CENTER_SEARCH,2.2638,2.2796,-0.6872,-0.4034,35.56,0,0.0000,12,1,0,-0.4034,-0.4034,0,27.4219,27.9053,seek
TEL,140896,CENTER_SEARCH,1.8522,2.0616,-0.2488,0.0361,35.56,0,0.0000,32,1,0,0.0361,0.0361,0,27.8613,27.9053,seek
TEL,140996,CENTER_SEARCH,1.8522,1.9240,0.1905,0.4755,35.56,0,0.0000,11,1,0,0.4755,0.4755,0,28.3008,27.9053,seek
TEL,141096,CENTER_SEARCH,1.8522,1.8874,0.5851,0.8271,35.56,0,0.0000,31,1,0,0.8271,0.8271,0,28.6523,27.9053,seek
TEL,141196,CENTER_SEARCH,1.9894,1.9342,0.9887,1.2665,35.56,0,0.0000,12,1,0,1.2665,1.2665,0,29.0918,27.9053,seek
TEL,141296,CENTER_SEARCH,2.1952,2.0385,1.3490,1.6181,35.56,0,0.0000,32,1,0,1.6181,1.6181,0,29.4434,27.9053,seek
TEL,141396,CENTER_SEARCH,2.3324,2.2215,1.7488,1.9696,35.56,0,0.0000,12,1,0,1.9696,1.9696,0,29.7949,27.9053,seek
TEL,141496,CENTER_SEARCH,2.2638,2.2575,2.1348,2.4091,35.56,0,0.0000,31,1,0,2.4091,2.4091,0,30.2344,27.9053,seek
TEL,141596,CENTER_SEARCH,1.9894,2.1692,2.4922,2.7607,35.56,0,0.0000,11,1,0,2.7607,2.7607,0,30.5859,27.9053,seek
TEL,141696,CENTER_SEARCH,1.7836,2.0157,2.9269,3.2001,35.56,0,0.0000,31,1,0,3.2001,3.2001,0,31.0254,27.9053,seek
TEL,141796,CENTER_SEARCH,1.7836,1.8632,3.4296,3.7275,35.56,0,0.0000,2,1,0,3.7275,3.7275,0,31.5527,27.9053,seek
TEL,141896,CENTER_SEARCH,2.3324,1.9872,3.8533,4.0790,35.56,0,0.0000,23,1,0,4.0790,4.0790,0,31.9043,27.9053,seek
TEL,141996,CENTER_SEARCH,2.3324,2.2140,4.2434,4.5185,35.56,0,0.0000,2,1,0,4.5185,4.5185,0,32.3437,27.9053,seek
TEL,142096,CENTER_SEARCH,2.4696,2.3443,4.6077,4.8700,35.56,0,0.0000,22,1,0,4.8700,4.8700,0,32.6953,27.9053,seek
TEL,142196,CENTER_SEARCH,2.3324,2.3855,5.0019,5.2216,35.56,0,0.0000,2,1,0,5.2216,5.2216,0,33.0469,27.9053,seek
TEL,142296,CENTER_SEARCH,2.2638,2.3378,5.3933,5.6611,35.56,0,0.0000,22,1,0,5.6611,5.6611,0,33.4863,27.9053,seek
TEL,142396,CENTER_SEARCH,2.2638,2.2892,5.7543,6.0126,35.56,0,0.0000,1,1,0,6.0126,6.0126,0,33.8379,27.9053,seek
TEL,142496,CENTER_SEARCH,2.2638,2.2762,6.1440,6.4521,35.56,0,0.0000,21,1,0,6.4521,6.4521,0,34.2773,27.9053,seek
TEL,142596,CENTER_SEARCH,2.3324,2.2886,6.5962,6.8915,35.56,0,0.0000,2,1,0,6.8915,6.8915,0,34.7168,27.9053,seek
TEL,142696,CENTER_SEARCH,2.4696,2.3665,7.0442,7.3310,35.56,0,0.0000,22,1,0,7.3310,7.3310,0,35.1562,27.9053,seek
TEL,142796,CENTER_SEARCH,2.4696,2.4342,7.4851,7.7704,35.56,0,0.0000,1,1,0,7.7704,7.7704,0,35.5957,27.9053,seek
TEL,142896,CENTER_SEARCH,2.4696,2.4522,7.8580,8.1220,35.56,0,0.0000,21,1,0,8.1220,8.1220,0,35.9473,27.9053,seek
TEL,142996,CENTER_SEARCH,1.8522,2.1531,8.2131,8.4736,35.56,0,0.0000,1,1,0,8.4736,8.4736,0,36.2988,27.9053,seek
TEL,143096,CENTER_SEARCH,1.7836,1.9646,8.6321,8.9130,35.56,0,0.0000,21,1,0,8.9130,8.9130,0,36.7383,27.9053,seek
TEL,143196,CENTER_SEARCH,1.8522,1.8663,8.9950,9.2646,35.56,0,0.0000,2,1,0,9.2646,9.2646,0,37.0898,27.9053,seek
OK,telemetry=0
OK,telemetry=1
TEL,145196,CENTER_SEARCH,1.7150,1.7163,16.8983,17.1747,35.56,0,0.0000,1,1,0,17.1747,17.1747,0,45.0000,27.9053,seek
TEL,145296,CENTER_SEARCH,1.7150,1.7156,17.3306,17.6142,35.56,0,0.0000,21,1,0,17.6142,17.6142,0,45.4395,27.9053,seek
TEL,145396,CENTER_SEARCH,1.7150,1.7152,17.7688,18.0536,35.56,0,0.0000,1,1,0,18.0536,18.0536,0,45.8789,27.9053,seek
TEL,145496,CENTER_SEARCH,1.7150,1.7151,18.2080,18.4931,35.56,0,0.0000,14,1,0,18.4931,18.4931,0,46.3184,27.9053,seek
TEL,145596,CENTER_SEARCH,1.7150,1.7150,18.5936,18.8446,35.56,0,0.0000,34,1,0,18.8446,18.8446,0,46.6699,27.9053,seek
TEL,145696,CENTER_SEARCH,1.7150,1.7150,18.9599,19.1962,35.56,0,0.0000,14,1,0,19.1962,19.1962,0,47.0215,27.9053,seek
TEL,145796,CENTER_SEARCH,1.7150,1.7150,19.3588,19.6357,35.56,0,0.0000,1,1,0,19.6357,19.6357,0,47.4609,27.9053,seek
TEL,145896,CENTER_SEARCH,1.7150,1.7150,19.7246,19.9872,35.56,0,0.0000,21,1,0,19.9872,19.9872,0,47.8125,27.9053,seek
TEL,145996,CENTER_SEARCH,1.7150,1.7150,20.0876,20.3388,35.56,0,0.0000,40,1,0,20.3388,20.3388,0,48.1641,27.9053,seek
TEL,146096,CENTER_SEARCH,1.7150,1.6285,20.4804,20.7782,35.56,0,0.0000,14,1,0,20.7782,20.7782,0,48.6035,27.9053,seek
TEL,146196,CENTER_SEARCH,1.7150,1.6726,20.8928,21.2177,35.56,0,0.0000,34,1,0,21.2177,21.2177,0,49.0430,27.9053,seek
TEL,146296,CENTER_SEARCH,1.3720,1.4751,21.3654,21.6571,35.56,0,0.0000,14,1,0,21.6571,21.6571,0,49.4824,27.9053,seek
TEL,146396,CENTER_SEARCH,1.3720,1.4073,21.8104,22.0966,35.56,0,0.0000,1,1,0,22.0966,22.0966,0,49.9219,27.9053,seek
ERR,center_search_timeout
TEL,146496,FAULT,1.5092,1.4305,22.1777,0.0000,0.00,0,0.0000,20,1,0,0.0000,0.0000,0,50.2734,27.9053,idle
TEL,146596,FAULT,1.3720,1.4006,22.3586,0.0000,0.00,0,0.0000,35,1,0,0.0000,0.0000,0,50.3613,27.9053,idle
TEL,146696,FAULT,1.3720,1.3717,22.4397,0.0000,0.00,0,0.0000,15,1,0,0.0000,0.0000,0,50.3613,27.9053,idle
TEL,146796,FAULT,1.4406,1.4068,22.4533,0.0000,0.00,0,0.0000,35,1,0,0.0000,0.0000,0,50.3613,27.9053,idle
TEL,146896,FAULT,1.3720,1.3940,22.4556,0.0000,0.00,0,0.0000,15,1,0,0.0000,0.0000,0,50.3613,27.9053,idle
TEL,146996,FAULT,1.3720,1.3828,22.4560,0.0000,0.00,0,0.0000,35,1,0,0.0000,0.0000,0,50.3613,27.9053,idle
TEL,147096,FAULT,1.3720,1.3757,22.4560,0.0000,0.00,0,0.0000,14,1,0,0.0000,0.0000,0,50.3613,27.9053,idle
TEL,147196,FAULT,1.3720,1.3738,22.4561,0.0000,0.00,0,0.0000,35,1,0,0.0000,0.0000,0,50.3613,27.9053,idle
TEL,147296,FAULT,1.3720,1.3726,22.4561,0.0000,0.00,0,0.0000,15,1,0,0.0000,0.0000,0,50.3613,27.9053,idle
TEL,147396,FAULT,1.3720,1.3723,22.4561,0.0000,0.00,0,0.0000,35,1,0,0.0000,0.0000,0,50.3613,27.9053,idle
TEL,147496,FAULT,1.3720,1.3721,22.4561,0.0000,0.00,0,0.0000,15,1,0,0.0000,0.0000,0,50.3613,27.9053,idle
TEL,147596,FAULT,1.3720,1.3720,22.4561,0.0000,0.00,0,0.0000,35,1,0,0.0000,0.0000,0,50.3613,27.9053,idle
TEL,147696,FAULT,1.3720,1.3720,22.4561,0.0000,0.00,0,0.0000,14,1,0,0.0000,0.0000,0,50.3613,27.9053,idle
TEL,147796,FAULT,1.3720,1.3720,22.4561,0.0000,0.00,0,0.0000,35,1,0,0.0000,0.0000,0,50.3613,27.9053,idle
TEL,147896,FAULT,1.4406,1.4170,22.4561,0.0000,0.00,0,0.0000,15,1,0,0.0000,0.0000,0,50.3613,27.9053,idle
TEL,147996,FAULT,1.3720,1.3941,22.4561,0.0000,0.00,0,0.0000,35,1,0,0.0000,0.0000,0,50.3613,27.9053,idle
TEL,148096,FAULT,1.4406,1.4246,22.4561,0.0000,0.00,0,0.0000,15,1,0,0.0000,0.0000,0,50.3613,27.9053,idle
TEL,148196,FAULT,1.3720,1.3978,22.4561,0.0000,0.00,0,0.0000,35,1,0,0.0000,0.0000,0,50.3613,27.9053,idle
TEL,148296,FAULT,1.3720,1.3808,22.4561,0.0000,0.00,0,0.0000,15,1,0,0.0000,0.0000,0,50.3613,27.9053,idle
TEL,148396,FAULT,1.3720,1.3763,22.4561,0.0000,0.00,0,0.0000,34,1,0,0.0000,0.0000,0,50.3613,27.9053,idle
TEL,148496,FAULT,1.3720,1.3735,22.4561,0.0000,0.00,0,0.0000,15,1,0,0.0000,0.0000,0,50.3613,27.9053,idle
TEL,148596,FAULT,1.3720,1.3727,22.4561,0.0000,0.00,0,0.0000,35,1,0,0.0000,0.0000,0,50.3613,27.9053,idle
TEL,148696,FAULT,1.3720,1.3722,22.4561,0.0000,0.00,0,0.0000,15,1,0,0.0000,0.0000,0,50.3613,27.9053,idle
TEL,148796,FAULT,1.3720,1.3721,22.4561,0.0000,0.00,0,0.0000,35,1,0,0.0000,0.0000,0,50.3613,27.9053,idle
TEL,148896,FAULT,1.3720,1.3720,22.4561,0.0000,0.00,0,0.0000,13,1,0,0.0000,0.0000,0,50.3613,27.9053,idle
TEL,148996,FAULT,1.3720,1.3720,22.4561,0.0000,0.00,0,0.0000,32,1,0,0.0000,0.0000,0,50.3613,27.9053,idle
TEL,149096,FAULT,1.3720,1.3720,22.4561,0.0000,0.00,0,0.0000,13,1,0,0.0000,0.0000,0,50.3613,27.9053,idle
TEL,149196,FAULT,1.3720,1.3720,22.4561,0.0000,0.00,0,0.0000,33,1,0,0.0000,0.0000,0,50.3613,27.9053,idle
TEL,149296,FAULT,1.3720,1.3720,22.4561,0.0000,0.00,0,0.0000,13,1,0,0.0000,0.0000,0,50.3613,27.9053,idle
TEL,149396,FAULT,1.3720,1.3720,22.4561,0.0000,0.00,0,0.0000,33,1,0,0.0000,0.0000,0,50.3613,27.9053,idle
TEL,149496,FAULT,1.3720,1.3720,22.4561,0.0000,0.00,0,0.0000,12,1,0,0.0000,0.0000,0,50.3613,27.9053,idle
TEL,149596,FAULT,1.3720,1.3720,22.4561,0.0000,0.00,0,0.0000,32,1,0,0.0000,0.0000,0,50.3613,27.9053,idle
TEL,149696,FAULT,1.3720,1.3720,22.4561,0.0000,0.00,0,0.0000,12,1,0,0.0000,0.0000,0,50.3613,27.9053,idle
TEL,149796,FAULT,1.3720,1.3720,22.4561,0.0000,0.00,0,0.0000,33,1,0,0.0000,0.0000,0,50.3613,27.9053,idle
TEL,149896,FAULT,1.3720,1.3720,22.4561,0.0000,0.00,0,0.0000,13,1,0,0.0000,0.0000,0,50.3613,27.9053,idle
TEL,149996,FAULT,1.3720,1.3720,22.4561,0.0000,0.00,0,0.0000,32,1,0,0.0000,0.0000,0,50.3613,27.9053,idle
TEL,150096,FAULT,1.3720,1.3720,22.4561,0.0000,0.00,0,0.0000,12,1,0,0.0000,0.0000,0,50.3613,27.9053,idle
TEL,150196,FAULT,1.3720,1.3720,22.4561,0.0000,0.00,0,0.0000,32,1,0,0.0000,0.0000,0,50.3613,27.9053,idle
TEL,150296,FAULT,1.3720,1.3720,22.4561,0.0000,0.00,0,0.0000,12,1,0,0.0000,0.0000,0,50.3613,27.9053,idle
TEL,150396,FAULT,1.3720,1.3720,22.4561,0.0000,0.00,0,0.0000,33,1,0,0.0000,0.0000,0,50.3613,27.9053,idle
TEL,150496,FAULT,1.3720,1.3720,22.4561,0.0000,0.00,0,0.0000,12,1,0,0.0000,0.0000,0,50.3613,27.9053,idle
TEL,150596,FAULT,1.3720,1.3720,22.4561,0.0000,0.00,0,0.0000,32,1,0,0.0000,0.0000,0,50.3613,27.9053,idle
TEL,150696,FAULT,1.3720,1.3720,22.4561,0.0000,0.00,0,0.0000,12,1,0,0.0000,0.0000,0,50.3613,27.9053,idle
TEL,150796,FAULT,1.3720,1.3720,22.4561,0.0000,0.00,0,0.0000,32,1,0,0.0000,0.0000,0,50.3613,27.9053,idle
TEL,150896,FAULT,1.3720,1.3720,22.4561,0.0000,0.00,0,0.0000,12,1,0,0.0000,0.0000,0,50.3613,27.9053,idle
TEL,150996,FAULT,1.3720,1.3720,22.4561,0.0000,0.00,0,0.0000,32,1,0,0.0000,0.0000,0,50.3613,27.9053,idle
TEL,151096,FAULT,1.3720,1.3720,22.4561,0.0000,0.00,0,0.0000,12,1,0,0.0000,0.0000,0,50.3613,27.9053,idle
TEL,151196,FAULT,1.3720,1.3720,22.4561,0.0000,0.00,0,0.0000,32,1,0,0.0000,0.0000,0,50.3613,27.9053,idle
TEL,151296,FAULT,1.3720,1.3720,22.4561,0.0000,0.00,0,0.0000,12,1,0,0.0000,0.0000,0,50.3613,27.9053,idle
TEL,151396,FAULT,1.3720,1.3720,22.4561,0.0000,0.00,0,0.0000,32,1,0,0.0000,0.0000,0,50.3613,27.9053,idle
TEL,151496,FAULT,1.3720,1.3720,22.4561,0.0000,0.00,0,0.0000,12,1,0,0.0000,0.0000,0,50.3613,27.9053,idle
TEL,151596,FAULT,1.3720,1.3720,22.4561,0.0000,0.00,0,0.0000,32,1,0,0.0000,0.0000,0,50.3613,27.9053,idle
TEL,151696,FAULT,1.3720,1.3720,22.4561,0.0000,0.00,0,0.0000,12,1,0,0.0000,0.0000,0,50.3613,27.9053,idle
TEL,151796,FAULT,1.3720,1.3720,22.4561,0.0000,0.00,0,0.0000,32,1,0,0.0000,0.0000,0,50.3613,27.9053,idle
TEL,151896,FAULT,1.3720,1.3720,22.4561,0.0000,0.00,0,0.0000,12,1,0,0.0000,0.0000,0,50.3613,27.9053,idle
TEL,151996,FAULT,1.3720,1.3720,22.4561,0.0000,0.00,0,0.0000,32,1,0,0.0000,0.0000,0,50.3613,27.9053,idle
TEL,152096,FAULT,1.3720,1.3720,22.4561,0.0000,0.00,0,0.0000,12,1,0,0.0000,0.0000,0,50.3613,27.9053,idle
TEL,152196,FAULT,1.3720,1.3720,22.4561,0.0000,0.00,0,0.0000,31,1,0,0.0000,0.0000,0,50.3613,27.9053,idle
TEL,152296,FAULT,1.3720,1.3720,22.4561,0.0000,0.00,0,0.0000,12,1,0,0.0000,0.0000,0,50.3613,27.9053,idle
TEL,152396,FAULT,1.3720,1.3720,22.4561,0.0000,0.00,0,0.0000,32,1,0,0.0000,0.0000,0,50.3613,27.9053,idle
TEL,152496,FAULT,1.3720,1.3720,22.4561,0.0000,0.00,0,0.0000,12,1,0,0.0000,0.0000,0,50.3613,27.9053,idle
TEL,152596,FAULT,1.3720,1.3720,22.4561,0.0000,0.00,0,0.0000,32,1,0,0.0000,0.0000,0,50.3613,27.9053,idle
TEL,152696,FAULT,1.3720,1.3720,22.4561,0.0000,0.00,0,0.0000,11,1,0,0.0000,0.0000,0,50.3613,27.9053,idle
SET,152782,-5.7776,4.1503,-5.7776
TEL,152796,FAULT,1.3720,1.3720,22.4561,0.0000,0.00,0,-5.7776,31,1,0,0.0000,0.0000,0,50.3613,27.9053,idle
TEL,152896,FAULT,1.3720,1.3720,22.4561,0.0000,0.00,0,-5.7776,3,1,0,0.0000,0.0000,0,50.3613,27.9053,idle
TEL,152996,FAULT,1.3720,1.3720,22.4561,0.0000,0.00,0,-5.7776,23,1,0,0.0000,0.0000,0,50.3613,27.9053,idle
TEL,153096,FAULT,1.3720,1.3720,22.4561,0.0000,0.00,0,-5.7776,3,1,0,0.0000,0.0000,0,50.3613,27.9053,idle
TEL,153196,FAULT,1.3720,1.3720,22.4561,0.0000,0.00,0,-5.7776,23,1,0,0.0000,0.0000,0,50.3613,27.9053,idle
TEL,153296,FAULT,1.3720,1.3720,22.4561,0.0000,0.00,0,-5.7776,2,1,0,0.0000,0.0000,0,50.3613,27.9053,idle
TEL,153396,FAULT,1.3720,1.3720,22.4561,0.0000,0.00,0,-5.7776,22,1,0,0.0000,0.0000,0,50.3613,27.9053,idle
TEL,153496,FAULT,1.3720,1.3720,22.4561,0.0000,0.00,0,-5.7776,2,1,0,0.0000,0.0000,0,50.3613,27.9053,idle
TEL,153596,FAULT,1.3720,1.3720,22.4561,0.0000,0.00,0,-5.7776,22,1,0,0.0000,0.0000,0,50.3613,27.9053,idle
TEL,153696,FAULT,1.3720,1.3720,22.4561,0.0000,0.00,0,-5.7776,2,1,0,0.0000,0.0000,0,50.3613,27.9053,idle
TEL,153796,FAULT,1.3720,1.3720,22.4561,0.0000,0.00,0,-5.7776,23,1,0,0.0000,0.0000,0,50.3613,27.9053,idle
TEL,153896,FAULT,1.3720,1.3720,22.4561,0.0000,0.00,0,-5.7776,2,1,0,0.0000,0.0000,0,50.3613,27.9053,idle
TEL,153996,FAULT,1.3720,1.3720,22.4561,0.0000,0.00,0,-5.7776,22,1,0,0.0000,0.0000,0,50.3613,27.9053,idle
TEL,154096,FAULT,1.3720,1.3720,22.4561,0.0000,0.00,0,-5.7776,2,1,0,0.0000,0.0000,0,50.3613,27.9053,idle
TEL,154196,FAULT,1.3720,1.3720,22.4561,0.0000,0.00,0,-5.7776,22,1,0,0.0000,0.0000,0,50.3613,27.9053,idle
TEL,154296,FAULT,1.3720,1.3720,22.4561,0.0000,0.00,0,-5.7776,2,1,0,0.0000,0.0000,0,50.3613,27.9053,idle
TEL,154396,FAULT,1.3720,1.3720,22.4561,0.0000,0.00,0,-5.7776,23,1,0,0.0000,0.0000,0,50.3613,27.9053,idle
TEL,154496,FAULT,1.3720,1.3720,22.4561,0.0000,0.00,0,-5.7776,2,1,0,0.0000,0.0000,0,50.3613,27.9053,idle
TEL,154596,FAULT,1.3720,1.3720,22.4561,0.0000,0.00,0,-5.7776,22,1,0,0.0000,0.0000,0,50.3613,27.9053,idle
TEL,154696,FAULT,1.3720,1.3720,22.4561,0.0000,0.00,0,-5.7776,2,1,0,0.0000,0.0000,0,50.3613,27.9053,idle
TEL,154796,FAULT,1.3720,1.3720,22.4561,0.0000,0.00,0,-5.7776,22,1,0,0.0000,0.0000,0,50.3613,27.9053,idle
TEL,154896,FAULT,1.3720,1.3720,22.4561,0.0000,0.00,0,-5.7776,2,1,0,0.0000,0.0000,0,50.3613,27.9053,idle
TEL,154996,FAULT,1.3720,1.3720,22.4561,0.0000,0.00,0,-5.7776,21,1,0,0.0000,0.0000,0,50.3613,27.9053,idle
TEL,155096,FAULT,1.3720,1.3720,22.4561,0.0000,0.00,0,-5.7776,2,1,0,0.0000,0.0000,0,50.3613,27.9053,idle
TEL,155196,FAULT,1.3720,1.3720,22.4561,0.0000,0.00,0,-5.7776,22,1,0,0.0000,0.0000,0,50.3613,27.9053,idle
TEL,155296,FAULT,1.3720,1.3720,22.4561,0.0000,0.00,0,-5.7776,2,1,0,0.0000,0.0000,0,50.3613,27.9053,idle
TEL,155396,FAULT,1.3720,1.3720,22.4561,0.0000,0.00,0,-5.7776,22,1,0,0.0000,0.0000,0,50.3613,27.9053,idle
TEL,155496,FAULT,1.3720,1.3720,22.4561,0.0000,0.00,0,-5.7776,1,1,0,0.0000,0.0000,0,50.3613,27.9053,idle
TEL,155596,FAULT,1.3720,1.3720,22.4561,0.0000,0.00,0,-5.7776,21,1,0,0.0000,0.0000,0,50.3613,27.9053,idle
TEL,155696,FAULT,1.3720,1.3720,22.4561,0.0000,0.00,0,-5.7776,2,1,0,0.0000,0.0000,0,50.3613,27.9053,idle
TEL,155796,FAULT,1.3720,1.3720,22.4561,0.0000,0.00,0,-5.7776,22,1,0,0.0000,0.0000,0,50.3613,27.9053,idle
TEL,155896,FAULT,1.0290,1.2691,22.4561,0.0000,0.00,0,-5.7776,2,1,0,0.0000,0.0000,0,50.3613,27.9053,idle
TEL,155996,FAULT,1.0290,1.1466,22.4561,0.0000,0.00,0,-5.7776,22,1,0,0.0000,0.0000,0,50.3613,27.9053,idle
TEL,156096,FAULT,1.3720,1.2947,22.4561,0.0000,0.00,0,-5.7776,1,1,0,0.0000,0.0000,0,50.3613,27.9053,idle
TEL,156196,FAULT,1.3720,1.3341,22.4561,0.0000,0.00,0,-5.7776,21,1,0,0.0000,0.0000,0,50.3613,27.9053,idle
TEL,156296,FAULT,1.3720,1.3590,22.4561,0.0000,0.00,0,-5.7776,2,1,0,0.0000,0.0000,0,50.3613,27.9053,idle
TEL,156396,FAULT,1.3720,1.3656,22.4561,0.0000,0.00,0,-5.7776,22,1,0,0.0000,0.0000,0,50.3613,27.9053,idle
TEL,156496,FAULT,1.3720,1.3698,22.4561,0.0000,0.00,0,-5.7776,2,1,0,0.0000,0.0000,0,50.3613,27.9053,idle
TEL,156596,FAULT,1.3720,1.3709,22.4561,0.0000,0.00,0,-5.7776,21,1,0,0.0000,0.0000,0,50.3613,27.9053,idle
TEL,156696,FAULT,1.3720,1.3716,22.4561,0.0000,0.00,0,-5.7776,1,1,0,0.0000,0.0000,0,50.3613,27.9053,idle
TEL,156796,FAULT,1.3720,1.3718,22.4561,0.0000,0.00,0,-5.7776,21,1,0,0.0000,0.0000,0,50.3613,27.9053,idle
TEL,156896,FAULT,1.3720,1.3719,22.4561,0.0000,0.00,0,-5.7776,1,1,0,0.0000,0.0000,0,50.3613,27.9053,idle
TEL,156996,FAULT,1.3720,1.3719,22.4561,0.0000,0.00,0,-5.7776,22,1,0,0.0000,0.0000,0,50.3613,27.9053,idle
TEL,157096,FAULT,1.3720,1.3720,22.4561,0.0000,0.00,0,-5.7776,1,1,0,0.0000,0.0000,0,50.3613,27.9053,idle
TEL,157196,FAULT,1.3720,1.3720,22.4561,0.0000,0.00,0,-5.7776,21,1,0,0.0000,0.0000,0,50.3613,27.9053,idle
TEL,157296,FAULT,1.3720,1.3720,22.4561,0.0000,0.00,0,-5.7776,1,1,0,0.0000,0.0000,0,50.3613,27.9053,idle
TEL,157396,FAULT,1.3720,1.3720,22.4561,0.0000,0.00,0,-5.7776,21,1,0,0.0000,0.0000,0,50.3613,27.9053,idle
TEL,157496,FAULT,1.3720,1.3720,22.4561,0.0000,0.00,0,-5.7776,1,1,0,0.0000,0.0000,0,50.3613,27.9053,idle
TEL,157596,FAULT,1.3720,1.3720,22.4561,0.0000,0.00,0,-5.7776,22,1,0,0.0000,0.0000,0,50.3613,27.9053,idle
SET,157615,4.1503,4.1503,-5.7776
TEL,157696,FAULT,1.3720,1.3720,22.4561,0.0000,0.00,0,4.1503,1,1,0,0.0000,0.0000,0,50.3613,27.9053,idle
TEL,157796,FAULT,1.3720,1.3720,22.4561,0.0000,0.00,0,4.1503,21,1,0,0.0000,0.0000,0,50.3613,27.9053,idle
TEL,157896,FAULT,1.3720,1.3720,22.4561,0.0000,0.00,0,4.1503,1,1,0,0.0000,0.0000,0,50.3613,27.9053,idle
TEL,157996,FAULT,1.3720,1.3720,22.4561,0.0000,0.00,0,4.1503,21,1,0,0.0000,0.0000,0,50.3613,27.9053,idle
TEL,158096,FAULT,1.3720,1.3720,22.4561,0.0000,0.00,0,4.1503,1,1,0,0.0000,0.0000,0,50.3613,27.9053,idle
TEL,158196,FAULT,1.3720,1.3720,22.4561,0.0000,0.00,0,4.1503,15,1,0,0.0000,0.0000,0,50.3613,27.9053,idle
TEL,158296,FAULT,1.3720,1.3720,22.4561,0.0000,0.00,0,4.1503,1,1,0,0.0000,0.0000,0,50.3613,27.9053,idle
TEL,158396,FAULT,1.3034,1.3514,22.4561,0.0000,0.00,0,4.1503,21,1,0,0.0000,0.0000,0,50.3613,27.9053,idle
TEL,158496,FAULT,1.3720,1.3649,22.4561,0.0000,0.00,0,4.1503,1,1,0,0.0000,0.0000,0,50.3613,27.9053,idle
TEL,158596,FAULT,1.3720,1.3685,22.4561,0.0000,0.00,0,4.1503,21,1,0,0.0000,0.0000,0,50.3613,27.9053,idle
TEL,158696,FAULT,1.3720,1.3708,22.4561,0.0000,0.00,0,4.1503,1,1,0,0.0000,0.0000,0,50.3613,27.9053,idle
TEL,158796,FAULT,1.3720,1.3714,22.4561,0.0000,0.00,0,4.1503,15,1,0,0.0000,0.0000,0,50.3613,27.9053,idle
TEL,158896,FAULT,1.3720,1.3718,22.4561,0.0000,0.00,0,4.1503,1,1,0,0.0000,0.0000,0,50.3613,27.9053,idle
TEL,158996,FAULT,1.3720,1.3719,22.4561,0.0000,0.00,0,4.1503,21,1,0,0.0000,0.0000,0,50.3613,27.9053,idle
TEL,159096,FAULT,1.3720,1.3719,22.4561,0.0000,0.00,0,4.1503,1,1,0,0.0000,0.0000,0,50.3613,27.9053,idle
TEL,159196,FAULT,1.3720,1.3720,22.4561,0.0000,0.00,0,4.1503,21,1,0,0.0000,0.0000,0,50.3613,27.9053,idle
TEL,159296,FAULT,1.3720,1.3720,22.4561,0.0000,0.00,0,4.1503,40,1,0,0.0000,0.0000,0,50.3613,27.9053,idle
TEL,159396,FAULT,1.3720,1.3720,22.4561,0.0000,0.00,0,4.1503,15,1,0,0.0000,0.0000,0,50.3613,27.9053,idle
TEL,159496,FAULT,1.3720,1.3720,22.4561,0.0000,0.00,0,4.1503,35,1,0,0.0000,0.0000,0,50.3613,27.9053,idle
TEL,159596,FAULT,0.9604,1.2485,22.4561,0.0000,0.00,0,4.1503,21,1,0,0.0000,0.0000,0,50.3613,27.9053,idle
TEL,159696,FAULT,0.9604,1.0592,22.4561,0.0000,0.00,0,4.1503,1,1,0,0.0000,0.0000,0,50.3613,27.9053,idle
TEL,159796,FAULT,0.9604,1.0088,22.4561,0.0000,0.00,0,4.1503,21,1,0,0.0000,0.0000,0,50.3613,27.9053,idle
TEL,159896,FAULT,0.9604,0.9841,22.4561,0.0000,0.00,0,4.1503,35,1,0,0.0000,0.0000,0,50.3613,27.9053,idle
TEL,159996,FAULT,1.0290,1.0136,22.4561,0.0000,0.00,0,4.1503,15,1,0,0.0000,0.0000,0,50.3613,27.9053,idle
TEL,160096,FAULT,1.3720,1.1243,22.4561,0.0000,0.00,0,4.1503,35,1,0,0.0000,0.0000,0,50.3613,27.9053,idle
TEL,160196,FAULT,1.3720,1.2870,22.4561,0.0000,0.00,0,4.1503,21,1,0,0.0000,0.0000,0,50.3613,27.9053,idle
TEL,160296,FAULT,1.3720,1.3428,22.4561,0.0000,0.00,0,4.1503,1,1,0,0.0000,0.0000,0,50.3613,27.9053,idle
TEL,160396,FAULT,1.3720,1.3577,22.4561,0.0000,0.00,0,4.1503,15,1,0,0.0000,0.0000,0,50.3613,27.9053,idle
TEL,160496,FAULT,1.3720,1.3650,22.4561,0.0000,0.00,0,4.1503,35,1,0,0.0000,0.0000,0,50.3613,27.9053,idle
TEL,160596,FAULT,1.3720,1.3696,22.4561,0.0000,0.00,0,4.1503,15,1,0,0.0000,0.0000,0,50.3613,27.9053,idle
TEL,160696,FAULT,1.3720,1.3708,22.4561,0.0000,0.00,0,4.1503,35,1,0,0.0000,0.0000,0,50.3613,27.9053,idle
TEL,160796,FAULT,1.3720,1.3716,22.4561,0.0000,0.00,0,4.1503,15,1,0,0.0000,0.0000,0,50.3613,27.9053,idle
OK,driver_disabled
TEL,160896,FAULT,1.3720,1.3718,22.3585,0.0000,0.00,0,4.1503,41,1,0,0.0000,0.0000,0,50.0977,27.9053,idle
TEL,160996,FAULT,1.3720,1.3719,22.2203,0.0000,0.00,0,4.1503,15,1,0,0.0000,0.0000,0,50.0977,27.9053,idle
TEL,161096,FAULT,1.3720,1.3719,22.1971,0.0000,0.00,0,4.1503,35,1,0,0.0000,0.0000,0,50.0977,27.9053,idle
TEL,161196,FAULT,1.3720,1.3720,22.1932,0.0000,0.00,0,4.1503,15,1,0,0.0000,0.0000,0,50.0977,27.9053,idle
TEL,161296,FAULT,1.3034,1.3370,22.1925,0.0000,0.00,0,4.1503,35,1,0,0.0000,0.0000,0,50.0977,27.9053,idle
TEL,161396,FAULT,1.3034,1.3149,22.1924,0.0000,0.00,0,4.1503,15,1,0,0.0000,0.0000,0,50.0977,27.9053,idle
TEL,161496,FAULT,1.1662,1.2679,22.1924,0.0000,0.00,0,4.1503,34,1,0,0.0000,0.0000,0,50.0977,27.9053,idle
TEL,161596,FAULT,0.9604,1.0658,22.1924,0.0000,0.00,0,4.1503,15,1,0,0.0000,0.0000,0,50.0977,27.9053,idle
TEL,161696,FAULT,1.3034,1.1150,22.1924,0.0000,0.00,0,4.1503,35,1,0,0.0000,0.0000,0,50.0977,27.9053,idle
TEL,161796,FAULT,1.3034,1.1163,22.1924,0.0000,0.00,0,4.1503,15,1,0,0.0000,0.0000,0,50.0977,27.9053,idle
TEL,161896,FAULT,1.0290,1.1294,22.1924,0.0000,0.00,0,4.1503,35,1,0,0.0000,0.0000,0,50.0977,27.9053,idle
TEL,161996,FAULT,1.3034,1.2437,22.1833,0.0000,0.00,0,4.1503,15,1,0,0.0000,0.0000,0,50.0977,27.9053,idle
TEL,162096,FAULT,1.0290,1.1918,22.1909,0.0000,0.00,0,4.1503,35,1,0,0.0000,0.0000,0,50.0977,27.9053,idle
TEL,162196,FAULT,1.0290,1.0848,22.1737,0.0000,0.00,0,4.1503,15,1,0,0.0000,0.0000,0,50.0977,27.9053,idle
TEL,162296,FAULT,1.0290,1.0563,22.1629,0.0000,0.00,0,4.1503,35,1,0,0.0000,0.0000,0,50.0098,27.9053,idle
TEL,162396,FAULT,1.3720,1.2637,22.1690,0.0000,0.00,0,4.1503,15,1,0,0.0000,0.0000,0,50.0977,27.9053,idle
TEL,162496,FAULT,1.3720,1.3189,22.1821,0.0000,0.00,0,4.1503,35,1,0,0.0000,0.0000,0,50.0977,27.9053,idle
TEL,162596,FAULT,1.3720,1.3538,22.1458,0.0000,0.00,0,4.1503,15,1,0,0.0000,0.0000,0,50.0098,27.9053,idle
TEL,162696,FAULT,1.3720,1.3631,22.1755,0.0000,0.00,0,4.1503,33,1,0,0.0000,0.0000,0,50.0977,27.9053,idle
TEL,162796,FAULT,1.3720,1.3689,22.1895,0.0000,0.00,0,4.1503,12,1,0,0.0000,0.0000,0,50.0977,27.9053,idle
TEL,162896,FAULT,1.3720,1.3705,22.1856,0.0000,0.00,0,4.1503,33,1,0,0.0000,0.0000,0,50.0977,27.9053,idle
TEL,162996,FAULT,1.3720,1.3715,22.1912,0.0000,0.00,0,4.1503,13,1,0,0.0000,0.0000,0,50.0977,27.9053,idle
TEL,163096,FAULT,1.3720,1.3717,22.1608,0.0000,0.00,0,4.1503,33,1,0,0.0000,0.0000,0,50.0977,27.9053,idle
TEL,163196,FAULT,1.3720,1.3719,22.1607,0.0000,0.00,0,4.1503,13,1,0,0.0000,0.0000,0,50.0098,27.9053,idle
TEL,163296,FAULT,1.3720,1.3719,22.1557,0.0000,0.00,0,4.1503,32,1,0,0.0000,0.0000,0,50.0977,27.9053,idle
TEL,163396,FAULT,1.3720,1.3720,22.1469,0.0000,0.00,0,4.1503,12,1,0,0.0000,0.0000,0,50.0098,27.9053,idle
TEL,163496,FAULT,1.3720,1.3720,22.1600,0.0000,0.00,0,4.1503,32,1,0,0.0000,0.0000,0,50.0977,27.9053,idle
OK,stopped
TEL,163596,FAULT,1.3720,1.3720,22.1740,0.0000,0.00,0,4.1503,13,1,0,0.0000,0.0000,0,50.0977,27.9053,idle
TEL,163696,FAULT,1.0290,1.1970,22.1700,0.0000,0.00,0,4.1503,33,1,0,0.0000,0.0000,0,50.0977,27.9053,idle
TEL,163796,FAULT,0.9604,1.0415,22.1309,0.0000,0.00,0,4.1503,12,1,0,0.0000,0.0000,0,50.0098,27.9053,idle
TEL,163896,FAULT,0.9604,1.0001,22.1601,0.0000,0.00,0,4.1503,32,1,0,0.0000,0.0000,0,50.0977,27.9053,idle
TEL,163996,FAULT,0.9604,0.9740,22.1229,0.0000,0.00,0,4.1503,12,1,0,0.0000,0.0000,0,50.0098,27.9053,idle
TEL,164096,FAULT,0.9604,0.9671,22.1524,0.0000,0.00,0,4.1503,32,1,0,0.0000,0.0000,0,50.0977,27.9053,idle
TEL,164196,FAULT,1.3034,1.1520,22.1480,0.0000,0.00,0,4.1503,13,1,0,0.0000,0.0000,0,50.0977,27.9053,idle
TEL,164296,FAULT,1.3720,1.2642,22.1445,0.0000,0.00,0,4.1503,33,1,0,0.0000,0.0000,0,50.0977,27.9053,idle
TEL,164396,FAULT,1.3720,1.3350,22.1112,0.0000,0.00,0,4.1503,12,1,0,0.0000,0.0000,0,50.0098,27.9053,idle
TEL,164496,FAULT,1.3720,1.3395,22.1056,0.0000,0.00,0,4.1503,32,1,0,0.0000,0.0000,0,50.0098,27.9053,idle
TEL,164596,FAULT,1.3034,1.3258,22.1047,0.0000,0.00,0,4.1503,12,1,0,0.0000,0.0000,0,50.0098,27.9053,idle
TEL,164696,FAULT,1.3720,1.3494,22.1293,0.0000,0.00,0,4.1503,32,1,0,0.0000,0.0000,0,50.0098,27.9053,idle
TEL,164796,FAULT,1.0290,1.1893,22.1480,0.0000,0.00,0,4.1503,13,1,0,0.0000,0.0000,0,50.0977,27.9053,idle
TEL,164896,FAULT,1.3720,1.2825,22.1382,0.0000,0.00,0,4.1503,32,1,0,0.0000,0.0000,0,50.0977,27.9053,idle
TEL,164996,FAULT,1.3720,1.3413,22.1231,0.0000,0.00,0,4.1503,12,1,0,0.0000,0.0000,0,50.0098,27.9053,idle
TEL,165096,FAULT,1.3720,1.3569,22.1167,0.0000,0.00,0,4.1503,32,1,0,0.0000,0.0000,0,50.0098,27.9053,idle
TEL,165196,FAULT,1.3720,1.3668,22.1733,0.0000,0.00,0,4.1503,12,1,0,0.0000,0.0000,0,50.0977,27.9053,idle
TEL,165296,FAULT,1.3720,1.3694,22.1488,0.0000,0.00,0,4.1503,32,1,0,0.0000,0.0000,0,50.0977,27.9053,idle
TEL,165396,FAULT,1.3720,1.3711,22.1119,0.0000,0.00,0,4.1503,11,1,0,0.0000,0.0000,0,50.0098,27.9053,idle
TEL,165496,FAULT,1.3720,1.3715,22.1332,0.0000,0.00,0,4.1503,32,1,0,0.0000,0.0000,0,50.0098,27.9053,idle
TEL,165596,FAULT,1.3720,1.3718,22.1278,0.0000,0.00,0,4.1503,12,1,0,0.0000,0.0000,0,50.0098,27.9053,idle
TEL,165696,FAULT,1.3720,1.3719,22.1348,0.0000,0.00,0,4.1503,32,1,0,0.0000,0.0000,0,50.0977,27.9053,idle
TEL,165796,FAULT,1.3720,1.3719,22.1096,0.0000,0.00,0,4.1503,12,1,0,0.0000,0.0000,0,50.0098,27.9053,idle
TEL,165896,FAULT,1.3720,1.3720,22.1246,0.0000,0.00,0,4.1503,32,1,0,0.0000,0.0000,0,50.0098,27.9053,idle
TEL,165996,FAULT,1.3720,1.3720,22.1433,0.0000,0.00,0,4.1503,11,1,0,0.0000,0.0000,0,50.0977,27.9053,idle
TEL,166096,FAULT,1.3720,1.3720,22.1201,0.0000,0.00,0,4.1503,32,1,0,0.0000,0.0000,0,50.0098,27.9053,idle
TEL,166196,FAULT,1.3720,1.3720,22.1071,0.0000,0.00,0,4.1503,12,1,0,0.0000,0.0000,0,50.0098,27.9053,idle
TEL,166296,FAULT,1.3720,1.3720,22.1049,0.0000,0.00,0,4.1503,32,1,0,0.0000,0.0000,0,50.0098,27.9053,idle
TEL,166396,FAULT,1.3720,1.3720,22.1046,0.0000,0.00,0,4.1503,12,1,0,0.0000,0.0000,0,50.0098,27.9053,idle
TEL,166496,FAULT,1.3720,1.3720,22.1045,0.0000,0.00,0,4.1503,32,1,0,0.0000,0.0000,0,50.0098,27.9053,idle
TEL,166596,FAULT,1.4406,1.3926,22.1045,0.0000,0.00,0,4.1503,11,1,0,0.0000,0.0000,0,50.0098,27.9053,idle
TEL,166696,FAULT,1.4406,1.4170,22.1501,0.0000,0.00,0,4.1503,31,1,0,0.0000,0.0000,0,50.0977,27.9053,idle
TEL,166796,FAULT,1.4406,1.4181,22.1341,0.0000,0.00,0,4.1503,12,1,0,0.0000,0.0000,0,50.0098,27.9053,idle
TEL,166896,FAULT,1.3720,1.3946,22.1488,0.0000,0.00,0,4.1503,32,1,0,0.0000,0.0000,0,50.0977,27.9053,idle
TEL,166996,FAULT,1.3720,1.3797,22.1183,0.0000,0.00,0,4.1503,12,1,0,0.0000,0.0000,0,50.0098,27.9053,idle
TEL,167096,FAULT,0.9604,1.1659,22.1332,0.0000,0.00,0,4.1503,32,1,0,0.0000,0.0000,0,50.0977,27.9053,idle
TEL,167196,FAULT,0.9604,1.0309,22.1093,0.0000,0.00,0,4.1503,11,1,0,0.0000,0.0000,0,50.0098,27.9053,idle
OK,stopped
