BALL_BEAM_REF_BOOT
HOST_START_READY
REF_CFG,profile=center_far_near_90s,center_cm=13.0000,near_cm=9.0000,far_cm=17.0000,segment_ms=30000
REF,32955,13.0000,hold_center
TEL,32957,8.2406,8.1304,4.8696,0.0000,0,0.000000
TEL,33057,8.2721,8.1547,4.8453,-72.0000,0,0.000000
TEL,33157,8.2879,8.1765,4.8235,-143.8070,63,0.123700
TEL,33257,8.3679,8.2063,4.7937,-142.8025,139,0.272926
TEL,33357,8.3679,8.2273,4.7727,-142.1330,143,0.280780
TEL,33457,8.4824,8.2616,4.7384,-140.8912,142,0.278816
TEL,33557,8.6682,8.3168,4.6832,-138.6573,141,0.276853
TEL,33657,8.9890,8.4652,4.5348,-132.7535,139,0.272926
TEL,33757,9.2932,8.6488,4.3512,-124.8772,133,0.261145
TEL,33857,9.7653,9.1013,3.8987,-107.4033,125,0.245437
TEL,33957,10.2368,9.5353,3.4647,-89.7259,107,0.210094
TEL,34057,11.0149,10.3643,2.6357,-59.9417,90,0.176715
TEL,34157,11.6965,11.0035,1.9965,-35.8920,60,0.117810
TEL,34257,12.5626,11.9551,1.0449,4.1080,36,0.070686
TEL,34357,13.3225,12.6089,0.3911,39.8497,-4,-0.007854
TEL,34457,14.3455,13.6500,-0.6500,62.7599,-40,-0.078540
TEL,34557,14.8899,14.2407,-1.2407,74.3320,-63,-0.123700
TEL,34657,15.6264,15.0731,-2.0731,94.3625,-74,-0.145299
TEL,34757,16.1559,15.5764,-2.5764,108.3654,-94,-0.184569
TEL,34857,14.8430,14.0465,-1.0465,96.0000,-108,-0.212057
TEL,34957,16.1015,15.4091,-2.4091,130.0270,-96,-0.188496
TEL,35057,16.9555,16.4795,-3.4795,154.4994,-130,-0.255254
TEL,35158,17.1364,16.7850,-3.7850,153.9682,-154,-0.302378
TEL,35258,15.7818,15.3863,-2.3863,108.0810,-154,-0.302378
TEL,35358,16.2107,15.8490,-2.8490,117.0650,-108,-0.212057
TEL,35458,16.1015,16.0170,-3.0170,113.8432,-117,-0.229729
TEL,35558,12.2610,14.1418,-1.1418,73.8432,-114,-0.223838
TEL,35658,14.1722,14.1221,-1.1221,33.8432,-74,-0.145299
TEL,35758,14.0448,14.1246,-1.1246,5.6247,-34,-0.066759
TEL,35858,13.2088,13.7936,-0.7936,-3.0544,-6,-0.011781
TEL,35958,11.5189,12.2453,0.7547,-43.0544,3,0.005890
TEL,36058,11.3462,11.6303,1.3697,-58.5433,43,0.084430
TEL,36158,10.6504,11.2639,1.7361,-74.4852,59,0.115846
TEL,36258,7.3511,10.1231,1.7361,-74.4852,74,0.145299
TEL,36358,9.0446,9.4001,3.3634,-124.9651,116,0.227765
TEL,36458,8.6682,9.0157,3.7338,-133.5068,134,0.263108
TEL,36558,8.3358,8.7595,4.1104,-142.7130,143,0.280780
TEL,36658,7.8219,8.5432,4.4568,-148.6988,147,0.288634
TEL,36758,8.4166,8.4430,4.5570,-147.6744,148,0.290597
TEL,36858,9.0446,8.6330,4.3670,-136.1136,144,0.282743
TEL,36958,8.6338,8.7219,4.2781,-132.6400,133,0.261145
TEL,37058,10.3314,9.0082,4.2371,-129.5229,130,0.255254
TEL,37158,10.8038,9.6918,3.3082,-88.1029,126,0.247400
TEL,37258,12.0673,11.2305,1.7695,-28.3050,84,0.164934
TEL,37358,9.0075,9.9374,3.0626,-95.3809,29,0.056941
TEL,37458,13.4770,12.6382,0.3618,-55.3809,85,0.166897
TEL,37558,14.4781,13.8441,-0.8441,-15.3809,61,0.119773
TEL,37658,14.9370,14.9016,-1.8786,56.6191,11,0.021598
TEL,37758,14.6585,14.1304,-1.1304,88.4422,-57,-0.111919
TEL,37858,14.7502,15.3048,-2.8051,144.9043,-92,-0.180642
TEL,37958,18.0304,17.2174,-4.2174,195.4889,-151,-0.296488
TEL,38059,13.7554,14.1076,-1.1076,155.4889,-191,-0.375028
TEL,38159,17.1364,16.0851,-3.0851,148.7389,-151,-0.296488
TEL,38259,17.5729,17.2280,-4.2280,173.5861,-154,-0.302378
TEL,38359,17.4461,17.3994,-4.3994,165.9727,-170,-0.333794
TEL,38459,17.1976,16.0389,-1.2778,125.9727,-161,-0.316123
TEL,38559,16.3771,16.1910,-3.1910,65.3786,-121,-0.237583
TEL,38659,14.7502,15.8798,-3.1738,72.2500,-66,-0.129591
TEL,38759,10.5752,14.4152,-1.4152,32.2500,-67,-0.131554
TEL,38859,13.3993,13.4697,-0.4697,-7.7500,-27,-0.053014
TEL,38959,13.0232,13.3306,-0.3306,-46.2018,12,0.023562
TEL,39059,12.0356,12.8044,0.1956,-52.3713,50,0.098175
TEL,39159,9.5547,10.8098,2.1902,-119.2543,57,0.111919
TEL,39259,9.9179,10.2202,2.7798,-126.0429,120,0.235619
TEL,39359,9.4728,9.9215,3.0785,-127.8224,128,0.251327
TEL,39459,7.2632,9.5293,3.0785,-127.8224,128,0.251327
TEL,39559,7.7794,8.5797,3.9980,-153.3232,153,0.300415
TEL,39659,8.2249,8.2362,4.6913,-173.2933,173,0.339685
TEL,39759,8.7028,8.2867,4.7638,-166.2989,166,0.325940
TEL,39859,8.1938,8.3623,4.5951,-150.7548,151,0.296488
TEL,39959,9.5341,8.6693,4.5334,-141.8684,142,0.278816
TEL,40059,10.9084,9.8852,4.0136,-114.4044,114,0.223838
TEL,40159,11.7872,10.9274,2.6044,-57.4408,69,0.135481
TEL,40259,11.8177,11.0755,1.5610,-15.6074,17,0.033379
TEL,40359,13.3993,12.5219,1.1934,24.3926,-22,-0.043197
TEL,40459,14.9370,14.2944,-0.2207,64.3926,-62,-0.121737
TEL,40559,11.8484,13.6302,-1.7250,105.0068,-101,-0.198313
TEL,40659,16.1559,14.9287,-0.2510,65.0068,-68,-0.133518
TEL,40759,17.1364,15.4719,-1.9287,106.6480,-104,-0.204204
TEL,40859,17.9637,17.5675,-3.5986,178.6480,-157,-0.308269
TEL,40960,11.5189,13.7364,-3.1572,106.6480,-159,-0.312196
TEL,41060,17.5093,17.0174,-2.9698,164.7613,-110,-0.215984
TEL,41160,17.7014,17.4641,-4.3286,193.9117,-183,-0.359320
TEL,41260,11.8177,14.5569,-3.1818,121.9117,-158,-0.310232
TEL,41360,16.9555,15.4692,-1.4796,81.9117,-85,-0.166897
TEL,41460,16.4899,16.4320,-3.0596,111.5218,-112,-0.219911
TEL,41560,16.2658,16.3826,-3.4165,116.1479,-116,-0.227765
TEL,41660,12.1635,14.0034,-3.3278,107.8830,-108,-0.212057
TEL,41760,14.2584,14.0768,-0.9816,67.8830,-70,-0.137445
TEL,41860,13.5555,13.9390,-1.1158,27.9962,-30,-0.058905
TEL,41960,12.8782,13.4648,-0.9390,17.6988,-18,-0.035343
TEL,42060,10.7522,11.0412,0.6686,-22.3012,20,0.039270
TEL,42160,10.5009,10.7750,2.0999,-93.1340,72,0.141372
TEL,42260,9.4932,10.1873,2.3592,-96.6017,97,0.190459
TEL,42360,8.8797,9.6073,3.0892,-119.9993,120,0.235619
TEL,42460,8.1474,8.7304,3.6983,-140.2808,140,0.274889
TEL,42560,8.3198,8.4903,4.2696,-157.7579,158,0.310232
TEL,42660,9.1009,8.6786,4.4833,-154.8364,155,0.304342
TEL,42760,9.9624,9.1082,4.3214,-140.9838,141,0.276853
TEL,42860,11.1233,10.2329,3.5785,-105.3789,106,0.208131
TEL,42960,11.9413,11.1621,2.2952,-52.2771,61,0.119773
TEL,43060,13.3608,12.5695,1.3894,-12.2771,12,0.023562
TEL,43160,14.1295,13.4041,0.4305,27.7229,-26,-0.051051
TEL,43260,15.5243,14.6805,-0.7671,67.7229,-66,-0.129591
TEL,43360,16.1015,15.4333,-1.6805,91.7479,-92,-0.180642
TEL,43460,17.0154,16.4703,-2.8484,128.3230,-127,-0.249364
TEL,43560,17.6369,17.0862,-3.8114,155.9360,-156,-0.306305
TEL,43660,18.0975,17.7512,-4.3457,168.4239,-168,-0.329867
TEL,43760,18.0975,17.9078,-4.7512,174.5900,-175,-0.343612
TEL,43860,18.0304,17.9862,-4.9487,172.6759,-173,-0.339685
TEL,43960,17.8974,18.0132,-4.9862,167.1777,-167,-0.327904
TEL,44060,17.5729,17.9032,-4.9797,160.8852,-161,-0.316123
TEL,44160,12.3269,17.1480,-4.8681,153.1284,-153,-0.300415
TEL,44260,16.1015,16.1367,-2.9537,81.1284,-103,-0.202240
TEL,44360,15.9401,16.1515,-3.2181,75.3630,-75,-0.147262
TEL,44460,15.2745,15.7794,-3.0611,73.7983,-74,-0.145299
TEL,44560,12.2610,13.4654,-1.5027,1.7983,-24,-0.047124
TEL,44660,13.1713,13.2294,-0.3197,-38.2017,36,0.070686
TEL,44760,12.5284,12.9716,-0.1011,-52.5879,53,0.104065
TEL,44860,8.4990,11.4782,0.2177,-52.2454,52,0.102102
TEL,44960,10.2603,10.5855,2.1654,-107.8346,97,0.190459
TEL,45060,9.6170,10.0906,2.5645,-112.3790,112,0.219911
TEL,45160,9.1961,9.7144,3.0974,-124.2812,124,0.243473
TEL,45260,7.7794,9.0540,3.4827,-133.2152,133,0.261145
TEL,45360,8.1783,8.5492,4.2678,-158.9013,159,0.312196
TEL,45460,8.3679,8.3655,4.5791,-163.5449,164,0.322013
TEL,45560,7.5065,8.2217,4.6345,-157.7057,158,0.310232
TEL,45660,9.0075,8.3809,4.7453,-154.3715,154,0.302378
TEL,45760,9.7439,8.8161,4.4407,-136.0649,136,0.267035
TEL,45860,10.8821,9.8533,3.8492,-106.7487,111,0.217948
TEL,45960,10.7780,10.4985,2.6646,-58.2094,76,0.149226
TEL,46060,12.3600,11.4232,1.9918,-34.6330,37,0.072649
TEL,46160,13.5555,12.5349,1.0703,5.3670,5,0.009817
TEL,46260,13.4381,13.5481,-0.6225,45.3670,-34,-0.066759
TEL,46360,13.9194,13.1813,0.3910,5.3670,-15,-0.029452
TEL,46460,16.1559,14.4453,-0.8203,45.3670,-35,-0.068722
TEL,46560,17.0757,16.3586,-2.5770,117.3670,-77,-0.151189
TEL,46660,11.7872,15.3066,-3.9685,175.0522,-155,-0.304342
TEL,46760,16.8960,16.1104,-2.5705,125.5951,-147,-0.288634
TEL,46860,17.9637,17.5074,-3.8054,170.5874,-147,-0.288634
TEL,46960,18.0304,17.7933,-4.6893,186.8292,-189,-0.371101
TEL,47060,16.6617,15.9492,-3.1123,114.8292,-154,-0.302378
TEL,47160,17.3210,16.8928,-3.5674,111.8453,-112,-0.219911
TEL,47260,16.9555,16.9334,-3.9162,121.6809,-122,-0.239546
TEL,47360,11.3462,14.5783,-3.2591,79.0964,-93,-0.182605
TEL,47460,14.9370,14.5841,-1.1545,39.0964,-53,-0.104065
TEL,47560,14.8430,14.7337,-1.6937,35.0759,-35,-0.068722
TEL,47660,14.0448,14.5026,-1.6966,38.4681,-38,-0.074613
TEL,47760,12.1313,13.2011,-0.7924,-1.5319,-8,-0.015708
TEL,47860,11.8792,12.2415,0.2210,-41.5319,32,0.062832
TEL,47960,11.2617,11.7916,0.9836,-69.2005,66,0.129591
TEL,48060,7.6000,9.4570,1.5032,-78.2201,78,0.153153
TEL,48160,9.1961,9.2095,3.7821,-144.8099,111,0.217948
TEL,48260,8.6168,8.9733,3.8263,-138.3315,138,0.270962
TEL,48360,8.2249,8.7109,4.1550,-145.5880,146,0.286670
TEL,48460,7.7373,8.4027,4.4101,-151.1514,151,0.296488
TEL,48560,8.5998,8.4096,4.6397,-154.0161,154,0.302378
TEL,48660,9.5341,8.8262,4.4886,-141.9754,142,0.278816
TEL,48760,8.8797,9.0178,3.9340,-115.5389,118,0.231692
TEL,48860,10.6001,9.4472,4.2106,-131.8847,132,0.259181
TEL,48960,11.7872,10.7318,2.9362,-72.2459,99,0.194386
TEL,49060,13.2844,12.5346,1.5717,-13.4518,31,0.060868
TEL,49160,9.8959,11.7896,-0.0318,26.5482,-13,-0.025525
TEL,49260,14.7965,13.7167,0.8550,46.8852,-46,-0.090321
TEL,49360,16.0473,15.2141,-1.5028,98.9470,-79,-0.155116
TEL,49460,14.1722,15.4133,-2.7367,137.3761,-133,-0.261145
TEL,49560,15.4235,14.6267,-0.5109,97.3761,-107,-0.210094
TEL,49660,17.7014,17.0898,-2.8047,106.5275,-107,-0.210094
TEL,49760,13.5950,16.0017,-4.3791,156.6622,-138,-0.270962
TEL,49860,11.5775,13.0602,-4.0079,170.6401,-171,-0.335758
TEL,49960,17.7014,16.5059,-1.7517,142.9248,-146,-0.286670
TEL,50060,17.8316,17.5268,-4.0283,202.1959,-174,-0.341648
TEL,50160,17.7014,17.6298,-4.6040,198.7039,-199,-0.390736
TEL,50260,15.6264,16.5342,-4.6314,182.2648,-182,-0.357356
TEL,50360,16.4333,16.4088,-3.3983,128.5247,-150,-0.294524
TEL,50460,16.1559,16.3640,-3.4277,122.4227,-122,-0.239546
TEL,50560,12.0356,15.5408,-3.2702,109.0840,-109,-0.214021
TEL,50660,13.7961,13.8563,-1.2724,69.0840,-79,-0.155116
TEL,50760,13.3993,13.7349,-0.8383,29.0840,-39,-0.076576
TEL,50860,12.2939,13.1020,-0.5926,-10.9160,0,0.000000
TEL,50960,11.3462,12.3124,0.2483,-46.1963,39,0.076576
TEL,51060,10.0750,10.8471,1.1844,-75.9632,72,0.141372
TEL,51160,9.2347,9.9600,2.6000,-117.4649,105,0.206167
TEL,51260,8.2406,8.8480,3.4509,-144.9200,141,0.276853
TEL,51360,8.2563,8.4806,4.4132,-170.3612,168,0.329867
TEL,51460,9.2932,8.7811,4.4683,-159.5234,160,0.314159
TEL,51560,9.9624,9.2160,4.0251,-132.7198,136,0.267035
TEL,51660,11.2060,10.3447,3.4667,-102.3472,107,0.210094
TEL,51760,12.1958,11.3394,2.1696,-48.2975,71,0.139408
TEL,51860,13.6748,12.8737,1.1626,-8.2975,12,0.023562
TEL,51960,14.5228,13.8481,-0.4032,31.7025,-22,-0.043197
TEL,52060,15.8870,15.1573,-1.3011,71.7025,-61,-0.119773
TEL,52160,16.8368,16.0489,-2.5879,120.7667,-104,-0.204204
TEL,52260,17.6369,17.0898,-3.4566,147.6108,-144,-0.282743
TEL,52360,18.1652,17.6518,-4.4016,173.4357,-171,-0.335758
TEL,52460,18.0304,17.9107,-4.8118,179.0590,-179,-0.351466
TEL,52560,18.0975,17.9879,-4.9626,175.3388,-175,-0.343612
TEL,52660,17.9637,17.9702,-4.9950,168.9756,-169,-0.331831
TEL,52760,14.8430,16.4342,-4.2211,116.2152,-137,-0.268999
TEL,52860,16.6040,16.4282,-3.2267,82.6884,-85,-0.166897
TEL,52960,16.6040,16.5344,-3.5142,98.1120,-98,-0.192423
TEL,53060,11.2060,15.7401,-3.5259,100.2809,-100,-0.196350
TEL,53160,15.1281,15.0996,-2.0804,37.2772,-67,-0.131554
TEL,53260,14.1295,14.6644,-1.9840,37.8522,-38,-0.074613
TEL,53360,13.5555,14.2717,-1.5082,24.7490,-25,-0.049087
TEL,53460,12.0992,12.6844,-1.0070,-15.2509,5,0.009817
TEL,53560,11.3747,11.8868,0.7919,-55.2509,45,0.088357
TEL,53660,10.5503,11.1498,1.3732,-73.1025,73,0.143335
TEL,53760,9.1769,10.3476,2.1331,-95.3039,94,0.184569
TEL,53860,8.8797,9.0295,3.4814,-153.4532,128,0.251327
TEL,53960,8.4494,8.7607,4.1214,-163.4972,163,0.320050
TEL,54060,8.2249,8.4401,4.3850,-164.7036,165,0.323977
TEL,54160,6.5932,8.4151,4.5849,-162.0323,162,0.318086
TEL,54260,8.9706,8.4824,4.6659,-158.7677,159,0.312196
TEL,54360,9.7869,8.8797,4.3569,-138.9669,139,0.272926
TEL,54460,10.8038,9.9193,3.8214,-110.9305,114,0.223838
TEL,54560,10.7266,9.8751,3.6599,-125.7613,126,0.247400
TEL,54660,12.5969,11.6897,2.5770,-71.1010,94,0.184569
TEL,54760,13.5950,12.8111,0.7439,-31.1010,36,0.070686
TEL,54860,10.2839,11.6954,-0.3157,8.8990,1,0.001963
TEL,54960,15.5243,14.0969,0.3011,48.8990,-38,-0.074613
TEL,55060,16.7781,16.1296,-2.0710,120.8990,-82,-0.161007
TEL,55160,17.4461,16.9060,-3.5668,171.6808,-157,-0.308269
TEL,55260,16.6040,15.7483,-2.4807,99.6808,-147,-0.288634
TEL,55360,17.6369,16.8946,-3.3638,121.2157,-105,-0.206167
TEL,55460,17.9637,17.6243,-4.2482,153.3744,-146,-0.286670
TEL,55560,11.9726,16.2597,-4.7409,164.5581,-165,-0.323977
TEL,55660,17.0154,16.2987,-2.2173,92.5581,-132,-0.259181
TEL,55760,17.2591,16.9484,-3.7494,114.5305,-102,-0.200277
TEL,55860,13.3993,16.2383,-4.0103,123.8171,-124,-0.243473
TEL,55960,15.0799,15.0419,-2.0036,51.8171,-91,-0.178678
TEL,56060,15.9401,15.5139,-2.1215,39.7421,-40,-0.078540
TEL,56160,12.0356,14.7653,-2.5714,61.9716,-61,-0.119773
TEL,56260,10.0523,13.7348,-1.9814,55.8057,-56,-0.109956
TEL,56360,13.8781,13.6134,-0.4506,15.8057,-26,-0.051051
TEL,56460,13.0599,13.3494,-0.5214,-8.1832,7,0.013744
TEL,56560,12.4606,13.0249,-0.1925,-16.8289,17,0.033379
TEL,56660,10.5256,10.9893,0.8734,-56.8289,47,0.092284
TEL,56760,10.3553,10.6569,2.1987,-99.1972,87,0.170824
TEL,56860,9.7012,10.2203,2.4689,-101.8450,102,0.200277
TEL,56960,7.2261,10.0240,2.9760,-115.4273,112,0.219911
TEL,57060,8.1783,8.7108,3.5474,-134.2762,133,0.261145
TEL,57160,8.0864,8.4048,4.4598,-159.1692,157,0.308269
TEL,57260,8.4494,8.3408,4.6724,-160.7761,161,0.316123
TEL,57360,6.7093,8.3408,4.6724,-160.7761,161,0.316123
TEL,57460,9.3524,8.5934,4.6377,-151.3157,151,0.296488
TEL,57560,10.0523,9.0929,4.4066,-136.1254,136,0.267035
TEL,57660,8.6168,9.3880,3.9071,-110.8092,111,0.217948
TEL,57760,10.9881,9.9671,3.6120,-116.0504,116,0.227765
TEL,57860,12.8068,11.9192,2.3984,-57.0503,62,0.121737
TEL,57960,13.9194,13.1350,1.0808,-17.0503,17,0.033379
TEL,58060,13.0599,12.7294,-0.6409,22.9497,-23,-0.045160
TEL,58160,15.1281,14.3557,0.2706,55.1546,-55,-0.107992
TEL,58260,16.9555,16.1622,-2.0630,112.1901,-108,-0.212057
TEL,58360,17.6369,16.9909,-3.1622,148.9455,-149,-0.292561
TEL,58460,17.0154,16.2186,-1.9589,76.9455,-88,-0.172788
TEL,58560,17.8316,17.1703,-3.2186,99.6712,-100,-0.196350
TEL,58660,18.0304,17.7195,-4.4281,143.3555,-143,-0.280780
TEL,58760,11.5189,14.0695,-4.7195,153.3173,-153,-0.300415
TEL,58860,17.1976,16.5999,-2.1358,106.7327,-107,-0.210094
TEL,58960,17.7663,17.2567,-3.5999,157.2252,-156,-0.306305
TEL,59060,11.8177,16.1035,-4.4345,173.9137,-174,-0.341648
TEL,59160,16.0473,16.2323,-3.1035,101.9137,-112,-0.219911
TEL,59260,16.6040,16.4653,-3.3787,95.8470,-96,-0.188496
TEL,59360,16.5468,16.4648,-3.4653,101.3362,-101,-0.198313
TEL,59460,13.3993,14.9108,-3.4514,101.2383,-101,-0.198313
TEL,59560,14.7042,14.7326,-1.9108,30.5565,-40,-0.078540
TEL,59660,14.0448,14.4729,-1.6677,28.8252,-29,-0.056941
TEL,59760,13.5161,13.5251,-1.4729,-2.7048,3,0.005890
TEL,59860,11.5775,11.8722,0.3298,-42.7048,43,0.084430
TEL,59960,11.4033,11.7185,1.1278,-76.2244,76,0.149226
TEL,60060,10.4034,11.0997,1.4532,-74.6918,75,0.147262
TEL,60160,9.7869,10.5259,1.9003,-87.1247,87,0.170824
TEL,60260,9.0075,9.6286,2.7849,-115.0484,115,0.225802
TEL,60360,8.4659,9.0758,3.3714,-132.9286,133,0.261145
TEL,60460,8.1938,8.5150,4.1640,-155.3323,155,0.304342
TEL,60560,8.4824,8.4749,4.4850,-160.3778,160,0.314159
TEL,60660,9.4525,8.7994,4.4555,-149.8756,150,0.294524
TEL,60760,9.9847,9.2031,4.2006,-132.7843,133,0.261145
TEL,60860,10.9084,10.1251,3.5334,-102.3605,102,0.200277
TEL,60960,11.6965,10.9292,2.8749,-72.6449,73,0.143335
TEL,61060,12.8782,12.1498,1.6584,-26.7783,27,0.053014
TEL,61160,13.6348,12.9228,0.8502,13.2217,-13,-0.025525
TEL,61260,14.7042,14.0112,-0.2916,53.2217,-53,-0.104065
TEL,61360,15.4235,14.7274,-1.0112,73.0610,-73,-0.143335
TEL,61460,16.3771,15.7241,-2.0367,96.2352,-96,-0.188496
TEL,61560,16.8368,16.2687,-2.7241,117.5223,-118,-0.231692
TEL,61660,17.2591,16.7970,-3.4650,135.8038,-136,-0.267035
TEL,61760,17.5729,17.1539,-3.7970,142.1819,-142,-0.278816
TEL,61860,18.0975,17.5727,-4.2775,152.4904,-152,-0.298451
TEL,61960,15.9401,16.0089,-4.5727,159.6347,-160,-0.314159
TEL,62060,17.6369,16.9595,-3.2353,120.3755,-120,-0.235619
TEL,62160,18.0304,17.5063,-3.9595,146.4527,-146,-0.286670
TEL,62260,13.6348,14.8894,-4.6488,163.8059,-164,-0.322013
TEL,62360,16.8368,16.2590,-1.8894,91.8059,-103,-0.202240
TEL,62460,17.4461,17.0605,-3.6640,106.0347,-106,-0.208131
TEL,62560,17.2591,17.1973,-4.0605,125.1329,-125,-0.245437
TEL,62660,16.2658,15.7545,-3.0043,54.1534,-64,-0.125664
TEL,62760,16.0473,15.9076,-2.7545,69.5840,-70,-0.137445
TEL,62860,16.0473,16.0450,-3.0109,84.3233,-84,-0.164934
REF,62952,17.0000,hold_far
TEL,62960,10.3314,14.7066,2.2934,-72.0000,-85,-0.166897
TEL,63060,14.2152,14.2719,2.7281,-144.0000,-6,-0.011781
TEL,63160,14.0870,14.2502,2.7498,-150.0535,87,0.170824
TEL,63260,13.0599,13.4224,3.5776,-160.9890,150,0.294524
TEL,63360,11.2338,12.0940,4.9060,-203.8832,163,0.320050
TEL,63460,11.4898,11.7085,5.2915,-201.9268,203,0.398590
TEL,63560,11.2338,11.5415,5.4585,-197.3819,200,0.392699
TEL,63660,9.1388,10.2879,6.7121,-224.0000,199,0.390736
TEL,63760,10.0978,10.1254,6.8746,-224.0000,224,0.439823
TEL,63860,10.3553,10.2149,6.7851,-224.0000,224,0.439823
TEL,63960,10.3793,10.2589,6.7411,-216.5120,222,0.435896
TEL,64060,9.4728,9.8575,7.1425,-224.0000,219,0.430005
TEL,64160,10.5752,10.0589,6.9411,-213.8795,222,0.435896
TEL,64260,11.5189,10.7528,6.2472,-182.7777,212,0.416261
TEL,64360,11.9102,11.2742,5.7258,-160.0245,181,0.355393
TEL,64460,11.8792,11.2946,5.7054,-154.8469,158,0.310232
TEL,64560,13.2088,12.2020,4.7980,-116.1545,153,0.300415
TEL,64660,14.3895,13.6757,3.3243,-65.3358,114,0.223838
TEL,64760,12.8068,13.6327,3.3673,-92.6875,67,0.131554
TEL,64860,15.6779,14.5172,2.4828,-49.5199,91,0.178678
TEL,64960,16.7781,15.8042,1.1958,-9.5199,49,0.096211
TEL,65060,17.7663,17.1888,-0.1888,30.4801,8,0.015708
TEL,65160,15.4235,15.3271,1.6729,-17.3377,-28,-0.054978
TEL,65260,17.6369,17.0417,-0.0417,22.6623,17,0.033379
TEL,65360,17.8974,17.5103,-0.5103,61.8759,-25,-0.049087
TEL,65460,11.4608,16.1636,0.8364,21.8759,-60,-0.117810
TEL,65560,16.8368,16.3104,0.6896,-18.1241,-20,-0.039270
TEL,65660,17.7663,17.2304,-0.2304,-0.1034,16,0.031416
TEL,65760,17.9637,17.5994,-0.5994,20.2723,-2,-0.003927
TEL,65860,15.6264,15.9170,1.0830,-19.7277,-18,-0.035343
TEL,65960,17.1976,16.6153,0.3847,3.8759,18,0.035343
TEL,66060,17.8974,17.4617,-0.4617,26.6810,-6,-0.011781
TEL,66160,18.2332,17.8021,-0.8021,35.9496,-29,-0.056941
TEL,66260,16.6617,16.4054,0.5946,13.6174,-34,-0.066759
TEL,66360,17.6369,17.0149,-0.0149,32.7982,-16,-0.031416
TEL,66460,17.9637,17.6117,-0.6117,41.3314,-35,-0.068722
TEL,66560,11.7568,16.2297,0.7703,1.3314,-39,-0.076576
TEL,66660,17.3833,16.9685,0.0315,-22.4766,1,0.001963
TEL,66760,17.9637,17.5016,-0.5016,5.7135,20,0.039270
TEL,66860,12.9867,16.5557,0.4443,-34.2865,-4,-0.007854
TEL,66960,16.3771,15.5603,1.4397,-4.4135,32,0.062832
TEL,67060,17.6369,17.2094,-0.2094,34.9029,2,0.003927
TEL,67160,17.8974,17.6251,-0.6251,40.3900,-37,-0.072649
TEL,67260,11.5482,16.3148,0.6852,0.3900,-38,-0.074613
TEL,67360,16.9555,16.5334,0.4666,-38.9057,2,0.003927
TEL,67460,17.8316,17.3626,-0.3626,-4.3722,37,0.072649
TEL,67560,18.2332,17.7356,-0.7356,15.1240,2,0.003927
TEL,67660,16.2107,15.7490,1.2510,0.1410,-13,-0.025525
TEL,67760,17.5093,16.7853,0.2147,37.0990,-2,-0.003927
TEL,67860,17.9637,17.5970,-0.5970,49.0324,-39,-0.076576
TEL,67960,12.4944,16.3407,0.6593,9.0324,-47,-0.092284
TEL,68060,17.3210,16.5337,0.4663,-11.0629,-7,-0.013744
TEL,68160,17.8316,17.2896,-0.2896,20.0145,9,0.017671
TEL,68260,18.0304,17.7592,-0.7592,29.5997,-22,-0.043197
TEL,68360,14.5678,15.5021,1.4979,-10.4003,-28,-0.054978
TEL,68460,17.5729,16.9965,0.0035,-0.0456,8,0.015708
TEL,68560,17.9637,17.5001,-0.5001,18.4487,-2,-0.003927
TEL,68660,11.5775,16.2133,0.7867,-21.5513,-16,-0.031416
TEL,68760,16.4899,16.1176,0.8824,-53.9727,24,0.047124
TEL,68860,17.8974,17.2879,-0.2879,-13.9727,52,0.102102
TEL,68960,18.0304,17.6822,-0.6822,13.0227,12,0.023562
TEL,69060,15.9401,16.4195,0.5805,-26.9773,-11,-0.021598
TEL,69160,17.1976,16.7769,0.2231,-0.0179,25,0.049087
TEL,69260,18.0304,17.4772,-0.4772,17.6044,-2,-0.003927
TEL,69360,18.1652,17.7787,-0.7787,27.5634,-20,-0.039270
TEL,69460,18.1652,17.9271,-0.9271,29.2108,-29,-0.056941
TEL,69560,18.1652,17.9698,-0.9698,28.2055,-28,-0.054978
TEL,69660,18.0304,18.0069,-1.0069,25.9706,-26,-0.051051
TEL,69760,18.0304,18.0117,-1.0117,23.9214,-25,-0.049087
TEL,69860,18.0304,18.0381,-1.0381,22.7270,-23,-0.045160
TEL,69960,18.0975,18.0525,-1.0525,22.0288,-22,-0.043197
TEL,70060,18.0975,18.0662,-1.0662,21.5140,-22,-0.043197
TEL,70160,18.1652,18.0834,-1.0834,21.4573,-21,-0.041233
TEL,70260,18.1652,18.0899,-1.0899,21.2518,-21,-0.041233
TEL,70360,18.1652,18.0983,-1.0983,21.1370,-21,-0.041233
TEL,70460,18.1652,18.1121,-1.1121,21.1483,-21,-0.041233
TEL,70560,18.0975,18.1140,-1.1140,20.8149,-21,-0.041233
TEL,70660,18.1652,18.1149,-1.1149,20.7320,-21,-0.041233
TEL,70760,18.0975,18.1163,-1.1163,20.5243,-21,-0.041233
TEL,70860,18.0975,18.1194,-1.1194,20.4102,-20,-0.039270
TEL,70960,18.1652,18.1203,-1.1203,20.4423,-20,-0.039270
TEL,71060,18.0975,18.1179,-1.1179,20.2813,-20,-0.039270
TEL,71160,12.5284,17.9173,-0.9173,6.2766,-19,-0.037306
TEL,71260,17.1976,17.3390,-0.3390,-3.5288,-5,-0.009817
TEL,71360,17.8316,17.4737,-0.4737,5.9003,3,0.005890
TEL,71460,18.0975,17.7408,-0.7408,15.7019,-7,-0.013744
TEL,71560,15.5243,16.1598,0.8402,-24.2981,-15,-0.029452
TEL,71660,17.6369,16.9126,0.0874,-0.0000,23,0.045160
TEL,71760,17.9637,17.4356,-0.4356,20.8225,-1,-0.001963
TEL,71860,12.2610,16.3078,0.6922,-19.1775,-20,-0.039270
TEL,71960,16.7197,16.3188,0.6812,-45.0157,20,0.039270
TEL,72060,17.8316,17.3292,-0.3292,-5.0157,44,0.086394
TEL,72160,17.9637,17.6452,-0.6452,10.9806,4,0.007854
TEL,72260,15.6264,15.8974,1.1026,-29.0194,-10,-0.019635
TEL,72360,17.4461,16.6444,0.3556,4.7546,28,0.054978
TEL,72460,17.8974,17.4796,-0.4796,26.7855,-6,-0.011781
TEL,72560,13.1340,16.3949,0.6051,-13.2145,-26,-0.051051
TEL,72660,17.0154,16.0609,0.9391,-22.6981,14,0.027489
TEL,72760,17.7014,17.0619,-0.0619,17.3019,22,0.043197
TEL,72860,18.0304,17.7129,-0.7129,32.7352,-18,-0.035343
TEL,72960,13.9194,15.3641,1.6359,-39.2648,-32,-0.062832
TEL,73060,17.5729,16.7476,0.2524,-0.1651,33,0.064795
TEL,73160,17.8974,17.4302,-0.4302,16.7384,3,0.005890
TEL,73260,12.9867,16.4755,0.5245,-23.2616,-16,-0.031416
TEL,73360,16.6617,16.1363,0.8637,-33.7201,24,0.047124
TEL,73460,17.7663,17.1600,-0.1600,-0.1179,33,0.064795
TEL,73560,18.0304,17.6086,-0.6086,23.3053,-1,-0.001963
TEL,73660,14.0448,15.1346,1.8654,-48.6947,-22,-0.043197
TEL,73760,17.1976,16.4625,0.5375,-11.2091,43,0.084430
TEL,73860,17.8974,17.5043,-0.5043,19.1935,14,0.027489
TEL,73960,18.0304,17.7596,-0.7596,26.2598,-20,-0.039270
TEL,74060,16.6040,16.2737,0.7263,7.4101,-25,-0.049087
TEL,74160,17.7014,16.9830,0.0170,32.7827,-8,-0.015708
TEL,74260,18.0304,17.6319,-0.6319,43.5367,-34,-0.066759
TEL,74360,12.8782,16.5035,0.4965,3.5367,-43,-0.084430
TEL,74460,17.3210,16.7155,0.2845,-16.5502,-3,-0.005890
TEL,74560,17.8974,17.3338,-0.3338,-0.1081,16,0.031416
TEL,74660,18.1652,17.8006,-0.8006,25.6236,-1,-0.001963
TEL,74760,15.3735,15.8629,1.1371,-14.3764,-25,-0.049087
TEL,74860,17.6369,16.9968,0.0032,-0.2516,13,0.025525
TEL,74960,17.9637,17.5211,-0.5211,25.7886,-1,-0.001963
TEL,75060,11.6965,16.2174,0.7826,-14.2114,-25,-0.049087
TEL,75160,17.0154,16.4869,0.5131,-44.3999,15,0.029452
TEL,75260,17.8974,17.3475,-0.3475,-5.9560,43,0.084430
TEL,75360,18.0975,17.7171,-0.7171,12.0838,5,0.009817
TEL,75460,16.2658,16.2825,0.7175,-14.4886,-11,-0.021598
TEL,75560,17.5093,16.8222,0.1778,11.1616,13,0.025525
TEL,75660,17.8974,17.4881,-0.4881,27.7481,-12,-0.023562
TEL,75760,12.8424,16.3855,0.6145,-12.2519,-27,-0.053014
TEL,75860,17.0757,16.4422,0.5578,-18.6348,13,0.025525
TEL,75960,17.7014,17.1877,-0.1877,13.4280,18,0.035343
TEL,76060,18.0304,17.7316,-0.7316,26.4566,-14,-0.027489
TEL,76160,14.8430,15.8953,1.1047,-13.5434,-25,-0.049087
TEL,76260,17.5093,16.8280,0.1720,-0.1404,13,0.025525
TEL,76360,17.9637,17.4080,-0.4080,18.2916,-1,-0.001963
TEL,76460,11.8792,16.1863,0.8137,-21.7084,-17,-0.033379
TEL,76560,16.3213,16.0537,0.9463,-57.2433,23,0.045160
TEL,76660,17.7014,17.1475,-0.1475,-17.2433,56,0.109956
TEL,76760,17.9637,17.5968,-0.5968,9.8511,16,0.031416
TEL,76860,14.3455,15.3664,1.6336,-62.1489,-9,-0.017671
TEL,76960,17.3210,16.6222,0.3778,-22.1489,56,0.109956
TEL,77060,17.8974,17.5295,-0.5295,14.3905,26,0.051051
TEL,77160,18.1652,17.8348,-0.8348,25.0208,-15,-0.029452
TEL,77260,16.8368,16.1523,0.8477,20.4261,-24,-0.047124
TEL,77360,17.6369,17.0471,-0.0471,46.2128,-21,-0.041233
TEL,77460,18.0304,17.7167,-0.7167,52.4029,-47,-0.092284
TEL,77560,12.2939,16.4370,0.5630,12.4029,-51,-0.100138
TEL,77660,17.3833,16.7318,0.2682,-15.9604,-11,-0.021598
TEL,77760,17.8316,17.3582,-0.3582,11.3297,15,0.029452
TEL,77860,15.4737,17.0958,-0.0958,-23.8062,-10,-0.019635
TEL,77960,15.8870,15.5484,1.4516,-21.5615,23,0.045160
TEL,78060,17.6369,17.1271,-0.1271,18.4385,21,0.041233
TEL,78160,17.9637,17.5824,-0.5824,35.3165,-19,-0.037306
TEL,78260,18.0304,17.8561,-0.8561,35.8592,-36,-0.070686
TEL,78360,18.0304,17.9181,-0.9181,32.4065,-35,-0.068722
TEL,78460,18.1652,17.9795,-0.9795,30.4164,-31,-0.060868
TEL,78560,18.0975,17.9992,-0.9992,27.7700,-29,-0.056941
TEL,78660,18.0304,18.0265,-1.0265,25.4854,-27,-0.053014
TEL,78760,18.1652,18.0384,-1.0384,24.2740,-24,-0.047124
TEL,78860,18.1652,18.0561,-1.0561,23.4386,-23,-0.045160
TEL,78960,18.0304,18.0617,-1.0617,22.1517,-22,-0.043197
TEL,79060,18.1652,18.0811,-1.0811,21.9259,-22,-0.043197
TEL,79160,18.0975,18.0831,-1.0831,21.3033,-21,-0.041233
TEL,79260,18.1652,18.0925,-1.0925,21.1625,-21,-0.041233
TEL,79360,18.2332,18.1071,-1.1071,21.3543,-21,-0.041233
TEL,79460,18.0975,18.1123,-1.1123,21.0007,-21,-0.041233
TEL,79560,18.0975,18.1109,-1.1109,20.6626,-21,-0.041233
TEL,79660,18.1652,18.1150,-1.1150,20.6578,-21,-0.041233
TEL,79760,18.0975,18.1163,-1.1163,20.4726,-20,-0.039270
TEL,79860,18.0975,18.1167,-1.1167,20.3327,-20,-0.039270
TEL,79960,18.0975,18.1153,-1.1153,20.2078,-20,-0.039270
TEL,80060,18.1652,18.1136,-1.1136,20.2320,-20,-0.039270
TEL,80160,17.4461,18.0907,-1.0907,18.6518,-19,-0.037306
TEL,80260,17.9637,18.0482,-1.0482,17.9190,-18,-0.035343
TEL,80360,18.1652,18.0502,-1.0502,18.5532,-19,-0.037306
TEL,80460,16.6040,17.1631,-0.1631,-7.3298,-18,-0.035343
TEL,80560,17.7014,17.2852,-0.2852,-0.0002,6,0.011781
TEL,80660,17.9637,17.5914,-0.5914,14.3161,-1,-0.001963
TEL,80760,11.7568,16.4561,0.5439,-25.6839,-13,-0.025525
TEL,80860,17.4461,16.8669,0.1331,-32.6525,27,0.053014
TEL,80960,17.8974,17.3399,-0.3399,-3.6540,32,0.062832
TEL,81060,13.8781,16.6956,0.3044,-43.6540,5,0.009817
TEL,81160,15.6779,15.2023,1.7977,-56.0157,45,0.088357
TEL,81260,17.7663,17.1938,-0.1938,-16.0157,55,0.107992
TEL,81360,17.9637,17.6503,-0.6503,23.9843,15,0.029452
TEL,81460,14.8899,15.7767,1.2233,-16.0157,-23,-0.045160
TEL,81560,17.2591,16.5049,0.4951,-2.1078,15,0.029452
TEL,81660,17.8316,17.4349,-0.4349,23.2273,1,0.001963
TEL,81760,18.0975,17.7228,-0.7228,31.1917,-24,-0.047124
TEL,81860,16.2107,16.0108,0.9892,3.4059,-30,-0.058905
TEL,81960,17.5093,16.8301,0.1699,31.2843,-4,-0.007854
TEL,82060,18.0304,17.6167,-0.6167,45.5084,-32,-0.062832
TEL,82160,11.8177,16.1435,0.8565,5.5084,-45,-0.088357
TEL,82260,17.1976,16.5561,0.4439,-29.2366,-5,-0.009817
TEL,82360,17.8316,17.2686,-0.2686,-0.0661,28,0.054978
TEL,82460,18.0975,17.7614,-0.7614,20.6378,-1,-0.001963
TEL,82560,14.4781,15.4271,1.5729,-51.3622,-20,-0.039270
TEL,82660,17.6369,17.0264,-0.0264,-11.3622,45,0.088357
TEL,82760,18.0304,17.5621,-0.5621,17.2506,15,0.029452
TEL,82860,11.6665,16.2299,0.7701,-22.7494,-16,-0.031416
TEL,82960,16.6040,16.2197,0.7803,-55.5798,24,0.047124
TEL,83060,17.8974,17.3035,-0.3035,-15.5798,55,0.107992
TEL,83160,18.0304,17.6841,-0.6841,10.4860,15,0.029452
TEL,83260,16.1559,15.7046,1.2954,-0.1991,-9,-0.017671
TEL,83360,17.4461,16.6372,0.3628,35.8785,-1,-0.001963
TEL,83460,17.9637,17.5921,-0.5921,50.9195,-37,-0.072649
TEL,83560,18.1652,17.8303,-0.8303,49.8549,-50,-0.098175
TEL,83660,16.8960,16.6749,0.3251,25.5294,-49,-0.096211
TEL,83760,17.7014,17.1075,-0.1075,36.2191,-27,-0.053014
TEL,83860,17.9637,17.6088,-0.6088,41.8978,-37,-0.072649
TEL,83960,11.4320,14.3396,2.6604,-30.1022,-41,-0.080503
TEL,84060,17.7663,17.1676,-0.1676,-30.8520,24,0.047124
TEL,84160,17.8316,17.5796,-0.5796,-6.4753,30,0.058905
TEL,84260,13.4381,16.7629,0.2371,-46.4753,7,0.013744
TEL,84360,16.2658,16.0642,0.9358,-52.7066,47,0.092284
TEL,84460,17.7014,17.1383,-0.1383,-12.7066,52,0.102102
TEL,84560,17.9637,17.5769,-0.5769,12.3086,12,0.023562
TEL,84660,14.4781,15.3992,1.6008,-59.6914,-11,-0.021598
TEL,84760,17.4461,16.7062,0.2938,-19.6914,54,0.106029
TEL,84860,17.8974,17.5585,-0.5585,18.8551,24,0.047124
TEL,84960,18.1652,17.8257,-0.8257,27.4374,-20,-0.039270
TEL,85060,16.5468,16.0018,0.9982,17.2144,-26,-0.051051
TEL,85160,17.5093,16.9794,0.0206,43.9890,-18,-0.035343
TEL,85260,17.8974,17.6507,-0.6507,49.1648,-45,-0.088357
TEL,85360,12.1635,16.3670,0.6330,9.1648,-48,-0.094248
TEL,85460,17.1976,16.6719,0.3281,-22.1371,-8,-0.015708
TEL,85560,17.7663,17.2549,-0.2549,-0.0499,21,0.041233
TEL,85660,18.2332,17.7895,-0.7895,23.3425,-1,-0.001963
TEL,85760,15.7818,16.0701,0.9299,-16.6575,-22,-0.043197
TEL,85860,17.6369,16.9947,0.0053,10.8984,16,0.031416
TEL,85960,17.8974,17.5125,-0.5125,26.6756,-12,-0.023562
TEL,86060,11.6665,14.2200,2.7800,-45.3244,-26,-0.051051
TEL,86160,16.8368,16.0206,0.9794,-44.3803,39,0.076576
TEL,86260,17.8974,17.4442,-0.4442,-4.3803,43,0.084430
TEL,86360,17.9637,17.7359,-0.7359,16.0104,3,0.005890
TEL,86460,15.6264,16.3867,0.6133,-23.9896,-15,-0.029452
TEL,86560,17.5093,16.9048,0.0952,-0.0696,23,0.045160
TEL,86660,17.8974,17.5183,-0.5183,15.3641,-1,-0.001963
TEL,86760,18.2332,17.8042,-0.8042,26.1163,-16,-0.031416
TEL,86860,17.1976,16.8109,0.1891,16.5532,-25,-0.049087
TEL,86960,17.7663,17.2465,-0.2465,29.9923,-18,-0.035343
TEL,87060,18.0975,17.6731,-0.6731,37.4160,-31,-0.060868
TEL,87160,13.9194,15.2559,1.7441,-34.5840,-36,-0.070686
TEL,87260,17.7014,17.0279,-0.0279,-0.0210,28,0.054978
TEL,87360,17.8316,17.5071,-0.5071,15.7280,2,0.003927
TEL,87460,18.0304,17.8062,-0.8062,22.7944,-17,-0.033379
TEL,87560,18.0304,17.8890,-0.8890,23.6234,-24,-0.047124
TEL,87660,18.0304,17.9552,-0.9552,23.2760,-23,-0.045160
TEL,87760,18.0304,17.9889,-0.9889,22.4466,-22,-0.043197
TEL,87860,18.0304,18.0071,-1.0071,21.5761,-22,-0.043197
TEL,87960,18.0304,18.0111,-1.0111,20.7509,-21,-0.041233
TEL,88060,18.0304,18.0197,-1.0197,20.2180,-20,-0.039270
TEL,88160,18.0304,18.0210,-1.0210,19.7412,-20,-0.039270
TEL,88260,18.0975,18.0261,-1.0261,19.6466,-20,-0.039270
TEL,88360,18.0304,18.0299,-1.0299,19.3800,-19,-0.037306
TEL,88460,18.1652,18.0492,-1.0492,19.7954,-20,-0.039270
TEL,88560,18.0975,18.0539,-1.0539,19.7344,-20,-0.039270
TEL,88660,18.1652,18.0661,-1.0661,19.9803,-20,-0.039270
TEL,88760,18.0975,18.0690,-1.0690,19.8745,-20,-0.039270
TEL,88860,18.1652,18.0753,-1.0753,20.0049,-20,-0.039270
TEL,88960,18.0975,18.0799,-1.0799,19.9401,-20,-0.039270
TEL,89060,18.0975,18.0819,-1.0819,19.8639,-20,-0.039270
TEL,89160,18.0975,18.0806,-1.0806,19.7618,-20,-0.039270
TEL,89260,11.7266,17.8524,-0.8524,3.7418,-19,-0.037306
TEL,89360,16.7781,17.3677,-0.3677,-10.2499,-3,-0.005890
TEL,89460,17.8316,17.4841,-0.4841,0.3581,9,0.017671
TEL,89560,17.9637,17.6275,-0.6275,8.8763,-1,-0.001963
TEL,89660,15.4737,15.3760,1.6240,-46.2175,-8,-0.015708
TEL,89760,17.3210,16.5148,0.4852,-6.2175,44,0.086394
TEL,89860,17.9637,17.5368,-0.5368,33.7825,6,0.011781
TEL,89960,13.2088,15.1479,1.8521,-38.2175,-33,-0.064795
TEL,90060,17.1976,16.1242,0.8758,-18.3543,32,0.062832
TEL,90160,17.7014,17.0598,-0.0598,20.8042,17,0.033379
TEL,90260,18.0304,17.7241,-0.7241,34.0724,-22,-0.043197
TEL,90360,11.3747,13.8600,3.1400,-37.9276,-33,-0.064795
TEL,90460,17.7014,17.1249,-0.1249,-41.9219,32,0.062832
TEL,90560,17.9637,17.6478,-0.6478,-10.0396,41,0.080503
TEL,90660,12.4606,16.5508,0.4492,-50.0396,11,0.021598
TEL,90760,16.2658,15.9070,1.0930,-59.1223,51,0.100138
TEL,90860,17.8316,17.1955,-0.1955,-19.1223,58,0.113883
TEL,90960,17.9637,17.6338,-0.6338,12.8116,18,0.035343
TEL,91060,14.6585,15.5632,1.4368,-27.1884,-12,-0.023562
TEL,91160,17.2591,16.5008,0.4992,-13.0812,26,0.051051
TEL,91260,17.8974,17.4678,-0.4678,17.2538,12,0.023562
TEL,91360,18.1652,17.7805,-0.7805,28.0456,-18,-0.035343
TEL,91460,16.6040,15.9421,1.0579,22.1532,-27,-0.053014
TEL,91560,17.5093,16.9227,0.0773,49.1972,-23,-0.045160
TEL,91660,18.0975,17.6961,-0.6961,58.3302,-50,-0.098175
TEL,91760,11.9413,16.2553,0.7447,18.3302,-57,-0.111919
TEL,91860,17.3833,16.6036,0.3964,-16.1476,-17,-0.033379
TEL,91960,17.8316,17.3064,-0.3064,14.3709,15,0.029452
TEL,92060,18.3018,17.8640,-0.8640,30.5840,-15,-0.029452
TEL,92160,15.6779,15.9354,1.0646,-9.4160,-30,-0.058905
TEL,92260,17.5729,17.0006,-0.0006,13.1657,8,0.015708
TEL,92360,18.0304,17.5240,-0.5240,30.9417,-14,-0.027489
TEL,92460,11.8177,14.5202,2.4798,-41.0583,-30,-0.058905
TEL,92560,16.6617,15.8985,1.1015,-49.5421,35,0.068722
TEL,92660,17.7663,17.3575,-0.3575,-9.5421,49,0.096211
TEL,92760,17.9637,17.7146,-0.7146,13.7106,9,0.017671
TEL,92860,16.1559,15.7352,1.2648,0.4271,-13,-0.025525
REF,92952,9.0000,hold_near
TEL,92960,17.4461,16.7609,-7.7609,72.0000,-2,-0.003927
TEL,93060,17.9637,17.5653,-8.5653,144.0000,-68,-0.133518
TEL,93160,12.9503,16.4215,-7.4215,213.4248,-142,-0.278816
TEL,93260,17.0757,16.1166,-7.1166,224.0000,-213,-0.418225
TEL,93360,17.7663,17.0484,-8.0484,224.0000,-224,-0.439823
TEL,93460,17.7663,17.5509,-8.5509,224.0000,-224,-0.439823
TEL,93560,13.9610,16.8056,-7.8056,220.6092,-222,-0.435896
TEL,93660,16.4899,16.5150,-7.5150,215.4972,-219,-0.430005
TEL,93760,16.6040,16.5264,-7.5264,219.2205,-217,-0.426078
TEL,93860,11.7266,15.6748,-6.6748,171.8891,-217,-0.426078
TEL,93960,13.5950,14.1473,-5.1473,118.7503,-171,-0.335758
TEL,94060,13.5950,13.8527,-4.8527,117.0884,-118,-0.231692
TEL,94160,12.6315,13.4053,-4.4053,103.5126,-115,-0.225802
TEL,94260,9.6590,10.7552,-1.7552,31.5126,-102,-0.200277
TEL,94360,9.6170,10.0372,-1.0372,-8.4874,-36,-0.070686
TEL,94460,8.3841,9.1201,-0.1201,-48.4874,10,0.019635
TEL,94560,8.0113,8.4927,0.5073,-72.4648,50,0.098175
TEL,94660,8.2563,8.4173,0.5827,-56.9855,55,0.107992
TEL,94760,9.4122,8.7621,0.2379,-26.8114,55,0.107992
TEL,94860,10.8821,9.8951,-0.8951,13.1886,25,0.049087
TEL,94960,8.8259,9.8049,-0.8049,-10.0843,-11,-0.021598
TEL,95060,12.3934,11.2981,-2.2981,61.9157,8,0.015708
TEL,95160,13.5950,12.6726,-3.6726,133.9156,-58,-0.113883
TEL,95260,14.7965,14.1625,-5.1625,190.1890,-132,-0.259181
TEL,95360,10.4277,11.6858,-2.6858,118.1890,-188,-0.369137
TEL,95460,15.7818,14.9725,-5.9725,190.1890,-124,-0.243473
TEL,95560,16.3771,15.9755,-6.9755,224.0000,-165,-0.323977
TEL,95660,11.6665,14.9784,-5.9784,152.0000,-224,-0.439823
TEL,95760,15.7297,15.0368,-6.0368,173.9810,-161,-0.316123
TEL,95860,16.7781,16.4141,-7.4141,224.0000,-174,-0.341648
TEL,95960,17.4461,16.9698,-7.9698,224.0000,-223,-0.437859
TEL,96060,14.5678,15.2057,-6.2057,173.6927,-222,-0.435896
TEL,96160,16.4333,15.7357,-6.7357,205.0050,-175,-0.343612
TEL,96260,16.9555,16.5513,-7.5513,224.0000,-207,-0.406444
TEL,96360,16.6617,16.6152,-7.6152,224.0000,-224,-0.439823
TEL,96460,14.8430,14.9473,-5.9473,180.7465,-222,-0.435896
TEL,96560,15.1281,15.0110,-6.0110,183.2736,-182,-0.357356
TEL,96660,14.2584,14.7762,-5.7762,171.7018,-181,-0.355393
TEL,96760,13.4381,14.3092,-5.3092,149.8508,-170,-0.333794
TEL,96860,11.8177,12.8494,-3.8494,90.1548,-149,-0.292561
TEL,96960,10.8038,11.6828,-2.6828,43.2727,-91,-0.178678
TEL,97060,9.2154,9.9829,-0.9829,3.2727,-41,-0.080503
TEL,97160,8.1783,8.9230,0.0770,-36.7273,-1,-0.001963
TEL,97260,8.7552,8.5628,0.4372,-56.9530,39,0.076576
TEL,97360,9.5341,8.9062,0.0938,-26.8215,55,0.107992
TEL,97460,10.7522,9.8347,-0.8347,13.1785,25,0.049087
TEL,97560,11.6367,10.7590,-1.7590,69.0981,-15,-0.029452
TEL,97660,12.7361,12.0521,-3.0521,116.3634,-71,-0.139408
TEL,97760,13.6748,12.9021,-3.9021,148.9972,-118,-0.231692
TEL,97860,14.6585,14.0314,-5.0314,184.9362,-151,-0.296488
TEL,97960,15.2254,14.6110,-5.6110,202.2680,-187,-0.367174
TEL,98060,15.8870,15.3708,-6.3708,222.8147,-204,-0.400553
TEL,98160,16.1559,15.6964,-6.6964,224.0000,-224,-0.439823
TEL,98260,16.1015,15.9353,-6.9353,224.0000,-224,-0.439823
TEL,98360,16.1015,16.0006,-7.0006,224.0000,-224,-0.439823
TEL,98460,15.8343,16.0098,-7.0098,221.0966,-222,-0.435896
TEL,98560,11.0961,15.3389,-6.3389,177.7172,-220,-0.431969
TEL,98660,14.3455,14.3731,-5.3731,151.8881,-177,-0.347539
TEL,98760,14.1295,14.3343,-5.3343,151.6783,-152,-0.298451
TEL,98860,13.2088,13.9223,-4.9223,135.8047,-151,-0.296488
TEL,98960,11.0149,11.9993,-2.9993,63.8047,-134,-0.263108
TEL,99060,10.7266,11.2832,-2.2832,36.1023,-68,-0.133518
TEL,99160,9.9401,10.6876,-1.6876,16.9013,-35,-0.068722
TEL,99260,6.9189,9.4584,-1.6876,16.9013,-17,-0.033379
TEL,99360,7.7234,8.7041,0.2959,-23.0987,-3,-0.005890
TEL,99460,8.5998,8.4056,0.6713,-48.3969,37,0.072649
TEL,99560,9.3326,8.7314,0.2686,-21.3704,34,0.066759
TEL,99660,9.9624,8.7885,0.6323,-35.5059,33,0.064795
TEL,99760,10.8038,9.7489,-0.7489,4.4941,22,0.043197
TEL,99860,12.0992,11.3501,-1.8488,76.4941,-18,-0.035343
TEL,99960,12.8782,12.2247,-3.2247,125.9102,-94,-0.184569
TEL,100060,13.0599,12.7172,-3.5759,134.9997,-134,-0.263108
TEL,100160,14.2584,13.3128,-4.3128,160.8582,-149,-0.292561
TEL,100260,10.5009,12.8412,-5.0345,184.9883,-175,-0.343612
TEL,100360,10.1901,11.4791,-2.4791,112.9883,-171,-0.335758
TEL,100460,15.0320,14.3227,-4.6019,167.6950,-114,-0.223838
TEL,100560,15.3735,14.9630,-5.9630,208.7375,-182,-0.357356
TEL,100660,11.1233,14.1640,-6.1704,209.1869,-209,-0.410371
TEL,100760,13.6748,13.1323,-4.1323,163.8716,-195,-0.382882
TEL,100860,14.0870,13.9162,-4.8264,180.3659,-174,-0.341648
TEL,100960,13.7150,13.8632,-4.8632,170.0333,-170,-0.333794
TEL,101060,9.0260,11.6999,-4.1109,118.9008,-156,-0.306305
TEL,101160,11.2897,11.3588,-2.3588,66.4660,-109,-0.214021
TEL,101260,10.4277,11.0325,-2.2116,59.8485,-59,-0.115846
TEL,101360,9.7012,10.5179,-1.5179,31.8041,-46,-0.090321
TEL,101460,8.2563,9.1125,-0.7069,-8.1959,-18,-0.035343
TEL,101560,7.8793,8.2823,0.7177,-48.1959,22,0.043197
TEL,101660,8.8438,8.4445,0.6803,-36.3354,37,0.072649
TEL,101760,7.9229,8.4504,0.5496,-35.4703,35,0.068722
TEL,101860,10.1438,8.9701,0.4909,-13.7296,22,0.043197
TEL,101960,11.1508,10.1975,-1.1975,26.2704,0,0.000000
TEL,102060,9.2154,10.4595,-2.2801,96.8179,-40,-0.078540
TEL,102160,10.9084,11.2264,-2.2264,77.2854,-96,-0.188496
TEL,102260,13.7554,12.8013,-3.1903,119.9033,-91,-0.178678
TEL,102360,14.5228,13.8097,-4.8097,177.1373,-131,-0.257218
TEL,102460,11.6665,13.5152,-5.4752,197.9655,-191,-0.375028
TEL,102560,14.3455,13.3103,-4.3103,191.8830,-192,-0.376991
TEL,102660,15.6264,15.0363,-5.5997,224.0000,-205,-0.402517
TEL,102760,15.5243,15.4249,-6.4249,224.0000,-224,-0.439823
TEL,102860,12.6662,13.6377,-5.3864,159.7989,-210,-0.412334
TEL,102960,14.3018,13.9311,-4.9311,152.7214,-154,-0.302378
TEL,103060,14.1295,14.1396,-5.1427,160.1954,-160,-0.314159
TEL,103160,13.6748,14.0161,-5.0161,152.4309,-152,-0.298451
TEL,103260,11.7872,12.2830,-3.6147,90.3121,-139,-0.272926
TEL,103360,11.4320,11.9331,-2.9331,68.2197,-76,-0.149226
TEL,103460,10.4034,11.1316,-2.4405,50.1138,-55,-0.107992
TEL,103560,7.6135,9.7254,-0.7254,10.1138,-37,-0.072649
TEL,103660,8.0113,8.3978,0.3632,-29.8862,3,0.005890
TEL,103760,8.0262,8.1587,0.8413,-69.1114,44,0.086394
TEL,103860,8.9706,8.4288,0.7102,-46.5570,56,0.109956
TEL,103960,8.4494,8.4332,0.5668,-34.2104,38,0.074613
TEL,104060,10.5752,9.3910,0.0528,0.0997,20,0.039270
TEL,104160,11.4898,10.5218,-1.5218,63.8449,-13,-0.025525
TEL,104260,10.0978,10.9843,-2.5598,105.6866,-82,-0.161007
TEL,104360,12.4606,11.3728,-2.3728,108.0218,-108,-0.212057
TEL,104460,14.1722,13.3756,-3.7661,161.8482,-121,-0.237583
TEL,104560,14.7965,14.2514,-5.2514,204.3468,-185,-0.363247
TEL,104660,13.6348,13.3755,-4.0967,132.3468,-193,-0.378955
TEL,104760,15.4235,14.6933,-5.6933,179.3053,-133,-0.261145
TEL,104860,15.7818,15.3715,-6.1781,199.2150,-190,-0.373064
TEL,104960,15.6779,15.4794,-6.4794,206.3321,-206,-0.404480
TEL,105060,14.2152,13.9423,-4.7320,134.3321,-193,-0.378955
TEL,105160,14.7965,14.4140,-5.4140,158.8137,-135,-0.265072
TEL,105260,14.2584,14.4476,-5.4959,162.6086,-163,-0.320050
TEL,105360,9.7653,13.5160,-4.5160,106.5839,-150,-0.294524
TEL,105460,12.2283,12.5053,-3.6540,80.4515,-90,-0.176715
TEL,105560,11.6071,12.1444,-3.1444,67.0098,-69,-0.135481
TEL,105660,10.4277,11.2669,-2.6230,49.9244,-55,-0.107992
TEL,105760,9.5962,9.8750,-0.8750,9.9244,-36,-0.070686
TEL,105860,8.3518,9.0100,-0.3266,-30.0756,3,0.005890
TEL,105960,8.0864,8.5043,0.4957,-52.1042,43,0.084430
TEL,106060,8.9706,8.5893,0.5129,-37.9516,40,0.078540
TEL,106160,9.6170,8.9161,0.0839,-12.3883,25,0.049087
TEL,106260,10.6001,9.7644,-0.4282,14.2274,-1,-0.001963
TEL,106360,11.6965,10.6411,-1.6411,68.9506,-28,-0.054978
TEL,106460,12.7361,12.0544,-2.6320,107.9288,-91,-0.178678
TEL,106560,13.3225,12.7497,-3.7497,143.5121,-121,-0.237583
TEL,106660,14.2152,13.6411,-4.3642,162.6944,-157,-0.308269
TEL,106760,14.4781,14.0485,-5.0485,180.0857,-175,-0.343612
TEL,106860,15.0320,14.5670,-5.4002,188.2630,-188,-0.369137
TEL,106960,15.2745,14.8286,-5.8286,198.1868,-198,-0.388772
TEL,107060,15.1281,14.9906,-5.9577,196.5351,-197,-0.386809
TEL,107160,14.8899,14.9816,-5.9816,191.6620,-192,-0.376991
TEL,107260,14.3018,14.8050,-5.8870,183.5320,-184,-0.361283
TEL,107360,14.0448,14.5896,-5.5896,169.0573,-173,-0.339685
TEL,107460,12.9503,13.8823,-5.1882,149.1627,-156,-0.306305
TEL,107560,12.2610,13.1241,-4.1241,106.2257,-135,-0.265072
TEL,107660,10.8298,11.7316,-3.2500,71.2425,-95,-0.186532
TEL,107760,10.0978,10.8300,-1.8300,21.7767,-58,-0.113883
TEL,107860,8.4330,9.6746,-0.6746,-18.2233,-28,-0.054978
TEL,107960,7.8219,8.4586,0.5414,-58.2233,19,0.037306
TEL,108060,8.3841,8.2383,0.7617,-57.2792,57,0.111919
TEL,108160,9.1198,8.5223,0.4777,-31.3015,53,0.104065
TEL,108260,9.4122,8.8453,0.1547,0.0257,27,0.053014
TEL,108360,10.6252,9.5458,-0.5458,24.7724,-4,-0.007854
TEL,108460,12.0040,11.1917,-2.1917,89.9172,-29,-0.056941
TEL,108560,9.6801,10.8979,-1.8979,49.1037,-88,-0.172788
TEL,108660,13.0969,11.9383,-2.9383,102.8245,-49,-0.096211
TEL,108760,14.1722,13.2507,-4.2507,159.4899,-104,-0.204204
TEL,108860,15.0320,14.4020,-5.4020,196.4518,-161,-0.316123
TEL,108960,12.8424,13.0831,-4.0831,140.1527,-192,-0.376991
TEL,109060,15.2254,14.4987,-5.4987,192.3836,-140,-0.274889
TEL,109160,15.5243,15.0772,-6.0772,209.8483,-195,-0.382882
TEL,109260,10.7011,14.1670,-5.1670,137.8483,-206,-0.404480
TEL,109360,14.2584,13.7179,-4.7179,145.3084,-142,-0.278816
TEL,109460,14.4781,14.2987,-5.2987,164.2302,-149,-0.292561
TEL,109560,14.2584,14.2998,-5.2998,162.4726,-162,-0.318086
TEL,109660,11.5189,12.7355,-3.7355,92.1491,-158,-0.310232
TEL,109760,12.1635,12.3071,-3.3071,82.3297,-92,-0.180642
TEL,109860,11.3179,11.8799,-2.8799,68.4570,-78,-0.153153
TEL,109960,10.5009,11.3168,-2.3168,46.7770,-64,-0.125664
TEL,110060,8.7028,9.1313,-0.1313,6.7770,-43,-0.084430
TEL,110160,8.3038,8.7225,0.2775,-33.2230,-3,-0.005890
TEL,110260,8.2879,8.3448,0.6552,-41.9595,37,0.072649
TEL,110360,6.9303,8.3853,0.6552,-41.9595,42,0.082467
TEL,110460,9.5754,8.6540,0.6660,-33.8670,34,0.066759
TEL,110560,10.4520,9.3846,0.3460,0.0820,0,0.000000
TEL,110660,11.5775,10.8212,-0.8652,36.0897,-36,-0.070686
TEL,110760,11.0418,10.9528,-1.8212,78.9126,-79,-0.155116
TEL,110860,13.0969,11.9710,-2.1612,88.8939,-89,-0.174751
TEL,110960,13.9194,13.0484,-2.9711,121.6512,-122,-0.239546
TEL,111060,9.9179,12.3752,-4.0484,162.0092,-162,-0.318086
TEL,111160,14.0870,13.2626,-3.3752,90.0092,-100,-0.196350
TEL,111260,14.9843,14.5250,-4.8613,156.4499,-127,-0.249364
TEL,111360,15.1766,14.8804,-5.5250,182.2827,-182,-0.357356
TEL,111460,12.8424,13.4138,-5.9885,194.9542,-195,-0.382882
TEL,111560,14.3895,13.9725,-4.4138,128.5819,-135,-0.265072
TEL,111660,14.2152,13.9561,-4.9725,154.0255,-153,-0.300415
TEL,111760,10.9614,13.1860,-4.9561,158.3500,-158,-0.310232
TEL,111860,12.3269,12.7473,-4.1860,105.8374,-107,-0.210094
TEL,111960,12.2610,12.5222,-3.7473,91.5418,-92,-0.180642
TEL,112060,11.2060,11.8082,-3.5222,87.6636,-88,-0.172788
TEL,112160,9.2541,10.5382,-2.8082,64.2499,-64,-0.125664
TEL,112260,9.1961,9.5952,-1.0612,24.2499,-24,-0.047124
TEL,112360,8.4824,9.0946,-0.5952,-15.7501,16,0.031416
TEL,112460,7.0576,8.5385,-0.0946,-42.3745,42,0.082467
TEL,112560,7.9816,8.3709,0.6291,-42.0161,42,0.082467
TEL,112660,9.5754,8.8491,0.3853,-20.7937,28,0.054978
TEL,112760,10.1901,9.4328,-0.4328,13.2660,6,0.011781
TEL,112860,9.4122,9.4710,-0.4988,-1.5727,-1,-0.001963
TEL,112960,11.3747,10.2320,-1.2320,37.8206,-12,-0.023562
TEL,113060,12.7361,11.9510,-2.4122,98.9646,-53,-0.104065
TEL,113160,13.4770,12.8263,-3.8263,147.1495,-119,-0.233656
TEL,113260,13.3608,12.7459,-3.4398,132.7270,-135,-0.265072
TEL,113360,10.7522,12.3039,-4.0364,151.6084,-147,-0.288634
TEL,113460,14.9843,14.4449,-4.9914,195.6387,-167,-0.327904
TEL,113560,10.8298,13.3464,-4.3464,123.6388,-182,-0.357356
TEL,113660,14.5228,13.7786,-4.3723,132.4153,-125,-0.245437
TEL,113760,14.7965,14.3586,-5.3586,169.2006,-146,-0.286670
TEL,113860,14.6585,14.5124,-5.4720,170.8613,-171,-0.335758
TEL,113960,11.9102,13.1995,-4.1995,109.4823,-156,-0.306305
TEL,114060,13.1340,13.1216,-4.1172,113.7696,-112,-0.219911
TEL,114160,12.6662,13.0159,-4.0159,111.0887,-111,-0.217948
TEL,114260,8.8259,11.9188,-3.7494,100.8936,-101,-0.198313
TEL,114360,10.9614,11.1309,-2.2526,37.9553,-86,-0.168861
TEL,114460,9.7225,10.2898,-1.5491,16.9519,-24,-0.047124
TEL,114560,8.7028,9.5859,-0.9897,-23.0481,-2,-0.003927
TEL,114660,7.0694,9.2218,-0.9897,-23.0481,21,0.041233
TEL,114760,8.1628,8.5175,0.2731,-45.3400,45,0.088357
TEL,114860,9.2347,8.7547,0.4831,-37.5957,38,0.074613
TEL,114960,9.8520,9.1596,0.0622,-12.6073,13,0.025525
TEL,115060,10.9084,10.1168,-0.4287,13.1781,-13,-0.025525
TEL,115160,11.5775,10.8534,-1.4832,48.9570,-48,-0.094248
TEL,115260,12.5626,11.9446,-2.2165,88.4623,-85,-0.166897
TEL,115360,13.4770,12.6797,-3.2756,124.6371,-123,-0.241510
TEL,115460,14.0448,13.6110,-4.0562,152.6594,-153,-0.300415
TEL,115560,14.4781,14.0303,-4.8397,174.6977,-175,-0.343612
TEL,115660,14.8430,14.5217,-5.2207,183.8542,-184,-0.361283
TEL,115760,15.0799,14.7073,-5.6009,190.0556,-190,-0.373064
TEL,115860,14.8430,14.7781,-5.7468,189.4389,-189,-0.371101
TEL,115960,14.7042,14.7824,-5.7946,186.5691,-187,-0.367174
TEL,116060,14.3455,14.7044,-5.7728,181.9977,-182,-0.357356
TEL,116160,14.0027,14.5756,-5.6569,174.5059,-175,-0.343612
TEL,116260,13.1713,14.0797,-5.4653,163.8697,-164,-0.322013
TEL,116360,12.5969,13.4764,-4.8047,135.2705,-136,-0.267035
TEL,116460,11.4608,12.2597,-4.0875,103.8194,-105,-0.206167
TEL,116560,10.6252,11.3752,-2.8124,56.5899,-63,-0.123700
TEL,116660,9.4525,10.1653,-1.9542,25.2746,-27,-0.053014
TEL,116760,7.3511,9.7498,-0.7498,-14.7254,10,0.019635
TEL,116860,7.7373,9.0219,-0.0219,-47.3076,-3,-0.005890
TEL,116960,8.4659,8.5748,0.4252,-45.0501,47,0.092284
TEL,117060,9.4728,8.9320,0.0680,-19.5759,41,0.080503
TEL,117160,7.7513,8.7844,0.2156,-34.9836,24,0.047124
TEL,117260,10.7011,9.6805,-0.6805,5.0164,31,0.060868
TEL,117360,11.5775,10.7116,-1.7116,68.0182,-9,-0.017671
TEL,117460,12.5969,11.9849,-2.6214,103.7134,-71,-0.139408
TEL,117560,12.1635,11.5357,-2.5357,111.1793,-108,-0.212057
TEL,117660,13.8781,13.1281,-4.1281,165.0259,-115,-0.225802
TEL,117760,14.3895,13.8447,-4.8447,185.1432,-172,-0.337721
TEL,117860,10.0523,13.0238,-4.0238,113.1432,-181,-0.355393
TEL,117960,14.2584,13.7230,-4.7230,142.7419,-116,-0.227765
TEL,118060,14.8899,14.4427,-5.4427,170.4438,-144,-0.282743
TEL,118160,15.0320,14.7039,-5.7039,180.0638,-174,-0.341648
TEL,118260,13.1713,12.7857,-3.7857,134.3540,-176,-0.345575
TEL,118360,13.9610,13.4604,-4.4604,158.5845,-138,-0.270962
TEL,118460,13.7150,13.6752,-4.6752,158.3952,-158,-0.310232
TEL,118560,9.9847,12.9590,-3.9590,110.2625,-154,-0.302378
TEL,118660,11.6665,11.8936,-2.8936,76.9620,-107,-0.210094
TEL,118760,11.3179,11.6612,-2.6612,69.2876,-73,-0.143335
TEL,118860,10.2134,10.9804,-1.9804,43.1197,-65,-0.127627
TEL,118960,7.9964,9.1568,-0.1568,3.1197,-39,-0.076576
TEL,119060,8.2249,8.5461,0.4539,-36.8803,1,0.001963
TEL,119160,7.9964,8.2819,0.7181,-55.0182,41,0.080503
TEL,119260,7.3132,8.3260,0.7181,-55.0182,55,0.107992
TEL,119360,8.6682,8.3878,0.6122,-34.0280,41,0.080503
TEL,119460,10.3076,9.2231,0.1551,0.2209,19,0.037306
TEL,119560,11.0689,10.1657,-1.1657,40.2209,-14,-0.027489
TEL,119660,11.4608,10.7121,-1.2960,22.2236,-27,-0.053014
TEL,119760,12.2939,11.4475,-2.4475,87.0610,-37,-0.072649
TEL,119860,13.7150,12.9481,-3.4567,130.7917,-105,-0.206167
TEL,119960,14.3018,13.7230,-4.7230,172.3427,-145,-0.284707
TEL,120060,13.9194,12.8668,-3.2550,114.5866,-158,-0.310232
TEL,120160,14.7965,14.0259,-5.0259,180.5281,-121,-0.237583
TEL,120260,15.3238,14.9682,-5.7732,205.3843,-192,-0.376991
TEL,120360,11.0418,13.9908,-4.9908,137.3356,-190,-0.373064
TEL,120460,14.3895,13.9718,-4.7199,143.8715,-139,-0.272926
TEL,120560,13.2844,13.9244,-5.2166,166.0814,-158,-0.310232
TEL,120660,14.1295,14.2289,-5.2638,167.8592,-168,-0.329867
TEL,120760,12.1635,12.8449,-3.8449,107.6826,-154,-0.302378
TEL,120860,12.3600,12.6614,-3.7572,108.0293,-108,-0.212057
TEL,120960,11.7568,12.3471,-3.3471,91.5555,-96,-0.188496
TEL,121060,9.6379,10.6864,-2.3602,39.8706,-77,-0.151189
TEL,121160,9.7439,9.9620,-1.1160,-0.1294,-30,-0.058905
TEL,121260,8.5998,9.1928,-0.4557,-40.1294,14,0.027489
TEL,121360,7.9964,8.6127,0.3873,-62.5574,54,0.106029
TEL,121460,7.7095,8.3312,0.6688,-54.9137,55,0.107992
TEL,121560,9.1388,8.5890,0.4110,-28.5234,51,0.100138
TEL,121660,10.3314,9.5005,-0.5005,11.4766,25,0.049087
TEL,121760,11.1233,10.3120,-1.3120,46.8562,-15,-0.029452
TEL,121860,12.1635,10.9273,-1.0953,61.8382,-51,-0.100138
TEL,121960,12.6315,12.0007,-3.0007,124.6634,-66,-0.129591
TEL,122060,13.6748,13.1956,-3.9052,155.9878,-128,-0.251327
TEL,122160,10.0523,12.3532,-3.3532,90.0516,-152,-0.298451
TEL,122260,14.9843,14.0040,-4.3362,139.7114,-91,-0.178678
TEL,122360,15.3238,14.7390,-5.7390,190.6140,-141,-0.276853
TEL,122460,15.6779,15.3250,-6.3250,207.7397,-193,-0.378955
TEL,122560,14.2584,14.4228,-5.4228,172.0503,-204,-0.400553
TEL,122660,12.7714,14.1954,-5.6990,183.2822,-176,-0.345575
TEL,122760,14.9370,14.6654,-5.6654,183.2065,-183,-0.359320
TEL,122860,14.4337,14.0405,-4.7635,122.2016,-179,-0.351466
TEL,122960,13.5555,13.6014,-4.6014,122.4596,-123,-0.241510
TEL,123060,12.6662,13.1812,-4.1812,109.1374,-118,-0.231692
TEL,123160,12.0356,12.7573,-3.7573,93.3632,-105,-0.206167
TEL,123260,10.0978,10.4926,-1.4926,53.3632,-89,-0.174751
TEL,123360,9.6801,10.0978,-1.0978,13.3632,-49,-0.096211
TEL,123460,8.5828,9.2897,-0.2897,-26.6368,-9,-0.017671
TEL,123560,6.5315,8.9582,-0.2897,-26.6368,25,0.049087
TEL,123660,8.5156,8.5849,0.3810,-40.4082,40,0.078540
TEL,123760,9.2736,8.7962,0.3438,-26.5846,27,0.053014
TEL,123860,9.1578,9.2136,-0.2342,0.0583,4,0.007854
TEL,123960,9.6801,9.1505,0.0300,-14.0064,14,0.027489
TEL,124060,11.9102,10.8099,-1.1462,25.9936,-14,-0.027489
TEL,124160,12.8424,12.0081,-2.4114,97.9936,-56,-0.109956
TEL,124260,13.9610,13.3283,-3.9343,152.6659,-134,-0.263108
TEL,124360,14.4781,13.9397,-4.6542,174.8516,-173,-0.339685
TEL,124460,15.2254,14.6804,-5.4402,196.8729,-196,-0.384845
TEL,124560,15.7297,15.1566,-5.9175,209.2008,-209,-0.410371
TEL,124660,15.6264,15.4514,-6.3960,217.7924,-218,-0.428042
TEL,124760,15.6264,15.5142,-6.4884,214.3584,-214,-0.420188
TEL,124860,15.2745,15.4392,-6.4665,206.7630,-207,-0.406444
TEL,124960,14.6585,15.2545,-6.3588,197.3111,-197,-0.386809
TEL,125060,14.0448,14.7575,-5.9531,177.7648,-179,-0.351466
TEL,125160,13.2088,14.1027,-5.4522,153.1727,-156,-0.306305
TEL,125260,11.9413,12.7451,-4.6748,119.0721,-126,-0.247400
TEL,125360,11.0418,11.8176,-3.2860,68.7119,-89,-0.174751
TEL,125460,9.6379,10.4194,-1.8905,21.3370,-43,-0.084430
TEL,125560,8.7552,9.5060,-0.9624,-18.6630,15,0.029452
TEL,125660,8.1474,8.5035,0.2975,-58.6630,46,0.090321
TEL,125760,8.6682,8.5130,0.5391,-56.8985,57,0.111919
TEL,125860,9.6590,8.7210,0.3956,-36.2625,37,0.072649
TEL,125960,10.4277,9.4610,-0.0502,0.0124,9,0.017671
TEL,126060,8.6168,9.6808,-0.8764,33.4383,-26,-0.051051
TEL,126160,12.0040,10.8629,-1.1498,56.7656,-55,-0.107992
TEL,126260,13.1713,12.4834,-3.0015,124.9749,-86,-0.168861
TEL,126360,13.9194,13.3020,-3.9225,156.7429,-151,-0.296488
TEL,126460,14.1295,12.6623,-2.1192,84.7429,-126,-0.247400
TEL,126560,14.7965,14.2129,-4.6086,156.7429,-93,-0.182605
TEL,126660,15.6779,15.1167,-5.8295,199.9987,-177,-0.347539
TEL,126760,15.8870,15.4578,-6.2825,211.7985,-213,-0.418225
TEL,126860,15.1766,14.5003,-5.1460,173.2358,-184,-0.361283
TEL,126960,15.4737,14.9651,-5.7320,192.9275,-193,-0.378955
TEL,127060,15.0320,15.0669,-6.0763,197.8963,-198,-0.388772
TEL,127160,13.2088,13.9424,-5.3393,147.9908,-168,-0.329867
TEL,127260,13.2844,13.4889,-4.5647,126.2032,-128,-0.251327
TEL,127360,12.7361,13.2599,-4.4053,121.8476,-122,-0.239546
TEL,127460,8.8438,11.7548,-3.8223,99.3012,-101,-0.198313
TEL,127560,10.6504,10.7772,-1.8886,27.3012,-69,-0.135481
TEL,127660,9.4122,10.0510,-1.3259,-12.6988,2,0.003927
TEL,127760,7.3258,9.7386,-0.7386,-41.7014,29,0.056941
TEL,127860,7.2757,9.2759,-0.7386,-41.7014,36,0.070686
TEL,127960,8.3518,8.6135,0.2280,-48.4111,48,0.094248
TEL,128060,9.5341,8.9860,0.3366,-35.2083,35,0.068722
TEL,128160,10.2134,9.3926,0.0140,-12.1643,12,0.023562
