BALL_BEAM_REF_BOOT
HOST_START_READY
REF_CFG,profile=center_far_near_90s,center_cm=13.0000,near_cm=9.0000,far_cm=17.0000,segment_ms=30000
REF,1704,13.0000,hold_center
TEL,1707,8.0562,8.0665,4.9335,0.0000,0,0.000000
TEL,1807,8.2249,8.0942,4.9335,0.0000,0,0.000000
TEL,1907,8.2721,8.1200,4.9058,-96.0000,71,0.139408
TEL,2007,7.6818,8.0868,4.8800,-145.8691,114,0.223838
TEL,2107,8.1938,8.0907,4.9132,-147.3351,146,0.286670
TEL,2207,8.4166,8.1465,4.9093,-146.9802,147,0.288634
TEL,2307,8.6168,8.2222,4.8535,-144.7167,145,0.284707
TEL,2407,8.5156,8.1999,4.7778,-141.5509,142,0.278816
TEL,2507,9.1388,8.3978,4.8001,-141.5240,142,0.278816
TEL,2607,9.9847,9.0769,4.6022,-132.8832,133,0.261145
TEL,2707,10.6001,9.7682,3.9231,-105.8680,106,0.208131
TEL,2807,11.7266,10.9772,3.2318,-78.0773,78,0.153153
TEL,2907,12.4269,11.7356,2.0228,-35.4809,35,0.068722
TEL,3007,13.6348,12.8664,1.2644,15.4276,-15,-0.029452
TEL,3107,14.4337,13.7370,0.1336,45.3493,-45,-0.088357
TEL,3207,15.6264,14.9239,-0.7370,68.1913,-68,-0.133518
TEL,3307,17.0154,15.9669,-1.9239,80.0000,-80,-0.157080
TEL,3407,18.0304,17.4159,-2.9669,131.9320,-131,-0.257218
TEL,3507,18.0304,17.7718,-4.4159,174.6228,-174,-0.341648
TEL,3607,18.1652,17.9595,-4.7718,176.8659,-177,-0.347539
TEL,3707,18.0304,17.9826,-4.9595,174.4337,-174,-0.341648
TEL,3807,17.7663,17.9292,-4.9826,168.0213,-168,-0.329867
TEL,3907,17.6369,17.8565,-4.9292,160.4699,-160,-0.314159
TEL,4007,17.2591,17.6868,-4.8565,153.8151,-154,-0.302378
TEL,4107,16.8368,17.4694,-4.6868,144.5112,-145,-0.284707
TEL,4207,16.3213,17.0241,-4.4694,133.4126,-133,-0.261145
TEL,4307,15.8870,16.5760,-4.0241,114.9255,-115,-0.225802
TEL,4407,15.0320,15.7736,-3.5760,96.4593,-96,-0.188496
TEL,4507,14.6585,15.2438,-2.7736,66.8042,-67,-0.131554
TEL,4608,13.9610,14.5260,-2.2438,48.2015,-48,-0.094248
TEL,4708,10.0750,13.1677,-1.5260,2.9288,-3,-0.005890
TEL,4808,12.5284,12.4819,-0.1677,-61.0712,56,0.109956
TEL,4908,12.4269,12.4594,0.5181,-62.1921,62,0.121737
TEL,5008,12.2610,12.4060,0.5406,-48.5396,49,0.096211
TEL,5108,8.6510,11.1994,0.5940,-40.2468,40,0.078540
TEL,5208,11.7568,11.3960,1.8006,-80.0000,80,0.157080
TEL,5308,12.0356,11.6554,1.6040,-68.6165,69,0.135481
TEL,5408,12.3269,11.9685,1.3446,-48.1638,48,0.094248
TEL,5508,8.8617,10.6393,1.0315,-32.2492,32,0.062832
TEL,5608,12.5626,11.8858,2.3607,-99.1393,93,0.182605
TEL,5708,13.3225,12.6795,1.1142,-37.6191,54,0.106029
TEL,5808,14.0870,12.9986,0.3205,-0.8894,1,0.001963
TEL,5908,12.2939,12.0946,0.0014,37.3390,-37,-0.072649
TEL,6008,14.7965,13.9087,0.9054,14.9803,-15,-0.029452
TEL,6108,15.7297,14.9691,-0.9087,71.9018,-69,-0.135481
TEL,6208,16.6617,16.0489,-1.9691,80.0000,-80,-0.157080
TEL,6308,14.3895,14.3654,-3.0489,129.1376,-128,-0.251327
TEL,6408,17.0154,16.3082,-1.3654,71.7992,-74,-0.145299
TEL,6508,17.8974,17.2454,-3.3082,134.8464,-123,-0.241510
TEL,6608,12.8424,16.2154,-4.2454,165.2171,-165,-0.323977
TEL,6708,16.4899,15.9453,-3.2154,79.9154,-97,-0.190459
TEL,6808,17.7014,17.1585,-2.9453,90.4850,-90,-0.176715
TEL,6908,17.6369,17.4183,-4.1585,135.4071,-135,-0.265072
TEL,7008,11.6665,14.4295,-4.4183,142.8356,-143,-0.280780
TEL,7108,16.2107,15.1964,-1.4295,78.8356,-83,-0.162970
TEL,7208,16.8368,16.6357,-2.1964,47.6640,-48,-0.094248
TEL,7308,16.7197,16.7209,-3.6357,100.1800,-99,-0.194386
TEL,7408,13.6348,15.1547,-3.7209,105.2601,-105,-0.206167
TEL,7508,15.4235,15.1094,-2.1547,36.4286,-43,-0.084430
TEL,7608,15.4737,15.3108,-2.1094,48.0816,-48,-0.094248
TEL,7708,15.4235,15.3406,-2.3108,59.8407,-60,-0.117810
TEL,7808,12.9867,14.3858,-2.3406,63.9361,-64,-0.125664
TEL,7908,14.0870,14.2173,-1.3858,2.0777,-6,-0.011781
TEL,8008,14.1722,14.2093,-1.2173,4.2557,-4,-0.007854
TEL,8108,14.0870,14.1944,-1.2093,10.1964,-10,-0.019635
TEL,8208,12.5626,12.9674,-1.1944,13.8840,-14,-0.027489
TEL,8308,13.2844,13.2162,0.0326,-18.7085,19,0.037306
TEL,8408,13.6748,13.4395,-0.2162,-6.8640,7,0.013744
TEL,8508,13.8370,13.5607,-0.4395,3.9710,-4,-0.007854
TEL,8608,13.1713,12.8601,-0.5607,10.8795,-11,-0.021598
TEL,8708,13.7961,13.2394,0.1399,-0.0021,0,0.000000
TEL,8808,14.4337,13.9218,-0.2394,16.8837,-17,-0.033379
TEL,8908,10.8559,13.2239,-0.9218,37.3575,-37,-0.072649
TEL,9008,14.4781,13.6290,-0.2239,-21.0687,18,0.035343
TEL,9108,15.0799,14.4414,-0.6291,19.6623,-17,-0.033379
TEL,9208,15.9936,15.4504,-1.4414,52.7330,-53,-0.104065
TEL,9308,11.1783,12.6789,-2.4504,91.7305,-92,-0.180642
TEL,9408,15.8870,15.2045,0.3211,27.7305,-33,-0.064795
TEL,9508,17.0154,16.4109,-2.2045,64.6837,-62,-0.121737
TEL,9608,17.5093,17.1629,-3.4109,115.3214,-115,-0.225802
TEL,9708,11.4033,14.0113,-4.1629,139.0457,-139,-0.272926
TEL,9808,17.5093,16.8314,-1.0113,75.0457,-80,-0.157080
TEL,9908,17.8316,17.4916,-3.8314,99.0704,-99,-0.194386
TEL,10008,18.0975,17.8515,-4.4916,129.9753,-130,-0.255254
TEL,10108,14.7502,15.6689,-4.8515,144.6156,-145,-0.284707
TEL,10208,17.4461,16.8468,-2.6689,55.5790,-77,-0.151189
TEL,10308,17.8316,17.3826,-3.8468,108.2732,-78,-0.153153
TEL,10408,13.5950,16.6380,-4.3826,132.9430,-133,-0.261145
TEL,10508,15.6779,16.0090,-3.6380,84.8686,-85,-0.166897
TEL,10608,17.2591,16.6425,-3.0090,67.1266,-67,-0.131554
TEL,10708,17.4461,17.0429,-3.6425,99.8885,-100,-0.196350
TEL,10808,11.8792,16.0344,-4.0429,119.3071,-119,-0.233656
TEL,10908,15.3735,15.1908,-3.0344,54.7424,-60,-0.117810
TEL,11008,16.6617,16.1248,-2.1908,44.8439,-45,-0.088357
TEL,11108,16.9555,16.5715,-3.1248,86.8034,-87,-0.170824
TEL,11208,10.7780,13.7585,-3.5715,107.2337,-107,-0.210094
TEL,11308,14.7502,14.2180,-0.7585,43.2337,-49,-0.096211
TEL,11408,16.1015,15.5848,-1.2180,-19.4553,17,0.033379
TEL,11508,16.0473,15.8817,-2.5848,64.6789,-45,-0.088357
TEL,11608,13.2088,14.7501,-2.8817,79.4487,-79,-0.155116
TEL,11708,15.1766,15.0809,-1.7501,15.4487,-20,-0.039270
TEL,11808,15.6779,15.4005,-2.0809,42.8035,-43,-0.084430
TEL,11908,15.7818,15.5354,-2.4005,60.4602,-60,-0.117810
TEL,12008,13.6348,14.3571,-2.5354,69.6028,-70,-0.137445
TEL,12108,15.4235,14.7845,-1.3571,5.6028,-11,-0.021598
TEL,12208,15.9401,15.5394,-1.7845,33.3355,-32,-0.062832
TEL,12308,16.0473,15.8024,-2.5394,78.3411,-77,-0.151189
TEL,12408,16.5468,16.1323,-2.8024,88.1850,-88,-0.172788
TEL,12508,16.5468,16.2218,-3.1323,100.1848,-100,-0.196350
TEL,12608,16.5468,16.3798,-3.2218,103.1703,-103,-0.202240
TEL,12708,16.5468,16.4265,-3.3798,107.0215,-107,-0.210094
TEL,12808,16.8368,16.5295,-3.4265,107.3922,-107,-0.210094
TEL,12908,16.7781,16.5895,-3.5295,110.4492,-110,-0.215984
TEL,13008,16.7781,16.6493,-3.5895,111.7341,-112,-0.219911
TEL,13108,16.2658,16.5996,-3.6493,112.8464,-113,-0.221875
TEL,13208,16.5468,16.5957,-3.5996,109.2983,-109,-0.214021
TEL,13308,16.4899,16.5834,-3.5957,108.6674,-109,-0.214021
TEL,13408,16.3213,16.5386,-3.5834,107.8414,-108,-0.212057
TEL,13508,16.1559,16.4775,-3.5386,105.8784,-106,-0.208131
TEL,13608,15.8343,16.3491,-3.4775,103.2512,-103,-0.202240
TEL,13708,15.8870,16.2364,-3.3491,97.9976,-98,-0.192423
TEL,13808,15.5243,16.0112,-3.2364,93.8428,-94,-0.184569
TEL,13908,15.2745,15.8038,-3.0112,85.5344,-86,-0.168861
TEL,14008,15.0320,15.4479,-2.8038,77.4930,-77,-0.151189
TEL,14108,14.6585,15.1803,-2.4479,65.5794,-66,-0.129591
TEL,14208,14.5228,14.8628,-2.1803,55.7497,-56,-0.109956
TEL,14308,11.6665,13.1001,-1.8628,26.6347,-27,-0.053014
TEL,14408,13.7961,13.4164,-0.1001,-37.3653,31,0.060868
TEL,14508,13.8370,13.5828,-0.4164,-19.6606,20,0.039270
TEL,14608,13.9610,13.7553,-0.5828,-4.4330,4,0.007854
TEL,14708,12.1635,12.7891,-0.7553,6.3076,-6,-0.011781
TEL,14808,13.8370,13.2882,0.2109,-25.4099,25,0.049087
TEL,14908,14.2584,13.7128,-0.2882,-0.0000,0,0.000000
TEL,15008,10.7011,13.1964,-0.7128,20.2235,-20,-0.039270
TEL,15108,13.5555,13.0861,-0.1964,-29.1573,27,0.053014
TEL,15208,14.9370,14.2305,-0.0861,-9.8929,10,0.019635
TEL,15308,15.3238,14.7963,-1.2305,35.2082,-34,-0.066759
TEL,15408,11.0689,14.0187,-1.7963,56.7156,-57,-0.111919
TEL,15508,15.8870,14.7044,-1.0187,-7.2844,1,0.001963
TEL,15608,16.5468,15.8952,-1.7044,34.1153,-28,-0.054978
TEL,15708,16.8960,16.4555,-2.8952,95.8237,-93,-0.182605
TEL,15808,13.6348,14.5844,-3.4555,116.5950,-117,-0.229729
TEL,15908,16.7197,15.8152,-1.5844,52.5950,-59,-0.115846
TEL,16008,17.5093,17.0704,-2.8152,92.5824,-88,-0.172788
TEL,16108,18.0304,17.5724,-4.0704,135.6361,-136,-0.267035
TEL,16208,14.6130,15.3018,-4.5724,153.1273,-153,-0.300415
TEL,16308,17.3210,16.4800,-2.3018,57.9295,-85,-0.166897
TEL,16408,17.8974,17.4839,-3.4800,114.5625,-74,-0.145299
TEL,16508,17.9637,17.7139,-4.4839,148.3826,-146,-0.286670
TEL,16608,15.8343,15.1685,-4.7139,154.0921,-154,-0.302378
TEL,16708,17.1364,16.4766,-2.1685,105.7982,-107,-0.210094
TEL,16808,17.1976,17.0439,-3.4766,150.3421,-150,-0.294524
TEL,16908,17.1364,17.0961,-4.0439,156.3041,-156,-0.306305
TEL,17008,15.0320,14.9333,-4.0961,148.2016,-148,-0.290597
TEL,17108,15.8343,15.4509,-1.9333,84.2016,-90,-0.176715
TEL,17208,15.3238,15.5375,-2.4509,94.1156,-94,-0.184569
TEL,17308,15.2745,15.4367,-2.5375,89.0865,-89,-0.174751
TEL,17408,13.7554,13.8737,-2.4367,81.2790,-81,-0.159043
TEL,17508,13.7150,13.8373,-0.8737,24.5432,-28,-0.054978
TEL,17608,13.4381,13.6989,-0.8373,20.6064,-21,-0.041233
TEL,17708,9.5341,12.9111,-0.6989,14.6492,-15,-0.029452
TEL,17808,11.8484,11.9550,0.0889,-32.5191,32,0.062832
TEL,17908,11.9413,11.9689,1.0450,-47.1451,47,0.092284
TEL,18008,11.7872,11.9191,1.0311,-40.2664,40,0.078540
TEL,18108,8.3841,11.4387,1.0809,-37.8153,38,0.074613
TEL,18208,10.9614,10.9936,1.5613,-63.8351,64,0.125664
TEL,18308,11.0961,11.0443,2.0064,-74.8195,75,0.147262
TEL,18408,11.2060,11.0991,1.9557,-58.1406,58,0.113883
TEL,18508,9.3922,10.9128,1.9009,-52.0330,52,0.102102
TEL,18608,10.9084,10.7893,2.0872,-73.5323,74,0.145299
TEL,18708,11.2617,10.8983,2.2107,-73.5263,74,0.145299
TEL,18808,11.6071,11.1267,2.1017,-66.4596,66,0.129591
TEL,18908,10.2368,10.5598,1.8733,-40.8259,41,0.080503
TEL,19008,11.7266,11.0605,2.4402,-76.8706,77,0.151189
TEL,19108,12.2283,11.5627,1.9395,-37.2782,37,0.072649
TEL,19208,12.9867,12.3508,1.4373,-16.9171,17,0.033379
TEL,19308,12.1313,11.7687,0.6492,7.6786,-8,-0.015708
TEL,19408,13.9610,13.1071,1.2313,-0.2509,0,0.000000
TEL,19508,14.7042,13.9823,-0.1071,42.9223,-42,-0.082467
TEL,19608,12.1958,13.0656,-0.9823,69.2086,-69,-0.135481
TEL,19708,14.7965,13.7851,-0.0656,5.2086,-11,-0.021598
TEL,19808,16.6617,15.8860,-0.7851,35.0482,-34,-0.066759
TEL,19908,17.4461,16.8068,-2.8861,112.9535,-97,-0.190459
TEL,20008,11.5482,13.6903,-3.8068,145.3911,-145,-0.284707
TEL,20108,16.5468,15.8501,-0.6903,81.3911,-87,-0.170824
TEL,20208,17.7663,17.2180,-2.8501,82.0156,-82,-0.161007
TEL,20308,17.7014,17.4857,-4.2180,133.7859,-132,-0.259181
TEL,20408,13.4770,15.3788,-4.4857,142.4712,-142,-0.278816
TEL,20508,16.3771,15.6835,-2.3788,46.4712,-74,-0.145299
TEL,20608,17.7014,17.1070,-2.6835,68.9608,-60,-0.117810
TEL,20708,17.4461,17.3597,-4.1070,125.2385,-123,-0.241510
TEL,20808,15.0799,15.6788,-4.3597,133.3849,-133,-0.261145
TEL,20908,16.4333,16.0483,-2.6788,67.7523,-75,-0.147262
TEL,21008,16.9555,16.6295,-3.0483,87.9783,-88,-0.172788
TEL,21108,16.7781,16.7288,-3.6295,110.1151,-110,-0.215984
TEL,21208,14.5678,14.7730,-3.7288,113.1668,-113,-0.221875
TEL,21308,15.7297,15.1763,-1.7730,49.1668,-55,-0.107992
TEL,21408,15.7818,15.4945,-2.1763,69.2266,-69,-0.135481
TEL,21508,15.4737,15.4960,-2.4945,80.1746,-80,-0.157080
TEL,21608,13.5555,13.9193,-2.4960,78.5543,-79,-0.155116
TEL,21708,14.2152,14.0528,-0.9193,14.5543,-21,-0.041233
TEL,21808,14.2584,14.2002,-1.0528,21.1829,-21,-0.041233
TEL,21908,13.9610,14.1417,-1.2002,25.5899,-26,-0.051051
TEL,22008,13.6748,14.0124,-1.1417,23.1407,-23,-0.045160
TEL,22108,13.4381,13.8777,-1.0124,18.5371,-19,-0.037306
TEL,22208,13.3225,13.6756,-0.8777,13.4079,-13,-0.025525
TEL,22308,13.2088,13.5272,-0.6756,7.7140,-8,-0.015708
TEL,22408,13.0232,13.3548,-0.5272,3.6846,-4,-0.007854
TEL,22508,12.9867,13.2461,-0.3548,-0.5564,1,0.001963
TEL,22608,13.0969,13.2000,-0.2461,-2.6750,3,0.005890
TEL,22708,13.3225,13.2269,-0.2000,-0.0001,0,0.000000
TEL,22808,13.5161,13.2870,-0.2269,-0.0001,0,0.000000
TEL,22908,13.7961,13.3733,-0.2870,-0.0001,0,0.000000
TEL,23008,14.1295,13.5934,-0.3733,9.1000,-9,-0.017671
TEL,23108,14.3018,13.8155,-0.5934,17.4651,-17,-0.033379
TEL,23208,14.8430,14.2709,-0.8155,25.5727,-26,-0.051051
TEL,23308,15.0799,14.5689,-1.2709,40.3367,-40,-0.078540
TEL,23408,15.5243,15.0667,-1.5689,49.9930,-50,-0.098175
TEL,23508,15.8870,15.3672,-2.0667,73.7099,-74,-0.145299
TEL,23608,16.3771,15.7860,-2.3672,84.0451,-84,-0.164934
TEL,23708,16.6040,16.0753,-2.7860,97.8813,-98,-0.192423
TEL,23808,12.9142,15.5458,-3.0753,107.0670,-107,-0.210094
TEL,23908,14.3455,14.1231,-2.5458,64.7685,-65,-0.127627
TEL,24008,16.5468,16.0256,-1.1231,23.9937,-24,-0.047124
TEL,24108,17.1364,16.5896,-3.0256,102.2806,-87,-0.170824
TEL,24208,13.0232,15.8672,-3.5896,124.2072,-124,-0.243473
TEL,24308,16.3771,15.5465,-2.8672,65.8668,-70,-0.137445
TEL,24408,17.1364,16.5208,-2.5465,87.0551,-87,-0.170824
TEL,24508,17.1364,16.8535,-3.5208,122.5584,-123,-0.241510
TEL,24608,11.5189,15.7994,-3.8535,131.2684,-131,-0.257218
TEL,24708,16.1559,15.7438,-2.7994,59.4107,-70,-0.137445
TEL,24808,16.7781,16.3047,-2.7438,71.9973,-72,-0.141372
TEL,24908,16.6617,16.5161,-3.3047,97.0299,-97,-0.190459
TEL,25008,13.3225,16.0103,-3.5161,105.4376,-105,-0.206167
TEL,25108,15.6779,15.6942,-3.0103,72.6505,-73,-0.143335
TEL,25208,15.8870,15.7948,-2.6942,67.9875,-68,-0.133518
TEL,25308,15.7297,15.7760,-2.7948,75.2848,-75,-0.147262
TEL,25408,13.5555,14.7170,-2.7760,76.9401,-77,-0.151189
TEL,25508,14.2584,14.5172,-1.7170,12.9401,-19,-0.037306
TEL,25608,14.6585,14.6704,-1.5172,9.6278,-10,-0.019635
TEL,25708,14.6130,14.6799,-1.6704,19.6533,-20,-0.039270
TEL,25808,13.3225,13.5768,-1.6799,24.2236,-24,-0.047124
TEL,25908,13.7961,13.6398,-0.5768,-2.0019,2,0.003927
TEL,26008,14.2584,13.8957,-0.6398,5.5676,-6,-0.011781
TEL,26108,14.3455,14.0350,-0.8957,17.3378,-17,-0.033379
TEL,26208,13.0599,12.9149,-1.0350,24.0808,-24,-0.047124
TEL,26308,13.9194,13.3494,0.0851,-0.0000,0,0.000000
TEL,26408,14.4781,13.9390,-0.3494,20.5902,-21,-0.041233
TEL,26508,10.4520,13.1594,-0.9390,38.3733,-38,-0.074613
TEL,26608,13.9194,13.1819,-0.1594,-23.4708,17,0.033379
TEL,26708,14.5678,13.8856,-0.1819,-0.0000,0,0.000000
TEL,26808,15.1766,14.7067,-0.8856,29.8836,-30,-0.058905
TEL,26908,10.5503,13.6715,-1.7067,54.3124,-54,-0.106029
TEL,27008,14.8899,14.1746,-0.6715,-9.6876,3,0.005890
TEL,27108,15.6264,14.9403,-1.1746,14.8665,-14,-0.027489
TEL,27208,16.3213,15.8817,-1.9403,51.2225,-51,-0.100138
TEL,27308,13.3225,14.3118,-2.8817,97.1117,-97,-0.190459
TEL,27408,16.3771,15.5332,-1.3118,33.1117,-39,-0.076576
TEL,27508,16.7781,16.2609,-2.5332,80.2619,-71,-0.139408
TEL,27608,17.2591,16.9357,-3.2609,109.5568,-110,-0.215984
TEL,27708,15.3238,15.3591,-3.9357,130.5663,-131,-0.257218
TEL,27808,17.0154,16.2308,-2.3591,78.6437,-81,-0.159043
TEL,27908,17.3833,16.8456,-3.2308,112.9948,-113,-0.221875
TEL,28008,17.6369,17.2633,-3.8456,134.6082,-135,-0.265072
TEL,28108,14.7042,15.3013,-4.2633,145.2540,-145,-0.284707
TEL,28208,16.8960,16.4716,-2.3013,65.3944,-81,-0.159043
TEL,28308,17.0154,16.7010,-3.4716,109.2189,-92,-0.180642
TEL,28408,11.2338,15.7225,-3.7010,118.2049,-118,-0.231692
TEL,28508,15.0320,14.9473,-2.7225,56.1412,-61,-0.119773
TEL,28608,15.8343,15.4146,-1.9473,18.5497,-19,-0.037306
TEL,28708,15.4737,15.4809,-2.4146,65.3646,-65,-0.127627
TEL,28808,10.4277,14.7769,-2.4809,69.3145,-69,-0.135481
TEL,28908,14.3018,14.1924,-1.7769,5.3145,-11,-0.021598
TEL,29008,14.4337,14.3449,-1.1924,3.4618,-3,-0.005890
TEL,29108,14.3895,14.3804,-1.3449,14.4013,-14,-0.027489
TEL,29208,11.5482,13.2145,-1.3804,19.6024,-20,-0.039270
TEL,29308,13.3225,13.2042,-0.2145,-30.9322,29,0.056941
TEL,29408,13.8370,13.4764,-0.2042,-18.9077,19,0.037306
TEL,29508,13.9194,13.6371,-0.4764,-2.1575,2,0.003927
TEL,29608,12.3269,12.4443,-0.6371,8.0046,-8,-0.015708
TEL,29708,13.3993,12.8364,0.5557,-19.7993,20,0.039270
TEL,29808,13.8781,13.4592,0.1636,-0.2779,0,0.000000
TEL,29908,14.1295,13.7473,-0.4592,19.7446,-20,-0.039270
TEL,30008,12.9503,12.7206,-0.7473,28.9649,-29,-0.056941
TEL,30108,14.0448,13.3811,0.2794,8.9827,-9,-0.017671
TEL,30208,14.6130,14.1338,-0.3811,32.9625,-33,-0.064795
TEL,30308,11.7266,13.5945,-1.1338,51.7784,-52,-0.102102
TEL,30408,14.1722,13.2522,-0.5945,0.7317,-3,-0.005890
TEL,30508,15.1281,14.4293,-0.2522,24.2893,-24,-0.047124
TEL,30608,15.7818,15.3018,-1.4293,67.2757,-66,-0.129591
TEL,30708,11.6965,14.3965,-2.3018,92.9491,-93,-0.182605
TEL,30808,15.5243,15.0385,-1.3965,28.9491,-35,-0.068722
TEL,30908,16.2658,15.7904,-2.0385,63.2948,-61,-0.119773
TEL,31008,16.7197,16.3841,-2.7904,93.8036,-94,-0.184569
TEL,31108,11.0418,13.1859,-3.3841,112.8819,-113,-0.221875
TEL,31208,16.1559,15.4675,-0.1859,48.8819,-55,-0.107992
TEL,31308,17.0757,16.4658,-2.4675,57.1097,-57,-0.111919
TEL,31408,17.2591,17.0329,-3.4658,104.3012,-103,-0.202240
TEL,31508,17.5093,17.2602,-4.0329,124.1313,-124,-0.243473
TEL,31608,17.5729,17.4284,-4.2602,132.4514,-132,-0.259181
REF,31702,17.0000,hold_far
TEL,31708,17.5093,17.4620,-4.4284,137.1455,-137,-0.268999
TEL,31808,17.2591,17.3994,-0.4620,41.1455,-69,-0.135481
TEL,31908,17.2591,17.3761,-0.3994,14.1384,-14,-0.027489
TEL,32008,16.8368,17.2654,-0.3761,12.6641,-13,-0.025525
TEL,32108,16.8368,17.1610,-0.2654,0.4950,0,0.000000
TEL,32208,16.6040,16.9716,-0.1610,0.4950,0,0.000000
TEL,32308,16.6040,16.8514,0.0284,0.4950,0,0.000000
TEL,32408,16.5468,16.7417,0.1486,0.4950,0,0.000000
TEL,32508,16.6040,16.7077,0.2583,0.4950,0,0.000000
TEL,32608,16.5468,16.6648,0.2923,0.4950,0,0.000000
TEL,32708,16.6040,16.6481,0.3352,0.4950,0,0.000000
TEL,32808,16.8368,16.6522,0.3519,-12.0985,12,0.023562
TEL,32908,16.8368,16.6766,0.3478,0.3850,0,0.000000
TEL,33008,17.1364,16.7727,0.3234,0.3850,0,0.000000
TEL,33108,17.3210,16.8629,0.2273,0.3850,0,0.000000
TEL,33208,17.6369,17.0464,0.1371,0.3850,0,0.000000
TEL,33308,17.6369,17.2037,-0.0464,0.3850,0,0.000000
TEL,33408,14.1722,15.5160,-0.2037,11.7489,-12,-0.023562
TEL,33508,16.8368,16.1233,1.4840,-64.4787,51,0.100138
TEL,33608,17.8316,17.2463,0.8767,-29.2718,36,0.070686
TEL,33708,18.0304,17.6360,-0.2463,14.2025,-14,-0.027489
TEL,33808,15.4235,15.7579,-0.6360,29.2685,-29,-0.056941
TEL,33908,17.7663,16.7674,1.2421,-40.3935,31,0.060868
TEL,34008,17.8316,17.5462,0.2326,8.2963,5,0.009817
TEL,34108,18.1652,17.7956,-0.5462,31.4881,-31,-0.060868
TEL,34208,16.4899,16.2284,-0.7956,38.4355,-38,-0.074613
TEL,34308,17.5729,16.8642,0.7716,-7.2100,6,0.011781
TEL,34408,18.0304,17.5788,0.1358,17.1988,-17,-0.033379
TEL,34508,18.2332,17.8446,-0.5788,38.2288,-38,-0.074613
TEL,34608,16.6617,16.0431,-0.8446,44.1939,-44,-0.086394
TEL,34708,17.8974,17.1544,0.9569,0.8040,-2,-0.003927
TEL,34808,18.0304,17.7686,-0.1544,41.0183,-41,-0.080503
TEL,34908,13.5161,16.8465,-0.7686,52.3836,-52,-0.102102
TEL,35008,17.0757,16.3923,0.1535,-11.4831,5,0.009817
TEL,35108,17.7663,17.1324,0.6077,-11.4884,11,0.021598
TEL,35208,17.9637,17.6640,-0.1324,18.9344,-19,-0.037306
TEL,35308,11.3462,16.2200,-0.6640,34.0870,-34,-0.066759
TEL,35408,17.2591,16.6075,0.7800,-58.2260,33,0.064795
TEL,35508,17.8316,17.2997,0.3925,-24.5512,41,0.080503
TEL,35608,18.0975,17.7713,-0.2997,0.0543,0,0.000000
TEL,35708,14.7965,15.8618,-0.7713,26.7351,-27,-0.053014
TEL,35808,17.3833,16.6380,1.1382,-55.5521,38,0.074613
TEL,35908,17.9637,17.3351,0.3620,-15.3567,31,0.060868
TEL,36008,18.1652,17.0951,-0.3351,16.5039,-17,-0.033379
TEL,36108,15.6264,15.6028,-0.0951,41.5636,-42,-0.082467
TEL,36208,17.4461,16.9553,1.3972,-13.3763,10,0.019635
TEL,36308,17.8974,17.4480,0.0447,28.4640,-27,-0.053014
TEL,36408,13.1713,16.5947,-0.4480,41.1551,-41,-0.080503
TEL,36508,16.3771,15.5731,0.4053,-23.5690,17,0.033379
TEL,36608,17.6369,17.1699,1.4269,-14.3910,14,0.027489
TEL,36708,17.8974,17.5768,-0.1699,35.2776,-33,-0.064795
TEL,36808,12.1958,14.8441,-0.5768,43.4523,-43,-0.084430
TEL,36908,16.8960,16.1513,2.1559,-52.5477,24,0.047124
TEL,37008,17.7014,17.2856,0.8487,-32.4071,39,0.076576
TEL,37108,17.9637,17.6533,-0.2856,0.0709,0,0.000000
TEL,37208,14.0027,15.4373,-0.6533,25.5300,-26,-0.051051
TEL,37308,16.9555,16.2945,1.5627,-70.4700,42,0.082467
TEL,37408,17.8974,17.4339,0.7055,-28.5593,55,0.107992
TEL,37508,18.0304,17.7550,-0.4339,15.7719,-14,-0.027489
TEL,37608,15.6264,15.9653,-0.7550,28.4640,-28,-0.054978
TEL,37708,17.0757,16.5406,1.0347,-36.8423,30,0.058905
TEL,37808,17.8974,17.4506,0.4594,-9.5282,10,0.019635
TEL,37908,18.1652,17.8005,-0.4506,23.3093,-23,-0.045160
TEL,38008,16.3771,15.9383,-0.8005,35.4341,-35,-0.068722
TEL,38108,17.5093,16.7604,1.0617,-13.6162,12,0.023562
TEL,38208,17.9637,17.6411,0.2396,18.2249,-18,-0.035343
TEL,38308,13.5950,16.6839,-0.6411,42.0988,-42,-0.082467
TEL,38408,16.7197,15.9947,0.3161,-23.1796,16,0.031416
TEL,38508,17.7014,17.0612,1.0053,-19.3583,19,0.037306
TEL,38608,18.0975,17.7501,-0.0612,23.3932,-23,-0.045160
TEL,38708,12.5626,16.5166,-0.7501,42.6452,-43,-0.084430
TEL,38808,17.3210,16.4415,0.4834,-38.1970,22,0.043197
TEL,38908,17.2591,17.1277,0.5585,-15.4084,17,0.033379
TEL,39008,18.0304,17.6751,-0.1277,0.1182,0,0.000000
TEL,39108,11.7266,16.2987,-0.6751,27.1884,-27,-0.053014
TEL,39208,17.3833,16.7182,0.7013,-59.5395,39,0.076576
TEL,39308,17.7014,17.2066,0.2818,-28.2185,40,0.078540
TEL,39408,18.0304,17.7166,-0.2066,-1.6283,2,0.003927
TEL,39508,14.3018,15.5725,-0.7166,19.6252,-20,-0.039270
TEL,39608,17.5729,16.8271,1.4275,-73.4305,47,0.092284
TEL,39708,17.8974,17.4640,0.1729,-13.4857,56,0.109956
TEL,39808,18.2332,17.9062,-0.4640,15.4398,-13,-0.025525
TEL,39908,15.7297,16.9787,-0.9062,32.2477,-32,-0.062832
TEL,40008,17.7014,17.2596,0.0213,-12.6081,12,0.023562
TEL,40108,17.8974,17.5257,-0.2596,0.7105,-1,-0.001963
TEL,40208,12.7714,16.6754,-0.5257,16.8720,-17,-0.033379
TEL,40308,15.6264,15.4969,0.3246,-38.6745,36,0.070686
TEL,40408,17.7663,17.1488,1.5031,-61.7152,62,0.121737
TEL,40508,17.9637,17.6395,-0.1488,0.5570,5,0.009817
TEL,40608,11.6367,14.0071,-0.6395,25.0977,-25,-0.049087
TEL,40708,16.7197,16.0026,2.9929,-70.9023,42,0.082467
TEL,40808,17.8974,17.3314,0.9974,-49.8254,57,0.111919
TEL,40908,17.9637,17.6838,-0.3314,5.6748,-5,-0.009817
TEL,41008,14.0448,15.2095,-0.6838,21.6247,-22,-0.043197
TEL,41108,18.0975,17.4538,1.7905,-74.3753,46,0.090321
TEL,41208,18.0975,17.9252,-0.4538,14.3778,59,0.115846
TEL,41308,18.0975,17.9831,-0.9252,31.1025,-23,-0.045160
TEL,41408,18.0975,18.0311,-0.9831,33.5163,-34,-0.066759
TEL,41508,18.0975,18.0550,-1.0311,35.0180,-35,-0.068722
TEL,41608,18.0304,18.0481,-1.0550,35.7500,-36,-0.070686
TEL,41708,18.0975,18.0561,-1.0481,35.4468,-35,-0.068722
TEL,41808,18.0975,18.0645,-1.0561,35.8974,-36,-0.070686
TEL,41908,18.0975,18.0565,-1.0645,36.3904,-36,-0.070686
TEL,42008,18.0975,18.0635,-1.0565,36.4519,-36,-0.070686
TEL,42108,18.0975,18.0709,-1.0635,36.9813,-37,-0.072649
TEL,42208,18.1652,18.0818,-1.0709,37.5415,-38,-0.074613
TEL,42308,18.0975,18.0867,-1.0818,38.3193,-38,-0.074613
TEL,42408,18.1652,18.0912,-1.0867,38.7993,-39,-0.076576
TEL,42508,18.1652,18.0976,-1.0912,39.3807,-39,-0.076576
TEL,42608,18.0975,18.0976,-1.0976,40.0093,-40,-0.078540
TEL,42708,18.0975,18.0976,-1.0976,40.3573,-40,-0.078540
TEL,42808,18.1652,18.1022,-1.0976,40.7314,-41,-0.080503
TEL,42908,18.1652,18.1064,-1.1022,41.3280,-41,-0.080503
TEL,43008,17.3833,18.0390,-1.1064,41.9062,-42,-0.082467
TEL,43108,17.7663,18.0061,-1.0390,39.3063,-39,-0.076576
TEL,43208,13.7554,17.7401,-1.0061,38.4809,-38,-0.074613
TEL,43308,15.6779,16.3751,-0.7401,23.4008,-23,-0.045160
TEL,43408,17.5093,16.9336,0.6249,-29.8014,27,0.053014
TEL,43508,17.8316,17.3824,0.0664,-2.6870,3,0.005890
TEL,43608,12.1313,16.2839,-0.3824,18.1812,-18,-0.035343
TEL,43708,16.3771,16.1252,0.7161,-57.0140,45,0.088357
TEL,43808,17.7014,17.1279,0.8748,-46.6249,47,0.092284
TEL,43908,17.8974,17.5456,-0.1279,-0.9630,1,0.001963
TEL,44008,11.6965,16.3149,-0.5456,18.8335,-19,-0.037306
TEL,44108,16.6040,16.3491,0.6851,-61.2263,45,0.088357
TEL,44208,17.8316,17.1978,0.6509,-44.3747,44,0.086394
TEL,44308,12.0040,15.8100,-0.1978,-3.0031,3,0.005890
TEL,44408,14.9370,16.1314,1.1900,-87.8386,69,0.135481
TEL,44508,17.1364,16.6527,0.8686,-84.3182,84,0.164934
TEL,44608,17.8974,17.3867,0.3473,-44.2673,44,0.086394
TEL,44708,18.0304,17.6869,-0.3867,-5.8853,6,0.011781
TEL,44808,15.7297,15.5675,-0.6869,12.4170,-12,-0.023562
TEL,44908,17.5093,16.6734,1.4325,-43.9541,41,0.080503
TEL,45008,17.8974,17.5341,0.3266,5.1458,1,0.001963
TEL,45108,18.1652,17.8162,-0.5341,32.2645,-32,-0.062832
TEL,45208,16.6617,16.0630,-0.8162,40.0581,-40,-0.078540
TEL,45308,17.4461,16.9548,0.9370,-2.3188,2,0.003927
TEL,45408,17.9637,17.6383,0.0452,26.8336,-27,-0.053014
TEL,45508,12.2283,16.3697,-0.6383,43.6153,-44,-0.086394
TEL,45608,17.2591,16.4753,0.6303,-40.7644,22,0.043197
TEL,45708,17.7014,17.0955,0.5247,-20.0992,22,0.043197
TEL,45808,18.0975,17.6948,-0.0955,8.5937,-9,-0.017671
TEL,45908,13.7554,16.7889,-0.6948,29.9826,-30,-0.058905
TEL,46008,17.1976,16.7371,0.2111,-30.3403,25,0.049087
TEL,46108,17.7663,17.2104,0.2629,-19.1353,19,0.037306
TEL,46208,18.1652,17.7559,-0.2104,0.3564,0,0.000000
TEL,46308,15.4235,15.9329,-0.7559,26.5046,-27,-0.053014
TEL,46408,17.5729,16.9028,1.0671,-42.8228,33,0.064795
TEL,46508,17.8974,17.4489,0.0972,0.5124,10,0.019635
TEL,46608,12.8424,16.4863,-0.4489,22.1220,-22,-0.043197
TEL,46708,16.3213,15.7899,0.5137,-44.1317,37,0.072649
TEL,46808,17.7014,17.1313,1.2101,-40.0069,40,0.078540
TEL,46908,17.9637,17.5739,-0.1313,11.6873,-10,-0.019635
TEL,47008,12.0992,14.7496,-0.5739,28.2994,-28,-0.054978
TEL,47108,16.7197,16.0205,2.2504,-67.7006,39,0.076576
TEL,47208,17.7663,17.3206,0.9795,-46.2271,54,0.106029
TEL,47308,18.0304,17.6789,-0.3206,0.2780,0,0.000000
TEL,47408,14.7502,15.5188,-0.6789,22.5180,-23,-0.045160
TEL,47508,17.2591,16.6115,1.4812,-65.1694,44,0.086394
TEL,47608,17.8974,17.5161,0.3885,-12.2034,44,0.086394
TEL,47708,18.0975,17.7763,-0.5161,21.1824,-20,-0.039270
TEL,47808,16.2658,16.3419,-0.7763,31.3008,-31,-0.060868
TEL,47908,17.4461,16.8324,0.6581,-16.0829,15,0.029452
TEL,48008,17.9637,17.5022,0.1676,5.5690,-6,-0.011781
TEL,48108,18.1652,17.7688,-0.5022,28.2681,-28,-0.054978
TEL,48208,16.4899,16.1537,-0.7688,36.5403,-37,-0.072649
TEL,48308,17.5729,16.8793,0.8463,-9.5813,9,0.017671
TEL,48408,17.9637,17.5828,0.1207,17.9229,-18,-0.035343
TEL,48508,13.4381,16.6010,-0.5828,37.7452,-38,-0.074613
TEL,48608,16.8960,16.1503,0.3990,-30.1998,21,0.041233
TEL,48708,17.7014,16.9705,0.8497,-27.9813,28,0.054978
TEL,48808,18.0304,17.6540,0.0295,8.8163,-9,-0.017671
TEL,48908,14.0027,15.4675,-0.6540,31.3450,-31,-0.060868
TEL,49008,17.2591,16.3680,1.5325,-64.6550,37,0.072649
TEL,49108,17.8316,17.2058,0.6320,-23.3640,50,0.098175
TEL,49208,18.2332,17.8169,-0.2058,13.8158,-13,-0.025525
TEL,49308,13.7554,15.1290,-0.8169,35.0031,-35,-0.068722
TEL,49408,17.5093,16.8241,1.8710,-60.9969,32,0.062832
TEL,49508,17.8316,17.4031,0.1759,-11.9673,47,0.092284
TEL,49608,18.1652,17.8537,-0.4031,14.5456,-15,-0.029452
TEL,49708,16.2107,16.6334,-0.8537,31.0827,-31,-0.060868
TEL,49808,17.7014,17.1046,0.3666,-15.6024,15,0.029452
TEL,49908,17.9637,17.4876,-0.1046,0.4656,0,0.000000
TEL,50008,11.6965,16.3252,-0.4876,22.4450,-22,-0.043197
TEL,50108,16.8960,16.3571,0.6748,-54.8652,41,0.080503
TEL,50208,17.7663,17.3683,0.6429,-34.1217,34,0.066759
TEL,50308,17.9637,17.6442,-0.3683,7.1643,-7,-0.013744
TEL,50408,14.0448,15.4614,-0.6442,20.5831,-21,-0.041233
TEL,50508,16.8368,16.2494,1.5386,-75.4169,47,0.092284
TEL,50608,17.8974,17.3500,0.7506,-33.6463,61,0.119773
TEL,50708,18.0304,17.7213,-0.3500,0.4868,0,0.000000
TEL,50808,18.0304,17.8969,-0.7213,26.7763,-27,-0.053014
TEL,50908,18.0304,17.9617,-0.8969,32.1844,-32,-0.062832
TEL,51008,18.0975,18.0030,-0.9617,33.7445,-34,-0.066759
TEL,51108,18.0304,18.0088,-1.0030,34.8134,-35,-0.068722
TEL,51208,18.0975,18.0197,-1.0088,34.6631,-35,-0.068722
TEL,51308,18.0304,18.0262,-1.0197,35.0055,-35,-0.068722
TEL,51408,18.0304,18.0354,-1.0262,35.1409,-35,-0.068722
TEL,51508,18.0975,18.0468,-1.0354,35.4722,-35,-0.068722
TEL,51608,18.0975,18.0589,-1.0468,36.0855,-36,-0.070686
TEL,51708,18.0304,18.0629,-1.0589,36.7375,-37,-0.072649
TEL,51808,18.0304,18.0613,-1.0629,37.0649,-37,-0.072649
TEL,51908,18.0975,18.0678,-1.0613,37.2955,-37,-0.072649
TEL,52008,18.0304,18.0686,-1.0678,37.9013,-38,-0.074613
TEL,52108,18.0975,18.0740,-1.0686,38.2450,-38,-0.074613
TEL,52208,18.1652,18.0823,-1.0740,38.8428,-39,-0.076576
TEL,52308,18.0304,18.0781,-1.0823,39.6032,-40,-0.078540
TEL,52408,18.0304,18.0752,-1.0781,39.8021,-40,-0.078540
TEL,52508,18.0304,18.0744,-1.0752,40.0760,-40,-0.078540
TEL,52608,18.1652,18.0768,-1.0744,40.4343,-40,-0.078540
TEL,52708,14.6585,17.4310,-1.0768,41.0454,-41,-0.080503
TEL,52808,17.3833,17.2475,-0.4310,9.5530,-10,-0.019635
TEL,52908,17.8316,17.4149,-0.2475,8.5892,-9,-0.017671
TEL,53008,13.3608,16.7887,-0.4149,18.5788,-19,-0.037306
TEL,53108,16.0473,15.5506,0.2113,-24.3657,23,0.045160
TEL,53208,17.5729,16.9649,1.4494,-37.2161,37,0.072649
TEL,53308,17.8974,17.5047,0.0351,15.4471,-13,-0.025525
TEL,53408,12.0356,16.3000,-0.5047,34.0755,-34,-0.066759
TEL,53508,16.2658,16.0976,0.7000,-50.3729,31,0.060868
TEL,53608,17.7014,17.0912,0.9024,-44.6789,45,0.088357
TEL,53708,17.9637,17.5328,-0.0912,-0.1424,1,0.001963
TEL,53808,11.2897,13.7630,-0.5328,20.4426,-20,-0.039270
TEL,53908,17.0154,16.3261,3.2370,-75.5574,48,0.094248
TEL,54008,17.8316,17.4539,0.6739,-39.5088,61,0.119773
TEL,54108,17.9637,17.7247,-0.4539,7.2270,-6,-0.011781
TEL,54208,15.1281,15.7590,-0.7247,20.8478,-21,-0.041233
TEL,54308,17.0154,16.4556,1.2410,-55.2511,42,0.082467
TEL,54408,17.9637,17.3967,0.5444,-19.1960,28,0.054978
TEL,54508,18.0304,17.7101,-0.3967,18.3938,-18,-0.035343
TEL,54608,16.3213,16.0636,-0.7101,30.3933,-30,-0.058905
TEL,54708,17.3833,16.6430,0.9364,-14.8408,14,0.027489
TEL,54808,17.8974,17.5686,0.3570,9.0438,-9,-0.017671
TEL,54908,18.0304,17.7932,-0.5686,36.2728,-36,-0.070686
TEL,55008,16.6617,16.1593,-0.7932,40.2671,-40,-0.078540
TEL,55108,17.5093,16.9369,0.8407,-0.7902,1,0.001963
TEL,55208,18.0304,17.6487,0.0631,25.7325,-26,-0.051051
TEL,55308,12.6315,16.4743,-0.6487,44.2681,-44,-0.086394
TEL,55408,16.8368,16.1734,0.5257,-34.1279,19,0.037306
TEL,55508,17.7014,17.0320,0.8266,-25.7578,26,0.051051
TEL,55608,17.9637,16.9681,-0.0320,11.9057,-12,-0.023562
TEL,55708,11.9102,13.3335,0.0319,36.1891,-36,-0.070686
TEL,55808,17.8974,17.0983,3.6665,-59.8109,31,0.060868
TEL,55908,17.8316,17.5424,-0.0983,14.5586,46,0.090321
TEL,56008,18.0304,17.8159,-0.5424,30.0732,-27,-0.053014
TEL,56108,14.9843,15.8685,-0.8159,36.3980,-36,-0.070686
TEL,56208,17.5729,16.8622,1.1315,-46.3332,29,0.056941
TEL,56308,17.8974,17.3875,0.1378,0.1496,20,0.039270
TEL,56408,12.7011,16.4035,-0.3875,20.6522,-21,-0.041233
TEL,56508,15.7297,15.1218,0.5965,-47.4538,38,0.074613
TEL,56608,17.6369,17.1316,1.8782,-49.7436,50,0.098175
TEL,56708,17.9637,17.5838,-0.1316,20.6690,-10,-0.019635
TEL,56808,12.1958,14.7126,-0.5838,35.2005,-35,-0.068722
TEL,56908,16.3213,15.2676,2.2874,-60.7995,33,0.064795
TEL,57008,17.7014,17.1595,1.7324,-63.5606,64,0.125664
TEL,57108,18.0304,17.6732,-0.1595,0.1061,6,0.011781
TEL,57208,13.7554,16.1085,-0.6732,28.8544,-29,-0.056941
TEL,57308,16.7197,16.3482,0.8915,-55.2318,37,0.072649
TEL,57408,17.8974,17.2643,0.6518,-34.4552,36,0.070686
TEL,57508,17.8974,17.5933,-0.2643,0.2271,0,0.000000
TEL,57608,15.5752,15.9664,-0.5933,20.2326,-20,-0.039270
TEL,57708,17.3833,16.6241,1.0336,-39.7915,36,0.070686
TEL,57808,17.8316,17.3978,0.3759,-6.0482,7,0.013744
TEL,57908,18.0975,17.7114,-0.3978,21.6952,-22,-0.043197
TEL,58008,15.8343,15.3135,-0.7114,32.6134,-33,-0.064795
TEL,58108,17.5093,16.7936,1.6865,-19.4962,17,0.033379
TEL,58208,17.8974,17.6205,0.2064,34.7548,-28,-0.054978
TEL,58308,18.0304,17.8337,-0.6205,52.1303,-52,-0.102102
TEL,58408,16.6617,16.3408,-0.8337,51.0766,-51,-0.100138
TEL,58508,17.5729,16.9848,0.6592,4.3142,-5,-0.009817
TEL,58608,17.9637,17.6076,0.0152,25.0883,-25,-0.049087
TEL,58708,12.3269,16.3684,-0.6076,40.7388,-41,-0.080503
TEL,58808,17.1976,16.3693,0.6316,-42.5469,24,0.047124
TEL,58908,17.7663,17.2954,0.6307,-18.3496,23,0.045160
TEL,59008,17.9637,17.7652,-0.2954,19.0488,-19,-0.037306
TEL,59108,14.2584,15.3603,-0.7652,32.9086,-33,-0.064795
TEL,59208,17.3210,16.7279,1.6397,-63.0914,35,0.068722
TEL,59308,17.8974,17.3651,0.2721,0.3986,49,0.096211
TEL,59408,11.9726,16.1870,-0.3651,16.5742,-16,-0.031416
TEL,59508,15.2254,14.7994,0.8130,-65.6276,46,0.090321
TEL,59608,17.5729,16.9167,2.2006,-76.7385,77,0.151189
TEL,59708,17.9637,17.5293,0.0833,5.1292,12,0.023562
TEL,59808,13.1340,16.6083,-0.5294,28.7731,-29,-0.056941
TEL,59908,16.1559,15.4240,0.3917,-35.3792,28,0.054978
TEL,60008,17.5729,17.1783,1.5760,-29.7183,30,0.058905
TEL,60108,17.8974,17.5977,-0.1783,26.7492,-23,-0.045160
TEL,60208,18.0304,17.8293,-0.5977,37.5902,-38,-0.074613
TEL,60308,18.0304,17.9227,-0.8293,40.6226,-41,-0.080503
TEL,60408,17.9637,17.9645,-0.9227,39.6917,-40,-0.078540
TEL,60508,18.0304,17.9867,-0.9645,37.9356,-38,-0.074613
TEL,60608,18.0304,18.0043,-0.9867,36.7361,-37,-0.072649
TEL,60708,18.0975,18.0139,-1.0043,35.9677,-36,-0.070686
TEL,60808,18.0304,18.0172,-1.0139,35.5773,-36,-0.070686
TEL,60908,18.0975,18.0229,-1.0172,35.1300,-35,-0.068722
TEL,61008,18.0304,18.0350,-1.0229,35.1375,-35,-0.068722
TEL,61108,18.0975,18.0453,-1.0350,35.3612,-35,-0.068722
TEL,61208,18.0975,18.0565,-1.0453,35.7875,-36,-0.070686
TEL,61308,18.1652,18.0606,-1.0565,36.3109,-36,-0.070686
TEL,61408,18.1652,18.0627,-1.0606,36.7775,-37,-0.072649
TEL,61508,18.0304,18.0657,-1.0627,37.1956,-37,-0.072649
TEL,61608,18.1652,18.0670,-1.0657,37.4720,-37,-0.072649
REF,61701,9.0000,hold_near
TEL,61708,18.1652,18.0724,-1.0670,37.9406,-38,-0.074613
TEL,61808,18.0304,18.0674,-9.0724,133.9406,-106,-0.208131
TEL,61908,18.0975,18.0672,-9.0674,224.0000,-200,-0.392699
TEL,62008,17.8974,18.0531,-9.0672,224.0000,-224,-0.439823
TEL,62108,11.8177,17.8033,-9.0531,224.0000,-224,-0.439823
TEL,62208,16.7197,16.8273,-8.8033,224.0000,-224,-0.439823
TEL,62308,16.9555,16.8811,-7.8273,224.0000,-224,-0.439823
TEL,62408,16.7197,16.8548,-7.8811,224.0000,-224,-0.439823
TEL,62508,10.6001,14.8082,-7.8548,224.0000,-224,-0.439823
TEL,62608,15.1281,14.8877,-5.8082,128.0000,-156,-0.306305
TEL,62708,14.6130,14.7858,-5.8877,147.2487,-142,-0.278816
TEL,62808,13.9610,14.4839,-5.7858,150.9172,-151,-0.296488
TEL,62908,11.4033,12.6557,-5.4839,144.5495,-145,-0.284707
TEL,63008,12.2283,12.3589,-3.6557,70.6399,-83,-0.162970
TEL,63108,11.8177,12.1630,-3.3589,71.4290,-71,-0.139408
TEL,63208,11.0961,11.7105,-3.1630,71.1376,-71,-0.139408
TEL,63308,8.8617,10.6225,-2.7105,59.2187,-59,-0.115846
TEL,63408,9.5341,9.8147,-1.6225,11.9162,-13,-0.025525
TEL,63508,9.2347,9.5636,-0.8147,-5.8791,6,0.011781
TEL,63608,8.5828,9.1006,-0.5636,-8.0992,8,0.015708
TEL,63708,7.5330,8.7186,-0.1006,-19.5239,20,0.039270
TEL,63808,8.2249,8.2865,0.2814,-30.0000,30,0.058905
TEL,63908,8.6855,8.3858,0.7135,-37.4604,37,0.072649
TEL,64008,9.2736,8.7001,0.6142,-28.1268,28,0.054978
TEL,64108,8.8797,8.7368,0.2999,-0.2457,0,0.000000
TEL,64208,10.2603,9.3091,0.2632,-0.2457,0,0.000000
TEL,64308,10.8038,9.9667,-0.3091,15.7320,-16,-0.031416
TEL,64408,9.4323,10.2605,-0.9667,43.5911,-44,-0.086394
TEL,64508,10.9881,10.1918,-1.2605,36.0239,-36,-0.070686
TEL,64608,12.7011,11.9340,-1.1918,49.2414,-49,-0.096211
TEL,64708,13.3993,12.8084,-2.9340,113.2214,-107,-0.210094
TEL,64808,10.2839,11.1718,-3.8084,143.2571,-143,-0.280780
TEL,64908,13.7554,12.2773,-2.1718,62.2151,-78,-0.153153
TEL,65008,15.3238,14.6288,-3.2773,121.1177,-88,-0.172788
TEL,65108,16.0473,15.4393,-5.6288,202.9932,-181,-0.355393
TEL,65208,11.3747,13.0258,-6.4393,224.0000,-224,-0.439823
TEL,65308,15.3735,14.6098,-4.0258,128.0000,-156,-0.306305
TEL,65408,16.9555,16.4372,-5.6098,163.6905,-142,-0.278816
TEL,65508,17.3833,17.0021,-7.4372,224.0000,-219,-0.430005
TEL,65608,11.5775,13.7895,-8.0021,224.0000,-224,-0.439823
TEL,65708,16.1015,15.3095,-4.7895,128.0000,-157,-0.308269
TEL,65808,17.3210,16.7997,-6.3095,175.6374,-142,-0.278816
TEL,65908,17.3833,17.1346,-7.7997,224.0000,-219,-0.430005
TEL,66008,14.3895,15.2468,-8.1346,224.0000,-224,-0.439823
TEL,66108,15.8343,15.3883,-6.2468,169.7143,-172,-0.337721
TEL,66208,15.9401,15.7547,-6.3883,185.1957,-185,-0.363247
TEL,66308,15.5752,15.7171,-6.7547,199.8461,-200,-0.392699
TEL,66408,12.7714,14.0584,-6.7171,198.6004,-199,-0.390736
TEL,66508,13.7150,13.7123,-5.0584,128.0423,-138,-0.270962
TEL,66608,13.0232,13.4964,-4.7123,124.4817,-124,-0.243473
TEL,66708,12.5626,13.1801,-4.4964,119.3934,-119,-0.233656
TEL,66808,10.3553,11.1457,-4.1801,109.3938,-109,-0.214021
TEL,66908,10.7522,10.8659,-2.1457,34.1477,-47,-0.092284
TEL,67008,9.8302,10.3869,-1.8659,32.6103,-33,-0.064795
TEL,67108,9.2736,9.9385,-1.3869,19.5627,-20,-0.039270
TEL,67208,7.7653,9.3342,-0.9385,5.5525,-17,-0.033379
TEL,67308,7.9375,8.4693,-0.3342,-11.8759,12,0.023562
TEL,67408,8.5491,8.3640,0.5307,-41.1621,41,0.080503
TEL,67508,8.9706,8.5543,0.6360,-35.4785,35,0.068722
TEL,67608,9.0260,8.5747,0.4457,-22.2677,23,0.045160
TEL,67708,10.0523,9.0754,0.4253,-16.1364,16,0.031416
TEL,67808,11.1783,10.3217,-0.0754,8.3301,-8,-0.015708
TEL,67908,11.8177,11.1556,-1.3217,56.8692,-55,-0.107992
TEL,68008,11.9102,11.1067,-2.1556,88.0456,-88,-0.172788
TEL,68108,13.0599,12.1933,-2.1067,92.6893,-93,-0.182605
TEL,68208,14.2152,13.6376,-3.1933,132.5944,-133,-0.261145
TEL,68308,12.0673,13.3090,-4.6376,176.2482,-175,-0.343612
TEL,68408,14.4781,13.5024,-4.3090,136.5701,-137,-0.268999
TEL,68508,15.9936,15.0313,-4.5024,162.4326,-162,-0.318086
TEL,68608,16.7781,16.2463,-6.0313,223.0907,-217,-0.426078
TEL,68708,12.0673,15.0551,-7.2463,224.0000,-224,-0.439823
TEL,68808,16.5468,16.0096,-6.0551,168.7411,-172,-0.337721
TEL,68908,17.0757,16.6716,-7.0096,217.9610,-214,-0.420188
TEL,69008,17.4461,17.1918,-7.6716,224.0000,-224,-0.439823
TEL,69108,11.6071,16.0096,-8.1918,224.0000,-224,-0.439823
TEL,69208,16.2658,15.6794,-7.0096,183.8668,-184,-0.361283
TEL,69308,16.5468,16.1495,-6.6794,189.3042,-189,-0.371101
TEL,69408,16.3213,16.3319,-7.1495,211.7539,-212,-0.416261
TEL,69508,12.3269,14.4993,-7.3319,217.9197,-218,-0.428042
TEL,69608,14.4337,14.3912,-5.4993,130.7881,-152,-0.298451
TEL,69708,14.2152,14.3813,-5.3912,137.7672,-138,-0.270962
TEL,69808,13.5555,14.1310,-5.3813,143.2108,-143,-0.280780
TEL,69908,12.9867,13.7752,-5.1310,137.5569,-138,-0.270962
TEL,70008,11.9413,12.8056,-4.7752,125.6823,-126,-0.247400
TEL,70108,11.4033,12.0918,-3.8056,90.9835,-91,-0.178678
TEL,70208,10.3314,11.0248,-3.0918,66.1758,-66,-0.129591
TEL,70308,9.6170,10.2021,-2.0248,31.5174,-32,-0.062832
TEL,70408,8.4166,9.0410,-1.2021,5.4406,-5,-0.009817
TEL,70508,8.1168,8.5296,-0.0410,-30.5935,31,0.060868
TEL,70608,8.6682,8.4973,0.4704,-42.7383,43,0.084430
TEL,70708,9.2154,8.6940,0.5027,-34.2442,34,0.066759
TEL,70808,10.0071,9.2762,0.3060,-19.4874,19,0.037306
TEL,70908,10.6001,9.8501,-0.2762,-0.0003,0,0.000000
TEL,71008,11.4898,10.8278,-0.8501,33.4473,-33,-0.064795
TEL,71108,12.0992,11.4722,-1.8278,69.6775,-70,-0.137445
TEL,71208,13.0232,12.4209,-2.4722,93.6266,-94,-0.184569
TEL,71308,13.6748,13.0190,-3.4209,124.9661,-125,-0.245437
TEL,71408,14.4781,13.8320,-4.0190,145.3018,-145,-0.284707
TEL,71508,14.8430,14.3187,-4.8320,170.8094,-171,-0.335758
TEL,71608,15.6264,15.1079,-5.3187,184.6007,-185,-0.363247
TEL,71708,15.9401,15.4590,-6.1079,207.6339,-208,-0.408407
TEL,71808,10.7011,14.4814,-6.4590,216.4151,-216,-0.424115
TEL,71908,16.1559,15.0183,-5.4814,142.6079,-154,-0.302378
TEL,72008,16.4899,15.9202,-6.0183,180.9484,-173,-0.339685
TEL,72108,16.4899,16.1727,-6.9202,216.0524,-216,-0.424115
TEL,72208,12.9503,14.3214,-7.1727,224.0000,-224,-0.439823
TEL,72308,15.2254,14.5711,-5.3214,138.4552,-158,-0.310232
TEL,72408,15.2745,15.0993,-5.5711,161.7441,-156,-0.306305
TEL,72508,15.2254,15.1301,-6.0993,181.1785,-181,-0.355393
TEL,72608,12.7361,13.6988,-6.1301,183.2982,-183,-0.359320
TEL,72708,13.5161,13.4807,-4.6988,124.5932,-129,-0.253291
TEL,72808,13.0599,13.3699,-4.4807,123.2444,-123,-0.241510
TEL,72908,12.7011,13.1821,-4.3699,121.1191,-121,-0.237583
TEL,73008,10.6001,11.5013,-4.1821,115.3085,-115,-0.225802
TEL,73108,11.0149,11.2036,-2.5013,50.5279,-57,-0.111919
TEL,73208,10.3553,10.8338,-2.2036,45.8338,-46,-0.090321
TEL,73308,9.7869,10.4468,-1.8338,36.3217,-36,-0.070686
TEL,73408,8.3679,9.3189,-1.4468,23.9611,-24,-0.047124
TEL,73508,8.3358,8.7592,-0.3189,-19.4887,18,0.035343
TEL,73608,8.1321,8.3422,0.2408,-34.6062,35,0.068722
TEL,73708,8.5156,8.3740,0.6578,-41.4872,41,0.080503
TEL,73808,8.5323,8.3489,0.6260,-33.3669,33,0.064795
TEL,73908,9.3922,8.6322,0.6511,-29.1496,29,0.056941
TEL,74008,10.2603,9.4450,0.3678,-13.4169,13,0.025525
TEL,74108,10.8821,10.1292,-0.4450,20.4722,-20,-0.039270
TEL,74208,11.0689,10.1689,-1.1292,48.9897,-49,-0.096211
TEL,74308,11.8484,11.0975,-1.1689,58.5522,-59,-0.115846
TEL,74408,12.7714,12.2412,-2.0975,92.4853,-92,-0.180642
TEL,74508,11.0961,12.0629,-3.2412,126.9895,-127,-0.249364
TEL,74608,13.2844,12.3986,-3.0629,99.7275,-100,-0.196350
TEL,74708,14.1295,13.3400,-3.3986,117.7166,-118,-0.231692
TEL,74808,14.9370,14.3971,-4.3400,154.1921,-154,-0.302378
TEL,74908,10.8038,13.4335,-5.3971,187.3687,-187,-0.367174
TEL,75008,15.1766,14.5381,-4.4335,115.3414,-126,-0.247400
TEL,75108,15.7818,15.2706,-5.5381,166.4165,-149,-0.292561
TEL,75208,16.4899,15.9863,-6.2706,197.1099,-197,-0.386809
TEL,75308,13.0969,15.3197,-6.9863,222.1919,-222,-0.435896
TEL,75408,15.9401,15.4275,-6.3197,173.9453,-175,-0.343612
TEL,75508,16.3213,15.8747,-6.4275,189.0895,-189,-0.371101
TEL,75608,16.6617,16.2835,-6.8747,209.2253,-209,-0.410371
TEL,75708,13.3225,14.3038,-7.2836,224.0000,-224,-0.439823
TEL,75808,15.5752,15.0642,-5.3038,140.1066,-159,-0.312196
TEL,75908,15.4737,15.3308,-6.0642,175.4658,-162,-0.318086
TEL,76008,15.0799,15.2678,-6.3308,187.0035,-187,-0.367174
TEL,76108,12.9867,13.8794,-6.2678,184.7880,-185,-0.363247
TEL,76208,13.5950,13.7005,-4.8794,128.9078,-132,-0.259181
TEL,76308,13.3993,13.6121,-4.7005,127.5208,-128,-0.251327
TEL,76408,9.5341,12.6435,-4.6121,127.3129,-127,-0.249364
TEL,76508,10.8038,11.1516,-3.6435,79.8189,-81,-0.159043
TEL,76608,10.9614,11.1149,-2.1516,34.0880,-35,-0.068722
TEL,76708,10.4277,10.9222,-2.1149,40.4301,-40,-0.078540
TEL,76808,7.9083,9.9858,-1.9222,37.9058,-38,-0.074613
TEL,76908,8.7028,9.0685,-0.9858,-2.3013,2,0.003927
TEL,77008,8.2879,8.6555,-0.0685,-27.8650,28,0.054978
TEL,77108,8.0864,8.4269,0.3445,-35.5057,36,0.070686
TEL,77208,6.6561,8.3780,0.5731,-38.1940,38,0.074613
TEL,77308,8.5156,8.3321,0.7128,-36.2984,36,0.070686
TEL,77408,9.5136,8.7671,0.5791,-25.7215,26,0.051051
TEL,77508,10.0071,9.0076,0.2329,-0.2318,0,0.000000
TEL,77608,7.9229,9.1222,-0.3136,17.7820,-18,-0.035343
TEL,77708,10.8298,9.9789,-0.5015,31.8533,-32,-0.062832
TEL,77808,12.0356,11.3790,-1.4906,71.3354,-65,-0.127627
TEL,77908,9.2347,10.8247,-2.3790,102.1088,-100,-0.196350
TEL,78008,9.3524,10.9232,-2.7884,133.1379,-130,-0.255254
TEL,78108,13.4770,12.8512,-1.9232,70.3545,-93,-0.182605
TEL,78208,14.6585,14.1476,-4.3784,155.4498,-90,-0.176715
TEL,78308,15.1766,14.6772,-5.4290,188.1183,-177,-0.347539
TEL,78408,13.8781,13.8185,-5.9907,206.7096,-207,-0.406444
TEL,78508,15.7297,14.6783,-5.1491,183.1948,-183,-0.359320
TEL,78608,16.7197,16.0581,-6.1914,220.9139,-216,-0.424115
TEL,78708,16.7781,16.4591,-7.3023,224.0000,-224,-0.439823
TEL,78808,15.2745,15.1881,-6.3503,181.7580,-190,-0.373064
TEL,78908,16.3771,15.6969,-6.4268,193.3707,-193,-0.378955
TEL,79008,16.6617,16.2517,-6.9144,214.0531,-214,-0.420188
TEL,79108,16.6617,16.4437,-7.3737,224.0000,-224,-0.439823
TEL,79208,15.4737,15.3686,-6.3215,163.4475,-185,-0.363247
TEL,79308,15.4737,15.3810,-6.3575,171.6976,-172,-0.337721
TEL,79408,14.9370,15.2982,-6.3796,177.7597,-178,-0.349502
TEL,79508,14.7042,15.1603,-6.2394,175.7654,-176,-0.345575
TEL,79608,13.7961,14.6363,-6.0248,168.7216,-169,-0.331831
TEL,79708,13.2088,14.0552,-5.3729,145.0724,-145,-0.284707
TEL,79808,11.9726,12.8559,-4.7439,121.9157,-122,-0.239546
TEL,79908,11.2617,11.9661,-3.8559,87.8389,-91,-0.178678
TEL,80008,10.2603,10.9004,-2.5851,46.7820,-54,-0.106029
TEL,80108,9.5341,10.2114,-1.5581,14.9828,-17,-0.033379
TEL,80208,8.6168,9.2442,-0.8872,-5.3297,5,0.009817
TEL,80308,8.1474,8.6787,0.0647,-33.5868,32,0.062832
TEL,80408,8.5659,8.4776,0.4920,-42.2385,42,0.082467
TEL,80508,9.0446,8.6394,0.4557,-31.3971,31,0.060868
TEL,80608,9.8302,9.1341,0.2349,-16.2144,16,0.031416
TEL,80708,10.4764,9.6581,-0.3640,10.9380,-10,-0.019635
TEL,80808,11.4033,10.6635,-0.9696,37.9929,-37,-0.072649
TEL,80908,11.9726,11.3059,-1.9784,74.7080,-69,-0.135481
TEL,81008,12.8782,12.2012,-2.6106,97.9865,-98,-0.192423
TEL,81108,13.5161,12.8481,-3.5252,129.0587,-127,-0.249364
TEL,81208,14.3455,13.7166,-4.1322,148.7255,-149,-0.292561
TEL,81308,14.6585,14.1955,-4.9864,174.9822,-175,-0.343612
TEL,81408,15.4737,14.8915,-5.4412,188.3893,-188,-0.369137
TEL,81508,10.3314,12.2829,-4.8553,134.0216,-151,-0.296488
TEL,81608,15.6264,14.9834,-4.4703,159.7189,-156,-0.306305
TEL,81708,16.1559,15.7073,-6.4110,222.8390,-198,-0.388772
TEL,81808,16.5468,16.1939,-6.8658,224.0000,-224,-0.439823
TEL,81908,13.8370,15.5095,-7.1939,224.0000,-224,-0.439823
TEL,82008,15.9936,15.7472,-6.4458,207.8338,-208,-0.408407
TEL,82108,16.1015,15.8814,-6.8200,217.0083,-217,-0.426078
TEL,82208,11.5775,15.2454,-6.9037,216.6136,-217,-0.426078
TEL,82308,14.0027,13.8443,-4.6666,120.6136,-178,-0.349502
TEL,82408,14.5678,14.2866,-5.0525,130.1495,-123,-0.241510
TEL,82508,14.3895,14.3375,-5.3235,145.4561,-145,-0.284707
TEL,82608,9.9847,13.5528,-5.3001,147.7566,-148,-0.290597
TEL,82708,12.2610,12.5087,-3.6980,78.4852,-109,-0.214021
TEL,82808,12.1635,12.3713,-3.4689,79.7453,-80,-0.157080
TEL,82908,11.7568,12.1808,-3.2846,78.6891,-79,-0.155116
TEL,83008,8.0713,10.3479,-3.0606,74.2080,-74,-0.145299
TEL,83108,9.8959,9.8582,-0.8306,-2.4406,-34,-0.066759
TEL,83208,9.5136,9.7228,-0.8235,4.1695,-4,-0.007854
TEL,83308,8.9523,9.4948,-0.6254,1.3096,-1,-0.001963
TEL,83408,6.5417,9.3497,-0.3497,-6.1178,5,0.009817
TEL,83508,7.7095,8.9925,0.0075,-14.0789,12,0.023562
TEL,83608,8.5323,8.5743,0.4105,-26.0095,22,0.043197
TEL,83708,8.9158,8.6568,0.3432,-18.5376,20,0.039270
TEL,83808,8.3679,8.7549,0.1556,-0.1374,10,0.019635
TEL,83908,9.4728,8.8944,0.1056,-0.1374,0,0.000000
TEL,84008,10.5256,9.6212,-0.3181,17.1285,-9,-0.017671
TEL,84108,10.9614,10.2607,-1.2607,52.2295,-25,-0.049087
TEL,84208,10.2603,10.1549,-1.0953,29.3071,-43,-0.084430
TEL,84308,11.4320,10.6343,-1.6343,54.9742,-38,-0.074613
TEL,84408,12.6662,11.9108,-2.4896,91.7946,-63,-0.123700
TEL,84508,13.0969,12.5644,-3.5644,127.4301,-101,-0.198313
TEL,84608,11.8177,11.1962,-1.6399,39.1498,-118,-0.231692
TEL,84708,13.5161,12.6474,-3.6474,122.2173,-44,-0.086394
TEL,84808,14.7042,14.1494,-4.7767,165.9450,-89,-0.174751
TEL,84908,15.2745,14.7395,-5.7395,196.3818,-172,-0.337721
TEL,85008,14.6585,14.0915,-4.7174,140.6446,-187,-0.367174
TEL,85108,16.0473,14.9692,-5.4034,170.3863,-145,-0.284707
TEL,85208,16.2658,15.7768,-6.5370,210.4455,-179,-0.351466
TEL,85308,16.5468,16.1453,-7.1453,224.0000,-218,-0.428042
TEL,85408,15.1281,14.6894,-5.3726,157.8764,-215,-0.422151
TEL,85508,16.0473,15.4675,-6.4675,201.3669,-158,-0.310232
TEL,85608,16.2107,16.0218,-6.9442,217.5243,-209,-0.410371
TEL,85708,12.8424,15.3795,-6.3795,178.2664,-209,-0.410371
TEL,85808,15.0320,14.7200,-5.5466,146.4590,-169,-0.331831
TEL,85908,14.9370,14.8134,-5.8134,161.3379,-154,-0.302378
TEL,86008,14.6585,14.8043,-5.8318,165.3929,-165,-0.323977
TEL,86108,13.4770,14.5783,-5.7629,164.8767,-165,-0.323977
TEL,86208,13.0969,13.4886,-4.6927,121.4934,-157,-0.308269
TEL,86308,12.7714,13.1305,-4.2787,108.5873,-113,-0.221875
TEL,86408,8.4659,11.5669,-3.7186,91.8204,-100,-0.196350
TEL,86508,9.3524,10.8716,-1.8716,22.0425,-84,-0.164934
TEL,86608,10.1208,10.2871,-1.3634,10.5944,-17,-0.033379
TEL,86708,9.4728,9.9780,-0.9780,2.9067,-4,-0.007854
TEL,86808,8.6682,9.3268,-0.5690,-8.3314,5,0.009817
TEL,86908,6.4808,9.3268,-0.5690,-8.3314,8,0.015708
TEL,87008,8.1628,8.6667,0.0875,-21.7283,22,0.043197
TEL,87108,8.7376,8.6311,0.4059,-27.8971,28,0.054978
TEL,87208,9.4932,8.9650,0.1728,-13.3229,14,0.027489
TEL,87308,8.8617,8.7373,0.3065,-22.7849,23,0.045160
TEL,87408,10.7011,9.6545,-0.2433,-0.0675,5,0.009817
TEL,87508,11.4320,10.5490,-1.0742,43.2622,-22,-0.043197
TEL,87608,10.0071,10.8605,-2.3340,88.8320,-62,-0.121737
TEL,87708,10.6757,10.3883,-1.1841,29.6339,-70,-0.137445
TEL,87808,13.5161,12.5646,-2.8102,102.7896,-38,-0.074613
TEL,87908,14.3455,13.6786,-4.1748,155.8788,-122,-0.239546
TEL,88008,11.3179,13.3066,-5.3884,193.5086,-185,-0.363247
TEL,88108,13.9610,13.3715,-4.0044,134.2544,-173,-0.339685
TEL,88208,16.4333,15.3622,-5.5958,196.2572,-141,-0.276853
TEL,88308,16.6617,16.2091,-6.8888,224.0000,-214,-0.420188
TEL,88408,11.5189,14.5052,-7.4598,224.0000,-224,-0.439823
TEL,88508,16.1559,15.2469,-5.6841,198.7715,-205,-0.402517
TEL,88608,17.3210,16.6893,-7.2805,224.0000,-218,-0.428042
TEL,88708,17.3833,17.0765,-7.9255,224.0000,-224,-0.439823
TEL,88808,11.2060,15.8628,-8.3132,224.0000,-224,-0.439823
TEL,88908,16.6617,15.9678,-6.5025,202.6058,-206,-0.404480
TEL,89008,16.2658,16.1714,-7.1397,221.1773,-219,-0.430005
TEL,89108,16.3771,16.2760,-7.2507,224.0000,-224,-0.439823
TEL,89208,15.5243,16.0555,-7.1626,217.6976,-218,-0.428042
TEL,89308,14.8899,15.7077,-6.9139,205.3829,-205,-0.402517
TEL,89408,13.5555,14.5618,-6.0326,168.4362,-184,-0.361283
TEL,89508,12.7361,13.5650,-5.0661,128.8588,-146,-0.286670
TEL,89608,11.5482,12.2432,-4.0878,92.4809,-107,-0.210094
TEL,89708,10.7522,11.4817,-2.8820,54.5991,-70,-0.137445
TEL,89808,9.5136,10.2360,-1.6486,14.6177,-34,-0.066759
TEL,89908,8.8081,9.4790,-0.8515,-10.3218,4,0.007854
TEL,90008,8.0713,8.5270,0.2357,-42.4269,31,0.060868
TEL,90108,8.4824,8.4524,0.5584,-44.4464,44,0.086394
TEL,90208,9.3922,8.7698,0.3834,-28.4290,29,0.056941
TEL,90308,10.0071,9.2092,0.0388,-7.8038,10,0.019635
TEL,90408,11.1508,10.2691,-0.8567,30.9523,-13,-0.025525
TEL,90508,11.8792,11.1226,-1.6993,67.0206,-53,-0.104065
TEL,90608,13.0232,12.3075,-2.9110,109.8403,-88,-0.172788
TEL,90708,13.8370,13.1506,-3.7528,141.3852,-128,-0.251327
TEL,90808,15.1281,14.3419,-4.9081,179.3534,-162,-0.318086
TEL,90908,15.6779,15.0437,-5.6994,204.1310,-198,-0.388772
TEL,91008,16.7197,16.0091,-6.6763,224.0000,-221,-0.433932
TEL,91108,13.7150,15.4740,-7.3379,224.0000,-224,-0.439823
TEL,91208,17.1976,15.5579,-5.7534,196.8915,-204,-0.400553
TEL,91308,17.5729,16.8652,-7.3027,224.0000,-217,-0.426078
TEL,91408,17.9637,17.6298,-8.4662,224.0000,-224,-0.439823
TEL,91508,13.2088,16.5715,-8.7464,224.0000,-224,-0.439823
TEL,91608,16.6617,16.0734,-6.6547,224.0000,-224,-0.439823
TEL,91708,17.1976,16.7833,-7.5295,224.0000,-224,-0.439823
TEL,91808,16.9555,16.9533,-7.9526,224.0000,-224,-0.439823
TEL,91908,11.6071,14.6535,-7.2749,218.0324,-218,-0.428042
TEL,92008,15.1281,14.7610,-5.5566,174.3969,-197,-0.386809
TEL,92108,14.9843,14.8827,-5.8464,183.3278,-183,-0.359320
TEL,92208,14.0870,14.6365,-5.7643,176.3384,-176,-0.345575
TEL,92308,10.8038,12.6620,-4.8072,122.9576,-154,-0.302378
TEL,92408,12.0673,12.1386,-3.1699,78.4800,-91,-0.178678
TEL,92508,11.5189,11.9414,-3.0606,77.7187,-78,-0.153153
TEL,92608,10.4034,11.2495,-2.5435,59.6315,-62,-0.121737
TEL,92708,9.3128,9.8197,-1.2254,-4.4107,-38,-0.074613
TEL,92808,8.5659,9.0258,-0.2445,-28.5656,24,0.047124
TEL,92908,8.1168,8.6156,0.1822,-37.0524,37,0.072649
TEL,93008,8.4659,8.4262,0.5853,-41.8622,42,0.082467
TEL,93108,8.1474,8.3740,0.6260,-36.0485,36,0.070686
TEL,93208,9.5754,8.7328,0.4577,-22.9206,27,0.053014
TEL,93308,9.2347,9.0546,0.0081,-0.1831,14,0.027489
TEL,93408,9.5341,9.7376,-0.8407,38.6380,-9,-0.017671
TEL,93508,11.9102,10.1816,-0.4483,14.7576,-30,-0.058905
TEL,93608,12.7361,11.9415,-2.3741,89.6277,-24,-0.047124
TEL,93708,13.7554,12.9959,-3.9959,147.7864,-97,-0.190459
TEL,93808,10.8038,12.7182,-4.8304,176.2505,-163,-0.320050
TEL,93908,14.0870,13.1301,-4.1301,160.6575,-167,-0.327904
TEL,94008,16.2658,15.3257,-5.5775,215.1434,-170,-0.333794
TEL,94108,16.2658,15.9716,-6.7735,224.0000,-224,-0.439823
TEL,94208,13.4381,14.2919,-6.1005,181.6967,-215,-0.422151
TEL,94308,16.4899,16.0073,-7.0073,224.0000,-190,-0.373064
TEL,94408,17.8316,17.2047,-7.8388,224.0000,-224,-0.439823
TEL,94508,17.8974,17.5954,-8.5954,224.0000,-224,-0.439823
TEL,94608,16.2658,16.2753,-7.2846,190.8618,-215,-0.422151
TEL,94708,16.8368,16.3819,-7.3819,206.3846,-200,-0.392699
TEL,94808,17.6369,17.0700,-7.8501,224.0000,-215,-0.422151
TEL,94908,17.2591,17.1826,-8.1826,224.0000,-224,-0.439823
TEL,95008,15.3238,15.2247,-6.1275,148.3637,-215,-0.422151
TEL,95108,15.8343,15.5054,-6.5054,173.8078,-150,-0.294524
TEL,95208,15.5243,15.5690,-6.5796,182.5330,-179,-0.351466
TEL,95308,15.0320,15.4188,-6.4188,179.7370,-180,-0.353429
TEL,95408,13.5555,13.5370,-4.5199,94.1875,-172,-0.337721
TEL,95508,12.9142,13.2358,-4.2358,93.7075,-99,-0.194386
TEL,95608,12.0356,12.6881,-3.9104,88.4720,-88,-0.172788
TEL,95708,11.1783,12.0589,-3.4148,74.0348,-80,-0.157080
TEL,95808,9.9624,10.2239,-1.4303,2.5998,-65,-0.127627
TEL,95908,9.2932,9.7477,-0.7477,-12.6105,4,0.007854
TEL,96008,8.3841,8.9983,-0.2575,-24.4292,21,0.041233
TEL,96108,6.9189,8.7440,-0.2575,-24.4292,24,0.047124
TEL,96208,8.3038,8.3940,0.5651,-39.9609,39,0.076576
TEL,96308,8.9706,8.5787,0.5333,-30.3554,30,0.058905
TEL,96408,10.0071,9.2232,0.0414,-0.0002,10,0.019635
TEL,96508,9.5136,9.5166,-0.5179,20.9485,-18,-0.035343
TEL,96608,10.9084,10.1372,-0.5112,19.0471,-19,-0.037306
TEL,96708,12.0992,11.0571,-1.5443,60.6111,-41,-0.080503
TEL,96808,13.2844,12.5552,-3.0893,117.1969,-82,-0.161007
TEL,96908,9.7012,11.7553,-3.9849,149.3359,-142,-0.278816
