BALL_BEAM_BOOT
HELP,keys
STATE,SAFE_DISABLED
SENSORS,angle=bad,pos=bad
MEAS,theta_deg=0.0000,x_cm=0.0000,x_filt_cm=0.0000
AGE,angle_ms=1,pos_ms=1
FAULTS,bits=0
CAL,zero_calibrated=yes,limits_calibrated=yes,sign_calibrated=yes
CAL_STORE,status=loaded
SONAR_CFG,s=-1,m=o,u=1
TEL,enabled=1
FAULT_INFO,bits=0
FAULT_INFO,mode=bringup_warning
FAULT_INFO,none
TEL,349,SAFE_DISABLED,2.6411,2.6651,3.6035,0.0000,0.00,0
TEL,449,SAFE_DISABLED,2.6068,2.6354,3.6035,0.0000,0.00,0
TEL,549,SAFE_DISABLED,2.6068,2.6238,3.6035,0.0000,0.00,0
TEL,649,SAFE_DISABLED,2.6068,2.6223,3.6035,0.0000,0.00,0
TEL,749,SAFE_DISABLED,2.6068,2.6121,3.6035,0.0000,0.00,0
TEL,849,SAFE_DISABLED,2.6068,2.6094,3.6035,0.0000,0.00,0
TEL,949,SAFE_DISABLED,2.6068,2.6077,3.6035,0.0000,0.00,0
TEL,1049,SAFE_DISABLED,2.6068,2.6072,3.6035,0.0000,0.00,0
TEL,1149,SAFE_DISABLED,2.6068,2.6069,3.6035,0.0000,0.00,0
TEL,1249,SAFE_DISABLED,2.6068,2.6069,3.6035,0.0000,0.00,0
TEL,1349,SAFE_DISABLED,2.6068,2.6068,3.6035,0.0000,0.00,0
TEL,1449,SAFE_DISABLED,2.6068,2.6068,3.6035,0.0000,0.00,0
TEL,1549,SAFE_DISABLED,2.6068,2.6068,3.6035,0.0000,0.00,0
TEL,1649,SAFE_DISABLED,2.6068,2.6068,3.6035,0.0000,0.00,0
TEL,1750,SAFE_DISABLED,2.6068,2.6068,3.6035,0.0000,0.00,0
TEL,1850,SAFE_DISABLED,2.6068,2.6068,3.6035,0.0000,0.00,0
TEL,1950,SAFE_DISABLED,2.6068,2.6068,3.6035,0.0000,0.00,0
TEL,2050,SAFE_DISABLED,2.6068,2.6068,3.6035,0.0000,0.00,0
TEL,2150,SAFE_DISABLED,2.6754,2.6418,3.6035,0.0000,0.00,0
TEL,2250,SAFE_DISABLED,2.6068,2.6383,3.6035,0.0000,0.00,0
TEL,2350,SAFE_DISABLED,2.6754,2.6627,3.6035,0.0000,0.00,0
TEL,2450,SAFE_DISABLED,2.6068,2.6486,3.6035,0.0000,0.00,0
TEL,2550,SAFE_DISABLED,2.6068,2.6211,3.6035,0.0000,0.00,0
TEL,2650,SAFE_DISABLED,2.6068,2.6138,3.6035,0.0000,0.00,0
TEL,2750,SAFE_DISABLED,2.6068,2.6092,3.6035,0.0000,0.00,0
TEL,2850,SAFE_DISABLED,2.6068,2.6080,3.6035,0.0000,0.00,0
TEL,2950,SAFE_DISABLED,2.6068,2.6072,3.6035,0.0000,0.00,0
TEL,3050,SAFE_DISABLED,2.6068,2.6070,3.6035,0.0000,0.00,0
TEL,3150,SAFE_DISABLED,2.6068,2.6069,3.6035,0.0000,0.00,0
TEL,3250,SAFE_DISABLED,2.6068,2.6068,3.6035,0.0000,0.00,0
TEL,3350,SAFE_DISABLED,2.6068,2.6068,3.6035,0.0000,0.00,0
TEL,3450,SAFE_DISABLED,2.6068,2.6068,3.6035,0.0000,0.00,0
TEL,3550,SAFE_DISABLED,2.6068,2.6068,3.6035,0.0000,0.00,0
TEL,3650,SAFE_DISABLED,2.6068,2.6068,3.6035,0.0000,0.00,0
TEL,3750,SAFE_DISABLED,2.6068,2.6068,3.6035,0.0000,0.00,0
TEL,3850,SAFE_DISABLED,2.6068,2.6068,3.6035,0.0000,0.00,0
TEL,3950,SAFE_DISABLED,2.6068,2.6068,3.6035,0.0000,0.00,0
TEL,4050,SAFE_DISABLED,2.6068,2.6068,3.6035,0.0000,0.00,0
OK,telemetry=0
STATE,SAFE_DISABLED
SENSORS,angle=ok,pos=ok
MEAS,theta_deg=3.6035,x_cm=2.6068,x_filt_cm=2.6069
AGE,angle_ms=8,pos_ms=20
FAULTS,bits=0
CAL,zero_calibrated=yes,limits_calibrated=yes,sign_calibrated=yes
CAL_STORE,status=loaded
SONAR_CFG,s=-1,m=o,u=1
TEL,enabled=0
FAULT_INFO,bits=0
FAULT_INFO,mode=bringup_warning
FAULT_INFO,none
OK,cal_reset_saved
OK,cal_zero_angle_set=326.865234
CAL_ZERO,as5600_zero_deg=326.865234,sonar_center_cm=20.000000,zero_calibrated=no
OK,cal_zero_position_set=12.465959
CAL_ZERO,as5600_zero_deg=326.865234,sonar_center_cm=12.465959,zero_calibrated=yes
OK,cal_limit_down_set=18.382080
CAL_LIMITS,lower_deg=18.382080,upper_deg=3.000000,limits_calibrated=no
OK,cal_limit_up_set=-29.267578
OK,as5600_sign=-1,sonar_sign=-1
INFO,limits_sonar_ok
CAL_LIMITS,lower_deg=-18.382080,upper_deg=29.267578,limits_calibrated=yes
OK,driver_enabled
OK,stepper_sign=-1,delta=-22.6758
INFO,sonar_near=1
OK,cal_saved
STATE,READY
SENSORS,angle=ok,pos=ok
MEAS,theta_deg=0.6152,x_cm=-12.3856,x_filt_cm=-12.4416
AGE,angle_ms=6,pos_ms=37
FAULTS,bits=0
CAL,zero_calibrated=yes,limits_calibrated=yes,sign_calibrated=yes
CAL_STORE,status=loaded
SONAR_CFG,s=-1,m=o,u=1
TEL,enabled=0
FAULT_INFO,bits=0
FAULT_INFO,mode=bringup_warning
FAULT_INFO,none
OK,telemetry=1
TEL,68496,READY,-4.2724,-4.2769,0.6152,0.0000,0.00,0
TEL,68596,READY,-4.2724,-4.2740,0.6152,0.0000,0.00,0
TEL,68696,READY,-4.2724,-4.2732,0.6152,0.0000,0.00,0
TEL,68796,READY,-4.2724,-4.2727,0.6152,0.0000,0.00,0
TEL,68896,READY,-4.2724,-4.2726,0.6152,0.0000,0.00,0
TEL,68996,READY,-4.2724,-4.2725,0.6152,0.0000,0.00,0
TEL,69096,READY,-4.2724,-4.2725,0.6152,0.0000,0.00,0
TEL,69196,READY,-4.2724,-4.2724,0.6152,0.0000,0.00,0
TEL,69296,READY,-4.3410,-4.2930,0.6152,0.0000,0.00,0
TEL,69396,READY,-4.3410,-4.3246,0.6152,0.0000,0.00,0
TEL,69496,READY,-4.3410,-4.3330,0.6152,0.0000,0.00,0
TEL,69596,READY,-4.2724,-4.3033,0.6152,0.0000,0.00,0
TEL,69696,READY,-4.2724,-4.2876,0.6152,0.0000,0.00,0
TEL,69796,READY,-4.2724,-4.2776,0.6152,0.0000,0.00,0
TEL,69896,READY,-4.2724,-4.2750,0.6152,0.0000,0.00,0
TEL,69996,READY,-4.3410,-4.3184,0.6152,0.0000,0.00,0
TEL,70096,READY,-4.3410,-4.3299,0.6152,0.0000,0.00,0
OK,running
TEL,70196,RUNNING,-4.3410,-4.3372,0.6152,1.3453,47.63,0
TEL,70296,RUNNING,-4.3410,-4.3392,0.9418,1.3593,35.98,0
TEL,70396,RUNNING,-4.2724,-4.3198,1.3329,1.0414,-5.17,0
TEL,70496,RUNNING,-4.3410,-4.3306,1.4670,1.4404,11.16,0
TEL,70597,RUNNING,-4.3410,-4.3375,1.5160,1.5110,12.49,0
TEL,70697,RUNNING,-4.3410,-4.3393,1.6641,1.5268,3.44,0
TEL,70797,RUNNING,-4.3410,-4.3160,1.7421,1.7489,8.86,0
TEL,70897,RUNNING,-4.2724,-4.3082,1.7103,1.6008,-0.41,0
TEL,70999,RUNNING,-4.3410,-4.3197,1.6767,1.8054,13.71,0
TEL,71099,RUNNING,-4.3410,-4.3306,1.7442,1.6909,2.54,0
TEL,71199,RUNNING,-4.2724,-4.3068,1.8735,1.4689,-21.08,0
TEL,71299,RUNNING,-4.2724,-4.2893,1.8971,1.7617,-7.61,0
TEL,71399,RUNNING,-4.2724,-4.2782,1.7966,1.7566,-3.04,0
TEL,71499,RUNNING,-4.2724,-4.2753,1.7643,1.8402,4.46,0
TEL,71599,RUNNING,-4.2724,-4.2734,1.7589,1.8736,8.04,0
TEL,71699,RUNNING,-4.2724,-4.2729,1.7844,1.9220,11.19,0
TEL,71799,RUNNING,-4.3410,-4.3177,1.9643,2.1515,17.28,0
TEL,71899,RUNNING,-4.3410,-4.3296,2.1427,2.0223,-1.69,0
TEL,71999,RUNNING,-4.3410,-4.3371,2.1881,2.0958,-1.27,0
TEL,72099,RUNNING,-4.3410,-4.3391,2.1957,2.1090,-2.14,0
TEL,72199,RUNNING,-4.3410,-4.3404,2.1970,2.1562,-0.09,0
TEL,72299,RUNNING,-4.3410,-4.3407,2.1241,2.1933,6.97,0
TEL,72399,RUNNING,-4.3410,-4.3409,2.1119,2.2361,11.61,0
TEL,72499,RUNNING,-4.2724,-4.3060,2.1766,2.2665,9.32,0
TEL,72599,RUNNING,-4.2724,-4.2840,2.1207,2.2153,10.54,0
TEL,72699,RUNNING,-4.2724,-4.2781,2.2044,2.3409,14.92,0
TEL,72799,RUNNING,-4.2724,-4.2744,2.3647,2.3666,7.48,0
TEL,72899,RUNNING,-4.2724,-4.2734,2.5025,2.4221,1.92,0
TEL,72999,RUNNING,-4.2724,-4.2728,2.6142,2.4607,-4.26,0
TEL,73099,RUNNING,-4.2724,-4.2726,2.6329,2.5044,-4.53,0
TEL,73199,RUNNING,-4.2724,-4.2725,2.5693,2.5452,0.92,0
TEL,73299,RUNNING,-4.3410,-4.2930,2.5523,2.5931,5.94,0
TEL,73399,RUNNING,-4.3410,-4.3246,2.6335,2.7672,13.48,0
TEL,73499,RUNNING,-4.3410,-4.3330,2.7541,2.6886,1.42,0
TEL,73600,RUNNING,-4.3410,-4.3383,2.8027,2.7527,1.65,0
TEL,73700,RUNNING,-4.3410,-4.3397,2.8109,2.7744,1.88,0
TEL,73800,RUNNING,-4.3410,-4.3406,2.8122,2.8200,4.43,0
TEL,73900,RUNNING,-4.3410,-4.3408,2.8125,2.8586,7.12,0
TEL,74000,RUNNING,-4.3410,-4.3410,2.8793,2.9011,6.07,0
TEL,74100,RUNNING,-4.3410,-4.3410,2.9417,2.9425,5.05,0
TEL,74200,RUNNING,-4.3410,-4.3165,3.0472,3.0000,0.04,0
TEL,74300,RUNNING,-4.3410,-4.3290,3.1381,2.9973,-7.02,0
TEL,74400,RUNNING,-4.3410,-4.3369,3.1597,3.0000,-10.10,0
TEL,74500,RUNNING,-4.3410,-4.3390,3.0902,3.0000,-7.28,0
TEL,74600,RUNNING,-4.3410,-4.3404,3.0117,3.0000,-3.09,0
TEL,74700,RUNNING,-4.3410,-4.3407,2.9345,3.0000,1.93,0
TEL,74800,RUNNING,-4.3410,-4.3308,2.9061,3.0000,3.86,0
TEL,74900,RUNNING,-4.3410,-4.3360,2.9745,3.0000,0.29,0
TEL,75000,RUNNING,-4.2724,-4.2943,2.9860,2.8655,-9.96,0
TEL,75100,RUNNING,-4.2724,-4.2831,2.9211,3.0000,2.42,0
TEL,75200,RUNNING,-4.2724,-4.2761,2.9039,3.0000,4.60,0
TEL,75300,RUNNING,-4.2724,-4.2742,2.9010,3.0000,6.01,0
TEL,75400,RUNNING,-4.2724,-4.2731,2.9453,3.0000,4.41,0
TEL,75500,RUNNING,-4.2724,-4.2727,2.9811,3.0000,2.62,0
TEL,75600,RUNNING,-4.2724,-4.2725,3.0602,3.0000,-2.65,0
TEL,75700,RUNNING,-4.3410,-4.3075,3.0735,3.0000,-4.34,0
TEL,75800,RUNNING,-4.3410,-4.3295,3.0757,3.0000,-5.42,0
TEL,75900,RUNNING,-4.3410,-4.3354,3.0184,3.0000,-2.60,0
TEL,76000,RUNNING,-4.2724,-4.3185,2.9933,2.7247,-18.39,0
TEL,76100,RUNNING,-4.2724,-4.2950,2.9314,3.0000,1.75,0
TEL,76200,RUNNING,-4.2724,-4.2802,2.9056,3.0000,4.33,0
TEL,76300,RUNNING,-4.2724,-4.2762,2.9013,3.0000,5.82,0
TEL,76400,RUNNING,-4.2724,-4.2737,2.9269,3.0000,5.47,0
TEL,76500,RUNNING,-4.3410,-4.3081,2.9780,3.0000,2.83,0
TEL,76600,RUNNING,-4.3410,-4.3297,3.0533,3.0000,-2.01,0
TEL,76700,RUNNING,-4.3410,-4.3355,3.0723,3.0000,-4.00,0
TEL,76800,RUNNING,-4.3410,-4.3391,3.0755,3.0000,-5.14,0
TEL,76900,RUNNING,-4.3410,-4.3401,3.0183,3.0000,-2.32,0
TEL,77000,RUNNING,-4.3410,-4.3407,2.9933,3.0000,-0.81,0
TEL,77100,RUNNING,-4.2724,-4.3059,2.9891,3.0000,-1.44,0
TEL,77200,RUNNING,-4.2724,-4.2839,2.9216,3.0000,3.10,0
TEL,77300,RUNNING,-4.2724,-4.2781,2.9040,3.0000,5.32,0
TEL,77400,RUNNING,-4.2724,-4.2744,2.9010,3.0000,6.74,0
TEL,77500,RUNNING,-4.2724,-4.2734,2.9673,3.0000,3.50,0
TEL,77600,RUNNING,-4.3410,-4.3077,3.0111,3.0000,1.04,0
TEL,77700,RUNNING,-4.3410,-4.3247,3.0652,3.0000,-2.87,0
TEL,77800,RUNNING,-4.3410,-4.3354,3.0743,3.0000,-4.32,0
TEL,77900,RUNNING,-4.3410,-4.3383,3.0759,3.0000,-5.37,0
TEL,78000,RUNNING,-4.3410,-4.3401,3.0093,3.0000,-1.82,0
TEL,78100,RUNNING,-4.3410,-4.3406,2.9918,3.0000,-0.72,0
TEL,78200,RUNNING,-4.3410,-4.3409,2.9889,3.0000,-0.41,0
TEL,78300,RUNNING,-4.3410,-4.3410,2.9884,3.0000,-0.24,0
TEL,78400,RUNNING,-4.2724,-4.3204,2.9883,2.7775,-14.07,0
TEL,78500,RUNNING,-4.3410,-4.3309,2.9883,3.0000,-0.50,0
TEL,78600,RUNNING,-4.2724,-4.3069,2.9883,2.8911,-7.61,0
TEL,78700,RUNNING,-4.2724,-4.2893,2.9883,3.0000,-0.96,0
TEL,78800,RUNNING,-4.2724,-4.2782,2.9152,3.0000,4.28,0
TEL,78900,RUNNING,-4.2724,-4.2897,2.9029,3.0000,6.21,0
TEL,79000,RUNNING,-4.2724,-4.2784,2.9272,3.0000,5.92,0
TEL,79100,RUNNING,-4.3410,-4.3103,2.9780,3.0000,3.30,0
TEL,79200,RUNNING,-4.3410,-4.3305,3.0533,3.0000,-1.54,0
TEL,79300,RUNNING,-4.3410,-4.3359,3.0723,3.0000,-3.54,0
TEL,79400,RUNNING,-4.3410,-4.3393,3.0755,3.0000,-4.67,0
TEL,79500,RUNNING,-4.3410,-4.3402,3.0312,3.0000,-2.78,0
TEL,79600,RUNNING,-4.3410,-4.3407,2.9955,3.0000,-0.69,0
TEL,79700,RUNNING,-4.2724,-4.3203,2.9895,3.0000,-0.69,0
TEL,79800,RUNNING,-4.2724,-4.2889,2.9885,3.0000,-0.68,0
TEL,79900,RUNNING,-4.3410,-4.3155,2.9883,3.0000,-0.52,0
TEL,80000,RUNNING,-4.2724,-4.2973,2.9883,3.0000,-0.56,0
TEL,80100,RUNNING,-4.3410,-4.3196,2.9883,3.0000,-0.41,0
TEL,80200,RUNNING,-4.3410,-4.3337,2.9883,3.0000,-0.26,0
TEL,80300,RUNNING,-4.3410,-4.3374,2.9883,3.0000,-0.12,0
TEL,80400,RUNNING,-4.3410,-4.3398,2.9883,3.0000,0.03,0
TEL,80500,RUNNING,-4.3410,-4.3404,2.9883,3.0000,0.18,0
TEL,80600,RUNNING,-4.2724,-4.3203,2.9883,2.8454,-9.39,0
TEL,80700,RUNNING,-4.2724,-4.2959,2.9883,3.0000,-0.02,0
TEL,80800,RUNNING,-4.2724,-4.2805,2.9883,3.0000,0.12,0
TEL,80900,RUNNING,-4.3410,-4.2970,2.9883,3.0000,0.27,0
TEL,81000,RUNNING,-4.3410,-4.3115,2.9883,3.0000,0.42,0
TEL,81100,RUNNING,-4.3410,-4.3266,2.9883,3.0000,0.57,0
TEL,81200,RUNNING,-4.3410,-4.3361,2.9883,3.0000,0.72,0
TEL,81300,RUNNING,-4.3410,-4.3386,2.9883,3.0000,0.86,0
TEL,81400,RUNNING,-4.3410,-4.3402,2.9883,3.0000,1.01,0
TEL,81500,RUNNING,-4.3410,-4.3406,2.9883,3.0000,1.16,0
TEL,81600,RUNNING,-2.4888,-3.6556,2.8459,-3.0000,-203.13,0
TEL,81700,RUNNING,-1.3410,-2.5433,1.7447,2.7150,-3.19,0
TEL,81800,RUNNING,-0.7236,-1.5682,0.5225,-3.0000,-203.19,0
TEL,81900,RUNNING,0.1866,-0.6733,-0.6346,2.1830,-3.19,0
TEL,82000,RUNNING,0.5112,-0.0110,-1.5449,-1.9137,-39.77,0
TEL,82100,RUNNING,0.7354,0.3697,-1.3235,1.8707,173.03,0
TEL,82200,RUNNING,0.7354,0.3697,-0.1432,1.8671,133.96,0
TEL,82300,RUNNING,-0.0878,0.2324,1.2605,1.9052,69.30,0
TEL,82400,RUNNING,2.9122,1.3513,1.8581,-3.0000,-197.06,0
TEL,82500,RUNNING,3.8726,2.6083,1.0039,1.1771,-15.86,0
TEL,82600,RUNNING,5.0982,3.7072,-0.1323,0.8274,21.75,0
TEL,82700,RUNNING,5.0982,3.7072,-0.5360,0.7916,59.96,0
TEL,82800,RUNNING,5.0982,3.7072,-0.2132,0.7773,0.00,0
TEL,82900,RUNNING,5.0982,3.7072,-0.1090,0.7773,0.00,0
TEL,83000,RUNNING,5.0982,3.7072,-0.0914,0.7773,0.00,0
TEL,83100,RUNNING,7.3210,4.7913,-0.1412,0.4430,3.13,0
TEL,83200,RUNNING,8.7616,7.3328,-0.7065,-3.0000,-175.60,0
TEL,83300,RUNNING,8.7273,8.0656,-1.6210,-0.6073,21.15,0
TEL,83400,RUNNING,8.0756,8.2104,-2.0826,0.2931,114.02,0
TEL,83500,RUNNING,7.8012,8.0305,-1.4710,-0.7388,36.28,0
TEL,83600,RUNNING,7.8012,7.9617,-0.6326,-0.7951,-12.70,0
TEL,83700,RUNNING,6.2920,7.3550,-0.3815,-0.6872,-8.95,0
TEL,83800,RUNNING,6.2920,7.3550,-0.2104,-0.7583,-29.55,0
TEL,83900,RUNNING,4.8012,6.5889,-0.3325,-0.5967,-9.05,0
TEL,84000,RUNNING,2.5466,4.3706,0.1740,3.0000,199.69,0
TEL,84100,RUNNING,1.6272,3.0080,1.1172,0.3914,-6.92,0
TEL,84200,RUNNING,1.5586,2.0452,1.7279,3.0000,119.87,0
TEL,84300,RUNNING,1.4582,1.7563,2.1505,0.7259,-47.77,0
TEL,84400,RUNNING,0.6668,1.2710,2.3596,3.0000,73.38,0
TEL,84500,RUNNING,0.4610,0.8723,2.4843,0.9664,-65.75,0
TEL,84600,RUNNING,-0.7052,-0.0734,2.4016,3.0000,59.33,0
TEL,84700,RUNNING,-0.9796,-0.4924,2.3138,1.3740,-37.96,0
TEL,84800,RUNNING,-1.2540,-0.8808,2.2900,1.4953,-31.86,0
TEL,84900,RUNNING,-1.2540,-0.8808,2.1351,1.5038,-31.05,0
TEL,85000,RUNNING,-3.3120,-1.7894,1.7981,3.0000,81.88,0
TEL,85100,RUNNING,-3.9796,-2.7950,1.9411,2.0964,25.49,0
TEL,85200,RUNNING,-4.7342,-3.9880,2.4623,3.0000,54.46,0
TEL,85300,RUNNING,-4.7342,-4.3633,2.8916,2.6041,4.56,0
TEL,85400,RUNNING,-6.1246,-5.2310,3.1568,3.0000,10.40,0
TEL,85500,RUNNING,-6.4492,-5.8523,3.2808,3.0000,-0.25,0
TEL,85600,RUNNING,-7.6338,-6.9421,3.3484,3.0000,-8.45,0
TEL,85700,RUNNING,-7.6338,-7.2229,3.3605,3.0000,-13.84,0
TEL,85800,RUNNING,-9.4492,-8.1633,3.2985,3.0000,-14.32,0
TEL,85900,RUNNING,-10.2908,-9.2051,3.1666,3.0000,-9.21,0
TEL,86000,RUNNING,-11.2328,-10.3235,3.0336,3.0000,-2.27,0
TEL,86100,RUNNING,-12.4492,-11.3760,2.9382,3.0000,3.74,0
TEL,86200,RUNNING,-13.6020,-12.7074,2.9067,3.0000,6.71,0
TEL,86300,RUNNING,-13.6020,-13.1637,2.9463,3.0000,5.37,0
TEL,86400,RUNNING,-13.6020,-13.4517,2.9812,3.0000,3.62,0
TEL,86500,RUNNING,-13.9450,-13.7033,3.0539,3.0000,-1.08,0
TEL,86600,RUNNING,-13.2590,-13.4114,3.0724,3.0000,-3.05,0
TEL,86700,RUNNING,-13.6020,-13.4366,3.0755,3.0000,-4.18,0
TEL,86800,RUNNING,-13.6020,-13.4733,3.0761,3.0000,-5.17,0
TEL,86900,RUNNING,-10.9450,-12.7418,2.9566,3.0000,-13.46,0
TEL,87000,RUNNING,-10.6020,-11.3864,1.9398,-1.0290,-213.46,0
TEL,87100,RUNNING,-10.6020,-10.9864,1.0129,3.0000,83.40,0
TEL,87200,RUNNING,-7.7735,-9.6628,1.1222,-3.0000,-115.30,0
TEL,87300,RUNNING,-7.6020,-8.6118,1.0429,3.0000,69.84,0
TEL,87400,RUNNING,-5.5235,-7.1854,0.6203,-3.0000,-130.16,0
TEL,87500,RUNNING,-4.6020,-5.8859,0.1158,3.0000,69.84,0
TEL,87600,RUNNING,-3.9378,-4.8431,-0.4129,-3.0000,-130.16,0
TEL,87700,RUNNING,-1.9400,-3.5498,-0.9707,2.7265,69.84,0
TEL,87800,RUNNING,-1.6020,-2.2827,-1.6208,-2.7125,-101.56,0
TEL,87900,RUNNING,-0.9378,-1.7209,-1.8593,2.2232,187.31,0
TEL,88000,RUNNING,0.0494,-0.7840,-1.3944,-3.0000,-12.69,0
TEL,88100,RUNNING,0.3238,-0.2190,-0.8520,1.7886,175.66,0
TEL,88200,RUNNING,0.7354,0.2899,-0.2526,-1.6927,-50.82,0
TEL,88300,RUNNING,1.3528,0.8319,0.0122,1.4679,108.15,0
TEL,88400,RUNNING,1.3528,1.0229,0.4518,-1.0619,-66.78,0
TEL,88500,RUNNING,0.3238,0.8536,0.8618,1.4439,70.14,0
TEL,88600,RUNNING,0.8040,0.8570,1.6678,1.8312,43.82,0
TEL,88700,RUNNING,0.3238,0.6139,2.0281,1.5010,5.26,0
TEL,88800,RUNNING,0.3924,0.4683,2.5993,2.1072,2.70,0
TEL,88900,RUNNING,-0.2936,0.1806,2.8883,1.6228,-52.02,0
TEL,89000,RUNNING,0.3238,0.2991,2.6139,1.4007,-69.55,0
TEL,89100,RUNNING,-0.1564,0.0668,1.9132,1.6528,-12.08,0
TEL,89200,RUNNING,-0.7738,-0.3515,1.8084,3.0000,83.82,0
TEL,89300,RUNNING,-0.4308,-0.4640,2.2666,1.8157,-16.21,0
TEL,89400,RUNNING,-0.3622,-0.3971,2.2326,1.5389,-40.07,0
TEL,89500,RUNNING,-0.4308,-0.4143,1.8876,1.8088,-5.00,0
TEL,89600,RUNNING,-0.4308,-0.4252,1.7796,1.8584,5.05,0
TEL,89700,RUNNING,-0.9110,-0.5721,1.7878,1.8637,8.64,0
TEL,89800,RUNNING,-2.2830,-1.3072,2.1859,3.0000,60.25,0
TEL,89900,RUNNING,-2.7632,-2.0498,2.5527,2.3195,-1.49,0
TEL,90000,RUNNING,-2.7632,-2.5185,2.8529,3.0000,21.73,0
TEL,90100,RUNNING,-2.2830,-2.4993,2.9392,2.4828,-23.08,0
TEL,90200,RUNNING,-0.9796,-1.7904,2.1015,-3.0000,-211.80,0
TEL,90300,RUNNING,-0.4308,-1.0970,0.9348,2.0962,-11.80,0
TEL,90400,RUNNING,-0.4308,-0.6593,0.0593,0.2656,-28.45,0
TEL,90500,RUNNING,-0.3622,-0.5222,-0.0989,1.9371,101.81,0
TEL,90600,RUNNING,-0.3622,-0.4171,0.4087,1.5000,62.32,0
TEL,90700,RUNNING,-0.1564,-0.3274,1.0982,1.8867,53.73,0
TEL,90800,RUNNING,-0.1564,-0.2151,1.3930,1.4174,10.00,0
TEL,90900,RUNNING,0.0494,-0.1234,1.7012,1.8296,15.58,0
TEL,91000,RUNNING,0.3238,0.1805,1.6301,0.6670,-62.66,0
TEL,91100,RUNNING,-0.2936,0.0107,1.5772,1.7875,15.10,0
TEL,91200,RUNNING,0.3238,-0.0040,2.0073,-0.6561,-158.43,0
TEL,91300,RUNNING,0.4610,0.2043,1.7593,1.7291,-11.16,0
TEL,91400,RUNNING,0.4610,0.3729,1.2526,1.0178,-27.19,0
TEL,91500,RUNNING,0.3238,0.3478,1.0475,1.6795,33.53,0
TEL,91600,RUNNING,0.8726,0.6278,1.1934,-0.2380,-97.09,0
TEL,91700,RUNNING,0.9412,0.8452,1.1217,1.5180,8.17,0
TEL,91800,RUNNING,0.5296,0.6883,1.1764,2.7430,90.33,0
TEL,91900,RUNNING,0.8040,0.7473,1.4344,1.5328,1.52,0
TEL,92000,RUNNING,0.6668,0.7145,1.5105,1.8924,20.74,0
TEL,92100,RUNNING,0.6668,0.6902,1.5700,1.5360,-3.51,0
TEL,92200,RUNNING,0.9412,0.7859,1.5536,0.3407,-79.45,0
TEL,92300,RUNNING,1.3528,1.0606,1.0659,1.4088,4.12,0
TEL,92400,RUNNING,1.3528,1.2525,0.4760,0.5911,-9.45,0
TEL,92500,RUNNING,1.6272,1.3860,0.2526,1.2870,52.95,0
TEL,92600,RUNNING,1.5586,1.5239,0.3003,0.9720,37.48,0
TEL,92700,RUNNING,1.5586,1.5416,0.6495,1.2112,39.08,0
TEL,92800,RUNNING,1.5586,1.5527,1.0097,1.1493,17.31,0
TEL,92900,RUNNING,1.5586,1.5557,1.2775,1.1769,2.79,0
TEL,93000,RUNNING,1.2842,1.4018,1.5449,2.0877,45.53,0
TEL,93100,RUNNING,0.9412,1.1669,1.6077,1.2673,-3.14,0
TEL,93200,RUNNING,0.5982,0.8436,1.9296,3.0000,87.41,0
TEL,93300,RUNNING,-0.1564,0.3336,2.3526,1.5025,-30.35,0
TEL,93400,RUNNING,-0.1564,0.0116,2.4691,2.8534,43.63,0
TEL,93500,RUNNING,0.1180,0.0082,2.4686,1.5988,-42.92,0
TEL,93600,RUNNING,0.5982,0.3713,1.6895,-0.2070,-127.92,0
TEL,93700,RUNNING,0.5982,0.4870,0.9382,1.4486,15.56,0
TEL,93800,RUNNING,0.4610,0.5045,0.5843,1.7634,64.52,0
TEL,93900,RUNNING,0.2552,0.3773,0.8706,2.3847,99.92,0
TEL,94000,RUNNING,-0.1564,0.0915,1.5968,3.0000,106.00,0
TEL,94100,RUNNING,-0.1564,-0.0350,2.3030,1.5931,-22.43,0
TEL,94200,RUNNING,-0.1564,-0.1292,2.3503,1.8259,-16.62,0
TEL,94300,RUNNING,-0.2250,-0.1637,2.1452,1.6340,-22.04,0
TEL,94400,RUNNING,-0.2250,-0.1950,1.8666,1.6452,-7.41,0
TEL,94500,RUNNING,-0.2250,-0.2147,1.8429,1.7302,-2.37,0
TEL,94600,RUNNING,-0.1564,-0.1850,1.8452,1.6461,-11.37,0
TEL,94700,RUNNING,-0.1564,-0.1662,1.6793,1.6421,-3.75,0
TEL,94800,RUNNING,-0.1564,-0.1598,1.5406,1.6167,3.40,0
TEL,94900,RUNNING,-0.1564,-0.1581,1.5020,1.6305,8.14,0
TEL,95000,RUNNING,-0.1564,-0.1572,1.5622,1.6440,6.64,0
TEL,95100,RUNNING,0.2552,0.1137,1.2989,0.5058,-56.44,0
TEL,95200,RUNNING,0.2552,0.1858,1.0957,1.5394,20.01,0
TEL,95300,RUNNING,0.2552,0.2314,1.0770,1.5236,23.61,0
TEL,95400,RUNNING,0.2552,0.2435,1.1296,1.5176,25.05,0
TEL,95500,RUNNING,0.2552,0.2512,1.3251,1.4831,14.25,0
TEL,95600,RUNNING,0.2552,0.2532,1.5106,1.5099,5.45,0
TEL,95700,RUNNING,0.2552,0.2545,1.6431,1.5020,-4.33,0
TEL,95800,RUNNING,0.2552,0.2548,1.6654,1.5045,-7.49,0
TEL,95900,RUNNING,0.2552,0.2550,1.6243,1.5011,-7.13,0
TEL,96000,RUNNING,0.2552,0.2551,1.5628,1.4995,-4.69,0
TEL,96100,RUNNING,0.3238,0.3002,1.5057,1.3073,-15.24,0
TEL,96200,RUNNING,0.3238,0.3122,1.3781,1.4766,2.75,0
TEL,96300,RUNNING,-1.2540,-0.2112,1.3811,3.0000,103.35,0
TEL,96400,RUNNING,-2.6762,-1.4290,1.8677,2.0013,22.07,0
TEL,96500,RUNNING,-2.9506,-2.3308,2.4484,3.0000,52.60,0
TEL,96600,RUNNING,-3.8608,-2.9238,2.8027,2.4719,-1.41,0
TEL,96700,RUNNING,-5.6762,-4.7322,2.8172,3.0000,30.88,0
TEL,96800,RUNNING,-5.9690,-5.3591,3.0153,3.0000,20.02,0
TEL,96900,RUNNING,-8.6762,-7.2716,3.2507,3.0000,3.81,0
TEL,97000,RUNNING,-8.9506,-8.0703,3.3641,3.0000,-7.11,0
TEL,97100,RUNNING,-11.6762,-9.6602,3.3439,3.0000,-10.30,0
TEL,97200,RUNNING,-11.6762,-10.6884,3.3405,3.0000,-14.41,0
TEL,97300,RUNNING,-11.9506,-11.4849,3.2220,3.0000,-10.70,0
TEL,97400,RUNNING,-12.8608,-12.1866,3.1161,3.0000,-6.34,0
TEL,97500,RUNNING,-13.1904,-12.8461,3.0161,3.0000,-0.97,0
TEL,97600,RUNNING,-13.6020,-13.1452,2.9198,3.0000,5.53,0
TEL,97700,RUNNING,-13.1904,-13.3219,2.9037,3.0000,7.67,0
TEL,97800,RUNNING,-13.1904,-13.2548,2.9587,3.0000,5.26,0
TEL,97900,RUNNING,-13.1904,-13.2125,3.0281,3.0000,1.19,0
TEL,98000,RUNNING,-13.1904,-13.2013,3.0681,3.0000,-1.95,0
TEL,98100,RUNNING,-13.1904,-13.1942,3.0748,3.0000,-3.28,0
TEL,98200,RUNNING,-13.1904,-13.1923,3.0759,3.0000,-4.30,0
TEL,98300,RUNNING,-13.6706,-13.4360,3.0761,3.0000,-5.27,0
TEL,98400,RUNNING,-14.5624,-13.8232,3.0030,3.0000,-1.15,0
TEL,98500,RUNNING,-13.6706,-13.7230,2.9908,3.0000,-0.33,0
TEL,98600,RUNNING,-13.6706,-13.8836,2.9887,3.0000,-0.07,0
TEL,98700,RUNNING,-11.8870,-13.2399,2.7932,3.0000,-2.67,0
TEL,98800,RUNNING,-11.8870,-13.2399,2.5168,3.0000,19.19,0
TEL,98900,RUNNING,-11.8870,-13.2399,2.5544,3.0000,0.00,0
TEL,99000,RUNNING,-11.8870,-13.2399,2.6229,3.0000,0.00,0
TEL,99100,RUNNING,-7.6706,-10.2773,2.1325,-3.0000,-200.00,0
TEL,99200,RUNNING,-5.8870,-8.2256,1.0437,3.0000,0.00,0
TEL,99300,RUNNING,-4.2247,-5.8456,-0.0077,-3.0000,-200.00,0
TEL,99400,RUNNING,-3.3329,-4.6578,-1.1534,3.0000,11.56,0
TEL,99500,RUNNING,-3.3329,-4.6578,-0.9106,3.0000,237.11,0
TEL,99600,RUNNING,-3.3329,-4.6578,1.1769,3.0000,0.00,0
TEL,99700,RUNNING,-3.3329,-4.6578,1.9527,3.0000,0.00,0
TEL,99800,RUNNING,-3.3329,-4.6578,2.0830,3.0000,0.00,0
TEL,99900,RUNNING,-0.3329,-3.3603,2.1049,-3.0000,-200.00,0
TEL,100000,RUNNING,2.6671,-0.6014,1.3953,1.9968,0.00,0
TEL,100100,RUNNING,4.9171,2.6462,0.4080,-3.0000,-200.00,0
TEL,100200,RUNNING,6.0421,4.2994,-0.6538,0.5031,3.77,0
TEL,100300,RUNNING,6.0421,4.2994,-1.1528,0.4616,78.19,0
TEL,100400,RUNNING,6.0421,4.2994,-0.5599,0.4367,0.00,0
TEL,100500,RUNNING,6.0421,4.2994,-0.3135,0.4367,0.00,0
TEL,100600,RUNNING,6.0421,4.2994,-0.2720,0.4367,0.00,0
TEL,100700,RUNNING,6.0421,4.2994,-0.2651,0.4367,0.00,0
TEL,100800,RUNNING,6.0421,4.2994,-0.2639,0.4367,0.00,0
TEL,100900,RUNNING,7.9041,6.0297,-0.4061,-3.0000,-177.33,0
TEL,101000,RUNNING,8.5558,7.2892,-1.0117,-0.5084,1.48,0
TEL,101100,RUNNING,8.4186,8.1003,-1.5420,-3.0000,-126.00,0
TEL,101200,RUNNING,8.3500,8.2348,-1.8551,-0.9012,24.89,0
TEL,101300,RUNNING,8.0070,8.1546,-1.6719,-0.9561,25.13,0
TEL,101400,RUNNING,8.0070,8.1546,-1.2752,-1.0349,1.65,0
TEL,101500,RUNNING,7.4582,7.9457,-0.9293,-1.0498,-10.07,0
TEL,101600,RUNNING,7.4582,7.9457,-0.6944,-1.1266,-33.33,0
TEL,101700,RUNNING,7.4582,7.9457,-0.8710,-1.1573,0.00,0
TEL,101800,RUNNING,7.4582,7.9457,-0.9507,-1.1573,0.00,0
TEL,101900,RUNNING,1.7326,4.8770,-0.4885,3.0000,208.10,0
TEL,102000,RUNNING,1.4582,3.1622,0.5672,0.1795,8.47,0
TEL,102100,RUNNING,0.5982,1.5797,1.4098,3.0000,138.35,0
TEL,102200,RUNNING,0.3924,0.9886,1.9006,0.7987,-24.96,0
TEL,102300,RUNNING,-0.4994,0.1608,2.2912,3.0000,84.12,0
TEL,102400,RUNNING,-1.5284,-0.6459,2.4929,1.2850,-38.06,0
TEL,102500,RUNNING,-1.8028,-1.3570,2.5394,3.0000,60.52,0
TEL,102600,RUNNING,-2.5574,-1.8252,2.5472,1.6517,-26.37,0
TEL,102700,RUNNING,-4.2674,-3.1958,2.5934,3.0000,51.81,0
TEL,102800,RUNNING,-4.6656,-3.8629,2.7320,2.2922,-1.14,0
TEL,102900,RUNNING,-4.8714,-4.4835,2.9562,3.0000,26.74,0
TEL,103000,RUNNING,-5.6762,-4.9699,3.1869,2.6676,-11.79,0
TEL,103100,RUNNING,-7.6656,-6.4107,3.1962,3.0000,4.33,0
TEL,103200,RUNNING,-8.0956,-7.2085,3.1246,3.0000,6.59,0
TEL,103300,RUNNING,-9.0058,-8.2544,3.1511,3.0000,3.30,0
TEL,103400,RUNNING,-10.8028,-9.4417,3.1619,3.0000,0.64,0
TEL,103500,RUNNING,-11.9556,-10.7902,3.1637,3.0000,-1.53,0
TEL,103600,RUNNING,-13.2590,-11.7861,3.1640,3.0000,-3.62,0
TEL,103700,RUNNING,-13.8028,-12.9614,3.1641,3.0000,-5.69,0
TEL,103800,RUNNING,-13.8028,-13.3905,3.1641,3.0000,-7.76,0
TEL,103900,RUNNING,-14.0136,-13.7689,3.1063,3.0000,-6.03,0
TEL,104000,RUNNING,-14.0136,-13.8937,3.0364,3.0000,-2.74,0
TEL,104100,RUNNING,-14.0136,-14.0532,2.9964,3.0000,-0.42,0
TEL,104200,RUNNING,-14.0136,-13.8313,2.6795,3.0000,13.25,0
TEL,104300,RUNNING,-14.0136,-13.9511,2.4977,3.0000,29.96,0
TEL,104400,RUNNING,-14.0136,-13.7957,2.6518,3.0000,20.94,0
TEL,104500,RUNNING,-13.1218,-13.3530,2.7792,3.0000,13.32,0
TEL,104600,RUNNING,-13.1218,-13.2351,2.8517,3.0000,11.29,0
TEL,104700,RUNNING,-14.9054,-13.6958,2.9500,3.0000,6.54,0
TEL,104800,RUNNING,-11.9054,-12.7827,2.8548,3.0000,-13.44,0
TEL,104900,RUNNING,-10.1218,-11.1656,1.7698,-3.0000,-213.44,0
TEL,105000,RUNNING,-8.9054,-10.2684,0.7147,3.0000,16.94,0
TEL,105100,RUNNING,-7.1218,-8.6506,0.0506,-3.0000,-183.06,0
TEL,105200,RUNNING,-7.1218,-7.8709,-0.4982,3.0000,58.97,0
TEL,105300,RUNNING,-5.0136,-6.3121,-0.7328,-3.0000,-141.03,0
TEL,105400,RUNNING,-4.1218,-5.1950,-0.7812,3.0000,58.97,0
TEL,105500,RUNNING,-2.9054,-3.8696,-0.7894,-3.0000,-141.03,0
TEL,105600,RUNNING,-1.1218,-2.6555,-0.7907,2.4685,58.97,0
TEL,105700,RUNNING,0.0946,-1.2830,-0.7910,-3.0000,-141.03,0
TEL,105800,RUNNING,0.2552,-0.5323,-0.7910,1.8581,58.97,0
TEL,105900,RUNNING,0.5982,0.1125,-0.7462,-1.9623,-53.38,0
TEL,106000,RUNNING,0.8040,0.4219,-0.4737,1.5705,130.32,0
TEL,106100,RUNNING,0.4610,0.5268,0.0796,2.0257,141.51,0
TEL,106200,RUNNING,0.4610,0.5268,1.1297,1.5287,58.40,0
TEL,106300,RUNNING,0.4610,0.5268,1.9277,1.5246,0.00,0
TEL,106400,RUNNING,0.4610,0.5268,2.2828,1.5246,0.00,0
TEL,106500,RUNNING,0.4610,0.5268,2.3579,1.5246,0.00,0
TEL,106600,RUNNING,0.4610,0.5268,2.3705,1.5246,0.00,0
TEL,106700,RUNNING,0.4610,0.5268,2.3726,1.5246,0.00,0
TEL,106800,RUNNING,3.4610,1.4070,2.2939,1.2581,-44.88,0
TEL,106900,RUNNING,7.0282,4.6771,1.1004,-3.0000,-260.99,0
TEL,107000,RUNNING,7.6297,6.1757,-0.4985,-0.2149,-22.02,0
TEL,107100,RUNNING,7.5954,7.1084,-1.7952,-3.0000,-119.80,0
TEL,107200,RUNNING,7.1838,7.1901,-2.3364,-0.6143,73.25,0
TEL,107300,RUNNING,7.1838,7.1868,-1.9023,-0.6828,61.79,0
TEL,107400,RUNNING,7.1838,7.1868,-1.1894,-0.7522,23.64,0
TEL,107500,RUNNING,7.1838,7.1868,-0.8002,-0.7799,0.00,0
TEL,107600,RUNNING,7.1838,7.1868,-0.7194,-0.7799,0.00,0
TEL,107700,RUNNING,7.1838,7.1868,-0.7059,-0.7799,0.00,0
TEL,107800,RUNNING,4.1838,6.2859,-0.6509,-0.5342,15.24,0
TEL,107900,RUNNING,4.1838,6.2859,-0.2839,-0.5949,-12.71,0
TEL,108000,RUNNING,2.6838,5.2053,-0.1940,-0.3275,2.80,0
TEL,108100,RUNNING,1.3528,2.6958,0.5161,3.0000,181.74,0
TEL,108200,RUNNING,1.5586,2.0942,1.4243,0.5493,-15.85,0
TEL,108300,RUNNING,1.3528,1.6071,1.9431,2.5782,78.05,0
TEL,108400,RUNNING,1.3528,1.4774,2.0999,0.7025,-56.01,0
TEL,108500,RUNNING,0.9412,1.2720,1.9121,3.0000,85.93,0
TEL,108600,RUNNING,0.9412,1.1753,1.5086,0.7676,-31.63,0
TEL,108700,RUNNING,0.3238,0.6648,1.4608,3.0000,114.89,0
TEL,108800,RUNNING,0.0494,0.3797,1.8085,0.9932,-25.58,0
TEL,108900,RUNNING,-0.0878,0.0927,2.1115,2.4261,43.13,0
TEL,109000,RUNNING,-0.0878,0.0006,2.1892,1.1046,-50.91,0
TEL,109100,RUNNING,-0.0878,-0.0575,1.9675,1.3491,-32.52,0
TEL,109200,RUNNING,-0.7738,-0.4228,1.6980,1.2333,-21.37,0
TEL,109300,RUNNING,-0.9110,-0.6946,1.6433,2.9364,91.64,0
TEL,109400,RUNNING,-0.9110,-0.8050,1.9106,1.3600,-20.35,0
TEL,109500,RUNNING,-1.9400,-1.4355,1.8912,3.0000,85.47,0
TEL,109600,RUNNING,-1.7342,-1.6167,1.9878,1.6195,-1.77,0
TEL,109700,RUNNING,-1.7342,-1.6939,2.2135,1.9601,2.48,0
TEL,109800,RUNNING,-1.3912,-1.6116,2.2019,1.6502,-26.44,0
TEL,109900,RUNNING,-0.8424,-1.1668,1.3789,-0.8929,-151.96,0
TEL,110000,RUNNING,-0.8424,-1.0014,0.8230,1.4906,24.68,0
TEL,110100,RUNNING,-0.9110,-0.9175,0.5853,1.4261,41.34,0
TEL,110200,RUNNING,-1.3226,-1.1097,0.7886,1.5380,54.51,0
TEL,110300,RUNNING,-2.9004,-1.8454,1.7909,3.0000,95.70,0
TEL,110400,RUNNING,-2.9004,-2.3835,2.4665,1.9373,-8.35,0
TEL,110500,RUNNING,-2.9004,-2.7231,2.6749,3.0000,43.09,0
TEL,110600,RUNNING,-1.8028,-2.2538,2.2300,1.9319,-28.98,0
TEL,110700,RUNNING,-1.6656,-1.9164,1.1851,-0.0225,-87.62,0
TEL,110800,RUNNING,-0.9110,-1.4757,0.5609,1.7344,36.35,0
TEL,110900,RUNNING,-1.1168,-1.1564,0.0857,1.3551,58.72,0
TEL,111000,RUNNING,-0.9796,-1.0950,0.3610,1.6429,75.22,0
TEL,111100,RUNNING,-0.3622,-0.6943,0.7702,-0.9491,-111.43,0
TEL,111200,RUNNING,-0.3622,-0.5249,0.7875,1.4863,36.06,0
TEL,111300,RUNNING,-0.0878,-0.2781,0.6736,-0.0053,-48.95,0
TEL,111400,RUNNING,0.0494,-0.1399,0.6250,1.3766,40.80,0
TEL,111500,RUNNING,-0.0878,-0.0567,0.6636,1.5847,56.03,0
TEL,111600,RUNNING,0.4610,0.2073,0.6269,1.2720,35.99,0
TEL,111700,RUNNING,0.8040,0.5273,0.4927,-0.8950,-92.51,0
TEL,111800,RUNNING,0.9412,0.7239,0.3816,1.1068,35.26,0
TEL,111900,RUNNING,0.9412,0.8667,0.4144,0.4995,-1.00,0
TEL,112000,RUNNING,1.2842,1.0652,0.4352,0.9870,25.79,0
TEL,112100,RUNNING,1.2156,1.1640,0.4965,0.5611,-1.67,0
TEL,112200,RUNNING,1.2156,1.1903,0.5222,0.9272,23.00,0
TEL,112300,RUNNING,0.7354,0.9116,0.8641,2.3173,102.38,0
TEL,112400,RUNNING,0.2552,0.6776,1.4731,1.0633,-5.49,0
TEL,112500,RUNNING,0.3238,0.4206,1.9563,1.8595,15.56,0
TEL,112600,RUNNING,0.2552,0.3507,2.0125,1.1529,-38.54,0
TEL,112700,RUNNING,-0.4994,-0.1185,1.8880,3.0000,85.00,0
TEL,112800,RUNNING,-0.4994,-0.3128,2.2671,1.3527,-39.09,0
TEL,112900,RUNNING,-0.7052,-0.5404,2.4751,2.6559,23.45,0
TEL,113000,RUNNING,-0.7052,-0.6245,2.2841,1.4552,-45.29,0
TEL,113100,RUNNING,-0.7052,-0.6775,2.0739,1.6845,-25.31,0
TEL,113200,RUNNING,-0.7052,-0.6917,1.6883,1.4884,-17.88,0
TEL,113300,RUNNING,-0.6366,-0.6800,1.4600,1.1677,-24.44,0
TEL,113400,RUNNING,-0.4994,-0.6167,1.2773,1.4789,4.05,0
TEL,113500,RUNNING,-0.1564,-0.3143,0.9970,0.2127,-65.12,0
TEL,113600,RUNNING,-0.1564,-0.2338,0.7871,1.3706,20.24,0
TEL,113700,RUNNING,0.3238,0.0922,0.5804,-0.4567,-84.03,0
TEL,113800,RUNNING,0.4610,0.2803,0.1354,1.2149,47.02,0
TEL,113900,RUNNING,0.3238,0.1388,0.4854,-0.1254,-38.20,0
TEL,114000,RUNNING,0.7354,0.4143,0.7833,1.1705,15.75,0
TEL,114100,RUNNING,0.5982,0.7800,0.5024,2.4130,97.99,0
TEL,114200,RUNNING,0.5982,0.6873,0.5726,1.0755,24.41,0
TEL,114300,RUNNING,0.5982,0.6287,0.9300,1.3151,23.47,0
TEL,114400,RUNNING,0.7354,0.6831,1.1069,1.0641,-4.57,0
TEL,114500,RUNNING,0.7354,0.7174,1.0120,0.9131,-9.61,0
TEL,114600,RUNNING,0.6668,0.7060,0.9744,1.0435,1.78,0
TEL,114700,RUNNING,0.5296,0.5901,1.0522,1.5243,31.99,0
TEL,114800,RUNNING,0.5296,0.5592,1.2256,1.0760,-5.32,0
TEL,114900,RUNNING,0.4610,0.4947,1.2296,1.3421,11.54,0
TEL,115000,RUNNING,0.5296,0.4981,1.1572,1.0846,-0.89,0
TEL,115100,RUNNING,0.9412,0.7143,1.1206,-0.6810,-116.27,0
TEL,115200,RUNNING,0.9412,0.8300,0.6928,0.9718,5.87,0
TEL,115300,RUNNING,0.9412,0.9030,0.5815,0.6565,-5.18,0
TEL,115400,RUNNING,0.5296,0.7846,0.6623,0.9686,18.28,0
TEL,115500,RUNNING,0.5296,0.6170,1.1287,1.6659,40.53,0
TEL,115600,RUNNING,0.5296,0.5724,1.3148,1.0201,-11.06,0
TEL,115700,RUNNING,0.8726,0.7696,1.0827,0.1851,-59.16,0
TEL,115800,RUNNING,0.8726,0.8221,0.7218,0.9306,6.35,0
TEL,115900,RUNNING,0.5296,0.6803,0.7590,2.0920,83.20,0
TEL,116000,RUNNING,0.5296,0.6034,1.1083,0.9827,-0.99,0
TEL,116100,RUNNING,0.5296,0.5549,1.2567,1.1810,1.10,0
TEL,116200,RUNNING,0.5296,0.5420,1.2349,0.9903,-11.67,0
TEL,116300,RUNNING,0.5296,0.5338,1.1317,1.0194,-5.66,0
TEL,116400,RUNNING,0.6668,0.5728,1.0676,0.9706,-7.78,0
TEL,116500,RUNNING,0.8726,0.6963,0.8721,-0.3895,-83.48,0
TEL,116600,RUNNING,0.9412,0.8212,0.5083,0.8826,12.69,0
TEL,116700,RUNNING,0.9412,0.9000,0.3312,0.5430,5.70,0
TEL,116800,RUNNING,0.9412,0.9210,0.4059,0.8354,23.86,0
TEL,116900,RUNNING,0.9412,0.9342,0.5518,0.7708,14.79,0
TEL,117000,RUNNING,0.9412,0.9378,0.7354,0.8123,7.91,0
TEL,117100,RUNNING,0.9412,0.9400,0.8485,0.7939,-0.15,0
TEL,117200,RUNNING,0.9412,0.9406,0.9406,0.7933,-7.15,0
TEL,117300,RUNNING,0.9412,0.9410,0.9624,0.7827,-11.25,0
TEL,117400,RUNNING,0.9412,0.9411,0.9083,0.7750,-10.49,0
TEL,117500,RUNNING,0.9412,0.9411,0.8261,0.7657,-7.29,0
TEL,117600,RUNNING,0.9412,0.9411,0.7301,0.7568,-2.10,0
TEL,117700,RUNNING,0.9412,0.9412,0.6409,0.7477,3.70,0
TEL,117800,RUNNING,0.8726,0.9062,0.6195,0.7493,8.19,0
TEL,117900,RUNNING,0.8726,0.8841,0.7468,0.8334,7.22,0
TEL,118000,RUNNING,0.5296,0.7753,0.8284,0.7718,2.96,0
TEL,118100,RUNNING,0.8726,0.8392,1.0988,0.4956,-36.36,0
TEL,118200,RUNNING,0.9412,0.8768,0.9780,0.7252,-20.75,0
TEL,118300,RUNNING,0.9412,0.9191,0.7199,0.5388,-19.71,0
TEL,118400,RUNNING,0.9412,0.9303,0.5149,0.6915,2.74,0
TEL,118500,RUNNING,0.9412,0.9374,0.4521,0.6526,6.59,0
TEL,118600,RUNNING,0.9412,0.9393,0.4680,0.6571,8.67,0
TEL,118700,RUNNING,0.9412,0.9405,0.5174,0.6566,7.63,0
TEL,118800,RUNNING,0.9412,0.9409,0.5925,0.6520,3.99,0
TEL,118900,RUNNING,0.5296,0.6807,0.8728,1.8518,70.73,0
TEL,119000,RUNNING,0.5296,0.6036,1.2666,0.7396,-21.56,0
TEL,119100,RUNNING,0.5296,0.5659,1.3250,0.7454,-30.41,0
TEL,119200,RUNNING,0.5296,0.5420,1.0955,0.8402,-15.47,0
TEL,119300,RUNNING,0.5296,0.5338,0.9436,0.7764,-13.05,0
TEL,119400,RUNNING,0.5296,0.5317,0.7903,0.7400,-7.20,0
TEL,119500,RUNNING,0.5296,0.5303,0.6864,0.7406,-0.57,0
TEL,119600,RUNNING,0.5296,0.5299,0.6536,0.7303,1.86,0
TEL,119700,RUNNING,0.5296,0.5297,0.6217,0.7252,4.71,0
TEL,119800,RUNNING,0.5296,0.5296,0.6741,0.7206,2.27,0
TEL,119900,RUNNING,0.5296,0.5296,0.6982,0.7152,0.81,0
TEL,120000,RUNNING,0.5296,0.5296,0.7023,0.7099,0.38,0
TEL,120100,RUNNING,0.5296,0.5296,0.7030,0.7048,0.09,0
TEL,120200,RUNNING,0.5296,0.5296,0.7031,0.6997,-0.25,0
TEL,120300,RUNNING,0.5296,0.5296,0.7031,0.6946,-0.64,0
TEL,120400,RUNNING,0.4610,0.4946,0.7031,0.9512,16.29,0
TEL,120500,RUNNING,0.4610,0.4774,0.7479,0.7006,-0.99,0
TEL,120600,RUNNING,0.4610,0.4666,0.7838,0.6993,-3.68,0
TEL,120700,RUNNING,0.4610,0.4629,0.7898,0.7104,-4.36,0
TEL,120800,RUNNING,0.4610,0.4619,0.7908,0.6988,-6.30,0
TEL,120900,RUNNING,0.4610,0.4614,0.7179,0.6874,-3.17,0
TEL,121000,RUNNING,0.4610,0.4755,0.7056,0.7875,2.63,0
TEL,121100,RUNNING,0.4610,0.4681,0.5856,0.6763,4.02,0
TEL,121200,RUNNING,0.5296,0.5085,0.5635,0.6594,3.93,0
TEL,121300,RUNNING,0.5296,0.5192,0.6065,0.6512,1.11,0
TEL,121400,RUNNING,0.4610,0.5054,0.6138,0.9826,21.73,0
TEL,121500,RUNNING,0.5296,0.5177,0.6414,0.6417,-0.73,0
TEL,121600,RUNNING,0.4610,0.5049,0.6927,0.9689,15.96,0
TEL,121700,RUNNING,0.4610,0.4825,0.7462,0.6425,-6.87,0
TEL,121800,RUNNING,0.4610,0.4683,0.8412,0.6974,-10.65,0
TEL,121900,RUNNING,0.4610,0.4646,0.8277,0.6388,-15.85,0
TEL,122000,RUNNING,0.5296,0.5073,0.7131,0.4547,-23.78,0
TEL,122100,RUNNING,0.5296,0.5186,0.5137,0.6128,-2.33,0
TEL,122200,RUNNING,0.5296,0.5258,0.4256,0.5777,2.39,0
TEL,122300,RUNNING,0.9412,0.6512,0.3376,0.5625,3.94,0
TEL,122400,RUNNING,0.9412,0.8417,0.1067,-0.2452,-35.39,0
TEL,122500,RUNNING,0.9412,0.8924,0.0757,0.4742,12.90,0
TEL,122600,RUNNING,0.9412,0.9244,0.1436,0.3309,3.21,0
TEL,122700,RUNNING,0.5296,0.7375,0.3846,0.5040,10.24,0
TEL,122800,RUNNING,0.5296,0.6009,0.8382,1.0714,21.14,0
TEL,122900,RUNNING,0.5296,0.5645,0.9048,0.5440,-17.39,0
TEL,123000,RUNNING,0.5296,0.5415,0.9300,0.6351,-17.35,0
TEL,123100,RUNNING,0.5296,0.5354,0.8034,0.5422,-19.14,0
TEL,123200,RUNNING,0.5296,0.5316,0.6268,0.5533,-9.65,0
TEL,123300,RUNNING,0.5296,0.5305,0.4992,0.5334,-3.31,0
TEL,123400,RUNNING,0.4610,0.4949,0.4231,0.7928,19.47,0
TEL,123500,RUNNING,0.4610,0.4776,0.3636,0.5397,10.58,0
TEL,123600,RUNNING,0.4610,0.4667,0.4204,0.5810,11.95,0
TEL,123700,RUNNING,0.4610,0.4638,0.5094,0.5348,4.56,0
TEL,123800,RUNNING,0.5296,0.4825,0.5974,0.1731,-23.94,0
TEL,123900,RUNNING,0.5296,0.5065,0.6122,0.5126,-6.56,0
TEL,124000,RUNNING,0.5296,0.5216,0.5570,0.4440,-9.06,0
TEL,124100,RUNNING,0.5296,0.5257,0.4746,0.4968,-1.26,0
TEL,124200,RUNNING,0.5296,0.5282,0.4005,0.4811,2.83,0
TEL,124300,RUNNING,0.5296,0.5289,0.3598,0.4857,7.02,0
TEL,124400,RUNNING,0.8726,0.6322,0.3529,-1.3460,-106.07,0
TEL,124500,RUNNING,0.8726,0.7548,0.2621,0.4058,0.92,0
TEL,124600,RUNNING,0.8726,0.8322,0.0146,0.0731,-4.22,0
TEL,124700,RUNNING,0.8726,0.8528,0.0025,0.3605,17.49,0
TEL,124800,RUNNING,0.8726,0.8658,0.1184,0.2975,9.72,0
TEL,124900,RUNNING,0.5296,0.7663,0.2373,0.3701,13.60,0
TEL,125000,RUNNING,0.5296,0.6108,0.6389,1.0170,34.21,0
OK,stopped
TEL,125100,READY,0.4610,0.5488,0.8963,0.4233,0.00,0
TEL,125200,READY,0.4610,0.4911,0.8185,0.4233,0.00,0
TEL,125300,READY,0.4610,0.4757,0.8688,0.4233,0.00,0
TEL,125400,READY,0.4610,0.4761,0.8772,0.4233,0.00,0
TEL,125500,READY,0.4610,0.4684,0.8786,0.4233,0.00,0
TEL,125600,READY,0.5296,0.4985,0.8789,0.4233,0.00,0
TEL,125700,READY,0.4610,0.4938,0.8789,0.4233,0.00,0
TEL,125800,READY,0.5296,0.5173,0.8789,0.4233,0.00,0
TEL,125900,READY,0.5296,0.5235,0.8789,0.4233,0.00,0
TEL,126000,READY,0.5296,0.5275,0.8789,0.4233,0.00,0
TEL,126100,READY,0.5296,0.5285,0.8789,0.4233,0.00,0
TEL,126200,READY,0.5296,0.5292,0.8789,0.4233,0.00,0
TEL,126300,READY,0.5296,0.5294,0.8789,0.4233,0.00,0
TEL,126400,READY,0.5296,0.5295,0.8789,0.4233,0.00,0
TEL,126500,READY,0.4610,0.4945,0.8789,0.4233,0.00,0
TEL,126600,READY,0.4610,0.4725,0.8789,0.4233,0.00,0
TEL,126700,READY,0.4610,0.4666,0.8789,0.4233,0.00,0
TEL,126800,READY,0.5296,0.4979,0.8789,0.4233,0.00,0
TEL,126900,READY,0.5296,0.5140,0.8789,0.4233,0.00,0
TEL,127000,READY,0.5296,0.5242,0.8789,0.4233,0.00,0
TEL,127100,READY,0.5296,0.5269,0.8789,0.4233,0.00,0
TEL,127200,READY,0.5296,0.5287,0.8789,0.4233,0.00,0
TEL,127300,READY,0.5296,0.5291,0.8789,0.4233,0.00,0
TEL,127400,READY,0.5296,0.5193,0.8789,0.4233,0.00,0
OK,driver_disabled
TEL,127500,READY,0.5296,0.5245,0.6152,0.4233,0.00,0
TEL,127600,READY,0.5296,0.5278,0.1765,0.4233,0.00,0
TEL,127700,READY,0.5296,0.5287,0.1028,0.4233,0.00,0
TEL,127800,READY,0.5296,0.5293,0.0904,0.4233,0.00,0
TEL,127900,READY,0.5296,0.5294,0.0883,0.4233,0.00,0
TEL,128000,READY,0.4610,0.5089,0.0880,0.4233,0.00,0
TEL,128100,READY,0.0494,0.3610,0.0879,0.4233,0.00,0
TEL,128200,READY,0.0494,0.1562,0.0879,0.4233,0.00,0
TEL,128300,READY,0.0494,0.1017,0.0879,0.4233,0.00,0
TEL,128400,READY,1.2156,0.5151,0.0879,0.4233,0.00,0
TEL,128500,READY,1.2156,0.8724,0.0879,0.4233,0.00,0
TEL,128600,READY,1.3528,1.1880,0.0879,0.4233,0.00,0
TEL,128700,READY,1.3528,1.2720,0.0879,0.4233,0.00,0
TEL,128800,READY,0.5296,0.9917,0.0879,0.4233,0.00,0
TEL,128900,READY,0.2552,0.6160,0.0879,0.4233,0.00,0
TEL,129000,READY,0.1866,0.3339,0.0879,0.4233,0.00,0
TEL,129100,READY,0.2552,0.2793,0.0879,0.4233,0.00,0
TEL,129200,READY,0.5296,0.4034,0.0879,0.4233,0.00,0
TEL,129300,READY,0.5982,0.5027,0.0879,0.4233,0.00,0
TEL,129400,READY,0.5296,0.5448,0.0879,0.4233,0.00,0
TEL,129500,READY,0.2552,0.3971,0.0879,0.4233,0.00,0
TEL,129600,READY,0.1866,0.2689,0.0879,0.4233,0.00,0
TEL,129700,READY,-0.2250,0.1034,0.0879,0.4233,0.00,0
TEL,129800,READY,-0.2250,-0.1124,0.0879,0.4233,0.00,0
TEL,129900,READY,0.1180,0.0051,0.0879,0.4233,0.00,0
TEL,130000,READY,0.1866,0.1142,0.0879,0.4233,0.00,0
TEL,130100,READY,0.1866,0.1511,0.0879,0.4233,0.00,0
TEL,130200,READY,0.5296,0.3998,0.0879,0.4233,0.00,0
TEL,130300,READY,0.5296,0.4660,0.0879,0.4233,0.00,0
TEL,130400,READY,0.5296,0.5077,0.0879,0.4233,0.00,0
TEL,130500,READY,0.5296,0.5189,0.0879,0.4233,0.00,0
TEL,130600,READY,0.5296,0.5259,0.0879,0.4233,0.00,0
TEL,130700,READY,0.5296,0.5278,0.0879,0.4233,0.00,0
TEL,130800,READY,0.5296,0.5289,0.0879,0.4233,0.00,0
TEL,130900,READY,0.5296,0.5293,0.0879,0.4233,0.00,0
TEL,131000,READY,0.5296,0.5295,0.0879,0.4233,0.00,0
TEL,131100,READY,0.5296,0.5295,0.0879,0.4233,0.00,0
TEL,131200,READY,0.5296,0.5295,0.0879,0.4233,0.00,0
TEL,131300,READY,0.5296,0.5295,0.0879,0.4233,0.00,0
TEL,131400,READY,0.5296,0.5296,0.0879,0.4233,0.00,0
TEL,131500,READY,0.5296,0.5296,0.0879,0.4233,0.00,0
TEL,131600,READY,0.5982,0.5501,0.0879,0.4233,0.00,0
TEL,131700,READY,0.5296,0.5540,0.0879,0.4233,0.00,0
TEL,131800,READY,0.5296,0.5380,0.0879,0.4233,0.00,0
TEL,131900,READY,0.5296,0.5337,0.0879,0.4233,0.00,0
TEL,132000,READY,0.5296,0.5310,0.0879,0.4233,0.00,0
TEL,132100,READY,0.5296,0.5303,0.0879,0.4233,0.00,0
TEL,132200,READY,0.5296,0.5298,0.0879,0.4233,0.00,0
TEL,132300,READY,0.5296,0.5297,0.0879,0.4233,0.00,0
TEL,132400,READY,0.5296,0.5296,0.0879,0.4233,0.00,0
TEL,132500,READY,0.5296,0.5296,0.0879,0.4233,0.00,0
TEL,132600,READY,0.5296,0.5296,0.0879,0.4233,0.00,0
TEL,132700,READY,0.5296,0.5296,0.0879,0.4233,0.00,0
TEL,132800,READY,0.5296,0.5296,0.0879,0.4233,0.00,0
TEL,132900,READY,0.5296,0.5296,0.0879,0.4233,0.00,0
TEL,133000,READY,0.5296,0.5296,0.0879,0.4233,0.00,0
TEL,133100,READY,0.5296,0.5296,0.0879,0.4233,0.00,0
TEL,133200,READY,0.5296,0.5296,0.0879,0.4233,0.00,0
TEL,133300,READY,0.5982,0.5645,0.0879,0.4233,0.00,0
TEL,133400,READY,0.5982,0.5866,0.0879,0.4233,0.00,0
TEL,133500,READY,0.5982,0.5925,0.0879,0.4233,0.00,0
TEL,133600,READY,0.5296,0.5756,0.0879,0.4233,0.00,0
TEL,133700,READY,0.5296,0.5521,0.0879,0.4233,0.00,0
TEL,133800,READY,0.5296,0.5373,0.0879,0.4233,0.00,0
TEL,133900,READY,0.5296,0.5334,0.0879,0.4233,0.00,0
TEL,134000,READY,0.5296,0.5309,0.0879,0.4233,0.00,0
TEL,134100,READY,0.5296,0.5302,0.0879,0.4233,0.00,0
TEL,134200,READY,0.5296,0.5298,0.0879,0.4233,0.00,0
TEL,134300,READY,0.5296,0.5297,0.0879,0.4233,0.00,0
TEL,134400,READY,0.5982,0.5646,0.0879,0.4233,0.00,0
TEL,134500,READY,0.5982,0.5817,0.0879,0.4233,0.00,0
TEL,134600,READY,0.5982,0.5925,0.0879,0.4233,0.00,0
TEL,134700,READY,0.5982,0.5954,0.0879,0.4233,0.00,0
TEL,134800,READY,0.5982,0.5972,0.0879,0.4233,0.00,0
TEL,134900,READY,0.5982,0.5977,0.0879,0.4233,0.00,0
TEL,135000,READY,0.5982,0.5980,0.0879,0.4233,0.00,0
TEL,135100,READY,0.5982,0.5981,0.0879,0.4233,0.00,0
TEL,135200,READY,0.5982,0.5981,0.0879,0.4233,0.00,0
TEL,135300,READY,0.5982,0.5981,0.0879,0.4233,0.00,0
TEL,135400,READY,0.5982,0.5982,0.0879,0.4233,0.00,0
TEL,135500,READY,0.5296,0.5776,0.0879,0.4233,0.00,0
TEL,135600,READY,0.5296,0.5604,0.0879,0.4233,0.00,0
TEL,135700,READY,0.5296,0.5447,0.0879,0.4233,0.00,0
OK,stopped
