BALL_BEAM_REF_BOOT
TEL,2011,5.3508,5.3412,8.1588,-146.8163,0,0.000000
TEL,2191,5.8138,5.5529,7.6228,-24.0799,146,0.286670
TEL,2357,5.1793,5.2347,8.2561,-44.1146,24,0.047124
TEL,2416,6.1226,6.0320,7.4401,-44.1146,44,0.086394
TEL,2420,6.3969,6.3802,7.0932,-44.1146,44,0.086394
TEL,2425,6.8600,6.8150,6.6601,-44.1146,44,0.086394
TEL,2430,6.7571,6.7616,6.7132,-44.1146,44,0.086394
TEL,2436,8.0605,7.6616,5.8167,-44.1146,44,0.086394
TEL,2441,8.1634,8.1427,5.3374,-44.1146,44,0.086394
TEL,2446,9.0380,8.9740,4.5091,-44.1146,44,0.086394
TEL,2451,10.2214,10.1665,3.3211,-44.1146,44,0.086394
TEL,2456,11.0960,11.0668,2.4241,-44.1146,44,0.086394
TEL,2461,12.2794,12.2299,1.2654,89.3290,44,0.086394
TEL,2639,6.0711,6.2695,7.1203,-114.1555,-89,-0.174751
TEL,2866,6.0711,6.0724,7.2423,-35.3800,114,0.223838
TEL,3003,9.1409,8.6976,4.7910,9.3639,35,0.068722
TEL,3097,8.5921,8.5937,4.9055,9.3639,-9,-0.017671
TEL,3102,8.4206,8.4584,5.0408,9.3639,-9,-0.017671
TEL,3107,9.2953,9.1332,4.3661,-18.0408,-9,-0.017671
TEL,3182,9.3296,9.3191,4.1783,-18.0408,18,0.035343
TEL,3187,9.3467,9.3426,4.1548,-18.0408,18,0.035343
TEL,3192,8.9351,9.1025,4.3948,-18.0408,18,0.035343
TEL,3197,9.8098,9.7166,3.7810,-18.0408,18,0.035343
TEL,3203,11.8506,11.7267,1.7722,-18.0408,18,0.035343
TEL,3231,0.0000,11.7267,0.0000,0.0000,18,0.035343
TEL,3300,0.0000,11.7267,0.0000,0.0000,0,0.000000
TEL,3321,0.0000,11.7267,0.0000,0.0000,0,0.000000
TEL,3342,0.0000,11.7267,0.0000,0.0000,0,0.000000
TEL,3362,0.0000,11.7267,0.0000,0.0000,0,0.000000
TEL,3391,0.0000,11.7267,0.0000,0.0000,0,0.000000
TEL,3412,0.0000,11.7267,0.0000,0.0000,0,0.000000
TEL,3433,0.0000,11.7267,0.0000,0.0000,0,0.000000
TEL,3453,0.0000,11.7267,0.0000,0.0000,0,0.000000
TEL,3475,0.0000,11.7267,0.0000,0.0000,0,0.000000
TEL,3495,0.0000,11.7267,0.0000,0.0000,0,0.000000
TEL,3516,0.0000,11.7267,0.0000,0.0000,0,0.000000
TEL,3522,18.7621,18.6273,-5.1273,146.1901,0,0.000000
TEL,3703,18.5563,18.5567,-4.8503,8.9667,-146,-0.286670
TEL,3880,20.8887,20.2684,-6.7676,48.0664,-8,-0.015708
TEL,3993,0.0000,20.2684,0.0000,0.0000,-48,-0.094248
TEL,4105,0.0000,20.2684,0.0000,0.0000,0,0.000000
TEL,4126,0.0000,20.2684,0.0000,0.0000,0,0.000000
TEL,4131,26.4796,20.2684,0.0000,0.0000,0,0.000000
TEL,4137,24.8675,24.7642,-11.2642,103.1277,0,0.000000
TEL,4294,25.4506,24.7642,0.0000,0.0000,-103,-0.202240
TEL,4452,25.5535,24.7642,0.0000,0.0000,0,0.000000
TEL,4458,24.3015,24.3056,-10.8056,33.5489,0,0.000000
TEL,4542,25.5535,24.3056,0.0000,0.0000,-33,-0.064795
TEL,4629,25.4506,24.3056,0.0000,0.0000,0,0.000000
TEL,4634,24.8160,24.7781,-11.2781,50.0800,0,0.000000
TEL,4733,25.5706,24.7781,0.0000,0.0000,-50,-0.098175
TEL,4835,25.5535,24.7781,0.0000,0.0000,0,0.000000
TEL,4841,24.7646,24.7656,-11.2656,44.9077,0,0.000000
TEL,4933,25.5535,24.7656,0.0000,0.0000,-44,-0.086394
TEL,5027,25.5706,24.7656,0.0000,0.0000,0,0.000000
TEL,5033,24.3015,24.5087,-11.0087,42.1312,0,0.000000
TEL,5124,25.0047,24.5087,0.0000,0.0000,-42,-0.082467
TEL,5215,24.6960,24.6725,-11.1725,50.3124,0,0.000000
TEL,5316,25.4506,24.6725,0.0000,0.0000,-50,-0.098175
TEL,5417,25.4506,24.6725,0.0000,0.0000,0,0.000000
TEL,5424,24.8332,24.8063,-11.3063,52.0815,0,0.000000
TEL,5525,25.0218,24.8063,0.0000,0.0000,-52,-0.102102
TEL,5628,25.5535,24.8063,0.0000,0.0000,0,0.000000
TEL,5635,25.2791,24.8063,0.0000,0.0000,0,0.000000
TEL,5640,24.7474,24.7588,-11.2588,51.0304,0,0.000000
TEL,5747,25.4506,24.7588,0.0000,0.0000,-51,-0.100138
TEL,5856,25.5535,24.7588,0.0000,0.0000,0,0.000000
TEL,5862,24.7474,24.7512,-11.2512,53.2296,0,0.000000
TEL,5971,25.5535,24.7512,0.0000,0.0000,-53,-0.104065
TEL,6083,24.9875,24.8602,-11.3602,56.9649,0,0.000000
TEL,6191,25.5535,24.8602,0.0000,0.0000,-56,-0.109956
TEL,6299,25.0218,24.8602,0.0000,0.0000,0,0.000000
TEL,6304,24.8675,24.8657,-11.3657,57.2245,0,0.000000
TEL,6419,25.4506,24.8657,0.0000,0.0000,-57,-0.111919
TEL,6535,25.0218,24.8657,0.0000,0.0000,0,0.000000
TEL,6540,24.8503,24.8585,-11.3585,58.7012,0,0.000000
TEL,6648,25.1247,24.8585,0.0000,0.0000,-58,-0.113883
TEL,6759,25.0218,24.8585,0.0000,0.0000,0,0.000000
TEL,6764,24.8675,24.8620,-11.3620,60.5529,0,0.000000
TEL,6875,25.5535,24.8620,0.0000,0.0000,-60,-0.117810
TEL,6987,25.4506,24.8620,0.0000,0.0000,0,0.000000
TEL,6993,24.8332,24.8526,-11.3526,62.0187,0,0.000000
TEL,7105,25.1076,24.8526,0.0000,0.0000,-62,-0.121737
TEL,7220,24.6788,24.7900,-11.2900,62.7091,0,0.000000
TEL,7334,25.0047,24.7900,0.0000,0.0000,-62,-0.121737
TEL,7448,25.5535,24.7900,0.0000,0.0000,0,0.000000
TEL,7454,25.1762,24.7900,0.0000,0.0000,0,0.000000
TEL,7459,25.2791,24.7900,0.0000,0.0000,0,0.000000
TEL,7465,25.1590,24.7900,0.0000,0.0000,0,0.000000
TEL,7471,25.2791,24.7900,0.0000,0.0000,0,0.000000
TEL,7477,24.8503,24.8297,-11.3297,65.9746,0,0.000000
TEL,7599,25.5535,24.8297,0.0000,0.0000,-65,-0.127627
TEL,7724,25.0218,24.8297,0.0000,0.0000,0,0.000000
TEL,7729,24.8503,24.8426,-11.3426,67.3305,0,0.000000
TEL,7854,25.4678,24.8426,0.0000,0.0000,-67,-0.131554
TEL,7980,25.4506,24.8426,0.0000,0.0000,0,0.000000
TEL,7985,25.2791,24.8426,0.0000,0.0000,0,0.000000
TEL,7991,25.1762,24.8426,0.0000,0.0000,0,0.000000
TEL,7996,25.2791,24.8426,0.0000,0.0000,0,0.000000
TEL,8002,24.7303,24.7881,-11.2881,67.8525,0,0.000000
TEL,8127,25.4506,24.7881,0.0000,0.0000,-67,-0.131554
TEL,8253,24.5931,24.6616,-11.1616,68.0141,0,0.000000
TEL,8373,25.1076,24.6616,0.0000,0.0000,-68,-0.133518
TEL,8494,24.9875,24.9198,-11.4198,76.0895,0,0.000000
TEL,8622,25.0047,24.9198,0.0000,0.0000,-76,-0.149226
TEL,8750,25.4506,24.9198,0.0000,0.0000,0,0.000000
TEL,8755,25.2791,24.9198,0.0000,0.0000,0,0.000000
TEL,8761,25.1762,24.9198,0.0000,0.0000,0,0.000000
TEL,8767,24.8503,24.8588,-11.3588,73.0674,0,0.000000
TEL,8897,25.0390,24.8588,0.0000,0.0000,-73,-0.143335
TEL,9029,25.0218,24.8588,0.0000,0.0000,0,0.000000
TEL,9035,24.8503,24.8528,-11.3528,75.5006,0,0.000000
TEL,9167,25.4678,24.8528,0.0000,0.0000,-75,-0.147262
TEL,9300,25.1247,24.8528,0.0000,0.0000,0,0.000000
TEL,9307,24.7474,24.8043,-11.3043,76.3941,0,0.000000
TEL,9433,25.1419,24.8043,0.0000,0.0000,-76,-0.149226
TEL,9561,25.1247,24.8043,0.0000,0.0000,0,0.000000
TEL,9567,25.1762,24.8043,0.0000,0.0000,0,0.000000
TEL,9572,25.2791,24.8043,0.0000,0.0000,0,0.000000
TEL,9578,24.7474,24.7687,-11.2687,78.1114,0,0.000000
TEL,9706,25.5535,24.7687,0.0000,0.0000,-78,-0.153153
TEL,9836,25.0047,24.7687,0.0000,0.0000,0,0.000000
TEL,9842,24.8332,24.8076,-11.3076,80.9809,0,0.000000
TEL,9972,25.5706,24.8076,0.0000,0.0000,-80,-0.157080
TEL,10103,25.5706,24.8076,0.0000,0.0000,0,0.000000
TEL,10109,24.7303,24.7603,-11.2603,81.2638,0,0.000000
TEL,10247,25.5706,24.7603,0.0000,0.0000,-81,-0.159043
TEL,10387,25.4506,24.7603,0.0000,0.0000,0,0.000000
TEL,10392,25.2791,24.7603,0.0000,0.0000,0,0.000000
TEL,10398,25.1762,24.7603,0.0000,0.0000,0,0.000000
TEL,10404,24.8160,24.7961,-11.2961,84.2400,0,0.000000
TEL,10537,25.0047,24.7961,0.0000,0.0000,-84,-0.164934
TEL,10673,24.6788,24.7251,-11.2251,84.1365,0,0.000000
TEL,10808,25.5535,24.7251,0.0000,0.0000,-84,-0.164934
TEL,10944,24.6960,24.7046,-11.2046,86.4283,0,0.000000
TEL,11080,25.1419,24.7046,0.0000,0.0000,-86,-0.168861
TEL,11217,25.1419,24.7046,0.0000,0.0000,0,0.000000
TEL,11224,24.7474,24.7281,-11.2281,88.8005,0,0.000000
TEL,11361,25.4678,24.7281,0.0000,0.0000,-88,-0.172788
TEL,11500,24.6788,24.7019,-11.2019,89.6652,0,0.000000
TEL,11646,25.0390,24.7019,0.0000,0.0000,-89,-0.174751
TEL,11793,25.0390,24.7019,0.0000,0.0000,0,0.000000
TEL,11798,25.2791,24.7019,0.0000,0.0000,0,0.000000
TEL,11804,24.7474,24.7266,-11.2266,92.1390,0,0.000000
TEL,11944,25.5535,24.7266,0.0000,0.0000,-92,-0.180642
TEL,12087,25.1076,24.7266,0.0000,0.0000,0,0.000000
TEL,12093,24.7131,24.7194,-11.2194,93.3279,0,0.000000
TEL,12241,25.0047,24.7194,0.0000,0.0000,-93,-0.182605
TEL,12392,24.9875,24.8315,-11.3315,97.1109,0,0.000000
TEL,12545,25.1076,24.8315,0.0000,0.0000,-97,-0.190459
TEL,12698,25.1076,24.8315,0.0000,0.0000,0,0.000000
TEL,12704,24.3015,24.4271,-10.9271,89.9450,0,0.000000
TEL,12850,25.5535,24.4271,0.0000,0.0000,-89,-0.174751
TEL,12996,25.4506,24.4271,0.0000,0.0000,0,0.000000
TEL,13001,25.2791,24.4271,0.0000,0.0000,0,0.000000
TEL,13007,24.7131,24.6891,-11.1891,101.9447,0,0.000000
TEL,13162,25.1419,24.6891,0.0000,0.0000,-101,-0.198313
TEL,13320,24.6788,24.6801,-11.1801,99.7729,0,0.000000
TEL,13474,25.5706,24.6801,0.0000,0.0000,-99,-0.194386
TEL,13630,25.0047,24.6801,0.0000,0.0000,0,0.000000
TEL,13635,24.4044,24.5353,-11.0353,98.9521,0,0.000000
TEL,13780,25.1076,24.5353,0.0000,0.0000,-98,-0.192423
TEL,13928,25.0904,24.5353,0.0000,0.0000,0,0.000000
TEL,13934,24.7131,24.6786,-11.1786,105.1966,0,0.000000
TEL,14093,24.9875,24.9302,-11.1881,105.0194,-105,-0.206167
TEL,14099,25.0562,24.9302,0.0000,0.0000,-105,-0.206167
TEL,14257,25.5535,24.9302,0.0000,0.0000,0,0.000000
TEL,14263,24.7131,24.7399,-11.2399,107.4769,0,0.000000
TEL,14423,25.1419,24.7399,0.0000,0.0000,-107,-0.210094
TEL,14584,25.1419,24.7399,0.0000,0.0000,0,0.000000
TEL,14590,25.1762,24.7399,0.0000,0.0000,0,0.000000
TEL,14596,24.8503,24.8337,-11.3337,110.1064,0,0.000000
TEL,14751,25.0218,24.8337,0.0000,0.0000,-110,-0.215984
TEL,14908,25.0904,24.8337,0.0000,0.0000,0,0.000000
TEL,14914,24.7131,24.7419,-11.2419,108.8220,0,0.000000
TEL,15068,25.5706,24.7419,0.0000,0.0000,-108,-0.212057
TEL,15223,25.0047,24.7419,0.0000,0.0000,0,0.000000
TEL,15229,24.8332,24.8107,-11.3107,113.0139,0,0.000000
TEL,15393,25.1076,24.8107,0.0000,0.0000,-113,-0.221875
TEL,15560,25.4678,24.8107,0.0000,0.0000,0,0.000000
TEL,15566,24.8332,24.8267,-11.3267,114.0165,0,0.000000
TEL,15724,25.5535,24.8267,0.0000,0.0000,-114,-0.223838
TEL,15885,25.0904,24.8267,0.0000,0.0000,0,0.000000
TEL,15890,24.8160,24.8211,-11.3211,115.3711,0,0.000000
TEL,16057,25.4678,24.8211,0.0000,0.0000,-115,-0.225802
TEL,16224,25.5535,24.8211,0.0000,0.0000,0,0.000000
TEL,16230,25.1762,24.8211,0.0000,0.0000,0,0.000000
TEL,16236,24.8503,24.8328,-11.3328,117.3400,0,0.000000
TEL,16404,25.1247,24.8328,0.0000,0.0000,-117,-0.229729
TEL,16573,24.9875,24.8961,-11.3961,119.9969,0,0.000000
TEL,16744,25.0047,24.8961,0.0000,0.0000,-119,-0.233656
TEL,16915,25.4506,24.8961,0.0000,0.0000,0,0.000000
TEL,16920,25.2791,24.8961,0.0000,0.0000,0,0.000000
TEL,16926,24.7646,24.8086,-11.3086,119.2242,0,0.000000
TEL,17095,25.1247,24.8086,0.0000,0.0000,-119,-0.233656
TEL,17266,25.0904,24.8086,0.0000,0.0000,0,0.000000
TEL,17272,24.4044,24.5093,-11.0093,116.7432,0,0.000000
TEL,17432,25.0047,24.5093,0.0000,0.0000,-116,-0.227765
TEL,17594,25.0218,24.5093,0.0000,0.0000,0,0.000000
TEL,17599,24.8675,24.8287,-11.3287,128.3169,0,0.000000
TEL,17768,25.5535,24.8287,0.0000,0.0000,-128,-0.251327
TEL,17939,25.4506,24.8287,0.0000,0.0000,0,0.000000
TEL,17944,24.8675,24.8636,-11.3636,126.1511,0,0.000000
TEL,18112,25.0390,24.8636,0.0000,0.0000,-126,-0.247400
TEL,18281,25.0390,24.8636,0.0000,0.0000,0,0.000000
TEL,18287,24.8503,24.8551,-11.3551,127.1957,0,0.000000
TEL,18461,25.1419,24.8551,0.0000,0.0000,-127,-0.249364
TEL,18638,25.1419,24.8551,0.0000,0.0000,0,0.000000
TEL,18644,25.1762,24.8551,0.0000,0.0000,0,0.000000
TEL,18651,24.8675,24.8608,-11.3608,129.1011,0,0.000000
TEL,18827,25.0218,24.8608,0.0000,0.0000,-129,-0.253291
TEL,19005,25.4506,24.8608,0.0000,0.0000,0,0.000000
TEL,19011,24.8160,24.8440,-11.3440,130.4041,0,0.000000
TEL,19181,25.0390,24.8440,0.0000,0.0000,-130,-0.255254
TEL,19353,25.0390,24.8440,0.0000,0.0000,0,0.000000
TEL,19358,25.2448,24.8440,0.0000,0.0000,0,0.000000
TEL,19364,25.1933,24.8440,0.0000,0.0000,0,0.000000
TEL,19369,25.2791,24.8440,0.0000,0.0000,0,0.000000
TEL,19376,25.1933,24.8440,0.0000,0.0000,0,0.000000
TEL,19382,24.8675,24.8544,-11.3544,132.5101,0,0.000000
TEL,19553,25.5535,24.8544,0.0000,0.0000,-132,-0.259181
TEL,19726,25.5535,24.8544,0.0000,0.0000,0,0.000000
TEL,19732,24.7646,24.8173,-11.3173,133.3810,0,0.000000
TEL,19912,24.2672,24.5023,-10.6292,123.1978,-133,-0.261145
TEL,19950,24.6274,24.6142,-10.7916,123.1978,-123,-0.241510
TEL,19956,23.9071,24.0578,-10.2514,123.1978,-123,-0.241510
TEL,19963,24.2329,24.2218,-10.4106,123.1978,-123,-0.241510
TEL,19970,24.2501,24.2454,-10.4336,123.1978,-123,-0.241510
TEL,19976,23.9242,24.0567,-10.2503,123.1978,-123,-0.241510
TEL,19982,22.9295,23.1083,-9.3295,123.1978,-123,-0.241510
TEL,19988,22.2950,22.3268,-8.5707,123.1978,-123,-0.241510
TEL,19994,21.8834,21.9040,-8.1601,123.1978,-123,-0.241510
TEL,20000,21.8834,21.8850,-8.1417,123.1978,-123,-0.241510
TEL,20006,21.8319,21.8541,-8.1117,123.1978,-123,-0.241510
TEL,20013,22.2435,22.0782,-8.3293,93.0267,-123,-0.241510
TEL,20086,23.3411,23.1652,-9.5045,93.0267,-93,-0.182605
TEL,20092,23.2211,23.2192,-9.5576,93.0267,-93,-0.182605
TEL,20099,23.2726,23.2564,-9.5942,93.0267,-93,-0.182605
TEL,20104,23.2039,23.2239,-9.5622,93.0267,-93,-0.182605
TEL,20110,22.7923,22.9697,-9.3123,93.0267,-93,-0.182605
TEL,20116,23.6841,23.5942,-9.9264,155.2245,-93,-0.182605
TEL,20230,23.8042,23.7922,-9.8192,132.3931,-155,-0.304342
TEL,20299,24.1815,24.1250,-10.2701,132.3931,-132,-0.259181
TEL,20306,23.8899,23.9131,-10.0653,132.3931,-132,-0.259181
TEL,20312,18.0418,18.8572,-5.1782,132.3931,-132,-0.259181
TEL,20318,21.3517,21.3323,-7.5707,132.3931,-132,-0.259181
TEL,20324,23.4955,23.4616,-9.6289,132.3931,-132,-0.259181
TEL,20330,23.9585,23.9496,-10.1005,140.4139,-132,-0.259181
TEL,20363,26.6682,23.9496,0.0000,0.0000,-140,-0.274889
TEL,20541,12.5023,13.3096,0.1904,-47.2127,0,0.000000
TEL,20645,12.8625,12.8642,0.6331,88.9647,47,0.092284
TEL,20828,13.5999,13.5439,-0.0433,107.2454,-88,-0.172788
TEL,20891,13.5485,13.5483,-0.0472,107.2454,-107,-0.210094
TEL,20896,12.8796,13.2049,0.2886,107.2454,-107,-0.210094
TEL,20902,12.9997,13.0200,0.4694,107.2454,-107,-0.210094
TEL,20908,12.8796,12.9012,0.5857,107.2454,-107,-0.210094
TEL,20914,13.1026,13.0608,0.4295,107.2454,-107,-0.210094
TEL,20919,13.2741,13.2372,0.2570,107.2454,-107,-0.210094
TEL,20925,13.8743,13.7722,-0.2662,107.2454,-107,-0.210094
TEL,20930,13.2741,13.3068,0.1889,93.5976,-107,-0.210094
TEL,20976,14.7833,14.6745,-1.1550,93.5976,-93,-0.182605
TEL,20981,14.2345,14.2467,-0.7343,93.5976,-93,-0.182605
TEL,20986,14.6632,14.6304,-1.1116,93.5976,-93,-0.182605
TEL,20993,14.7661,14.7544,-1.2335,93.5976,-93,-0.182605
TEL,20998,14.6461,14.6677,-1.1483,93.5976,-93,-0.182605
TEL,21004,15.0748,14.9722,-1.4477,93.5976,-93,-0.182605
TEL,21009,15.4864,15.4315,-1.8994,93.5976,-93,-0.182605
TEL,21015,15.4864,15.4823,-1.9494,93.5976,-93,-0.182605
TEL,21020,15.4693,15.4734,-1.9406,93.5976,-93,-0.182605
TEL,21026,15.8980,15.6758,-2.1397,93.5976,-93,-0.182605
TEL,21031,15.4350,15.4718,-1.9391,135.1149,-93,-0.182605
TEL,21122,14.1659,14.3539,-0.8241,135.1149,-135,-0.265072
TEL,21127,13.4799,13.5092,-0.0089,135.1149,-135,-0.265072
TEL,21133,13.3941,13.3991,0.0973,68.9456,-135,-0.265072
TEL,21257,13.7028,13.6384,-0.1371,101.6797,-68,-0.133518
TEL,21366,0.0000,13.6384,0.0000,0.0000,-101,-0.198313
TEL,21543,0.0000,13.6384,0.0000,0.0000,0,0.000000
TEL,21565,0.0000,13.6384,0.0000,0.0000,0,0.000000
TEL,21585,0.0000,13.6384,0.0000,0.0000,0,0.000000
TEL,21607,0.0000,13.6384,0.0000,0.0000,0,0.000000
TEL,21627,0.0000,13.6384,0.0000,0.0000,0,0.000000
TEL,21648,0.0000,13.6384,0.0000,0.0000,0,0.000000
TEL,21669,0.0000,13.6384,0.0000,0.0000,0,0.000000
TEL,21698,0.0000,13.6384,0.0000,0.0000,0,0.000000
TEL,21719,0.0000,13.6384,0.0000,0.0000,0,0.000000
TEL,21740,0.0000,13.6384,0.0000,0.0000,0,0.000000
TEL,21761,0.0000,13.6384,0.0000,0.0000,0,0.000000
TEL,21782,0.0000,13.6384,0.0000,0.0000,0,0.000000
TEL,21803,0.0000,13.6384,0.0000,0.0000,0,0.000000
TEL,21823,0.0000,13.6384,0.0000,0.0000,0,0.000000
TEL,21852,0.0000,13.6384,0.0000,0.0000,0,0.000000
TEL,21873,0.0000,13.6384,0.0000,0.0000,0,0.000000
TEL,21894,0.0000,13.6384,0.0000,0.0000,0,0.000000
TEL,21915,0.0000,13.6384,0.0000,0.0000,0,0.000000
TEL,21936,0.0000,13.6384,0.0000,0.0000,0,0.000000
TEL,21956,0.0000,13.6384,0.0000,0.0000,0,0.000000
TEL,21978,0.0000,13.6384,0.0000,0.0000,0,0.000000
TEL,22006,0.0000,13.6384,0.0000,0.0000,0,0.000000
TEL,22027,0.0000,13.6384,0.0000,0.0000,0,0.000000
TEL,22048,0.0000,13.6384,0.0000,0.0000,0,0.000000
TEL,22069,0.0000,13.6384,0.0000,0.0000,0,0.000000
TEL,22090,0.0000,13.6384,0.0000,0.0000,0,0.000000
TEL,22111,0.0000,13.6384,0.0000,0.0000,0,0.000000
TEL,22131,0.0000,13.6384,0.0000,0.0000,0,0.000000
TEL,22160,0.0000,13.6384,0.0000,0.0000,0,0.000000
TEL,22181,0.0000,13.6384,0.0000,0.0000,0,0.000000
TEL,22202,0.0000,13.6384,0.0000,0.0000,0,0.000000
TEL,22223,0.0000,13.6384,0.0000,0.0000,0,0.000000
TEL,22244,0.0000,13.6384,0.0000,0.0000,0,0.000000
TEL,22265,0.0000,13.6384,0.0000,0.0000,0,0.000000
TEL,22286,0.0000,13.6384,0.0000,0.0000,0,0.000000
TEL,22291,16.6870,16.2945,-2.7945,146.2345,0,0.000000
TEL,22472,12.9139,12.9635,0.5146,49.8722,-146,-0.286670
TEL,22626,15.3492,15.3213,-1.8128,138.0390,-49,-0.096211
TEL,22772,15.0405,15.0452,-1.4888,99.8689,-138,-0.270962
TEL,22866,15.9666,15.8630,-2.3184,99.8689,-99,-0.194386
TEL,22873,15.4178,15.4378,-1.9013,112.0528,-99,-0.194386
TEL,22922,15.9838,15.9404,-2.3816,112.0528,-112,-0.219911
TEL,22927,15.2978,15.3422,-1.7978,112.0528,-112,-0.219911
TEL,22933,15.2978,15.3004,-1.7571,112.0528,-112,-0.219911
TEL,22938,15.2978,15.2987,-1.7554,112.0528,-112,-0.219911
TEL,22944,15.2978,15.2983,-1.7550,112.0528,-112,-0.219911
TEL,22950,15.3149,15.3033,-1.7598,112.0528,-112,-0.219911
TEL,22956,15.2978,15.3016,-1.7583,112.0528,-112,-0.219911
TEL,22962,15.2978,15.3007,-1.7573,112.0528,-112,-0.219911
TEL,22967,15.3149,15.3038,-1.7603,112.0528,-112,-0.219911
TEL,22973,15.4007,15.3258,-1.7818,104.4057,-112,-0.219911
TEL,23005,16.3954,15.7936,-2.2459,104.4057,-104,-0.204204
TEL,23010,15.7094,15.7158,-2.1698,104.4057,-104,-0.204204
TEL,23016,15.3492,15.4440,-1.9036,104.4057,-104,-0.204204
TEL,23021,15.6922,15.6632,-2.1182,104.4057,-104,-0.204204
TEL,23027,15.2463,15.3030,-1.7655,104.4057,-104,-0.204204
TEL,23032,14.8347,14.8778,-1.3492,104.4057,-104,-0.204204
TEL,23038,14.8347,14.8382,-1.3104,104.4057,-104,-0.204204
TEL,23044,14.8176,14.8247,-1.2971,104.4057,-104,-0.204204
TEL,23050,15.2463,15.0349,-1.5030,104.4057,-104,-0.204204
TEL,23055,15.2463,15.2150,-1.6794,104.4057,-104,-0.204204
TEL,23061,14.3717,14.5044,-0.9835,104.4057,-104,-0.204204
TEL,23066,14.3545,14.3622,-0.8443,104.4057,-104,-0.204204
TEL,23072,14.3545,14.3559,-0.8382,104.4057,-104,-0.204204
TEL,23078,14.3545,14.3553,-0.8375,89.3510,-104,-0.204204
TEL,23132,13.7886,14.1637,-0.6536,89.3510,-89,-0.174751
TEL,23137,13.1540,13.3188,0.1784,89.3510,-89,-0.174751
TEL,23142,13.2741,13.2760,0.2205,89.3510,-89,-0.174751
TEL,23148,13.3427,13.3207,0.1766,89.3510,-89,-0.174751
TEL,23153,12.8110,12.9940,0.4983,89.3510,-89,-0.174751
TEL,23158,12.7253,12.7527,0.7359,89.3510,-89,-0.174751
TEL,23164,12.8110,12.8037,0.6857,89.3510,-89,-0.174751
TEL,23170,12.8796,12.8555,0.6347,89.3510,-89,-0.174751
TEL,23175,12.8110,12.8260,0.6638,89.3510,-89,-0.174751
TEL,23180,12.8110,12.8173,0.6723,75.5359,-89,-0.174751
TEL,23226,13.5999,13.1656,0.3308,75.5359,-75,-0.147262
TEL,23231,13.1883,13.1861,0.3105,75.5359,-75,-0.147262
TEL,23237,13.1883,13.1874,0.3092,75.5359,-75,-0.147262
TEL,23242,13.5999,13.3451,0.1532,75.5359,-75,-0.147262
TEL,23247,13.5999,13.5521,-0.0515,75.5359,-75,-0.147262
TEL,23254,13.9772,13.9164,-0.4119,75.5359,-75,-0.147262
TEL,23259,14.2859,14.2522,-0.7441,75.5359,-75,-0.147262
TEL,23264,14.7147,14.6698,-1.1572,75.5359,-75,-0.147262
TEL,23270,14.6975,14.6953,-1.1824,75.5359,-75,-0.147262
TEL,23275,14.2345,14.4148,-0.9049,75.5359,-75,-0.147262
TEL,23281,14.7490,14.7102,-1.1971,130.2293,-75,-0.147262
TEL,23393,13.8057,13.9033,-0.3902,89.6962,-130,-0.255254
TEL,23489,13.9601,13.9575,-0.4506,89.6962,-89,-0.174751
TEL,23495,13.5313,13.6601,-0.1577,96.8731,-89,-0.174751
TEL,23528,15.6236,15.4087,-1.8749,96.8731,-96,-0.188496
TEL,23534,15.1263,15.1325,-1.6036,96.8731,-96,-0.188496
TEL,23539,15.0234,15.0357,-1.5085,96.8731,-96,-0.188496
TEL,23545,15.4350,15.3423,-1.8097,96.8731,-96,-0.188496
TEL,23550,14.9719,15.0112,-1.4844,96.8731,-96,-0.188496
TEL,23557,14.5432,14.5892,-1.0699,96.8731,-96,-0.188496
TEL,23562,14.9719,14.9412,-1.4157,96.8731,-96,-0.188496
TEL,23567,14.5089,14.5492,-1.0306,96.8731,-96,-0.188496
TEL,23573,14.6118,14.6065,-1.0869,96.8731,-96,-0.188496
TEL,23578,13.6171,13.9128,-0.4055,96.8731,-96,-0.188496
TEL,23584,13.6171,13.6326,-0.1303,96.8731,-96,-0.188496
TEL,23589,13.1712,13.2227,0.2723,96.8731,-96,-0.188496
TEL,23595,12.8625,12.8922,0.5970,86.5738,-96,-0.188496
TEL,23631,12.4509,12.4942,0.9915,86.5738,-86,-0.168861
TEL,23636,11.9192,11.9678,1.5104,86.5738,-86,-0.168861
TEL,23642,11.9364,11.9385,1.5393,86.5738,-86,-0.168861
TEL,23647,12.3651,12.2051,1.2765,86.5738,-86,-0.168861
TEL,23653,12.8796,12.7983,0.6917,86.5738,-86,-0.168861
TEL,23658,12.7767,12.7780,0.7117,86.5738,-86,-0.168861
TEL,23663,13.1712,13.0105,0.4826,86.5738,-86,-0.168861
TEL,23669,13.7028,13.6093,-0.1078,86.5738,-86,-0.168861
TEL,23674,12.9654,13.0036,0.4893,86.5738,-86,-0.168861
TEL,23680,13.5313,13.5005,-0.0005,86.5738,-86,-0.168861
TEL,23686,13.8057,13.7845,-0.2804,86.5738,-86,-0.168861
TEL,23691,14.2002,14.1542,-0.6449,86.5738,-86,-0.168861
TEL,23697,14.6632,14.6175,-1.1016,127.6261,-86,-0.168861
TEL,23791,11.9364,12.1351,1.3227,127.6261,-127,-0.249364
TEL,23796,11.3876,11.3993,2.0357,127.6261,-127,-0.249364
TEL,23802,11.9021,11.8774,1.5724,55.8731,-127,-0.249364
TEL,23924,11.9364,11.9322,1.5587,93.3481,-55,-0.107992
TEL,24035,0.0000,11.9322,0.0000,0.0000,-93,-0.182605
TEL,24206,0.0000,11.9322,0.0000,0.0000,0,0.000000
TEL,24226,0.0000,11.9322,0.0000,0.0000,0,0.000000
TEL,24247,0.0000,11.9322,0.0000,0.0000,0,0.000000
TEL,24268,0.0000,11.9322,0.0000,0.0000,0,0.000000
TEL,24289,0.0000,11.9322,0.0000,0.0000,0,0.000000
TEL,24310,0.0000,11.9322,0.0000,0.0000,0,0.000000
TEL,24331,0.0000,11.9322,0.0000,0.0000,0,0.000000
TEL,24359,0.0000,11.9322,0.0000,0.0000,0,0.000000
TEL,24380,0.0000,11.9322,0.0000,0.0000,0,0.000000
TEL,24401,0.0000,11.9322,0.0000,0.0000,0,0.000000
TEL,24422,0.0000,11.9322,0.0000,0.0000,0,0.000000
TEL,24443,0.0000,11.9322,0.0000,0.0000,0,0.000000
TEL,24464,0.0000,11.9322,0.0000,0.0000,0,0.000000
TEL,24485,0.0000,11.9322,0.0000,0.0000,0,0.000000
TEL,24514,0.0000,11.9322,0.0000,0.0000,0,0.000000
TEL,24535,0.0000,11.9322,0.0000,0.0000,0,0.000000
TEL,24555,0.0000,11.9322,0.0000,0.0000,0,0.000000
TEL,24577,0.0000,11.9322,0.0000,0.0000,0,0.000000
TEL,24597,0.0000,11.9322,0.0000,0.0000,0,0.000000
TEL,24619,0.0000,11.9322,0.0000,0.0000,0,0.000000
TEL,24639,0.0000,11.9322,0.0000,0.0000,0,0.000000
TEL,24668,0.0000,11.9322,0.0000,0.0000,0,0.000000
TEL,24689,0.0000,11.9322,0.0000,0.0000,0,0.000000
TEL,24710,0.0000,11.9322,0.0000,0.0000,0,0.000000
TEL,24730,0.0000,11.9322,0.0000,0.0000,0,0.000000
TEL,24752,0.0000,11.9322,0.0000,0.0000,0,0.000000
TEL,24772,0.0000,11.9322,0.0000,0.0000,0,0.000000
TEL,24794,0.0000,11.9322,0.0000,0.0000,0,0.000000
TEL,24822,0.0000,11.9322,0.0000,0.0000,0,0.000000
TEL,24843,0.0000,11.9322,0.0000,0.0000,0,0.000000
TEL,24863,0.0000,11.9322,0.0000,0.0000,0,0.000000
TEL,24885,0.0000,11.9322,0.0000,0.0000,0,0.000000
TEL,24905,0.0000,11.9322,0.0000,0.0000,0,0.000000
TEL,24927,0.0000,11.9322,0.0000,0.0000,0,0.000000
TEL,24947,0.0000,11.9322,0.0000,0.0000,0,0.000000
TEL,24976,0.0000,11.9322,0.0000,0.0000,0,0.000000
TEL,24997,0.0000,11.9322,0.0000,0.0000,0,0.000000
TEL,25018,0.0000,11.9322,0.0000,0.0000,0,0.000000
TEL,25038,0.0000,11.9322,0.0000,0.0000,0,0.000000
TEL,25060,0.0000,11.9322,0.0000,0.0000,0,0.000000
TEL,25080,0.0000,11.9322,0.0000,0.0000,0,0.000000
TEL,25102,0.0000,11.9322,0.0000,0.0000,0,0.000000
TEL,25107,16.4297,15.0653,-1.5653,149.1416,0,0.000000
TEL,25297,13.7028,13.7199,-0.2105,81.2281,-149,-0.292561
TEL,25417,13.6514,13.6533,-0.1514,99.1751,-81,-0.159043
TEL,25473,16.3954,15.6412,-2.1009,99.1751,-99,-0.194386
TEL,25479,15.8466,15.8426,-2.2985,99.1751,-99,-0.194386
TEL,25484,16.3097,16.2431,-2.6914,99.1751,-99,-0.194386
TEL,25490,15.8809,15.9114,-2.3660,99.1751,-99,-0.194386
TEL,25495,15.4864,15.5281,-1.9899,99.1751,-99,-0.194386
TEL,25501,15.9495,15.9128,-2.3674,99.1751,-99,-0.194386
TEL,25506,15.5207,15.5548,-2.0161,99.1751,-99,-0.194386
TEL,25512,15.1263,15.1657,-1.6344,99.1751,-99,-0.194386
TEL,25518,14.6975,14.7378,-1.2145,119.1564,-99,-0.194386
TEL,25575,14.5260,14.5428,-1.0145,119.1564,-119,-0.233656
TEL,25581,13.9429,14.0312,-0.5168,119.1564,-119,-0.233656
TEL,25586,13.8400,13.8531,-0.3435,119.1564,-119,-0.233656
TEL,25592,14.8176,14.6665,-1.1348,119.1564,-119,-0.233656
TEL,25597,14.3031,14.3195,-0.7972,119.1564,-119,-0.233656
TEL,25604,14.3202,14.3202,-0.7979,119.1564,-119,-0.233656
TEL,25609,14.7318,14.5178,-0.9901,119.1564,-119,-0.233656
TEL,25615,15.1949,15.0894,-1.5462,119.1564,-119,-0.233656
TEL,25621,15.1949,15.1884,-1.6425,112.1447,-119,-0.233656
TEL,25654,16.7898,16.4268,-2.8563,112.1447,-112,-0.219911
TEL,25660,17.0128,16.9949,-3.4107,112.1447,-112,-0.219911
TEL,25666,16.5840,16.6095,-3.0346,112.1447,-112,-0.219911
TEL,25671,16.5840,16.5862,-3.0119,112.1447,-112,-0.219911
TEL,25677,16.1896,16.3487,-2.7800,112.1447,-112,-0.219911
TEL,25682,16.1724,16.1958,-2.6309,112.1447,-112,-0.219911
TEL,25689,17.0642,16.9116,-3.3294,112.1447,-112,-0.219911
TEL,25695,16.2239,16.2588,-2.6923,112.1447,-112,-0.219911
TEL,25700,16.2239,16.2258,-2.6602,112.1447,-112,-0.219911
TEL,25706,15.8123,15.9616,-2.4023,112.1447,-112,-0.219911
TEL,25711,15.8123,15.8304,-2.2743,112.1447,-112,-0.219911
TEL,25717,15.4007,15.4840,-1.9362,112.1447,-112,-0.219911
TEL,25723,15.4007,15.4087,-1.8627,110.3548,-112,-0.219911
TEL,25734,16.5497,16.2485,-2.6846,110.3548,-110,-0.215984
TEL,25740,15.4521,15.4872,-1.9410,110.3548,-110,-0.215984
TEL,25745,15.0405,15.0618,-1.5255,110.3548,-110,-0.215984
TEL,25751,14.6118,14.6476,-1.1209,110.3548,-110,-0.215984
TEL,25756,14.6289,14.6305,-1.1042,110.3548,-110,-0.215984
TEL,25762,14.6804,14.6591,-1.1322,110.3548,-110,-0.215984
TEL,25767,14.6118,14.6325,-1.1061,110.3548,-110,-0.215984
TEL,25774,14.3031,14.4508,-0.9287,110.3548,-110,-0.215984
TEL,25779,14.2002,14.2413,-0.7241,110.3548,-110,-0.215984
TEL,25785,14.3031,14.2944,-0.7759,110.3548,-110,-0.215984
TEL,25790,14.2002,14.2298,-0.7128,110.3548,-110,-0.215984
TEL,25796,14.7661,14.6037,-1.0780,110.3548,-110,-0.215984
TEL,25801,14.6632,14.6579,-1.1310,110.3548,-110,-0.215984
TEL,25807,14.7833,14.7449,-1.2159,110.3548,-110,-0.215984
TEL,25812,14.2688,14.3918,-0.8711,110.3548,-110,-0.215984
TEL,25819,14.3545,14.3581,-0.8381,110.3548,-110,-0.215984
TEL,25824,14.2516,14.2904,-0.7720,87.9191,-110,-0.215984
TEL,25892,16.2754,15.6791,-2.1474,87.9191,-87,-0.170824
TEL,25899,16.6183,16.5926,-3.0475,87.9191,-87,-0.170824
TEL,25904,16.2067,16.2223,-2.6827,87.9191,-87,-0.170824
TEL,25910,16.2067,16.2081,-2.6687,87.9191,-87,-0.170824
TEL,25915,16.6183,16.4372,-2.8945,87.9191,-87,-0.170824
TEL,25921,17.0985,17.0078,-3.4567,87.9191,-87,-0.170824
TEL,25927,17.0299,17.0286,-3.4772,151.9942,-87,-0.170824
TEL,26041,17.3729,17.2328,-3.5700,116.2795,-151,-0.296488
TEL,26130,16.1210,16.2870,-2.7150,116.2795,-116,-0.227765
TEL,26136,15.4350,15.4684,-1.9176,116.2795,-116,-0.227765
TEL,26141,15.4521,15.4529,-1.9024,85.5029,-116,-0.227765
TEL,26223,16.2410,15.9048,-2.3714,85.5029,-85,-0.166897
TEL,26228,15.5893,15.6139,-2.0845,85.5029,-85,-0.166897
TEL,26234,15.1606,15.2099,-1.6861,85.5029,-85,-0.166897
TEL,26240,15.5207,15.4948,-1.9671,85.5029,-85,-0.166897
TEL,26246,15.5893,15.5789,-2.0500,111.8022,-85,-0.166897
TEL,26312,16.1210,15.9852,-2.4264,111.8022,-111,-0.217948
TEL,26318,15.4350,15.4812,-1.9343,111.8022,-111,-0.217948
TEL,26324,15.8637,15.8374,-2.2821,111.8022,-111,-0.217948
TEL,26330,15.8809,15.8769,-2.3207,111.8022,-111,-0.217948
TEL,26336,15.4521,15.5989,-2.0492,111.8022,-111,-0.217948
TEL,26341,15.8637,15.8330,-2.2778,111.8022,-111,-0.217948
TEL,26347,15.8809,15.8747,-2.3185,114.8709,-111,-0.217948
TEL,26365,16.5497,16.3181,-2.7478,114.8709,-114,-0.223838
TEL,26372,15.8809,15.9152,-2.3550,114.8709,-114,-0.223838
TEL,26377,15.8637,15.8680,-2.3090,114.8709,-114,-0.223838
TEL,26383,16.2925,16.1554,-2.5892,114.8709,-114,-0.223838
TEL,26388,15.8637,15.8967,-2.3369,114.8709,-114,-0.223838
TEL,26394,16.2754,16.2300,-2.6619,114.8709,-114,-0.223838
TEL,26400,15.8809,15.9151,-2.3548,114.8709,-114,-0.223838
TEL,26405,15.8637,15.8690,-2.3099,114.8709,-114,-0.223838
TEL,26412,15.8637,15.8655,-2.3065,114.8709,-114,-0.223838
TEL,26417,15.8637,15.8647,-2.3057,114.8709,-114,-0.223838
TEL,26423,15.8637,15.8644,-2.3054,114.8709,-114,-0.223838
TEL,26428,15.8637,15.8643,-2.3053,114.8709,-114,-0.223838
TEL,26434,15.8637,15.8642,-2.3052,114.8709,-114,-0.223838
TEL,26440,15.8637,15.8641,-2.3051,114.8709,-114,-0.223838
TEL,26445,16.2754,15.9233,-2.3628,114.8709,-114,-0.223838
TEL,26451,16.2754,16.1412,-2.5753,116.0729,-114,-0.223838
TEL,26462,16.9613,16.8453,-3.2589,116.0729,-116,-0.227765
TEL,26468,16.7041,16.7114,-3.1284,116.0729,-116,-0.227765
TEL,26474,16.2754,16.3577,-2.7839,116.0729,-116,-0.227765
TEL,26479,16.6870,16.6560,-3.0745,116.0729,-116,-0.227765
TEL,26485,16.6870,16.6837,-3.1014,116.0729,-116,-0.227765
TEL,26491,16.6870,16.6857,-3.1034,116.0729,-116,-0.227765
TEL,26497,17.0985,16.8503,-3.2638,116.0729,-116,-0.227765
TEL,26503,16.2410,16.3515,-2.7779,116.0729,-116,-0.227765
TEL,26508,17.0985,17.0463,-3.4547,116.0729,-116,-0.227765
TEL,26514,17.0985,17.0958,-3.5030,116.0729,-116,-0.227765
TEL,26520,16.6526,16.7917,-3.2067,116.0729,-116,-0.227765
TEL,26525,16.6526,16.6676,-3.0858,116.0729,-116,-0.227765
TEL,26531,16.6355,16.6419,-3.0608,116.0729,-116,-0.227765
TEL,26537,16.6355,16.6381,-3.0571,116.0729,-116,-0.227765
TEL,26543,16.6526,16.6440,-3.0628,116.0729,-116,-0.227765
TEL,26549,16.6355,16.6410,-3.0599,116.0729,-116,-0.227765
TEL,26555,16.6526,16.6445,-3.0633,121.6403,-116,-0.227765
TEL,26582,18.5734,17.1858,-3.5822,121.6403,-121,-0.237583
TEL,26587,16.9956,17.0085,-3.4099,121.6403,-121,-0.237583
TEL,26593,17.0128,17.0121,-3.4135,121.6403,-121,-0.237583
TEL,26599,16.9956,17.0042,-3.4057,121.6403,-121,-0.237583
TEL,26604,16.9956,17.0007,-3.4024,121.6403,-121,-0.237583
TEL,26610,17.4244,17.1404,-3.5381,121.6403,-121,-0.237583
TEL,26616,16.9956,17.0257,-3.4266,121.6403,-121,-0.237583
TEL,26621,17.4244,17.3388,-3.7310,121.6403,-121,-0.237583
TEL,26628,16.9442,16.9852,-3.3873,121.6403,-121,-0.237583
TEL,26634,16.5497,16.5903,-3.0035,121.6403,-121,-0.237583
TEL,26639,16.9613,16.9299,-3.3335,121.6403,-121,-0.237583
TEL,26645,16.9442,16.9428,-3.3461,121.6403,-121,-0.237583
TEL,26651,16.0695,16.4615,-2.8783,121.6403,-121,-0.237583
TEL,26656,16.0695,16.0984,-2.5254,105.5782,-121,-0.237583
TEL,26706,15.4007,15.4641,-1.9225,105.5782,-105,-0.206167
TEL,26712,15.1434,15.1615,-1.6263,105.5782,-105,-0.206167
TEL,26718,15.1263,15.1300,-1.5955,105.5782,-105,-0.206167
TEL,26724,14.2516,14.5791,-1.0563,105.5782,-105,-0.206167
TEL,26729,14.2516,14.2729,-0.7565,105.5782,-105,-0.206167
TEL,26735,14.2516,14.2539,-0.7379,105.5782,-105,-0.206167
TEL,26740,14.6804,14.5006,-0.9794,105.5782,-105,-0.206167
TEL,26746,14.6804,14.6572,-1.1327,105.5782,-105,-0.206167
TEL,26752,14.6632,14.6622,-1.1376,105.5782,-105,-0.206167
TEL,26758,14.6632,14.6627,-1.1381,88.5238,-105,-0.206167
TEL,26815,16.1381,15.1549,-1.6303,88.5238,-88,-0.172788
TEL,26820,15.5379,15.5098,-1.9799,88.5238,-88,-0.172788
TEL,26826,15.5379,15.5353,-2.0050,88.5238,-88,-0.172788
TEL,26831,15.5379,15.5369,-2.0065,88.5238,-88,-0.172788
TEL,26838,15.5379,15.5373,-2.0069,88.5238,-88,-0.172788
TEL,26843,15.5379,15.5375,-2.0071,88.5238,-88,-0.172788
TEL,26849,16.0695,15.6576,-2.1254,88.5238,-88,-0.172788
TEL,26854,15.9495,15.8805,-2.3450,88.5238,-88,-0.172788
TEL,26860,16.4297,16.3548,-2.8123,138.2563,-88,-0.172788
TEL,26959,15.8809,15.9154,-2.3273,138.2563,-138,-0.270962
TEL,26964,15.1949,15.2507,-1.6868,94.9649,-138,-0.270962
TEL,27057,15.2978,15.2953,-1.7648,94.9649,-94,-0.184569
TEL,27063,14.2859,14.6158,-1.0968,94.9649,-94,-0.184569
TEL,27068,14.6975,14.6932,-1.1729,101.7350,-94,-0.184569
TEL,27102,16.4468,15.9950,-2.4461,101.7350,-101,-0.198313
TEL,27108,15.7608,15.7677,-2.2232,101.7350,-101,-0.198313
TEL,27113,16.1724,16.1196,-2.5682,101.7350,-101,-0.198313
TEL,27119,15.7094,15.7479,-2.2038,101.7350,-101,-0.198313
TEL,27124,16.1210,16.0877,-2.5370,101.7350,-101,-0.198313
TEL,27130,16.1210,16.1178,-2.5665,101.7350,-101,-0.198313
TEL,27137,15.2292,15.5637,-2.0232,101.7350,-101,-0.198313
TEL,27142,15.2292,15.2508,-1.7165,101.7350,-101,-0.198313
TEL,27148,14.7661,14.8158,-1.2900,101.7350,-101,-0.198313
TEL,27153,14.7833,14.7858,-1.2606,101.7350,-101,-0.198313
TEL,27159,13.8915,14.2263,-0.7121,101.7350,-101,-0.198313
TEL,27164,13.8915,13.9129,-0.4048,101.7350,-101,-0.198313
TEL,27170,14.3031,14.2632,-0.7482,101.4666,-101,-0.198313
TEL,27175,13.4284,13.5068,-0.0067,101.4666,-101,-0.198313
TEL,27182,13.4284,13.4322,0.0665,101.4666,-101,-0.198313
TEL,27187,13.9772,13.8344,-0.3279,101.4666,-101,-0.198313
TEL,27192,12.9654,13.0391,0.4519,101.4666,-101,-0.198313
TEL,27198,13.1026,13.0997,0.3925,101.4666,-101,-0.198313
TEL,27203,13.1026,13.1018,0.3904,101.4666,-101,-0.198313
TEL,27209,13.6171,13.3249,0.1717,101.4666,-101,-0.198313
TEL,27214,13.9258,13.8401,-0.3334,101.4666,-101,-0.198313
TEL,27220,13.3427,13.3764,0.1211,101.4666,-101,-0.198313
TEL,27226,13.4627,13.4564,0.0428,101.4666,-101,-0.198313
TEL,27232,13.8915,13.7806,-0.2751,101.4666,-101,-0.198313
TEL,27237,13.7543,13.7570,-0.2519,101.4666,-101,-0.198313
TEL,27242,14.5775,14.2479,-0.7332,101.4666,-101,-0.198313
TEL,27248,14.9891,14.9357,-1.4075,101.4666,-101,-0.198313
TEL,27254,14.5260,14.5475,-1.0269,101.4666,-101,-0.198313
TEL,27259,14.9376,14.9042,-1.3766,101.4666,-101,-0.198313
TEL,27266,15.3492,15.3082,-1.7727,101.4666,-101,-0.198313
TEL,27271,15.7608,15.7231,-2.1796,133.2848,-101,-0.198313
TEL,27347,13.3255,13.5206,-0.0199,133.2848,-133,-0.261145
TEL,27353,12.9654,12.9751,0.5071,133.2848,-133,-0.261145
TEL,27359,12.7424,12.7573,0.7175,133.2848,-133,-0.261145
TEL,27364,12.6224,12.6407,0.8302,133.2848,-133,-0.261145
TEL,27369,13.0511,12.9653,0.5166,133.2848,-133,-0.261145
TEL,27375,13.4627,13.4125,0.0845,72.8131,-133,-0.261145
TEL,27493,13.9601,13.9182,-0.4141,113.4914,-72,-0.141372
TEL,27590,13.2741,13.3183,0.1772,113.4914,-113,-0.221875
TEL,27595,13.0511,13.0669,0.4225,91.5150,-113,-0.221875
TEL,27656,13.2741,13.2489,0.2471,91.5150,-91,-0.178678
TEL,27662,12.0907,12.2709,1.2095,91.5150,-91,-0.178678
TEL,27667,11.3876,11.4212,2.0457,91.5150,-91,-0.178678
TEL,27672,11.5248,11.5203,1.9481,91.5150,-91,-0.178678
TEL,27677,11.5248,11.5238,1.9447,91.5150,-91,-0.178678
TEL,27683,12.0393,11.7623,1.7100,91.5150,-91,-0.178678
TEL,27688,12.2279,12.1652,1.3135,91.5150,-91,-0.178678
TEL,27694,13.1712,13.0869,0.4065,91.5150,-91,-0.178678
TEL,27700,13.8915,13.8593,-0.3535,117.1358,-91,-0.178678
TEL,27766,11.5248,11.6346,1.8164,117.1358,-117,-0.229729
TEL,27772,11.4905,11.4930,1.9543,117.1358,-117,-0.229729
TEL,27778,11.3876,11.4067,2.0383,117.1358,-117,-0.229729
TEL,27783,11.7992,11.7005,1.7522,117.1358,-117,-0.229729
TEL,27789,12.7253,12.6126,0.8641,117.1358,-117,-0.229729
TEL,27794,13.4627,13.4283,0.0698,117.1358,-117,-0.229729
TEL,27800,15.5893,15.4927,-1.9403,134.8705,-117,-0.229729
TEL,27881,0.0000,15.4927,0.0000,0.0000,-134,-0.263108
TEL,28077,0.0000,15.4927,0.0000,0.0000,0,0.000000
TEL,28097,0.0000,15.4927,0.0000,0.0000,0,0.000000
TEL,28119,0.0000,15.4927,0.0000,0.0000,0,0.000000
TEL,28139,0.0000,15.4927,0.0000,0.0000,0,0.000000
TEL,28161,0.0000,15.4927,0.0000,0.0000,0,0.000000
TEL,28181,0.0000,15.4927,0.0000,0.0000,0,0.000000
TEL,28201,0.0000,15.4927,0.0000,0.0000,0,0.000000
TEL,28230,0.0000,15.4927,0.0000,0.0000,0,0.000000
TEL,28252,0.0000,15.4927,0.0000,0.0000,0,0.000000
TEL,28272,0.0000,15.4927,0.0000,0.0000,0,0.000000
TEL,28294,0.0000,15.4927,0.0000,0.0000,0,0.000000
TEL,28314,0.0000,15.4927,0.0000,0.0000,0,0.000000
TEL,28336,0.0000,15.4927,0.0000,0.0000,0,0.000000
TEL,28356,0.0000,15.4927,0.0000,0.0000,0,0.000000
TEL,28385,0.0000,15.4927,0.0000,0.0000,0,0.000000
TEL,28405,0.0000,15.4927,0.0000,0.0000,0,0.000000
TEL,28427,0.0000,15.4927,0.0000,0.0000,0,0.000000
TEL,28447,0.0000,15.4927,0.0000,0.0000,0,0.000000
TEL,28469,0.0000,15.4927,0.0000,0.0000,0,0.000000
TEL,28489,0.0000,15.4927,0.0000,0.0000,0,0.000000
TEL,28510,0.0000,15.4927,0.0000,0.0000,0,0.000000
TEL,28538,0.0000,15.4927,0.0000,0.0000,0,0.000000
TEL,28560,0.0000,15.4927,0.0000,0.0000,0,0.000000
TEL,28580,0.0000,15.4927,0.0000,0.0000,0,0.000000
TEL,28602,0.0000,15.4927,0.0000,0.0000,0,0.000000
TEL,28622,0.0000,15.4927,0.0000,0.0000,0,0.000000
TEL,28644,0.0000,15.4927,0.0000,0.0000,0,0.000000
TEL,28664,0.0000,15.4927,0.0000,0.0000,0,0.000000
TEL,28693,0.0000,15.4927,0.0000,0.0000,0,0.000000
TEL,28713,0.0000,15.4927,0.0000,0.0000,0,0.000000
TEL,28735,0.0000,15.4927,0.0000,0.0000,0,0.000000
TEL,28755,0.0000,15.4927,0.0000,0.0000,0,0.000000
TEL,28777,0.0000,15.4927,0.0000,0.0000,0,0.000000
TEL,28797,0.0000,15.4927,0.0000,0.0000,0,0.000000
TEL,28818,0.0000,15.4927,0.0000,0.0000,0,0.000000
TEL,28847,0.0000,15.4927,0.0000,0.0000,0,0.000000
TEL,28868,0.0000,15.4927,0.0000,0.0000,0,0.000000
TEL,28889,0.0000,15.4927,0.0000,0.0000,0,0.000000
TEL,28910,0.0000,15.4927,0.0000,0.0000,0,0.000000
TEL,28931,0.0000,15.4927,0.0000,0.0000,0,0.000000
TEL,28952,0.0000,15.4927,0.0000,0.0000,0,0.000000
TEL,28973,0.0000,15.4927,0.0000,0.0000,0,0.000000
TEL,29001,0.0000,15.4927,0.0000,0.0000,0,0.000000
TEL,29022,0.0000,15.4927,0.0000,0.0000,0,0.000000
TEL,29043,0.0000,15.4927,0.0000,0.0000,0,0.000000
TEL,29064,0.0000,15.4927,0.0000,0.0000,0,0.000000
TEL,29085,0.0000,15.4927,0.0000,0.0000,0,0.000000
TEL,29106,0.0000,15.4927,0.0000,0.0000,0,0.000000
TEL,29126,0.0000,15.4927,0.0000,0.0000,0,0.000000
TEL,29155,0.0000,15.4927,0.0000,0.0000,0,0.000000
TEL,29176,0.0000,15.4927,0.0000,0.0000,0,0.000000
TEL,29197,0.0000,15.4927,0.0000,0.0000,0,0.000000
TEL,29218,0.0000,15.4927,0.0000,0.0000,0,0.000000
TEL,29239,0.0000,15.4927,0.0000,0.0000,0,0.000000
TEL,29259,0.0000,15.4927,0.0000,0.0000,0,0.000000
TEL,29281,0.0000,15.4927,0.0000,0.0000,0,0.000000
TEL,29286,16.6870,16.6647,-3.1647,134.9598,0,0.000000
TEL,29459,16.2925,16.3044,-2.7079,110.0572,-134,-0.263108
TEL,29524,16.2410,16.2468,-2.6830,110.0572,-110,-0.215984
TEL,29531,15.5722,15.7737,-2.2209,110.0572,-110,-0.215984
TEL,29537,16.0181,16.0000,-2.4419,110.0572,-110,-0.215984
TEL,29542,16.8413,16.7304,-3.1553,110.0572,-110,-0.215984
TEL,29548,17.3729,17.3410,-3.7518,110.0572,-110,-0.215984
TEL,29554,17.8360,17.8072,-4.2072,110.0572,-110,-0.215984
TEL,29559,17.8874,17.8816,-4.2798,145.1436,-110,-0.215984
TEL,29647,18.6249,18.4285,-4.7301,145.1436,-145,-0.284707
TEL,29652,17.5788,17.6339,-3.9675,145.1436,-145,-0.284707
TEL,29659,16.7555,16.7958,-3.1632,103.6643,-145,-0.284707
TEL,29749,17.8874,17.8398,-4.2513,103.6643,-103,-0.202240
TEL,29754,18.0932,18.0842,-4.4908,103.6643,-103,-0.202240
TEL,29760,17.6816,17.7315,-4.1453,137.4493,-103,-0.202240
TEL,29840,21.2660,20.9355,-7.1681,137.4493,-137,-0.268999
TEL,29846,23.5469,23.5151,-9.6549,137.4493,-137,-0.268999
TEL,29852,25.6735,23.5151,0.0000,0.0000,-137,-0.268999
TEL,30034,24.5759,24.5600,-11.0600,248.7352,0,0.000000
TEL,30277,25.1076,24.5600,0.0000,0.0000,-248,-0.486947
TEL,30521,25.0047,24.5600,0.0000,0.0000,0,0.000000
TEL,30526,25.1590,24.5600,0.0000,0.0000,0,0.000000
TEL,30532,25.1762,24.5600,0.0000,0.0000,0,0.000000
TEL,30537,25.2791,24.5600,0.0000,0.0000,0,0.000000
TEL,30543,24.7474,24.7408,-11.2408,156.7555,0,0.000000
TEL,30732,25.4506,24.7408,0.0000,0.0000,-156,-0.306305
TEL,30921,25.0390,24.7408,0.0000,0.0000,0,0.000000
TEL,30926,25.2448,24.7408,0.0000,0.0000,0,0.000000
TEL,30932,24.7646,24.7609,-11.2609,156.2528,0,0.000000
TEL,31121,25.4506,24.7609,0.0000,0.0000,-156,-0.306305
TEL,31310,25.0390,24.7609,0.0000,0.0000,0,0.000000
TEL,31315,25.2619,24.7609,0.0000,0.0000,0,0.000000
TEL,31322,25.1933,24.7609,0.0000,0.0000,0,0.000000
TEL,31328,25.2962,24.7609,0.0000,0.0000,0,0.000000
TEL,31333,25.2962,24.7609,0.0000,0.0000,0,0.000000
TEL,31339,25.2791,24.7609,0.0000,0.0000,0,0.000000
TEL,31344,25.2962,24.7609,0.0000,0.0000,0,0.000000
TEL,31350,24.8675,24.8221,-11.3221,158.7426,0,0.000000
TEL,31540,25.8965,24.8221,0.0000,0.0000,-158,-0.310232
TEL,31730,25.0904,24.8221,0.0000,0.0000,0,0.000000
TEL,31736,24.7131,24.7483,-11.2483,158.2352,0,0.000000
TEL,31926,25.4678,24.7483,0.0000,0.0000,-158,-0.310232
TEL,32116,25.5706,24.7483,0.0000,0.0000,0,0.000000
TEL,32122,25.1933,24.7483,0.0000,0.0000,0,0.000000
TEL,32129,24.8675,24.8337,-11.3337,162.4761,0,0.000000
TEL,32320,25.1419,24.8337,0.0000,0.0000,-162,-0.318086
TEL,32514,25.1419,24.8337,0.0000,0.0000,0,0.000000
TEL,32520,25.1933,24.8337,0.0000,0.0000,0,0.000000
TEL,32525,25.2791,24.8337,0.0000,0.0000,0,0.000000
TEL,32531,25.1933,24.8337,0.0000,0.0000,0,0.000000
TEL,32537,24.8332,24.8333,-11.3333,162.9545,0,0.000000
TEL,32729,25.5535,24.8333,0.0000,0.0000,-162,-0.318086
TEL,32922,24.6960,24.7745,-11.2745,163.5824,0,0.000000
TEL,33124,25.0218,24.7745,0.0000,0.0000,-163,-0.320050
TEL,33326,25.0047,24.7745,0.0000,0.0000,0,0.000000
TEL,33331,24.8332,24.8130,-11.3130,166.7707,0,0.000000
TEL,33525,25.5706,24.8130,0.0000,0.0000,-166,-0.325940
TEL,33722,25.0047,24.8130,0.0000,0.0000,0,0.000000
TEL,33728,24.8332,24.8255,-11.3255,168.1355,0,0.000000
TEL,33924,25.0390,24.8255,0.0000,0.0000,-168,-0.329867
TEL,34121,25.4506,24.8255,0.0000,0.0000,0,0.000000
TEL,34127,24.8160,24.8209,-11.3209,169.5588,0,0.000000
TEL,34330,25.1419,24.8209,0.0000,0.0000,-169,-0.331831
TEL,34536,25.0390,24.8209,0.0000,0.0000,0,0.000000
TEL,34542,24.8160,24.8191,-11.3191,171.2691,0,0.000000
TEL,34746,25.1419,24.8191,0.0000,0.0000,-171,-0.335758
TEL,34953,25.5706,24.8191,0.0000,0.0000,0,0.000000
TEL,34959,24.7646,24.8030,-11.3030,172.6843,0,0.000000
TEL,35158,25.9308,24.8030,0.0000,0.0000,-172,-0.337721
TEL,35357,24.9875,24.8788,-11.3788,175.9507,0,0.000000
TEL,35566,25.4334,24.8788,0.0000,0.0000,-175,-0.343612
TEL,35775,25.4678,24.8788,0.0000,0.0000,0,0.000000
TEL,35780,25.2791,24.8788,0.0000,0.0000,0,0.000000
TEL,35786,25.1762,24.8788,0.0000,0.0000,0,0.000000
TEL,35792,25.2791,24.8788,0.0000,0.0000,0,0.000000
TEL,35798,25.1762,24.8788,0.0000,0.0000,0,0.000000
TEL,35804,24.8332,24.8470,-11.3470,176.0040,0,0.000000
TEL,36004,25.0390,24.8470,0.0000,0.0000,-176,-0.345575
