BALL_BEAM_REF_BOOT
HOST_START_READY
REF_CFG,profile=center_far_near_90s,center_cm=13.0000,near_cm=9.0000,far_cm=17.0000,segment_ms=30000
REF,2680,13.0000,hold_center
TEL,2683,16.8960,16.2484,-3.2484,0.0000,0,0.000000
TEL,2783,17.8316,17.1224,-4.1224,96.0000,0,0.000000
TEL,2883,15.6264,16.8010,-3.8010,133.2779,-72,-0.141372
TEL,2983,15.7297,15.1525,-2.1525,84.8559,-133,-0.261145
TEL,3083,17.8316,16.6250,-3.6250,145.0813,-85,-0.166897
TEL,3183,17.9637,17.5910,-4.5910,172.1203,-142,-0.278816
TEL,3283,18.0304,17.8131,-4.8131,173.8179,-172,-0.337721
TEL,3383,16.2107,16.2827,-3.2827,117.7819,-174,-0.341648
TEL,3483,16.9555,16.6643,-3.2827,117.7819,-120,-0.235619
TEL,3584,17.1976,16.9546,-3.6643,129.2103,-129,-0.253291
TEL,3684,16.7781,16.9241,-3.9546,136.6379,-137,-0.268999
TEL,3784,14.1722,15.6069,-3.9241,132.1205,-132,-0.259181
TEL,3884,14.9843,15.2928,-2.6069,74.0989,-77,-0.151189
TEL,3984,14.3455,14.8977,-2.2055,62.0524,-62,-0.121737
TEL,4084,13.8370,14.4777,-1.8977,36.2753,-36,-0.070686
TEL,4184,11.6367,11.9869,-0.3646,-27.7247,23,0.045160
TEL,4284,11.4898,11.8639,1.0131,-69.4888,69,0.135481
TEL,4384,10.5256,11.2240,1.3140,-72.4284,72,0.141372
TEL,4484,9.8739,10.6122,1.7760,-80.0000,80,0.157080
TEL,4584,8.1016,9.5634,2.3878,-114.1087,114,0.223838
TEL,4684,8.2249,8.7335,3.4366,-154.8827,155,0.304342
TEL,4784,8.5323,8.4709,4.4828,-192.3315,192,0.376991
TEL,4884,9.0821,8.6469,4.5291,-187.3462,187,0.367174
TEL,4984,9.9624,9.2067,4.2069,-167.6156,168,0.329867
TEL,5084,10.6252,9.7988,3.7933,-144.7203,145,0.284707
TEL,5184,12.1958,11.2014,3.2012,-115.0941,115,0.225802
TEL,5284,13.0232,12.2441,1.7986,-51.0941,55,0.107992
TEL,5384,14.3018,13.6384,0.2557,12.9059,-10,-0.019635
TEL,5484,15.0799,14.4159,-0.6384,49.8027,-50,-0.098175
TEL,5584,16.1559,15.4186,-1.7044,76.2750,-76,-0.149226
TEL,5684,16.8960,16.1511,-2.4186,102.4892,-102,-0.200277
TEL,5784,17.5729,17.0272,-3.4516,134.8177,-135,-0.265072
TEL,5884,17.8316,17.3804,-4.0272,151.9730,-152,-0.298451
TEL,5984,18.1652,17.7148,-4.5952,168.1380,-168,-0.329867
TEL,6084,18.0975,17.8606,-4.7148,168.6301,-169,-0.331831
TEL,6184,17.8974,17.9426,-4.9192,171.3542,-171,-0.335758
TEL,6284,17.5729,17.8892,-4.9426,167.9294,-168,-0.329867
TEL,6384,17.3833,17.7291,-4.8474,161.1935,-161,-0.316123
TEL,6484,16.7781,17.4869,-4.7291,154.4596,-154,-0.302378
TEL,6584,15.0799,16.6426,-4.3307,137.4693,-137,-0.268999
TEL,6684,15.1281,15.8481,-3.6426,105.3348,-105,-0.206167
TEL,6784,14.3895,14.9527,-2.4966,64.3376,-64,-0.125664
TEL,6884,9.7225,12.0907,-1.9527,28.2179,-28,-0.054978
TEL,6984,11.8177,11.7848,1.2420,-35.7821,31,0.060868
TEL,7084,11.5189,11.7551,1.2152,-54.3422,54,0.106029
TEL,7184,10.6001,11.3296,1.3426,-55.8449,56,0.109956
TEL,7284,7.6271,10.2040,1.6704,-66.6529,67,0.131554
TEL,7384,8.7028,9.0339,3.4732,-155.3577,135,0.265072
TEL,7484,8.2563,8.6905,3.9661,-171.5197,172,0.337721
TEL,7584,8.3518,8.4206,4.4613,-187.6460,188,0.369137
TEL,7684,7.1530,8.4559,4.5794,-187.4085,187,0.367174
TEL,7784,9.3128,8.5993,4.6226,-186.0674,186,0.365210
TEL,7884,10.1208,9.1196,4.4007,-171.4086,171,0.335758
TEL,7984,11.0961,10.3062,3.5142,-128.6821,129,0.253291
TEL,8084,10.0523,10.1575,2.6938,-90.0762,90,0.176715
TEL,8184,12.4269,11.2734,2.6136,-85.6315,86,0.168861
TEL,8284,13.4381,12.5362,1.7266,-24.0589,28,0.054978
TEL,8384,14.6585,14.0090,-0.1127,39.2182,-37,-0.072649
TEL,8484,10.1669,11.6873,-1.0090,64.2226,-64,-0.125664
TEL,8584,15.6264,14.9100,-0.0978,69.9803,-70,-0.137445
TEL,8684,16.3771,15.8453,-1.9100,80.0000,-80,-0.157080
TEL,8784,13.4770,15.4634,-3.1592,145.4000,-139,-0.272926
TEL,8884,14.9843,14.3880,-2.4634,89.3348,-103,-0.202240
TEL,8984,17.3833,16.7788,-2.5562,114.3339,-112,-0.219911
TEL,9084,17.8974,17.4864,-3.7788,155.4199,-155,-0.304342
TEL,9184,12.7361,16.4228,-4.5826,173.3455,-173,-0.339685
TEL,9284,16.3771,15.9485,-3.4228,100.6453,-111,-0.217948
TEL,9384,17.5729,17.1396,-3.4998,117.4582,-117,-0.229729
TEL,9484,17.7014,17.4049,-4.1396,141.8947,-142,-0.278816
TEL,9584,11.9413,16.4354,-4.4156,148.2607,-148,-0.290597
TEL,9684,15.4737,15.5032,-3.4354,93.1960,-96,-0.188496
TEL,9784,16.0473,15.8892,-2.6960,78.3488,-78,-0.153153
TEL,9884,15.8343,15.8977,-2.8892,88.0243,-88,-0.172788
TEL,9984,12.0040,14.0810,-2.8438,86.6801,-87,-0.170824
TEL,10084,13.6348,14.0185,-1.0810,22.6801,-28,-0.054978
TEL,10184,13.2844,13.6792,-0.9114,-4.0113,4,0.007854
TEL,10284,12.5626,13.2622,-0.6792,-5.7445,6,0.011781
TEL,10384,9.5754,10.8429,-0.0049,-23.9379,24,0.047124
TEL,10484,10.3314,10.6683,2.1571,-117.5337,93,0.182605
TEL,10584,9.5547,10.1072,2.5063,-124.3862,124,0.243473
TEL,10684,8.9706,9.6244,2.8928,-135.1001,135,0.265072
TEL,10784,7.2632,9.3441,3.6559,-162.9112,158,0.310232
TEL,10884,8.1321,8.5962,4.1501,-177.9378,178,0.349502
TEL,10984,9.1198,8.7379,4.4408,-183.9940,184,0.361283
TEL,11084,9.7012,9.0654,4.1191,-164.3503,164,0.322013
TEL,11184,9.7225,8.9029,4.1141,-165.7729,166,0.325940
TEL,11284,10.8821,9.8922,3.6425,-135.4152,136,0.267035
TEL,11384,12.5284,11.6905,2.5196,-80.9962,90,0.176715
TEL,11484,13.3608,12.6418,0.8300,-16.9962,24,0.047124
TEL,11584,12.9142,11.8942,1.0599,-32.6644,33,0.064795
TEL,11684,14.6585,13.7427,0.1428,22.4438,-12,-0.023562
TEL,11784,16.2107,15.4917,-1.3886,73.6106,-71,-0.139408
TEL,11884,16.7781,16.2500,-2.9214,122.6695,-116,-0.227765
TEL,11984,16.3771,15.4458,-1.5859,58.6695,-77,-0.151189
TEL,12084,17.5729,16.7445,-3.1214,103.7438,-84,-0.164934
TEL,12184,17.8974,17.6326,-4.2634,150.2879,-148,-0.290597
TEL,12284,18.1652,17.8733,-4.7683,165.3820,-165,-0.323977
TEL,12384,16.7781,16.3870,-3.4304,87.9879,-114,-0.223838
TEL,12484,17.0757,16.7794,-3.6412,106.3994,-102,-0.200277
TEL,12584,17.2591,17.0460,-3.9306,121.7831,-122,-0.239546
TEL,12684,11.7568,15.9818,-4.0460,127.9325,-128,-0.251327
TEL,12784,14.9843,15.2044,-1.9591,63.9325,-80,-0.157080
TEL,12884,15.1766,15.2946,-2.3408,61.3860,-61,-0.119773
TEL,12984,14.6585,15.0722,-2.2333,60.4929,-60,-0.117810
TEL,13084,9.6801,13.7840,-2.0722,56.3440,-56,-0.109956
TEL,13184,12.6662,12.7617,0.1571,-7.6560,-8,-0.015708
TEL,13284,12.1313,12.5473,0.3258,-38.2650,38,0.074613
TEL,13384,11.1508,11.9154,0.6269,-44.1382,44,0.086394
TEL,13484,7.9669,10.5111,1.3925,-68.6699,69,0.135481
TEL,13584,9.2347,9.5619,3.1192,-146.4509,119,0.233656
TEL,13684,8.7202,9.2012,3.6137,-161.0315,161,0.316123
TEL,13784,8.1016,8.5902,4.0109,-173.8978,174,0.341648
TEL,13884,6.5213,8.5902,4.0109,-173.8978,174,0.341648
TEL,13984,9.0633,8.5947,4.5494,-186.8376,187,0.367174
TEL,14084,9.6801,9.0055,4.4053,-174.7289,175,0.343612
TEL,14184,10.7780,9.9856,3.9945,-152.5083,153,0.300415
TEL,14284,11.5775,10.7827,3.0144,-107.3925,107,0.210094
TEL,14384,12.7714,12.0323,1.8065,-43.3925,49,0.096211
TEL,14484,14.0448,13.0279,0.9677,-3.7841,4,0.007854
TEL,14584,15.0799,14.4619,-0.6014,50.0546,-48,-0.094248
TEL,14684,15.8870,15.2121,-1.4619,73.8672,-74,-0.145299
TEL,14784,16.4333,16.0759,-2.2121,98.0507,-98,-0.192423
TEL,14884,17.2591,16.6540,-3.0759,121.8847,-122,-0.239546
TEL,14984,18.0975,17.5092,-3.6540,139.5761,-140,-0.274889
TEL,15084,18.1652,17.8453,-4.5092,166.2845,-166,-0.325940
TEL,15184,18.1652,17.9974,-4.8941,173.3636,-173,-0.339685
TEL,15284,17.8316,17.9955,-4.9974,172.7674,-173,-0.339685
TEL,15384,17.6369,17.8640,-4.9603,167.1539,-167,-0.327904
TEL,15484,17.0757,17.6659,-4.8640,160.8141,-161,-0.316123
TEL,15584,16.3771,17.0981,-4.5096,144.6514,-145,-0.284707
TEL,15684,15.8343,16.5813,-4.0981,126.7476,-127,-0.249364
TEL,15784,14.8899,15.5359,-3.2443,93.4587,-93,-0.182605
TEL,15884,14.1295,14.8550,-2.5359,66.7486,-67,-0.131554
TEL,15984,12.9142,13.6938,-1.4974,14.9994,-16,-0.031416
TEL,16084,11.9413,12.7725,-0.6938,-10.9548,11,0.021598
TEL,16184,7.7794,9.3826,0.7007,-55.2530,55,0.107992
TEL,16284,9.4525,9.5822,3.6174,-151.2530,124,0.243473
TEL,16384,8.5828,9.1734,3.4843,-171.9737,172,0.337721
TEL,16484,8.0864,8.7083,3.8266,-177.8802,178,0.349502
TEL,16584,7.5463,8.2862,4.4487,-195.6040,196,0.384845
TEL,16684,8.9523,8.4649,4.7138,-200.9322,201,0.394663
TEL,16784,10.1208,9.2662,4.3329,-175.8937,176,0.345575
TEL,16884,10.9084,10.0857,3.7338,-142.8607,143,0.280780
TEL,16984,11.7568,10.6648,2.4593,-84.3965,88,0.172788
TEL,17084,12.4606,11.6706,2.3352,-66.5346,67,0.131554
TEL,17184,14.1295,13.3130,0.7733,-2.5346,8,0.015708
TEL,17284,14.9843,14.2961,-0.3130,50.2840,-49,-0.096211
TEL,17384,13.5555,13.8254,-0.4356,16.8424,-17,-0.033379
TEL,17484,16.1559,15.1243,-0.8254,19.6570,-20,-0.039270
TEL,17584,17.7014,17.0156,-2.8000,103.1132,-86,-0.168861
TEL,17684,18.0304,17.6828,-4.0156,149.5328,-149,-0.292561
TEL,17784,16.4899,16.5761,-2.9218,70.7887,-88,-0.172788
TEL,17884,17.8316,17.1102,-3.5761,96.5227,-92,-0.180642
TEL,17984,17.7663,17.4103,-4.1976,123.3991,-123,-0.241510
TEL,18084,13.8781,16.7495,-4.4103,135.7420,-136,-0.267035
TEL,18184,16.6617,15.8717,-2.6252,55.9028,-71,-0.139408
TEL,18284,16.2107,16.0631,-2.8717,81.6701,-78,-0.153153
TEL,18384,16.1015,16.1477,-3.1281,94.1908,-94,-0.184569
TEL,18484,10.3793,15.2073,-3.1477,96.2704,-96,-0.188496
TEL,18584,14.2584,14.1218,-1.1970,32.2704,-38,-0.074613
TEL,18684,14.0870,14.1523,-1.1218,7.6382,-8,-0.015708
TEL,18784,13.4770,13.9600,-1.1312,13.4319,-13,-0.025525
TEL,18884,9.0260,11.9445,-0.9600,10.6912,-11,-0.021598
TEL,18984,11.7266,11.7236,1.2268,-51.8917,46,0.090321
TEL,19084,11.2617,11.5903,1.2764,-49.0351,49,0.096211
TEL,19184,10.4764,11.1669,1.5104,-55.8626,56,0.109956
TEL,19284,8.7904,9.8176,1.8331,-67.7647,68,0.133518
TEL,19384,9.1009,9.2585,3.5407,-149.0660,133,0.261145
TEL,19484,8.7552,9.0894,3.7415,-154.0173,154,0.302378
TEL,19584,7.0813,8.8339,4.0334,-164.3566,164,0.322013
TEL,19684,7.4802,8.8339,4.0334,-164.3566,164,0.322013
TEL,19784,8.7727,8.6465,4.3406,-172.5770,173,0.339685
TEL,19884,9.2736,8.8177,4.3535,-170.1897,170,0.333794
TEL,19984,8.5998,9.0064,4.0493,-154.4194,154,0.302378
TEL,20084,9.6801,8.9622,3.9936,-154.6536,155,0.304342
TEL,20184,11.3747,10.3744,3.6810,-134.3009,134,0.263108
TEL,20284,12.0992,11.3967,2.6256,-83.6866,84,0.164934
TEL,20384,9.9847,10.5534,1.1637,-19.6866,26,0.051051
TEL,20484,12.4606,11.5818,2.4466,-87.7105,62,0.121737
TEL,20584,14.5678,13.9466,0.4150,-23.7105,71,0.139408
TEL,20684,11.4320,13.2296,-0.9466,40.2895,-20,-0.039270
TEL,20784,13.0599,14.2378,-0.2296,0.0425,-19,-0.037306
TEL,20884,16.3213,15.3596,-1.2378,-6.3172,6,0.011781
TEL,20984,17.8316,16.9531,-2.3596,69.9895,-59,-0.115846
TEL,21084,18.3709,17.8584,-3.9531,147.1715,-138,-0.270962
TEL,21184,15.1766,15.7764,-5.0857,182.3760,-182,-0.357356
TEL,21284,17.1364,16.7498,-2.7764,88.1388,-112,-0.219911
TEL,21384,17.5093,17.2350,-3.9406,129.6822,-105,-0.206167
TEL,21484,17.2591,17.3198,-4.2350,140.4933,-140,-0.274889
TEL,21584,14.3018,15.4039,-4.2957,140.4975,-140,-0.274889
TEL,21684,15.3735,15.5464,-2.4039,61.9273,-75,-0.147262
TEL,21784,15.0799,15.4184,-2.5399,70.4273,-70,-0.137445
TEL,21884,14.6130,15.1505,-2.4184,67.8480,-68,-0.133518
TEL,21984,12.5969,12.7614,-1.0477,3.8480,-9,-0.017671
TEL,22084,12.7361,12.7573,0.2386,-40.8311,41,0.080503
TEL,22184,11.6665,12.3218,0.3493,-37.5770,38,0.074613
TEL,22284,9.2347,11.3109,0.6782,-45.0002,45,0.088357
TEL,22384,9.3524,9.5187,3.0078,-141.0002,114,0.223838
TEL,22484,8.9706,9.3011,3.4813,-164.3738,164,0.322013
TEL,22584,8.1474,8.7715,3.8469,-172.2709,172,0.337721
TEL,22684,6.7524,8.7715,4.2285,-183.7407,179,0.351466
TEL,22784,8.6510,8.6317,4.3748,-182.0409,182,0.357356
TEL,22884,9.3922,8.8440,4.2886,-172.5463,173,0.339685
TEL,22984,10.4034,9.5460,3.7484,-144.3484,148,0.290597
TEL,23084,10.2368,9.9896,3.1223,-112.9058,119,0.233656
TEL,23184,11.6071,10.5427,2.8107,-97.8876,98,0.192423
TEL,23284,12.6662,11.6023,1.9731,-36.8637,66,0.129591
TEL,23384,13.9194,13.2108,0.2720,23.7202,-2,-0.003927
TEL,23484,9.7653,11.0441,0.8046,-30.8588,-1,-0.001963
TEL,23584,14.7502,14.1618,-0.5470,33.1412,19,0.037306
TEL,23684,15.8870,15.2368,-1.7522,78.6738,-63,-0.123700
TEL,23784,16.9555,16.4094,-3.0903,125.0497,-108,-0.212057
TEL,23884,17.6369,17.0300,-3.7246,144.6130,-144,-0.282743
TEL,23984,18.1652,17.7586,-4.5796,169.4458,-167,-0.327904
TEL,24084,18.0304,17.9586,-4.9321,177.8915,-178,-0.349502
TEL,24184,17.8974,18.0013,-5.0229,175.7778,-176,-0.345575
TEL,24284,17.8316,17.9453,-4.9650,168.8419,-169,-0.331831
TEL,24384,17.1364,17.7123,-4.8947,162.6605,-163,-0.320050
TEL,24484,16.7781,17.4658,-4.6152,149.9077,-150,-0.294524
TEL,24584,15.9401,16.7390,-4.2917,135.1878,-135,-0.265072
TEL,24684,15.3238,16.0925,-3.4324,101.7319,-108,-0.212057
TEL,24784,14.3455,15.0192,-2.3635,62.5401,-74,-0.145299
TEL,24884,13.5161,14.2973,-1.6899,22.0629,-34,-0.066759
TEL,24984,12.3600,13.1000,-0.5078,-13.8265,6,0.011781
TEL,25084,11.4608,12.2128,0.3488,-42.5984,39,0.076576
TEL,25184,10.1669,10.9006,1.6715,-80.0000,70,0.137445
TEL,25284,9.4525,10.1261,2.4933,-121.7857,110,0.215984
TEL,25384,8.3841,9.0619,3.5840,-162.9183,151,0.296488
TEL,25484,8.1783,8.5549,4.2563,-187.6446,185,0.363247
TEL,25584,8.9340,8.6403,4.4371,-186.1636,186,0.365210
TEL,25684,9.5341,8.9169,4.2418,-171.2038,171,0.335758
TEL,25784,9.7012,9.0443,4.2196,-174.4462,174,0.341648
TEL,25884,11.0961,9.9552,3.5900,-138.6593,147,0.288634
TEL,25984,12.3934,11.6107,1.9193,-74.6594,109,0.214021
TEL,26084,10.0750,11.3101,0.8813,-10.6593,36,0.070686
TEL,26184,13.4381,12.5285,0.9343,-5.7307,6,0.011781
TEL,26284,14.9370,13.8885,-0.1714,38.7486,-23,-0.045160
TEL,26384,16.3771,15.7747,-2.3017,106.6448,-63,-0.123700
TEL,26484,11.4320,14.3539,-3.2996,140.4012,-134,-0.263108
TEL,26584,17.0154,16.0861,-1.6154,80.0000,-110,-0.215984
TEL,26684,17.6369,17.2450,-3.8670,176.0000,-93,-0.182605
TEL,26784,17.9637,17.7948,-4.7170,202.3116,-181,-0.355393
TEL,26884,12.1635,16.5682,-4.8565,193.4182,-193,-0.378955
TEL,26984,16.5468,16.1394,-2.8693,126.1557,-162,-0.318086
TEL,27084,16.9555,16.5317,-3.3414,135.7799,-134,-0.263108
TEL,27184,16.5468,16.6132,-3.6301,136.9994,-137,-0.268999
TEL,27284,15.0320,15.5942,-2.8944,92.1002,-107,-0.210094
TEL,27384,14.3895,14.5918,-1.6963,36.9443,-66,-0.129591
TEL,27484,14.1295,14.4279,-1.5224,32.4859,-32,-0.062832
TEL,27584,13.3225,13.9833,-1.1769,20.8026,-21,-0.041233
TEL,27684,10.2839,11.9897,-0.1323,-27.8701,9,0.017671
TEL,27784,11.0418,11.2696,1.6167,-75.6051,54,0.106029
TEL,27884,10.3553,10.8904,1.9112,-80.0000,80,0.157080
TEL,27984,8.1016,9.7043,2.6262,-118.7630,108,0.212057
TEL,28084,7.6135,8.8967,4.1033,-178.5452,132,0.259181
TEL,28184,8.0412,8.1205,4.8378,-205.0310,197,0.386809
TEL,28284,8.2563,8.2028,4.8133,-196.6232,197,0.386809
TEL,28384,8.1016,8.4384,4.4585,-175.1400,182,0.357356
TEL,28484,9.0075,8.5650,4.4350,-171.2606,171,0.335758
TEL,28584,11.2338,10.0031,3.6334,-129.7064,155,0.304342
TEL,28684,8.7727,9.8767,2.3002,-66.5028,115,0.225802
TEL,28784,13.8370,13.1017,0.6905,-2.5028,46,0.090321
TEL,28884,13.0232,12.3724,0.6276,40.9840,-22,-0.043197
TEL,28984,15.5243,14.6922,-0.9910,80.0000,-56,-0.109956
TEL,29084,16.7197,15.9454,-2.9454,140.9283,-95,-0.186532
TEL,29184,11.8792,13.5596,-2.2001,78.5963,-136,-0.267035
TEL,29284,16.7781,15.7889,-2.7889,118.9579,-81,-0.159043
TEL,29384,17.8974,17.5533,-4.2814,171.0143,-137,-0.268999
TEL,29484,16.1015,17.2131,-4.7035,178.0250,-178,-0.349502
TEL,29584,16.4333,16.3824,-3.3357,101.3662,-163,-0.320050
TEL,29684,16.6040,16.5970,-3.5970,111.3310,-102,-0.200277
TEL,29784,16.8960,16.7086,-3.6678,115.2794,-115,-0.225802
TEL,29884,16.5468,16.6784,-3.6784,115.7365,-116,-0.227765
TEL,29984,15.2745,15.6289,-2.8210,71.5266,-101,-0.198313
TEL,30084,14.6585,15.1926,-2.1926,52.0102,-58,-0.113883
TEL,30184,14.3018,14.6986,-1.8415,25.7039,-37,-0.072649
TEL,30284,13.7961,14.3099,-1.3099,13.0105,-15,-0.029452
TEL,30384,11.4898,11.3978,1.7309,-50.9895,2,0.003927
TEL,30484,12.0992,11.7453,1.4251,-80.0000,69,0.135481
TEL,30584,10.8298,11.4135,1.4159,-76.6407,77,0.151189
TEL,30684,10.2368,10.9620,2.0380,-101.0309,91,0.178678
TEL,30784,8.9706,9.2411,3.5564,-166.5263,116,0.227765
TEL,30884,8.7202,9.0483,3.9517,-175.2532,175,0.343612
TEL,30984,8.1938,8.6494,4.2106,-180.8636,181,0.355393
TEL,31084,7.1530,8.5502,4.2106,-180.8636,181,0.355393
TEL,31184,8.5156,8.4623,4.5522,-186.2070,186,0.365210
TEL,31284,9.1769,8.6526,4.4621,-177.3877,177,0.347539
TEL,31384,10.0071,9.2506,3.9871,-152.7460,154,0.302378
TEL,31484,9.0633,9.3805,3.4956,-128.2765,130,0.255254
TEL,31584,11.0689,9.9139,3.4345,-123.1416,123,0.241510
TEL,31684,11.9413,10.9043,2.6310,-84.9633,94,0.184569
TEL,31784,12.8424,12.2023,1.1818,-20.9633,54,0.106029
TEL,31884,9.2736,10.9037,1.1881,-28.5073,29,0.056941
TEL,31984,13.7554,12.8068,0.9165,-2.1593,6,0.011781
TEL,32084,14.6585,13.9289,-0.3923,44.9799,-28,-0.054978
TEL,32184,15.6779,15.0641,-1.7154,80.0000,-71,-0.139408
TEL,32284,15.2254,14.4124,-0.4879,16.0000,-49,-0.096211
TEL,32384,15.9936,15.4533,-2.1361,65.5791,-26,-0.051051
TEL,32484,16.9555,16.2055,-2.8117,95.6565,-93,-0.182605
TEL,32584,17.6369,17.0376,-3.7617,129.7908,-123,-0.241510
REF,32677,17.0000,hold_far
TEL,32684,15.7297,15.9084,-3.0522,83.2734,-101,-0.198313
TEL,32784,17.3833,16.7115,0.5968,-12.7266,-55,-0.107992
TEL,32884,17.6369,17.2074,-0.0068,3.8638,11,0.021598
TEL,32984,11.8792,14.2422,0.7816,-51.4756,9,0.017671
TEL,33084,15.9936,15.9008,1.2250,-29.3167,45,0.088357
TEL,33184,16.9555,16.6686,0.4766,0.6433,5,0.009817
TEL,33284,17.1976,16.9080,0.1956,8.8137,-9,-0.017671
TEL,33384,17.3210,17.1168,-0.0645,15.2061,-15,-0.029452
TEL,33484,17.0154,17.1220,-0.1434,14.5356,-15,-0.029452
TEL,33584,16.8368,17.0385,-0.0700,8.3722,-8,-0.015708
TEL,33684,16.5468,16.9453,-0.0044,3.7822,-4,-0.007854
TEL,33784,16.3213,16.7846,0.1420,-0.0769,0,0.000000
TEL,33884,16.3771,16.6560,0.2921,-0.0769,0,0.000000
TEL,33984,16.0473,16.4418,0.4814,-20.5264,20,0.039270
TEL,34084,15.8343,16.2946,0.6152,-26.5909,27,0.053014
TEL,34184,15.8870,16.1031,0.8517,-36.6978,37,0.072649
TEL,34284,15.7297,15.9755,0.9747,-42.5908,43,0.084430
TEL,34384,15.6779,15.8564,1.1119,-48.2304,48,0.094248
TEL,34484,15.6779,15.8035,1.1764,-50.8669,51,0.100138
TEL,34584,15.6779,15.7577,1.2320,-53.0129,53,0.104065
TEL,34684,15.7297,15.7522,1.2453,-53.3793,53,0.104065
TEL,34784,15.8343,15.7475,1.2602,-54.1891,54,0.106029
TEL,34884,15.8870,15.7644,1.2456,-53.6147,54,0.106029
TEL,34984,16.1559,15.8216,1.2065,-51.9038,52,0.102102
TEL,35084,16.3213,15.8865,1.1550,-49.9446,50,0.098175
TEL,35184,16.6040,16.0552,1.0177,-44.1774,44,0.086394
TEL,35284,14.3895,15.0970,1.5831,-79.5605,71,0.139408
TEL,35384,16.5468,15.8392,1.4612,-66.1977,66,0.129591
TEL,35484,17.1976,16.4805,0.8521,-35.9368,41,0.080503
TEL,35584,11.8484,15.4216,0.0597,-1.5879,10,0.019635
TEL,35684,16.3771,15.5570,2.0634,-90.3171,32,0.062832
TEL,35784,17.7663,17.1785,0.2375,-7.5051,88,0.172788
TEL,35884,18.3018,17.7018,-0.4040,18.3824,12,0.023562
TEL,35984,14.0027,16.9812,-1.0313,38.4616,-37,-0.072649
TEL,36084,16.7781,16.5875,0.5466,-29.7137,-8,-0.015708
TEL,36184,17.7663,17.3366,-0.1453,-4.6881,21,0.041233
TEL,36284,17.9637,17.6394,-0.5170,18.2339,-16,-0.031416
TEL,36384,15.0799,15.8135,0.5317,-47.8761,12,0.023562
TEL,36484,17.5093,16.5649,0.9610,-52.3788,52,0.102102
TEL,36584,17.3833,17.0912,0.0270,-10.8225,24,0.047124
TEL,36684,14.8430,16.6367,-0.1665,-3.4841,3,0.005890
TEL,36784,15.9401,15.1298,2.4408,-99.4841,32,0.062832
TEL,36884,16.4899,15.9470,1.4030,-53.6587,98,0.192423
TEL,36984,16.7197,16.4686,0.6316,-23.1470,35,0.068722
TEL,37084,12.8782,15.7218,0.4537,-16.4541,16,0.031416
TEL,37184,15.8343,15.2040,2.3880,-75.4822,46,0.090321
TEL,37284,16.1015,15.7593,1.4499,-37.9607,59,0.115846
TEL,37384,16.5468,16.2481,0.8658,-18.4928,20,0.039270
TEL,37484,10.8038,15.0665,0.6486,-13.2704,13,0.025525
TEL,37584,15.8343,15.2684,2.1086,-63.3478,42,0.082467
TEL,37684,16.3771,15.8689,1.4029,-35.3415,42,0.082467
TEL,37784,16.5468,16.2784,0.8181,-16.5388,17,0.033379
TEL,37884,14.3018,14.8134,1.7912,-81.6149,46,0.090321
TEL,37984,16.1015,15.4445,1.8345,-76.4665,76,0.149226
TEL,38084,16.3771,15.8996,1.3054,-51.0761,54,0.106029
TEL,38184,12.0356,15.1238,0.7536,-27.4561,29,0.056941
TEL,38284,15.0799,14.6505,2.7265,-122.4872,56,0.109956
TEL,38384,16.3771,15.9707,1.2900,-54.8290,121,0.237583
TEL,38484,16.7781,16.3712,0.8123,-32.5652,52,0.102102
TEL,38584,13.5161,14.7372,1.3647,-74.5468,60,0.117810
TEL,38684,16.1015,15.5153,1.8723,-81.7770,82,0.161007
TEL,38784,17.2591,16.6586,0.6804,-27.3516,54,0.106029
TEL,38884,17.5093,17.0842,0.1118,-2.4347,3,0.005890
TEL,38984,15.7818,15.7677,1.2468,-80.0509,31,0.060868
TEL,39084,17.2591,16.4977,0.8903,-51.7769,76,0.149226
TEL,39184,17.5729,17.1449,0.0368,-7.2257,17,0.033379
TEL,39284,18.0304,17.5926,-0.4117,10.8817,-8,-0.015708
TEL,39384,16.2658,15.9647,1.2645,-63.1922,17,0.033379
TEL,39484,17.3833,16.6844,0.6850,-31.2496,57,0.111919
TEL,39584,17.8974,17.5003,-0.3098,11.6639,-2,-0.003927
TEL,39684,18.1652,17.7781,-0.6373,24.2886,-24,-0.047124
TEL,39784,16.7197,16.2825,0.9892,-41.3086,5,0.009817
TEL,39884,17.4461,16.9489,0.3199,-7.3420,30,0.058905
TEL,39984,17.7014,17.4260,-0.3190,17.4069,-17,-0.033379
TEL,40084,11.5189,16.1221,-0.5438,24.8754,-25,-0.049087
TEL,40184,16.8960,16.3082,1.1291,-26.4343,4,0.007854
TEL,40284,17.1976,16.8344,0.3669,4.1757,4,0.007854
TEL,40384,17.3833,17.1499,-0.0762,16.3029,-16,-0.031416
TEL,40484,13.4770,14.9522,0.9309,-49.0893,13,0.025525
TEL,40584,16.4333,15.9204,1.3399,-58.9487,59,0.115846
TEL,40684,16.4333,16.1545,0.9521,-40.3392,41,0.080503
TEL,40784,12.0992,15.4670,0.7549,-32.3909,32,0.062832
TEL,40884,14.6585,14.2610,3.2196,-128.3909,61,0.119773
TEL,40984,15.7297,15.3360,1.8868,-94.5015,127,0.249364
TEL,41084,15.6779,15.5862,1.4529,-67.7780,73,0.143335
TEL,41184,10.7522,14.7438,1.3134,-59.2617,59,0.115846
TEL,41284,14.9843,14.7456,2.3621,-99.6657,86,0.168861
TEL,41384,15.9401,15.3676,1.8478,-74.4073,78,0.153153
TEL,41484,16.2658,15.7333,1.4596,-56.7734,58,0.113883
TEL,41584,14.0027,14.3146,2.3976,-121.6303,86,0.168861
TEL,41684,16.0473,15.1950,2.2977,-102.1381,111,0.217948
TEL,41784,16.8960,16.3952,0.8981,-38.1615,73,0.143335
TEL,41884,17.3833,16.9167,0.3108,-10.0939,12,0.023562
TEL,41984,16.2658,15.3404,2.5447,-106.0939,38,0.074613
TEL,42084,17.5729,16.7748,0.9094,-33.8651,104,0.204204
TEL,42184,14.0870,16.2980,-0.5421,24.4404,39,0.076576
TEL,42284,16.5468,16.9063,-0.2569,33.5441,-33,-0.064795
TEL,42384,16.6617,15.9142,1.7282,-37.2670,-5,-0.009817
TEL,42484,17.6369,16.9843,0.4951,13.2240,30,0.058905
TEL,42584,18.0304,17.6942,-0.5343,44.8690,-37,-0.072649
TEL,42684,17.7663,17.7846,-0.7907,47.0379,-47,-0.092284
TEL,42784,17.5729,17.7753,-0.8118,41.7547,-42,-0.082467
TEL,42884,17.5093,17.7218,-0.7551,34.8949,-35,-0.068722
TEL,42984,17.0757,17.5460,-0.6215,26.4555,-26,-0.051051
TEL,43084,16.5468,17.3202,-0.4666,17.8623,-18,-0.035343
TEL,43184,16.1015,16.7930,0.0024,-0.7518,0,0.000000
TEL,43284,15.8870,16.3754,0.4451,-23.8194,22,0.043197
TEL,43384,15.2745,15.7992,1.0102,-47.8939,46,0.090321
TEL,43484,15.0799,15.4568,1.4046,-64.7827,64,0.125664
TEL,43584,14.7502,15.0551,1.8466,-81.7377,81,0.159043
TEL,43684,14.4781,14.8236,2.0756,-90.1732,90,0.176715
TEL,43784,14.1722,14.5304,2.3771,-100.5097,101,0.198313
TEL,43884,14.2152,14.4042,2.5502,-106.1302,106,0.208131
TEL,43984,14.2152,14.3138,2.6684,-108.7140,109,0.214021
TEL,44084,14.2152,14.2892,2.6999,-108.3309,108,0.212057
TEL,44184,14.1722,14.2458,2.7454,-108.9674,109,0.214021
TEL,44284,14.3895,14.2644,2.7486,-107.8458,108,0.212057
TEL,44384,14.4781,14.3099,2.7065,-105.0088,105,0.206167
TEL,44484,14.8899,14.3924,2.6593,-102.1307,102,0.200277
TEL,44584,13.6748,13.3484,3.8707,-167.0602,131,0.257218
TEL,44684,14.9843,14.1506,3.2844,-131.3917,157,0.308269
TEL,44784,15.9401,15.3219,2.0266,-73.2908,92,0.180642
TEL,44884,16.6617,15.9935,1.3492,-41.7418,49,0.096211
TEL,44984,15.9401,15.3176,2.0232,-75.8294,68,0.133518
TEL,45084,17.1364,16.2570,1.2400,-37.0535,49,0.096211
TEL,45184,17.9637,17.4917,-0.2010,23.6459,9,0.017671
TEL,45284,12.0356,15.8988,-0.7711,42.9293,-44,-0.086394
TEL,45384,17.3210,16.3433,1.2066,-27.1169,-14,-0.027489
TEL,45484,17.6369,17.1162,0.2039,15.2396,20,0.039270
TEL,45584,18.0304,17.6987,-0.5598,38.4336,-36,-0.070686
TEL,45684,14.5678,15.5622,0.5508,-33.1235,-9,-0.017671
TEL,45784,16.9555,16.5500,0.6893,-27.0583,28,0.054978
TEL,45884,17.3833,16.9685,0.2166,-4.1286,6,0.011781
TEL,45984,17.3833,17.1378,-0.0736,6.0847,-6,-0.011781
TEL,46084,15.0799,15.6358,0.9534,-57.0970,22,0.043197
TEL,46184,16.4333,16.1071,1.0226,-50.8971,51,0.100138
TEL,46284,16.4333,16.2229,0.8374,-39.8035,40,0.078540
TEL,46384,11.0689,15.4509,0.7149,-33.3212,33,0.064795
TEL,46484,14.9843,15.0451,1.9213,-85.7245,62,0.121737
TEL,46584,15.8343,15.4889,1.6258,-69.5790,71,0.139408
TEL,46684,15.9936,15.6950,1.3927,-57.2499,57,0.111919
TEL,46784,14.0448,14.6065,2.0462,-99.3168,85,0.166897
TEL,46884,15.3238,14.8716,2.3090,-102.0434,102,0.200277
TEL,46984,16.3213,15.5938,1.6879,-71.2372,78,0.153153
TEL,47084,16.2658,15.9266,1.2075,-48.2978,50,0.098175
TEL,47184,15.4235,14.7428,2.8203,-127.3961,77,0.151189
TEL,47284,16.1559,15.6994,1.6357,-65.2454,123,0.241510
TEL,47384,16.8960,16.4691,0.7368,-25.7088,44,0.086394
TEL,47484,13.5161,15.7668,0.3124,-6.9129,8,0.015708
TEL,47584,16.7197,15.6785,2.3658,-69.7860,36,0.070686
TEL,47684,17.6369,16.9854,0.5843,6.6706,58,0.113883
TEL,47784,17.9637,17.6750,-0.5360,42.0884,-27,-0.053014
TEL,47884,12.0992,16.3094,-0.8329,47.6111,-48,-0.094248
TEL,47984,17.7014,16.8041,0.7070,-5.5906,-19,-0.037306
TEL,48084,17.7663,17.3485,-0.1223,25.7493,-12,-0.023562
TEL,48184,18.2332,17.8150,-0.6667,39.4273,-39,-0.076576
TEL,48284,15.0320,15.7604,0.5568,-38.0792,-10,-0.019635
TEL,48384,17.1364,16.8964,0.2611,-1.6787,33,0.064795
TEL,48484,17.0757,17.0156,0.0066,-1.6787,2,0.003927
TEL,48584,11.7568,16.1577,-0.0949,-1.6787,2,0.003927
TEL,48684,15.4737,14.9190,2.8573,-97.6787,30,0.058905
TEL,48784,16.2107,15.9556,1.1993,-69.3650,96,0.188496
TEL,48884,16.4333,16.1825,0.9125,-49.2636,51,0.100138
TEL,48984,15.3735,15.4872,1.4514,-80.2852,73,0.143335
TEL,49084,15.3238,15.3038,1.7036,-87.1743,87,0.170824
TEL,49184,15.8343,15.5644,1.5040,-71.8965,72,0.141372
TEL,49284,16.0473,15.7219,1.3536,-60.5916,61,0.119773
TEL,49384,14.1295,14.6548,2.0268,-101.9009,88,0.172788
TEL,49484,15.5243,14.8967,2.3279,-106.2248,106,0.208131
TEL,49584,16.0473,15.5212,1.6777,-73.4189,81,0.159043
TEL,49684,16.2658,15.8842,1.2611,-51.4161,52,0.102102
TEL,49784,15.4235,14.7625,2.6318,-108.6082,80,0.157080
TEL,49884,16.1015,15.5080,1.8289,-68.5832,95,0.186532
TEL,49984,16.7197,16.2694,0.9412,-29.8931,37,0.072649
TEL,50084,12.3269,15.2771,0.4906,-10.2396,10,0.019635
TEL,50184,16.3771,15.6490,1.9517,-54.4013,37,0.072649
TEL,50284,17.1976,16.6392,0.7643,-3.2435,25,0.049087
TEL,50384,17.7663,17.2993,-0.1005,24.6938,-18,-0.035343
TEL,50484,11.6367,13.8816,1.0098,-51.7604,4,0.007854
TEL,50584,17.3210,16.8436,0.7282,-9.3351,47,0.092284
TEL,50684,17.9637,17.5634,-0.2920,31.8959,-21,-0.041233
TEL,50784,13.8781,16.7957,-0.7627,42.1554,-42,-0.082467
TEL,50884,15.6264,15.2443,2.3218,-53.8446,-13,-0.025525
TEL,50984,17.6369,17.1251,0.2634,-22.2530,53,0.104065
TEL,51084,18.0304,17.6139,-0.3970,9.6981,-3,-0.005890
TEL,51184,12.4944,16.4978,-0.8958,29.7155,-30,-0.058905
TEL,51284,16.7197,16.1173,1.4685,-66.2845,-1,-0.001963
TEL,51384,17.7663,17.2672,0.0323,-7.2793,64,0.125664
TEL,51484,18.0304,17.6543,-0.4841,15.7621,2,0.003927
TEL,51584,15.6779,16.0390,0.6160,-53.3044,13,0.025525
TEL,51684,17.0757,16.4799,0.8041,-48.7159,49,0.096211
TEL,51784,17.6369,17.1196,0.0889,-12.1509,22,0.043197
TEL,51884,17.7663,17.4120,-0.2833,-0.6140,1,0.001963
TEL,51984,16.0473,15.4186,2.4755,-96.6140,30,0.058905
TEL,52084,17.8974,17.3073,0.3546,-20.3735,96,0.188496
TEL,52184,17.8974,17.7217,-0.6498,17.3120,27,0.053014
TEL,52284,17.7663,17.7395,-0.7327,21.1554,-21,-0.041233
TEL,52384,17.8316,17.7840,-0.7764,23.3945,-23,-0.045160
TEL,52484,17.8974,17.7947,-0.7818,23.9119,-24,-0.047124
TEL,52584,17.6369,17.7631,-0.7767,23.5784,-24,-0.047124
TEL,52684,17.5729,17.7232,-0.7392,22.2155,-22,-0.043197
TEL,52784,17.3833,17.6505,-0.6791,20.0507,-20,-0.039270
TEL,52884,17.1364,17.5743,-0.6238,18.1828,-18,-0.035343
TEL,52984,16.8368,17.3500,-0.4343,10.9614,-11,-0.021598
TEL,53084,16.6040,17.1239,-0.2345,2.9268,-3,-0.005890
TEL,53184,16.1015,16.6905,0.1505,-11.7387,12,0.023562
TEL,53284,15.9401,16.4176,0.4427,-24.2361,24,0.047124
TEL,53384,15.6779,16.0388,0.8539,-40.8014,40,0.078540
TEL,53484,15.5243,15.8185,1.0968,-50.6396,51,0.100138
TEL,53584,15.3238,15.5544,1.3865,-61.1203,61,0.119773
TEL,53684,15.1281,15.3924,1.5445,-66.9214,67,0.131554
TEL,53784,14.8430,15.1844,1.7427,-74.7338,75,0.147262
TEL,53884,14.9370,15.0926,1.8755,-79.9094,80,0.157080
TEL,53984,14.6585,14.9316,2.0172,-85.2153,85,0.166897
TEL,54084,14.7502,14.8748,2.1037,-87.3530,87,0.170824
TEL,54184,13.4381,14.0334,2.7191,-121.6478,113,0.221875
TEL,54284,14.2584,13.9904,3.1073,-134.7012,135,0.265072
TEL,54384,14.9370,14.4143,2.7445,-113.5029,116,0.227765
TEL,54484,15.1766,14.7289,2.4157,-95.2260,96,0.188496
TEL,54584,14.2584,13.7077,3.6948,-158.6848,124,0.243473
TEL,54684,15.2745,14.6434,2.7653,-107.3177,149,0.292561
TEL,54784,16.2107,15.7510,1.5125,-50.9842,73,0.143335
TEL,54884,12.2283,14.8156,0.9852,-27.5934,32,0.062832
TEL,54984,16.6040,15.2196,2.5606,-85.4527,57,0.111919
TEL,55084,17.3833,16.6345,0.9846,-12.3226,69,0.135481
TEL,55184,18.2332,17.7437,-0.4630,39.9036,-18,-0.035343
TEL,55284,14.0448,16.7759,-0.8851,49.1922,-49,-0.096211
TEL,55384,17.5729,16.8801,0.4812,1.1202,-21,-0.041233
TEL,55484,17.7663,17.3231,-0.1181,22.6811,-21,-0.041233
TEL,55584,17.8316,17.5658,-0.4884,30.6433,-31,-0.060868
TEL,55684,14.3895,15.4815,0.6348,-39.2756,-3,-0.005890
TEL,55784,16.7197,16.1701,1.0931,-48.0378,48,0.094248
TEL,55884,16.9555,16.5327,0.6397,-25.5112,27,0.053014
TEL,55984,13.1340,15.9343,0.3324,-1.4193,4,0.007854
TEL,56084,14.9370,14.9169,2.1007,-97.4193,30,0.058905
TEL,56184,16.0473,15.5363,1.6721,-75.3125,96,0.188496
TEL,56284,15.9936,15.7501,1.3344,-57.4021,58,0.113883
TEL,56384,11.1508,14.9665,1.1330,-47.6782,48,0.094248
TEL,56484,14.5678,14.5613,2.4425,-105.5609,77,0.151189
TEL,56584,15.6779,15.2178,1.9622,-81.0832,92,0.180642
TEL,56684,16.0473,15.5841,1.5866,-62.5525,63,0.123700
TEL,56784,14.3895,14.5571,2.3130,-113.0622,92,0.180642
TEL,56884,15.5752,15.1383,2.0857,-90.6749,94,0.184569
TEL,56984,16.6617,15.9957,1.3013,-53.8278,64,0.125664
TEL,57084,17.0154,16.4762,0.7590,-28.4468,31,0.060868
TEL,57184,16.2658,15.2273,2.5820,-110.5071,57,0.111919
TEL,57284,17.2591,16.5291,1.0635,-35.3742,108,0.212057
TEL,57384,17.9637,17.5327,-0.2911,19.9707,29,0.056941
TEL,57484,12.6662,16.2326,-0.7159,34.2042,-33,-0.064795
TEL,57584,17.1364,16.2185,1.9544,-39.4512,-5,-0.009817
TEL,57684,17.6369,17.1834,0.1924,29.4297,32,0.062832
TEL,57784,18.1652,17.7816,-0.6163,49.6388,-42,-0.082467
TEL,57884,11.5482,14.1714,0.4655,-23.8975,-21,-0.041233
TEL,57984,17.2591,16.7348,0.7113,-20.7654,21,0.041233
TEL,58084,17.3210,17.0173,0.1269,1.9999,0,0.000000
TEL,58184,17.3833,17.2682,-0.2333,14.2219,-14,-0.027489
TEL,58284,14.3455,15.3109,0.9217,-56.1609,14,0.027489
TEL,58384,16.2658,15.9753,1.1711,-54.0321,54,0.106029
TEL,58484,16.3771,16.2182,0.8424,-35.8199,36,0.070686
TEL,58584,10.9349,15.3008,0.6741,-28.0496,28,0.054978
TEL,58684,15.1281,14.8039,2.4519,-111.6820,57,0.111919
TEL,58784,15.7818,15.4833,1.6527,-72.6862,109,0.214021
TEL,58884,15.9936,15.7066,1.3906,-58.8183,59,0.115846
TEL,58984,13.7961,14.6058,1.9312,-94.0378,85,0.166897
TEL,59084,15.1281,14.7107,2.4584,-110.5480,110,0.215984
TEL,59184,16.1559,15.5856,1.6746,-70.8359,84,0.164934
TEL,59284,16.4899,16.0566,1.1366,-44.2579,48,0.094248
TEL,59384,15.3238,14.5165,3.5177,-140.2579,73,0.143335
TEL,59484,16.7197,16.1391,1.4595,-63.6881,138,0.270962
TEL,59584,17.5729,17.0796,0.1968,-6.9756,73,0.143335
TEL,59684,17.8974,17.4896,-0.3076,14.7184,-9,-0.017671
TEL,59784,16.6040,16.0741,1.2391,-48.6274,13,0.025525
TEL,59884,17.7014,16.9350,0.4950,-12.0251,40,0.078540
TEL,59984,18.0975,17.6606,-0.4628,24.1448,-17,-0.033379
TEL,60084,12.5284,16.4245,-0.7682,33.3100,-33,-0.064795
TEL,60184,17.1976,16.4350,0.9588,-27.3487,-4,-0.007854
TEL,60284,17.5093,17.0899,0.1449,9.2127,14,0.027489
TEL,60384,17.8974,17.5250,-0.3930,25.6194,-28,-0.054978
TEL,60484,14.7042,15.5246,0.7499,-47.0905,3,0.005890
TEL,60584,16.8368,16.1617,1.1505,-52.2345,52,0.102102
TEL,60684,16.8368,16.4850,0.6593,-28.4235,30,0.058905
TEL,60784,13.0599,15.8955,0.3355,-3.1055,6,0.011781
TEL,60884,14.7502,14.8171,2.1238,-99.1055,32,0.062832
TEL,60984,16.0473,15.4896,1.7392,-80.2243,97,0.190459
TEL,61084,16.0473,15.7444,1.3651,-60.3797,60,0.117810
TEL,61184,12.4606,14.0829,1.9988,-98.8307,86,0.168861
TEL,61284,14.8430,14.2476,3.0647,-136.8895,126,0.247400
TEL,61384,15.6779,15.1625,2.0941,-87.9544,108,0.212057
TEL,61484,15.7297,15.4665,1.6422,-65.9884,69,0.135481
TEL,61584,16.0473,15.7022,1.3873,-56.0670,56,0.109956
TEL,61684,16.3213,15.8867,1.2178,-48.9599,49,0.096211
TEL,61784,16.5468,16.1341,0.9599,-38.9964,39,0.076576
TEL,61884,16.5468,16.2739,0.7881,-32.1855,32,0.062832
TEL,61984,17.1364,16.5648,0.5609,-23.3974,23,0.045160
TEL,62084,16.9555,16.7114,0.3471,-14.8643,15,0.029452
TEL,62184,17.2591,16.9635,0.1046,-5.3671,5,0.009817
TEL,62284,17.5729,17.1693,-0.0739,3.3000,-3,-0.005890
TEL,62384,17.8974,17.4034,-0.2971,11.1681,-11,-0.021598
TEL,62484,17.8316,17.5480,-0.4836,18.1130,-18,-0.035343
TEL,62584,17.7663,17.6585,-0.6381,22.9444,-23,-0.045160
REF,62678,9.0000,hold_near
TEL,62684,17.8316,17.7124,-0.6931,24.5627,-25,-0.049087
TEL,62784,17.8974,17.7581,-8.7404,120.5627,-54,-0.106029
TEL,62884,17.5729,17.7205,-8.7380,216.5627,-148,-0.290597
TEL,62984,17.3833,17.6753,-8.7047,224.0000,-222,-0.435896
TEL,63084,17.0154,17.5848,-8.6474,224.0000,-224,-0.439823
TEL,63184,16.5468,17.2851,-8.4163,224.0000,-224,-0.439823
TEL,63284,15.8343,16.8704,-8.1334,224.0000,-224,-0.439823
TEL,63384,11.9413,14.8312,-7.2011,219.1031,-219,-0.430005
TEL,63484,12.5626,12.4948,-3.3777,123.1031,-190,-0.373064
TEL,63584,12.6662,12.8823,-3.9724,85.4070,-101,-0.198313
TEL,63684,11.8484,12.5318,-3.7500,87.3734,-87,-0.170824
TEL,63784,8.7727,10.2800,-2.3701,33.9322,-58,-0.113883
TEL,63884,8.8797,9.3283,-0.6826,-20.8964,7,0.013744
TEL,63984,8.1168,8.6571,0.1081,-39.0093,39,0.076576
TEL,64084,8.1938,8.3894,0.5340,-49.3175,49,0.096211
TEL,64184,7.9229,8.3932,0.4895,-37.4794,37,0.072649
TEL,64284,9.2541,8.6286,0.5253,-31.6983,32,0.062832
TEL,64384,10.6001,9.6404,-0.2286,0.0000,7,0.013744
TEL,64484,11.4608,10.6104,-1.1204,45.5196,-28,-0.054978
TEL,64584,8.7028,9.7535,-1.4392,41.2870,-41,-0.080503
TEL,64684,12.2610,11.2531,-1.4661,58.9284,-59,-0.115846
TEL,64784,13.4770,12.8647,-3.4456,129.0752,-88,-0.172788
TEL,64884,13.9194,13.4336,-4.1734,153.7499,-151,-0.296488
TEL,64984,13.4381,12.9267,-3.4593,99.2648,-126,-0.247400
TEL,65084,14.0870,13.5464,-4.2376,134.2353,-118,-0.231692
TEL,65184,14.7502,14.2825,-5.0737,166.6487,-159,-0.312196
TEL,65284,15.0799,14.6673,-5.5016,183.9395,-183,-0.359320
TEL,65384,14.3018,13.4875,-3.8061,110.8971,-155,-0.304342
TEL,65484,14.5678,14.0956,-4.8101,153.1749,-118,-0.231692
TEL,65584,14.5678,14.4479,-5.4035,175.6399,-173,-0.339685
TEL,65684,14.6130,14.5191,-5.4956,178.9444,-179,-0.351466
TEL,65784,13.1340,13.3397,-4.4425,138.8055,-151,-0.296488
TEL,65884,13.3608,13.3905,-4.3996,139.7889,-140,-0.274889
TEL,65984,12.8068,13.2469,-4.3306,136.9723,-137,-0.268999
TEL,66084,9.0633,12.3844,-4.1321,128.7275,-129,-0.253291
TEL,66184,10.9881,11.1685,-2.2745,63.6163,-101,-0.198313
TEL,66284,10.2839,10.7949,-1.9920,53.5143,-54,-0.106029
TEL,66384,9.2736,9.9758,-1.2723,27.5809,-31,-0.060868
TEL,66484,6.5622,9.2274,-0.2274,-18.0447,-14,-0.027489
TEL,66584,8.1016,8.1372,0.8410,-57.9581,40,0.078540
TEL,66684,8.8081,8.3682,0.7749,-46.1189,46,0.090321
TEL,66784,9.6379,8.9895,0.2406,-16.4345,21,0.041233
TEL,66884,8.7904,8.7116,0.3223,-24.1283,24,0.047124
TEL,66984,10.7266,9.7471,-0.3102,0.1318,2,0.003927
TEL,67084,11.4608,10.7029,-1.2506,50.3971,-29,-0.056941
TEL,67184,12.3600,11.7504,-2.4279,92.2089,-74,-0.145299
TEL,67284,11.2897,11.0296,-1.8211,48.7629,-65,-0.127627
TEL,67384,12.8782,12.1812,-2.8011,91.0387,-73,-0.143335
TEL,67484,13.3608,12.8051,-3.5164,120.7426,-115,-0.225802
TEL,67584,10.3793,12.4059,-4.2226,145.2575,-143,-0.280780
TEL,67684,12.7011,12.2812,-3.0301,96.1794,-116,-0.227765
TEL,67784,13.3608,12.9351,-3.7537,124.4114,-119,-0.233656
TEL,67884,13.3608,13.1589,-4.0870,137.1353,-137,-0.268999
TEL,67984,9.1578,11.5366,-3.6785,110.6031,-114,-0.223838
TEL,68084,12.1958,11.8756,-2.6985,84.7687,-88,-0.172788
TEL,68184,12.1635,12.0817,-3.0571,98.0713,-98,-0.192423
TEL,68284,11.8177,12.0302,-3.0727,98.3314,-98,-0.192423
TEL,68384,9.9401,10.9312,-2.3788,63.8272,-72,-0.141372
TEL,68484,9.9179,10.3091,-1.5249,31.3313,-39,-0.076576
TEL,68584,9.2932,9.7976,-0.9816,15.6346,-16,-0.031416
TEL,68684,8.7202,9.3548,-0.5888,3.1196,-3,-0.005890
TEL,68784,7.4023,9.3548,-0.5888,3.1196,-3,-0.005890
TEL,68884,8.2721,8.7212,0.0605,-14.7224,15,0.029452
TEL,68984,9.1769,8.8389,0.2949,-20.4239,20,0.039270
TEL,69084,9.5547,9.0771,0.0461,-5.8695,6,0.011781
TEL,69184,9.4525,8.8950,0.1991,-16.4212,16,0.031416
TEL,69284,10.1901,9.5040,0.1050,0.0271,0,0.000000
TEL,69384,11.0149,10.3829,-0.8013,30.3277,-30,-0.058905
TEL,69484,11.3462,10.8349,-1.6152,60.1012,-60,-0.117810
TEL,69584,11.3462,10.4305,-1.1170,26.4590,-26,-0.051051
TEL,69684,11.5189,10.9699,-1.7093,54.8171,-55,-0.107992
TEL,69784,11.6367,11.4042,-2.1869,74.9794,-75,-0.147262
TEL,69884,9.8739,11.0947,-2.4042,82.5681,-83,-0.162970
TEL,69984,10.5009,10.4423,-1.3499,31.5149,-40,-0.078540
TEL,70084,10.4520,10.5063,-1.4423,38.5817,-39,-0.076576
TEL,70184,9.9401,10.3577,-1.4788,42.1775,-42,-0.082467
TEL,70284,7.4023,10.2679,-1.2679,35.9131,-36,-0.070686
TEL,70384,8.6168,9.3621,-0.9210,22.9540,-23,-0.045160
TEL,70484,8.2563,8.8365,-0.0891,-7.1376,7,0.013744
TEL,70584,8.4003,8.4562,0.3935,-26.8957,27,0.053014
TEL,70684,6.7524,8.4834,0.5166,-27.4812,27,0.053014
TEL,70784,9.1198,8.5656,0.6017,-29.3096,29,0.056941
TEL,70884,9.5754,8.8937,0.2858,0.9036,-1,-0.001963
TEL,70984,10.1669,9.5203,-0.0840,0.9036,-1,-0.001963
TEL,71084,10.4034,9.8944,-0.7084,29.7467,-30,-0.058905
TEL,71184,10.8298,10.3953,-1.0815,43.9818,-44,-0.086394
TEL,71284,11.0149,10.6405,-1.5232,58.4810,-58,-0.113883
TEL,71384,11.2617,10.9506,-1.7511,65.6570,-66,-0.129591
TEL,71484,11.2617,11.0677,-2.0207,73.3279,-73,-0.143335
TEL,71584,11.1508,11.1319,-2.1024,74.4817,-74,-0.145299
TEL,71684,11.0418,11.1266,-2.1381,73.9689,-74,-0.145299
TEL,71784,10.7011,11.0284,-2.0995,70.8338,-71,-0.139408
TEL,71884,10.3314,10.8883,-1.9697,65.4535,-65,-0.127627
TEL,71984,9.9179,10.5428,-1.7979,58.5546,-59,-0.115846
TEL,72084,9.5341,10.1951,-1.3800,42.6721,-43,-0.084430
TEL,72184,8.8797,9.5150,-0.9811,26.5453,-27,-0.053014
TEL,72284,8.4330,9.0418,-0.2828,1.3904,-1,-0.001963
TEL,72384,8.2879,8.5363,0.1933,-17.6721,18,0.035343
TEL,72484,8.6682,8.5521,0.4768,-25.6302,26,0.051051
TEL,72584,9.1388,8.7378,0.3996,-19.4051,19,0.037306
TEL,72684,9.4525,8.9420,0.1683,1.3692,-1,-0.001963
TEL,72784,9.8085,9.3262,-0.0616,1.3692,-1,-0.001963
TEL,72884,10.0523,9.5847,-0.4539,19.6319,-20,-0.039270
TEL,72984,7.6000,8.8490,-0.7134,29.9639,-30,-0.058905
TEL,73084,10.0750,9.4042,-0.0889,13.5588,-14,-0.027489
TEL,73184,10.5752,10.1486,-0.6808,35.8356,-36,-0.070686
TEL,73284,10.7780,10.4544,-1.3311,56.9987,-57,-0.111919
TEL,73384,9.7439,9.9912,-1.5426,61.9884,-62,-0.121737
TEL,73484,10.2368,10.0571,-1.0075,42.0428,-42,-0.082467
TEL,73584,10.3314,10.2069,-1.1290,45.5876,-46,-0.090321
TEL,73684,10.1901,10.2182,-1.2229,47.3120,-47,-0.092284
TEL,73784,9.3128,9.4955,-1.0282,35.8184,-36,-0.070686
TEL,73884,9.5136,9.4713,-0.4601,17.0811,-17,-0.033379
TEL,73984,9.2541,9.4204,-0.4644,17.4859,-17,-0.033379
TEL,74084,9.0075,9.3289,-0.3782,14.1779,-14,-0.027489
TEL,74184,8.0113,8.8893,-0.1065,3.3028,-3,-0.005890
TEL,74284,8.0412,8.5442,0.2921,-14.8366,15,0.029452
TEL,74384,8.4330,8.4073,0.5991,-25.9874,26,0.051051
TEL,74484,8.6510,8.4647,0.5688,-23.2706,23,0.045160
TEL,74584,8.4494,8.3875,0.6243,-25.7516,26,0.051051
TEL,74684,9.0633,8.5400,0.5504,-20.9518,21,0.041233
TEL,74784,9.4122,8.8771,0.2465,1.0095,0,0.000000
TEL,74884,9.5754,9.1191,-0.0000,4.8052,-5,-0.009817
TEL,74984,9.1388,9.0703,-0.0537,1.0095,-1,-0.001963
TEL,75084,9.6590,9.2126,-0.1248,1.0095,-1,-0.001963
TEL,75184,9.7439,9.4480,-0.3831,17.0544,-17,-0.033379
TEL,75284,8.1628,9.2802,-0.5111,21.6678,-22,-0.043197
TEL,75384,9.2347,9.1242,-0.0975,1.3672,-2,-0.003927
TEL,75484,9.4728,9.2232,-0.1739,1.3672,-1,-0.001963
TEL,75584,9.3524,9.2926,-0.2565,1.3672,-1,-0.001963
TEL,75684,7.2508,9.2779,-0.2779,1.3672,-1,-0.001963
TEL,75784,8.5491,8.9443,-0.0291,1.3672,-1,-0.001963
TEL,75884,8.4330,8.7952,0.1268,1.3672,-1,-0.001963
TEL,75984,8.2093,8.5370,0.3881,-17.5106,17,0.033379
TEL,76084,6.6141,8.5370,0.3881,-17.5106,18,0.035343
TEL,76184,8.5491,8.4218,0.5859,-25.0658,25,0.049087
TEL,76284,8.8438,8.5302,0.5782,-23.3673,23,0.045160
TEL,76384,9.1388,8.7509,0.4077,-15.1237,15,0.029452
TEL,76484,8.1321,8.6466,0.2491,0.4415,0,0.000000
TEL,76584,9.1769,8.8883,0.3534,-13.0709,13,0.025525
TEL,76684,9.2736,9.0049,0.1117,0.3434,0,0.000000
TEL,76784,9.3722,9.1537,-0.0692,0.3434,0,0.000000
TEL,76884,7.9669,8.9742,-0.1537,0.3434,0,0.000000
TEL,76984,8.9706,8.9082,0.0918,0.3434,0,0.000000
TEL,77084,8.9340,8.9192,0.0918,0.3434,0,0.000000
TEL,77184,7.2261,8.9223,0.0770,0.3434,0,0.000000
TEL,77284,7.9229,8.8276,0.1724,0.3434,0,0.000000
TEL,77384,8.4003,8.6770,0.2797,0.3434,0,0.000000
TEL,77484,8.0262,8.5550,0.3628,-15.3072,12,0.023562
TEL,77584,6.8963,8.4799,0.5201,-21.5896,20,0.039270
TEL,77684,7.8505,8.3919,0.6081,-25.0260,25,0.049087
TEL,77784,8.4990,8.3830,0.6337,-25.4358,25,0.049087
TEL,77884,8.7202,8.4428,0.5572,-21.3595,21,0.041233
TEL,77984,7.0931,8.5043,0.4957,-18.3425,18,0.035343
TEL,78084,8.3038,8.4021,0.5979,-22.7016,23,0.045160
TEL,78184,8.6855,8.4627,0.5659,-20.9263,21,0.041233
TEL,78284,8.7028,8.5102,0.4898,-17.6817,18,0.035343
TEL,78384,6.6879,8.5388,0.4612,-16.5334,17,0.033379
TEL,78484,8.0412,8.3938,0.6062,-23.4404,23,0.045160
TEL,78584,8.2563,8.3362,0.6528,-25.3871,25,0.049087
TEL,78684,8.3198,8.3265,0.6735,-26.0240,26,0.051051
TEL,78784,7.2632,8.3337,0.6663,-25.4894,25,0.049087
TEL,78884,8.0713,8.2536,0.7464,-28.9232,29,0.056941
TEL,78984,8.5659,8.3032,0.7235,-27.5474,28,0.054978
TEL,79084,8.5828,8.3549,0.6451,-24.0189,24,0.047124
TEL,79184,7.7095,8.3108,0.6892,-26.6622,27,0.053014
TEL,79284,8.3518,8.2984,0.7016,-26.8533,27,0.053014
TEL,79384,8.5491,8.3542,0.6458,-24.2189,24,0.047124
TEL,79484,8.5828,8.3972,0.6028,-22.2360,22,0.043197
TEL,79584,7.7513,8.3509,0.6491,-24.8815,25,0.049087
TEL,79684,8.2879,8.3183,0.6817,-26.1408,26,0.051051
TEL,79784,7.1170,8.3248,0.6752,-25.6588,26,0.051051
TEL,79884,8.3841,8.3333,0.6667,-25.2334,25,0.049087
TEL,79984,7.7234,8.2847,0.7153,-27.4559,27,0.053014
TEL,80084,8.1628,8.2431,0.7569,-29.1474,29,0.056941
TEL,80184,8.3198,8.2489,0.7511,-28.6847,29,0.056941
TEL,80284,8.3841,8.2688,0.7312,-27.6840,28,0.054978
TEL,80384,7.7234,8.2281,0.7719,-29.5528,30,0.058905
TEL,80484,8.1474,8.2124,0.7876,-30.2119,30,0.058905
TEL,80584,8.3518,8.2392,0.7608,-28.9145,29,0.056941
TEL,80684,8.4003,8.2612,0.7388,-27.8400,28,0.054978
TEL,80784,8.4003,8.2907,0.7093,-26.6017,27,0.053014
TEL,80884,8.3518,8.3045,0.6955,-26.0998,26,0.051051
TEL,80984,8.4166,8.3277,0.6723,-25.1761,25,0.049087
TEL,81084,8.4330,8.3399,0.6601,-24.6833,25,0.049087
TEL,81184,8.4166,8.3541,0.6459,-24.1715,24,0.047124
TEL,81284,8.4330,8.3620,0.6380,-23.8848,24,0.047124
TEL,81384,8.4166,8.3713,0.6287,-23.5809,24,0.047124
TEL,81484,8.4330,8.3774,0.6226,-23.3735,23,0.045160
TEL,81584,8.4166,8.3820,0.6180,-23.2435,23,0.045160
TEL,81684,8.4166,8.3822,0.6178,-23.2702,23,0.045160
TEL,81784,8.4166,8.3863,0.6137,-23.1454,23,0.045160
TEL,81884,8.4330,8.3899,0.6101,-23.0217,23,0.045160
TEL,81984,8.4166,8.3922,0.6078,-22.9613,23,0.045160
TEL,82084,8.4166,8.3939,0.6061,-22.9189,23,0.045160
TEL,82184,8.4003,8.3935,0.6065,-22.9609,23,0.045160
TEL,82284,8.4166,8.3944,0.6056,-22.9353,23,0.045160
TEL,82384,8.4003,8.3949,0.6051,-22.9345,23,0.045160
TEL,82484,8.4166,8.3957,0.6043,-22.9105,23,0.045160
TEL,82584,8.4003,8.3956,0.6044,-22.9254,23,0.045160
TEL,82684,6.7308,8.3953,0.6044,-22.9254,23,0.045160
TEL,82784,8.1938,8.3616,0.6219,-23.8104,24,0.047124
TEL,82884,8.2721,8.3549,0.6384,-24.5230,25,0.049087
TEL,82984,8.3841,8.3569,0.6446,-24.6701,25,0.049087
TEL,83084,6.5213,8.3569,0.6431,-24.5423,25,0.049087
TEL,83184,8.1938,8.3207,0.6613,-25.3327,25,0.049087
TEL,83284,8.2563,8.3164,0.6793,-26.0893,26,0.051051
TEL,83384,8.4166,8.3237,0.6836,-26.2375,26,0.051051
TEL,83484,7.4023,8.3237,0.6763,-25.7938,26,0.051051
TEL,83584,8.2406,8.2932,0.6966,-26.6823,27,0.053014
TEL,83684,8.3679,8.2982,0.7068,-27.0697,27,0.053014
TEL,83784,8.3841,8.3100,0.6976,-26.5731,27,0.053014
TEL,83884,7.4671,8.3100,0.6900,-26.1852,26,0.051051
TEL,83984,8.2093,8.2816,0.7083,-27.0199,27,0.053014
TEL,84084,8.3679,8.2887,0.7184,-27.4616,27,0.053014
TEL,84184,7.1894,8.2957,0.7097,-27.0515,27,0.053014
TEL,84284,7.7373,8.2683,0.7317,-28.1220,28,0.054978
TEL,84384,8.3038,8.2426,0.7617,-29.3939,29,0.056941
TEL,84484,7.1530,8.2485,0.7515,-28.7548,29,0.056941
TEL,84584,6.9417,8.2647,0.7353,-27.8903,28,0.054978
TEL,84684,7.8505,8.2391,0.7609,-29.0608,29,0.056941
TEL,84784,8.2879,8.2330,0.7708,-29.4006,29,0.056941
TEL,84884,8.3679,8.2484,0.7516,-28.4715,28,0.054978
TEL,84984,7.1050,8.2667,0.7333,-27.5866,28,0.054978
TEL,85084,7.6956,8.2308,0.7692,-29.2856,29,0.056941
TEL,85184,8.3038,8.2174,0.7894,-30.0952,30,0.058905
TEL,85284,8.3679,8.2368,0.7632,-28.8602,29,0.056941
TEL,85384,6.5829,8.2522,0.7478,-28.2081,28,0.054978
TEL,85484,8.0562,8.2048,0.7952,-30.3363,30,0.058905
TEL,85584,8.2879,8.2070,0.7990,-30.4604,30,0.058905
TEL,85684,8.3679,8.2268,0.7732,-29.2329,29,0.056941
TEL,85784,6.5417,8.2374,0.7732,-29.2329,29,0.056941
TEL,85884,7.9964,8.1799,0.8039,-30.8588,31,0.060868
TEL,85984,8.3038,8.1977,0.8189,-31.3181,31,0.060868
TEL,86084,8.4003,8.1795,0.8023,-30.4456,30,0.058905
TEL,86184,6.5725,8.1916,0.8084,-30.4301,30,0.058905
TEL,86284,8.1168,8.1487,0.8480,-32.3014,32,0.062832
TEL,86384,8.2563,8.1725,0.8460,-32.0893,32,0.062832
TEL,86484,8.3841,8.1643,0.8275,-31.2433,31,0.060868
TEL,86584,7.5463,8.1274,0.8166,-30.4801,30,0.058905
TEL,86684,8.1016,8.1017,0.8983,-34.2935,34,0.066759
TEL,86784,8.2879,8.1450,0.8867,-33.5560,34,0.066759
TEL,86884,8.3518,8.1832,0.8337,-31.1236,31,0.060868
TEL,86984,7.7373,8.1573,0.8016,-29.7370,30,0.058905
TEL,87084,8.1474,8.1446,0.8557,-32.2767,32,0.062832
TEL,87184,8.3518,8.1823,0.8470,-31.8365,32,0.062832
TEL,87284,8.4166,8.2187,0.7995,-29.7431,30,0.058905
TEL,87384,7.7653,8.1799,0.8201,-31.1526,31,0.060868
TEL,87484,8.0713,8.1593,0.8407,-32.1304,32,0.062832
TEL,87584,8.3518,8.1975,0.8025,-30.3227,30,0.058905
TEL,87684,8.4166,8.2301,0.7699,-28.7662,29,0.056941
TEL,87784,7.7513,8.1897,0.8103,-30.7319,31,0.060868
TEL,87884,8.2406,8.1829,0.8171,-30.8828,31,0.060868
TEL,87984,8.3679,8.2227,0.7773,-29.1292,29,0.056941
TEL,88084,8.4003,8.2445,0.7555,-28.1277,28,0.054978
TEL,88184,7.8362,8.2117,0.7883,-29.7730,30,0.058905
TEL,88284,8.2249,8.2101,0.7899,-29.8578,30,0.058905
TEL,88384,7.9229,8.2049,0.7728,-29.0374,29,0.056941
TEL,88484,8.4003,8.2331,0.7669,-28.6046,29,0.056941
TEL,88584,7.9521,8.1670,0.8330,-31.7352,32,0.062832
TEL,88684,8.2879,8.1769,0.8231,-31.1124,31,0.060868
TEL,88784,8.3841,8.2155,0.7845,-29.3766,29,0.056941
TEL,88884,8.3841,8.2390,0.7610,-28.3381,28,0.054978
TEL,88984,8.0262,8.1839,0.8161,-30.9333,31,0.060868
TEL,89084,8.2721,8.1906,0.8094,-30.5430,31,0.060868
TEL,89184,8.3679,8.2269,0.7731,-28.9707,29,0.056941
TEL,89284,7.2016,8.2391,0.7731,-28.9707,29,0.056941
TEL,89384,8.1168,8.1972,0.7952,-30.3050,30,0.058905
TEL,89484,8.3038,8.2088,0.7992,-30.3545,30,0.058905
TEL,89584,8.3679,8.2397,0.7705,-29.0302,29,0.056941
TEL,89684,6.8738,8.2527,0.7473,-27.9419,28,0.054978
TEL,89784,8.1628,8.2191,0.7760,-29.3654,29,0.056941
TEL,89884,8.3038,8.2291,0.7768,-29.3455,29,0.056941
TEL,89984,8.4003,8.2587,0.7520,-28.2314,28,0.054978
TEL,90084,6.7851,8.2674,0.7326,-27.4042,27,0.053014
TEL,90184,8.1474,8.1891,0.8068,-30.8118,31,0.060868
TEL,90284,8.3198,8.1996,0.8105,-30.8999,31,0.060868
TEL,90384,8.3841,8.2316,0.7806,-29.4799,29,0.056941
TEL,90484,8.4330,8.2558,0.7583,-28.4662,28,0.054978
TEL,90584,8.4166,8.2856,0.7247,-27.0270,27,0.053014
TEL,90684,8.4330,8.3050,0.7049,-26.2180,26,0.051051
TEL,90784,8.3679,8.3234,0.6799,-25.2480,25,0.049087
TEL,90884,8.4166,8.3330,0.6726,-25.0548,25,0.049087
TEL,90984,8.4166,8.3445,0.6600,-24.6150,25,0.049087
TEL,91084,8.4494,8.3551,0.6505,-24.2787,24,0.047124
TEL,91184,8.4166,8.3655,0.6374,-23.8212,24,0.047124
TEL,91284,8.3679,8.3689,0.6310,-23.6181,24,0.047124
TEL,91384,8.4166,8.3769,0.6251,-23.4327,23,0.045160
TEL,91484,8.3841,8.3789,0.6213,-23.3423,23,0.045160
TEL,91584,8.4330,8.3822,0.6200,-23.3953,23,0.045160
TEL,91684,8.4166,8.3855,0.6158,-23.2386,23,0.045160
TEL,91784,8.4166,8.3871,0.6140,-23.1906,23,0.045160
TEL,91884,8.4330,8.3881,0.6136,-23.2291,23,0.045160
TEL,91984,8.4330,8.3909,0.6105,-23.1192,23,0.045160
TEL,92084,8.4166,8.3925,0.6083,-23.0380,23,0.045160
TEL,92184,8.3518,8.3923,0.6065,-22.9769,23,0.045160
TEL,92284,8.4166,8.3918,0.6089,-23.1157,23,0.045160
TEL,92384,7.1050,8.3900,0.6100,-23.2063,23,0.045160
TEL,92484,7.8219,8.3739,0.6261,-23.9405,24,0.047124
TEL,92584,8.2721,8.3550,0.6416,-24.6020,25,0.049087
TEL,92684,8.3518,8.3541,0.6459,-24.7037,25,0.049087
TEL,92784,7.1050,8.3563,0.6437,-24.5404,25,0.049087
TEL,92884,7.7095,8.3332,0.6668,-25.5588,26,0.051051
TEL,92984,8.2879,8.3138,0.6849,-26.3637,26,0.051051
TEL,93084,8.3679,8.3180,0.6820,-26.1057,26,0.051051
TEL,93184,6.5829,8.3210,0.6820,-26.1057,26,0.051051
TEL,93284,7.8938,8.2696,0.7082,-27.3101,27,0.053014
TEL,93384,8.3198,8.2649,0.7371,-28.4401,28,0.054978
TEL,93484,8.3841,8.2745,0.7351,-28.1654,28,0.054978
TEL,93584,6.8071,8.2806,0.7194,-27.3726,27,0.053014
TEL,93684,8.0713,8.2403,0.7479,-28.6498,29,0.056941
TEL,93784,8.3518,8.2473,0.7628,-29.2147,29,0.056941
TEL,93884,8.3358,8.2526,0.7527,-28.6222,29,0.056941
TEL,93984,6.5519,8.2678,0.7395,-27.9467,28,0.054978
TEL,94084,8.0113,8.2274,0.7570,-28.9220,29,0.056941
TEL,94184,8.3518,8.2356,0.7782,-29.8003,30,0.058905
TEL,94284,8.4166,8.2512,0.7600,-28.9481,29,0.056941
TEL,94384,7.2385,8.2597,0.7402,-27.9953,28,0.054978
TEL,94484,8.1474,8.2291,0.7647,-29.1373,29,0.056941
TEL,94584,8.3518,8.2441,0.7701,-29.3046,29,0.056941
TEL,94684,8.4003,8.2613,0.7480,-28.2856,28,0.054978
TEL,94784,7.5463,8.2248,0.7288,-27.3842,27,0.053014
TEL,94884,8.0713,8.1919,0.7971,-30.5358,31,0.060868
TEL,94984,8.3518,8.2178,0.8028,-30.5702,31,0.060868
TEL,95084,8.4166,8.2396,0.7745,-29.3107,29,0.056941
TEL,95184,7.7095,8.2103,0.7496,-28.1690,28,0.054978
TEL,95284,8.1938,8.1944,0.8056,-30.7242,31,0.060868
TEL,95384,8.3038,8.2131,0.7995,-30.3286,30,0.058905
TEL,95484,8.4003,8.2366,0.7759,-29.2114,29,0.056941
TEL,95584,7.7935,8.2048,0.7952,-30.3598,30,0.058905
TEL,95684,8.1628,8.1916,0.8084,-30.8753,31,0.060868
TEL,95784,7.8077,8.1799,0.7913,-29.9686,30,0.058905
TEL,95884,8.3198,8.2011,0.7989,-30.0709,30,0.058905
TEL,95984,7.8077,8.1708,0.8292,-31.5191,32,0.062832
TEL,96084,8.2249,8.1675,0.8325,-31.5330,32,0.062832
TEL,96184,8.3198,8.1987,0.8013,-30.1628,30,0.058905
TEL,96284,8.3841,8.2267,0.7733,-28.9063,29,0.056941
TEL,96384,7.9521,8.2058,0.7942,-29.9852,30,0.058905
TEL,96484,8.2249,8.1985,0.8015,-30.2693,30,0.058905
TEL,96584,8.3679,8.2274,0.7726,-28.9947,29,0.056941
TEL,96684,7.3007,8.2386,0.7726,-28.9947,29,0.056941
TEL,96784,7.9669,8.2192,0.7808,-29.6287,30,0.058905
TEL,96884,8.2563,8.2179,0.7821,-29.6253,30,0.058905
TEL,96984,7.9964,8.2204,0.7634,-28.7397,29,0.056941
TEL,97084,7.3639,8.2353,0.7634,-28.7397,29,0.056941
TEL,97184,8.0562,8.1866,0.8016,-30.6575,31,0.060868
TEL,97284,8.2879,8.1972,0.8103,-30.8640,31,0.060868
TEL,97384,8.3841,8.1931,0.7912,-29.8706,30,0.058905
TEL,97484,6.7524,8.2106,0.7894,-29.4830,29,0.056941
TEL,97584,8.1474,8.1793,0.8176,-30.9025,31,0.060868
TEL,97684,8.1938,8.1852,0.8156,-30.7632,31,0.060868
TEL,97784,8.4166,8.2185,0.7969,-29.9209,30,0.058905
TEL,97884,6.9303,8.2307,0.7693,-28.7152,29,0.056941
