BALL_BEAM_BOOT
HELP,keys
STATE,SAFE_DISABLED
SENSORS,angle=bad,pos=bad,m=n
MEAS,theta_deg=0.0000,x_cm=0.0000,x_filt_cm=0.0000
AGE,angle_ms=0,pos_ms=0,miss=0
FAULTS,bits=0
CAL,zero_calibrated=no,limits_calibrated=no,sign_calibrated=no
SONAR_CFG,s=-1,u=1
ACT_CFG,t=0.0000,v=0,e=0.000
TEL,enabled=1
FAULT_INFO,bits=0
FAULT_INFO,none
TEL,350,SAFE_DISABLED,-4.1864,-4.1060,0.0000,0.0000,0.00,0,0.0000,4,1,0,0.0000,0.0000,0,-12.6562,0.0000,idle,-4.1864,-4.1060,-4.1864,-4.1060,-4.1060,0.4000
TEL,450,SAFE_DISABLED,-4.5370,-4.3010,0.0000,0.0000,0.00,0,0.0000,33,1,0,0.0000,0.0000,0,-12.6562,0.0000,idle,-4.5370,-4.3010,-4.5370,-4.3010,-4.3010,0.4000
TEL,550,SAFE_DISABLED,-3.1881,-1.6942,0.0000,0.0000,0.00,0,0.0000,13,1,0,0.0000,0.0000,0,-12.6562,0.0000,idle,-3.1881,-1.6942,-3.1881,-1.6942,-1.6942,0.4000
TEL,650,SAFE_DISABLED,-4.4191,-3.1086,0.0000,0.0000,0.00,0,0.0000,34,1,0,0.0000,0.0000,0,-12.6562,0.0000,idle,-4.4191,-3.1086,-4.4191,-3.1086,-3.1086,0.4000
TEL,750,SAFE_DISABLED,5.9130,-0.9371,0.0000,0.0000,0.00,0,0.0000,14,1,0,0.0000,0.0000,0,-12.6562,0.0000,idle,5.9130,-0.9371,5.9130,-0.9371,-0.9371,0.4000
TEL,850,SAFE_DISABLED,-3.9577,-2.0806,0.0000,0.0000,0.00,0,0.0000,34,1,0,0.0000,0.0000,0,-12.6562,0.0000,idle,-3.9577,-2.0806,-3.9577,-2.0806,-2.0806,0.4000
TEL,950,SAFE_DISABLED,-4.5370,-3.5794,0.0000,0.0000,0.00,0,0.0000,14,1,0,0.0000,0.0000,0,-12.6562,0.0000,idle,-4.5370,-3.5794,-4.5370,-3.5794,-3.5794,0.4000
TEL,1050,SAFE_DISABLED,-2.5641,-1.2289,0.0000,0.0000,0.00,0,0.0000,35,1,0,0.0000,0.0000,0,-12.6562,0.0000,idle,-2.5641,-1.2289,-2.5641,-1.2289,-1.2289,0.4000
TEL,1150,SAFE_DISABLED,-4.4191,-3.1588,0.0000,0.0000,0.00,0,0.0000,15,1,0,0.0000,0.0000,0,-12.6562,0.0000,idle,-4.4191,-3.1588,-4.4191,-3.1588,-3.1588,0.4000
TEL,1250,SAFE_DISABLED,-4.6560,-3.8974,0.0000,0.0000,0.00,0,0.0000,35,1,0,0.0000,0.0000,0,-12.6562,0.0000,idle,-4.6560,-3.8974,-4.6560,-3.8974,-3.8974,0.4000
TEL,1350,SAFE_DISABLED,-3.9577,-2.2064,0.0000,0.0000,0.00,0,0.0000,15,1,0,0.0000,0.0000,0,-12.6562,0.0000,idle,-3.9577,-2.2064,-3.9577,-2.2064,-2.2064,0.4000
TEL,1451,SAFE_DISABLED,-4.5370,-3.3703,0.0000,0.0000,0.00,0,0.0000,34,1,0,0.0000,0.0000,0,-12.6562,0.0000,idle,-4.5370,-3.3703,-4.5370,-3.3703,-3.3703,0.4000
TEL,1551,SAFE_DISABLED,-3.7331,-3.4505,0.0000,0.0000,0.00,0,0.0000,13,1,0,0.0000,0.0000,0,-12.6562,0.0000,idle,-3.7331,-3.4505,-3.7331,-3.4505,-3.4505,0.4000
TEL,1651,SAFE_DISABLED,-4.4191,-3.8956,0.0000,0.0000,0.00,0,0.0000,33,1,0,0.0000,0.0000,0,-12.6562,0.0000,idle,-4.4191,-3.8956,-4.4191,-3.8956,-3.8956,0.4000
TEL,1751,SAFE_DISABLED,6.9031,-0.9606,0.0000,0.0000,0.00,0,0.0000,13,1,0,0.0000,0.0000,0,-12.6562,0.0000,idle,6.9031,-0.9606,6.9031,-0.9606,-0.9606,0.4000
TEL,1851,SAFE_DISABLED,-4.0715,-2.4068,0.0000,0.0000,0.00,0,0.0000,33,1,0,0.0000,0.0000,0,-12.6562,0.0000,idle,-4.0715,-2.4068,-4.0715,-2.4068,-2.4068,0.4000
TEL,1951,SAFE_DISABLED,-4.6560,-3.8247,0.0000,0.0000,0.00,0,0.0000,13,1,0,0.0000,0.0000,0,-12.6562,0.0000,idle,-4.6560,-3.8247,-4.6560,-3.8247,-3.8247,0.4000
TEL,2051,SAFE_DISABLED,-2.4631,-1.2350,0.0000,0.0000,0.00,0,0.0000,33,1,0,0.0000,0.0000,0,-12.6562,0.0000,idle,-2.4631,-1.2350,-2.4631,-1.2350,-1.2350,0.4000
TEL,2151,SAFE_DISABLED,-4.5370,-3.2534,0.0000,0.0000,0.00,0,0.0000,13,1,0,0.0000,0.0000,0,-12.6562,0.0000,idle,-4.5370,-3.2534,-4.5370,-3.2534,-3.2534,0.4000
TEL,2251,SAFE_DISABLED,6.3252,-0.6494,0.0000,0.0000,0.00,0,0.0000,33,1,0,0.0000,0.0000,0,-12.6562,0.0000,idle,6.3252,-0.6494,6.3252,-0.6494,-0.6494,0.4000
TEL,2351,SAFE_DISABLED,-4.1864,-2.6162,0.0000,0.0000,0.00,0,0.0000,13,1,0,0.0000,0.0000,0,-12.6562,0.0000,idle,-4.1864,-2.6162,-4.1864,-2.6162,-2.6162,0.4000
TEL,2451,SAFE_DISABLED,-4.5370,-3.5958,0.0000,0.0000,0.00,0,0.0000,33,1,0,0.0000,0.0000,0,-12.6562,0.0000,idle,-4.5370,-3.5958,-4.5370,-3.5958,-3.5958,0.4000
TEL,2551,SAFE_DISABLED,-3.1881,-1.4446,0.0000,0.0000,0.00,0,0.0000,13,1,0,0.0000,0.0000,0,-12.6562,0.0000,idle,-3.1881,-1.4446,-3.1881,-1.4446,-1.4446,0.4000
TEL,2651,SAFE_DISABLED,-4.4191,-2.8886,0.0000,0.0000,0.00,0,0.0000,33,1,0,0.0000,0.0000,0,-12.6562,0.0000,idle,-4.4191,-2.8886,-4.4191,-2.8886,-2.8886,0.4000
TEL,2751,SAFE_DISABLED,6.6007,-0.6553,0.0000,0.0000,0.00,0,0.0000,13,1,0,0.0000,0.0000,0,-12.6562,0.0000,idle,6.6007,-0.6553,6.6007,-0.6553,-0.6553,0.4000
TEL,2851,SAFE_DISABLED,-4.1864,-2.2465,0.0000,0.0000,0.00,0,0.0000,33,1,0,0.0000,0.0000,0,-12.6562,0.0000,idle,-4.1864,-2.2465,-4.1864,-2.2465,-2.2465,0.4000
TEL,2951,SAFE_DISABLED,-4.6560,-3.7697,0.0000,0.0000,0.00,0,0.0000,13,1,0,0.0000,0.0000,0,-12.6562,0.0000,idle,-4.6560,-3.7697,-4.6560,-3.7697,-3.7697,0.4000
TEL,3051,SAFE_DISABLED,-2.4631,-1.2919,0.0000,0.0000,0.00,0,0.0000,33,1,0,0.0000,0.0000,0,-12.6562,0.0000,idle,-2.4631,-1.2919,-2.4631,-1.2919,-1.2919,0.4000
TEL,3151,SAFE_DISABLED,-4.4191,-3.2211,0.0000,0.0000,0.00,0,0.0000,13,1,0,0.0000,0.0000,0,-12.6562,0.0000,idle,-4.4191,-3.2211,-4.4191,-3.2211,-3.2211,0.4000
TEL,3251,SAFE_DISABLED,-4.5370,-3.8922,0.0000,0.0000,0.00,0,0.0000,33,1,0,0.0000,0.0000,0,-12.6562,0.0000,idle,-4.5370,-3.8922,-4.5370,-3.8922,-3.8922,0.4000
TEL,3351,SAFE_DISABLED,-4.5370,-4.3158,0.0000,0.0000,0.00,0,0.0000,13,1,0,0.0000,0.0000,0,-12.6562,0.0000,idle,-4.5370,-4.3158,-4.5370,-4.3158,-4.3158,0.4000
TEL,3451,SAFE_DISABLED,-4.5370,-4.4286,0.0000,0.0000,0.00,0,0.0000,33,1,0,0.0000,0.0000,0,-12.6562,0.0000,idle,-4.5370,-4.4286,-4.5370,-4.4286,-4.4286,0.4000
TEL,3551,SAFE_DISABLED,-4.5370,-4.4998,0.0000,0.0000,0.00,0,0.0000,13,1,0,0.0000,0.0000,0,-12.6562,0.0000,idle,-4.5370,-4.4998,-4.5370,-4.4998,-4.4998,0.4000
TEL,3651,SAFE_DISABLED,-4.5370,-4.5188,0.0000,0.0000,0.00,0,0.0000,33,1,0,0.0000,0.0000,0,-12.6562,0.0000,idle,-4.5370,-4.5188,-4.5370,-4.5188,-4.5188,0.4000
TEL,3751,SAFE_DISABLED,-4.5370,-4.4330,0.0000,0.0000,0.00,0,0.0000,13,1,0,0.0000,0.0000,0,-12.6562,0.0000,idle,-4.5370,-4.4330,-4.5370,-4.4330,-4.4330,0.4000
TEL,3851,SAFE_DISABLED,-4.5370,-4.5110,0.0000,0.0000,0.00,0,0.0000,33,1,0,0.0000,0.0000,0,-12.6562,0.0000,idle,-4.5370,-4.5110,-4.5370,-4.5110,-4.5110,0.4000
TEL,3951,SAFE_DISABLED,-4.5370,-4.4597,0.0000,0.0000,0.00,0,0.0000,13,1,0,0.0000,0.0000,0,-12.6562,0.0000,idle,-4.5370,-4.4597,-4.5370,-4.4597,-4.4597,0.4000
TEL,4051,SAFE_DISABLED,-4.5370,-4.4991,0.0000,0.0000,0.00,0,0.0000,33,1,0,0.0000,0.0000,0,-12.6562,0.0000,idle,-4.5370,-4.4991,-4.5370,-4.4991,-4.4991,0.4000
TEL,4151,SAFE_DISABLED,-4.5370,-4.5240,0.0000,0.0000,0.00,0,0.0000,13,1,0,0.0000,0.0000,0,-12.6562,0.0000,idle,-4.5370,-4.5240,-4.5370,-4.5240,-4.5240,0.4000
TEL,4251,SAFE_DISABLED,-4.0715,-4.3910,0.0000,0.0000,0.00,0,0.0000,33,1,0,0.0000,0.0000,0,-12.6562,0.0000,idle,-4.0715,-4.3910,-4.0715,-4.3910,-4.3910,0.4000
TEL,4352,SAFE_DISABLED,-4.5370,-4.4869,0.0000,0.0000,0.00,0,0.0000,13,1,0,0.0000,0.0000,0,-12.6562,0.0000,idle,-4.5370,-4.4869,-4.5370,-4.4869,-4.4869,0.4000
TEL,4452,SAFE_DISABLED,-4.5370,-4.5125,0.0000,0.0000,0.00,0,0.0000,33,1,0,0.0000,0.0000,0,-12.6562,0.0000,idle,-4.5370,-4.5125,-4.5370,-4.5125,-4.5125,0.4000
TEL,4552,SAFE_DISABLED,-4.0715,-4.2912,0.0000,0.0000,0.00,0,0.0000,13,1,0,0.0000,0.0000,0,-12.6562,0.0000,idle,-4.0715,-4.2912,-4.0715,-4.2912,-4.2912,0.4000
TEL,4652,SAFE_DISABLED,-4.6560,-4.4522,0.0000,0.0000,0.00,0,0.0000,33,1,0,0.0000,0.0000,0,-12.6562,0.0000,idle,-4.6560,-4.4522,-4.6560,-4.4522,-4.4522,0.4000
TEL,4752,SAFE_DISABLED,-5.1427,-4.6897,0.0000,0.0000,0.00,0,0.0000,13,1,0,0.0000,0.0000,0,-12.6562,0.0000,idle,-5.1427,-4.6897,-5.1427,-4.6897,-4.6897,0.4000
TEL,4852,SAFE_DISABLED,-3.4033,-1.7571,0.0000,0.0000,0.00,0,0.0000,33,1,0,0.0000,0.0000,0,-12.6562,0.0000,idle,-3.4033,-1.7571,-3.4033,-1.7571,-1.7571,0.4000
TEL,4952,SAFE_DISABLED,-4.5370,-3.4242,0.0000,0.0000,0.00,0,0.0000,14,1,0,0.0000,0.0000,0,-12.6562,0.0000,idle,-4.5370,-3.4242,-4.5370,-3.4242,-3.4242,0.4000
TEL,5052,SAFE_DISABLED,6.9031,-0.5597,0.0000,0.0000,0.00,0,0.0000,34,1,0,0.0000,0.0000,0,-12.6562,0.0000,idle,6.9031,-0.5597,6.9031,-0.5597,-0.5597,0.4000
TEL,5152,SAFE_DISABLED,-4.3022,-2.6971,0.0000,0.0000,0.00,0,0.0000,14,1,0,0.0000,0.0000,0,-12.6562,0.0000,idle,-4.3022,-2.6971,-4.3022,-2.6971,-2.6971,0.4000
TEL,5252,SAFE_DISABLED,-4.0715,-3.5714,0.0000,0.0000,0.00,0,0.0000,35,1,0,0.0000,0.0000,0,-12.6562,0.0000,idle,-4.0715,-3.5714,-4.0715,-3.5714,-3.5714,0.4000
TEL,5352,SAFE_DISABLED,-3.7331,-1.5646,0.0000,0.0000,0.00,0,0.0000,14,1,0,0.0000,0.0000,0,-12.6562,0.0000,idle,-3.7331,-1.5646,-3.7331,-1.5646,-1.5646,0.4000
TEL,5452,SAFE_DISABLED,-4.4191,-2.8998,0.0000,0.0000,0.00,0,0.0000,34,1,0,0.0000,0.0000,0,-12.6562,0.0000,idle,-4.4191,-2.8998,-4.4191,-2.8998,-2.8998,0.4000
TEL,5552,SAFE_DISABLED,-0.1856,-2.7457,0.0000,0.0000,0.00,0,0.0000,15,1,0,0.0000,0.0000,0,-12.6562,0.0000,idle,-0.1856,-2.7457,-0.1856,-2.7457,-2.7457,0.4000
TEL,5652,SAFE_DISABLED,-3.5123,-3.0911,0.0000,0.0000,0.00,0,0.0000,35,1,0,0.0000,0.0000,0,-12.6562,0.0000,idle,-3.5123,-3.0911,-3.5123,-3.0911,-3.0911,0.4000
TEL,5752,SAFE_DISABLED,-4.5370,-3.8849,0.0000,0.0000,0.00,0,0.0000,15,1,0,0.0000,0.0000,0,-12.6562,0.0000,idle,-4.5370,-3.8849,-4.5370,-3.8849,-3.8849,0.4000
TEL,5852,SAFE_DISABLED,-1.7790,-1.0923,0.0000,0.0000,0.00,0,0.0000,35,1,0,0.0000,0.0000,0,-12.6562,0.0000,idle,-1.7790,-1.0923,-1.7790,-1.0923,-1.0923,0.4000
TEL,5953,SAFE_DISABLED,-4.5370,-3.1717,0.0000,0.0000,0.00,0,0.0000,14,1,0,0.0000,0.0000,0,-12.6562,0.0000,idle,-4.5370,-3.1717,-4.5370,-3.1717,-3.1717,0.4000
TEL,6053,SAFE_DISABLED,7.1218,-0.3703,0.0000,0.0000,0.00,0,0.0000,34,1,0,0.0000,0.0000,0,-12.6562,0.0000,idle,7.1218,-0.3703,7.1218,-0.3703,-0.3703,0.4000
TEL,6153,SAFE_DISABLED,-4.5370,-3.1078,0.0000,0.0000,0.00,0,0.0000,1,1,0,0.0000,0.0000,0,-12.6562,0.0000,idle,-4.5370,-3.1078,-4.5370,-3.1078,-3.1078,0.4000
OK,stopped
OK,driver_disabled
OK,cal_reset_saved
TEL,6253,SAFE_DISABLED,-3.1881,-1.0065,0.0000,0.0000,0.00,0,0.0000,21,1,0,0.0000,0.0000,0,-12.6562,0.0000,idle,-3.1881,-1.0065,-3.1881,-1.0065,-1.0065,0.4000
TEL,6353,SAFE_DISABLED,-4.5370,-3.1668,0.0000,0.0000,0.00,0,0.0000,1,1,0,0.0000,0.0000,0,-12.6562,0.0000,idle,-4.5370,-3.1668,-4.5370,-3.1668,-3.1668,0.4000
TEL,6453,SAFE_DISABLED,6.7156,-0.4898,0.0000,0.0000,0.00,0,0.0000,21,1,0,0.0000,0.0000,0,-12.6562,0.0000,idle,6.7156,-0.4898,6.7156,-0.4898,-0.4898,0.4000
TEL,6553,SAFE_DISABLED,-4.3022,-2.6519,0.0000,0.0000,0.00,0,0.0000,1,1,0,0.0000,0.0000,0,-12.6562,0.0000,idle,-4.3022,-2.6519,-4.3022,-2.6519,-2.6519,0.4000
TEL,6653,SAFE_DISABLED,-4.5370,-3.5885,0.0000,0.0000,0.00,0,0.0000,21,1,0,0.0000,0.0000,0,-12.6562,0.0000,idle,-4.5370,-3.5885,-4.5370,-3.5885,-3.5885,0.4000
TEL,6753,SAFE_DISABLED,-3.5123,-2.9294,0.0000,0.0000,0.00,0,0.0000,1,1,0,0.0000,0.0000,0,-12.6562,0.0000,idle,-3.5123,-2.9294,-3.5123,-2.9294,-2.9294,0.4000
TEL,6853,SAFE_DISABLED,-4.4191,-3.6403,0.0000,0.0000,0.00,0,0.0000,21,1,0,0.0000,0.0000,0,-12.6562,0.0000,idle,-4.4191,-3.6403,-4.4191,-3.6403,-3.6403,0.4000
TEL,6953,SAFE_DISABLED,7.2286,-0.7754,0.0000,0.0000,0.00,0,0.0000,1,1,0,0.0000,0.0000,0,-12.6562,0.0000,idle,7.2286,-0.7754,7.2286,-0.7754,-0.7754,0.4000
TEL,7053,SAFE_DISABLED,-4.0715,-2.2045,0.0000,0.0000,0.00,0,0.0000,21,1,0,0.0000,0.0000,0,-12.6562,0.0000,idle,-4.0715,-2.2045,-4.0715,-2.2045,-2.2045,0.4000
TEL,7153,SAFE_DISABLED,-4.0715,-3.5800,0.0000,0.0000,0.00,0,0.0000,1,1,0,0.0000,0.0000,0,-12.6562,0.0000,idle,-4.0715,-3.5800,-4.0715,-3.5800,-3.5800,0.4000
TEL,7254,SAFE_DISABLED,-2.7686,-1.1906,0.0000,0.0000,0.00,0,0.0000,21,1,0,0.0000,0.0000,0,-12.6562,0.0000,idle,-2.7686,-1.1906,-2.7686,-1.1906,-1.1906,0.4000
TEL,7354,SAFE_DISABLED,-4.5370,-3.3054,0.0000,0.0000,0.00,0,0.0000,1,1,0,0.0000,0.0000,0,-12.6562,0.0000,idle,-4.5370,-3.3054,-4.5370,-3.3054,-3.3054,0.4000
TEL,7454,SAFE_DISABLED,-4.6560,-3.8714,0.0000,0.0000,0.00,0,0.0000,21,1,0,0.0000,0.0000,0,-12.6562,0.0000,idle,-4.6560,-3.8714,-4.6560,-3.8714,-3.8714,0.4000
TEL,7554,SAFE_DISABLED,-4.5370,-4.2403,0.0000,0.0000,0.00,0,0.0000,1,1,0,0.0000,0.0000,0,-12.6562,0.0000,idle,-4.5370,-4.2403,-4.5370,-4.2403,-4.2403,0.4000
TEL,7654,SAFE_DISABLED,-4.5370,-4.3916,0.0000,0.0000,0.00,0,0.0000,21,1,0,0.0000,0.0000,0,-12.6562,0.0000,idle,-4.5370,-4.3916,-4.5370,-4.3916,-4.3916,0.4000
TEL,7754,SAFE_DISABLED,-4.0715,-4.2497,0.0000,0.0000,0.00,0,0.0000,1,1,0,0.0000,0.0000,0,-12.6562,0.0000,idle,-4.0715,-4.2497,-4.0715,-4.2497,-4.2497,0.4000
TEL,7854,SAFE_DISABLED,-4.5370,-4.3962,0.0000,0.0000,0.00,0,0.0000,21,1,0,0.0000,0.0000,0,-12.6562,0.0000,idle,-4.5370,-4.3962,-4.5370,-4.3962,-4.3962,0.4000
TEL,7954,SAFE_DISABLED,-4.5370,-4.3058,0.0000,0.0000,0.00,0,0.0000,1,1,0,0.0000,0.0000,0,-12.6562,0.0000,idle,-4.5370,-4.3058,-4.5370,-4.3058,-4.3058,0.4000
TEL,8054,SAFE_DISABLED,-4.5370,-4.4237,0.0000,0.0000,0.00,0,0.0000,21,1,0,0.0000,0.0000,0,-12.6562,0.0000,idle,-4.5370,-4.4237,-4.5370,-4.4237,-4.4237,0.4000
TEL,8154,SAFE_DISABLED,-4.6560,-4.5338,0.0000,0.0000,0.00,0,0.0000,1,1,0,0.0000,0.0000,0,-12.6562,0.0000,idle,-4.6560,-4.5338,-4.6560,-4.5338,-4.5338,0.4000
TEL,8254,SAFE_DISABLED,-4.5370,-4.5354,0.0000,0.0000,0.00,0,0.0000,21,1,0,0.0000,0.0000,0,-12.6562,0.0000,idle,-4.5370,-4.5354,-4.5370,-4.5354,-4.5354,0.4000
TEL,8354,SAFE_DISABLED,-4.5370,-4.4387,0.0000,0.0000,0.00,0,0.0000,1,1,0,0.0000,0.0000,0,-12.6562,0.0000,idle,-4.5370,-4.4387,-4.5370,-4.4387,-4.4387,0.4000
TEL,8454,SAFE_DISABLED,-4.5370,-4.4888,0.0000,0.0000,0.00,0,0.0000,21,1,0,0.0000,0.0000,0,-12.6562,0.0000,idle,-4.5370,-4.4888,-4.5370,-4.4888,-4.4888,0.4000
TEL,8554,SAFE_DISABLED,-4.5370,-4.4227,0.0000,0.0000,0.00,0,0.0000,1,1,0,0.0000,0.0000,0,-12.6562,0.0000,idle,-4.5370,-4.4227,-4.5370,-4.4227,-4.4227,0.4000
TEL,8654,SAFE_DISABLED,-4.5370,-4.4810,0.0000,0.0000,0.00,0,0.0000,21,1,0,0.0000,0.0000,0,-12.6562,0.0000,idle,-4.5370,-4.4810,-4.5370,-4.4810,-4.4810,0.4000
TEL,8754,SAFE_DISABLED,-4.0715,-4.2361,0.0000,0.0000,0.00,0,0.0000,1,1,0,0.0000,0.0000,0,-12.6562,0.0000,idle,-4.0715,-4.2361,-4.0715,-4.2361,-4.2361,0.4000
TEL,8854,SAFE_DISABLED,-4.1864,-4.1866,0.0000,0.0000,0.00,0,0.0000,21,1,0,0.0000,0.0000,0,-12.6562,0.0000,idle,-4.1864,-4.1866,-4.1864,-4.1866,-4.1866,0.4000
TEL,8954,SAFE_DISABLED,-3.7331,-3.8491,0.0000,0.0000,0.00,0,0.0000,1,1,0,0.0000,0.0000,0,-12.6562,0.0000,idle,-3.7331,-3.8491,-3.7331,-3.8491,-3.8491,0.4000
TEL,9054,SAFE_DISABLED,-1.8744,-0.8722,0.0000,0.0000,0.00,0,0.0000,21,1,0,0.0000,0.0000,0,-12.6562,0.0000,idle,-1.8744,-0.8722,-1.8744,-0.8722,-0.8722,0.4000
TEL,9154,SAFE_DISABLED,-2.6659,-1.9848,0.0000,0.0000,0.00,0,0.0000,1,1,0,0.0000,0.0000,0,-12.6562,0.0000,idle,-2.6659,-1.9848,-2.6659,-1.9848,-1.9848,0.4000
TEL,9254,SAFE_DISABLED,6.9768,0.5391,0.0000,0.0000,0.00,0,0.0000,21,1,0,0.0000,0.0000,0,-12.6562,0.0000,idle,6.9768,0.5391,6.9768,0.5391,0.5391,0.4000
TEL,9354,SAFE_DISABLED,-2.7686,-1.4068,0.0000,0.0000,0.00,0,0.0000,1,1,0,0.0000,0.0000,0,-12.6562,0.0000,idle,-2.7686,-1.4068,-2.7686,-1.4068,-1.4068,0.4000
TEL,9454,SAFE_DISABLED,-3.1881,-2.2930,0.0000,0.0000,0.00,0,0.0000,21,1,0,0.0000,0.0000,0,-12.6562,0.0000,idle,-3.1881,-2.2930,-3.1881,-2.2930,-2.2930,0.4000
TEL,9554,SAFE_DISABLED,-2.1651,-1.7611,0.0000,0.0000,0.00,0,0.0000,1,1,0,0.0000,0.0000,0,-12.6562,0.0000,idle,-2.1651,-1.7611,-2.1651,-1.7611,-1.7611,0.4000
TEL,9654,SAFE_DISABLED,-2.9766,-2.3374,0.0000,0.0000,0.00,0,0.0000,21,1,0,0.0000,0.0000,0,-12.6562,0.0000,idle,-2.9766,-2.3374,-2.9766,-2.3374,-2.3374,0.4000
TEL,9754,SAFE_DISABLED,7.2989,0.2429,0.0000,0.0000,0.00,0,0.0000,1,1,0,0.0000,0.0000,0,-12.6562,0.0000,idle,7.2989,0.2429,7.2989,0.2429,0.2429,0.4000
TEL,9854,SAFE_DISABLED,-2.5641,-0.9070,0.0000,0.0000,0.00,0,0.0000,21,1,0,0.0000,0.0000,0,-12.6562,0.0000,idle,-2.5641,-0.9070,-2.5641,-0.9070,-0.9070,0.4000
TEL,9954,SAFE_DISABLED,-3.1881,-2.3678,0.0000,0.0000,0.00,0,0.0000,1,1,0,0.0000,0.0000,0,-12.6562,0.0000,idle,-3.1881,-2.3678,-3.1881,-2.3678,-2.3678,0.4000
TEL,10054,SAFE_DISABLED,0.1395,-1.9258,0.0000,0.0000,0.00,0,0.0000,21,1,0,0.0000,0.0000,0,-12.6562,0.0000,idle,0.1395,-1.9258,0.1395,-1.9258,-1.9258,0.4000
TEL,10155,SAFE_DISABLED,-3.0819,-2.5210,0.0000,0.0000,0.00,0,0.0000,1,1,0,0.0000,0.0000,0,-12.6562,0.0000,idle,-3.0819,-2.5210,-3.0819,-2.5210,-2.5210,0.4000
TEL,10255,SAFE_DISABLED,-3.5123,-2.9585,0.0000,0.0000,0.00,0,0.0000,21,1,0,0.0000,0.0000,0,-12.6562,0.0000,idle,-3.5123,-2.9585,-3.5123,-2.9585,-2.9585,0.4000
TEL,10355,SAFE_DISABLED,-2.7686,-2.6865,0.0000,0.0000,0.00,0,0.0000,1,1,0,0.0000,0.0000,0,-12.6562,0.0000,idle,-2.7686,-2.6865,-2.7686,-2.6865,-2.6865,0.4000
TEL,10455,SAFE_DISABLED,-3.0819,-2.8661,0.0000,0.0000,0.00,0,0.0000,21,1,0,0.0000,0.0000,0,-12.6562,0.0000,idle,-3.0819,-2.8661,-3.0819,-2.8661,-2.8661,0.4000
TEL,10555,SAFE_DISABLED,-1.8744,-0.3699,0.0000,0.0000,0.00,0,0.0000,1,1,0,0.0000,0.0000,0,-12.6562,0.0000,idle,-1.8744,-0.3699,-1.8744,-0.3699,-0.3699,0.4000
TEL,10655,SAFE_DISABLED,-3.8449,-2.0494,0.0000,0.0000,0.00,0,0.0000,21,1,0,0.0000,0.0000,0,-12.6562,0.0000,idle,-3.8449,-2.0494,-3.8449,-2.0494,-2.0494,0.4000
TEL,10755,SAFE_DISABLED,6.7535,1.4327,0.0000,0.0000,0.00,0,0.0000,0,1,0,0.0000,0.0000,0,-12.6562,0.0000,idle,6.7535,1.4327,6.7535,1.4327,1.4327,0.4000
TEL,10855,SAFE_DISABLED,-3.5123,-0.8270,0.0000,0.0000,0.00,0,0.0000,20,1,0,0.0000,0.0000,0,-12.6562,0.0000,idle,-3.5123,-0.8270,-3.5123,-0.8270,-0.8270,0.4000
TEL,10955,SAFE_DISABLED,-4.0715,-2.9015,0.0000,0.0000,0.00,0,0.0000,0,1,0,0.0000,0.0000,0,-12.6562,0.0000,idle,-4.0715,-2.9015,-4.0715,-2.9015,-2.9015,0.4000
TEL,11055,SAFE_DISABLED,-1.2227,-2.7915,0.0000,0.0000,0.00,0,0.0000,20,1,0,0.0000,0.0000,0,-12.6562,0.0000,idle,-1.2227,-2.7915,-1.2227,-2.7915,-2.7915,0.4000
TEL,11155,SAFE_DISABLED,-3.9577,-3.3741,0.0000,0.0000,0.00,0,0.0000,0,1,0,0.0000,0.0000,0,-12.6562,0.0000,idle,-3.9577,-3.3741,-3.9577,-3.3741,-3.3741,0.4000
ERR,sonar_not_ready
TEL,11637,SAFE_DISABLED,-4.0715,-3.6513,0.0000,0.0000,0.00,0,0.0000,0,1,0,0.0000,0.0000,0,-12.6562,0.0000,idle,-4.0715,-3.6513,-4.0715,-3.6513,-3.6513,0.4000
ERR,sonar_not_ready
TEL,12086,SAFE_DISABLED,-4.0715,-1.6474,0.0000,0.0000,0.00,0,0.0000,0,1,0,0.0000,0.0000,0,-12.6562,0.0000,idle,-4.0715,-1.6474,-4.0715,-1.6474,-1.6474,0.4000
ERR,sonar_not_ready
TEL,12528,SAFE_DISABLED,7.2989,3.8166,0.0000,0.0000,0.00,0,0.0000,0,1,0,0.0000,0.0000,0,-12.6562,0.0000,idle,7.2989,3.8166,7.2989,3.8166,3.8166,0.4000
TEL,12628,SAFE_DISABLED,-4.0715,-0.2063,0.0000,0.0000,0.00,0,0.0000,20,1,0,0.0000,0.0000,0,-12.6562,0.0000,idle,-4.0715,-0.2063,-4.0715,-0.2063,-0.2063,0.4000
TEL,12728,SAFE_DISABLED,-3.1881,-0.5082,0.0000,0.0000,0.00,0,0.0000,0,1,0,0.0000,0.0000,0,-12.6562,0.0000,idle,-3.1881,-0.5082,-3.1881,-0.5082,-0.5082,0.4000
TEL,12828,SAFE_DISABLED,-3.9577,-2.2438,0.0000,0.0000,0.00,0,0.0000,20,1,0,0.0000,0.0000,0,-12.6562,0.0000,idle,-3.9577,-2.2438,-3.9577,-2.2438,-2.2438,0.4000
TEL,12928,SAFE_DISABLED,-0.0219,-2.3524,0.0000,0.0000,0.00,0,0.0000,0,1,0,0.0000,0.0000,0,-12.6562,0.0000,idle,-0.0219,-2.3524,-0.0219,-2.3524,-2.3524,0.4000
TEL,13028,SAFE_DISABLED,-3.7331,-2.9421,0.0000,0.0000,0.00,0,0.0000,20,1,0,0.0000,0.0000,0,-12.6562,0.0000,idle,-3.7331,-2.9421,-3.7331,-2.9421,-2.9421,0.4000
TEL,13128,SAFE_DISABLED,-4.1864,-3.7019,0.0000,0.0000,0.00,0,0.0000,0,1,0,0.0000,0.0000,0,-12.6562,0.0000,idle,-4.1864,-3.7019,-4.1864,-3.7019,-3.7019,0.4000
TEL,13228,SAFE_DISABLED,-2.7686,-1.1794,0.0000,0.0000,0.00,0,0.0000,20,1,0,0.0000,0.0000,0,-12.6562,0.0000,idle,-2.7686,-1.1794,-2.7686,-1.1794,-1.1794,0.4000
TEL,13328,SAFE_DISABLED,-4.0715,-2.9896,0.0000,0.0000,0.00,0,0.0000,0,1,0,0.0000,0.0000,0,-12.6562,0.0000,idle,-4.0715,-2.9896,-4.0715,-2.9896,-2.9896,0.4000
TEL,13428,SAFE_DISABLED,6.5230,-0.3630,0.0000,0.0000,0.00,0,0.0000,20,1,0,0.0000,0.0000,0,-12.6562,0.0000,idle,6.5230,-0.3630,6.5230,-0.3630,-0.3630,0.4000
TEL,13528,SAFE_DISABLED,-3.8449,-2.2007,0.0000,0.0000,0.00,0,0.0000,0,1,0,0.0000,0.0000,0,-12.6562,0.0000,idle,-3.8449,-2.2007,-3.8449,-2.2007,-2.2007,0.4000
TEL,13628,SAFE_DISABLED,-4.0715,-3.1309,0.0000,0.0000,0.00,0,0.0000,20,1,0,0.0000,0.0000,0,-12.6562,0.0000,idle,-4.0715,-3.1309,-4.0715,-3.1309,-3.1309,0.4000
TEL,13728,SAFE_DISABLED,-3.2953,-3.0202,0.0000,0.0000,0.00,0,0.0000,0,1,0,0.0000,0.0000,0,-12.6562,0.0000,idle,-3.2953,-3.0202,-3.2953,-3.0202,-3.0202,0.4000
TEL,13828,SAFE_DISABLED,-3.9577,-3.4512,0.0000,0.0000,0.00,0,0.0000,20,1,0,0.0000,0.0000,0,-12.6562,0.0000,idle,-3.9577,-3.4512,-3.9577,-3.4512,-3.4512,0.4000
TEL,13928,SAFE_DISABLED,7.0497,-0.5954,0.0000,0.0000,0.00,0,0.0000,0,1,0,0.0000,0.0000,0,-12.6562,0.0000,idle,7.0497,-0.5954,7.0497,-0.5954,-0.5954,0.4000
TEL,14028,SAFE_DISABLED,-3.5123,-1.9268,0.0000,0.0000,0.00,0,0.0000,20,1,0,0.0000,0.0000,0,-12.6562,0.0000,idle,-3.5123,-1.9268,-3.5123,-1.9268,-1.9268,0.4000
TEL,14128,SAFE_DISABLED,-4.0715,-3.3026,0.0000,0.0000,0.00,0,0.0000,0,1,0,0.0000,0.0000,0,-12.6562,0.0000,idle,-4.0715,-3.3026,-4.0715,-3.3026,-3.3026,0.4000
TEL,14228,SAFE_DISABLED,-2.1651,-0.9145,0.0000,0.0000,0.00,0,0.0000,20,1,0,0.0000,0.0000,0,-12.6562,0.0000,idle,-2.1651,-0.9145,-2.1651,-0.9145,-0.9145,0.4000
TEL,14328,SAFE_DISABLED,-3.9577,-2.8087,0.0000,0.0000,0.00,0,0.0000,0,1,0,0.0000,0.0000,0,-12.6562,0.0000,idle,-3.9577,-2.8087,-3.9577,-2.8087,-2.8087,0.4000
TEL,14428,SAFE_DISABLED,6.1630,-0.3824,0.0000,0.0000,0.00,0,0.0000,20,1,0,0.0000,0.0000,0,-12.6562,0.0000,idle,6.1630,-0.3824,6.1630,-0.3824,-0.3824,0.4000
TEL,14528,SAFE_DISABLED,-3.7331,-2.1003,0.0000,0.0000,0.00,0,0.0000,0,1,0,0.0000,0.0000,0,-12.6562,0.0000,idle,-3.7331,-2.1003,-3.7331,-2.1003,-2.1003,0.4000
TEL,14628,SAFE_DISABLED,-4.0715,-3.0817,0.0000,0.0000,0.00,0,0.0000,20,1,0,0.0000,0.0000,0,-12.6562,0.0000,idle,-4.0715,-3.0817,-4.0715,-3.0817,-3.0817,0.4000
TEL,14728,SAFE_DISABLED,-2.5641,-0.9689,0.0000,0.0000,0.00,0,0.0000,0,1,0,0.0000,0.0000,0,-12.6562,0.0000,idle,-2.5641,-0.9689,-2.5641,-0.9689,-0.9689,0.4000
TEL,14828,SAFE_DISABLED,-3.8449,-2.3429,0.0000,0.0000,0.00,0,0.0000,20,1,0,0.0000,0.0000,0,-12.6562,0.0000,idle,-3.8449,-2.3429,-3.8449,-2.3429,-2.3429,0.4000
TEL,14928,SAFE_DISABLED,6.7156,-0.2258,0.0000,0.0000,0.00,0,0.0000,0,1,0,0.0000,0.0000,0,-12.6562,0.0000,idle,6.7156,-0.2258,6.7156,-0.2258,-0.2258,0.4000
TEL,15028,SAFE_DISABLED,-3.4033,-1.5658,0.0000,0.0000,0.00,0,0.0000,20,1,0,0.0000,0.0000,0,-12.6562,0.0000,idle,-3.4033,-1.5658,-3.4033,-1.5658,-1.5658,0.4000
TEL,15128,SAFE_DISABLED,-4.0715,-3.1549,0.0000,0.0000,0.00,0,0.0000,0,1,0,0.0000,0.0000,0,-12.6562,0.0000,idle,-4.0715,-3.1549,-4.0715,-3.1549,-3.1549,0.4000
TEL,15228,SAFE_DISABLED,-1.5906,-0.7202,0.0000,0.0000,0.00,0,0.0000,20,1,0,0.0000,0.0000,0,-12.6562,0.0000,idle,-1.5906,-0.7202,-1.5906,-0.7202,-0.7202,0.4000
TEL,15328,SAFE_DISABLED,-3.9577,-2.6870,0.0000,0.0000,0.00,0,0.0000,0,1,0,0.0000,0.0000,0,-12.6562,0.0000,idle,-3.9577,-2.6870,-3.9577,-2.6870,-2.6870,0.4000
TEL,15428,SAFE_DISABLED,-4.4191,-3.4974,0.0000,0.0000,0.00,0,0.0000,20,1,0,0.0000,0.0000,0,-12.6562,0.0000,idle,-4.4191,-3.4974,-4.4191,-3.4974,-3.4974,0.4000
TEL,15528,SAFE_DISABLED,-3.6222,-1.8155,0.0000,0.0000,0.00,0,0.0000,0,1,0,0.0000,0.0000,0,-12.6562,0.0000,idle,-3.6222,-1.8155,-3.6222,-1.8155,-1.8155,0.4000
TEL,15628,SAFE_DISABLED,-3.9577,-2.9080,0.0000,0.0000,0.00,0,0.0000,20,1,0,0.0000,0.0000,0,-12.6562,0.0000,idle,-3.9577,-2.9080,-3.9577,-2.9080,-2.9080,0.4000
TEL,15728,SAFE_DISABLED,-1.9705,-0.7610,0.0000,0.0000,0.00,0,0.0000,0,1,0,0.0000,0.0000,0,-12.6562,0.0000,idle,-1.9705,-0.7610,-1.9705,-0.7610,-0.7610,0.4000
TEL,15828,SAFE_DISABLED,-3.8449,-2.2184,0.0000,0.0000,0.00,0,0.0000,20,1,0,0.0000,0.0000,0,-12.6562,0.0000,idle,-3.8449,-2.2184,-3.8449,-2.2184,-2.2184,0.4000
TEL,15928,SAFE_DISABLED,6.0806,-0.3735,0.0000,0.0000,0.00,0,0.0000,0,1,0,0.0000,0.0000,0,-12.6562,0.0000,idle,6.0806,-0.3735,6.0806,-0.3735,-0.3735,0.4000
TEL,16028,SAFE_DISABLED,-3.6222,-1.7038,0.0000,0.0000,0.00,0,0.0000,20,1,0,0.0000,0.0000,0,-12.6562,0.0000,idle,-3.6222,-1.7038,-3.6222,-1.7038,-1.7038,0.4000
TEL,16128,SAFE_DISABLED,-4.0715,-3.1858,0.0000,0.0000,0.00,0,0.0000,0,1,0,0.0000,0.0000,0,-12.6562,0.0000,idle,-4.0715,-3.1858,-4.0715,-3.1858,-3.1858,0.4000
TEL,16228,SAFE_DISABLED,-0.6061,-2.7206,0.0000,0.0000,0.00,0,0.0000,20,1,0,0.0000,0.0000,0,-12.6562,0.0000,idle,-0.6061,-2.7206,-0.6061,-2.7206,-2.7206,0.4000
TEL,16328,SAFE_DISABLED,-3.9577,-3.1308,0.0000,0.0000,0.00,0,0.0000,0,1,0,0.0000,0.0000,0,-12.6562,0.0000,idle,-3.9577,-3.1308,-3.9577,-3.1308,-3.1308,0.4000
TEL,16428,SAFE_DISABLED,-1.8744,-2.8340,0.0000,0.0000,0.00,0,0.0000,20,1,0,0.0000,0.0000,0,-12.6562,0.0000,idle,-1.8744,-2.8340,-1.8744,-2.8340,-2.8340,0.4000
TEL,16528,SAFE_DISABLED,4.6762,2.4147,0.0000,0.0000,0.00,0,0.0000,0,1,0,0.0000,0.0000,0,-12.7441,0.0000,idle,4.6762,2.4147,4.6762,2.4147,2.4147,0.4000
TEL,16628,SAFE_DISABLED,3.5667,3.1717,0.0000,0.0000,0.00,0,0.0000,20,1,0,0.0000,0.0000,0,-12.7441,0.0000,idle,3.5667,3.1717,3.5667,3.1717,3.1717,0.4000
TEL,16728,SAFE_DISABLED,4.9680,3.9737,0.0000,0.0000,0.00,0,0.0000,40,1,1,0.0000,0.0000,0,-12.7441,0.0000,idle,4.9680,3.9737,4.9680,3.9737,3.9737,0.4000
TEL,16828,SAFE_DISABLED,6.3652,5.2590,0.0000,0.0000,0.00,0,0.0000,20,1,0,0.0000,0.0000,0,-12.7441,0.0000,idle,6.3652,5.2590,6.3652,5.2590,5.2590,0.4000
TEL,16928,SAFE_DISABLED,6.2446,5.9268,0.0000,0.0000,0.00,0,0.0000,0,1,0,0.0000,0.0000,0,-12.7441,0.0000,idle,6.2446,5.9268,6.2446,5.9268,5.9268,0.4000
TEL,17028,SAFE_DISABLED,5.7848,5.8842,0.0000,0.0000,0.00,0,0.0000,60,1,1,0.0000,0.0000,0,-12.7441,0.0000,idle,5.7848,5.8842,5.7848,5.8842,5.8842,0.4000
TEL,17128,SAFE_DISABLED,5.7848,5.8654,0.0000,0.0000,0.00,0,0.0000,0,1,0,0.0000,0.0000,0,-12.7441,0.0000,idle,5.7848,5.8654,5.7848,5.8654,5.8654,0.4000
TEL,17228,SAFE_DISABLED,6.5619,6.0844,0.0000,0.0000,0.00,0,0.0000,20,1,0,0.0000,0.0000,0,-12.7441,0.0000,idle,6.5619,6.0844,6.5619,6.0844,6.0844,0.4000
TEL,17328,SAFE_DISABLED,8.1516,7.2140,0.0000,0.0000,0.00,0,0.0000,0,1,0,0.0000,0.0000,0,-12.7441,0.0000,idle,8.1516,7.2140,8.1516,7.2140,7.2140,0.4000
TEL,17428,SAFE_DISABLED,7.4716,7.3596,0.0000,0.0000,0.00,0,0.0000,20,1,0,0.0000,0.0000,0,-12.7441,0.0000,idle,7.4716,7.3596,7.4716,7.3596,7.3596,0.4000
TEL,17528,SAFE_DISABLED,4.4248,5.9573,0.0000,0.0000,0.00,0,0.0000,0,1,0,0.0000,0.0000,0,-12.7441,0.0000,idle,4.4248,5.9573,4.4248,5.9573,5.9573,0.4000
TEL,17628,SAFE_DISABLED,3.4532,4.5435,0.0000,0.0000,0.00,0,0.0000,20,1,0,0.0000,0.0000,0,-12.7441,0.0000,idle,3.4532,4.5435,3.4532,4.5435,4.5435,0.4000
TEL,17728,SAFE_DISABLED,5.1570,5.2491,0.0000,0.0000,0.00,0,0.0000,0,1,0,0.0000,0.0000,0,-12.7441,0.0000,idle,5.1570,5.2491,5.1570,5.2491,5.2491,0.4000
TEL,17828,SAFE_DISABLED,3.6229,5.6276,0.0000,0.0000,0.00,0,0.0000,20,1,0,0.0000,0.0000,0,-12.6562,0.0000,idle,3.6229,5.6276,3.6229,5.6276,5.6276,0.4000
TEL,17928,SAFE_DISABLED,2.3631,3.3671,0.0000,0.0000,0.00,0,0.0000,0,1,0,0.0000,0.0000,0,-12.6562,0.0000,idle,2.3631,3.3671,2.3631,3.3671,3.3671,0.4000
TEL,18028,SAFE_DISABLED,1.4191,2.4892,0.0000,0.0000,0.00,0,0.0000,20,1,0,0.0000,0.0000,0,-12.6562,0.0000,idle,1.4191,2.4892,1.4191,2.4892,2.4892,0.4000
TEL,18128,SAFE_DISABLED,1.4191,2.4892,0.0000,0.0000,0.00,0,0.0000,120,1,3,0.0000,0.0000,0,-12.6562,0.0000,idle,1.4191,2.4892,1.4191,2.4892,2.4892,0.4000
TEL,18228,SAFE_DISABLED,1.7668,2.5105,0.0000,0.0000,0.00,0,0.0000,20,1,0,0.0000,0.0000,0,-12.6562,0.0000,idle,1.7668,2.5105,1.7668,2.5105,2.5105,0.4000
TEL,18328,SAFE_DISABLED,2.7409,3.8227,0.0000,0.0000,0.00,0,0.0000,0,1,0,0.0000,0.0000,0,-12.5684,0.0000,idle,2.7409,3.8227,2.7409,3.8227,3.8227,0.4000
TEL,18428,SAFE_DISABLED,4.7746,4.1242,0.0000,0.0000,0.00,0,0.0000,20,1,0,0.0000,0.0000,0,-12.4805,0.0000,idle,4.7746,4.1242,4.7746,4.1242,4.1242,0.4000
TEL,18528,SAFE_DISABLED,3.7342,4.2182,0.0000,0.0000,0.00,0,0.0000,0,1,0,0.0000,0.0000,0,-12.5684,0.0000,idle,3.7342,4.2182,3.7342,4.2182,4.2182,0.4000
TEL,18628,SAFE_DISABLED,5.2035,4.5028,0.0000,0.0000,0.00,0,0.0000,20,1,0,0.0000,0.0000,0,-12.5684,0.0000,idle,5.2035,4.5028,5.2035,4.5028,4.5028,0.4000
TEL,18728,SAFE_DISABLED,5.2035,4.9804,0.0000,0.0000,0.00,0,0.0000,0,1,0,0.0000,0.0000,0,-12.5684,0.0000,idle,5.2035,4.9804,5.2035,4.9804,4.9804,0.4000
TEL,18828,SAFE_DISABLED,5.0157,4.9884,0.0000,0.0000,0.00,0,0.0000,20,1,0,0.0000,0.0000,0,-12.5684,0.0000,idle,5.0157,4.9884,5.0157,4.9884,4.9884,0.4000
TEL,18928,SAFE_DISABLED,4.4757,4.6630,0.0000,0.0000,0.00,0,0.0000,0,1,0,0.0000,0.0000,0,-12.5684,0.0000,idle,4.4757,4.6630,4.4757,4.6630,4.6630,0.4000
TEL,19028,SAFE_DISABLED,4.2182,4.4362,0.0000,0.0000,0.00,0,0.0000,20,1,0,0.0000,0.0000,0,-12.4805,0.0000,idle,4.2182,4.4362,4.2182,4.4362,4.4362,0.4000
TEL,19128,SAFE_DISABLED,3.4532,3.8317,0.0000,0.0000,0.00,0,0.0000,0,1,0,0.0000,0.0000,0,-12.4805,0.0000,idle,3.4532,3.8317,3.4532,3.8317,3.8317,0.4000
TEL,19228,SAFE_DISABLED,3.4532,3.6387,0.0000,0.0000,0.00,0,0.0000,20,1,0,0.0000,0.0000,0,-12.4805,0.0000,idle,3.4532,3.6387,3.4532,3.6387,3.6387,0.4000
TEL,19328,SAFE_DISABLED,3.4532,3.5169,0.0000,0.0000,0.00,0,0.0000,0,1,0,0.0000,0.0000,0,-12.4805,0.0000,idle,3.4532,3.5169,3.4532,3.5169,3.5169,0.4000
TEL,19428,SAFE_DISABLED,3.4532,3.4844,0.0000,0.0000,0.00,0,0.0000,20,1,0,0.0000,0.0000,0,-12.4805,0.0000,idle,3.4532,3.4844,3.4532,3.4844,3.4844,0.4000
TEL,19528,SAFE_DISABLED,3.4532,3.4639,0.0000,0.0000,0.00,0,0.0000,0,1,0,0.0000,0.0000,0,-12.4805,0.0000,idle,3.4532,3.4639,3.4532,3.4639,3.4639,0.4000
TEL,19628,SAFE_DISABLED,3.6787,3.5735,0.0000,0.0000,0.00,0,0.0000,20,1,0,0.0000,0.0000,0,-12.4805,0.0000,idle,3.6787,3.5735,3.6787,3.5735,3.5735,0.4000
TEL,19728,SAFE_DISABLED,3.6787,3.6426,0.0000,0.0000,0.00,0,0.0000,0,1,0,0.0000,0.0000,0,-12.4805,0.0000,idle,3.6787,3.6426,3.6787,3.6426,3.6426,0.4000
TEL,19828,SAFE_DISABLED,3.4532,3.5460,0.0000,0.0000,0.00,0,0.0000,20,1,0,0.0000,0.0000,0,-12.4805,0.0000,idle,3.4532,3.5460,3.4532,3.5460,3.5460,0.4000
TEL,19928,SAFE_DISABLED,4.2182,4.9581,0.0000,0.0000,0.00,0,0.0000,0,1,0,0.0000,0.0000,0,-12.4805,0.0000,idle,4.2182,4.9581,4.2182,4.9581,4.9581,0.4000
TEL,20028,SAFE_DISABLED,3.3383,4.1918,0.0000,0.0000,0.00,0,0.0000,20,1,0,0.0000,0.0000,0,-12.4805,0.0000,idle,3.3383,4.1918,3.3383,4.1918,4.1918,0.4000
TEL,20128,SAFE_DISABLED,9.2734,5.3786,0.0000,0.0000,0.00,0,0.0000,0,1,0,0.0000,0.0000,0,-12.5684,0.0000,idle,9.2734,5.3786,9.2734,5.3786,5.3786,0.4000
TEL,20228,SAFE_DISABLED,3.6787,4.5917,0.0000,0.0000,0.00,0,0.0000,20,1,0,0.0000,0.0000,0,-12.4805,0.0000,idle,3.6787,4.5917,3.6787,4.5917,4.5917,0.4000
TEL,20328,SAFE_DISABLED,3.4532,3.8388,0.0000,0.0000,0.00,0,0.0000,0,1,0,0.0000,0.0000,0,-12.4805,0.0000,idle,3.4532,3.8388,3.4532,3.8388,3.8388,0.4000
TEL,20428,SAFE_DISABLED,4.6762,5.2366,0.0000,0.0000,0.00,0,0.0000,20,1,0,0.0000,0.0000,0,-12.4805,0.0000,idle,4.6762,5.2366,4.6762,5.2366,5.2366,0.4000
TEL,20528,SAFE_DISABLED,4.1657,5.0844,0.0000,0.0000,0.00,0,0.0000,0,1,0,0.0000,0.0000,0,-11.7773,0.0000,idle,4.1657,5.0844,4.1657,5.0844,5.0844,0.4000
TEL,20628,SAFE_DISABLED,7.3338,4.3770,0.0000,0.0000,0.00,0,0.0000,20,1,0,0.0000,0.0000,0,-11.8652,0.0000,idle,7.3338,4.3770,7.3338,4.3770,4.3770,0.4000
TEL,20728,SAFE_DISABLED,1.5596,2.1979,0.0000,0.0000,0.00,0,0.0000,0,1,0,0.0000,0.0000,0,-11.8652,0.0000,idle,1.5596,2.1979,1.5596,2.1979,2.1979,0.4000
TEL,20828,SAFE_DISABLED,0.7613,1.3680,0.0000,0.0000,0.00,0,0.0000,20,1,0,0.0000,0.0000,0,-11.8652,0.0000,idle,0.7613,1.3680,0.7613,1.3680,1.3680,0.4000
TEL,20928,SAFE_DISABLED,3.5101,2.7330,0.0000,0.0000,0.00,0,0.0000,0,1,0,0.0000,0.0000,0,-11.9531,0.0000,idle,3.5101,2.7330,3.5101,2.7330,2.7330,0.4000
TEL,21028,SAFE_DISABLED,1.4896,1.8153,0.0000,0.0000,0.00,0,0.0000,20,1,0,0.0000,0.0000,0,-12.0410,0.0000,idle,1.4896,1.8153,1.4896,1.8153,1.8153,0.4000
TEL,21128,SAFE_DISABLED,3.8985,2.4157,0.0000,0.0000,0.00,0,0.0000,40,1,1,0.0000,0.0000,0,-12.0410,0.0000,idle,3.8985,2.4157,3.8985,2.4157,2.4157,0.4000
TEL,21228,SAFE_DISABLED,3.8985,2.4157,0.0000,0.0000,0.00,0,0.0000,140,1,3,0.0000,0.0000,0,-11.9531,0.0000,idle,3.8985,2.4157,3.8985,2.4157,2.4157,0.4000
TEL,21328,SAFE_DISABLED,2.7409,2.9139,0.0000,0.0000,0.00,0,0.0000,0,1,0,0.0000,0.0000,0,-11.9531,0.0000,idle,2.7409,2.9139,2.7409,2.9139,2.9139,0.4000
TEL,21428,SAFE_DISABLED,4.0064,4.5984,0.0000,0.0000,0.00,0,0.0000,20,1,0,0.0000,0.0000,0,-11.9531,0.0000,idle,4.0064,4.5984,4.0064,4.5984,4.5984,0.4000
TEL,21528,SAFE_DISABLED,3.1040,3.6425,0.0000,0.0000,0.00,0,0.0000,0,1,0,0.0000,0.0000,0,-11.8652,0.0000,idle,3.1040,3.6425,3.1040,3.6425,3.6425,0.4000
TEL,21628,SAFE_DISABLED,2.7409,3.2465,0.0000,0.0000,0.00,0,0.0000,20,1,0,0.0000,0.0000,0,-11.9531,0.0000,idle,2.7409,3.2465,2.7409,3.2465,3.2465,0.4000
TEL,21728,SAFE_DISABLED,7.0497,4.8081,0.0000,0.0000,0.00,0,0.0000,0,1,0,0.0000,0.0000,0,-12.0410,0.0000,idle,7.0497,4.8081,7.0497,4.8081,4.8081,0.4000
TEL,21828,SAFE_DISABLED,7.0497,4.8081,0.0000,0.0000,0.00,0,0.0000,100,1,2,0.0000,0.0000,0,-11.9531,0.0000,idle,7.0497,4.8081,7.0497,4.8081,4.8081,0.4000
TEL,21928,SAFE_DISABLED,9.7866,6.3017,0.0000,0.0000,0.00,0,0.0000,0,1,0,0.0000,0.0000,0,-11.9531,0.0000,idle,9.7866,6.3017,9.7866,6.3017,6.3017,0.4000
TEL,22028,SAFE_DISABLED,4.2703,5.6923,0.0000,0.0000,0.00,0,0.0000,20,1,0,0.0000,0.0000,0,-11.9531,0.0000,idle,4.2703,5.6923,4.2703,5.6923,5.6923,0.4000
TEL,22128,SAFE_DISABLED,8.5680,7.2873,0.0000,0.0000,0.00,0,0.0000,0,1,0,0.0000,0.0000,0,-11.9531,0.0000,idle,8.5680,7.2873,8.5680,7.2873,7.2873,0.4000
TEL,22228,SAFE_DISABLED,7.8687,7.4270,0.0000,0.0000,0.00,0,0.0000,20,1,0,0.0000,0.0000,0,-11.9531,0.0000,idle,7.8687,7.4270,7.8687,7.4270,7.4270,0.4000
TEL,22328,SAFE_DISABLED,9.8331,8.4261,0.0000,0.0000,0.00,0,0.0000,0,1,0,0.0000,0.0000,0,-11.9531,0.0000,idle,9.8331,8.4261,9.8331,8.4261,8.4261,0.4000
TEL,22428,SAFE_DISABLED,9.5723,8.7700,0.0000,0.0000,0.00,0,0.0000,20,1,0,0.0000,0.0000,0,-11.9531,0.0000,idle,9.5723,8.7700,9.5723,8.7700,8.7700,0.4000
TEL,22528,SAFE_DISABLED,5.3415,7.5921,0.0000,0.0000,0.00,0,0.0000,0,1,0,0.0000,0.0000,0,-11.9531,0.0000,idle,5.3415,7.5921,5.3415,7.5921,7.5921,0.4000
TEL,22628,SAFE_DISABLED,4.3736,6.1539,0.0000,0.0000,0.00,0,0.0000,20,1,0,0.0000,0.0000,0,-11.9531,0.0000,idle,4.3736,6.1539,4.3736,6.1539,6.1539,0.4000
TEL,22728,SAFE_DISABLED,5.8705,5.2017,0.0000,0.0000,0.00,0,0.0000,0,1,0,0.0000,0.0000,0,-11.9531,0.0000,idle,5.8705,5.2017,5.8705,5.2017,5.2017,0.4000
TEL,22828,SAFE_DISABLED,6.7912,6.0968,0.0000,0.0000,0.00,0,0.0000,20,1,0,0.0000,0.0000,0,-11.9531,0.0000,idle,6.7912,6.0968,6.7912,6.0968,6.0968,0.4000
TEL,22928,SAFE_DISABLED,4.1130,5.3043,0.0000,0.0000,0.00,0,0.0000,40,1,1,0.0000,0.0000,0,-11.9531,0.0000,idle,4.1130,5.3043,4.1130,5.3043,5.3043,0.4000
TEL,23028,SAFE_DISABLED,8.7103,6.3261,0.0000,0.0000,0.00,0,0.0000,20,1,0,0.0000,0.0000,0,-11.9531,0.0000,idle,8.7103,6.3261,8.7103,6.3261,6.3261,0.4000
TEL,23128,SAFE_DISABLED,7.2286,6.8815,0.0000,0.0000,0.00,0,0.0000,0,1,0,0.0000,0.0000,0,-12.0410,0.0000,idle,7.2286,6.8815,7.2286,6.8815,6.8815,0.4000
TEL,23228,SAFE_DISABLED,8.4811,7.3614,0.0000,0.0000,0.00,0,0.0000,20,1,0,0.0000,0.0000,0,-11.9531,0.0000,idle,8.4811,7.3614,8.4811,7.3614,7.3614,0.4000
TEL,23328,SAFE_DISABLED,5.9973,6.9080,0.0000,0.0000,0.00,0,0.0000,0,1,0,0.0000,0.0000,0,-11.9531,0.0000,idle,5.9973,6.9080,5.9973,6.9080,6.9080,0.4000
TEL,23428,SAFE_DISABLED,3.7893,4.7898,0.0000,0.0000,0.00,0,0.0000,20,1,0,0.0000,0.0000,0,-11.9531,0.0000,idle,3.7893,4.7898,3.7893,4.7898,4.7898,0.4000
TEL,23528,SAFE_DISABLED,1.0589,2.7959,0.0000,0.0000,0.00,0,0.0000,0,1,0,0.0000,0.0000,0,-11.9531,0.0000,idle,1.0589,2.7959,1.0589,2.7959,2.7959,0.4000
TEL,23628,SAFE_DISABLED,7.3338,4.1327,0.0000,0.0000,0.00,0,0.0000,20,1,0,0.0000,0.0000,0,-11.9531,0.0000,idle,7.3338,4.1327,7.3338,4.1327,4.1327,0.4000
TEL,23728,SAFE_DISABLED,0.7613,2.8545,0.0000,0.0000,0.00,0,0.0000,0,1,0,0.0000,0.0000,0,-11.9531,0.0000,idle,0.7613,2.8545,0.7613,2.8545,2.8545,0.4000
TEL,23828,SAFE_DISABLED,1.6982,1.4740,0.0000,0.0000,0.00,0,0.0000,20,1,0,0.0000,0.0000,0,-11.9531,0.0000,idle,1.6982,1.4740,1.6982,1.4740,1.4740,0.4000
TEL,23928,SAFE_DISABLED,2.8024,2.6685,0.0000,0.0000,0.00,0,0.0000,0,1,0,0.0000,0.0000,0,-11.9531,0.0000,idle,2.8024,2.6685,2.8024,2.6685,2.6685,0.4000
TEL,24028,SAFE_DISABLED,2.6167,2.6421,0.0000,0.0000,0.00,0,0.0000,20,1,0,0.0000,0.0000,0,-11.9531,0.0000,idle,2.6167,2.6421,2.6167,2.6421,2.6421,0.4000
TEL,24128,SAFE_DISABLED,3.6787,3.8864,0.0000,0.0000,0.00,0,0.0000,0,1,0,0.0000,0.0000,0,-11.9531,0.0000,idle,3.6787,3.8864,3.6787,3.8864,3.8864,0.4000
TEL,24228,SAFE_DISABLED,8.0274,5.6154,0.0000,0.0000,0.00,0,0.0000,20,1,0,0.0000,0.0000,0,-11.9531,0.0000,idle,8.0274,5.6154,8.0274,5.6154,5.6154,0.4000
TEL,24328,SAFE_DISABLED,7.6731,7.2482,0.0000,0.0000,0.00,0,0.0000,0,1,0,0.0000,0.0000,0,-11.9531,0.0000,idle,7.6731,7.2482,7.6731,7.2482,7.2482,0.4000
TEL,24428,SAFE_DISABLED,2.9243,5.6883,0.0000,0.0000,0.00,0,0.0000,20,1,0,0.0000,0.0000,0,-11.9531,0.0000,idle,2.9243,5.6883,2.9243,5.6883,5.6883,0.4000
TEL,24528,SAFE_DISABLED,3.5667,3.7489,0.0000,0.0000,0.00,0,0.0000,0,1,0,0.0000,0.0000,0,-11.9531,0.0000,idle,3.5667,3.7489,3.5667,3.7489,3.7489,0.4000
TEL,24628,SAFE_DISABLED,1.6982,2.8291,0.0000,0.0000,0.00,0,0.0000,20,1,0,0.0000,0.0000,0,-11.9531,0.0000,idle,1.6982,2.8291,1.6982,2.8291,2.8291,0.4000
TEL,24728,SAFE_DISABLED,6.0390,3.3967,0.0000,0.0000,0.00,0,0.0000,0,1,0,0.0000,0.0000,0,-11.9531,0.0000,idle,6.0390,3.3967,6.0390,3.3967,3.3967,0.4000
TEL,24828,SAFE_DISABLED,3.8441,3.4695,0.0000,0.0000,0.00,0,0.0000,20,1,0,0.0000,0.0000,0,-11.9531,0.0000,idle,3.8441,3.4695,3.8441,3.4695,3.4695,0.4000
TEL,24928,SAFE_DISABLED,4.2182,3.5781,0.0000,0.0000,0.00,0,0.0000,0,1,0,0.0000,0.0000,0,-11.9531,0.0000,idle,4.2182,3.5781,4.2182,3.5781,3.5781,0.4000
TEL,25028,SAFE_DISABLED,4.2182,3.5781,0.0000,0.0000,0.00,0,0.0000,100,1,2,0.0000,0.0000,0,-11.9531,0.0000,idle,4.2182,3.5781,4.2182,3.5781,3.5781,0.4000
TEL,25128,SAFE_DISABLED,8.4811,6.3280,0.0000,0.0000,0.00,0,0.0000,0,1,0,0.0000,0.0000,0,-11.9531,0.0000,idle,8.4811,6.3280,8.4811,6.3280,6.3280,0.4000
TEL,25228,SAFE_DISABLED,7.1576,7.2834,0.0000,0.0000,0.00,0,0.0000,20,1,0,0.0000,0.0000,0,-11.9531,0.0000,idle,7.1576,7.2834,7.1576,7.2834,7.2834,0.4000
TEL,25328,SAFE_DISABLED,7.9327,7.2400,0.0000,0.0000,0.00,0,0.0000,0,1,0,0.0000,0.0000,0,-11.9531,0.0000,idle,7.9327,7.2400,7.9327,7.2400,7.2400,0.4000
TEL,25428,SAFE_DISABLED,7.9327,7.2400,0.0000,0.0000,0.00,0,0.0000,100,1,2,0.0000,0.0000,0,-11.9531,0.0000,idle,7.9327,7.2400,7.9327,7.2400,7.2400,0.4000
TEL,25528,SAFE_DISABLED,2.6167,6.0118,0.0000,0.0000,0.00,0,0.0000,0,1,0,0.0000,0.0000,0,-11.9531,0.0000,idle,2.6167,6.0118,2.6167,6.0118,6.0118,0.4000
TEL,25628,SAFE_DISABLED,-3.8449,1.1891,0.0000,0.0000,0.00,0,0.0000,20,1,0,0.0000,0.0000,0,-11.9531,0.0000,idle,-3.8449,1.1891,-3.8449,1.1891,1.1891,0.4000
TEL,25728,SAFE_DISABLED,-3.2953,-1.7571,0.0000,0.0000,0.00,0,0.0000,0,1,0,0.0000,0.0000,0,-11.9531,0.0000,idle,-3.2953,-1.7571,-3.2953,-1.7571,-1.7571,0.4000
TEL,25828,SAFE_DISABLED,-2.4631,-2.2031,0.0000,0.0000,0.00,0,0.0000,20,1,0,0.0000,0.0000,0,-11.9531,0.0000,idle,-2.4631,-2.2031,-2.4631,-2.2031,-2.2031,0.4000
TEL,25928,SAFE_DISABLED,-3.7331,-2.9898,0.0000,0.0000,0.00,0,0.0000,0,1,0,0.0000,0.0000,0,-11.9531,0.0000,idle,-3.7331,-2.9898,-3.7331,-2.9898,-2.9898,0.4000
TEL,26028,SAFE_DISABLED,-2.0674,-2.7772,0.0000,0.0000,0.00,0,0.0000,20,1,0,0.0000,0.0000,0,-11.9531,0.0000,idle,-2.0674,-2.7772,-2.0674,-2.7772,-2.7772,0.4000
TEL,26128,SAFE_DISABLED,-4.3022,-3.2392,0.0000,0.0000,0.00,0,0.0000,0,1,0,0.0000,0.0000,0,-11.9531,0.0000,idle,-4.3022,-3.2392,-4.3022,-3.2392,-3.2392,0.4000
TEL,26228,SAFE_DISABLED,-4.7760,-4.0230,0.0000,0.0000,0.00,0,0.0000,20,1,0,0.0000,0.0000,0,-11.9531,0.0000,idle,-4.7760,-4.0230,-4.7760,-4.0230,-4.0230,0.4000
TEL,26328,SAFE_DISABLED,-4.7760,-4.5001,0.0000,0.0000,0.00,0,0.0000,0,1,0,0.0000,0.0000,0,-11.9531,0.0000,idle,-4.7760,-4.5001,-4.7760,-4.5001,-4.5001,0.4000
TEL,26428,SAFE_DISABLED,-4.7760,-4.6408,0.0000,0.0000,0.00,0,0.0000,20,1,0,0.0000,0.0000,0,-11.9531,0.0000,idle,-4.7760,-4.6408,-4.7760,-4.6408,-4.6408,0.4000
TEL,26528,SAFE_DISABLED,-5.7768,-5.3122,0.0000,0.0000,0.00,0,0.0000,0,1,0,0.0000,0.0000,0,-11.8652,0.0000,idle,-5.7768,-5.3122,-5.7768,-5.3122,-5.3122,0.4000
TEL,26628,SAFE_DISABLED,-5.7768,-5.5492,0.0000,0.0000,0.00,0,0.0000,20,1,0,0.0000,0.0000,0,-11.8652,0.0000,idle,-5.7768,-5.5492,-5.7768,-5.5492,-5.5492,0.4000
TEL,26728,SAFE_DISABLED,-4.3022,-4.7996,0.0000,0.0000,0.00,0,0.0000,0,1,0,0.0000,0.0000,0,-11.8652,0.0000,idle,-4.3022,-4.7996,-4.3022,-4.7996,-4.7996,0.4000
TEL,26828,SAFE_DISABLED,-0.8662,-3.5397,0.0000,0.0000,0.00,0,0.0000,20,1,0,0.0000,0.0000,0,-11.7773,0.0000,idle,-0.8662,-3.5397,-0.8662,-3.5397,-3.5397,0.4000
TEL,26928,SAFE_DISABLED,-4.1864,-3.4941,0.0000,0.0000,0.00,0,0.0000,0,1,0,0.0000,0.0000,0,-11.7773,0.0000,idle,-4.1864,-3.4941,-4.1864,-3.4941,-3.4941,0.4000
TEL,27028,SAFE_DISABLED,2.8024,-1.7505,0.0000,0.0000,0.00,0,0.0000,20,1,0,0.0000,0.0000,0,-11.7773,0.0000,idle,2.8024,-1.7505,2.8024,-1.7505,-1.7505,0.4000
TEL,27128,SAFE_DISABLED,-5.6476,-3.8719,0.0000,0.0000,0.00,0,0.0000,0,1,0,0.0000,0.0000,0,-11.7773,0.0000,idle,-5.6476,-3.8719,-5.6476,-3.8719,-3.8719,0.4000
TEL,27228,SAFE_DISABLED,1.4191,-2.6846,0.0000,0.0000,0.00,0,0.0000,20,1,0,0.0000,0.0000,0,-11.7773,0.0000,idle,1.4191,-2.6846,1.4191,-2.6846,-2.6846,0.4000
TEL,27328,SAFE_DISABLED,-5.5197,-4.3011,0.0000,0.0000,0.00,0,0.0000,0,1,0,0.0000,0.0000,0,-11.6895,0.0000,idle,-5.5197,-4.3011,-5.5197,-4.3011,-4.3011,0.4000
TEL,27428,SAFE_DISABLED,-5.7768,-5.1648,0.0000,0.0000,0.00,0,0.0000,20,1,0,0.0000,0.0000,0,-11.6895,0.0000,idle,-5.7768,-5.1648,-5.7768,-5.1648,-5.1648,0.4000
TEL,27528,SAFE_DISABLED,-4.7760,-3.6853,0.0000,0.0000,0.00,0,0.0000,0,1,0,0.0000,0.0000,0,-11.6895,0.0000,idle,-4.7760,-3.6853,-4.7760,-3.6853,-3.6853,0.4000
TEL,27628,SAFE_DISABLED,-5.7768,-4.6188,0.0000,0.0000,0.00,0,0.0000,20,1,0,0.0000,0.0000,0,-11.6895,0.0000,idle,-5.7768,-4.6188,-5.7768,-4.6188,-4.6188,0.4000
TEL,27728,SAFE_DISABLED,-5.0194,-4.7064,0.0000,0.0000,0.00,0,0.0000,0,1,0,0.0000,0.0000,0,-11.6895,0.0000,idle,-5.0194,-4.7064,-5.0194,-4.7064,-4.7064,0.4000
TEL,27828,SAFE_DISABLED,-5.2672,-4.9404,0.0000,0.0000,0.00,0,0.0000,20,1,0,0.0000,0.0000,0,-11.7773,0.0000,idle,-5.2672,-4.9404,-5.2672,-4.9404,-4.9404,0.4000
TEL,27928,SAFE_DISABLED,-3.2953,-2.8667,0.0000,0.0000,0.00,0,0.0000,0,1,0,0.0000,0.0000,0,-11.6895,0.0000,idle,-3.2953,-2.8667,-3.2953,-2.8667,-2.8667,0.4000
TEL,28028,SAFE_DISABLED,-4.6560,-3.7295,0.0000,0.0000,0.00,0,0.0000,20,1,0,0.0000,0.0000,0,-11.6895,0.0000,idle,-4.6560,-3.7295,-4.6560,-3.7295,-3.7295,0.4000
TEL,28128,SAFE_DISABLED,-1.9705,-3.6008,0.0000,0.0000,0.00,0,0.0000,0,1,0,0.0000,0.0000,0,-11.6895,0.0000,idle,-1.9705,-3.6008,-1.9705,-3.6008,-3.6008,0.4000
TEL,28228,SAFE_DISABLED,-3.9577,-3.7124,0.0000,0.0000,0.00,0,0.0000,20,1,0,0.0000,0.0000,0,-11.6895,0.0000,idle,-3.9577,-3.7124,-3.9577,-3.7124,-3.7124,0.4000
TEL,28328,SAFE_DISABLED,4.1657,-1.4772,0.0000,0.0000,0.00,0,0.0000,0,1,0,0.0000,0.0000,0,-11.7773,0.0000,idle,4.1657,-1.4772,4.1657,-1.4772,-1.4772,0.4000
TEL,28428,SAFE_DISABLED,-4.6560,-2.7901,0.0000,0.0000,0.00,0,0.0000,20,1,0,0.0000,0.0000,0,-11.7773,0.0000,idle,-4.6560,-2.7901,-4.6560,-2.7901,-2.7901,0.4000
TEL,28528,SAFE_DISABLED,-5.3929,-4.3927,0.0000,0.0000,0.00,0,0.0000,0,1,0,0.0000,0.0000,0,-11.8652,0.0000,idle,-5.3929,-4.3927,-5.3929,-4.3927,-4.3927,0.4000
TEL,28628,SAFE_DISABLED,-3.8449,-2.5807,0.0000,0.0000,0.00,0,0.0000,20,1,0,0.0000,0.0000,0,-11.8652,0.0000,idle,-3.8449,-2.5807,-3.8449,-2.5807,-2.5807,0.4000
TEL,28728,SAFE_DISABLED,-5.6476,-4.5398,0.0000,0.0000,0.00,0,0.0000,0,1,0,0.0000,0.0000,0,-11.7773,0.0000,idle,-5.6476,-4.5398,-5.6476,-4.5398,-4.5398,0.4000
TEL,28828,SAFE_DISABLED,-1.3136,-3.8591,0.0000,0.0000,0.00,0,0.0000,20,1,0,0.0000,0.0000,0,-11.7773,0.0000,idle,-1.3136,-3.8591,-1.3136,-3.8591,-3.8591,0.4000
TEL,28928,SAFE_DISABLED,-5.1427,-4.4848,0.0000,0.0000,0.00,0,0.0000,0,1,0,0.0000,0.0000,0,-11.7773,0.0000,idle,-5.1427,-4.4848,-5.1427,-4.4848,-4.4848,0.4000
TEL,29028,SAFE_DISABLED,3.1632,-2.3547,0.0000,0.0000,0.00,0,0.0000,20,1,0,0.0000,0.0000,0,-11.7773,0.0000,idle,3.1632,-2.3547,3.1632,-2.3547,-2.3547,0.4000
TEL,29128,SAFE_DISABLED,-4.5370,-3.1566,0.0000,0.0000,0.00,0,0.0000,0,1,0,0.0000,0.0000,0,-11.7773,0.0000,idle,-4.5370,-3.1566,-4.5370,-3.1566,-3.1566,0.4000
TEL,29228,SAFE_DISABLED,-5.1427,-4.1436,0.0000,0.0000,0.00,0,0.0000,20,1,0,0.0000,0.0000,0,-11.7773,0.0000,idle,-5.1427,-4.1436,-5.1427,-4.1436,-4.1436,0.4000
TEL,29328,SAFE_DISABLED,-4.6560,-2.9290,0.0000,0.0000,0.00,0,0.0000,0,1,0,0.0000,0.0000,0,-11.7773,0.0000,idle,-4.6560,-2.9290,-4.6560,-2.9290,-2.9290,0.4000
TEL,29428,SAFE_DISABLED,-5.1427,-4.0064,0.0000,0.0000,0.00,0,0.0000,20,1,0,0.0000,0.0000,0,-11.7773,0.0000,idle,-5.1427,-4.0064,-5.1427,-4.0064,-4.0064,0.4000
TEL,29528,SAFE_DISABLED,-1.2227,-1.3822,0.0000,0.0000,0.00,0,0.0000,0,1,0,0.0000,0.0000,0,-11.6895,0.0000,idle,-1.2227,-1.3822,-1.2227,-1.3822,-1.3822,0.4000
TEL,29628,SAFE_DISABLED,4.6265,0.7400,0.0000,0.0000,0.00,0,0.0000,20,1,0,0.0000,0.0000,0,-11.6016,0.0000,idle,4.6265,0.7400,4.6265,0.7400,0.7400,0.4000
TEL,29728,SAFE_DISABLED,8.5102,4.6080,0.0000,0.0000,0.00,0,0.0000,40,1,1,0.0000,0.0000,0,-11.6016,0.0000,idle,8.5102,4.6080,8.5102,4.6080,4.6080,0.4000
TEL,29828,SAFE_DISABLED,8.5102,4.6080,0.0000,0.0000,0.00,0,0.0000,140,1,3,0.0000,0.0000,0,-11.6016,0.0000,idle,8.5102,4.6080,8.5102,4.6080,4.6080,0.4000
TEL,29928,SAFE_DISABLED,8.5102,4.6080,0.0000,0.0000,0.00,0,0.0000,240,1,6,0.0000,0.0000,0,-11.5137,0.0000,idle,8.5102,4.6080,8.5102,4.6080,4.6080,0.4000
TEL,30028,SAFE_DISABLED,8.5102,4.6080,0.0000,0.0000,0.00,0,0.0000,340,1,8,0.0000,0.0000,0,-11.6016,0.0000,idle,8.5102,4.6080,8.5102,4.6080,4.6080,0.4000
TEL,30128,SAFE_DISABLED,8.5102,4.6080,0.0000,0.0000,0.00,0,0.0000,440,1,11,0.0000,0.0000,0,-11.6895,0.0000,idle,8.5102,4.6080,8.5102,4.6080,4.6080,0.4000
TEL,30228,SAFE_DISABLED,8.5102,4.6080,0.0000,0.0000,0.00,0,0.0000,540,1,13,0.0000,0.0000,0,-11.6895,0.0000,idle,8.5102,4.6080,8.5102,4.6080,4.6080,0.4000
TEL,30328,SAFE_DISABLED,8.5102,4.6080,0.0000,0.0000,0.00,0,0.0000,640,1,16,0.0000,0.0000,0,-11.6895,0.0000,idle,8.5102,4.6080,8.5102,4.6080,4.6080,0.4000
TEL,30428,SAFE_DISABLED,8.5102,4.6080,0.0000,0.0000,0.00,0,0.0000,740,1,18,0.0000,0.0000,0,-11.7773,0.0000,idle,8.5102,4.6080,8.5102,4.6080,4.6080,0.4000
TEL,30528,SAFE_DISABLED,8.5102,4.6080,0.0000,0.0000,0.00,0,0.0000,840,1,21,0.0000,0.0000,0,-11.7773,0.0000,idle,8.5102,4.6080,8.5102,4.6080,4.6080,0.4000
TEL,30628,SAFE_DISABLED,8.5102,4.6080,0.0000,0.0000,0.00,0,0.0000,940,1,23,0.0000,0.0000,0,-11.6895,0.0000,idle,8.5102,4.6080,8.5102,4.6080,4.6080,0.4000
TEL,30728,SAFE_DISABLED,8.5102,4.6080,0.0000,0.0000,0.00,1,0.0000,1040,0,26,0.0000,0.0000,0,-11.7773,0.0000,idle,8.5102,4.6080,8.5102,4.6080,4.6080,0.4000
TEL,30828,SAFE_DISABLED,8.5102,4.6080,0.0000,0.0000,0.00,1,0.0000,1140,0,28,0.0000,0.0000,0,-11.6895,0.0000,idle,8.5102,4.6080,8.5102,4.6080,4.6080,0.4000
TEL,30928,SAFE_DISABLED,8.5102,4.6080,0.0000,0.0000,0.00,1,0.0000,1240,0,31,0.0000,0.0000,0,-11.6895,0.0000,idle,8.5102,4.6080,8.5102,4.6080,4.6080,0.4000
TEL,31028,SAFE_DISABLED,8.5102,4.6080,0.0000,0.0000,0.00,1,0.0000,1340,0,33,0.0000,0.0000,0,-11.6895,0.0000,idle,8.5102,4.6080,8.5102,4.6080,4.6080,0.4000
TEL,31128,SAFE_DISABLED,8.5102,4.6080,0.0000,0.0000,0.00,1,0.0000,1440,0,36,0.0000,0.0000,0,-11.6016,0.0000,idle,8.5102,4.6080,8.5102,4.6080,4.6080,0.4000
TEL,31228,SAFE_DISABLED,8.5102,4.6080,0.0000,0.0000,0.00,1,0.0000,1540,0,38,0.0000,0.0000,0,-11.6016,0.0000,idle,8.5102,4.6080,8.5102,4.6080,4.6080,0.4000
TEL,31328,SAFE_DISABLED,8.5102,4.6080,0.0000,0.0000,0.00,1,0.0000,1640,0,41,0.0000,0.0000,0,-11.6016,0.0000,idle,8.5102,4.6080,8.5102,4.6080,4.6080,0.4000
TEL,31428,SAFE_DISABLED,8.5102,4.6080,0.0000,0.0000,0.00,1,0.0000,1740,0,43,0.0000,0.0000,0,-11.5137,0.0000,idle,8.5102,4.6080,8.5102,4.6080,4.6080,0.4000
TEL,31528,SAFE_DISABLED,8.5102,4.6080,0.0000,0.0000,0.00,1,0.0000,1840,0,46,0.0000,0.0000,0,-11.3379,0.0000,idle,8.5102,4.6080,8.5102,4.6080,4.6080,0.4000
TEL,31628,SAFE_DISABLED,8.5102,4.6080,0.0000,0.0000,0.00,1,0.0000,1940,0,48,0.0000,0.0000,0,-11.2500,0.0000,idle,8.5102,4.6080,8.5102,4.6080,4.6080,0.4000
TEL,31728,SAFE_DISABLED,8.5102,4.6080,0.0000,0.0000,0.00,1,0.0000,2040,0,51,0.0000,0.0000,0,-11.3379,0.0000,idle,8.5102,4.6080,8.5102,4.6080,4.6080,0.4000
TEL,31828,SAFE_DISABLED,8.5102,4.6080,0.0000,0.0000,0.00,1,0.0000,2140,0,53,0.0000,0.0000,0,-11.5137,0.0000,idle,8.5102,4.6080,8.5102,4.6080,4.6080,0.4000
TEL,31928,SAFE_DISABLED,8.5102,4.6080,0.0000,0.0000,0.00,1,0.0000,2240,0,56,0.0000,0.0000,0,-11.5137,0.0000,idle,8.5102,4.6080,8.5102,4.6080,4.6080,0.4000
TEL,32028,SAFE_DISABLED,8.5102,4.6080,0.0000,0.0000,0.00,1,0.0000,2340,0,58,0.0000,0.0000,0,-11.5137,0.0000,idle,8.5102,4.6080,8.5102,4.6080,4.6080,0.4000
TEL,32128,SAFE_DISABLED,8.5102,4.6080,0.0000,0.0000,0.00,1,0.0000,2440,0,61,0.0000,0.0000,0,-11.5137,0.0000,idle,8.5102,4.6080,8.5102,4.6080,4.6080,0.4000
TEL,32228,SAFE_DISABLED,8.5967,6.8623,0.0000,0.0000,0.00,0,0.0000,20,1,0,0.0000,0.0000,0,-11.4258,0.0000,idle,8.5967,6.8623,8.5967,6.8623,6.8623,0.4000
TEL,32328,SAFE_DISABLED,8.5967,6.8623,0.0000,0.0000,0.00,0,0.0000,120,1,3,0.0000,0.0000,0,-11.5137,0.0000,idle,8.5967,6.8623,8.5967,6.8623,6.8623,0.4000
TEL,32428,SAFE_DISABLED,8.5967,6.8623,0.0000,0.0000,0.00,0,0.0000,220,1,5,0.0000,0.0000,0,-11.5137,0.0000,idle,8.5967,6.8623,8.5967,6.8623,6.8623,0.4000
TEL,32528,SAFE_DISABLED,4.1130,5.8558,0.0000,0.0000,0.00,0,0.0000,0,1,0,0.0000,0.0000,0,-11.5137,0.0000,idle,4.1130,5.8558,4.1130,5.8558,5.8558,0.4000
TEL,32628,SAFE_DISABLED,6.4839,6.0443,0.0000,0.0000,0.00,0,0.0000,20,1,0,0.0000,0.0000,0,-11.5137,0.0000,idle,6.4839,6.0443,6.4839,6.0443,6.0443,0.4000
TEL,32728,SAFE_DISABLED,4.9201,5.4702,0.0000,0.0000,0.00,0,0.0000,0,1,0,0.0000,0.0000,0,-11.5137,0.0000,idle,4.9201,5.4702,4.9201,5.4702,5.4702,0.4000
TEL,32828,SAFE_DISABLED,4.7255,5.2483,0.0000,0.0000,0.00,0,0.0000,20,1,0,0.0000,0.0000,0,-11.5137,0.0000,idle,4.7255,5.2483,4.7255,5.2483,5.2483,0.4000
TEL,32928,SAFE_DISABLED,-1.2227,1.7931,0.0000,0.0000,0.00,0,0.0000,0,1,0,0.0000,0.0000,0,-11.5137,0.0000,idle,-1.2227,1.7931,-1.2227,1.7931,1.7931,0.4000
TEL,33028,SAFE_DISABLED,-2.8722,-0.4172,0.0000,0.0000,0.00,0,0.0000,20,1,0,0.0000,0.0000,0,-11.5137,0.0000,idle,-2.8722,-0.4172,-2.8722,-0.4172,-0.4172,0.4000
TEL,33128,SAFE_DISABLED,-2.4631,-1.8215,0.0000,0.0000,0.00,0,0.0000,0,1,0,0.0000,0.0000,0,-11.5137,0.0000,idle,-2.4631,-1.8215,-2.4631,-1.8215,-1.8215,0.4000
TEL,33228,SAFE_DISABLED,-1.2227,-1.7766,0.0000,0.0000,0.00,0,0.0000,20,1,0,0.0000,0.0000,0,-11.5137,0.0000,idle,-1.2227,-1.7766,-1.2227,-1.7766,-1.7766,0.4000
TEL,33328,SAFE_DISABLED,1.8348,0.5275,0.0000,0.0000,0.00,0,0.0000,0,1,0,0.0000,0.0000,0,-11.5137,0.0000,idle,1.8348,0.5275,1.8348,0.5275,0.5275,0.4000
TEL,33428,SAFE_DISABLED,0.6856,0.7322,0.0000,0.0000,0.00,0,0.0000,20,1,0,0.0000,0.0000,0,-11.5137,0.0000,idle,0.6856,0.7322,0.6856,0.7322,0.7322,0.4000
TEL,33528,SAFE_DISABLED,-2.6659,-0.7732,0.0000,0.0000,0.00,0,0.0000,0,1,0,0.0000,0.0000,0,-11.4258,0.0000,idle,-2.6659,-0.7732,-2.6659,-0.7732,-0.7732,0.4000
TEL,33628,SAFE_DISABLED,-4.1864,-2.4187,0.0000,0.0000,0.00,0,0.0000,20,1,0,0.0000,0.0000,0,-11.4258,0.0000,idle,-4.1864,-2.4187,-4.1864,-2.4187,-2.4187,0.4000
TEL,33728,SAFE_DISABLED,-1.3136,-1.4718,0.0000,0.0000,0.00,0,0.0000,0,1,0,0.0000,0.0000,0,-11.5137,0.0000,idle,-1.3136,-1.4718,-1.3136,-1.4718,-1.4718,0.4000
TEL,33828,SAFE_DISABLED,-3.7331,-2.2347,0.0000,0.0000,0.00,0,0.0000,20,1,0,0.0000,0.0000,0,-11.5137,0.0000,idle,-3.7331,-2.2347,-3.7331,-2.2347,-2.2347,0.4000
TEL,33928,SAFE_DISABLED,-3.9577,-2.1691,0.0000,0.0000,0.00,0,0.0000,0,1,0,0.0000,0.0000,0,-11.5137,0.0000,idle,-3.9577,-2.1691,-3.9577,-2.1691,-2.1691,0.4000
TEL,34028,SAFE_DISABLED,-2.7686,-2.7246,0.0000,0.0000,0.00,0,0.0000,20,1,0,0.0000,0.0000,0,-11.5137,0.0000,idle,-2.7686,-2.7246,-2.7686,-2.7246,-2.7246,0.4000
TEL,34128,SAFE_DISABLED,0.4550,0.3943,0.0000,0.0000,0.00,0,0.0000,0,1,0,0.0000,0.0000,0,-11.5137,0.0000,idle,0.4550,0.3943,0.4550,0.3943,0.3943,0.4000
TEL,34228,SAFE_DISABLED,-0.1856,0.0460,0.0000,0.0000,0.00,0,0.0000,20,1,0,0.0000,0.0000,0,-11.3379,0.0000,idle,-0.1856,0.0460,-0.1856,0.0460,0.0460,0.4000
TEL,34328,SAFE_DISABLED,4.1657,2.0147,0.0000,0.0000,0.00,0,0.0000,0,1,0,0.0000,0.0000,0,-11.2500,0.0000,idle,4.1657,2.0147,4.1657,2.0147,2.0147,0.4000
TEL,34428,SAFE_DISABLED,3.1040,2.6674,0.0000,0.0000,0.00,0,0.0000,20,1,0,0.0000,0.0000,0,-11.1621,0.0000,idle,3.1040,2.6674,3.1040,2.6674,2.6674,0.4000
TEL,34528,SAFE_DISABLED,7.2639,4.1469,0.0000,0.0000,0.00,0,0.0000,0,1,0,0.0000,0.0000,0,-11.0742,0.0000,idle,7.2639,4.1469,7.2639,4.1469,4.1469,0.4000
TEL,34628,SAFE_DISABLED,3.2219,3.8286,0.0000,0.0000,0.00,0,0.0000,20,1,0,0.0000,0.0000,0,-10.9863,0.0000,idle,3.2219,3.8286,3.2219,3.8286,3.8286,0.4000
TEL,34728,SAFE_DISABLED,2.9846,3.2702,0.0000,0.0000,0.00,0,0.0000,0,1,0,0.0000,0.0000,0,-10.8105,0.0000,idle,2.9846,3.2702,2.9846,3.2702,3.2702,0.4000
TEL,34828,SAFE_DISABLED,3.6787,3.7087,0.0000,0.0000,0.00,0,0.0000,20,1,0,0.0000,0.0000,0,-10.9863,0.0000,idle,3.6787,3.7087,3.6787,3.7087,3.7087,0.4000
TEL,34928,SAFE_DISABLED,-3.7331,1.0983,0.0000,0.0000,0.00,0,0.0000,0,1,0,0.0000,0.0000,0,-11.1621,0.0000,idle,-3.7331,1.0983,-3.7331,1.0983,1.0983,0.4000
TEL,35028,SAFE_DISABLED,-2.9766,0.1947,0.0000,0.0000,0.00,0,0.0000,20,1,0,0.0000,0.0000,0,-11.2500,0.0000,idle,-2.9766,0.1947,-2.9766,0.1947,0.1947,0.4000
TEL,35128,SAFE_DISABLED,-4.6560,-2.8982,0.0000,0.0000,0.00,0,0.0000,0,1,0,0.0000,0.0000,0,-11.2500,0.0000,idle,-4.6560,-2.8982,-4.6560,-2.8982,-2.8982,0.4000
TEL,35228,SAFE_DISABLED,-1.4052,-2.9742,0.0000,0.0000,0.00,0,0.0000,20,1,0,0.0000,0.0000,0,-11.2500,0.0000,idle,-1.4052,-2.9742,-1.4052,-2.9742,-2.9742,0.4000
TEL,35328,SAFE_DISABLED,-4.6560,-3.9101,0.0000,0.0000,0.00,0,0.0000,0,1,0,0.0000,0.0000,0,-11.2500,0.0000,idle,-4.6560,-3.9101,-4.6560,-3.9101,-3.9101,0.4000
TEL,35428,SAFE_DISABLED,3.1040,-1.9877,0.0000,0.0000,0.00,0,0.0000,20,1,0,0.0000,0.0000,0,-11.3379,0.0000,idle,3.1040,-1.9877,3.1040,-1.9877,-1.9877,0.4000
TEL,35528,SAFE_DISABLED,-4.6560,-3.4983,0.0000,0.0000,0.00,0,0.0000,0,1,0,0.0000,0.0000,0,-11.2500,0.0000,idle,-4.6560,-3.4983,-4.6560,-3.4983,-3.4983,0.4000
TEL,35628,SAFE_DISABLED,2.0363,-2.1063,0.0000,0.0000,0.00,0,0.0000,20,1,0,0.0000,0.0000,0,-11.2500,0.0000,idle,2.0363,-2.1063,2.0363,-2.1063,-2.1063,0.4000
TEL,35728,SAFE_DISABLED,-5.0194,-3.5296,0.0000,0.0000,0.00,0,0.0000,0,1,0,0.0000,0.0000,0,-11.2500,0.0000,idle,-5.0194,-3.5296,-5.0194,-3.5296,-3.5296,0.4000
TEL,35828,SAFE_DISABLED,-4.8972,-4.1764,0.0000,0.0000,0.00,0,0.0000,20,1,0,0.0000,0.0000,0,-11.2500,0.0000,idle,-4.8972,-4.1764,-4.8972,-4.1764,-4.1764,0.4000
TEL,35928,SAFE_DISABLED,-4.4191,-3.8272,0.0000,0.0000,0.00,0,0.0000,0,1,0,0.0000,0.0000,0,-11.2500,0.0000,idle,-4.4191,-3.8272,-4.4191,-3.8272,-3.8272,0.4000
TEL,36028,SAFE_DISABLED,-5.2672,-4.4332,0.0000,0.0000,0.00,0,0.0000,20,1,0,0.0000,0.0000,0,-11.2500,0.0000,idle,-5.2672,-4.4332,-5.2672,-4.4332,-4.4332,0.4000
TEL,36128,SAFE_DISABLED,-4.3022,-3.1278,0.0000,0.0000,0.00,0,0.0000,0,1,0,0.0000,0.0000,0,-11.2500,0.0000,idle,-4.3022,-3.1278,-4.3022,-3.1278,-3.1278,0.4000
TEL,36228,SAFE_DISABLED,-1.9705,-2.9788,0.0000,0.0000,0.00,0,0.0000,20,1,0,0.0000,0.0000,0,-11.3379,0.0000,idle,-1.9705,-2.9788,-1.9705,-2.9788,-2.9788,0.4000
TEL,36328,SAFE_DISABLED,7.8687,0.2754,0.0000,0.0000,0.00,0,0.0000,80,1,2,0.0000,0.0000,0,-11.3379,0.0000,idle,7.8687,0.2754,7.8687,0.2754,0.2754,0.4000
TEL,36428,SAFE_DISABLED,7.8687,0.2754,0.0000,0.0000,0.00,0,0.0000,180,1,4,0.0000,0.0000,0,-11.3379,0.0000,idle,7.8687,0.2754,7.8687,0.2754,0.2754,0.4000
TEL,36528,SAFE_DISABLED,7.8687,0.2754,0.0000,0.0000,0.00,0,0.0000,280,1,7,0.0000,0.0000,0,-11.3379,0.0000,idle,7.8687,0.2754,7.8687,0.2754,0.2754,0.4000
TEL,36628,SAFE_DISABLED,7.8687,0.2754,0.0000,0.0000,0.00,0,0.0000,380,1,9,0.0000,0.0000,0,-11.3379,0.0000,idle,7.8687,0.2754,7.8687,0.2754,0.2754,0.4000
TEL,36728,SAFE_DISABLED,7.8687,0.2754,0.0000,0.0000,0.00,0,0.0000,480,1,12,0.0000,0.0000,0,-11.3379,0.0000,idle,7.8687,0.2754,7.8687,0.2754,0.2754,0.4000
TEL,36828,SAFE_DISABLED,7.8687,0.2754,0.0000,0.0000,0.00,0,0.0000,580,1,14,0.0000,0.0000,0,-11.2500,0.0000,idle,7.8687,0.2754,7.8687,0.2754,0.2754,0.4000
TEL,36928,SAFE_DISABLED,7.8687,0.2754,0.0000,0.0000,0.00,0,0.0000,680,1,17,0.0000,0.0000,0,-11.0742,0.0000,idle,7.8687,0.2754,7.8687,0.2754,0.2754,0.4000
TEL,37028,SAFE_DISABLED,7.8687,0.2754,0.0000,0.0000,0.00,0,0.0000,780,1,19,0.0000,0.0000,0,-11.1621,0.0000,idle,7.8687,0.2754,7.8687,0.2754,0.2754,0.4000
TEL,37128,SAFE_DISABLED,7.8687,0.2754,0.0000,0.0000,0.00,0,0.0000,880,1,22,0.0000,0.0000,0,-11.1621,0.0000,idle,7.8687,0.2754,7.8687,0.2754,0.2754,0.4000
TEL,37228,SAFE_DISABLED,7.8687,0.2754,0.0000,0.0000,0.00,0,0.0000,980,1,24,0.0000,0.0000,0,-11.1621,0.0000,idle,7.8687,0.2754,7.8687,0.2754,0.2754,0.4000
TEL,37328,SAFE_DISABLED,7.8687,0.2754,0.0000,0.0000,0.00,1,0.0000,1080,0,27,0.0000,0.0000,0,-11.1621,0.0000,idle,7.8687,0.2754,7.8687,0.2754,0.2754,0.4000
TEL,37428,SAFE_DISABLED,7.8687,0.2754,0.0000,0.0000,0.00,1,0.0000,1180,0,29,0.0000,0.0000,0,-11.1621,0.0000,idle,7.8687,0.2754,7.8687,0.2754,0.2754,0.4000
TEL,37528,SAFE_DISABLED,7.8687,0.2754,0.0000,0.0000,0.00,1,0.0000,1280,0,32,0.0000,0.0000,0,-11.1621,0.0000,idle,7.8687,0.2754,7.8687,0.2754,0.2754,0.4000
TEL,37628,SAFE_DISABLED,7.8687,0.2754,0.0000,0.0000,0.00,1,0.0000,1380,0,34,0.0000,0.0000,0,-11.1621,0.0000,idle,7.8687,0.2754,7.8687,0.2754,0.2754,0.4000
TEL,37728,SAFE_DISABLED,7.8687,0.2754,0.0000,0.0000,0.00,1,0.0000,1480,0,37,0.0000,0.0000,0,-11.1621,0.0000,idle,7.8687,0.2754,7.8687,0.2754,0.2754,0.4000
TEL,37828,SAFE_DISABLED,7.8687,0.2754,0.0000,0.0000,0.00,1,0.0000,1580,0,39,0.0000,0.0000,0,-11.1621,0.0000,idle,7.8687,0.2754,7.8687,0.2754,0.2754,0.4000
TEL,37928,SAFE_DISABLED,7.8687,0.2754,0.0000,0.0000,0.00,1,0.0000,1680,0,42,0.0000,0.0000,0,-11.1621,0.0000,idle,7.8687,0.2754,7.8687,0.2754,0.2754,0.4000
TEL,38028,SAFE_DISABLED,7.8687,0.2754,0.0000,0.0000,0.00,1,0.0000,1780,0,44,0.0000,0.0000,0,-11.1621,0.0000,idle,7.8687,0.2754,7.8687,0.2754,0.2754,0.4000
TEL,38128,SAFE_DISABLED,7.8687,0.2754,0.0000,0.0000,0.00,1,0.0000,1880,0,47,0.0000,0.0000,0,-11.1621,0.0000,idle,7.8687,0.2754,7.8687,0.2754,0.2754,0.4000
TEL,38228,SAFE_DISABLED,7.8687,0.2754,0.0000,0.0000,0.00,1,0.0000,1980,0,49,0.0000,0.0000,0,-11.1621,0.0000,idle,7.8687,0.2754,7.8687,0.2754,0.2754,0.4000
TEL,38328,SAFE_DISABLED,7.8687,0.2754,0.0000,0.0000,0.00,1,0.0000,2080,0,52,0.0000,0.0000,0,-11.2500,0.0000,idle,7.8687,0.2754,7.8687,0.2754,0.2754,0.4000
TEL,38428,SAFE_DISABLED,7.9960,2.5916,0.0000,0.0000,0.00,0,0.0000,20,1,0,0.0000,0.0000,0,-11.2500,0.0000,idle,7.9960,2.5916,7.9960,2.5916,2.5916,0.4000
TEL,38528,SAFE_DISABLED,-1.6844,1.1558,0.0000,0.0000,0.00,0,0.0000,0,1,0,0.0000,0.0000,0,-11.2500,0.0000,idle,-1.6844,1.1558,-1.6844,1.1558,1.1558,0.4000
TEL,38628,SAFE_DISABLED,-2.4631,-0.3916,0.0000,0.0000,0.00,0,0.0000,20,1,0,0.0000,0.0000,0,-11.2500,0.0000,idle,-2.4631,-0.3916,-2.4631,-0.3916,-0.3916,0.4000
TEL,38728,SAFE_DISABLED,-3.6222,-2.4819,0.0000,0.0000,0.00,0,0.0000,0,1,0,0.0000,0.0000,0,-11.2500,0.0000,idle,-3.6222,-2.4819,-3.6222,-2.4819,-2.4819,0.4000
TEL,38828,SAFE_DISABLED,-1.2227,-0.4805,0.0000,0.0000,0.00,0,0.0000,20,1,0,0.0000,0.0000,0,-11.2500,0.0000,idle,-1.2227,-0.4805,-1.2227,-0.4805,-0.4805,0.4000
TEL,38928,SAFE_DISABLED,-3.5123,-2.3024,0.0000,0.0000,0.00,0,0.0000,0,1,0,0.0000,0.0000,0,-11.2500,0.0000,idle,-3.5123,-2.3024,-3.5123,-2.3024,-2.3024,0.4000
TEL,39028,SAFE_DISABLED,-3.6222,-2.9755,0.0000,0.0000,0.00,0,0.0000,20,1,0,0.0000,0.0000,0,-11.2500,0.0000,idle,-3.6222,-2.9755,-3.6222,-2.9755,-2.9755,0.4000
TEL,39128,SAFE_DISABLED,-4.1864,-3.5696,0.0000,0.0000,0.00,0,0.0000,0,1,0,0.0000,0.0000,0,-11.3379,0.0000,idle,-4.1864,-3.5696,-4.1864,-3.5696,-3.5696,0.4000
TEL,39228,SAFE_DISABLED,-4.0715,-3.8256,0.0000,0.0000,0.00,0,0.0000,20,1,0,0.0000,0.0000,0,-11.2500,0.0000,idle,-4.0715,-3.8256,-4.0715,-3.8256,-3.8256,0.4000
TEL,39328,SAFE_DISABLED,-4.0715,-3.9211,0.0000,0.0000,0.00,0,0.0000,0,1,0,0.0000,0.0000,0,-11.2500,0.0000,idle,-4.0715,-3.9211,-4.0715,-3.9211,-3.9211,0.4000
TEL,39428,SAFE_DISABLED,-4.0715,-3.9978,0.0000,0.0000,0.00,0,0.0000,20,1,0,0.0000,0.0000,0,-11.2500,0.0000,idle,-4.0715,-3.9978,-4.0715,-3.9978,-3.9978,0.4000
TEL,39528,SAFE_DISABLED,-4.0715,-4.0463,0.0000,0.0000,0.00,0,0.0000,0,1,0,0.0000,0.0000,0,-11.2500,0.0000,idle,-4.0715,-4.0463,-4.0715,-4.0463,-4.0463,0.4000
TEL,39628,SAFE_DISABLED,-4.0715,-3.9648,0.0000,0.0000,0.00,0,0.0000,20,1,0,0.0000,0.0000,0,-11.2500,0.0000,idle,-4.0715,-3.9648,-4.0715,-3.9648,-3.9648,0.4000
TEL,39728,SAFE_DISABLED,-4.1864,-4.0935,0.0000,0.0000,0.00,0,0.0000,0,1,0,0.0000,0.0000,0,-11.2500,0.0000,idle,-4.1864,-4.0935,-4.1864,-4.0935,-4.0935,0.4000
TEL,39828,SAFE_DISABLED,-4.1864,-4.1409,0.0000,0.0000,0.00,0,0.0000,20,1,0,0.0000,0.0000,0,-11.2500,0.0000,idle,-4.1864,-4.1409,-4.1864,-4.1409,-4.1409,0.4000
TEL,39928,SAFE_DISABLED,-4.0715,-4.1363,0.0000,0.0000,0.00,0,0.0000,0,1,0,0.0000,0.0000,0,-11.2500,0.0000,idle,-4.0715,-4.1363,-4.0715,-4.1363,-4.1363,0.4000
TEL,40028,SAFE_DISABLED,-4.1864,-4.1618,0.0000,0.0000,0.00,0,0.0000,20,1,0,0.0000,0.0000,0,-11.2500,0.0000,idle,-4.1864,-4.1618,-4.1864,-4.1618,-4.1618,0.4000
TEL,40128,SAFE_DISABLED,-4.1864,-4.1780,0.0000,0.0000,0.00,0,0.0000,0,1,0,0.0000,0.0000,0,-11.2500,0.0000,idle,-4.1864,-4.1780,-4.1864,-4.1780,-4.1780,0.4000
TEL,40228,SAFE_DISABLED,-4.1864,-4.1581,0.0000,0.0000,0.00,0,0.0000,20,1,0,0.0000,0.0000,0,-11.2500,0.0000,idle,-4.1864,-4.1581,-4.1864,-4.1581,-4.1581,0.4000
TEL,40328,SAFE_DISABLED,-4.1864,-4.1598,0.0000,0.0000,0.00,0,0.0000,0,1,0,0.0000,0.0000,0,-11.2500,0.0000,idle,-4.1864,-4.1598,-4.1864,-4.1598,-4.1598,0.4000
TEL,40428,SAFE_DISABLED,-4.0715,-4.1389,0.0000,0.0000,0.00,0,0.0000,20,1,0,0.0000,0.0000,0,-11.2500,0.0000,idle,-4.0715,-4.1389,-4.0715,-4.1389,-4.1389,0.4000
TEL,40528,SAFE_DISABLED,-4.4191,-4.2158,0.0000,0.0000,0.00,0,0.0000,0,1,0,0.0000,0.0000,0,-11.2500,0.0000,idle,-4.4191,-4.2158,-4.4191,-4.2158,-4.2158,0.4000
OK,stopped
