BALL_BEAM_REF_BOOT
HOST_START_READY
REF_CFG,profile=center_far_near_90s,center_cm=13.0000,near_cm=9.0000,far_cm=17.0000,segment_ms=30000
REF,6043,13.0000,hold_center
TEL,6046,7.5197,8.1325,4.8362,0.0000,0,0.000000
TEL,6146,6.4909,8.1325,4.8362,0.0000,0,0.000000
TEL,6246,8.0412,8.0838,4.8972,-96.0000,55,0.107992
TEL,6346,8.1938,8.0942,4.9162,-147.6555,139,0.272926
TEL,6446,8.2721,8.1250,4.8963,-146.7409,147,0.288634
TEL,6546,6.5417,8.1358,4.8750,-145.8474,146,0.286670
TEL,6646,8.0562,8.1170,4.8785,-146.2659,146,0.286670
TEL,6746,8.2093,8.1268,4.8789,-146.1878,146,0.286670
TEL,6846,8.2879,8.1506,4.8585,-145.3809,145,0.284707
TEL,6946,7.2261,8.1582,4.8418,-144.7716,145,0.284707
TEL,7046,8.1474,8.1391,4.8705,-146.1805,146,0.286670
TEL,7146,8.2879,8.1509,4.8583,-145.7220,146,0.286670
TEL,7246,8.3358,8.1622,4.8384,-144.8282,145,0.284707
TEL,7346,7.2385,8.1622,4.8384,-144.8282,145,0.284707
TEL,7446,8.1321,8.1257,4.8634,-146.0349,146,0.286670
TEL,7546,8.2721,8.1409,4.8743,-146.3089,146,0.286670
TEL,7646,8.3518,8.1652,4.8483,-145.1953,145,0.284707
TEL,7746,7.5865,8.1344,4.8253,-144.3232,144,0.282743
TEL,7846,8.1474,8.1262,4.8656,-146.2351,146,0.286670
TEL,7946,8.3038,8.1393,4.8857,-147.1010,147,0.288634
TEL,8046,8.3518,8.1679,4.8607,-145.8218,146,0.286670
TEL,8146,7.7653,8.1470,4.8217,-144.3537,144,0.282743
TEL,8246,8.1321,8.1412,4.8530,-145.8235,146,0.286670
TEL,8346,8.3198,8.1469,4.8792,-147.1279,147,0.288634
TEL,8446,8.3518,8.1765,4.8531,-145.7164,146,0.286670
TEL,8546,7.9816,8.1728,4.8109,-144.0652,144,0.282743
TEL,8646,8.2249,8.1759,4.8272,-144.8596,145,0.284707
TEL,8747,8.3198,8.1977,4.8195,-144.4847,144,0.282743
TEL,8847,7.1050,8.2070,4.8023,-143.7440,144,0.282743
TEL,8947,7.9229,8.1525,4.8281,-145.0160,145,0.284707
TEL,9047,8.2093,8.1508,4.8541,-145.9316,146,0.286670
TEL,9147,8.3198,8.1799,4.8309,-144.8486,145,0.284707
TEL,9247,6.7633,8.1923,4.8077,-143.8242,144,0.282743
TEL,9347,7.9375,8.1393,4.8426,-145.3195,145,0.284707
TEL,9447,8.2406,8.1454,4.8626,-145.9609,146,0.286670
TEL,9547,8.3358,8.1799,4.8327,-144.7219,145,0.284707
TEL,9647,7.0694,8.1928,4.8072,-143.6643,144,0.282743
TEL,9747,7.9521,8.1400,4.8425,-145.2173,145,0.284707
TEL,9847,8.1783,8.1389,4.8646,-146.0264,146,0.286670
TEL,9947,8.2563,8.1622,4.8452,-145.1874,145,0.284707
TEL,10047,6.6986,8.1711,4.8289,-144.4923,144,0.282743
TEL,10147,7.9521,8.1249,4.8603,-145.8391,146,0.286670
TEL,10247,8.1474,8.1260,4.8757,-146.3124,146,0.286670
TEL,10347,8.3198,8.1512,4.8609,-145.6446,146,0.286670
TEL,10447,6.7308,8.1647,4.8353,-144.5411,145,0.284707
TEL,10547,8.0562,8.1365,4.8570,-145.5489,146,0.286670
TEL,10647,8.3518,8.1575,4.8571,-145.4163,145,0.284707
TEL,10747,8.6682,8.2430,4.7948,-142.9346,143,0.280780
TEL,10847,6.8738,8.2866,4.7134,-139.5032,140,0.274889
TEL,10947,8.5998,8.2719,4.7670,-141.5072,142,0.278816
TEL,11047,9.0821,8.4314,4.6624,-136.9229,137,0.268999
TEL,11147,9.5136,8.8641,4.2962,-122.6294,123,0.241510
TEL,11247,9.7012,9.1876,3.9675,-109.7433,110,0.215984
TEL,11347,10.0978,9.6335,3.5119,-94.3355,94,0.184569
TEL,11447,10.2368,9.8653,3.2453,-86.0235,86,0.168861
TEL,11547,10.5256,10.1629,2.9328,-77.0701,77,0.151189
TEL,11648,10.8559,10.3980,2.7219,-70.5726,71,0.139408
TEL,11748,11.0418,10.6924,2.3982,-60.9681,61,0.119773
TEL,11848,11.2338,10.8787,2.2100,-55.6682,56,0.109956
TEL,11948,11.3747,11.1069,1.9557,-27.9968,31,0.060868
TEL,12048,11.5189,11.2418,1.8186,-26.0809,26,0.051051
TEL,12148,11.6071,11.3663,1.6773,-25.5408,26,0.051051
TEL,12248,11.5189,11.4030,1.6153,-26.6338,27,0.053014
TEL,12348,11.3747,11.4147,1.5804,-28.0163,28,0.054978
TEL,12448,11.4033,11.4127,1.5864,-30.1256,30,0.058905
TEL,12548,11.1508,11.3717,1.6090,-32.4783,32,0.062832
TEL,12648,11.0418,11.3158,1.6576,-35.6408,36,0.070686
TEL,12748,10.7522,11.1781,1.7692,-40.3657,40,0.078540
TEL,12848,10.4520,11.0140,1.8973,-46.0010,46,0.090321
TEL,12948,10.0978,10.3757,2.5351,-80.5826,74,0.145299
TEL,13048,9.7653,10.1781,2.7117,-87.0809,87,0.170824
TEL,13148,7.5597,9.4007,3.0848,-100.0377,100,0.196350
TEL,13248,8.3358,9.0574,3.9426,-128.8898,116,0.227765
TEL,13348,8.5828,8.7774,4.1593,-134.7054,135,0.265072
TEL,13448,7.9816,8.5940,4.2612,-136.0293,136,0.267035
TEL,13548,6.8292,8.5040,4.4960,-141.9534,141,0.276853
TEL,13648,7.7935,8.3808,4.6192,-144.8027,145,0.284707
TEL,13748,8.3841,8.3194,4.6927,-145.6487,146,0.286670
TEL,13848,8.6168,8.3786,4.6214,-141.0804,141,0.276853
TEL,13948,6.8514,8.4696,4.5304,-136.3278,137,0.268999
TEL,14048,8.5998,8.4258,4.5742,-136.6709,137,0.268999
TEL,14148,9.3722,8.7112,4.4164,-129.3888,129,0.253291
TEL,14248,9.6801,9.0393,3.9607,-111.7776,116,0.227765
TEL,14348,8.7376,8.8793,4.0659,-125.0136,123,0.241510
TEL,14448,9.9179,9.2527,3.9575,-116.2339,116,0.227765
TEL,14548,10.6252,10.0254,3.2210,-87.3720,100,0.196350
TEL,14648,10.9614,10.4651,2.7389,-68.8195,73,0.143335
TEL,14748,11.1783,10.4452,2.9894,-98.4403,85,0.166897
TEL,14848,11.2338,10.7777,2.4218,-75.1090,83,0.162970
TEL,14948,11.9102,11.4001,1.7955,-34.0716,59,0.115846
TEL,15048,12.1635,11.7448,1.4093,-19.6600,22,0.043197
TEL,15148,11.1783,11.0856,1.9557,-44.9963,35,0.068722
TEL,15248,12.2610,11.5178,1.7333,-31.9594,34,0.066759
TEL,15348,12.8782,12.2760,0.9705,-7.5745,17,0.033379
TEL,15448,13.0232,12.6005,0.5582,4.3626,-3,-0.005890
TEL,15548,12.1635,11.8218,1.3566,-32.0328,11,0.021598
TEL,15648,12.8424,12.2973,0.9338,-12.6155,18,0.035343
TEL,15748,13.2465,12.8598,0.2901,7.7309,-2,-0.003927
TEL,15848,10.2839,12.3237,0.0191,14.2691,-14,-0.027489
TEL,15948,13.0599,12.1407,1.4528,-7.7363,1,0.001963
TEL,16048,12.9867,12.6369,0.5584,17.3620,-7,-0.013744
TEL,16148,13.0969,12.9303,0.1231,21.0430,-21,-0.041233
TEL,16248,9.7225,12.3554,0.0186,18.2231,-18,-0.035343
TEL,16348,12.4944,12.0774,1.0954,-7.9326,-2,-0.003927
TEL,16448,12.5284,12.2760,0.8079,-1.8116,2,0.003927
TEL,16548,12.4269,12.3712,0.6409,-2.1003,2,0.003927
TEL,16648,9.0633,11.2911,0.9756,-28.8696,18,0.035343
TEL,16748,11.6665,11.2448,1.8939,-48.9169,44,0.086394
TEL,16848,11.4033,11.3078,1.7171,-42.0016,42,0.082467
TEL,16948,10.9881,11.2477,1.7107,-41.7561,42,0.082467
TEL,17048,7.8077,10.1006,2.1403,-78.4975,58,0.113883
TEL,17148,9.7869,9.8099,3.1819,-107.6696,95,0.186532
TEL,17248,9.5341,9.7408,3.2131,-106.3907,106,0.208131
TEL,17348,9.0075,9.4988,3.3992,-112.1225,112,0.219911
TEL,17448,7.4933,9.4988,3.3992,-112.1225,112,0.219911
TEL,17548,7.9964,8.6499,3.7884,-124.3284,124,0.243473
TEL,17648,8.2249,8.4105,4.3501,-146.1064,146,0.286670
TEL,17748,8.7376,8.4867,4.6033,-150.1955,150,0.294524
TEL,17848,6.7742,8.4867,4.5133,-143.0475,144,0.282743
TEL,17948,9.2932,8.6737,4.5084,-141.1967,141,0.276853
TEL,18048,9.8085,9.0224,4.3263,-131.3426,131,0.257218
TEL,18148,10.4277,9.7402,3.7569,-108.0116,108,0.212057
TEL,18248,9.4323,9.2978,3.2598,-87.5909,88,0.172788
TEL,18348,11.0689,10.3121,3.4393,-88.8583,89,0.174751
TEL,18448,11.6071,11.0063,2.6879,-60.4062,60,0.117810
TEL,18548,9.6801,10.9549,1.7324,-5.0705,8,0.015708
TEL,18648,11.0689,10.5458,2.0451,-62.6588,54,0.106029
TEL,18748,12.6662,12.0148,1.8342,-15.0166,27,0.053014
TEL,18848,12.9503,12.5704,0.9852,13.6181,-14,-0.027489
TEL,18948,10.0978,12.1489,0.2645,26.0542,-26,-0.051051
TEL,19048,12.7361,12.1490,0.8511,-29.5648,28,0.054978
TEL,19148,13.5555,13.0855,0.8510,-13.3764,13,0.025525
TEL,19248,13.7554,13.4245,-0.0855,8.3276,-8,-0.015708
TEL,19348,9.8520,12.7858,-0.5656,23.9880,-24,-0.047124
TEL,19448,13.0599,13.0105,0.2142,-31.6848,30,0.058905
TEL,19548,13.7150,13.4160,-0.1711,-1.6528,2,0.003927
TEL,19648,14.0448,13.6797,-0.4160,9.6529,-10,-0.019635
TEL,19748,11.3179,12.5758,-0.7334,21.0772,-21,-0.041233
TEL,19848,13.1340,12.9980,0.4242,-36.3226,32,0.062832
TEL,19948,13.6748,13.3300,-0.1228,-3.5524,5,0.009817
TEL,20048,13.7150,13.4711,-0.3300,-0.5031,1,0.001963
TEL,20148,13.6348,13.5368,-0.4951,13.1630,-13,-0.025525
TEL,20248,13.6748,13.5665,-0.5368,15.2544,-15,-0.029452
TEL,20348,13.2844,13.5241,-0.5557,15.8166,-16,-0.031416
TEL,20448,13.2088,13.4771,-0.5241,14.5142,-15,-0.029452
TEL,20548,12.8424,13.3321,-0.4454,11.8063,-12,-0.023562
TEL,20648,12.6315,13.1755,-0.3321,-0.1432,0,0.000000
TEL,20748,12.2283,12.7991,-0.0641,-2.2792,2,0.003927
TEL,20848,11.9413,12.4919,0.2009,-16.3218,16,0.031416
TEL,20948,11.5189,12.0141,0.6488,-29.1925,29,0.056941
TEL,21048,11.0149,11.6329,0.9859,-39.2801,39,0.076576
TEL,21148,10.4520,10.9989,1.5827,-56.7612,57,0.111919
TEL,21248,9.9847,10.5523,2.0011,-76.6025,77,0.151189
TEL,21348,9.2932,9.9085,2.6498,-97.2327,97,0.190459
TEL,21448,8.9523,9.4940,3.0915,-112.2192,112,0.219911
TEL,21548,8.3841,8.8986,3.7102,-131.1763,131,0.257218
TEL,21648,8.1938,8.5824,4.1014,-142.8532,143,0.280780
TEL,21748,8.5491,8.5024,4.4872,-150.8730,151,0.296488
TEL,21848,8.8977,8.5954,4.4976,-146.3467,146,0.286670
TEL,21948,9.3722,8.8497,4.3414,-136.7049,137,0.268999
TEL,22048,7.8938,8.7682,4.1503,-126.2567,126,0.247400
TEL,22148,9.7225,8.9606,4.5175,-145.0422,145,0.284707
TEL,22248,10.6504,9.8060,4.0394,-120.0033,120,0.235619
TEL,22348,11.4608,10.8408,2.8230,-73.3489,74,0.145299
TEL,22448,9.2736,10.5251,2.1592,-47.5504,48,0.094248
TEL,22548,11.8484,11.0051,2.6982,-75.1206,75,0.147262
TEL,22648,12.5626,11.8228,1.9949,-20.2713,23,0.045160
TEL,22748,13.4381,12.8633,0.7990,15.4736,-15,-0.029452
TEL,22848,9.8739,12.0956,0.1367,33.6160,-34,-0.066759
TEL,22948,13.7150,12.8564,0.8739,8.1565,-8,-0.015708
TEL,23048,14.2584,13.5945,0.1436,33.8911,-34,-0.066759
TEL,23148,14.8430,14.3526,-0.9150,47.4172,-47,-0.092284
TEL,23248,11.9413,12.7109,-1.3526,59.5055,-60,-0.117810
TEL,23348,14.5678,13.8030,0.0258,37.8433,-38,-0.074613
TEL,23448,14.8899,14.4073,-0.8030,46.9087,-47,-0.092284
TEL,23548,15.0320,14.7719,-1.5788,67.3282,-67,-0.131554
TEL,23648,12.6662,13.2828,-1.7719,69.3205,-69,-0.135481
TEL,23748,14.1295,13.6659,-0.3290,22.3991,-23,-0.045160
TEL,23848,14.1295,13.9204,-0.6659,32.6640,-33,-0.064795
TEL,23948,11.1508,13.4788,-0.9491,38.1445,-38,-0.074613
TEL,24048,12.1958,12.6590,-0.4788,11.3177,-11,-0.021598
TEL,24148,12.7361,12.6920,0.3501,-12.6032,13,0.025525
TEL,24248,12.4944,12.6635,0.3080,-0.2075,0,0.000000
TEL,24348,9.0633,12.0577,0.3703,-12.0207,12,0.023562
TEL,24448,11.2338,11.4806,0.9423,-45.3689,45,0.088357
TEL,24548,10.7522,11.0606,1.6982,-62.7238,63,0.123700
TEL,24648,10.2603,10.7746,1.9394,-65.3886,65,0.127627
TEL,24748,7.4540,10.4531,2.3741,-86.4733,86,0.168861
TEL,24848,8.7028,9.5090,3.0794,-111.3855,111,0.217948
TEL,24948,8.3038,8.7718,3.8172,-137.5290,138,0.270962
TEL,25048,8.0864,8.4627,4.3963,-153.2160,153,0.300415
TEL,25148,6.6666,8.4020,4.5980,-154.9973,155,0.304342
TEL,25248,8.5828,8.3377,4.7333,-155.5539,156,0.306305
TEL,25348,9.4323,8.7933,4.5540,-143.2934,143,0.280780
TEL,25448,9.9624,9.2420,4.0040,-119.1709,119,0.233656
TEL,25548,8.9523,9.3632,3.5172,-98.0350,98,0.192423
TEL,25648,10.5009,9.7063,3.5155,-96.7344,97,0.190459
TEL,25748,11.6071,10.7743,2.9828,-74.4384,74,0.145299
TEL,25848,12.0040,11.4010,1.9018,-11.8098,27,0.053014
TEL,25948,10.6757,10.8689,1.3392,3.0526,-3,-0.005890
TEL,26048,12.4944,11.6609,1.7561,0.5908,-1,-0.001963
TEL,26148,13.5161,12.9348,0.8859,27.8857,-28,-0.054978
TEL,26248,13.9610,13.4594,-0.2118,29.1055,-29,-0.056941
TEL,26348,12.5969,12.0609,0.3782,-11.8211,8,0.015708
TEL,26448,13.8781,13.1909,0.3168,17.1018,-16,-0.031416
TEL,26548,14.7042,14.2716,-0.6755,39.0891,-39,-0.076576
TEL,26648,14.8430,14.5475,-1.4279,59.6147,-60,-0.117810
TEL,26748,13.7554,13.7233,-0.6150,10.4353,-18,-0.035343
TEL,26848,14.7042,14.0457,-0.8441,22.1779,-22,-0.043197
TEL,26948,14.9370,14.5275,-1.2342,38.8085,-39,-0.076576
TEL,27048,14.9843,14.6770,-1.5926,50.4409,-50,-0.098175
TEL,27148,13.7554,13.4680,-0.7917,6.6750,-12,-0.023562
TEL,27248,14.2152,13.8684,-0.7125,14.4126,-14,-0.027489
TEL,27348,14.2152,14.0939,-0.9774,26.6819,-27,-0.053014
TEL,27448,10.0978,13.4364,-1.1009,31.2874,-31,-0.060868
TEL,27548,13.0232,12.7834,0.3053,-32.7126,16,0.031416
TEL,27648,13.0969,12.9092,0.1456,-24.6384,25,0.049087
TEL,27748,12.8068,12.9160,0.0677,-15.8545,16,0.031416
TEL,27848,9.0633,11.7463,0.4250,-34.3155,34,0.066759
TEL,27948,11.4898,11.4670,1.5419,-64.1235,64,0.125664
TEL,28048,11.5775,11.5058,1.5099,-53.8188,54,0.106029
TEL,28148,11.0961,11.4115,1.5149,-48.9487,49,0.096211
TEL,28248,8.0262,10.8540,1.6579,-50.6189,51,0.100138
TEL,28348,9.8520,10.1940,2.4821,-90.8306,88,0.172788
TEL,28448,9.6170,9.9844,2.9015,-101.4805,101,0.198313
TEL,28548,9.1198,9.6107,3.1272,-107.3276,107,0.210094
TEL,28648,7.6956,9.1809,3.8191,-130.9426,121,0.237583
TEL,28748,8.2879,8.5141,4.3879,-149.5337,144,0.282743
TEL,28848,8.1168,8.3478,4.6522,-154.3920,154,0.302378
TEL,28948,8.5491,8.3697,4.6642,-150.2181,150,0.294524
TEL,29048,6.7416,8.3697,4.6642,-150.2181,150,0.294524
TEL,29148,9.0821,8.5396,4.6085,-144.6253,145,0.284707
TEL,29248,9.5547,8.8300,4.4604,-135.7843,136,0.267035
TEL,29348,10.1208,9.4052,4.1700,-121.9041,122,0.239546
TEL,29448,9.3922,9.4497,3.5948,-98.9472,99,0.194386
TEL,29548,10.9881,10.0724,3.4133,-92.1402,92,0.180642
TEL,29648,11.4608,10.6985,2.9276,-72.4560,72,0.141372
TEL,29748,12.0673,11.5714,1.9585,-11.9128,16,0.031416
TEL,29848,12.4944,12.0070,1.4286,0.9138,-1,-0.001963
TEL,29948,13.0232,12.5479,0.8150,12.7897,-13,-0.025525
TEL,30048,13.3608,12.9136,0.4521,19.4530,-19,-0.037306
TEL,30148,13.6348,13.2995,-0.0490,14.8567,-15,-0.029452
TEL,30248,13.7554,13.4883,-0.2995,20.8289,-21,-0.041233
TEL,30348,14.1295,13.7514,-0.5942,28.5507,-29,-0.056941
TEL,30448,14.1295,13.8884,-0.7514,32.1370,-32,-0.062832
TEL,30548,14.3018,14.0766,-0.9699,37.6950,-38,-0.074613
TEL,30648,14.1295,14.1283,-1.0766,39.4518,-39,-0.076576
TEL,30748,13.9610,14.1235,-1.1403,39.5733,-40,-0.078540
TEL,30848,14.0027,14.0947,-1.1235,37.0925,-37,-0.072649
TEL,30948,13.6348,13.9857,-1.0647,33.7153,-34,-0.066759
TEL,31048,13.3608,13.8559,-0.9857,29.9245,-30,-0.058905
TEL,31148,12.8068,13.5083,-0.7658,21.2960,-21,-0.041233
TEL,31248,12.4606,13.1331,-0.5083,10.8873,-11,-0.021598
TEL,31348,11.8177,12.4570,0.0949,-18.0890,18,0.035343
TEL,31448,11.3747,11.9790,0.5430,-33.4919,33,0.064795
TEL,31548,10.6252,11.2302,1.2518,-52.8221,53,0.104065
TEL,31648,10.0297,10.6955,1.7698,-67.8747,68,0.133518
TEL,31748,8.6855,9.4410,3.0479,-126.4598,107,0.210094
TEL,31848,8.5828,8.9434,3.5590,-139.0891,139,0.272926
TEL,31948,8.1474,8.5122,4.2207,-154.3930,154,0.302378
TEL,32048,8.2721,8.3921,4.4878,-158.1379,158,0.310232
TEL,32148,8.2249,8.3597,4.6403,-153.3586,154,0.302378
TEL,32248,8.9158,8.4792,4.5208,-143.3409,149,0.292561
TEL,32348,9.7225,8.9811,4.0189,-120.2627,139,0.272926
TEL,32448,10.2134,9.4967,3.5033,-97.3678,116,0.227765
TEL,32548,10.9614,9.6115,3.8737,-109.1466,101,0.198313
TEL,32648,11.2060,10.4217,2.5783,-60.3678,105,0.206167
TEL,32748,12.1313,11.5155,1.4845,-0.1956,58,0.113883
TEL,32848,12.5626,12.0225,0.9775,12.5175,-3,-0.005890
TEL,32948,13.2844,12.1600,1.5320,6.1516,-9,-0.017671
TEL,33048,13.3225,12.8239,0.1761,37.4714,-10,-0.019635
TEL,33148,13.8781,13.5526,-0.4027,32.0668,-33,-0.064795
TEL,33248,11.7872,13.2052,-0.2052,-0.0009,-28,-0.054978
TEL,33348,13.9194,13.3813,-0.3813,19.0822,-4,-0.007854
TEL,33448,14.9370,14.1528,-1.1528,48.4254,-23,-0.045160
TEL,33548,14.9843,14.8122,-1.7306,68.0277,-52,-0.102102
TEL,33648,10.1901,12.4479,0.5521,4.0277,-64,-0.125664
TEL,33748,15.6264,14.5282,-0.6901,18.3046,-5,-0.009817
TEL,33848,15.4235,15.1013,-2.1013,77.9494,-22,-0.043197
TEL,33948,15.3735,15.2517,-2.2517,83.3494,-80,-0.157080
TEL,34048,12.4269,13.6708,-0.6708,19.3494,-79,-0.155116
TEL,34148,14.2584,13.8877,-0.8877,19.9129,-20,-0.039270
TEL,34248,14.3895,14.1210,-1.1210,30.8350,-24,-0.047124
TEL,34348,11.0961,13.6031,-0.6031,4.7759,-27,-0.053014
TEL,34448,12.1958,12.5715,0.4285,-39.5743,-1,-0.001963
TEL,34548,12.7361,12.7064,0.2936,-27.6031,38,0.074613
TEL,34648,12.4606,12.6657,0.3343,-24.1560,25,0.049087
TEL,34748,9.3922,12.0321,0.9679,-54.8383,28,0.054978
TEL,34848,10.6001,10.8082,2.1918,-86.5919,59,0.115846
TEL,34948,10.6252,10.7567,2.2433,-83.2052,84,0.164934
TEL,35048,10.1901,10.6041,2.3959,-85.8325,86,0.168861
TEL,35148,7.3385,10.3328,2.3959,-85.8325,86,0.168861
TEL,35248,8.4659,9.4711,3.0976,-109.5859,110,0.215984
TEL,35348,8.3358,8.7575,3.8369,-135.8082,136,0.267035
TEL,35448,8.1321,8.4649,4.4120,-151.9906,152,0.298451
TEL,35548,6.6561,8.4036,4.5910,-153.3456,153,0.300415
TEL,35648,8.4494,8.3412,4.6829,-152.8791,153,0.300415
TEL,35748,9.3922,8.6996,4.5798,-143.9892,144,0.282743
TEL,35848,9.9401,9.1470,4.0992,-121.9362,122,0.239546
TEL,35948,8.9706,9.3284,3.5892,-99.3961,99,0.194386
REF,36040,17.0000,hold_far
TEL,36048,10.4277,9.8767,3.6716,-107.2562,107,0.210094
TEL,36148,11.6965,10.9275,6.8140,-193.5167,157,0.308269
TEL,36248,12.1313,11.5805,5.7070,-152.9830,184,0.361283
TEL,36348,11.4033,11.1783,5.1423,-133.3325,133,0.261145
TEL,36448,13.0969,12.0748,5.4565,-138.3070,138,0.270962
TEL,36548,14.3018,13.5942,4.4245,-100.2962,102,0.200277
TEL,36648,12.0356,13.2850,2.9402,-51.7317,58,0.113883
TEL,36748,14.1295,13.4390,2.7627,-29.6226,30,0.058905
TEL,36848,15.8343,15.0765,2.6528,-15.5940,16,0.031416
TEL,36948,17.0154,16.4676,1.3497,21.6103,-20,-0.039270
TEL,37048,11.5189,14.9547,0.1747,49.3383,-49,-0.096211
TEL,37148,16.3213,15.8937,3.8283,-46.6617,1,0.001963
TEL,37248,17.3833,15.9877,1.1063,-22.0676,42,0.082467
TEL,37348,18.0304,17.7068,-0.0467,25.5552,-21,-0.041233
TEL,37448,13.5950,16.0277,-0.7068,46.7977,-47,-0.092284
TEL,37548,16.7197,15.8445,3.3328,-49.2023,3,0.005890
TEL,37648,17.1364,16.9692,1.1555,-36.0275,44,0.086394
TEL,37748,17.2591,17.2313,-0.1216,-0.4622,3,0.005890
TEL,37848,11.8484,16.2595,-0.2635,-0.4622,0,0.000000
TEL,37948,15.9401,15.6481,1.6082,-70.9227,48,0.094248
TEL,38048,16.3771,15.9802,1.1715,-46.3065,53,0.104065
TEL,38148,16.1015,16.0432,0.9598,-35.5578,36,0.070686
TEL,38248,10.2368,13.4129,1.7738,-81.6016,76,0.149226
TEL,38348,14.6585,14.3045,3.2805,-110.1407,110,0.215984
TEL,38448,14.8899,14.6241,2.4897,-77.3917,78,0.153153
TEL,38548,11.8177,14.1454,2.3427,-71.4630,71,0.139408
TEL,38648,12.9142,12.9613,3.9970,-153.5904,121,0.237583
TEL,38748,14.0448,13.6644,3.6265,-121.2679,142,0.278816
TEL,38848,14.0448,13.8352,3.2324,-103.1195,103,0.202240
TEL,38948,10.8038,13.3732,3.1008,-95.7672,96,0.188496
TEL,39048,12.8068,12.7690,4.2549,-147.7295,139,0.272926
TEL,39148,13.9194,13.4267,3.9838,-126.9691,127,0.249364
TEL,39248,14.2152,13.7513,3.4139,-103.3577,103,0.202240
TEL,39348,14.4781,14.0880,3.1296,-91.3209,91,0.178678
TEL,39448,14.6585,14.2844,2.8161,-80.0680,80,0.157080
TEL,39548,15.0320,14.5703,2.6380,-73.9235,74,0.145299
TEL,39648,15.2254,14.7757,2.3363,-63.8487,64,0.125664
TEL,39748,15.4235,15.0685,2.1329,-57.0646,57,0.111919
TEL,39848,15.6264,15.2413,1.8509,-48.4232,48,0.094248
TEL,39948,15.9401,15.4744,1.6844,-43.4774,43,0.084430
TEL,40048,15.7297,15.5751,1.4588,-37.5488,38,0.074613
TEL,40148,16.1559,15.7772,1.3823,-36.6839,37,0.072649
TEL,40248,16.1559,15.8852,1.1680,-30.9984,31,0.060868
TEL,40348,16.4333,16.0826,1.0449,-27.4929,27,0.053014
TEL,40448,16.3771,16.1612,0.8783,-23.5592,24,0.047124
TEL,40548,16.3213,16.2190,0.8150,-22.9306,23,0.045160
TEL,40648,16.1015,16.2055,0.7820,-23.6517,24,0.047124
TEL,40748,16.2107,16.1976,0.7940,-25.2715,25,0.049087
TEL,40848,15.8343,16.1473,0.8236,-27.7834,28,0.054978
TEL,40948,15.6264,16.0571,0.8763,-30.7052,31,0.060868
TEL,41048,15.4235,15.9459,0.9879,-35.7663,36,0.070686
TEL,41148,15.2745,15.7513,1.1076,-40.9924,41,0.080503
TEL,41248,12.7011,14.2909,1.9268,-84.1321,79,0.155116
TEL,41348,14.3895,14.1677,2.9334,-114.5875,114,0.223838
TEL,41448,14.3018,14.2363,2.7807,-102.2734,102,0.200277
TEL,41548,14.3455,14.2986,2.7367,-96.1028,96,0.188496
TEL,41648,12.1313,13.2116,3.3148,-128.2436,127,0.249364
TEL,41748,13.7554,13.4682,3.6951,-130.0043,130,0.255254
TEL,41848,13.8781,13.6358,3.4307,-114.9259,115,0.225802
TEL,41948,9.8085,13.0382,3.2744,-105.4206,105,0.206167
TEL,42048,12.9142,12.8072,4.2474,-141.8723,139,0.272926
TEL,42148,14.0448,13.4684,4.0137,-126.7367,127,0.249364
TEL,42248,14.4337,13.8904,3.3205,-99.2016,99,0.194386
TEL,42348,9.8085,13.1041,2.9338,-83.7641,84,0.164934
TEL,42448,14.0027,13.2927,4.0892,-126.2065,122,0.239546
TEL,42548,14.8899,14.3616,3.3223,-92.2150,93,0.182605
TEL,42648,15.1281,14.7911,2.3669,-58.9210,61,0.119773
TEL,42748,13.7150,13.7908,1.9856,-45.5259,46,0.090321
TEL,42848,15.1281,14.3887,2.9516,-72.1047,72,0.141372
TEL,42948,15.9936,15.3347,2.2567,-46.7506,47,0.092284
TEL,43048,16.0473,15.6980,1.4522,-23.4117,23,0.045160
TEL,43148,15.1281,14.4617,2.3535,-87.1349,69,0.135481
TEL,43248,15.9936,15.3627,2.0532,-60.3982,66,0.129591
TEL,43348,16.4899,16.1058,1.3176,-30.3758,31,0.060868
TEL,43448,11.9413,15.1163,0.7824,-14.5590,15,0.029452
TEL,43548,15.5243,14.9150,3.6806,-110.5590,63,0.123700
TEL,43648,16.1015,15.6568,1.6434,-70.1506,107,0.210094
TEL,43748,16.2658,16.0577,1.1263,-43.7636,46,0.090321
TEL,43848,11.0149,13.5295,1.7993,-86.4687,82,0.161007
TEL,43948,15.5752,14.9171,3.0437,-103.1804,103,0.202240
TEL,44048,15.8870,15.4634,1.7676,-53.3340,62,0.121737
TEL,44148,16.1015,15.8180,1.3845,-38.8491,39,0.076576
TEL,44248,10.5256,12.9746,2.2064,-94.5002,82,0.161007
TEL,44348,15.5752,15.0365,3.0884,-87.0392,87,0.170824
TEL,44448,15.9936,15.5739,1.6604,-38.0528,46,0.090321
TEL,44548,14.7042,14.9673,2.6265,-105.5834,83,0.162970
TEL,44648,15.6264,14.7849,2.8864,-130.9839,131,0.257218
TEL,44748,15.8343,15.3925,2.0648,-90.2041,94,0.184569
TEL,44848,15.9936,15.6614,1.4612,-60.6681,62,0.121737
TEL,44948,11.0961,13.6351,1.1746,-43.9245,44,0.086394
TEL,45048,15.1281,14.4595,3.0121,-87.4198,82,0.161007
TEL,45148,16.2107,15.6632,2.0404,-45.7251,51,0.100138
TEL,45248,16.2658,15.9637,1.1665,-19.9507,20,0.039270
TEL,45348,12.8782,14.1306,0.9994,-19.0435,19,0.037306
TEL,45448,15.4737,14.8685,2.5180,-58.5274,56,0.109956
TEL,45548,15.6264,15.3646,1.8713,-37.3715,37,0.072649
TEL,45648,15.8343,15.5433,1.5434,-31.0682,31,0.060868
TEL,45748,14.2152,14.0006,2.2491,-80.0120,72,0.141372
TEL,45848,15.1766,14.5929,2.7009,-82.2210,82,0.161007
TEL,45948,15.3735,15.0357,2.2173,-62.6927,63,0.123700
TEL,46048,12.1313,14.4576,1.9296,-54.8912,55,0.107992
TEL,46148,13.8370,13.3166,3.9690,-150.8912,103,0.202240
TEL,46248,14.5228,13.9117,3.3790,-121.4512,146,0.286670
TEL,46348,14.7502,14.4601,2.8358,-92.8791,94,0.184569
TEL,46448,10.5503,13.6187,2.4303,-76.0067,76,0.149226
TEL,46548,14.2584,13.6694,3.7775,-127.4985,118,0.231692
TEL,46648,14.7042,14.1611,3.0775,-95.8455,97,0.190459
TEL,46748,15.0320,14.6000,2.6770,-78.8084,79,0.155116
TEL,46848,12.4269,13.2016,3.2703,-122.5003,118,0.231692
TEL,46948,14.7502,13.9353,3.7652,-130.0097,130,0.255254
TEL,47048,15.2254,14.6024,2.7146,-84.1833,90,0.176715
TEL,47148,12.4269,14.2775,2.1585,-60.4389,60,0.117810
TEL,47248,13.4770,13.2109,4.0720,-156.4389,108,0.212057
TEL,47348,15.4235,15.0647,2.8921,-87.3828,151,0.296488
TEL,47448,15.9401,15.5793,1.6122,-40.0908,70,0.137445
TEL,47548,11.9726,13.7173,2.5744,-104.7876,54,0.106029
TEL,47648,16.2107,15.0189,2.8833,-95.2610,104,0.204204
TEL,47748,16.6040,16.0748,1.5243,-39.4122,44,0.086394
TEL,47848,17.0154,16.5151,0.7079,-10.9807,11,0.021598
TEL,47948,11.4320,15.4302,0.2649,5.2075,-5,-0.009817
TEL,48048,16.2658,15.7685,1.4975,-33.9049,30,0.058905
TEL,48148,17.2591,16.7366,0.8651,-8.0428,8,0.015708
TEL,48248,17.3833,17.0896,0.0372,17.7166,-18,-0.035343
TEL,48348,14.2152,15.0024,-0.2189,18.0730,-18,-0.035343
TEL,48448,16.5468,15.9678,1.4587,-16.5089,15,0.029452
TEL,48548,16.7781,16.6314,0.6939,8.0019,-8,-0.015708
TEL,48648,16.9555,16.7605,0.2982,13.3451,-13,-0.025525
TEL,48748,16.7781,16.7686,0.2479,7.9459,-8,-0.015708
TEL,48848,16.3771,16.6998,0.2535,2.4651,-2,-0.003927
TEL,48948,15.7297,16.3770,0.3783,-6.8449,7,0.013744
TEL,49048,15.2745,15.9952,0.8034,-26.7148,27,0.053014
TEL,49148,14.6585,15.2920,1.2378,-46.5958,47,0.092284
TEL,49248,14.3018,14.8452,1.9384,-72.0271,72,0.141372
TEL,49348,13.6348,14.1628,2.3925,-88.9991,89,0.174751
TEL,49448,13.2088,13.7706,3.0197,-108.6173,109,0.214021
TEL,49548,12.6662,13.1262,3.4340,-122.2372,122,0.239546
TEL,49648,12.1958,12.7432,4.0565,-141.1286,141,0.276853
TEL,49748,11.8177,12.2619,4.4300,-152.2052,152,0.298451
TEL,49848,11.6367,12.0182,4.8633,-163.7298,164,0.322013
TEL,49948,11.3179,11.6790,5.1092,-170.1018,170,0.333794
TEL,50048,11.0418,11.4554,5.4334,-178.6717,179,0.351466
TEL,50148,10.9349,11.2068,5.6319,-183.0732,183,0.359320
TEL,50248,10.9084,11.1116,5.8447,-187.3133,187,0.367174
TEL,50348,10.9084,11.0347,5.9177,-187.3300,187,0.367174
TEL,50448,11.0418,11.0332,5.9679,-186.5101,187,0.367174
TEL,50548,9.2347,10.8812,5.9543,-183.9980,184,0.361283
TEL,50648,10.3793,10.6061,6.3342,-200.3957,200,0.392699
TEL,50748,11.4608,10.8836,6.3559,-197.3658,197,0.386809
TEL,50848,12.0040,11.2645,5.9469,-178.7025,179,0.351466
TEL,50948,9.0446,10.4270,5.5214,-160.0892,160,0.314159
TEL,51048,12.2610,11.2791,6.2583,-175.1370,175,0.343612
TEL,51148,13.4770,12.7741,5.2285,-134.1121,138,0.270962
TEL,51248,14.2152,13.5798,3.8003,-85.9322,94,0.184569
TEL,51348,12.0356,11.8388,4.5398,-148.4474,128,0.251327
TEL,51448,14.5678,13.4701,4.3604,-116.9951,128,0.251327
TEL,51548,16.5468,15.8191,2.6117,-42.5492,57,0.111919
TEL,51648,16.9555,16.4843,0.8103,11.5557,-5,-0.009817
TEL,51748,15.6264,15.3931,0.2035,28.1431,-28,-0.054978
TEL,51848,17.4461,16.5381,1.0715,7.3351,-7,-0.013744
TEL,51948,17.8974,17.5265,0.0070,40.7125,-40,-0.078540
TEL,52048,18.0304,17.7657,-0.6641,44.2965,-44,-0.086394
TEL,52148,16.0473,15.8600,0.4328,-23.7961,2,0.003927
TEL,52248,17.2591,16.6645,0.6836,-15.6897,16,0.031416
TEL,52348,17.3833,17.2348,0.0603,9.2218,-9,-0.017671
TEL,52448,12.7361,16.2910,-0.2884,15.9240,-16,-0.031416
TEL,52548,16.1015,15.2721,2.8912,-80.0760,32,0.062832
TEL,52648,16.1559,15.8742,1.3101,-67.4848,75,0.147262
TEL,52748,16.0473,16.0696,0.9975,-46.5853,47,0.092284
TEL,52848,10.5256,13.6954,1.6074,-79.6591,78,0.153153
TEL,52948,14.7502,14.1729,3.5078,-133.6828,124,0.243473
TEL,53048,14.4781,14.3586,2.6908,-97.3386,104,0.204204
TEL,53148,14.2584,14.3232,2.6446,-91.4733,91,0.178678
TEL,53248,11.3747,13.0972,3.1967,-119.6013,119,0.233656
TEL,53348,13.0599,12.9596,4.0852,-144.8676,145,0.284707
TEL,53448,13.0599,13.0146,3.9960,-134.7139,135,0.265072
TEL,53548,12.9142,12.9906,3.9959,-130.9328,131,0.257218
TEL,53648,11.7872,12.5080,4.3024,-145.4994,145,0.284707
TEL,53748,12.2610,12.2960,4.6238,-154.3677,154,0.302378
TEL,53848,12.2283,12.2754,4.7160,-153.1535,153,0.300415
TEL,53948,8.8977,11.8790,4.7265,-150.3390,150,0.294524
TEL,54048,11.4898,11.6013,5.3595,-173.8431,174,0.341648
TEL,54148,12.0673,11.7722,5.3580,-169.0472,169,0.331831
TEL,54248,12.2610,11.9044,5.1696,-159.4914,159,0.312196
TEL,54348,10.6504,11.2398,5.0227,-151.8759,152,0.298451
TEL,54448,12.0992,11.5672,5.6255,-165.9020,166,0.325940
TEL,54548,13.0232,12.3743,5.1772,-146.0924,146,0.286670
TEL,54648,13.3225,12.8353,4.3734,-117.5317,118,0.231692
TEL,54748,12.4269,12.1589,4.6096,-141.3594,141,0.276853
TEL,54848,13.8370,12.9340,4.4892,-126.9337,127,0.249364
TEL,54948,14.7502,14.1272,3.6218,-90.5452,92,0.180642
TEL,55048,15.4737,14.8332,2.5071,-51.9435,56,0.109956
TEL,55148,14.8899,13.8298,3.6097,-133.0042,100,0.196350
TEL,55248,16.0473,15.2469,2.3972,-67.5915,121,0.237583
TEL,55348,17.0154,16.4946,1.1636,-15.0800,35,0.068722
TEL,55448,11.8177,15.1612,0.2411,14.3791,-14,-0.027489
TEL,55548,16.9555,16.0150,2.1764,-59.5982,34,0.066759
TEL,55648,17.7663,17.1806,0.2743,16.0445,43,0.084430
TEL,55748,17.9637,17.7434,-0.4405,31.2179,-29,-0.056941
TEL,55848,11.4320,14.0346,0.5696,-37.0000,16,0.031416
TEL,55948,17.1976,16.4681,2.2194,-59.5634,60,0.117810
TEL,56048,17.6369,17.2112,0.0811,15.3920,13,0.025525
TEL,56148,13.5950,16.4549,-0.3173,21.1905,-21,-0.041233
TEL,56248,14.6130,14.5061,2.6512,-74.8095,27,0.053014
TEL,56348,16.5468,16.0700,1.7856,-68.3647,70,0.137445
TEL,56448,16.6617,16.3903,0.7351,-27.4037,31,0.060868
TEL,56548,11.4898,15.4715,0.5667,-19.9599,20,0.039270
TEL,56648,15.0320,14.8356,2.3240,-94.7505,69,0.135481
TEL,56748,15.1281,15.0455,2.0633,-77.0712,81,0.159043
TEL,56848,14.9843,15.0407,1.9475,-69.2372,69,0.135481
TEL,56948,11.6367,13.4509,1.9963,-68.8441,69,0.135481
TEL,57048,13.5950,13.4478,3.6213,-117.2636,109,0.214021
TEL,57148,13.6348,13.6326,3.3961,-103.7520,104,0.204204
TEL,57248,13.3993,13.5854,3.3808,-103.3050,103,0.202240
TEL,57348,11.7872,12.8535,3.4528,-106.1772,106,0.208131
TEL,57448,12.5626,12.6631,4.2999,-135.3888,134,0.263108
TEL,57548,12.4944,12.5879,4.3822,-137.4715,137,0.268999
TEL,57648,12.4606,12.5537,4.4313,-137.9260,138,0.270962
TEL,57748,11.5482,11.6687,4.8543,-160.9876,161,0.316123
TEL,57848,11.8484,11.6882,5.3546,-172.4116,172,0.337721
TEL,57948,12.1635,11.8720,5.2523,-164.4167,164,0.322013
TEL,58048,12.2939,11.9821,5.0785,-155.9643,156,0.306305
TEL,58148,12.2939,12.1071,4.9674,-150.2859,150,0.294524
TEL,58248,12.4269,12.2015,4.8372,-144.5543,145,0.284707
TEL,58348,12.7714,12.3793,4.7374,-140.0944,140,0.274889
TEL,58448,12.9142,12.5291,4.5444,-132.8255,133,0.261145
TEL,58548,13.3608,12.8239,4.3955,-127.3247,127,0.249364
TEL,58648,13.5950,13.0735,4.0578,-115.2247,115,0.225802
TEL,58748,14.1722,13.5645,3.7829,-104.8438,105,0.206167
TEL,58848,14.4337,13.9177,3.2551,-86.4353,86,0.168861
TEL,58948,15.0320,14.5066,2.8840,-72.9457,73,0.143335
TEL,59048,15.2254,14.8366,2.3032,-54.0707,54,0.106029
TEL,59148,15.8870,15.3355,2.0163,-45.6558,46,0.090321
TEL,59248,16.3771,15.7625,1.4568,-27.2743,27,0.053014
TEL,59348,16.5468,16.2447,1.0553,-14.8152,15,0.029452
TEL,59448,16.7781,16.4690,0.6260,-3.1457,3,0.005890
TEL,59548,17.3833,16.8562,0.4107,2.1939,-2,-0.003927
TEL,59648,17.3210,17.0395,0.0389,12.1106,-12,-0.023562
TEL,59748,17.5729,17.3030,-0.1485,13.1086,-13,-0.025525
TEL,59848,17.5093,17.3815,-0.3540,19.1857,-19,-0.037306
TEL,59948,13.5161,15.4869,-0.4223,20.5207,-21,-0.041233
TEL,60048,16.2107,15.6939,1.5673,-42.4676,24,0.047124
TEL,60148,16.7781,16.3778,0.9799,-16.8633,20,0.039270
TEL,60248,16.7197,16.5190,0.5441,-5.1780,5,0.009817
TEL,60348,13.7150,14.8389,0.4506,-4.9120,5,0.009817
TEL,60448,15.4737,15.1672,1.9924,-48.8903,44,0.086394
TEL,60548,15.5243,15.3694,1.7268,-41.0843,41,0.080503
TEL,60648,15.2254,15.3379,1.6396,-41.8666,42,0.082467
TEL,60748,14.0870,13.9131,2.4236,-89.3124,82,0.161007
TEL,60848,13.9194,13.8861,3.1255,-106.8028,107,0.210094
TEL,60948,13.7150,13.8576,3.1069,-102.3973,102,0.200277
TEL,61048,10.7780,13.3992,3.1797,-103.0944,103,0.202240
TEL,61148,12.6315,12.6677,4.0873,-142.0897,138,0.270962
TEL,61248,12.7714,12.7156,4.2987,-141.9817,142,0.278816
TEL,61348,12.8068,12.7565,4.2559,-136.2320,136,0.267035
TEL,61448,9.1961,12.3552,4.2327,-132.8518,133,0.261145
TEL,61548,12.5284,12.2931,4.8124,-153.4149,153,0.300415
TEL,61648,13.0232,12.5175,4.6066,-141.8551,142,0.278816
TEL,61748,13.5161,12.9261,4.3633,-130.1657,130,0.255254
TEL,61848,11.7266,12.0137,4.8145,-165.1339,163,0.320050
TEL,61948,13.5950,12.8951,4.7251,-149.1326,149,0.292561
TEL,62048,14.1722,13.5349,3.7752,-109.1675,112,0.219911
TEL,62148,11.2617,13.2096,3.1726,-83.9566,84,0.164934
TEL,62248,13.7554,12.8468,5.1655,-179.9566,133,0.261145
TEL,62348,15.5243,14.9032,3.3016,-97.1441,176,0.345575
TEL,62448,16.2658,15.6767,1.6882,-37.6671,94,0.184569
TEL,62548,11.1233,13.1059,2.8558,-120.2376,40,0.078540
TEL,62648,16.4333,15.7486,2.2513,-45.3380,49,0.096211
TEL,62748,17.8316,17.3348,0.4946,22.5952,-1,-0.001963
TEL,62848,18.0304,17.7204,-0.5688,41.3069,-41,-0.080503
TEL,62948,14.7502,15.5306,-0.8680,48.7560,-49,-0.096211
TEL,63048,17.0757,16.4376,1.0123,2.7183,-9,-0.017671
TEL,63148,17.3833,17.1892,0.2181,26.8974,-27,-0.053014
TEL,63248,17.6369,17.3667,-0.2788,26.5341,-27,-0.053014
TEL,63348,15.5243,15.3143,0.8985,-44.2343,21,0.041233
TEL,63448,16.3213,15.8332,1.4140,-47.5888,48,0.094248
TEL,63548,16.0473,16.0063,1.0652,-33.3529,33,0.064795
TEL,63648,11.9726,15.2657,1.0365,-34.0358,34,0.066759
TEL,63748,14.4781,14.3812,2.5176,-100.3997,80,0.157080
TEL,63848,14.3895,14.4030,2.5933,-95.2144,95,0.186532
TEL,63948,14.0870,14.3183,2.6151,-91.7795,92,0.180642
TEL,64048,9.8739,12.7566,3.1530,-117.9313,118,0.231692
TEL,64148,12.8424,12.5038,4.7209,-172.2966,161,0.316123
TEL,64248,12.8424,12.6657,4.3925,-151.0585,152,0.298451
TEL,64348,12.7361,12.7147,4.3114,-142.7978,143,0.280780
TEL,64448,10.7780,11.8254,4.7708,-166.9344,167,0.327904
TEL,64548,12.2610,11.9554,5.2164,-175.0127,175,0.343612
TEL,64648,12.4606,12.1352,4.9503,-159.3521,159,0.312196
TEL,64748,12.7361,12.3789,4.7928,-149.7771,150,0.294524
TEL,64848,11.2897,11.8281,4.9751,-163.9464,164,0.322013
TEL,64948,13.0599,12.4144,5.0294,-157.5907,158,0.310232
TEL,65048,13.5950,12.9307,4.3354,-127.9892,128,0.251327
TEL,65148,9.8302,12.3603,3.8377,-107.3057,107,0.210094
TEL,65248,13.6348,12.7068,4.7714,-141.5809,140,0.274889
TEL,65348,15.0320,14.2819,3.7401,-95.5440,102,0.200277
TEL,65448,15.5752,15.0042,2.3299,-47.1611,55,0.107992
TEL,65548,15.0320,14.4381,1.6876,-25.8331,26,0.051051
TEL,65648,16.0473,15.2292,2.2672,-42.1248,42,0.082467
TEL,65748,17.5093,16.7316,1.2637,-5.1644,7,0.013744
TEL,65848,17.7663,17.2915,-0.0346,20.9811,-21,-0.041233
TEL,65948,16.3771,15.3128,1.2189,-57.0521,27,0.053014
REF,66040,9.0000,hold_near
TEL,66048,17.3833,16.8161,0.7793,-12.2442,44,0.086394
TEL,66148,17.8974,17.5911,-8.1834,83.7558,-41,-0.080503
TEL,66248,12.8424,16.4433,-8.7008,179.7558,-133,-0.261145
TEL,66348,17.0757,16.2921,-7.2571,224.0000,-216,-0.424115
TEL,66448,17.3833,16.8145,-7.5360,224.0000,-224,-0.439823
TEL,66548,17.5093,17.2859,-8.0158,224.0000,-224,-0.439823
TEL,66648,11.6665,16.1673,-8.2793,224.0000,-224,-0.439823
TEL,66748,15.3735,15.0328,-6.1304,206.5858,-207,-0.406444
TEL,66848,15.3735,15.2743,-6.2313,217.7906,-218,-0.428042
TEL,66948,14.2152,14.9370,-6.2150,218.0131,-218,-0.428042
TEL,67048,9.6379,12.3348,-5.0943,164.2546,-175,-0.343612
TEL,67148,11.4608,11.6153,-2.8613,80.8801,-101,-0.198313
TEL,67248,10.4764,11.1754,-2.4334,68.5517,-69,-0.135481
TEL,67348,8.8438,9.8249,-1.8108,45.0686,-45,-0.088357
TEL,67448,6.4409,9.8249,-1.8108,45.0686,-45,-0.088357
TEL,67548,8.5659,8.6506,-0.0862,-15.0510,11,0.021598
TEL,67648,9.3128,8.8579,0.3494,-32.7300,33,0.064795
TEL,67748,10.4520,9.6188,-0.0453,-4.9578,5,0.009817
TEL,67848,11.2338,10.3851,-0.6188,23.5798,-24,-0.047124
TEL,67948,12.1958,11.5758,-1.8078,73.6426,-73,-0.143335
TEL,68048,13.2088,12.3735,-2.5758,105.1929,-105,-0.206167
TEL,68148,13.9610,13.4495,-3.7865,152.6669,-153,-0.300415
TEL,68248,14.4337,13.9700,-4.4495,176.9851,-177,-0.347539
TEL,68348,14.8899,14.5160,-5.1791,202.2576,-202,-0.396626
TEL,68448,15.1281,14.7787,-5.5160,212.5179,-213,-0.418225
TEL,68548,15.0320,14.9162,-5.8383,221.2746,-221,-0.433932
TEL,68648,14.8430,14.9217,-5.9162,221.4615,-221,-0.433932
TEL,68748,14.5678,14.8234,-5.8919,217.6981,-218,-0.428042
TEL,68848,14.0448,14.6700,-5.8234,213.0279,-213,-0.418225
TEL,68948,13.2088,14.0942,-5.5342,199.2885,-199,-0.390736
TEL,69048,12.5969,13.4395,-5.0942,179.0826,-179,-0.351466
TEL,69148,11.3747,12.1926,-4.0562,136.1613,-136,-0.267035
TEL,69248,10.4277,11.2373,-3.1926,99.9818,-100,-0.196350
TEL,69348,9.0821,9.8556,-1.7588,44.1500,-47,-0.092284
TEL,69448,7.8649,8.5535,-0.8556,8.8538,-9,-0.017671
TEL,69548,8.2563,8.1855,0.7529,-56.5028,50,0.098175
TEL,69648,8.9158,8.4208,0.8145,-47.8299,48,0.094248
TEL,69748,7.5597,8.4956,0.4098,-24.1567,24,0.047124
TEL,69848,9.8302,8.9546,0.5044,-33.0788,33,0.064795
TEL,69948,11.1508,10.3514,-0.3903,14.0571,-13,-0.025525
TEL,70048,11.7568,11.1522,-1.3514,57.1078,-56,-0.109956
TEL,70148,10.6001,10.7681,-2.4672,100.5556,-100,-0.196350
TEL,70248,12.1635,11.3527,-1.7681,70.1949,-70,-0.137445
TEL,70348,13.1713,12.5404,-2.7847,112.7065,-113,-0.221875
TEL,70448,13.4381,13.0475,-3.5404,142.6413,-143,-0.280780
TEL,70548,12.0040,12.1202,-4.2248,166.1683,-166,-0.325940
TEL,70648,13.0232,12.5916,-3.1202,120.8102,-122,-0.239546
TEL,70748,13.3608,13.0744,-3.7841,145.7926,-146,-0.286670
TEL,70848,13.3225,13.1914,-4.0744,155.4725,-155,-0.304342
TEL,70948,11.5482,12.4642,-4.2168,158.5982,-159,-0.312196
TEL,71048,12.1635,12.3015,-3.4642,123.4766,-123,-0.241510
TEL,71148,11.8484,12.1465,-3.2486,115.1761,-115,-0.225802
TEL,71248,11.3462,11.9123,-3.1465,110.8899,-111,-0.217948
TEL,71348,9.7653,10.3589,-2.3160,71.0757,-71,-0.139408
TEL,71448,9.5547,9.9360,-1.3589,33.5548,-34,-0.066759
TEL,71548,8.6338,9.2733,-0.7524,12.8834,-13,-0.025525
TEL,71648,8.0713,8.7199,-0.2733,-4.7445,5,0.009817
TEL,71748,8.1474,8.3042,0.6213,-39.7960,31,0.060868
TEL,71848,8.8438,8.4695,0.6399,-32.7039,33,0.064795
TEL,71948,9.6801,8.8919,0.3920,-17.4460,17,0.033379
TEL,72048,10.1208,9.4064,-0.1461,0.0776,0,0.000000
TEL,72148,10.3553,9.5327,-0.1495,11.1782,-11,-0.021598
TEL,72248,11.0418,10.2847,-0.8929,42.7552,-37,-0.072649
TEL,72348,8.6855,10.1947,-1.9380,82.6085,-71,-0.139408
TEL,72448,9.3326,10.2132,-1.8766,88.9425,-89,-0.174751
TEL,72548,11.6071,10.8317,-1.2299,71.8123,-72,-0.141372
TEL,72648,12.1313,11.6122,-2.2764,109.5985,-100,-0.196350
TEL,72748,12.1313,11.8432,-2.7757,122.6290,-123,-0.241510
TEL,72848,8.8797,11.2941,-2.8932,121.2979,-121,-0.237583
TEL,72948,11.2060,11.0937,-2.0580,85.8230,-95,-0.186532
TEL,73048,11.0149,11.0852,-2.0998,84.1184,-84,-0.164934
TEL,73148,10.3793,10.8854,-1.9774,76.0098,-76,-0.149226
TEL,73248,8.3518,10.3077,-1.7580,64.4908,-64,-0.125664
TEL,73348,8.6510,9.3619,-0.8961,25.7953,-36,-0.070686
TEL,73448,8.1938,8.8093,-0.0885,-6.2845,0,0.000000
TEL,73548,6.5829,8.4247,0.5753,-32.2835,29,0.056941
TEL,73648,6.7308,8.4247,0.5753,-32.2835,24,0.047124
TEL,73748,9.3326,8.7047,0.5731,-26.3241,26,0.051051
TEL,73848,9.8302,9.1423,0.2953,0.0590,0,0.000000
TEL,73948,10.4034,9.8367,-0.3732,17.0300,-17,-0.033379
TEL,74048,9.3128,9.2799,-0.8367,36.7601,-37,-0.072649
TEL,74148,10.9349,10.2074,-0.5527,29.5733,-30,-0.058905
TEL,74248,11.1508,10.7320,-1.2074,56.3396,-56,-0.109956
TEL,74348,11.3747,11.1052,-1.8990,80.5994,-81,-0.159043
TEL,74448,9.8520,10.2985,-2.1052,86.1967,-86,-0.168861
TEL,74548,11.0418,10.6569,-1.4008,59.7488,-60,-0.117810
TEL,74648,10.9881,10.8070,-1.6569,68.6358,-69,-0.135481
TEL,74748,8.0262,10.3743,-1.8220,72.3335,-72,-0.141372
TEL,74848,9.5754,10.0784,-1.3743,47.4125,-47,-0.092284
TEL,74948,9.5547,9.8234,-0.9682,32.1531,-32,-0.062832
TEL,75048,9.1578,9.6364,-0.8234,27.2199,-27,-0.053014
TEL,75148,6.6036,9.3403,-0.5043,14.8272,-15,-0.029452
TEL,75248,7.7095,8.9725,0.0275,-9.4373,-1,-0.001963
TEL,75348,8.4003,8.4684,0.5050,-26.0207,22,0.043197
TEL,75448,8.7904,8.5414,0.4586,-19.7803,20,0.039270
TEL,75548,7.9083,8.5502,0.3111,0.8472,6,0.011781
TEL,75648,8.9158,8.5921,0.4079,-11.4946,10,0.019635
TEL,75748,9.7225,9.0441,0.1355,0.6589,0,0.000000
TEL,75848,9.9179,9.3934,-0.3934,19.9792,-14,-0.027489
TEL,75948,7.6544,9.2017,-0.6783,31.3449,-30,-0.058905
TEL,76048,9.6590,9.3387,-0.3387,19.5755,-21,-0.041233
TEL,76148,10.0071,9.6806,-0.5869,29.0034,-28,-0.054978
TEL,76248,10.0297,9.8183,-0.8183,36.9250,-37,-0.072649
TEL,76348,9.4323,9.4989,-0.5215,18.9562,-24,-0.047124
TEL,76448,9.3722,9.4037,-0.4037,15.3884,-15,-0.029452
TEL,76548,9.2736,9.3917,-0.4091,16.2761,-16,-0.031416
TEL,76648,8.9890,9.3118,-0.3118,2.7339,-5,-0.009817
TEL,76748,7.6135,9.0358,-0.0358,0.7108,-1,-0.001963
TEL,76848,7.9521,8.5959,0.4041,-19.5742,3,0.005890
TEL,76948,7.9229,8.2694,0.6310,-26.4684,24,0.047124
TEL,77048,8.6510,8.3827,0.6173,-21.9642,22,0.043197
TEL,77148,8.9340,8.5943,0.4057,-12.4669,18,0.035343
TEL,77248,9.2154,8.7760,0.2240,1.0083,8,0.015708
TEL,77348,9.5136,9.0705,-0.0705,1.0083,-1,-0.001963
TEL,77448,9.6379,9.2691,-0.2691,14.3776,-5,-0.009817
TEL,77548,9.7439,9.4850,-0.4850,22.4396,-18,-0.035343
TEL,77648,9.7653,9.5668,-0.5668,25.3458,-25,-0.049087
TEL,77748,9.6801,9.6111,-0.6111,26.4955,-26,-0.051051
TEL,77848,9.5962,9.6079,-0.6079,25.9394,-26,-0.051051
TEL,77948,9.2932,9.5455,-0.5455,22.9821,-23,-0.045160
TEL,78048,8.9890,9.4532,-0.4532,18.6926,-20,-0.039270
TEL,78148,8.7028,9.2356,-0.2356,2.7776,-15,-0.029452
TEL,78248,8.3518,8.9861,0.0139,-4.2158,1,0.001963
TEL,78348,8.2406,8.6021,0.3979,-17.4130,8,0.015708
TEL,78448,8.4659,8.5329,0.4671,-18.2755,18,0.035343
TEL,78548,8.8259,8.6029,0.3971,-13.8631,14,0.027489
TEL,78648,8.9523,8.6813,0.3187,1.0165,10,0.019635
TEL,78748,9.0821,8.8217,0.1783,1.0165,-1,-0.001963
TEL,78848,9.1578,8.9106,0.0894,1.0165,-1,-0.001963
TEL,78948,9.1388,9.0085,-0.0085,1.0165,-1,-0.001963
TEL,79048,9.1578,9.0429,-0.0429,1.0165,-1,-0.001963
TEL,79148,8.4659,8.8807,0.1193,1.0165,-1,-0.001963
TEL,79248,8.7202,8.8269,0.1731,1.0165,-1,-0.001963
TEL,79348,8.5659,8.7590,0.2410,1.0165,-1,-0.001963
TEL,79448,8.3841,8.6928,0.3072,1.0165,-1,-0.001963
TEL,79548,7.7513,8.5812,0.4188,-14.4028,3,0.005890
TEL,79648,8.1938,8.4460,0.5540,-19.2654,17,0.033379
TEL,79748,8.4990,8.4322,0.5678,-18.6090,19,0.037306
TEL,79848,7.1410,8.4516,0.5678,-18.6090,19,0.037306
TEL,79948,8.2563,8.3611,0.6233,-20.5969,21,0.041233
TEL,80048,8.5998,8.4071,0.6182,-19.2901,19,0.037306
TEL,80148,8.7202,8.4904,0.5387,-15.9203,16,0.031416
TEL,80248,7.4540,8.5163,0.4837,-13.5883,14,0.027489
TEL,80348,8.1938,8.4193,0.5483,-16.3940,16,0.031416
TEL,80448,8.2249,8.3747,0.6049,-18.7898,19,0.037306
TEL,80548,8.2093,8.3256,0.6606,-20.7348,21,0.041233
TEL,80648,7.1772,8.3234,0.6766,-21.0128,21,0.041233
TEL,80748,8.0864,8.2503,0.7300,-22.9141,23,0.045160
TEL,80848,8.4166,8.2639,0.7523,-23.3671,23,0.045160
TEL,80948,8.5323,8.3248,0.6968,-20.8918,21,0.041233
TEL,81048,6.9876,8.3461,0.6539,-18.9965,19,0.037306
TEL,81148,8.0864,8.2788,0.6985,-20.9367,21,0.041233
TEL,81248,8.2563,8.2700,0.7285,-22.0489,22,0.043197
TEL,81348,8.2093,8.2571,0.7388,-22.4368,22,0.043197
TEL,81448,6.8181,8.2582,0.7418,-22.4154,22,0.043197
TEL,81548,8.0713,8.2073,0.7805,-23.8992,24,0.047124
TEL,81648,8.2721,8.2089,0.7963,-24.3393,24,0.047124
TEL,81748,8.2721,8.2203,0.7834,-23.7366,24,0.047124
TEL,81848,6.5213,8.2196,0.7804,-23.5991,24,0.047124
TEL,81948,8.0113,8.1793,0.8081,-24.6411,25,0.049087
TEL,82048,8.2093,8.1772,0.8251,-25.1632,25,0.049087
TEL,82148,8.2721,8.1903,0.8150,-24.6072,25,0.049087
TEL,82248,6.5213,8.1933,0.8067,-24.2290,24,0.047124
TEL,82348,8.0562,8.1432,0.8503,-25.9350,26,0.051051
TEL,82448,8.2093,8.1507,0.8533,-25.8073,26,0.051051
TEL,82548,8.2406,8.1682,0.8366,-25.0413,25,0.049087
TEL,82648,6.5213,8.1743,0.8257,-24.5532,25,0.049087
TEL,82748,8.0864,8.1173,0.8802,-26.7518,27,0.053014
TEL,82848,8.2249,8.1286,0.8784,-26.4758,26,0.051051
TEL,82948,8.2406,8.1523,0.8540,-25.4229,25,0.049087
TEL,83048,6.5417,8.1523,0.8540,-25.4229,25,0.049087
TEL,83148,8.0562,8.0913,0.8886,-27.0679,27,0.053014
TEL,83248,8.2093,8.1003,0.9087,-27.6411,28,0.054978
TEL,83348,8.2879,8.1350,0.8889,-26.6278,27,0.053014
TEL,83448,7.1772,8.1350,0.8650,-25.5914,26,0.051051
TEL,83548,8.1016,8.0969,0.8892,-26.6491,27,0.053014
TEL,83648,8.2249,8.1123,0.9031,-27.0647,27,0.053014
TEL,83748,8.2879,8.1115,0.8877,-26.3669,26,0.051051
TEL,83848,7.3511,8.1115,0.8885,-26.0337,26,0.051051
TEL,83948,8.0864,8.0573,0.9269,-27.7307,28,0.054978
TEL,84048,8.2406,8.0764,0.9427,-28.1441,28,0.054978
TEL,84148,8.2721,8.1199,0.9092,-26.7681,27,0.053014
TEL,84248,7.2632,8.1199,0.8801,-25.6576,26,0.051051
TEL,84348,8.1628,8.0961,0.9052,-26.8624,27,0.053014
TEL,84448,8.2249,8.1115,0.9039,-26.7415,27,0.053014
TEL,84548,8.2721,8.1430,0.8780,-25.7689,26,0.051051
TEL,84648,7.3385,8.1430,0.8570,-25.0161,25,0.049087
TEL,84748,8.0713,8.0999,0.8871,-26.4049,26,0.051051
TEL,84848,8.2563,8.1176,0.9001,-26.9221,27,0.053014
TEL,84948,8.2721,8.1429,0.8770,-26.0962,26,0.051051
TEL,85048,7.6681,8.1102,0.8571,-25.2856,25,0.049087
TEL,85148,8.1168,8.0953,0.9045,-27.2503,27,0.053014
TEL,85248,8.2721,8.1138,0.9047,-27.1739,27,0.053014
TEL,85348,8.2093,8.1379,0.8742,-25.9079,26,0.051051
TEL,85448,7.6544,8.1060,0.8621,-25.4858,25,0.049087
TEL,85548,8.1938,8.0952,0.9112,-27.5587,28,0.054978
TEL,85648,8.2721,8.1162,0.9048,-27.0825,27,0.053014
TEL,85748,7.0576,8.1398,0.8716,-25.7544,26,0.051051
TEL,85848,7.6818,8.1070,0.8930,-26.9761,27,0.053014
TEL,85948,8.1783,8.1002,0.9061,-27.2956,27,0.053014
TEL,86048,8.2563,8.1187,0.8813,-26.2194,26,0.051051
TEL,86148,7.1290,8.1320,0.8680,-25.6545,26,0.051051
TEL,86248,7.7513,8.1063,0.8937,-26.7820,27,0.053014
TEL,86348,8.2093,8.1004,0.9079,-27.2279,27,0.053014
TEL,86448,8.2563,8.1180,0.8820,-26.1669,26,0.051051
TEL,86548,6.7524,8.1372,0.8628,-25.3938,25,0.049087
TEL,86648,7.5330,8.0962,0.9038,-27.1523,27,0.053014
TEL,86748,8.1474,8.0954,0.9086,-27.2991,27,0.053014
TEL,86848,8.2721,8.1157,0.8843,-26.2319,26,0.051051
TEL,86948,8.3038,8.1491,0.8624,-25.3741,25,0.049087
TEL,87048,8.2879,8.1677,0.8323,-24.3549,24,0.047124
TEL,87148,8.3198,8.1959,0.8131,-23.7085,24,0.047124
TEL,87248,8.2879,8.2089,0.7911,-23.0811,23,0.045160
TEL,87348,8.3038,8.2201,0.7852,-23.0422,23,0.045160
TEL,87448,8.3038,8.2305,0.7695,-22.5872,23,0.045160
TEL,87548,8.2879,8.2413,0.7614,-22.4040,22,0.043197
TEL,87648,8.3038,8.2476,0.7524,-22.1694,22,0.043197
TEL,87748,8.2879,8.2556,0.7461,-21.9979,22,0.043197
TEL,87848,8.3038,8.2607,0.7393,-21.8442,22,0.043197
TEL,87948,8.3038,8.2655,0.7362,-21.7950,22,0.043197
TEL,88048,8.3358,8.2699,0.7301,-21.6136,22,0.043197
TEL,88148,8.3198,8.2744,0.7274,-21.5790,22,0.043197
TEL,88248,8.2406,8.2742,0.7258,-21.6362,22,0.043197
TEL,88348,8.2879,8.2746,0.7259,-21.6474,22,0.043197
TEL,88448,8.2879,8.2755,0.7245,-21.6310,22,0.043197
TEL,88548,8.2879,8.2747,0.7257,-21.7281,22,0.043197
TEL,88648,8.2879,8.2760,0.7240,-21.6798,22,0.043197
TEL,88748,8.3038,8.2761,0.7247,-21.6864,22,0.043197
TEL,88848,8.2879,8.2768,0.7232,-21.6490,22,0.043197
TEL,88948,6.6986,8.2757,0.7243,-21.6976,22,0.043197
TEL,89048,7.8505,8.2646,0.7354,-22.1443,22,0.043197
TEL,89148,8.2249,8.2494,0.7497,-22.7004,23,0.045160
TEL,89248,8.2563,8.2488,0.7512,-22.6770,23,0.045160
TEL,89348,6.5111,8.2503,0.7497,-22.5714,23,0.045160
TEL,89448,7.8077,8.2364,0.7636,-23.0984,23,0.045160
TEL,89548,8.1783,8.2206,0.7776,-23.6391,24,0.047124
TEL,89648,8.2563,8.2222,0.7778,-23.5186,24,0.047124
TEL,89748,6.5111,8.2264,0.7736,-23.2708,23,0.045160
TEL,89848,7.7653,8.2094,0.7906,-23.9252,24,0.047124
TEL,89948,8.2249,8.2008,0.8004,-24.2292,24,0.047124
TEL,90048,8.2563,8.2041,0.7959,-23.9695,24,0.047124
TEL,90148,6.5010,8.2095,0.7905,-23.7047,24,0.047124
TEL,90248,7.9375,8.1732,0.8268,-25.1480,25,0.049087
TEL,90348,8.1628,8.1666,0.8333,-25.2740,25,0.049087
TEL,90448,8.2563,8.1735,0.8265,-24.8762,25,0.049087
TEL,90548,6.4909,8.1818,0.8182,-24.4993,24,0.047124
TEL,90648,7.9521,8.1711,0.8289,-24.9350,25,0.049087
TEL,90748,8.2249,8.1660,0.8370,-25.2713,25,0.049087
TEL,90848,8.2563,8.1751,0.8249,-24.7461,25,0.049087
TEL,90948,7.2139,8.1833,0.8167,-24.3965,24,0.047124
TEL,91048,7.9229,8.1414,0.8586,-26.0645,26,0.051051
TEL,91148,8.2249,8.1435,0.8613,-26.0155,26,0.051051
TEL,91248,8.2563,8.1557,0.8443,-25.2874,25,0.049087
TEL,91348,6.5111,8.1621,0.8443,-25.2874,25,0.049087
TEL,91448,8.0113,8.1255,0.8666,-26.3424,26,0.051051
TEL,91548,8.2093,8.1262,0.8809,-26.8559,27,0.053014
TEL,91648,8.2721,8.1412,0.8670,-26.1225,26,0.051051
TEL,91748,6.5111,8.1572,0.8510,-25.3896,25,0.049087
TEL,91848,7.9669,8.1160,0.8728,-26.5133,27,0.053014
TEL,91948,8.1783,8.1210,0.8850,-26.8132,27,0.053014
TEL,92048,8.2879,8.1388,0.8708,-26.0780,26,0.051051
TEL,92148,7.2632,8.1441,0.8559,-25.4899,25,0.049087
TEL,92248,7.8938,8.1078,0.8770,-26.3798,26,0.051051
TEL,92348,8.1783,8.1162,0.8937,-26.9018,27,0.053014
TEL,92448,8.3038,8.1369,0.8742,-26.0164,26,0.051051
TEL,92548,7.3007,8.1475,0.8525,-25.1229,25,0.049087
TEL,92648,7.9964,8.1166,0.8744,-26.1166,26,0.051051
TEL,92748,8.1474,8.1252,0.8823,-26.3576,26,0.051051
TEL,92848,8.2721,8.1426,0.8659,-25.6411,26,0.051051
TEL,92948,6.5010,8.1467,0.8533,-25.2430,25,0.049087
TEL,93048,8.0262,8.1150,0.8786,-26.3443,26,0.051051
TEL,93148,8.2249,8.1263,0.8829,-26.4154,26,0.051051
TEL,93248,8.3038,8.1462,0.8640,-25.5932,26,0.051051
TEL,93348,7.3894,8.1559,0.8441,-24.8109,25,0.049087
TEL,93448,8.0562,8.1254,0.8694,-25.9558,26,0.051051
TEL,93548,8.2093,8.1332,0.8731,-26.0604,26,0.051051
TEL,93648,8.3038,8.1492,0.8605,-25.5374,26,0.051051
TEL,93748,7.6271,8.1229,0.8462,-25.0605,25,0.049087
TEL,93848,8.0562,8.1045,0.8919,-26.9442,27,0.053014
TEL,93948,8.2249,8.1201,0.8926,-26.8301,27,0.053014
TEL,94048,8.2721,8.1376,0.8714,-25.9354,26,0.051051
TEL,94148,7.4671,8.1421,0.8579,-25.4600,25,0.049087
TEL,94248,8.0562,8.1181,0.8775,-26.3138,26,0.051051
TEL,94348,8.2249,8.1286,0.8820,-26.4537,26,0.051051
TEL,94448,8.3038,8.1459,0.8639,-25.7014,26,0.051051
TEL,94548,7.5197,8.1086,0.8914,-27.0928,27,0.053014
TEL,94648,8.0713,8.0904,0.9096,-27.5815,28,0.054978
TEL,94748,8.2249,8.1114,0.8886,-26.6361,27,0.053014
TEL,94848,8.2721,8.1331,0.8669,-25.7037,26,0.051051
TEL,94948,7.3766,8.1330,0.8669,-25.7037,26,0.051051
TEL,95048,8.0412,8.1155,0.8793,-26.3321,26,0.051051
TEL,95148,8.2406,8.1310,0.8825,-26.3823,26,0.051051
TEL,95248,8.2879,8.1473,0.8615,-25.5680,26,0.051051
TEL,95348,7.6407,8.1169,0.8831,-26.7191,27,0.053014
TEL,95448,8.1168,8.1043,0.8957,-27.0057,27,0.053014
TEL,95548,8.2721,8.1217,0.8783,-26.1592,26,0.051051
TEL,95648,8.2721,8.1391,0.8609,-25.4349,25,0.049087
TEL,95748,7.6000,8.1050,0.8950,-26.8941,27,0.053014
TEL,95848,8.1168,8.0964,0.9036,-27.0941,27,0.053014
TEL,95948,8.2721,8.1180,0.8820,-26.1429,26,0.051051
TEL,96048,8.2093,8.1336,0.8664,-25.6122,26,0.051051
TEL,96148,7.6271,8.1008,0.8992,-27.0157,27,0.053014
TEL,96248,8.0864,8.0854,0.9146,-27.4650,27,0.053014
TEL,96348,8.2406,8.1107,0.8893,-26.4229,26,0.051051
TEL,96448,8.2721,8.1278,0.8722,-25.6868,26,0.051051
TEL,96548,7.6271,8.0941,0.9059,-27.1553,27,0.053014
TEL,96648,8.0864,8.0834,0.9166,-27.4770,27,0.053014
TEL,96748,8.2879,8.1115,0.9016,-26.7631,27,0.053014
TEL,96848,8.2721,8.1321,0.8679,-25.5341,26,0.051051
TEL,96948,8.2563,8.1625,0.8375,-24.5622,25,0.049087
TEL,97048,8.3358,8.1824,0.8176,-23.8029,24,0.047124
TEL,97148,8.2721,8.2024,0.7976,-23.2677,23,0.045160
TEL,97248,8.3198,8.2160,0.7840,-22.8455,23,0.045160
TEL,97348,8.3038,8.2323,0.7724,-22.5459,23,0.045160
TEL,97448,8.3198,8.2413,0.7587,-22.1758,22,0.043197
TEL,97548,8.3038,8.2529,0.7471,-21.9123,22,0.043197
TEL,97648,8.2406,8.2548,0.7452,-22.0197,22,0.043197
TEL,97748,8.3038,8.2586,0.7414,-21.9380,22,0.043197
TEL,97848,8.3038,8.2598,0.7402,-21.9314,22,0.043197
TEL,97948,8.3038,8.2665,0.7335,-21.7645,22,0.043197
TEL,98048,8.2721,8.2681,0.7319,-21.7782,22,0.043197
TEL,98148,8.3038,8.2726,0.7274,-21.6606,22,0.043197
TEL,98248,8.3198,8.2732,0.7268,-21.6408,22,0.043197
TEL,98348,8.2879,8.2757,0.7243,-21.5996,22,0.043197
TEL,98448,8.2879,8.2765,0.7235,-21.6023,22,0.043197
TEL,98548,8.2879,8.2761,0.7239,-21.6326,22,0.043197
TEL,98648,8.2879,8.2768,0.7232,-21.6266,22,0.043197
TEL,98748,8.3038,8.2786,0.7214,-21.5730,22,0.043197
TEL,98848,8.2563,8.2786,0.7214,-21.6084,22,0.043197
TEL,98948,7.7653,8.2652,0.7348,-22.1499,22,0.043197
TEL,99048,8.0864,8.2516,0.7484,-22.6944,23,0.045160
TEL,99148,8.1783,8.2462,0.7538,-22.8581,23,0.045160
TEL,99248,8.2879,8.2496,0.7504,-22.6472,23,0.045160
TEL,99348,7.7373,8.2321,0.7679,-23.3006,23,0.045160
TEL,99448,8.1168,8.2190,0.7810,-23.7514,24,0.047124
TEL,99548,8.2406,8.2185,0.7815,-23.6476,24,0.047124
TEL,99648,8.1938,8.2178,0.7822,-23.6385,24,0.047124
TEL,99748,7.8077,8.2024,0.7976,-24.1980,24,0.047124
TEL,99848,8.1016,8.1919,0.8081,-24.5565,25,0.049087
TEL,99948,8.1938,8.1927,0.8073,-24.4395,24,0.047124
TEL,100048,8.2721,8.1990,0.8010,-24.1023,24,0.047124
TEL,100148,7.8649,8.1857,0.8143,-24.6082,25,0.049087
TEL,100248,8.1321,8.1771,0.8229,-24.8756,25,0.049087
TEL,100348,8.2563,8.1811,0.8189,-24.6071,25,0.049087
TEL,100448,8.1938,8.1853,0.8147,-24.4602,24,0.047124
TEL,100548,7.8362,8.1712,0.8288,-25.0093,25,0.049087
TEL,100648,8.1628,8.1640,0.8360,-25.1870,25,0.049087
TEL,100748,8.2721,8.1705,0.8295,-24.8300,25,0.049087
TEL,100848,8.2563,8.1791,0.8209,-24.4864,24,0.047124
TEL,100948,7.7935,8.1623,0.8377,-25.1902,25,0.049087
TEL,101048,8.1168,8.1529,0.8471,-25.5092,26,0.051051
TEL,101148,8.2093,8.1607,0.8393,-25.1815,25,0.049087
TEL,101248,8.2093,8.1692,0.8308,-24.8687,25,0.049087
