BALL_BEAM_REF_BOOT
HOST_START_READY
REF_CFG,profile=center_far_near_90s,center_cm=13.0000,near_cm=9.0000,far_cm=17.0000,segment_ms=30000
REF,1703,13.0000,hold_center
TEL,1707,10.7011,10.5420,2.4580,0.0000,0,0.000000
TEL,1807,8.0262,9.7894,3.2106,-72.0000,0,0.000000
TEL,1907,9.1388,9.1072,3.8928,-117.9682,63,0.123700
TEL,2007,10.0750,9.4786,3.5214,-99.3284,118,0.231692
TEL,2107,10.4520,9.8742,3.1258,-81.7102,99,0.194386
TEL,2207,10.7011,10.3235,2.6765,-66.7358,82,0.161007
TEL,2307,10.8821,10.5574,2.4426,-59.3659,67,0.131554
TEL,2407,11.1783,10.8563,2.1437,-50.8419,59,0.115846
TEL,2507,11.3179,11.0078,1.9922,-22.0537,51,0.100138
TEL,2607,11.4898,11.2035,1.7965,-19.6225,22,0.043197
TEL,2707,7.4802,10.7607,1.7965,-19.6225,20,0.039270
TEL,2807,10.2603,10.2029,2.6974,-78.5641,70,0.137445
TEL,2907,10.5752,10.3395,2.7971,-80.0370,80,0.157080
TEL,3007,11.0961,10.7489,2.5396,-68.7551,69,0.135481
TEL,3107,11.3462,10.9770,2.2511,-58.2671,58,0.113883
TEL,3207,11.5482,11.2380,1.9259,-24.5846,25,0.049087
TEL,3307,11.6367,11.3650,1.7620,-21.0364,21,0.041233
TEL,3407,11.4320,11.4193,1.6078,-20.3863,20,0.039270
TEL,3507,11.4608,11.4322,1.5807,-22.7016,23,0.045160
TEL,3607,7.2881,11.0327,1.5678,-24.4986,24,0.047124
TEL,3707,9.2154,10.1500,2.4249,-75.4628,60,0.117810
TEL,3807,10.0750,10.0523,2.8992,-88.5624,89,0.174751
TEL,3907,10.5256,10.3020,2.9477,-87.9867,88,0.172788
TEL,4007,10.8038,10.5026,2.6381,-76.3458,76,0.149226
TEL,4107,10.8821,10.6074,2.4483,-69.2748,69,0.135481
TEL,4207,10.9349,10.7371,2.3475,-65.3471,65,0.127627
TEL,4307,11.0418,10.8118,2.2262,-61.4469,61,0.119773
TEL,4407,10.9084,10.8382,2.1785,-60.6441,61,0.119773
TEL,4507,7.9521,10.4720,2.1618,-60.6010,61,0.119773
TEL,4608,9.3922,10.2392,2.7608,-81.6826,62,0.121737
TEL,4708,10.1669,10.1441,2.8559,-83.5914,83,0.162970
TEL,4808,10.5009,10.2600,2.7400,-78.5737,83,0.162970
TEL,4908,10.7266,10.3802,2.6198,-73.4073,78,0.153153
TEL,5008,10.8298,10.5409,2.4591,-67.9874,72,0.141372
TEL,5108,10.9881,10.6452,2.3548,-64.0762,67,0.131554
TEL,5208,11.0418,10.7858,2.2142,-59.9245,63,0.123700
TEL,5308,11.0689,10.8615,2.1385,-57.9681,59,0.115846
TEL,5408,7.2385,9.7475,2.1385,-57.9681,58,0.113883
TEL,5508,9.6379,9.5660,3.4691,-101.3586,92,0.180642
TEL,5608,10.2603,9.8862,3.3150,-92.8968,93,0.182605
TEL,5708,10.5503,10.0916,3.0276,-82.8173,83,0.162970
TEL,5808,10.7780,10.4343,2.7804,-73.0902,73,0.143335
TEL,5908,10.9614,10.6106,2.4779,-63.9015,64,0.125664
TEL,6008,11.0961,10.8334,2.2990,-58.2890,58,0.113883
TEL,6108,11.1233,10.8901,2.1666,-55.0951,55,0.107992
TEL,6208,8.6855,10.6476,2.0579,-52.6894,53,0.104065
TEL,6308,9.3326,9.7494,3.0114,-102.6903,90,0.176715
TEL,6408,9.9179,9.8254,3.2314,-103.6821,104,0.204204
TEL,6508,10.9084,10.1672,3.0240,-90.1076,90,0.176715
TEL,6608,11.2897,10.7313,2.6615,-73.7640,74,0.145299
TEL,6708,11.5189,11.0633,2.0945,-53.2642,53,0.104065
TEL,6808,11.7266,11.4259,1.7849,-18.3820,22,0.043197
TEL,6908,11.9102,11.4896,1.5741,-14.8367,15,0.029452
TEL,7008,11.9413,11.7019,1.4226,-12.5150,13,0.025525
TEL,7108,11.9726,11.7814,1.2561,-12.1164,12,0.023562
TEL,7208,9.9179,9.9578,1.8670,-52.1164,46,0.090321
TEL,7308,10.8821,10.6907,3.0422,-99.8024,88,0.172788
TEL,7408,11.0961,10.9203,2.2500,-72.3723,74,0.145299
TEL,7508,11.3747,11.0454,2.0315,-62.9588,63,0.123700
TEL,7608,11.4320,11.2475,1.8829,-36.9520,37,0.072649
TEL,7708,11.5189,11.3255,1.7113,-32.0930,32,0.062832
TEL,7808,11.4608,11.3438,1.6583,-31.1835,31,0.060868
TEL,7908,11.3747,11.3504,1.6525,-31.7914,32,0.062832
TEL,8008,7.5731,9.5454,1.8966,-49.2121,49,0.096211
TEL,8108,9.4323,9.8811,3.4546,-121.2121,89,0.174751
TEL,8208,10.0750,9.9022,3.1383,-117.9756,118,0.231692
TEL,8308,10.5752,10.0543,3.0590,-106.9848,107,0.210094
TEL,8408,10.6504,10.2765,2.8746,-94.5015,95,0.186532
TEL,8508,10.7780,10.4429,2.6328,-81.8636,82,0.161007
TEL,8608,11.0418,10.6785,2.4915,-74.6341,75,0.147262
TEL,8708,11.1233,10.7694,2.3215,-67.0777,67,0.131554
TEL,8808,8.4330,10.4962,2.1546,-60.4437,60,0.117810
TEL,8908,7.4671,10.7464,2.5038,-85.4835,83,0.162970
TEL,9008,10.5009,10.3536,2.5388,-87.7015,88,0.172788
TEL,9108,11.3747,10.9050,2.6464,-85.1800,85,0.166897
TEL,9208,11.8177,11.3540,1.9554,-45.1800,51,0.100138
TEL,9308,12.2283,11.6914,1.4849,-23.5973,24,0.047124
TEL,9408,12.6315,12.1680,1.1239,-9.9941,10,0.019635
TEL,9508,12.9867,12.4022,0.8320,-1.2354,1,0.001963
TEL,9608,13.2088,12.8046,0.4631,7.1029,-7,-0.013744
TEL,9708,8.6338,11.9564,0.0517,16.1809,-16,-0.031416
TEL,9808,12.1958,11.6227,1.4621,-23.8191,18,0.035343
TEL,9908,12.4944,11.9767,1.2264,-22.9398,23,0.045160
TEL,10008,12.9867,12.5551,0.8323,-7.3003,7,0.013744
TEL,10108,13.0969,12.7647,0.3404,3.3546,-3,-0.005890
TEL,10208,13.2088,12.9871,0.1347,8.1681,-8,-0.015708
TEL,10308,13.1340,12.9007,0.0129,8.9050,-9,-0.017671
TEL,10408,12.9142,12.9419,0.0689,5.6062,-6,-0.011781
TEL,10508,8.1938,12.2120,0.0581,-4.2349,4,0.007854
TEL,10608,10.7011,10.7037,2.2377,-76.2349,45,0.088357
TEL,10708,11.1783,10.8570,2.2362,-95.5620,96,0.188496
TEL,10808,11.2617,11.0769,2.0506,-79.0951,79,0.155116
TEL,10908,11.2897,10.9036,1.9231,-56.1036,56,0.109956
TEL,11008,11.0418,11.0091,2.0243,-66.4282,66,0.129591
TEL,11108,10.9881,10.9924,2.0069,-64.7879,65,0.127627
TEL,11208,10.7011,10.9260,2.0215,-64.2840,64,0.125664
TEL,11308,10.6252,10.8666,2.0740,-65.6841,66,0.129591
TEL,11408,10.4277,10.7366,2.1724,-68.6168,69,0.135481
TEL,11508,10.4277,10.6627,2.3028,-72.3869,72,0.141372
TEL,11608,10.4520,10.5942,2.3641,-73.7700,74,0.145299
TEL,11708,10.6757,10.5982,2.4108,-74.2527,74,0.145299
TEL,11808,10.8821,10.6430,2.3942,-72.8157,73,0.143335
TEL,11908,11.1233,10.7188,2.3251,-69.4213,69,0.135481
TEL,12008,11.5482,10.9500,2.2202,-64.5192,65,0.127627
TEL,12108,11.7872,11.1832,2.0500,-57.1626,57,0.111919
TEL,12208,12.0356,11.5570,1.6839,-23.0586,26,0.051051
TEL,12308,12.2610,11.8176,1.4430,-15.8114,16,0.031416
TEL,12408,12.3934,12.1134,1.0777,-8.1989,8,0.015708
TEL,12508,12.6662,12.2885,0.8866,-5.4544,5,0.009817
TEL,12608,12.8424,12.5194,0.6382,-1.6053,2,0.003927
TEL,12708,12.8068,12.6184,0.4216,1.1401,-1,-0.001963
TEL,12808,12.8424,12.6968,0.3508,0.1779,0,0.000000
TEL,12908,12.8068,12.7231,0.2886,-1.1062,1,0.001963
TEL,13008,12.5284,12.7006,0.2794,-4.4625,4,0.007854
TEL,13108,12.3934,12.6576,0.3155,-4.4625,4,0.007854
TEL,13208,12.2610,12.5680,0.3644,-9.6558,10,0.019635
TEL,13308,12.0040,12.4624,0.4783,-14.4327,14,0.027489
TEL,13408,11.7872,12.2594,0.5953,-19.0704,19,0.037306
TEL,13508,11.5189,12.0595,0.8322,-26.8622,27,0.053014
TEL,13608,11.2338,11.7114,1.0541,-34.5074,35,0.068722
TEL,13708,10.9881,11.4580,1.2886,-41.6580,42,0.082467
TEL,13808,10.6001,11.0395,1.6944,-52.7707,53,0.104065
TEL,13908,10.4034,10.7927,2.0934,-75.6401,76,0.149226
TEL,14008,10.0978,10.4776,2.3196,-81.9987,82,0.161007
TEL,14108,10.0071,10.3256,2.5965,-88.5180,89,0.174751
TEL,14208,9.8739,10.1299,2.7350,-91.0680,91,0.178678
TEL,14308,10.0071,10.0119,2.8701,-93.7418,94,0.184569
TEL,14408,10.2134,10.0526,2.9853,-94.2542,94,0.184569
TEL,14508,10.4277,10.1077,2.9474,-90.5751,91,0.178678
TEL,14608,8.7028,9.2220,3.1408,-102.8405,103,0.202240
TEL,14708,9.6170,9.6716,3.7780,-124.3784,124,0.243473
TEL,14808,10.9881,10.2942,3.1420,-96.3951,97,0.190459
TEL,14908,11.5482,10.8374,2.4514,-67.5840,69,0.135481
TEL,15008,12.2610,11.6792,1.8755,-27.5840,34,0.066759
TEL,15108,12.7714,12.1747,1.0805,2.9459,0,0.000000
TEL,15208,13.5161,12.9355,0.5823,16.6075,-17,-0.033379
TEL,15308,13.8370,13.2899,0.0645,29.6332,-30,-0.058905
TEL,15408,12.0356,12.4245,0.6162,-10.3668,4,0.007854
TEL,15508,13.0969,12.4992,0.7375,-39.7728,38,0.074613
TEL,15608,14.0448,13.3175,0.2756,-3.6850,8,0.015708
TEL,15708,14.5228,13.9466,-0.6662,24.2691,-23,-0.045160
TEL,15808,15.0320,14.6525,-1.2322,46.3279,-46,-0.090321
TEL,15908,15.3238,14.7516,-1.6525,55.6572,-56,-0.109956
TEL,16008,15.2254,15.0244,-1.8711,58.2096,-58,-0.113883
TEL,16108,10.0978,14.1582,-2.0746,66.4031,-66,-0.129591
TEL,16208,12.3600,12.2465,0.8992,26.4031,-32,-0.062832
TEL,16308,13.3993,12.6101,0.6600,-13.5969,7,0.013744
TEL,16408,13.5555,13.1430,0.1792,-35.6238,36,0.070686
TEL,16508,13.5161,13.3027,-0.2382,-16.9289,17,0.033379
TEL,16608,13.2088,13.3000,-0.3149,-8.9923,9,0.017671
TEL,16708,12.9503,13.1639,-0.3000,-6.1175,6,0.011781
TEL,16808,12.4944,12.9371,-0.0998,-10.0146,10,0.019635
TEL,16908,7.9669,10.9220,0.6740,-50.0146,43,0.084430
TEL,17008,10.4034,10.3100,2.4834,-100.2223,87,0.170824
TEL,17108,10.6504,10.4231,2.6444,-94.6007,95,0.186532
TEL,17208,10.5503,10.4733,2.5556,-85.6571,86,0.168861
TEL,17308,10.3553,10.4497,2.5365,-81.5124,82,0.161007
TEL,17408,10.1901,10.3839,2.5700,-80.1826,80,0.157080
TEL,17508,10.1208,10.3267,2.6475,-81.1074,81,0.159043
TEL,17608,7.7794,9.9922,2.7036,-81.7552,82,0.161007
TEL,17708,6.7961,9.9922,2.7036,-81.7552,82,0.161007
TEL,17808,9.1198,9.4413,3.2861,-100.0395,100,0.196350
TEL,17908,9.6801,9.4748,3.5587,-108.9390,109,0.214021
TEL,18008,10.1438,9.6949,3.4729,-102.2913,102,0.200277
TEL,18108,10.3553,9.8970,3.3051,-93.3877,93,0.182605
TEL,18208,10.8821,10.3112,2.9868,-80.7707,81,0.159043
TEL,18308,11.2338,10.6484,2.6888,-68.4240,68,0.133518
TEL,18408,8.2093,9.6153,2.3516,-55.3723,55,0.107992
TEL,18508,10.0297,9.3881,3.3847,-109.4278,104,0.204204
TEL,18608,11.4320,10.7899,3.1540,-84.2235,84,0.164934
TEL,18708,12.1635,11.5346,2.2101,-45.7041,46,0.090321
TEL,18808,12.9867,12.4398,1.1400,-5.7041,6,0.011781
TEL,18908,13.3993,12.8924,0.5602,27.7850,-28,-0.054978
TEL,19008,14.0027,13.4908,-0.0977,44.3171,-44,-0.086394
TEL,19108,14.0027,13.7251,-0.4908,49.9483,-50,-0.098175
TEL,19208,8.5659,10.1910,0.0175,9.9483,-10,-0.019635
TEL,19308,13.9610,12.5488,2.8090,-62.0517,46,0.090321
TEL,19408,13.4770,13.4309,0.4511,-22.0517,35,0.068722
TEL,19508,13.8370,13.6123,-0.4309,11.9483,-12,-0.023562
TEL,19608,14.2152,13.8652,-0.6978,23.2397,-23,-0.045160
TEL,19708,14.0448,13.9470,-0.8652,27.7709,-28,-0.054978
TEL,19808,13.9610,13.9836,-0.9629,26.5944,-27,-0.053014
TEL,19908,9.7653,13.5250,-0.9836,23.8087,-24,-0.047124
TEL,20008,11.8177,11.7182,0.7196,-16.1913,16,0.031416
TEL,20108,12.2939,12.0279,1.2818,-56.1913,56,0.109956
TEL,20208,12.6662,12.1621,0.9721,-38.6434,39,0.076576
TEL,20308,12.5626,12.3970,0.8379,-12.7645,13,0.025525
TEL,20408,12.2283,12.3775,0.5866,-8.1824,8,0.015708
TEL,20508,12.0673,12.3017,0.6225,-11.2044,11,0.021598
TEL,20608,9.1578,11.7419,0.7465,-15.9842,16,0.031416
TEL,20708,10.3553,10.5078,1.2581,-47.1835,47,0.092284
TEL,20808,10.0071,10.0217,2.8094,-100.3003,95,0.186532
TEL,20908,10.0297,10.0205,2.9783,-99.1272,99,0.194386
TEL,21008,10.0071,10.0238,2.9781,-94.6624,95,0.186532
TEL,21108,10.0523,10.0317,2.9762,-91.5462,92,0.180642
TEL,21208,10.0750,10.0384,2.9642,-88.8167,89,0.174751
TEL,21308,10.0750,10.0436,2.9616,-87.0575,87,0.170824
TEL,21408,7.3766,10.0519,2.9481,-85.4418,85,0.166897
TEL,21508,8.8081,9.9686,3.0314,-87.9347,88,0.172788
TEL,21608,10.0523,9.8875,3.1344,-91.0781,91,0.178678
TEL,21708,7.3258,9.9299,3.0701,-87.3198,90,0.176715
TEL,21808,11.0961,10.3006,2.8600,-77.2025,79,0.155116
TEL,21908,11.3747,10.6925,2.3075,-56.3437,69,0.135481
TEL,22008,11.9102,11.3771,1.8294,-16.3437,47,0.092284
TEL,22108,12.2283,11.1996,1.8004,21.1795,8,0.015708
TEL,22208,10.2839,9.7388,3.7871,-50.8204,-13,-0.025525
TEL,22308,11.3179,10.7570,2.2430,-54.2387,52,0.102102
TEL,22408,12.5284,11.9789,1.3451,-14.2387,46,0.090321
TEL,22508,13.0232,12.5675,0.4325,25.2110,6,0.011781
TEL,22608,13.3225,13.0173,0.0965,30.6158,-31,-0.060868
TEL,22708,13.5950,13.2129,-0.2129,36.3770,-36,-0.070686
TEL,22808,13.5161,13.3736,-0.3412,31.2040,-31,-0.060868
TEL,22908,13.3993,12.9741,0.2242,-8.7960,-22,-0.043197
TEL,23008,12.7361,11.9498,1.4671,-40.3616,18,0.035343
TEL,23108,11.9102,12.1166,0.8834,-31.1848,33,0.064795
TEL,23208,12.2610,12.1553,0.8694,-25.4550,25,0.049087
TEL,23308,12.1635,12.1670,0.8330,-22.3130,22,0.043197
TEL,23408,12.0356,12.1423,0.8450,-20.8986,21,0.041233
TEL,23508,11.8484,12.0911,0.9089,-22.1263,22,0.043197
TEL,23608,10.6757,11.4776,1.2952,-45.1166,30,0.058905
TEL,23708,9.2736,10.9251,2.0749,-77.4836,52,0.102102
TEL,23808,10.5256,10.4564,2.5715,-89.4369,85,0.166897
TEL,23908,10.5009,10.4595,2.5405,-83.5220,84,0.164934
TEL,24008,10.4764,10.4538,2.5495,-80.7233,81,0.159043
TEL,24108,10.4520,10.4510,2.5490,-78.2776,78,0.153153
TEL,24208,10.5009,10.4590,2.5447,-76.3521,76,0.149226
TEL,24308,10.5503,10.4703,2.5296,-74.6190,75,0.147262
TEL,24408,8.8438,10.0874,2.9126,-88.0715,76,0.149226
TEL,24508,9.5547,9.8888,3.1112,-94.7164,89,0.174751
TEL,24608,10.2839,10.0088,2.9912,-87.8493,94,0.184569
TEL,24708,10.7011,10.1932,2.8068,-78.6508,87,0.170824
TEL,24808,11.0418,10.5549,2.4451,-64.8702,78,0.153153
TEL,24908,11.3462,10.8324,2.1676,-53.8780,64,0.125664
TEL,25008,11.6965,11.2553,1.7447,-17.2108,53,0.104065
TEL,25108,12.0040,11.5384,1.4616,-9.5124,16,0.031416
TEL,25208,12.2610,11.8761,1.1239,-3.1539,9,0.017671
TEL,25308,12.3934,12.0475,0.9525,-0.8484,2,0.003927
TEL,25408,12.5626,12.2627,0.7373,1.3915,0,0.000000
TEL,25508,12.7011,12.4006,0.5994,2.5369,-2,-0.003927
TEL,25608,12.8424,12.5878,0.4122,4.3117,-4,-0.007854
TEL,25708,12.9867,12.6796,0.3204,5.0094,-5,-0.009817
TEL,25808,12.9503,12.7831,0.2446,4.5983,-5,-0.009817
TEL,25908,12.8068,12.7888,0.2112,-1.3657,-4,-0.007854
TEL,26008,12.7011,12.7871,0.2129,-1.3657,1,0.001963
TEL,26108,12.5626,12.7614,0.2386,-1.3657,1,0.001963
TEL,26208,12.3934,12.6820,0.3180,-1.3657,1,0.001963
TEL,26308,12.2939,12.6182,0.3818,-9.7692,2,0.003927
TEL,26408,12.1635,12.4982,0.4582,-12.8608,11,0.021598
TEL,26508,11.9102,12.3738,0.6262,-18.4544,14,0.027489
TEL,26608,11.6665,12.1478,0.8522,-25.3739,19,0.037306
TEL,26708,11.5775,11.9741,1.0259,-30.3354,26,0.051051
TEL,26808,11.2338,11.6812,1.3188,-37.9578,31,0.060868
TEL,26908,10.9881,11.4572,1.5428,-44.3359,39,0.076576
TEL,27008,10.7266,11.1333,1.8667,-51.3763,45,0.088357
TEL,27108,10.5752,10.9310,2.0690,-70.0997,52,0.102102
TEL,27208,10.4277,10.7156,2.2844,-75.2813,71,0.139408
TEL,27308,10.3314,10.6032,2.3968,-77.5136,76,0.149226
TEL,27408,10.2839,10.4860,2.5140,-79.4694,79,0.155116
TEL,27508,10.4034,10.4556,2.5444,-78.4734,78,0.153153
TEL,27608,10.5009,10.4622,2.5378,-76.5567,77,0.151189
TEL,27708,8.8617,9.9833,3.0167,-96.5979,78,0.153153
TEL,27808,10.1669,9.8656,3.1344,-94.4111,96,0.188496
TEL,27908,10.7780,10.1707,2.8293,-79.3502,93,0.182605
TEL,28008,11.4898,10.8224,2.1776,-53.9486,78,0.153153
TEL,28108,11.8792,11.2713,1.7287,-13.9486,53,0.104065
TEL,28208,12.1958,11.8343,1.3048,0.5111,13,0.025525
TEL,28308,9.4728,10.6378,2.3622,-71.4889,0,0.000000
TEL,28408,11.7266,10.9843,2.0157,-46.7100,65,0.127627
TEL,28508,12.7714,12.2600,0.7400,-6.7100,47,0.092284
TEL,28608,13.5555,13.1134,-0.1134,27.2900,6,0.011781
TEL,28708,13.8781,13.5058,-0.5058,45.4385,-28,-0.054978
TEL,28808,14.0448,13.8662,-0.8074,47.4662,-46,-0.090321
TEL,28908,14.4337,14.0686,-1.0686,47.8370,-48,-0.094248
TEL,29008,12.8782,12.8577,0.1423,16.3692,-47,-0.092284
TEL,29108,13.6348,13.0983,-0.0983,26.6105,-17,-0.033379
TEL,29208,12.2610,13.1749,-0.4964,37.0648,-28,-0.054978
TEL,29308,14.3018,13.7374,-0.7374,47.4893,-38,-0.074613
TEL,29408,14.2152,14.0225,-1.0225,45.7851,-46,-0.090321
TEL,29508,14.1295,14.0758,-1.0758,39.2761,-45,-0.088357
TEL,29608,11.6071,12.1918,0.8082,-0.7239,-38,-0.074613
TEL,29708,12.2610,12.1863,0.8137,-18.8657,2,0.003927
TEL,29808,12.5969,12.4067,0.5933,-11.3800,18,0.035343
TEL,29908,12.3600,12.3973,0.6027,-11.8416,12,0.023562
TEL,30008,11.9413,12.2738,0.7262,-16.5245,13,0.025525
TEL,30108,11.4898,12.0971,0.9029,-24.1888,18,0.035343
TEL,30208,7.6000,9.1419,3.8581,-96.1888,25,0.049087
TEL,30308,9.8085,9.6750,3.3250,-123.1202,90,0.176715
TEL,30408,9.7012,9.7243,3.2757,-113.4874,122,0.239546
TEL,30508,9.5547,9.6820,3.3180,-109.3368,112,0.219911
TEL,30608,9.1961,9.5768,3.3672,-106.9427,108,0.212057
TEL,30708,9.3128,9.5133,3.4867,-107.7702,108,0.212057
TEL,30808,8.9340,9.3826,3.5533,-107.8513,108,0.212057
TEL,30908,8.2563,9.2297,3.7703,-114.1106,109,0.214021
TEL,31008,8.8977,9.0155,3.9845,-118.6256,115,0.225802
TEL,31108,9.2347,9.0680,3.9320,-114.3121,118,0.231692
TEL,31208,9.2154,9.1787,3.8275,-108.7492,113,0.221875
TEL,31308,9.9624,9.3553,3.6447,-100.2495,108,0.212057
TEL,31408,10.4520,9.7787,3.2213,-83.6903,99,0.194386
TEL,31508,7.5597,8.7469,4.2531,-132.2916,85,0.166897
TEL,31608,10.7522,10.1662,2.8338,-76.2587,131,0.257218
REF,31700,17.0000,hold_far
TEL,31708,11.5775,10.9273,6.0727,-72.0000,76,0.149226
TEL,31808,12.5626,11.9354,5.3857,-110.8586,74,0.145299
TEL,31908,13.1340,12.5194,4.4806,-87.5969,109,0.214021
TEL,32008,14.0448,13.3611,3.9456,-74.6025,86,0.168861
TEL,32108,9.6170,12.3717,4.6283,-145.8941,77,0.151189
TEL,32208,14.0448,13.2859,4.1099,-117.8081,141,0.276853
TEL,32308,15.0320,14.2517,2.7483,-64.0194,118,0.231692
TEL,32408,16.1015,15.5069,1.8456,-24.0194,64,0.125664
TEL,32508,17.0757,16.3852,0.6148,15.9806,22,0.043197
TEL,32608,17.9637,17.3343,-0.0219,49.9806,-18,-0.035343
TEL,32708,11.2897,15.6218,1.3782,9.9806,-48,-0.094248
TEL,32808,16.1559,15.8053,1.4029,-30.0194,-8,-0.015708
TEL,32908,17.2591,16.6270,0.3730,-10.2932,28,0.054978
TEL,33008,17.6369,17.2537,-0.0910,-0.4674,8,0.015708
TEL,33108,17.7663,17.5052,-0.5052,19.8821,-2,-0.003927
TEL,33208,17.8974,17.6992,-0.6499,22.9584,-22,-0.043197
TEL,33308,11.8484,16.7206,0.2794,-17.0416,-21,-0.041233
TEL,33408,16.1015,16.0696,0.9769,22.9584,16,0.031416
TEL,33508,17.0757,16.7662,0.2338,42.8952,-25,-0.049087
TEL,33608,17.5729,17.2118,-0.0782,49.5663,-45,-0.088357
TEL,33708,17.7663,17.4524,-0.4524,47.8968,-49,-0.096211
TEL,33808,17.8974,17.6716,-0.6149,43.5185,-46,-0.090321
TEL,33908,11.4320,14.7848,2.2152,-28.4815,-42,-0.082467
TEL,34008,16.4899,15.4434,2.9689,-74.1710,23,0.045160
TEL,34108,16.8960,16.5528,0.4472,-34.1710,72,0.141372
TEL,34208,17.5729,17.2239,-0.0643,-0.1710,32,0.062832
TEL,34308,17.8316,17.4654,-0.4654,33.8290,-1,-0.001963
TEL,34408,17.9637,17.7103,-0.6435,37.3031,-36,-0.070686
TEL,34508,11.2060,14.5136,2.4864,-34.6969,-35,-0.068722
TEL,34608,15.5243,14.8872,2.3920,-106.6969,30,0.058905
TEL,34708,17.0757,16.0193,0.9807,-66.6969,103,0.202240
TEL,34808,17.6369,17.1827,0.0892,-26.6969,68,0.133518
TEL,34908,17.8316,17.4994,-0.4994,7.3031,26,0.051051
TEL,35008,18.0304,17.7549,-0.6778,27.6551,-8,-0.015708
TEL,35108,11.5189,14.4220,2.5780,-44.3449,-27,-0.053014
TEL,35208,17.2591,16.2345,2.5737,-45.6985,38,0.074613
TEL,35308,17.1976,16.7428,0.2572,-5.6985,45,0.088357
TEL,35408,17.7663,17.4674,-0.3276,28.3015,5,0.009817
TEL,35508,17.8316,17.6040,-0.6040,50.3537,-29,-0.056941
TEL,35608,17.9637,17.7698,-0.7257,44.3169,-49,-0.096211
TEL,35708,11.1508,14.6894,2.3106,-27.6831,-43,-0.084430
TEL,35808,17.0757,15.5957,2.0833,-95.0383,22,0.043197
TEL,35908,17.3210,16.5686,0.4314,-55.0383,93,0.182605
TEL,36008,17.7663,17.3648,-0.1689,-21.0383,56,0.109956
TEL,36108,17.8316,17.5924,-0.5924,12.9617,20,0.039270
TEL,36208,12.8068,16.7630,-0.7153,19.2472,-14,-0.027489
TEL,36308,14.2584,14.4873,2.5127,-52.7528,-18,-0.035343
TEL,36408,16.3771,15.5803,1.8717,-19.4873,46,0.090321
TEL,36508,17.2591,16.5577,0.4423,20.5127,21,0.041233
TEL,36608,17.7014,17.4296,-0.2861,49.5388,-22,-0.043197
TEL,36708,17.8316,17.6221,-0.6221,46.7157,-49,-0.096211
TEL,36808,18.0304,17.7855,-0.7293,40.7194,-46,-0.090321
TEL,36908,14.7042,15.9146,1.0854,0.7194,-40,-0.078540
TEL,37008,16.5468,16.0644,1.1784,-26.6379,0,0.000000
TEL,37108,17.3210,16.7163,0.2837,5.7722,26,0.051051
TEL,37208,17.7663,17.3815,-0.2169,25.3634,-7,-0.013744
TEL,37308,17.8316,17.5883,-0.5883,30.1824,-26,-0.051051
TEL,37408,11.2617,16.4447,-0.7630,31.6195,-31,-0.060868
TEL,37508,14.8430,14.5353,2.4647,-40.3805,-31,-0.060868
TEL,37608,16.7197,16.1369,0.8631,-0.3805,34,0.066759
TEL,37708,17.7663,17.1030,-0.1030,33.6195,4,0.007854
TEL,37808,17.8316,17.4969,-0.4969,61.1482,-35,-0.068722
TEL,37908,18.0304,17.7248,-0.7248,55.4374,-60,-0.117810
TEL,38008,18.0975,17.8891,-0.8414,47.8714,-54,-0.106029
TEL,38108,18.0975,17.9318,-0.9318,41.5197,-47,-0.092284
TEL,38208,17.9637,17.9501,-0.9483,34.5934,-41,-0.080503
TEL,38308,18.0304,17.9656,-0.9656,30.0134,-34,-0.066759
TEL,38408,18.0304,17.9810,-0.9765,26.2408,-29,-0.056941
TEL,38508,17.9637,17.9785,-0.9785,23.4518,-25,-0.049087
TEL,38608,18.0975,17.9925,-0.9853,22.0638,-22,-0.043197
TEL,38708,17.9637,17.9930,-0.9930,20.5678,-21,-0.041233
TEL,38808,18.0304,17.9989,-0.9989,19.7176,-20,-0.039270
TEL,38908,18.0975,18.0089,-1.0089,19.3813,-19,-0.037306
TEL,39008,18.0304,18.0119,-1.0119,18.8479,-19,-0.037306
TEL,39108,18.0975,18.0165,-1.0165,18.6693,-19,-0.037306
TEL,39208,18.0975,18.0209,-1.0177,18.3245,-18,-0.035343
TEL,39308,18.0304,18.0217,-1.0217,18.1204,-18,-0.035343
TEL,39408,18.0304,18.0250,-1.0250,17.9737,-18,-0.035343
TEL,39508,18.0304,18.0254,-1.0254,17.8333,-18,-0.035343
TEL,39608,18.0975,18.0324,-1.0324,17.9663,-18,-0.035343
TEL,39708,18.0304,18.0322,-1.0322,17.8416,-18,-0.035343
TEL,39808,18.0975,18.0382,-1.0382,17.9689,-18,-0.035343
TEL,39908,18.0304,18.0377,-1.0377,17.8563,-18,-0.035343
TEL,40008,17.9637,18.0333,-1.0354,17.7460,-18,-0.035343
TEL,40108,17.9637,18.0312,-1.0312,17.5211,-18,-0.035343
TEL,40208,17.1364,18.0044,-1.0293,17.3842,-17,-0.033379
TEL,40308,18.2332,18.0168,-1.0168,17.7068,-18,-0.035343
TEL,40408,15.4235,16.5963,0.4037,-22.2932,-17,-0.033379
TEL,40508,17.0154,16.9452,0.0548,-18.0709,21,0.041233
TEL,40608,17.5093,17.1982,-0.1982,-0.0045,17,0.033379
TEL,40708,17.7663,17.4347,-0.4347,6.2181,-1,-0.001963
TEL,40808,17.8974,17.6183,-0.6183,13.2463,-7,-0.013744
TEL,40908,12.7361,16.8418,0.1582,-26.7537,-12,-0.023562
TEL,41008,15.7297,15.4787,1.5213,-45.8783,28,0.054978
TEL,41108,17.2591,16.4166,0.5834,-5.8783,45,0.088357
TEL,41208,16.1559,16.7716,-0.0926,28.1217,5,0.009817
TEL,41308,17.8316,17.3473,-0.3473,39.8184,-29,-0.056941
TEL,41408,18.1652,17.7498,-0.7498,44.9357,-41,-0.080503
TEL,41508,11.4033,16.4070,0.5930,4.9357,-44,-0.086394
TEL,41608,16.6040,15.9752,1.0248,-35.0643,-4,-0.007854
TEL,41708,17.2591,16.6362,0.3638,-6.6496,34,0.066759
TEL,41808,17.7014,17.3208,-0.3208,-0.0488,6,0.011781
TEL,41908,17.8316,17.5443,-0.5443,21.6645,-1,-0.001963
TEL,42008,18.1652,17.7943,-0.7943,27.7692,-23,-0.045160
TEL,42108,14.1722,15.5862,1.4138,-12.2308,-27,-0.053014
TEL,42208,16.7781,16.0465,0.9535,-30.1731,13,0.025525
TEL,42308,17.3210,16.8969,0.1031,-0.1031,29,0.056941
TEL,42408,16.9555,17.1951,-0.2898,17.5389,-1,-0.001963
TEL,42508,17.8316,16.8739,0.1261,43.1831,-19,-0.037306
TEL,42608,11.9102,15.5836,1.4164,3.1831,-42,-0.082467
TEL,42708,15.1281,15.0016,1.9984,-36.8169,-2,-0.003927
TEL,42808,17.0154,16.4071,0.5929,-24.5995,36,0.070686
TEL,42908,17.5093,17.0273,-0.0273,-0.1192,24,0.047124
TEL,43008,17.7663,17.4940,-0.4940,16.9725,-1,-0.001963
TEL,43108,17.9637,17.6935,-0.6935,22.6477,-18,-0.035343
TEL,43208,10.9881,13.9232,3.0768,-49.3523,-22,-0.043197
TEL,43308,16.8368,16.0165,0.9835,-55.1835,43,0.084430
TEL,43408,17.1364,16.8561,0.1439,-21.6475,54,0.106029
TEL,43508,17.6369,17.2368,-0.2368,-0.0623,21,0.041233
TEL,43608,17.4461,17.4715,-0.4793,9.3613,-1,-0.001963
TEL,43708,18.1652,17.6817,-0.6817,19.0634,-10,-0.019635
TEL,43808,14.9370,15.1748,1.8252,-20.9366,-18,-0.035343
TEL,43908,16.5468,15.8020,1.1980,-8.0303,20,0.039270
TEL,44008,15.5243,16.2340,0.3665,23.7105,7,0.013744
TEL,44108,17.8316,17.1715,-0.1715,51.1498,-25,-0.049087
TEL,44208,17.8974,17.6548,-0.6548,51.2173,-51,-0.100138
TEL,44308,11.7568,16.3654,0.6346,11.2173,-50,-0.098175
TEL,44408,16.0473,15.9458,1.0542,-28.7827,-10,-0.019635
TEL,44508,16.8368,16.3416,0.6584,-16.6475,28,0.054978
TEL,44608,15.9936,16.6001,0.1359,6.9301,16,0.031416
TEL,44708,17.8974,17.2599,-0.2599,29.5779,-8,-0.015708
TEL,44808,17.8974,17.6622,-0.6622,34.0623,-31,-0.060868
TEL,44908,10.9881,14.2985,2.7015,-37.9377,-33,-0.064795
TEL,45008,17.9637,16.2898,1.8090,-77.9377,32,0.062832
TEL,45108,17.3210,16.8263,0.1737,-37.9377,77,0.151189
TEL,45208,16.6617,17.0520,-0.2058,-7.6089,37,0.072649
TEL,45308,17.8974,17.4143,-0.4143,9.0152,7,0.013744
TEL,45408,17.7663,17.6463,-0.6122,16.9297,-10,-0.019635
TEL,45508,14.8899,15.7450,1.2550,-23.0703,-16,-0.031416
TEL,45608,16.8368,16.2747,0.7253,-22.0494,22,0.043197
TEL,45708,17.4461,16.8458,0.1542,-0.1028,21,0.041233
TEL,45808,17.7663,17.4168,-0.4168,20.9165,-1,-0.001963
TEL,45908,17.8974,17.6447,-0.6447,25.6593,-22,-0.043197
TEL,46008,11.7568,16.5773,0.4227,-14.3407,-25,-0.049087
TEL,46108,15.8343,15.6879,1.3121,-54.3407,15,0.029452
TEL,46208,17.3210,16.6713,0.3287,-14.3407,53,0.104065
TEL,46308,17.5729,17.2269,-0.2269,-0.0550,13,0.025525
TEL,46408,17.8974,17.6109,-0.6109,20.5057,-1,-0.001963
TEL,46508,17.8974,17.7367,-0.7367,22.2593,-22,-0.043197
TEL,46608,14.6585,14.7127,2.2873,-49.7407,-21,-0.041233
TEL,46708,16.8368,15.6583,1.3417,-9.7407,44,0.086394
TEL,46808,16.4899,16.5679,0.3827,30.2593,14,0.027489
TEL,46908,17.8316,17.2423,-0.2423,59.7365,-31,-0.060868
TEL,47008,17.8974,17.6550,-0.6550,55.8570,-59,-0.115846
TEL,47108,12.6315,16.6240,0.3760,15.8570,-55,-0.107992
TEL,47208,17.9637,16.6947,1.8170,3.1600,-15,-0.029452
TEL,47308,16.8368,16.6088,0.3912,26.3795,-4,-0.007854
TEL,47408,17.6369,17.1713,-0.1713,40.4941,-27,-0.053014
TEL,47508,17.8316,17.4766,-0.4766,42.2175,-41,-0.080503
TEL,47608,18.0304,17.7342,-0.7342,41.4167,-41,-0.080503
TEL,47708,11.3179,14.5547,2.4453,-30.5833,-40,-0.078540
TEL,47808,16.6040,15.8774,1.1226,-61.4795,25,0.049087
TEL,47908,17.1976,16.7527,0.2473,-21.4795,60,0.117810
TEL,48008,17.9637,17.4345,-0.4345,8.6423,20,0.039270
TEL,48108,17.8974,17.6246,-0.6246,16.8290,-10,-0.019635
TEL,48208,17.7663,17.7379,-0.7313,19.3613,-18,-0.035343
TEL,48308,14.1722,15.6061,1.3939,-20.6387,-18,-0.035343
TEL,48408,16.9555,16.5365,0.4635,-29.1929,22,0.043197
TEL,48508,17.3833,16.9502,0.0498,-0.0263,28,0.054978
TEL,48608,17.7663,17.4524,-0.4524,10.0083,-1,-0.001963
TEL,48708,17.8974,17.6256,-0.6256,16.8458,-11,-0.021598
TEL,48808,17.8316,17.1497,0.3497,-23.1542,-16,-0.031416
TEL,48908,16.2658,16.2942,0.7058,-48.9797,24,0.047124
TEL,49008,10.9614,14.9743,0.2976,-13.9780,48,0.094248
TEL,49108,17.7014,17.0875,-0.0875,20.0220,13,0.025525
TEL,49208,17.8974,17.6311,-0.6311,43.2546,-21,-0.041233
TEL,49308,18.0304,17.7809,-0.7809,40.9167,-42,-0.082467
TEL,49408,14.5228,14.3811,2.6189,-31.0833,-40,-0.078540
TEL,49508,16.7197,16.1622,0.8378,8.9167,25,0.049087
TEL,49608,17.7663,17.1919,-0.1919,42.9167,-5,-0.009817
TEL,49708,17.7663,17.4686,-0.4686,57.1727,-43,-0.084430
TEL,49808,17.9637,17.6988,-0.6988,51.0960,-56,-0.109956
TEL,49908,17.8974,17.7782,-0.7782,42.7710,-50,-0.098175
TEL,50008,18.0304,17.8697,-0.8697,37.4396,-42,-0.082467
TEL,50108,18.0304,17.9095,-0.9095,32.6635,-36,-0.070686
TEL,50208,18.0304,17.9392,-0.9286,28.3305,-32,-0.062832
TEL,50308,18.0304,17.9558,-0.9558,25.6475,-27,-0.053014
TEL,50408,18.0304,17.9784,-0.9784,23.6109,-25,-0.049087
TEL,50508,18.3018,18.0060,-1.0060,23.4350,-23,-0.045160
TEL,50608,17.9637,18.0018,-1.0047,21.4154,-22,-0.043197
TEL,50708,18.0304,18.0054,-1.0054,20.2857,-20,-0.039270
TEL,50808,18.0304,18.0059,-1.0045,19.4488,-19,-0.037306
TEL,50908,18.0975,18.0154,-1.0154,19.2186,-19,-0.037306
TEL,51008,18.0975,18.0275,-1.0275,19.0796,-19,-0.037306
TEL,51108,18.0304,18.0277,-1.0277,18.6310,-19,-0.037306
TEL,51208,18.0975,18.0282,-1.0251,18.0935,-18,-0.035343
TEL,51308,18.0975,18.0311,-1.0311,18.1688,-18,-0.035343
TEL,51408,18.0975,18.0362,-1.0362,18.2143,-18,-0.035343
TEL,51508,18.0304,18.0358,-1.0358,18.0237,-18,-0.035343
TEL,51608,18.0975,18.0398,-1.0398,18.0924,-18,-0.035343
TEL,51708,18.0304,18.0392,-1.0392,17.9454,-18,-0.035343
TEL,51808,18.0304,18.0404,-1.0407,17.9986,-18,-0.035343
TEL,51908,18.0975,18.0418,-1.0418,18.0282,-18,-0.035343
TEL,52008,18.0975,18.0409,-1.0409,18.0205,-18,-0.035343
TEL,52108,12.1313,17.8689,-0.8689,5.0743,-17,-0.033379
TEL,52208,15.5752,16.0560,0.9440,-34.9257,-4,-0.007854
TEL,52308,16.7197,16.3196,0.6804,-20.3249,34,0.066759
TEL,52408,17.6369,17.0333,-0.0333,-0.0545,19,0.037306
TEL,52508,17.6369,17.3402,-0.3402,17.4168,-1,-0.001963
TEL,52608,17.7014,17.6087,-0.5814,23.9861,-18,-0.035343
TEL,52708,10.7522,16.3331,0.6669,-16.0139,-23,-0.045160
TEL,52808,16.2658,16.2007,0.7993,-55.7675,17,0.033379
TEL,52908,17.1976,16.6328,0.3672,-25.5069,55,0.107992
TEL,53008,17.7014,17.2503,-0.2503,-0.0284,25,0.049087
TEL,53108,17.8974,17.5174,-0.5174,12.2657,-1,-0.001963
TEL,53208,11.6367,16.4149,0.5851,-27.7343,-11,-0.021598
TEL,53308,15.6264,16.2691,0.7309,-67.7343,29,0.056941
TEL,53408,17.0154,16.6903,0.3097,-42.8255,67,0.131554
TEL,53508,17.6369,17.1105,-0.1105,-16.7680,42,0.082467
TEL,53608,17.8974,17.5138,-0.5138,2.5536,16,0.031416
TEL,53708,17.8316,17.6672,-0.6672,9.6382,-4,-0.007854
TEL,53808,10.9349,14.3649,2.6351,-62.3618,-9,-0.017671
TEL,53908,16.1559,16.0892,0.9108,-96.0000,56,0.109956
TEL,54008,17.4461,16.9353,0.0647,-56.0000,95,0.186532
TEL,54108,17.7014,17.2836,-0.2836,-22.3220,55,0.107992
TEL,54208,17.5093,17.5170,-0.5194,-4.5582,21,0.041233
TEL,54308,18.0304,17.6946,-0.6946,6.8242,4,0.007854
TEL,54408,17.8974,16.6028,1.7267,-33.1758,-6,-0.011781
TEL,54508,17.1364,16.7421,0.2579,-36.4089,34,0.066759
TEL,54608,16.2658,16.8821,-0.1194,-14.2998,35,0.068722
TEL,54708,17.7663,17.3332,-0.3332,-0.0023,13,0.025525
TEL,54808,17.6369,17.6082,-0.5989,16.5053,-1,-0.001963
TEL,54908,10.9881,14.0803,2.9197,-55.4947,-16,-0.031416
TEL,55008,10.9881,13.5019,1.6904,-91.3123,49,0.096211
TEL,55108,17.3210,16.5952,0.4048,-51.3123,90,0.176715
TEL,55208,17.8316,17.5589,-0.5589,-17.3123,50,0.098175
TEL,55308,17.9637,17.7913,-0.7913,16.6877,16,0.031416
TEL,55408,17.8974,17.8887,-0.8867,31.7166,-18,-0.035343
TEL,55508,15.6779,16.7967,0.2033,-8.2834,-31,-0.060868
TEL,55608,17.1364,16.7497,0.2503,-0.0306,7,0.013744
TEL,55708,17.7014,17.0997,-0.0997,-0.0306,0,0.000000
TEL,55808,17.8974,17.5185,-0.5185,21.3712,-1,-0.001963
TEL,55908,18.0304,17.7542,-0.7542,26.6545,-22,-0.043197
TEL,56008,15.0320,14.6705,2.3295,-40.1628,-26,-0.051051
TEL,56108,16.7781,16.0413,0.9587,-0.1628,35,0.068722
TEL,56208,17.3833,17.0301,-0.0301,33.8372,3,0.005890
TEL,56308,17.7663,17.3822,-0.3822,58.4313,-35,-0.068722
TEL,56408,18.0304,17.7007,-0.7007,54.6313,-57,-0.111919
TEL,56508,11.7872,16.5275,0.4725,14.6313,-54,-0.106029
TEL,56608,16.2107,16.1294,0.8706,-25.3687,-14,-0.027489
TEL,56708,17.3210,16.6280,0.3720,-9.4166,24,0.047124
TEL,56808,14.4781,16.3201,-0.0317,-0.0363,8,0.015708
TEL,56908,17.8316,17.2428,-0.2428,32.5496,-1,-0.001963
TEL,57008,17.7663,17.6926,-0.6622,40.2498,-34,-0.066759
TEL,57108,14.1295,15.1720,1.8280,0.2498,-39,-0.076576
TEL,57208,17.0154,16.3566,0.6434,-15.4507,1,0.001963
TEL,57308,17.4461,16.9305,0.0695,9.3178,14,0.027489
TEL,57408,17.8974,17.5031,-0.5031,26.2444,-10,-0.019635
TEL,57508,17.9637,17.6950,-0.6950,29.3748,-27,-0.053014
TEL,57608,17.8974,17.2135,0.2896,-10.6252,-28,-0.054978
TEL,57708,16.1559,16.2748,0.7252,-47.9605,12,0.023562
TEL,57808,17.4461,16.8437,0.1563,-16.2005,47,0.092284
TEL,57908,17.7014,17.2308,-0.2308,-0.0537,15,0.029452
TEL,58008,17.9637,17.6038,-0.6038,16.2789,-1,-0.001963
TEL,58108,18.0975,17.7866,-0.7866,22.5706,-17,-0.033379
TEL,58208,15.4737,15.5722,1.4278,-17.4294,-22,-0.043197
TEL,58308,16.6040,16.0390,0.9610,-3.9632,16,0.031416
TEL,58408,17.5729,17.0345,-0.0345,26.8942,3,0.005890
TEL,58508,17.8974,17.4766,-0.4766,37.6126,-28,-0.054978
TEL,58608,18.1652,17.7737,-0.7737,40.7742,-39,-0.076576
TEL,58708,14.1295,15.6564,1.3436,0.7742,-40,-0.078540
TEL,58808,18.0975,16.5559,1.2251,-35.3289,0,0.000000
TEL,58908,17.3210,16.9835,0.0165,-0.2212,34,0.066759
TEL,59008,17.7663,17.4388,-0.4388,14.0169,-1,-0.001963
TEL,59108,17.9637,17.6334,-0.6334,21.0238,-15,-0.029452
TEL,59208,11.6965,14.6313,2.3687,-50.9762,-20,-0.039270
TEL,59308,16.6040,15.5398,1.4602,-59.7616,45,0.088357
TEL,59408,17.1364,16.7201,0.2799,-19.7616,59,0.115846
TEL,59508,17.6369,17.1479,-0.1479,-0.1437,19,0.037306
TEL,59608,17.3210,17.4133,-0.4439,14.9436,-1,-0.001963
TEL,59708,18.0304,17.6208,-0.6208,21.9079,-16,-0.031416
TEL,59808,15.4737,14.8618,2.1382,-21.4682,-21,-0.041233
TEL,59908,16.6617,16.0141,0.9859,18.5318,21,0.041233
TEL,60008,17.5729,17.0115,-0.0115,52.5318,-20,-0.039270
TEL,60108,17.7014,17.3830,-0.3830,67.6231,-54,-0.106029
TEL,60208,17.9637,17.6881,-0.6881,60.0939,-67,-0.131554
TEL,60308,11.2897,14.4731,2.5269,-11.9061,-59,-0.115846
TEL,60408,16.5468,15.7080,1.2920,-51.9061,6,0.011781
TEL,60508,17.3210,16.8092,0.1908,-11.9061,51,0.100138
TEL,60608,17.7663,17.4323,-0.4323,11.9829,11,0.021598
TEL,60708,17.8316,17.5985,-0.5985,17.7452,-13,-0.025525
TEL,60808,12.1958,16.6837,0.3163,-22.2548,-17,-0.033379
TEL,60908,14.9370,14.8505,2.1495,-78.3333,23,0.045160
TEL,61008,18.0975,16.8769,1.0053,-38.3333,77,0.151189
TEL,61108,17.5729,17.3015,-0.3015,-4.3333,38,0.074613
TEL,61208,17.8974,17.6103,-0.6103,29.6667,3,0.005890
TEL,61308,17.7663,17.7052,-0.7052,26.9874,-29,-0.056941
TEL,61408,14.5678,14.7923,2.2077,-45.0126,-26,-0.051051
TEL,61508,16.7197,15.8801,1.1199,-5.0126,39,0.076576
TEL,61608,17.9637,17.5747,-0.5747,28.9874,9,0.017671
REF,61700,9.0000,hold_near
TEL,61708,18.0975,17.8306,-8.8306,56.0000,-29,-0.056941
TEL,61808,18.0304,17.9634,-8.9464,112.0000,-58,-0.113883
TEL,61908,18.0304,17.9834,-8.9834,168.0000,-114,-0.223838
TEL,62008,18.0304,17.9679,-8.9586,192.0000,-169,-0.331831
TEL,62108,18.0304,17.9812,-8.9812,192.0000,-192,-0.376991
TEL,62208,17.7663,17.9653,-8.9840,192.0000,-192,-0.376991
TEL,62308,17.7663,17.9265,-8.9265,192.0000,-192,-0.376991
TEL,62408,17.1976,17.7847,-8.8525,192.0000,-192,-0.376991
TEL,62508,17.0154,17.6277,-8.6277,192.0000,-192,-0.376991
TEL,62608,16.3213,17.0980,-8.3088,192.0000,-192,-0.376991
TEL,62708,15.6264,16.5159,-7.5159,168.1185,-190,-0.373064
TEL,62808,14.7042,15.4208,-6.7884,140.5727,-166,-0.325940
TEL,62908,13.7554,14.5493,-5.5493,100.5248,-139,-0.272926
TEL,63008,12.2939,13.0842,-4.5799,67.3545,-99,-0.194386
TEL,63108,11.2617,12.0667,-3.0667,22.7781,-65,-0.127627
TEL,63208,9.7012,10.4896,-2.0070,-8.4763,-21,-0.041233
TEL,63308,8.7028,9.5072,-0.5072,-42.4763,10,0.019635
TEL,63408,8.1321,8.4477,0.3681,-82.4763,44,0.086394
TEL,63508,8.7202,8.5029,0.4971,-59.6421,80,0.157080
TEL,63608,9.7869,9.0286,0.2028,-31.0545,58,0.113883
TEL,63708,10.6252,9.6871,-0.6871,2.9455,29,0.056941
TEL,63808,11.7872,10.9915,-1.5434,36.9455,-5,-0.009817
TEL,63908,12.5969,11.8567,-2.8567,92.9455,-39,-0.076576
TEL,64008,13.5950,12.9730,-3.6259,127.1395,-95,-0.186532
TEL,64108,14.3018,13.6652,-4.6652,155.8591,-129,-0.253291
TEL,64208,13.7150,13.2840,-3.9229,151.9015,-154,-0.302378
TEL,64308,14.4781,13.9210,-4.9210,173.5950,-154,-0.302378
TEL,64408,15.4235,14.8911,-5.6193,189.9345,-176,-0.345575
TEL,64508,15.8343,15.3859,-6.3859,192.0000,-192,-0.376991
TEL,64608,15.9936,15.7404,-6.6573,192.0000,-192,-0.376991
TEL,64708,10.5503,14.7294,-5.7294,136.0000,-190,-0.373064
TEL,64808,14.2152,14.1238,-5.0837,113.6960,-134,-0.263108
TEL,64908,14.6130,14.3203,-5.3203,126.8917,-116,-0.227765
TEL,65008,14.2152,14.3767,-5.4109,131.9992,-129,-0.253291
TEL,65108,13.7554,14.2407,-5.2407,125.1747,-130,-0.255254
TEL,65208,12.9867,13.8370,-5.0357,116.8606,-123,-0.241510
TEL,65308,10.1208,11.6774,-2.6774,60.8605,-115,-0.225802
TEL,65408,10.6001,10.7942,-1.8964,26.8605,-59,-0.115846
TEL,65508,10.0297,10.5115,-1.5115,-7.1395,-25,-0.049087
TEL,65608,9.1961,9.8611,-1.1043,-31.9422,9,0.017671
TEL,65708,8.4824,9.2366,-0.2366,-50.7366,34,0.066759
TEL,65808,6.9876,8.6449,0.3551,-53.6935,52,0.102102
TEL,65908,7.5865,8.3135,0.6865,-51.6665,52,0.102102
TEL,66008,9.1388,8.5663,0.6192,-32.9228,50,0.098175
TEL,66108,9.8739,9.0845,-0.0845,0.0124,31,0.060868
TEL,66208,11.0149,10.2417,-0.8422,34.0124,-2,-0.003927
TEL,66308,11.6071,10.9824,-1.9824,68.0124,-36,-0.070686
TEL,66408,9.3128,10.8665,-2.6426,95.6647,-70,-0.137445
TEL,66508,11.5775,11.1110,-2.1110,81.9648,-94,-0.184569
TEL,66608,13.1340,12.3360,-2.9088,110.3323,-84,-0.164934
TEL,66708,13.8370,13.1645,-4.1645,146.2867,-112,-0.219911
TEL,66808,14.3018,13.9458,-4.7738,160.3738,-148,-0.290597
TEL,66908,14.5678,14.2491,-5.2491,165.3246,-162,-0.318086
TEL,67008,11.8484,12.0368,-3.2243,109.3246,-163,-0.320050
TEL,67108,13.3225,12.5928,-3.5928,87.5271,-107,-0.210094
TEL,67208,13.9610,13.5755,-4.3782,119.2019,-90,-0.176715
TEL,67308,14.0027,13.7545,-4.7545,129.2416,-121,-0.237583
TEL,67408,13.6748,13.7736,-4.7935,127.2792,-127,-0.249364
TEL,67508,10.1669,13.1906,-4.1906,89.1665,-125,-0.245437
TEL,67608,11.1783,11.6348,-2.8836,54.5839,-87,-0.170824
TEL,67708,11.2617,11.4372,-2.4372,45.7527,-53,-0.104065
TEL,67808,10.6757,11.1519,-2.2755,42.6432,-44,-0.086394
TEL,67908,10.1438,10.8076,-1.8076,8.6432,-41,-0.080503
TEL,68008,9.2347,10.0216,-1.3290,-10.8305,-7,-0.013744
TEL,68108,6.5932,9.4868,-1.3290,-10.8305,11,0.021598
TEL,68208,7.5865,8.7966,0.2034,-33.3336,12,0.023562
TEL,68308,8.2093,8.3343,0.6657,-36.9741,34,0.066759
TEL,68408,9.0633,8.6280,0.3720,-18.0607,36,0.070686
TEL,68508,9.5341,8.9947,0.0053,0.0026,17,0.033379
TEL,68608,10.3793,9.7321,-0.7321,27.5772,-1,-0.001963
TEL,68708,7.8219,8.7787,0.2213,-12.4228,-27,-0.053014
TEL,68808,11.2060,10.5193,-1.5193,21.5772,11,0.021598
TEL,68908,12.0040,11.3485,-2.3485,77.5772,-23,-0.045160
TEL,69008,12.8782,12.2845,-3.2845,110.8312,-78,-0.153153
TEL,69108,13.2465,12.7463,-3.7463,122.9356,-112,-0.219911
TEL,69208,9.5136,11.2163,-2.2163,66.9356,-122,-0.239546
TEL,69308,12.3934,11.7979,-2.7979,69.0760,-68,-0.133518
TEL,69408,11.6665,12.2884,-3.6420,106.5830,-70,-0.137445
TEL,69508,13.8370,13.1933,-4.1933,131.3181,-108,-0.212057
TEL,69608,13.5555,13.5741,-4.5813,137.7383,-132,-0.259181
TEL,69708,13.7150,13.6563,-4.6563,133.6010,-137,-0.268999
TEL,69808,11.3462,11.9827,-2.9827,77.6010,-133,-0.261145
TEL,69908,12.3934,12.1789,-3.1789,80.2821,-79,-0.155116
TEL,70008,12.0356,12.1706,-3.1706,78.7474,-79,-0.155116
TEL,70108,11.7266,12.0581,-3.0581,73.7032,-78,-0.153153
TEL,70208,10.7522,11.6146,-2.8208,63.4885,-73,-0.143335
TEL,70308,7.8362,9.7042,-0.7042,29.4885,-62,-0.121737
TEL,70408,8.8977,8.9288,0.0712,-10.5115,-28,-0.054978
TEL,70508,8.6855,8.8512,0.1488,-37.9857,12,0.023562
TEL,70608,7.8362,8.5183,0.3214,-35.4216,37,0.072649
TEL,70708,8.3038,8.4066,0.5934,-33.1627,34,0.066759
TEL,70808,8.8977,8.5323,0.4677,-21.2118,32,0.062832
TEL,70908,8.1783,8.4772,0.5228,-19.9235,20,0.039270
TEL,71008,10.0978,8.9217,0.3362,0.0180,19,0.037306
TEL,71108,10.3314,9.4801,-0.4801,24.8353,-1,-0.001963
TEL,71208,11.2617,10.5852,-1.5852,58.8353,-26,-0.051051
TEL,71308,11.7872,11.1803,-2.1803,81.8801,-60,-0.117810
TEL,71408,10.1901,10.5124,-1.5124,47.8801,-81,-0.159043
TEL,71508,11.6071,10.9921,-1.9921,60.9343,-49,-0.096211
TEL,71608,12.7361,12.0092,-3.0092,102.5081,-62,-0.121737
TEL,71708,13.1713,12.6149,-3.6149,120.8084,-104,-0.204204
TEL,71808,13.3993,13.1094,-4.1094,128.8556,-122,-0.239546
TEL,71908,9.9179,12.4579,-3.4579,76.7112,-128,-0.251327
TEL,72008,12.0992,11.5786,-2.5786,67.6573,-77,-0.151189
TEL,72108,12.3269,11.9346,-2.9346,82.0282,-69,-0.135481
TEL,72208,12.3269,12.2096,-3.2097,87.8537,-83,-0.162970
TEL,72308,12.0673,12.1940,-3.1940,84.3011,-87,-0.170824
TEL,72408,9.4728,11.7147,-2.7147,55.7241,-83,-0.162970
TEL,72508,7.9229,9.6939,-0.6939,21.7241,-55,-0.107992
TEL,72608,9.7869,9.9625,-0.9625,-12.2759,-21,-0.041233
TEL,72708,9.5962,9.8251,-0.8251,-34.2880,13,0.025525
TEL,72808,8.7552,9.4597,-0.6373,-29.4462,33,0.064795
TEL,72908,8.5156,9.1102,-0.1102,-37.3360,30,0.058905
TEL,73008,6.4309,8.9115,-0.1102,-37.3360,37,0.072649
TEL,73108,7.7513,8.6133,0.3867,-32.3543,32,0.062832
TEL,73208,8.8081,8.5579,0.5070,-27.4467,27,0.053014
TEL,73308,9.3326,8.7906,0.2094,0.0502,19,0.037306
TEL,73408,10.0523,9.3507,-0.1307,0.0502,0,0.000000
TEL,73508,10.5503,9.8435,-0.8435,33.1250,-9,-0.017671
TEL,73608,11.2060,10.6215,-1.3721,51.6238,-41,-0.080503
TEL,73708,11.6965,11.1164,-2.1164,76.4878,-60,-0.117810
TEL,73808,12.1635,11.7124,-2.5359,88.6006,-84,-0.164934
TEL,73908,12.5969,12.0573,-3.0573,101.8457,-97,-0.190459
TEL,74008,12.8782,12.4749,-3.3469,106.6432,-107,-0.210094
TEL,74108,12.8068,12.6212,-3.6212,109.0077,-109,-0.214021
TEL,74208,12.7011,12.7079,-3.7093,107.4307,-107,-0.210094
TEL,74308,12.5284,12.6886,-3.7120,103.4813,-103,-0.202240
TEL,74408,12.1635,12.5565,-3.6128,96.2452,-97,-0.190459
TEL,74508,11.9413,12.4134,-3.4915,88.9873,-90,-0.176715
TEL,74608,11.3747,12.0255,-3.1784,75.7812,-81,-0.159043
TEL,74708,10.8298,11.6064,-2.6064,53.3227,-67,-0.131554
TEL,74808,10.1438,10.7826,-2.0546,31.5009,-45,-0.088357
TEL,74908,9.6170,10.2350,-1.2350,-2.4991,-23,-0.045160
TEL,75008,8.9340,9.4982,-0.7391,-27.9045,10,0.019635
TEL,75108,8.4003,9.0061,-0.0061,-43.1741,36,0.070686
TEL,75208,8.2406,8.5061,0.3941,-42.6025,43,0.084430
TEL,75308,8.5998,8.5047,0.4953,-33.0543,35,0.068722
TEL,75408,9.1388,8.6950,0.3925,-21.0836,25,0.049087
TEL,75508,9.5962,8.9551,0.0449,0.0310,12,0.023562
TEL,75608,10.2134,9.5209,-0.3019,0.0310,0,0.000000
TEL,75708,10.4764,9.9472,-0.7496,32.0167,-8,-0.015708
TEL,75808,10.2134,9.7232,-0.5274,28.7278,-29,-0.056941
TEL,75908,11.1508,10.3951,-1.3951,57.0747,-37,-0.072649
TEL,76008,12.1313,11.4361,-2.0856,82.2042,-65,-0.127627
TEL,76108,12.4269,11.9449,-2.9449,104.1654,-91,-0.178678
TEL,76208,10.9349,11.4694,-2.8540,118.2268,-112,-0.219911
TEL,76308,8.7904,9.7474,-0.7474,84.2268,-110,-0.215984
TEL,76408,12.3269,11.7747,-2.3244,86.2088,-86,-0.168861
TEL,76508,12.6662,12.2880,-3.2880,110.5501,-94,-0.184569
TEL,76608,12.5626,12.4986,-3.4787,110.4911,-110,-0.215984
TEL,76708,12.1958,12.4415,-3.4911,103.8217,-104,-0.204204
TEL,76808,11.3747,11.8060,-2.9670,68.3305,-96,-0.188496
TEL,76908,10.7011,11.1363,-2.1363,40.9103,-60,-0.117810
TEL,77008,10.5256,10.8728,-1.9747,16.7891,-32,-0.062832
TEL,77108,10.1669,10.6430,-1.6430,8.8369,-10,-0.019635
TEL,77208,9.5754,10.1684,-1.3464,0.5280,-2,-0.003927
TEL,77308,9.1009,9.7637,-0.7637,-15.5405,8,0.015708
TEL,77408,7.8219,8.7131,-0.2005,-32.9600,24,0.047124
TEL,77508,7.8649,8.2197,0.7803,-46.0805,41,0.080503
TEL,77608,8.4494,8.2271,0.8304,-37.1509,39,0.076576
TEL,77708,8.6338,8.3655,0.6958,-24.5159,29,0.056941
TEL,77808,9.4728,8.8033,0.3730,-8.0798,16,0.031416
TEL,77908,7.1170,8.5821,0.3730,-8.0798,8,0.015708
TEL,78008,9.8085,8.9933,0.3785,-6.4457,6,0.011781
TEL,78108,10.6504,9.6909,0.0067,11.7396,-12,-0.023562
TEL,78208,11.3747,10.5511,-0.6909,43.7084,-44,-0.086394
TEL,78308,11.7568,11.1587,-1.5511,70.7349,-71,-0.139408
TEL,78408,8.5156,10.0274,-2.1587,87.3222,-87,-0.170824
TEL,78508,11.2338,10.7085,-1.0274,53.3222,-53,-0.104065
TEL,78608,12.0356,11.5299,-2.0240,56.9748,-57,-0.111919
TEL,78708,12.3934,11.9673,-2.5299,77.1924,-77,-0.151189
TEL,78808,12.4944,12.2617,-3.0971,92.5203,-93,-0.182605
TEL,78908,9.1388,11.7008,-3.2617,95.1386,-95,-0.186532
TEL,79008,11.1783,10.9677,-1.7621,61.1386,-61,-0.119773
TEL,79108,11.8792,11.3190,-1.9677,27.1386,-27,-0.053014
TEL,79208,11.7568,11.5912,-2.4512,55.6165,-56,-0.109956
TEL,79308,11.6071,11.6164,-2.5912,62.6769,-63,-0.123700
TEL,79408,8.9340,11.2370,-2.6017,62.9893,-63,-0.123700
TEL,79508,9.7653,10.1814,-2.2370,41.0695,-41,-0.080503
TEL,79608,9.8739,9.9610,-1.0179,7.0695,-7,-0.013744
TEL,79708,9.7439,9.9050,-0.9610,-2.8220,3,0.005890
TEL,79808,9.4122,9.7538,-0.8654,-1.1288,1,0.001963
TEL,79908,9.1578,9.6024,-0.7538,-1.8663,2,0.003927
TEL,80008,6.6350,9.5095,-0.5095,-7.0191,7,0.013744
TEL,80108,8.1474,8.9632,-0.2232,-12.8704,13,0.025525
TEL,80208,8.0562,8.4147,0.2785,-27.4723,27,0.053014
TEL,80308,8.2563,8.3274,0.6524,-31.1343,31,0.060868
TEL,80408,8.6510,8.4043,0.6620,-25.2253,25,0.049087
TEL,80508,7.4933,8.4552,0.5448,-16.7661,17,0.033379
TEL,80608,8.6855,8.4533,0.5851,-15.9932,16,0.031416
TEL,80708,9.2347,8.6479,0.4593,-7.7961,8,0.015708
TEL,80808,9.9401,9.1964,0.0195,9.3389,-7,-0.013744
TEL,80908,10.2368,9.6438,-0.4273,28.3740,-26,-0.051051
TEL,81008,10.7780,10.2825,-1.0894,46.4578,-44,-0.086394
TEL,81108,10.7011,10.0278,-0.6207,12.4578,-25,-0.049087
TEL,81208,11.0418,10.6800,-1.1481,13.7758,-14,-0.027489
TEL,81308,11.4898,11.0022,-1.8250,35.3835,-32,-0.062832
TEL,81408,11.6965,11.3709,-2.2688,64.1550,-54,-0.106029
TEL,81508,11.7872,11.5212,-2.4508,69.7949,-70,-0.137445
TEL,81608,10.0523,11.3485,-2.5795,72.9361,-73,-0.143335
TEL,81708,11.0689,11.1498,-2.1750,53.6633,-56,-0.109956
TEL,81808,11.1233,11.1271,-2.1277,52.9479,-53,-0.104065
TEL,81908,11.0149,11.1069,-2.1194,52.5761,-53,-0.104065
TEL,82008,10.6504,10.9891,-2.0848,51.0231,-51,-0.100138
TEL,82108,7.6956,10.0355,-1.6830,17.0231,-30,-0.058905
TEL,82208,9.4122,9.6900,-0.6426,-16.9769,4,0.007854
TEL,82308,9.4323,9.5953,-0.6428,-17.0947,17,0.033379
TEL,82408,9.2736,9.4907,-0.5325,-12.6035,13,0.025525
TEL,82508,9.1009,9.3992,-0.4512,-9.9273,10,0.019635
TEL,82608,6.7961,9.2224,-0.3439,-9.7583,10,0.019635
TEL,82708,8.1168,8.7502,0.0526,-17.5248,18,0.035343
TEL,82808,8.2563,8.5309,0.3819,-25.3106,20,0.039270
TEL,82908,8.2879,8.4334,0.5299,-25.7415,26,0.051051
TEL,83008,8.2406,8.3549,0.6249,-24.2761,24,0.047124
TEL,83108,8.2721,8.3324,0.6588,-21.8428,22,0.043197
TEL,83208,7.5197,8.2381,0.7619,-22.0866,22,0.043197
TEL,83308,8.1016,8.1846,0.8154,-21.3205,21,0.041233
TEL,83408,8.4824,8.2440,0.7560,-16.8460,20,0.039270
TEL,83508,8.6855,8.3292,0.6708,-12.0331,16,0.031416
TEL,83608,8.8977,8.5044,0.4956,-5.7496,11,0.021598
TEL,83708,6.8850,8.5044,0.4956,-5.7496,6,0.011781
TEL,83808,8.8797,8.5419,0.5517,-8.8475,9,0.017671
TEL,83908,9.2541,8.7194,0.4581,-4.6686,5,0.009817
TEL,84008,9.7439,9.1225,0.1556,6.0039,-6,-0.011781
TEL,84108,9.9401,9.4228,-0.1225,18.1654,-18,-0.035343
TEL,84208,8.2563,9.2582,-0.5582,28.7583,-29,-0.056941
TEL,84308,9.7439,9.3297,-0.2582,0.0557,0,0.000000
TEL,84408,10.3553,9.8246,-0.4789,20.4331,-20,-0.039270
TEL,84508,10.6757,10.1956,-0.8246,32.5880,-33,-0.064795
TEL,84608,10.9614,10.5265,-1.1956,43.1871,-43,-0.084430
TEL,84708,11.1233,10.3941,-1.5265,49.5628,-50,-0.098175
TEL,84808,10.3314,9.8150,-0.6208,15.5628,-16,-0.031416
TEL,84908,10.7522,10.2288,-0.8150,7.1308,-7,-0.013744
TEL,85008,11.0961,10.7379,-1.2288,28.0397,-28,-0.054978
TEL,85108,11.0689,10.8793,-1.7379,41.9979,-42,-0.082467
TEL,85208,11.1508,10.9865,-1.9227,44.3067,-44,-0.086394
TEL,85308,11.1233,11.0276,-1.9865,44.2143,-44,-0.086394
TEL,85408,11.0149,11.0490,-2.0436,57.1783,-57,-0.111919
TEL,85508,10.9084,11.0299,-2.0490,55.5762,-56,-0.109956
TEL,85608,10.6757,10.9604,-2.0299,53.5179,-54,-0.106029
TEL,85708,10.4034,10.8633,-1.9604,34.6403,-35,-0.068722
TEL,85808,10.1438,10.6544,-1.7979,28.1053,-28,-0.054978
TEL,85908,9.9401,10.4594,-1.6544,22.0313,-22,-0.043197
TEL,86008,9.7225,10.1504,-1.3549,13.0910,-13,-0.025525
TEL,86108,9.6170,9.9605,-1.1504,7.0136,-7,-0.013744
TEL,86208,9.3524,9.7024,-0.8696,1.0274,-1,-0.001963
TEL,86308,9.1961,9.5424,-0.7024,-2.1988,2,0.003927
TEL,86408,9.0821,9.3547,-0.4680,-5.9904,6,0.011781
TEL,86508,8.9340,9.2338,-0.3547,-6.7912,7,0.013744
TEL,86608,8.7727,9.0777,-0.2338,-8.1823,8,0.015708
TEL,86708,8.7202,8.9914,-0.0777,-10.1705,10,0.019635
TEL,86808,8.7202,8.8935,0.0485,-9.8739,10,0.019635
TEL,86908,8.6855,8.8393,0.1065,-9.6809,10,0.019635
TEL,87008,8.6510,8.7822,0.1816,0.7708,-1,-0.001963
TEL,87108,8.7202,8.7700,0.2178,0.7708,-1,-0.001963
TEL,87208,8.7376,8.7608,0.2347,0.7708,-1,-0.001963
TEL,87308,7.2139,8.7578,0.2392,0.7708,-1,-0.001963
TEL,87408,8.1016,8.7105,0.2895,0.7708,-1,-0.001963
TEL,87508,8.4990,8.6610,0.3390,0.7708,-1,-0.001963
TEL,87608,8.7727,8.6712,0.3288,0.7708,-1,-0.001963
TEL,87708,8.9158,8.7015,0.2985,0.7708,-1,-0.001963
TEL,87808,8.3198,8.7178,0.2423,0.7708,-1,-0.001963
TEL,87908,8.0262,8.6486,0.3514,-6.4568,0,0.000000
TEL,88008,9.1198,8.7186,0.2814,0.5781,5,0.009817
TEL,88108,9.3922,8.8571,0.1429,0.5781,-1,-0.001963
TEL,88208,9.7012,9.1586,-0.1586,13.9493,-2,-0.003927
TEL,88308,9.9401,9.4137,-0.4137,22.7255,-15,-0.029452
TEL,88408,8.7552,9.0392,-0.0392,0.6182,-22,-0.043197
TEL,88508,9.5962,9.2435,-0.2435,0.6182,-1,-0.001963
TEL,88608,10.3553,9.7567,-0.7567,30.8892,-2,-0.003927
TEL,88708,10.5752,10.0941,-1.0941,40.9540,-32,-0.062832
TEL,88808,10.8821,10.5135,-1.5135,48.5993,-42,-0.082467
TEL,88908,8.4990,10.1471,-1.1471,14.5993,-48,-0.094248
TEL,89008,10.1901,9.7345,-0.7345,16.7355,-16,-0.031416
TEL,89108,10.6001,10.1268,-1.1268,32.8171,-18,-0.035343
TEL,89208,10.8559,10.5437,-1.5437,42.2685,-34,-0.066759
TEL,89308,10.9349,10.6939,-1.6939,44.4009,-43,-0.084430
TEL,89408,8.5323,10.4054,-1.4054,13.6724,-43,-0.084430
TEL,89508,9.6170,9.9715,-0.9715,1.3358,-13,-0.025525
TEL,89608,10.6252,10.2511,-1.2511,16.8040,-2,-0.003927
TEL,89708,10.8298,10.4565,-1.4565,27.7118,-18,-0.035343
TEL,89808,10.9614,10.6827,-1.6827,35.0027,-29,-0.056941
TEL,89908,10.9614,10.7774,-1.7774,37.5703,-36,-0.070686
TEL,90008,9.7653,9.7293,-0.7293,19.4249,-37,-0.072649
TEL,90108,10.5503,10.1318,-1.1318,34.3365,-20,-0.039270
TEL,90208,10.8038,10.4705,-1.4705,42.2275,-35,-0.068722
TEL,90308,10.9084,10.6298,-1.6298,44.8867,-43,-0.084430
TEL,90408,10.4764,10.6981,-1.7452,45.4850,-45,-0.088357
TEL,90508,9.1961,10.0012,-1.0012,12.1387,-44,-0.086394
TEL,90608,10.5503,10.1563,-1.1563,22.6051,-13,-0.025525
TEL,90708,10.7780,10.3658,-1.3658,32.0609,-24,-0.047124
TEL,90808,10.6001,10.5597,-1.5498,38.5840,-33,-0.064795
TEL,90908,10.9614,10.6790,-1.6790,41.3334,-40,-0.078540
TEL,91008,10.9349,10.4547,-1.2702,7.3334,-40,-0.078540
TEL,91108,10.4034,10.3832,-1.3832,13.3020,-8,-0.015708
TEL,91208,10.8038,10.5208,-1.5208,22.6613,-14,-0.027489
TEL,91308,10.9349,10.6321,-1.6321,29.6787,-24,-0.047124
TEL,91408,10.9614,10.7588,-1.7588,34.2978,-31,-0.060868
TEL,91508,7.9083,9.8933,-0.8933,0.2978,-33,-0.064795
TEL,91608,10.4520,9.9961,-0.9961,6.1654,-1,-0.001963
TEL,91708,10.7266,10.2886,-1.2886,23.3171,-7,-0.013744
TEL,91808,10.8821,10.6015,-1.6015,33.8603,-24,-0.047124
TEL,91908,10.9614,10.7227,-1.7227,38.3743,-35,-0.068722
TEL,92008,7.9375,10.3503,-1.3503,4.3743,-37,-0.072649
TEL,92108,10.1208,10.1963,-1.1963,6.3073,-5,-0.009817
TEL,92208,10.7522,10.3947,-1.3947,19.4211,-7,-0.013744
TEL,92308,10.8821,10.5495,-1.5495,28.6683,-20,-0.039270
TEL,92408,10.9614,10.7156,-1.7156,34.8263,-30,-0.058905
TEL,92508,8.4494,10.4013,-1.4013,9.0665,-34,-0.066759
TEL,92608,10.9614,10.0746,-0.7291,-1.1332,-8,-0.015708
TEL,92708,10.5752,10.3147,-1.3147,19.5903,0,0.000000
TEL,92808,10.8559,10.5907,-1.5907,30.5624,-21,-0.041233
TEL,92908,10.9349,10.7038,-1.7038,35.8573,-32,-0.062832
TEL,93008,8.0113,10.3526,-1.3526,4.3287,-35,-0.068722
TEL,93108,9.9401,10.0569,-1.0569,3.2538,-3,-0.005890
TEL,93208,10.6001,10.3002,-1.3002,17.3508,-4,-0.007854
TEL,93308,10.8298,10.4750,-1.4750,27.9164,-18,-0.035343
TEL,93408,10.9084,10.6807,-1.6807,34.9104,-29,-0.056941
TEL,93508,10.9614,10.7675,-1.7675,38.1834,-36,-0.070686
TEL,93608,10.1901,10.1450,-1.1450,27.6490,-37,-0.072649
TEL,93708,10.6001,10.2461,-1.2461,33.0991,-29,-0.056941
TEL,93808,10.1901,10.3718,-1.4129,38.7417,-34,-0.066759
TEL,93908,10.9084,10.5422,-1.5422,42.7668,-40,-0.078540
TEL,94008,10.8821,10.7093,-1.6736,45.3386,-44,-0.086394
TEL,94108,9.3722,10.0570,-1.0570,17.4370,-44,-0.086394
TEL,94208,10.5752,10.2670,-1.2670,27.6490,-18,-0.035343
TEL,94308,10.8038,10.4418,-1.4418,35.6506,-29,-0.056941
TEL,94408,10.6504,10.6112,-1.6021,41.3647,-37,-0.072649
TEL,94508,10.9614,10.7145,-1.7145,43.6138,-42,-0.082467
TEL,94608,10.9349,10.1636,-0.7271,9.6138,-43,-0.084430
TEL,94708,10.3793,10.2425,-1.2425,8.2822,-9,-0.017671
TEL,94808,10.0750,10.3349,-1.4008,20.9775,-9,-0.017671
TEL,94908,10.8821,10.5208,-1.5208,30.5159,-22,-0.043197
TEL,95008,10.9614,10.7170,-1.7170,37.3737,-32,-0.062832
TEL,95108,7.7513,9.6091,-0.6091,3.3737,-36,-0.070686
TEL,95208,10.4764,10.0636,-1.0636,5.6743,-4,-0.007854
TEL,95308,10.7011,10.3471,-1.3471,22.7755,-7,-0.013744
TEL,95408,10.6001,10.5685,-1.5597,33.7431,-24,-0.047124
TEL,95508,10.9614,10.6929,-1.6929,39.0916,-35,-0.068722
TEL,95608,9.5341,10.0963,-1.0963,15.7217,-38,-0.074613
TEL,95708,10.2368,10.0823,-1.0823,20.8812,-17,-0.033379
TEL,95808,10.7266,10.3867,-1.3867,32.2885,-22,-0.043197
TEL,95908,10.8821,10.5600,-1.5600,39.2346,-33,-0.064795
TEL,96008,10.9614,10.7409,-1.7409,43.3922,-40,-0.078540
TEL,96108,9.1961,10.1336,-1.1336,13.9108,-42,-0.082467
TEL,96208,10.4520,10.1409,-1.1409,22.7111,-15,-0.029452
TEL,96308,10.7266,10.3243,-1.3243,32.7378,-24,-0.047124
TEL,96408,10.8821,10.5775,-1.5775,40.4380,-34,-0.066759
TEL,96508,10.9614,10.6979,-1.6979,44.0307,-41,-0.080503
TEL,96608,10.9881,10.8075,-1.8075,45.5875,-45,-0.088357
TEL,96708,10.9614,10.8510,-1.8510,45.2813,-45,-0.088357
TEL,96808,10.9881,10.8973,-1.8858,44.9707,-45,-0.088357
TEL,96908,10.9881,10.9151,-1.9151,44.5276,-45,-0.088357
