BALL_BEAM_REF_BOOT
HOST_START_READY
REF_CFG,profile=center_far_near_90s,center_cm=13.0000,near_cm=9.0000,far_cm=17.0000,segment_ms=30000
REF,3345,13.0000,hold_center
TEL,3348,8.5828,8.4317,4.5683,0.0000,0,0.000000
TEL,3448,8.6510,8.4794,4.5206,-96.0000,1,0.001963
TEL,3548,7.7095,8.4137,4.5863,-119.1145,41,0.080503
TEL,3648,8.4824,8.3895,4.6105,-119.4535,114,0.223838
TEL,3748,8.6168,8.4272,4.5728,-117.9635,118,0.231692
TEL,3848,8.7202,8.5009,4.4991,-115.5490,117,0.229729
TEL,3948,7.9229,8.4437,4.5563,-118.3619,117,0.229729
TEL,4048,8.8081,8.4914,4.5086,-115.9670,117,0.229729
TEL,4148,9.0821,8.6101,4.3899,-111.1690,115,0.225802
TEL,4248,7.9229,8.6383,4.3617,-115.6147,112,0.219911
TEL,4348,8.5828,8.6280,4.3720,-115.4131,115,0.225802
TEL,4448,9.7225,9.0149,3.9851,-99.5400,114,0.223838
TEL,4548,10.0297,9.3933,3.6067,-84.6094,99,0.194386
TEL,4648,7.8649,9.2802,3.7198,-106.1221,86,0.168861
TEL,4748,10.1208,9.6244,3.3756,-87.9814,105,0.206167
TEL,4848,11.3179,10.5727,2.4273,-52.2061,87,0.170824
TEL,4948,11.7872,11.1859,1.8141,-29.9500,51,0.100138
TEL,5048,9.1769,10.9429,2.0571,-65.7897,31,0.060868
TEL,5148,11.9413,11.4976,1.5024,-40.6191,65,0.127627
TEL,5248,13.1713,12.4906,0.5094,-3.7943,41,0.080503
TEL,5348,13.7554,13.0983,-0.0983,19.3997,4,0.007854
TEL,5448,11.6965,12.0305,0.9695,-23.0125,-19,-0.037306
TEL,5548,13.9610,13.0162,-0.0162,19.8201,23,0.045160
TEL,5648,15.1281,14.4836,-1.4836,65.7920,-20,-0.039270
TEL,5748,15.6264,15.0871,-2.0871,82.9076,-66,-0.129591
TEL,5848,14.3455,14.1026,-1.1026,57.4429,-83,-0.162970
TEL,5948,16.1015,15.1709,-2.1709,95.8891,-57,-0.111919
TEL,6048,16.9555,16.4976,-3.4976,128.5589,-96,-0.188496
TEL,6148,15.0799,16.2089,-3.2090,93.1330,-129,-0.253291
TEL,6248,16.3213,15.5722,-2.5722,93.1131,-93,-0.182605
TEL,6348,17.3210,16.6881,-3.6881,129.8440,-93,-0.182605
TEL,6448,18.0304,17.6612,-4.6612,144.0000,-130,-0.255254
TEL,6548,12.4944,16.3525,-3.3525,63.3214,-144,-0.282743
TEL,6648,16.9555,16.3247,-3.3247,80.9493,-76,-0.149226
TEL,6748,17.7014,17.0671,-4.0671,113.0066,-81,-0.159043
TEL,6848,17.9637,17.7081,-4.7081,131.2310,-113,-0.221875
TEL,6948,11.5189,14.4582,-1.4582,67.2310,-131,-0.257218
TEL,7048,16.8368,16.4204,-3.4204,53.3106,-72,-0.141372
TEL,7148,17.0154,16.8271,-3.8271,77.3524,-53,-0.104065
TEL,7248,17.0154,16.9795,-3.9795,87.9569,-77,-0.151189
TEL,7348,13.7150,15.1044,-2.1044,14.1965,-88,-0.172788
TEL,7448,15.8870,15.5636,-2.5636,42.5109,-23,-0.045160
TEL,7548,15.6779,15.6602,-2.6602,52.1047,-42,-0.082467
TEL,7648,10.9881,14.8698,-2.6602,52.1047,-52,-0.102102
TEL,7748,13.2088,13.7575,-1.8698,12.3915,-12,-0.023562
TEL,7848,14.2152,14.0458,-0.7575,-18.6511,19,0.037306
TEL,7948,14.2584,14.1021,-1.0458,1.8579,-2,-0.003927
TEL,8048,9.4323,13.4556,-1.1021,11.7548,-12,-0.023562
TEL,8148,13.0232,13.0178,-0.4556,-20.4557,20,0.039270
TEL,8248,13.1340,13.0788,-0.0178,-22.5178,23,0.045160
TEL,8348,13.0969,13.1044,-0.0788,-13.9625,14,0.027489
TEL,8448,12.9867,13.0863,-0.1044,-8.7638,9,0.017671
TEL,8548,12.8424,13.0571,-0.0863,-6.3442,6,0.011781
TEL,8648,12.7361,12.9837,-0.0571,-5.3787,5,0.009817
TEL,8748,12.6315,12.9253,0.0163,-6.2071,6,0.011781
TEL,8848,12.4606,12.8251,0.0747,-0.0086,0,0.000000
TEL,8948,12.4606,12.7483,0.1749,-0.0086,0,0.000000
TEL,9048,12.3269,12.6440,0.2517,-0.0086,0,0.000000
TEL,9148,12.2939,12.5662,0.3560,-14.3246,14,0.027489
TEL,9248,12.3269,12.4843,0.4338,-16.4184,16,0.031416
TEL,9348,12.3269,12.4502,0.5157,-18.1544,18,0.035343
TEL,9448,12.4606,12.4386,0.5498,-18.6480,19,0.037306
TEL,9548,12.4606,12.4477,0.5614,-18.1809,18,0.035343
TEL,9648,12.6315,12.4849,0.5523,-17.5072,18,0.035343
TEL,9748,12.7714,12.5256,0.5151,-15.9286,16,0.031416
TEL,9848,12.9142,12.6051,0.4744,-14.1969,14,0.027489
TEL,9948,12.9142,12.6591,0.3949,-11.3736,11,0.021598
TEL,10048,13.0599,12.7518,0.3409,-2.1853,2,0.003927
TEL,10148,13.0232,12.8044,0.2482,-2.1853,2,0.003927
TEL,10248,13.0232,12.8604,0.1956,-2.1853,2,0.003927
TEL,10348,9.0075,12.4942,0.1396,-2.1853,2,0.003927
TEL,10448,12.5284,12.3369,0.5058,-26.1630,26,0.051051
TEL,10548,12.8068,12.4806,0.6631,-26.0385,26,0.051051
TEL,10648,12.9867,12.6958,0.5194,-18.5508,19,0.037306
TEL,10748,9.0075,11.2583,0.3042,-3.0295,3,0.005890
TEL,10848,12.5969,12.0470,1.7417,-67.0295,62,0.121737
TEL,10948,12.8424,12.4679,0.9530,-40.2479,41,0.080503
TEL,11048,10.0750,11.3558,0.5321,-20.6040,21,0.041233
TEL,11148,11.9413,11.4010,1.6442,-75.7934,74,0.145299
TEL,11248,12.9142,12.3766,1.5990,-56.6314,57,0.111919
TEL,11348,13.1713,12.7628,0.6234,-19.3861,19,0.037306
TEL,11448,9.6590,12.2176,0.2372,-4.0973,4,0.007854
TEL,11548,12.3934,11.7123,0.7824,-45.6436,46,0.090321
TEL,11648,13.2465,12.8852,1.2877,-32.0930,32,0.062832
TEL,11748,13.5950,13.2340,0.1148,3.8599,-4,-0.007854
TEL,11848,9.5962,11.5791,-0.2340,15.6242,-16,-0.031416
TEL,11948,13.0232,12.3695,1.4209,-48.3758,43,0.084430
TEL,12048,13.5950,13.2188,0.6305,-25.5020,26,0.051051
TEL,12148,13.9194,13.5718,-0.2188,-3.8993,4,0.007854
TEL,12248,11.9726,13.0841,-0.5718,18.1121,-18,-0.035343
TEL,12348,13.3993,13.1455,-0.0841,-7.7933,8,0.015708
TEL,12448,13.8781,13.4839,-0.1455,-2.3589,2,0.003927
TEL,12548,13.9194,13.6462,-0.4839,12.1517,-12,-0.023562
TEL,12648,12.4269,12.1737,-0.6462,18.6371,-19,-0.037306
TEL,12748,13.7961,12.9489,0.8263,-13.7983,14,0.027489
TEL,12848,13.7150,13.4835,0.0511,18.1242,-18,-0.035343
TEL,12948,13.7961,13.6154,-0.4835,29.4099,-29,-0.056941
TEL,13048,12.8424,12.6724,-0.6154,29.6407,-30,-0.058905
TEL,13148,13.3993,12.9396,0.3276,3.6531,-4,-0.007854
TEL,13248,13.3993,13.2040,0.0604,11.7226,-12,-0.023562
TEL,13348,10.3793,12.7330,-0.2040,16.4806,-16,-0.031416
TEL,13448,12.6315,12.3341,0.2670,-15.9411,16,0.031416
TEL,13548,12.8782,12.5587,0.6659,-20.7640,21,0.041233
TEL,13648,13.1340,12.8268,0.4413,-11.3423,11,0.021598
TEL,13748,9.2736,11.5748,0.1732,-1.4911,1,0.001963
TEL,13848,12.4944,11.9303,1.4252,-64.1541,59,0.115846
TEL,13948,12.8424,12.3590,1.0697,-40.6871,41,0.080503
TEL,14048,12.9503,12.7064,0.6410,-20.4525,20,0.039270
TEL,14148,9.0821,11.2854,0.2936,-2.3100,2,0.003927
TEL,14248,12.5969,12.0894,1.7146,-66.3100,62,0.121737
TEL,14348,12.5969,12.3403,0.9106,-39.1324,39,0.076576
TEL,14448,12.7361,12.5226,0.6597,-25.9139,26,0.051051
TEL,14548,11.0961,11.5799,0.4774,-17.9132,18,0.035343
TEL,14648,12.1958,11.8827,1.4201,-50.5717,51,0.100138
TEL,14748,12.3600,12.0588,1.1173,-37.1049,37,0.072649
TEL,14848,9.0075,11.6075,0.9412,-29.1928,29,0.056941
TEL,14948,11.6367,11.4815,1.3925,-59.5183,60,0.117810
TEL,15048,12.5626,11.9906,1.5185,-55.1993,55,0.107992
TEL,15148,12.7011,12.2833,1.0094,-33.1636,33,0.064795
TEL,15248,9.2541,11.1010,0.7167,-20.8529,21,0.041233
TEL,15348,12.3269,11.8606,1.8990,-79.9151,76,0.149226
TEL,15448,13.0232,12.5242,1.1394,-43.6335,45,0.088357
TEL,15548,13.1340,12.8003,0.4758,-17.3963,17,0.033379
TEL,15648,11.3747,11.8340,0.1997,-5.8339,6,0.011781
TEL,15748,12.9867,12.4514,1.1660,-42.9516,43,0.084430
TEL,15848,13.6348,13.1533,0.5486,-16.4688,16,0.031416
TEL,15948,13.7554,13.4429,-0.1533,8.6062,-9,-0.017671
TEL,16048,12.8424,12.4836,-0.4429,18.2360,-18,-0.035343
TEL,16148,13.7554,13.1221,0.5164,-2.1936,2,0.003927
TEL,16248,14.3895,13.9237,-0.1221,21.1067,-21,-0.041233
TEL,16348,14.7042,13.7434,-0.9237,43.5499,-44,-0.086394
TEL,16448,13.6348,12.9950,-0.7434,56.1813,-56,-0.109956
TEL,16548,14.6130,13.9084,0.0050,40.0446,-40,-0.078540
TEL,16648,15.4235,14.8183,-0.9084,66.3464,-66,-0.129591
TEL,16748,11.1508,13.8729,-1.8183,80.0000,-80,-0.157080
TEL,16848,15.0799,14.1474,-0.8729,16.0000,-21,-0.041233
TEL,16948,15.8870,15.1489,-1.1474,40.2687,-40,-0.078540
TEL,17048,16.2658,15.9229,-2.1489,78.4062,-78,-0.153153
TEL,17148,11.1508,12.7375,-2.9229,97.4988,-97,-0.190459
TEL,17248,16.1559,15.2702,0.2625,33.4988,-38,-0.074613
TEL,17348,16.8368,16.3622,-2.2702,59.4657,-59,-0.115846
TEL,17448,17.5093,16.9761,-3.3622,100.3805,-100,-0.196350
TEL,17548,14.3018,14.8641,-3.9761,120.1148,-120,-0.235619
TEL,17648,17.0757,16.3811,-1.8641,56.1148,-61,-0.119773
TEL,17748,17.3833,17.0318,-3.3811,97.7491,-93,-0.182605
TEL,17848,12.0356,15.9381,-4.0318,118.7020,-119,-0.233656
TEL,17948,15.3238,15.3458,-2.9381,42.5281,-55,-0.107992
TEL,18048,17.3833,16.6034,-2.3458,36.2539,-36,-0.070686
TEL,18148,17.0154,16.8365,-3.6034,90.4750,-88,-0.172788
TEL,18248,16.8368,16.9391,-3.8365,100.0271,-100,-0.196350
TEL,18348,16.6617,16.8801,-3.9391,101.7748,-102,-0.200277
TEL,18448,16.3213,16.7021,-3.8801,99.1108,-99,-0.194386
TEL,18548,15.8870,16.4848,-3.7021,92.7783,-93,-0.182605
TEL,18648,15.5243,16.0771,-3.4848,84.1811,-84,-0.164934
TEL,18748,15.2745,15.7602,-3.0771,70.6288,-71,-0.139408
TEL,18848,14.7502,15.2621,-2.7602,60.2789,-60,-0.117810
TEL,18948,14.3018,14.8822,-2.2621,45.2499,-45,-0.088357
TEL,19048,14.0027,14.4179,-1.8822,32.9214,-33,-0.064795
TEL,19148,13.5161,14.0924,-1.4179,20.8606,-21,-0.041233
TEL,19248,13.0232,13.5419,-1.0924,11.0962,-11,-0.021598
TEL,19348,12.5969,13.1463,-0.5419,-4.0713,4,0.007854
TEL,19448,11.9726,12.5387,-0.1463,-15.4874,15,0.029452
TEL,19548,11.6367,12.1685,0.4613,-32.4318,32,0.062832
TEL,19648,10.9349,11.5186,0.8315,-42.3732,42,0.082467
TEL,19748,10.5256,11.0886,1.4814,-60.4572,60,0.117810
TEL,19848,9.9624,10.4782,1.9114,-72.3416,72,0.141372
TEL,19948,9.5136,10.0880,2.5218,-88.0324,88,0.172788
TEL,20048,9.1769,9.6106,2.9120,-98.4529,98,0.192423
TEL,20148,6.9303,9.4709,3.3894,-109.1143,109,0.214021
TEL,20248,8.3038,8.6887,3.9015,-122.4138,122,0.239546
TEL,20348,8.3038,8.5365,4.3113,-132.3054,132,0.259181
TEL,20448,8.2721,8.3000,4.4635,-132.8380,133,0.261145
TEL,20548,6.6455,8.3034,4.7000,-134.4172,134,0.263108
TEL,20648,8.4659,8.2503,4.7694,-133.9021,134,0.263108
TEL,20748,8.7904,8.3705,4.7497,-129.4348,129,0.253291
TEL,20848,9.1961,8.6534,4.5543,-120.2378,120,0.235619
TEL,20948,8.0562,8.5435,4.3466,-110.7453,111,0.217948
TEL,21048,9.6170,8.9274,4.3776,-109.6667,110,0.215984
TEL,21148,10.0750,9.4025,4.0726,-97.3026,97,0.190459
TEL,21248,10.7266,10.1256,3.3579,-73.4718,73,0.143335
TEL,21348,9.8959,9.8492,2.8744,-57.0833,57,0.111919
TEL,21448,11.6367,10.7440,2.9407,-57.0971,57,0.111919
TEL,21548,12.0992,11.4256,2.2560,-32.9509,33,0.064795
TEL,21648,9.7439,10.7156,1.2963,-6.4023,6,0.011781
TEL,21748,12.0992,11.6368,2.2844,-57.0195,53,0.104065
TEL,21848,13.6348,12.7871,1.0413,-15.0328,17,0.033379
TEL,21948,14.0870,13.5094,0.2129,17.5561,-18,-0.035343
TEL,22048,10.2839,12.8722,-0.7814,45.5518,-46,-0.090321
TEL,22148,13.9194,13.1860,0.1278,-18.4482,8,0.015708
TEL,22248,15.4235,14.6771,-0.6683,19.3617,-12,-0.023562
TEL,22348,16.1015,15.4255,-1.6771,60.2427,-62,-0.121737
TEL,22448,13.4770,14.0675,-2.4255,87.2691,-87,-0.170824
TEL,22548,16.1015,15.2207,-1.0675,31.3682,-37,-0.072649
TEL,22648,17.3210,16.7079,-2.7646,91.9459,-74,-0.145299
TEL,22748,17.7663,17.2917,-3.7079,123.9690,-124,-0.243473
TEL,22848,15.7818,16.1600,-4.4881,142.6890,-143,-0.280780
TEL,22948,17.7014,17.0844,-3.1600,90.9065,-95,-0.186532
TEL,23048,18.0304,17.6697,-4.3609,128.5210,-128,-0.251327
TEL,23148,18.3018,17.8960,-4.6697,137.0509,-137,-0.268999
TEL,23248,16.6040,16.7752,-3.3684,49.6441,-77,-0.151189
TEL,23348,17.4461,17.0685,-3.7752,66.8302,-63,-0.123700
TEL,23448,17.5093,17.2583,-4.1359,87.3248,-87,-0.170824
TEL,23548,11.3179,14.6779,-4.2583,98.3751,-98,-0.192423
TEL,23648,15.9936,15.6272,-1.2746,34.3751,-44,-0.086394
TEL,23748,16.2658,16.0125,-2.6272,63.7944,-61,-0.119773
TEL,23848,16.3213,15.8805,-3.0125,79.3558,-79,-0.155116
TEL,23948,12.8068,13.5148,-2.8805,84.6151,-85,-0.166897
TEL,24048,15.2254,14.8500,-0.9789,47.3166,-47,-0.092284
TEL,24148,15.0799,14.9995,-1.8500,72.3727,-72,-0.141372
TEL,24248,14.8899,14.9015,-1.9995,70.3947,-70,-0.137445
TEL,24348,12.4269,13.5003,-1.9015,62.4938,-62,-0.121737
TEL,24448,13.9610,13.6912,-0.5223,23.6136,-24,-0.047124
TEL,24548,13.8370,13.7697,-0.6912,28.0059,-28,-0.054978
TEL,24648,9.9401,13.2466,-0.7601,26.6204,-27,-0.053014
TEL,24748,12.2939,12.5752,-0.2466,-5.5732,6,0.011781
TEL,24848,12.5626,12.5681,0.4286,-20.0398,20,0.039270
TEL,24948,12.3934,12.5332,0.4319,-17.9027,18,0.035343
TEL,25048,10.1901,12.1599,0.5030,-19.3821,19,0.037306
TEL,25148,11.1233,11.6971,0.8401,-36.0862,36,0.070686
TEL,25248,11.1508,11.4195,1.4106,-50.4875,50,0.098175
TEL,25348,10.8038,11.2239,1.5805,-53.6133,54,0.106029
TEL,25448,9.1578,9.9863,1.8874,-61.7554,62,0.121737
TEL,25548,9.9847,9.9736,3.0137,-102.0487,102,0.200277
TEL,25648,9.6379,9.8527,3.0713,-98.3765,98,0.192423
TEL,25748,9.5754,9.7776,3.1473,-96.6491,97,0.190459
TEL,25848,8.7552,9.3460,3.4886,-109.9930,110,0.215984
TEL,25948,9.1578,9.2406,3.6540,-111.5890,112,0.219911
TEL,26048,9.2347,9.1182,3.7594,-110.4584,110,0.215984
TEL,26148,9.3722,9.1913,3.8818,-109.2151,109,0.214021
TEL,26248,8.8977,9.0226,3.9495,-111.0119,111,0.217948
TEL,26348,9.3128,9.0617,3.9799,-109.6348,110,0.215984
TEL,26448,9.6170,9.1847,3.8779,-103.4091,103,0.202240
TEL,26548,8.2563,9.1086,3.7445,-97.0561,97,0.190459
TEL,26648,9.5754,9.0175,4.1311,-105.8770,106,0.208131
TEL,26748,10.3553,9.4992,3.7781,-90.6824,92,0.180642
TEL,26848,8.6855,9.6195,2.9919,-64.2087,72,0.141372
TEL,26948,8.5156,9.5130,2.9403,-52.7120,53,0.104065
TEL,27048,11.3747,10.5532,3.4789,-73.3446,71,0.139408
TEL,27148,11.9102,11.3041,2.0436,-28.0613,51,0.100138
TEL,27248,12.5626,12.0367,1.1947,-6.0938,12,0.023562
TEL,27348,11.9726,11.6916,1.4616,-37.0275,27,0.053014
TEL,27448,13.0599,12.1632,1.1963,-23.0356,23,0.045160
TEL,27548,13.7150,12.9272,0.4683,4.9812,3,0.005890
TEL,27648,14.3455,13.7942,-0.5284,35.5119,-25,-0.049087
TEL,27748,14.4781,14.1020,-0.9538,45.3949,-45,-0.088357
TEL,27848,15.2745,14.6704,-1.2603,52.5066,-53,-0.104065
TEL,27948,15.7297,15.1172,-1.8864,70.0369,-68,-0.133518
TEL,28048,16.1559,15.5965,-2.2598,78.2941,-78,-0.153153
TEL,28148,16.3213,15.8834,-2.7398,89.7666,-90,-0.176715
TEL,28248,16.6040,16.2380,-3.1291,99.0673,-99,-0.194386
TEL,28348,16.7781,16.4730,-3.3834,105.2756,-105,-0.206167
TEL,28448,17.1364,16.8086,-3.7182,112.7600,-113,-0.221875
TEL,28548,17.3833,16.9994,-3.9019,115.9309,-116,-0.227765
TEL,28648,17.5093,17.2491,-4.1847,122.6157,-123,-0.241510
TEL,28748,17.5093,17.3454,-4.3097,123.8606,-124,-0.243473
TEL,28848,17.5729,17.4444,-4.4220,124.6657,-125,-0.245437
TEL,28948,17.3210,17.4217,-4.4360,121.9855,-122,-0.239546
TEL,29048,17.0757,17.3673,-4.4004,118.8443,-119,-0.233656
TEL,29148,17.0757,17.3018,-4.3300,114.5465,-115,-0.225802
TEL,29248,16.6617,17.1321,-4.2004,109.0153,-109,-0.214021
TEL,29348,16.4333,16.9321,-4.0274,101.2067,-101,-0.198313
TEL,29448,15.8870,16.5036,-3.6640,88.4367,-89,-0.174751
TEL,29548,15.4737,16.1171,-3.3197,75.5201,-76,-0.149226
TEL,29648,13.9194,13.8612,-0.8076,11.5201,-55,-0.107992
TEL,29748,14.3455,14.1870,-1.1137,12.1557,-12,-0.023562
TEL,29848,14.0870,14.1864,-1.2076,19.4636,-19,-0.037306
TEL,29948,10.0750,13.5591,-1.1575,20.6414,-21,-0.041233
TEL,30048,13.3225,12.9631,0.1978,-16.1045,0,0.000000
TEL,30148,12.9503,12.9654,0.0303,-8.4497,8,0.015708
TEL,30248,12.7361,12.8012,0.0439,-6.9716,7,0.013744
TEL,30348,8.8081,12.1820,0.2263,-0.1400,0,0.000000
TEL,30448,11.7266,11.6996,1.3108,-41.6407,21,0.041233
TEL,30548,11.6665,11.7038,1.2878,-39.3465,39,0.076576
TEL,30648,11.3747,11.6334,1.3274,-40.4339,40,0.078540
TEL,30748,10.7011,11.1126,1.7537,-62.8211,58,0.113883
TEL,30848,10.5256,10.5964,1.9792,-67.2497,67,0.131554
TEL,30948,10.3553,10.5008,2.4606,-77.6109,78,0.153153
TEL,31048,8.2249,10.0440,2.5218,-76.5433,77,0.151189
TEL,31148,9.2932,9.3805,3.5702,-120.9056,99,0.194386
TEL,31248,9.9624,9.6610,3.4270,-106.8999,107,0.210094
TEL,31348,10.2134,9.8621,3.2314,-93.7480,94,0.184569
TEL,31448,7.8938,9.6163,2.9803,-82.6087,83,0.162970
TEL,31548,10.0297,9.6958,3.4010,-93.0919,93,0.182605
TEL,31648,10.7780,9.8310,3.1523,-80.8535,81,0.159043
TEL,31748,11.1233,10.5395,2.7746,-59.1001,63,0.123700
TEL,31848,8.3198,10.2167,2.1795,-38.7429,41,0.080503
TEL,31948,11.2617,10.6694,2.6185,-50.3871,50,0.098175
TEL,32048,11.9102,11.4254,1.7883,-26.4740,31,0.060868
TEL,32148,12.1958,11.7834,1.3777,-15.5784,16,0.031416
TEL,32248,11.2338,10.9288,2.2668,-65.6166,37,0.072649
TEL,32348,12.1635,11.5239,1.7794,-42.9513,52,0.102102
TEL,32448,12.9142,12.0550,1.1752,-19.1211,24,0.047124
TEL,32548,9.1961,11.3837,0.6805,-1.6070,4,0.007854
TEL,32648,12.4269,11.7266,2.0505,-83.9485,23,0.045160
TEL,32748,13.2465,12.6681,0.7574,-25.9808,83,0.162970
TEL,32848,13.8781,13.4625,-0.2631,-2.5203,16,0.031416
TEL,32948,11.2617,12.9779,-0.6485,24.3358,-17,-0.033379
TEL,33048,14.0448,13.1597,0.5745,11.2459,-12,-0.023562
TEL,33148,15.0799,14.3054,-0.7339,56.1173,-33,-0.064795
TEL,33248,15.7297,15.2519,-1.9999,80.0000,-72,-0.141372
REF,33342,17.0000,hold_far
TEL,33348,14.9843,15.3452,-2.5067,98.8262,-97,-0.190459
TEL,33448,16.1015,15.3734,1.8817,2.8262,-78,-0.153153
TEL,33548,17.0757,16.1872,1.2348,-25.3907,10,0.019635
TEL,33648,17.7663,16.9551,0.5039,2.8514,5,0.009817
TEL,33748,13.7961,14.6051,1.5395,-74.8178,18,0.035343
TEL,33848,17.7014,17.1686,0.3130,-7.9641,73,0.143335
TEL,33948,17.8974,17.6465,-0.5002,25.9116,-2,-0.003927
TEL,34048,12.2939,16.4724,-0.9807,41.7604,-39,-0.076576
TEL,34148,16.2658,15.4150,3.1153,-54.2396,-20,-0.039270
TEL,34248,17.6369,17.1546,0.2162,-31.0553,51,0.100138
TEL,34348,17.8974,17.5967,-0.4389,3.8185,6,0.011781
TEL,34448,13.9194,16.6181,-0.7058,17.6156,-18,-0.035343
TEL,34548,17.3833,16.6250,0.8807,-47.7214,4,0.007854
TEL,34648,17.9637,17.4163,-0.1560,0.2955,43,0.084430
TEL,34748,18.0975,17.5870,-0.4256,10.4597,-10,-0.019635
TEL,34848,17.1976,16.7659,0.6300,-55.2903,12,0.023562
TEL,34948,17.3833,16.8958,0.3225,-36.5524,49,0.096211
TEL,35048,17.9637,17.1254,-0.0955,-10.0214,17,0.033379
TEL,35148,14.3895,16.4308,-0.4083,9.7829,-8,-0.015708
TEL,35248,16.6617,15.3909,2.5783,-86.2171,11,0.021598
TEL,35348,17.4461,16.8628,0.6856,-14.3246,83,0.162970
TEL,35448,18.3018,17.3556,-0.3377,29.3625,27,0.053014
TEL,35548,13.8370,16.2280,-0.7698,46.7600,-43,-0.084430
TEL,35648,16.8368,16.7946,3.2881,-49.2400,-25,-0.049087
TEL,35748,17.8316,17.3630,-0.0953,-17.7303,47,0.092284
TEL,35848,18.0304,17.7320,-0.6288,7.6371,-1,-0.001963
TEL,35948,13.7554,16.8890,-0.9155,24.3130,-23,-0.045160
TEL,36048,17.8316,16.9584,0.4140,-17.7112,-2,-0.003927
TEL,36148,17.8974,17.3801,-0.1591,-0.2119,1,0.001963
TEL,36248,18.1652,17.8373,-0.7187,29.0385,-20,-0.039270
TEL,36348,17.7014,17.0409,0.5938,-48.9595,-7,-0.013744
TEL,36448,17.5093,17.1780,-0.0518,-15.0202,47,0.092284
TEL,36548,17.8316,17.4514,-0.3269,1.7319,0,0.000000
TEL,36648,12.1958,16.4102,-0.8157,23.3673,-19,-0.037306
TEL,36748,16.2658,16.0217,1.1679,-58.7443,-1,-0.001963
TEL,36848,17.7663,17.1050,0.2455,-0.0738,58,0.113883
TEL,36948,17.8974,17.5809,-0.4222,18.5738,-8,-0.015708
TEL,37048,18.0975,18.0073,-0.9739,38.2476,-35,-0.068722
TEL,37148,18.0304,18.0280,-1.0274,38.3665,-38,-0.074613
TEL,37248,18.1652,18.0708,-1.0498,37.9806,-38,-0.074613
TEL,37348,18.1652,18.0768,-1.0660,37.1375,-37,-0.072649
TEL,37448,18.0975,18.0765,-1.0720,36.3629,-36,-0.070686
TEL,37548,18.0304,18.0694,-1.0727,35.7152,-36,-0.070686
TEL,37648,18.0304,18.0705,-1.0715,35.3227,-35,-0.068722
TEL,37748,17.7663,18.0366,-1.0556,34.1965,-34,-0.066759
TEL,37848,17.8316,18.0052,-1.0269,32.9530,-33,-0.064795
TEL,37948,17.8316,17.9816,-0.9930,31.5815,-32,-0.062832
TEL,38048,17.6369,17.9242,-0.9480,29.6011,-30,-0.058905
TEL,38148,17.5729,17.8731,-0.9009,27.8066,-28,-0.054978
TEL,38248,17.3833,17.7667,-0.8100,24.1649,-24,-0.047124
TEL,38348,17.3210,17.6781,-0.7247,21.0395,-21,-0.041233
TEL,38448,17.1364,17.5134,-0.5728,15.3020,-15,-0.029452
TEL,38548,17.1364,17.4131,-0.4599,11.4059,-11,-0.021598
TEL,38648,17.0757,17.2889,-0.3237,-0.0010,0,0.000000
TEL,38748,17.0757,17.2358,-0.2599,-0.0010,0,0.000000
TEL,38848,13.0599,15.3225,-0.2082,-0.0010,0,0.000000
TEL,38948,16.3771,15.1502,3.6256,-96.0010,22,0.043197
TEL,39048,16.6040,16.1947,1.0718,-62.6090,93,0.182605
TEL,39148,16.9555,16.5853,0.5836,-33.0514,44,0.086394
TEL,39248,12.0356,15.7003,0.2132,-14.2841,17,0.033379
TEL,39348,15.8343,15.5215,1.6731,-76.0245,36,0.070686
TEL,39448,17.2591,16.5163,0.8413,-34.7906,69,0.135481
TEL,39548,17.5093,17.0522,0.1721,-2.1181,11,0.021598
TEL,39648,14.9370,16.7184,-0.1922,12.2693,-12,-0.023562
TEL,39748,17.5729,16.8566,0.4613,-17.3778,8,0.015708
TEL,39848,17.8974,17.1118,-0.0845,7.6487,-2,-0.003927
TEL,39948,18.3018,17.7115,-0.4213,23.6088,-23,-0.045160
TEL,40048,15.9936,15.0799,3.5609,-72.3912,-3,-0.005890
TEL,40148,17.3833,16.9331,0.6258,-29.6075,69,0.135481
TEL,40248,17.9637,17.3370,-0.2530,-0.7298,17,0.033379
TEL,40348,16.5468,17.2627,-0.5853,25.7781,-19,-0.037306
TEL,40448,17.1976,16.4662,1.1043,-27.3049,-6,-0.011781
TEL,40548,17.7014,17.2148,0.0960,16.0603,13,0.025525
TEL,40648,18.0304,17.7464,-0.6336,37.1250,-37,-0.072649
TEL,40748,13.9194,15.4954,0.2885,-21.2118,-15,-0.029452
TEL,40848,17.3210,16.4090,1.0672,-41.7155,40,0.078540
TEL,40948,18.0304,17.2960,0.1397,3.2854,20,0.039270
TEL,41048,11.8484,15.2261,-0.5192,27.4769,-19,-0.037306
TEL,41148,15.7297,14.8240,3.4376,-68.5231,-5,-0.009817
TEL,41248,17.9637,17.4681,1.2004,-45.5630,66,0.129591
TEL,41348,18.1652,17.8339,-0.6569,25.0217,16,0.031416
TEL,41448,12.4269,16.4070,-0.9761,37.0767,-37,-0.072649
TEL,41548,17.1976,16.3388,1.4516,-58.9233,-15,-0.029452
TEL,41648,17.6369,17.2711,-0.0569,-0.7665,56,0.109956
TEL,41748,17.9637,17.6366,-0.4946,19.2058,2,0.003927
TEL,41848,14.5228,16.9250,-0.7438,28.4734,-28,-0.054978
TEL,41948,17.0154,16.7225,0.4392,-21.5101,-6,-0.011781
TEL,42048,17.8974,17.4357,-0.2447,-0.6833,6,0.011781
TEL,42148,14.2584,16.7152,-0.5832,22.0205,-17,-0.033379
TEL,42248,15.7297,15.2969,2.2072,-73.9795,-1,-0.001963
TEL,42348,17.4461,16.6004,1.0493,-48.9475,71,0.139408
TEL,42448,18.1652,17.0777,-0.0756,6.0885,21,0.041233
TEL,42548,18.2332,17.8066,-0.5078,28.0622,-22,-0.043197
TEL,42648,17.5729,16.3532,1.4059,-44.0373,-6,-0.011781
TEL,42748,17.5093,17.0604,0.2279,6.9442,40,0.078540
TEL,42848,18.0304,17.6665,-0.5144,31.5516,-24,-0.047124
TEL,42948,11.9413,16.3209,-0.8015,39.3039,-39,-0.076576
TEL,43048,17.3833,17.0392,1.3686,-56.6961,-17,-0.033379
TEL,43148,17.8974,17.4904,-0.2786,-0.8605,54,0.106029
TEL,43248,18.1652,17.6130,-0.6163,22.9201,0,0.000000
TEL,43348,11.4320,14.1724,0.5215,-42.0163,-5,-0.009817
TEL,43448,17.6369,15.9244,1.7371,-58.6728,57,0.111919
TEL,43548,18.3018,17.7950,-0.1557,36.5692,37,0.072649
TEL,43648,14.9843,17.1959,-1.0109,55.1171,-46,-0.090321
TEL,43748,16.7781,16.3463,1.1098,-40.8829,-33,-0.064795
TEL,43848,17.8316,17.2323,0.0734,-0.3760,38,0.074613
TEL,43948,17.9637,17.5896,-0.4295,16.3626,-8,-0.015708
TEL,44048,12.0040,16.4687,-0.8081,29.7922,-30,-0.058905
TEL,44148,17.3833,16.6448,0.8069,-34.2261,-8,-0.015708
TEL,44248,17.7663,17.4412,-0.2755,13.2683,28,0.054978
TEL,44348,18.0304,17.6974,-0.5763,24.4850,-24,-0.047124
TEL,44448,15.5752,15.9962,0.6068,-49.2597,-3,-0.005890
TEL,44548,17.1976,16.7652,0.5159,-27.9620,46,0.090321
TEL,44648,17.8974,17.5178,-0.3418,-0.3633,8,0.015708
TEL,44748,18.0975,17.7638,-0.6463,22.9067,-18,-0.035343
TEL,44848,16.4333,16.5225,0.4145,-31.7172,-2,-0.003927
TEL,44948,17.5093,16.9405,0.2884,-18.5335,21,0.041233
TEL,45048,17.9637,17.5607,-0.4013,11.8061,-1,-0.001963
TEL,45148,12.9867,16.5123,-0.7037,24.8234,-25,-0.049087
TEL,45248,17.7014,16.6466,1.6271,-34.9874,-3,-0.005890
TEL,45348,17.7663,17.4219,-0.1487,34.6773,27,0.053014
TEL,45448,17.9637,17.7485,-0.6718,44.9914,-42,-0.082467
TEL,45548,13.8781,16.9782,-0.8449,45.8735,-46,-0.090321
TEL,45648,17.6369,17.4565,0.2590,-1.4996,-24,-0.047124
TEL,45748,18.1652,17.7135,-0.5523,25.6768,-19,-0.037306
TEL,45848,18.5104,17.9567,-0.8195,33.1980,-33,-0.064795
TEL,45948,17.0154,16.8040,0.3822,-38.2500,-11,-0.021598
TEL,46048,17.7663,17.1712,0.0307,-15.2984,34,0.066759
TEL,46148,18.0304,17.5212,-0.3440,4.6137,-3,-0.005890
TEL,46248,18.3018,17.8723,-0.6352,18.1950,-18,-0.035343
TEL,46348,18.0304,17.9445,-0.9230,29.1001,-29,-0.056941
TEL,46448,18.0304,18.0061,-1.0019,32.4024,-32,-0.062832
TEL,46548,18.0975,18.0674,-1.0627,35.4617,-35,-0.068722
TEL,46648,18.1652,18.1111,-1.1042,37.0829,-37,-0.072649
TEL,46748,18.3709,18.1344,-1.1097,36.7269,-37,-0.072649
TEL,46848,18.0975,18.1703,-1.1782,39.0172,-39,-0.076576
TEL,46948,18.0304,18.1580,-1.1698,38.3636,-38,-0.074613
TEL,47048,18.1652,18.1500,-1.1488,37.2126,-37,-0.072649
TEL,47148,18.0975,18.1475,-1.1511,37.1800,-37,-0.072649
TEL,47248,18.1652,18.1467,-1.1456,36.9331,-37,-0.072649
TEL,47348,18.0975,18.1592,-1.1631,37.7674,-38,-0.074613
TEL,47448,18.1652,18.1566,-1.1561,37.3982,-37,-0.072649
TEL,47548,18.0975,18.1671,-1.1712,38.0799,-38,-0.074613
TEL,47648,18.1652,18.1635,-1.1634,37.6611,-38,-0.074613
TEL,47748,18.1652,18.1731,-1.1735,38.0756,-38,-0.074613
TEL,47848,18.0975,18.1780,-1.1824,38.4875,-38,-0.074613
TEL,47948,18.0975,18.1863,-1.1914,38.8756,-39,-0.076576
TEL,48048,18.0975,18.2032,-1.2098,39.4593,-39,-0.076576
TEL,48148,15.7297,17.4268,-0.8367,19.4512,-21,-0.041233
TEL,48248,17.4461,17.3125,-0.2753,3.9410,-5,-0.009817
TEL,48348,17.8974,17.4939,-0.3992,11.1569,-11,-0.021598
TEL,48448,12.7714,16.6749,-0.8020,27.7906,-26,-0.051051
TEL,48548,17.5729,16.5592,1.4653,-68.2094,-6,-0.011781
TEL,48648,17.5729,17.2497,-0.0846,-8.6317,65,0.127627
TEL,48748,12.8782,16.1564,-0.4415,10.1393,11,0.021598
TEL,48848,17.3210,16.5494,1.3747,-85.7550,9,0.017671
TEL,48948,16.7197,16.5209,0.5929,-49.5197,82,0.161007
TEL,49048,18.0304,17.4409,-0.1700,-8.2520,32,0.062832
TEL,49148,18.0304,17.7234,-0.6032,12.9990,-7,-0.013744
TEL,49248,17.3210,16.8591,0.5765,-56.6748,9,0.017671
TEL,49348,17.1976,16.9523,0.1501,-30.7338,52,0.102102
TEL,49448,17.9637,17.5652,-0.4100,0.5651,11,0.021598
TEL,49548,18.2332,17.8055,-0.6703,14.7340,-15,-0.029452
TEL,49648,16.3213,16.0554,1.1421,-59.1203,6,0.011781
TEL,49748,17.6369,16.9773,0.4221,-16.2819,56,0.109956
TEL,49848,17.7663,17.5981,-0.5210,21.4375,-8,-0.015708
TEL,49948,13.4381,16.6818,-0.7109,28.5584,-29,-0.056941
TEL,50048,17.0154,16.4094,0.9337,-26.7418,-9,-0.017671
TEL,50148,17.7014,17.1103,0.2082,6.4936,18,0.035343
TEL,50248,18.1652,17.7581,-0.5853,33.4969,-24,-0.047124
TEL,50348,11.6071,16.2831,-0.8901,41.8507,-42,-0.082467
TEL,50448,17.3210,16.7805,0.4726,-3.0025,-21,-0.041233
TEL,50548,17.6369,17.2088,-0.0247,16.7001,-12,-0.023562
TEL,50648,12.7714,16.3566,-0.5000,29.0381,-29,-0.056941
TEL,50748,16.0473,15.3096,2.8266,-66.9619,-7,-0.013744
TEL,50848,17.3833,17.1244,0.9601,-47.6199,64,0.125664
TEL,50948,17.4461,17.3222,-0.2673,3.6596,18,0.035343
TEL,51048,12.0040,15.9546,-0.4172,11.8876,-12,-0.023562
TEL,51148,17.1364,16.2147,1.3642,-59.7201,10,0.019635
TEL,51248,17.5093,16.5712,0.5345,-20.8432,56,0.109956
TEL,51348,17.4461,17.0775,0.1198,1.5484,2,0.003927
TEL,51448,14.3455,16.6069,-0.2503,16.0498,-16,-0.031416
TEL,51548,16.8368,16.5648,0.5547,-19.1566,6,0.011781
TEL,51648,17.3833,16.9733,0.1585,-1.8816,4,0.007854
TEL,51748,17.5729,17.1952,-0.0849,8.0278,-8,-0.015708
TEL,51848,15.6779,15.1057,2.7031,-87.9722,13,0.025525
TEL,51948,16.8960,16.2577,1.2618,-63.1281,85,0.166897
TEL,52048,17.2591,16.9128,0.2448,-16.4752,36,0.070686
TEL,52148,12.2610,15.7809,-0.0986,-0.5888,2,0.003927
TEL,52248,16.5468,15.6831,1.8100,-66.3833,22,0.043197
TEL,52348,17.1364,16.6084,0.7431,-14.6226,60,0.117810
TEL,52448,17.5093,17.2246,-0.0993,17.2616,-6,-0.011781
TEL,52548,11.6665,15.9313,-0.3529,24.0331,-24,-0.047124
TEL,52648,17.6369,16.5416,1.0318,-24.2154,-2,-0.003927
TEL,52748,17.5729,17.1173,0.1330,12.4048,5,0.009817
TEL,52848,14.2584,16.5919,-0.4616,30.5098,-28,-0.054978
TEL,52948,14.4337,14.6588,2.0618,-65.4902,-10,-0.019635
TEL,53048,17.4461,17.0352,1.3762,-49.8929,62,0.121737
TEL,53148,17.8974,17.5368,-0.3349,18.7702,13,0.025525
TEL,53248,12.8782,16.5438,-0.8078,34.4647,-36,-0.070686
TEL,53348,16.4333,15.8814,1.7296,-61.5353,-12,-0.023562
TEL,53448,17.8316,17.2332,0.1468,-11.9117,59,0.115846
TEL,53548,12.7011,15.9003,-0.5009,17.1873,6,0.011781
TEL,53648,14.5678,16.2164,-0.0678,27.9716,-27,-0.053014
TEL,53748,17.5093,16.5130,1.1000,-30.2870,-6,-0.011781
TEL,53848,18.0304,17.5837,-0.3391,25.2312,21,0.041233
TEL,53948,17.9637,17.7777,-0.7063,35.4752,-34,-0.066759
TEL,54048,17.4461,16.9697,0.4504,-36.2980,-13,-0.025525
TEL,54148,17.5093,17.0689,0.1314,-20.9375,32,0.062832
TEL,54248,17.9637,17.2610,-0.2537,0.6709,3,0.005890
TEL,54348,15.5752,16.9369,-0.5606,19.0285,-18,-0.035343
TEL,54448,16.7197,15.8341,1.6921,-62.6763,2,0.003927
TEL,54548,17.5093,16.8553,0.5879,-9.0615,62,0.121737
TEL,54648,17.9637,17.6896,-0.5466,33.6723,-9,-0.017671
TEL,54748,12.2939,16.3558,-0.8289,41.0218,-41,-0.080503
TEL,54848,17.0154,16.4883,0.8671,-13.3250,-20,-0.039270
TEL,54948,17.8316,17.2669,0.0662,20.8935,1,0.001963
TEL,55048,14.5228,16.7249,-0.4874,37.0055,-36,-0.070686
TEL,55148,15.5243,15.4996,1.5252,-58.9945,-15,-0.029452
TEL,55248,17.3210,15.9096,1.1835,-47.1936,57,0.111919
TEL,55348,17.7014,17.2103,0.2593,6.0988,30,0.058905
TEL,55448,13.5161,16.3809,-0.5366,31.0770,-27,-0.053014
TEL,55548,15.5752,15.5348,1.5018,-64.9230,-9,-0.017671
TEL,55648,17.4461,16.9055,0.4217,-13.7384,62,0.121737
TEL,55748,17.6369,17.2982,-0.1396,11.0573,9,0.017671
TEL,55848,17.8316,17.5914,-0.5185,23.1161,-23,-0.045160
TEL,55948,18.0975,17.7956,-0.7131,30.0518,-30,-0.058905
TEL,56048,18.0975,17.9358,-0.9018,34.6596,-35,-0.068722
TEL,56148,17.7663,17.9329,-0.9617,35.4483,-35,-0.068722
TEL,56248,17.7663,17.9184,-0.9558,34.3988,-34,-0.066759
TEL,56348,18.0304,17.9215,-0.9082,31.5550,-32,-0.062832
TEL,56448,18.0975,17.9633,-0.9328,31.8607,-32,-0.062832
TEL,56548,17.7663,17.9342,-0.9510,31.5950,-32,-0.062832
TEL,56648,18.0975,17.9798,-0.9682,32.2189,-32,-0.062832
TEL,56748,18.0975,18.0048,-0.9960,33.0959,-33,-0.064795
TEL,56848,17.8316,18.0095,-1.0248,33.8063,-34,-0.066759
TEL,56948,18.0975,17.9989,-0.9900,31.9821,-32,-0.062832
TEL,57048,18.1652,18.0302,-1.0190,32.9660,-33,-0.064795
TEL,57148,18.1652,18.0448,-1.0353,33.4941,-33,-0.064795
TEL,57248,18.1652,18.0639,-1.0566,34.1360,-34,-0.066759
TEL,57348,17.8316,18.0513,-1.0661,34.3962,-34,-0.066759
TEL,57448,18.1652,18.0678,-1.0588,34.2422,-34,-0.066759
TEL,57548,17.8974,18.0595,-1.0696,34.5247,-35,-0.068722
TEL,57648,18.2332,18.0733,-1.0639,34.2986,-34,-0.066759
TEL,57748,15.8870,17.3492,-0.7030,14.7412,-17,-0.033379
TEL,57848,17.7663,17.3203,-0.2040,0.5081,-1,-0.001963
TEL,57948,17.8974,17.5123,-0.4137,10.9392,-11,-0.021598
TEL,58048,11.8177,16.5293,-0.7144,23.3089,-23,-0.045160
TEL,58148,17.6369,16.5841,1.3385,-69.1435,-1,-0.001963
TEL,58248,17.8974,17.4832,-0.2471,2.7315,67,0.131554
TEL,58348,17.9637,17.7152,-0.6178,18.9540,5,0.009817
TEL,58448,14.1295,14.2814,2.5059,-77.0460,-2,-0.003927
TEL,58548,17.0154,16.3634,1.3491,-50.9699,73,0.143335
TEL,58648,18.1652,17.6835,-0.3909,19.3258,24,0.047124
TEL,58748,18.0975,17.8876,-0.8028,33.0814,-33,-0.064795
TEL,58848,17.3833,16.2023,2.7961,-62.9186,-11,-0.021598
TEL,58948,17.5093,17.0060,0.4047,-41.0001,61,0.119773
TEL,59048,12.6315,15.9852,-0.4726,0.8984,15,0.029452
TEL,59148,13.1340,15.0494,-0.0676,15.1778,-15,-0.029452
TEL,59248,17.4461,16.3401,2.3236,-41.3954,7,0.013744
TEL,59348,17.6369,17.3881,-0.1417,54.6046,29,0.056941
TEL,59448,17.9637,17.4777,-0.6340,61.7365,-52,-0.102102
TEL,59548,11.8792,15.9238,-0.7027,56.9045,-57,-0.111919
TEL,59648,17.4461,16.6473,0.8359,2.0076,-37,-0.072649
TEL,59748,17.7663,17.2559,0.0232,30.2713,-14,-0.027489
TEL,59848,18.3018,17.8202,-0.6361,45.7405,-45,-0.088357
TEL,59948,15.5243,16.0168,0.5204,-30.3885,-24,-0.047124
TEL,60048,17.5729,16.8810,0.4548,-19.5539,27,0.053014
TEL,60148,18.4404,17.6653,-0.2613,14.8698,-1,-0.001963
TEL,60248,12.1313,16.4581,-0.8262,32.2642,-30,-0.058905
TEL,60348,16.7781,16.3498,0.9414,-40.6963,-10,-0.019635
TEL,60448,17.6369,17.2353,-0.0253,5.2788,38,0.074613
TEL,60548,18.3018,17.8384,-0.6084,30.6240,-23,-0.045160
TEL,60648,13.7554,17.0057,-0.9393,40.1600,-40,-0.078540
TEL,60748,17.4461,16.9490,0.3353,-0.3084,-18,-0.035343
TEL,60848,17.7663,17.4510,-0.3264,14.3513,-14,-0.027489
TEL,60948,18.3018,17.7745,-0.5998,25.1589,-25,-0.049087
TEL,61048,15.9401,15.2712,2.8188,-70.8411,-4,-0.007854
TEL,61148,17.5093,16.8618,0.7904,-42.4258,68,0.133518
TEL,61248,17.8974,17.6349,-0.4986,12.5878,15,0.029452
TEL,61348,18.2332,17.9419,-0.8289,28.2681,-26,-0.051051
TEL,61448,16.8368,16.3568,0.9876,-45.6634,-7,-0.013744
TEL,61548,17.7014,17.0451,0.3083,-0.1048,43,0.084430
TEL,61648,18.0304,17.7334,-0.5940,26.3846,-18,-0.035343
TEL,61748,11.7872,16.3128,-0.8544,35.1961,-35,-0.068722
TEL,61848,17.1364,16.5738,0.7529,-15.8681,-14,-0.027489
TEL,61948,17.7663,17.2095,0.0799,13.4702,-2,-0.003927
TEL,62048,18.4404,17.8867,-0.6663,36.1903,-31,-0.060868
TEL,62148,17.0154,16.8909,0.2129,-21.0415,-14,-0.027489
TEL,62248,17.5729,17.0622,0.1170,-11.0494,12,0.023562
TEL,62348,18.3018,17.5874,-0.3129,-0.1043,0,0.000000
TEL,62448,12.9142,16.6580,-0.7999,27.8044,-20,-0.039270
TEL,62548,15.8870,15.2933,2.6592,-68.1956,-6,-0.011781
TEL,62648,17.7663,17.3413,-0.0106,-23.4413,65,0.127627
TEL,62748,18.1652,17.7297,-0.5258,3.7866,12,0.023562
TEL,62848,14.2152,15.4499,0.4400,-53.4469,16,0.031416
TEL,62948,17.0154,16.4500,0.9940,-52.0997,52,0.102102
TEL,63048,18.1652,17.4644,-0.1024,-0.4132,31,0.060868
TEL,63148,18.0975,17.7741,-0.6355,21.3664,-21,-0.041233
TEL,63248,15.0320,15.6895,0.6195,-56.5228,0,0.000000
REF,63342,9.0000,hold_near
TEL,63348,17.2591,16.9084,0.4112,-20.1295,55,0.107992
TEL,63448,17.9637,17.6004,-8.4333,75.8705,-9,-0.017671
TEL,63548,18.1652,17.8202,-8.7040,171.8705,-99,-0.194386
TEL,63648,16.4899,16.1904,-6.9942,219.4798,-192,-0.376991
TEL,63748,17.5729,16.8535,-7.5032,224.0000,-224,-0.439823
TEL,63848,17.5093,17.2922,-8.2094,224.0000,-224,-0.439823
TEL,63948,12.9867,16.4064,-8.2694,224.0000,-224,-0.439823
TEL,64048,15.6264,15.0758,-5.6657,190.7969,-203,-0.398590
TEL,64148,15.5243,15.4234,-6.3696,216.9023,-211,-0.414298
TEL,64248,15.0320,15.3016,-6.3696,211.7207,-212,-0.416261
TEL,64348,10.0523,12.9285,-5.5531,167.2994,-190,-0.373064
TEL,64448,12.7011,12.9472,-3.8057,111.7231,-150,-0.294524
TEL,64548,12.0673,12.5961,-3.7890,110.6723,-111,-0.217948
TEL,64648,10.6757,11.5997,-3.0113,81.9292,-91,-0.178678
TEL,64748,8.8259,9.6241,-1.3814,7.7892,-60,-0.117810
TEL,64848,8.1783,8.6590,0.0752,-35.5648,17,0.033379
TEL,64948,8.0262,8.2923,0.5875,-50.9704,50,0.098175
TEL,65048,8.9890,8.4922,0.6321,-42.9306,43,0.084430
TEL,65148,9.6379,8.8924,0.3291,-22.1816,25,0.049087
TEL,65248,10.7266,9.9019,-0.1924,0.0000,4,0.007854
TEL,65348,11.6071,10.7795,-1.3274,51.2511,-22,-0.043197
TEL,65448,12.9867,12.2875,-2.8397,107.6934,-68,-0.133518
TEL,65548,13.7961,13.0894,-3.6814,138.2606,-131,-0.257218
TEL,65648,14.7042,14.0645,-4.7409,173.1736,-159,-0.312196
TEL,65748,15.0799,14.5888,-5.3544,192.8870,-191,-0.375028
TEL,65848,15.8343,15.3281,-6.1098,216.2705,-211,-0.414298
TEL,65948,16.3213,15.7740,-6.5531,224.0000,-224,-0.439823
TEL,66048,16.6040,16.2523,-7.1245,224.0000,-224,-0.439823
TEL,66148,16.8368,16.5172,-7.4122,224.0000,-224,-0.439823
TEL,66248,16.8960,16.6811,-7.6310,224.0000,-224,-0.439823
TEL,66348,16.8368,16.7199,-7.6983,224.0000,-224,-0.439823
TEL,66448,16.6040,16.6925,-7.7049,224.0000,-224,-0.439823
TEL,66548,16.3213,16.6439,-7.6824,224.0000,-224,-0.439823
TEL,66648,15.8343,16.4312,-7.5833,224.0000,-224,-0.439823
TEL,66748,15.4235,16.1526,-7.3085,224.0000,-224,-0.439823
TEL,66848,14.6585,15.3824,-6.6544,206.1600,-208,-0.408407
TEL,66948,11.5775,13.9898,-6.0687,182.6305,-188,-0.369137
TEL,67048,12.0673,11.8218,-2.6342,86.6306,-162,-0.318086
TEL,67148,11.6367,11.7807,-2.8310,79.7000,-84,-0.164934
TEL,67248,10.5009,11.2818,-2.5134,69.1148,-69,-0.135481
TEL,67348,8.1628,10.1460,-1.9667,48.1021,-51,-0.100138
TEL,67448,8.0412,8.5625,0.0634,-25.8483,-27,-0.053014
TEL,67548,8.0262,8.2036,0.7058,-49.3130,44,0.086394
TEL,67648,8.9890,8.3994,0.7687,-44.6787,45,0.088357
TEL,67748,8.7552,8.6351,0.4019,-22.2655,27,0.053014
TEL,67848,10.3314,9.3245,-0.0004,-0.2009,4,0.007854
TEL,67948,11.2060,10.2227,-0.7364,31.8302,-21,-0.041233
TEL,68048,12.2610,11.6616,-2.2764,89.5663,-53,-0.104065
TEL,68148,10.5256,10.7905,-1.9785,60.6134,-82,-0.161007
TEL,68248,13.3225,12.3985,-2.7937,100.6389,-79,-0.155116
TEL,68348,14.2152,13.4567,-3.9397,145.6913,-123,-0.241510
TEL,68448,14.9370,14.4102,-5.1351,184.8970,-163,-0.320050
TEL,68548,13.2465,13.2256,-4.2062,123.4916,-166,-0.325940
TEL,68648,15.2745,14.4478,-4.9927,161.2899,-128,-0.251327
TEL,68748,15.4737,15.0429,-5.8069,194.6043,-185,-0.363247
TEL,68848,12.0356,14.4787,-6.3916,214.2646,-211,-0.414298
TEL,68948,15.0320,14.2864,-4.6712,139.1255,-192,-0.376991
TEL,69048,15.5243,15.1972,-6.0228,191.0552,-142,-0.278816
TEL,69148,15.5243,15.3310,-6.2658,200.7800,-200,-0.392699
TEL,69248,10.5256,14.5618,-6.4122,205.7207,-206,-0.404480
TEL,69348,14.2152,14.2343,-5.2445,161.4037,-184,-0.361283
TEL,69448,14.3895,14.3642,-5.3579,167.6507,-168,-0.329867
TEL,69548,14.2152,14.3397,-5.3611,168.7705,-169,-0.331831
TEL,69648,11.9102,13.2277,-4.7621,138.5064,-149,-0.292561
TEL,69748,12.6315,12.8208,-3.9178,108.8126,-118,-0.231692
TEL,69848,11.7266,12.3076,-3.5074,96.8442,-97,-0.190459
TEL,69948,11.0418,11.7940,-3.0778,82.5714,-83,-0.162970
TEL,70048,9.0633,9.4672,-0.8569,-7.4572,-62,-0.121737
TEL,70148,8.8617,9.1349,-0.2726,-20.3581,15,0.029452
TEL,70248,8.0262,8.5650,0.2347,-34.0005,34,0.066759
TEL,70348,8.4494,8.4545,0.5438,-40.9136,41,0.080503
TEL,70448,8.7376,8.4410,0.6301,-39.3131,39,0.076576
TEL,70548,9.7439,8.8358,0.4038,-22.9990,24,0.047124
TEL,70648,10.6757,9.8418,-0.4652,16.7003,2,0.003927
TEL,70748,11.5189,10.7021,-1.2595,50.5511,-38,-0.074613
TEL,70848,11.7266,10.8673,-1.3456,58.3416,-58,-0.113883
TEL,70948,12.8068,11.9224,-2.3599,96.9894,-80,-0.157080
TEL,71048,13.6348,12.8536,-3.3788,133.2375,-119,-0.233656
TEL,71148,9.5754,10.8666,-2.9023,90.4287,-111,-0.217948
TEL,71248,14.0870,13.2256,-3.4833,126.1737,-110,-0.215984
TEL,71348,14.4337,13.9245,-4.5981,165.6275,-148,-0.290597
TEL,71448,14.7965,14.5186,-5.3992,190.1977,-185,-0.363247
TEL,71548,10.0750,13.4907,-5.6929,198.3507,-198,-0.388772
TEL,71648,14.4337,13.9127,-4.6557,166.8682,-178,-0.349502
TEL,71748,14.7502,14.3532,-5.1761,184.0564,-182,-0.357356
TEL,71848,11.8484,13.9372,-5.5610,192.8627,-193,-0.378955
TEL,71948,13.1713,12.8733,-3.5640,96.8628,-171,-0.335758
TEL,72048,13.6348,12.7729,-4.2092,128.4796,-99,-0.194386
TEL,72148,13.3608,13.2000,-4.0959,133.5514,-134,-0.263108
TEL,72248,9.3524,12.2779,-4.0973,131.3663,-131,-0.257218
TEL,72348,11.7872,11.6901,-2.6208,69.9648,-109,-0.214021
TEL,72448,10.9084,11.3826,-2.5281,68.6399,-69,-0.135481
TEL,72548,10.3076,10.9849,-2.2045,57.9696,-58,-0.113883
TEL,72648,7.9964,9.6401,-1.7172,40.2313,-42,-0.082467
TEL,72748,8.2879,8.7620,-0.0856,-19.6580,-18,-0.035343
TEL,72848,8.1321,8.2821,0.6563,-44.4266,40,0.078540
TEL,72948,8.6510,8.3735,0.6970,-39.9565,40,0.078540
TEL,73048,8.2721,8.2870,0.7086,-40.6143,41,0.080503
TEL,73148,9.6170,8.6949,0.5511,-27.5269,28,0.054978
TEL,73248,10.5009,9.7286,-0.3673,14.6474,7,0.013744
TEL,73348,11.1508,10.4625,-1.1040,45.4281,-33,-0.064795
TEL,73448,10.7011,10.3469,-1.0991,27.0413,-29,-0.056941
TEL,73548,12.1313,11.2549,-1.7658,59.6660,-48,-0.094248
TEL,73648,12.8782,12.2943,-2.9868,104.6058,-81,-0.159043
TEL,73748,13.3608,12.8157,-3.5614,126.1323,-120,-0.235619
TEL,73848,12.8782,12.1469,-2.7344,89.5717,-105,-0.206167
TEL,73948,13.5555,12.9195,-3.5585,124.1670,-111,-0.217948
TEL,74048,14.2584,13.4986,-4.2566,150.7893,-144,-0.282743
TEL,74148,9.8085,12.6089,-4.7275,166.5954,-166,-0.325940
TEL,74248,13.5555,12.8515,-3.4860,127.9196,-146,-0.286670
TEL,74348,14.1722,13.5847,-4.2620,156.8720,-148,-0.290597
TEL,74448,14.0448,13.9324,-4.8916,173.7689,-172,-0.337721
TEL,74548,13.9194,13.9651,-4.9763,172.4944,-172,-0.337721
TEL,74648,13.6748,13.9043,-4.9401,167.0296,-167,-0.327904
TEL,74748,13.1340,13.7312,-4.8321,159.4684,-159,-0.312196
TEL,74848,12.3269,13.1667,-4.4042,140.3656,-143,-0.280780
TEL,74948,11.8484,12.5952,-3.8883,118.0539,-122,-0.239546
TEL,75048,10.2368,11.0823,-2.5986,67.4063,-97,-0.190459
TEL,75148,9.5136,10.2040,-1.6291,31.1691,-39,-0.076576
TEL,75248,8.4330,9.0888,-0.4446,-8.3618,-10,-0.019635
TEL,75348,8.1168,8.5406,0.2425,-32.4482,27,0.053014
TEL,75448,8.9523,8.6187,0.4742,-33.5764,34,0.066759
TEL,75548,9.4728,8.8990,0.2567,-18.1941,19,0.037306
TEL,75648,10.3793,9.6039,-0.0847,-0.0013,2,0.003927
TEL,75748,10.9084,10.2049,-0.8985,33.5982,-21,-0.041233
TEL,75848,11.8792,11.2140,-1.8832,71.1567,-55,-0.107992
TEL,75948,12.3269,11.7826,-2.5188,94.9150,-90,-0.176715
TEL,76048,13.0232,12.4925,-3.2710,119.4132,-114,-0.223838
TEL,76148,13.3225,12.8744,-3.6990,133.3217,-133,-0.261145
TEL,76248,13.7961,13.3540,-4.2026,148.7135,-148,-0.290597
TEL,76348,14.0448,13.6464,-4.5153,158.1106,-158,-0.310232
TEL,76448,11.5482,12.6608,-4.2235,133.1311,-139,-0.272926
TEL,76548,13.5161,12.8850,-3.6364,114.4003,-116,-0.227765
TEL,76648,13.9610,13.5177,-4.3421,141.9444,-134,-0.263108
TEL,76748,13.9610,13.6990,-4.6153,151.9211,-152,-0.298451
TEL,76848,12.2939,12.7239,-3.9802,113.5467,-131,-0.257218
TEL,76948,12.9867,12.8218,-3.7635,111.4082,-111,-0.217948
TEL,77048,12.9142,12.8949,-3.8909,118.5720,-119,-0.233656
TEL,77148,12.6315,12.8479,-3.8817,119.6932,-120,-0.235619
TEL,77248,11.7266,11.5231,-2.3658,50.8727,-98,-0.192423
TEL,77348,11.1508,11.3480,-2.4248,57.7490,-56,-0.109956
TEL,77448,10.4764,10.7666,-2.2741,57.0113,-57,-0.111919
TEL,77548,8.0864,9.9995,-1.6288,37.9133,-40,-0.078540
TEL,77648,8.7727,9.2214,-0.4958,0.3187,-17,-0.033379
TEL,77748,8.5156,8.8618,-0.0154,-15.0267,14,0.027489
TEL,77848,8.1628,8.4372,0.4676,-32.4036,30,0.058905
TEL,77948,6.9646,8.4172,0.5828,-33.0280,33,0.064795
TEL,78048,8.8081,8.3779,0.7109,-34.7938,35,0.068722
TEL,78148,9.5136,8.7134,0.4838,-21.2183,21,0.041233
TEL,78248,10.2368,9.4766,-0.1884,-0.2419,4,0.007854
TEL,78348,8.0562,9.2391,-0.7503,32.1767,-21,-0.041233
TEL,78448,10.9349,10.3570,-1.0497,45.9608,-46,-0.090321
TEL,78548,11.6965,11.0230,-1.6871,69.8877,-65,-0.127627
TEL,78648,9.2347,10.8365,-2.5331,97.2170,-90,-0.176715
TEL,78748,11.5775,10.7802,-1.2200,37.3653,-75,-0.147262
TEL,78848,12.2610,11.9489,-2.2300,79.7988,-45,-0.088357
TEL,78948,12.6315,12.2872,-3.1404,110.6212,-104,-0.204204
TEL,79048,10.1669,11.9589,-3.4834,120.9030,-121,-0.237583
TEL,79148,11.3747,11.2001,-2.0647,53.6470,-99,-0.194386
TEL,79248,12.5969,11.9990,-2.7262,84.5323,-60,-0.117810
TEL,79348,12.5626,12.2496,-3.1318,101.1279,-99,-0.194386
TEL,79448,8.7904,11.6657,-3.3153,107.3799,-107,-0.210094
TEL,79548,11.3747,11.3574,-2.3489,69.2950,-85,-0.166897
TEL,79648,11.6665,11.5179,-2.4808,76.3337,-76,-0.149226
TEL,79748,11.3179,11.4917,-2.5233,78.6808,-79,-0.155116
TEL,79848,7.8362,10.2883,-2.0849,57.4106,-61,-0.119773
TEL,79948,10.1669,10.0589,-1.0011,19.2324,-35,-0.068722
TEL,80048,9.5547,9.8398,-0.9171,18.7632,-19,-0.037306
TEL,80148,9.2154,9.6481,-0.7538,14.7177,-15,-0.029452
TEL,80248,7.7234,9.1261,-0.1261,-7.1044,-14,-0.027489
TEL,80348,7.9521,8.5159,0.4841,-31.9327,8,0.015708
TEL,80448,8.5491,8.4036,0.5964,-31.4546,31,0.060868
TEL,80548,8.9340,8.5641,0.4359,-21.2273,30,0.058905
TEL,80648,9.3922,8.6969,0.4845,-25.0952,22,0.043197
TEL,80748,9.5754,8.9815,0.0185,-0.4616,24,0.047124
TEL,80848,10.1901,9.6245,-0.6245,23.5099,-1,-0.001963
TEL,80948,10.6001,10.0392,-1.0392,40.2469,-25,-0.049087
TEL,81048,10.4764,9.8269,-0.8269,36.7592,-39,-0.076576
TEL,81148,11.0961,10.4020,-1.4020,58.5378,-38,-0.074613
TEL,81248,11.3179,11.0508,-1.9345,77.0160,-60,-0.117810
TEL,81348,9.2154,10.7052,-1.7052,53.7559,-76,-0.149226
TEL,81448,11.8484,10.8870,-1.2977,48.9729,-53,-0.104065
TEL,81548,11.5189,11.2723,-2.2723,80.8293,-50,-0.098175
TEL,81648,11.1783,11.3639,-2.4152,84.0503,-82,-0.161007
TEL,81748,8.7904,10.9436,-1.9436,57.9738,-83,-0.162970
TEL,81848,10.3793,10.4771,-1.4771,43.5203,-57,-0.111919
TEL,81948,10.3793,10.4680,-1.4680,43.8776,-44,-0.086394
TEL,82048,10.0523,10.3481,-1.3481,39.8569,-43,-0.084430
TEL,82148,8.4659,9.6903,-0.6903,12.0352,-39,-0.076576
TEL,82248,8.8977,9.2235,-0.2235,-2.4927,-11,-0.021598
TEL,82348,8.7028,9.0283,-0.0283,-8.0183,3,0.005890
TEL,82448,8.1474,8.6422,0.3578,-22.9444,9,0.017671
TEL,82548,7.3894,8.6422,0.3578,-22.9444,21,0.041233
TEL,82648,8.7028,8.5223,0.4889,-26.2552,26,0.051051
TEL,82748,9.0821,8.6779,0.4777,-23.0289,23,0.045160
TEL,82848,7.9229,8.7062,0.2190,-0.5403,1,0.001963
TEL,82948,9.1388,8.7481,0.2938,-16.6231,17,0.033379
TEL,83048,10.0523,9.3186,0.1091,-0.6872,1,0.001963
TEL,83148,10.3793,9.7968,-0.3186,14.3469,-14,-0.027489
TEL,83248,8.2721,9.0183,-1.0232,40.5227,-41,-0.080503
TEL,83348,10.5503,9.6080,-0.0183,-0.4157,-1,-0.001963
TEL,83448,11.3179,10.7479,-1.0448,40.1170,-40,-0.078540
TEL,83548,11.5482,11.1739,-1.7479,67.4458,-67,-0.131554
TEL,83648,9.7225,10.3856,-2.3245,85.8168,-86,-0.168861
TEL,83748,11.3462,10.9115,-1.3856,44.6406,-46,-0.090321
TEL,83848,11.5482,11.3530,-2.0895,70.8814,-71,-0.139408
TEL,83948,11.4320,11.3949,-2.3530,79.7419,-80,-0.157080
TEL,84048,11.2617,11.3790,-2.3949,80.0089,-80,-0.157080
TEL,84148,10.9084,11.2926,-2.3790,78.1419,-78,-0.153153
TEL,84248,10.5256,11.0520,-2.2926,73.6344,-74,-0.145299
TEL,84348,10.1438,10.7855,-2.0520,63.8147,-64,-0.125664
TEL,84448,9.6379,10.2571,-1.6257,47.2734,-47,-0.092284
TEL,84548,9.2347,9.8432,-1.2571,32.7179,-33,-0.064795
TEL,84648,8.4330,9.0763,-0.5899,8.0859,-8,-0.015708
TEL,84748,8.1783,8.6361,-0.0763,-10.8978,11,0.021598
TEL,84848,8.6168,8.5431,0.4619,-29.1859,29,0.056941
TEL,84948,8.9706,8.6528,0.4569,-25.2723,25,0.049087
TEL,85048,9.4728,8.9500,0.2640,-14.0311,14,0.027489
TEL,85148,9.7653,9.2146,0.0500,-0.1437,0,0.000000
TEL,85248,10.2368,9.6953,-0.3702,14.8667,-15,-0.029452
TEL,85348,10.5503,10.0175,-0.6953,27.9485,-28,-0.054978
TEL,85448,10.9614,10.4694,-1.1729,44.9274,-45,-0.088357
TEL,85548,11.0418,10.7100,-1.4694,55.6203,-56,-0.109956
TEL,85648,11.3747,11.0032,-1.8085,66.1215,-66,-0.129591
TEL,85748,11.4898,11.1593,-2.0032,72.0862,-72,-0.141372
TEL,85848,11.4898,11.3126,-2.2278,78.4551,-78,-0.153153
TEL,85948,9.6170,10.6671,-2.3126,79.9080,-80,-0.157080
TEL,86048,11.1233,10.8575,-1.6049,54.2418,-54,-0.106029
TEL,86148,11.2338,10.9922,-1.8575,63.3540,-63,-0.123700
TEL,86248,11.1233,11.0731,-2.0333,68.7399,-69,-0.135481
TEL,86348,9.7225,10.4581,-2.0731,69.1695,-69,-0.135481
TEL,86448,10.3793,10.5025,-1.4581,43.5065,-44,-0.086394
TEL,86548,10.2368,10.4232,-1.5025,45.1144,-45,-0.088357
TEL,86648,7.9083,9.9765,-1.3859,41.4318,-41,-0.080503
TEL,86748,8.8438,9.6953,-0.9765,21.4007,-24,-0.047124
TEL,86848,8.9890,9.3871,-0.6953,12.2034,-12,-0.023562
TEL,86948,8.8438,9.1895,-0.3871,2.6493,-3,-0.005890
TEL,87048,6.6986,8.9453,-0.0769,-6.9071,7,0.013744
TEL,87148,7.8077,8.6996,0.3004,-19.5243,15,0.029452
TEL,87248,8.5828,8.5139,0.5051,-26.4665,26,0.051051
TEL,87348,8.8977,8.6101,0.3899,-19.0297,20,0.039270
TEL,87448,7.1894,8.5597,0.4403,-22.7040,23,0.045160
TEL,87548,9.1198,8.6815,0.3185,-0.6688,14,0.027489
TEL,87648,9.8302,9.1422,0.0421,-0.6688,1,0.001963
TEL,87748,9.8520,9.4521,-0.3228,15.0401,-8,-0.015708
TEL,87848,9.3722,9.2902,-0.2560,3.9399,-7,-0.013744
TEL,87948,10.0978,9.5456,-0.5456,17.7823,-12,-0.023562
TEL,88048,10.7011,10.1403,-0.9447,34.7347,-27,-0.053014
TEL,88148,10.8821,10.4557,-1.4557,52.9499,-44,-0.086394
TEL,88248,10.8298,10.0969,-0.7774,24.5023,-45,-0.088357
TEL,88348,10.8298,10.4190,-1.4190,48.6199,-34,-0.066759
TEL,88448,10.9881,10.7585,-1.6859,58.9970,-57,-0.111919
TEL,88548,11.0418,10.8537,-1.8537,63.8921,-64,-0.125664
TEL,88648,10.2839,10.2194,-1.1950,38.3176,-55,-0.107992
TEL,88748,10.3793,10.2835,-1.2835,41.6222,-42,-0.082467
TEL,88848,10.2839,10.3081,-1.3120,42.5414,-43,-0.084430
TEL,88948,10.0750,10.2852,-1.3110,42.4083,-42,-0.082467
TEL,89048,9.5341,9.7393,-0.8004,22.0348,-34,-0.066759
TEL,89148,9.4932,9.6667,-0.6667,17.9498,-18,-0.035343
TEL,89248,9.2736,9.5487,-0.5965,15.9345,-16,-0.031416
TEL,89348,7.0931,9.4857,-0.5965,15.9345,-16,-0.031416
TEL,89448,8.3841,8.8904,-0.2318,1.9782,-2,-0.003927
TEL,89548,8.2249,8.6507,0.1096,-11.4711,11,0.021598
TEL,89648,8.3518,8.4554,0.4560,-25.0772,25,0.049087
TEL,89748,6.6141,8.4554,0.5446,-27.1406,27,0.053014
TEL,89848,8.7376,8.4620,0.5959,-28.0743,28,0.054978
TEL,89948,9.1009,8.6097,0.5380,-23.8186,24,0.047124
TEL,90048,9.4122,8.9279,0.2953,-1.1306,1,0.001963
TEL,90148,8.4659,8.8379,0.0721,-1.1306,1,0.001963
TEL,90248,9.6379,9.0968,0.1185,-1.1306,1,0.001963
TEL,90348,10.0978,9.4442,-0.0968,6.8586,-7,-0.013744
TEL,90448,10.3076,9.8875,-0.6094,25.6676,-26,-0.051051
TEL,90548,9.6801,9.6622,-0.8875,35.5939,-36,-0.070686
TEL,90648,10.4764,10.0811,-0.6622,26.4288,-26,-0.051051
TEL,90748,10.6757,10.3158,-1.0811,40.7871,-41,-0.080503
TEL,90848,8.2879,10.0570,-1.4210,52.1259,-52,-0.102102
TEL,90948,10.2839,10.2431,-1.0570,28.9135,-29,-0.056941
TEL,91048,10.6757,10.2637,-1.2431,36.5940,-37,-0.072649
TEL,91148,10.6252,10.4442,-1.2637,41.5508,-42,-0.082467
TEL,91248,9.0260,9.7670,-1.4994,49.9522,-50,-0.098175
TEL,91348,10.0523,9.9003,-0.7670,19.4400,-19,-0.037306
TEL,91448,10.2368,10.0478,-0.9593,28.3099,-28,-0.054978
TEL,91548,10.1438,10.0829,-1.0478,32.7261,-33,-0.064795
TEL,91648,9.0075,9.7239,-1.0818,34.0192,-34,-0.066759
TEL,91748,9.3722,9.5788,-0.7239,19.3440,-19,-0.037306
TEL,91848,9.1578,9.4374,-0.5404,13.7407,-14,-0.027489
TEL,91948,8.9340,9.3071,-0.4374,10.2942,-10,-0.019635
TEL,92048,8.0562,9.1033,-0.1033,-0.9806,-9,-0.017671
TEL,92148,8.0864,8.6975,0.3025,-18.8469,2,0.003927
TEL,92248,8.1628,8.4096,0.5210,-26.9065,20,0.039270
TEL,92348,8.6510,8.4728,0.5272,-24.6734,26,0.051051
TEL,92448,8.5828,8.4436,0.5564,-24.3577,24,0.047124
TEL,92548,9.0446,8.5822,0.4178,-16.9039,23,0.045160
TEL,92648,9.4932,8.9485,0.0515,-1.1729,16,0.031416
TEL,92748,7.9083,8.8305,0.1695,-1.1729,1,0.001963
TEL,92848,9.5136,9.0457,-0.0457,-1.1729,1,0.001963
TEL,92948,10.0071,9.4323,-0.4323,17.3604,0,0.000000
TEL,93048,10.4034,9.9460,-0.9460,36.0826,-18,-0.035343
TEL,93148,7.6956,8.7916,0.2084,-16.5013,-35,-0.068722
TEL,93248,10.2603,9.7237,-0.7237,22.7933,16,0.031416
TEL,93348,10.6001,10.1923,-1.1923,41.8842,-24,-0.047124
TEL,93448,10.7780,10.5322,-1.5322,53.3965,-43,-0.084430
TEL,93548,10.8038,10.2868,-1.2868,49.4433,-52,-0.102102
TEL,93648,10.8298,10.6145,-1.6145,59.0616,-50,-0.098175
TEL,93748,10.8298,10.6898,-1.6898,60.0668,-60,-0.117810
TEL,93848,10.6001,10.6843,-1.6843,57.8949,-59,-0.115846
TEL,93948,10.5503,10.6602,-1.6602,55.6796,-57,-0.111919
TEL,94048,10.1438,10.5560,-1.6059,52.5676,-55,-0.107992
TEL,94148,10.0750,10.4542,-1.4542,46.2239,-52,-0.102102
TEL,94248,9.5136,10.1395,-1.1396,33.5578,-45,-0.088357
TEL,94348,9.2541,9.8441,-0.8441,21.6699,-33,-0.064795
TEL,94448,8.7727,9.3313,-0.3313,2.9889,-21,-0.041233
TEL,94548,8.3841,8.9445,0.0555,-11.6895,-2,-0.003927
TEL,94648,8.3841,8.5691,0.4309,-24.5196,13,0.025525
TEL,94748,8.6338,8.5657,0.4343,-22.2153,24,0.047124
TEL,94848,9.0075,8.6900,0.3100,-0.2423,21,0.041233
TEL,94948,9.2932,8.8467,0.1533,-0.2423,0,0.000000
TEL,95048,9.5962,9.1615,-0.1615,-0.2423,0,0.000000
TEL,95148,9.8085,9.3845,-0.3845,15.8427,-1,-0.001963
TEL,95248,10.0750,9.6952,-0.6952,26.8504,-17,-0.033379
TEL,95348,10.2368,9.8840,-0.8840,33.4722,-28,-0.054978
TEL,95448,9.4932,9.9543,-0.9543,31.8524,-32,-0.062832
TEL,95548,10.2368,10.0070,-1.0070,34.1567,-33,-0.064795
TEL,95648,10.1669,10.1547,-1.1522,39.8216,-35,-0.068722
TEL,95748,10.6001,10.2762,-1.2762,44.1683,-41,-0.080503
TEL,95848,9.8959,9.8001,-0.8001,28.6535,-43,-0.084430
TEL,95948,10.3793,9.9760,-0.9760,35.5396,-30,-0.058905
TEL,96048,10.3793,10.1782,-1.1782,41.7680,-37,-0.072649
TEL,96148,8.1628,9.8849,-0.8849,24.0969,-41,-0.080503
TEL,96248,9.7225,9.6084,-0.6084,17.1558,-23,-0.045160
TEL,96348,9.8520,9.6754,-0.6754,20.7475,-18,-0.035343
TEL,96448,9.7225,9.7061,-0.7061,22.0272,-22,-0.043197
TEL,96548,7.5865,9.4679,-0.4679,9.6874,-21,-0.041233
TEL,96648,8.9340,9.1271,-0.1271,-0.8205,-9,-0.017671
TEL,96748,8.8617,9.0535,-0.0535,-2.6364,2,0.003927
TEL,96848,8.4494,8.8584,0.1416,-10.2321,4,0.007854
TEL,96948,6.4708,8.8584,0.1416,-10.2321,10,0.019635
TEL,97048,8.2563,8.4719,0.3326,-17.6892,18,0.035343
TEL,97148,8.6855,8.5119,0.5281,-25.2901,25,0.049087
TEL,97248,9.0821,8.6970,0.4365,-19.5852,20,0.039270
TEL,97348,8.2249,8.5071,0.3030,-0.7560,1,0.001963
TEL,97448,9.4525,8.9244,0.4929,-21.1418,21,0.041233
TEL,97548,9.6379,9.1892,0.0756,-1.0025,1,0.001963
TEL,97648,7.8938,9.0757,-0.1892,9.4201,-9,-0.017671
TEL,97748,9.3524,9.1510,-0.0757,-2.0883,2,0.003927
TEL,97848,10.2839,9.7511,-0.1510,-0.6064,1,0.001963
TEL,97948,10.4764,10.0580,-0.7511,26.1392,-26,-0.051051
TEL,98048,7.8505,9.7237,-1.0580,38.3964,-38,-0.074613
TEL,98148,10.1669,9.8689,-0.7237,15.0746,-15,-0.029452
TEL,98248,10.8821,10.1941,-0.8689,24.2265,-24,-0.047124
TEL,98348,10.9881,10.5581,-1.1941,40.9697,-41,-0.080503
TEL,98448,8.0864,9.5408,-1.6784,58.2446,-58,-0.113883
TEL,98548,10.3553,10.0837,-0.5408,5.8647,-10,-0.019635
