BALL_BEAM_BOOT
HELP,keys
STATE,SAFE_DISABLED
SENSORS,angle=bad,pos=bad
MEAS,theta_deg=0.0000,x_cm=0.0000,x_filt_cm=0.0000
AGE,angle_ms=1,pos_ms=1
FAULTS,bits=0
CAL,zero_calibrated=yes,limits_calibrated=yes,sign_calibrated=yes
CAL_STORE,status=loaded
TEL,enabled=1
FAULT_INFO,bits=0
FAULT_INFO,mode=bringup_warning
FAULT_INFO,none
TEL,349,SAFE_DISABLED,11.1475,11.1338,-3.9551,0.0000,0.00,0
TEL,449,SAFE_DISABLED,11.2161,11.1947,-3.9551,0.0000,0.00,0
TEL,549,SAFE_DISABLED,11.2504,11.2468,-3.9551,0.0000,0.00,0
TEL,649,SAFE_DISABLED,11.2504,11.2498,-3.9551,0.0000,0.00,0
TEL,749,SAFE_DISABLED,11.2504,11.2504,-3.9551,0.0000,0.00,0
TEL,849,SAFE_DISABLED,11.2504,11.2504,-3.9551,0.0000,0.00,0
TEL,949,SAFE_DISABLED,11.2504,11.2504,-3.9551,0.0000,0.00,0
TEL,1049,SAFE_DISABLED,11.2504,11.2504,-3.9551,0.0000,0.00,0
TEL,1149,SAFE_DISABLED,11.2504,11.2504,-3.9551,0.0000,0.00,0
TEL,1249,SAFE_DISABLED,11.2504,11.2504,-3.9551,0.0000,0.00,0
TEL,1349,SAFE_DISABLED,11.2504,11.2504,-3.9551,0.0000,0.00,0
TEL,1449,SAFE_DISABLED,11.2504,11.2504,-3.9551,0.0000,0.00,0
TEL,1549,SAFE_DISABLED,11.2504,11.2504,-3.9551,0.0000,0.00,0
TEL,1649,SAFE_DISABLED,11.2504,11.2504,-3.9551,0.0000,0.00,0
TEL,1750,SAFE_DISABLED,11.2504,11.2504,-3.9551,0.0000,0.00,0
TEL,1850,SAFE_DISABLED,11.2504,11.2504,-3.9551,0.0000,0.00,0
TEL,1950,SAFE_DISABLED,11.2504,11.2504,-3.9551,0.0000,0.00,0
TEL,2050,SAFE_DISABLED,11.2504,11.2504,-3.9551,0.0000,0.00,0
TEL,2150,SAFE_DISABLED,11.2504,11.2504,-3.9551,0.0000,0.00,0
TEL,2250,SAFE_DISABLED,11.2504,11.2504,-3.9551,0.0000,0.00,0
TEL,2350,SAFE_DISABLED,11.2504,11.2504,-3.9551,0.0000,0.00,0
TEL,2450,SAFE_DISABLED,11.2504,11.2504,-3.9551,0.0000,0.00,0
TEL,2550,SAFE_DISABLED,11.2504,11.2504,-3.9551,0.0000,0.00,0
TEL,2650,SAFE_DISABLED,11.2504,11.2504,-3.9551,0.0000,0.00,0
TEL,2750,SAFE_DISABLED,11.2504,11.2504,-3.9551,0.0000,0.00,0
TEL,2850,SAFE_DISABLED,11.2504,11.2504,-3.9551,0.0000,0.00,0
TEL,2950,SAFE_DISABLED,11.2504,11.2504,-3.9551,0.0000,0.00,0
TEL,3050,SAFE_DISABLED,11.2504,11.2504,-3.9551,0.0000,0.00,0
TEL,3150,SAFE_DISABLED,11.2504,11.2504,-3.9551,0.0000,0.00,0
TEL,3250,SAFE_DISABLED,11.2504,11.2504,-3.9551,0.0000,0.00,0
TEL,3350,SAFE_DISABLED,11.2504,11.2504,-3.9551,0.0000,0.00,0
TEL,3450,SAFE_DISABLED,11.2504,11.2504,-3.9551,0.0000,0.00,0
TEL,3550,SAFE_DISABLED,11.2504,11.2504,-3.9551,0.0000,0.00,0
TEL,3650,SAFE_DISABLED,11.2504,11.2504,-3.9551,0.0000,0.00,0
TEL,3750,SAFE_DISABLED,11.2504,11.2504,-3.9551,0.0000,0.00,0
TEL,3850,SAFE_DISABLED,11.2504,11.2504,-3.9551,0.0000,0.00,0
TEL,3950,SAFE_DISABLED,11.6620,11.5961,-3.9551,0.0000,0.00,0
TEL,4050,SAFE_DISABLED,11.2504,11.3057,-3.9551,0.0000,0.00,0
TEL,4150,SAFE_DISABLED,11.6620,11.5174,-3.9551,0.0000,0.00,0
TEL,4250,SAFE_DISABLED,11.3190,11.3507,-3.9551,0.0000,0.00,0
TEL,4350,SAFE_DISABLED,11.3190,11.4033,-3.9551,0.0000,0.00,0
TEL,4450,SAFE_DISABLED,11.6620,11.6206,-3.9551,0.0000,0.00,0
TEL,4550,SAFE_DISABLED,11.6620,11.6593,-3.9551,0.0000,0.00,0
TEL,4651,SAFE_DISABLED,11.2504,11.3323,-3.9551,0.0000,0.00,0
TEL,4751,SAFE_DISABLED,11.2504,11.2556,-3.9551,0.0000,0.00,0
TEL,4851,SAFE_DISABLED,11.2504,11.2512,-3.9551,0.0000,0.00,0
TEL,4951,SAFE_DISABLED,11.2504,11.2505,-3.9551,0.0000,0.00,0
TEL,5051,SAFE_DISABLED,11.2504,11.2504,-3.9551,0.0000,0.00,0
TEL,5151,SAFE_DISABLED,11.2504,11.2504,-3.9551,0.0000,0.00,0
TEL,5251,SAFE_DISABLED,11.2504,11.2504,-3.9551,0.0000,0.00,0
TEL,5351,SAFE_DISABLED,11.2504,11.2504,-3.9551,0.0000,0.00,0
TEL,5451,SAFE_DISABLED,11.2504,11.2504,-3.9551,0.0000,0.00,0
TEL,5551,SAFE_DISABLED,11.2504,11.2504,-3.9551,0.0000,0.00,0
TEL,5651,SAFE_DISABLED,11.2504,11.2504,-3.9551,0.0000,0.00,0
TEL,5751,SAFE_DISABLED,11.2504,11.2504,-3.9551,0.0000,0.00,0
TEL,5851,SAFE_DISABLED,11.2504,11.2504,-3.9551,0.0000,0.00,0
TEL,5951,SAFE_DISABLED,11.2504,11.2504,-3.9551,0.0000,0.00,0
TEL,6051,SAFE_DISABLED,11.2504,11.2504,-3.9551,0.0000,0.00,0
TEL,6151,SAFE_DISABLED,11.2504,11.2504,-3.9551,0.0000,0.00,0
TEL,6251,SAFE_DISABLED,11.2504,11.2504,-3.9551,0.0000,0.00,0
TEL,6351,SAFE_DISABLED,11.2504,11.2504,-3.9551,0.0000,0.00,0
TEL,6451,SAFE_DISABLED,11.2504,11.2504,-3.9551,0.0000,0.00,0
OK,telemetry=0
OK,cal_zero_angle_set=326.777343
CAL_ZERO,as5600_zero_deg=326.777343,sonar_center_cm=13.994402,zero_calibrated=yes
OK,cal_zero_position_set=15.372861
CAL_ZERO,as5600_zero_deg=326.777343,sonar_center_cm=15.372861,zero_calibrated=yes
OK,cal_limit_down_set=-14.941407
OK,as5600_sign=1
CAL_LIMITS,lower_deg=14.941407,upper_deg=33.222656,limits_calibrated=yes
OK,cal_limit_up_set=-25.400390
OK,as5600_sign=-1
CAL_LIMITS,lower_deg=-14.941407,upper_deg=25.400390,limits_calibrated=yes
OK,driver_enabled
OK,stepper_sign=-1,delta=22.6758
INFO,sonar_near=1
SIGN_CAL_RESULT,70341,22.67578,-1,-1,12.6224,14.3263,1
INFO,signs_applied_runtime
OK,cal_saved
STATE,READY
SENSORS,angle=ok,pos=ok
MEAS,theta_deg=0.2637,x_cm=-2.4075,x_filt_cm=-2.4076
AGE,angle_ms=5,pos_ms=37
FAULTS,bits=0
CAL,zero_calibrated=yes,limits_calibrated=yes,sign_calibrated=yes
CAL_STORE,status=loaded
TEL,enabled=0
FAULT_INFO,bits=0
FAULT_INFO,mode=bringup_warning
FAULT_INFO,none
OK,driver_enabled
OK,running
TEL,84051,RUNNING,-3.3679,-3.3676,1.2066,1.0419,-31.44,0
TEL,84151,RUNNING,-3.3679,-3.3678,1.2200,1.0750,-64.33,0
TEL,84251,RUNNING,-3.3679,-3.3679,0.8125,1.1071,143.15,0
TEL,84352,RUNNING,-3.3679,-3.3679,1.4714,1.1396,-131.68,0
TEL,84452,RUNNING,-3.3679,-3.3679,0.9020,1.1721,120.22,0
TEL,84552,RUNNING,-3.2993,-3.3102,1.2583,0.9001,-148.24,0
TEL,84652,RUNNING,-3.2993,-3.3010,0.9880,1.2163,99.87,0
TEL,84752,RUNNING,-3.2993,-3.2994,1.4553,1.2447,-80.60,0
TEL,84852,RUNNING,-3.2993,-3.2993,1.1847,1.2795,33.56,0
TEL,84952,RUNNING,-3.2993,-3.3058,1.3487,1.1413,-79.55,0
TEL,85052,RUNNING,-3.2993,-3.3003,1.2913,1.3438,23.91,0
TEL,85152,RUNNING,-3.2993,-3.3224,1.7163,0.7783,-247.45,0
TEL,85252,RUNNING,-3.3679,-3.3606,1.3212,1.4265,48.89,0
TEL,85352,RUNNING,-3.2993,-3.3032,1.2765,1.3387,23.54,0
TEL,85452,RUNNING,-3.2993,-3.2999,1.4941,1.4722,-4.59,0
TEL,85552,RUNNING,-3.2993,-3.2993,1.5428,1.5028,-19.49,0
TEL,85652,RUNNING,-3.2993,-3.2993,1.4273,1.5357,49.60,0
TEL,85752,RUNNING,-3.2993,-3.2993,1.7473,1.5676,-74.36,0
TEL,85852,RUNNING,-3.3679,-3.3404,1.4866,1.6120,63.65,0
TEL,85952,RUNNING,-3.3679,-3.3661,2.0221,1.6980,-131.46,0
TEL,86052,RUNNING,-3.3679,-3.3676,1.3684,1.6851,135.15,0
TEL,86152,RUNNING,-3.3679,-3.3678,1.9857,1.7182,-98.63,0
TEL,86252,RUNNING,-3.3679,-3.3679,1.6163,1.7502,52.06,0
TEL,86352,RUNNING,-3.3679,-3.3679,1.7937,1.7828,9.94,0
TEL,86452,RUNNING,-3.2993,-3.3102,1.6703,1.7976,21.96,0
TEL,86552,RUNNING,-3.2993,-3.3000,1.6610,1.8081,71.68,0
TEL,86652,RUNNING,-3.2993,-3.2994,2.1533,1.8581,-133.38,0
TEL,86752,RUNNING,-3.2993,-3.2993,1.5549,1.8898,142.18,0
TEL,86852,RUNNING,-3.2993,-3.2993,2.3178,1.9218,-168.95,0
TEL,86952,RUNNING,-3.2993,-3.2993,1.6372,1.9537,124.42,0
TEL,87052,RUNNING,-3.2993,-3.2993,2.1975,1.9856,-85.50,0
TEL,87152,RUNNING,-3.3679,-3.3635,2.2449,2.1520,-38.39,0
TEL,87252,RUNNING,-3.3679,-3.3672,1.8429,2.0708,100.47,0
TEL,87352,RUNNING,-3.3679,-3.3612,2.2699,2.2747,13.24,0
TEL,87452,RUNNING,-3.2993,-3.3092,1.9292,2.1178,20.46,0
TEL,87552,RUNNING,-3.2993,-3.2999,2.0088,2.1303,66.08,0
TEL,87652,RUNNING,-3.3679,-3.3405,2.5185,2.1911,-138.44,0
TEL,87752,RUNNING,-3.2993,-3.3019,1.5274,2.1425,262.37,0
TEL,87852,RUNNING,-3.3679,-3.3408,2.7474,2.2552,-4.63,0
TEL,87952,RUNNING,-3.3679,-3.3661,2.3550,2.3405,-19.78,0
TEL,88052,RUNNING,-3.2993,-3.3100,1.6294,2.3106,294.25,0
TEL,88152,RUNNING,-3.2993,-3.2999,2.8188,2.3215,-193.67,0
TEL,88252,RUNNING,-3.2993,-3.2994,2.0301,2.3712,141.80,0
TEL,88352,RUNNING,-3.2993,-3.2993,2.6134,2.4028,-71.12,0
TEL,88452,RUNNING,-3.2993,-3.2993,2.4018,2.4349,9.22,0
TEL,88552,RUNNING,-3.3679,-3.3635,2.6737,2.5948,-12.13,0
TEL,88652,RUNNING,-3.3679,-3.3672,2.6107,2.5136,-44.71,0
TEL,88752,RUNNING,-3.3679,-3.3678,2.3295,2.5475,106.43,0
TEL,88852,RUNNING,-3.3679,-3.3679,2.8809,2.5789,-123.38,0
TEL,88952,RUNNING,-3.3679,-3.3679,2.3151,2.6114,128.50,0
TEL,89052,RUNNING,-3.3679,-3.3679,2.8702,2.6440,-86.08,0
TEL,89152,RUNNING,-3.2993,-3.3102,2.2345,2.3719,44.19,0
TEL,89252,RUNNING,-3.2993,-3.3010,2.6514,2.6881,45.85,0
TEL,89352,RUNNING,-3.2993,-3.2994,3.0157,2.7165,-130.13,0
TEL,89452,RUNNING,-3.2993,-3.2993,2.3988,2.7513,162.55,0
TEL,89552,RUNNING,-3.2993,-3.2993,3.1740,2.7831,-157.73,0
TEL,89652,RUNNING,-3.2993,-3.2993,2.5343,2.8150,116.08,0
TEL,89752,RUNNING,-3.2993,-3.3157,3.0726,2.4151,-198.37,0
TEL,89852,RUNNING,-3.2307,-3.2607,2.5434,2.8609,-61.74,0
TEL,89952,RUNNING,-3.2993,-3.2902,2.7210,3.0000,149.34,0
TEL,90052,RUNNING,-3.2993,-3.2978,3.4585,2.9227,-231.18,0
TEL,90152,RUNNING,-3.2993,-3.2992,2.4336,2.9574,226.86,0
TEL,90252,RUNNING,-3.2993,-3.2992,3.4270,2.9868,-175.50,0
TEL,90352,RUNNING,-3.3679,-3.3569,2.7533,3.0000,97.43,0
TEL,90452,RUNNING,-3.3679,-3.3661,3.0709,3.0000,-17.24,0
TEL,90552,RUNNING,-3.3679,-3.3677,3.1228,3.0000,-56.48,0
TEL,90652,RUNNING,-3.3679,-3.3678,2.7371,3.0000,116.97,0
TEL,90752,RUNNING,-3.2993,-3.3267,3.2553,2.2968,-265.76,0
TEL,90852,RUNNING,-3.2993,-3.3037,2.5861,3.0000,162.38,0
TEL,90952,RUNNING,-3.2993,-3.2995,3.1802,3.0000,-66.72,0
TEL,91052,RUNNING,-3.2993,-3.2993,3.0120,3.0000,-17.19,0
TEL,91152,RUNNING,-3.2993,-3.2993,2.8402,3.0000,71.27,0
TEL,91252,RUNNING,-3.2993,-3.2993,3.2232,3.0000,-96.12,0
TEL,91352,RUNNING,-3.3679,-3.3404,2.7979,3.0000,79.85,0
TEL,91452,RUNNING,-3.2993,-3.3058,2.8705,3.0000,55.60,0
TEL,91552,RUNNING,-3.2993,-3.2997,3.0930,3.0000,-36.44,0
TEL,91652,RUNNING,-3.2993,-3.2993,2.9501,3.0000,18.82,0
TEL,91752,RUNNING,-3.2993,-3.2993,2.9646,3.0000,20.50,0
TEL,91852,RUNNING,-3.2993,-3.2993,3.1042,3.0000,-43.56,0
TEL,91952,RUNNING,-3.2307,-3.2416,2.6697,2.7526,24.81,0
TEL,92052,RUNNING,-3.2993,-3.2736,2.9727,3.0000,27.49,0
TEL,92152,RUNNING,-3.2993,-3.2976,3.2152,3.0000,-97.09,0
TEL,92252,RUNNING,-3.2993,-3.2990,2.7463,3.0000,108.55,0
TEL,92352,RUNNING,-3.2993,-3.2992,3.2120,3.0000,-86.40,0
TEL,92452,RUNNING,-3.2993,-3.2993,2.8672,3.0000,49.35,0
TEL,92552,RUNNING,-3.2993,-3.2993,3.0001,3.0000,7.35,0
TEL,92652,RUNNING,-3.2993,-3.2993,3.1852,3.0000,-84.02,0
TEL,92752,RUNNING,-3.3679,-3.3635,2.7770,3.0000,91.69,0
TEL,92852,RUNNING,-3.3679,-3.3672,3.1672,3.0000,-66.34,0
TEL,92952,RUNNING,-3.3679,-3.3678,2.9677,3.0000,3.75,0
TEL,93052,RUNNING,-3.3679,-3.3679,2.8925,3.0000,49.08,0
TEL,93152,RUNNING,-3.2993,-3.3267,3.1852,2.3603,-264.14,0
TEL,93252,RUNNING,-3.2993,-3.3037,2.5901,3.0000,168.69,0
TEL,93352,RUNNING,-3.2993,-3.2995,3.3205,3.0000,-131.44,0
TEL,93452,RUNNING,-3.2993,-3.2993,2.7912,3.0000,75.42,0
TEL,93552,RUNNING,-3.2993,-3.2993,2.9822,3.0000,18.00,0
TEL,93652,RUNNING,-3.3679,-3.3404,3.2214,3.0000,-102.41,0
TEL,93752,RUNNING,-3.3679,-3.3661,2.7273,3.0000,112.55,0
TEL,93852,RUNNING,-3.3679,-3.3676,3.1935,3.0000,-79.54,0
TEL,93952,RUNNING,-3.2993,-3.3102,2.6556,2.8119,48.76,0
TEL,94052,RUNNING,-3.2993,-3.3010,3.0229,3.0000,5.99,0
TEL,94152,RUNNING,-3.2993,-3.2994,3.2126,3.0000,-100.64,0
TEL,94252,RUNNING,-2.9563,-3.0112,2.0767,3.0000,-19.44,0
TEL,94352,RUNNING,-2.9563,-2.9598,2.6409,2.9369,149.46,0
TEL,94452,RUNNING,-2.8877,-2.9157,3.4061,3.0000,-301.85,0
TEL,94552,RUNNING,-2.1331,-2.1831,-0.0026,1.5201,-101.85,0
TEL,94652,RUNNING,-2.1331,-2.1411,-0.8924,2.8379,898.15,0
TEL,94752,RUNNING,-2.8877,-2.7674,6.5129,3.0000,396.03,0
TEL,94852,RUNNING,-3.2307,-3.0742,10.9089,3.0000,-603.97,0
TEL,94952,RUNNING,-3.2993,-3.2783,5.5210,3.0000,-1203.97,0
TEL,95052,RUNNING,-3.2993,-3.2959,-5.0202,3.0000,-203.97,0
TEL,95152,RUNNING,-2.8191,-2.9154,-8.3363,0.5811,796.03,0
TEL,95252,RUNNING,-2.6133,-2.7110,-0.8185,3.0000,1796.03,0
TEL,95352,RUNNING,-2.5447,-2.5553,14.3573,2.7404,796.03,0
TEL,95452,RUNNING,-2.5447,-2.5464,23.7229,3.0000,-203.97,0
TEL,95552,RUNNING,-2.5447,-2.5118,23.0543,3.0000,-1203.97,0
TEL,95652,RUNNING,-2.6133,-2.5806,10.9569,3.0000,-2000.00,0
TEL,95752,RUNNING,-3.0249,-2.9734,-7.6786,3.0000,-1000.00,0
TEL,95852,FAULT,-3.6423,-3.4365,-18.5952,3.0000,0.00,4
TEL,95952,FAULT,-3.7795,-3.7114,-20.6007,3.0000,0.00,4
TEL,96052,FAULT,-3.8481,-3.7768,-20.9378,3.0000,0.00,4
TEL,96152,FAULT,-3.6423,-3.6706,-20.9944,3.0000,0.00,4
TEL,96252,FAULT,-3.3679,-3.4328,-21.0039,3.0000,0.00,4
TEL,96352,FAULT,-2.7505,-2.9555,-21.0055,3.0000,0.00,4
TEL,96452,FAULT,-2.7505,-2.9555,-21.0058,3.0000,0.00,4
TEL,96552,FAULT,-2.7505,-2.9555,-21.0059,3.0000,0.00,4
TEL,96652,FAULT,-2.7505,-2.9555,-21.0059,3.0000,0.00,4
TEL,96752,FAULT,6.4419,3.0944,-21.0059,3.0000,0.00,4
TEL,96852,FAULT,11.1410,9.6478,-21.0059,3.0000,0.00,4
TEL,96952,FAULT,11.1753,11.2554,-21.0059,3.0000,0.00,4
TEL,97052,FAULT,10.2835,10.5460,-21.0059,3.0000,0.00,4
TEL,97152,FAULT,9.4603,9.5693,-21.0059,3.0000,0.00,4
TEL,97252,FAULT,9.9405,9.8811,-21.0059,3.0000,0.00,4
TEL,97352,FAULT,9.4603,9.5334,-21.0059,3.0000,0.00,4
TEL,97452,FAULT,9.8719,9.8178,-21.0059,3.0000,0.00,4
TEL,97552,FAULT,9.9405,9.9261,-21.0059,3.0000,0.00,4
TEL,97652,FAULT,9.8719,9.9959,-21.0059,3.0000,0.00,4
TEL,97752,FAULT,9.8719,9.8799,-21.0059,3.0000,0.00,4
TEL,97852,FAULT,9.8719,9.9885,-21.0059,3.0000,0.00,4
TEL,97952,FAULT,11.1753,10.9743,-21.0059,3.0000,0.00,4
TEL,98052,FAULT,10.6951,10.8550,-21.0059,3.0000,0.00,4
TEL,98152,FAULT,9.8719,10.0139,-21.0059,3.0000,0.00,4
TEL,98252,FAULT,9.8719,9.8947,-21.0059,3.0000,0.00,4
TEL,98352,FAULT,10.3521,10.4052,-21.0059,3.0000,0.00,4
TEL,98452,FAULT,9.5289,9.8338,-21.0059,3.0000,0.00,4
TEL,98552,FAULT,10.2149,10.1905,-21.0059,3.0000,0.00,4
TEL,98652,FAULT,10.2149,10.2440,-21.0059,3.0000,0.00,4
TEL,98752,FAULT,9.9405,9.9863,-21.0059,3.0000,0.00,4
TEL,98852,FAULT,9.9405,9.9479,-21.0059,3.0000,0.00,4
TEL,98952,FAULT,9.9405,9.9410,-21.0059,3.0000,0.00,4
TEL,99052,FAULT,9.9405,9.9406,-21.0059,3.0000,0.00,4
TEL,99152,FAULT,9.9405,9.9405,-21.0059,3.0000,0.00,4
TEL,99252,FAULT,9.9405,9.9405,-21.0059,3.0000,0.00,4
TEL,99352,FAULT,9.8719,9.8994,-21.0059,3.0000,0.00,4
TEL,99452,FAULT,9.8719,9.8763,-21.0059,3.0000,0.00,4
TEL,99552,FAULT,9.8719,10.0105,-21.0059,3.0000,0.00,4
TEL,99652,FAULT,9.8719,9.8941,-21.0059,3.0000,0.00,4
TEL,99752,FAULT,9.8719,9.8734,-21.0059,3.0000,0.00,4
TEL,99852,FAULT,10.2835,10.2179,-21.0059,3.0000,0.00,4
TEL,99952,FAULT,10.2835,10.2793,-21.0059,3.0000,0.00,4
TEL,100052,FAULT,10.2835,10.2829,-21.0059,3.0000,0.00,4
TEL,100152,FAULT,10.2835,10.2835,-21.0059,3.0000,0.00,4
TEL,100252,FAULT,10.2835,10.2835,-21.0059,3.0000,0.00,4
TEL,100352,FAULT,10.2835,10.2835,-21.0059,3.0000,0.00,4
TEL,100452,FAULT,9.8719,10.0201,-21.0059,3.0000,0.00,4
TEL,100552,FAULT,9.8719,9.8814,-21.0059,3.0000,0.00,4
TEL,100652,FAULT,9.8719,9.8735,-21.0059,3.0000,0.00,4
TEL,100752,FAULT,9.8719,9.8720,-21.0059,3.0000,0.00,4
TEL,100852,FAULT,9.8719,9.8720,-21.0059,3.0000,0.00,4
TEL,100952,FAULT,9.8719,9.8719,-21.0059,3.0000,0.00,4
TEL,101052,FAULT,9.8719,9.8719,-21.0059,3.0000,0.00,4
TEL,101152,FAULT,9.8719,9.8719,-21.0059,3.0000,0.00,4
TEL,101252,FAULT,9.8719,9.8719,-21.0059,3.0000,0.00,4
TEL,101352,FAULT,9.8719,9.8719,-21.0059,3.0000,0.00,4
TEL,101452,FAULT,9.8719,9.8719,-21.0059,3.0000,0.00,4
TEL,101552,FAULT,9.8719,9.8719,-21.0059,3.0000,0.00,4
TEL,101652,FAULT,9.8719,9.8719,-21.0059,3.0000,0.00,4
TEL,101752,FAULT,9.8719,9.8719,-21.0059,3.0000,0.00,4
TEL,101852,FAULT,9.8719,9.8719,-21.0059,3.0000,0.00,4
TEL,101952,FAULT,9.8719,9.8719,-21.0059,3.0000,0.00,4
TEL,102052,FAULT,9.8719,9.8719,-21.0059,3.0000,0.00,4
TEL,102152,FAULT,9.8719,9.8719,-21.0059,3.0000,0.00,4
TEL,102252,FAULT,9.8719,9.8719,-21.0059,3.0000,0.00,4
TEL,102352,FAULT,9.8719,9.8719,-21.0059,3.0000,0.00,4
TEL,102452,FAULT,9.8719,9.8719,-21.0059,3.0000,0.00,4
TEL,102552,FAULT,9.8719,9.8719,-21.0059,3.0000,0.00,4
TEL,102652,FAULT,9.8719,9.8719,-21.0059,3.0000,0.00,4
TEL,102752,FAULT,9.8719,9.8719,-21.0059,3.0000,0.00,4
TEL,102852,FAULT,9.8719,9.8719,-21.0059,3.0000,0.00,4
TEL,102952,FAULT,9.8719,9.8719,-21.0059,3.0000,0.00,4
TEL,103052,FAULT,9.8719,9.8719,-21.0059,3.0000,0.00,4
TEL,103152,FAULT,9.8719,9.8719,-21.0059,3.0000,0.00,4
TEL,103252,FAULT,9.8719,9.8719,-21.0059,3.0000,0.00,4
TEL,103352,FAULT,9.8719,9.8719,-21.0059,3.0000,0.00,4
TEL,103452,FAULT,9.8719,9.8719,-21.0059,3.0000,0.00,4
TEL,103552,FAULT,9.8719,9.8719,-21.0059,3.0000,0.00,4
TEL,103652,FAULT,9.8719,9.8719,-21.0059,3.0000,0.00,4
TEL,103752,FAULT,9.8719,9.8719,-21.0059,3.0000,0.00,4
OK,stopped
TEL,103852,FAULT,9.8719,9.8719,-21.0059,3.0000,0.00,4
