BALL_BEAM_BOOT
HELP,keys
STATE,SAFE_DISABLED
SENSORS,angle=bad,pos=bad
MEAS,theta_deg=0.0000,x_cm=0.0000,x_filt_cm=0.0000
AGE,angle_ms=1,pos_ms=1
FAULTS,bits=0
CAL,zero_calibrated=yes,limits_calibrated=yes,sign_calibrated=yes
CAL_STORE,status=loaded
TEL,enabled=1
FAULT_INFO,bits=0
FAULT_INFO,mode=bringup_warning
FAULT_INFO,none
TEL,349,SAFE_DISABLED,0.0000,0.0000,-21.4453,0.0000,0.00,4
TEL,449,SAFE_DISABLED,0.0000,0.0000,-21.4453,0.0000,0.00,4
TEL,549,SAFE_DISABLED,0.0000,0.0000,-21.4453,0.0000,0.00,4
TEL,649,SAFE_DISABLED,0.0000,0.0000,-21.4453,0.0000,0.00,4
TEL,749,SAFE_DISABLED,0.0000,0.0000,-21.4453,0.0000,0.00,4
TEL,849,SAFE_DISABLED,0.0000,0.0000,-21.4453,0.0000,0.00,4
TEL,949,SAFE_DISABLED,0.0000,0.0000,-21.4453,0.0000,0.00,4
TEL,1049,SAFE_DISABLED,0.0000,0.0000,-21.4453,0.0000,0.00,4
TEL,1149,SAFE_DISABLED,0.0000,0.0000,-21.4453,0.0000,0.00,4
TEL,1249,SAFE_DISABLED,0.0000,0.0000,-21.4453,0.0000,0.00,4
TEL,1349,SAFE_DISABLED,0.0000,0.0000,-21.4453,0.0000,0.00,4
TEL,1449,SAFE_DISABLED,0.0000,0.0000,-21.4453,0.0000,0.00,4
TEL,1549,SAFE_DISABLED,0.0000,0.0000,-21.4453,0.0000,0.00,4
TEL,1649,SAFE_DISABLED,0.0000,0.0000,-21.4453,0.0000,0.00,4
TEL,1750,SAFE_DISABLED,0.0000,0.0000,-21.4453,0.0000,0.00,4
TEL,1850,SAFE_DISABLED,0.0000,0.0000,-21.4453,0.0000,0.00,4
TEL,1950,SAFE_DISABLED,0.0000,0.0000,-21.4453,0.0000,0.00,4
TEL,2050,SAFE_DISABLED,0.0000,0.0000,-21.4453,0.0000,0.00,4
TEL,2150,SAFE_DISABLED,0.0000,0.0000,-21.4453,0.0000,0.00,4
TEL,2250,SAFE_DISABLED,0.0000,0.0000,-21.4453,0.0000,0.00,4
TEL,2350,SAFE_DISABLED,0.0000,0.0000,-21.4453,0.0000,0.00,4
TEL,2450,SAFE_DISABLED,0.0000,0.0000,-21.4453,0.0000,0.00,4
TEL,2550,SAFE_DISABLED,0.0000,0.0000,-21.4453,0.0000,0.00,4
TEL,2650,SAFE_DISABLED,0.0000,0.0000,-21.4453,0.0000,0.00,4
TEL,2750,SAFE_DISABLED,0.0000,0.0000,-21.4453,0.0000,0.00,4
TEL,2850,SAFE_DISABLED,0.0000,0.0000,-21.4453,0.0000,0.00,4
TEL,2950,SAFE_DISABLED,0.0000,0.0000,-21.4453,0.0000,0.00,4
TEL,3050,SAFE_DISABLED,0.0000,0.0000,-21.4453,0.0000,0.00,4
TEL,3150,SAFE_DISABLED,0.0000,0.0000,-21.4453,0.0000,0.00,4
TEL,3250,SAFE_DISABLED,0.0000,0.0000,-21.4453,0.0000,0.00,4
TEL,3350,SAFE_DISABLED,0.0000,0.0000,-21.4453,0.0000,0.00,4
TEL,3450,SAFE_DISABLED,0.0000,0.0000,-21.4453,0.0000,0.00,4
TEL,3550,SAFE_DISABLED,0.0000,0.0000,-21.4453,0.0000,0.00,4
TEL,3650,SAFE_DISABLED,0.0000,0.0000,-21.4453,0.0000,0.00,4
TEL,3750,SAFE_DISABLED,0.0000,0.0000,-21.4453,0.0000,0.00,4
TEL,3850,SAFE_DISABLED,0.0000,0.0000,-21.4453,0.0000,0.00,4
TEL,3950,SAFE_DISABLED,0.0000,0.0000,-21.4453,0.0000,0.00,4
TEL,4050,SAFE_DISABLED,0.0000,0.0000,-21.4453,0.0000,0.00,4
TEL,4150,SAFE_DISABLED,0.0000,0.0000,-21.4453,0.0000,0.00,4
TEL,4250,SAFE_DISABLED,0.0000,0.0000,-21.4453,0.0000,0.00,4
TEL,4350,SAFE_DISABLED,0.0000,0.0000,-21.4453,0.0000,0.00,4
TEL,4450,SAFE_DISABLED,0.0000,0.0000,-21.4453,0.0000,0.00,4
TEL,4550,SAFE_DISABLED,0.0000,0.0000,-21.4453,0.0000,0.00,4
TEL,4651,SAFE_DISABLED,0.0000,0.0000,-21.4453,0.0000,0.00,4
TEL,4751,SAFE_DISABLED,0.0000,0.0000,-21.4453,0.0000,0.00,4
TEL,4851,SAFE_DISABLED,0.0000,0.0000,-21.4453,0.0000,0.00,4
TEL,4951,SAFE_DISABLED,0.0000,0.0000,-21.4453,0.0000,0.00,4
OK,telemetry=0
OK,cal_reset_saved
OK,cal_zero_angle_set=333.984375
CAL_ZERO,as5600_zero_deg=333.984375,sonar_center_cm=20.000000,zero_calibrated=no
OK,cal_zero_position_set=30.231349
CAL_ZERO,as5600_zero_deg=333.984375,sonar_center_cm=30.231349,zero_calibrated=yes
OK,cal_limit_down_set=11.513672
CAL_LIMITS,lower_deg=11.513672,upper_deg=3.000000,limits_calibrated=no
OK,cal_limit_up_set=-34.541015
OK,as5600_sign=-1
CAL_LIMITS,lower_deg=-11.513672,upper_deg=34.541015,limits_calibrated=yes
OK,telemetry=1
TEL,82688,SAFE_DISABLED,-0.2687,-0.1954,3.4277,0.0000,0.00,0
TEL,82788,SAFE_DISABLED,-0.7687,-0.7320,3.4277,0.0000,0.00,0
TEL,82888,SAFE_DISABLED,0.2313,0.1697,3.4277,0.0000,0.00,0
TEL,82988,SAFE_DISABLED,0.2313,0.2215,3.4277,0.0000,0.00,0
TEL,83088,SAFE_DISABLED,0.2313,0.2311,3.4277,0.0000,0.00,0
TEL,83188,SAFE_DISABLED,0.2313,0.2313,3.4277,0.0000,0.00,0
TEL,83288,SAFE_DISABLED,0.2313,0.2313,3.4277,0.0000,0.00,0
TEL,83388,SAFE_DISABLED,-0.7687,-0.3687,3.4277,0.0000,0.00,0
TEL,83488,SAFE_DISABLED,-0.2687,-0.3087,3.4277,0.0000,0.00,0
TEL,83588,SAFE_DISABLED,-0.2687,-0.3087,3.4277,0.0000,0.00,0
TEL,83688,SAFE_DISABLED,0.2313,0.2184,3.4277,0.0000,0.00,0
TEL,83788,SAFE_DISABLED,0.2313,0.2184,3.4277,0.0000,0.00,0
TEL,83888,SAFE_DISABLED,0.2313,-0.0193,3.4277,0.0000,0.00,0
TEL,83988,SAFE_DISABLED,0.2313,0.2249,3.4277,0.0000,0.00,0
TEL,84088,SAFE_DISABLED,0.2313,0.2288,3.4277,0.0000,0.00,0
TEL,84188,SAFE_DISABLED,0.2313,0.2309,3.4277,0.0000,0.00,0
TEL,84288,SAFE_DISABLED,0.2313,0.2312,3.4277,0.0000,0.00,0
OK,stepper_sign=-1,delta=-17.2395
TEL,86710,READY,0.2313,0.2312,7.1191,0.0000,0.00,1
TEL,86810,READY,0.2313,0.2313,6.6804,0.0000,0.00,0
TEL,86910,READY,0.2313,0.2313,6.6067,0.0000,0.00,0
TEL,87010,READY,-0.7687,-0.6087,6.5943,0.0000,0.00,0
TEL,87110,READY,0.2313,-0.1046,6.5922,0.0000,0.00,0
TEL,87211,READY,0.2313,0.1776,6.5919,0.0000,0.00,0
TEL,87311,READY,0.2313,0.2098,6.5918,0.0000,0.00,0
TEL,87411,READY,0.2313,0.2308,6.5918,0.0000,0.00,0
TEL,87511,READY,0.2313,0.2311,6.5918,0.0000,0.00,0
TEL,87611,READY,0.2313,0.2313,6.5918,0.0000,0.00,0
TEL,87711,READY,0.2313,0.2313,6.5918,0.0000,0.00,0
TEL,87811,READY,-0.7687,-0.3687,6.5918,0.0000,0.00,0
TEL,87911,READY,-0.2687,-0.4431,6.5918,0.0000,0.00,0
TEL,88011,READY,0.2313,-0.0384,6.5918,0.0000,0.00,0
TEL,88111,READY,0.2313,0.1234,6.5918,0.0000,0.00,0
TEL,88211,READY,0.2313,0.1234,6.5918,0.0000,0.00,0
OK,telemetry=0
OK,cal_saved
STATE,READY
SENSORS,angle=ok,pos=ok
MEAS,theta_deg=6.5918,x_cm=-0.7687,x_filt_cm=-0.5618
AGE,angle_ms=16,pos_ms=28
FAULTS,bits=0
CAL,zero_calibrated=yes,limits_calibrated=yes,sign_calibrated=yes
CAL_STORE,status=loaded
TEL,enabled=0
FAULT_INFO,bits=0
FAULT_INFO,mode=bringup_warning
FAULT_INFO,none
OK,telemetry=1
TEL,105984,READY,0.2313,0.1750,6.5918,0.0000,0.00,0
TEL,106084,READY,0.2313,0.2277,6.5918,0.0000,0.00,0
TEL,106184,READY,0.2313,0.2299,6.5918,0.0000,0.00,0
TEL,106284,READY,0.2313,0.2313,6.5918,0.0000,0.00,0
TEL,106384,READY,0.2313,0.2313,6.5918,0.0000,0.00,0
TEL,106484,READY,0.2313,0.2313,6.5918,0.0000,0.00,0
TEL,106584,READY,0.2313,0.2313,6.5918,0.0000,0.00,0
TEL,106684,READY,0.2313,0.2313,6.5918,0.0000,0.00,0
TEL,106784,READY,-0.7687,-0.6087,6.5918,0.0000,0.00,0
TEL,106884,READY,0.2313,0.0970,6.5918,0.0000,0.00,0
TEL,106984,READY,0.2313,0.2227,6.5918,0.0000,0.00,0
TEL,107084,READY,0.2313,0.2313,6.5918,0.0000,0.00,0
TEL,107184,READY,0.2313,0.2313,6.5918,0.0000,0.00,0
TEL,107284,READY,0.2313,0.2313,6.5918,0.0000,0.00,0
TEL,107384,READY,0.2313,0.2313,6.5918,0.0000,0.00,0
TEL,107484,READY,0.2313,0.2313,6.5918,0.0000,0.00,0
TEL,107584,READY,0.2313,0.2313,6.5918,0.0000,0.00,0
TEL,107684,READY,0.2313,0.2237,6.5918,0.0000,0.00,0
TEL,107784,READY,0.2313,0.2301,6.5918,0.0000,0.00,0
OK,running
TEL,107884,RUNNING,0.2313,0.2312,5.6292,-0.0715,-1000.00,0
TEL,107984,RUNNING,0.2313,0.2312,-2.9287,-0.0738,-666.49,0
TEL,108084,RUNNING,0.2313,0.2313,-9.8191,-0.0781,333.51,0
TEL,108184,RUNNING,0.2313,0.2313,-7.6611,-0.0783,1333.51,0
TEL,108284,RUNNING,0.2313,0.2313,4.0485,-0.0805,943.74,0
TEL,108384,RUNNING,0.2313,0.2313,13.9519,-0.0827,-56.26,0
TEL,108484,RUNNING,0.2313,0.2313,14.7416,-0.0850,-1056.26,0
TEL,108584,RUNNING,0.2313,0.2313,4.8577,-0.0872,-2000.00,0
TEL,108684,RUNNING,0.2313,0.2313,-11.9690,-0.0894,-1000.00,0
TEL,108784,FAULT,0.2313,0.2313,-14.0254,-0.0894,0.00,4
TEL,108884,FAULT,-0.7687,-0.4886,-13.7638,-0.0894,0.00,4
TEL,108984,FAULT,-0.7687,-0.6567,-13.7198,-0.0894,0.00,4
TEL,109084,FAULT,0.2313,0.1894,-13.7124,-0.0894,0.00,4
TEL,109184,FAULT,0.2313,0.2309,-13.7112,-0.0894,0.00,4
TEL,109284,FAULT,0.2313,0.2313,-13.7110,-0.0894,0.00,4
TEL,109384,FAULT,-0.2687,-0.4047,-13.7109,-0.0894,0.00,4
TEL,109484,FAULT,-0.2687,-0.3231,-13.7109,-0.0894,0.00,4
TEL,109584,FAULT,-0.2687,-0.3231,-13.7109,-0.0894,0.00,4
TEL,109684,FAULT,0.2313,0.0096,-13.7109,-0.0894,0.00,4
TEL,109784,FAULT,-0.2687,-0.1041,-13.7109,-0.0894,0.00,4
TEL,109884,FAULT,0.2313,0.0972,-13.7109,-0.0894,0.00,4
TEL,109984,FAULT,0.2313,0.1777,-13.7109,-0.0894,0.00,4
TEL,110084,FAULT,0.2313,0.2228,-13.7109,-0.0894,0.00,4
TEL,110184,FAULT,0.2313,0.2279,-13.7109,-0.0894,0.00,4
TEL,110284,FAULT,-0.2687,-0.3092,-13.7109,-0.0894,0.00,4
TEL,110384,FAULT,-0.7687,-0.5849,-13.7109,-0.0894,0.00,4
TEL,110484,FAULT,-0.2687,-0.3951,-13.7109,-0.0894,0.00,4
TEL,110584,FAULT,0.2313,0.1311,-13.7109,-0.0894,0.00,4
TEL,110684,FAULT,0.2313,0.2249,-13.7109,-0.0894,0.00,4
TEL,110784,FAULT,-0.7687,-0.3697,-13.7109,-0.0894,0.00,4
TEL,110884,FAULT,0.2313,-0.0231,-13.7109,-0.0894,0.00,4
TEL,110984,FAULT,0.2313,-0.0231,-13.7109,-0.0894,0.00,4
TEL,111084,FAULT,0.2313,-0.0231,-13.7109,-0.0894,0.00,4
TEL,111184,FAULT,0.2313,0.1768,-13.7109,-0.0894,0.00,4
TEL,111284,FAULT,0.2313,0.2279,-13.7109,-0.0894,0.00,4
TEL,111384,FAULT,0.2313,0.2308,-13.7109,-0.0894,0.00,4
TEL,111484,FAULT,0.2313,0.2311,-13.7109,-0.0894,0.00,4
TEL,111584,FAULT,0.2313,0.2311,-13.7109,-0.0894,0.00,4
TEL,111684,FAULT,0.2313,0.2313,-13.7109,-0.0894,0.00,4
TEL,111784,FAULT,0.2313,0.2313,-13.7109,-0.0894,0.00,4
TEL,111884,FAULT,0.2313,0.2313,-13.7109,-0.0894,0.00,4
TEL,111984,FAULT,0.2313,0.2313,-13.7109,-0.0894,0.00,4
TEL,112084,FAULT,-0.7687,-0.3686,-13.7109,-0.0894,0.00,4
TEL,112184,FAULT,-0.2687,-0.3087,-13.7109,-0.0894,0.00,4
TEL,112284,FAULT,0.2313,0.2175,-13.7109,-0.0894,0.00,4
TEL,112384,FAULT,0.2313,0.2258,-13.7109,-0.0894,0.00,4
TEL,112484,FAULT,-0.2687,-0.3095,-13.7109,-0.0894,0.00,4
OK,stopped
TEL,112584,FAULT,0.2313,0.1448,-13.7109,-0.0894,0.00,4
TEL,112684,FAULT,0.2313,0.1448,-13.7109,-0.0894,0.00,4
TEL,112784,FAULT,-0.2687,-0.1189,-13.7109,-0.0894,0.00,4
TEL,112884,FAULT,0.2313,0.2224,-13.7109,-0.0894,0.00,4
TEL,112984,FAULT,-0.2687,-0.3101,-13.7109,-0.0894,0.00,4
TEL,113084,FAULT,0.2313,0.1967,-13.7109,-0.0894,0.00,4
TEL,113184,FAULT,0.2313,0.1967,-13.7109,-0.0894,0.00,4
TEL,113284,FAULT,-0.7687,-0.6142,-13.7109,-0.0894,0.00,4
TEL,113384,FAULT,0.2313,-0.0239,-13.7109,-0.0894,0.00,4
TEL,113484,FAULT,0.2313,0.2150,-13.7109,-0.0894,0.00,4
TEL,113584,FAULT,0.2313,0.2287,-13.7109,-0.0894,0.00,4
TEL,113684,FAULT,0.2313,0.2309,-13.7109,-0.0894,0.00,4
TEL,113784,FAULT,0.2313,0.2309,-13.7109,-0.0894,0.00,4
TEL,113884,FAULT,0.2313,0.2313,-13.7109,-0.0894,0.00,4
TEL,113984,FAULT,0.2313,0.2313,-13.7109,-0.0894,0.00,4
TEL,114084,FAULT,-0.2687,-0.1887,-13.7109,-0.0894,0.00,4
TEL,114184,FAULT,0.2313,0.2045,-13.7109,-0.0894,0.00,4
TEL,114284,FAULT,0.2313,0.2271,-13.7109,-0.0894,0.00,4
TEL,114384,FAULT,0.2313,0.2313,-13.7109,-0.0894,0.00,4
TEL,114484,FAULT,0.2313,0.2313,-13.7109,-0.0894,0.00,4
TEL,114584,FAULT,0.2313,0.2313,-13.7109,-0.0894,0.00,4
TEL,114684,FAULT,0.2313,0.2313,-13.7109,-0.0894,0.00,4
TEL,114784,FAULT,0.2313,0.2313,-13.7109,-0.0894,0.00,4
TEL,114884,FAULT,0.2313,0.1114,-13.7109,-0.0894,0.00,4
TEL,114984,FAULT,0.2313,0.2122,-13.7109,-0.0894,0.00,4
TEL,115084,FAULT,0.2313,0.2312,-13.7109,-0.0894,0.00,4
TEL,115184,FAULT,0.2313,0.2313,-13.7109,-0.0894,0.00,4
TEL,115284,FAULT,0.2313,0.2313,-13.7109,-0.0894,0.00,4
TEL,115384,FAULT,0.2313,0.2313,-13.7109,-0.0894,0.00,4
TEL,115484,FAULT,0.2313,0.2313,-13.7109,-0.0894,0.00,4
TEL,115584,FAULT,0.2313,0.2313,-13.7109,-0.0894,0.00,4
TEL,115684,FAULT,0.2313,0.2313,-13.7109,-0.0894,0.00,4
TEL,115784,FAULT,0.2313,0.2313,-13.7109,-0.0894,0.00,4
TEL,115884,FAULT,0.2313,0.2313,-13.7109,-0.0894,0.00,4
TEL,115984,FAULT,0.2313,0.2313,-13.7109,-0.0894,0.00,4
TEL,116084,FAULT,0.2313,0.2313,-13.7109,-0.0894,0.00,4
TEL,116184,FAULT,0.2313,0.2313,-13.7109,-0.0894,0.00,4
TEL,116284,FAULT,0.2313,0.2313,-13.7109,-0.0894,0.00,4
TEL,116384,FAULT,0.2313,0.2313,-13.7109,-0.0894,0.00,4
TEL,116484,FAULT,0.2313,0.2313,-13.7109,-0.0894,0.00,4
TEL,116584,FAULT,0.2313,0.2313,-13.7109,-0.0894,0.00,4
TEL,116684,FAULT,0.2313,0.2313,-13.7109,-0.0894,0.00,4
TEL,116784,FAULT,-0.2687,-0.0686,-13.7109,-0.0894,0.00,4
TEL,116884,FAULT,0.2313,0.1114,-13.7109,-0.0894,0.00,4
TEL,116984,FAULT,0.2313,0.1834,-13.7109,-0.0894,0.00,4
TEL,117084,FAULT,0.2313,0.2301,-13.7109,-0.0894,0.00,4
TEL,117184,FAULT,0.2313,0.2301,-13.7109,-0.0894,0.00,4
TEL,117284,FAULT,-0.7687,-0.7047,-13.7109,-0.0894,0.00,4
TEL,117384,FAULT,0.2313,0.1210,-13.7109,-0.0894,0.00,4
TEL,117484,FAULT,0.2313,0.2137,-13.7109,-0.0894,0.00,4
TEL,117584,FAULT,0.2313,0.2285,-13.7109,-0.0894,0.00,4
TEL,117684,FAULT,0.2313,0.2309,-13.7109,-0.0894,0.00,4
TEL,117784,FAULT,0.2313,0.2312,-13.7109,-0.0894,0.00,4
TEL,117884,FAULT,0.2313,0.2313,-13.7109,-0.0894,0.00,4
TEL,117984,FAULT,0.2313,0.2313,-13.7109,-0.0894,0.00,4
TEL,118084,FAULT,0.2313,0.2313,-13.7109,-0.0894,0.00,4
TEL,118184,FAULT,0.2313,0.2313,-13.7109,-0.0894,0.00,4
OK,stopped
