BALL_BEAM_BOOT
HELP,keys
STATE,SAFE_DISABLED
SENSORS,angle=bad,pos=bad,m=n
MEAS,theta_deg=0.0000,x_cm=0.0000,x_filt_cm=0.0000
AGE,angle_ms=0,pos_ms=0,miss=0
FAULTS,bits=0
CAL,zero_calibrated=yes,limits_calibrated=yes,sign_calibrated=yes
SONAR_CFG,s=-1,u=1
ACT_CFG,t=13.0078,v=1,e=0.000
TEL,enabled=1
FAULT_INFO,bits=0
FAULT_INFO,none
TEL,350,SAFE_DISABLED,0.0000,0.0000,0.0000,0.0000,0.00,4,0.0000,0,0,0,0.0000,0.0000,0,-2.1973,13.0078,idle
TEL,450,SAFE_DISABLED,-11.3190,-11.1749,0.0000,0.0000,0.00,4,0.0000,32,1,0,0.0000,0.0000,0,-2.1973,13.0078,idle
TEL,550,SAFE_DISABLED,-11.1132,-11.1272,0.0000,0.0000,0.00,4,0.0000,12,1,0,0.0000,0.0000,0,-2.1973,13.0078,idle
TEL,650,SAFE_DISABLED,-11.1132,-11.1128,0.0000,0.0000,0.00,4,0.0000,31,1,0,0.0000,0.0000,0,-2.1973,13.0078,idle
TEL,750,SAFE_DISABLED,-11.1132,-11.1131,0.0000,0.0000,0.00,4,0.0000,11,1,0,0.0000,0.0000,0,-2.1973,13.0078,idle
TEL,850,SAFE_DISABLED,-11.0446,-11.0782,0.0000,0.0000,0.00,4,0.0000,32,1,0,0.0000,0.0000,0,-2.1973,13.0078,idle
TEL,950,SAFE_DISABLED,-11.1132,-11.0911,0.0000,0.0000,0.00,4,0.0000,13,1,0,0.0000,0.0000,0,-2.2852,13.0078,idle
TEL,1050,SAFE_DISABLED,-11.1132,-11.1024,0.0000,0.0000,0.00,4,0.0000,32,1,0,0.0000,0.0000,0,-2.1973,13.0078,idle
TEL,1150,SAFE_DISABLED,-11.1132,-11.1095,0.0000,0.0000,0.00,4,0.0000,12,1,0,0.0000,0.0000,0,-2.1973,13.0078,idle
TEL,1250,SAFE_DISABLED,-11.1132,-11.1114,0.0000,0.0000,0.00,4,0.0000,32,1,0,0.0000,0.0000,0,-2.1973,13.0078,idle
TEL,1350,SAFE_DISABLED,-11.1132,-11.1126,0.0000,0.0000,0.00,4,0.0000,11,1,0,0.0000,0.0000,0,-2.1973,13.0078,idle
TEL,1451,SAFE_DISABLED,-11.1132,-11.1129,0.0000,0.0000,0.00,4,0.0000,31,1,0,0.0000,0.0000,0,-2.1973,13.0078,idle
TEL,1551,SAFE_DISABLED,-11.1132,-11.1131,0.0000,0.0000,0.00,4,0.0000,12,1,0,0.0000,0.0000,0,-2.1973,13.0078,idle
TEL,1651,SAFE_DISABLED,-11.1132,-11.1131,0.0000,0.0000,0.00,4,0.0000,32,1,0,0.0000,0.0000,0,-2.1973,13.0078,idle
TEL,1751,SAFE_DISABLED,-11.1132,-11.1132,0.0000,0.0000,0.00,4,0.0000,12,1,0,0.0000,0.0000,0,-2.1973,13.0078,idle
TEL,1851,SAFE_DISABLED,-11.1132,-11.1132,0.0000,0.0000,0.00,4,0.0000,32,1,0,0.0000,0.0000,0,-2.1973,13.0078,idle
TEL,1951,SAFE_DISABLED,-11.1132,-11.1132,0.0000,0.0000,0.00,4,0.0000,11,1,0,0.0000,0.0000,0,-2.1973,13.0078,idle
TEL,2051,SAFE_DISABLED,-11.1132,-11.1132,0.0000,0.0000,0.00,4,0.0000,31,1,0,0.0000,0.0000,0,-2.1973,13.0078,idle
TEL,2151,SAFE_DISABLED,-11.1132,-11.1132,0.0000,0.0000,0.00,4,0.0000,12,1,0,0.0000,0.0000,0,-2.1973,13.0078,idle
TEL,2251,SAFE_DISABLED,-11.0446,-11.0926,0.0000,0.0000,0.00,4,0.0000,32,1,0,0.0000,0.0000,0,-2.1973,13.0078,idle
TEL,2351,SAFE_DISABLED,-11.1132,-11.0961,0.0000,0.0000,0.00,4,0.0000,12,1,0,0.0000,0.0000,0,-2.1973,13.0078,idle
TEL,2451,SAFE_DISABLED,-11.1132,-11.1048,0.0000,0.0000,0.00,4,0.0000,31,1,0,0.0000,0.0000,0,-2.1973,13.0078,idle
TEL,2551,SAFE_DISABLED,-11.1132,-11.1103,0.0000,0.0000,0.00,4,0.0000,11,1,0,0.0000,0.0000,0,-2.1973,13.0078,idle
TEL,2651,SAFE_DISABLED,-11.1132,-11.1118,0.0000,0.0000,0.00,4,0.0000,31,1,0,0.0000,0.0000,0,-2.1973,13.0078,idle
TEL,2751,SAFE_DISABLED,-11.0446,-11.0921,0.0000,0.0000,0.00,4,0.0000,12,1,0,0.0000,0.0000,0,-2.1973,13.0078,idle
TEL,2851,SAFE_DISABLED,-11.0446,-11.0679,0.0000,0.0000,0.00,4,0.0000,32,1,0,0.0000,0.0000,0,-2.1973,13.0078,idle
TEL,2951,SAFE_DISABLED,-11.0446,-11.0526,0.0000,0.0000,0.00,4,0.0000,11,1,0,0.0000,0.0000,0,-2.1973,13.0078,idle
TEL,3051,SAFE_DISABLED,-11.0446,-11.0485,0.0000,0.0000,0.00,4,0.0000,31,1,0,0.0000,0.0000,0,-2.1973,13.0078,idle
TEL,3151,SAFE_DISABLED,-11.1132,-11.0910,0.0000,0.0000,0.00,4,0.0000,11,1,0,0.0000,0.0000,0,-2.2852,13.0078,idle
TEL,3251,SAFE_DISABLED,-11.1132,-11.1023,0.0000,0.0000,0.00,4,0.0000,31,1,0,0.0000,0.0000,0,-2.1973,13.0078,idle
TEL,3351,SAFE_DISABLED,-11.1132,-11.1095,0.0000,0.0000,0.00,4,0.0000,11,1,0,0.0000,0.0000,0,-2.1973,13.0078,idle
TEL,3451,SAFE_DISABLED,-11.1132,-11.1114,0.0000,0.0000,0.00,4,0.0000,32,1,0,0.0000,0.0000,0,-2.1973,13.0078,idle
TEL,3551,SAFE_DISABLED,-11.1132,-11.1126,0.0000,0.0000,0.00,4,0.0000,11,1,0,0.0000,0.0000,0,-2.1973,13.0078,idle
TEL,3651,SAFE_DISABLED,-11.1132,-11.1129,0.0000,0.0000,0.00,4,0.0000,31,1,0,0.0000,0.0000,0,-2.1973,13.0078,idle
TEL,3751,SAFE_DISABLED,-11.1132,-11.1131,0.0000,0.0000,0.00,4,0.0000,11,1,0,0.0000,0.0000,0,-2.1973,13.0078,idle
TEL,3851,SAFE_DISABLED,-11.1132,-11.1131,0.0000,0.0000,0.00,4,0.0000,31,1,0,0.0000,0.0000,0,-2.1973,13.0078,idle
TEL,3951,SAFE_DISABLED,-11.1132,-11.1132,0.0000,0.0000,0.00,4,0.0000,11,1,0,0.0000,0.0000,0,-2.1973,13.0078,idle
TEL,4051,SAFE_DISABLED,-11.1132,-11.1132,0.0000,0.0000,0.00,4,0.0000,31,1,0,0.0000,0.0000,0,-2.1973,13.0078,idle
OK,telemetry=0
STATE,SAFE_DISABLED
SENSORS,angle=ok,pos=ok,m=f
MEAS,theta_deg=0.0000,x_cm=-11.1132,x_filt_cm=-11.1132
AGE,angle_ms=7,pos_ms=30,miss=0
FAULTS,bits=4
CAL,zero_calibrated=yes,limits_calibrated=yes,sign_calibrated=yes
SONAR_CFG,s=-1,u=1
ACT_CFG,t=13.0078,v=1,e=-15.205
TEL,enabled=0
FAULT_INFO,bits=4
FAULT_INFO,angle_oob=1
OK,cal_reset_saved
OK,cal_limit_down_set=0.000000
CAL_LIMITS,lower_deg=-7.031250,upper_deg=7.031250,limits_calibrated=no
OK,cal_limit_up_set=55.195312
OK,as5600_sign=-1,sonar_sign=-1
INFO,limits_ok
CAL_LIMITS,lower_deg=-27.597656,upper_deg=27.597656,limits_calibrated=yes
ERR,sonar_not_ready
OK,cal_zero_position_set=15.137461
CAL_ZERO,sonar_center_cm=15.137461,zero_calibrated=yes
OK,driver_enabled
OK,stepper_sign=-1,delta=-22.5879
OK,cal_saved
STATE,READY
SENSORS,angle=ok,pos=ok,m=f
MEAS,theta_deg=0.0000,x_cm=-11.4793,x_filt_cm=-11.5669
AGE,angle_ms=8,pos_ms=30,miss=0
FAULTS,bits=0
CAL,zero_calibrated=yes,limits_calibrated=yes,sign_calibrated=yes
SONAR_CFG,s=-1,u=1
ACT_CFG,t=11.8652,v=1,e=2.461
TEL,enabled=0
FAULT_INFO,bits=0
FAULT_INFO,none
OK,telemetry=1
TEL,89124,READY,-10.5875,-10.5879,0.0000,0.0000,0.00,0,0.0000,2,1,0,0.0000,0.0000,0,14.3262,11.8652,idle
TEL,89224,READY,-10.9991,-10.7832,0.0000,0.0000,0.00,0,0.0000,21,1,0,0.0000,0.0000,0,14.3262,11.8652,idle
TEL,89324,READY,-11.4107,-11.1955,0.0000,0.0000,0.00,0,0.0000,1,1,0,0.0000,0.0000,0,14.3262,11.8652,idle
TEL,89424,READY,-11.4107,-11.3053,0.0000,0.0000,0.00,0,0.0000,21,1,0,0.0000,0.0000,0,14.3262,11.8652,idle
TEL,89524,READY,-11.3421,-11.3396,0.0000,0.0000,0.00,0,0.0000,1,1,0,0.0000,0.0000,0,14.3262,11.8652,idle
TEL,89624,READY,-11.3421,-11.3409,0.0000,0.0000,0.00,0,0.0000,22,1,0,0.0000,0.0000,0,14.3262,11.8652,idle
TEL,89724,READY,-10.9305,-11.1318,0.0000,0.0000,0.00,0,0.0000,2,1,0,0.0000,0.0000,0,14.3262,11.8652,idle
TEL,89824,READY,-10.9305,-11.0292,0.0000,0.0000,0.00,0,0.0000,21,1,0,0.0000,0.0000,0,14.3262,11.8652,idle
TEL,89924,READY,-10.5875,-10.7894,0.0000,0.0000,0.00,0,0.0000,1,1,0,0.0000,0.0000,0,14.3262,11.8652,idle
TEL,90024,READY,-10.1759,-10.4766,0.0000,0.0000,0.00,0,0.0000,21,1,0,0.0000,0.0000,0,14.3262,11.8652,idle
TEL,90124,READY,-10.1759,-10.2791,0.0000,0.0000,0.00,0,0.0000,1,1,0,0.0000,0.0000,0,14.3262,11.8652,idle
TEL,90224,READY,-10.1073,-10.2059,0.0000,0.0000,0.00,0,0.0000,22,1,0,0.0000,0.0000,0,14.3262,11.8652,idle
TEL,90324,READY,-10.1073,-10.1411,0.0000,0.0000,0.00,0,0.0000,1,1,0,0.0000,0.0000,0,14.3262,11.8652,idle
TEL,90424,READY,-10.1759,-10.1589,0.0000,0.0000,0.00,0,0.0000,21,1,0,0.0000,0.0000,0,14.3262,11.8652,idle
TEL,90524,READY,-10.1759,-10.1701,0.0000,0.0000,0.00,0,0.0000,1,1,0,0.0000,0.0000,0,14.3262,11.8652,idle
TEL,90624,READY,-10.5875,-10.2966,0.0000,0.0000,0.00,0,0.0000,21,1,0,0.0000,0.0000,0,14.3262,11.8652,idle
TEL,90724,READY,-10.9991,-10.6357,0.0000,0.0000,0.00,0,0.0000,1,1,0,0.0000,0.0000,0,14.3262,11.8652,idle
TEL,90824,READY,-10.9991,-10.8211,0.0000,0.0000,0.00,0,0.0000,14,1,0,0.0000,0.0000,0,14.3262,11.8652,idle
TEL,90924,READY,-10.9991,-10.9381,0.0000,0.0000,0.00,0,0.0000,1,1,0,0.0000,0.0000,0,14.3262,11.8652,idle
TEL,91024,READY,-10.9991,-10.9692,0.0000,0.0000,0.00,0,0.0000,21,1,0,0.0000,0.0000,0,14.3262,11.8652,idle
TEL,91124,READY,-10.5875,-10.7185,0.0000,0.0000,0.00,0,0.0000,1,1,0,0.0000,0.0000,0,14.3262,11.8652,idle
TEL,91224,READY,-10.5875,-10.6517,0.0000,0.0000,0.00,0,0.0000,21,1,0,0.0000,0.0000,0,14.3262,11.8652,idle
TEL,91324,READY,-10.9991,-10.7425,0.0000,0.0000,0.00,0,0.0000,40,1,0,0.0000,0.0000,0,14.3262,11.8652,idle
TEL,91424,READY,-12.2339,-11.5293,0.0000,0.0000,0.00,0,0.0000,14,1,0,0.0000,0.0000,0,14.3262,11.8652,idle
TEL,91524,READY,-12.2339,-11.9923,0.0000,0.0000,0.00,0,0.0000,1,1,0,0.0000,0.0000,0,14.3262,11.8652,idle
TEL,91624,READY,-12.2339,-12.1155,0.0000,0.0000,0.00,0,0.0000,21,1,0,0.0000,0.0000,0,14.3262,11.8652,idle
TEL,91724,READY,-11.3421,-11.6564,0.0000,0.0000,0.00,0,0.0000,1,1,0,0.0000,0.0000,0,14.3262,11.8652,idle
TEL,91824,READY,-10.9991,-11.3356,0.0000,0.0000,0.00,0,0.0000,21,1,0,0.0000,0.0000,0,14.3262,11.8652,idle
TEL,91924,READY,-10.9991,-11.1640,0.0000,0.0000,0.00,0,0.0000,41,1,0,0.0000,0.0000,0,14.3262,11.8652,idle
TEL,92024,READY,-10.5875,-10.7853,0.0000,0.0000,0.00,0,0.0000,14,1,0,0.0000,0.0000,0,14.3262,11.8652,idle
TEL,92124,READY,-10.9305,-10.8303,0.0000,0.0000,0.00,0,0.0000,1,1,0,0.0000,0.0000,0,14.3262,11.8652,idle
TEL,92224,READY,-10.9305,-10.8814,0.0000,0.0000,0.00,0,0.0000,21,1,0,0.0000,0.0000,0,14.3262,11.8652,idle
TEL,92324,READY,-11.8223,-11.3786,0.0000,0.0000,0.00,0,0.0000,1,1,0,0.0000,0.0000,0,14.3262,11.8652,idle
TEL,92424,READY,-12.2339,-11.8148,0.0000,0.0000,0.00,0,0.0000,14,1,0,0.0000,0.0000,0,14.3262,11.8652,idle
TEL,92524,READY,-12.2339,-12.0286,0.0000,0.0000,0.00,0,0.0000,34,1,0,0.0000,0.0000,0,14.3262,11.8652,idle
TEL,92624,READY,-11.8223,-12.0400,0.0000,0.0000,0.00,0,0.0000,14,1,0,0.0000,0.0000,0,14.3262,11.8652,idle
TEL,92724,READY,-11.4793,-11.7541,0.0000,0.0000,0.00,0,0.0000,34,1,0,0.0000,0.0000,0,14.3262,11.8652,idle
TEL,92824,READY,-11.4793,-11.5736,0.0000,0.0000,0.00,0,0.0000,21,1,0,0.0000,0.0000,0,14.3262,11.8652,idle
TEL,92924,READY,-11.8909,-11.6490,0.0000,0.0000,0.00,0,0.0000,40,1,0,0.0000,0.0000,0,14.3262,11.8652,idle
SET,92933,0.0000,2.2656,-5.1719
TEL,93024,READY,-12.7141,-12.3243,0.0000,0.0000,0.00,0,0.0000,14,1,0,0.0000,0.0000,0,14.3262,11.8652,idle
TEL,93124,READY,-12.7141,-12.5231,0.0000,0.0000,0.00,0,0.0000,34,1,0,0.0000,0.0000,0,14.3262,11.8652,idle
TEL,93224,READY,-12.6455,-12.6280,0.0000,0.0000,0.00,0,0.0000,14,1,0,0.0000,0.0000,0,14.3262,11.8652,idle
TEL,93324,READY,-12.3711,-12.5402,0.0000,0.0000,0.00,0,0.0000,34,1,0,0.0000,0.0000,0,14.3262,11.8652,idle
TEL,93424,READY,-11.4793,-11.9642,0.0000,0.0000,0.00,0,0.0000,21,1,0,0.0000,0.0000,0,14.3262,11.8652,idle
TEL,93524,READY,-11.4793,-11.7169,0.0000,0.0000,0.00,0,0.0000,33,1,0,0.0000,0.0000,0,14.3262,11.8652,idle
TEL,93624,READY,-11.8223,-11.6637,0.0000,0.0000,0.00,0,0.0000,14,1,0,0.0000,0.0000,0,14.3262,11.8652,idle
TEL,93724,READY,-12.6455,-12.0924,0.0000,0.0000,0.00,0,0.0000,34,1,0,0.0000,0.0000,0,14.3262,11.8652,idle
TEL,93824,READY,-13.1257,-12.6244,0.0000,0.0000,0.00,0,0.0000,14,1,0,0.0000,0.0000,0,14.3262,11.8652,idle
TEL,93924,READY,-13.1257,-12.8801,0.0000,0.0000,0.00,0,0.0000,34,1,0,0.0000,0.0000,0,14.3262,11.8652,idle
TEL,94024,READY,-12.7141,-12.7711,0.0000,0.0000,0.00,0,0.0000,14,1,0,0.0000,0.0000,0,14.3262,11.8652,idle
TEL,94124,READY,-12.6455,-12.7214,0.0000,0.0000,0.00,0,0.0000,33,1,0,0.0000,0.0000,0,14.3262,11.8652,idle
TEL,94224,READY,-11.4793,-11.9054,0.0000,0.0000,0.00,0,0.0000,14,1,0,0.0000,0.0000,0,14.3262,11.8652,idle
TEL,94324,READY,-11.0677,-11.4782,0.0000,0.0000,0.00,0,0.0000,34,1,0,0.0000,0.0000,0,14.3262,11.8652,idle
TEL,94424,READY,-11.0677,-11.2085,0.0000,0.0000,0.00,0,0.0000,14,1,0,0.0000,0.0000,0,14.3262,11.8652,idle
TEL,94524,READY,-11.4793,-11.3322,0.0000,0.0000,0.00,0,0.0000,34,1,0,0.0000,0.0000,0,14.3262,11.8652,idle
TEL,94624,READY,-11.8909,-11.6388,0.0000,0.0000,0.00,0,0.0000,14,1,0,0.0000,0.0000,0,14.3262,11.8652,idle
TEL,94724,READY,-11.8909,-11.7674,0.0000,0.0000,0.00,0,0.0000,33,1,0,0.0000,0.0000,0,14.3262,11.8652,idle
TEL,94824,READY,-12.3025,-12.0009,0.0000,0.0000,0.00,0,0.0000,14,1,0,0.0000,0.0000,0,14.3262,11.8652,idle
TEL,94924,READY,-12.3025,-12.1547,0.0000,0.0000,0.00,0,0.0000,34,1,0,0.0000,0.0000,0,14.3262,11.8652,idle
TEL,95024,READY,-11.8909,-12.0707,0.0000,0.0000,0.00,0,0.0000,14,1,0,0.0000,0.0000,0,14.3262,11.8652,idle
TEL,95124,READY,-11.8909,-11.9790,0.0000,0.0000,0.00,0,0.0000,34,1,0,0.0000,0.0000,0,14.3262,11.8652,idle
TEL,95224,READY,-12.3025,-12.1512,0.0000,0.0000,0.00,0,0.0000,14,1,0,0.0000,0.0000,0,14.3262,11.8652,idle
OK,driver_enabled
TEL,95324,READY,-12.3025,-12.2284,0.0000,0.0000,0.00,0,0.0000,34,1,0,0.0000,0.0000,0,14.3262,11.8652,idle
TEL,95424,READY,-12.3025,-12.2771,0.0000,0.0000,0.00,0,0.0000,13,1,0,0.0000,0.0000,0,14.3262,11.8652,idle
TEL,95524,READY,-12.3711,-12.3107,0.0000,0.0000,0.00,0,0.0000,34,1,0,0.0000,0.0000,0,14.3262,11.8652,idle
TEL,95624,READY,-12.3711,-12.3504,0.0000,0.0000,0.00,0,0.0000,14,1,0,0.0000,0.0000,0,14.3262,11.8652,idle
TEL,95724,READY,-12.3025,-12.3260,0.0000,0.0000,0.00,0,0.0000,34,1,0,0.0000,0.0000,0,14.3262,11.8652,idle
TEL,95824,READY,-12.3025,-12.3106,0.0000,0.0000,0.00,0,0.0000,14,1,0,0.0000,0.0000,0,14.3262,11.8652,idle
TEL,95924,READY,-11.8909,-12.0966,0.0000,0.0000,0.00,0,0.0000,34,1,0,0.0000,0.0000,0,14.3262,11.8652,idle
TEL,96024,READY,-11.8909,-11.9615,0.0000,0.0000,0.00,0,0.0000,13,1,0,0.0000,0.0000,0,14.3262,11.8652,idle
TEL,96124,READY,-11.8909,-11.9255,0.0000,0.0000,0.00,0,0.0000,34,1,0,0.0000,0.0000,0,14.3262,11.8652,idle
TEL,96224,READY,-12.3025,-12.0263,0.0000,0.0000,0.00,0,0.0000,14,1,0,0.0000,0.0000,0,14.3262,11.8652,idle
TEL,96324,READY,-11.8909,-11.9573,0.0000,0.0000,0.00,0,0.0000,34,1,0,0.0000,0.0000,0,14.3262,11.8652,idle
TEL,96424,READY,-11.8909,-11.9137,0.0000,0.0000,0.00,0,0.0000,14,1,0,0.0000,0.0000,0,14.3262,11.8652,idle
TEL,96524,READY,-11.8909,-11.9021,0.0000,0.0000,0.00,0,0.0000,34,1,0,0.0000,0.0000,0,14.3262,11.8652,idle
TEL,96624,READY,-11.8909,-11.9812,0.0000,0.0000,0.00,0,0.0000,13,1,0,0.0000,0.0000,0,14.3262,11.8652,idle
OK,running
TEL,96724,RUNNING,-11.8798,-11.9240,2.4750,13.4548,120.00,0,0.0000,33,1,0,13.4548,13.4548,0,14.3262,11.8652,idle
TEL,96824,RUNNING,-11.8165,-11.8316,6.4125,12.6774,720.00,0,0.0000,13,1,0,12.6774,12.6774,0,17.6660,11.8652,idle
TEL,96924,RUNNING,-11.9125,-11.6860,13.1625,12.1604,454.29,0,0.0000,33,1,0,12.1604,12.1604,0,24.6094,11.8652,idle
TEL,97024,RUNNING,-11.3847,-11.4674,15.6375,12.7976,-145.71,0,0.0000,13,1,0,12.7976,12.7976,0,27.5977,11.8652,idle
TEL,97124,RUNNING,-11.4902,-11.5311,13.6125,13.9392,66.81,0,0.0000,33,1,0,13.9392,13.9392,0,25.7520,11.8652,idle
TEL,97224,RUNNING,-11.1622,-11.2906,13.5000,12.3277,-120.00,0,0.0000,11,1,0,12.3277,12.3277,0,25.6641,11.8652,idle
TEL,97324,RUNNING,-10.7247,-11.0173,12.8250,13.8525,0.00,0,0.0000,30,1,0,13.8525,13.8525,0,25.1367,11.8652,idle
TEL,97424,RUNNING,-10.7436,-10.8441,12.3750,12.4997,0.00,0,0.0000,1,1,0,12.4997,12.4997,0,24.4336,11.8652,idle
TEL,97524,RUNNING,-10.7247,-10.7739,12.8250,13.6934,120.00,0,0.0000,21,1,0,13.6934,13.6934,0,24.8730,11.8652,idle
TEL,97624,RUNNING,-11.0122,-10.8926,15.1875,14.8730,6.65,0,0.0000,1,1,0,14.8730,14.8730,0,26.9824,11.8652,idle
TEL,97724,RUNNING,-11.0578,-10.9013,14.2875,14.0656,0.00,0,0.0000,21,1,0,14.0656,14.0656,0,26.3672,11.8652,idle
TEL,97824,RUNNING,-10.5925,-10.7668,14.2875,12.3440,-120.00,0,0.0000,1,1,0,12.3440,12.3440,0,26.3672,11.8652,idle
TEL,97924,RUNNING,-10.6235,-10.7092,13.6125,14.6113,0.00,0,0.0000,20,1,0,14.6113,14.6113,0,25.9277,11.8652,idle
TEL,98024,RUNNING,-10.5709,-10.8774,14.7375,14.7243,0.00,0,0.0000,40,1,0,14.7243,14.7243,0,26.7187,11.8652,idle
TEL,98124,RUNNING,-11.3902,-10.9371,14.2875,19.8888,120.00,0,0.0000,13,1,0,19.8888,19.8888,0,26.3672,11.8652,idle
TEL,98224,RUNNING,-11.8191,-11.3395,14.9625,20.5237,240.00,0,0.0000,1,1,0,20.5237,20.5237,0,26.8066,11.8652,idle
TEL,98324,RUNNING,-11.7549,-11.4242,16.0875,15.5754,0.00,0,0.0000,21,1,0,15.5754,15.5754,0,27.8613,11.8652,idle
TEL,98424,RUNNING,-10.1957,-11.0460,15.6375,15.6638,0.00,0,0.0000,41,1,0,15.6638,15.6638,0,27.6855,11.8652,idle
TEL,98524,RUNNING,-10.1957,-11.0460,15.6375,15.8502,0.00,0,0.0000,141,1,2,15.8502,15.8502,0,27.6855,11.8652,idle
TEL,98624,RUNNING,-10.1787,-11.0276,15.9750,16.0157,0.00,0,0.0000,241,1,5,16.0157,16.0157,0,27.9492,11.8652,idle
TEL,98724,RUNNING,-10.1787,-11.0276,15.9750,16.1273,0.00,0,0.0000,341,0,7,16.1273,16.1273,0,27.9492,11.8652,idle
TEL,98824,RUNNING,-7.3107,-9.3799,15.5250,14.6670,-240.00,0,0.0000,33,1,0,14.6670,14.6670,0,27.6855,11.8652,idle
TEL,98924,RUNNING,-4.4994,-6.5193,11.2500,11.9150,-360.00,0,0.0000,21,1,0,11.9150,11.9150,0,23.7305,11.8652,idle
TEL,99024,RUNNING,-2.4451,-4.1078,6.7500,-9.1462,-480.00,0,0.0000,1,1,0,-9.1462,-9.1462,0,19.0723,11.8652,idle
TEL,99124,RUNNING,-1.8779,-3.0445,2.0250,7.6031,-360.00,0,0.0000,21,1,0,7.6031,7.6031,0,14.4141,11.8652,idle
TEL,99224,RUNNING,0.2460,-1.3439,-2.5875,-10.9125,-480.00,0,0.0000,1,1,0,-11.6090,-10.9125,1,9.4922,11.8652,idle
TEL,99324,RUNNING,0.5338,-0.7746,-6.9750,5.0131,-120.00,0,0.0000,61,1,0,5.0131,5.0131,0,5.0098,11.8652,idle
TEL,99424,RUNNING,0.5352,-0.7766,-5.6250,5.0838,480.00,0,0.0000,161,1,3,5.0838,5.0838,0,5.5371,11.8652,idle
TEL,99524,RUNNING,0.5375,-0.7799,1.8000,5.0627,600.00,0,0.0000,261,1,5,5.0627,5.0627,0,12.9199,11.8652,idle
TEL,99624,RUNNING,3.2287,0.4253,5.9625,-10.9125,240.00,0,0.0000,1,1,0,-26.7418,-10.9125,1,17.7539,11.8652,idle
TEL,99724,RUNNING,6.2125,2.8111,5.9625,0.9458,-360.00,0,0.0000,21,1,0,0.9458,0.9458,0,18.2812,11.8652,idle
TEL,99824,RUNNING,7.7506,5.6072,-0.2250,-10.9125,-720.00,0,0.0000,1,1,0,-25.4265,-10.9125,1,12.2168,11.8652,idle
TEL,99924,RUNNING,8.9493,7.2722,-7.7625,-3.4711,-589.93,0,0.0000,21,1,0,-3.4711,-3.4711,0,4.5703,11.8652,idle
TEL,100024,RUNNING,8.8408,8.0149,-11.8125,-4.7605,10.07,0,0.0000,41,1,0,-4.7605,-4.7605,0,0.0000,11.8652,idle
TEL,100124,RUNNING,8.9181,8.0849,-9.1125,-5.9054,584.89,0,0.0000,141,1,2,-5.9054,-5.9054,0,1.8457,11.8652,idle
TEL,100224,RUNNING,9.0636,8.4275,-5.1750,-5.7960,-15.11,0,0.0000,41,1,0,-5.7960,-5.7960,0,6.3281,11.8652,idle
TEL,100324,RUNNING,9.0533,8.4179,-5.8500,-5.8499,0.00,0,0.0000,141,1,2,-5.8499,-5.8499,0,5.8008,11.8652,idle
TEL,100424,RUNNING,6.0075,7.2076,-5.1750,8.2531,320.95,0,0.0000,1,1,0,8.2531,8.2531,0,6.1523,11.8652,idle
TEL,100524,RUNNING,4.4328,5.9647,-2.1375,-3.4094,200.95,0,0.0000,21,1,0,-3.4094,-3.4094,0,9.2285,11.8652,idle
TEL,100624,RUNNING,4.4358,5.1870,0.2250,-2.5483,80.95,0,0.0000,33,1,0,-2.5483,-2.5483,0,11.6895,11.8652,idle
TEL,100724,RUNNING,3.5425,4.3132,1.6875,6.7284,200.95,0,0.0000,13,1,0,6.7284,6.7284,0,13.2715,11.8652,idle
TEL,100825,RUNNING,2.6464,3.4749,3.8250,8.2686,320.95,0,0.0000,1,1,0,8.2686,8.2686,0,15.4687,11.8652,idle
TEL,100925,RUNNING,1.3575,2.3970,6.8625,0.4800,200.95,0,0.0000,21,1,0,0.4800,0.4800,0,18.4570,11.8652,idle
TEL,101025,RUNNING,0.4356,1.4931,9.1125,1.4317,80.95,0,0.0000,33,1,0,1.4317,1.4317,0,20.8301,11.8652,idle
TEL,101125,RUNNING,-0.2932,0.4958,9.7875,11.0368,0.00,0,0.0000,14,1,0,11.0368,11.0368,0,21.9727,11.8652,idle
TEL,101225,RUNNING,-0.7000,-0.0994,9.2250,3.1598,-120.00,0,0.0000,34,1,0,3.1598,3.1598,0,21.1816,11.8652,idle
TEL,101325,RUNNING,-2.5884,-1.3446,7.4250,18.1083,-240.00,0,0.0000,13,1,0,18.1083,18.1083,0,19.5996,11.8652,idle
TEL,101425,RUNNING,-3.4561,-2.3221,4.9500,5.7185,54.63,0,0.0000,33,1,0,5.7185,5.7185,0,16.6992,11.8652,idle
TEL,101525,RUNNING,-5.5050,-3.9380,7.4250,24.4766,375.77,0,0.0000,12,1,0,24.4766,24.4766,0,18.8086,11.8652,idle
TEL,101625,RUNNING,-6.1071,-4.9355,11.1375,8.4079,255.77,0,0.0000,33,1,0,8.4079,8.4079,0,22.5000,11.8652,idle
TEL,101725,RUNNING,-7.3547,-6.2610,14.6250,21.7903,375.77,0,0.0000,13,1,0,21.7903,21.7903,0,26.1914,11.8652,idle
TEL,101825,RUNNING,-8.3538,-7.2234,18.2250,10.7551,255.77,0,0.0000,33,1,0,10.7551,10.7551,0,29.7070,11.8652,idle
TEL,101925,RUNNING,-9.0149,-8.2595,21.6000,20.2878,135.77,0,0.0000,13,1,0,20.2878,20.2878,0,33.3105,11.8652,idle
TEL,102025,RUNNING,-9.8287,-8.9658,21.8250,13.8051,-120.00,0,0.0000,34,1,0,13.8051,13.8051,0,33.6621,11.8652,idle
TEL,102125,RUNNING,-10.0816,-9.7372,18.9000,19.7339,-239.64,0,0.0000,12,1,0,19.7339,19.7339,0,31.0254,11.8652,idle
TEL,102225,RUNNING,-10.5143,-10.2134,15.8625,16.1226,-79.31,0,0.0000,33,1,0,16.1226,16.1226,0,27.7734,11.8652,idle
TEL,102325,RUNNING,-10.5684,-10.4427,16.0875,17.1862,120.00,0,0.0000,13,1,0,17.1862,17.1862,0,27.6855,11.8652,idle
TEL,102425,RUNNING,-10.5318,-10.4704,16.7625,15.8671,0.00,0,0.0000,33,1,0,15.8671,15.8671,0,28.2129,11.8652,idle
TEL,102525,RUNNING,-12.0792,-11.4169,17.2125,24.6138,120.00,0,0.0000,13,1,0,24.6138,24.6138,0,29.0039,11.8652,idle
TEL,102625,RUNNING,-12.0996,-11.7443,17.8875,17.6195,0.00,0,0.0000,33,1,0,17.6195,17.6195,0,29.4434,11.8652,idle
TEL,102725,RUNNING,-12.0685,-11.9470,18.3375,19.7412,120.00,0,0.0000,12,1,0,19.7412,19.7412,0,30.0586,11.8652,idle
TEL,102825,RUNNING,-12.0205,-11.9612,19.0125,18.6403,-120.00,0,0.0000,32,1,0,18.6403,18.6403,0,30.6738,11.8652,idle
TEL,102925,RUNNING,-11.6625,-11.8238,18.5625,16.9376,-120.00,0,0.0000,13,1,0,16.9376,16.9376,0,30.4102,11.8652,idle
TEL,103025,RUNNING,-11.3233,-11.6770,17.7750,19.0944,0.00,0,0.0000,33,1,0,19.0944,19.0944,0,29.7949,11.8652,idle
TEL,103126,RUNNING,-10.9585,-11.2149,17.3250,15.6102,-120.00,0,0.0000,13,1,0,15.6102,15.6102,0,29.1797,11.8652,idle
TEL,103226,RUNNING,-10.9063,-10.8990,17.1000,17.8903,240.00,0,0.0000,33,1,0,17.8903,17.8903,0,28.7402,11.8652,idle
TEL,103326,RUNNING,-10.8383,-10.8591,18.2250,18.1347,0.00,0,0.0000,14,1,0,18.1347,18.1347,0,29.9707,11.8652,idle
TEL,103426,RUNNING,-10.8242,-10.8344,18.4500,18.5152,0.00,0,0.0000,33,1,0,18.5152,18.5152,0,30.1465,11.8652,idle
TEL,103526,RUNNING,-10.8242,-10.8277,18.4500,18.6526,0.00,0,0.0000,14,1,0,18.6526,18.6526,0,30.1465,11.8652,idle
TEL,103626,RUNNING,-10.8100,-10.8117,18.6750,18.8549,0.00,0,0.0000,34,1,0,18.8549,18.8549,0,30.4102,11.8652,idle
TEL,103726,RUNNING,-10.8028,-10.5579,18.7875,21.7607,0.00,0,0.0000,13,1,0,21.7607,21.7607,0,30.4980,11.8652,idle
TEL,103826,RUNNING,-9.6592,-10.1132,18.3375,18.7567,0.00,0,0.0000,33,1,0,18.7567,18.7567,0,30.0586,11.8652,idle
TEL,103926,RUNNING,-9.5290,-10.0726,18.3375,12.6534,-120.00,0,0.0000,11,1,0,12.6534,12.6534,0,29.9707,11.8652,idle
TEL,104026,RUNNING,-8.8365,-10.0045,19.1250,18.3041,-5.70,0,0.0000,30,1,0,18.3041,18.3041,0,30.4980,11.8652,idle
TEL,104126,RUNNING,-8.8750,-9.2960,17.4375,14.0424,-318.93,0,0.0000,11,1,0,14.0424,14.0424,0,29.2676,11.8652,idle
TEL,104226,RUNNING,-6.9540,-8.4246,14.2875,17.9452,-198.93,0,0.0000,31,1,0,17.9452,17.9452,0,26.1914,11.8652,idle
TEL,104326,RUNNING,-6.1766,-6.9875,11.4750,7.2691,-318.93,0,0.0000,11,1,0,7.2691,7.2691,0,23.2031,11.8652,idle
TEL,104426,RUNNING,-5.3474,-6.3651,8.7750,15.4035,-156.29,0,0.0000,31,1,0,15.4035,15.4035,0,20.5664,11.8652,idle
TEL,104526,RUNNING,-3.2811,-4.4885,6.5250,0.0654,-276.29,0,0.0000,11,1,0,0.0654,0.0654,0,18.1934,11.8652,idle
TEL,104626,RUNNING,-3.2924,-3.8860,4.5000,12.4825,83.71,0,0.0000,31,1,0,12.4825,12.4825,0,15.9082,11.8652,idle
TEL,104726,RUNNING,-0.3515,-2.0369,4.8375,-7.8706,-36.29,0,0.0000,11,1,0,-7.8706,-7.8706,0,15.9961,11.8652,idle
TEL,104826,RUNNING,-0.3013,-1.5152,5.2875,9.8558,323.71,0,0.0000,72,1,1,9.8558,9.8558,0,16.3477,11.8652,idle
TEL,104926,RUNNING,-0.2980,-1.4990,9.9000,9.8079,189.34,0,0.0000,172,1,3,9.8079,9.8079,0,20.9180,11.8652,idle
TEL,105026,RUNNING,1.7987,-0.0736,9.5625,8.2943,-367.80,0,0.0000,31,1,0,8.2943,8.2943,0,21.2695,11.8652,idle
TEL,105126,RUNNING,3.5765,1.9996,4.8375,-10.9125,-487.80,0,0.0000,11,1,0,-11.2073,-10.9125,1,16.5234,11.8652,idle
TEL,105226,RUNNING,5.6473,3.6906,0.0000,4.0016,-367.80,0,0.0000,31,1,0,4.0016,4.0016,0,11.6895,11.8652,idle
TEL,105326,RUNNING,6.1215,5.1209,-4.8375,-8.3680,-487.80,0,0.0000,11,1,0,-8.3680,-8.3680,0,6.7676,11.8652,idle
TEL,105426,RUNNING,6.5061,5.5038,-9.1125,2.0337,-115.52,0,0.0000,71,1,1,2.0337,2.0337,0,2.1094,11.8652,idle
TEL,105526,RUNNING,6.5271,5.5216,-7.8750,1.4706,484.48,0,0.0000,171,1,3,1.4706,1.4706,0,2.7246,11.8652,idle
TEL,105626,RUNNING,6.5888,5.5738,-0.6750,1.4672,499.00,0,0.0000,271,1,6,1.4672,1.4672,0,9.7559,11.8652,idle
TEL,105726,RUNNING,6.5837,5.5695,2.3625,1.5311,0.00,0,0.0000,371,0,8,1.5311,1.5311,0,13.5352,11.8652,idle
TEL,105826,RUNNING,6.5837,5.5695,2.3625,1.5311,0.00,0,0.0000,471,0,9,1.5311,1.5311,0,13.5352,11.8652,idle
TEL,105926,RUNNING,5.7984,5.8047,3.2625,1.2308,-221.00,0,0.0000,10,1,0,1.2308,1.2308,0,14.6777,11.8652,idle
TEL,106027,RUNNING,3.5883,4.9110,1.3500,2.1006,139.00,0,0.0000,30,1,0,2.1006,2.1006,0,12.5684,11.8652,idle
TEL,106127,RUNNING,3.0662,3.8086,3.8250,11.3694,340.14,0,0.0000,11,1,0,11.3694,11.3694,0,14.9414,11.8652,idle
TEL,106227,RUNNING,1.8146,2.9850,7.2000,4.2584,220.14,0,0.0000,31,1,0,4.2584,4.2584,0,18.1934,11.8652,idle
TEL,106327,RUNNING,1.3949,1.9320,10.2375,11.2021,320.76,0,0.0000,10,1,0,11.2021,11.2021,0,21.3574,11.8652,idle
TEL,106427,RUNNING,1.3229,1.6323,11.2500,5.5560,-279.24,0,0.0000,30,1,0,5.5560,5.5560,0,22.8516,11.8652,idle
TEL,106527,RUNNING,0.5877,0.9606,8.5500,10.3179,-159.24,0,0.0000,10,1,0,10.3179,10.3179,0,20.3027,11.8652,idle
TEL,106627,RUNNING,-1.1811,0.3209,6.7500,7.0346,67.29,0,0.0000,70,1,1,7.0346,7.0346,0,18.2812,11.8652,idle
TEL,106727,RUNNING,-2.3430,-1.2298,8.8875,20.8447,315.41,0,0.0000,10,1,0,20.8447,20.8447,0,19.9512,11.8652,idle
TEL,106827,RUNNING,-3.2264,-2.0590,11.9250,9.6071,195.41,0,0.0000,30,1,0,9.6071,9.6071,0,22.9395,11.8652,idle
TEL,106927,RUNNING,-4.9983,-3.7912,14.6250,24.6825,315.41,0,0.0000,10,1,0,24.6825,24.6825,0,25.9277,11.8652,idle
TEL,107027,RUNNING,-5.5793,-4.5833,17.5500,12.3640,195.41,0,0.0000,29,1,0,12.3640,12.3640,0,28.7402,11.8652,idle
TEL,107127,RUNNING,-7.1605,-6.0159,20.3625,26.4346,315.41,0,0.0000,9,1,0,26.4346,26.4346,0,31.5527,11.8652,idle
TEL,107227,RUNNING,-7.6987,-6.6930,23.4000,14.4398,195.41,0,0.0000,30,1,0,14.4398,14.4398,0,34.6289,11.8652,idle
TEL,107327,RUNNING,-8.7602,-7.7888,26.2125,26.4707,165.97,0,0.0000,10,1,0,26.4707,26.4707,0,37.5293,11.8652,idle
TEL,107427,RUNNING,-9.2907,-8.5042,26.5500,17.5921,-120.00,0,0.0000,30,1,0,17.5921,17.5921,0,38.1445,11.8652,idle
TEL,107527,RUNNING,-11.2546,-9.8273,23.6250,36.1431,-240.00,0,0.0000,11,1,0,36.1431,36.1431,0,35.5957,11.8652,idle
TEL,107627,RUNNING,-11.4911,-10.7770,20.7000,21.0914,-31.05,0,0.0000,31,1,0,21.0914,21.0914,0,32.6074,11.8652,idle
TEL,107727,RUNNING,-11.4740,-11.2294,20.9250,23.8288,120.00,0,0.0000,11,1,0,23.8288,23.8288,0,32.5195,11.8652,idle
TEL,107827,RUNNING,-12.2040,-11.6307,21.6000,21.3651,0.00,0,0.0000,31,1,0,21.3651,21.3651,0,33.0469,11.8652,idle
TEL,107927,RUNNING,-9.8744,-10.6584,21.1500,12.6208,-120.00,0,0.0000,10,1,0,12.6208,12.6208,0,32.7832,11.8652,idle
TEL,108027,RUNNING,-9.8688,-10.2868,20.2500,21.0510,0.00,0,0.0000,31,1,0,21.0510,21.0510,0,31.9922,11.8652,idle
TEL,108127,RUNNING,-9.8971,-10.0408,19.8000,19.0060,-120.00,0,0.0000,10,1,0,19.0060,19.0060,0,31.2012,11.8652,idle
TEL,108227,RUNNING,-9.6321,-9.8831,19.9125,20.3790,120.00,0,0.0000,32,1,0,20.3790,20.3790,0,31.2012,11.8652,idle
TEL,108327,RUNNING,-8.3206,-9.2829,20.4750,9.6059,-120.00,0,0.0000,12,1,0,9.6059,9.6059,0,31.8164,11.8652,idle
TEL,108427,RUNNING,-7.1088,-8.2159,19.0125,19.7029,-179.97,0,0.0000,32,1,0,19.7029,19.7029,0,30.7617,11.8652,idle
TEL,108527,RUNNING,-6.1673,-7.1848,16.3125,7.3693,-299.97,0,0.0000,2,1,0,7.3693,7.3693,0,27.9492,11.8652,idle
TEL,108627,RUNNING,-4.3941,-5.9470,13.5000,17.1104,-179.97,0,0.0000,22,1,0,17.1104,17.1104,0,25.3125,11.8652,idle
TEL,108727,RUNNING,-4.0331,-4.8157,10.9125,7.2011,-299.97,0,0.0000,1,1,0,7.2011,7.2011,0,22.5879,11.8652,idle
TEL,108827,RUNNING,-2.1784,-3.7449,8.1000,14.5216,-179.97,0,0.0000,22,1,0,14.5216,14.5216,0,19.7754,11.8652,idle
TEL,108928,RUNNING,-1.3753,-2.2295,5.5125,3.4830,-299.97,0,0.0000,2,1,0,3.4830,3.4830,0,16.9629,11.8652,idle
TEL,109028,RUNNING,-0.4254,-1.4559,2.9250,11.8771,-153.83,0,0.0000,22,1,0,11.8771,11.8771,0,14.5020,11.8652,idle
TEL,109128,RUNNING,1.5496,0.3934,0.6750,-2.7610,-273.83,0,0.0000,2,1,0,-2.7610,-2.7610,0,11.9531,11.8652,idle
TEL,109228,RUNNING,1.6183,0.7609,0.1125,9.3558,326.17,0,0.0000,62,1,1,9.3558,9.3558,0,11.0742,11.8652,idle
TEL,109328,RUNNING,2.2271,1.1993,4.2750,8.8844,686.17,0,0.0000,81,1,1,8.8844,8.8844,0,14.9414,11.8652,idle
TEL,109428,RUNNING,2.2031,1.1863,9.4500,8.8846,91.83,0,0.0000,181,1,3,8.8846,8.8846,0,20.3906,11.8652,idle
TEL,109528,RUNNING,4.8570,3.4721,7.8750,-8.9422,-508.17,0,0.0000,2,1,0,-8.9422,-8.9422,0,19.5117,11.8652,idle
TEL,109628,RUNNING,7.5300,5.3117,2.7000,3.9627,-388.17,0,0.0000,22,1,0,3.9627,3.9627,0,14.4141,11.8652,idle
TEL,109728,RUNNING,8.1869,7.0477,-2.2500,-10.1828,-508.17,0,0.0000,2,1,0,-10.1828,-10.1828,0,9.1406,11.8652,idle
TEL,109828,RUNNING,8.4225,7.4286,-6.8625,1.7544,-148.17,0,0.0000,62,1,1,1.7544,1.7544,0,4.3945,11.8652,idle
TEL,109928,RUNNING,8.4338,7.7372,-6.1875,0.8020,451.83,0,0.0000,41,1,0,0.8020,0.8020,0,4.3945,11.8652,idle
TEL,110028,RUNNING,8.4833,7.7825,0.0000,0.8528,331.83,0,0.0000,141,1,2,0.8528,0.8528,0,10.6348,11.8652,idle
TEL,110128,RUNNING,8.4813,7.7807,1.2375,0.7259,-233.61,0,0.0000,241,1,5,0.7259,0.7259,0,12.4805,11.8652,idle
TEL,110228,RUNNING,8.4829,7.7821,0.5625,0.6774,0.00,0,0.0000,341,0,7,0.6774,0.6774,0,11.6895,11.8652,idle
TEL,110328,RUNNING,5.4817,6.6080,1.3500,14.1759,360.00,0,0.0000,1,1,0,14.1759,14.1759,0,12.1289,11.8652,idle
TEL,110428,RUNNING,5.3770,5.9787,4.8375,2.6895,240.00,0,0.0000,21,1,0,2.6895,2.6895,0,15.6445,11.8652,idle
TEL,110528,RUNNING,4.6754,5.3383,6.9750,10.3447,120.00,0,0.0000,1,1,0,10.3447,10.3447,0,18.1934,11.8652,idle
TEL,110628,RUNNING,3.2157,4.4284,7.6500,4.1538,0.00,0,0.0000,21,1,0,4.1538,4.1538,0,18.7207,11.8652,idle
TEL,110728,RUNNING,2.3384,3.3673,8.1000,5.2295,-120.00,0,0.0000,40,1,0,5.2295,5.2295,0,19.3359,11.8652,idle
TEL,110828,RUNNING,1.4708,2.2900,8.2125,6.4302,0.00,0,0.0000,21,1,0,6.4302,6.4302,0,19.2480,11.8652,idle
TEL,110928,RUNNING,0.5197,1.3081,8.6625,16.0270,120.00,0,0.0000,1,1,0,16.0270,16.0270,0,19.8633,11.8652,idle
TEL,111028,RUNNING,-0.6997,0.4819,9.3375,8.3968,0.00,0,0.0000,21,1,0,8.3968,8.3968,0,20.3027,11.8652,idle
TEL,111128,RUNNING,-1.4939,-0.4793,9.3375,9.4645,0.00,0,0.0000,34,1,0,9.4645,9.4645,0,20.3027,11.8652,idle
TEL,111228,RUNNING,-2.1994,-0.9945,10.1250,10.0223,107.41,0,0.0000,54,1,0,10.0223,10.0223,0,20.9180,11.8652,idle
TEL,111328,RUNNING,-2.1987,-0.9942,10.2375,10.0817,0.00,0,0.0000,154,1,3,10.0817,10.0817,0,21.4453,11.8652,idle
TEL,111428,RUNNING,-2.1987,-0.9942,10.2375,10.0984,0.00,0,0.0000,254,1,5,10.0984,10.0984,0,21.4453,11.8652,idle
TEL,111528,RUNNING,-2.1987,-0.9942,10.2375,10.1051,0.00,0,0.0000,354,0,8,10.1051,10.1051,0,21.4453,11.8652,idle
TEL,111628,RUNNING,-5.1376,-3.1061,11.0250,34.4322,360.00,0,0.0000,13,1,0,34.4322,34.4322,0,21.9727,11.8652,idle
TEL,111728,RUNNING,-7.9715,-5.2616,14.5125,14.5189,240.00,0,0.0000,33,1,0,14.5189,14.5189,0,25.4004,11.8652,idle
TEL,111828,RUNNING,-8.3410,-7.0768,17.7750,30.3331,360.00,0,0.0000,13,1,0,30.3331,30.3331,0,28.7402,11.8652,idle
TEL,111928,RUNNING,-8.8507,-7.8697,21.1500,17.1108,240.00,0,0.0000,33,1,0,17.1108,17.1108,0,32.0801,11.8652,idle
TEL,112028,RUNNING,-9.6409,-8.8502,24.4125,27.0252,360.00,0,0.0000,13,1,0,27.0252,27.0252,0,35.4199,11.8652,idle
TEL,112128,RUNNING,-9.5261,-9.1433,25.8750,20.3214,-240.00,0,0.0000,32,1,0,20.3214,20.3214,0,37.3535,11.8652,idle
TEL,112228,RUNNING,-9.7495,-9.6454,22.0500,22.7110,-119.61,0,0.0000,13,1,0,22.7110,22.7110,0,33.7500,11.8652,idle
TEL,112328,RUNNING,-9.8029,-9.7516,21.2625,20.5119,0.00,0,0.0000,33,1,0,20.5119,20.5119,0,32.5195,11.8652,idle
TEL,112428,RUNNING,-9.8178,-9.8002,21.0375,21.2981,120.00,0,0.0000,14,1,0,21.2981,21.2981,0,32.4316,11.8652,idle
TEL,112528,RUNNING,-9.8029,-9.7943,21.2625,21.2655,0.00,0,0.0000,34,1,0,21.2655,21.2655,0,32.6074,11.8652,idle
TEL,112628,RUNNING,-9.9155,-9.8500,21.4875,22.2046,120.00,0,0.0000,13,1,0,22.2046,22.2046,0,32.8711,11.8652,idle
TEL,112728,RUNNING,-10.9401,-10.1528,22.2750,21.5913,0.00,0,0.0000,32,1,0,21.5913,21.5913,0,33.4863,11.8652,idle
TEL,112828,RUNNING,-9.8450,-10.2244,22.5000,18.1435,-120.00,0,0.0000,13,1,0,18.1435,18.1435,0,33.8379,11.8652,idle
TEL,112928,RUNNING,-10.9135,-10.5718,22.6125,22.3913,0.00,0,0.0000,33,1,0,22.3913,22.3913,0,33.7500,11.8652,idle
TEL,113028,RUNNING,-10.8775,-10.8829,23.0625,23.3608,120.00,0,0.0000,53,1,1,23.3608,23.3608,0,34.3652,11.8652,idle
TEL,113128,RUNNING,-11.2688,-10.8193,23.2875,23.0100,0.00,0,0.0000,33,1,0,23.0100,23.0100,0,34.4531,11.8652,idle
TEL,113228,RUNNING,-8.7472,-9.6865,22.8375,12.1782,-120.00,0,0.0000,13,1,0,12.1782,12.1782,0,34.1895,11.8652,idle
TEL,113328,RUNNING,-8.1705,-8.9799,22.1625,22.0949,0.00,0,0.0000,33,1,0,22.0949,22.0949,0,33.7500,11.8652,idle
TEL,113428,RUNNING,-6.1810,-7.5328,20.5875,6.0328,-275.35,0,0.0000,12,1,0,6.0328,6.0328,0,32.1680,11.8652,idle
TEL,113528,RUNNING,-5.7494,-6.7712,18.0000,20.1701,-155.35,0,0.0000,33,1,0,20.1701,20.1701,0,29.7070,11.8652,idle
TEL,113628,RUNNING,-4.0820,-5.4689,15.7500,3.3511,-275.35,0,0.0000,13,1,0,3.3511,3.3511,0,27.1582,11.8652,idle
TEL,113728,RUNNING,-3.3979,-4.4656,13.2750,17.3600,-155.35,0,0.0000,33,1,0,17.3600,17.3600,0,24.7852,11.8652,idle
TEL,113828,RUNNING,-2.2538,-3.2430,10.9125,5.1925,-275.35,0,0.0000,13,1,0,5.1925,5.1925,0,22.4121,11.8652,idle
TEL,113928,RUNNING,-0.5961,-2.0375,8.4375,14.5440,-155.35,0,0.0000,33,1,0,14.5440,14.5440,0,19.9512,11.8652,idle
TEL,114028,RUNNING,-0.4873,-1.5767,7.2000,13.9551,204.65,0,0.0000,93,1,1,13.9551,13.9551,0,18.2812,11.8652,idle
TEL,114128,RUNNING,-0.4806,-1.5549,11.9250,13.7772,479.48,0,0.0000,193,1,4,13.7772,13.7772,0,22.5000,11.8652,idle
TEL,114228,RUNNING,-0.4753,-1.5377,14.6250,13.9832,-120.52,0,0.0000,293,1,6,13.9832,13.9832,0,25.8398,11.8652,idle
TEL,114328,RUNNING,2.3266,-0.3816,13.9500,12.7044,-360.52,0,0.0000,34,1,0,12.7044,12.7044,0,25.4883,11.8652,idle
TEL,114428,RUNNING,5.3808,2.9635,9.3375,-10.9125,-480.52,0,0.0000,13,1,0,-17.4435,-10.9125,1,20.9180,11.8652,idle
TEL,114528,RUNNING,6.9316,4.6998,4.5000,6.7364,-360.52,0,0.0000,33,1,0,6.7364,6.7364,0,16.1719,11.8652,idle
TEL,114628,RUNNING,8.4531,7.1566,-0.1125,-9.9846,-480.52,0,0.0000,11,1,0,-9.9846,-9.9846,0,11.3379,11.8652,idle
TEL,114728,RUNNING,8.4421,7.1473,-2.9250,3.9803,119.48,0,0.0000,111,1,2,3.9803,3.9803,0,8.0859,11.8652,idle
TEL,114828,RUNNING,8.4518,7.1555,1.0125,3.8755,552.62,0,0.0000,211,1,4,3.8755,3.8755,0,11.3379,11.8652,idle
TEL,114928,RUNNING,8.4257,7.1335,4.6125,3.9083,0.00,0,0.0000,311,0,7,3.9083,3.9083,0,15.5566,11.8652,idle
TEL,115028,RUNNING,8.4257,7.1335,4.6125,3.9083,0.00,0,0.0000,411,0,9,3.9083,3.9083,0,15.6445,11.8652,idle
TEL,115128,RUNNING,5.4318,6.6197,5.0625,4.4235,72.62,0,0.0000,23,1,0,4.4235,4.4235,0,15.8203,11.8652,idle
TEL,115228,RUNNING,5.4190,5.8254,6.4125,9.5785,192.62,0,0.0000,2,1,0,9.5785,9.5785,0,17.3145,11.8652,idle
TEL,115328,RUNNING,5.4060,5.6046,7.5375,5.2556,-120.00,0,0.0000,22,1,0,5.2556,5.2556,0,18.6328,11.8652,idle
TEL,115428,RUNNING,5.0327,5.3380,5.1750,8.7258,0.00,0,0.0000,2,1,0,8.7258,8.7258,0,16.3477,11.8652,idle
TEL,115528,RUNNING,3.8610,4.7925,6.6375,6.0985,120.00,0,0.0000,23,1,0,6.0985,6.0985,0,17.4023,11.8652,idle
TEL,115628,RUNNING,3.4368,3.9629,8.5500,12.6519,240.00,0,0.0000,2,1,0,12.6519,12.6519,0,19.5117,11.8652,idle
TEL,115728,RUNNING,2.9433,3.4731,10.6875,7.5006,120.00,0,0.0000,22,1,0,7.5006,7.5006,0,21.6211,11.8652,idle
TEL,115828,RUNNING,0.9816,2.1917,12.6000,21.9536,240.00,0,0.0000,2,1,0,21.9536,21.9536,0,23.5547,11.8652,idle
TEL,115928,RUNNING,0.7074,1.4566,14.7375,9.6281,120.00,0,0.0000,21,1,0,9.6281,9.6281,0,25.6641,11.8652,idle
TEL,116028,RUNNING,0.1936,0.7359,15.6375,16.1837,0.00,0,0.0000,1,1,0,16.1837,16.1837,0,26.9824,11.8652,idle
TEL,116128,RUNNING,-0.8168,0.0699,15.1875,11.0717,-120.00,0,0.0000,21,1,0,11.0717,11.0717,0,26.5430,11.8652,idle
TEL,116228,RUNNING,-1.4842,-0.8827,14.4000,18.6938,0.00,0,0.0000,2,1,0,18.6938,18.6938,0,25.8398,11.8652,idle
TEL,116328,RUNNING,-2.0207,-1.3942,13.8375,12.7478,-120.00,0,0.0000,21,1,0,12.7478,12.7478,0,25.0488,11.8652,idle
TEL,116428,RUNNING,-2.0255,-1.8340,13.2750,15.3495,120.00,0,0.0000,1,1,0,15.3495,15.3495,0,24.3457,11.8652,idle
TEL,116528,RUNNING,-2.3526,-2.0260,13.9500,13.4704,0.00,0,0.0000,21,1,0,13.4704,13.4704,0,24.7852,11.8652,idle
TEL,116628,RUNNING,-2.3480,-2.2362,14.4000,15.0060,120.00,0,0.0000,1,1,0,15.0060,15.0060,0,25.4004,11.8652,idle
TEL,116728,RUNNING,-2.3480,-2.2932,14.4000,13.8956,-120.00,0,0.0000,21,1,0,13.8956,13.8956,0,25.4883,11.8652,idle
TEL,116828,RUNNING,-1.7640,-2.0053,12.4875,11.0608,-240.00,0,0.0000,2,1,0,11.0608,11.0608,0,23.7305,11.8652,idle
TEL,116928,RUNNING,-1.7655,-1.8838,12.2625,13.4433,283.10,0,0.0000,21,1,0,13.4433,13.4433,0,23.1152,11.8652,idle
TEL,117028,RUNNING,-0.8901,-1.4102,13.3875,7.3557,-120.00,0,0.0000,1,1,0,7.3557,7.3557,0,24.3457,11.8652,idle
TEL,117128,RUNNING,-0.2902,-0.9253,12.7125,12.4929,0.00,0,0.0000,21,1,0,12.4929,12.4929,0,23.9062,11.8652,idle
TEL,117228,RUNNING,0.7182,0.0166,10.9125,3.8182,-318.68,0,0.0000,1,1,0,3.8182,3.8182,0,22.1484,11.8652,idle
TEL,117328,RUNNING,1.1323,0.5571,7.8750,10.7803,-198.68,0,0.0000,21,1,0,10.7803,10.7803,0,19.1602,11.8652,idle
TEL,117428,RUNNING,2.2303,1.3509,5.5125,0.3457,-210.86,0,0.0000,1,1,0,0.3457,0.3457,0,16.5234,11.8652,idle
TEL,117528,RUNNING,2.5782,1.9172,3.7125,9.2030,-90.86,0,0.0000,22,1,0,9.2030,9.2030,0,14.9414,11.8652,idle
TEL,117628,RUNNING,3.4730,2.8357,2.1375,1.2301,-210.86,0,0.0000,1,1,0,1.2301,1.2301,0,13.0957,11.8652,idle
TEL,117728,RUNNING,4.1430,3.4352,0.3375,7.4194,-90.86,0,0.0000,21,1,0,7.4194,7.4194,0,11.4258,11.8652,idle
TEL,117828,RUNNING,4.8448,4.1630,1.9125,-0.8173,259.43,0,0.0000,1,1,0,-0.8173,-0.8173,0,12.3047,11.8652,idle
TEL,117928,RUNNING,5.7638,4.8672,5.4000,5.8015,206.96,0,0.0000,21,1,0,5.8015,5.8015,0,15.9082,11.8652,idle
TEL,118028,RUNNING,6.1269,5.6957,5.0625,-0.1561,-393.04,0,0.0000,1,1,0,-0.1561,-0.1561,0,16.1719,11.8652,idle
TEL,118128,RUNNING,6.1482,5.9362,1.6875,4.2512,-33.04,0,0.0000,22,1,0,4.2512,4.2512,0,12.6562,11.8652,idle
TEL,118228,RUNNING,6.2805,6.0860,2.8125,1.9545,86.96,0,0.0000,1,1,0,1.9545,1.9545,0,13.3594,11.8652,idle
TEL,118328,RUNNING,6.2757,6.1804,3.6000,3.7606,0.00,0,0.0000,21,1,0,3.7606,3.7606,0,14.5898,11.8652,idle
TEL,118428,RUNNING,5.8634,6.0219,3.8250,5.5952,120.00,0,0.0000,1,1,0,5.5952,5.5952,0,14.6777,11.8652,idle
TEL,118528,RUNNING,6.2072,6.1171,3.6000,3.6263,0.00,0,0.0000,21,1,0,3.6263,3.6263,0,14.6777,11.8652,idle
TEL,118628,RUNNING,6.2786,6.1865,3.1500,3.4837,120.00,0,0.0000,41,1,0,3.4837,3.4837,0,14.0625,11.8652,idle
TEL,118728,RUNNING,5.3856,5.8376,3.6000,8.6778,120.00,0,0.0000,14,1,0,8.6778,8.6778,0,14.4141,11.8652,idle
TEL,118828,RUNNING,4.6885,5.1275,5.5125,9.3191,240.00,0,0.0000,1,1,0,9.3191,9.3191,0,16.0840,11.8652,idle
TEL,118928,RUNNING,3.9895,4.6227,7.5375,5.0867,120.00,0,0.0000,21,1,0,5.0867,5.0867,0,18.1934,11.8652,idle
TEL,119028,RUNNING,3.5636,3.9531,9.4500,9.9769,237.06,0,0.0000,1,1,0,9.9769,9.9769,0,20.1270,11.8652,idle
TEL,119128,RUNNING,3.5636,3.7545,9.4500,5.6832,-362.94,0,0.0000,20,1,0,5.6832,5.6832,0,20.5664,11.8652,idle
TEL,119228,RUNNING,1.8878,2.8467,5.8500,6.7482,-2.94,0,0.0000,33,1,0,6.7482,6.7482,0,16.8750,11.8652,idle
TEL,119328,RUNNING,1.4724,2.0613,7.7625,14.0848,357.06,0,0.0000,13,1,0,14.0848,14.0848,0,18.4570,11.8652,idle
TEL,119429,RUNNING,0.6488,1.2277,11.8125,14.9296,477.06,0,0.0000,1,1,0,14.9296,14.9296,0,22.4121,11.8652,idle
TEL,119529,RUNNING,0.2427,0.7908,14.9625,9.0486,109.33,0,0.0000,21,1,0,9.0486,9.0486,0,25.7520,11.8652,idle
TEL,119629,RUNNING,0.1108,0.4602,13.7250,9.3297,-490.67,0,0.0000,40,1,0,9.3297,9.3297,0,25.1367,11.8652,idle
TEL,119729,RUNNING,-0.1583,0.1389,9.2250,12.9367,-130.67,0,0.0000,13,1,0,12.9367,12.9367,0,20.4785,11.8652,idle
TEL,119829,RUNNING,-0.6976,-0.2029,10.3500,10.0996,229.33,0,0.0000,33,1,0,10.0996,10.0996,0,20.8301,11.8652,idle
TEL,119929,RUNNING,-1.0898,-0.7848,13.5000,14.0472,241.61,0,0.0000,13,1,0,14.0472,14.0472,0,24.1699,11.8652,idle
TEL,120029,RUNNING,-1.0893,-0.9847,13.6125,12.2088,-358.39,0,0.0000,1,1,0,12.2088,12.2088,0,25.0488,11.8652,idle
TEL,120129,RUNNING,-1.1696,-1.0705,10.4625,12.2243,36.39,0,0.0000,12,1,0,12.2243,12.2243,0,21.7090,11.8652,idle
TEL,120229,RUNNING,-1.1637,-1.1154,11.9250,11.1879,-83.61,0,0.0000,33,1,0,11.1879,11.1879,0,22.8516,11.8652,idle
TEL,120329,RUNNING,-0.6968,-0.9964,10.6875,7.8564,-227.97,0,0.0000,13,1,0,7.8564,7.8564,0,21.8848,11.8652,idle
TEL,120429,RUNNING,-0.2263,-0.6351,8.6625,10.7107,-107.97,0,0.0000,33,1,0,10.7107,10.7107,0,19.9512,11.8652,idle
TEL,120529,RUNNING,0.1813,-0.1597,6.9750,6.4671,-227.97,0,0.0000,13,1,0,6.4671,6.4671,0,18.1055,11.8652,idle
TEL,120629,RUNNING,0.2494,0.0490,6.9750,9.9291,372.03,0,0.0000,33,1,0,9.9291,9.9291,0,17.5781,11.8652,idle
TEL,120729,RUNNING,0.3824,0.2339,10.1250,9.7231,12.03,0,0.0000,21,1,0,9.7231,9.7231,0,20.8301,11.8652,idle
TEL,120829,RUNNING,1.8771,1.0297,8.4375,8.7621,-197.00,0,0.0000,33,1,0,8.7621,8.7621,0,19.6875,11.8652,idle
TEL,120929,RUNNING,1.6837,1.5906,5.6250,7.1124,-77.00,0,0.0000,13,1,0,7.1124,7.1124,0,16.6992,11.8652,idle
TEL,121029,RUNNING,2.7776,2.0960,5.2875,7.5444,43.00,0,0.0000,33,1,0,7.5444,7.5444,0,16.2598,11.8652,idle
TEL,121129,RUNNING,3.9388,3.0031,5.2875,-3.6608,-77.00,0,0.0000,13,1,0,-3.6608,-3.6608,0,16.0840,11.8652,idle
TEL,121229,RUNNING,4.0079,3.5158,5.1750,5.8414,43.00,0,0.0000,33,1,0,5.8414,5.8414,0,16.1719,11.8652,idle
TEL,121329,RUNNING,4.4215,3.9797,4.6125,5.2042,-77.00,0,0.0000,21,1,0,5.2042,5.2042,0,15.8203,11.8652,idle
TEL,121430,RUNNING,5.0385,4.5203,4.3875,4.5726,0.00,0,0.0000,32,1,0,4.5726,4.5726,0,15.3809,11.8652,idle
TEL,121530,RUNNING,5.0344,4.6444,4.9500,0.1246,-199.01,0,0.0000,13,1,0,0.1246,0.1246,0,15.9082,11.8652,idle
TEL,121630,RUNNING,5.1820,4.8947,3.2625,3.9532,-79.01,0,0.0000,33,1,0,3.9532,3.9532,0,14.4141,11.8652,idle
TEL,121730,RUNNING,5.0481,5.0454,2.5875,3.7506,240.00,0,0.0000,13,1,0,3.7506,3.7506,0,13.1836,11.8652,idle
TEL,121830,RUNNING,4.6867,4.8526,5.7375,4.0072,140.21,0,0.0000,33,1,0,4.0072,4.0072,0,16.2598,11.8652,idle
TEL,121930,RUNNING,5.1728,5.0657,4.7250,2.2493,-459.79,0,0.0000,12,1,0,2.2493,2.2493,0,15.9961,11.8652,idle
TEL,122030,RUNNING,5.1868,5.1342,2.1375,3.4046,140.21,0,0.0000,31,1,0,3.4046,3.4046,0,12.9199,11.8652,idle
TEL,122130,RUNNING,4.8994,4.9723,4.7250,4.3892,106.01,0,0.0000,12,1,0,4.3892,4.3892,0,15.2930,11.8652,idle
TEL,122230,RUNNING,5.3184,5.1529,3.3750,3.0756,-253.99,0,0.0000,31,1,0,3.0756,3.0756,0,14.6777,11.8652,idle
TEL,122330,RUNNING,4.0871,4.5741,3.0375,9.1217,346.01,0,0.0000,11,1,0,9.1217,9.1217,0,13.5352,11.8652,idle
TEL,122430,RUNNING,4.0681,4.3057,6.3000,4.1434,218.65,0,0.0000,31,1,0,4.1434,4.1434,0,16.7871,11.8652,idle
TEL,122530,RUNNING,3.1586,3.6110,9.3375,9.7833,218.05,0,0.0000,11,1,0,9.7833,9.7833,0,19.9512,11.8652,idle
TEL,122630,RUNNING,2.2829,2.9899,11.2500,5.4851,98.05,0,0.0000,31,1,0,5.4851,5.4851,0,21.9727,11.8652,idle
TEL,122730,RUNNING,1.7967,2.2768,10.8000,11.2897,-21.95,0,0.0000,10,1,0,11.2897,11.2897,0,22.0605,11.8652,idle
TEL,122830,RUNNING,1.0807,1.8272,8.5500,6.5291,-369.09,0,0.0000,31,1,0,6.5291,6.5291,0,19.7754,11.8652,idle
TEL,122930,RUNNING,0.2496,1.0182,6.6375,15.8243,185.56,0,0.0000,11,1,0,15.8243,15.8243,0,17.5781,11.8652,idle
TEL,123030,RUNNING,0.2478,0.6216,9.5625,7.9547,237.11,0,0.0000,31,1,0,7.9547,7.9547,0,20.0391,11.8652,idle
TEL,123130,RUNNING,-0.2908,0.0991,12.2625,12.7425,226.28,0,0.0000,10,1,0,12.7425,12.7425,0,22.9395,11.8652,idle
TEL,123230,RUNNING,-0.7593,-0.2684,12.4875,8.9174,-133.72,0,0.0000,30,1,0,8.9174,8.9174,0,23.4668,11.8652,idle
TEL,123330,RUNNING,-1.0307,-0.7695,11.5875,12.3381,-13.72,0,0.0000,10,1,0,12.3381,12.3381,0,22.7637,11.8652,idle
TEL,123430,RUNNING,-1.3030,-0.9861,10.8000,9.7595,-133.72,0,0.0000,31,1,0,9.7595,9.7595,0,21.8848,11.8652,idle
TEL,123530,RUNNING,-1.4409,-1.2857,10.1250,11.7919,120.00,0,0.0000,11,1,0,11.7919,11.7919,0,21.1816,11.8652,idle
TEL,123630,RUNNING,-1.0361,-1.1586,10.0125,10.0052,0.00,0,0.0000,31,1,0,10.0052,10.0052,0,20.9180,11.8652,idle
TEL,123730,RUNNING,-0.8346,-0.9661,9.5625,8.3584,-120.00,0,0.0000,10,1,0,8.3584,8.3584,0,20.3027,11.8652,idle
TEL,123830,RUNNING,-0.4295,-0.7645,8.8875,9.5855,0.00,0,0.0000,30,1,0,9.5855,9.5855,0,19.8633,11.8652,idle
TEL,123930,RUNNING,0.3164,-0.1131,8.4375,4.1871,-120.00,0,0.0000,10,1,0,4.1871,4.1871,0,19.2480,11.8652,idle
TEL,124030,RUNNING,0.5210,0.1673,7.6500,8.5278,0.00,0,0.0000,30,1,0,8.5278,8.5278,0,18.6328,11.8652,idle
TEL,124130,RUNNING,0.9979,0.5959,7.2000,3.6797,-120.00,0,0.0000,11,1,0,3.6797,3.6797,0,18.0176,11.8652,idle
TEL,124230,RUNNING,1.6127,0.9861,6.5250,7.5772,0.00,0,0.0000,31,1,0,7.5772,7.5772,0,17.4902,11.8652,idle
TEL,124331,RUNNING,1.8188,1.5034,6.0750,3.5628,-120.00,0,0.0000,10,1,0,3.5628,3.5628,0,16.6992,11.8652,idle
TEL,124431,RUNNING,2.2307,1.7891,5.4000,6.6178,0.00,0,0.0000,30,1,0,6.6178,6.6178,0,16.2598,11.8652,idle
TEL,124531,RUNNING,2.8395,2.1846,6.5250,-0.9474,-120.00,0,0.0000,10,1,0,-0.9474,-0.9474,0,17.0508,11.8652,idle
TEL,124631,RUNNING,3.5314,2.8746,4.8375,5.2457,-212.57,0,0.0000,30,1,0,5.2457,5.2457,0,15.9082,11.8652,idle
TEL,124731,RUNNING,3.5357,3.1190,3.9375,0.5032,-92.57,0,0.0000,11,1,0,0.5032,0.5032,0,14.5898,11.8652,idle
TEL,124831,RUNNING,3.5379,3.3336,3.3750,4.6972,27.43,0,0.0000,30,1,0,4.6972,4.6972,0,14.2383,11.8652,idle
TEL,124931,RUNNING,3.5302,3.2695,5.0625,1.9611,57.53,0,0.0000,10,1,0,1.9611,1.9611,0,15.4687,11.8652,idle
TEL,125031,RUNNING,2.2327,2.9422,4.8375,5.0398,0.00,0,0.0000,30,1,0,5.0398,5.0398,0,15.2930,11.8652,idle
TEL,125131,RUNNING,1.9531,2.3607,6.6375,10.1423,306.90,0,0.0000,10,1,0,10.1423,10.1423,0,16.6992,11.8652,idle
TEL,125231,RUNNING,1.8743,2.1061,9.0000,5.9293,-53.10,0,0.0000,30,1,0,5.9293,5.9293,0,19.3359,11.8652,idle
TEL,125331,RUNNING,1.3404,1.8022,6.4125,11.1351,-262.20,0,0.0000,10,1,0,11.1351,11.1351,0,17.3145,11.8652,idle
TEL,125431,RUNNING,0.6591,1.3630,6.0750,6.7167,261.63,0,0.0000,30,1,0,6.7167,6.7167,0,16.1719,11.8652,idle
TEL,125531,RUNNING,0.5184,0.8141,9.5625,10.5367,322.35,0,0.0000,11,1,0,10.5367,10.5367,0,19.7754,11.8652,idle
TEL,125631,RUNNING,-0.2920,0.4178,11.0250,7.7292,-37.65,0,0.0000,31,1,0,7.7292,7.7292,0,21.4453,11.8652,idle
TEL,125731,RUNNING,-0.6287,-0.2203,11.0250,12.8741,82.35,0,0.0000,11,1,0,12.8741,12.8741,0,21.6211,11.8652,idle
TEL,125831,RUNNING,-0.6290,-0.4146,10.9125,8.6670,-120.00,0,0.0000,31,1,0,8.6670,8.6670,0,21.5332,11.8652,idle
TEL,125931,RUNNING,-0.7008,-0.5794,8.7750,10.1954,-89.67,0,0.0000,11,1,0,10.1954,10.1954,0,19.5117,11.8652,idle
TEL,126031,RUNNING,-1.0385,-0.7990,9.2250,9.1012,30.33,0,0.0000,31,1,0,9.1012,9.1012,0,19.5117,11.8652,idle
TEL,126131,RUNNING,-0.9679,-0.9332,10.2375,9.6543,-89.67,0,0.0000,12,1,0,9.6543,9.6543,0,20.6543,11.8652,idle
TEL,126231,RUNNING,-1.0389,-0.9744,9.1125,9.3567,81.14,0,0.0000,32,1,0,9.3567,9.3567,0,19.5996,11.8652,idle
TEL,126331,RUNNING,-0.9696,-0.9948,9.6750,9.1319,-240.00,0,0.0000,11,1,0,9.1319,9.1319,0,20.2148,11.8652,idle
TEL,126431,RUNNING,-0.8381,-0.9171,7.9875,9.3173,120.00,0,0.0000,31,1,0,9.3173,9.3173,0,18.5449,11.8652,idle
TEL,126531,RUNNING,0.1806,-0.2197,8.5500,4.1975,-120.00,0,0.0000,11,1,0,4.1975,4.1975,0,18.9844,11.8652,idle
TEL,126631,RUNNING,0.5207,0.1577,7.8750,8.1130,0.00,0,0.0000,31,1,0,8.1130,8.1130,0,18.5449,11.8652,idle
TEL,126731,RUNNING,1.0657,0.5600,7.3125,2.1685,-120.00,0,0.0000,3,1,0,2.1685,2.1685,0,17.8418,11.8652,idle
TEL,126831,RUNNING,1.1320,0.7229,7.9875,7.4729,-44.46,0,0.0000,23,1,0,7.4729,7.4729,0,18.3691,11.8652,idle
TEL,126931,RUNNING,1.8882,1.3750,5.7375,1.1123,-349.77,0,0.0000,3,1,0,1.1123,1.1123,0,16.4355,11.8652,idle
TEL,127031,RUNNING,2.3722,1.6698,3.9375,6.3411,10.23,0,0.0000,23,1,0,6.3411,6.3411,0,14.5898,11.8652,idle
TEL,127131,RUNNING,2.7152,2.3467,3.7125,1.5652,-109.77,0,0.0000,2,1,0,1.5652,1.5652,0,14.1504,11.8652,idle
TEL,127232,RUNNING,2.6470,2.5000,3.6000,5.3568,250.23,0,0.0000,22,1,0,5.3568,5.3568,0,13.7988,11.8652,idle
TEL,127332,RUNNING,2.6405,2.5902,5.4000,4.6632,-109.77,0,0.0000,2,1,0,4.6632,4.6632,0,15.7324,11.8652,idle
TEL,127432,RUNNING,2.6414,2.5451,5.1750,5.1815,0.00,0,0.0000,23,1,0,5.1815,5.1815,0,15.7324,11.8652,idle
TEL,127532,RUNNING,1.7520,2.1036,5.6250,9.4774,120.00,0,0.0000,3,1,0,9.4774,9.4774,0,15.9961,11.8652,idle
TEL,127632,RUNNING,2.2972,2.0873,5.8500,5.6246,-155.07,0,0.0000,22,1,0,5.6246,5.6246,0,16.3477,11.8652,idle
TEL,127732,RUNNING,2.3018,2.2497,4.6125,4.8790,168.59,0,0.0000,2,1,0,4.8790,4.8790,0,14.9414,11.8652,idle
TEL,127832,RUNNING,2.4351,2.3428,5.5125,5.2595,-164.26,0,0.0000,22,1,0,5.2595,5.2595,0,15.9961,11.8652,idle
TEL,127932,RUNNING,1.9564,2.0585,5.7375,6.6947,195.74,0,0.0000,2,1,0,6.6947,6.6947,0,15.9961,11.8652,idle
TEL,128032,RUNNING,1.9522,1.7590,6.8625,5.8627,-164.26,0,0.0000,21,1,0,5.8627,5.8627,0,17.3145,11.8652,idle
TEL,128132,RUNNING,0.7956,1.2172,6.0750,11.0394,195.74,0,0.0000,2,1,0,11.0394,11.0394,0,16.4355,11.8652,idle
TEL,128232,RUNNING,0.5210,0.8602,7.6500,6.8599,75.74,0,0.0000,22,1,0,6.8599,6.8599,0,17.9297,11.8652,idle
TEL,128332,RUNNING,0.1126,0.5230,9.1125,11.6731,195.74,0,0.0000,2,1,0,11.6731,11.6731,0,19.4238,11.8652,idle
TEL,128432,RUNNING,-0.0228,0.2437,10.3500,7.5190,-120.00,0,0.0000,22,1,0,7.5190,7.5190,0,20.7422,11.8652,idle
TEL,128532,RUNNING,-0.7667,-0.2211,9.6750,13.9596,0.00,0,0.0000,1,1,0,13.9596,13.9596,0,20.3027,11.8652,idle
TEL,128632,RUNNING,-0.3626,-0.2938,7.9875,8.1363,-56.89,0,0.0000,21,1,0,8.1363,8.1363,0,18.7207,11.8652,idle
TEL,128732,RUNNING,-0.3619,-0.3383,8.7750,8.4340,-56.16,0,0.0000,2,1,0,8.4340,8.4340,0,19.1602,11.8652,idle
TEL,128832,RUNNING,-0.4980,-0.4200,8.3250,8.2759,0.00,0,0.0000,22,1,0,8.2759,8.2759,0,18.7207,11.8652,idle
TEL,128932,RUNNING,0.1130,-0.1399,7.8750,5.2283,-120.00,0,0.0000,2,1,0,5.2283,5.2283,0,18.4570,11.8652,idle
TEL,129032,RUNNING,0.6576,0.1524,7.2000,7.6408,0.00,0,0.0000,22,1,0,7.6408,7.6408,0,17.9297,11.8652,idle
TEL,129132,RUNNING,0.6584,0.5250,6.6375,5.7685,-120.00,0,0.0000,1,1,0,5.7685,5.7685,0,17.0508,11.8652,idle
TEL,129232,RUNNING,0.9322,0.7330,5.9625,6.9632,0.00,0,0.0000,21,1,0,6.9632,6.9632,0,16.5234,11.8652,idle
TEL,129332,RUNNING,1.8206,1.4621,5.5125,2.2406,-120.00,0,0.0000,1,1,0,2.2406,2.2406,0,15.9961,11.8652,idle
TEL,129432,RUNNING,1.8909,1.6672,4.8375,5.8579,0.00,0,0.0000,22,1,0,5.8579,5.8579,0,15.4687,11.8652,idle
TEL,129532,RUNNING,1.8213,1.7680,5.2875,5.1676,0.00,0,0.0000,2,1,0,5.1676,5.1676,0,15.5566,11.8652,idle
TEL,129632,RUNNING,1.8203,1.8085,5.6250,5.6536,0.00,0,0.0000,21,1,0,5.6536,5.6536,0,15.9961,11.8652,idle
TEL,129732,RUNNING,1.8203,1.8162,5.6250,5.5707,0.00,0,0.0000,1,1,0,5.5707,5.5707,0,15.9961,11.8652,idle
TEL,129832,RUNNING,4.0125,2.7513,4.3875,4.4670,-169.06,0,0.0000,21,1,0,4.4670,4.4670,0,15.1172,11.8652,idle
TEL,129932,RUNNING,4.0220,3.5884,1.9125,-1.1976,-289.06,0,0.0000,1,1,0,-1.1976,-1.1976,0,12.4805,11.8652,idle
TEL,130032,RUNNING,3.2004,3.3912,1.1250,3.6967,310.94,0,0.0000,22,1,0,3.6967,3.6967,0,11.3379,11.8652,idle
TEL,130132,RUNNING,4.0815,3.6248,4.2750,-1.5621,-37.33,0,0.0000,2,1,0,-1.5621,-1.5621,0,14.5020,11.8652,idle
TEL,130232,RUNNING,3.6768,3.7405,2.8125,3.1652,82.67,0,0.0000,21,1,0,3.1652,3.1652,0,13.1836,11.8652,idle
TEL,130332,RUNNING,3.1922,3.4285,4.2750,6.0545,202.67,0,0.0000,1,1,0,6.0545,6.0545,0,14.5020,11.8652,idle
TEL,130432,RUNNING,3.5362,3.4843,3.8250,3.2819,-240.69,0,0.0000,21,1,0,3.2819,3.2819,0,14.5020,11.8652,idle
TEL,130532,RUNNING,3.1972,3.3473,2.8125,5.0917,274.04,0,0.0000,1,1,0,5.0917,5.0917,0,13.0078,11.8652,idle
TEL,130632,RUNNING,2.6405,3.0819,5.4000,3.7660,154.04,0,0.0000,21,1,0,3.7660,3.7660,0,15.4687,11.8652,idle
TEL,130732,RUNNING,2.6339,2.7849,6.7500,5.5916,-205.96,0,0.0000,1,1,0,5.5916,5.5916,0,17.1387,11.8652,idle
TEL,130832,RUNNING,1.9621,2.5157,3.7125,4.1845,-109.10,0,0.0000,21,1,0,4.1845,4.1845,0,14.4141,11.8652,idle
TEL,130932,RUNNING,1.8228,2.0594,4.7250,7.3119,342.11,0,0.0000,1,1,0,7.3119,7.3119,0,14.8535,11.8652,idle
TEL,131032,RUNNING,0.9282,1.4761,7.9875,5.4006,222.11,0,0.0000,21,1,0,5.4006,5.4006,0,18.1055,11.8652,idle
TEL,131132,RUNNING,0.9233,1.0861,9.9000,7.5068,-137.89,0,0.0000,1,1,0,7.5068,7.5068,0,20.3027,11.8652,idle
TEL,131232,RUNNING,0.7270,0.9507,6.3000,8.2629,-278.36,0,0.0000,13,1,0,8.2629,8.2629,0,17.1387,11.8652,idle
TEL,131332,RUNNING,0.1135,0.6203,5.7375,11.7574,321.64,0,0.0000,1,1,0,11.7574,11.7574,0,15.9082,11.8652,idle
TEL,131432,RUNNING,-0.0907,0.2557,8.7750,6.6582,201.64,0,0.0000,21,1,0,6.6582,6.6582,0,18.8965,11.8652,idle
TEL,131532,RUNNING,0.1128,0.1619,8.5500,7.2729,-369.09,0,0.0000,1,1,0,7.2729,7.2729,0,19.4238,11.8652,idle
TEL,131632,RUNNING,-0.0912,0.0762,6.4125,6.8440,149.79,0,0.0000,21,1,0,6.8440,6.8440,0,16.7871,11.8652,idle
TEL,131732,RUNNING,-0.0909,-0.0092,7.7625,6.9393,-120.00,0,0.0000,33,1,0,6.9393,6.9393,0,18.1934,11.8652,idle
TEL,131832,RUNNING,0.2497,0.0822,6.3000,5.0185,-240.00,0,0.0000,13,1,0,5.0185,5.0185,0,16.9629,11.8652,idle
TEL,131932,RUNNING,0.1135,0.1515,5.7375,7.1687,120.00,0,0.0000,1,1,0,7.1687,7.1687,0,16.1719,11.8652,idle
TEL,132032,RUNNING,-0.2264,-0.0417,8.5500,6.9713,223.59,0,0.0000,21,1,0,6.9713,6.9713,0,18.7207,11.8652,idle
TEL,132132,RUNNING,0.9950,0.5097,8.4375,1.0734,-376.41,0,0.0000,1,1,0,1.0734,1.0734,0,19.2480,11.8652,idle
TEL,132232,RUNNING,1.0721,0.7843,3.8250,6.0020,-335.69,0,0.0000,21,1,0,6.0020,6.0020,0,14.7656,11.8652,idle
TEL,132332,RUNNING,1.0744,1.0195,0.5625,5.7458,24.31,0,0.0000,33,1,0,5.7458,5.7458,0,11.0742,11.8652,idle
TEL,132432,RUNNING,1.5523,1.3590,3.1500,3.2733,305.96,0,0.0000,13,1,0,3.2733,3.2733,0,13.0078,11.8652,idle
TEL,132532,RUNNING,1.5463,1.4519,5.9625,5.2231,-74.66,0,0.0000,33,1,0,5.2231,5.2231,0,16.1719,11.8652,idle
TEL,132632,RUNNING,1.9624,1.7689,3.6000,4.7942,-194.66,0,0.0000,21,1,0,4.7942,4.7942,0,14.4141,11.8652,idle
TEL,132732,RUNNING,1.9616,1.8665,3.9375,3.6923,165.34,0,0.0000,1,1,0,3.6923,3.6923,0,13.9746,11.8652,idle
TEL,132832,RUNNING,1.9602,1.9136,4.5000,4.5814,-54.09,0,0.0000,21,1,0,4.5814,4.5814,0,15.1172,11.8652,idle
TEL,132932,RUNNING,3.1270,2.4331,3.3750,3.9740,65.91,0,0.0000,40,1,0,3.9740,3.9740,0,13.7988,11.8652,idle
TEL,133032,RUNNING,3.1274,3.0461,3.2625,2.3604,-120.00,0,0.0000,13,1,0,2.3604,2.3604,0,13.7109,11.8652,idle
TEL,133132,RUNNING,3.1287,3.0888,2.8125,3.1422,120.00,0,0.0000,33,1,0,3.1422,3.1422,0,13.1836,11.8652,idle
TEL,133232,RUNNING,3.5413,3.2542,2.2500,2.8671,-120.00,0,0.0000,21,1,0,2.8671,2.8671,0,12.9199,11.8652,idle
TEL,133332,RUNNING,3.1281,3.2032,3.0375,2.9298,43.04,0,0.0000,41,1,0,2.9298,2.9298,0,13.0957,11.8652,idle
TEL,133432,RUNNING,2.2319,2.5623,5.0625,3.6347,163.04,0,0.0000,21,1,0,3.6347,3.6347,0,15.1172,11.8652,idle
TEL,133532,RUNNING,1.8176,2.1796,6.4125,4.0085,43.04,0,0.0000,33,1,0,4.0085,4.0085,0,16.4355,11.8652,idle
TEL,133632,RUNNING,2.2948,2.2853,6.4125,3.6613,-316.96,0,0.0000,13,1,0,3.6613,3.6613,0,17.0508,11.8652,idle
TEL,133732,RUNNING,1.6204,1.9945,3.3750,4.0962,43.04,0,0.0000,33,1,0,4.0962,4.0962,0,13.9746,11.8652,idle
TEL,133832,RUNNING,1.6154,1.7433,5.6250,5.7894,115.94,0,0.0000,13,1,0,5.7894,5.7894,0,15.7324,11.8652,idle
TEL,133932,RUNNING,1.1390,1.5367,4.8375,4.5449,-176.66,0,0.0000,32,1,0,4.5449,4.5449,0,15.4687,11.8652,idle
TEL,134032,RUNNING,0.5237,1.0619,4.9500,10.9271,183.34,0,0.0000,13,1,0,10.9271,10.9271,0,15.2051,11.8652,idle
TEL,134132,RUNNING,0.4542,0.7507,6.4125,5.4250,63.34,0,0.0000,33,1,0,5.4250,5.4250,0,16.5234,11.8652,idle
TEL,134232,RUNNING,1.2033,0.9334,6.7500,2.2516,-296.66,0,0.0000,13,1,0,2.2516,2.2516,0,17.4023,11.8652,idle
TEL,134332,RUNNING,1.0043,1.0152,3.1500,5.0731,-90.53,0,0.0000,33,1,0,5.0731,5.0731,0,13.7988,11.8652,idle
TEL,134432,RUNNING,1.0024,1.0062,4.7250,5.1452,231.32,0,0.0000,13,1,0,5.1452,5.1452,0,14.7656,11.8652,idle
TEL,134532,RUNNING,1.2077,1.0803,4.6125,4.9542,-128.68,0,0.0000,32,1,0,4.9542,4.9542,0,15.3809,11.8652,idle
TEL,134632,RUNNING,1.4159,1.3016,2.7000,3.4613,9.82,0,0.0000,13,1,0,3.4613,3.4613,0,13.1836,11.8652,idle
TEL,134732,RUNNING,1.2067,1.2944,5.1750,4.7360,266.45,0,0.0000,33,1,0,4.7360,4.7360,0,15.2051,11.8652,idle
TEL,134832,RUNNING,1.4109,1.3707,5.5125,4.1214,-333.55,0,0.0000,13,1,0,4.1214,4.1214,0,16.1719,11.8652,idle
TEL,134932,RUNNING,1.4137,1.3940,4.1625,4.5352,120.00,0,0.0000,33,1,0,4.5352,4.5352,0,14.5898,11.8652,idle
TEL,135032,RUNNING,-0.0912,0.7792,6.0750,14.6677,240.00,0,0.0000,13,1,0,14.6677,14.6677,0,16.2598,11.8652,idle
TEL,135132,RUNNING,-0.0908,0.3337,8.2125,5.7117,120.00,0,0.0000,32,1,0,5.7117,5.7117,0,18.3691,11.8652,idle
TEL,135232,RUNNING,-0.0906,0.0547,9.0000,7.5862,-240.00,0,0.0000,11,1,0,7.5862,7.5862,0,19.5996,11.8652,idle
TEL,135332,RUNNING,0.1135,0.0419,5.6250,6.0240,-232.21,0,0.0000,31,1,0,6.0240,6.0240,0,16.3477,11.8652,idle
TEL,135432,RUNNING,0.5923,0.2901,4.6125,2.4659,-112.21,0,0.0000,11,1,0,2.4659,2.4659,0,15.1172,11.8652,idle
TEL,135532,RUNNING,1.3455,0.7710,4.0500,5.1876,7.79,0,0.0000,31,1,0,5.1876,5.1876,0,14.7656,11.8652,idle
TEL,135632,RUNNING,1.3460,1.1733,3.7125,2.8492,-112.21,0,0.0000,2,1,0,2.8492,2.8492,0,14.2383,11.8652,idle
TEL,135732,RUNNING,1.3462,1.2616,3.6000,4.6102,247.79,0,0.0000,22,1,0,4.6102,4.6102,0,13.8867,11.8652,idle
TEL,135832,RUNNING,2.4404,1.9453,4.0500,-1.5843,-313.06,0,0.0000,2,1,0,-1.5843,-1.5843,0,14.6777,11.8652,idle
TEL,135932,RUNNING,1.8284,2.0173,1.5750,3.6843,46.94,0,0.0000,22,1,0,3.6843,3.6843,0,12.0410,11.8652,idle
TEL,136032,RUNNING,1.8240,1.8886,4.2750,4.5430,169.06,0,0.0000,1,1,0,4.5430,4.5430,0,14.3262,11.8652,idle
TEL,136132,RUNNING,3.1267,2.4634,3.4875,3.0690,-211.28,0,0.0000,22,1,0,3.0690,3.0690,0,14.2383,11.8652,idle
TEL,136232,RUNNING,3.2009,2.9394,0.5625,-0.3093,-304.95,0,0.0000,2,1,0,-0.3093,-0.3093,0,11.1621,11.8652,idle
TEL,136332,RUNNING,3.6109,3.2812,-1.8000,2.1027,55.05,0,0.0000,22,1,0,2.1027,2.1027,0,8.6133,11.8652,idle
TEL,136432,RUNNING,3.6122,3.4991,0.9000,0.5783,287.79,0,0.0000,1,1,0,0.5783,0.5783,0,10.7227,11.8652,idle
TEL,136532,RUNNING,3.6113,3.5559,1.5750,1.6490,-72.21,0,0.0000,21,1,0,1.6490,1.6490,0,12.2168,11.8652,idle
TEL,136632,RUNNING,2.7886,3.2592,1.4625,7.0669,317.42,0,0.0000,1,1,0,7.0669,7.0669,0,11.5137,11.8652,idle
TEL,136732,RUNNING,2.1654,2.7113,4.5000,2.5814,197.42,0,0.0000,22,1,0,2.5814,2.5814,0,14.5020,11.8652,idle
TEL,136832,RUNNING,2.2276,2.3666,6.1875,4.3546,-162.58,0,0.0000,2,1,0,4.3546,4.3546,0,16.6113,11.8652,idle
TEL,136932,RUNNING,2.2380,2.3064,2.8125,2.8505,-185.03,0,0.0000,22,1,0,2.8505,2.8505,0,13.5352,11.8652,idle
TEL,137032,RUNNING,0.9358,1.5970,3.1500,10.8487,405.24,0,0.0000,1,1,0,10.8487,10.8487,0,13.1836,11.8652,idle
TEL,137132,RUNNING,1.4076,1.3960,6.7500,3.8865,45.24,0,0.0000,21,1,0,3.8865,3.8865,0,16.8750,11.8652,idle
TEL,137232,RUNNING,1.0024,1.2956,4.7250,7.0737,-314.76,0,0.0000,1,1,0,7.0737,7.0737,0,15.6445,11.8652,idle
TEL,137332,RUNNING,0.7983,1.0715,3.8250,4.1869,196.48,0,0.0000,21,1,0,4.1869,4.1869,0,13.9746,11.8652,idle
TEL,137432,RUNNING,0.0452,0.6638,6.0750,11.3409,204.68,0,0.0000,2,1,0,11.3409,11.3409,0,16.2598,11.8652,idle
TEL,137532,RUNNING,-0.0229,0.3267,7.7625,5.0003,84.68,0,0.0000,21,1,0,5.0003,5.0003,0,17.9297,11.8652,idle
TEL,137632,RUNNING,-0.4291,-0.1703,9.2250,8.3579,-35.32,0,0.0000,1,1,0,8.3579,8.3579,0,19.5117,11.8652,idle
TEL,137732,RUNNING,-0.4317,-0.3041,6.7500,5.7173,-331.90,0,0.0000,21,1,0,5.7173,5.7173,0,17.5781,11.8652,idle
TEL,137832,RUNNING,-0.5008,-0.4336,5.7375,6.5820,268.10,0,0.0000,1,1,0,6.5820,6.5820,0,15.9082,11.8652,idle
TEL,137932,RUNNING,-0.4323,-0.4328,6.0750,5.8742,-91.90,0,0.0000,21,1,0,5.8742,5.8742,0,16.7871,11.8652,idle
TEL,138032,RUNNING,0.1135,-0.2546,5.6250,1.6771,-120.00,0,0.0000,2,1,0,1.6771,1.6771,0,16.0840,11.8652,idle
TEL,138132,RUNNING,0.7287,0.2037,4.9500,5.1531,0.00,0,0.0000,21,1,0,5.1531,5.1531,0,15.6445,11.8652,idle
TEL,138232,RUNNING,1.0028,0.6311,4.5000,0.6341,-120.00,0,0.0000,1,1,0,0.6341,0.6341,0,15.0293,11.8652,idle
TEL,138332,RUNNING,1.5512,1.0719,3.8250,4.1479,0.00,0,0.0000,21,1,0,4.1479,4.1479,0,14.4141,11.8652,idle
TEL,138432,RUNNING,1.5520,1.4853,3.3750,2.9429,-120.00,0,0.0000,1,1,0,2.9429,2.9429,0,13.7988,11.8652,idle
TEL,138532,RUNNING,1.0035,1.3541,3.9375,3.8113,120.00,0,0.0000,21,1,0,3.8113,3.8113,0,14.0625,11.8652,idle
TEL,138632,RUNNING,1.8263,1.5367,3.1500,0.4067,-240.00,0,0.0000,2,1,0,0.4067,0.4067,0,13.7988,11.8652,idle
TEL,138732,RUNNING,2.3088,1.8451,1.1250,3.1762,-120.00,0,0.0000,21,1,0,3.1762,3.1762,0,11.7773,11.8652,idle
TEL,138832,RUNNING,1.5546,1.8474,0.2250,6.3255,240.00,0,0.0000,1,1,0,6.3255,6.3255,0,10.4590,11.8652,idle
TEL,138932,RUNNING,1.3449,1.5885,4.3875,3.4555,360.00,0,0.0000,21,1,0,3.4555,3.4555,0,14.3262,11.8652,idle
TEL,139032,RUNNING,0.0452,1.0073,5.9625,14.4650,0.00,0,0.0000,1,1,0,14.4650,14.4650,0,16.4355,11.8652,idle
TEL,139132,RUNNING,-0.0230,0.4822,5.5125,4.6219,-120.00,0,0.0000,20,1,0,4.6219,4.6219,0,15.9961,11.8652,idle
TEL,139232,RUNNING,-0.0914,0.1900,4.6125,4.9472,188.95,0,0.0000,33,1,0,4.9472,4.9472,0,14.9414,11.8652,idle
TEL,139332,RUNNING,-0.0911,0.0051,6.8625,5.1529,-30.05,0,0.0000,21,1,0,5.1529,5.1529,0,17.0508,11.8652,idle
TEL,139432,RUNNING,-0.0230,-0.0378,5.0625,5.0425,-59.85,0,0.0000,1,1,0,5.0425,5.0425,0,15.8203,11.8652,idle
TEL,139532,RUNNING,-0.0230,-0.0303,5.0625,5.1938,0.00,0,0.0000,21,1,0,5.1938,5.1938,0,15.4687,11.8652,idle
TEL,139632,RUNNING,0.3187,0.1488,4.8375,3.1479,-120.00,0,0.0000,1,1,0,3.1479,3.1479,0,15.2930,11.8652,idle
TEL,139732,RUNNING,0.3872,0.2560,4.6125,3.4461,0.00,0,0.0000,14,1,0,3.4461,3.4461,0,14.9414,11.8652,idle
TEL,139832,RUNNING,0.6610,0.4052,4.2750,4.6910,0.00,0,0.0000,33,1,0,4.6910,4.6910,0,14.9414,11.8652,idle
TEL,139932,RUNNING,0.7298,0.6185,3.8250,3.2375,-120.00,0,0.0000,13,1,0,3.2375,3.2375,0,14.3262,11.8652,idle
TEL,140032,RUNNING,0.6607,0.5886,4.6125,3.6925,39.84,0,0.0000,1,1,0,3.6925,3.6925,0,14.8535,11.8652,idle
TEL,140132,RUNNING,0.7299,0.6466,3.7125,4.3838,-80.16,0,0.0000,21,1,0,4.3838,4.3838,0,14.4141,11.8652,idle
TEL,140232,RUNNING,0.7293,0.6885,4.3875,4.3415,39.84,0,0.0000,40,1,0,4.3415,4.3415,0,14.5898,11.8652,idle
TEL,140332,RUNNING,0.3184,0.4852,5.4000,6.3643,159.84,0,0.0000,13,1,0,6.3643,6.3643,0,15.7324,11.8652,idle
TEL,140432,RUNNING,0.3183,0.4000,5.6250,4.6415,-120.00,0,0.0000,34,1,0,4.6415,4.6415,0,16.0840,11.8652,idle
TEL,140532,RUNNING,0.3189,0.3570,4.5000,5.0969,120.00,0,0.0000,14,1,0,5.0969,5.0969,0,15.0293,11.8652,idle
SET,140594,2.2656,2.2656,-5.1719
TEL,140633,RUNNING,0.3868,0.3664,5.2875,7.0127,240.00,0,2.2656,1,1,0,7.0127,7.0127,0,15.5566,11.8652,idle
TEL,140733,RUNNING,0.3851,0.3751,7.5375,7.2530,-120.00,0,2.2656,21,1,0,7.2530,7.2530,0,17.9297,11.8652,idle
TEL,140833,RUNNING,0.3853,0.3804,7.3125,7.2789,0.00,0,2.2656,34,1,0,7.2789,7.2789,0,17.8418,11.8652,idle
TEL,140933,RUNNING,0.3853,0.3836,7.3125,7.2889,0.00,0,2.2656,14,1,0,7.2889,7.2889,0,17.8418,11.8652,idle
TEL,141033,RUNNING,0.3171,0.3639,7.5375,7.3659,0.00,0,2.2656,34,1,0,7.3659,7.3659,0,17.8418,11.8652,idle
TEL,141133,RUNNING,0.3171,0.3331,7.5375,7.6023,0.00,0,2.2656,14,1,0,7.6023,7.6023,0,18.0176,11.8652,idle
TEL,141233,RUNNING,0.3171,0.3226,7.5375,7.5325,0.00,0,2.2656,1,1,0,7.5325,7.5325,0,18.0176,11.8652,idle
TEL,141333,RUNNING,0.3171,0.3198,7.5375,7.5380,0.00,0,2.2656,14,1,0,7.5380,7.5380,0,18.0176,11.8652,idle
TEL,141433,RUNNING,0.3171,0.3184,7.5375,7.5431,0.00,0,2.2656,34,1,0,7.5431,7.5431,0,18.0176,11.8652,idle
TEL,141533,RUNNING,0.3171,0.3176,7.5375,7.5819,0.00,0,2.2656,14,1,0,7.5819,7.5819,0,18.0176,11.8652,idle
TEL,141633,RUNNING,0.3171,0.3173,7.5375,7.6101,0.00,0,2.2656,34,1,0,7.6101,7.6101,0,18.0176,11.8652,idle
TEL,141733,RUNNING,0.2490,0.2823,7.7625,8.0447,120.00,0,2.2656,13,1,0,8.0447,8.0447,0,18.1934,11.8652,idle
TEL,141833,RUNNING,-0.0229,0.1264,8.4375,7.8950,0.00,0,2.2656,33,1,0,7.8950,7.8950,0,18.7207,11.8652,idle
TEL,141933,RUNNING,0.3168,0.2016,7.9875,6.5897,-360.00,0,2.2656,12,1,0,6.5897,6.5897,0,18.8086,11.8652,idle
TEL,142033,RUNNING,-0.0230,0.0874,6.5250,8.0101,240.00,0,2.2656,33,1,0,8.0101,8.0101,0,16.7871,11.8652,idle
TEL,142133,RUNNING,0.3166,0.2136,8.2125,6.7855,-120.00,0,2.2656,13,1,0,6.7855,6.7855,0,18.6328,11.8652,idle
TEL,142233,RUNNING,0.3171,0.2666,7.5375,7.8735,0.00,0,2.2656,33,1,0,7.8735,7.8735,0,18.2812,11.8652,idle
TEL,142333,RUNNING,0.3169,0.2996,7.7625,7.6852,0.00,0,2.2656,14,1,0,7.6852,7.6852,0,18.2812,11.8652,idle
TEL,142433,RUNNING,0.2488,0.2736,7.9875,7.9359,0.00,0,2.2656,33,1,0,7.9359,7.9359,0,18.4570,11.8652,idle
TEL,142533,RUNNING,-0.4303,-0.0891,8.2125,12.0816,120.00,0,2.2656,12,1,0,12.0816,12.0816,0,18.6328,11.8652,idle
TEL,142633,RUNNING,-0.4295,-0.2626,8.8875,8.6131,0.00,0,2.2656,32,1,0,8.6131,8.6131,0,19.1602,11.8652,idle
TEL,142733,RUNNING,-0.4286,-0.3714,9.6750,9.4001,-120.00,0,2.2656,13,1,0,9.4001,9.4001,0,20.0391,11.8652,idle
TEL,142833,RUNNING,-0.0908,-0.3003,8.3250,8.7519,0.00,0,2.2656,33,1,0,8.7519,8.7519,0,19.0723,11.8652,idle
TEL,142934,RUNNING,-0.0229,-0.1182,7.8750,7.5506,-120.00,0,2.2656,13,1,0,7.5506,7.5506,0,18.4570,11.8652,idle
TEL,143034,RUNNING,-0.0229,-0.0696,7.8750,8.5689,120.00,0,2.2656,34,1,0,8.5689,8.5689,0,18.3691,11.8652,idle
TEL,143134,RUNNING,-0.0229,-0.0389,8.5500,8.3993,0.00,0,2.2656,12,1,0,8.3993,8.3993,0,18.8086,11.8652,idle
TEL,143234,RUNNING,-0.0229,-0.0307,8.5500,8.6030,0.00,0,2.2656,31,1,0,8.6030,8.6030,0,18.9844,11.8652,idle
TEL,143334,RUNNING,0.4522,0.2167,8.3250,5.8067,-120.00,0,2.2656,12,1,0,5.8067,5.8067,0,18.8086,11.8652,idle
TEL,143434,RUNNING,0.4531,0.3375,7.5375,8.2544,0.00,0,2.2656,32,1,0,8.2544,8.2544,0,18.2812,11.8652,idle
TEL,143534,RUNNING,0.5213,0.4583,7.4250,7.4763,0.00,0,2.2656,11,1,0,7.4763,7.4763,0,17.8418,11.8652,idle
TEL,143634,RUNNING,0.5207,0.4899,7.8750,8.1488,120.00,0,2.2656,31,1,0,8.1488,8.1488,0,18.3691,11.8652,idle
TEL,143734,RUNNING,0.5203,0.5197,8.2125,8.1384,0.00,0,2.2656,11,1,0,8.1384,8.1384,0,18.6328,11.8652,idle
TEL,143834,RUNNING,0.5203,0.5200,8.2125,8.1739,0.00,0,2.2656,31,1,0,8.1739,8.1739,0,18.6328,11.8652,idle
TEL,143934,RUNNING,0.0449,0.2077,8.6625,10.3237,120.00,0,2.2656,12,1,0,10.3237,10.3237,0,19.0723,11.8652,idle
TEL,144034,RUNNING,0.0449,0.1244,9.3375,8.6896,0.00,0,2.2656,32,1,0,8.6896,8.6896,0,19.5996,11.8652,idle
TEL,144134,RUNNING,-0.0229,0.0377,8.8875,9.4779,0.00,0,2.2656,11,1,0,9.4779,9.4779,0,19.4238,11.8652,idle
TEL,144234,RUNNING,0.0449,0.0271,8.7750,8.8714,0.00,0,2.2656,31,1,0,8.8714,8.8714,0,19.3359,11.8652,idle
TEL,144334,RUNNING,0.0449,0.0388,8.7750,8.8301,0.00,0,2.2656,11,1,0,8.8301,8.8301,0,19.1602,11.8652,idle
TEL,144434,RUNNING,-0.0229,0.0216,9.0000,8.9537,0.00,0,2.2656,31,1,0,8.9537,8.9537,0,19.2480,11.8652,idle
TEL,144534,RUNNING,0.0449,0.0369,9.0000,8.8871,0.00,0,2.2656,11,1,0,8.8871,8.8871,0,19.3359,11.8652,idle
TEL,144634,RUNNING,0.0449,0.0410,9.0000,9.0068,0.00,0,2.2656,32,1,0,9.0068,9.0068,0,19.3359,11.8652,idle
TEL,144734,RUNNING,0.0449,0.0436,9.0000,9.0268,0.00,0,2.2656,11,1,0,9.0268,9.0268,0,19.3359,11.8652,idle
TEL,144834,RUNNING,-0.0228,0.0239,9.2250,9.1015,0.00,0,2.2656,31,1,0,9.1015,9.1015,0,19.4238,11.8652,idle
TEL,144934,RUNNING,-0.0228,-0.0068,9.2250,9.3478,0.00,0,2.2656,11,1,0,9.3478,9.3478,0,19.6875,11.8652,idle
TEL,145034,RUNNING,0.0449,0.0196,9.0000,9.1823,0.00,0,2.2656,31,1,0,9.1823,9.1823,0,19.4238,11.8652,idle
TEL,145134,RUNNING,0.0449,0.0362,9.0000,9.1070,0.00,0,2.2656,11,1,0,9.1070,9.1070,0,19.4238,11.8652,idle
TEL,145234,RUNNING,0.0449,0.0406,9.0000,9.2339,120.00,0,2.2656,31,1,0,9.2339,9.2339,0,19.4238,11.8652,idle
TEL,145334,RUNNING,0.0449,0.0434,9.2250,9.2524,0.00,0,2.2656,11,1,0,9.2524,9.2524,0,19.5117,11.8652,idle
TEL,145434,RUNNING,0.0449,0.0442,9.2250,9.3049,0.00,0,2.2656,31,1,0,9.3049,9.3049,0,19.5117,11.8652,idle
TEL,145534,RUNNING,0.0449,0.0446,9.2250,9.3392,0.00,0,2.2656,11,1,0,9.3392,9.3392,0,19.5117,11.8652,idle
TEL,145634,RUNNING,0.0449,0.0448,9.2250,9.3792,0.00,0,2.2656,31,1,0,9.3792,9.3792,0,19.5117,11.8652,idle
TEL,145734,RUNNING,0.0449,0.0448,9.2250,9.4161,0.00,0,2.2656,10,1,0,9.4161,9.4161,0,19.5117,11.8652,idle
TEL,145835,RUNNING,0.0449,0.0449,9.2250,9.4540,120.00,0,2.2656,30,1,0,9.4540,9.4540,0,19.5117,11.8652,idle
TEL,145935,RUNNING,0.0448,0.0448,9.4500,9.4915,0.00,0,2.2656,11,1,0,9.4915,9.4915,0,19.7754,11.8652,idle
TEL,146035,RUNNING,0.0448,0.0448,9.4500,9.5290,0.00,0,2.2656,31,1,0,9.5290,9.5290,0,19.7754,11.8652,idle
TEL,146135,RUNNING,0.0448,0.0448,9.4500,9.5665,0.00,0,2.2656,11,1,0,9.5665,9.5665,0,19.7754,11.8652,idle
TEL,146235,RUNNING,0.0448,0.0448,9.4500,9.6039,0.00,0,2.2656,31,1,0,9.6039,9.6039,0,19.7754,11.8652,idle
TEL,146335,RUNNING,-0.0228,0.0245,9.4500,10.1782,120.00,0,2.2656,10,1,0,10.1782,10.1782,0,19.7754,11.8652,idle
TEL,146435,RUNNING,0.0448,0.0207,9.7875,9.7063,0.00,0,2.2656,30,1,0,9.7063,9.7063,0,20.2148,11.8652,idle
TEL,146535,RUNNING,0.0448,0.0365,9.5625,9.6366,0.00,0,2.2656,11,1,0,9.6366,9.6366,0,19.9512,11.8652,idle
TEL,146635,RUNNING,0.0448,0.0408,9.5625,9.7593,0.00,0,2.2656,31,1,0,9.7593,9.7593,0,19.9512,11.8652,idle
SET,146733,-5.1719,2.2656,-5.1719
TEL,146735,RUNNING,0.0448,0.0434,9.5625,9.7787,0.00,0,-5.1719,11,1,0,9.7787,9.7787,0,19.9512,11.8652,idle
TEL,146835,RUNNING,0.0451,0.0444,6.9750,1.3349,-600.00,0,-5.1719,30,1,0,1.3349,1.3349,0,17.8418,11.8652,idle
TEL,146935,RUNNING,0.0455,0.0452,1.1250,1.2456,-198.32,0,-5.1719,10,1,0,1.2456,1.2456,0,11.6895,11.8652,idle
TEL,147035,RUNNING,0.0455,0.0453,1.2375,1.1605,51.84,0,-5.1719,30,1,0,1.1605,1.1605,0,11.3379,11.8652,idle
TEL,147135,RUNNING,0.0455,0.0454,1.1250,1.0718,0.00,0,-5.1719,11,1,0,1.0718,1.0718,0,11.3379,11.8652,idle
TEL,147235,RUNNING,0.0455,0.0454,1.1250,0.9842,0.00,0,-5.1719,31,1,0,0.9842,0.9842,0,11.3379,11.8652,idle
TEL,147335,RUNNING,1.8290,0.8254,0.4500,-10.8745,-322.08,0,-5.1719,11,1,0,-10.8745,-10.8745,0,10.8984,11.8652,idle
TEL,147435,RUNNING,1.8272,1.3359,-2.5875,-0.6517,-202.08,0,-5.1719,30,1,0,-0.6517,-0.6517,0,7.9102,11.8652,idle
TEL,147535,RUNNING,2.3709,1.8197,-4.3875,-7.3115,-82.08,0,-5.1719,10,1,0,-7.3115,-7.3115,0,5.6250,11.8652,idle
TEL,147635,RUNNING,2.3032,2.0809,-4.1625,-1.7639,277.92,0,-5.1719,31,1,0,-1.7639,-1.7639,0,5.6250,11.8652,idle
TEL,147735,RUNNING,1.3489,1.6868,-0.2250,2.2435,438.40,0,-5.1719,11,1,0,2.2435,2.2435,0,9.4922,11.8652,idle
TEL,147835,RUNNING,1.3480,1.5135,2.0250,-1.3376,-161.60,0,-5.1719,32,1,0,-1.3376,-1.3376,0,12.3047,11.8652,idle
TEL,147935,RUNNING,1.4171,1.4504,-1.2375,-1.0082,-173.26,0,-5.1719,12,1,0,-1.0082,-1.0082,0,9.2285,11.8652,idle
TEL,148035,RUNNING,0.7314,1.2135,-0.6750,-1.2257,171.98,0,-5.1719,32,1,0,-1.2257,-1.2257,0,9.0527,11.8652,idle
TEL,148135,RUNNING,1.0054,0.9787,1.8000,-1.3439,46.86,0,-5.1719,11,1,0,-1.3439,-1.3439,0,11.7773,11.8652,idle
TEL,148235,RUNNING,0.5257,0.8487,0.2250,-1.0176,-313.14,0,-5.1719,31,1,0,-1.0176,-1.0176,0,10.7227,11.8652,idle
TEL,148335,RUNNING,0.0455,0.3915,-0.6750,3.1539,286.86,0,-5.1719,11,1,0,3.1539,3.1539,0,9.1406,11.8652,idle
TEL,148435,RUNNING,-0.3659,0.0051,1.9125,-0.2542,166.86,0,-5.1719,30,1,0,-0.2542,-0.2542,0,11.8652,11.8652,idle
TEL,148535,RUNNING,-0.0917,-0.0585,1.2375,0.0914,-349.64,0,-5.1719,11,1,0,0.0914,0.0914,0,11.8652,11.8652,idle
TEL,148635,RUNNING,-0.0917,-0.0755,-0.6750,-0.3363,190.07,0,-5.1719,32,1,0,-0.3363,-0.3363,0,9.4043,11.8652,idle
TEL,148736,RUNNING,0.5942,0.1917,-0.6750,-5.0914,-169.93,0,-5.1719,12,1,0,-5.0914,-5.0914,0,9.4922,11.8652,idle
TEL,148836,RUNNING,1.0052,0.5345,-2.0250,-1.2013,-49.93,0,-5.1719,31,1,0,-1.2013,-1.2013,0,8.3496,11.8652,idle
TEL,148936,RUNNING,1.0043,0.8430,-3.1500,-3.3986,-162.84,0,-5.1719,11,1,0,-3.3986,-3.3986,0,7.0313,11.8652,idle
TEL,149036,RUNNING,1.0047,0.9257,-2.7000,-1.8556,300.11,0,-5.1719,31,1,0,-1.8556,-1.8556,0,7.1191,11.8652,idle
TEL,149136,RUNNING,1.0053,0.9782,-1.9125,-2.2987,-202.98,0,-5.1719,2,1,0,-2.2987,-2.2987,0,8.3496,11.8652,idle
TEL,149236,RUNNING,1.0053,0.9920,-1.9125,-2.1317,0.00,0,-5.1719,21,1,0,-2.1317,-2.1317,0,8.0859,11.8652,idle
TEL,149336,RUNNING,1.0052,1.0006,-2.1375,-2.2915,0.00,0,-5.1719,2,1,0,-2.2915,-2.2915,0,7.9980,11.8652,idle
TEL,149436,RUNNING,1.4845,1.1609,-2.5875,-2.5228,0.00,0,-5.1719,22,1,0,-2.5228,-2.5228,0,7.7344,11.8652,idle
TEL,149536,RUNNING,1.4840,1.3730,-3.0375,-4.0795,-120.00,0,-5.1719,2,1,0,-4.0795,-4.0795,0,7.1191,11.8652,idle
TEL,149636,RUNNING,1.4833,1.4290,-3.4875,-3.0497,120.00,0,-5.1719,22,1,0,-3.0497,-3.0497,0,6.6797,11.8652,idle
TEL,149736,RUNNING,1.4837,1.4650,-3.2625,-3.4044,0.00,0,-5.1719,1,1,0,-3.4044,-3.4044,0,6.8555,11.8652,idle
TEL,149836,RUNNING,1.0046,1.2449,-2.8125,-3.0705,0.00,0,-5.1719,21,1,0,-3.0705,-3.0705,0,7.1191,11.8652,idle
TEL,149936,RUNNING,0.5938,0.8173,-2.3625,-0.2618,120.00,0,-5.1719,2,1,0,-0.2618,-0.2618,0,7.7344,11.8652,idle
TEL,150036,RUNNING,0.5940,0.7036,-1.6875,-2.6605,0.00,0,-5.1719,22,1,0,-2.6605,-2.6605,0,8.2617,11.8652,idle
TEL,150136,RUNNING,0.5938,0.6314,-2.1375,-2.2656,0.00,0,-5.1719,2,1,0,-2.2656,-2.2656,0,8.1738,11.8652,idle
TEL,150236,RUNNING,0.5937,0.6121,-2.5875,-2.7514,0.00,0,-5.1719,22,1,0,-2.7514,-2.7514,0,7.6465,11.8652,idle
TEL,150336,RUNNING,1.0044,0.8698,-3.0375,-4.6029,-120.00,0,-5.1719,1,1,0,-4.6029,-4.6029,0,7.2070,11.8652,idle
TEL,150436,RUNNING,0.5935,0.7290,-2.8125,-3.0877,0.00,0,-5.1719,21,1,0,-3.0877,-3.0877,0,7.2070,11.8652,idle
TEL,150536,RUNNING,1.0042,0.8493,-3.2625,-4.9918,-328.78,0,-5.1719,2,1,0,-4.9918,-4.9918,0,7.1191,11.8652,idle
TEL,150636,RUNNING,1.0028,0.9270,-4.5000,-3.5205,271.22,0,-5.1719,22,1,0,-3.5205,-3.5205,0,5.3613,11.8652,idle
TEL,150736,RUNNING,1.0040,0.9780,-3.4875,-3.9526,-120.00,0,-5.1719,2,1,0,-3.9526,-3.9526,0,6.5918,11.8652,idle
TEL,150836,RUNNING,1.0038,0.9910,-3.7125,-3.7887,0.00,0,-5.1719,21,1,0,-3.7887,-3.7887,0,6.4160,11.8652,idle
TEL,150936,RUNNING,1.0038,0.9994,-3.7125,-3.9497,-120.00,0,-5.1719,1,1,0,-3.9497,-3.9497,0,6.4160,11.8652,idle
TEL,151036,RUNNING,1.0035,1.0013,-3.9375,-4.0086,0.00,0,-5.1719,21,1,0,-4.0086,-4.0086,0,6.1523,11.8652,idle
TEL,151136,RUNNING,1.0035,1.0028,-3.9375,-4.1224,0.00,0,-5.1719,1,1,0,-4.1224,-4.1224,0,6.1523,11.8652,idle
TEL,151236,RUNNING,0.5247,0.7736,-3.4875,-3.9632,0.00,0,-5.1719,22,1,0,-3.9632,-3.9632,0,6.3281,11.8652,idle
TEL,151336,RUNNING,0.1824,0.5076,-3.0375,-0.2297,120.00,0,-5.1719,1,1,0,-0.2297,-0.2297,0,7.0313,11.8652,idle
TEL,151436,RUNNING,0.5243,0.5159,-4.0500,-3.8556,-67.15,0,-5.1719,21,1,0,-3.8556,-3.8556,0,6.3281,11.8652,idle
TEL,151536,RUNNING,1.0033,0.7657,-4.0500,-6.8147,-240.00,0,-5.1719,1,1,0,-6.8147,-6.8147,0,6.1523,11.8652,idle
TEL,151636,RUNNING,1.0008,0.8847,-5.7375,-4.4767,120.00,0,-5.1719,21,1,0,-4.4767,-4.4767,0,4.3945,11.8652,idle
TEL,151736,RUNNING,1.0019,0.9621,-5.0625,-5.1080,0.00,0,-5.1719,1,1,0,-5.1080,-5.1080,0,4.7461,11.8652,idle
TEL,151836,RUNNING,1.0023,0.9827,-4.8375,-4.7939,0.00,0,-5.1719,20,1,0,-4.7939,-4.7939,0,5.0977,11.8652,idle
TEL,151936,RUNNING,1.0023,0.9956,-4.8375,-4.9851,0.00,0,-5.1719,1,1,0,-4.9851,-4.9851,0,5.0977,11.8652,idle
TEL,152036,RUNNING,1.0023,0.9990,-4.8375,-5.0203,0.00,0,-5.1719,21,1,0,-5.0203,-5.0203,0,5.0977,11.8652,idle
TEL,152136,RUNNING,0.5241,0.7217,-4.3875,-2.6662,120.00,0,-5.1719,1,1,0,-2.6662,-2.6662,0,5.5371,11.8652,idle
TEL,152236,RUNNING,0.5244,0.6213,-3.9375,-4.7950,-120.00,0,-5.1719,21,1,0,-4.7950,-4.7950,0,6.0645,11.8652,idle
TEL,152336,RUNNING,0.5920,0.6018,-4.9500,-4.7649,0.00,0,-5.1719,1,1,0,-4.7649,-4.7649,0,5.0977,11.8652,idle
TEL,152436,RUNNING,0.5920,0.5968,-4.9500,-4.9623,0.00,0,-5.1719,21,1,0,-4.9623,-4.9623,0,5.0977,11.8652,idle
TEL,152536,RUNNING,1.0002,0.8615,-6.0750,-6.8529,-240.00,0,-5.1719,1,1,0,-6.8529,-6.8529,0,4.2188,11.8652,idle
TEL,152636,RUNNING,1.0000,0.9320,-6.1875,-5.5629,258.12,0,-5.1719,21,1,0,-5.5629,-5.5629,0,3.6035,11.8652,idle
TEL,152736,RUNNING,0.5921,0.7697,-4.8375,-3.5385,138.12,0,-5.1719,1,1,0,-3.5385,-3.5385,0,5.0977,11.8652,idle
TEL,152836,RUNNING,0.5926,0.6797,-4.2750,-5.4570,-221.88,0,-5.1719,21,1,0,-5.4570,-5.4570,0,5.8008,11.8652,idle
TEL,152936,RUNNING,0.5914,0.6212,-5.6250,-5.1715,153.32,0,-5.1719,0,1,0,-5.1715,-5.1715,0,4.3945,11.8652,idle
TEL,153036,RUNNING,0.5916,0.6062,-5.4000,-5.4140,0.00,0,-5.1719,14,1,0,-5.4140,-5.4140,0,4.6582,11.8652,idle
TEL,153136,RUNNING,0.6590,0.6306,-6.1875,-5.9899,-105.09,0,-5.1719,1,1,0,-5.9899,-5.9899,0,4.1309,11.8652,idle
TEL,153236,RUNNING,0.5915,0.6254,-5.5125,-5.7927,-60.52,0,-5.1719,21,1,0,-5.7927,-5.7927,0,4.3945,11.8652,idle
TEL,153336,RUNNING,0.5914,0.6030,-5.6250,-5.7361,0.00,0,-5.1719,1,1,0,-5.7361,-5.7361,0,4.3945,11.8652,idle
TEL,153436,RUNNING,0.5910,0.5824,-5.9625,-5.9360,0.00,0,-5.1719,21,1,0,-5.9360,-5.9360,0,4.1309,11.8652,idle
TEL,153536,RUNNING,0.5230,0.5666,-5.7375,-6.0210,0.00,0,-5.1719,34,1,0,-6.0210,-6.0210,0,4.1309,11.8652,idle
TEL,153636,RUNNING,0.5228,0.5377,-5.9625,-5.9173,0.00,0,-5.1719,14,1,0,-5.9173,-5.9173,0,4.1309,11.8652,idle
TEL,153736,RUNNING,0.2501,0.3913,-5.5125,-6.0131,0.00,0,-5.1719,33,1,0,-6.0131,-6.0131,0,4.3066,11.8652,idle
TEL,153836,RUNNING,0.1821,0.2540,-4.6125,-5.9459,-135.64,0,-5.1719,21,1,0,-5.9459,-5.9459,0,5.3613,11.8652,idle
TEL,153936,RUNNING,0.1817,0.1963,-5.9625,-5.8123,-0.10,0,-5.1719,1,1,0,-5.8123,-5.8123,0,4.2188,11.8652,idle
TEL,154036,RUNNING,0.1817,0.1888,-5.9625,-5.9773,0.00,0,-5.1719,14,1,0,-5.9773,-5.9773,0,4.1309,11.8652,idle
TEL,154136,RUNNING,0.1817,0.1852,-5.9625,-6.1411,0.00,0,-5.1719,34,1,0,-6.1411,-6.1411,0,4.1309,11.8652,idle
TEL,154236,RUNNING,0.1816,0.1828,-6.1875,-6.2138,0.00,0,-5.1719,14,1,0,-6.2138,-6.2138,0,4.0430,11.8652,idle
TEL,154336,RUNNING,0.1816,0.1822,-6.1875,-6.3185,0.00,0,-5.1719,34,1,0,-6.3185,-6.3185,0,3.9551,11.8652,idle
TEL,154436,RUNNING,0.1135,0.1471,-5.8500,-6.3698,-120.00,0,-5.1719,21,1,0,-6.3698,-6.3698,0,4.1309,11.8652,idle
TEL,154536,RUNNING,0.1133,0.1249,-6.4125,-6.3071,0.00,0,-5.1719,1,1,0,-6.3071,-6.3071,0,3.7793,11.8652,idle
TEL,154636,RUNNING,0.1133,0.1190,-6.5250,-6.4550,0.00,0,-5.1719,14,1,0,-6.4550,-6.4550,0,3.6035,11.8652,idle
TEL,154736,RUNNING,0.1133,0.1161,-6.5250,-6.6023,0.00,0,-5.1719,34,1,0,-6.6023,-6.6023,0,3.6035,11.8652,idle
TEL,154836,RUNNING,0.1133,0.1143,-6.5250,-6.6791,0.00,0,-5.1719,14,1,0,-6.6791,-6.6791,0,3.6035,11.8652,idle
TEL,154936,RUNNING,0.1133,0.1137,-6.7500,-6.7767,0.00,0,-5.1719,34,1,0,-6.7767,-6.7767,0,3.5156,11.8652,idle
TEL,155036,RUNNING,0.1814,0.2083,-6.7500,-6.6840,0.00,0,-5.1719,13,1,0,-6.6840,-6.6840,0,3.2520,11.8652,idle
TEL,155136,RUNNING,0.5215,0.3679,-7.2000,-7.2433,0.00,0,-5.1719,33,1,0,-7.2433,-7.2433,0,3.0762,11.8652,idle
TEL,155236,RUNNING,0.5215,0.3974,-7.2000,-8.7215,-120.00,0,-5.1719,13,1,0,-8.7215,-8.7215,0,2.8125,11.8652,idle
TEL,155336,RUNNING,0.5207,0.4600,-7.8750,-7.5336,0.00,0,-5.1719,33,1,0,-7.5336,-7.5336,0,2.2852,11.8652,idle
OK,stopped
