BALL_BEAM_REF_BOOT
HOST_START_READY
REF_CFG,profile=center_far_near_90s,center_cm=13.0000,near_cm=9.0000,far_cm=17.0000,segment_ms=30000
REF,5960,13.0000,hold_center
TEL,5962,8.2879,8.1972,4.8028,0.0000,0,0.000000
TEL,6062,8.2879,8.2119,4.7881,-96.0000,0,0.000000
TEL,6162,8.3198,8.2235,4.7765,-142.6165,72,0.141372
TEL,6262,8.3198,8.2366,4.7634,-142.2496,142,0.278816
TEL,6362,8.3038,8.2434,4.7566,-142.1147,142,0.278816
TEL,6462,8.3841,8.2615,4.7385,-141.5066,142,0.278816
TEL,6562,8.4330,8.2746,4.7254,-140.9962,142,0.278816
TEL,6662,8.4824,8.2986,4.7014,-140.1272,141,0.276853
TEL,6762,8.5659,8.3223,4.6777,-139.1573,140,0.274889
TEL,6862,8.6855,8.3789,4.6211,-137.0012,139,0.272926
TEL,6962,8.7202,8.4314,4.5686,-134.9963,137,0.268999
TEL,7062,8.5491,8.4364,4.5636,-135.0520,135,0.265072
TEL,7162,8.8797,8.5005,4.4995,-132.3306,135,0.265072
TEL,7262,9.1388,8.5847,4.4153,-127.4615,132,0.259181
TEL,7362,8.4330,8.5617,4.4383,-129.9916,127,0.249364
TEL,7462,9.1578,8.7794,4.2206,-121.8561,130,0.255254
TEL,7562,9.3922,8.9543,4.2206,-121.8561,122,0.239546
TEL,7662,8.4003,8.6870,4.0457,-114.7494,115,0.225802
TEL,7762,9.1961,8.8149,4.3130,-127.3195,127,0.249364
TEL,7862,9.4728,9.0056,4.1831,-123.9495,124,0.243473
TEL,7962,9.5962,9.1825,3.9944,-115.3745,115,0.225802
TEL,8062,9.1198,9.0888,3.9184,-116.9428,117,0.229729
TEL,8162,9.3922,9.1629,3.8780,-114.7140,115,0.225802
TEL,8262,9.4122,9.2519,3.7731,-110.9464,111,0.217948
TEL,8363,8.2406,9.1221,3.8779,-117.4338,117,0.229729
TEL,8463,9.2347,9.1430,3.8721,-116.8437,117,0.229729
TEL,8563,9.3128,9.1785,3.8215,-114.4669,114,0.223838
TEL,8663,8.0412,8.8522,3.9905,-125.8565,126,0.247400
TEL,8763,9.1198,8.8623,4.1936,-131.8271,132,0.259181
TEL,8863,9.0633,8.8796,4.1525,-127.9041,128,0.251327
TEL,8963,9.0075,8.9073,4.0927,-124.6300,125,0.245437
TEL,9063,8.4330,8.7545,4.1945,-130.8247,131,0.257218
TEL,9163,6.8292,8.7448,4.2552,-131.5654,132,0.259181
TEL,9263,8.7727,8.7449,4.2585,-130.3175,130,0.255254
TEL,9363,7.6000,8.6331,4.3669,-134.8346,135,0.265072
TEL,9463,8.5659,8.6013,4.3935,-135.0156,135,0.265072
TEL,9563,8.6855,8.6153,4.3847,-133.5374,134,0.263108
TEL,9663,6.8963,8.6249,4.3751,-132.4010,132,0.259181
TEL,9763,8.3679,8.5499,4.4501,-135.0626,135,0.265072
TEL,9863,8.7727,8.5569,4.4686,-134.4325,134,0.263108
TEL,9963,8.6168,8.5853,4.4184,-131.9389,132,0.259181
TEL,10063,8.2406,8.4784,4.4889,-137.3718,137,0.268999
TEL,10163,8.5491,8.4901,4.5099,-136.9690,137,0.268999
TEL,10263,8.7028,8.5301,4.4876,-135.1824,135,0.265072
TEL,10363,6.6561,8.5301,4.4876,-135.1824,135,0.265072
TEL,10463,8.5659,8.5224,4.4819,-134.9364,135,0.265072
TEL,10563,8.7028,8.5443,4.4696,-134.1477,134,0.263108
TEL,10663,6.8403,8.5689,4.4311,-132.4571,132,0.259181
TEL,10763,8.2879,8.4788,4.4995,-135.8653,136,0.267035
TEL,10863,8.6510,8.4106,4.5517,-138.2696,138,0.270962
TEL,10963,8.7376,8.4802,4.5557,-136.6932,137,0.268999
TEL,11063,8.3038,8.4098,4.4923,-133.8321,134,0.263108
TEL,11163,8.6510,8.4525,4.5745,-136.0038,136,0.267035
TEL,11264,8.7028,8.5283,4.5221,-133.8790,134,0.263108
TEL,11364,7.6000,8.4247,4.5753,-138.1850,138,0.270962
TEL,11464,8.5491,8.4089,4.6104,-138.9121,139,0.272926
TEL,11564,8.4166,8.4346,4.5631,-136.3192,136,0.267035
TEL,11664,6.9531,8.4896,4.5104,-133.9978,134,0.263108
TEL,11764,8.4003,8.4372,4.5628,-136.1171,136,0.267035
TEL,11864,8.6855,8.4889,4.5326,-134.8323,135,0.265072
TEL,11964,8.6168,8.5220,4.4884,-133.0226,133,0.261145
TEL,12064,8.2563,8.4147,4.5636,-137.2724,137,0.268999
TEL,12164,8.5828,8.4379,4.5621,-136.5073,137,0.268999
TEL,12264,8.7028,8.5055,4.5170,-134.3667,134,0.263108
TEL,12364,8.7028,8.4558,4.5800,-139.6381,140,0.274889
TEL,12464,8.5491,8.4312,4.5838,-139.2784,139,0.272926
TEL,12564,8.6682,8.4760,4.5240,-136.1646,136,0.267035
TEL,12664,7.0108,8.5193,4.4807,-133.9743,134,0.263108
TEL,12764,8.7376,8.4784,4.5583,-137.8191,138,0.270962
TEL,12864,8.6510,8.5109,4.5057,-135.4598,135,0.265072
TEL,12964,8.7376,8.5498,4.4502,-132.9641,133,0.261145
TEL,13064,8.2406,8.4249,4.5751,-137.4404,137,0.268999
TEL,13164,8.5659,8.4397,4.5603,-136.3761,136,0.267035
TEL,13264,8.7202,8.5069,4.4931,-133.6023,134,0.263108
TEL,13364,6.9303,8.5309,4.4931,-133.6023,134,0.263108
TEL,13464,8.4990,8.4540,4.5323,-136.4457,136,0.267035
TEL,13564,8.6510,8.4859,4.5460,-136.5143,137,0.268999
TEL,13664,8.7552,8.5574,4.4874,-133.7610,134,0.263108
TEL,13764,8.7376,8.5916,4.4426,-131.8683,132,0.259181
TEL,13864,8.7376,8.6290,4.3960,-130.4292,130,0.255254
TEL,13964,8.7376,8.6470,4.3710,-129.7050,130,0.255254
TEL,14064,8.7376,8.6668,4.3456,-129.0849,129,0.253291
TEL,14164,8.7376,8.6766,4.3332,-128.8723,129,0.253291
TEL,14264,8.7376,8.6922,4.3169,-128.4718,128,0.251327
TEL,14364,8.7552,8.6997,4.3078,-128.3827,128,0.251327
TEL,14464,8.7552,8.7105,4.2961,-128.1211,128,0.251327
TEL,14564,8.7376,8.7133,4.2895,-128.0473,128,0.251327
TEL,14664,8.7727,8.7208,4.2846,-128.0082,128,0.251327
TEL,14764,8.7376,8.7238,4.2792,-127.9057,128,0.251327
TEL,14864,8.7376,8.7262,4.2755,-127.9082,128,0.251327
TEL,14964,8.7376,8.7271,4.2738,-127.9394,128,0.251327
TEL,15064,8.7376,8.7276,4.2731,-128.0083,128,0.251327
TEL,15164,8.7376,8.7283,4.2724,-128.0260,128,0.251327
TEL,15264,8.7376,8.7291,4.2720,-128.0649,128,0.251327
TEL,15364,8.7552,8.7301,4.2709,-128.0489,128,0.251327
TEL,15464,8.3679,8.6948,4.2922,-129.2137,129,0.253291
TEL,15564,8.5998,8.6839,4.3122,-129.9340,130,0.255254
TEL,15664,8.7376,8.6849,4.3174,-129.9238,130,0.255254
TEL,15764,7.6407,8.6424,4.3576,-131.8621,132,0.259181
TEL,15864,8.5998,8.6110,4.3882,-132.7746,133,0.261145
TEL,15964,8.1938,8.5889,4.3865,-132.3150,132,0.259181
TEL,16064,6.6773,8.6034,4.3966,-132.1640,132,0.259181
TEL,16164,8.3518,8.5478,4.4522,-134.3449,134,0.263108
TEL,16264,8.6682,8.5635,4.4446,-133.6689,134,0.263108
TEL,16364,8.7202,8.5835,4.4165,-132.3649,132,0.259181
TEL,16464,8.3358,8.5193,4.4636,-134.6553,135,0.265072
TEL,16564,8.7028,8.5312,4.4838,-135.1634,135,0.265072
TEL,16664,8.7202,8.5640,4.4491,-133.5778,134,0.263108
TEL,16764,6.6879,8.5747,4.4491,-133.5778,134,0.263108
TEL,16864,8.5828,8.5676,4.4336,-133.2136,133,0.261145
TEL,16964,8.6855,8.5823,4.4253,-132.6557,133,0.261145
TEL,17064,6.8071,8.5990,4.4010,-131.6879,132,0.259181
TEL,17164,8.2879,8.5396,4.4389,-133.6011,134,0.263108
TEL,17264,8.6682,8.5603,4.4610,-134.1600,134,0.263108
TEL,17364,8.7202,8.5807,4.4304,-132.8145,133,0.261145
TEL,17464,8.2879,8.5689,4.4311,-133.3635,133,0.261145
TEL,17564,8.5998,8.5639,4.4361,-133.2876,133,0.261145
TEL,17664,8.4494,8.5703,4.4208,-132.4427,132,0.259181
TEL,17764,6.7093,8.5793,4.4208,-132.4427,132,0.259181
TEL,17864,8.4990,8.5182,4.4611,-134.5282,135,0.265072
TEL,17964,8.6682,8.5352,4.4818,-135.0125,135,0.265072
TEL,18064,7.4802,8.5578,4.4537,-133.6153,134,0.263108
TEL,18164,8.1783,8.4741,4.4962,-135.9849,136,0.267035
TEL,18264,8.6510,8.4931,4.5283,-136.7179,137,0.268999
TEL,18364,8.7202,8.5269,4.4908,-134.7691,135,0.265072
TEL,18464,7.9669,8.4942,4.4566,-133.1433,133,0.261145
TEL,18564,8.5156,8.4793,4.5247,-136.0173,136,0.267035
TEL,18664,8.7028,8.5245,4.5083,-134.9996,135,0.265072
TEL,18764,7.2261,8.5311,4.4755,-133.4748,133,0.261145
TEL,18864,8.4824,8.4550,4.5246,-136.1671,136,0.267035
TEL,18964,8.6682,8.4865,4.5316,-135.7754,136,0.267035
TEL,19064,7.4671,8.5224,4.4955,-134.0986,134,0.263108
TEL,19164,8.1016,8.4844,4.5156,-135.5475,136,0.267035
TEL,19264,8.6510,8.4973,4.5173,-135.3932,135,0.265072
TEL,19364,8.7202,8.5298,4.4702,-133.3805,133,0.261145
TEL,19464,7.9521,8.4950,4.5050,-135.6996,136,0.267035
TEL,19564,8.4824,8.4837,4.5163,-135.8866,136,0.267035
TEL,19664,8.7028,8.5236,4.4764,-133.9899,134,0.263108
TEL,19764,7.5597,8.4578,4.5422,-139.0432,138,0.270962
TEL,19864,8.4003,8.3208,4.6792,-141.8937,142,0.278816
TEL,19964,8.5998,8.3857,4.6143,-138.4008,138,0.270962
TEL,20064,8.7028,8.4809,4.5191,-134.4431,134,0.263108
TEL,20164,7.9521,8.4166,4.5834,-137.8431,138,0.270962
TEL,20264,8.5998,8.4445,4.5555,-136.2001,136,0.267035
TEL,20364,8.7028,8.4944,4.5056,-133.9313,134,0.263108
TEL,20464,6.6986,8.5169,4.5056,-133.9313,134,0.263108
TEL,20564,8.4330,8.4725,4.5225,-135.4707,135,0.265072
TEL,20664,8.6682,8.4869,4.5529,-137.3522,137,0.268999
TEL,20764,8.7028,8.5146,4.5131,-135.2040,135,0.265072
TEL,20864,8.4003,8.4535,4.5401,-137.1834,137,0.268999
TEL,20964,8.6168,8.4729,4.5420,-136.7962,137,0.268999
TEL,21064,8.7028,8.5263,4.4914,-134.4353,134,0.263108
TEL,21164,7.7373,8.4545,4.5455,-137.6121,138,0.270962
TEL,21264,8.5828,8.4563,4.5576,-137.4464,137,0.268999
TEL,21364,8.7028,8.4952,4.5048,-134.8815,135,0.265072
TEL,21464,6.6561,8.5329,4.4671,-133.1236,133,0.261145
TEL,21564,8.4003,8.4773,4.5227,-135.3701,135,0.265072
TEL,21664,8.6682,8.5107,4.5048,-134.5397,135,0.265072
TEL,21764,8.7028,8.5432,4.4567,-132.7159,133,0.261145
TEL,21864,8.2249,8.4310,4.5421,-137.0810,137,0.268999
TEL,21964,8.7028,8.4705,4.5574,-136.8939,137,0.268999
TEL,22064,8.7202,8.5340,4.4876,-134.0176,134,0.263108
TEL,22164,7.6271,8.4404,4.5596,-138.0217,138,0.270962
TEL,22264,8.5491,8.4234,4.5927,-138.7006,139,0.272926
TEL,22364,8.6855,8.4700,4.5300,-135.6392,136,0.267035
TEL,22464,8.7202,8.5383,4.4831,-133.4494,133,0.261145
TEL,22564,8.7552,8.5791,4.4410,-131.7462,132,0.259181
TEL,22664,8.7028,8.6181,4.3908,-130.1005,130,0.255254
TEL,22764,8.7376,8.6401,4.3599,-129.2999,129,0.253291
TEL,22864,8.7376,8.6622,4.3443,-128.9433,129,0.253291
TEL,22964,8.7376,8.6730,4.3321,-128.7675,129,0.253291
TEL,23064,8.7376,8.6853,4.3184,-128.5520,129,0.253291
TEL,23164,8.7376,8.6916,4.3084,-128.4339,128,0.251327
TEL,23264,8.7552,8.6999,4.3033,-128.4264,128,0.251327
TEL,23364,8.7552,8.7064,4.2936,-128.2308,128,0.251327
TEL,23464,8.7552,8.7142,4.2879,-128.1138,128,0.251327
TEL,23564,8.7376,8.7171,4.2839,-128.0734,128,0.251327
TEL,23664,8.7376,8.7196,4.2812,-128.0877,128,0.251327
TEL,23764,8.7376,8.7210,4.2790,-128.0973,128,0.251327
TEL,23864,8.7376,8.7228,4.2778,-128.1175,128,0.251327
TEL,23964,8.7376,8.7232,4.2773,-128.1685,128,0.251327
TEL,24064,8.7376,8.7235,4.2770,-128.2055,128,0.251327
TEL,24164,7.4151,8.7234,4.2770,-128.2055,128,0.251327
TEL,24264,8.4494,8.6600,4.3080,-129.8762,130,0.255254
TEL,24364,8.6510,8.6573,4.3400,-131.0577,131,0.257218
TEL,24464,8.7376,8.6644,4.3421,-130.8572,131,0.257218
TEL,24564,8.1474,8.6406,4.3356,-130.3650,130,0.255254
TEL,24664,8.6338,8.6234,4.3717,-131.7995,132,0.259181
TEL,24764,8.7202,8.6299,4.3766,-131.7382,132,0.259181
TEL,24864,7.5865,8.5810,4.3655,-131.1135,131,0.257218
TEL,24964,8.4824,8.5474,4.4190,-133.6341,134,0.263108
TEL,25064,8.6855,8.5663,4.4499,-134.1610,134,0.263108
TEL,25164,7.2385,8.5758,4.4337,-133.1641,133,0.261145
TEL,25264,8.3841,8.5234,4.4642,-134.6228,135,0.265072
TEL,25364,8.6338,8.5323,4.4759,-134.7483,135,0.265072
TEL,25464,8.7028,8.5636,4.4473,-133.3836,133,0.261145
TEL,25564,7.9229,8.5174,4.4826,-135.3913,135,0.265072
TEL,25664,8.5659,8.4998,4.5062,-135.8187,136,0.267035
TEL,25764,8.3038,8.4966,4.4869,-134.5843,135,0.265072
TEL,25864,7.5463,8.4490,4.4701,-133.4847,133,0.261145
TEL,25964,8.4166,8.4073,4.5927,-137.2971,137,0.268999
TEL,26064,8.6682,8.4657,4.5567,-135.6582,136,0.267035
TEL,26164,8.6168,8.5022,4.5106,-133.7269,134,0.263108
TEL,26264,8.3518,8.4306,4.5593,-136.7431,137,0.268999
TEL,26364,8.6168,8.4537,4.5463,-135.7310,136,0.267035
TEL,26464,8.7028,8.5020,4.5183,-134.3521,134,0.263108
TEL,26564,7.7234,8.4299,4.5701,-137.5340,138,0.270962
TEL,26664,8.5998,8.4327,4.5857,-137.7987,138,0.270962
TEL,26764,8.6855,8.4752,4.5248,-135.0948,135,0.265072
TEL,26864,6.8071,8.5194,4.4806,-133.2312,133,0.261145
TEL,26964,8.7028,8.5010,4.5232,-135.6128,136,0.267035
TEL,27064,8.6682,8.5009,4.5187,-134.9786,135,0.265072
TEL,27164,8.6168,8.5314,4.4783,-133.1893,133,0.261145
TEL,27264,8.1783,8.4441,4.5231,-135.8354,136,0.267035
TEL,27364,8.5828,8.4639,4.5361,-135.6944,136,0.267035
TEL,27464,8.7028,8.5220,4.4976,-133.8799,134,0.263108
TEL,27564,6.6773,8.5220,4.4976,-133.8799,134,0.263108
TEL,27664,8.5323,8.4684,4.5275,-135.8945,136,0.267035
TEL,27764,8.6682,8.5032,4.5316,-135.7358,136,0.267035
TEL,27864,7.0225,8.5277,4.4968,-134.1363,134,0.263108
TEL,27964,8.3198,8.4519,4.5324,-136.6727,137,0.268999
TEL,28064,8.6510,8.4885,4.5416,-136.5148,137,0.268999
TEL,28164,8.7028,8.5262,4.4918,-134.2419,134,0.263108
TEL,28264,8.1938,8.5095,4.4592,-132.8870,133,0.261145
TEL,28364,8.5828,8.5053,4.5025,-134.8705,135,0.265072
TEL,28464,8.7202,8.5457,4.4849,-134.0491,134,0.263108
TEL,28564,6.9876,8.5590,4.4410,-132.4015,132,0.259181
TEL,28664,8.4824,8.4793,4.4979,-135.3580,135,0.265072
TEL,28764,8.6682,8.4967,4.5207,-135.9098,136,0.267035
TEL,28864,8.7028,8.5512,4.4845,-134.0693,134,0.263108
TEL,28964,8.1016,8.4281,4.5291,-138.4073,138,0.270962
TEL,29064,8.6682,8.4722,4.5653,-138.5367,139,0.272926
TEL,29164,8.7202,8.5197,4.5037,-135.3770,135,0.265072
TEL,29264,7.9964,8.4834,4.4613,-133.3484,133,0.261145
TEL,29364,8.5156,8.4719,4.5335,-136.2603,136,0.267035
TEL,29464,8.7028,8.5217,4.5135,-135.0639,135,0.265072
TEL,29564,7.4281,8.5292,4.4783,-133.4203,133,0.261145
TEL,29664,8.4659,8.5137,4.4521,-132.5642,133,0.261145
TEL,29764,8.6682,8.5323,4.4802,-133.4726,133,0.261145
TEL,29864,7.4151,8.5594,4.4535,-132.4350,132,0.259181
TEL,29964,8.0113,8.5146,4.4854,-134.4827,134,0.263108
TEL,30064,8.6338,8.5168,4.4937,-134.7219,135,0.265072
TEL,30164,8.6682,8.5403,4.4597,-133.3282,133,0.261145
TEL,30264,7.9964,8.5074,4.4926,-135.3357,135,0.265072
TEL,30364,8.5156,8.4941,4.5059,-135.5018,136,0.267035
TEL,30464,8.7028,8.5296,4.4704,-133.8111,134,0.263108
TEL,30564,7.4540,8.5462,4.4704,-133.8111,134,0.263108
TEL,30664,8.4166,8.4303,4.5304,-137.2617,137,0.268999
TEL,30764,8.6338,8.4608,4.5697,-138.1163,138,0.270962
TEL,30864,8.7376,8.5245,4.5194,-135.6043,136,0.267035
TEL,30964,7.7095,8.4455,4.4755,-133.4741,133,0.261145
TEL,31064,8.5828,8.4941,4.5545,-137.4791,137,0.268999
TEL,31164,8.6855,8.5261,4.5059,-135.3916,135,0.265072
TEL,31264,8.7202,8.5786,4.4550,-133.1266,133,0.261145
TEL,31364,8.7376,8.6083,4.4214,-131.7316,132,0.259181
TEL,31464,8.7376,8.6409,4.3816,-130.4376,130,0.255254
TEL,31564,8.7552,8.6588,4.3591,-129.7285,130,0.255254
TEL,31664,8.7376,8.6765,4.3364,-129.1760,129,0.253291
TEL,31764,8.7552,8.6869,4.3235,-128.8790,129,0.253291
TEL,31864,8.7376,8.6970,4.3131,-128.6245,129,0.253291
TEL,31964,8.7202,8.7015,4.3030,-128.4478,128,0.251327
TEL,32064,8.7376,8.7078,4.2956,-128.3035,128,0.251327
TEL,32164,8.7727,8.7123,4.2922,-128.3063,128,0.251327
TEL,32264,8.7376,8.7156,4.2865,-128.2249,128,0.251327
TEL,32364,8.7376,8.7181,4.2844,-128.2316,128,0.251327
TEL,32464,8.7376,8.7203,4.2811,-128.1903,128,0.251327
TEL,32564,8.7552,8.7228,4.2797,-128.1928,128,0.251327
TEL,32664,8.7552,8.7249,4.2767,-128.1400,128,0.251327
TEL,32764,8.7376,8.7251,4.2751,-128.1019,128,0.251327
TEL,32864,8.7552,8.7268,4.2745,-128.1121,128,0.251327
TEL,32964,6.8071,8.7266,4.2732,-128.0789,128,0.251327
TEL,33064,8.5323,8.6919,4.2899,-128.9084,129,0.253291
TEL,33164,8.6855,8.6894,4.3081,-129.6276,130,0.255254
TEL,33264,7.3258,8.6904,4.3101,-129.5597,130,0.255254
TEL,33364,8.2879,8.6298,4.3506,-131.5197,132,0.259181
TEL,33464,8.6510,8.5900,4.4144,-134.7259,135,0.265072
TEL,33564,8.7202,8.6047,4.4035,-133.5113,134,0.263108
TEL,33664,7.8938,8.5648,4.3888,-132.4376,132,0.259181
TEL,33764,8.5323,8.5750,4.4352,-134.4390,134,0.263108
TEL,33864,8.7028,8.5942,4.4218,-133.5279,134,0.263108
TEL,33964,7.1772,8.6018,4.3982,-132.3006,132,0.259181
TEL,34064,8.4494,8.5633,4.4272,-133.4469,133,0.261145
TEL,34164,8.6682,8.5709,4.4365,-133.5375,134,0.263108
TEL,34264,7.5065,8.5152,4.4117,-132.3264,132,0.259181
TEL,34364,8.0412,8.4705,4.5295,-136.7723,137,0.268999
TEL,34464,8.5998,8.4746,4.5379,-136.6932,137,0.268999
TEL,34564,8.6855,8.5089,4.4911,-134.5171,135,0.265072
TEL,34664,7.7234,8.4550,4.5450,-137.6442,138,0.270962
TEL,34764,8.4824,8.4324,4.5676,-137.7295,138,0.270962
TEL,34864,8.7028,8.4928,4.5072,-134.8923,135,0.265072
TEL,34964,8.7202,8.5342,4.4658,-133.0107,133,0.261145
TEL,35064,8.3841,8.4731,4.5269,-135.5129,136,0.267035
TEL,35164,8.6338,8.4941,4.5059,-134.4333,134,0.263108
TEL,35264,8.7202,8.5476,4.4524,-132.4082,132,0.259181
TEL,35364,7.6681,8.4664,4.5336,-136.6306,136,0.267035
TEL,35464,8.5998,8.4755,4.5245,-135.6768,136,0.267035
TEL,35564,8.6855,8.5146,4.4854,-133.8612,134,0.263108
TEL,35664,6.7308,8.5507,4.4854,-133.8612,134,0.263108
TEL,35764,8.3841,8.4953,4.4918,-135.2587,135,0.265072
TEL,35864,8.6682,8.5238,4.5010,-135.2595,135,0.265072
REF,35957,17.0000,hold_far
TEL,35964,8.7202,8.5552,4.4605,-133.4213,133,0.261145
TEL,36064,8.3518,8.4853,8.4291,-224.0000,185,0.363247
TEL,36164,8.6168,8.5007,8.5116,-224.0000,224,0.439823
TEL,36264,8.7727,8.5596,8.4854,-224.0000,224,0.439823
TEL,36364,6.7524,8.5570,8.4404,-224.0000,224,0.439823
TEL,36464,8.8797,8.5637,8.4758,-224.0000,224,0.439823
TEL,36564,9.1578,8.6649,8.3925,-224.0000,224,0.439823
TEL,36664,7.2508,8.8236,8.2659,-224.0000,224,0.439823
TEL,36764,9.3524,8.8806,8.1946,-224.0000,224,0.439823
TEL,36864,10.1208,9.3395,8.0035,-224.0000,224,0.439823
TEL,36964,10.5752,9.8324,7.4242,-224.0000,224,0.439823
TEL,37064,10.4277,9.7319,7.3814,-224.0000,224,0.439823
TEL,37164,11.4033,10.4941,6.9134,-224.0000,224,0.439823
TEL,37264,12.3934,11.7216,6.0776,-215.9200,216,0.424115
TEL,37364,10.8298,11.6259,4.9673,-171.3539,176,0.345575
TEL,37464,13.4381,12.6611,4.9840,-168.6058,169,0.331831
TEL,37564,14.2152,13.4913,3.9104,-124.5622,129,0.253291
TEL,37664,11.8484,12.4788,4.4522,-172.2380,166,0.325940
TEL,37764,15.2254,14.3441,4.5211,-182.2510,182,0.357356
TEL,37864,16.8960,16.3019,1.9379,-86.2510,130,0.255254
TEL,37964,17.7663,17.0577,0.6981,-10.3487,36,0.070686
TEL,38064,16.8960,16.0527,1.9632,-106.3487,26,0.051051
TEL,38164,17.7014,17.1356,0.2930,-19.7911,76,0.149226
TEL,38264,18.0304,17.7465,-0.4344,13.4904,2,0.003927
TEL,38364,15.2745,15.9210,0.5009,-45.5220,16,0.031416
TEL,38464,17.2591,16.7456,0.7838,-42.3833,42,0.082467
TEL,38564,17.3833,16.6400,0.2544,0.0579,3,0.005890
TEL,38664,14.1295,14.7840,-0.0095,8.4624,-8,-0.015708
TEL,38764,16.8368,15.9291,1.7220,-50.9477,38,0.074613
TEL,38864,16.4333,16.3154,0.8799,-18.9948,24,0.047124
TEL,38964,16.4333,16.1632,0.6846,-14.6482,15,0.029452
TEL,39064,15.6264,14.9660,2.1427,-101.2906,67,0.131554
TEL,39164,15.3735,15.1683,1.9195,-84.6814,90,0.176715
TEL,39264,15.3735,15.2772,1.7792,-74.8968,75,0.147262
TEL,39364,13.5950,14.4420,1.7228,-70.1833,70,0.137445
TEL,39464,14.4781,14.3632,2.6574,-106.4781,105,0.206167
TEL,39564,14.3895,14.3715,2.6368,-103.4506,103,0.202240
TEL,39664,13.0969,13.5801,2.6321,-102.4192,102,0.200277
TEL,39764,13.7554,13.5748,3.4199,-135.9844,136,0.267035
TEL,39864,14.0027,13.6977,3.3612,-130.6622,131,0.257218
TEL,39964,14.0027,13.7811,3.3023,-126.3028,126,0.247400
TEL,40064,14.1722,13.9265,3.1669,-119.8105,120,0.235619
TEL,40164,14.3018,14.0099,3.0735,-115.4942,115,0.225802
TEL,40264,14.3455,14.1265,2.9428,-109.8878,110,0.215984
TEL,40364,14.3455,14.2024,2.8735,-107.0634,107,0.210094
TEL,40464,14.8430,14.3910,2.7383,-101.2628,101,0.198313
TEL,40564,15.0320,14.5494,2.6090,-95.5501,96,0.188496
TEL,40664,15.4737,14.8685,2.3696,-85.7404,86,0.168861
TEL,40764,15.6779,15.1322,2.1315,-75.0208,75,0.147262
TEL,40864,16.1559,15.6012,1.7150,-57.6265,58,0.113883
TEL,40964,16.3213,15.9206,1.3988,-44.1803,44,0.086394
TEL,41064,16.8368,16.3344,0.9289,-25.6636,26,0.051051
TEL,41164,17.1364,16.6059,0.6656,-15.2146,15,0.029452
TEL,41264,17.2591,16.9431,0.2989,-2.1175,2,0.003927
TEL,41364,17.5729,17.1871,0.0569,6.4246,-6,-0.011781
TEL,41464,17.8974,17.4284,-0.2565,19.1244,-19,-0.037306
TEL,41564,17.9637,17.6061,-0.4284,24.5099,-25,-0.049087
TEL,41664,17.3833,16.6237,0.5153,-38.0613,23,0.045160
TEL,41764,17.3833,17.1192,0.3763,-18.0537,19,0.037306
TEL,41864,17.5093,17.3237,-0.2545,0.0000,0,0.000000
TEL,41964,14.4337,15.5898,-0.3237,0.0000,0,0.000000
TEL,42064,16.8960,16.3657,1.2080,-40.6768,38,0.074613
TEL,42164,16.8960,16.6236,0.6343,-14.6332,15,0.029452
TEL,42264,13.9610,14.9079,0.3522,-6.0987,6,0.011781
TEL,42364,16.2107,15.3966,2.0921,-89.1539,59,0.115846
TEL,42464,15.9936,15.8217,1.3986,-55.6567,76,0.149226
TEL,42564,12.2283,15.1178,1.1783,-45.1493,45,0.088357
TEL,42664,14.8899,14.3869,3.6164,-141.1493,97,0.190459
TEL,42764,14.9843,14.7489,2.6131,-116.9549,135,0.265072
TEL,42864,12.0673,14.2831,2.1421,-91.6753,92,0.180642
TEL,42964,13.3225,13.0756,2.7169,-124.9083,124,0.243473
TEL,43064,14.7042,14.2176,3.3844,-132.5134,133,0.261145
TEL,43164,14.7502,14.5000,2.7824,-102.6386,103,0.202240
TEL,43264,13.5555,13.5249,2.3500,-83.8774,84,0.164934
TEL,43364,14.9843,14.1424,3.4751,-127.6384,124,0.243473
TEL,43464,15.4235,14.8971,2.5959,-89.8811,91,0.178678
TEL,43564,13.6748,14.6821,2.1029,-68.6374,69,0.135481
TEL,43664,15.1766,14.5739,2.8491,-111.5929,108,0.212057
TEL,43764,15.9401,15.2876,2.4261,-88.8036,89,0.174751
TEL,43864,11.9726,14.6481,1.3877,-43.3546,48,0.094248
TEL,43964,15.9936,14.9344,2.3519,-108.3635,91,0.178678
TEL,44064,16.8960,16.3185,1.5268,-60.0351,81,0.159043
TEL,44164,12.4269,15.1827,0.6815,-19.2926,20,0.039270
TEL,44264,16.1559,14.9358,3.0302,-115.2926,71,0.139408
TEL,44364,17.1976,16.4404,2.0642,-77.1927,109,0.214021
TEL,44464,17.9637,17.7090,-0.0250,18.8073,25,0.049087
TEL,44564,14.6130,16.9198,-0.7090,41.2012,-40,-0.078540
TEL,44664,17.5093,16.9773,0.4656,-16.4608,5,0.009817
TEL,44764,17.8974,17.4276,0.0227,5.5067,-5,-0.009817
TEL,44864,11.3179,14.3093,-0.5065,24.7112,-25,-0.049087
TEL,44964,16.8960,16.0688,2.6907,-71.2888,28,0.054978
TEL,45064,17.1364,16.9017,0.4415,-36.8914,65,0.127627
TEL,45164,13.6348,16.1634,0.0983,-15.4311,15,0.029452
TEL,45264,15.4235,14.7166,2.8241,-111.4311,67,0.131554
TEL,45364,16.0473,15.4429,2.2834,-113.6716,114,0.223838
TEL,45464,15.7818,15.6720,1.4024,-69.1941,74,0.145299
TEL,45564,12.9503,14.1117,1.3280,-61.0752,61,0.119773
TEL,45664,15.1766,14.6573,2.8071,-112.5060,105,0.206167
TEL,45764,14.9843,14.8463,2.3427,-88.3263,89,0.174751
TEL,45864,13.0599,14.1819,2.1117,-78.8490,79,0.155116
TEL,45964,14.5678,14.2144,2.8181,-114.5812,114,0.223838
TEL,46064,14.5678,14.3714,2.7312,-107.9712,108,0.212057
TEL,46164,14.5228,14.4401,2.6286,-101.8515,102,0.200277
TEL,46264,14.0870,13.8427,2.9723,-123.1925,123,0.241510
TEL,46364,14.5228,14.1027,3.1573,-125.1706,125,0.245437
TEL,46464,11.5775,13.7179,2.7987,-107.9452,108,0.212057
TEL,46564,13.7150,13.0775,3.2821,-139.2622,138,0.270962
TEL,46664,14.9843,14.4479,3.3747,-126.8887,127,0.249364
TEL,46764,15.5243,15.0266,2.5521,-88.4895,90,0.176715
TEL,46864,14.5228,14.1824,1.7642,-56.4891,56,0.109956
TEL,46964,16.1015,15.1506,2.8176,-92.2772,91,0.178678
TEL,47064,16.8960,16.2115,1.4929,-38.5235,48,0.094248
TEL,47164,10.9084,14.7137,0.7885,-9.1183,6,0.011781
TEL,47264,16.6040,15.8031,2.0642,-58.7893,52,0.102102
TEL,47364,17.3210,16.7173,1.1969,-21.3193,24,0.047124
TEL,47464,11.9413,15.5796,-0.0565,38.4869,-26,-0.051051
TEL,47564,16.7197,15.7243,1.4204,-57.5130,-2,-0.003927
TEL,47664,17.8316,17.4830,0.2497,-1.3976,50,0.098175
TEL,47764,18.0304,17.7694,-0.4830,31.4265,-20,-0.039270
TEL,47864,16.4333,16.0973,0.7093,-50.5775,6,0.011781
TEL,47964,17.5729,16.8474,0.9027,-45.9987,46,0.090321
TEL,48064,17.7663,17.4617,-0.1470,0.0000,5,0.009817
TEL,48164,11.3179,14.3076,-0.4617,16.0888,-16,-0.031416
TEL,48264,17.1364,16.6288,1.5416,-32.8302,26,0.051051
TEL,48364,17.0757,16.8830,0.3712,14.0576,-8,-0.015708
TEL,48464,16.7197,16.8780,0.1135,15.8780,-16,-0.031416
TEL,48564,16.6040,16.7945,0.1220,9.0020,-9,-0.017671
TEL,48664,16.1559,16.5859,0.2694,-1.8639,2,0.003927
TEL,48764,15.6264,16.3256,0.4141,-11.4883,11,0.021598
TEL,48864,14.8430,15.6252,0.8586,-33.5383,34,0.066759
TEL,48964,14.4781,15.0925,1.3748,-58.7561,59,0.115846
TEL,49064,13.9610,14.4477,2.1434,-91.1617,91,0.178678
TEL,49164,13.4770,14.0031,2.5523,-108.1056,108,0.212057
TEL,49264,12.8782,13.4468,3.1869,-133.1182,133,0.261145
TEL,49364,12.6315,13.0917,3.5532,-147.9241,148,0.290597
TEL,49464,12.2610,12.6484,4.0713,-167.4169,167,0.327904
TEL,49564,11.8484,12.3334,4.3516,-177.1778,177,0.347539
TEL,49664,11.3747,11.8951,4.8059,-194.0464,194,0.380918
TEL,49764,11.0418,11.5818,5.1049,-205.5708,206,0.404480
TEL,49864,10.7522,11.1527,5.5758,-223.5285,224,0.439823
TEL,49964,10.5256,10.9152,5.8473,-224.0000,224,0.439823
TEL,50064,10.3314,10.6446,6.1928,-224.0000,224,0.439823
TEL,50164,9.2154,9.8209,6.3554,-224.0000,224,0.439823
TEL,50264,10.1669,9.9136,7.2101,-224.0000,224,0.439823
TEL,50364,10.3793,10.0586,7.0864,-224.0000,224,0.439823
TEL,50464,9.0075,9.6368,6.8818,-224.0000,224,0.439823
TEL,50564,10.3553,9.8539,7.3632,-224.0000,224,0.439823
TEL,50664,10.9084,10.3739,6.9749,-224.0000,224,0.439823
TEL,50764,8.8977,10.1415,6.6261,-224.0000,224,0.439823
TEL,50864,11.3179,10.5069,6.9526,-224.0000,224,0.439823
TEL,50964,12.0356,11.2169,6.4931,-224.0000,224,0.439823
TEL,51064,12.7011,12.1069,5.4564,-195.5934,196,0.384845
TEL,51164,12.0673,11.5849,4.8931,-171.5217,172,0.337721
TEL,51264,13.5555,12.8062,5.0687,-174.8882,175,0.343612
TEL,51364,14.2584,13.6086,4.1938,-137.4317,138,0.270962
TEL,51464,13.3993,13.0338,3.0966,-95.6874,99,0.194386
TEL,51564,15.2254,14.2008,3.9662,-127.6308,128,0.251327
TEL,51664,16.6617,16.0185,2.1125,-49.0714,76,0.149226
TEL,51764,11.2060,14.4585,0.9815,-4.5968,8,0.015708
TEL,51864,17.3210,16.1264,2.4786,-69.4801,54,0.106029
TEL,51964,17.8974,17.2865,0.8736,3.3662,41,0.080503
TEL,52064,12.1635,13.6131,-0.5899,66.6226,-49,-0.096211
TEL,52164,16.3771,15.4053,3.3869,-29.3774,-41,-0.080503
TEL,52264,17.5729,17.3170,0.4491,-6.0689,9,0.017671
TEL,52364,17.6369,17.4901,-0.3170,27.8572,-28,-0.054978
TEL,52464,15.7818,15.2635,0.3155,-20.5170,14,0.027489
TEL,52564,16.8368,16.2808,1.7365,-55.5445,54,0.106029
TEL,52664,16.7197,16.6315,0.5218,-8.1365,13,0.025525
TEL,52764,10.7522,13.4964,0.3685,-4.9126,5,0.009817
TEL,52864,15.9401,15.3953,2.7297,-80.6535,56,0.109956
TEL,52964,15.5243,15.4853,1.6047,-34.7890,63,0.123700
TEL,53064,10.7522,14.6509,1.5415,-40.4416,40,0.078540
TEL,53164,14.4781,14.2850,2.3491,-93.4684,84,0.164934
TEL,53264,14.3455,14.2549,2.7621,-108.9734,109,0.214021
TEL,53364,14.1295,14.2368,2.7451,-106.6969,107,0.210094
TEL,53464,13.0599,13.2070,3.3872,-143.7866,142,0.278816
TEL,53564,13.3993,13.2978,3.7930,-156.4058,156,0.306305
TEL,53664,13.4381,13.3476,3.6899,-148.7180,149,0.292561
TEL,53764,11.4898,12.4580,3.6524,-144.5169,145,0.284707
TEL,53864,13.0599,12.6499,4.5412,-176.6371,177,0.347539
TEL,53964,13.1340,12.7987,4.3501,-165.7438,166,0.325940
TEL,54064,11.3179,12.0952,4.1068,-154.3512,154,0.302378
TEL,54164,12.8782,12.3052,4.9048,-192.2819,191,0.375028
TEL,54264,13.3993,12.9276,4.4744,-169.5173,170,0.333794
TEL,54364,11.1508,12.5925,4.0724,-150.5581,151,0.296488
TEL,54464,13.3993,12.5593,5.4944,-224.0000,202,0.396626
TEL,54564,14.0870,13.4791,4.4407,-170.6109,204,0.400553
TEL,54664,11.4320,13.2135,3.1943,-115.7153,125,0.245437
TEL,54764,13.5950,12.7633,3.7865,-158.9399,152,0.298451
TEL,54864,16.0473,15.1716,3.3553,-119.3669,123,0.241510
TEL,54964,16.4899,15.9931,1.8284,-47.3742,68,0.133518
TEL,55064,14.7502,15.3572,0.6743,-2.7083,6,0.011781
TEL,55164,17.6369,16.4351,1.6428,-54.3677,47,0.092284
TEL,55264,18.0304,17.6677,0.0157,16.9311,6,0.011781
TEL,55364,11.5775,14.0113,-0.6677,46.2009,-46,-0.090321
TEL,55464,17.7663,16.8732,2.1967,-49.7991,7,0.013744
TEL,55564,17.6369,17.3232,0.1268,36.5873,44,0.086394
TEL,55664,16.1559,17.1881,-0.4253,60.4064,-39,-0.076576
TEL,55764,16.2658,16.5007,-0.1881,29.0534,-39,-0.076576
TEL,55864,16.8368,16.6791,0.4511,-4.9576,5,0.009817
TEL,55964,16.6040,16.6638,0.3209,-2.5203,3,0.005890
TEL,56064,15.0799,15.2243,1.1328,-53.2060,46,0.090321
TEL,56164,15.5243,15.3808,1.7757,-76.6812,77,0.151189
TEL,56264,14.9843,15.2938,1.5984,-66.8705,67,0.131554
TEL,56364,11.7266,13.6751,1.7062,-70.6086,71,0.139408
TEL,56464,14.0027,13.7355,3.4488,-137.8329,120,0.235619
TEL,56564,13.9194,13.8354,3.2645,-126.7187,127,0.249364
TEL,56664,10.9614,12.4770,3.1797,-123.0593,123,0.241510
TEL,56764,12.8782,12.6535,4.5230,-188.9102,172,0.337721
TEL,56864,12.9142,12.7819,4.2779,-173.2568,173,0.339685
TEL,56964,12.7361,12.7839,4.2181,-167.2408,167,0.327904
TEL,57064,12.0992,12.2711,4.5019,-182.1632,182,0.357356
TEL,57164,12.5626,12.3253,4.7289,-188.7447,189,0.371101
TEL,57264,12.5969,12.4294,4.6299,-181.4380,181,0.355393
TEL,57364,12.7011,12.4853,4.5706,-176.9909,177,0.347539
TEL,57464,12.9142,12.5818,4.4869,-172.2725,172,0.337721
TEL,57564,13.2088,12.7126,4.4182,-168.1833,168,0.329867
TEL,57664,13.4770,12.9717,4.2043,-158.1923,158,0.310232
TEL,57764,13.7961,13.2226,4.0283,-149.8323,150,0.294524
TEL,57864,14.1295,13.6268,3.6519,-133.7627,134,0.263108
TEL,57964,14.4781,13.9492,3.3732,-121.5893,122,0.239546
TEL,58064,15.0320,14.4690,2.8813,-101.1455,101,0.198313
TEL,58164,15.6264,14.9844,2.5310,-86.2694,86,0.168861
TEL,58264,16.3771,15.7455,1.7715,-55.0074,56,0.109956
TEL,58364,16.8960,16.2537,1.2545,-33.2307,33,0.064795
TEL,58464,17.2591,16.8067,0.5175,-4.4459,4,0.007854
TEL,58564,17.5093,17.1408,0.1933,7.1251,-7,-0.013744
TEL,58664,18.0975,17.6626,-0.3132,30.4413,-30,-0.058905
TEL,58764,18.0975,17.8626,-0.6626,39.8021,-40,-0.078540
TEL,58864,18.0975,17.9753,-0.9134,43.2677,-43,-0.084430
TEL,58964,13.9194,16.0210,-0.9753,41.4252,-41,-0.080503
TEL,59064,17.3210,16.6737,0.9400,-29.0934,9,0.017671
TEL,59164,17.4461,17.0369,0.3263,-0.9390,8,0.015708
TEL,59264,14.3455,14.9979,-0.1501,20.4221,-20,-0.039270
TEL,59364,16.3213,15.6110,2.0021,-75.5779,32,0.062832
TEL,59464,16.1559,16.0412,1.1347,-42.2366,70,0.137445
TEL,59564,16.2658,16.1290,0.9588,-34.8423,35,0.068722
TEL,59664,14.5678,14.7587,1.5841,-74.3403,72,0.141372
TEL,59764,15.0320,14.8797,2.2413,-97.8078,98,0.192423
TEL,59864,11.4608,14.3017,2.0974,-88.2370,88,0.172788
TEL,59964,12.7361,12.8312,2.6983,-120.8986,120,0.235619
TEL,60064,13.8781,13.4756,3.8986,-155.4711,155,0.304342
TEL,60164,13.7554,13.6207,3.5244,-135.4584,135,0.265072
TEL,60264,12.0356,12.6104,3.3333,-126.7758,127,0.249364
TEL,60364,13.3608,12.8858,4.3896,-173.7590,169,0.331831
TEL,60464,13.5950,13.2566,3.9752,-153.0459,153,0.300415
TEL,60564,9.9624,12.6239,3.7434,-141.3784,141,0.276853
TEL,60664,13.0232,12.7019,4.5554,-176.3206,175,0.343612
TEL,60764,13.4770,12.9847,4.2981,-163.0130,163,0.320050
TEL,60864,9.8959,12.4727,3.8873,-144.7485,145,0.284707
TEL,60964,13.0599,12.4667,4.5273,-186.4468,183,0.359320
TEL,61064,13.7961,13.3070,4.2423,-165.2621,165,0.323977
TEL,61164,14.0870,13.6868,3.6930,-138.1657,138,0.270962
TEL,61264,14.0027,13.0512,4.2875,-182.2565,179,0.351466
TEL,61364,14.7042,13.9651,3.9488,-153.6485,154,0.302378
TEL,61464,15.5243,15.0225,2.6185,-93.1469,107,0.210094
TEL,61564,13.2088,13.7690,1.9775,-64.6911,65,0.127627
TEL,61664,16.4333,15.5522,2.7580,-87.2018,87,0.170824
TEL,61764,17.1364,16.5048,1.4478,-28.8106,40,0.078540
TEL,61864,13.9610,14.5789,0.1340,21.3640,-18,-0.035343
TEL,61964,17.1976,16.2001,2.4211,-74.6360,31,0.060868
TEL,62064,18.0304,17.6513,0.0329,17.8182,69,0.135481
TEL,62164,12.7714,16.3194,-0.6513,48.1892,-15,-0.029452
TEL,62264,16.9555,16.3642,1.4744,-47.8108,-37,-0.072649
TEL,62364,17.5729,17.0314,0.6358,-17.8266,18,0.035343
TEL,62464,12.4606,16.0446,-0.1294,13.8595,-14,-0.027489
TEL,62564,16.2658,15.7092,0.9554,-57.0644,36,0.070686
TEL,62664,16.6040,16.2238,1.1732,-56.8887,57,0.111919
TEL,62764,16.5468,16.3969,0.7762,-34.7327,35,0.068722
TEL,62864,14.3018,14.9506,0.5952,-26.1875,26,0.051051
TEL,62964,15.5752,15.2458,2.0494,-89.9681,75,0.147262
TEL,63064,15.2745,15.3154,1.7184,-73.1684,74,0.145299
TEL,63164,10.5256,14.5976,1.6846,-69.8560,70,0.137445
TEL,63264,14.4337,14.1705,2.8929,-124.6158,115,0.225802
TEL,63364,14.2152,14.1797,2.8295,-115.8318,116,0.227765
TEL,63464,10.4764,13.6784,2.8143,-112.7505,113,0.221875
TEL,63564,13.2088,13.2146,3.3216,-140.9265,141,0.276853
TEL,63664,13.6748,13.4796,3.7093,-149.8299,150,0.294524
TEL,63764,13.7554,13.5767,3.5204,-138.8968,139,0.272926
TEL,63864,13.0969,12.8032,4.1154,-174.8731,174,0.341648
TEL,63964,13.6748,13.1610,4.1968,-169.8660,170,0.333794
TEL,64064,14.1295,13.6820,3.6721,-143.3821,143,0.280780
TEL,64164,12.4606,12.7717,3.3180,-125.4259,125,0.245437
TEL,64264,14.6130,13.7908,3.9499,-143.6630,144,0.282743
TEL,64364,14.9843,14.4405,3.2092,-108.7848,110,0.215984
TEL,64464,13.0599,13.3392,2.3180,-73.5072,75,0.147262
TEL,64564,15.5752,14.4565,3.6608,-133.8509,122,0.239546
TEL,64664,16.6040,15.8931,2.0383,-62.8748,101,0.198313
TEL,64764,16.8960,16.4492,1.1069,-21.9189,25,0.049087
TEL,64864,16.7197,16.2666,0.7976,-21.2126,21,0.041233
TEL,64964,17.5093,16.8396,0.7334,-17.9171,18,0.035343
TEL,65064,13.2844,16.1488,-0.1549,25.4452,-21,-0.041233
TEL,65164,16.2107,15.8255,0.8512,-49.4278,23,0.045160
TEL,65264,17.5729,17.2111,0.4967,-16.5539,32,0.062832
TEL,65364,17.7663,17.4751,-0.2111,16.4684,-16,-0.031416
TEL,65464,15.6779,15.0703,0.6915,-46.4354,32,0.062832
TEL,65564,16.7781,16.3210,1.9297,-67.5988,68,0.133518
TEL,65664,17.0154,16.8500,0.4188,-6.2499,20,0.039270
TEL,65764,16.8368,16.8804,0.1500,2.7915,-3,-0.005890
TEL,65864,16.3771,16.7519,0.1383,0.4074,0,0.000000
REF,65957,9.0000,hold_near
TEL,65964,16.1559,16.6076,0.2481,0.0083,0,0.000000
TEL,66064,15.6779,16.2856,-7.5321,96.0083,-52,-0.102102
TEL,66164,15.0799,15.8490,-7.2856,192.0083,-146,-0.286670
TEL,66264,14.5228,15.1151,-6.6008,187.0783,-188,-0.369137
TEL,66364,13.9610,14.5805,-6.1151,168.0005,-168,-0.329867
TEL,66464,12.9142,13.6608,-5.2846,137.9871,-138,-0.270962
TEL,66564,12.2283,12.9648,-4.6608,114.2855,-114,-0.223838
TEL,66664,10.8298,11.6936,-3.5771,76.6092,-79,-0.155116
TEL,66764,9.8085,10.6560,-2.6936,43.5805,-45,-0.088357
TEL,66864,8.3518,9.0893,-1.0960,-26.0049,5,0.009817
TEL,66964,8.0262,8.4180,-0.0893,-55.7836,56,0.109956
TEL,67064,8.8797,8.5215,0.6461,-60.8207,61,0.119773
TEL,67164,9.6170,8.8990,0.4785,-39.6998,40,0.078540
TEL,67264,10.5256,9.7754,-0.1572,-5.2013,6,0.011781
TEL,67364,11.1783,10.4469,-0.7754,26.2865,-26,-0.051051
TEL,67464,11.2617,10.6011,-0.7732,-1.9256,2,0.003927
TEL,67564,12.2283,11.5066,-1.6011,42.2514,-38,-0.074613
TEL,67664,12.8424,12.3389,-2.8122,95.6571,-88,-0.172788
TEL,67764,11.6665,11.7359,-3.3389,116.4731,-116,-0.227765
TEL,67864,13.0599,12.3847,-2.8838,103.2887,-103,-0.202240
TEL,67964,13.2465,12.8036,-3.3847,122.2079,-122,-0.239546
TEL,68064,11.4033,11.8854,-3.9256,136.8096,-137,-0.268999
TEL,68164,12.7714,12.2471,-2.8854,91.7702,-97,-0.190459
TEL,68264,12.6315,12.5026,-3.3679,110.2799,-110,-0.215984
TEL,68364,9.9401,12.0332,-3.5026,114.9152,-115,-0.225802
TEL,68464,11.1233,11.0631,-2.0527,38.2081,-64,-0.125664
TEL,68564,10.7522,10.9859,-2.0631,47.1447,-47,-0.092284
TEL,68664,9.8959,10.5948,-1.8995,44.7347,-45,-0.088357
TEL,68764,8.4659,10.1172,-1.5948,24.2597,-30,-0.058905
TEL,68864,8.0262,8.6404,-0.5584,-18.7153,13,0.025525
TEL,68964,8.2721,8.3677,0.3596,-48.6329,48,0.094248
TEL,69064,7.7794,8.2698,0.5941,-42.1237,42,0.082467
TEL,69164,9.3128,8.6090,0.7302,-40.7925,41,0.080503
TEL,69264,10.2603,9.5223,0.1169,1.1156,2,0.003927
TEL,69364,10.7780,10.1359,-0.5223,23.4573,-23,-0.045160
TEL,69464,10.9084,10.4373,-0.8038,15.4658,-15,-0.029452
TEL,69564,11.4320,10.9029,-1.4373,43.9105,-44,-0.086394
TEL,69664,11.7872,11.4311,-2.1020,74.6597,-74,-0.145299
TEL,69764,10.6504,10.7056,-2.4311,86.9925,-87,-0.170824
TEL,69864,11.4033,11.0815,-1.8466,70.7982,-71,-0.139408
TEL,69964,11.2897,11.1836,-2.0815,77.6187,-78,-0.153153
TEL,70064,9.1769,10.2497,-2.1676,76.8611,-77,-0.151189
TEL,70164,10.0071,10.0798,-1.2497,26.6066,-34,-0.066759
TEL,70264,9.2541,9.7580,-1.0016,20.1553,-20,-0.039270
TEL,70364,7.1050,9.5744,-0.7580,11.5962,-12,-0.023562
TEL,70464,7.8649,8.7101,-0.1073,-8.3461,8,0.015708
TEL,70564,8.4990,8.5049,0.4925,-28.9205,28,0.054978
TEL,70664,9.1388,8.7199,0.3810,-18.5823,19,0.037306
TEL,70764,8.4990,8.6765,0.3235,-15.3384,15,0.029452
TEL,70864,9.8302,9.0965,0.0898,1.1908,2,0.003927
TEL,70964,9.8739,9.4416,-0.2991,16.7128,-14,-0.027489
TEL,71064,9.9847,9.4579,-0.2206,-3.2566,-3,-0.005890
TEL,71164,10.0978,9.7027,-0.7027,17.8784,-11,-0.021598
TEL,71264,10.4520,10.1085,-0.9994,32.1366,-30,-0.058905
TEL,71364,10.5256,10.2633,-1.2633,40.8387,-41,-0.080503
TEL,71464,9.8959,9.9192,-0.9259,27.4412,-28,-0.054978
TEL,71564,9.9179,9.9188,-0.9188,27.1734,-27,-0.053014
TEL,71664,9.6379,9.8574,-0.8867,25.6632,-26,-0.051051
TEL,71764,8.2406,9.6686,-0.6686,16.4926,-16,-0.031416
TEL,71864,8.4990,9.1304,-0.3167,1.7686,-4,-0.007854
TEL,71964,8.1474,8.7223,0.2777,-19.8219,12,0.023562
TEL,72064,7.5731,8.3019,0.6981,-32.4079,24,0.047124
TEL,72164,8.4659,8.2918,0.7082,-26.4958,28,0.054978
TEL,72264,9.0821,8.6067,0.3933,-11.2782,22,0.043197
TEL,72364,9.3326,8.8697,0.1303,0.5521,7,0.013744
TEL,72464,9.1388,8.9054,0.0946,0.5521,-1,-0.001963
TEL,72564,9.4932,9.0700,-0.0700,9.3862,-5,-0.009817
TEL,72664,9.5547,9.2857,-0.2857,15.3813,-13,-0.025525
TEL,72764,8.3358,9.1214,-0.1214,0.6410,-11,-0.021598
TEL,72864,9.2932,9.1366,-0.1366,0.6410,-1,-0.001963
TEL,72964,9.1578,9.1621,-0.1621,0.6410,-1,-0.001963
TEL,73064,7.7234,8.9830,0.0170,0.6410,-1,-0.001963
TEL,73164,8.3038,8.7388,0.2612,-13.6351,3,0.005890
TEL,73264,8.1321,8.4677,0.5323,-21.9161,18,0.035343
TEL,73364,8.3198,8.4038,0.5962,-21.9853,22,0.043197
TEL,73464,8.2879,8.3128,0.6872,-22.7022,23,0.045160
TEL,73564,8.7552,8.4059,0.5941,-16.6808,19,0.037306
TEL,73664,8.9706,8.6135,0.3865,-8.2986,13,0.025525
TEL,73764,6.9189,8.4526,0.3865,-8.2986,8,0.015708
TEL,73864,8.7904,8.5454,0.5512,-13.2325,13,0.025525
TEL,73964,8.7552,8.6186,0.4546,-9.2147,9,0.017671
TEL,74064,6.5622,8.6352,0.3671,-7.1249,7,0.013744
TEL,74164,7.9816,8.4654,0.4567,-12.2881,12,0.023562
TEL,74264,8.2249,8.3292,0.5985,-18.3716,18,0.035343
TEL,74364,8.4659,8.3469,0.6699,-19.3876,19,0.037306
TEL,74464,8.6855,8.4140,0.6218,-16.7982,17,0.033379
TEL,74564,8.7028,8.4767,0.5538,-13.5862,14,0.027489
TEL,74664,8.6682,8.5501,0.4946,-11.1499,11,0.021598
TEL,74764,8.7028,8.5796,0.4349,-9.4998,9,0.017671
TEL,74864,8.4824,8.5732,0.4183,-9.6477,10,0.019635
TEL,74964,8.3038,8.5350,0.4439,-11.3324,11,0.021598
TEL,75064,8.3518,8.4757,0.5118,-14.0535,14,0.027489
TEL,75164,8.4990,8.4741,0.5281,-14.4136,14,0.027489
TEL,75264,8.4990,8.4781,0.5235,-14.0794,14,0.027489
TEL,75364,8.4824,8.4786,0.5216,-13.8872,14,0.027489
TEL,75464,8.4166,8.4749,0.5219,-13.7911,14,0.027489
TEL,75564,8.3518,8.4660,0.5280,-14.0041,14,0.027489
TEL,75664,8.3038,8.4390,0.5533,-14.9902,15,0.029452
TEL,75764,8.3841,8.4290,0.5684,-15.4988,15,0.029452
TEL,75864,8.3679,8.4191,0.5781,-15.6967,16,0.031416
TEL,75964,8.3518,8.4142,0.5826,-15.6926,16,0.031416
TEL,76064,8.3198,8.4022,0.5938,-16.0249,16,0.031416
TEL,76164,8.3198,8.3939,0.6024,-16.2630,16,0.031416
TEL,76264,8.3198,8.3820,0.6149,-16.5725,17,0.033379
TEL,76364,8.2563,8.3730,0.6215,-16.7168,17,0.033379
TEL,76464,7.5065,8.3278,0.6722,-18.8122,19,0.037306
TEL,76564,8.0713,8.2914,0.7086,-20.0033,20,0.039270
TEL,76664,8.2563,8.2779,0.7221,-19.9637,20,0.039270
TEL,76764,6.7308,8.2795,0.7221,-19.9637,20,0.039270
TEL,76864,8.0412,8.2394,0.7462,-20.5849,21,0.041233
TEL,76964,8.2249,8.2344,0.7649,-20.8997,21,0.041233
TEL,77064,8.2563,8.2373,0.7639,-20.5343,21,0.041233
TEL,77164,7.6544,8.2056,0.7944,-21.8136,22,0.043197
TEL,77264,8.1938,8.1837,0.8170,-22.3060,22,0.043197
TEL,77364,8.2721,8.1925,0.8075,-21.5529,22,0.043197
TEL,77464,7.5065,8.1575,0.8425,-23.1897,23,0.045160
TEL,77564,8.0562,8.1298,0.8702,-23.7853,24,0.047124
TEL,77664,8.2721,8.1458,0.8542,-22.6768,23,0.045160
TEL,77764,7.2016,8.1543,0.8542,-22.6768,23,0.045160
TEL,77864,8.0412,8.1129,0.8810,-23.8239,24,0.047124
TEL,77964,8.2093,8.1179,0.8891,-23.8482,24,0.047124
TEL,78064,8.2563,8.1434,0.8648,-22.6160,23,0.045160
TEL,78164,7.3894,8.1434,0.8648,-22.6160,23,0.045160
TEL,78264,8.1783,8.1223,0.8781,-23.2967,23,0.045160
TEL,78364,8.2563,8.1374,0.8777,-22.9883,23,0.045160
TEL,78464,7.3132,8.1472,0.8528,-21.9101,22,0.043197
TEL,78564,7.9964,8.1097,0.8813,-23.1613,23,0.045160
TEL,78664,8.2406,8.1241,0.8898,-23.2909,23,0.045160
TEL,78764,8.2879,8.1439,0.8662,-22.2524,22,0.043197
TEL,78864,7.8938,8.1274,0.8726,-22.8197,23,0.045160
TEL,78964,8.2249,8.1330,0.8670,-22.3836,22,0.043197
TEL,79064,8.2879,8.1571,0.8429,-21.4585,21,0.041233
TEL,79164,7.2016,8.1571,0.8429,-21.4585,21,0.041233
TEL,79264,8.1783,8.1351,0.8614,-22.3611,22,0.043197
TEL,79364,8.2563,8.1470,0.8649,-22.3425,22,0.043197
TEL,79464,6.5725,8.1135,0.8530,-21.7926,22,0.043197
TEL,79564,7.9964,8.0744,0.9188,-24.1057,24,0.047124
TEL,79664,8.2249,8.1009,0.9199,-23.8499,24,0.047124
TEL,79764,8.2721,8.1252,0.8865,-22.5066,23,0.045160
TEL,79864,7.8793,8.1070,0.8930,-23.2109,23,0.045160
TEL,79964,8.1628,8.1075,0.8925,-23.0301,23,0.045160
TEL,80064,8.2563,8.1365,0.8635,-21.9750,22,0.043197
TEL,80164,6.5010,8.1365,0.8635,-21.9750,22,0.043197
TEL,80264,8.1474,8.1077,0.8891,-23.1736,23,0.045160
TEL,80364,8.2406,8.1233,0.8923,-23.1190,23,0.045160
TEL,80464,6.6773,8.1270,0.8767,-22.4011,22,0.043197
TEL,80564,7.9375,8.0827,0.9053,-23.9902,24,0.047124
TEL,80664,8.2093,8.0992,0.9181,-24.2290,24,0.047124
TEL,80764,8.2721,8.1213,0.8899,-22.9661,23,0.045160
TEL,80864,7.7513,8.0955,0.9045,-23.8744,24,0.047124
TEL,80964,8.1168,8.0943,0.9057,-23.7356,24,0.047124
TEL,81064,8.2879,8.1243,0.8757,-22.4350,22,0.043197
TEL,81164,6.5417,8.1344,0.8757,-22.4350,22,0.043197
TEL,81264,8.1016,8.1196,0.8790,-22.8936,23,0.045160
TEL,81364,8.2406,8.1319,0.8755,-22.5984,23,0.045160
TEL,81464,6.7633,8.1384,0.8602,-21.9368,22,0.043197
TEL,81564,7.8793,8.0875,0.8964,-23.6825,24,0.047124
TEL,81664,8.2249,8.0989,0.9104,-23.7211,24,0.047124
TEL,81764,8.2879,8.1228,0.8894,-22.6993,23,0.045160
TEL,81864,7.6544,8.0902,0.9098,-23.9182,24,0.047124
TEL,81964,8.1168,8.0812,0.9188,-23.9587,24,0.047124
TEL,82064,7.9816,8.0909,0.9007,-23.0362,23,0.045160
TEL,82164,6.5519,8.1037,0.9007,-23.0362,23,0.045160
TEL,82264,8.1168,8.0651,0.9285,-24.6015,25,0.049087
TEL,82364,8.2406,8.0860,0.9349,-24.4606,24,0.047124
TEL,82464,6.8514,8.1103,0.9026,-23.1279,23,0.045160
TEL,82564,7.8077,8.0878,0.9122,-23.9118,24,0.047124
TEL,82664,8.2249,8.0959,0.9143,-23.7112,24,0.047124
TEL,82764,8.2721,8.1183,0.8817,-22.4127,22,0.043197
TEL,82864,7.6818,8.0979,0.9021,-23.8367,24,0.047124
TEL,82964,8.1016,8.0850,0.9150,-24.0038,24,0.047124
TEL,83064,8.2721,8.1155,0.8845,-22.6622,23,0.045160
TEL,83164,6.7524,8.1271,0.8845,-22.6622,23,0.045160
TEL,83264,8.0412,8.0996,0.8954,-23.4793,23,0.045160
TEL,83364,8.1783,8.1074,0.8980,-23.3931,23,0.045160
TEL,83464,8.2879,8.1445,0.8664,-22.0146,22,0.043197
TEL,83564,8.2879,8.1641,0.8453,-21.2131,21,0.041233
TEL,83664,8.2879,8.1891,0.8181,-20.3693,20,0.039270
TEL,83764,8.2879,8.2019,0.8042,-20.0027,20,0.039270
TEL,83864,8.3038,8.2172,0.7884,-19.6514,20,0.039270
TEL,83964,8.3198,8.2272,0.7785,-19.4685,19,0.037306
TEL,84064,8.3198,8.2387,0.7660,-19.2011,19,0.037306
TEL,84164,8.3038,8.2463,0.7569,-18.9963,19,0.037306
TEL,84264,8.3038,8.2539,0.7515,-18.9658,19,0.037306
TEL,84364,8.3038,8.2578,0.7445,-18.8831,19,0.037306
TEL,84464,8.3038,8.2644,0.7374,-18.7592,19,0.037306
TEL,84564,8.3038,8.2670,0.7346,-18.7645,19,0.037306
TEL,84664,8.2879,8.2694,0.7314,-18.7449,19,0.037306
TEL,84764,8.2879,8.2707,0.7299,-18.7578,19,0.037306
TEL,84864,8.2879,8.2714,0.7292,-18.7997,19,0.037306
TEL,84964,8.2879,8.2724,0.7281,-18.7957,19,0.037306
TEL,85064,8.2879,8.2742,0.7262,-18.7480,19,0.037306
TEL,85164,8.2879,8.2755,0.7249,-18.7192,19,0.037306
TEL,85264,7.9521,8.2456,0.7434,-19.6073,20,0.039270
TEL,85364,8.1938,8.2392,0.7589,-20.1080,20,0.039270
TEL,85464,8.2721,8.2400,0.7613,-20.0346,20,0.039270
TEL,85564,7.1894,8.2417,0.7583,-19.8176,20,0.039270
TEL,85664,8.1628,8.2162,0.7813,-20.6948,21,0.041233
TEL,85764,8.2406,8.2169,0.7841,-20.6695,21,0.041233
TEL,85864,6.6245,8.2207,0.7793,-20.3820,20,0.039270
TEL,85964,8.0113,8.1896,0.8015,-21.3578,21,0.041233
TEL,86064,8.2249,8.1874,0.8144,-21.5917,22,0.043197
TEL,86164,8.2721,8.1942,0.8094,-21.2196,21,0.041233
TEL,86264,7.7935,8.1763,0.8237,-21.8221,22,0.043197
TEL,86364,8.1474,8.1675,0.8325,-21.9771,22,0.043197
TEL,86464,8.2721,8.1770,0.8230,-21.4487,21,0.041233
TEL,86564,6.4909,8.1823,0.8230,-21.4487,21,0.041233
TEL,86664,8.1474,8.1544,0.8369,-22.2242,22,0.043197
TEL,86764,8.2406,8.1600,0.8456,-22.3324,22,0.043197
TEL,86864,6.8738,8.1717,0.8344,-21.7237,22,0.043197
TEL,86964,7.9083,8.1250,0.8605,-23.1120,23,0.045160
TEL,87064,8.2406,8.1305,0.8804,-23.6327,24,0.047124
TEL,87164,8.2879,8.1263,0.8695,-22.8538,23,0.045160
TEL,87264,7.6818,8.1061,0.8642,-22.2718,22,0.043197
TEL,87364,8.1628,8.1007,0.9043,-23.7761,24,0.047124
TEL,87464,8.2563,8.1260,0.8927,-23.1420,23,0.045160
TEL,87564,6.6561,8.1371,0.8629,-21.9521,22,0.043197
TEL,87664,8.0562,8.1148,0.8806,-22.8329,23,0.045160
TEL,87764,8.2406,8.1252,0.8829,-22.8220,23,0.045160
TEL,87864,6.7200,8.1427,0.8573,-21.8407,22,0.043197
TEL,87964,7.8077,8.1210,0.8790,-22.8748,23,0.045160
TEL,88064,8.2249,8.1238,0.8833,-22.8460,23,0.045160
TEL,88164,8.2721,8.1405,0.8595,-21.9031,22,0.043197
TEL,88264,7.6135,8.1138,0.8862,-23.5047,24,0.047124
TEL,88364,8.1016,8.0986,0.9014,-23.7572,24,0.047124
TEL,88464,7.9375,8.0998,0.8885,-23.0031,23,0.045160
TEL,88564,6.6036,8.1116,0.8885,-23.0031,23,0.045160
TEL,88664,8.0562,8.0927,0.9045,-23.7458,24,0.047124
TEL,88764,8.2406,8.1058,0.9036,-23.5101,24,0.047124
TEL,88864,8.2721,8.1228,0.8843,-22.6160,23,0.045160
TEL,88964,7.6407,8.0921,0.9079,-24.0370,24,0.047124
TEL,89064,8.2093,8.0945,0.9137,-24.0192,24,0.047124
TEL,89164,8.2721,8.1144,0.8856,-22.7747,23,0.045160
TEL,89264,7.3894,8.1249,0.8856,-22.7747,23,0.045160
TEL,89364,8.0864,8.1087,0.8897,-23.2388,23,0.045160
TEL,89464,8.2563,8.1279,0.8868,-22.9528,23,0.045160
TEL,89564,8.2879,8.1474,0.8621,-21.9464,22,0.043197
TEL,89664,7.9816,8.1122,0.8778,-23.0707,23,0.045160
TEL,89764,8.2093,8.1189,0.8875,-23.2380,23,0.045160
TEL,89864,8.2879,8.1439,0.8659,-22.3421,22,0.043197
TEL,89964,7.6407,8.1116,0.8884,-23.7018,24,0.047124
TEL,90064,8.1783,8.0976,0.9087,-24.2197,24,0.047124
TEL,90164,7.9375,8.0967,0.8912,-23.1571,23,0.045160
TEL,90264,7.2016,8.1103,0.8912,-23.1571,23,0.045160
TEL,90364,8.0412,8.0848,0.9116,-24.0837,24,0.047124
TEL,90464,8.2721,8.1087,0.9129,-23.9162,24,0.047124
TEL,90564,8.2563,8.1296,0.8799,-22.5620,23,0.045160
TEL,90664,7.9816,8.0931,0.8977,-23.7339,24,0.047124
TEL,90764,8.1938,8.1041,0.9029,-23.5929,24,0.047124
TEL,90864,8.2879,8.1339,0.8775,-22.5103,23,0.045160
TEL,90964,7.4151,8.1339,0.8775,-22.5103,23,0.045160
TEL,91064,8.1628,8.1106,0.8848,-23.1511,23,0.045160
TEL,91164,8.2721,8.1288,0.8894,-23.0708,23,0.045160
TEL,91264,7.2385,8.1397,0.8603,-21.9046,22,0.043197
TEL,91364,7.9816,8.0967,0.8935,-23.4117,23,0.045160
TEL,91464,8.2563,8.1157,0.9029,-23.5900,24,0.047124
TEL,91564,8.2879,8.1381,0.8733,-22.3555,22,0.043197
TEL,91664,7.8793,8.0799,0.9019,-24.1030,24,0.047124
TEL,91764,8.1938,8.0918,0.9170,-24.1857,24,0.047124
TEL,91864,8.2879,8.1056,0.8979,-23.1888,23,0.045160
TEL,91964,7.2261,8.1056,0.8979,-23.1888,23,0.045160
TEL,92064,8.1474,8.0844,0.9162,-24.1129,24,0.047124
TEL,92164,8.2563,8.1053,0.9156,-23.8092,24,0.047124
TEL,92264,8.2721,8.1391,0.8837,-22.5504,23,0.045160
TEL,92364,8.2879,8.1598,0.8609,-21.6683,22,0.043197
TEL,92464,8.2879,8.1862,0.8310,-20.7351,21,0.041233
TEL,92564,8.3198,8.2018,0.8138,-20.2342,20,0.039270
TEL,92664,8.2879,8.2186,0.7935,-19.7857,20,0.039270
TEL,92764,8.2879,8.2288,0.7814,-19.5257,20,0.039270
TEL,92864,8.2879,8.2394,0.7677,-19.2563,19,0.037306
TEL,92964,8.2879,8.2462,0.7606,-19.1596,19,0.037306
TEL,93064,8.3038,8.2538,0.7538,-19.0656,19,0.037306
TEL,93164,8.3038,8.2584,0.7462,-18.9182,19,0.037306
TEL,93264,8.3198,8.2643,0.7402,-18.8463,19,0.037306
TEL,93364,8.3038,8.2669,0.7357,-18.7439,19,0.037306
TEL,93464,8.3038,8.2705,0.7322,-18.7295,19,0.037306
TEL,93564,8.2879,8.2724,0.7295,-18.6930,19,0.037306
TEL,93664,8.3038,8.2745,0.7270,-18.6860,19,0.037306
TEL,93764,8.2879,8.2754,0.7255,-18.6668,19,0.037306
TEL,93864,8.2879,8.2760,0.7247,-18.7069,19,0.037306
TEL,93964,6.5010,8.2764,0.7240,-18.7114,19,0.037306
TEL,94064,8.0562,8.2580,0.7350,-19.2254,19,0.037306
TEL,94164,8.2093,8.2525,0.7459,-19.6291,20,0.039270
TEL,94264,6.9876,8.2341,0.7485,-19.6675,20,0.039270
TEL,94364,7.6956,8.2117,0.7883,-20.9701,21,0.041233
TEL,94464,8.2093,8.2014,0.7990,-21.2270,21,0.041233
TEL,94564,7.6135,8.1758,0.7967,-20.9641,21,0.041233
TEL,94664,7.6407,8.1502,0.8498,-22.9364,23,0.045160
TEL,94764,8.0864,8.1290,0.8710,-23.3723,23,0.045160
TEL,94864,8.2406,8.1427,0.8573,-22.5542,23,0.045160
TEL,94964,6.8403,8.1506,0.8573,-22.5542,23,0.045160
TEL,95064,7.9964,8.1251,0.8660,-22.9742,23,0.045160
TEL,95164,8.2249,8.1346,0.8715,-22.8500,23,0.045160
TEL,95264,8.2721,8.1575,0.8500,-21.8852,22,0.043197
TEL,95364,7.5731,8.1218,0.8782,-23.4845,23,0.045160
TEL,95464,8.1938,8.1111,0.8951,-23.7495,24,0.047124
TEL,95564,8.2721,8.1303,0.8697,-22.5477,23,0.045160
TEL,95664,7.3258,8.1399,0.8697,-22.5477,23,0.045160
TEL,95764,8.0864,8.1197,0.8778,-23.0988,23,0.045160
TEL,95864,8.2406,8.1363,0.8774,-22.8956,23,0.045160
TEL,95964,8.2879,8.1538,0.8552,-21.9577,22,0.043197
TEL,96064,7.9816,8.1120,0.8777,-23.3379,23,0.045160
TEL,96164,8.2093,8.1179,0.8888,-23.5072,24,0.047124
TEL,96264,8.2879,8.1314,0.8729,-22.6172,23,0.045160
TEL,96364,7.5330,8.0918,0.9082,-24.4428,24,0.047124
TEL,96464,8.1783,8.0815,0.9264,-24.6859,25,0.049087
TEL,96564,8.2563,8.1051,0.8949,-23.2283,23,0.045160
TEL,96664,7.1772,8.1173,0.8949,-23.2283,23,0.045160
TEL,96764,7.9816,8.0738,0.9178,-24.4650,24,0.047124
TEL,96864,8.2406,8.0977,0.9227,-24.2849,24,0.047124
TEL,96964,8.2563,8.1204,0.8905,-22.9008,23,0.045160
TEL,97064,7.9816,8.0802,0.9110,-24.2140,24,0.047124
TEL,97164,8.1628,8.0879,0.9181,-24.1796,24,0.047124
TEL,97264,8.2721,8.1219,0.8898,-22.8654,23,0.045160
TEL,97364,7.2385,8.1219,0.8898,-22.8654,23,0.045160
TEL,97464,8.1783,8.0983,0.9039,-23.7953,24,0.047124
TEL,97564,8.2406,8.1180,0.9017,-23.4021,23,0.045160
TEL,97664,6.5111,8.1030,0.8820,-22.5282,23,0.045160
TEL,97764,7.9521,8.0619,0.9276,-24.5271,25,0.049087
TEL,97864,8.2406,8.0897,0.9334,-24.3792,24,0.047124
TEL,97964,8.2879,8.1185,0.8960,-22.8135,23,0.045160
TEL,98064,7.8219,8.0950,0.9050,-23.6564,24,0.047124
TEL,98164,8.1628,8.1019,0.8981,-23.2378,23,0.045160
TEL,98264,8.2721,8.1326,0.8674,-22.0413,22,0.043197
TEL,98364,7.2139,8.1326,0.8674,-22.0413,22,0.043197
TEL,98464,8.0864,8.0868,0.9011,-23.5841,24,0.047124
TEL,98564,8.2406,8.1067,0.9132,-23.8552,24,0.047124
TEL,98664,6.9189,8.1300,0.8824,-22.5922,23,0.045160
TEL,98764,7.9964,8.1202,0.8798,-22.8357,23,0.045160
TEL,98864,8.2249,8.1296,0.8771,-22.6172,23,0.045160
TEL,98964,8.2721,8.1475,0.8525,-21.6945,22,0.043197
TEL,99064,7.8077,8.1255,0.8745,-22.7434,23,0.045160
TEL,99164,8.1321,8.1176,0.8824,-22.9060,23,0.045160
TEL,99264,8.2563,8.1410,0.8590,-21.9949,22,0.043197
TEL,99364,6.7742,8.1494,0.8590,-21.9949,22,0.043197
TEL,99464,8.0864,8.1051,0.8856,-23.5798,24,0.047124
TEL,99564,8.2563,8.1210,0.8949,-23.7200,24,0.047124
TEL,99664,6.6561,8.1406,0.8699,-22.5846,23,0.045160
TEL,99764,7.8362,8.1201,0.8799,-23.2228,23,0.045160
TEL,99864,8.2093,8.1258,0.8801,-22.9601,23,0.045160
TEL,99964,8.2721,8.1422,0.8578,-22.0059,22,0.043197
TEL,100064,7.7653,8.1267,0.8733,-23.0636,23,0.045160
TEL,100164,8.1168,8.1144,0.8856,-23.2739,23,0.045160
TEL,100264,7.4281,8.1276,0.8724,-22.5065,23,0.045160
TEL,100364,6.5315,8.1360,0.8724,-22.5065,23,0.045160
TEL,100464,8.0864,8.1171,0.8806,-23.0864,23,0.045160
TEL,100564,8.2406,8.1276,0.8799,-22.8973,23,0.045160
TEL,100664,6.9531,8.1439,0.8561,-21.9406,22,0.043197
TEL,100764,7.8505,8.1258,0.8742,-22.7845,23,0.045160
TEL,100864,8.2406,8.1250,0.8827,-22.9482,23,0.045160
TEL,100964,8.2879,8.1419,0.8678,-22.2777,22,0.043197
TEL,101064,8.3038,8.1687,0.8404,-21.3094,21,0.041233
TEL,101164,8.3038,8.1862,0.8138,-20.4579,20,0.039270
