BALL_BEAM_REF_BOOT
HOST_START_READY
REF_CFG,profile=center_far_near_90s,center_cm=13.0000,near_cm=9.0000,far_cm=17.0000,segment_ms=30000
REF,6575,13.0000,hold_center
TEL,6578,8.2249,8.2541,4.7459,0.0000,0,0.000000
TEL,6678,8.2721,8.2547,4.7453,-142.2691,0,0.000000
TEL,6778,7.8505,8.2417,4.7583,-143.4009,5,0.009817
TEL,6878,8.1938,8.2332,4.7668,-143.2459,88,0.172788
TEL,6978,8.2879,8.2380,4.7620,-142.5722,143,0.280780
TEL,7078,6.8626,8.2422,4.7620,-142.5722,143,0.280780
TEL,7178,8.3038,8.2319,4.7703,-144.0404,144,0.282743
TEL,7278,8.4166,8.2448,4.7681,-142.5890,143,0.280780
TEL,7378,6.9189,8.2557,4.7443,-140.6931,141,0.276853
TEL,7478,8.2093,8.2433,4.7549,-143.1772,143,0.280780
TEL,7578,8.5491,8.2803,4.7469,-140.9405,141,0.276853
TEL,7678,8.5323,8.2819,4.7197,-139.3388,139,0.272926
TEL,7778,8.3358,8.2669,4.7382,-143.6586,144,0.282743
TEL,7878,8.4824,8.2917,4.7220,-139.9984,140,0.274889
TEL,7979,7.3766,8.3269,4.6731,-137.4155,137,0.268999
TEL,8079,8.0262,8.2557,4.7215,-145.2776,145,0.284707
TEL,8179,8.4990,8.2957,4.7236,-139.0417,139,0.272926
TEL,8279,8.5491,8.3357,4.6850,-137.6594,138,0.270962
TEL,8379,8.0562,8.3267,4.6733,-142.2079,142,0.278816
TEL,8479,8.4659,8.3409,4.6591,-137.9938,138,0.270962
TEL,8579,8.5491,8.3843,4.6157,-136.2124,136,0.267035
TEL,8679,7.7095,8.3400,4.6600,-148.2951,141,0.276853
TEL,8779,8.5491,8.3410,4.6796,-140.9128,143,0.280780
TEL,8879,8.5491,8.3728,4.6272,-136.2129,137,0.268999
TEL,8979,7.0342,8.3198,4.6272,-136.2129,136,0.267035
TEL,9079,8.3198,8.2855,4.7189,-144.4700,144,0.282743
TEL,9179,8.5491,8.3468,4.6957,-138.0485,138,0.270962
TEL,9279,7.4023,8.3221,4.6532,-136.1954,136,0.267035
TEL,9379,8.3038,8.2345,4.7458,-147.4634,147,0.288634
TEL,9479,8.4990,8.2947,4.7655,-141.5723,142,0.278816
TEL,9579,8.5323,8.3651,4.6807,-136.7335,137,0.268999
TEL,9679,8.0713,8.3336,4.6349,-135.9713,136,0.267035
TEL,9779,8.4990,8.3580,4.6646,-139.6622,140,0.274889
TEL,9879,8.5659,8.3912,4.6254,-136.2758,136,0.267035
TEL,9979,8.0864,8.3138,4.5951,-135.7962,136,0.267035
TEL,10079,8.4494,8.3489,4.6862,-144.6038,145,0.284707
TEL,10179,8.5659,8.4011,4.6344,-136.5283,137,0.268999
TEL,10279,6.9646,8.4136,4.5864,-135.7156,136,0.267035
TEL,10379,8.4330,8.3888,4.6137,-140.4640,140,0.274889
TEL,10479,8.5323,8.4087,4.6021,-136.6949,137,0.268999
TEL,10579,7.6818,8.3709,4.5815,-135.9823,136,0.267035
TEL,10679,8.3198,8.3341,4.6643,-145.2074,145,0.284707
TEL,10779,8.5659,8.3779,4.6553,-138.0698,138,0.270962
TEL,10880,7.5065,8.3148,4.6084,-136.2106,136,0.267035
TEL,10980,8.3358,8.2974,4.7073,-142.8694,143,0.280780
TEL,11080,8.4990,8.3324,4.6857,-138.0413,138,0.270962
TEL,11180,7.5731,8.2954,4.6277,-135.7439,136,0.267035
TEL,11280,8.0864,8.2059,4.7757,-153.9430,154,0.302378
TEL,11380,8.4990,8.2892,4.7779,-140.9022,141,0.276853
TEL,11480,8.5659,8.3471,4.6820,-136.1343,136,0.267035
TEL,11580,8.1474,8.2649,4.7416,-155.5460,156,0.306305
TEL,11680,8.4824,8.2952,4.7283,-140.8413,141,0.276853
TEL,11780,8.5659,8.3632,4.6609,-136.3376,136,0.267035
TEL,11880,7.7095,8.3131,4.6171,-135.5591,136,0.267035
TEL,11980,8.4330,8.3337,4.7071,-144.2394,144,0.282743
TEL,12080,8.5156,8.3689,4.6483,-136.7566,137,0.268999
TEL,12180,7.0225,8.3574,4.6144,-135.9254,136,0.267035
TEL,12280,8.3679,8.3204,4.6855,-143.7807,144,0.282743
TEL,12380,8.5323,8.3528,4.6665,-138.0333,139,0.272926
TEL,12480,7.3385,8.3702,4.6298,-136.2882,136,0.267035
TEL,12580,8.3518,8.3277,4.6955,-145.7897,146,0.286670
TEL,12680,8.5156,8.3569,4.6601,-137.9690,138,0.270962
TEL,12780,7.6681,8.3243,4.6085,-135.7993,136,0.267035
TEL,12880,8.1168,8.2319,4.7509,-153.8025,154,0.302378
TEL,12980,8.5156,8.2954,4.7321,-138.7621,139,0.272926
TEL,13080,8.5491,8.3487,4.6764,-136.0637,136,0.267035
TEL,13180,8.5828,8.4121,4.6081,-135.0792,135,0.265072
TEL,13280,8.5156,8.4353,4.5736,-135.0698,135,0.265072
TEL,13380,8.4824,8.4495,4.5535,-135.8367,136,0.267035
TEL,13480,8.5156,8.4580,4.5466,-135.8148,136,0.267035
TEL,13580,8.5659,8.4780,4.5284,-134.7961,135,0.265072
TEL,13680,8.6168,8.4925,4.5162,-134.6078,135,0.265072
TEL,13780,8.6168,8.5182,4.4984,-133.5781,134,0.263108
TEL,13880,8.7028,8.5402,4.4711,-132.5223,133,0.261145
TEL,13980,8.7028,8.5694,4.4401,-131.6852,132,0.259181
TEL,14080,8.7028,8.5877,4.4206,-131.1140,131,0.257218
TEL,14180,8.6338,8.6001,4.4022,-131.5123,132,0.259181
TEL,14280,8.6338,8.6039,4.3979,-131.6340,132,0.259181
TEL,14380,8.6510,8.6084,4.3938,-131.5852,132,0.259181
TEL,14480,8.6510,8.6125,4.3895,-131.3705,131,0.257218
TEL,14580,8.6338,8.6160,4.3849,-131.2931,131,0.257218
TEL,14680,8.6338,8.6181,4.3826,-131.2547,131,0.257218
TEL,14780,8.6168,8.6192,4.3807,-131.2305,131,0.257218
TEL,14880,8.4990,8.6069,4.3887,-132.8523,133,0.261145
TEL,14980,8.5998,8.6049,4.3949,-131.8787,132,0.259181
TEL,15080,7.0694,8.6041,4.3959,-131.9956,132,0.259181
TEL,15180,8.4824,8.5696,4.4262,-134.2906,134,0.263108
TEL,15280,8.5828,8.5693,4.4313,-133.0815,133,0.261145
TEL,15380,7.1170,8.5725,4.4275,-132.5364,133,0.261145
TEL,15480,8.4003,8.5422,4.4504,-135.2301,135,0.265072
TEL,15580,8.5998,8.5425,4.4603,-133.7367,134,0.263108
TEL,15680,8.5828,8.5477,4.4540,-133.1015,133,0.261145
TEL,15780,8.3358,8.5163,4.4737,-135.8146,136,0.267035
TEL,15880,8.5491,8.5162,4.4856,-134.8447,135,0.265072
TEL,15980,8.6168,8.5282,4.4764,-133.5655,134,0.263108
TEL,16080,8.0412,8.5043,4.4957,-136.6624,137,0.268999
TEL,16180,8.5659,8.5029,4.5007,-134.8726,135,0.265072
TEL,16280,7.0225,8.5081,4.4919,-133.9846,134,0.263108
TEL,16380,8.0113,8.4873,4.5127,-137.3695,137,0.268999
TEL,16480,8.4659,8.4791,4.5209,-135.7583,136,0.267035
TEL,16580,8.0262,8.4627,4.5112,-134.4831,134,0.263108
TEL,16680,7.2139,8.4727,4.5112,-134.4831,134,0.263108
TEL,16780,8.4330,8.4658,4.5320,-136.1973,136,0.267035
TEL,16880,8.5998,8.4795,4.5282,-134.9332,135,0.265072
TEL,16980,7.0931,8.4935,4.5065,-134.1834,134,0.263108
TEL,17080,8.3841,8.4671,4.5271,-137.3528,137,0.268999
TEL,17180,8.5828,8.4805,4.5260,-135.0513,135,0.265072
TEL,17280,8.5998,8.4961,4.5105,-133.9582,134,0.263108
TEL,17380,8.4003,8.4619,4.5335,-138.2251,138,0.270962
TEL,17480,8.5659,8.4708,4.5356,-135.6987,136,0.267035
TEL,17580,8.6168,8.4864,4.5222,-134.6157,135,0.265072
TEL,17680,8.1168,8.4635,4.5365,-137.8163,138,0.270962
TEL,17780,8.5491,8.4635,4.5424,-136.0025,136,0.267035
TEL,17880,7.0813,8.4710,4.5290,-134.7486,135,0.265072
TEL,17980,7.9375,8.4446,4.5554,-139.1654,139,0.272926
TEL,18080,8.4659,8.4409,4.5591,-136.4908,136,0.267035
TEL,18180,7.0225,8.4580,4.5420,-134.7715,135,0.265072
TEL,18280,7.0459,8.4069,4.5420,-134.7715,135,0.265072
TEL,18380,8.4824,8.3822,4.6249,-141.1356,141,0.276853
TEL,18480,8.5998,8.4109,4.6178,-137.1578,137,0.268999
TEL,18580,7.1170,8.4432,4.5723,-134.6556,135,0.265072
TEL,18680,8.4166,8.4072,4.5937,-140.5844,141,0.276853
TEL,18780,8.5998,8.4398,4.5864,-136.6391,137,0.268999
TEL,18880,8.5998,8.4297,4.5602,-134.7234,135,0.265072
TEL,18980,8.3679,8.4049,4.5916,-139.3501,139,0.272926
TEL,19080,8.5323,8.4194,4.5902,-136.9567,137,0.268999
TEL,19180,8.5998,8.4215,4.5669,-134.9458,135,0.265072
TEL,19280,7.9669,8.3835,4.6165,-141.3408,141,0.276853
TEL,19380,8.5659,8.4091,4.6051,-136.6905,137,0.268999
TEL,19480,8.1016,8.3969,4.5766,-135.1418,135,0.265072
TEL,19580,7.9816,8.3777,4.6223,-141.5502,140,0.274889
TEL,19680,8.4824,8.3891,4.6109,-136.9527,138,0.270962
TEL,19780,8.5998,8.4364,4.5636,-134.6042,135,0.265072
TEL,19880,7.0813,8.4518,4.5636,-134.6042,135,0.265072
TEL,19980,8.5323,8.3961,4.6151,-143.4718,143,0.280780
TEL,20080,8.5828,8.4250,4.6039,-135.9110,136,0.267035
TEL,20180,7.6818,8.3876,4.5591,-134.3904,134,0.263108
TEL,20280,8.3841,8.3682,4.6124,-148.7323,149,0.292561
TEL,20380,8.5998,8.4158,4.6173,-136.3524,136,0.267035
TEL,20480,8.6855,8.4561,4.5842,-134.7023,135,0.265072
TEL,20580,8.3518,8.4197,4.5729,-139.3605,139,0.272926
TEL,20680,8.5659,8.4392,4.5730,-136.0943,136,0.267035
TEL,20780,8.5998,8.4779,4.5333,-133.9196,134,0.263108
TEL,20880,8.1168,8.4483,4.5517,-138.7735,139,0.272926
TEL,20980,8.5491,8.4518,4.5566,-136.1574,136,0.267035
TEL,21080,8.5998,8.4724,4.5276,-134.2533,134,0.263108
TEL,21180,8.1016,8.4548,4.5452,-138.4943,138,0.270962
TEL,21280,8.4824,8.4528,4.5472,-136.0435,136,0.267035
TEL,21380,8.6168,8.4789,4.5211,-134.0740,134,0.263108
TEL,21480,7.0694,8.4874,4.5211,-134.0740,134,0.263108
TEL,21580,8.5156,8.4597,4.5340,-137.6206,138,0.270962
TEL,21680,8.5659,8.4740,4.5403,-135.5445,136,0.267035
TEL,21780,8.6338,8.4987,4.5187,-134.4588,134,0.263108
TEL,21880,8.6168,8.5148,4.5013,-133.6125,134,0.263108
TEL,21980,8.6338,8.5331,4.4797,-133.5659,134,0.263108
TEL,22080,8.6168,8.5440,4.4669,-133.0056,133,0.261145
TEL,22180,8.6338,8.5578,4.4517,-132.9040,133,0.261145
TEL,22280,8.6338,8.5660,4.4422,-132.5768,133,0.261145
TEL,22380,8.6168,8.5753,4.4303,-132.3630,132,0.259181
TEL,22480,8.6510,8.5810,4.4247,-132.4029,132,0.259181
TEL,22580,8.6338,8.5881,4.4173,-132.2621,132,0.259181
TEL,22680,8.6168,8.5920,4.4119,-132.0276,132,0.259181
TEL,22780,8.6510,8.5978,4.4062,-131.9159,132,0.259181
TEL,22880,8.6338,8.6006,4.4022,-131.7248,132,0.259181
TEL,22980,8.6168,8.6024,4.3994,-131.7760,132,0.259181
TEL,23080,8.6168,8.6034,4.3976,-131.8471,132,0.259181
TEL,23180,8.6338,8.6052,4.3962,-131.8182,132,0.259181
TEL,23280,8.6168,8.6059,4.3948,-131.7033,132,0.259181
TEL,23380,7.0694,8.5979,4.3938,-131.7652,132,0.259181
TEL,23480,8.3198,8.5687,4.4210,-134.0445,134,0.263108
TEL,23580,8.5828,8.5650,4.4351,-133.6105,134,0.263108
TEL,23680,8.6168,8.5684,4.4336,-132.7972,133,0.261145
TEL,23780,8.3518,8.5358,4.4549,-135.3998,135,0.265072
TEL,23880,8.5491,8.5339,4.4669,-134.4081,134,0.263108
TEL,23980,8.5998,8.5399,4.4630,-133.4266,133,0.261145
TEL,24080,8.0713,8.5185,4.4815,-136.0449,136,0.267035
TEL,24180,8.5659,8.5065,4.4969,-135.3860,135,0.265072
TEL,24280,7.0576,8.5106,4.4894,-134.0742,134,0.263108
TEL,24380,7.9521,8.4860,4.5140,-137.6090,138,0.270962
TEL,24480,8.4824,8.4770,4.5230,-135.6355,136,0.267035
TEL,24580,8.5998,8.4946,4.5054,-134.1973,134,0.263108
TEL,24680,7.0459,8.5016,4.5054,-134.1973,134,0.263108
TEL,24780,8.4659,8.4689,4.5248,-137.7270,138,0.270962
TEL,24880,8.5998,8.4803,4.5311,-135.9636,136,0.267035
TEL,24980,7.0813,8.4949,4.5127,-134.3235,134,0.263108
TEL,25080,8.3841,8.4600,4.5344,-138.2367,138,0.270962
TEL,25180,8.5998,8.4741,4.5385,-135.9322,136,0.267035
TEL,25280,8.6168,8.4912,4.5171,-134.1988,134,0.263108
TEL,25380,8.3198,8.4118,4.5588,-144.2681,144,0.282743
TEL,25480,8.5491,8.4276,4.5825,-136.6282,137,0.268999
TEL,25580,8.6168,8.4638,4.5607,-135.0653,135,0.265072
TEL,25680,8.0562,8.4331,4.5669,-139.3055,139,0.272926
TEL,25780,8.5659,8.4403,4.5702,-136.1964,136,0.267035
TEL,25880,7.0459,8.4524,4.5476,-134.6044,135,0.265072
TEL,25980,7.9964,8.4293,4.5707,-139.7912,139,0.272926
TEL,26080,8.4824,8.4300,4.5700,-136.4104,136,0.267035
TEL,26180,8.5998,8.4598,4.5402,-134.5279,135,0.265072
TEL,26280,7.2632,8.4714,4.5402,-134.5279,135,0.265072
TEL,26380,8.4659,8.4639,4.5362,-136.4673,136,0.267035
TEL,26480,8.5998,8.4804,4.5281,-134.6457,135,0.265072
TEL,26580,7.0342,8.4967,4.5033,-134.0102,134,0.263108
TEL,26680,8.3518,8.4605,4.5310,-138.0012,138,0.270962
TEL,26780,8.5998,8.4800,4.5380,-135.9028,136,0.267035
TEL,26880,8.5998,8.4954,4.5120,-134.1566,134,0.263108
TEL,26980,8.3679,8.4633,4.5293,-137.7359,138,0.270962
TEL,27080,8.5659,8.4725,4.5342,-135.6488,136,0.267035
TEL,27180,8.6168,8.4980,4.5103,-133.8099,134,0.263108
TEL,27280,8.1168,8.4733,4.5267,-137.6571,138,0.270962
TEL,27380,8.5491,8.4746,4.5308,-135.3978,135,0.265072
TEL,27480,7.0813,8.4828,4.5172,-134.2923,134,0.263108
TEL,27580,7.9964,8.4594,4.5406,-138.6199,138,0.270962
TEL,27680,8.5323,8.4573,4.5427,-135.3956,135,0.265072
TEL,27780,7.7373,8.4236,4.5257,-134.3713,134,0.263108
TEL,27880,7.1410,8.4402,4.5257,-134.3713,134,0.263108
TEL,27980,8.5156,8.4169,4.5837,-139.3061,139,0.272926
TEL,28080,8.5659,8.4391,4.5831,-136.1050,136,0.267035
TEL,28180,7.1651,8.4623,4.5481,-134.5191,135,0.265072
TEL,28280,8.3679,8.4166,4.5787,-140.4299,140,0.274889
TEL,28380,8.5998,8.4454,4.5793,-136.7554,137,0.268999
TEL,28480,8.5998,8.4699,4.5411,-134.2175,134,0.263108
TEL,28580,8.3358,8.4348,4.5563,-138.6519,139,0.272926
TEL,28680,8.5491,8.4470,4.5614,-136.2670,136,0.267035
TEL,28780,8.5998,8.4761,4.5336,-134.4323,134,0.263108
TEL,28880,8.0864,8.4480,4.5520,-138.6597,139,0.272926
TEL,28980,8.5659,8.4590,4.5492,-135.6955,136,0.267035
TEL,29080,8.6338,8.4792,4.5208,-133.8923,134,0.263108
TEL,29180,8.0262,8.3941,4.5699,-145.7265,146,0.286670
TEL,29280,8.5156,8.4054,4.5946,-136.2332,136,0.267035
TEL,29380,8.5998,8.4457,4.5684,-134.9667,135,0.265072
TEL,29480,7.1170,8.4571,4.5684,-134.9667,135,0.265072
TEL,29580,8.5323,8.4030,4.6061,-142.9205,143,0.280780
TEL,29680,8.5828,8.4328,4.5970,-135.8976,136,0.267035
TEL,29780,7.0108,8.4639,4.5509,-134.0764,134,0.263108
TEL,29880,8.3358,8.4170,4.5743,-140.0997,140,0.274889
TEL,29980,8.5323,8.4449,4.5755,-136.1411,136,0.267035
TEL,30080,8.5491,8.4663,4.5410,-134.1195,134,0.263108
TEL,30180,8.6338,8.4475,4.5706,-139.8890,140,0.274889
TEL,30280,8.6338,8.4791,4.5359,-133.5937,134,0.263108
TEL,30380,8.6338,8.5144,4.4966,-133.0651,133,0.261145
TEL,30480,8.6510,8.5343,4.4758,-132.8019,133,0.261145
TEL,30580,8.6168,8.5541,4.4509,-132.4790,132,0.259181
TEL,30680,8.6168,8.5637,4.4402,-132.3598,132,0.259181
TEL,30780,8.6168,8.5742,4.4286,-132.3938,132,0.259181
TEL,30880,8.6510,8.5819,4.4223,-132.1399,132,0.259181
TEL,30980,8.6338,8.5899,4.4125,-131.8313,132,0.259181
TEL,31080,8.6510,8.5951,4.4078,-131.8960,132,0.259181
TEL,31180,8.6168,8.5996,4.4030,-131.8061,132,0.259181
TEL,31280,8.6168,8.6011,4.3996,-131.8750,132,0.259181
TEL,31380,8.6338,8.6035,4.3977,-131.8401,132,0.259181
TEL,31480,8.6168,8.6045,4.3960,-131.8037,132,0.259181
TEL,31580,8.5998,8.6052,4.3951,-131.7861,132,0.259181
TEL,31680,8.6168,8.6054,4.3950,-131.8768,132,0.259181
TEL,31780,8.6168,8.6059,4.3945,-131.7817,132,0.259181
TEL,31880,8.6168,8.6065,4.3938,-131.7677,132,0.259181
TEL,31980,8.6168,8.6068,4.3934,-131.7608,132,0.259181
TEL,32080,8.0412,8.5923,4.4077,-133.3187,133,0.261145
TEL,32180,8.5491,8.5805,4.4184,-133.1625,133,0.261145
TEL,32280,8.5998,8.5818,4.4182,-132.4541,132,0.259181
TEL,32380,8.0562,8.5656,4.4344,-134.2850,134,0.263108
TEL,32480,8.4824,8.5519,4.4481,-133.9022,134,0.263108
TEL,32580,8.6168,8.5549,4.4451,-132.9717,133,0.261145
TEL,32680,7.1410,8.5573,4.4451,-132.9717,133,0.261145
TEL,32780,8.4824,8.5478,4.4417,-133.1770,133,0.261145
TEL,32880,8.5828,8.5498,4.4522,-133.9769,134,0.263108
TEL,32980,7.2016,8.5535,4.4483,-133.1663,133,0.261145
TEL,33080,8.3679,8.5302,4.4626,-135.0816,135,0.265072
TEL,33180,8.5998,8.5299,4.4734,-134.7415,135,0.265072
TEL,33280,8.6168,8.5364,4.4671,-133.5728,134,0.263108
TEL,33380,8.3518,8.5063,4.4855,-136.2094,136,0.267035
TEL,33480,8.5491,8.5089,4.4932,-134.7246,135,0.265072
TEL,33580,8.6168,8.5212,4.4835,-133.7670,134,0.263108
TEL,33680,8.0562,8.4994,4.5006,-136.6559,137,0.268999
TEL,33780,8.5659,8.4893,4.5152,-135.7796,136,0.267035
TEL,33880,8.0262,8.4698,4.5047,-134.2404,134,0.263108
TEL,33980,8.0262,8.4505,4.5495,-138.6307,138,0.270962
TEL,34080,8.4824,8.4461,4.5539,-136.2063,136,0.267035
TEL,34180,7.0694,8.4637,4.5363,-134.6452,135,0.265072
TEL,34280,7.0813,8.4739,4.5363,-134.6452,135,0.265072
TEL,34380,8.4659,8.4439,4.5519,-138.4898,138,0.270962
TEL,34480,8.5828,8.4596,4.5561,-136.4316,136,0.267035
TEL,34580,7.2261,8.4785,4.5312,-134.5545,135,0.265072
TEL,34680,8.3358,8.4264,4.5656,-140.2839,140,0.274889
TEL,34780,8.5828,8.4513,4.5679,-136.1867,136,0.267035
TEL,34880,8.5998,8.4721,4.5379,-134.5110,135,0.265072
TEL,34980,8.2721,8.4253,4.5611,-139.3257,139,0.272926
TEL,35080,8.5323,8.4365,4.5714,-136.6488,137,0.268999
TEL,35180,8.5998,8.4703,4.5401,-134.5138,135,0.265072
TEL,35280,7.9964,8.4354,4.5646,-139.5500,140,0.274889
TEL,35380,8.5659,8.4450,4.5648,-136.3388,136,0.267035
TEL,35480,7.0576,8.4551,4.5449,-134.8207,135,0.265072
TEL,35580,7.9669,8.4295,4.5705,-139.8355,139,0.272926
TEL,35680,8.4659,8.4288,4.5712,-136.6622,137,0.268999
TEL,35780,8.5998,8.4605,4.5395,-134.5424,135,0.265072
TEL,35880,7.1170,8.4719,4.5395,-134.5424,135,0.265072
TEL,35980,8.4824,8.4169,4.5866,-141.9778,142,0.278816
TEL,36080,8.5828,8.4414,4.5831,-136.5720,137,0.268999
TEL,36180,7.1410,8.4656,4.5459,-134.4809,134,0.263108
TEL,36280,8.3679,8.4323,4.5617,-138.9043,139,0.272926
TEL,36380,8.6168,8.4577,4.5650,-136.5453,137,0.268999
TEL,36480,8.6168,8.4423,4.5423,-134.3497,134,0.263108
REF,36572,17.0000,hold_far
TEL,36580,8.3679,8.3984,4.5985,-141.0135,141,0.276853
TEL,36680,8.5491,8.4176,8.5943,-160.0000,160,0.314159
TEL,36780,8.5998,8.4588,8.5688,-160.0000,160,0.314159
TEL,36880,8.1321,8.4324,8.5676,-160.0000,160,0.314159
TEL,36980,8.5323,8.4338,8.5748,-160.0000,160,0.314159
TEL,37080,8.6168,8.4586,8.5546,-160.0000,160,0.314159
TEL,37180,7.9964,8.4343,8.5657,-160.0000,160,0.314159
TEL,37280,8.4824,8.4381,8.5619,-160.0000,160,0.314159
TEL,37380,8.5998,8.4658,8.5342,-160.0000,160,0.314159
TEL,37480,7.0813,8.4755,8.5342,-160.0000,160,0.314159
TEL,37580,8.4824,8.4475,8.5502,-160.0000,160,0.314159
TEL,37680,8.5659,8.4624,8.5525,-160.0000,160,0.314159
TEL,37780,7.1651,8.4781,8.5295,-160.0000,160,0.314159
TEL,37880,8.3841,8.4414,8.5538,-160.0000,160,0.314159
TEL,37980,8.5659,8.4560,8.5580,-160.0000,160,0.314159
TEL,38080,7.4671,8.4643,8.5357,-160.0000,160,0.314159
TEL,38180,8.3841,8.4310,8.5653,-160.0000,160,0.314159
TEL,38280,8.5659,8.4412,8.5677,-160.0000,160,0.314159
TEL,38380,8.5828,8.4675,8.5407,-160.0000,160,0.314159
TEL,38480,8.0562,8.4405,8.5595,-160.0000,160,0.314159
TEL,38580,8.5323,8.4441,8.5624,-160.0000,160,0.314159
TEL,38680,8.5828,8.4610,8.5390,-160.0000,160,0.314159
TEL,38780,8.6168,8.4889,8.5201,-160.0000,160,0.314159
TEL,38880,8.6168,8.5052,8.4948,-160.0000,160,0.314159
TEL,38980,8.6168,8.5254,8.4808,-160.0000,160,0.314159
TEL,39080,8.6338,8.5374,8.4689,-160.0000,160,0.314159
TEL,39180,8.6168,8.5506,8.4534,-160.0000,160,0.314159
TEL,39280,8.6168,8.5578,8.4456,-160.0000,160,0.314159
TEL,39380,8.5998,8.5649,8.4370,-160.0000,160,0.314159
TEL,39480,8.6168,8.5698,8.4302,-160.0000,160,0.314159
TEL,39580,8.6338,8.5767,8.4259,-160.0000,160,0.314159
TEL,39680,8.6168,8.5801,8.4215,-160.0000,160,0.314159
TEL,39780,8.6168,8.5845,8.4169,-160.0000,160,0.314159
TEL,39880,8.6168,8.5869,8.4131,-160.0000,160,0.314159
TEL,39980,8.6168,8.5901,8.4109,-160.0000,160,0.314159
TEL,40080,8.6168,8.5919,8.4081,-160.0000,160,0.314159
TEL,40180,8.6168,8.5942,8.4065,-160.0000,160,0.314159
TEL,40280,8.6168,8.5956,8.4044,-160.0000,160,0.314159
TEL,40380,8.6168,8.5975,8.4031,-160.0000,160,0.314159
TEL,40480,8.4824,8.5876,8.4124,-160.0000,160,0.314159
TEL,40580,8.5828,8.5856,8.4143,-160.0000,160,0.314159
TEL,40680,7.0459,8.5856,8.4143,-160.0000,160,0.314159
TEL,40780,8.4824,8.5614,8.4271,-160.0000,160,0.314159
TEL,40880,8.5828,8.5611,8.4386,-160.0000,160,0.314159
TEL,40980,6.9876,8.5632,8.4381,-160.0000,160,0.314159
TEL,41080,8.3841,8.5368,8.4565,-160.0000,160,0.314159
TEL,41180,8.5659,8.5363,8.4648,-160.0000,160,0.314159
TEL,41280,8.5828,8.5399,8.4618,-160.0000,160,0.314159
TEL,41380,8.3841,8.4829,8.4939,-160.0000,160,0.314159
TEL,41480,8.5491,8.4892,8.5171,-160.0000,160,0.314159
TEL,41580,8.5828,8.5034,8.5066,-160.0000,160,0.314159
TEL,41680,7.9964,8.4770,8.5230,-160.0000,160,0.314159
TEL,41780,8.5323,8.4771,8.5262,-160.0000,160,0.314159
TEL,41880,8.5998,8.4884,8.5116,-160.0000,160,0.314159
TEL,41980,8.1474,8.4294,8.5494,-160.0000,160,0.314159
TEL,42080,8.4824,8.4290,8.5710,-160.0000,160,0.314159
TEL,42180,8.5998,8.4562,8.5541,-160.0000,160,0.314159
TEL,42280,7.0459,8.4647,8.5541,-160.0000,160,0.314159
TEL,42380,8.4990,8.4698,8.5274,-160.0000,160,0.314159
TEL,42480,8.5828,8.4812,8.5302,-160.0000,160,0.314159
TEL,42580,7.0225,8.4938,8.5118,-160.0000,160,0.314159
TEL,42680,8.3518,8.4649,8.5273,-160.0000,160,0.314159
TEL,42780,8.5828,8.4797,8.5329,-160.0000,160,0.314159
TEL,42880,8.5828,8.4926,8.5131,-160.0000,160,0.314159
TEL,42980,8.4003,8.4120,8.5550,-160.0000,160,0.314159
TEL,43080,8.5491,8.4274,8.5825,-160.0000,160,0.314159
TEL,43180,7.6956,8.3957,8.5611,-160.0000,160,0.314159
TEL,43280,8.1321,8.3035,8.6745,-160.0000,160,0.314159
TEL,43380,8.5491,8.3538,8.6876,-160.0000,160,0.314159
TEL,43480,8.5828,8.3978,8.6231,-160.0000,160,0.314159
TEL,43580,8.1168,8.3114,8.5836,-160.0000,160,0.314159
TEL,43680,8.5323,8.3433,8.6799,-160.0000,160,0.314159
TEL,43780,8.6510,8.4290,8.6290,-160.0000,160,0.314159
TEL,43880,7.8219,8.3845,8.5465,-160.0000,160,0.314159
TEL,43980,8.6510,8.4238,8.6216,-160.0000,160,0.314159
TEL,44080,8.8977,8.5139,8.5359,-160.0000,160,0.314159
TEL,44180,8.0864,8.5577,8.4278,-160.0000,160,0.314159
TEL,44280,8.9523,8.6502,8.4423,-160.0000,160,0.314159
TEL,44380,9.4122,8.9104,8.2779,-160.0000,160,0.314159
TEL,44480,7.9964,8.8241,7.9862,-160.0000,160,0.314159
TEL,44580,9.7653,9.0710,8.2177,-160.0000,160,0.314159
TEL,44680,10.2603,9.5172,7.7248,-160.0000,160,0.314159
TEL,44780,9.0821,9.7571,7.2255,-160.0000,160,0.314159
TEL,44880,10.7011,9.9926,7.2273,-160.0000,160,0.314159
TEL,44980,12.0040,11.1469,6.6878,-152.6863,153,0.300415
TEL,45080,12.7361,11.6086,5.8531,-111.5325,115,0.225802
TEL,45180,13.3225,11.9557,5.3919,-160.0000,155,0.304342
TEL,45280,14.1722,13.0283,4.5584,-63.8744,110,0.215984
TEL,45380,15.4235,14.7240,3.3578,-8.6477,21,0.041233
TEL,45480,13.9610,13.8150,3.3192,-160.0000,45,0.088357
TEL,45580,17.1364,16.2820,2.2603,67.5142,95,0.186532
TEL,45680,17.9637,17.3344,0.7180,88.0496,15,0.029452
TEL,45780,17.1364,16.1448,1.2923,-160.0000,-36,-0.070686
TEL,45880,17.7663,17.2684,0.8552,71.4602,-31,-0.060868
TEL,45980,18.1652,17.8589,-0.5643,61.3196,-64,-0.125664
TEL,46080,15.4235,16.1734,-0.8589,45.5424,-46,-0.090321
TEL,46180,17.3210,16.8139,0.6420,8.4200,-9,-0.017671
TEL,46280,17.0154,16.9517,0.1861,29.0309,-29,-0.056941
TEL,46380,15.0320,15.6363,0.0346,0.0000,0,0.000000
TEL,46480,15.7297,15.6590,1.3637,-99.8360,52,0.102102
TEL,46580,15.3238,15.5750,1.3253,-37.4092,95,0.186532
TEL,46680,11.1783,14.7497,1.4250,-50.6677,51,0.100138
TEL,46780,13.9610,14.0929,2.6708,-143.2038,103,0.202240
TEL,46880,14.0027,14.0646,2.9071,-96.0888,135,0.265072
TEL,46980,13.8781,14.0115,2.9389,-88.6916,89,0.174751
TEL,47080,13.7150,13.9540,2.9885,-92.9566,93,0.182605
TEL,47180,13.2465,13.7230,3.1008,-101.2428,101,0.198313
TEL,47280,12.9142,13.4846,3.2770,-111.0342,111,0.217948
TEL,47380,12.5969,13.0647,3.6612,-131.7142,132,0.259181
TEL,47480,12.5969,12.8823,3.9353,-137.8630,138,0.270962
TEL,47580,12.6662,12.7834,4.1616,-131.4242,131,0.257218
TEL,47680,12.7361,12.7571,4.2166,-130.0035,130,0.255254
TEL,47780,13.0232,12.7952,4.2455,-127.7552,128,0.251327
TEL,47880,13.3608,12.8943,4.2048,-122.1011,122,0.239546
TEL,47980,13.8781,13.1991,4.0333,-110.1440,110,0.215984
TEL,48080,13.8781,13.4252,3.8009,-94.6821,95,0.186532
TEL,48180,14.2152,13.7389,3.4927,-92.4590,92,0.180642
TEL,48280,14.5228,14.0034,3.2611,-79.9647,80,0.157080
TEL,48380,14.8899,14.4042,2.8726,-67.5815,68,0.133518
TEL,48480,15.2745,14.7353,2.5958,-56.8795,57,0.111919
TEL,48580,14.3455,14.5147,2.0489,-29.1023,29,0.056941
TEL,48680,15.9401,14.9888,2.4853,-85.7296,76,0.149226
TEL,48780,16.6617,15.9627,1.6566,3.4952,47,0.092284
TEL,48880,14.4781,15.4056,1.0373,17.6894,-18,-0.035343
TEL,48980,16.9555,16.1065,1.5057,-31.8757,26,0.051051
TEL,49080,17.2591,16.7149,0.8935,24.7026,-11,-0.021598
TEL,49180,15.5243,15.8206,-0.0256,47.3754,-47,-0.092284
TEL,49280,17.3210,16.4515,1.1794,-71.0898,5,0.009817
TEL,49380,17.2591,17.0720,0.2916,29.7913,58,0.113883
TEL,49480,12.2939,15.9867,-0.0720,15.0631,-8,-0.015708
TEL,49580,17.1976,16.3860,1.0348,-34.2665,26,0.051051
TEL,49680,17.0154,16.6991,0.6140,27.5705,-6,-0.011781
TEL,49780,12.1635,15.9013,0.2198,5.5712,-11,-0.021598
TEL,49880,15.7297,15.7057,1.0987,-160.0000,44,0.086394
TEL,49980,16.0473,15.9813,1.1388,-10.8470,97,0.190459
TEL,50080,12.5626,15.4190,1.0187,-27.6044,33,0.064795
TEL,50180,15.2254,15.0107,2.0685,-135.1947,73,0.143335
TEL,50280,15.3238,15.1839,1.9893,-48.0854,125,0.245437
TEL,50380,12.4269,14.7961,1.7681,-45.8386,55,0.107992
TEL,50480,14.3018,14.2930,2.2039,-132.6559,87,0.170824
TEL,50580,14.9843,14.6407,2.5769,-57.7973,128,0.251327
TEL,50680,15.0799,14.7721,2.3593,-55.2451,59,0.115846
TEL,50780,14.5228,14.1780,2.8845,-160.0000,103,0.202240
TEL,50880,14.9370,14.5269,2.8220,-65.2284,155,0.304342
TEL,50980,14.0027,14.5979,2.3585,-53.5648,77,0.151189
TEL,51080,14.0448,14.1684,2.4021,-99.2114,73,0.143335
TEL,51180,15.6779,14.9119,2.6415,-50.7251,84,0.164934
TEL,51280,16.1015,15.4501,2.0881,-18.4621,19,0.037306
TEL,51380,15.4235,14.7698,2.3236,-160.0000,70,0.137445
TEL,51480,16.5468,15.8088,2.2302,-14.1432,123,0.241510
TEL,51580,17.1976,16.7123,0.8427,27.0028,46,0.090321
TEL,51680,15.4737,15.4935,0.2877,28.5757,-27,-0.053014
TEL,51780,17.5729,16.6821,1.1801,13.5637,-14,-0.027489
TEL,51880,17.7663,17.3090,0.3179,60.7515,-56,-0.109956
TEL,51980,16.4899,16.4298,-0.5006,43.7607,-44,-0.086394
TEL,52080,17.9637,17.0615,0.5702,-9.3761,1,0.001963
TEL,52180,17.8316,17.5422,-0.2552,36.7055,-30,-0.058905
TEL,52280,14.8430,16.0532,-0.5422,33.1765,-33,-0.064795
TEL,52380,17.3210,16.7440,0.8551,-11.8932,8,0.015708
TEL,52480,17.3210,16.9931,0.2560,34.1423,-28,-0.054978
TEL,52580,14.0448,15.5100,-0.0293,0.0000,-1,-0.001963
TEL,52680,16.0473,15.6962,1.4900,-160.0000,52,0.102102
TEL,52780,16.0473,15.9527,1.1751,-15.9404,104,0.204204
TEL,52880,11.7872,15.2303,1.0473,-27.0800,36,0.070686
TEL,52980,15.5243,15.1007,1.9774,-90.4740,68,0.133518
TEL,53080,15.4235,15.2579,1.8993,-34.4642,72,0.141372
TEL,53180,11.7872,14.7440,1.7387,-51.6500,40,0.078540
TEL,53280,14.5228,14.4336,2.2560,-148.1667,115,0.225802
TEL,53380,14.7965,14.6646,2.4260,-51.7162,137,0.268999
TEL,53480,12.1313,14.2605,2.3354,-64.6664,67,0.131554
TEL,53580,14.4337,13.9838,3.5911,-160.0000,118,0.231692
TEL,53680,15.0799,14.5549,3.0162,-51.7807,153,0.300415
TEL,53780,12.2283,14.2134,2.1731,-24.3906,68,0.133518
TEL,53880,14.8899,13.9729,2.7866,-160.0000,30,0.058905
TEL,53980,16.4899,15.9852,1.9870,96.3982,50,0.098175
TEL,54080,17.1976,16.6511,1.0148,29.2930,-25,-0.049087
TEL,54180,16.7197,15.6986,1.7779,-160.0000,20,0.039270
TEL,54280,17.6369,16.8964,1.3014,47.0826,72,0.141372
TEL,54380,18.1652,17.7706,-0.2509,60.7034,-5,-0.009817
TEL,54480,16.7781,16.5258,-0.7706,54.2033,-56,-0.109956
TEL,54580,17.8974,17.4366,0.1608,42.1834,-42,-0.082467
TEL,54680,18.0975,17.7819,-0.4366,49.8312,-50,-0.098175
TEL,54780,16.1015,15.6743,0.0902,-133.5180,3,0.005890
TEL,54880,16.9555,16.5968,1.3257,44.2183,54,0.106029
TEL,54980,16.8368,16.8813,0.1606,31.5732,-20,-0.039270
TEL,55080,14.3895,15.5440,0.1187,0.0000,-4,-0.007854
TEL,55180,16.2107,15.6197,1.6048,-70.4799,47,0.092284
TEL,55280,15.7297,15.7200,1.3803,-11.5438,50,0.098175
TEL,55380,15.2745,15.6111,1.2881,-39.8551,20,0.039270
TEL,55480,15.0799,15.4538,1.3889,-50.9236,51,0.100138
TEL,55580,14.5678,15.0832,1.6725,-69.1110,69,0.135481
TEL,55680,14.3455,14.8368,1.9168,-76.5700,77,0.151189
TEL,55780,14.1722,14.5620,2.2691,-83.9584,84,0.164934
TEL,55880,14.2152,14.4409,2.4380,-87.6292,88,0.172788
TEL,55980,14.1722,14.3342,2.6066,-85.3231,85,0.166897
TEL,56080,14.3455,14.3370,2.6658,-84.3944,84,0.164934
TEL,56180,14.5228,14.3558,2.6620,-79.7159,80,0.157080
TEL,56280,14.7502,14.4056,2.6441,-76.7627,77,0.151189
TEL,56380,14.8899,14.5405,2.5609,-71.7945,72,0.141372
TEL,56480,15.2745,14.7017,2.4595,-66.9548,67,0.131554
TEL,56580,15.7818,15.0775,2.1955,-50.4488,50,0.098175
TEL,56680,15.9401,15.3716,1.9225,-33.7481,34,0.066759
TEL,56780,16.4899,15.9123,1.4493,-16.6140,17,0.033379
TEL,56880,16.7781,16.2090,1.0877,-4.2614,4,0.007854
TEL,56980,16.2107,15.5288,1.6486,-160.0000,56,0.109956
TEL,57080,17.0154,16.3281,1.4712,4.6795,107,0.210094
TEL,57180,13.7961,14.9695,0.3467,38.3767,28,0.054978
TEL,57280,16.2658,15.0694,2.0305,-160.0000,-24,-0.047124
TEL,57380,17.9637,17.4512,0.8696,133.0714,-20,-0.039270
TEL,57480,18.0975,17.8563,-0.4512,85.4238,-84,-0.164934
TEL,57580,16.5468,15.8440,0.2405,-160.0000,-33,-0.064795
TEL,57680,17.7663,17.2882,1.1560,114.1804,18,0.035343
TEL,57780,13.9194,16.5744,-0.6039,65.4626,-54,-0.106029
TEL,57880,15.4737,15.2698,0.4256,-160.0000,-27,-0.053014
TEL,57980,16.9555,16.3575,1.3255,20.9324,24,0.047124
TEL,58080,16.6040,16.5754,0.6425,30.4328,-29,-0.056941
TEL,58180,14.6130,15.6626,0.4314,-13.9725,10,0.019635
TEL,58280,15.2745,15.3580,1.3374,-107.0649,67,0.131554
TEL,58380,14.7042,15.1226,1.7006,-59.8055,100,0.196350
TEL,58480,11.9102,13.4692,1.8774,-72.3946,72,0.141372
TEL,58580,13.5950,13.4575,3.6480,-127.0247,118,0.231692
TEL,58680,13.7554,13.5645,3.5425,-98.7473,100,0.196350
TEL,58780,11.4033,12.7743,3.4150,-99.3810,99,0.194386
TEL,58880,12.5284,12.6079,4.2257,-160.0000,147,0.288634
TEL,58980,12.5626,12.5973,4.4025,-133.6363,136,0.267035
TEL,59080,9.9401,12.2663,4.4027,-133.0882,133,0.261145
TEL,59180,12.3934,12.1371,4.9233,-160.0000,160,0.314159
TEL,59280,12.6662,12.3111,4.8629,-136.4792,136,0.267035
TEL,59380,10.1901,12.0610,4.5899,-122.8406,123,0.241510
TEL,59480,13.3993,12.4205,4.9390,-160.0000,158,0.310232
TEL,59580,13.7961,13.2686,4.2751,-82.5978,109,0.214021
TEL,59680,14.2584,13.7041,3.7314,-75.7815,76,0.149226
TEL,59780,14.1722,13.5228,3.7006,-160.0000,128,0.251327
TEL,59880,14.9370,14.1119,3.4772,-71.9406,147,0.288634
TEL,59980,11.5189,13.7068,2.5446,-24.8230,56,0.109956
TEL,60080,15.4737,14.2425,3.2932,-160.0000,38,0.074613
TEL,60180,17.0154,16.2817,1.9704,58.9565,79,0.155116
TEL,60280,17.7014,17.0817,0.7183,64.7686,-2,-0.003927
TEL,60380,17.2591,16.4084,1.1683,-160.0000,-53,-0.104065
TEL,60480,17.8974,17.3099,0.5916,52.6463,-44,-0.086394
TEL,60580,18.3018,17.9849,-0.5729,56.6489,-57,-0.111919
TEL,60680,16.6617,16.6209,-0.9849,51.6173,-52,-0.102102
TEL,60780,17.3210,17.0863,0.2243,16.4818,-17,-0.033379
TEL,60880,17.3210,17.2222,-0.0863,16.7647,-17,-0.033379
TEL,60980,15.6264,16.5166,-0.2173,0.0000,0,0.000000
TEL,61080,16.2107,16.3577,0.4834,-62.3471,48,0.094248
TEL,61180,15.6779,16.0821,0.7232,-33.8307,38,0.074613
TEL,61280,12.9867,14.3273,0.9179,-42.9400,43,0.084430
TEL,61380,14.5228,14.3848,2.7622,-96.2870,87,0.170824
TEL,61480,14.3018,14.3701,2.6152,-70.6016,71,0.139408
TEL,61580,12.5284,13.5475,2.6902,-89.7447,90,0.176715
TEL,61680,13.3608,13.4388,3.4525,-158.6390,140,0.274889
TEL,61780,13.1713,13.3777,3.5530,-105.3611,135,0.265072
TEL,61880,10.0297,12.8282,3.6223,-114.6745,114,0.223838
TEL,61980,12.4269,12.3960,4.5555,-160.0000,155,0.304342
TEL,62080,12.5284,12.4369,4.6040,-136.4834,136,0.267035
TEL,62180,9.5754,12.0862,4.5319,-131.2770,131,0.257218
TEL,62280,12.3934,12.1453,4.9138,-160.0000,160,0.314159
TEL,62380,13.3225,12.6035,4.7213,-121.6228,123,0.241510
TEL,62480,11.6367,12.5163,4.3965,-102.7361,103,0.202240
TEL,62580,13.3608,12.7044,4.7037,-160.0000,149,0.292561
TEL,62680,13.9194,13.2436,4.2956,-92.5694,124,0.243473
TEL,62780,11.5775,13.1100,3.4769,-62.3931,63,0.123700
TEL,62880,14.2584,13.4207,3.8900,-160.0000,114,0.223838
TEL,62980,15.4235,14.6710,3.1683,-33.3947,155,0.304342
TEL,63080,15.9936,15.3551,2.3290,-7.5865,72,0.141372
TEL,63180,15.7818,15.0186,2.8300,-160.0000,21,0.041233
TEL,63280,16.8960,16.1049,1.9814,15.7240,26,0.051051
TEL,63380,18.1652,17.3868,0.4580,51.8222,-49,-0.096211
TEL,63480,16.2658,16.0196,-0.3868,79.2250,-79,-0.155116
TEL,63580,18.5104,18.0240,0.0732,133.8785,-124,-0.243473
TEL,63680,18.2332,18.1446,-1.0240,90.1092,-99,-0.194386
TEL,63780,17.8974,18.1309,-1.1662,38.2221,-40,-0.078540
TEL,63880,17.4461,17.9464,-1.1309,26.5905,-27,-0.053014
TEL,63980,16.9555,17.5115,-0.8103,3.8902,-4,-0.007854
TEL,64080,16.3771,17.0910,-0.5115,-7.4494,7,0.013744
TEL,64180,15.5752,16.1738,0.2260,-54.3377,49,0.096211
TEL,64280,15.0799,15.6543,0.8262,-66.0297,66,0.129591
TEL,64380,14.3895,14.8968,1.6197,-89.6834,90,0.176715
TEL,64480,13.8781,14.4094,2.1032,-96.3178,96,0.188496
TEL,64580,13.5161,13.9071,2.8044,-116.2000,116,0.227765
TEL,64680,12.9503,13.5257,3.0929,-113.8279,114,0.223838
TEL,64780,12.3934,12.8846,3.7080,-146.2897,146,0.286670
TEL,64880,12.2283,12.6115,4.1154,-151.7429,152,0.298451
TEL,64980,11.7568,12.2355,4.5128,-154.0273,154,0.302378
TEL,65080,11.5482,11.9800,4.7645,-160.0000,160,0.314159
TEL,65180,11.3462,11.6839,5.1234,-160.0000,160,0.314159
TEL,65280,9.3922,11.1961,5.3161,-160.0000,160,0.314159
TEL,65380,11.1508,10.9160,6.1324,-160.0000,160,0.314159
TEL,65480,11.5775,11.1309,6.0840,-160.0000,160,0.314159
TEL,65580,9.2932,10.9245,5.7484,-154.3342,154,0.302378
TEL,65680,11.7266,11.1573,6.0755,-160.0000,160,0.314159
TEL,65780,12.5284,11.8913,5.5941,-130.5423,131,0.257218
TEL,65880,13.2088,12.4386,5.1087,-115.7320,116,0.227765
TEL,65980,12.9867,12.4100,5.1586,-160.0000,157,0.308269
TEL,66080,13.9610,13.1853,4.5900,-93.2566,110,0.215984
TEL,66180,12.0040,12.6372,3.4985,-57.5241,57,0.111919
TEL,66280,14.1295,12.8734,4.3628,-160.0000,109,0.214021
TEL,66380,15.5243,15.0239,3.1294,55.6902,156,0.306305
TEL,66480,12.8782,13.8228,1.9761,4.4413,75,0.147262
REF,66572,9.0000,hold_near
TEL,66580,16.1015,14.6239,3.5444,-160.0000,22,0.043197
TEL,66680,17.8316,16.8207,-5.6239,160.0000,21,0.041233
TEL,66780,13.2088,16.0536,-8.5334,160.0000,-72,-0.141372
TEL,66880,16.3771,15.4877,-7.0536,-68.4786,-124,-0.243473
TEL,66980,17.6369,17.2091,-7.4508,160.0000,-120,-0.235619
TEL,67080,17.5093,17.4442,-8.2091,160.0000,-160,-0.314159
TEL,67180,15.1766,15.8800,-8.4447,160.0000,-160,-0.314159
TEL,67280,16.0473,15.9019,-6.8800,129.6713,-130,-0.255254
TEL,67380,15.4235,15.7736,-6.9114,160.0000,-160,-0.314159
TEL,67480,12.2939,14.0314,-6.7736,160.0000,-160,-0.314159
TEL,67580,13.4770,13.6625,-4.7943,108.2724,-115,-0.225802
TEL,67680,12.7714,13.3825,-4.6625,128.8637,-129,-0.253291
TEL,67780,10.2134,11.2038,-4.1053,81.5728,-87,-0.170824
TEL,67880,9.9401,10.4499,-2.2038,-55.6473,-36,-0.070686
TEL,67980,8.8081,9.5194,-1.1548,-9.6070,15,0.029452
TEL,68080,6.7308,9.1419,-0.5194,-36.0352,36,0.070686
TEL,68180,8.5156,8.6711,0.2455,-26.7336,27,0.053014
TEL,68280,9.1388,8.8087,0.2904,0.0000,3,0.005890
TEL,68380,8.0262,8.8307,0.0547,18.8478,-18,-0.035343
TEL,68480,10.1669,9.2797,0.0104,23.5257,-24,-0.047124
TEL,68580,11.3462,10.5885,-0.6724,79.0786,-55,-0.107992
TEL,68680,11.9726,11.3575,-2.0047,122.5554,-116,-0.227765
TEL,68780,12.4606,11.5931,-2.2558,88.3182,-97,-0.190459
TEL,68880,13.1340,12.3765,-2.9911,149.4333,-119,-0.233656
TEL,68980,10.7266,12.2760,-4.0226,160.0000,-160,-0.314159
TEL,69080,12.7011,12.2613,-3.0254,53.1662,-130,-0.255254
TEL,69180,13.7150,13.2094,-3.9581,160.0000,-57,-0.111919
TEL,69280,13.9194,13.5019,-4.3430,150.3220,-113,-0.221875
TEL,69380,13.0599,12.9369,-3.8801,62.7488,-140,-0.274889
TEL,69480,13.5161,13.2010,-4.0953,146.6175,-74,-0.145299
TEL,69580,13.6348,13.0176,-4.2928,142.5618,-126,-0.247400
TEL,69680,12.2610,12.2195,-3.1885,-28.7012,-113,-0.221875
TEL,69780,12.9142,12.7610,-3.4889,145.0788,-40,-0.078540
TEL,69880,9.7869,12.1520,-3.7464,110.1981,-93,-0.182605
TEL,69980,11.6367,11.5375,-2.4721,-41.5337,-79,-0.155116
TEL,70080,11.5189,11.5424,-2.5496,78.2924,-6,-0.011781
TEL,70180,8.9706,10.8031,-2.4937,67.5165,-56,-0.109956
TEL,70280,10.2839,10.6832,-1.8116,55.6181,-56,-0.109956
TEL,70380,9.9401,10.2518,-1.3509,20.0100,-29,-0.056941
TEL,70480,9.5136,9.9860,-1.1229,14.3596,-14,-0.027489
TEL,70580,8.0562,8.8676,-0.2794,-73.3759,16,0.031416
TEL,70680,8.2249,8.5312,0.3308,-39.6684,71,0.139408
TEL,70780,8.3518,8.3393,0.6643,-30.2676,30,0.058905
TEL,70880,7.5597,8.2381,0.6253,-13.4386,13,0.025525
TEL,70980,9.0446,8.4234,0.7058,-9.2894,9,0.017671
TEL,71080,9.4932,8.7846,0.4101,12.6794,-12,-0.023562
TEL,71180,9.4932,9.2706,-0.1913,36.9832,-35,-0.068722
TEL,71280,9.8520,9.4173,-0.3082,0.0000,-10,-0.019635
TEL,71380,10.4034,9.8454,-0.6876,42.5049,-28,-0.054978
TEL,71480,9.4323,9.8711,-1.0078,54.5924,-55,-0.107992
TEL,71580,10.3553,9.8720,-0.7060,41.0834,-41,-0.080503
TEL,71680,10.7780,10.2473,-1.0625,60.4539,-59,-0.115846
TEL,71780,10.0523,10.3923,-1.4950,61.3484,-61,-0.119773
TEL,71880,10.8559,10.5668,-1.4889,59.1640,-59,-0.115846
TEL,71980,10.6252,10.6260,-1.6262,52.8829,-53,-0.104065
TEL,72080,10.5752,10.6104,-1.6155,46.8912,-47,-0.092284
TEL,72180,10.2839,10.5358,-1.5666,42.7168,-43,-0.084430
TEL,72280,10.1208,10.4542,-1.4975,39.1811,-39,-0.076576
TEL,72380,9.7653,10.2508,-1.3301,29.3554,-29,-0.056941
TEL,72480,9.3128,10.0133,-1.1541,20.1136,-20,-0.039270
TEL,72580,8.7904,9.4444,-0.6487,-8.3946,4,0.007854
TEL,72680,8.4330,9.0309,-0.2429,-22.9273,23,0.045160
TEL,72780,8.2563,8.5507,0.3444,-36.0256,36,0.070686
TEL,72880,8.5828,8.5347,0.4775,-18.5558,20,0.039270
TEL,72980,8.8977,8.6466,0.3978,-6.1583,6,0.011781
TEL,73080,9.0821,8.7589,0.2976,-0.5580,1,0.001963
TEL,73180,9.3722,8.9710,0.1055,8.1633,-8,-0.015708
TEL,73280,9.4728,9.1226,-0.0507,13.4794,-13,-0.025525
TEL,73380,9.5341,9.3048,-0.2582,16.9981,-17,-0.033379
TEL,73480,9.5547,9.3711,-0.3384,0.0000,0,0.000000
TEL,73580,9.4728,9.4108,-0.4023,13.2372,-13,-0.025525
TEL,73680,9.3922,9.4071,-0.4087,11.9503,-12,-0.023562
TEL,73780,8.9340,9.1232,-0.1592,-7.2977,6,0.011781
TEL,73880,8.8977,9.0591,-0.0864,0.0000,0,0.000000
TEL,73980,8.6855,8.9648,-0.0052,0.0000,0,0.000000
TEL,74080,7.8938,8.6379,0.2042,-31.4851,25,0.049087
TEL,74180,8.1938,8.3929,0.5579,-29.3453,29,0.056941
TEL,74280,8.4166,8.3879,0.6175,-20.0876,20,0.039270
TEL,74380,8.3038,8.3762,0.6238,-19.2945,19,0.037306
TEL,74480,8.7202,8.4453,0.5547,-10.8199,15,0.029452
TEL,74580,8.4990,8.5452,0.4474,-4.4885,7,0.013744
TEL,74680,8.1168,8.3883,0.6117,-25.6000,8,0.015708
TEL,74780,8.8081,8.5038,0.4962,-7.5626,22,0.043197
TEL,74880,8.8797,8.6000,0.4000,-5.0810,6,0.011781
TEL,74980,7.7513,8.3553,0.6447,-38.4261,9,0.017671
TEL,75080,8.3518,8.3364,0.6636,-19.4382,34,0.066759
TEL,75180,8.2563,8.3161,0.6839,-21.7043,21,0.041233
TEL,75280,7.1530,8.3165,0.6839,-21.7043,22,0.043197
TEL,75380,8.4003,8.2604,0.7441,-26.8622,27,0.053014
TEL,75480,8.5659,8.3123,0.7396,-19.6810,20,0.039270
TEL,75580,7.6271,8.2195,0.6877,-16.2692,16,0.031416
TEL,75680,8.3198,8.2077,0.7805,-35.7500,36,0.070686
TEL,75780,8.5491,8.3077,0.7559,-17.2222,17,0.033379
TEL,75880,8.4494,8.3433,0.6923,-15.6975,16,0.031416
TEL,75980,7.9964,8.2408,0.7239,-26.7574,27,0.053014
TEL,76080,8.2563,8.2239,0.7805,-26.6145,27,0.053014
TEL,76180,8.4166,8.2630,0.7536,-21.0662,21,0.041233
TEL,76280,7.7234,8.2113,0.7887,-27.5433,28,0.054978
TEL,76380,8.3198,8.2184,0.7920,-23.2123,23,0.045160
TEL,76480,8.2879,8.2286,0.7714,-22.3241,22,0.043197
TEL,76580,7.8793,8.2007,0.7993,-25.3738,25,0.049087
TEL,76680,8.2563,8.1987,0.8013,-23.2666,23,0.045160
TEL,76780,8.2879,8.2140,0.7860,-22.7267,23,0.045160
TEL,76880,6.9876,8.2191,0.7860,-22.7267,23,0.045160
TEL,76980,8.2093,8.1871,0.8056,-26.0170,26,0.051051
TEL,77080,8.2721,8.1961,0.8129,-24.1265,24,0.047124
TEL,77180,6.8626,8.2063,0.7981,-23.0632,23,0.045160
TEL,77280,8.1016,8.1800,0.8144,-25.9889,26,0.051051
TEL,77380,8.3038,8.1907,0.8201,-24.6200,25,0.049087
TEL,77480,7.4151,8.1983,0.8017,-22.9118,23,0.045160
TEL,77580,8.1168,8.1690,0.8273,-26.0940,26,0.051051
TEL,77680,8.2721,8.1768,0.8294,-24.6428,25,0.049087
TEL,77780,7.4540,8.1816,0.8184,-23.8310,24,0.047124
TEL,77880,7.9083,8.1655,0.8345,-25.6418,26,0.051051
TEL,77980,8.2721,8.1693,0.8373,-24.4988,24,0.047124
TEL,78080,8.2879,8.1840,0.8160,-23.4824,23,0.045160
TEL,78180,7.8793,8.1711,0.8289,-26.2293,26,0.051051
TEL,78280,8.1938,8.1684,0.8316,-24.6988,25,0.049087
TEL,78380,8.3198,8.1891,0.8109,-23.1217,23,0.045160
TEL,78480,7.4410,8.1891,0.8109,-23.1217,23,0.045160
TEL,78580,8.1938,8.1692,0.8290,-25.7726,26,0.051051
TEL,78680,8.3038,8.1817,0.8308,-24.6848,25,0.049087
TEL,78780,7.4933,8.1935,0.8122,-23.4524,23,0.045160
TEL,78880,8.1321,8.1707,0.8267,-26.3135,26,0.051051
TEL,78980,8.2879,8.1850,0.8270,-24.4620,24,0.047124
TEL,79080,7.3258,8.1908,0.8092,-23.4015,23,0.045160
TEL,79180,8.1016,8.1439,0.8401,-27.5222,28,0.054978
TEL,79280,8.2563,8.1610,0.8561,-26.1488,26,0.051051
TEL,79380,7.2632,8.1800,0.8297,-23.5046,24,0.047124
TEL,79480,7.9521,8.1651,0.8349,-25.7886,26,0.051051
TEL,79580,8.2563,8.1716,0.8341,-24.4080,24,0.047124
TEL,79680,8.3198,8.1874,0.8126,-23.0865,23,0.045160
TEL,79780,7.9816,8.1748,0.8252,-25.3890,25,0.049087
TEL,79880,8.2563,8.1798,0.8202,-23.8761,24,0.047124
TEL,79980,8.3038,8.1985,0.8015,-23.0794,23,0.045160
TEL,80080,7.4671,8.1985,0.8015,-23.0794,23,0.045160
TEL,80180,8.2406,8.1885,0.8122,-24.9032,25,0.049087
TEL,80280,8.2879,8.1991,0.8115,-23.8739,24,0.047124
TEL,80380,8.3358,8.2160,0.7960,-23.1600,23,0.045160
TEL,80480,8.3358,8.2277,0.7840,-22.5095,23,0.045160
TEL,80580,8.3198,8.2415,0.7674,-22.2851,22,0.043197
TEL,80680,8.3358,8.2510,0.7585,-22.1069,22,0.043197
TEL,80780,8.3198,8.2608,0.7463,-21.9870,22,0.043197
TEL,80880,8.3198,8.2663,0.7392,-21.7196,22,0.043197
TEL,80980,8.3358,8.2740,0.7320,-21.6984,22,0.043197
TEL,81080,8.3198,8.2779,0.7260,-21.3491,21,0.041233
TEL,81180,8.3358,8.2841,0.7204,-21.3467,21,0.041233
TEL,81280,8.3198,8.2869,0.7159,-21.1479,21,0.041233
TEL,81380,8.3198,8.2910,0.7118,-21.1663,21,0.041233
TEL,81480,8.3358,8.2942,0.7090,-21.1032,21,0.041233
TEL,81580,8.3198,8.2973,0.7043,-20.9110,21,0.041233
TEL,81680,8.3038,8.2977,0.7027,-20.9632,21,0.041233
TEL,81780,8.3198,8.2987,0.7021,-21.0344,21,0.041233
TEL,81880,8.2879,8.2986,0.7013,-20.9422,21,0.041233
TEL,81980,8.3038,8.2986,0.7013,-21.0170,21,0.041233
TEL,82080,8.1321,8.2941,0.7014,-21.0219,21,0.041233
TEL,82180,8.3038,8.2932,0.7059,-21.8079,22,0.043197
TEL,82280,7.0225,8.2935,0.7068,-21.1612,21,0.041233
TEL,82380,8.1628,8.2656,0.7227,-22.8973,23,0.045160
TEL,82480,8.2721,8.2650,0.7344,-22.5854,23,0.045160
TEL,82580,6.9189,8.2670,0.7337,-21.8175,22,0.043197
TEL,82680,8.0562,8.2423,0.7501,-23.7817,24,0.047124
TEL,82780,8.2879,8.2428,0.7590,-22.9744,23,0.045160
TEL,82880,8.3038,8.2467,0.7555,-22.4077,22,0.043197
TEL,82980,8.0864,8.2231,0.7706,-24.4191,24,0.047124
TEL,83080,8.2406,8.2220,0.7789,-23.6680,24,0.047124
TEL,83180,8.2879,8.2293,0.7733,-22.7991,23,0.045160
TEL,83280,7.7653,8.2104,0.7896,-25.1047,25,0.049087
TEL,83380,8.2563,8.2051,0.7974,-23.9907,24,0.047124
TEL,83480,7.4410,8.2096,0.7904,-23.0318,23,0.045160
TEL,83580,7.8649,8.1938,0.8062,-24.7804,25,0.049087
TEL,83680,8.1938,8.1893,0.8107,-24.2848,24,0.047124
TEL,83780,7.4410,8.1971,0.8029,-23.4054,23,0.045160
TEL,83880,7.1410,8.2014,0.8029,-23.4054,23,0.045160
TEL,83980,8.2249,8.1827,0.8152,-25.7021,26,0.051051
TEL,84080,8.3038,8.1923,0.8173,-24.1702,24,0.047124
TEL,84180,7.4802,8.1979,0.8077,-23.3547,23,0.045160
TEL,84280,8.1168,8.1783,0.8181,-25.7428,26,0.051051
TEL,84380,8.2721,8.1876,0.8200,-24.3507,24,0.047124
TEL,84480,7.3258,8.1935,0.8065,-23.3213,23,0.045160
TEL,84580,8.1016,8.1770,0.8187,-25.1703,25,0.049087
TEL,84680,8.2406,8.1811,0.8221,-24.5304,25,0.049087
TEL,84780,7.3258,8.1540,0.8136,-23.6162,24,0.047124
TEL,84880,7.9521,8.1415,0.8585,-26.3762,26,0.051051
TEL,84980,8.2721,8.1500,0.8577,-25.2296,25,0.049087
TEL,85080,8.3038,8.1668,0.8332,-23.7004,24,0.047124
TEL,85180,7.8938,8.1504,0.8496,-26.3040,26,0.051051
TEL,85280,8.2249,8.1547,0.8453,-24.6867,25,0.049087
TEL,85380,7.7234,8.1422,0.8320,-23.8523,24,0.047124
TEL,85480,7.7373,8.1154,0.8846,-28.5510,28,0.054978
TEL,85580,8.2249,8.1171,0.8829,-25.2454,25,0.049087
TEL,85680,8.2879,8.1381,0.8619,-24.1715,24,0.047124
TEL,85780,7.7234,8.1205,0.8795,-28.6615,28,0.054978
TEL,85880,8.1783,8.1170,0.8830,-25.7213,26,0.051051
TEL,85980,8.2879,8.1500,0.8500,-23.8617,24,0.047124
TEL,86080,6.9189,8.1612,0.8500,-23.8617,24,0.047124
TEL,86180,8.1628,8.1273,0.8697,-28.4119,28,0.054978
TEL,86280,8.2721,8.1454,0.8727,-25.7326,26,0.051051
TEL,86380,7.0576,8.1650,0.8444,-23.8059,24,0.047124
TEL,86480,7.9964,8.1155,0.8739,-29.1283,29,0.056941
TEL,86580,8.2721,8.1393,0.8820,-26.0716,26,0.051051
TEL,86680,8.3038,8.1640,0.8473,-23.4060,23,0.045160
TEL,86780,8.1016,8.1345,0.8626,-27.8713,28,0.054978
TEL,86880,8.2406,8.1487,0.8586,-24.7268,25,0.049087
TEL,86980,8.3198,8.1775,0.8332,-23.4429,23,0.045160
TEL,87080,7.7653,8.1486,0.8514,-27.7132,28,0.054978
TEL,87180,8.2563,8.1554,0.8524,-24.8219,25,0.049087
TEL,87280,7.8649,8.1447,0.8342,-23.4548,23,0.045160
TEL,87380,7.8219,8.1306,0.8694,-27.9405,27,0.053014
TEL,87480,8.1783,8.1288,0.8712,-25.5222,26,0.051051
TEL,87580,8.3198,8.1599,0.8401,-23.3636,23,0.045160
TEL,87680,6.8514,8.1691,0.8401,-23.3636,23,0.045160
TEL,87780,8.2093,8.1479,0.8535,-27.2999,27,0.053014
TEL,87880,8.2879,8.1655,0.8521,-24.8471,25,0.049087
TEL,87980,6.8626,8.1815,0.8261,-23.5335,24,0.047124
TEL,88080,8.1016,8.1563,0.8395,-26.7654,27,0.053014
TEL,88180,8.2721,8.1731,0.8401,-24.6568,25,0.049087
TEL,88280,8.3038,8.1882,0.8196,-23.4927,23,0.045160
TEL,88380,8.1016,8.1608,0.8348,-26.7665,27,0.053014
TEL,88480,8.2721,8.1689,0.8380,-24.9667,25,0.049087
TEL,88580,7.1410,8.1842,0.8158,-23.1438,23,0.045160
TEL,88680,7.9229,8.1281,0.8552,-28.6124,29,0.056941
TEL,88780,8.2721,8.1430,0.8668,-24.9270,25,0.049087
TEL,88880,8.3038,8.1649,0.8457,-23.6725,24,0.047124
TEL,88980,8.3198,8.1943,0.8151,-22.9263,23,0.045160
TEL,89080,8.3198,8.2111,0.7969,-22.6002,23,0.045160
TEL,89180,8.3198,8.2325,0.7805,-22.1440,22,0.043197
TEL,89280,8.3358,8.2422,0.7640,-22.3813,22,0.043197
TEL,89380,8.3198,8.2563,0.7530,-21.8765,22,0.043197
TEL,89480,8.3038,8.2624,0.7401,-21.6557,22,0.043197
TEL,89580,8.3198,8.2710,0.7345,-21.5703,22,0.043197
TEL,89680,8.3198,8.2757,0.7266,-21.4314,21,0.041233
TEL,89780,8.3198,8.2822,0.7195,-21.1835,21,0.041233
TEL,89880,8.3038,8.2855,0.7154,-21.1059,21,0.041233
TEL,89980,8.3198,8.2889,0.7124,-21.2681,21,0.041233
TEL,90080,8.3198,8.2906,0.7105,-21.2294,21,0.041233
TEL,90180,8.3198,8.2942,0.7067,-20.9644,21,0.041233
TEL,90280,8.3198,8.2959,0.7049,-21.0144,21,0.041233
TEL,90380,8.3038,8.2967,0.7036,-21.0701,21,0.041233
TEL,90480,8.3038,8.2976,0.7026,-20.9732,21,0.041233
TEL,90580,8.0262,8.2685,0.7220,-23.1282,23,0.045160
TEL,90680,8.2249,8.2620,0.7364,-22.8271,23,0.045160
TEL,90780,8.2879,8.2644,0.7366,-21.9479,22,0.043197
TEL,90880,7.5065,8.2363,0.7637,-25.0118,25,0.049087
TEL,90980,8.2406,8.2182,0.7830,-24.3227,24,0.047124
TEL,91080,8.2879,8.2258,0.7742,-22.7366,23,0.045160
TEL,91180,7.7373,8.2058,0.7942,-25.6145,26,0.051051
TEL,91280,8.1474,8.1944,0.8056,-24.5988,25,0.049087
TEL,91380,8.3198,8.2056,0.7944,-22.8856,23,0.045160
TEL,91480,7.0576,8.2116,0.7944,-22.8856,23,0.045160
TEL,91580,8.1321,8.1626,0.8234,-27.3280,27,0.053014
TEL,91680,8.2879,8.1760,0.8374,-25.4483,25,0.049087
TEL,91780,6.8850,8.1904,0.8171,-23.4719,23,0.045160
TEL,91880,8.0713,8.1580,0.8356,-27.0168,27,0.053014
TEL,91980,8.3038,8.1752,0.8386,-24.6384,25,0.049087
TEL,92080,8.3198,8.1919,0.8167,-23.2853,23,0.045160
TEL,92180,8.0713,8.1592,0.8341,-26.9691,27,0.053014
TEL,92280,8.2406,8.1657,0.8395,-24.9870,25,0.049087
TEL,92380,8.2721,8.1787,0.8275,-23.8164,24,0.047124
TEL,92480,7.8362,8.1576,0.8424,-26.8524,27,0.053014
TEL,92580,8.2249,8.1597,0.8446,-25.1002,25,0.049087
TEL,92680,6.8514,8.1674,0.8326,-23.8295,24,0.047124
TEL,92780,7.8219,8.1536,0.8464,-26.9701,27,0.053014
TEL,92880,8.2093,8.1530,0.8470,-24.8383,25,0.049087
TEL,92980,7.4802,8.1642,0.8358,-24.0447,24,0.047124
TEL,93080,6.8850,8.1725,0.8358,-24.0447,24,0.047124
TEL,93180,8.1938,8.1564,0.8415,-26.2991,26,0.051051
TEL,93280,8.2879,8.1686,0.8436,-24.9443,25,0.049087
TEL,93380,7.4671,8.1838,0.8236,-23.5406,24,0.047124
TEL,93480,8.0713,8.1537,0.8405,-27.0364,27,0.053014
TEL,93580,8.3038,8.1710,0.8437,-24.9267,25,0.049087
TEL,93680,7.2881,8.1800,0.8200,-23.2411,23,0.045160
TEL,93780,8.1628,8.1650,0.8349,-25.7901,26,0.051051
TEL,93880,8.2721,8.1756,0.8304,-24.2262,24,0.047124
TEL,93980,7.2632,8.1884,0.8116,-23.2868,23,0.045160
TEL,94080,7.9669,8.1756,0.8244,-25.3733,25,0.049087
TEL,94180,8.2563,8.1763,0.8285,-24.7909,25,0.049087
TEL,94280,7.6271,8.1519,0.8176,-23.6077,24,0.047124
TEL,94380,7.9521,8.1094,0.8779,-28.5792,29,0.056941
TEL,94480,8.3198,8.1235,0.8912,-26.8230,27,0.053014
TEL,94580,8.3038,8.1565,0.8548,-23.8274,24,0.047124
TEL,94680,7.6000,8.1166,0.8834,-29.4914,29,0.056941
TEL,94780,8.2093,8.1188,0.8888,-25.9759,26,0.051051
TEL,94880,6.9303,8.1291,0.8709,-24.5759,25,0.049087
TEL,94980,7.6544,8.1056,0.8944,-29.5682,28,0.054978
TEL,95080,8.1783,8.1064,0.8936,-25.8599,26,0.051051
TEL,95180,8.2721,8.1372,0.8628,-24.2398,24,0.047124
TEL,95280,7.1772,8.1497,0.8628,-24.2398,24,0.047124
TEL,95380,8.1474,8.1027,0.8945,-30.1416,30,0.058905
TEL,95480,8.2879,8.1247,0.8973,-26.3037,26,0.051051
TEL,95580,7.0342,8.1490,0.8626,-23.9842,24,0.047124
TEL,95680,8.0262,8.1057,0.8868,-29.2917,29,0.056941
TEL,95780,8.2879,8.1360,0.8883,-25.7488,26,0.051051
TEL,95880,8.3198,8.1611,0.8522,-23.7899,24,0.047124
TEL,95980,7.9669,8.1176,0.8685,-28.2725,28,0.054978
TEL,96080,8.2249,8.1308,0.8773,-25.5567,26,0.051051
TEL,96180,8.3038,8.1643,0.8471,-23.5590,24,0.047124
TEL,96280,7.8219,8.1385,0.8615,-27.7776,28,0.054978
TEL,96380,8.2249,8.1494,0.8566,-24.6954,25,0.049087
TEL,96480,6.8181,8.1581,0.8419,-23.9533,24,0.047124
TEL,96580,7.7095,8.1346,0.8654,-28.3175,28,0.054978
TEL,96680,8.1628,8.1300,0.8700,-25.6975,26,0.051051
TEL,96780,8.2879,8.1593,0.8407,-23.7607,24,0.047124
TEL,96880,6.8963,8.1593,0.8407,-23.7607,24,0.047124
TEL,96980,8.1783,8.1442,0.8552,-26.3815,26,0.051051
TEL,97080,8.2879,8.1592,0.8558,-25.3000,25,0.049087
TEL,97180,7.4671,8.1761,0.8326,-23.7453,24,0.047124
TEL,97280,8.1016,8.1474,0.8491,-27.3665,27,0.053014
TEL,97380,8.2721,8.1637,0.8505,-25.2023,25,0.049087
TEL,97480,8.3358,8.1848,0.8255,-23.1417,23,0.045160
TEL,97580,8.3198,8.2093,0.8075,-23.0714,23,0.045160
TEL,97680,8.3198,8.2228,0.7907,-22.5838,23,0.045160
TEL,97780,8.3198,8.2414,0.7702,-22.0519,22,0.043197
TEL,97880,8.3038,8.2495,0.7539,-21.9153,22,0.043197
TEL,97980,8.3038,8.2597,0.7474,-21.9611,22,0.043197
TEL,98080,8.3198,8.2658,0.7372,-21.6414,22,0.043197
TEL,98180,8.3198,8.2733,0.7315,-21.5398,22,0.043197
TEL,98280,8.3198,8.2775,0.7245,-21.4100,21,0.041233
TEL,98380,8.3358,8.2841,0.7206,-21.3359,21,0.041233
TEL,98480,8.3198,8.2877,0.7137,-21.0842,21,0.041233
TEL,98580,8.3358,8.2920,0.7110,-21.1355,21,0.041233
TEL,98680,8.3358,8.2952,0.7064,-20.9422,21,0.041233
TEL,98780,8.3358,8.2994,0.7033,-20.8762,21,0.041233
TEL,98880,8.3198,8.3014,0.6993,-20.7888,21,0.041233
TEL,98980,8.3038,8.3021,0.6980,-20.8484,21,0.041233
TEL,99080,7.2632,8.3021,0.6979,-20.9277,21,0.041233
TEL,99180,8.1168,8.2858,0.7083,-21.7708,22,0.043197
TEL,99280,8.2406,8.2816,0.7169,-21.9150,22,0.043197
TEL,99380,7.0694,8.2632,0.7177,-21.4128,21,0.041233
TEL,99480,7.9083,8.2206,0.7623,-24.7848,25,0.049087
TEL,99580,8.2563,8.2190,0.7831,-23.4217,23,0.045160
TEL,99680,8.2879,8.2266,0.7767,-22.6469,23,0.045160
TEL,99780,7.9816,8.2144,0.7856,-24.1773,24,0.047124
TEL,99880,8.2249,8.2093,0.7907,-23.5892,24,0.047124
TEL,99980,8.3038,8.2205,0.7795,-22.7392,23,0.045160
TEL,100080,7.7095,8.1956,0.8044,-25.9978,26,0.051051
TEL,100180,8.2406,8.1853,0.8147,-23.9367,24,0.047124
TEL,100280,8.2879,8.1947,0.8053,-23.3544,23,0.045160
TEL,100380,7.7373,8.1762,0.8238,-26.6045,27,0.053014
TEL,100480,8.1628,8.1665,0.8335,-25.0411,25,0.049087
TEL,100580,8.3038,8.1823,0.8177,-23.4328,23,0.045160
TEL,100680,6.9303,8.1874,0.8177,-23.4328,23,0.045160
TEL,100780,8.1783,8.1544,0.8394,-27.1982,27,0.053014
TEL,100880,8.2721,8.1674,0.8456,-25.1200,25,0.049087
TEL,100980,6.9417,8.1824,0.8244,-23.5009,24,0.047124
TEL,101080,8.0562,8.1449,0.8484,-27.7628,28,0.054978
TEL,101180,8.2721,8.1639,0.8507,-24.8595,25,0.049087
TEL,101280,8.3198,8.1739,0.8361,-23.9560,24,0.047124
TEL,101380,8.0713,8.1393,0.8553,-27.8478,28,0.054978
TEL,101480,8.2093,8.1498,0.8546,-24.7285,25,0.049087
TEL,101580,7.4281,8.1696,0.8304,-23.4749,23,0.045160
TEL,101680,7.7234,8.1398,0.8602,-27.2924,27,0.053014
TEL,101780,8.2563,8.1467,0.8618,-24.8176,25,0.049087
