BALL_BEAM_REF_BOOT
REF_CFG,profile=center_far_near_90s,center_cm=13.0000,near_cm=9.0000,far_cm=17.0000,segment_ms=30000
REF,407,13.0000,hold_center
TEL,410,18.3018,17.9075,-4.7651,0.0000,0,0.000000
TEL,510,16.1015,16.5231,-3.5231,12.5931,0,0.000000
TEL,610,17.8316,17.1852,-4.1852,90.7591,-13,-0.025525
TEL,710,18.0975,17.6434,-4.6434,88.2274,-79,-0.155116
TEL,811,14.3018,16.8645,-3.8645,-49.2152,-88,-0.172788
TEL,911,18.0975,17.6345,-4.6345,90.0941,-16,-0.031416
TEL,1011,18.1652,17.8783,-4.8783,82.0246,7,0.013744
TEL,1111,17.8974,17.0485,-4.0485,127.6927,-73,-0.143335
TEL,1211,17.8316,17.4846,-4.4846,86.4916,-128,-0.251327
TEL,1311,18.0975,17.8761,-4.8761,79.9150,-86,-0.168861
TEL,1411,16.3213,16.6241,-3.6241,28.4550,-80,-0.157080
TEL,1511,17.8316,17.2788,-4.2788,90.2900,-29,-0.056941
TEL,1611,18.1652,17.6770,-4.6770,91.1079,-83,-0.162970
TEL,1711,16.4333,15.9984,-2.9984,100.2382,-91,-0.178678
TEL,1811,17.6369,17.0187,-4.0187,110.6662,-100,-0.196350
TEL,1911,18.1652,17.7935,-4.7935,91.4386,-111,-0.217948
TEL,2011,15.7297,16.3813,-3.3813,-2.9217,-91,-0.178678
TEL,2111,17.5093,17.0377,-4.0377,87.0750,-19,-0.037306
TEL,2211,17.7663,17.4080,-4.4080,83.8677,-17,-0.033379
TEL,2311,15.6264,16.1490,-3.1490,7.5763,-83,-0.162970
TEL,2411,17.1364,16.6162,-3.6162,84.9010,-18,-0.035343
TEL,2511,16.7781,16.7714,-3.7714,59.2080,-45,-0.088357
TEL,2611,12.5284,16.1045,-3.1045,-25.2925,-69,-0.135481
TEL,2711,15.6264,15.7087,-3.1045,-25.2925,14,0.027489
TEL,2811,15.3735,15.6200,-2.7087,21.8786,-8,-0.015708
TEL,2911,12.7011,14.1960,-2.5662,20.4561,-20,-0.039270
TEL,3011,13.7554,13.8819,-1.1960,-59.1468,46,0.090321
TEL,3111,13.1340,13.5862,-0.8136,9.6453,27,0.053014
TEL,3211,10.0071,12.5929,-0.5862,6.5813,-7,-0.013744
TEL,3311,11.2617,11.6733,1.0151,-71.9079,59,0.115846
TEL,3411,10.7780,11.2898,1.3267,-6.7957,40,0.078540
TEL,3511,8.3518,10.1470,1.9197,-10.8696,11,0.021598
TEL,3611,9.3128,9.6316,2.8530,-101.0702,80,0.157080
TEL,3712,8.8977,9.3078,3.3684,-47.4607,70,0.137445
TEL,3812,8.5998,9.0193,3.6922,-112.0000,67,0.131554
TEL,3912,7.9964,9.0193,3.6922,-112.0000,74,0.145299
TEL,4012,8.3038,8.6722,4.1977,-112.0000,107,0.210094
TEL,4112,8.8259,8.6514,4.3826,-112.0000,112,0.219911
TEL,4212,9.1578,8.7766,4.2961,-112.0000,112,0.219911
TEL,4312,9.7439,9.1230,4.1353,-112.0000,112,0.219911
TEL,4412,10.2839,9.5283,3.6954,-112.0000,112,0.219911
TEL,4512,11.4033,10.5817,3.1608,7.5719,60,0.117810
TEL,4612,12.0992,11.3253,2.4183,23.2376,-19,-0.037306
TEL,4712,13.0232,12.3476,1.3248,30.1040,-30,-0.058905
TEL,4812,13.5161,12.9678,0.3107,39.3017,-39,-0.076576
TEL,4912,14.3895,13.8117,-0.2350,37.3345,-37,-0.072649
TEL,5012,14.7042,14.2327,-1.0335,16.4549,-16,-0.031416
TEL,5112,15.0799,14.6942,-1.4194,17.8267,-18,-0.035343
TEL,5212,15.3735,14.9425,-1.6942,18.0178,-18,-0.035343
TEL,5312,15.5243,15.1595,-2.0187,18.4266,-18,-0.035343
TEL,5412,15.4737,15.2828,-2.2388,19.9021,-20,-0.039270
TEL,5512,15.3238,15.3520,-2.3246,19.4318,-19,-0.037306
TEL,5612,15.2745,15.3335,-2.3416,18.1380,-18,-0.035343
TEL,5712,13.2465,15.0902,-2.3105,17.6658,-18,-0.035343
TEL,5812,14.3018,14.9266,-2.0902,11.1186,-11,-0.021598
TEL,5912,14.1722,14.5923,-1.8129,12.2426,-12,-0.023562
TEL,6012,10.9084,13.6713,-1.4398,8.9586,-9,-0.017671
TEL,6112,12.7361,13.1580,-0.5983,3.6871,-4,-0.007854
TEL,6212,12.4606,12.8679,-0.0113,-0.3721,0,0.000000
TEL,6312,9.2154,11.7149,0.2916,-2.5548,3,0.005890
TEL,6412,11.0689,11.1742,1.7589,-67.3135,52,0.102102
TEL,6512,10.3793,10.8061,1.9202,-10.6623,39,0.076576
TEL,6612,9.9847,10.4880,2.3520,-15.1143,15,0.029452
TEL,6712,9.2347,9.8170,2.6719,-17.1637,17,0.033379
TEL,6812,9.0821,9.4866,3.3631,-50.7370,51,0.100138
TEL,6912,8.2093,9.0031,3.6413,-112.0000,99,0.194386
TEL,7012,8.0864,8.7649,4.2351,-112.0000,112,0.219911
TEL,7112,8.2249,8.4552,4.4739,-112.0000,112,0.219911
TEL,7212,6.9531,8.4095,4.5905,-112.0000,112,0.219911
TEL,7312,8.0713,8.3449,4.6551,-112.0000,112,0.219911
TEL,7412,8.6855,8.4186,4.5814,-112.0000,112,0.219911
TEL,7512,8.1783,8.4892,4.4504,-112.0000,112,0.219911
TEL,7612,8.4659,8.4209,4.5791,-112.0000,112,0.219911
TEL,7712,9.8739,8.9580,4.0420,-112.0000,112,0.219911
TEL,7812,10.4034,9.5678,3.4322,-112.0000,112,0.219911
TEL,7912,10.9614,10.0181,3.4288,-112.0000,112,0.219911
TEL,8012,11.6071,10.8062,2.1938,26.2123,107,0.210094
TEL,8112,10.3793,11.2222,1.7778,-74.1448,25,0.049087
TEL,8212,10.5256,11.3618,1.6382,-89.8540,26,0.051051
TEL,8312,14.2152,13.3976,-0.3976,77.6918,89,0.174751
TEL,8412,15.0320,14.4230,-1.4230,69.5709,17,0.033379
TEL,8512,13.6348,14.2082,-1.2082,-15.2911,-64,-0.125664
TEL,8612,15.9401,14.9496,-1.9496,79.2656,-26,-0.051051
TEL,8712,15.1281,15.6256,-2.9362,98.0205,-32,-0.062832
TEL,8812,13.5161,15.1499,-2.1499,-82.3604,-97,-0.190459
TEL,8912,17.0757,16.3489,-3.3489,102.2797,-28,-0.054978
TEL,9012,17.7663,17.1307,-4.1307,101.4275,-30,-0.058905
TEL,9112,17.7014,17.6080,-4.5694,83.8146,-99,-0.194386
TEL,9212,17.1976,17.2438,-4.2438,59.0789,-79,-0.155116
TEL,9312,18.1652,17.6633,-4.5140,80.4437,-64,-0.125664
TEL,9412,14.2152,16.9802,-3.9802,-30.0902,-75,-0.147262
TEL,9512,17.3833,16.9490,-3.7434,77.4412,8,0.015708
TEL,9612,17.7663,17.3122,-4.3122,83.3220,6,0.011781
TEL,9712,13.0969,16.4913,-4.6151,84.2344,-77,-0.151189
TEL,9812,16.6040,16.3236,-3.3236,69.5944,-79,-0.155116
TEL,9912,17.2591,16.9759,-3.8504,87.8249,-75,-0.147262
TEL,10012,14.2152,16.3817,-3.3817,-27.8063,-83,-0.162970
TEL,10112,16.3213,15.8305,-2.6084,18.0865,-1,-0.001963
TEL,10212,15.9936,15.9318,-2.9318,22.4271,-2,-0.003927
TEL,10312,13.0232,14.7703,-2.5203,24.6747,-25,-0.049087
TEL,10412,14.0870,14.2045,-1.2045,9.4479,-20,-0.039270
TEL,10512,14.3018,14.3366,-1.3464,13.7747,-13,-0.025525
TEL,10612,13.7554,14.1760,-1.1760,8.9151,-10,-0.019635
TEL,10712,12.1635,12.6447,0.0592,-56.2235,-4,-0.007854
TEL,10812,11.9102,12.2984,0.7016,-4.5428,54,0.106029
TEL,10912,8.9523,10.5679,1.5028,-78.1924,7,0.013744
TEL,11012,9.6379,9.6617,3.3383,-31.6582,59,0.115846
TEL,11112,9.3326,9.5749,3.3604,-33.6249,54,0.106029
TEL,11212,8.9158,9.3830,3.6170,-112.0000,39,0.076576
TEL,11312,7.8793,9.3830,3.6170,-112.0000,40,0.078540
TEL,11412,8.1628,9.1418,3.8582,-112.0000,55,0.107992
TEL,11512,8.7376,8.8126,4.1643,-112.0000,112,0.219911
TEL,11612,7.4933,8.8366,4.1643,-112.0000,112,0.219911
TEL,11712,9.7225,9.0493,4.1652,-112.0000,112,0.219911
TEL,11812,10.3076,9.4656,3.9507,-112.0000,112,0.219911
TEL,11912,10.3793,9.7962,3.2452,2.3336,43,0.084430
TEL,12012,11.7266,10.6824,3.2038,-5.7270,6,0.011781
TEL,12112,13.0232,12.3225,2.3176,34.0984,-34,-0.066759
TEL,12212,13.6748,13.0923,0.6775,48.3617,-48,-0.094248
TEL,12312,14.5228,14.0172,-0.4303,45.9534,-46,-0.090321
TEL,12412,15.0799,14.5145,-1.0172,45.1585,-45,-0.088357
TEL,12512,15.6779,15.1579,-1.6993,17.4314,-17,-0.033379
TEL,12612,15.8870,15.5098,-2.1579,20.9882,-21,-0.041233
TEL,12712,16.2107,15.8692,-2.6217,21.0564,-21,-0.041233
TEL,12812,16.2107,15.9795,-2.8692,22.4657,-22,-0.043197
TEL,12912,16.3771,16.1592,-3.0537,53.5934,-54,-0.106029
TEL,13012,16.3771,16.2235,-3.1592,52.1520,-52,-0.102102
TEL,13112,16.4333,16.2919,-3.2457,50.8883,-51,-0.100138
TEL,13212,16.2107,16.2739,-3.2919,51.6168,-52,-0.102102
TEL,13312,15.8870,16.2223,-3.2616,47.6935,-48,-0.094248
TEL,13412,15.6779,16.1362,-3.2223,44.9095,-45,-0.088357
TEL,13512,15.1766,15.8558,-3.0657,38.8701,-39,-0.076576
TEL,13612,14.7042,15.4786,-2.8558,17.7322,-18,-0.035343
TEL,13712,13.9194,14.6965,-2.2537,11.2207,-11,-0.021598
TEL,13812,12.6662,13.4712,-1.6965,-5.8898,6,0.011781
TEL,13912,12.1635,12.6344,-0.0977,-36.5052,37,0.072649
TEL,14012,11.4898,12.1235,0.3656,-4.4824,4,0.007854
TEL,14112,10.1208,10.4065,1.8028,-118.1998,74,0.145299
TEL,14212,9.8085,10.1158,2.5935,-17.4340,102,0.200277
TEL,14312,9.1578,9.7661,3.0281,-42.6957,43,0.084430
TEL,14412,8.1016,9.3295,3.2339,-40.3319,40,0.078540
TEL,14512,8.0864,8.4976,4.0392,-112.0000,102,0.200277
TEL,14612,8.3518,8.3869,4.5024,-112.0000,112,0.219911
TEL,14712,8.4990,8.4102,4.5898,-112.0000,112,0.219911
TEL,14812,9.2736,8.6466,4.3534,-112.0000,112,0.219911
TEL,14912,10.1669,9.3393,3.6607,-112.0000,112,0.219911
TEL,15012,8.6682,9.3496,3.6504,-112.0000,112,0.219911
TEL,15112,11.5482,10.6371,2.3629,35.0125,108,0.212057
TEL,15212,10.9349,11.0692,1.9308,-12.3185,27,0.053014
TEL,15312,11.8792,11.6348,1.3652,-3.7145,8,0.015708
TEL,15412,14.0448,12.6437,0.3563,68.4776,0,0.000000
TEL,15512,15.0320,14.3696,-1.3696,74.7778,-67,-0.131554
TEL,15612,12.7011,14.0045,-1.0045,-74.5744,-70,-0.137445
TEL,15712,15.8343,14.9952,-1.9952,78.1334,11,0.021598
TEL,15812,16.3213,15.6720,-2.6720,77.8224,13,0.025525
TEL,15912,12.6662,14.1279,-1.1279,-128.0000,-70,-0.137445
TEL,16012,16.4333,15.6834,-2.6834,121.6483,-40,-0.078540
TEL,16112,16.3771,16.4446,-3.4827,84.5626,-51,-0.100138
TEL,16212,17.3833,16.3564,-3.3564,125.6757,-90,-0.176715
TEL,16312,16.3771,16.1562,-3.1562,56.3718,-122,-0.239546
TEL,16412,16.4333,16.2888,-3.2888,53.9675,-57,-0.111919
TEL,16512,12.4606,15.7454,-2.7454,-25.5280,-50,-0.098175
TEL,16612,15.1766,15.2531,-2.2531,15.9781,20,0.039270
TEL,16712,15.0320,15.2082,-2.2082,15.7420,-11,-0.021598
TEL,16812,14.7042,15.0676,-2.0676,14.0136,-14,-0.027489
TEL,16912,13.2844,13.6776,-0.6776,1.4686,-10,-0.019635
TEL,17012,13.1340,13.4444,-0.4444,3.1192,-3,-0.005890
TEL,17112,10.0978,12.2742,0.7258,-91.2163,1,0.001963
TEL,17212,10.9084,11.3164,1.6836,-46.5218,78,0.153153
TEL,17312,10.2839,10.7485,2.2515,-15.1801,59,0.115846
TEL,17412,9.8302,10.3604,2.6396,-17.8778,18,0.035343
TEL,17512,8.6855,9.1201,3.8799,-112.0000,22,0.043197
TEL,17612,8.5491,8.8712,4.1288,-112.0000,99,0.194386
TEL,17712,8.1016,8.4552,4.5448,-112.0000,112,0.219911
TEL,17812,7.8793,8.4552,4.5448,-112.0000,112,0.219911
TEL,17912,9.1009,8.6104,4.5687,-112.0000,112,0.219911
TEL,18012,9.5754,8.9284,4.3896,-112.0000,112,0.219911
TEL,18112,9.6801,9.1448,3.8447,-112.0000,112,0.219911
TEL,18212,10.9614,9.9156,3.8552,-112.0000,112,0.219911
TEL,18312,12.1958,11.4314,2.5744,33.1530,42,0.082467
TEL,18412,10.0750,10.7111,1.5686,40.3154,-37,-0.072649
TEL,18512,13.9194,12.9410,1.6740,53.7698,-54,-0.106029
TEL,18612,14.6585,14.0977,0.0590,89.7836,-90,-0.176715
TEL,18712,13.1713,13.5509,-1.4932,66.8314,-67,-0.131554
TEL,18812,15.3238,14.4797,-0.5509,-21.1843,1,0.001963
TEL,18912,16.3771,15.7757,-2.0123,89.7106,0,0.000000
TEL,19012,15.4737,15.4435,-2.7757,80.9289,-78,-0.153153
TEL,19112,16.3771,15.7480,-2.4646,17.2789,-29,-0.056941
TEL,19212,17.0757,16.2801,-2.7480,23.2537,-23,-0.045160
TEL,19312,12.5284,15.5380,-3.5086,77.0544,-75,-0.147262
TEL,19412,16.4333,15.9799,-2.5380,-95.4217,-20,-0.039270
TEL,19512,16.8368,16.5123,-3.2603,79.8357,6,0.011781
TEL,19612,13.6748,15.9354,-3.5123,66.0379,-64,-0.125664
TEL,19712,15.6779,15.3608,-2.2877,-37.7726,-2,-0.003927
TEL,19812,15.7818,15.5621,-2.3608,21.1533,25,0.049087
TEL,19912,11.8792,14.9525,-2.5764,19.0767,-19,-0.037306
TEL,20012,14.3018,14.4270,-1.9525,-37.3355,34,0.066759
TEL,20112,14.0870,14.3161,-1.4165,11.6024,-6,-0.011781
TEL,20212,13.7554,14.1337,-1.3161,9.7629,-10,-0.019635
TEL,20312,12.3600,12.7849,-0.4158,-71.4767,55,0.107992
TEL,20412,12.0040,12.4133,0.2151,-4.4216,44,0.086394
TEL,20512,11.1783,11.7821,0.7849,-6.8466,7,0.013744
TEL,20612,10.7266,11.3198,1.2179,-10.2920,10,0.019635
TEL,20712,10.0297,10.5895,1.9207,-42.9824,43,0.084430
TEL,20812,9.5341,10.1062,2.4105,-17.8113,18,0.035343
TEL,20912,8.9706,9.4808,3.1251,-54.2435,54,0.106029
TEL,21012,8.3841,8.9925,3.5192,-112.0000,109,0.214021
TEL,21112,8.3358,8.5313,4.2379,-112.0000,112,0.219911
TEL,21212,8.6510,8.5393,4.4687,-112.0000,112,0.219911
TEL,21312,9.1961,8.7297,4.4234,-112.0000,112,0.219911
TEL,21412,9.6379,8.9977,4.2703,-112.0000,112,0.219911
TEL,21512,10.3793,9.6343,3.8251,-112.0000,112,0.219911
TEL,21612,10.9614,10.2238,3.3657,-4.3472,43,0.084430
TEL,21712,11.8484,11.1746,2.4562,12.6326,-13,-0.025525
TEL,21812,12.5284,11.8620,1.8254,18.7956,-19,-0.037306
TEL,21912,13.5950,12.8925,0.7987,31.2125,-31,-0.060868
TEL,22012,14.0870,13.4671,0.1075,39.7519,-40,-0.078540
TEL,22112,13.0969,13.1212,-0.6930,11.5578,-12,-0.023562
TEL,22212,14.3895,13.6513,-0.1212,0.8372,-1,-0.001963
TEL,22312,15.2254,14.6528,-1.0218,56.9014,-54,-0.106029
TEL,22412,12.5969,14.1853,-1.6528,56.3102,-56,-0.109956
TEL,22512,15.0799,14.4948,-1.0975,5.1786,-7,-0.013744
TEL,22612,15.4235,14.9270,-1.4948,16.4658,-16,-0.031416
TEL,22712,11.4898,14.2994,-2.0099,15.5572,-16,-0.031416
TEL,22812,14.4781,14.2853,-1.2994,-69.0160,50,0.098175
TEL,22912,14.6585,14.4551,-1.3571,11.4651,47,0.092284
TEL,23012,14.4337,14.4553,-1.4551,11.4984,-11,-0.021598
TEL,23112,13.3993,13.8054,-1.1419,-17.8396,18,0.035343
TEL,23212,13.2465,13.6053,-0.8054,2.5337,-3,-0.005890
TEL,23312,10.4520,12.7403,-0.5037,1.6318,-2,-0.003927
TEL,23412,11.6965,11.9926,0.2597,-72.2296,61,0.119773
TEL,23512,11.4033,11.7074,1.1227,-8.5583,37,0.072649
TEL,23612,11.0418,11.4811,1.2926,-9.0574,9,0.017671
TEL,23712,10.2368,10.5079,2.0219,-75.5450,68,0.133518
TEL,23812,9.8739,10.2322,2.4921,-17.4887,37,0.072649
TEL,23912,9.4323,9.8771,2.8827,-19.4339,19,0.037306
TEL,24012,8.5998,9.5912,3.1229,-44.7720,40,0.078540
TEL,24112,8.7202,9.0877,3.6284,-112.0000,108,0.212057
TEL,24212,8.4330,8.8430,3.9123,-112.0000,112,0.219911
TEL,24312,7.7095,8.8430,3.9123,-112.0000,112,0.219911
TEL,24412,8.2563,8.5740,4.3264,-112.0000,112,0.219911
TEL,24512,8.7028,8.5576,4.4721,-112.0000,112,0.219911
TEL,24612,7.4281,8.5931,4.4069,-112.0000,112,0.219911
TEL,24712,9.2932,8.7436,4.3985,-112.0000,112,0.219911
TEL,24812,9.7225,9.0180,4.1329,-112.0000,112,0.219911
TEL,24912,9.2154,9.1341,3.8099,-112.0000,112,0.219911
TEL,25012,10.6504,9.5934,3.6892,-112.0000,112,0.219911
TEL,25112,11.8177,10.9071,3.0433,8.6566,61,0.119773
TEL,25212,10.4277,11.0015,1.6605,30.1527,-23,-0.045160
TEL,25312,13.0969,12.3596,1.6909,15.7106,-16,-0.031416
TEL,25412,13.9194,13.2343,0.1837,47.5394,-48,-0.094248
TEL,25512,11.3179,13.0148,-0.5658,43.2529,-43,-0.084430
TEL,25612,14.2152,13.5846,-0.2444,5.9735,-8,-0.015708
TEL,25712,14.9843,14.5594,-0.9836,56.7816,-49,-0.096211
TEL,25812,12.4944,14.0999,-1.7837,15.1873,-20,-0.039270
TEL,25912,14.8899,14.2956,-1.0294,2.3994,-2,-0.003927
TEL,26012,15.1766,14.6664,-1.4859,12.5185,-13,-0.025525
TEL,26112,11.6965,14.1742,-1.8117,13.2633,-13,-0.025525
TEL,26212,14.0448,13.8508,-0.7371,-40.5040,31,0.060868
TEL,26312,14.3895,14.1770,-0.9727,7.6503,7,0.013744
TEL,26412,14.3455,14.2561,-1.2338,7.4239,-7,-0.013744
TEL,26512,13.2844,13.5219,-0.7008,-54.1915,40,0.078540
TEL,26612,13.2465,13.4206,-0.4662,-1.2211,23,0.045160
TEL,26712,12.8068,13.2083,-0.3809,-0.9769,1,0.001963
TEL,26812,11.6071,12.4771,0.1920,-47.9416,42,0.082467
TEL,26912,11.6665,11.9446,0.7802,-37.7725,38,0.074613
TEL,27012,11.3462,11.7043,1.1833,-11.7709,12,0.023562
TEL,27112,10.5256,10.6742,1.7519,-70.0172,58,0.113883
TEL,27212,10.4277,10.5554,2.4032,-17.8425,38,0.074613
TEL,27312,10.1669,10.4019,2.5016,-17.9355,18,0.035343
TEL,27412,9.1769,9.8043,2.9726,-73.3616,62,0.121737
TEL,27512,9.5962,9.6783,3.2693,-42.6628,45,0.088357
TEL,27612,9.5754,9.6440,3.3433,-37.7592,38,0.074613
TEL,27712,8.8617,9.5299,3.3714,-37.5452,38,0.074613
TEL,27812,9.2347,9.4267,3.5378,-112.0000,88,0.172788
TEL,27912,9.4323,9.4080,3.5843,-112.0000,112,0.219911
TEL,28012,7.8505,9.4196,3.5804,-112.0000,112,0.219911
TEL,28112,9.6590,9.4306,3.6075,-112.0000,112,0.219911
TEL,28212,10.0297,9.5367,3.5244,-112.0000,112,0.219911
TEL,28312,9.5962,9.6931,3.3884,-28.8283,62,0.121737
TEL,28412,10.6252,9.8876,3.2422,-28.7082,29,0.056941
TEL,28512,11.4608,10.6262,2.9085,-15.3721,15,0.029452
TEL,28612,9.7653,10.5835,2.0520,11.9074,-12,-0.023562
TEL,28712,12.2283,11.3265,2.3862,-17.3143,17,0.033379
TEL,28812,12.7011,12.0285,1.3131,23.4915,-20,-0.039270
TEL,28912,13.2088,12.7718,0.7095,18.4122,-18,-0.035343
TEL,29012,13.5555,13.1126,0.0555,0.5512,-1,-0.001963
TEL,29112,13.6748,13.4241,-0.2296,0.7028,-1,-0.001963
TEL,29212,13.8370,13.5785,-0.5121,1.5945,-2,-0.003927
TEL,29312,13.8370,13.7001,-0.6281,-3.1612,3,0.005890
TEL,29412,13.8370,13.7430,-0.7273,1.9908,-2,-0.003927
TEL,29512,13.7961,13.7642,-0.7500,1.5784,-2,-0.003927
TEL,29612,13.7150,13.7662,-0.7715,1.7417,-2,-0.003927
TEL,29712,13.5555,13.7386,-0.7581,1.2499,-1,-0.001963
TEL,29812,13.3225,13.6879,-0.7207,0.7707,-1,-0.001963
TEL,29912,13.0599,13.5584,-0.6586,-2.4393,2,0.003927
TEL,30012,12.9503,13.4299,-0.5000,-1.9514,2,0.003927
TEL,30112,12.5284,13.1102,-0.3427,-2.3367,2,0.003927
TEL,30212,12.0992,12.7875,0.0325,-6.1489,6,0.011781
TEL,30312,11.6665,12.2359,0.3992,-9.6016,10,0.019635
REF,30404,17.0000,hold_far
TEL,30412,11.4033,11.8920,0.9400,-12.5692,13,0.025525
TEL,30512,10.7266,11.0983,5.2607,-72.0884,58,0.113883
TEL,30612,10.4520,10.7758,6.0978,-85.7006,86,0.168861
TEL,30712,10.3553,10.5657,6.3133,-76.1998,76,0.149226
TEL,30812,9.4122,10.0611,6.7216,-102.9877,103,0.202240
TEL,30912,9.9401,9.9302,7.0619,-88.3206,88,0.172788
TEL,31012,10.0750,9.9627,7.0569,-73.4080,73,0.143335
TEL,31112,9.2347,9.7181,7.0062,-71.2793,71,0.139408
TEL,31212,10.0750,9.8103,7.2443,-73.3721,73,0.143335
TEL,31312,10.5503,10.0656,7.1191,-68.8203,69,0.135481
TEL,31412,8.6682,9.8837,6.8322,-62.8060,63,0.123700
TEL,31512,10.9614,10.2610,7.0743,-72.4289,72,0.141372
TEL,31612,11.4033,10.7158,6.5241,-47.8691,48,0.094248
TEL,31712,9.3524,10.6489,6.0796,-44.9432,45,0.088357
TEL,31812,11.8792,11.1992,6.1176,-42.4384,42,0.082467
TEL,31912,12.5969,12.0600,5.4898,-27.7677,28,0.054978
TEL,32012,12.9867,12.4885,4.7202,-30.6196,31,0.060868
TEL,32112,13.0232,12.3399,5.1875,-136.3778,80,0.157080
TEL,32212,13.3993,12.8845,4.3617,-18.7707,134,0.263108
TEL,32312,11.3747,12.3475,3.8838,-21.7288,58,0.113883
TEL,32412,13.4381,12.7531,4.5288,-40.5998,32,0.062832
TEL,32512,14.2584,13.6922,3.9320,-13.3499,14,0.027489
TEL,32612,14.5678,14.1343,3.0578,-12.0944,12,0.023562
TEL,32712,14.0448,13.5838,3.7463,-146.4086,61,0.119773
TEL,32812,14.3895,13.9944,3.1729,-14.4235,117,0.229729
TEL,32912,11.7266,13.6470,2.8598,-22.4218,42,0.082467
TEL,33012,13.3993,13.2685,3.8061,-99.4875,45,0.088357
TEL,33112,14.1295,13.8316,3.4732,-16.3411,97,0.190459
TEL,33212,11.1783,13.2938,3.0932,-33.3350,36,0.070686
TEL,33312,13.2088,12.8222,4.4968,-145.0264,82,0.161007
TEL,33412,13.4770,13.1956,3.9239,-22.0394,138,0.270962
TEL,33512,13.5161,13.3790,3.6991,-36.7296,62,0.121737
TEL,33612,12.1958,12.6671,4.1270,-110.0295,55,0.107992
TEL,33712,13.0969,12.8953,4.2925,-50.4662,108,0.212057
TEL,33812,12.9867,12.9526,4.0553,-47.3257,50,0.098175
TEL,33912,12.1958,12.3331,4.3107,-85.3227,83,0.162970
TEL,34012,12.5284,12.3752,4.6607,-58.7747,59,0.115846
TEL,34112,12.5969,12.4857,4.5807,-53.9916,54,0.106029
TEL,34212,9.8520,11.6506,4.8187,-95.8645,92,0.180642
TEL,34312,12.3269,11.9778,5.2637,-56.7362,60,0.117810
TEL,34412,12.4269,12.1677,4.9083,-50.3117,50,0.098175
TEL,34512,11.2338,11.6649,4.7640,-54.2792,54,0.106029
TEL,34612,12.1958,11.8541,5.2522,-57.8344,58,0.113883
TEL,34712,12.4944,12.1602,5.0395,-53.3724,53,0.104065
TEL,34812,9.9624,11.7923,4.7356,-50.8638,51,0.100138
TEL,34912,12.4269,12.0163,5.2186,-68.9489,69,0.135481
TEL,35012,12.6315,12.2334,4.8768,-52.5774,53,0.104065
TEL,35112,11.1508,12.1539,4.6740,-52.4435,52,0.102102
TEL,35212,12.4269,12.1813,4.8821,-69.2755,69,0.135481
TEL,35312,12.7714,12.4056,4.7523,-56.7418,57,0.111919
TEL,35412,10.4764,12.1161,4.5470,-57.1095,57,0.111919
TEL,35512,12.6315,12.1219,5.0787,-89.9786,89,0.174751
TEL,35612,12.5284,12.2961,4.7696,-53.0504,56,0.109956
TEL,35712,10.1901,12.0200,4.6362,-56.5746,57,0.111919
TEL,35812,12.3934,12.0380,5.0785,-80.0096,80,0.157080
TEL,35912,12.3269,12.2215,4.8867,-58.8281,59,0.115846
TEL,36012,12.6315,12.3480,4.7118,-58.3290,58,0.113883
TEL,36112,12.1635,12.0910,4.8503,-89.8235,90,0.176715
TEL,36212,12.5626,12.2243,4.8450,-60.5569,62,0.121737
TEL,36312,10.5256,12.0417,4.7182,-60.2949,60,0.117810
TEL,36412,11.8484,11.8289,5.1778,-96.3652,94,0.184569
TEL,36512,12.5626,12.1754,5.0346,-55.1793,59,0.115846
TEL,36612,12.5969,12.3305,4.7368,-57.9675,58,0.113883
TEL,36712,12.1635,11.9355,4.9988,-107.8101,100,0.196350
TEL,36812,12.4944,12.0946,5.0064,-64.6004,72,0.141372
TEL,36912,12.7714,12.3935,4.8112,-58.8809,59,0.115846
TEL,37012,11.7568,12.0451,4.8606,-98.8490,96,0.188496
TEL,37112,12.6315,12.2883,4.8834,-62.7439,64,0.125664
TEL,37212,12.7714,12.4525,4.6239,-58.6003,59,0.115846
TEL,37312,12.7714,12.5892,4.4942,-61.4402,61,0.119773
TEL,37412,12.7714,12.6451,4.3768,-62.7074,63,0.123700
TEL,37512,12.6315,12.6517,4.3425,-65.0452,65,0.127627
TEL,37612,12.6662,12.6544,4.3468,-66.5846,67,0.131554
TEL,37712,12.8068,12.6649,4.3476,-67.2407,67,0.131554
TEL,37812,12.6315,12.6722,4.3245,-65.8642,66,0.129591
TEL,37912,12.6315,12.6668,4.3282,-67.3924,67,0.131554
TEL,38012,12.6315,12.6667,4.3311,-67.4026,67,0.131554
TEL,38112,12.6662,12.6718,4.3275,-67.2050,67,0.131554
TEL,38212,12.7011,12.6713,4.3302,-68.3705,68,0.133518
TEL,38312,12.6315,12.6662,4.3321,-68.8160,69,0.135481
TEL,38412,12.6315,12.6647,4.3338,-68.7003,69,0.135481
TEL,38512,12.6315,12.6596,4.3380,-69.3109,69,0.135481
TEL,38612,12.6315,12.6639,4.3348,-68.5975,69,0.135481
TEL,38712,12.6662,12.6629,4.3373,-69.6567,70,0.137445
TEL,38812,10.1208,12.5763,4.3357,-69.6094,70,0.137445
TEL,38912,12.3600,12.4132,4.5275,-83.6302,84,0.164934
TEL,39012,12.5969,12.4366,4.5815,-72.1774,72,0.141372
TEL,39112,10.1669,12.2491,4.5509,-71.3200,71,0.139408
TEL,39212,12.0356,12.1130,4.8693,-89.5294,90,0.176715
TEL,39312,12.7011,12.2822,4.8521,-72.4085,72,0.141372
TEL,39412,12.7714,12.4239,4.6447,-66.3080,66,0.129591
TEL,39512,12.3934,12.2209,4.7877,-100.0511,99,0.194386
TEL,39612,12.7011,12.3440,4.7265,-70.0035,70,0.137445
TEL,39712,10.6252,12.1635,4.5965,-68.1992,68,0.133518
TEL,39812,11.9102,11.7234,5.3705,-143.0347,116,0.227765
TEL,39912,12.7011,12.2414,5.1100,-61.9154,127,0.249364
TEL,40012,12.9503,12.5181,4.6224,-60.7424,62,0.121737
TEL,40112,12.5284,12.0818,4.9833,-136.3769,108,0.212057
TEL,40212,12.8782,12.4263,4.7351,-57.1710,120,0.235619
TEL,40312,13.2088,12.8026,4.4210,-57.7139,58,0.113883
TEL,40412,12.1313,12.2101,4.7503,-140.6740,106,0.208131
TEL,40512,13.2465,12.7272,4.6152,-57.7413,130,0.255254
TEL,40612,13.3225,12.9724,4.1402,-57.9757,60,0.117810
TEL,40712,12.8782,12.4855,4.4026,-117.9753,103,0.202240
TEL,40812,13.3225,12.8541,4.3222,-53.6152,91,0.178678
TEL,40912,13.6348,13.3256,3.9491,-49.6084,50,0.098175
TEL,41012,12.0356,12.4826,4.2762,-142.9775,98,0.192423
TEL,41112,13.8370,13.3122,4.1990,-38.9338,137,0.268999
TEL,41212,14.1722,13.6766,3.5162,-48.8355,60,0.117810
TEL,41312,13.2465,13.1688,3.1643,-46.9069,47,0.092284
TEL,41412,14.0448,13.5411,3.6500,-49.5043,50,0.098175
TEL,41512,14.3455,13.9863,3.2766,-45.8429,46,0.090321
TEL,41612,12.4269,13.7171,2.9072,-50.8521,51,0.100138
TEL,41712,13.9194,13.6839,3.3983,-80.9253,81,0.159043
TEL,41812,14.0870,13.8170,3.2454,-58.6593,59,0.115846
TEL,41912,12.4269,13.2130,3.1571,-63.0064,63,0.123700
TEL,42012,13.5555,13.2872,3.7882,-72.5862,73,0.143335
TEL,42112,13.6348,13.4444,3.6336,-62.2120,62,0.121737
TEL,42212,10.9084,13.0829,3.5177,-65.9071,66,0.129591
TEL,42312,13.1340,12.9352,4.1494,-102.8837,101,0.198313
TEL,42412,13.1340,13.0171,4.0097,-69.3860,70,0.137445
TEL,42512,11.2617,12.8149,3.9510,-71.6464,72,0.141372
TEL,42612,12.4944,12.6241,4.3383,-96.5959,97,0.190459
TEL,42712,12.7011,12.6470,4.3608,-78.1583,78,0.153153
TEL,42812,10.4277,12.3914,4.3414,-78.6173,79,0.155116
TEL,42912,12.2610,12.1266,4.8704,-114.9662,114,0.223838
TEL,43012,12.5284,12.2500,4.8109,-78.1637,81,0.159043
TEL,43112,10.5503,12.0634,4.6958,-78.2322,78,0.153153
TEL,43212,12.1958,12.0100,5.0434,-100.1222,100,0.196350
TEL,43312,12.6662,12.2967,4.8999,-76.8314,77,0.151189
TEL,43412,12.9867,12.5210,4.5958,-72.1038,72,0.141372
TEL,43512,12.6315,12.1610,4.9195,-137.2902,119,0.233656
TEL,43612,12.9503,12.4613,4.6956,-69.6480,112,0.219911
TEL,43712,11.4898,12.4522,4.3841,-65.5327,66,0.129591
TEL,43812,12.2610,12.0072,5.1384,-157.2222,115,0.225802
TEL,43912,13.2844,12.8066,4.6612,-48.9817,151,0.296488
TEL,44012,13.3993,13.0676,4.0531,-64.6647,75,0.147262
TEL,44112,13.0969,12.6118,4.4903,-147.8529,108,0.212057
TEL,44212,13.3993,12.9091,4.2564,-68.1786,140,0.274889
TEL,44312,13.5161,13.2388,3.9581,-65.3220,69,0.135481
TEL,44412,12.5969,12.7168,4.2296,-135.9171,113,0.221875
TEL,44512,13.2465,13.0446,4.1500,-67.6971,117,0.229729
TEL,44612,13.3608,13.1600,3.8889,-72.8228,72,0.141372
TEL,44712,13.0969,12.7287,4.1203,-114.4014,110,0.215984
TEL,44812,13.2465,12.8724,4.2323,-79.8566,81,0.159043
TEL,44912,13.1713,13.0278,4.0397,-72.6673,73,0.143335
TEL,45012,11.5775,12.4411,4.2823,-120.1209,113,0.221875
TEL,45112,13.0232,12.7114,4.4383,-73.5031,80,0.157080
TEL,45212,13.2088,12.8751,4.2081,-75.9501,76,0.149226
TEL,45312,11.9726,12.3798,4.0673,-77.3773,77,0.151189
TEL,45412,12.8424,12.5357,4.5545,-81.5984,82,0.161007
TEL,45512,13.2088,12.8478,4.3599,-75.5719,76,0.149226
TEL,45612,13.1713,12.9705,4.0781,-76.4040,76,0.149226
TEL,45712,13.2088,13.0660,3.9934,-80.0672,80,0.157080
TEL,45812,13.2088,13.1076,3.9082,-80.6080,81,0.159043
TEL,45912,13.2465,13.1472,3.8797,-82.0386,82,0.161007
TEL,46012,13.2465,13.1626,3.8464,-82.6381,83,0.162970
TEL,46112,13.2088,13.1735,3.8332,-82.9780,83,0.162970
TEL,46212,13.2465,13.1812,3.8238,-83.2901,83,0.162970
TEL,46312,13.2844,13.1911,3.8142,-83.2172,83,0.162970
TEL,46412,13.2844,13.1999,3.8055,-83.4795,83,0.162970
TEL,46512,13.2844,13.2074,3.7996,-83.9757,84,0.164934
TEL,46612,13.2844,13.2153,3.7885,-83.6900,84,0.164934
TEL,46712,13.2088,13.2161,3.7850,-84.3813,84,0.164934
TEL,46812,13.2088,13.2155,3.7842,-84.5998,85,0.166897
TEL,46912,13.2088,13.2176,3.7848,-84.8269,85,0.166897
TEL,47012,13.2088,13.2170,3.7827,-85.0399,85,0.166897
TEL,47112,11.5482,13.1602,3.7819,-85.1001,85,0.166897
TEL,47212,12.5626,13.0157,3.9357,-97.7796,98,0.192423
TEL,47312,13.1340,13.0163,4.0031,-90.0173,90,0.176715
TEL,47412,13.2088,13.0508,3.9655,-85.7258,86,0.168861
TEL,47512,12.5969,12.5979,4.1783,-115.9235,116,0.227765
TEL,47612,13.0232,12.7065,4.3578,-87.2296,88,0.172788
TEL,47712,13.3608,12.9248,4.2220,-83.0538,83,0.162970
TEL,47812,12.4269,12.4561,4.5321,-145.8784,129,0.253291
TEL,47912,13.2844,12.7660,4.4964,-89.0407,119,0.233656
TEL,48012,13.3608,12.9970,4.1052,-76.2305,76,0.149226
TEL,48112,12.6315,12.2544,4.3483,-132.2643,120,0.235619
TEL,48212,13.2465,12.7137,4.5196,-69.9721,99,0.194386
TEL,48312,13.3225,13.0768,4.1284,-73.9709,74,0.145299
TEL,48412,11.9413,12.3610,4.4365,-152.8216,122,0.239546
TEL,48512,13.1713,12.8323,4.4299,-71.7650,140,0.274889
TEL,48612,13.3225,13.0388,4.0477,-78.1951,79,0.155116
TEL,48712,12.0673,12.4449,3.8914,-82.5149,83,0.162970
TEL,48812,13.2844,12.7605,4.4224,-81.0206,81,0.159043
TEL,48912,13.4770,13.1513,4.0838,-75.2883,75,0.147262
TEL,49012,10.4764,12.1352,4.1986,-133.5782,120,0.235619
TEL,49112,13.3225,12.7886,4.7013,-81.1189,103,0.202240
TEL,49212,13.4381,13.1117,4.0174,-71.1008,71,0.139408
TEL,49312,12.0040,12.5743,3.7940,-80.3004,80,0.157080
TEL,49412,13.0969,12.7560,4.3568,-89.0416,89,0.174751
TEL,49512,13.2465,13.0536,4.1204,-80.7868,81,0.159043
TEL,49612,10.4520,12.6121,3.8457,-80.8393,81,0.159043
TEL,49712,13.2465,12.8289,4.3705,-95.7288,96,0.188496
TEL,49812,13.4381,13.0616,4.0452,-80.5027,81,0.159043
TEL,49912,10.5503,12.7005,3.8490,-82.8740,83,0.162970
TEL,50012,12.9867,12.7889,4.2768,-94.9102,95,0.186532
TEL,50112,13.4381,13.1045,4.0936,-82.6704,83,0.162970
TEL,50212,11.1508,12.7828,3.8189,-84.7442,85,0.166897
TEL,50312,13.2844,12.8040,4.3464,-113.4345,113,0.221875
TEL,50412,13.4381,13.0281,4.0837,-83.8894,85,0.166897
TEL,50512,10.9881,12.7683,3.8681,-82.9185,83,0.162970
TEL,50612,12.9503,12.7142,4.3724,-115.7302,115,0.225802
TEL,50712,13.4770,13.0703,4.1682,-84.8859,86,0.168861
TEL,50812,13.5555,13.2430,3.8400,-84.9632,85,0.166897
TEL,50912,13.1340,12.8186,4.2927,-160.1124,132,0.259181
TEL,51012,13.3993,13.0290,4.0751,-85.9540,144,0.282743
TEL,51112,11.3747,12.8422,3.8753,-85.3802,85,0.166897
TEL,51212,12.8068,12.6490,4.4147,-130.6985,125,0.245437
TEL,51312,13.4770,13.0436,4.2245,-85.9249,92,0.180642
TEL,51412,13.5161,13.2244,3.8570,-85.5242,86,0.168861
TEL,51512,13.3225,12.8618,4.1560,-142.7552,130,0.255254
TEL,51612,13.3608,13.0629,4.0298,-86.7269,109,0.214021
TEL,51712,13.3608,13.2500,3.8543,-88.0843,88,0.172788
TEL,51812,12.2283,12.6117,4.2295,-155.3533,135,0.265072
TEL,51912,13.2465,12.8839,4.3160,-94.4055,132,0.259181
TEL,52012,13.3225,13.0492,4.0222,-89.2771,89,0.174751
TEL,52112,12.7714,12.8157,3.8365,-85.3470,85,0.166897
TEL,52212,13.3608,12.9650,4.1313,-95.4538,95,0.186532
TEL,52312,13.5161,13.1917,3.9574,-91.1788,91,0.178678
TEL,52412,12.0356,12.5818,4.2093,-147.7924,135,0.265072
TEL,52512,13.2088,12.7864,4.4235,-105.6825,118,0.231692
TEL,52612,13.3225,12.9811,4.1087,-90.3878,90,0.176715
TEL,52712,12.1958,12.4787,3.9266,-90.2147,90,0.176715
TEL,52812,13.1340,12.6656,4.4712,-100.6817,101,0.198313
TEL,52912,13.3608,13.0089,4.2108,-90.0612,90,0.176715
TEL,53012,11.7872,12.3936,4.3640,-147.7057,134,0.263108
TEL,53112,13.1713,12.7115,4.5476,-101.2485,119,0.233656
TEL,53212,13.3608,12.9545,4.1647,-90.3528,90,0.176715
TEL,53312,12.0040,12.4926,3.9204,-88.0106,88,0.172788
TEL,53412,13.0599,12.7083,4.4085,-96.0992,96,0.188496
TEL,53512,13.3225,12.9945,4.1916,-94.0364,94,0.184569
TEL,53612,10.4520,12.5591,3.9305,-94.4951,94,0.184569
TEL,53712,13.0232,12.6488,4.5130,-117.1375,117,0.229729
TEL,53812,13.2844,12.8810,4.2304,-92.8651,93,0.182605
TEL,53912,13.3608,13.1229,4.0246,-94.0144,94,0.184569
TEL,54012,13.3608,13.2009,3.8326,-97.9346,98,0.192423
TEL,54112,13.3608,13.2619,3.7796,-100.4620,100,0.196350
TEL,54212,13.3608,13.2889,3.7208,-100.3329,100,0.196350
TEL,54312,13.3993,13.3052,3.7074,-101.9534,102,0.200277
TEL,54412,13.3608,13.3176,3.6865,-101.4408,101,0.198313
TEL,54512,13.3993,13.3294,3.6820,-102.5129,103,0.202240
TEL,54612,13.5161,13.3546,3.6576,-101.0771,101,0.198313
TEL,54712,13.5950,13.3923,3.6339,-101.2213,101,0.198313
TEL,54812,13.5555,13.4154,3.5957,-101.0031,101,0.198313
TEL,54912,13.5950,13.4382,3.5801,-101.8991,102,0.200277
TEL,55012,13.5161,13.4484,3.5564,-101.7768,102,0.200277
TEL,55112,13.5161,13.4652,3.5446,-101.6956,102,0.200277
TEL,55212,13.5161,13.4711,3.5317,-102.2120,102,0.200277
TEL,55312,13.4770,13.4760,3.5263,-102.4312,102,0.200277
TEL,55412,13.5950,13.4838,3.5219,-102.6585,103,0.202240
TEL,55512,12.9142,13.2045,3.6567,-120.2554,120,0.235619
TEL,55612,13.3225,13.2148,3.8000,-106.6162,107,0.210094
TEL,55712,13.5161,13.2901,3.7643,-103.6305,104,0.204204
TEL,55812,12.7714,12.9530,4.0006,-141.2952,138,0.270962
TEL,55912,13.3993,13.0889,4.0136,-105.1926,107,0.210094
TEL,56012,13.6348,13.2465,3.8307,-98.3155,98,0.192423
TEL,56112,12.7011,13.0681,3.6601,-95.3703,95,0.186532
TEL,56212,13.3225,13.1376,3.9030,-105.2860,105,0.206167
TEL,56312,13.5555,13.2847,3.8187,-103.0039,103,0.202240
TEL,56412,11.8792,12.6707,4.0681,-150.3498,143,0.280780
TEL,56512,13.2088,12.8761,4.2821,-107.7487,115,0.225802
TEL,56612,13.3225,13.0228,4.0490,-102.5418,103,0.202240
TEL,56712,12.4606,12.4867,4.0566,-120.2204,120,0.235619
TEL,56812,13.1340,12.7188,4.3994,-102.1720,102,0.200277
TEL,56912,13.3608,13.0506,4.1489,-97.8375,98,0.192423
TEL,57012,11.8484,12.3892,4.3819,-163.9713,144,0.282743
TEL,57112,13.2465,12.7621,4.5300,-107.9785,143,0.280780
TEL,57212,13.2844,12.9889,4.1025,-97.8090,98,0.192423
TEL,57312,12.4944,12.5384,3.8865,-97.0946,97,0.190459
TEL,57412,13.2844,12.7768,4.3748,-106.5002,107,0.210094
TEL,57512,13.5161,13.1431,4.0774,-97.1276,97,0.190459
TEL,57612,10.4277,12.6472,3.7581,-99.4506,99,0.194386
TEL,57712,13.2844,12.8803,4.3464,-115.9853,116,0.227765
TEL,57812,13.4770,13.1055,4.0013,-100.1646,100,0.196350
TEL,57912,12.1958,12.6460,3.7970,-100.7076,101,0.198313
TEL,58012,13.1340,12.7996,4.3004,-110.9495,111,0.217948
TEL,58112,13.4770,13.1240,4.0859,-102.1876,102,0.200277
TEL,58212,10.5752,12.6817,3.8026,-104.2014,104,0.204204
TEL,58312,13.1713,12.8025,4.4292,-131.4720,131,0.257218
TEL,58412,13.5555,13.0763,4.0670,-100.9343,101,0.198313
TEL,58512,10.6757,12.7220,3.8308,-103.0357,103,0.202240
TEL,58612,13.1713,12.8123,4.3068,-121.7359,122,0.239546
TEL,58712,13.5161,13.1451,4.0763,-103.9205,104,0.204204
TEL,58812,10.9349,12.7593,3.7836,-105.7215,106,0.208131
TEL,58912,13.2465,12.8182,4.4388,-142.8532,141,0.276853
TEL,59012,13.4381,13.0594,4.0575,-103.0069,106,0.208131
TEL,59112,10.7522,12.7183,3.8808,-108.7289,109,0.214021
TEL,59212,13.0599,12.7040,4.4310,-138.0169,137,0.268999
TEL,59312,13.5950,13.1105,4.1768,-105.5265,106,0.208131
TEL,59412,13.7961,13.3639,3.7653,-101.0770,101,0.198313
TEL,59512,13.3225,12.8802,4.2879,-193.8512,150,0.294524
TEL,59612,13.7150,13.2317,3.9365,-96.6356,188,0.369137
TEL,59712,11.2338,12.9637,3.6348,-99.4281,110,0.215984
TEL,59812,13.5555,13.0322,4.1840,-136.8083,131,0.257218
TEL,59912,14.4337,13.8084,3.7142,-87.1836,99,0.194386
TEL,60012,14.7965,14.2949,2.9229,-77.7597,78,0.153153
TEL,60112,14.2584,13.8016,3.5978,-215.3779,127,0.249364
TEL,60212,14.6130,14.2829,2.8737,-71.3501,183,0.359320
TEL,60312,11.4898,13.8079,2.5303,-83.5774,107,0.210094
REF,60404,9.0000,hold_near
TEL,60412,14.2152,13.5280,4.0381,-215.0997,103,0.202240
TEL,60512,15.2254,14.7899,-5.1853,67.3758,157,0.308269
TEL,60612,13.0969,14.4062,-5.9527,22.9208,80,0.157080
TEL,60712,14.3895,14.2885,-4.7138,-90.2953,24,0.047124
TEL,60812,15.2745,14.7627,-5.5427,28.2030,36,0.070686
TEL,60912,15.5243,15.2462,-5.9551,27.4419,-26,-0.051051
TEL,61012,14.0027,14.2415,-5.4008,-96.6725,22,0.043197
TEL,61112,15.0799,14.7463,-5.4065,17.4559,78,0.153153
TEL,61212,15.2745,14.9570,-5.8574,18.1302,3,0.005890
TEL,61312,14.0448,13.8888,-5.6609,-30.0191,4,0.007854
TEL,61412,14.4781,14.2066,-5.0920,18.5568,13,0.025525
TEL,61512,14.3455,14.2793,-5.2660,5.1891,-9,-0.017671
TEL,61612,11.9413,13.3270,-4.8487,-55.4286,40,0.078540
TEL,61712,13.0599,13.1490,-4.2085,-28.9786,33,0.064795
TEL,61812,12.7714,13.0489,-4.1095,-21.1708,21,0.041233
TEL,61912,11.2060,12.0715,-3.9470,-30.1878,30,0.058905
TEL,62012,11.3462,11.6900,-2.8424,-59.7594,60,0.117810
TEL,62112,10.9881,11.3895,-2.6026,-46.9845,47,0.092284
TEL,62212,10.7780,11.1635,-2.2715,-54.8973,55,0.107992
TEL,62312,10.2603,10.7639,-2.0268,-60.2879,60,0.117810
TEL,62412,10.0071,10.4890,-1.6297,-65.4552,65,0.127627
TEL,62512,9.7012,10.1145,-1.3534,-69.3742,69,0.135481
TEL,62612,9.5547,9.9074,-1.0046,-71.2921,71,0.139408
TEL,62712,9.3922,9.6713,-0.8121,-72.2798,72,0.141372
TEL,62812,9.3922,9.5831,-0.6232,-69.5777,70,0.137445
TEL,62912,9.3722,9.5092,-0.5490,-69.0110,69,0.135481
TEL,63012,9.4728,9.5032,-0.5071,-65.9503,66,0.129591
TEL,63112,9.6379,9.5206,-0.5064,-65.3215,65,0.127627
TEL,63212,9.6590,9.5398,-0.5290,-64.3933,64,0.125664
TEL,63312,9.9401,9.6119,-0.5582,-62.8155,63,0.123700
TEL,63412,10.0750,9.6932,-0.6505,-59.1997,59,0.115846
TEL,63512,10.4520,9.9171,-0.7548,-55.1000,55,0.107992
TEL,63612,10.7266,10.1464,-1.0258,-45.9366,46,0.090321
TEL,63712,11.3179,10.6239,-1.2753,-40.0831,40,0.078540
TEL,63812,10.5752,10.3944,-1.3239,-87.5533,81,0.159043
TEL,63912,11.9413,11.1950,-1.6159,-24.6713,44,0.086394
TEL,64012,12.4944,11.8097,-2.4983,-2.9381,3,0.005890
TEL,64112,12.0992,11.7001,-3.0608,-0.7241,1,0.001963
TEL,64212,13.0599,12.3970,-3.0574,11.3980,-11,-0.021598
TEL,64312,13.7150,13.1519,-3.6706,10.8373,-11,-0.021598
TEL,64412,12.0356,12.3951,-3.6019,-82.5351,38,0.074613
TEL,64512,13.8370,13.3028,-3.7906,26.7522,78,0.153153
TEL,64612,14.1295,13.6760,-4.4930,13.8157,0,0.000000
TEL,64712,12.8782,13.0656,-4.8360,15.5800,-16,-0.031416
TEL,64812,13.9194,13.3716,-4.1771,1.1891,-1,-0.001963
TEL,64912,13.9610,13.7495,-4.5384,12.8000,-13,-0.025525
TEL,65012,10.5503,13.1540,-4.8238,6.7316,-7,-0.013744
TEL,65112,13.2844,13.1670,-4.0700,-21.3419,21,0.041233
TEL,65212,13.1340,13.1684,-4.1755,-9.1489,9,0.017671
TEL,65312,11.1233,12.3834,-4.1412,-13.3475,13,0.025525
TEL,65412,12.1958,12.2266,-3.2383,-39.0206,39,0.076576
TEL,65512,11.9413,12.1404,-3.2199,-23.4829,23,0.045160
TEL,65612,9.2347,11.6108,-3.0702,-32.4987,32,0.062832
TEL,65712,10.9349,11.0976,-2.2916,-71.2524,68,0.133518
TEL,65812,10.8038,10.9873,-2.0355,-45.7563,46,0.090321
TEL,65912,8.4166,10.4064,-1.9143,-48.5405,49,0.096211
TEL,66012,9.9179,10.1161,-1.1936,-74.2809,74,0.145299
TEL,66112,10.1669,10.1149,-1.1116,-51.8987,52,0.102102
TEL,66212,10.0750,10.1017,-1.1057,-52.4386,52,0.102102
TEL,66312,9.7653,9.8983,-0.9772,-67.1345,67,0.131554
TEL,66412,10.1208,9.9405,-0.9137,-52.2283,52,0.102102
TEL,66512,8.8081,9.8533,-0.9631,-50.6592,51,0.100138
TEL,66612,9.7225,9.7356,-0.7385,-69.2029,69,0.135481
TEL,66712,10.4034,9.9484,-0.7945,-48.8232,49,0.096211
TEL,66812,10.6252,10.1439,-1.0410,-41.5048,42,0.082467
TEL,66912,10.3793,9.9888,-0.9028,-80.9133,78,0.153153
TEL,67012,10.9084,10.2931,-1.1309,-34.5358,41,0.080503
TEL,67112,11.5482,10.9325,-1.4981,-22.1989,22,0.043197
TEL,67212,10.8038,10.6469,-1.5766,-84.0918,68,0.133518
TEL,67312,12.1635,11.3738,-1.8262,-20.2571,57,0.111919
TEL,67412,12.6315,11.9655,-2.6684,4.6965,-4,-0.007854
TEL,67512,12.1958,11.8302,-3.2072,6.5204,-7,-0.013744
TEL,67612,13.0969,12.4491,-3.1378,13.1833,-13,-0.025525
TEL,67712,13.7961,13.3005,-3.7699,23.8007,-24,-0.047124
TEL,67812,12.0673,12.5114,-3.7657,-72.2470,25,0.049087
TEL,67912,14.0027,13.5288,-3.9752,43.3143,67,0.131554
TEL,68012,14.3018,13.9453,-4.7868,31.8580,-13,-0.025525
TEL,68112,13.2844,13.3613,-5.0570,19.5554,-20,-0.039270
TEL,68212,14.2152,13.6579,-4.4715,11.5062,-12,-0.023562
TEL,68312,14.4781,14.1099,-4.8339,24.3320,-24,-0.047124
TEL,68412,11.4033,13.5824,-5.2292,23.8694,-24,-0.047124
TEL,68512,14.0870,13.6996,-4.4764,-11.6982,11,0.021598
TEL,68612,14.0870,13.8408,-4.7725,12.9289,-13,-0.025525
TEL,68712,12.2283,13.6268,-4.8649,9.0764,-9,-0.017671
TEL,68812,13.2088,13.3609,-4.4114,-23.9042,23,0.045160
TEL,68912,12.9867,13.2329,-4.3281,-4.2081,4,0.007854
TEL,69012,10.0978,12.6705,-4.1740,-9.0137,9,0.017671
TEL,69112,11.8792,12.0768,-3.2736,-59.4078,51,0.100138
TEL,69212,11.7872,11.9655,-3.0142,-25.2119,27,0.053014
TEL,69312,9.4323,11.4425,-2.9136,-25.1975,25,0.049087
TEL,69412,10.7522,10.9961,-2.1044,-68.5833,64,0.125664
TEL,69512,10.7266,10.8572,-1.9381,-39.2461,39,0.076576
TEL,69612,9.1578,10.5402,-1.8157,-38.9728,39,0.076576
TEL,69712,10.0750,10.0047,-1.0413,-101.1970,85,0.166897
TEL,69812,10.2134,10.1030,-1.0752,-36.5951,75,0.147262
TEL,69912,10.3553,10.1744,-1.1266,-41.0666,41,0.080503
TEL,70012,9.7012,9.9856,-1.0432,-59.5771,60,0.117810
TEL,70112,10.4520,10.1289,-1.0193,-41.2929,41,0.080503
TEL,70212,10.7266,10.2848,-1.2011,-34.3183,34,0.066759
TEL,70312,10.7780,10.1888,-1.0617,-69.4270,67,0.131554
TEL,70412,11.0149,10.4433,-1.2994,-28.4543,32,0.062832
TEL,70512,11.6367,11.0369,-1.6248,-15.8069,16,0.031416
TEL,70612,11.8484,11.3888,-2.2252,-6.4733,6,0.011781
TEL,70712,12.2610,11.8333,-2.5383,-6.2798,6,0.011781
TEL,70812,12.6315,12.1620,-3.0083,3.3914,-3,-0.005890
TEL,70912,12.7714,12.4767,-3.2768,0.6054,-1,-0.001963
TEL,71012,12.8782,12.6253,-3.5613,1.4498,-1,-0.001963
TEL,71112,13.0232,12.8126,-3.7077,3.5190,-4,-0.007854
TEL,71212,13.0232,12.8752,-3.8478,0.4588,0,0.000000
TEL,71312,13.0232,12.9365,-3.9021,0.5471,-1,-0.001963
TEL,71412,13.0599,12.9634,-3.9512,0.1546,0,0.000000
TEL,71512,12.9142,12.9568,-3.9620,-1.2174,1,0.001963
TEL,71612,12.8068,12.9331,-3.9443,-2.4229,2,0.003927
TEL,71712,12.4944,12.8480,-3.9061,-4.3190,4,0.007854
TEL,71812,12.3934,12.7714,-3.8141,-6.1118,6,0.011781
TEL,71912,12.1635,12.6042,-3.7264,-8.3152,8,0.015708
TEL,72012,12.0356,12.4223,-3.4962,-18.3693,18,0.035343
TEL,72112,9.4728,11.7124,-3.3276,-18.9929,19,0.037306
TEL,72212,11.1233,11.3149,-2.4031,-55.9030,53,0.104065
TEL,72312,11.2338,11.2726,-2.2788,-26.7532,28,0.054978
TEL,72412,11.1783,11.2621,-2.2753,-22.2739,22,0.043197
TEL,72512,10.7266,10.8532,-1.9870,-57.4077,55,0.107992
TEL,72612,10.9881,10.8706,-1.8490,-28.7458,29,0.056941
TEL,72712,9.2736,10.7046,-1.8873,-25.7131,26,0.051051
TEL,72812,10.6001,10.6023,-1.6028,-42.9251,43,0.084430
TEL,72912,11.0961,10.7638,-1.6426,-26.2531,26,0.051051
TEL,73012,11.2617,10.9097,-1.8413,-19.1525,19,0.037306
TEL,73112,10.8821,10.6917,-1.7356,-48.8120,49,0.096211
TEL,73212,11.4898,10.8998,-1.7699,-19.8257,21,0.041233
TEL,73312,11.6665,11.2372,-1.9990,-14.1078,14,0.027489
TEL,73412,11.0689,10.9148,-1.8531,-70.3960,58,0.113883
TEL,73512,11.7568,11.2831,-2.0117,-13.9032,38,0.074613
TEL,73612,12.0673,11.5732,-2.4257,-2.8002,3,0.005890
TEL,73712,11.2060,11.2516,-2.6958,-1.0798,1,0.001963
TEL,73812,12.0673,11.5896,-2.4320,1.9072,-2,-0.003927
TEL,73912,12.5969,12.1150,-2.7876,9.0713,-9,-0.017671
TEL,74012,11.1508,11.5998,-2.7862,-50.0115,35,0.068722
TEL,74112,12.6315,12.0637,-2.7125,-1.1832,21,0.041233
TEL,74212,12.7011,12.3306,-3.2089,9.6597,-10,-0.019635
TEL,74312,11.6965,11.9300,-3.4179,6.3061,-6,-0.011781
TEL,74412,12.2610,12.0636,-3.0059,-0.5260,1,0.001963
TEL,74512,12.5626,12.2844,-3.1442,2.1769,-2,-0.003927
TEL,74612,10.0297,11.9395,-3.3225,0.1254,0,0.000000
TEL,74712,12.1958,11.9038,-2.8132,-25.3033,25,0.049087
TEL,74812,12.3269,12.0328,-2.9666,-1.6587,2,0.003927
TEL,74912,9.8085,11.7561,-3.0852,-0.9520,1,0.001963
TEL,75012,11.8177,11.6893,-2.6488,-24.8312,25,0.049087
TEL,75112,12.0992,11.8780,-2.7478,-4.6059,5,0.009817
TEL,75212,10.2839,11.6491,-2.9112,-4.9486,5,0.009817
TEL,75312,11.6367,11.4715,-2.4639,-35.6042,35,0.068722
TEL,75412,11.6367,11.5343,-2.5132,-9.2093,9,0.017671
TEL,75512,9.8302,11.3496,-2.5592,-10.2670,10,0.019635
TEL,75612,11.0961,11.1715,-2.1927,-35.6972,36,0.070686
TEL,75712,11.4033,11.2637,-2.2042,-14.0467,14,0.027489
TEL,75812,11.4898,11.3234,-2.2965,-12.5762,13,0.025525
TEL,75912,10.9614,10.9674,-2.0653,-48.3871,46,0.090321
TEL,76012,11.3462,11.0528,-1.9985,-16.6471,18,0.035343
TEL,76112,11.5482,11.2129,-2.0939,-14.0372,14,0.027489
TEL,76212,10.7522,10.8673,-1.9029,-56.0794,52,0.102102
TEL,76312,11.4320,11.0636,-1.9081,-16.3961,19,0.037306
TEL,76412,11.5189,11.2036,-2.1354,-9.5794,10,0.019635
TEL,76512,10.9349,10.8930,-1.9709,-45.9844,44,0.086394
TEL,76612,11.4608,11.0619,-1.9742,-10.4812,12,0.023562
TEL,76712,11.6367,11.3047,-2.1509,-6.9786,7,0.013744
TEL,76812,10.4520,10.9396,-2.0822,-42.8418,41,0.080503
TEL,76912,11.3747,11.1161,-1.9693,-15.9112,16,0.031416
TEL,77012,11.4608,11.2191,-2.1686,-10.3949,10,0.019635
TEL,77112,10.6001,10.8902,-2.2639,-9.7657,10,0.019635
TEL,77212,11.3179,10.9973,-1.9229,-15.7544,16,0.031416
TEL,77312,11.3747,11.1525,-2.0512,-11.4370,11,0.021598
TEL,77412,9.0633,10.8677,-2.1973,-10.2505,10,0.019635
TEL,77512,11.3179,10.9721,-1.8523,-21.7246,22,0.043197
TEL,77612,11.4608,11.1236,-2.0498,-8.3403,8,0.015708
TEL,77712,10.1901,11.0677,-2.1836,-8.2910,8,0.015708
TEL,77812,11.2060,11.0660,-2.0350,-20.6556,21,0.041233
TEL,77912,11.3747,11.1671,-2.0982,-12.3171,12,0.023562
TEL,78012,9.7869,11.0075,-2.1962,-11.1407,11,0.021598
TEL,78112,11.2060,10.9111,-1.8470,-37.2181,37,0.072649
TEL,78212,11.4608,11.0718,-1.9901,-8.1331,9,0.017671
TEL,78312,9.2541,10.8725,-2.1455,-6.3890,6,0.011781
TEL,78412,11.3747,10.9310,-1.8038,-27.0784,27,0.053014
TEL,78512,11.4608,11.1714,-2.0109,-7.3108,7,0.013744
TEL,78612,11.5189,11.2897,-2.2381,-5.4509,5,0.009817
TEL,78712,11.0961,10.9335,-1.9268,-58.0096,48,0.094248
TEL,78812,11.4033,11.0830,-2.0085,-7.4481,19,0.037306
TEL,78912,11.5189,11.2708,-2.1580,-5.2043,5,0.009817
TEL,79012,11.4898,11.3404,-2.3123,-6.6420,7,0.013744
TEL,79112,11.5189,11.4047,-2.3624,-7.9709,8,0.015708
TEL,79212,11.5482,11.4333,-2.4186,-7.9200,8,0.015708
TEL,79312,11.5482,11.4541,-2.4394,-8.3265,8,0.015708
TEL,79412,11.4898,11.4600,-2.4573,-8.2284,8,0.015708
TEL,79512,11.4898,11.4661,-2.4623,-8.0772,8,0.015708
TEL,79612,11.5482,11.4726,-2.4676,-7.9117,8,0.015708
TEL,79712,11.4898,11.4786,-2.4737,-7.7064,8,0.015708
TEL,79812,11.5189,11.4813,-2.4792,-7.4997,7,0.013744
TEL,79912,11.5482,11.4851,-2.4817,-7.3065,7,0.013744
TEL,80012,11.5482,11.4906,-2.4879,-6.7690,7,0.013744
TEL,80112,11.5189,11.4929,-2.4906,-6.8755,7,0.013744
TEL,80212,11.5482,11.4971,-2.4950,-6.3827,6,0.011781
TEL,80312,11.5482,11.4995,-2.4968,-6.4562,6,0.011781
TEL,80412,11.4608,11.4988,-2.5002,-6.1189,6,0.011781
TEL,80512,10.5009,11.3760,-2.4995,-5.9490,6,0.011781
TEL,80612,11.2617,11.3258,-2.3325,-13.0890,13,0.025525
TEL,80712,11.4608,11.3399,-2.3226,-8.5334,9,0.017671
TEL,80812,9.4323,11.2017,-2.3494,-6.5532,7,0.013744
TEL,80912,11.2060,11.0911,-2.0970,-22.7812,23,0.045160
TEL,81012,11.4608,11.1725,-2.1288,-6.1718,6,0.011781
TEL,81112,9.3128,11.0028,-2.2303,-2.3190,2,0.003927
TEL,81212,11.3747,11.0362,-1.9534,-18.1300,18,0.035343
TEL,81312,11.7872,11.3631,-2.1403,1.9193,-2,-0.003927
TEL,81412,11.7872,11.4996,-2.4312,2.1075,-2,-0.003927
TEL,81512,11.2617,11.1189,-2.1291,-51.3082,40,0.078540
TEL,81612,11.6071,11.2723,-2.1930,-0.2309,15,0.029452
TEL,81712,11.6367,11.4227,-2.3241,-0.7389,1,0.001963
TEL,81812,11.4033,11.2701,-2.2364,-28.5958,29,0.056941
TEL,81912,11.4033,11.2834,-2.2536,-9.0849,9,0.017671
TEL,82012,11.4608,11.3293,-2.3103,-3.2364,3,0.005890
TEL,82112,10.8038,11.1485,-2.3519,-2.9735,3,0.005890
TEL,82212,11.3179,11.1761,-2.1532,-7.6125,8,0.015708
TEL,82312,11.5189,11.2731,-2.2057,-3.9186,4,0.007854
TEL,82412,10.1669,10.9022,-2.0690,-31.9757,32,0.062832
TEL,82512,11.3462,11.0361,-1.9204,-8.9125,9,0.017671
TEL,82612,11.4320,11.1583,-2.1030,-0.7269,1,0.001963
TEL,82712,10.5752,10.8626,-2.2174,0.1594,0,0.000000
TEL,82812,11.2338,10.9637,-1.9009,-6.4766,6,0.011781
TEL,82912,11.4608,11.1846,-2.0430,0.2774,0,0.000000
TEL,83012,9.3326,10.9198,-2.2429,0.8746,-1,-0.001963
TEL,83112,11.2617,10.9569,-1.8341,-20.9106,21,0.041233
TEL,83212,11.4320,11.1114,-2.0370,0.7265,-1,-0.001963
TEL,83312,9.2154,10.8895,-2.1810,1.7142,-2,-0.003927
TEL,83412,11.0418,10.8852,-1.8412,-16.1796,16,0.031416
TEL,83512,11.4320,11.0852,-1.9475,-2.0995,2,0.003927
TEL,83612,11.4898,11.2199,-2.1618,2.6659,-3,-0.005890
TEL,83712,11.1783,10.8981,-1.8612,-50.3870,39,0.076576
TEL,83812,11.4033,11.0676,-1.9842,1.5218,14,0.027489
TEL,83912,11.4898,11.2647,-2.1438,2.7995,-3,-0.005890
TEL,84012,10.9881,10.9107,-1.8826,-52.2894,40,0.078540
TEL,84112,11.4033,11.1031,-1.9573,-2.8722,18,0.035343
TEL,84212,11.4898,11.2305,-2.1738,3.0357,-3,-0.005890
TEL,84312,11.0149,10.8393,-1.9354,-41.3164,36,0.070686
TEL,84412,11.3179,11.0030,-1.9230,1.2555,3,0.005890
TEL,84512,11.3747,11.1711,-2.0589,0.1909,0,0.000000
TEL,84612,10.5503,10.8114,-1.8914,-39.7762,37,0.072649
TEL,84712,11.3747,11.0009,-1.8495,-4.4865,6,0.011781
TEL,84812,11.4608,11.1444,-2.0747,2.8387,-3,-0.005890
TEL,84912,10.4520,10.7548,-2.2108,4.0655,-4,-0.007854
TEL,85012,11.3179,10.9708,-1.8686,4.7408,-5,-0.009817
TEL,85112,11.4898,11.2116,-2.0588,4.6518,-5,-0.009817
TEL,85212,8.9890,10.8600,-2.2644,3.7324,-4,-0.007854
TEL,85312,11.1508,10.9110,-1.8092,-14.1561,14,0.027489
TEL,85412,11.2060,10.9995,-1.9560,-1.1833,1,0.001963
TEL,85512,8.8977,10.4443,-2.0378,-0.6492,1,0.001963
TEL,85612,10.8821,10.5688,-1.4746,-9.3347,9,0.017671
TEL,85712,11.0149,10.8190,-1.6659,0.9845,-1,-0.001963
TEL,85812,9.3128,10.5926,-1.8611,-2.3424,2,0.003927
TEL,85912,10.7522,10.4754,-1.4081,-34.0704,34,0.066759
TEL,86012,11.0689,10.6722,-1.5772,0.6151,1,0.001963
TEL,86112,9.2154,10.5397,-1.7597,1.6963,-2,-0.003927
TEL,86212,10.7780,10.4942,-1.3998,-28.8347,28,0.054978
TEL,86312,11.3179,10.9071,-1.6382,6.5687,-6,-0.011781
TEL,86412,11.4898,11.1362,-2.0333,10.2374,-10,-0.019635
TEL,86512,11.2338,10.8047,-1.7624,-49.6715,35,0.068722
TEL,86612,11.5775,11.1100,-1.9589,12.6215,22,0.043197
TEL,86712,11.7872,11.4559,-2.2448,14.6006,-15,-0.029452
TEL,86812,10.8821,10.9527,-1.9846,-57.0842,33,0.064795
TEL,86912,11.6367,11.2866,-2.0497,7.9028,39,0.076576
TEL,87012,11.8792,11.5119,-2.4092,15.9925,-16,-0.031416
TEL,87112,11.0149,11.1059,-2.5965,14.5302,-15,-0.029452
TEL,87212,11.5482,11.2709,-2.1918,9.1736,-9,-0.017671
TEL,87312,11.7266,11.4637,-2.3406,9.5903,-10,-0.019635
TEL,87412,11.8792,11.5819,-2.5209,10.8872,-11,-0.021598
TEL,87512,11.8484,11.7075,-2.6368,12.4469,-12,-0.023562
TEL,87612,11.8177,11.7359,-2.7234,9.4757,-9,-0.017671
TEL,87712,11.7266,11.7361,-2.7385,8.3735,-8,-0.015708
TEL,87812,11.7872,11.7421,-2.7380,8.4889,-8,-0.015708
TEL,87912,11.7266,11.7430,-2.7457,8.9851,-9,-0.017671
TEL,88012,11.6367,11.7390,-2.7460,9.1138,-9,-0.017671
TEL,88112,11.6665,11.7248,-2.7345,8.3090,-8,-0.015708
TEL,88212,11.5189,11.7028,-2.7145,7.5753,-8,-0.015708
TEL,88312,11.3179,11.6434,-2.6843,6.4326,-6,-0.011781
TEL,88412,11.2897,11.5902,-2.6168,4.7547,-5,-0.009817
TEL,88512,11.0689,11.4764,-2.5546,3.0545,-3,-0.005890
TEL,88612,11.0418,11.3836,-2.4290,0.1462,0,0.000000
TEL,88712,10.9881,11.2448,-2.3285,-1.9560,2,0.003927
TEL,88812,10.8559,11.1440,-2.1900,-3.7099,4,0.007854
TEL,88912,10.9084,11.0456,-2.1005,-3.5328,4,0.007854
TEL,89012,10.5752,10.7426,-1.7855,-32.1745,32,0.062832
TEL,89112,10.8298,10.7209,-1.7027,-8.4553,8,0.015708
TEL,89212,10.9881,10.7870,-1.7566,0.9374,-1,-0.001963
TEL,89312,10.5752,10.5728,-1.8336,3.3676,-3,-0.005890
TEL,89412,11.1783,10.7316,-1.6397,3.0625,-3,-0.005890
TEL,89512,11.4898,11.0492,-1.8259,8.8863,-9,-0.017671
TEL,89612,9.3722,10.7976,-2.1602,15.5880,-16,-0.031416
TEL,89712,11.6367,11.1172,-1.8505,4.8512,-5,-0.009817
TEL,89812,11.9413,11.4165,-2.2581,20.6316,-21,-0.041233
TEL,89912,10.6504,11.4487,-2.5484,23.8633,-24,-0.047124
TEL,90012,11.8484,11.5484,-2.4671,10.1291,-10,-0.019635
TEL,90112,12.0356,11.7802,-2.6406,21.0597,-21,-0.041233
TEL,90212,10.2603,11.5613,-2.8325,19.4613,-19,-0.037306
TEL,90312,11.5482,11.4001,-2.3349,-18.6987,17,0.033379
TEL,90412,11.7872,11.5153,-2.4562,14.9567,-14,-0.027489
TEL,90512,9.5754,11.2810,-2.5465,13.6057,-14,-0.027489
TEL,90612,11.0689,11.1264,-2.1435,-10.8643,11,0.021598
TEL,90712,11.4320,11.2544,-2.1850,11.9280,-12,-0.023562
TEL,90812,11.4320,11.2994,-2.2774,9.3923,-9,-0.017671
TEL,90912,10.8298,10.8749,-2.0196,-28.1377,26,0.051051
TEL,91012,10.9349,10.8979,-1.8908,3.4635,-2,-0.003927
TEL,91112,11.0418,10.9381,-1.9106,3.5221,-4,-0.007854
TEL,91212,10.2368,10.6182,-1.7053,-26.8496,26,0.051051
TEL,91312,10.8559,10.6694,-1.6102,-2.7837,3,0.005890
TEL,91412,10.9084,10.7276,-1.6994,2.8650,-3,-0.005890
TEL,91512,10.4520,10.6013,-1.7511,2.9795,-3,-0.005890
TEL,91612,10.7522,10.6407,-1.6232,1.1342,-1,-0.001963
TEL,91712,10.9349,10.7106,-1.6579,1.2157,-1,-0.001963
TEL,91812,9.6379,10.6119,-1.7363,3.3948,-3,-0.005890
TEL,91912,10.7780,10.5996,-1.5736,-5.9786,6,0.011781
TEL,92012,10.9881,10.6838,-1.6405,3.9878,-4,-0.007854
TEL,92112,9.8085,10.6420,-1.7261,5.4643,-5,-0.009817
TEL,92212,10.8821,10.6580,-1.6192,-3.2384,3,0.005890
TEL,92312,11.1508,10.8140,-1.7052,5.9701,-6,-0.011781
TEL,92412,11.3179,10.9263,-1.8596,8.0809,-8,-0.015708
TEL,92512,10.9881,10.7039,-1.6241,-34.2230,30,0.058905
TEL,92612,11.2060,10.8685,-1.7915,12.0947,-6,-0.011781
TEL,92712,9.3722,10.7185,-1.9304,11.2855,-11,-0.021598
TEL,92812,10.7780,10.6260,-1.5783,-16.2561,16,0.031416
TEL,92912,11.4033,11.0035,-1.7583,17.0397,-16,-0.031416
TEL,93012,11.6367,11.2445,-2.1341,22.2573,-22,-0.043197
TEL,93112,11.3462,10.8599,-1.8408,-41.8203,24,0.047124
TEL,93212,11.6071,11.1859,-2.0361,26.3092,18,0.035343
TEL,93312,11.7568,11.4899,-2.3222,25.9913,-26,-0.051051
TEL,93412,10.8559,10.9951,-2.0543,-41.9513,21,0.041233
TEL,93512,11.6965,11.3155,-2.0889,18.2322,21,0.041233
TEL,93612,11.8177,11.4963,-2.4112,23.1353,-23,-0.045160
