SHARP_IR_CHECK_BOOT
Wiring: Vo(yellow)->A0  VCC(red)->5V  GND(black)->GND
Move target 10-80 cm from sensor...
===========================================
SHARP_IR,raw_adc=256,voltage=1.250,distance_cm=23.1
SHARP_IR,raw_adc=252,voltage=1.230,distance_cm=23.5
SHARP_IR,raw_adc=425,voltage=2.075,distance_cm=12.7
SHARP_IR,raw_adc=272,voltage=1.328,distance_cm=21.5
SHARP_IR,raw_adc=260,voltage=1.270,distance_cm=22.7
SHARP_IR,raw_adc=261,voltage=1.274,distance_cm=22.6
SHARP_IR,raw_adc=256,voltage=1.250,distance_cm=23.1
SHARP_IR,raw_adc=255,voltage=1.245,distance_cm=23.2
SHARP_IR,raw_adc=408,voltage=1.992,distance_cm=13.4
SHARP_IR,raw_adc=273,voltage=1.333,distance_cm=21.4
SHARP_IR,raw_adc=262,voltage=1.279,distance_cm=22.5
SHARP_IR,raw_adc=257,voltage=1.255,distance_cm=23.0
SHARP_IR,raw_adc=260,voltage=1.270,distance_cm=22.7
SHARP_IR,raw_adc=256,voltage=1.250,distance_cm=23.1
SHARP_IR,raw_adc=249,voltage=1.216,distance_cm=23.8
SHARP_IR,raw_adc=276,voltage=1.348,distance_cm=21.1
SHARP_IR,raw_adc=269,voltage=1.313,distance_cm=21.8
SHARP_IR,raw_adc=259,voltage=1.265,distance_cm=22.8
SHARP_IR,raw_adc=257,voltage=1.255,distance_cm=23.0
SHARP_IR,raw_adc=255,voltage=1.245,distance_cm=23.2
SHARP_IR,raw_adc=252,voltage=1.230,distance_cm=23.5
SHARP_IR,raw_adc=421,voltage=2.056,distance_cm=12.9
SHARP_IR,raw_adc=267,voltage=1.304,distance_cm=22.0
SHARP_IR,raw_adc=264,voltage=1.289,distance_cm=22.3
SHARP_IR,raw_adc=261,voltage=1.274,distance_cm=22.6
SHARP_IR,raw_adc=260,voltage=1.270,distance_cm=22.7
SHARP_IR,raw_adc=255,voltage=1.245,distance_cm=23.2
SHARP_IR,raw_adc=402,voltage=1.963,distance_cm=13.6
SHARP_IR,raw_adc=277,voltage=1.353,distance_cm=21.0
SHARP_IR,raw_adc=267,voltage=1.304,distance_cm=22.0
SHARP_IR,raw_adc=259,voltage=1.265,distance_cm=22.8
SHARP_IR,raw_adc=256,voltage=1.250,distance_cm=23.1
SHARP_IR,raw_adc=256,voltage=1.250,distance_cm=23.1
SHARP_IR,raw_adc=252,voltage=1.230,distance_cm=23.5
SHARP_IR,raw_adc=430,voltage=2.100,distance_cm=12.6
SHARP_IR,raw_adc=268,voltage=1.309,distance_cm=21.9
SHARP_IR,raw_adc=260,voltage=1.270,distance_cm=22.7
SHARP_IR,raw_adc=257,voltage=1.255,distance_cm=23.0
SHARP_IR,raw_adc=256,voltage=1.250,distance_cm=23.1
SHARP_IR,raw_adc=255,voltage=1.245,distance_cm=23.2
SHARP_IR,raw_adc=408,voltage=1.992,distance_cm=13.4
SHARP_IR,raw_adc=277,voltage=1.353,distance_cm=21.0
SHARP_IR,raw_adc=262,voltage=1.279,distance_cm=22.5
SHARP_IR,raw_adc=258,voltage=1.260,distance_cm=22.9
SHARP_IR,raw_adc=256,voltage=1.250,distance_cm=23.1
SHARP_IR,raw_adc=255,voltage=1.245,distance_cm=23.2
SHARP_IR,raw_adc=252,voltage=1.230,distance_cm=23.5
SHARP_IR,raw_adc=289,voltage=1.411,distance_cm=20.0
SHARP_IR,raw_adc=265,voltage=1.294,distance_cm=22.2
SHARP_IR,raw_adc=259,voltage=1.265,distance_cm=22.8
SHARP_IR,raw_adc=261,voltage=1.274,distance_cm=22.6
SHARP_IR,raw_adc=255,voltage=1.245,distance_cm=23.2
SHARP_IR,raw_adc=255,voltage=1.245,distance_cm=23.2
SHARP_IR,raw_adc=412,voltage=2.012,distance_cm=13.2
SHARP_IR,raw_adc=277,voltage=1.353,distance_cm=21.0
SHARP_IR,raw_adc=265,voltage=1.294,distance_cm=22.2
SHARP_IR,raw_adc=261,voltage=1.274,distance_cm=22.6
SHARP_IR,raw_adc=256,voltage=1.250,distance_cm=23.1
SHARP_IR,raw_adc=256,voltage=1.250,distance_cm=23.1
SHARP_IR,raw_adc=250,voltage=1.221,distance_cm=23.7
SHARP_IR,raw_adc=294,voltage=1.436,distance_cm=19.6
SHARP_IR,raw_adc=267,voltage=1.304,distance_cm=22.0
SHARP_IR,raw_adc=260,voltage=1.270,distance_cm=22.7
SHARP_IR,raw_adc=257,voltage=1.255,distance_cm=23.0
SHARP_IR,raw_adc=256,voltage=1.250,distance_cm=23.1
SHARP_IR,raw_adc=254,voltage=1.240,distance_cm=23.3
SHARP_IR,raw_adc=422,voltage=2.061,distance_cm=12.8
SHARP_IR,raw_adc=269,voltage=1.313,distance_cm=21.8
SHARP_IR,raw_adc=266,voltage=1.299,distance_cm=22.1
SHARP_IR,raw_adc=262,voltage=1.279,distance_cm=22.5
SHARP_IR,raw_adc=256,voltage=1.250,distance_cm=23.1
SHARP_IR,raw_adc=255,voltage=1.245,distance_cm=23.2
SHARP_IR,raw_adc=394,voltage=1.924,distance_cm=13.9
SHARP_IR,raw_adc=281,voltage=1.372,distance_cm=20.7
SHARP_IR,raw_adc=263,voltage=1.284,distance_cm=22.4
SHARP_IR,raw_adc=258,voltage=1.260,distance_cm=22.9
SHARP_IR,raw_adc=256,voltage=1.250,distance_cm=23.1
SHARP_IR,raw_adc=260,voltage=1.270,distance_cm=22.7
SHARP_IR,raw_adc=254,voltage=1.240,distance_cm=23.3
SHARP_IR,raw_adc=422,voltage=2.061,distance_cm=12.8
SHARP_IR,raw_adc=267,voltage=1.304,distance_cm=22.0
SHARP_IR,raw_adc=259,voltage=1.265,distance_cm=22.8
SHARP_IR,raw_adc=257,voltage=1.255,distance_cm=23.0
SHARP_IR,raw_adc=260,voltage=1.270,distance_cm=22.7
SHARP_IR,raw_adc=259,voltage=1.265,distance_cm=22.8
SHARP_IR,raw_adc=406,voltage=1.982,distance_cm=13.4
SHARP_IR,raw_adc=281,voltage=1.372,distance_cm=20.7
SHARP_IR,raw_adc=264,voltage=1.289,distance_cm=22.3
SHARP_IR,raw_adc=263,voltage=1.284,distance_cm=22.4
SHARP_IR,raw_adc=257,voltage=1.255,distance_cm=23.0
SHARP_IR,raw_adc=260,voltage=1.270,distance_cm=22.7
SHARP_IR,raw_adc=253,voltage=1.235,distance_cm=23.4
SHARP_IR,raw_adc=420,voltage=2.051,distance_cm=12.9
SHARP_IR,raw_adc=268,voltage=1.309,distance_cm=21.9
SHARP_IR,raw_adc=260,voltage=1.270,distance_cm=22.7
SHARP_IR,raw_adc=257,voltage=1.255,distance_cm=23.0
SHARP_IR,raw_adc=260,voltage=1.270,distance_cm=22.7
SHARP_IR,raw_adc=255,voltage=1.245,distance_cm=23.2
SHARP_IR,raw_adc=412,voltage=2.012,distance_cm=13.2
SHARP_IR,raw_adc=274,voltage=1.338,distance_cm=21.3
SHARP_IR,raw_adc=263,voltage=1.284,distance_cm=22.4
SHARP_IR,raw_adc=258,voltage=1.260,distance_cm=22.9
SHARP_IR,raw_adc=260,voltage=1.270,distance_cm=22.7
SHARP_IR,raw_adc=255,voltage=1.245,distance_cm=23.2
SHARP_IR,raw_adc=256,voltage=1.250,distance_cm=23.1
SHARP_IR,raw_adc=423,voltage=2.065,distance_cm=12.8
SHARP_IR,raw_adc=271,voltage=1.323,distance_cm=21.6
SHARP_IR,raw_adc=264,voltage=1.289,distance_cm=22.3
SHARP_IR,raw_adc=257,voltage=1.255,distance_cm=23.0
SHARP_IR,raw_adc=256,voltage=1.250,distance_cm=23.1
SHARP_IR,raw_adc=256,voltage=1.250,distance_cm=23.1
SHARP_IR,raw_adc=255,voltage=1.245,distance_cm=23.2
SHARP_IR,raw_adc=255,voltage=1.245,distance_cm=23.2
SHARP_IR,raw_adc=255,voltage=1.245,distance_cm=23.2
SHARP_IR,raw_adc=256,voltage=1.250,distance_cm=23.1
SHARP_IR,raw_adc=256,voltage=1.250,distance_cm=23.1
SHARP_IR,raw_adc=256,voltage=1.250,distance_cm=23.1
SHARP_IR,raw_adc=256,voltage=1.250,distance_cm=23.1
SHARP_IR,raw_adc=260,voltage=1.270,distance_cm=22.7
SHARP_IR,raw_adc=256,voltage=1.250,distance_cm=23.1
SHARP_IR,raw_adc=256,voltage=1.250,distance_cm=23.1
SHARP_IR,raw_adc=256,voltage=1.250,distance_cm=23.1
SHARP_IR,raw_adc=260,voltage=1.270,distance_cm=22.7
SHARP_IR,raw_adc=256,voltage=1.250,distance_cm=23.1
SHARP_IR,raw_adc=260,voltage=1.270,distance_cm=22.7
SHARP_IR,raw_adc=255,voltage=1.245,distance_cm=23.2
SHARP_IR,raw_adc=255,voltage=1.245,distance_cm=23.2
SHARP_IR,raw_adc=259,voltage=1.265,distance_cm=22.8
SHARP_IR,raw_adc=259,voltage=1.265,distance_cm=22.8
SHARP_IR,raw_adc=255,voltage=1.245,distance_cm=23.2
SHARP_IR,raw_adc=255,voltage=1.245,distance_cm=23.2
SHARP_IR,raw_adc=255,voltage=1.245,distance_cm=23.2
SHARP_IR,raw_adc=255,voltage=1.245,distance_cm=23.2
SHARP_IR,raw_adc=259,voltage=1.265,distance_cm=22.8
SHARP_IR,raw_adc=255,voltage=1.245,distance_cm=23.2
SHARP_IR,raw_adc=255,voltage=1.245,distance_cm=23.2
SHARP_IR,raw_adc=259,voltage=1.265,distance_cm=22.8
SHARP_IR,raw_adc=259,voltage=1.265,distance_cm=22.8
SHARP_IR,raw_adc=259,voltage=1.265,distance_cm=22.8
SHARP_IR,raw_adc=255,voltage=1.245,distance_cm=23.2
SHARP_IR,raw_adc=255,voltage=1.245,distance_cm=23.2
SHARP_IR,raw_adc=260,voltage=1.270,distance_cm=22.7
SHARP_IR,raw_adc=259,voltage=1.265,distance_cm=22.8
SHARP_IR,raw_adc=394,voltage=1.924,distance_cm=13.9
SHARP_IR,raw_adc=285,voltage=1.392,distance_cm=20.4
SHARP_IR,raw_adc=263,voltage=1.284,distance_cm=22.4
SHARP_IR,raw_adc=259,voltage=1.265,distance_cm=22.8
SHARP_IR,raw_adc=257,voltage=1.255,distance_cm=23.0
SHARP_IR,raw_adc=256,voltage=1.250,distance_cm=23.1
SHARP_IR,raw_adc=256,voltage=1.250,distance_cm=23.1
SHARP_IR,raw_adc=417,voltage=2.036,distance_cm=13.0
SHARP_IR,raw_adc=272,voltage=1.328,distance_cm=21.5
SHARP_IR,raw_adc=262,voltage=1.279,distance_cm=22.5
SHARP_IR,raw_adc=258,voltage=1.260,distance_cm=22.9
SHARP_IR,raw_adc=256,voltage=1.250,distance_cm=23.1
SHARP_IR,raw_adc=255,voltage=1.245,distance_cm=23.2
SHARP_IR,raw_adc=256,voltage=1.250,distance_cm=23.1
SHARP_IR,raw_adc=289,voltage=1.411,distance_cm=20.0
SHARP_IR,raw_adc=265,voltage=1.294,distance_cm=22.2
SHARP_IR,raw_adc=263,voltage=1.284,distance_cm=22.4
SHARP_IR,raw_adc=256,voltage=1.250,distance_cm=23.1
SHARP_IR,raw_adc=256,voltage=1.250,distance_cm=23.1
SHARP_IR,raw_adc=254,voltage=1.240,distance_cm=23.3
SHARP_IR,raw_adc=424,voltage=2.070,distance_cm=12.8
SHARP_IR,raw_adc=269,voltage=1.313,distance_cm=21.8
SHARP_IR,raw_adc=265,voltage=1.294,distance_cm=22.2
SHARP_IR,raw_adc=261,voltage=1.274,distance_cm=22.6
SHARP_IR,raw_adc=256,voltage=1.250,distance_cm=23.1
SHARP_IR,raw_adc=259,voltage=1.265,distance_cm=22.8
SHARP_IR,raw_adc=398,voltage=1.943,distance_cm=13.8
SHARP_IR,raw_adc=279,voltage=1.362,distance_cm=20.9
SHARP_IR,raw_adc=263,voltage=1.284,distance_cm=22.4
SHARP_IR,raw_adc=258,voltage=1.260,distance_cm=22.9
SHARP_IR,raw_adc=261,voltage=1.274,distance_cm=22.6
SHARP_IR,raw_adc=255,voltage=1.245,distance_cm=23.2
SHARP_IR,raw_adc=252,voltage=1.230,distance_cm=23.5
SHARP_IR,raw_adc=423,voltage=2.065,distance_cm=12.8
SHARP_IR,raw_adc=266,voltage=1.299,distance_cm=22.1
SHARP_IR,raw_adc=259,voltage=1.265,distance_cm=22.8
SHARP_IR,raw_adc=257,voltage=1.255,distance_cm=23.0
SHARP_IR,raw_adc=256,voltage=1.250,distance_cm=23.1
SHARP_IR,raw_adc=260,voltage=1.270,distance_cm=22.7
SHARP_IR,raw_adc=408,voltage=1.992,distance_cm=13.4
SHARP_IR,raw_adc=275,voltage=1.343,distance_cm=21.2
SHARP_IR,raw_adc=269,voltage=1.313,distance_cm=21.8
SHARP_IR,raw_adc=262,voltage=1.279,distance_cm=22.5
SHARP_IR,raw_adc=260,voltage=1.270,distance_cm=22.7
SHARP_IR,raw_adc=256,voltage=1.250,distance_cm=23.1
SHARP_IR,raw_adc=256,voltage=1.250,distance_cm=23.1
SHARP_IR,raw_adc=422,voltage=2.061,distance_cm=12.8
SHARP_IR,raw_adc=267,voltage=1.304,distance_cm=22.0
SHARP_IR,raw_adc=264,voltage=1.289,distance_cm=22.3
SHARP_IR,raw_adc=257,voltage=1.255,distance_cm=23.0
SHARP_IR,raw_adc=256,voltage=1.250,distance_cm=23.1
SHARP_IR,raw_adc=255,voltage=1.245,distance_cm=23.2
SHARP_IR,raw_adc=409,voltage=1.997,distance_cm=13.3
SHARP_IR,raw_adc=272,voltage=1.328,distance_cm=21.5
SHARP_IR,raw_adc=262,voltage=1.279,distance_cm=22.5
SHARP_IR,raw_adc=258,voltage=1.260,distance_cm=22.9
SHARP_IR,raw_adc=256,voltage=1.250,distance_cm=23.1
SHARP_IR,raw_adc=256,voltage=1.250,distance_cm=23.1
SHARP_IR,raw_adc=252,voltage=1.230,distance_cm=23.5
SHARP_IR,raw_adc=425,voltage=2.075,distance_cm=12.7
SHARP_IR,raw_adc=266,voltage=1.299,distance_cm=22.1
SHARP_IR,raw_adc=260,voltage=1.270,distance_cm=22.7
SHARP_IR,raw_adc=257,voltage=1.255,distance_cm=23.0
SHARP_IR,raw_adc=256,voltage=1.250,distance_cm=23.1
SHARP_IR,raw_adc=255,voltage=1.245,distance_cm=23.2
SHARP_IR,raw_adc=414,voltage=2.021,distance_cm=13.1
SHARP_IR,raw_adc=276,voltage=1.348,distance_cm=21.1
SHARP_IR,raw_adc=261,voltage=1.274,distance_cm=22.6
SHARP_IR,raw_adc=258,voltage=1.260,distance_cm=22.9
SHARP_IR,raw_adc=256,voltage=1.250,distance_cm=23.1
SHARP_IR,raw_adc=255,voltage=1.245,distance_cm=23.2
SHARP_IR,raw_adc=256,voltage=1.250,distance_cm=23.1
SHARP_IR,raw_adc=296,voltage=1.445,distance_cm=19.5
SHARP_IR,raw_adc=266,voltage=1.299,distance_cm=22.1
SHARP_IR,raw_adc=263,voltage=1.284,distance_cm=22.4
SHARP_IR,raw_adc=257,voltage=1.255,distance_cm=23.0
SHARP_IR,raw_adc=256,voltage=1.250,distance_cm=23.1
SHARP_IR,raw_adc=259,voltage=1.265,distance_cm=22.8
SHARP_IR,raw_adc=412,voltage=2.012,distance_cm=13.2
SHARP_IR,raw_adc=271,voltage=1.323,distance_cm=21.6
SHARP_IR,raw_adc=262,voltage=1.279,distance_cm=22.5
SHARP_IR,raw_adc=257,voltage=1.255,distance_cm=23.0
SHARP_IR,raw_adc=256,voltage=1.250,distance_cm=23.1
SHARP_IR,raw_adc=255,voltage=1.245,distance_cm=23.2
SHARP_IR,raw_adc=396,voltage=1.934,distance_cm=13.8
SHARP_IR,raw_adc=285,voltage=1.392,distance_cm=20.4
SHARP_IR,raw_adc=268,voltage=1.309,distance_cm=21.9
SHARP_IR,raw_adc=262,voltage=1.279,distance_cm=22.5
SHARP_IR,raw_adc=265,voltage=1.294,distance_cm=22.2
SHARP_IR,raw_adc=264,voltage=1.289,distance_cm=22.3
SHARP_IR,raw_adc=264,voltage=1.289,distance_cm=22.3
SHARP_IR,raw_adc=425,voltage=2.075,distance_cm=12.7
SHARP_IR,raw_adc=284,voltage=1.387,distance_cm=20.4
SHARP_IR,raw_adc=269,voltage=1.313,distance_cm=21.8
SHARP_IR,raw_adc=266,voltage=1.299,distance_cm=22.1
SHARP_IR,raw_adc=260,voltage=1.270,distance_cm=22.7
SHARP_IR,raw_adc=260,voltage=1.270,distance_cm=22.7
SHARP_IR,raw_adc=406,voltage=1.982,distance_cm=13.4
SHARP_IR,raw_adc=282,voltage=1.377,distance_cm=20.6
SHARP_IR,raw_adc=267,voltage=1.304,distance_cm=22.0
SHARP_IR,raw_adc=263,voltage=1.284,distance_cm=22.4
SHARP_IR,raw_adc=261,voltage=1.274,distance_cm=22.6
SHARP_IR,raw_adc=260,voltage=1.270,distance_cm=22.7
SHARP_IR,raw_adc=260,voltage=1.270,distance_cm=22.7
SHARP_IR,raw_adc=424,voltage=2.070,distance_cm=12.8
SHARP_IR,raw_adc=273,voltage=1.333,distance_cm=21.4
SHARP_IR,raw_adc=266,voltage=1.299,distance_cm=22.1
SHARP_IR,raw_adc=261,voltage=1.274,distance_cm=22.6
SHARP_IR,raw_adc=260,voltage=1.270,distance_cm=22.7
SHARP_IR,raw_adc=259,voltage=1.265,distance_cm=22.8
SHARP_IR,raw_adc=398,voltage=1.943,distance_cm=13.8
SHARP_IR,raw_adc=287,voltage=1.401,distance_cm=20.2
SHARP_IR,raw_adc=274,voltage=1.338,distance_cm=21.3
SHARP_IR,raw_adc=270,voltage=1.318,distance_cm=21.7
SHARP_IR,raw_adc=269,voltage=1.313,distance_cm=21.8
SHARP_IR,raw_adc=272,voltage=1.328,distance_cm=21.5
SHARP_IR,raw_adc=268,voltage=1.309,distance_cm=21.9
SHARP_IR,raw_adc=436,voltage=2.129,distance_cm=12.4
SHARP_IR,raw_adc=285,voltage=1.392,distance_cm=20.4
SHARP_IR,raw_adc=281,voltage=1.372,distance_cm=20.7
SHARP_IR,raw_adc=278,voltage=1.357,distance_cm=21.0
SHARP_IR,raw_adc=277,voltage=1.353,distance_cm=21.0
SHARP_IR,raw_adc=276,voltage=1.348,distance_cm=21.1
SHARP_IR,raw_adc=424,voltage=2.070,distance_cm=12.8
SHARP_IR,raw_adc=290,voltage=1.416,distance_cm=19.9
SHARP_IR,raw_adc=279,voltage=1.362,distance_cm=20.9
SHARP_IR,raw_adc=274,voltage=1.338,distance_cm=21.3
SHARP_IR,raw_adc=273,voltage=1.333,distance_cm=21.4
SHARP_IR,raw_adc=272,voltage=1.328,distance_cm=21.5
SHARP_IR,raw_adc=266,voltage=1.299,distance_cm=22.1
SHARP_IR,raw_adc=302,voltage=1.475,distance_cm=19.0
SHARP_IR,raw_adc=281,voltage=1.372,distance_cm=20.7
SHARP_IR,raw_adc=275,voltage=1.343,distance_cm=21.2
SHARP_IR,raw_adc=273,voltage=1.333,distance_cm=21.4
SHARP_IR,raw_adc=272,voltage=1.328,distance_cm=21.5
SHARP_IR,raw_adc=272,voltage=1.328,distance_cm=21.5
SHARP_IR,raw_adc=432,voltage=2.109,distance_cm=12.5
SHARP_IR,raw_adc=293,voltage=1.431,distance_cm=19.7
SHARP_IR,raw_adc=278,voltage=1.357,distance_cm=21.0
SHARP_IR,raw_adc=274,voltage=1.338,distance_cm=21.3
SHARP_IR,raw_adc=273,voltage=1.333,distance_cm=21.4
SHARP_IR,raw_adc=272,voltage=1.328,distance_cm=21.5
SHARP_IR,raw_adc=268,voltage=1.309,distance_cm=21.9
SHARP_IR,raw_adc=309,voltage=1.509,distance_cm=18.5
SHARP_IR,raw_adc=281,voltage=1.372,distance_cm=20.7
SHARP_IR,raw_adc=275,voltage=1.343,distance_cm=21.2
SHARP_IR,raw_adc=274,voltage=1.338,distance_cm=21.3
SHARP_IR,raw_adc=273,voltage=1.333,distance_cm=21.4
SHARP_IR,raw_adc=272,voltage=1.328,distance_cm=21.5
SHARP_IR,raw_adc=272,voltage=1.328,distance_cm=21.5
SHARP_IR,raw_adc=272,voltage=1.328,distance_cm=21.5
SHARP_IR,raw_adc=272,voltage=1.328,distance_cm=21.5
SHARP_IR,raw_adc=272,voltage=1.328,distance_cm=21.5
SHARP_IR,raw_adc=272,voltage=1.328,distance_cm=21.5
SHARP_IR,raw_adc=272,voltage=1.328,distance_cm=21.5
SHARP_IR,raw_adc=272,voltage=1.328,distance_cm=21.5
SHARP_IR,raw_adc=272,voltage=1.328,distance_cm=21.5
SHARP_IR,raw_adc=272,voltage=1.328,distance_cm=21.5
SHARP_IR,raw_adc=272,voltage=1.328,distance_cm=21.5
SHARP_IR,raw_adc=272,voltage=1.328,distance_cm=21.5
SHARP_IR,raw_adc=272,voltage=1.328,distance_cm=21.5
SHARP_IR,raw_adc=272,voltage=1.328,distance_cm=21.5
SHARP_IR,raw_adc=272,voltage=1.328,distance_cm=21.5
SHARP_IR,raw_adc=272,voltage=1.328,distance_cm=21.5
SHARP_IR,raw_adc=272,voltage=1.328,distance_cm=21.5
SHARP_IR,raw_adc=272,voltage=1.328,distance_cm=21.5
SHARP_IR,raw_adc=272,voltage=1.328,distance_cm=21.5
SHARP_IR,raw_adc=272,voltage=1.328,distance_cm=21.5
SHARP_IR,raw_adc=272,voltage=1.328,distance_cm=21.5
SHARP_IR,raw_adc=272,voltage=1.328,distance_cm=21.5
SHARP_IR,raw_adc=272,voltage=1.328,distance_cm=21.5
SHARP_IR,raw_adc=272,voltage=1.328,distance_cm=21.5
SHARP_IR,raw_adc=272,voltage=1.328,distance_cm=21.5
SHARP_IR,raw_adc=272,voltage=1.328,distance_cm=21.5
SHARP_IR,raw_adc=272,voltage=1.328,distance_cm=21.5
SHARP_IR,raw_adc=272,voltage=1.328,distance_cm=21.5
SHARP_IR,raw_adc=272,voltage=1.328,distance_cm=21.5
SHARP_IR,raw_adc=272,voltage=1.328,distance_cm=21.5
SHARP_IR,raw_adc=276,voltage=1.348,distance_cm=21.1
SHARP_IR,raw_adc=276,voltage=1.348,distance_cm=21.1
SHARP_IR,raw_adc=276,voltage=1.348,distance_cm=21.1
SHARP_IR,raw_adc=272,voltage=1.328,distance_cm=21.5
SHARP_IR,raw_adc=272,voltage=1.328,distance_cm=21.5
SHARP_IR,raw_adc=272,voltage=1.328,distance_cm=21.5
SHARP_IR,raw_adc=272,voltage=1.328,distance_cm=21.5
SHARP_IR,raw_adc=272,voltage=1.328,distance_cm=21.5
SHARP_IR,raw_adc=272,voltage=1.328,distance_cm=21.5
SHARP_IR,raw_adc=272,voltage=1.328,distance_cm=21.5
SHARP_IR,raw_adc=431,voltage=2.104,distance_cm=12.5
SHARP_IR,raw_adc=290,voltage=1.416,distance_cm=19.9
SHARP_IR,raw_adc=278,voltage=1.357,distance_cm=21.0
SHARP_IR,raw_adc=274,voltage=1.338,distance_cm=21.3
SHARP_IR,raw_adc=273,voltage=1.333,distance_cm=21.4
SHARP_IR,raw_adc=272,voltage=1.328,distance_cm=21.5
SHARP_IR,raw_adc=414,voltage=2.021,distance_cm=13.1
SHARP_IR,raw_adc=297,voltage=1.450,distance_cm=19.4
SHARP_IR,raw_adc=280,voltage=1.367,distance_cm=20.8
SHARP_IR,raw_adc=275,voltage=1.343,distance_cm=21.2
SHARP_IR,raw_adc=273,voltage=1.333,distance_cm=21.4
SHARP_IR,raw_adc=272,voltage=1.328,distance_cm=21.5
SHARP_IR,raw_adc=272,voltage=1.328,distance_cm=21.5
SHARP_IR,raw_adc=435,voltage=2.124,distance_cm=12.4
SHARP_IR,raw_adc=291,voltage=1.421,distance_cm=19.9
SHARP_IR,raw_adc=278,voltage=1.357,distance_cm=21.0
SHARP_IR,raw_adc=275,voltage=1.343,distance_cm=21.2
SHARP_IR,raw_adc=273,voltage=1.333,distance_cm=21.4
SHARP_IR,raw_adc=272,voltage=1.328,distance_cm=21.5
SHARP_IR,raw_adc=266,voltage=1.299,distance_cm=22.1
SHARP_IR,raw_adc=294,voltage=1.436,distance_cm=19.6
SHARP_IR,raw_adc=280,voltage=1.367,distance_cm=20.8
SHARP_IR,raw_adc=275,voltage=1.343,distance_cm=21.2
SHARP_IR,raw_adc=273,voltage=1.333,distance_cm=21.4
SHARP_IR,raw_adc=272,voltage=1.328,distance_cm=21.5
SHARP_IR,raw_adc=272,voltage=1.328,distance_cm=21.5
SHARP_IR,raw_adc=441,voltage=2.153,distance_cm=12.2
SHARP_IR,raw_adc=294,voltage=1.436,distance_cm=19.6
SHARP_IR,raw_adc=287,voltage=1.401,distance_cm=20.2
SHARP_IR,raw_adc=283,voltage=1.382,distance_cm=20.5
SHARP_IR,raw_adc=281,voltage=1.372,distance_cm=20.7
SHARP_IR,raw_adc=280,voltage=1.367,distance_cm=20.8
SHARP_IR,raw_adc=272,voltage=1.328,distance_cm=21.5
SHARP_IR,raw_adc=307,voltage=1.499,distance_cm=18.7
SHARP_IR,raw_adc=285,voltage=1.392,distance_cm=20.4
SHARP_IR,raw_adc=279,voltage=1.362,distance_cm=20.9
SHARP_IR,raw_adc=273,voltage=1.333,distance_cm=21.4
SHARP_IR,raw_adc=276,voltage=1.348,distance_cm=21.1
SHARP_IR,raw_adc=274,voltage=1.338,distance_cm=21.3
SHARP_IR,raw_adc=443,voltage=2.163,distance_cm=12.1
SHARP_IR,raw_adc=290,voltage=1.416,distance_cm=19.9
SHARP_IR,raw_adc=282,voltage=1.377,distance_cm=20.6
SHARP_IR,raw_adc=278,voltage=1.357,distance_cm=21.0
SHARP_IR,raw_adc=281,voltage=1.372,distance_cm=20.7
SHARP_IR,raw_adc=280,voltage=1.367,distance_cm=20.8
SHARP_IR,raw_adc=408,voltage=1.992,distance_cm=13.4
SHARP_IR,raw_adc=313,voltage=1.528,distance_cm=18.2
SHARP_IR,raw_adc=293,voltage=1.431,distance_cm=19.7
SHARP_IR,raw_adc=284,voltage=1.387,distance_cm=20.4
SHARP_IR,raw_adc=273,voltage=1.333,distance_cm=21.4
SHARP_IR,raw_adc=268,voltage=1.309,distance_cm=21.9
SHARP_IR,raw_adc=268,voltage=1.309,distance_cm=21.9
SHARP_IR,raw_adc=436,voltage=2.129,distance_cm=12.4
SHARP_IR,raw_adc=285,voltage=1.392,distance_cm=20.4
SHARP_IR,raw_adc=278,voltage=1.357,distance_cm=21.0
SHARP_IR,raw_adc=274,voltage=1.338,distance_cm=21.3
SHARP_IR,raw_adc=272,voltage=1.328,distance_cm=21.5
SHARP_IR,raw_adc=272,voltage=1.328,distance_cm=21.5
SHARP_IR,raw_adc=416,voltage=2.031,distance_cm=13.1
SHARP_IR,raw_adc=298,voltage=1.455,distance_cm=19.3
SHARP_IR,raw_adc=276,voltage=1.348,distance_cm=21.1
SHARP_IR,raw_adc=271,voltage=1.323,distance_cm=21.6
SHARP_IR,raw_adc=273,voltage=1.333,distance_cm=21.4
SHARP_IR,raw_adc=272,voltage=1.328,distance_cm=21.5
SHARP_IR,raw_adc=272,voltage=1.328,distance_cm=21.5
SHARP_IR,raw_adc=434,voltage=2.119,distance_cm=12.4
SHARP_IR,raw_adc=293,voltage=1.431,distance_cm=19.7
SHARP_IR,raw_adc=277,voltage=1.353,distance_cm=21.0
SHARP_IR,raw_adc=274,voltage=1.338,distance_cm=21.3
SHARP_IR,raw_adc=272,voltage=1.328,distance_cm=21.5
SHARP_IR,raw_adc=272,voltage=1.328,distance_cm=21.5
SHARP_IR,raw_adc=416,voltage=2.031,distance_cm=13.1
SHARP_IR,raw_adc=297,voltage=1.450,distance_cm=19.4
SHARP_IR,raw_adc=280,voltage=1.367,distance_cm=20.8
SHARP_IR,raw_adc=275,voltage=1.343,distance_cm=21.2
SHARP_IR,raw_adc=273,voltage=1.333,distance_cm=21.4
SHARP_IR,raw_adc=272,voltage=1.328,distance_cm=21.5
SHARP_IR,raw_adc=272,voltage=1.328,distance_cm=21.5
SHARP_IR,raw_adc=435,voltage=2.124,distance_cm=12.4
SHARP_IR,raw_adc=293,voltage=1.431,distance_cm=19.7
SHARP_IR,raw_adc=278,voltage=1.357,distance_cm=21.0
SHARP_IR,raw_adc=274,voltage=1.338,distance_cm=21.3
SHARP_IR,raw_adc=273,voltage=1.333,distance_cm=21.4
SHARP_IR,raw_adc=272,voltage=1.328,distance_cm=21.5
SHARP_IR,raw_adc=418,voltage=2.041,distance_cm=13.0
SHARP_IR,raw_adc=297,voltage=1.450,distance_cm=19.4
SHARP_IR,raw_adc=280,voltage=1.367,distance_cm=20.8
SHARP_IR,raw_adc=275,voltage=1.343,distance_cm=21.2
SHARP_IR,raw_adc=273,voltage=1.333,distance_cm=21.4
SHARP_IR,raw_adc=272,voltage=1.328,distance_cm=21.5
SHARP_IR,raw_adc=272,voltage=1.328,distance_cm=21.5
SHARP_IR,raw_adc=435,voltage=2.124,distance_cm=12.4
SHARP_IR,raw_adc=293,voltage=1.431,distance_cm=19.7
SHARP_IR,raw_adc=277,voltage=1.353,distance_cm=21.0
SHARP_IR,raw_adc=270,voltage=1.318,distance_cm=21.7
SHARP_IR,raw_adc=273,voltage=1.333,distance_cm=21.4
SHARP_IR,raw_adc=272,voltage=1.328,distance_cm=21.5
SHARP_IR,raw_adc=268,voltage=1.309,distance_cm=21.9
SHARP_IR,raw_adc=314,voltage=1.533,distance_cm=18.2
SHARP_IR,raw_adc=286,voltage=1.396,distance_cm=20.3
SHARP_IR,raw_adc=275,voltage=1.343,distance_cm=21.2
SHARP_IR,raw_adc=273,voltage=1.333,distance_cm=21.4
SHARP_IR,raw_adc=272,voltage=1.328,distance_cm=21.5
SHARP_IR,raw_adc=272,voltage=1.328,distance_cm=21.5
SHARP_IR,raw_adc=434,voltage=2.119,distance_cm=12.4
SHARP_IR,raw_adc=293,voltage=1.431,distance_cm=19.7
SHARP_IR,raw_adc=278,voltage=1.357,distance_cm=21.0
SHARP_IR,raw_adc=274,voltage=1.338,distance_cm=21.3
SHARP_IR,raw_adc=273,voltage=1.333,distance_cm=21.4
SHARP_IR,raw_adc=276,voltage=1.348,distance_cm=21.1
SHARP_IR,raw_adc=272,voltage=1.328,distance_cm=21.5
SHARP_IR,raw_adc=317,voltage=1.548,distance_cm=18.0
SHARP_IR,raw_adc=289,voltage=1.411,distance_cm=20.0
SHARP_IR,raw_adc=285,voltage=1.392,distance_cm=20.4
SHARP_IR,raw_adc=282,voltage=1.377,distance_cm=20.6
SHARP_IR,raw_adc=276,voltage=1.348,distance_cm=21.1
SHARP_IR,raw_adc=276,voltage=1.348,distance_cm=21.1
SHARP_IR,raw_adc=439,voltage=2.144,distance_cm=12.3
SHARP_IR,raw_adc=291,voltage=1.421,distance_cm=19.9
SHARP_IR,raw_adc=283,voltage=1.382,distance_cm=20.5
SHARP_IR,raw_adc=278,voltage=1.357,distance_cm=21.0
SHARP_IR,raw_adc=277,voltage=1.353,distance_cm=21.0
SHARP_IR,raw_adc=276,voltage=1.348,distance_cm=21.1
SHARP_IR,raw_adc=272,voltage=1.328,distance_cm=21.5
SHARP_IR,raw_adc=318,voltage=1.553,distance_cm=17.9
SHARP_IR,raw_adc=289,voltage=1.411,distance_cm=20.0
SHARP_IR,raw_adc=288,voltage=1.406,distance_cm=20.1
SHARP_IR,raw_adc=286,voltage=1.396,distance_cm=20.3
SHARP_IR,raw_adc=281,voltage=1.372,distance_cm=20.7
SHARP_IR,raw_adc=280,voltage=1.367,distance_cm=20.8
SHARP_IR,raw_adc=441,voltage=2.153,distance_cm=12.2
SHARP_IR,raw_adc=297,voltage=1.450,distance_cm=19.4
SHARP_IR,raw_adc=287,voltage=1.401,distance_cm=20.2
SHARP_IR,raw_adc=282,voltage=1.377,distance_cm=20.6
SHARP_IR,raw_adc=276,voltage=1.348,distance_cm=21.1
SHARP_IR,raw_adc=276,voltage=1.348,distance_cm=21.1
SHARP_IR,raw_adc=266,voltage=1.299,distance_cm=22.1
SHARP_IR,raw_adc=306,voltage=1.494,distance_cm=18.7
SHARP_IR,raw_adc=277,voltage=1.353,distance_cm=21.0
SHARP_IR,raw_adc=271,voltage=1.323,distance_cm=21.6
SHARP_IR,raw_adc=269,voltage=1.313,distance_cm=21.8
SHARP_IR,raw_adc=268,voltage=1.309,distance_cm=21.9
SHARP_IR,raw_adc=272,voltage=1.328,distance_cm=21.5
SHARP_IR,raw_adc=442,voltage=2.158,distance_cm=12.2
SHARP_IR,raw_adc=303,voltage=1.479,distance_cm=18.9
SHARP_IR,raw_adc=284,voltage=1.387,distance_cm=20.4
SHARP_IR,raw_adc=278,voltage=1.357,distance_cm=21.0
SHARP_IR,raw_adc=273,voltage=1.333,distance_cm=21.4
SHARP_IR,raw_adc=272,voltage=1.328,distance_cm=21.5
SHARP_IR,raw_adc=276,voltage=1.348,distance_cm=21.1
SHARP_IR,raw_adc=276,voltage=1.348,distance_cm=21.1
SHARP_IR,raw_adc=280,voltage=1.367,distance_cm=20.8
SHARP_IR,raw_adc=285,voltage=1.392,distance_cm=20.4
SHARP_IR,raw_adc=285,voltage=1.392,distance_cm=20.4
SHARP_IR,raw_adc=285,voltage=1.392,distance_cm=20.4
SHARP_IR,raw_adc=285,voltage=1.392,distance_cm=20.4
SHARP_IR,raw_adc=285,voltage=1.392,distance_cm=20.4
SHARP_IR,raw_adc=280,voltage=1.367,distance_cm=20.8
SHARP_IR,raw_adc=276,voltage=1.348,distance_cm=21.1
SHARP_IR,raw_adc=280,voltage=1.367,distance_cm=20.8
SHARP_IR,raw_adc=284,voltage=1.387,distance_cm=20.4
SHARP_IR,raw_adc=280,voltage=1.367,distance_cm=20.8
SHARP_IR,raw_adc=276,voltage=1.348,distance_cm=21.1
SHARP_IR,raw_adc=276,voltage=1.348,distance_cm=21.1
SHARP_IR,raw_adc=280,voltage=1.367,distance_cm=20.8
SHARP_IR,raw_adc=280,voltage=1.367,distance_cm=20.8
SHARP_IR,raw_adc=280,voltage=1.367,distance_cm=20.8
SHARP_IR,raw_adc=280,voltage=1.367,distance_cm=20.8
SHARP_IR,raw_adc=276,voltage=1.348,distance_cm=21.1
SHARP_IR,raw_adc=276,voltage=1.348,distance_cm=21.1
SHARP_IR,raw_adc=276,voltage=1.348,distance_cm=21.1
SHARP_IR,raw_adc=276,voltage=1.348,distance_cm=21.1
SHARP_IR,raw_adc=276,voltage=1.348,distance_cm=21.1
SHARP_IR,raw_adc=271,voltage=1.323,distance_cm=21.6
SHARP_IR,raw_adc=272,voltage=1.328,distance_cm=21.5
SHARP_IR,raw_adc=273,voltage=1.333,distance_cm=21.4
SHARP_IR,raw_adc=272,voltage=1.328,distance_cm=21.5
SHARP_IR,raw_adc=272,voltage=1.328,distance_cm=21.5
SHARP_IR,raw_adc=267,voltage=1.304,distance_cm=22.0
SHARP_IR,raw_adc=272,voltage=1.328,distance_cm=21.5
SHARP_IR,raw_adc=271,voltage=1.323,distance_cm=21.6
SHARP_IR,raw_adc=266,voltage=1.299,distance_cm=22.1
SHARP_IR,raw_adc=308,voltage=1.504,distance_cm=18.6
SHARP_IR,raw_adc=282,voltage=1.377,distance_cm=20.6
SHARP_IR,raw_adc=275,voltage=1.343,distance_cm=21.2
SHARP_IR,raw_adc=273,voltage=1.333,distance_cm=21.4
SHARP_IR,raw_adc=272,voltage=1.328,distance_cm=21.5
SHARP_IR,raw_adc=268,voltage=1.309,distance_cm=21.9
SHARP_IR,raw_adc=427,voltage=2.085,distance_cm=12.7
SHARP_IR,raw_adc=285,voltage=1.392,distance_cm=20.4
SHARP_IR,raw_adc=274,voltage=1.338,distance_cm=21.3
SHARP_IR,raw_adc=270,voltage=1.318,distance_cm=21.7
SHARP_IR,raw_adc=268,voltage=1.309,distance_cm=21.9
SHARP_IR,raw_adc=267,voltage=1.304,distance_cm=22.0
SHARP_IR,raw_adc=408,voltage=1.992,distance_cm=13.4
SHARP_IR,raw_adc=291,voltage=1.421,distance_cm=19.9
SHARP_IR,raw_adc=274,voltage=1.338,distance_cm=21.3
SHARP_IR,raw_adc=270,voltage=1.318,distance_cm=21.7
SHARP_IR,raw_adc=268,voltage=1.309,distance_cm=21.9
SHARP_IR,raw_adc=272,voltage=1.328,distance_cm=21.5
SHARP_IR,raw_adc=268,voltage=1.309,distance_cm=21.9
SHARP_IR,raw_adc=310,voltage=1.514,distance_cm=18.4
SHARP_IR,raw_adc=286,voltage=1.396,distance_cm=20.3
SHARP_IR,raw_adc=280,voltage=1.367,distance_cm=20.8
SHARP_IR,raw_adc=273,voltage=1.333,distance_cm=21.4
SHARP_IR,raw_adc=272,voltage=1.328,distance_cm=21.5
SHARP_IR,raw_adc=272,voltage=1.328,distance_cm=21.5
SHARP_IR,raw_adc=430,voltage=2.100,distance_cm=12.6
SHARP_IR,raw_adc=291,voltage=1.421,distance_cm=19.9
SHARP_IR,raw_adc=278,voltage=1.357,distance_cm=21.0
SHARP_IR,raw_adc=274,voltage=1.338,distance_cm=21.3
SHARP_IR,raw_adc=272,voltage=1.328,distance_cm=21.5
SHARP_IR,raw_adc=272,voltage=1.328,distance_cm=21.5
SHARP_IR,raw_adc=421,voltage=2.056,distance_cm=12.9
SHARP_IR,raw_adc=291,voltage=1.421,distance_cm=19.9
SHARP_IR,raw_adc=284,voltage=1.387,distance_cm=20.4
SHARP_IR,raw_adc=279,voltage=1.362,distance_cm=20.9
SHARP_IR,raw_adc=276,voltage=1.348,distance_cm=21.1
SHARP_IR,raw_adc=272,voltage=1.328,distance_cm=21.5
SHARP_IR,raw_adc=264,voltage=1.289,distance_cm=22.3
SHARP_IR,raw_adc=432,voltage=2.109,distance_cm=12.5
SHARP_IR,raw_adc=272,voltage=1.328,distance_cm=21.5
SHARP_IR,raw_adc=260,voltage=1.270,distance_cm=22.7
SHARP_IR,raw_adc=257,voltage=1.255,distance_cm=23.0
SHARP_IR,raw_adc=255,voltage=1.245,distance_cm=23.2
SHARP_IR,raw_adc=251,voltage=1.226,distance_cm=23.6
SHARP_IR,raw_adc=405,voltage=1.978,distance_cm=13.5
SHARP_IR,raw_adc=270,voltage=1.318,distance_cm=21.7
SHARP_IR,raw_adc=255,voltage=1.245,distance_cm=23.2
SHARP_IR,raw_adc=252,voltage=1.230,distance_cm=23.5
SHARP_IR,raw_adc=251,voltage=1.226,distance_cm=23.6
SHARP_IR,raw_adc=251,voltage=1.226,distance_cm=23.6
SHARP_IR,raw_adc=397,voltage=1.938,distance_cm=13.8
SHARP_IR,raw_adc=271,voltage=1.323,distance_cm=21.6
SHARP_IR,raw_adc=264,voltage=1.289,distance_cm=22.3
SHARP_IR,raw_adc=258,voltage=1.260,distance_cm=22.9
SHARP_IR,raw_adc=256,voltage=1.250,distance_cm=23.1
SHARP_IR,raw_adc=255,voltage=1.245,distance_cm=23.2
SHARP_IR,raw_adc=252,voltage=1.230,distance_cm=23.5
SHARP_IR,raw_adc=419,voltage=2.046,distance_cm=13.0
SHARP_IR,raw_adc=264,voltage=1.289,distance_cm=22.3
SHARP_IR,raw_adc=255,voltage=1.245,distance_cm=23.2
SHARP_IR,raw_adc=253,voltage=1.235,distance_cm=23.4
SHARP_IR,raw_adc=251,voltage=1.226,distance_cm=23.6
SHARP_IR,raw_adc=250,voltage=1.221,distance_cm=23.7
SHARP_IR,raw_adc=412,voltage=2.012,distance_cm=13.2
SHARP_IR,raw_adc=264,voltage=1.289,distance_cm=22.3
SHARP_IR,raw_adc=256,voltage=1.250,distance_cm=23.1
SHARP_IR,raw_adc=252,voltage=1.230,distance_cm=23.5
SHARP_IR,raw_adc=252,voltage=1.230,distance_cm=23.5
SHARP_IR,raw_adc=251,voltage=1.226,distance_cm=23.6
SHARP_IR,raw_adc=396,voltage=1.934,distance_cm=13.8
SHARP_IR,raw_adc=271,voltage=1.323,distance_cm=21.6
SHARP_IR,raw_adc=260,voltage=1.270,distance_cm=22.7
SHARP_IR,raw_adc=254,voltage=1.240,distance_cm=23.3
SHARP_IR,raw_adc=252,voltage=1.230,distance_cm=23.5
SHARP_IR,raw_adc=251,voltage=1.226,distance_cm=23.6
SHARP_IR,raw_adc=248,voltage=1.211,distance_cm=24.0
SHARP_IR,raw_adc=418,voltage=2.041,distance_cm=13.0
SHARP_IR,raw_adc=262,voltage=1.279,distance_cm=22.5
SHARP_IR,raw_adc=254,voltage=1.240,distance_cm=23.3
SHARP_IR,raw_adc=252,voltage=1.230,distance_cm=23.5
SHARP_IR,raw_adc=251,voltage=1.226,distance_cm=23.6
SHARP_IR,raw_adc=250,voltage=1.221,distance_cm=23.7
SHARP_IR,raw_adc=412,voltage=2.012,distance_cm=13.2
SHARP_IR,raw_adc=264,voltage=1.289,distance_cm=22.3
SHARP_IR,raw_adc=257,voltage=1.255,distance_cm=23.0
SHARP_IR,raw_adc=253,voltage=1.235,distance_cm=23.4
SHARP_IR,raw_adc=251,voltage=1.226,distance_cm=23.6
SHARP_IR,raw_adc=251,voltage=1.226,distance_cm=23.6
SHARP_IR,raw_adc=394,voltage=1.924,distance_cm=13.9
SHARP_IR,raw_adc=273,voltage=1.333,distance_cm=21.4
SHARP_IR,raw_adc=259,voltage=1.265,distance_cm=22.8
SHARP_IR,raw_adc=255,voltage=1.245,distance_cm=23.2
SHARP_IR,raw_adc=252,voltage=1.230,distance_cm=23.5
SHARP_IR,raw_adc=251,voltage=1.226,distance_cm=23.6
SHARP_IR,raw_adc=246,voltage=1.201,distance_cm=24.2
SHARP_IR,raw_adc=287,voltage=1.401,distance_cm=20.2
SHARP_IR,raw_adc=262,voltage=1.279,distance_cm=22.5
SHARP_IR,raw_adc=255,voltage=1.245,distance_cm=23.2
SHARP_IR,raw_adc=252,voltage=1.230,distance_cm=23.5
SHARP_IR,raw_adc=251,voltage=1.226,distance_cm=23.6
SHARP_IR,raw_adc=251,voltage=1.226,distance_cm=23.6
SHARP_IR,raw_adc=409,voltage=1.997,distance_cm=13.3
SHARP_IR,raw_adc=267,voltage=1.304,distance_cm=22.0
SHARP_IR,raw_adc=258,voltage=1.260,distance_cm=22.9
SHARP_IR,raw_adc=253,voltage=1.235,distance_cm=23.4
SHARP_IR,raw_adc=252,voltage=1.230,distance_cm=23.5
SHARP_IR,raw_adc=251,voltage=1.226,distance_cm=23.6
SHARP_IR,raw_adc=391,voltage=1.909,distance_cm=14.0
SHARP_IR,raw_adc=274,voltage=1.338,distance_cm=21.3
SHARP_IR,raw_adc=259,voltage=1.265,distance_cm=22.8
SHARP_IR,raw_adc=253,voltage=1.235,distance_cm=23.4
SHARP_IR,raw_adc=252,voltage=1.230,distance_cm=23.5
SHARP_IR,raw_adc=251,voltage=1.226,distance_cm=23.6
SHARP_IR,raw_adc=246,voltage=1.201,distance_cm=24.2
SHARP_IR,raw_adc=290,voltage=1.416,distance_cm=19.9
SHARP_IR,raw_adc=261,voltage=1.274,distance_cm=22.6
SHARP_IR,raw_adc=255,voltage=1.245,distance_cm=23.2
SHARP_IR,raw_adc=252,voltage=1.230,distance_cm=23.5
SHARP_IR,raw_adc=251,voltage=1.226,distance_cm=23.6
SHARP_IR,raw_adc=251,voltage=1.226,distance_cm=23.6
SHARP_IR,raw_adc=409,voltage=1.997,distance_cm=13.3
SHARP_IR,raw_adc=266,voltage=1.299,distance_cm=22.1
SHARP_IR,raw_adc=258,voltage=1.260,distance_cm=22.9
SHARP_IR,raw_adc=253,voltage=1.235,distance_cm=23.4
SHARP_IR,raw_adc=251,voltage=1.226,distance_cm=23.6
SHARP_IR,raw_adc=251,voltage=1.226,distance_cm=23.6
SHARP_IR,raw_adc=401,voltage=1.958,distance_cm=13.6
SHARP_IR,raw_adc=268,voltage=1.309,distance_cm=21.9
SHARP_IR,raw_adc=257,voltage=1.255,distance_cm=23.0
SHARP_IR,raw_adc=253,voltage=1.235,distance_cm=23.4
SHARP_IR,raw_adc=252,voltage=1.230,distance_cm=23.5
SHARP_IR,raw_adc=251,voltage=1.226,distance_cm=23.6
SHARP_IR,raw_adc=246,voltage=1.201,distance_cm=24.2
SHARP_IR,raw_adc=287,voltage=1.401,distance_cm=20.2
SHARP_IR,raw_adc=261,voltage=1.274,distance_cm=22.6
SHARP_IR,raw_adc=255,voltage=1.245,distance_cm=23.2
SHARP_IR,raw_adc=252,voltage=1.230,distance_cm=23.5
SHARP_IR,raw_adc=251,voltage=1.226,distance_cm=23.6
SHARP_IR,raw_adc=251,voltage=1.226,distance_cm=23.6
SHARP_IR,raw_adc=410,voltage=2.002,distance_cm=13.3
SHARP_IR,raw_adc=266,voltage=1.299,distance_cm=22.1
SHARP_IR,raw_adc=258,voltage=1.260,distance_cm=22.9
SHARP_IR,raw_adc=253,voltage=1.235,distance_cm=23.4
SHARP_IR,raw_adc=252,voltage=1.230,distance_cm=23.5
SHARP_IR,raw_adc=251,voltage=1.226,distance_cm=23.6
SHARP_IR,raw_adc=251,voltage=1.226,distance_cm=23.6
SHARP_IR,raw_adc=251,voltage=1.226,distance_cm=23.6
SHARP_IR,raw_adc=251,voltage=1.226,distance_cm=23.6
SHARP_IR,raw_adc=251,voltage=1.226,distance_cm=23.6
SHARP_IR,raw_adc=251,voltage=1.226,distance_cm=23.6
SHARP_IR,raw_adc=251,voltage=1.226,distance_cm=23.6
SHARP_IR,raw_adc=251,voltage=1.226,distance_cm=23.6
SHARP_IR,raw_adc=251,voltage=1.226,distance_cm=23.6
SHARP_IR,raw_adc=251,voltage=1.226,distance_cm=23.6
SHARP_IR,raw_adc=252,voltage=1.230,distance_cm=23.5
SHARP_IR,raw_adc=252,voltage=1.230,distance_cm=23.5
SHARP_IR,raw_adc=251,voltage=1.226,distance_cm=23.6
SHARP_IR,raw_adc=251,voltage=1.226,distance_cm=23.6
SHARP_IR,raw_adc=251,voltage=1.226,distance_cm=23.6
SHARP_IR,raw_adc=251,voltage=1.226,distance_cm=23.6
SHARP_IR,raw_adc=251,voltage=1.226,distance_cm=23.6
SHARP_IR,raw_adc=251,voltage=1.226,distance_cm=23.6
SHARP_IR,raw_adc=251,voltage=1.226,distance_cm=23.6
SHARP_IR,raw_adc=251,voltage=1.226,distance_cm=23.6
