HCSR04_CHECK_BOOT
BOOT_TEST,mode=PULSEIN
SONAR_CHK,ts_ms=251,mode=PULSEIN,ok=1,cm=23.98,pulse_us=0,timer1=0,pings=1,valid=1,timeout=0,miss=0
BOOT_TEST,mode=PCINT
SONAR_CHK,ts_ms=318,mode=PCINT,ok=1,cm=27.52,pulse_us=1596,timer1=0,pings=2,valid=2,timeout=0,miss=0
OK,counters_reset
BOOT,ready
HCSR04_CHECK_HELP
Commands:
  h  help
  s  single shot
  t  toggle stream (10 Hz)
  a  Mode A: PCINT ISR (default)
  b  Mode B: pulseIn (blocking)
  T  toggle Timer1 40kHz stress
  R  reset counters
HOST_CMD,R
OK,counters_reset
HOST_CMD,a
OK,mode=PCINT
HOST_CMD,T
OK,timer1_stress=ON
HOST_CMD,t
OK,stream=1
SONAR_CHK,ts_ms=2982,mode=PCINT,ok=1,cm=27.17,pulse_us=1576,timer1=1,pings=1,valid=1,timeout=0,miss=0
SONAR_CHK,ts_ms=3022,mode=PCINT,ok=1,cm=26.69,pulse_us=1548,timer1=1,pings=2,valid=2,timeout=0,miss=0
SONAR_CHK,ts_ms=3063,mode=PCINT,ok=1,cm=26.69,pulse_us=1548,timer1=1,pings=3,valid=3,timeout=0,miss=0
SONAR_CHK,ts_ms=3103,mode=PCINT,ok=1,cm=27.10,pulse_us=1572,timer1=1,pings=4,valid=4,timeout=0,miss=0
SONAR_CHK,ts_ms=3143,mode=PCINT,ok=1,cm=27.17,pulse_us=1576,timer1=1,pings=5,valid=5,timeout=0,miss=0
SONAR_CHK,ts_ms=3183,mode=PCINT,ok=1,cm=27.17,pulse_us=1576,timer1=1,pings=6,valid=6,timeout=0,miss=0
SONAR_CHK,ts_ms=3223,mode=PCINT,ok=1,cm=27.17,pulse_us=1576,timer1=1,pings=7,valid=7,timeout=0,miss=0
SONAR_CHK,ts_ms=3263,mode=PCINT,ok=1,cm=28.07,pulse_us=1628,timer1=1,pings=8,valid=8,timeout=0,miss=0
SONAR_CHK,ts_ms=3303,mode=PCINT,ok=1,cm=27.10,pulse_us=1572,timer1=1,pings=9,valid=9,timeout=0,miss=0
SONAR_CHK,ts_ms=3343,mode=PCINT,ok=1,cm=27.17,pulse_us=1576,timer1=1,pings=10,valid=10,timeout=0,miss=0
SONAR_CHK,ts_ms=3383,mode=PCINT,ok=1,cm=28.07,pulse_us=1628,timer1=1,pings=11,valid=11,timeout=0,miss=0
SONAR_CHK,ts_ms=3423,mode=PCINT,ok=1,cm=27.10,pulse_us=1572,timer1=1,pings=12,valid=12,timeout=0,miss=0
SONAR_CHK,ts_ms=3464,mode=PCINT,ok=1,cm=27.17,pulse_us=1576,timer1=1,pings=13,valid=13,timeout=0,miss=0
SONAR_CHK,ts_ms=3504,mode=PCINT,ok=1,cm=27.59,pulse_us=1600,timer1=1,pings=14,valid=14,timeout=0,miss=0
SONAR_CHK,ts_ms=3544,mode=PCINT,ok=1,cm=27.10,pulse_us=1572,timer1=1,pings=15,valid=15,timeout=0,miss=0
SONAR_CHK,ts_ms=3584,mode=PCINT,ok=1,cm=27.10,pulse_us=1572,timer1=1,pings=16,valid=16,timeout=0,miss=0
26,valid=26,timeout=0,miss=0
SONAR_CHK,ts_ms=4024,mode=PCINT,ok=1,cm=27.10,pulse_us=1572,timer1=1,pings=27,valid=27,timeout=0,miss=0
SONAR_CHK,ts_ms=4064,mode=PCINT,ok=1,cm=27.10,pulse_us=1572,timer1=1,pings=28,valid=28,timeout=0,miss=0
SONAR_CHK,ts_ms=4104,mode=PCINT,ok=1,cm=26.69,pulse_us=1548,timer1=1,pings=29,valid=29,timeout=0,miss=0
SONAR_CHK,ts_ms=4144,mode=PCINT,ok=1,cm=27.17,pulse_us=1576,timer1=1,pings=30,valid=30,timeout=0,miss=0
SONAR_CHK,ts_ms=4184,mode=PCINT,ok=1,cm=27.10,pulse_us=1572,timer1=1,pings=31,valid=31,timeout=0,miss=0
SONAR_CHK,ts_ms=4224,mode=PCINT,ok=1,cm=27.10,pulse_us=1572,timer1=1,pings=32,valid=32,timeout=0,miss=0
SONAR_CHK,ts_ms=4264,mode=PCINT,ok=1,cm=27.17,pulse_us=1576,timer1=1,pings=33,valid=33,timeout=0,miss=0
SONAR_CHK,ts_ms=4304,mode=PCINT,ok=1,cm=27.10,pulse_us=1572,timer1=1,pings=34,valid=34,timeout=0,miss=0
SONAR_CHK,ts_ms=4344,mode=PCINT,ok=1,cm=27.17,pulse_us=1576,timer1=1,pings=35,valid=35,timeout=0,miss=0
SONAR_CHK,ts_ms=4384,mode=PCINT,ok=1,cm=26.69,pulse_us=1548,timer1=1,pings=36,valid=36,timeout=0,miss=0
SONAR_CHK,ts_ms=4424,mode=PCINT,ok=1,cm=27.10,pulse_us=1572,timer1=1,pings=37,valid=37,timeout=0,miss=0
SONAR_CHK,ts_ms=4464,mode=PCINT,ok=1,cm=27.10,pulse_us=1572,timer1=1,pings=38,valid=38,timeout=0,miss=0
SONAR_CHK,ts_ms=4504,mode=PCINT,ok=1,cm=27.10,pulse_us=1572,timer1=1,pings=39,valid=39,timeout=0,miss=0
SONAR_CHK,ts_ms=4544,mode=PCINT,ok=1,cm=26.69,pulse_us=1548,timer1=1,pings=40,valid=40,timeout=0,miss=0
SONAR_CHK,ts_ms=4584,mode=PCINT,ok=1,cm=27.17,pulse_us=1576,timer1=1,pings=41,valid=41,timeout=0,miss=0
SONAR_CHK,ts_ms=4624,mode=PCINT,ok=1,cm=27.52,pulse_us=1596,timer1=1,pings=42,valid=42,timeout=0,miss=0
SONAR_CHK,ts_ms=4664,mode=PCINT,ok=1,cm=27.10,pulse_us=1572,timer1=1,pings=43,valid=43,timeout=0,miss=0
SONAR_CHK,ts_ms=4705,mode=PCINT,ok=1,cm=26.69,pulse_us=1548,timer1=1,pings=44,valid=44,timeout=0,miss=0
SONAR_CHK,ts_ms=4745,mode=PCINT,ok=1,cm=27.10,pulse_us=1572,timer1=1,pings=45,valid=45,timeout=0,miss=0
SONAR_CHK,ts_ms=4785,mode=PCINT,ok=1,cm=27.17,pulse_us=1576,timer1=1,pings=46,valid=46,timeout=0,miss=0
SONAR_CHK,ts_ms=4825,mode=PCINT,ok=1,cm=26.76,pulse_us=1552,timer1=1,pings=47,valid=47,timeout=0,miss=0
SONAR_CHK,ts_ms=4865,mode=PCINT,ok=1,cm=27.17,pulse_us=1576,timer1=1,pings=48,valid=48,timeout=0,miss=0
SONAR_CHK,ts_ms=4904,mode=PCINT,ok=1,cm=27.10,pulse_us=1572,timer1=1,pings=49,valid=49,timeout=0,miss=0
SONAR_CHK,ts_ms=4944,mode=PCINT,ok=1,cm=26.69,pulse_us=1548,timer1=1,pings=50,valid=50,timeout=0,miss=0
SONAR_CHK,ts_ms=4984,mode=PCINT,ok=1,cm=27.17,pulse_us=1576,timer1=1,pings=51,valid=51,timeout=0,miss=0
s=61,valid=61,timeout=0,miss=0
SONAR_CHK,ts_ms=5425,mode=PCINT,ok=1,cm=27.17,pulse_us=1576,timer1=1,pings=62,valid=62,timeout=0,miss=0
SONAR_CHK,ts_ms=5465,mode=PCINT,ok=1,cm=27.17,pulse_us=1576,timer1=1,pings=63,valid=63,timeout=0,miss=0
SONAR_CHK,ts_ms=5505,mode=PCINT,ok=1,cm=26.76,pulse_us=1552,timer1=1,pings=64,valid=64,timeout=0,miss=0
SONAR_CHK,ts_ms=5545,mode=PCINT,ok=1,cm=26.69,pulse_us=1548,timer1=1,pings=65,valid=65,timeout=0,miss=0
SONAR_CHK,ts_ms=5585,mode=PCINT,ok=1,cm=27.17,pulse_us=1576,timer1=1,pings=66,valid=66,timeout=0,miss=0
SONAR_CHK,ts_ms=5625,mode=PCINT,ok=1,cm=26.69,pulse_us=1548,timer1=1,pings=67,valid=67,timeout=0,miss=0
SONAR_CHK,ts_ms=5665,mode=PCINT,ok=1,cm=26.69,pulse_us=1548,timer1=1,pings=68,valid=68,timeout=0,miss=0
SONAR_CHK,ts_ms=5705,mode=PCINT,ok=1,cm=27.17,pulse_us=1576,timer1=1,pings=69,valid=69,timeout=0,miss=0
SONAR_CHK,ts_ms=5745,mode=PCINT,ok=1,cm=27.17,pulse_us=1576,timer1=1,pings=70,valid=70,timeout=0,miss=0
SONAR_CHK,ts_ms=5785,mode=PCINT,ok=1,cm=26.69,pulse_us=1548,timer1=1,pings=71,valid=71,timeout=0,miss=0
SONAR_CHK,ts_ms=5825,mode=PCINT,ok=1,cm=27.17,pulse_us=1576,timer1=1,pings=72,valid=72,timeout=0,miss=0
SONAR_CHK,ts_ms=5865,mode=PCINT,ok=1,cm=27.59,pulse_us=1600,timer1=1,pings=73,valid=73,timeout=0,miss=0
SONAR_CHK,ts_ms=5905,mode=PCINT,ok=1,cm=27.10,pulse_us=1572,timer1=1,pings=74,valid=74,timeout=0,miss=0
SONAR_CHK,ts_ms=5946,mode=PCINT,ok=1,cm=27.10,pulse_us=1572,timer1=1,pings=75,valid=75,timeout=0,miss=0
SONAR_CHK,ts_ms=5986,mode=PCINT,ok=1,cm=27.10,pulse_us=1572,timer1=1,pings=76,valid=76,timeout=0,miss=0
SONAR_CHK,ts_ms=6026,mode=PCINT,ok=1,cm=27.10,pulse_us=1572,timer1=1,pings=77,valid=77,timeout=0,miss=0
SONAR_CHK,ts_ms=6066,mode=PCINT,ok=1,cm=26.76,pulse_us=1552,timer1=1,pings=78,valid=78,timeout=0,miss=0
SONAR_CHK,ts_ms=6106,mode=PCINT,ok=1,cm=27.17,pulse_us=1576,timer1=1,pings=79,valid=79,timeout=0,miss=0
SONAR_CHK,ts_ms=6146,mode=PCINT,ok=1,cm=27.17,pulse_us=1576,timer1=1,pings=80,valid=80,timeout=0,miss=0
SONAR_CHK,ts_ms=6185,mode=PCINT,ok=1,cm=26.76,pulse_us=1552,timer1=1,pings=81,valid=81,timeout=0,miss=0
SONAR_CHK,ts_ms=6225,mode=PCINT,ok=1,cm=26.69,pulse_us=1548,timer1=1,pings=82,valid=82,timeout=0,miss=0
SONAR_CHK,ts_ms=6265,mode=PCINT,ok=1,cm=27.10,pulse_us=1572,timer1=1,pings=83,valid=83,timeout=0,miss=0
SONAR_CHK,ts_ms=6305,mode=PCINT,ok=1,cm=27.17,pulse_us=1576,timer1=1,pings=84,valid=84,timeout=0,miss=0
SONAR_CHK,ts_ms=6345,mode=PCINT,ok=1,cm=26.69,pulse_us=1548,timer1=1,pings=85,valid=85,timeout=0,miss=0
SONAR_CHK,ts_ms=6386,mode=PCINT,ok=1,cm=26.69,pulse_us=1548,timer1=1,pings=86,valid=86,timeout=0,miss=0
mode=PCINT,ok=1,cm=27.10,pulse_us=1572,timer1=1,pings=96,valid=96,timeout=0,miss=0
SONAR_CHK,ts_ms=6827,mode=PCINT,ok=1,cm=27.17,pulse_us=1576,timer1=1,pings=97,valid=97,timeout=0,miss=0
SONAR_CHK,ts_ms=6866,mode=PCINT,ok=1,cm=25.93,pulse_us=1504,timer1=1,pings=98,valid=98,timeout=0,miss=0
SONAR_CHK,ts_ms=6905,mode=PCINT,ok=1,cm=18.69,pulse_us=1084,timer1=1,pings=99,valid=99,timeout=0,miss=0
SONAR_CHK,ts_ms=6946,mode=PCINT,ok=1,cm=26.34,pulse_us=1528,timer1=1,pings=100,valid=100,timeout=0,miss=0
SONAR_CHK,ts_ms=6986,mode=PCINT,ok=1,cm=26.21,pulse_us=1520,timer1=1,pings=101,valid=101,timeout=0,miss=0
SONAR_CHK,ts_ms=7026,mode=PCINT,ok=1,cm=26.21,pulse_us=1520,timer1=1,pings=102,valid=102,timeout=0,miss=0
SONAR_CHK,ts_ms=7066,mode=PCINT,ok=1,cm=26.28,pulse_us=1524,timer1=1,pings=103,valid=103,timeout=0,miss=0
SONAR_CHK,ts_ms=7106,mode=PCINT,ok=1,cm=28.00,pulse_us=1624,timer1=1,pings=104,valid=104,timeout=0,miss=0
SONAR_CHK,ts_ms=7146,mode=PCINT,ok=1,cm=26.62,pulse_us=1544,timer1=1,pings=105,valid=105,timeout=0,miss=0
SONAR_CHK,ts_ms=7186,mode=PCINT,ok=1,cm=15.24,pulse_us=884,timer1=1,pings=106,valid=106,timeout=0,miss=0
SONAR_CHK,ts_ms=7226,mode=PCINT,ok=1,cm=17.72,pulse_us=1028,timer1=1,pings=107,valid=107,timeout=0,miss=0
SONAR_CHK,ts_ms=7267,mode=PCINT,ok=0,cm=0.00,pulse_us=1648,timer1=1,pings=108,valid=107,timeout=0,miss=0
SONAR_CHK,ts_ms=7270,mode=PCINT,ok=1,cm=28.41,pulse_us=1648,timer1=1,pings=108,valid=108,timeout=0,miss=0
SONAR_CHK,ts_ms=7306,mode=PCINT,ok=1,cm=17.38,pulse_us=1008,timer1=1,pings=109,valid=109,timeout=0,miss=0
SONAR_CHK,ts_ms=7347,mode=PCINT,ok=1,cm=27.66,pulse_us=1604,timer1=1,pings=110,valid=110,timeout=0,miss=0
SONAR_CHK,ts_ms=7387,mode=PCINT,ok=1,cm=25.86,pulse_us=1500,timer1=1,pings=111,valid=111,timeout=0,miss=0
SONAR_CHK,ts_ms=7427,mode=PCINT,ok=1,cm=25.03,pulse_us=1452,timer1=1,pings=112,valid=112,timeout=0,miss=0
SONAR_CHK,ts_ms=7467,mode=PCINT,ok=1,cm=24.62,pulse_us=1428,timer1=1,pings=113,valid=113,timeout=0,miss=0
SONAR_CHK,ts_ms=7506,mode=PCINT,ok=0,cm=0.00,pulse_us=1432,timer1=1,pings=114,valid=113,timeout=0,miss=0
SONAR_CHK,ts_ms=7510,mode=PCINT,ok=1,cm=24.69,pulse_us=1432,timer1=1,pings=114,valid=114,timeout=0,miss=0
SONAR_CHK,ts_ms=7546,mode=PCINT,ok=1,cm=25.45,pulse_us=1476,timer1=1,pings=115,valid=115,timeout=0,miss=0
SONAR_CHK,ts_ms=7586,mode=PCINT,ok=1,cm=25.86,pulse_us=1500,timer1=1,pings=116,valid=116,timeout=0,miss=0
SONAR_CHK,ts_ms=7626,mode=PCINT,ok=1,cm=25.86,pulse_us=1500,timer1=1,pings=117,valid=117,timeout=0,miss=0
SONAR_CHK,ts_ms=7666,mode=PCINT,ok=1,cm=25.38,pulse_us=1472,timer1=1,pings=118,valid=118,timeout=0,miss=0
SONAR_CHK,ts_ms=7707,mode=PCINT,ok=0,cm=0.00,pulse_us=1492,timer1=1,pings=119,valid=118,timeout=0,miss=0
timer1=1,pings=126,valid=126,timeout=0,miss=0
SONAR_CHK,ts_ms=8027,mode=PCINT,ok=1,cm=25.93,pulse_us=1504,timer1=1,pings=127,valid=127,timeout=0,miss=0
SONAR_CHK,ts_ms=8067,mode=PCINT,ok=1,cm=25.86,pulse_us=1500,timer1=1,pings=128,valid=128,timeout=0,miss=0
SONAR_CHK,ts_ms=8108,mode=PCINT,ok=1,cm=26.28,pulse_us=1524,timer1=1,pings=129,valid=129,timeout=0,miss=0
SONAR_CHK,ts_ms=8147,mode=PCINT,ok=1,cm=25.86,pulse_us=1500,timer1=1,pings=130,valid=130,timeout=0,miss=0
SONAR_CHK,ts_ms=8187,mode=PCINT,ok=1,cm=25.86,pulse_us=1500,timer1=1,pings=131,valid=131,timeout=0,miss=0
SONAR_CHK,ts_ms=8227,mode=PCINT,ok=1,cm=25.79,pulse_us=1496,timer1=1,pings=132,valid=132,timeout=0,miss=0
SONAR_CHK,ts_ms=8267,mode=PCINT,ok=1,cm=25.38,pulse_us=1472,timer1=1,pings=133,valid=133,timeout=0,miss=0
SONAR_CHK,ts_ms=8307,mode=PCINT,ok=1,cm=25.86,pulse_us=1500,timer1=1,pings=134,valid=134,timeout=0,miss=0
SONAR_CHK,ts_ms=8347,mode=PCINT,ok=1,cm=26.21,pulse_us=1520,timer1=1,pings=135,valid=135,timeout=0,miss=0
SONAR_CHK,ts_ms=8387,mode=PCINT,ok=1,cm=26.28,pulse_us=1524,timer1=1,pings=136,valid=136,timeout=0,miss=0
SONAR_CHK,ts_ms=8427,mode=PCINT,ok=1,cm=26.76,pulse_us=1552,timer1=1,pings=137,valid=137,timeout=0,miss=0
SONAR_CHK,ts_ms=8467,mode=PCINT,ok=1,cm=26.28,pulse_us=1524,timer1=1,pings=138,valid=138,timeout=0,miss=0
SONAR_CHK,ts_ms=8508,mode=PCINT,ok=1,cm=26.76,pulse_us=1552,timer1=1,pings=139,valid=139,timeout=0,miss=0
SONAR_CHK,ts_ms=8548,mode=PCINT,ok=1,cm=26.69,pulse_us=1548,timer1=1,pings=140,valid=140,timeout=0,miss=0
SONAR_CHK,ts_ms=8588,mode=PCINT,ok=0,cm=0.00,pulse_us=1548,timer1=1,pings=141,valid=140,timeout=0,miss=0
SONAR_CHK,ts_ms=8591,mode=PCINT,ok=1,cm=26.69,pulse_us=1548,timer1=1,pings=141,valid=141,timeout=0,miss=0
SONAR_CHK,ts_ms=8628,mode=PCINT,ok=1,cm=25.86,pulse_us=1500,timer1=1,pings=142,valid=142,timeout=0,miss=0
SONAR_CHK,ts_ms=8668,mode=PCINT,ok=1,cm=25.45,pulse_us=1476,timer1=1,pings=143,valid=143,timeout=0,miss=0
SONAR_CHK,ts_ms=8708,mode=PCINT,ok=1,cm=23.79,pulse_us=1380,timer1=1,pings=144,valid=144,timeout=0,miss=0
SONAR_CHK,ts_ms=8748,mode=PCINT,ok=1,cm=25.86,pulse_us=1500,timer1=1,pings=145,valid=145,timeout=0,miss=0
SONAR_CHK,ts_ms=8787,mode=PCINT,ok=0,cm=0.00,pulse_us=1452,timer1=1,pings=146,valid=145,timeout=0,miss=0
SONAR_CHK,ts_ms=8792,mode=PCINT,ok=1,cm=25.03,pulse_us=1452,timer1=1,pings=146,valid=146,timeout=0,miss=0
SONAR_CHK,ts_ms=8827,mode=PCINT,ok=1,cm=24.14,pulse_us=1400,timer1=1,pings=147,valid=147,timeout=0,miss=0
SONAR_CHK,ts_ms=8867,mode=PCINT,ok=1,cm=25.86,pulse_us=1500,timer1=1,pings=148,valid=148,timeout=0,miss=0
SONAR_CHK,ts_ms=8907,mode=PCINT,ok=1,cm=25.79,pulse_us=1496,timer1=1,pings=149,valid=149,timeout=0,miss=0
,pulse_us=1424,timer1=1,pings=157,valid=157,timeout=0,miss=0
SONAR_CHK,ts_ms=9268,mode=PCINT,ok=1,cm=24.97,pulse_us=1448,timer1=1,pings=158,valid=158,timeout=0,miss=0
SONAR_CHK,ts_ms=9308,mode=PCINT,ok=1,cm=25.45,pulse_us=1476,timer1=1,pings=159,valid=159,timeout=0,miss=0
SONAR_CHK,ts_ms=9349,mode=PCINT,ok=1,cm=25.45,pulse_us=1476,timer1=1,pings=160,valid=160,timeout=0,miss=0
SONAR_CHK,ts_ms=9389,mode=PCINT,ok=1,cm=24.62,pulse_us=1428,timer1=1,pings=161,valid=161,timeout=0,miss=0
SONAR_CHK,ts_ms=9428,mode=PCINT,ok=1,cm=25.93,pulse_us=1504,timer1=1,pings=162,valid=162,timeout=0,miss=0
SONAR_CHK,ts_ms=9468,mode=PCINT,ok=0,cm=0.00,pulse_us=1452,timer1=1,pings=163,valid=162,timeout=0,miss=0
SONAR_CHK,ts_ms=9472,mode=PCINT,ok=1,cm=25.03,pulse_us=1452,timer1=1,pings=163,valid=163,timeout=0,miss=0
SONAR_CHK,ts_ms=9508,mode=PCINT,ok=1,cm=24.55,pulse_us=1424,timer1=1,pings=164,valid=164,timeout=0,miss=0
SONAR_CHK,ts_ms=9548,mode=PCINT,ok=1,cm=24.97,pulse_us=1448,timer1=1,pings=165,valid=165,timeout=0,miss=0
SONAR_CHK,ts_ms=9588,mode=PCINT,ok=1,cm=25.86,pulse_us=1500,timer1=1,pings=166,valid=166,timeout=0,miss=0
SONAR_CHK,ts_ms=9628,mode=PCINT,ok=0,cm=0.00,pulse_us=1452,timer1=1,pings=167,valid=166,timeout=0,miss=0
SONAR_CHK,ts_ms=9632,mode=PCINT,ok=1,cm=25.03,pulse_us=1452,timer1=1,pings=167,valid=167,timeout=0,miss=0
SONAR_CHK,ts_ms=9668,mode=PCINT,ok=1,cm=24.62,pulse_us=1428,timer1=1,pings=168,valid=168,timeout=0,miss=0
SONAR_CHK,ts_ms=9708,mode=PCINT,ok=0,cm=0.00,pulse_us=1452,timer1=1,pings=169,valid=168,timeout=0,miss=0
SONAR_CHK,ts_ms=9712,mode=PCINT,ok=1,cm=25.03,pulse_us=1452,timer1=1,pings=169,valid=169,timeout=0,miss=0
SONAR_CHK,ts_ms=9748,mode=PCINT,ok=1,cm=25.03,pulse_us=1452,timer1=1,pings=170,valid=170,timeout=0,miss=0
SONAR_CHK,ts_ms=9788,mode=PCINT,ok=0,cm=0.00,pulse_us=1424,timer1=1,pings=171,valid=170,timeout=0,miss=0
SONAR_CHK,ts_ms=9792,mode=PCINT,ok=1,cm=24.55,pulse_us=1424,timer1=1,pings=171,valid=171,timeout=0,miss=0
SONAR_CHK,ts_ms=9829,mode=PCINT,ok=1,cm=25.03,pulse_us=1452,timer1=1,pings=172,valid=172,timeout=0,miss=0
SONAR_CHK,ts_ms=9869,mode=PCINT,ok=1,cm=25.86,pulse_us=1500,timer1=1,pings=173,valid=173,timeout=0,miss=0
SONAR_CHK,ts_ms=9909,mode=PCINT,ok=0,cm=0.00,pulse_us=1428,timer1=1,pings=174,valid=173,timeout=0,miss=0
SONAR_CHK,ts_ms=9912,mode=PCINT,ok=1,cm=24.62,pulse_us=1428,timer1=1,pings=174,valid=174,timeout=0,miss=0
SONAR_CHK,ts_ms=9949,mode=PCINT,ok=1,cm=24.69,pulse_us=1432,timer1=1,pings=175,valid=175,timeout=0,miss=0
SONAR_CHK,ts_ms=9989,mode=PCINT,ok=0,cm=0.00,pulse_us=1476,timer1=1,pings=176,valid=175,timeout=0,miss=0
SONAR_CHK,ts_ms=9992,mode=PCINT,ok=1,cm=25.45,pulse_us=1476,timer1=1,pings=176,valid=176,timeout=0,miss=0
se_us=1452,timer1=1,pings=184,valid=184,timeout=0,miss=0
SONAR_CHK,ts_ms=10349,mode=PCINT,ok=1,cm=25.45,pulse_us=1476,timer1=1,pings=185,valid=185,timeout=0,miss=0
SONAR_CHK,ts_ms=10389,mode=PCINT,ok=0,cm=0.00,pulse_us=1456,timer1=1,pings=186,valid=185,timeout=0,miss=0
SONAR_CHK,ts_ms=10393,mode=PCINT,ok=1,cm=25.10,pulse_us=1456,timer1=1,pings=186,valid=186,timeout=0,miss=0
SONAR_CHK,ts_ms=10429,mode=PCINT,ok=1,cm=25.03,pulse_us=1452,timer1=1,pings=187,valid=187,timeout=0,miss=0
SONAR_CHK,ts_ms=10469,mode=PCINT,ok=1,cm=24.55,pulse_us=1424,timer1=1,pings=188,valid=188,timeout=0,miss=0
SONAR_CHK,ts_ms=10509,mode=PCINT,ok=1,cm=24.62,pulse_us=1428,timer1=1,pings=189,valid=189,timeout=0,miss=0
SONAR_CHK,ts_ms=10549,mode=PCINT,ok=1,cm=25.03,pulse_us=1452,timer1=1,pings=190,valid=190,timeout=0,miss=0
SONAR_CHK,ts_ms=10589,mode=PCINT,ok=1,cm=25.03,pulse_us=1452,timer1=1,pings=191,valid=191,timeout=0,miss=0
SONAR_CHK,ts_ms=10630,mode=PCINT,ok=1,cm=25.45,pulse_us=1476,timer1=1,pings=192,valid=192,timeout=0,miss=0
SONAR_CHK,ts_ms=10670,mode=PCINT,ok=1,cm=25.52,pulse_us=1480,timer1=1,pings=193,valid=193,timeout=0,miss=0
SONAR_CHK,ts_ms=10710,mode=PCINT,ok=1,cm=25.03,pulse_us=1452,timer1=1,pings=194,valid=194,timeout=0,miss=0
SONAR_CHK,ts_ms=10749,mode=PCINT,ok=1,cm=24.14,pulse_us=1400,timer1=1,pings=195,valid=195,timeout=0,miss=0
SONAR_CHK,ts_ms=10789,mode=PCINT,ok=1,cm=24.97,pulse_us=1448,timer1=1,pings=196,valid=196,timeout=0,miss=0
SONAR_CHK,ts_ms=10829,mode=PCINT,ok=0,cm=0.00,pulse_us=1428,timer1=1,pings=197,valid=196,timeout=0,miss=0
SONAR_CHK,ts_ms=10833,mode=PCINT,ok=1,cm=24.62,pulse_us=1428,timer1=1,pings=197,valid=197,timeout=0,miss=0
SONAR_CHK,ts_ms=10869,mode=PCINT,ok=1,cm=26.28,pulse_us=1524,timer1=1,pings=198,valid=198,timeout=0,miss=0
SONAR_CHK,ts_ms=10909,mode=PCINT,ok=0,cm=0.00,pulse_us=1276,timer1=1,pings=199,valid=198,timeout=0,miss=0
SONAR_CHK,ts_ms=10913,mode=PCINT,ok=1,cm=22.00,pulse_us=1276,timer1=1,pings=199,valid=199,timeout=0,miss=0
SONAR_CHK,ts_ms=10949,mode=PCINT,ok=1,cm=16.00,pulse_us=928,timer1=1,pings=200,valid=200,timeout=0,miss=0
SONAR_CHK,ts_ms=10989,mode=PCINT,ok=1,cm=15.24,pulse_us=884,timer1=1,pings=201,valid=201,timeout=0,miss=0
SONAR_CHK,ts_ms=11029,mode=PCINT,ok=1,cm=15.59,pulse_us=904,timer1=1,pings=202,valid=202,timeout=0,miss=0
SONAR_CHK,ts_ms=11069,mode=PCINT,ok=1,cm=17.31,pulse_us=1004,timer1=1,pings=203,valid=203,timeout=0,miss=0
SONAR_CHK,ts_ms=11110,mode=PCINT,ok=1,cm=27.31,pulse_us=1584,timer1=1,pings=204,valid=204,timeout=0,miss=0
SONAR_CHK,ts_ms=11149,mode=PCINT,ok=1,cm=15.72,pulse_us=912,timer1=1,pings=205,valid=205,timeout=0,miss=0
SONAR_CHK,ts_ms=11190,mode=PCINT,ok=0,cm=0.00,pulse_us=1176,timer1=1,pings=206,valid=205,timeout=0,miss=0
er1=1,pings=212,valid=212,timeout=0,miss=0
SONAR_CHK,ts_ms=11469,mode=PCINT,ok=0,cm=0.00,pulse_us=764,timer1=1,pings=213,valid=212,timeout=0,miss=0
SONAR_CHK,ts_ms=11472,mode=PCINT,ok=1,cm=13.17,pulse_us=764,timer1=1,pings=213,valid=213,timeout=0,miss=0
SONAR_CHK,ts_ms=11509,mode=PCINT,ok=0,cm=0.00,pulse_us=808,timer1=1,pings=214,valid=213,timeout=0,miss=0
SONAR_CHK,ts_ms=11512,mode=PCINT,ok=1,cm=13.93,pulse_us=808,timer1=1,pings=214,valid=214,timeout=0,miss=0
SONAR_CHK,ts_ms=11549,mode=PCINT,ok=1,cm=13.52,pulse_us=784,timer1=1,pings=215,valid=215,timeout=0,miss=0
SONAR_CHK,ts_ms=11589,mode=PCINT,ok=0,cm=0.00,pulse_us=760,timer1=1,pings=216,valid=215,timeout=0,miss=0
SONAR_CHK,ts_ms=11593,mode=PCINT,ok=1,cm=13.10,pulse_us=760,timer1=1,pings=216,valid=216,timeout=0,miss=0
SONAR_CHK,ts_ms=11629,mode=PCINT,ok=0,cm=0.00,pulse_us=732,timer1=1,pings=217,valid=216,timeout=0,miss=0
SONAR_CHK,ts_ms=11633,mode=PCINT,ok=1,cm=12.62,pulse_us=732,timer1=1,pings=217,valid=217,timeout=0,miss=0
SONAR_CHK,ts_ms=11669,mode=PCINT,ok=1,cm=12.97,pulse_us=752,timer1=1,pings=218,valid=218,timeout=0,miss=0
SONAR_CHK,ts_ms=11710,mode=PCINT,ok=1,cm=14.34,pulse_us=832,timer1=1,pings=219,valid=219,timeout=0,miss=0
SONAR_CHK,ts_ms=11750,mode=PCINT,ok=0,cm=0.00,pulse_us=828,timer1=1,pings=220,valid=219,timeout=0,miss=0
SONAR_CHK,ts_ms=11753,mode=PCINT,ok=1,cm=14.28,pulse_us=828,timer1=1,pings=220,valid=220,timeout=0,miss=0
SONAR_CHK,ts_ms=11790,mode=PCINT,ok=0,cm=0.00,pulse_us=784,timer1=1,pings=221,valid=220,timeout=0,miss=0
SONAR_CHK,ts_ms=11793,mode=PCINT,ok=1,cm=13.52,pulse_us=784,timer1=1,pings=221,valid=221,timeout=0,miss=0
SONAR_CHK,ts_ms=11830,mode=PCINT,ok=1,cm=13.10,pulse_us=760,timer1=1,pings=222,valid=222,timeout=0,miss=0
SONAR_CHK,ts_ms=11870,mode=PCINT,ok=1,cm=13.10,pulse_us=760,s=343,valid=343,timeout=0,miss=0
SONAR_CHK,ts_ms=16714,mode=PCINT,ok=1,cm=19.86,pulse_us=1152,timer1=1,pings=344,valid=344,timeout=0,miss=0
SONAR_CHK,ts_ms=16754,mode=PCINT,ok=1,cm=20.69,pulse_us=1200,timer1=1,pings=345,valid=345,timeout=0,miss=0
SONAR_CHK,ts_ms=16794,mode=PCINT,ok=1,cm=25.45,pulse_us=1476,timer1=1,pings=346,valid=346,timeout=0,miss=0
SONAR_CHK,ts_ms=16834,mode=PCINT,ok=1,cm=25.38,pulse_us=1472,timer1=1,pings=347,valid=347,timeout=0,miss=0
SONAR_CHK,ts_ms=16874,mode=PCINT,ok=0,cm=0.00,pulse_us=1228,timer1=1,pings=348,valid=347,timeout=0,miss=0
SONAR_CHK,ts_ms=16878,mode=PCINT,ok=1,cm=21.17,pulse_us=1228,timer1=1,pings=348,valid=348,timeout=0,miss=0
SONAR_CHK,ts_ms=16914,mode=PCINT,ok=0,cm=0.00,pulse_us=1180,timer1=1,pings=349,valid=348,timeout=0,miss=0
SONAR_CHK,ts_ms=16918,mode=PCINT,ok=1,cm=20.34,pulse_us=1180,timer1=1,pings=349,valid=349,timeout=0,miss=0
SONAR_CHK,ts_ms=16954,mode=PCINT,ok=1,cm=20.28,pulse_us=1176,timer1=1,pings=350,valid=350,timeout=0,miss=0
alid=357,timeout=0,miss=0
SONAR_CHK,ts_ms=17275,mode=PCINT,ok=1,cm=27.10,pulse_us=1572,timer1=1,pings=358,valid=358,timeout=0,miss=0
SONAR_CHK,ts_ms=17314,mode=PCINT,ok=1,cm=20.28,pulse_us=1176,timer1=1,pings=359,valid=359,timeout=0,miss=0
SONAR_CHK,ts_ms=17354,mode=PCINT,ok=1,cm=16.07,pulse_us=932,timer1=1,pings=360,valid=360,timeout=0,miss=0
SONAR_CHK,ts_ms=17394,mode=PCINT,ok=1,cm=17.24,pulse_us=1000,timer1=1,pings=361,valid=361,timeout=0,miss=0
SONAR_CHK,ts_ms=17434,mode=PCINT,ok=1,cm=18.07,pulse_us=1048,timer1=1,pings=362,valid=362,timeout=0,miss=0
SONAR_CHK,ts_ms=17475,mode=PCINT,ok=1,cm=28.83,pulse_us=1672,timer1=1,pings=363,valid=363,timeout=0,miss=0
SONAR_CHK,ts_ms=17515,mode=PCINT,ok=1,cm=21.03,pulse_us=1220,timer1=1,pings=364,valid=364,timeout=0,miss=0
SONAR_CHK,ts_ms=17554,mode=PCINT,ok=1,cm=12.55,pulse_us=728,timer1=1,pings=365,valid=365,timeout=0,miss=0
SONAR_CHK,ts_ms=17595,mode=PCINT,ok=1,cm=15.72,pulse_us=912,timer1=1,pings=366,valid=366,timeout=0,miss=0
SONAR_CHK,ts_ms=17635,mode=PCINT,ok=1,cm=15.93,pulse_us=924,timer1=1,pings=367,valid=367,timeout=0,miss=0
SONAR_CHK,ts_ms=17675,mode=PCINT,ok=1,cm=12.14,pulse_us=704,timer1=1,pings=368,valid=368,timeout=0,miss=0
SONAR_CHK,ts_ms=17715,mode=PCINT,ok=1,cm=16.21,pulse_us=940,timer1=1,pings=369,valid=369,timeout=0,miss=0
SONAR_CHK,ts_ms=17755,mode=PCINT,ok=0,cm=0.00,pulse_us=684,timer1=1,pings=370,valid=369,timeout=0,miss=0
SONAR_CHK,ts_ms=17758,mode=PCINT,ok=1,cm=11.79,pulse_us=684,timer1=1,pings=370,valid=370,timeout=0,miss=0
SONAR_CHK,ts_ms=17795,mode=PCINT,ok=1,cm=14.76,pulse_us=856,timer1=1,pings=371,valid=371,timeout=0,miss=0
SONAR_CHK,ts_ms=17835,mode=PCINT,ok=1,cm=16.83,pulse_us=976,timer1=1,pings=372,valid=372,timeout=0,miss=0
SONAR_CHK,ts_ms=17875,mode=PCINT,ok=1,cm=27.17,pulse_us=1576,timer1=1,pings=373,valid=373,timeout=0,miss=0
SONAR_CHK,ts_ms=17915,mode=PCINT,ok=1,cm=28.41,pulse_us=1648,timer1=1,pings=374,valid=374,timeout=0,miss=0
SONAR_CHK,ts_ms=17955,mode=PCINT,ok=1,cm=28.00,pulse_us=1624,timer1=1,pings=375,valid=375,timeout=0,miss=0
SONAR_CHK,ts_ms=17995,mode=PCINT,ok=1,cm=29.31,pulse_us=1700,timer1=1,pings=376,valid=376,timeout=0,miss=0
SONAR_CHK,ts_ms=18035,mode=PCINT,ok=0,cm=0.00,pulse_us=1724,timer1=1,pings=377,valid=376,timeout=0,miss=0
SONAR_CHK,ts_ms=18039,mode=PCINT,ok=1,cm=29.72,pulse_us=1724,timer1=1,pings=377,valid=377,timeout=0,miss=0
SONAR_CHK,ts_ms=18076,mode=PCINT,ok=1,cm=29.31,pulse_us=1700,timer1=1,pings=378,valid=378,timeout=0,miss=0
SONAR_CHK,ts_ms=18115,mode=PCINT,ok=1,cm=17.38,pulse_us=1008,timer1=1,pings=379,valid=379,timeout=0,miss=0
SONAR_CHK,ts_ms=18155,mode=PCINT,ok=1,cm=10.97,pulse_us=636,timer1=1,pings=380,valid=380,timeout=0,miss=0
d=389,timeout=0,miss=0
SONAR_CHK,ts_ms=18555,mode=PCINT,ok=1,cm=9.66,pulse_us=560,timer1=1,pings=390,valid=390,timeout=0,miss=0
SONAR_CHK,ts_ms=18595,mode=PCINT,ok=1,cm=9.66,pulse_us=560,timer1=1,pings=391,valid=391,timeout=0,miss=0
SONAR_CHK,ts_ms=18635,mode=PCINT,ok=1,cm=9.66,pulse_us=560,timer1=1,pings=392,valid=392,timeout=0,miss=0
SONAR_CHK,ts_ms=18675,mode=PCINT,ok=1,cm=9.66,pulse_us=560,timer1=1,pings=393,valid=393,timeout=0,miss=0
SONAR_CHK,ts_ms=18715,mode=PCINT,ok=0,cm=0.00,pulse_us=560,timer1=1,pings=394,valid=393,timeout=0,miss=0
SONAR_CHK,ts_ms=18718,mode=PCINT,ok=1,cm=9.66,pulse_us=560,timer1=1,pings=394,valid=394,timeout=0,miss=0
SONAR_CHK,ts_ms=18755,mode=PCINT,ok=1,cm=9.31,pulse_us=540,timer1=1,pings=395,valid=395,timeout=0,miss=0
SONAR_CHK,ts_ms=18795,mode=PCINT,ok=0,cm=0.00,pulse_us=560,timer1=1,pings=396,valid=395,timeout=0,miss=0
SONAR_CHK,ts_ms=18799,mode=PCINT,ok=1,cm=9.66,pulse_us=560,timer1=1,pings=396,valid=396,timeout=0,miss=0
SONAR_CHK,ts_ms=18835,mode=PCINT,ok=1,cm=9.66,pulse_us=560,timer1=1,pings=397,valid=397,timeout=0,miss=0
SONAR_CHK,ts_ms=18875,mode=PCINT,ok=1,cm=9.72,pulse_us=564,timer1=1,pings=398,valid=398,timeout=0,miss=0
SONAR_CHK,ts_ms=18915,mode=PCINT,ok=0,cm=0.00,pulse_us=584,timer1=1,pings=399,valid=398,timeout=0,miss=0
SONAR_CHK,ts_ms=18919,mode=PCINT,ok=1,cm=10.07,pulse_us=584,timer1=1,pings=399,valid=399,timeout=0,miss=0
SONAR_CHK,ts_ms=18956,mode=PCINT,ok=1,cm=10.90,pulse_us=632,timer1=1,pings=400,valid=400,timeout=0,miss=0
SONAR_CHK,ts_ms=18996,mode=PCINT,ok=1,cm=12.97,pulse_us=752,timer1=1,pings=401,valid=401,timeout=0,miss=0
SONAR_CHK,ts_ms=19036,mode=PCINT,ok=1,cm=14.83,pulse_us=860,timer1=1,pings=402,valid=402,timeout=0,miss=0
SONAR_CHK,ts_ms=19076,mode=PCINT,ok=1,cm=1
SONAR_CHK,ts_ms=24720,mode=PCINT,ok=0,cm=0.00,pulse_us=712,timer1=1,pings=544,valid=535,timeout=8,miss=8
SONAR_CHK,ts_ms=24724,mode=PCINT,ok=1,cm=12.28,pulse_us=712,timer1=1,pings=544,valid=536,timeout=8,miss=8
SONAR_CHK,ts_ms=24760,mode=PCINT,ok=1,cm=12.21,pulse_us=708,timer1=1,pings=545,valid=537,timeout=8,miss=8
SONAR_CHK,ts_ms=24801,mode=PCINT,ok=1,cm=12.21,pulse_us=708,timer1=1,pings=546,valid=538,timeout=8,miss=8
SONAR_CHK,ts_ms=24841,mode=PCINT,ok=1,cm=12.21,pulse_us=708,timer1=1,pings=547,valid=539,timeout=8,miss=8
SONAR_CHK,ts_ms=24881,mode=PCINT,ok=1,cm=12.21,pulse_us=708,timer1=1,pings=548,valid=540,timeout=8,miss=8
SONAR_CHK,ts_ms=24921,mode=PCINT,ok=0,cm=0.00,pulse_us=784,timer1=1,pings=549,valid=540,timeout=8,miss=8
SONAR_CHK,ts_ms=24924,mode=PCINT,ok=1,cm=13.52,pulse_us=784,timer1=1,pings=549,valid=541,timeout=8,miss=8
SONAR_CHK,ts_ms=24961,mode=PCINT,ok=1,cm=12.21,pulse_us=708,timer1=1,pings=550,valid=542,timeout=8,miss=8
CINT,ok=1,cm=10.14,pulse_us=588,timer1=1,pings=560,valid=552,timeout=8,miss=8
SONAR_CHK,ts_ms=25401,mode=PCINT,ok=1,cm=10.07,pulse_us=584,timer1=1,pings=561,valid=553,timeout=8,miss=8
SONAR_CHK,ts_ms=25441,mode=PCINT,ok=1,cm=11.79,pulse_us=684,timer1=1,pings=562,valid=554,timeout=8,miss=8
SONAR_CHK,ts_ms=25481,mode=PCINT,ok=0,cm=0.00,pulse_us=684,timer1=1,pings=563,valid=554,timeout=8,miss=8
SONAR_CHK,ts_ms=25485,mode=PCINT,ok=1,cm=11.79,pulse_us=684,timer1=1,pings=563,valid=555,timeout=8,miss=8
SONAR_CHK,ts_ms=25522,mode=PCINT,ok=1,cm=18.90,pulse_us=1096,timer1=1,pings=564,valid=556,timeout=8,miss=8
SONAR_CHK,ts_ms=25561,mode=PCINT,ok=1,cm=10.97,pulse_us=636,timer1=1,pings=565,valid=557,timeout=8,miss=8
SONAR_CHK,ts_ms=25761,mode=PCINT,ok=1,cm=12.28,pulse_us=712,timer1=1,pings=570,valid=558,timeout=12,miss=12
SONAR_CHK,ts_ms=25801,mode=PCINT,ok=1,cm=9.66,pulse_us=560,timer1=1,pings=571,valid=559,timeout=12,miss=12
SONAR_CHK,ts_ms=25841,mode=PCINT,ok=1,cm=10.90,pulse_us=632,timer1=1,pings=572,valid=560,timeout=12,miss=12
SONAR_CHK,ts_ms=25881,mode=PCINT,ok=1,cm=11.72,pulse_us=680,timer1=1,pings=573,valid=561,timeout=12,miss=12
SONAR_CHK,ts_ms=25921,mode=PCINT,ok=1,cm=13.03,pulse_us=756,timer1=1,pings=574,valid=562,timeout=12,miss=12
SONAR_CHK,ts_ms=25961,mode=PCINT,ok=1,cm=9.24,pulse_us=536,timer1=1,pings=575,valid=563,timeout=12,miss=12
SONAR_CHK,ts_ms=26001,mode=PCINT,ok=1,cm=9.66,pulse_us=560,timer1=1,pings=576,valid=564,timeout=12,miss=12
SONAR_CHK,ts_ms=26041,mode=PCINT,ok=1,cm=10.48,pulse_us=608,timer1=1,pings=577,valid=565,timeout=12,miss=12
SONAR_CHK,ts_ms=26081,mode=PCINT,ok=1,cm=10.07,pulse_us=584,timer1=1,pings=578,valid=566,timeout=12,miss=12
SONAR_CHK,ts_ms=26122,mode=PCINT,ok=1,cm=10.14,pulse_us=588,timer1=1,pings=579,valid=567,timeout=12,miss=12
SONAR_CHK,ts_ms=26162,mode=PCINT,ok=0,cm=0.00,pulse_us=680,timer1=1,pings=580,valid=567,timeout=12,miss=12
SONAR_CHK,ts_ms=26165,mode=PCINT,ok=1,cm=11.72,pulse_us=680,timer1=1,pings=580,valid=568,timeout=12,miss=12
SONAR_CHK,ts_ms=26202,mode=PCINT,ok=1,cm=10.07,pulse_us=584,timer1=1,pings=581,valid=569,timeout=12,miss=12
SONAR_CHK,ts_ms=26242,mode=PCINT,ok=1,cm=9.72,pulse_us=564,timer1=1,pings=582,valid=570,timeout=12,miss=12
SONAR_CHK,ts_ms=26281,mode=PCINT,ok=1,cm=8.83,pulse_us=512,timer1=1,pings=583,valid=571,timeout=12,miss=12
SONAR_CHK,ts_ms=26321,mode=PCINT,ok=1,cm=8.83,pulse_us=512,timer1=1,pings=584,valid=572,timeout=12,miss=12
SONAR_CHK,ts_ms=26361,mode=PCINT,ok=1,cm=7.93,pulse_us=460,timer1=1,pings=585,valid=573,timeout=12,miss=12
SONAR_CHK,ts_ms=26401,mode=PCINT,ok=1,cm=9.24,pulse_us=536,timer1=1,pings=586,valid=574,timeout=12,miss=12
SONAR_CHK,ts_ms=26441,mode=PCINT,ok=1,cm=10.48,pulse_us=608,timer1=1,pings=587,valid=575,timeout=12,miss=12
CINT,ok=0,cm=0.00,pulse_us=556,timer1=1,pings=594,valid=581,timeout=12,miss=12
SONAR_CHK,ts_ms=26726,mode=PCINT,ok=1,cm=9.59,pulse_us=556,timer1=1,pings=594,valid=582,timeout=12,miss=12
SONAR_CHK,ts_ms=26762,mode=PCINT,ok=1,cm=8.76,pulse_us=508,timer1=1,pings=595,valid=583,timeout=12,miss=12
SONAR_CHK,ts_ms=26802,mode=PCINT,ok=1,cm=8.41,pulse_us=488,timer1=1,pings=596,valid=584,timeout=12,miss=12
SONAR_CHK,ts_ms=26842,mode=PCINT,ok=1,cm=8.41,pulse_us=488,timer1=1,pings=597,valid=585,timeout=12,miss=12
SONAR_CHK,ts_ms=26882,mode=PCINT,ok=1,cm=8.83,pulse_us=512,timer1=1,pings=598,valid=586,timeout=12,miss=12
SONAR_CHK,ts_ms=26921,mode=PCINT,ok=1,cm=7.93,pulse_us=460,timer1=1,pings=599,valid=587,timeout=12,miss=12
SONAR_CHK,ts_ms=26961,mode=PCINT,ok=1,cm=8.34,pulse_us=484,timer1=1,pings=600,valid=588,timeout=12,miss=12
SONAR_CHK,ts_ms=27002,mode=PCINT,ok=1,cm=11.38,pulse_us=660,timer1=1,pings=601,valid=589,timeout=12,miss=12
SONAR_CHK,ts_ms=27042,mode=PCINT,ok=1,cm=10.90,pulse_us=632,timer1=1,pings=602,valid=590,timeout=12,miss=12
SONAR_CHK,ts_ms=27082,mode=PCINT,ok=1,cm=13.45,pulse_us=780,timer1=1,pings=603,valid=591,timeout=12,miss=12
SONAR_CHK,ts_ms=27122,mode=PCINT,ok=0,cm=0.00,pulse_us=836,timer1=1,pings=604,valid=591,timeout=12,miss=12
SONAR_CHK,ts_ms=27126,mode=PCINT,ok=1,cm=14.41,pulse_us=836,timer1=1,pings=604,valid=592,timeout=12,miss=12
SONAR_CHK,ts_ms=27162,mode=PCINT,ok=1,cm=11.45,pulse_us=664,timer1=1,pings=605,valid=593,timeout=12,miss=12
SONAR_CHK,ts_ms=27202,mode=PCINT,ok=1,cm=10.48,pulse_us=608,timer1=1,pings=606,valid=594,timeout=12,miss=12
SONAR_CHK,ts_ms=27242,mode=PCINT,ok=1,cm=10.69,pulse_us=620,timer1=1,pings=607,valid=595,timeout=12,miss=12
SONAR_CHK,ts_ms=27282,mode=PCINT,ok=1,cm=10.62,pulse_us=616,timer1=1,pings=608,valid=596,timeout=12,
SONAR_CHK,ts_ms=33487,mode=PCINT,ok=1,cm=8.76,pulse_us=508,timer1=1,pings=763,valid=751,timeout=12,miss=12
SONAR_CHK,ts_ms=33527,mode=PCINT,ok=1,cm=8.76,pulse_us=508,timer1=1,pings=764,valid=752,timeout=12,miss=12
SONAR_CHK,ts_ms=33567,mode=PCINT,ok=1,cm=8.34,pulse_us=484,timer1=1,pings=765,valid=753,timeout=12,miss=12
SONAR_CHK,ts_ms=33607,mode=PCINT,ok=1,cm=8.83,pulse_us=512,timer1=1,pings=766,valid=754,timeout=12,miss=12
SONAR_CHK,ts_ms=33647,mode=PCINT,ok=1,cm=8.83,pulse_us=512,timer1=1,pings=767,valid=755,timeout=12,miss=12
SONAR_CHK,ts_ms=33687,mode=PCINT,ok=1,cm=8.34,pulse_us=484,timer1=1,pings=768,valid=756,timeout=12,miss=12
SONAR_CHK,ts_ms=33727,mode=PCINT,ok=1,cm=8.34,pulse_us=484,timer1=1,pings=769,valid=757,timeout=12,miss=12
SONAR_CHK,ts_ms=33768,mode=PCINT,ok=1,cm=9.24,pulse_us=536,timer1=1,pings=770,valid=758,timeout=12,miss=12
SONAR_CHK,ts_ms=33808,mode=PCINT,ok=1,cm=8.76,pulse_us=508,timer1=1,pings=771,valid=759,timeout=12,miss=12
SONAR_CHK,ts_ms=33848,mode=PCINT,ok=1,cm=8.34,pulse_us=484,timer1=1,pings=772,valid=760,timeout=12,miss=12
=PCINT,ok=1,cm=8.34,pulse_us=484,timer1=1,pings=782,valid=770,timeout=12,miss=12
SONAR_CHK,ts_ms=34288,mode=PCINT,ok=1,cm=9.52,pulse_us=552,timer1=1,pings=783,valid=771,timeout=12,miss=12
SONAR_CHK,ts_ms=34328,mode=PCINT,ok=1,cm=7.93,pulse_us=460,timer1=1,pings=784,valid=772,timeout=12,miss=12
SONAR_CHK,ts_ms=34375,mode=PCINT,ok=1,cm=138.62,pulse_us=8040,timer1=1,pings=785,valid=773,timeout=12,miss=12
SONAR_CHK,ts_ms=34408,mode=PCINT,ok=1,cm=10.21,pulse_us=592,timer1=1,pings=786,valid=774,timeout=12,miss=12
SONAR_CHK,ts_ms=34448,mode=PCINT,ok=1,cm=7.45,pulse_us=432,timer1=1,pings=787,valid=775,timeout=12,miss=12
SONAR_CHK,ts_ms=34488,mode=PCINT,ok=0,cm=0.00,pulse_us=572,timer1=1,pings=788,valid=775,timeout=12,miss=12
SONAR_CHK,ts_ms=34492,mode=PCINT,ok=1,cm=9.86,pulse_us=572,timer1=1,pings=788,valid=776,timeout=12,miss=12
SONAR_CHK,ts_ms=34528,mode=PCINT,ok=1,cm=6.69,pulse_us=388,timer1=1,pings=789,valid=777,timeout=12,miss=12
SONAR_CHK,ts_ms=34568,mode=PCINT,ok=1,cm=7.52,pulse_us=436,timer1=1,pings=790,valid=778,timeout=12,miss=12
SONAR_CHK,ts_ms=34609,mode=PCINT,ok=1,cm=7.52,pulse_us=436,timer1=1,pings=791,valid=779,timeout=12,miss=12
SONAR_CHK,ts_ms=34649,mode=PCINT,ok=1,cm=7.52,pulse_us=436,timer1=1,pings=792,valid=780,timeout=12,miss=12
SONAR_CHK,ts_ms=34689,mode=PCINT,ok=1,cm=7.10,pulse_us=412,timer1=1,pings=793,valid=781,timeout=12,miss=12
SONAR_CHK,ts_ms=34728,mode=PCINT,ok=1,cm=6.69,pulse_us=388,timer1=1,pings=794,valid=782,timeout=12,miss=12
SONAR_CHK,ts_ms=34768,mode=PCINT,ok=1,cm=7.17,pulse_us=416,timer1=1,pings=795,valid=783,timeout=12,miss=12
SONAR_CHK,ts_ms=34808,mode=PCINT,ok=1,cm=7.03,pulse_us=408,timer1=1,pings=796,valid=784,timeout=12,miss=12
SONAR_CHK,ts_ms=34848,mode=PCINT,ok=0,cm=0.00,pulse_us=480,timer1=1,pings=797,valid=784,timeout=12,miss=12
SONAR_CHK,ts_ms=34852,mode=PCINT,ok=1,cm=8.28,pulse_us=480,timer1=1,pings=797,valid=785,timeout=12,miss=12
SONAR_CHK,ts_ms=34888,mode=PCINT,ok=0,cm=0.00,pulse_us=620,timer1=1,pings=798,valid=785,timeout=12,miss=12
SONAR_CHK,ts_ms=34892,mode=PCINT,ok=1,cm=10.69,pulse_us=620,timer1=1,pings=798,valid=786,timeout=12,miss=12
SONAR_CHK,ts_ms=34928,mode=PCINT,ok=0,cm=0.00,pulse_us=416,timer1=1,pings=799,valid=786,timeout=12,miss=12
SONAR_CHK,ts_ms=34932,mode=PCINT,ok=1,cm=7.17,pulse_us=416,timer1=1,pings=799,valid=787,timeout=12,miss=12
SONAR_CHK,ts_ms=34968,mode=PCINT,ok=1,cm=6.69,pulse_us=388,timer1=1,pings=800,valid=788,timeout=12,miss=12
SONAR_CHK,ts_ms=35008,mode=PCINT,ok=1,cm=6.69,pulse_us=388,timer1=1,pings=801,valid=789,timeout=12,miss=12
SONAR_CHK,ts_ms=35049,mode=PCINT,ok=1,cm=7.10,pulse_us=412,timer1=1,pings=802,valid=790,timeout=12,miss=12
SONAR_CHK,ts_ms=35089,mode=PCINT,ok=1,cm=7.45,pulse_us=432,timer1=1,pings=803,valid=791,timeout=12,miss=12
CHK,ts_ms=35609,mode=PCINT,ok=0,cm=0.00,pulse_us=532,timer1=1,pings=816,valid=799,timeout=16,miss=16
SONAR_CHK,ts_ms=35613,mode=PCINT,ok=1,cm=9.17,pulse_us=532,timer1=1,pings=816,valid=800,timeout=16,miss=16
SONAR_CHK,ts_ms=35649,mode=PCINT,ok=1,cm=8.76,pulse_us=508,timer1=1,pings=817,valid=801,timeout=16,miss=16
SONAR_CHK,ts_ms=35689,mode=PCINT,ok=1,cm=7.03,pulse_us=408,timer1=1,pings=818,valid=802,timeout=16,miss=16
SONAR_CHK,ts_ms=35729,mode=PCINT,ok=0,cm=0.00,pulse_us=460,timer1=1,pings=819,valid=802,timeout=16,miss=16
SONAR_CHK,ts_ms=35733,mode=PCINT,ok=1,cm=7.93,pulse_us=460,timer1=1,pings=819,valid=803,timeout=16,miss=16
SONAR_CHK,ts_ms=35769,mode=PCINT,ok=1,cm=8.76,pulse_us=508,timer1=1,pings=820,valid=804,timeout=16,miss=16
SONAR_CHK,ts_ms=35809,mode=PCINT,ok=1,cm=8.83,pulse_us=512,timer1=1,pings=821,valid=805,timeout=16,miss=16
SONAR_CHK,ts_ms=36970,mode=PCINT,ok=1,cm=8.76,pulse_us=508,timer1=1,pings=850,valid=806,timeout=44,miss=44
SONAR_CHK,ts_ms=37010,mode=PCINT,ok=1,cm=8.62,pulse_us=500,timer1=1,pings=851,valid=807,timeout=44,miss=44
SONAR_CHK,ts_ms=37050,mode=PCINT,ok=1,cm=5.93,pulse_us=344,timer1=1,pings=852,valid=808,timeout=44,miss=44
SONAR_CHK,ts_ms=37090,mode=PCINT,ok=1,cm=5.31,pulse_us=308,timer1=1,pings=853,valid=809,timeout=44,miss=44
SONAR_CHK,ts_ms=37130,mode=PCINT,ok=1,cm=5.52,pulse_us=320,timer1=1,pings=854,valid=810,timeout=44,miss=44
SONAR_CHK,ts_ms=37170,mode=PCINT,ok=0,cm=0.00,pulse_us=308,timer1=1,pings=855,valid=810,timeout=44,miss=44
SONAR_CHK,ts_ms=37174,mode=PCINT,ok=1,cm=5.31,pulse_us=308,timer1=1,pings=855,valid=811,timeout=44,miss=44
SONAR_CHK,ts_ms=37210,mode=PCINT,ok=0,cm=0.00,pulse_us=244,timer1=1,pings=856,valid=811,timeout=44,miss=44
SONAR_CHK,ts_ms=37214,mode=PCINT,ok=1,cm=4.21,pulse_us=244,timer1=1,pings=856,valid=812,timeout=44,miss=44
SONAR_CHK,ts_ms=37251,mode=PCINT,ok=0,cm=0.00,pulse_us=256,timer1=1,pings=857,valid=812,timeout=44,miss=44
SONAR_CHK,ts_ms=37254,mode=PCINT,ok=1,cm=4.41,pulse_us=256,timer1=1,pings=857,valid=813,timeout=44,miss=44
SONAR_CHK,ts_ms=37291,mode=PCINT,ok=1,cm=4.28,pulse_us=248,timer1=1,pings=858,valid=814,timeout=44,miss=44
SONAR_CHK,ts_ms=37330,mode=PCINT,ok=1,cm=4.00,pulse_us=232,timer1=1,pings=859,valid=815,timeout=44,miss=44
SONAR_CHK,ts_ms=37370,mode=PCINT,ok=1,cm=4.14,pulse_us=240,timer1=1,pings=860,valid=816,timeout=44,miss=44
SONAR_CHK,ts_ms=37410,mode=PCINT,ok=0,cm=0.00,pulse_us=300,timer1=1,pings=861,valid=816,timeout=44,miss=44
SONAR_CHK,ts_ms=37414,mode=PCINT,ok=1,cm=5.17,pulse_us=300,timer1=1,pings=861,valid=817,timeout=44,miss=44
SONAR_CHK,ts_ms=37450,mode=PCINT,ok=1,cm=5.24,pulse_us=304,timer1=1,pings=862,valid=818,timeout=44,miss=44
SONAR_CHK,ts_ms=37490,mode=PCINT,ok=0,cm=0.00,pulse_us=292,timer1=1,pings=863,valid=818,timeout=44,miss=44
timeout=44,miss=44
SONAR_CHK,ts_ms=37851,mode=PCINT,ok=1,cm=5.31,pulse_us=308,timer1=1,pings=872,valid=828,timeout=44,miss=44
SONAR_CHK,ts_ms=37891,mode=PCINT,ok=1,cm=5.10,pulse_us=296,timer1=1,pings=873,valid=829,timeout=44,miss=44
SONAR_CHK,ts_ms=37931,mode=PCINT,ok=0,cm=0.00,pulse_us=236,timer1=1,pings=874,valid=829,timeout=44,miss=44
SONAR_CHK,ts_ms=37935,mode=PCINT,ok=1,cm=4.07,pulse_us=236,timer1=1,pings=874,valid=830,timeout=44,miss=44
SONAR_CHK,ts_ms=37970,mode=PCINT,ok=1,cm=4.00,pulse_us=232,timer1=1,pings=875,valid=831,timeout=44,miss=44
SONAR_CHK,ts_ms=38010,mode=PCINT,ok=1,cm=4.07,pulse_us=236,timer1=1,pings=876,valid=832,timeout=44,miss=44
SONAR_CHK,ts_ms=38050,mode=PCINT,ok=1,cm=4.00,pulse_us=232,timer1=1,pings=877,valid=833,timeout=44,miss=44
SONAR_CHK,ts_ms=38091,mode=PCINT,ok=1,cm=4.14,pulse_us=240,timer1=1,pings=878,valid=834,timeout=44,miss=44
SONAR_CHK,ts_ms=38131,mode=PCINT,ok=1,cm=4.55,pulse_us=264,timer1=1,pings=879,valid=835,timeout=44,miss=44
SONAR_CHK,ts_ms=38171,mode=PCINT,ok=1,cm=5.10,pulse_us=296,timer1=1,pings=880,valid=836,timeout=44,miss=44
SONAR_CHK,ts_ms=38211,mode=PCINT,ok=0,cm=0.00,pulse_us=328,timer1=1,pings=881,valid=836,timeout=44,miss=44
SONAR_CHK,ts_ms=38215,mode=PCINT,ok=1,cm=5.66,pulse_us=328,timer1=1,pings=881,valid=837,timeout=44,miss=44
SONAR_CHK,ts_ms=38251,mode=PCINT,ok=1,cm=5.24,pulse_us=304,timer1=1,pings=882,valid=838,timeout=44,miss=44
SONAR_CHK,ts_ms=38291,mode=PCINT,ok=1,cm=4.83,pulse_us=280,timer1=1,pings=883,valid=839,timeout=44,miss=44
SONAR_CHK,
SONAR_CHK,ts_ms=49421,mode=PCINT,ok=1,cm=7.52,pulse_us=436,timer1=1,pings=1161,valid=1081,timeout=80,miss=80
SONAR_CHK,ts_ms=49461,mode=PCINT,ok=1,cm=8.97,pulse_us=520,timer1=1,pings=1162,valid=1082,timeout=80,miss=80
SONAR_CHK,ts_ms=49501,mode=PCINT,ok=1,cm=7.10,pulse_us=412,timer1=1,pings=1163,valid=1083,timeout=80,miss=80
SONAR_CHK,ts_ms=50182,mode=PCINT,ok=1,cm=9.66,pulse_us=560,timer1=1,pings=1180,valid=1084,timeout=96,miss=96
SONAR_CHK,ts_ms=50222,mode=PCINT,ok=1,cm=8.90,pulse_us=516,timer1=1,pings=1181,valid=1085,timeout=96,miss=96
SONAR_CHK,ts_ms=50262,mode=PCINT,ok=1,cm=9.24,pulse_us=536,timer1=1,pings=1182,valid=1086,timeout=96,miss=96
SONAR_CHK,ts_ms=50622,mode=PCINT,ok=1,cm=10.48,pulse_us=608,timer1=1,pings=1191,valid=1087,timeout=104,miss=104
SONAR_CHK,ts_ms=50662,mode=PCINT,ok=1,cm=8.76,pulse_us=508,timer1=1,pings=1192,valid=1088,timeout=104,miss=104
SONAR_CHK,ts_ms=50702,mode=PCINT,ok=1,cm=8.41,pulse_us=488,timer1=1,pings=1193,valid=1089,timeout=104,miss=104
SONAR_CHK,ts_ms=50742,mode=PCINT,ok=1,cm=9.31,pulse_us=540,timer1=1,pings=1194,valid=1090,timeout=104,miss=104
SONAR_CHK,ts_ms=50941,mode=PCINT,ok=1,cm=10.48,pulse_us=608,timer1=1,pings=1199,valid=1091,timeout=108,miss=108
99,timeout=108,miss=108
SONAR_CHK,ts_ms=51302,mode=PCINT,ok=1,cm=8.34,pulse_us=484,timer1=1,pings=1208,valid=1100,timeout=108,miss=108
SONAR_CHK,ts_ms=51342,mode=PCINT,ok=1,cm=8.07,pulse_us=468,timer1=1,pings=1209,valid=1101,timeout=108,miss=108
SONAR_CHK,ts_ms=51382,mode=PCINT,ok=1,cm=8.00,pulse_us=464,timer1=1,pings=1210,valid=1102,timeout=108,miss=108
SONAR_CHK,ts_ms=51422,mode=PCINT,ok=1,cm=8.34,pulse_us=484,timer1=1,pings=1211,valid=1103,timeout=108,miss=108
SONAR_CHK,ts_ms=51462,mode=PCINT,ok=1,cm=7.93,pulse_us=460,timer1=1,pings=1212,valid=1104,timeout=108,miss=108
SONAR_CHK,ts_ms=51503,mode=PCINT,ok=1,cm=7.93,pulse_us=460,timer1=1,pings=1213,valid=1105,timeout=108,miss=108
SONAR_CHK,ts_ms=51543,mode=PCINT,ok=1,cm=10.41,pulse_us=604,timer1=1,pings=1214,valid=1106,timeout=108,miss=108
SONAR_CHK,ts_ms=51582,mode=PCINT,ok=1,cm=12.14,pulse_us=704,timer1=1,pings=1215,valid=1107,timeout=108,miss=108
SONAR_CHK,ts_ms=51622,mode=PCINT,ok=1,cm=12.90,pulse_us=748,timer1=1,pings=1216,valid=1108,timeout=108,miss=108
SONAR_CHK,ts_ms=51662,mode=PCINT,ok=1,cm=12.90,pulse_us=748,timer1=1,pings=1217,valid=1109,timeout=108,miss=108
SONAR_CHK,ts_ms=51702,mode=PCINT,ok=1,cm=12.90,pulse_us=748,timer1=1,pings=1218,valid=1110,timeout=108,miss=108
SONAR_CHK,ts_ms=51742,mode=PCINT,ok=0,cm=0.00,pulse_us=696,timer1=1,pings=1219,valid=1110,timeout=108,miss=108
SONAR_CHK,ts_ms=51746,mode=PCINT,ok=1,cm=12.00,pulse_us=696,timer1=1,pings=1219,valid=1111,timeout=108,miss=108
SONAR_CHK,ts_ms=51782,mode=PCINT,ok=1,cm=11.52,pulse_us=668,timer1=1,pings=1220,valid=1112,timeout=108,miss=108
SONAR_CHK,ts_ms=51822,mode=PCINT,ok=1,cm=8.48,pulse_us=492,timer1=1,pings=1221,valid=1113,timeout=108,miss=108
SONAR_CHK,ts_ms=51863,mode=PCINT,ok=1,cm=9.79,pulse_us=568,timer1=1,pings=1222,valid=1114,timeout=108,miss=108
SONAR_CHK,ts_ms=51903,mode=PCINT,ok=0,cm=0.00,pulse_us=644,timer1=1,pings=1223,valid=1114,timeout=108,miss=108
SONAR_CHK,ts_ms=51907,mode=PCINT,ok=1,cm=11.10,pulse_us=644,timer1=1,pings=1223,valid=1115,timeout=108,miss=108
SONAR_CHK,ts_ms=51943,mode=PCINT,ok=1,cm=10.28,pulse_us=596,timer1=1,pings=1224,valid=1116,timeout=108,miss=108
SONAR_CHK,ts_ms=51983,mode=PCINT,ok=1,cm=9.38,pulse_us=544,timer1=1,pings=1225,valid=1117,timeout=108,miss=108
SONAR_CHK,ts_ms=52023,mode=PCINT,ok=1,cm=13.24,pulse_us=768,timer1=1,pings=1226,valid=1118,timeout=108,miss=108
SONAR_CHK,ts_ms=52068,mode=PCINT,ok=0,cm=0.00,pulse_us=5900,timer1=1,pings=1227,valid=1118,timeout=108,miss=108
SONAR_CHK,ts_ms=52072,mode=PCINT,ok=1,cm=101.72,pulse_us=5900,timer1=1,pings=1227,valid=1119,timeout=108,miss=108
SONAR_CHK,ts_ms=52108,mode=PCINT,ok=1,cm=94.41,pulse_us=5476,timer1=1,pings=1228,valid=1120,timeout=108,miss=108
SONAR_CHK,ts_ms=52143,mode=PCINT,ok=1,cm=9.79,pulse_us=568,timer1=1,pings=1229,valid=1121,timeout=108,miss=108
HK,ts_ms=52947,mode=PCINT,ok=1,cm=12.41,pulse_us=720,timer1=1,pings=1249,valid=1129,timeout=120,miss=120
SONAR_CHK,ts_ms=53624,mode=PCINT,ok=1,cm=9.31,pulse_us=540,timer1=1,pings=1266,valid=1130,timeout=136,miss=136
SONAR_CHK,ts_ms=53664,mode=PCINT,ok=1,cm=9.31,pulse_us=540,timer1=1,pings=1267,valid=1131,timeout=136,miss=136
SONAR_CHK,ts_ms=53704,mode=PCINT,ok=1,cm=10.34,pulse_us=600,timer1=1,pings=1268,valid=1132,timeout=136,miss=136
SONAR_CHK,ts_ms=53744,mode=PCINT,ok=1,cm=8.76,pulse_us=508,timer1=1,pings=1269,valid=1133,timeout=136,miss=136
SONAR_CHK,ts_ms=53784,mode=PCINT,ok=1,cm=7.93,pulse_us=460,timer1=1,pings=1270,valid=1134,timeout=136,miss=136
SONAR_CHK,ts_ms=53824,mode=PCINT,ok=1,cm=8.41,pulse_us=488,timer1=1,pings=1271,valid=1135,timeout=136,miss=136
SONAR_CHK,ts_ms=53864,mode=PCINT,ok=1,cm=8.83,pulse_us=512,timer1=1,pings=1272,valid=1136,timeout=136,miss=136
SONAR_CHK,ts_ms=53904,mode=PCINT,ok=1,cm=10.21,pulse_us=592,timer1=1,pings=1273,valid=1137,timeout=136,miss=136
SONAR_CHK,ts_ms=53945,mode=PCINT,ok=1,cm=12.83,pulse_us=744,timer1=1,pings=1274,valid=1138,timeout=136,miss=136
SONAR_CHK,ts_ms=53985,mode=PCINT,ok=1,cm=12.41,pulse_us=720,timer1=1,pings=1275,valid=1139,timeout=136,miss=136
SONAR_CHK,ts_ms=54025,mode=PCINT,ok=1,cm=12.83,pulse_us=744,timer1=1,pings=1276,valid=1140,timeout=136,miss=136
SONAR_CHK,ts_ms=54065,mode=PCINT,ok=1,cm=10.14,pulse_us=588,timer1=1,pings=1277,valid=1141,timeout=136,miss=136
SONAR_CHK,ts_ms=54105,mode=PCINT,ok=1,cm=9.24,pulse_us=536,timer1=1,pings=1278,valid=1142,timeout=136,miss=136
SONAR_CHK,ts_ms=54145,mode=PCINT,ok=1,cm=8.34,pulse_us=484,timer1=1,pings=1279,valid=1143,timeout=136,miss=136
SONAR_CHK,ts_ms=54184,mode=PCINT,ok=1,cm=8.83,pulse_us=512,timer1=1,pings=1280,valid=1144,timeout=136,miss=136
SONAR_CHK,ts_ms=54224,mode=PCINT,ok=1,cm=8.76,pulse_us=508,timer1=1,pings=1281,valid=1145,timeout=136,miss=136
SONAR_CHK,ts_ms=54264,mode=PCINT,ok=0,cm=0.00,pulse_us=532,timer1=1,pings=1282,valid=1145,timeout=136,miss=136
SONAR_CHK,ts_ms=54268,mode=PCINT,ok=1,cm=9.17,pulse_us=532,timer1=1,pings=1282,valid=1146,timeout=136,miss=136
SONAR_CHK,ts_ms=54310,mode=PCINT,ok=0,cm=0.00,pulse_us=6496,timer1=1,pings=1283,valid=1146,timeout=136,miss=136
SONAR_CHK,ts_ms=54315,mode=PCINT,ok=1,cm=112.00,pulse_us=6496,timer1=1,pings=1283,valid=1147,timeout=136,miss=136
SONAR_CHK,ts_ms=54350,mode=PCINT,ok=1,cm=110.14,pulse_us=6388,timer1=1,pings=1284,valid=1148,timeout=136,miss=136
SONAR_CHK,ts_ms=54385,mode=PCINT,ok=1,cm=10.97,pulse_us=636,timer1=1,pings=1285,valid=1149,timeout=136,miss=136
SONAR_CHK,ts_ms=54425,mode=PCINT,ok=1,cm=9.66,pulse_us=560,timer1=1,pings=1286,valid=1150,timeout=136,miss=136
SONAR_CHK,ts_ms=54465,mode=PCINT,ok=1,cm=9.72,pulse_us=564,timer1=1,pings=1287,valid=1151,timeout=136,miss=136
SONAR_CHK,ts_ms=54505,mode=PCINT,ok=1,cm=9.72,pulse_us=564,timer1=1,pings=1288,valid=1152,timeout=136,miss=136
,pings=1296,valid=1160,timeout=136,miss=136
SONAR_CHK,ts_ms=54865,mode=PCINT,ok=1,cm=8.34,pulse_us=484,timer1=1,pings=1297,valid=1161,timeout=136,miss=136
SONAR_CHK,ts_ms=54905,mode=PCINT,ok=0,cm=0.00,pulse_us=660,timer1=1,pings=1298,valid=1161,timeout=136,miss=136
SONAR_CHK,ts_ms=54909,mode=PCINT,ok=1,cm=11.38,pulse_us=660,timer1=1,pings=1298,valid=1162,timeout=136,miss=136
SONAR_CHK,ts_ms=54945,mode=PCINT,ok=1,cm=7.86,pulse_us=456,timer1=1,pings=1299,valid=1163,timeout=136,miss=136
SONAR_CHK,ts_ms=54985,mode=PCINT,ok=1,cm=6.28,pulse_us=364,timer1=1,pings=1300,valid=1164,timeout=136,miss=136
SONAR_CHK,ts_ms=55025,mode=PCINT,ok=0,cm=0.00,pulse_us=356,timer1=1,pings=1301,valid=1164,timeout=136,miss=136
SONAR_CHK,ts_ms=55029,mode=PCINT,ok=1,cm=6.14,pulse_us=356,timer1=1,pings=1301,valid=1165,timeout=136,miss=136
SONAR_CHK,ts_ms=55065,mode=PCINT,ok=1,cm=6.69,pulse_us=388,timer1=1,pings=1302,valid=1166,timeout=136,miss=136
SONAR_CHK,ts_ms=55105,mode=PCINT,ok=1,cm=9.59,pulse_us=556,timer1=1,pings=1303,valid=1167,timeout=136,miss=136
SONAR_CHK,ts_ms=55145,mode=PCINT,ok=1,cm=10.41,pulse_us=604,timer1=1,pings=1304,valid=1168,timeout=136,miss=136
SONAR_CHK,ts_ms=55185,mode=PCINT,ok=0,cm=0.00,pulse_us=364,timer1=1,pings=1305,valid=1168,timeout=136,miss=136
SONAR_CHK,ts_ms=55189,mode=PCINT,ok=1,cm=6.28,pulse_us=364,timer1=1,pings=1305,valid=1169,timeout=136,miss=136
SONAR_CHK,ts_ms=55226,mode=PCINT
SONAR_CHK,ts_ms=60991,mode=PCINT,ok=1,cm=13.45,pulse_us=780,timer1=1,pings=1450,valid=1302,timeout=148,miss=148
SONAR_CHK,ts_ms=61031,mode=PCINT,ok=0,cm=0.00,pulse_us=784,timer1=1,pings=1451,valid=1302,timeout=148,miss=148
SONAR_CHK,ts_ms=61035,mode=PCINT,ok=1,cm=13.52,pulse_us=784,timer1=1,pings=1451,valid=1303,timeout=148,miss=148
SONAR_CHK,ts_ms=61071,mode=PCINT,ok=1,cm=13.03,pulse_us=756,timer1=1,pings=1452,valid=1304,timeout=148,miss=148
SONAR_CHK,ts_ms=61111,mode=PCINT,ok=1,cm=13.10,pulse_us=760,timer1=1,pings=1453,valid=1305,timeout=148,miss=148
SONAR_CHK,ts_ms=61151,mode=PCINT,ok=1,cm=12.55,pulse_us=728,timer1=1,pings=1454,valid=1306,timeout=148,miss=148
SONAR_CHK,ts_ms=61191,mode=PCINT,ok=1,cm=13.03,pulse_us=756,timer1=1,pings=1455,valid=1307,timeout=148,miss=148
SONAR_CHK,ts_ms=61231,mode=PCINT,ok=1,cm=13.03,pulse_us=756,timer1=1,pings=1456,valid=1308,timeout=148,miss=148
SONAR_CHK,ts_ms=61271,mode=PCINT,ok=1,cm=13.03,pulse_us=756,timer1=1,pings=1457,valid=1309,timeout=148,miss=148
SONAR_CHK,ts_ms=61310,mode=PCINT,ok=1,cm=13.03,pulse_us=756,timer1=1,pings=1458,valid=1310,timeout=148,miss=148
SONAR_CHK,ts_ms=61350,mode=PCINT,ok=0,cm=0.00,pulse_us=732,timer1=1,pings=1459,valid=1310,timeout=148,miss=148
SONAR_CHK,ts_ms=61355,mode=PCINT,ok=1,cm=12.62,pulse_us=732,timer1=1,pings=1459,valid=1311,timeout=148,miss=148
SONAR_CHK,ts_ms=61390,mode=PCINT,ok=0,cm=0.00,pulse_us=756,timer1=1,pings=1460,valid=1311,timeout=148,miss=148
meout=148,miss=148
SONAR_CHK,ts_ms=61675,mode=PCINT,ok=1,cm=10.90,pulse_us=632,timer1=1,pings=1467,valid=1319,timeout=148,miss=148
SONAR_CHK,ts_ms=61711,mode=PCINT,ok=1,cm=10.62,pulse_us=616,timer1=1,pings=1468,valid=1320,timeout=148,miss=148
SONAR_CHK,ts_ms=61751,mode=PCINT,ok=0,cm=0.00,pulse_us=984,timer1=1,pings=1469,valid=1320,timeout=148,miss=148
SONAR_CHK,ts_ms=61755,mode=PCINT,ok=1,cm=16.97,pulse_us=984,timer1=1,pings=1469,valid=1321,timeout=148,miss=148
SONAR_CHK,ts_ms=61792,mode=PCINT,ok=1,cm=14.83,pulse_us=860,timer1=1,pings=1470,valid=1322,timeout=148,miss=148
SONAR_CHK,ts_ms=61832,mode=PCINT,ok=1,cm=17.52,pulse_us=1016,timer1=1,pings=1471,valid=1323,timeout=148,miss=148
SONAR_CHK,ts_ms=61872,mode=PCINT,ok=1,cm=17.17,pulse_us=996,timer1=1,pings=1472,valid=1324,timeout=148,miss=148
SONAR_CHK,ts_ms=61912,mode=PCINT,ok=1,cm=17.52,pulse_us=1016,timer1=1,pings=1473,valid=1325,timeout=148,miss=148
SONAR_CHK,ts_ms=61952,mode=PCINT,ok=0,cm=0.00,pulse_us=1044,timer1=1,pings=1474,valid=1325,timeout=148,miss=148
SONAR_CHK,ts_ms=61956,mode=PCINT,ok=1,cm=18.00,pulse_us=1044,timer1=1,pings=1474,valid=1326,timeout=148,miss=148
SONAR_CHK,ts_ms=61991,mode=PCINT,ok=1,cm=18.55,pulse_us=1076,timer1=1,pings=1475,valid=1327,timeout=148,miss=148
SONAR_CHK,ts_ms=62031,mode=PCINT,ok=0,cm=0.00,pulse_us=636,timer1=1,pings=1476,valid=1327,timeout=148,miss=148
SONAR_CHK,ts_ms=62035,mode=PCINT,ok=1,cm=10.97,pulse_us=636,timer1=1,pings=1476,valid=1328,timeout=148,miss=148
SONAR_CHK,ts_ms=62071,mode=PCINT,ok=0,cm=0.00,pulse_us=612,timer1=1,pings=1477,valid=1328,timeout=148,miss=148
SONAR_CHK,ts_ms=62075,mode=PCINT,ok=1,cm=10.55,pulse_us=612,timer1=1,pings=1477,valid=1329,timeout=148,miss=148
SONAR_CHK,ts_ms=62111,mode=PCINT,ok=1,cm=11.79,pulse_us=684,timer1=1,pings=1478,valid=1330,timeout=148,miss=148
SONAR_CHK,ts_ms=62151,mode=PCINT,ok=1,cm=12.28,pulse_us=712,timer1=1,pings=1479,valid=1331,timeout=148,miss=148
SONAR_CHK,ts_ms=62191,mode=PCINT,ok=1,cm=10.97,pulse_us=636,timer1=1,pings=1480,valid=1332,timeout=148,miss=148
SONAR_CHK,ts_ms=62231,mode=PCINT,ok=1,cm=12.21,pulse_us=708,timer1=1,pings=1481,valid=1333,timeout=148,miss=148
SONAR_CHK,ts_ms=62272,mode=PCINT,ok=0,cm=0.00,pulse_us=732,timer1=1,pings=1482,valid=1333,timeout=148,miss=148
SONAR_CHK,ts_ms=62275,mode=PCINT,ok=1,cm=12.62,pulse_us=732,timer1=1,pings=1482,valid=1334,timeout=148,miss=148
SONAR_CHK,ts_ms=62312,mode=PCINT,ok=1,cm=12.21,pulse_us=708,timer1=1,pings=1483,valid=1335,timeout=148,miss=148
SONAR_CHK,ts_ms=62352,mode=PCINT,ok=1,cm=12.21,pulse_us=708,timer1=1,pings=1484,valid=1336,timeout=148,miss=148
SONAR_CHK,ts_ms=62392,mode=PCINT,ok=1,cm=11.38,pulse_us=660,timer1=1,pings=1485,valid=1337,timeout=148,miss=148
SONAR_CHK,ts_ms=62432,mode=PCINT,ok=0,cm=0.00,pulse_us=736,timer1=1,pings=1486,valid=1337,timeout=148,miss=148
s_ms=62712,mode=PCINT,ok=1,cm=16.62,pulse_us=964,timer1=1,pings=1493,valid=1345,timeout=148,miss=148
SONAR_CHK,ts_ms=62752,mode=PCINT,ok=1,cm=14.41,pulse_us=836,timer1=1,pings=1494,valid=1346,timeout=148,miss=148
SONAR_CHK,ts_ms=62792,mode=PCINT,ok=0,cm=0.00,pulse_us=784,timer1=1,pings=1495,valid=1346,timeout=148,miss=148
SONAR_CHK,ts_ms=62796,mode=PCINT,ok=1,cm=13.52,pulse_us=784,timer1=1,pings=1495,valid=1347,timeout=148,miss=148
SONAR_CHK,ts_ms=62832,mode=PCINT,ok=1,cm=11.38,pulse_us=660,timer1=1,pings=1496,valid=1348,timeout=148,miss=148
SONAR_CHK,ts_ms=62872,mode=PCINT,ok=1,cm=17.59,pulse_us=1020,timer1=1,pings=1497,valid=1349,timeout=148,miss=148
SONAR_CHK,ts_ms=62912,mode=PCINT,ok=1,cm=10.90,pulse_us=632,timer1=1,pings=1498,valid=1350,timeout=148,miss=148
SONAR_CHK,ts_ms=62952,mode=PCINT,ok=1,cm=12.21,pulse_us=708,timer1=1,pings=1499,valid=1351,timeout=148,miss=148
SONAR_CHK,ts_ms=62992,mode=PCINT,ok=1,cm=8.83,pulse_us=512,timer1=1,pings=1500,valid=1352,timeout=148,miss=148
SONAR_CHK,ts_ms=63032,mode=PCINT,ok=0,cm=0.00,pulse_us=864,timer1=1,pings=1501,valid=1352,timeout=148,miss=148
SONAR_CHK,ts_ms=63036,mode=PCINT,ok=1,cm=14.90,pulse_us=864,timer1=1,pings=1501,valid=1353,timeout=148,miss=148
SONAR_CHK,ts_ms=63073,mode=PCINT,ok=1,cm=27.03,pulse_us=1568,timer1=1,pings=1502,valid=1354,t
SONAR_CHK,ts_ms=70840,mode=PCINT,ok=1,cm=29.72,pulse_us=1724,timer1=1,pings=1696,valid=1496,timeout=200,miss=200
SONAR_CHK,ts_ms=70880,mode=PCINT,ok=1,cm=29.31,pulse_us=1700,timer1=1,pings=1697,valid=1497,timeout=200,miss=200
SONAR_CHK,ts_ms=70919,mode=PCINT,ok=1,cm=12.62,pulse_us=732,timer1=1,pings=1698,valid=1498,timeout=200,miss=200
SONAR_CHK,ts_ms=70960,mode=PCINT,ok=0,cm=0.00,pulse_us=1744,timer1=1,pings=1699,valid=1498,timeout=200,miss=200
SONAR_CHK,ts_ms=70964,mode=PCINT,ok=1,cm=30.07,pulse_us=1744,timer1=1,pings=1699,valid=1499,timeout=200,miss=200
SONAR_CHK,ts_ms=71000,mode=PCINT,ok=1,cm=28.41,pulse_us=1648,timer1=1,pings=1700,valid=1500,timeout=200,miss=200
SONAR_CHK,ts_ms=71040,mode=PCINT,ok=1,cm=26.34,pulse_us=1528,timer1=1,pings=1701,valid=1501,timeout=200,miss=200
SONAR_CHK,ts_ms=71079,mode=PCINT,ok=1,cm=27.86,pulse_us=1616,timer1=1,pings=1702,valid=1502,timeout=200,miss=200
SONAR_CHK,ts_ms=71119,mode=PCINT,ok=0,cm=0.00,pulse_us=1596,timer1=1,pings=1703,valid=1502,timeout=200,miss=200
SONAR_CHK,ts_ms=71123,mode=PCINT,ok=1,cm=27.52,pulse_us=1596,timer1=1,pings=1703,valid=1503,timeout=200,miss=200
SONAR_CHK,ts_ms=71159,mode=PCINT,ok=1,cm=25.45,pulse_us=1476,timer1=1,pings=1704,valid=1504,timeout=200,miss=200
SONAR_CHK,ts_ms=71199,mode=PCINT,ok=1,cm=24.55,pulse_us=1424,timer1=1,pings=1705,valid=1505,timeout=200,miss=200
SONAR_CHK,ts_ms=71239,mode=PCINT,ok=1,cm=26.28,pulse_us=1524,timer1=1,pings=1706,valid=1506,timeout=200,miss=200
SONAR_CHK,ts_ms=71280,mode=PCINT,ok=0,cm=0.00,pulse_us=1644,timer1=1,pings=1707,valid=1506,timeout=200,miss=200
SONAR_CHK,ts_ms=71284,mode=PCINT,ok=1,cm=28.34,pulse_us=1644,timer1=1,pings=1707,valid=1507,timeout=200,miss=200
HOST_CMD,t
SONAR_CHK,ts_ms=71320,mode=PCINT,ok=1,cm=30.14,pulse_us=1748,timer1=1,pings=1708,valid=1508,timeout=200,miss=200
SONAR_CHK,ts_ms=71360,mode=PCINT,ok=0,cm=0.00,pulse_us=1868,timer1=1,pings=1709,valid=1508,timeout=200,miss=200
SONAR_CHK,ts_ms=71364,mode=PCINT,ok=1,cm=32.21,pulse_us=1868,timer1=1,pings=1709,valid=1509,timeout=200,miss=200
SONAR_CHK,ts_ms=71399,mode=PCINT,ok=0,cm=0.00,pulse_us=712,timer1=1,pings=1710,valid=1509,timeout=200,miss=200
SONAR_CHK,ts_ms=71403,mode=PCINT,ok=1,cm=12.28,pulse_us=712,timer1=1,pings=1710,valid=1510,timeout=200,miss=200
SONAR_CHK,ts_ms=71439,mode=PCINT,ok=1,cm=11.38,pulse_us=660,timer1=1,pings=1711,valid=1511,timeout=200,miss=200
SONAR_CHK,ts_ms=71480,mode=PCINT,ok=1,cm=18.55,pulse_us=1076,timer1=1,pings=1712,valid=1512,timeout=200,miss=200
SONAR_CHK,ts_ms=71519,mode=PCINT,ok=0,cm=0.00,pulse_us=712,timer1=1,pings=1713,valid=1512,timeout=200,miss=200
SONAR_CHK,ts_ms=71523,mode=PCINT,ok=1,cm=12.28,pulse_us=712,timer1=1,pings=1713,valid=1513,timeout=200,miss=200
SONAR_CHK,ts_ms=71560,mode=PCINT,ok=1,cm=23.72,pulse_us=1376,timer1=1,pings=1714,valid=1514,timeout=200,miss=200
SONAR_CHK,ts_ms=71599,mode=PCINT,ok=1,cm=10.97,pulse_us=636,timer1=1,pings=1715,valid=1515,timeout=200,miss=200
SONAR_CHK,ts_ms=71641,mode=PCINT,ok=1,cm=29.72,pulse_us=1724,timer1=1,pings=1716,valid=1516,timeout=200,miss=200
SONAR_CHK,ts_ms=71681,mode=PCINT,ok=0,cm=0.00,pulse_us=1672,timer1=1,pings=1717,valid=1516,timeout=200,miss=200
SONAR_CHK,ts_ms=71685,mode=PCINT,ok=1,cm=28.83,pulse_us=1672,timer1=1,pings=1717,valid=1517,timeout=200,miss=200
SONAR_CHK,ts_ms=71725,mode=PCINT,ok=1,cm=110.90,pulse_us=6432,timer1=1,pings=1718,valid=1518,timeout=200,miss=200
SONAR_CHK,ts_ms=71763,mode=PCINT,ok=1,cm=75.10,pulse_us=4356,timer1=1,pings=1719,valid=1519,timeout=200,miss=200
SONAR_CHK,ts_ms=71800,mode=PCINT,ok=0,cm=0.00,pulse_us=1696,timer1=1,pings=1720,valid=1519,timeout=200,miss=200
SONAR_CHK,ts_ms=71804,mode=PCINT,ok=1,cm=29.24,pulse_us=1696,timer1=1,pings=1720,valid=1520,timeout=200,miss=200
SONAR_CHK,ts_ms=71839,mode=PCINT,ok=1,cm=10.97,pulse_us=636,timer1=1,pings=1721,valid=1521,timeout=200,miss=200
SONAR_CHK,ts_ms=71885,mode=PCINT,ok=1,cm=108.28,pulse_us=6280,timer1=1,pings=1722,valid=1522,timeout=200,miss=200
SONAR_CHK,ts_ms=72881,mode=PCINT,ok=1,cm=25.86,pulse_us=1500,timer1=1,pings=1747,valid=1523,timeout=224,miss=224
SONAR_CHK,ts_ms=72922,mode=PCINT,ok=1,cm=28.00,pulse_us=1624,timer1=1,pings=1748,valid=1524,timeout=224,miss=224
SONAR_CHK,ts_ms=72961,mode=PCINT,ok=0,cm=0.00,pulse_us=1476,timer1=1,pings=1749,valid=1524,timeout=224,miss=224
SONAR_CHK,ts_ms=72966,mode=PCINT,ok=1,cm=25.45,pulse_us=1476,timer1=1,pings=1749,valid=1525,timeout=224,miss=224
SONAR_CHK,ts_ms=73001,mode=PCINT,ok=1,cm=24.21,pulse_us=1404,timer1=1,pings=1750,valid=1526,timeout=224,miss=224
SONAR_CHK,ts_ms=73040,mode=PCINT,ok=1,cm=21.17,pulse_us=1228,timer1=1,pings=1751,valid=1527,timeout=224,miss=224
SONAR_CHK,ts_ms=73081,mode=PCINT,ok=0,cm=0.00,pulse_us=1376,timer1=1,pings=1752,valid=1527,timeout=224,miss=224
SONAR_CHK,ts_ms=73085,mode=PCINT,ok=1,cm=23.72,pulse_us=1376,timer1=1,pings=1752,valid=1528,timeout=224,miss=224
SONAR_CHK,ts_ms=73121,mode=PCINT,ok=0,cm=0.00,pulse_us=1280,timer1=1,pings=1753,valid=1528,timeout=224,miss=224
SONAR_CHK,ts_ms=73125,mode=PCINT,ok=1,cm=22.07,pulse_us=1280,timer1=1,pings=1753,valid=1529,timeout=224,miss=224
SONAR_CHK,ts_ms=73161,mode=PCINT,ok=1,cm=26.28,pulse_us=1524,timer1=1,pings=1754,valid=1530,timeout=224,miss=224
SONAR_CHK,ts_ms=73201,mode=PCINT,ok=0,cm=0.00,pulse_us=1424,timer1=1,pings=1755,valid=1530,timeout=224,miss=224
SONAR_CHK,ts_ms=73205,mode=PCINT,ok=1,cm=24.55,pulse_us=1424,timer1=1,pings=1755,valid=1531,timeout=224,miss=224
SONAR_CHK,ts_ms=73241,mode=PCINT,ok=1,cm=19.93,pulse_us=1156,timer1=1,pings=1756,valid=1532,timeout=224,miss=224
SONAR_CHK,ts_ms=73281,mode=PCINT,ok=1,cm=25.45,pulse_us=1476,timer1=1,pings=1757,valid=1533,timeout=224,miss=224
SONAR_CHK,ts_ms=73321,mode=PCINT,ok=0,cm=0.00,pulse_us=1400,timer1=1,pings=1758,valid=1533,timeout=224,miss=224
SONAR_CHK,ts_ms=73325,mode=PCINT,ok=1,cm=24.14,pulse_us=1400,timer1=1,pings=1758,valid=1534,timeout=224,miss=224
SONAR_CHK,ts_ms=73361,mode=PCINT,ok=1,cm=23.31,pulse_us=1352,timer1=1,pings=1759,valid=1535,timeout=224,miss=224
SONAR_CHK,ts_ms=73401,mode=PCINT,ok=1,cm=24.14,pulse_us=1400,timer1=1,pings=1760,valid=1536,timeout=224,miss=224
SONAR_CHK,ts_ms=73442,mode=PCINT,ok=1,cm=26.34,pulse_us=1528,timer1=1,pings=1761,valid=1537,timeout=224,miss=224
SONAR_CHK,ts_ms=73481,mode=PCINT,ok=1,cm=13.52,pulse_us=784,timer1=1,pings=1762,valid=1538,timeout=224,miss=224
SONAR_CHK,ts_ms=73522,mode=PCINT,ok=1,cm=25.03,pulse_us=1452,timer1=1,pings=1763,valid=1539,timeout=224,miss=224
SONAR_CHK,ts_ms=73562,mode=PCINT,ok=1,cm=26.76,pulse_us=1552,timer1=1,pings=1764,valid=1540,timeout=224,miss=224
SONAR_CHK,ts_ms=73602,mode=PCINT,ok=1,cm=26.28,pulse_us=1524,timer1=1,pings=1765,valid=1541,timeout=224,miss=224
SONAR_CHK,ts_ms=73641,mode=PCINT,ok=1,cm=21.17,pulse_us=1228,timer1=1,pings=1766,valid=1542,timeout=224,miss=224
SONAR_CHK,ts_ms=73681,mode=PCINT,ok=1,cm=25.45,pulse_us=1476,timer1=1,pings=1767,valid=1543,timeout=224,miss=224
SONAR_CHK,ts_ms=73721,mode=PCINT,ok=1,cm=25.86,pulse_us=1500,timer1=1,pings=1768,valid=1544,timeout=224,miss=224
SONAR_CHK,ts_ms=73761,mode=PCINT,ok=1,cm=26.28,pulse_us=1524,timer1=1,pings=1769,valid=1545,timeout=224,miss=224
SONAR_CHK,ts_ms=73802,mode=PCINT,ok=1,cm=27.93,pulse_us=1620,timer1=1,pings=1770,valid=1546,timeout=224,miss=224
SONAR_CHK,ts_ms=73842,mode=PCINT,ok=1,cm=28.41,pulse_us=1648,timer1=1,pings=1771,valid=1547,timeout=224,miss=224
SONAR_CHK,ts_ms=73882,mode=PCINT,ok=1,cm=28.83,pulse_us=1672,timer1=1,pings=1772,valid=1548,timeout=224,miss=224
SONAR_CHK,ts_ms=73922,mode=PCINT,ok=1,cm=28.83,pulse_us=1672,timer1=1,pings=1773,valid=1549,timeout=224,miss=224
SONAR_CHK,ts_ms=73962,mode=P79246,mode=PCINT,ok=1,cm=26.34,pulse_us=1528,timer1=1,pings=1906,valid=1682,timeout=224,miss=224
SONAR_CHK,ts_ms=79286,mode=PCINT,ok=1,cm=26.76,pulse_us=1552,timer1=1,pings=1907,valid=1683,timeout=224,miss=224
SONAR_CHK,ts_ms=79327,mode=PCINT,ok=1,cm=27.17,pulse_us=1576,timer1=1,pings=1908,valid=1684,timeout=224,miss=224
SONAR_CHK,ts_ms=79367,mode=PCINT,ok=1,cm=28.90,pulse_us=1676,timer1=1,pings=1909,valid=1685,timeout=224,miss=224
SONAR_CHK,ts_ms=79407,mode=PCINT,ok=1,cm=29.79,pulse_us=1728,timer1=1,pings=1910,valid=1686,timeout=224,miss=224
SONAR_CHK,ts_ms=79447,mode=PCINT,ok=1,cm=26.34,pulse_us=1528,timer1=1,pings=1911,valid=1687,timeout=224,miss=224
SONAR_CHK,ts_ms=79486,mode=PCINT,ok=1,cm=25.93,pulse_us=1504,timer1=1,pings=1912,valid=1688,timeout=224,miss=224
SONAR_CHK,ts_ms=79526,mode=PCINT,ok=1,cm=27.59,pulse_us=1600,timer1=1,pings=1913,valid=1689,timeout=224,miss=224
SONAR_CHK,ts_ms=79566,mode=PCINT,ok=1,cm=28.83,pulse_us=1672,timer1=1,pings=1914,valid=1690,timeout=224,miss=224
SONAR_CHK,ts_ms=79606,mode=PCINT,ok=1,cm=28.83,pulse_us=1672,timer1=1,pings=1915,valid=1691,timeout=224,miss=224
SONAR_CHK,ts_ms=79646,mode=PCINT,ok=1,cm=27.66,pulse_us=1604,timer1=1,pings=1916,valid=1692,timeout=224,miss=224
SONAR_CHK,ts_ms=79686,mode=PCINT,ok=0,cm=0.00,pulse_us=1528,timer1=1,pings=1917,valid=1692,timeout=224,miss=224
SONAR_CHK,ts_ms=79690,mode=PCINT,ok=1,cm=26.34,pulse_us=1528,timer1=1,pings=1917,valid=1693,timeout=224,miss=224
SONAR_CHK,ts_ms=79726,mode=PCINT,ok=1,cm=25.93,pulse_us=1504,timer1=1,pings=1918,valid=1694,timeout=224,miss=224
SONAR_CHK,ts_ms=79767,mode=PCINT,ok=1,cm=27.59,pulse_us=1600,timer1=1,pings=1919,valid=1695,timeout=224,miss=224
SONAR_CHK,ts_ms=79807,mode=PCINT,ok=1,cm=29.72,pulse_us=1724,timer1=1,pings=1920,valid=1696,timeout=224,miss=224
SONAR_CHK,ts_ms=79847,mode=PCINT,ok=1,cm=28.83,pulse_us=1672,timer1=1,pings=1921,valid=1697,timeout=224,miss=224
SONAR_CHK,ts_ms=79887,mode=PCINT,ok=1,cm=27.59,pulse_us=1600,timer1=1,pings=1922,valid=1698,timeout=224,miss=224
SONAR_CHK,ts_ms=79927,mode=PCINT,ok=0,cm=0.00,pulse_us=1528,timer1=1,pings=1923,valid=1698,timeout=224,miss=224
SONAR_CHK,ts_ms=79931,mode=PCINT,ok=1,cm=26.34,pulse_us=1528,timer1=1,pings=1923,valid=1699,timeout=224,miss=224
SONAR_CHK,ts_ms=79967,mode=PCINT,ok=1,cm=27.17,pulse_us=1576,timer1=1,pings=1924,valid=1700,timeout=224,miss=224
SONAR_CHK,ts_ms=80007,mode=PCINT,ok=1,cm=28.90,pulse_us=1676,timer1=1,pings=1925,valid=1701,timeout=224,miss=224
SONAR_CHK,ts_ms=80047,mode=PCINT,ok=1,cm=29.31,pulse_us=1700,timer1=1,pings=1926,valid=1702,timeout=224,miss=224
SONAR_CHK,ts_ms=80087,mode=PCINT,ok=1,cm=28.90,pulse_us=1676,timer1=1,pings=1927,valid=1703,timeout=224,miss=224
SONAR_CHK,ts_ms=80126,mode=PCINT,ok=1,cm=27.17,pulse_us=1576,timer1=1,pings=1928,valid=1704,timeout=224,miss=224
SONAR_CHK,ts_ms=80167,mode=PCINT,ok=1,cm=26.76,pulse_us=1552,timer1=1,pings=1929,valid=1705,timeout=224,miss=224
SONAR_CHK,ts_ms=80207,mode=PCINT,ok=1,cm=28.90,pulse_us=1676,timer1=1,pings=1930,valid=1706,timeout=224,miss=224
SONAR_CHK,ts_ms=80247,mode=PCINT,ok=1,cm=29.31,pulse_us=1700,timer1=1,pings=1931,valid=1707,timeout=224,miss=224
SONAR_CHK,ts_ms=80287,mode=PCINT,ok=1,cm=28.48,pulse_us=1652,timer1=1,pings=1932,valid=1708,timeout=224,miss=224
SONAR_CHK,ts_ms=80327,mode=PCINT,ok=1,cm=27.66,pulse_us=1604,timer1=1,pings=1933,valid=1709,timeout=224,miss=224
SONAR_CHK,ts_ms=80367,mode=PCINT,ok=1,cm=28.07,pulse_us=1628,timer1=1,pings=1934,valid=1710,timeout=224,miss=224
SONAR_CHK,ts_ms=80407,mode=PCINT,ok=1,cm=29.31,pulse_us=1700,timer1=1,pings=1935,valid=1711,timeout=224,miss=224
SONAR_CHK,ts_ms=80447,mode=PCINT,ok=1,cm=28.90,pulse_us=1676,timer1=1,pings=1936,valid=1712,timeout=224,miss=224
SONAR_CHK,ts_ms=80487,mode=PCINT,ok=1,cm=28.90,pulse_us=1676,timer1=1,pings=1937,valid=1713,timeout=224,miss=224
SONAR_CHK,ts_ms=80528,mode=PCINT,ok=1,cm=28.07,pulse_us=1628,timer1=1,pings=1938,valid=1714,timeout=224,miss=224
SONAR_CHK,ts_ms=80568,mode=PCINT,ok=0,cm=0.00,pulse_us=1676,timer1=1,pings=1939,valid=1714,timeout=224,miss=224
SONAR_CHK,ts_ms=80572,mode=PCINT,ok=1,cm=28.90,pulse_us=1676,timer1=1,pings=1939,valid=1715,timeout=224,miss=224
SONAR_CHK,ts_ms=80608,mode=PCINT,ok=1,cm=28.90,pulse_us=1676,timer1=1,pings=1940,valid=1716,timeout=224,miss=224
SONAR_CHK,ts_ms=80648,mode=PCINT,ok=1,cm=29.31,pulse_us=1700,timer1=1,pings=1941,valid=1717,timeout=224,miss=224
SONAR_CHK,ts_ms=80688,mode=PCINT,ok=1,cm=28.07,pulse_us=1628,timer1=1,pings=1942,valid=1718,timeout=224,miss=224
SONAR_CHK,ts_ms=80728,mode=PCINT,ok=1,cm=25.52,pulse_us=1480,timer1=1,pings=1943,valid=1719,timeout=224,miss=224
SONAR_CHK,ts_ms=80768,mode=PCINT,ok=1,cm=25.45,pulse_us=1476,timer1=1,pings=1944,valid=1720,timeout=224,miss=224
SONAR_CHK,ts_ms=80807,mode=PCINT,ok=1,cm=28.00,pulse_us=1624,timer1=1,pings=1945,valid=1721,timeout=224,miss=224
SONAR_CHK,ts_ms=80847,mode=PCINT,ok=1,cm=28.00,pulse_us=1624,timer1=1,pings=1946,valid=1722,timeout=224,miss=224
SONAR_CHK,ts_ms=80887,mode=PCINT,ok=1,cm=27.17,pulse_us=1576,timer1=1,pings=1947,valid=1723,timeout=224,miss=224
SONAR_CHK,ts_ms=80928,mode=PCINT,ok=1,cm=29.31,pulse_us=1700,timer1=1,pings=1948,valid=1724,timeout=224,miss=224
SONAR_CHK,ts_ms=80967,mode=PCINT,ok=1,cm=24.97,pulse_us=1448,timer1=1,pings=1949,valid=1725,timeout=224,miss=224
SONAR_CHK,ts_ms=81008,mode=PCINT,ok=1,cm=27.66,pulse_us=1604,timer1=1,pings=1950,valid=1726,timeout=224,miss=224
SONAR_CHK,ts_ms=81048,mode=PCINT,ok=1,cm=25.86,pulse_us=1500,timer1=1,pings=1951,valid=1727,timeout=224,miss=224
SONAR_CHK,ts_ms=81088,mode=PCINT,ok=1,cm=28.00,pulse_us=1624,timer1=1,pings=1952,valid=1728,timeout=224,miss=224
SONAR_CHK,ts_ms=81128,mode=PCINT,ok=1,cm=24.97,pulse_us=1448,timer1=1,pings=1953,valid=1729,timeout=224,miss=224
SONAR_CHK,ts_ms=81168,mode=PCINT,ok=1,cm=27.10,pulse_us=1572,timer1=1,pings=1954,valid=1730,timeout=224,miss=224
SONAR_CHK,ts_ms=81208,mode=PCINT,ok=1,cm=26.28,pulse_us=1524,timer1=1,pings=1955,valid=1731,timeout=224,miss=224
SONAR_CHK,ts_ms=81248,mode=PCINT,ok=1,cm=25.79,pulse_us=1496,timer1=1,pings=1956,valid=1732,timeout=224,miss=224
SONAR_CHK,ts_ms=81288,mode=PCINT,ok=1,cm=27.17,pulse_us=1576,timer1=1,pings=1957,valid=1733,timeout=224,miss=224
SONAR_CHK,ts_ms=81328,mode=PCINT,ok=1,cm=27.59,pulse_us=1600,timer1=1,pings=1958,valid=1734,timeout=224,miss=224
SONAR_CHK,ts_ms=81368,mode=PCINT,ok=1,cm=26.76,pulse_us=1552,timer1=1,pings=1959,valid=1735,timeout=224,miss=224
SONAR_CHK,ts_ms=81408,mode=PCINT,ok=1,cm=25.38,pulse_us=1472,timer1=1,pings=1960,valid=1736,timeout=224,miss=224
SONAR_CHK,ts_ms=81447,mode=PCINT,ok=1,cm=24.97,pulse_us=1448,timer1=1,pings=1961,valid=1737,timeout=224,miss=224
SONAR_CHK,ts_ms=81488,mode=PCINT,ok=1,cm=24.97,pulse_us=1448,timer1=1,pings=1962,valid=1738,timeout=224,miss=224
SONAR_CHK,ts_ms=81528,mode=PCINT,ok=1,cm=24.97,pulse_us=1448,timer1=1,pings=1963,valid=1739,timeout=224,miss=224
SONAR_CHK,ts_ms=81568,mode=PCINT,ok=1,cm=25.38,pulse_us=1472,timer1=1,pings=1964,valid=1740,timeout=224,miss=224
SONAR_CHK,ts_ms=81608,mode=PCINT,ok=1,cm=25.86,pulse_us=1500,timer1=1,pings=1965,valid=1741,timeout=224,miss=224
SONAR_CHK,ts_ms=81648,mode=PCINT,ok=0,cm=0.00,pulse_us=1528,timer1=1,pings=1966,valid=1741,timeout=224,miss=224
SONAR_CHK,ts_ms=81652,mode=PCINT,ok=1,cm=26.34,pulse_us=1528,timer1=1,pings=1966,valid=1742,timeout=224,miss=224
SONAR_CHK,ts_ms=81688,mode=PCINT,ok=1,cm=27.17,pulse_us=1576,timer1=1,pings=1967,valid=1743,timeout=224,miss=224
SONAR_CHK,ts_ms=81728,mode=PCINT,ok=1,cm=27.10,pulse_us=1572,timer1=1,pings=1968,valid=1744,timeout=224,miss=224
SONAR_CHK,ts_ms=81768,mode=P224,miss=224
OK,stream=0
