BALL_BEAM_REF_BOOT
HOST_START_READY
REF_CFG,profile=center_far_near_90s,center_cm=13.0000,near_cm=9.0000,far_cm=17.0000,segment_ms=30000
REF,5895,13.0000,hold_center
TEL,5898,18.0304,18.1543,-5.1543,0.0000,0,0.000000
TEL,5998,18.0304,18.1553,-5.1553,96.0000,0,0.000000
TEL,6098,18.3709,18.1543,-5.1543,144.0000,-72,-0.141372
TEL,6198,18.0304,18.1366,-5.1366,144.0000,-142,-0.278816
TEL,6298,18.1652,18.1336,-5.1366,144.0000,-144,-0.282743
TEL,6398,18.0304,18.1251,-5.1336,144.0000,-144,-0.282743
TEL,6498,11.1783,17.6470,-5.1251,144.0000,-144,-0.282743
TEL,6598,16.6617,17.0552,-4.6470,122.9793,-123,-0.241510
TEL,6699,17.0757,17.0996,-4.0552,103.7974,-104,-0.204204
TEL,6799,17.1364,17.1193,-4.0996,110.0155,-110,-0.215984
TEL,6899,15.5243,15.5783,-4.1193,114.4227,-114,-0.223838
TEL,6999,16.2107,15.8248,-2.5783,69.4538,-70,-0.137445
TEL,7099,16.0473,16.0003,-2.8248,84.0111,-84,-0.164934
TEL,7199,13.9610,14.7325,-3.0003,89.9312,-90,-0.176715
TEL,7299,15.0320,14.8758,-1.7325,35.7867,-37,-0.072649
TEL,7399,15.1281,14.9788,-1.8758,47.3450,-47,-0.092284
TEL,7499,9.9624,14.2879,-1.9788,55.3319,-55,-0.107992
TEL,7599,14.1295,14.0250,-1.2879,-8.6681,4,0.007854
TEL,7699,14.5228,14.2857,-1.0250,-1.6498,2,0.003927
TEL,7799,14.7502,14.4299,-1.2857,16.4180,-16,-0.031416
TEL,7899,13.8781,13.5967,-1.4299,28.8911,-29,-0.056941
TEL,7999,14.3455,13.9237,-0.5967,17.4776,-17,-0.033379
TEL,8099,14.6585,14.3153,-0.9237,33.0022,-33,-0.064795
TEL,8199,11.7266,12.8098,-1.3153,45.9860,-46,-0.090321
TEL,8299,14.4337,13.8887,0.1902,-18.0140,14,0.027489
TEL,8399,14.7042,14.3285,-0.8887,20.6189,-18,-0.035343
TEL,8499,9.9179,12.3995,-1.3285,41.4510,-41,-0.080503
TEL,8599,14.5228,13.8064,0.6005,-22.5490,18,0.035343
TEL,8699,15.4737,14.9699,-0.8064,4.5247,-5,-0.009817
TEL,8799,15.8343,15.3662,-1.9699,64.3092,-60,-0.117810
TEL,8899,15.3238,15.2267,-2.3662,82.8662,-83,-0.162970
TEL,8999,16.1559,15.5849,-2.2267,77.5419,-78,-0.153153
TEL,9099,17.0154,16.3868,-2.8142,101.0616,-101,-0.198313
TEL,9199,14.5678,14.7243,-3.3868,123.7297,-124,-0.243473
TEL,9299,17.2591,16.6850,-1.7243,63.1602,-67,-0.131554
TEL,9399,17.8974,17.3388,-3.6850,134.4887,-114,-0.223838
TEL,9499,11.3462,15.8834,-4.3388,144.0000,-144,-0.282743
TEL,9600,16.8960,16.7036,-2.8834,48.0000,-73,-0.143335
TEL,9700,17.9637,17.4125,-3.9227,94.9296,-65,-0.127627
TEL,9800,17.3833,16.6158,-4.4125,125.6282,-126,-0.247400
TEL,9900,16.9555,16.2536,-1.2739,61.6282,-67,-0.131554
TEL,10000,17.5093,17.0276,-3.2536,65.7466,-66,-0.129591
TEL,10100,17.7663,17.3398,-4.0276,111.0101,-111,-0.217948
TEL,10200,16.4333,16.1570,-4.3398,129.9496,-130,-0.255254
TEL,10300,17.1364,16.5317,-3.1566,95.2411,-95,-0.186532
TEL,10400,17.1364,16.8533,-3.5317,114.8143,-115,-0.225802
TEL,10500,13.1713,14.9753,-3.8533,126.4610,-126,-0.247400
TEL,10600,16.1559,15.5700,-1.9753,30.4610,-55,-0.107992
TEL,10700,16.4899,16.2268,-2.8575,74.3820,-48,-0.094248
TEL,10800,16.5468,16.3569,-3.2268,93.6504,-94,-0.184569
TEL,10900,15.2745,14.9920,-2.2107,23.7664,-32,-0.062832
TEL,11000,15.8343,15.3595,-1.9920,36.4225,-36,-0.070686
TEL,11100,16.1015,15.6364,-2.3595,61.6785,-62,-0.121737
TEL,11200,13.6748,14.1749,-2.6364,77.9761,-78,-0.153153
TEL,11300,16.0473,15.0440,-1.1749,13.9761,-18,-0.035343
TEL,11400,15.9936,15.6470,-2.0440,76.8504,-60,-0.117810
TEL,11500,10.6252,12.2278,-1.6289,24.1489,-51,-0.100138
TEL,11600,15.5243,15.0053,0.7722,-39.8511,33,0.064795
TEL,11700,16.5468,16.1416,-2.6096,49.9383,-4,-0.007854
TEL,11800,10.7266,14.6478,-3.1416,82.9075,-81,-0.159043
TEL,11900,15.9936,15.6325,-1.6478,-13.0925,-21,-0.041233
TEL,12000,17.1976,16.5129,-2.6325,40.0126,2,0.003927
TEL,12100,11.5189,15.3096,-3.8084,97.2953,-84,-0.164934
TEL,12200,16.3213,15.1487,-2.3096,1.2953,-65,-0.127627
TEL,12300,18.0975,17.4082,-3.0522,70.6301,-41,-0.080503
TEL,12400,17.9637,17.7212,-4.4082,139.3760,-125,-0.245437
TEL,12500,15.6264,16.0316,-4.7212,144.0000,-144,-0.282743
TEL,12600,17.8316,16.7531,-3.0316,84.6166,-89,-0.174751
TEL,12700,17.8974,17.5259,-3.7531,127.4974,-124,-0.243473
TEL,12800,17.8974,17.6547,-4.5259,144.0000,-144,-0.282743
TEL,12900,16.6040,16.3127,-4.6547,144.0000,-144,-0.282743
TEL,13000,17.1976,16.7311,-3.3127,116.1397,-116,-0.227765
TEL,13100,17.0154,16.9283,-3.7311,130.9977,-131,-0.257218
TEL,13200,16.8368,16.9270,-3.9283,132.5960,-133,-0.261145
TEL,13300,16.3213,16.7558,-3.9270,127.9453,-128,-0.251327
TEL,13400,16.1015,16.6044,-3.7558,117.4896,-117,-0.229729
TEL,13500,15.6779,16.2276,-3.6044,108.4864,-108,-0.212057
TEL,13600,15.0799,15.8478,-3.2276,92.4689,-92,-0.180642
TEL,13700,14.7042,15.2138,-2.8478,74.6181,-75,-0.147262
TEL,13800,14.3018,14.8257,-2.2138,52.1591,-52,-0.102102
TEL,13900,13.8370,14.2975,-1.8257,37.9585,-38,-0.074613
TEL,14000,13.4770,14.0018,-1.2975,6.1537,-6,-0.011781
TEL,14100,13.1713,13.6261,-1.0018,-1.9916,2,0.003927
TEL,14200,12.8782,13.3572,-0.6261,-10.0875,10,0.019635
TEL,14300,12.4606,12.9519,-0.3572,-16.1789,16,0.031416
TEL,14400,12.3934,12.7396,0.0481,-26.0726,26,0.051051
TEL,14500,12.0673,12.4221,0.2604,-29.0326,29,0.056941
TEL,14600,11.8484,12.2323,0.5779,-34.9376,35,0.068722
TEL,14700,11.4608,11.9172,0.7677,-38.3346,38,0.074613
TEL,14800,11.3747,11.7222,1.0828,-45.9470,46,0.090321
TEL,14900,10.6001,11.1747,1.2778,-49.4012,49,0.096211
TEL,15000,10.8559,11.0062,1.8253,-71.0832,71,0.139408
TEL,15100,10.8559,10.9336,2.0360,-74.2519,74,0.145299
TEL,15200,9.4122,10.2612,2.0664,-71.9420,72,0.141372
TEL,15300,10.8298,10.4687,2.7121,-87.5161,88,0.172788
TEL,15400,11.0689,10.6785,2.5313,-76.8447,77,0.151189
TEL,15500,9.5136,10.6074,2.2189,-63.5502,64,0.125664
TEL,15600,11.1783,10.7540,2.3926,-79.7392,80,0.157080
TEL,15700,11.9413,11.3258,2.0759,-61.8912,62,0.121737
TEL,15800,12.2939,11.7367,1.6742,-42.7042,43,0.084430
TEL,15900,11.6665,11.2510,1.9869,-80.0785,80,0.157080
TEL,16000,12.7714,11.9407,1.7490,-60.8786,61,0.119773
TEL,16100,13.3993,12.8745,0.7045,-7.5809,10,0.019635
TEL,16200,11.5775,11.9634,0.1255,16.6443,-17,-0.033379
TEL,16300,14.2152,13.5360,1.0366,-23.3090,23,0.045160
TEL,16400,14.7042,14.1503,-0.5360,35.2048,-32,-0.062832
TEL,16500,11.0961,13.5587,-1.4266,64.0119,-64,-0.125664
TEL,16600,15.0799,14.6416,-0.5587,0.0119,-6,-0.011781
TEL,16700,16.7197,15.9815,-2.0871,58.2921,-41,-0.080503
TEL,16800,17.4461,16.1375,-2.9815,102.2901,-102,-0.200277
TEL,16900,16.8368,15.3543,-1.2943,38.2901,-44,-0.086394
TEL,17000,17.4461,16.8326,-2.3543,64.1617,-64,-0.125664
TEL,17100,18.2332,17.8213,-4.3506,144.0000,-129,-0.253291
TEL,17200,13.6748,16.7930,-4.8213,144.0000,-144,-0.282743
TEL,17300,17.3210,16.8214,-3.4326,102.8002,-103,-0.202240
TEL,17400,17.8316,17.3643,-3.8214,122.8136,-123,-0.241510
TEL,17500,11.4320,14.4595,-4.5633,144.0000,-144,-0.282743
TEL,17600,16.3771,15.7784,-1.4595,80.0000,-85,-0.166897
TEL,17700,17.0154,16.7112,-3.1921,60.7125,-61,-0.119773
TEL,17800,16.9555,16.9435,-3.7112,92.5655,-93,-0.182605
TEL,17900,15.1281,15.0906,-2.8488,32.9570,-37,-0.072649
TEL,18000,15.9936,15.5597,-2.0906,26.3282,-26,-0.051051
TEL,18100,16.2658,16.0288,-2.7496,63.2742,-63,-0.123700
TEL,18200,10.5256,13.9998,-3.0288,80.3077,-80,-0.157080
TEL,18300,15.5752,15.1017,-1.3947,43.1497,-43,-0.084430
TEL,18400,15.8870,15.5707,-2.1017,78.7894,-79,-0.155116
TEL,18500,11.1783,14.6935,-2.6945,96.6227,-97,-0.190459
TEL,18600,14.9370,14.4649,-1.6935,22.6456,-34,-0.066759
TEL,18700,15.8870,15.3750,-1.7848,45.6996,-46,-0.090321
TEL,18800,16.2658,15.8217,-2.3750,75.3069,-75,-0.147262
TEL,18900,14.8899,13.9475,-1.5208,2.3549,-13,-0.025525
TEL,19000,15.8343,15.3345,-0.9475,48.1364,-34,-0.066759
TEL,19100,16.4333,16.1229,-2.7106,108.2081,-105,-0.206167
TEL,19200,10.7522,13.1566,-3.1229,118.8127,-119,-0.233656
TEL,19300,16.3771,15.6216,-0.8280,78.5392,-79,-0.155116
TEL,19400,17.1976,16.6620,-2.6216,136.0074,-132,-0.259181
TEL,19500,11.8792,15.5043,-3.8483,144.0000,-144,-0.282743
TEL,19600,15.6779,15.8969,-2.5043,54.5994,-76,-0.149226
TEL,19700,17.3210,16.7035,-3.2234,93.9411,-76,-0.149226
TEL,19800,17.1976,16.9345,-3.7035,119.1120,-119,-0.233656
TEL,19900,15.5243,16.0434,-4.0284,130.1587,-130,-0.255254
TEL,20000,16.8960,16.3826,-3.0434,87.6186,-88,-0.172788
TEL,20100,16.8960,16.7073,-3.5776,111.8807,-112,-0.219911
TEL,20200,11.1783,15.6548,-3.7073,116.7792,-117,-0.229729
TEL,20300,16.1015,15.7140,-2.4249,68.7164,-69,-0.135481
TEL,20400,16.6617,16.1285,-2.7140,84.5442,-85,-0.166897
TEL,20500,11.3462,15.2111,-3.2119,101.7630,-102,-0.200277
TEL,20600,15.0320,14.7013,-2.2111,31.7830,-41,-0.080503
TEL,20700,16.1015,15.6845,-2.1205,54.2759,-54,-0.106029
TEL,20800,16.2107,15.9532,-2.6845,82.0470,-82,-0.161007
TEL,20900,14.1295,14.9274,-3.0459,95.9478,-96,-0.188496
TEL,21000,15.5752,15.1519,-1.9274,45.1942,-47,-0.092284
TEL,21100,16.0473,15.6397,-2.3215,66.8581,-67,-0.131554
TEL,21200,11.6665,14.7977,-2.6397,82.4547,-82,-0.161007
TEL,21300,15.7297,15.1321,-1.5375,39.9590,-40,-0.078540
TEL,21400,16.0473,15.6146,-2.1321,70.5719,-71,-0.139408
TEL,21500,11.5482,14.7746,-2.7744,93.9766,-94,-0.184569
TEL,21600,14.9843,14.6386,-1.7746,18.5449,-31,-0.060868
TEL,21700,16.5468,15.8942,-2.1282,56.8506,-49,-0.096211
TEL,21800,16.8960,16.4050,-2.8942,95.3031,-95,-0.186532
TEL,21900,17.2591,16.1764,-3.5939,120.9041,-121,-0.237583
TEL,22000,17.3210,17.0026,-3.1764,144.0000,-144,-0.282743
TEL,22100,17.2591,17.1989,-4.1190,144.0000,-144,-0.282743
TEL,22200,17.3210,17.2411,-4.1989,144.0000,-144,-0.282743
TEL,22300,17.2591,17.2476,-4.2439,144.0000,-144,-0.282743
TEL,22400,17.0757,17.2374,-4.2476,143.5090,-144,-0.282743
TEL,22500,16.7781,17.1603,-4.2213,137.7980,-138,-0.270962
TEL,22600,16.8368,17.0888,-4.1603,131.5612,-132,-0.259181
TEL,22700,16.3213,16.8958,-4.0342,124.1356,-124,-0.243473
TEL,22800,16.1559,16.7247,-3.8958,116.2667,-116,-0.227765
TEL,22900,15.9401,16.3672,-3.6187,104.5664,-105,-0.206167
TEL,23000,15.5243,16.0646,-3.3672,94.5092,-95,-0.186532
TEL,23100,15.0320,15.5962,-2.9302,78.6742,-79,-0.155116
TEL,23200,14.8430,15.3122,-2.5962,65.2979,-65,-0.127627
TEL,23300,14.7042,15.0031,-2.2119,53.9886,-54,-0.106029
TEL,23400,14.5228,14.8244,-2.0031,48.4134,-48,-0.094248
TEL,23500,14.1722,14.5477,-1.7216,39.8244,-40,-0.078540
TEL,23600,13.9610,14.3713,-1.5477,35.5859,-36,-0.070686
TEL,23700,13.7961,14.1444,-1.3007,17.2936,-17,-0.033379
TEL,23800,13.8370,14.0450,-1.1444,14.5339,-15,-0.029452
TEL,23900,11.8792,12.8971,-0.9845,12.3421,-12,-0.023562
TEL,24000,13.1340,12.9056,0.1029,-34.4597,34,0.066759
TEL,24100,13.3608,13.0751,0.0284,-20.3095,20,0.039270
TEL,24200,10.0071,12.5833,-0.0751,-8.4750,8,0.015708
TEL,24300,13.0599,12.2353,1.4411,-72.4750,66,0.129591
TEL,24400,13.3993,12.8929,0.7647,-37.1996,40,0.078540
TEL,24500,14.0027,13.5250,-0.1534,0.5139,-1,-0.001963
TEL,24600,12.8068,12.8574,-0.5250,22.4098,-22,-0.043197
TEL,24700,14.2152,13.5513,-0.0529,18.2664,-18,-0.035343
TEL,24800,14.5228,13.9861,-0.5513,38.6039,-39,-0.076576
TEL,24900,12.4269,12.8455,-1.2285,59.9069,-60,-0.117810
TEL,25000,14.6585,13.7883,0.1545,0.6816,-5,-0.009817
TEL,25100,15.7818,15.1077,-1.2512,56.9072,-47,-0.092284
TEL,25200,16.4333,15.7971,-2.1077,91.8469,-92,-0.180642
TEL,25300,15.7297,15.0661,-1.8323,41.1165,-43,-0.084430
TEL,25400,16.7197,15.9362,-2.0661,64.1486,-64,-0.125664
TEL,25500,17.4461,16.9397,-3.3730,118.4988,-116,-0.227765
TEL,25600,14.6585,14.8901,-3.9397,140.1112,-140,-0.274889
TEL,25700,17.5729,16.8740,-2.5645,116.8290,-117,-0.229729
TEL,25800,18.0304,17.5863,-3.8740,144.0000,-144,-0.282743
TEL,25900,13.8781,15.0856,-4.7169,144.0000,-144,-0.282743
TEL,26000,17.0154,16.4669,-2.0856,48.0000,-76,-0.149226
TEL,26100,17.9637,17.4731,-3.8865,121.1379,-63,-0.123700
TEL,26200,18.2332,17.8267,-4.4731,144.0000,-139,-0.272926
TEL,26300,16.7781,16.2508,-3.0546,48.0000,-94,-0.184569
TEL,26400,17.4461,16.9959,-3.2508,70.4046,-64,-0.125664
TEL,26500,17.5093,17.3176,-4.1464,110.5219,-111,-0.217948
TEL,26600,15.0799,15.5729,-4.3176,122.0941,-122,-0.239546
TEL,26700,16.5468,16.1523,-2.6578,77.5762,-78,-0.153153
TEL,26800,16.6617,16.4382,-3.1523,99.7004,-100,-0.196350
TEL,26900,13.0969,14.4701,-3.5071,111.4520,-111,-0.217948
TEL,27000,15.3735,15.0486,-1.4701,47.4520,-53,-0.104065
TEL,27100,15.9936,15.7100,-2.3126,56.4919,-56,-0.109956
TEL,27200,11.6367,14.7873,-2.7100,76.7921,-77,-0.151189
TEL,27300,15.0320,14.2144,-0.7817,12.7921,-19,-0.037306
TEL,27400,15.3735,14.8158,-1.2144,10.4031,-10,-0.019635
TEL,27500,15.6264,15.2711,-2.0450,60.1503,-59,-0.115846
TEL,27600,13.3993,13.7990,-2.2711,71.8714,-72,-0.141372
TEL,27700,15.1766,14.6122,-1.0403,41.1330,-41,-0.080503
TEL,27800,15.3238,14.9703,-1.6122,66.6924,-67,-0.131554
TEL,27900,12.3934,13.4231,-2.0928,80.4334,-80,-0.157080
TEL,28000,14.7965,14.0989,-0.4231,16.4334,-22,-0.043197
TEL,28100,15.3735,14.9322,-1.4712,40.9169,-40,-0.078540
TEL,28200,15.6779,15.2159,-1.9322,69.7278,-70,-0.137445
TEL,28300,14.7965,14.5072,-1.5056,28.7159,-29,-0.056941
TEL,28400,15.3238,14.8690,-1.5072,39.1936,-39,-0.076576
TEL,28500,15.8343,15.4061,-2.0799,66.2841,-66,-0.129591
TEL,28600,13.6748,13.9338,-2.4061,81.0306,-81,-0.159043
TEL,28700,15.9401,15.2104,-1.2848,57.1758,-57,-0.111919
TEL,28800,16.3771,15.8667,-2.2104,96.3903,-96,-0.188496
TEL,28900,10.8038,13.2659,-3.0556,120.4970,-120,-0.235619
TEL,29000,15.8870,15.2963,-0.2659,56.4970,-62,-0.121737
TEL,29100,16.8960,16.5604,-2.9486,79.7350,-80,-0.157080
TEL,29200,17.3833,16.9762,-3.5604,108.8470,-109,-0.214021
TEL,29300,16.4899,16.0330,-3.0417,59.8708,-62,-0.121737
TEL,29400,17.1364,16.5784,-3.0330,78.2825,-78,-0.153153
TEL,29500,17.7014,17.2146,-3.8091,113.9503,-114,-0.223838
TEL,29600,15.0320,15.3073,-4.2146,133.7203,-134,-0.263108
TEL,29700,17.3210,16.6584,-2.7586,104.5672,-105,-0.206167
TEL,29800,17.7014,17.2460,-3.6584,140.6488,-141,-0.276853
TEL,29900,13.7961,14.8758,-4.3927,144.0000,-144,-0.282743
TEL,30000,16.6040,15.8768,-1.8758,48.0000,-77,-0.151189
TEL,30100,17.0757,16.7618,-3.3684,105.9695,-62,-0.121737
TEL,30200,17.1364,16.9556,-3.7618,122.5421,-123,-0.241510
TEL,30300,15.7818,15.4747,-2.6514,40.3067,-58,-0.113883
TEL,30400,16.4899,15.9442,-2.4747,53.8406,-54,-0.106029
TEL,30500,16.5468,16.2720,-3.0912,83.8153,-84,-0.164934
TEL,30600,13.2844,14.2725,-3.2720,95.3065,-95,-0.186532
TEL,30700,15.6779,15.2037,-1.5786,57.2981,-57,-0.111919
TEL,30800,15.9401,15.6000,-2.2037,83.2436,-83,-0.162970
TEL,30900,16.1015,15.8873,-2.7099,97.9934,-98,-0.192423
TEL,31000,16.1015,15.9644,-2.8873,101.4081,-101,-0.198313
TEL,31100,15.8343,15.9058,-2.9423,98.5481,-99,-0.194386
TEL,31200,15.8343,15.8954,-2.9058,94.5874,-95,-0.186532
TEL,31300,15.8343,15.8789,-2.8889,92.2127,-92,-0.180642
TEL,31400,15.8870,15.8760,-2.8789,90.6389,-91,-0.178678
TEL,31500,15.8870,15.8678,-2.8729,89.5847,-90,-0.176715
TEL,31600,15.8870,15.8669,-2.8678,88.9616,-89,-0.174751
TEL,31700,15.8343,15.8617,-2.8650,88.4092,-88,-0.172788
TEL,31800,15.9401,15.8669,-2.8617,87.9768,-88,-0.172788
TEL,31900,15.8870,15.8673,-2.8653,87.8358,-88,-0.172788
TEL,32000,15.8870,15.8713,-2.8673,87.8007,-88,-0.172788
TEL,32100,15.8343,15.8711,-2.8720,87.8526,-88,-0.172788
TEL,32200,15.8343,15.8683,-2.8711,87.6734,-88,-0.172788
TEL,32300,15.8870,15.8665,-2.8670,87.4421,-87,-0.170824
TEL,32400,15.8343,15.8643,-2.8665,87.4153,-87,-0.170824
TEL,32500,15.8870,15.8648,-2.8633,87.2357,-87,-0.170824
TEL,32600,13.3993,15.5672,-2.8648,87.2771,-87,-0.170824
TEL,32700,15.4235,15.3899,-2.4463,70.3611,-70,-0.137445
TEL,32800,15.7297,15.4606,-2.3899,70.1132,-70,-0.137445
TEL,32900,10.3314,13.9240,-2.5050,75.9302,-76,-0.149226
TEL,33000,14.9370,14.2414,-0.9240,11.9302,-18,-0.035343
TEL,33100,15.6264,15.1550,-1.5738,29.5826,-30,-0.058905
TEL,33200,16.1015,15.5680,-2.1550,60.7841,-61,-0.119773
TEL,33300,15.0320,14.3681,-1.1581,-3.2159,-3,-0.005890
TEL,33400,15.9401,15.3142,-1.3681,-0.5061,1,0.001963
TEL,33500,16.5468,16.1294,-2.6257,73.3815,-61,-0.119773
TEL,33600,13.6748,14.1833,-3.1294,97.6624,-98,-0.192423
TEL,33700,16.4899,15.7356,-1.6342,68.0973,-68,-0.133518
TEL,33800,17.1976,16.6241,-2.7356,114.4861,-114,-0.223838
TEL,33900,11.4320,15.3522,-3.9273,144.0000,-144,-0.282743
TEL,34000,16.6040,15.7326,-2.3522,48.0000,-76,-0.149226
TEL,34100,17.5729,17.1379,-3.4189,98.5918,-62,-0.121737
TEL,34200,18.1652,17.6879,-4.1379,131.5614,-130,-0.255254
TEL,34300,16.4333,15.8591,-2.8730,35.5614,-66,-0.129591
TEL,34400,17.5729,16.9034,-2.8591,59.6588,-49,-0.096211
TEL,34500,18.0304,17.6873,-4.2654,122.4530,-119,-0.233656
TEL,34600,14.7042,15.7658,-4.6873,142.9065,-143,-0.280780
TEL,34700,17.5093,16.8392,-3.0005,100.2391,-101,-0.198313
TEL,34800,17.8974,17.4068,-3.8392,136.8279,-137,-0.268999
TEL,34900,11.3462,16.1217,-4.5009,144.0000,-144,-0.282743
TEL,35000,16.3213,16.1180,-3.1217,55.6321,-77,-0.151189
TEL,35100,17.0757,16.6594,-3.3267,80.2861,-75,-0.147262
TEL,35200,16.9555,16.7732,-3.6594,101.5588,-102,-0.200277
TEL,35300,15.4737,15.2648,-2.9024,50.2790,-52,-0.102102
TEL,35400,16.1559,15.6891,-2.2648,47.7326,-48,-0.094248
TEL,35500,16.2658,15.9878,-2.7943,73.3236,-73,-0.143335
TEL,35600,12.6662,13.9379,-2.9878,85.3832,-85,-0.166897
TEL,35700,15.4235,14.8105,-1.2175,39.3704,-39,-0.076576
TEL,35800,15.7297,15.2753,-1.8105,71.3480,-71,-0.139408
REF,35892,17.0000,hold_far
TEL,35900,10.9084,14.4307,-2.4252,90.5468,-91,-0.178678
TEL,36000,14.8430,14.3249,2.5693,-5.4532,-23,-0.045160
TEL,36100,15.4737,15.1218,2.2793,-89.0454,68,0.133518
TEL,36200,15.6779,15.3638,1.8782,-70.4656,72,0.141372
TEL,36300,14.4781,14.1148,2.5405,-115.5188,113,0.221875
TEL,36400,15.6779,14.9058,2.8852,-117.8986,118,0.231692
TEL,36500,16.4333,15.8643,1.7613,-66.8349,69,0.135481
TEL,36600,13.1713,13.9645,1.1357,-37.3146,37,0.072649
TEL,36700,17.0154,16.2362,2.1820,-60.9083,61,0.119773
TEL,36800,17.8974,17.2372,0.7638,0.4100,6,0.011781
TEL,36900,13.8781,16.5367,-0.5229,57.0747,-55,-0.107992
TEL,37000,17.1976,16.5320,0.4633,-23.6323,5,0.009817
TEL,37100,17.8316,17.3864,0.1079,-1.1254,4,0.007854
TEL,37200,17.9637,17.6944,-0.3864,22.5038,-23,-0.045160
TEL,37300,17.1364,16.4277,0.6369,-47.9953,38,0.074613
TEL,37400,17.7663,17.1398,0.5723,-28.7635,29,0.056941
TEL,37500,17.9637,17.6681,-0.3834,12.2955,-12,-0.023562
TEL,37600,14.3895,15.2861,-0.6681,24.4874,-24,-0.047124
TEL,37700,17.6369,16.9519,1.1279,-28.4502,26,0.051051
TEL,37800,17.9637,17.5261,0.0481,19.0243,-15,-0.029452
TEL,37900,11.3179,16.1084,-0.6690,47.2053,-47,-0.092284
TEL,38000,16.8960,16.3383,0.8916,-48.7947,21,0.041233
TEL,38100,17.8316,17.4123,0.1265,-10.4307,34,0.066759
TEL,38200,18.0304,16.9784,-0.4123,13.7285,-14,-0.027489
TEL,38300,16.6617,15.9044,2.9062,-82.2715,54,0.106029
TEL,38400,17.7014,17.1018,1.0956,-67.0175,70,0.137445
TEL,38500,18.0304,17.7590,-0.4042,-5.2563,6,0.011781
TEL,38600,14.1295,15.3217,-0.7590,14.5002,-15,-0.029452
TEL,38700,17.6369,16.9906,1.1395,-35.7451,34,0.066759
TEL,38800,17.9637,17.5809,0.0094,15.5107,-13,-0.025525
TEL,38900,11.4033,14.0027,-0.7270,43.5539,-44,-0.086394
TEL,39000,16.8368,16.1953,2.9973,-52.4461,23,0.045160
TEL,39100,17.8316,17.5416,-0.0401,-16.2753,38,0.074613
TEL,39200,14.1722,16.6883,-0.5416,9.7040,-10,-0.019635
TEL,39300,16.7781,15.8895,2.5216,-86.2960,57,0.111919
TEL,39400,17.7014,17.1101,1.1105,-60.9676,72,0.141372
TEL,39500,18.0975,17.7468,-0.3804,-0.0017,3,0.005890
TEL,39600,18.0304,17.8765,-0.7468,19.4017,-19,-0.037306
TEL,39700,18.0304,17.9587,-0.9091,26.1763,-26,-0.051051
TEL,39800,18.0304,17.9776,-0.9587,28.4453,-28,-0.054978
TEL,39900,18.0975,18.0072,-0.9840,29.5022,-30,-0.058905
TEL,40000,18.0304,18.0114,-1.0072,30.5436,-31,-0.060868
TEL,40100,18.0975,18.0307,-1.0187,31.0282,-31,-0.060868
TEL,40200,18.0304,18.0353,-1.0307,31.4356,-31,-0.060868
TEL,40300,18.0304,18.0384,-1.0350,31.4060,-31,-0.060868
TEL,40400,18.1652,18.0449,-1.0384,31.3897,-31,-0.060868
TEL,40500,18.1652,18.0529,-1.0477,31.6960,-32,-0.062832
TEL,40600,18.0975,18.0573,-1.0529,31.9684,-32,-0.062832
TEL,40700,18.1652,18.0690,-1.0592,32.1124,-32,-0.062832
TEL,40800,18.0975,18.0747,-1.0690,32.4624,-32,-0.062832
TEL,40900,18.0975,18.0748,-1.0726,32.3950,-32,-0.062832
TEL,41000,18.0975,18.0766,-1.0748,32.4303,-32,-0.062832
TEL,41100,18.0975,18.0765,-1.0748,32.3187,-32,-0.062832
TEL,41200,18.2332,18.0828,-1.0765,32.3748,-32,-0.062832
TEL,41300,16.7197,17.5615,-0.9221,22.5526,-23,-0.045160
TEL,41400,17.6369,17.5359,-0.5615,7.7585,-8,-0.015708
TEL,41500,17.9637,17.7043,-0.5950,13.2574,-13,-0.025525
TEL,41600,14.5678,15.9733,-0.7043,19.4458,-19,-0.037306
TEL,41700,17.6369,16.8766,0.7976,-26.6009,27,0.053014
TEL,41800,17.8974,17.4394,0.1234,6.0639,-6,-0.011781
TEL,41900,11.2897,13.5562,-0.6240,36.3328,-36,-0.070686
TEL,42000,17.1976,16.5457,3.4438,-59.6672,32,0.062832
TEL,42100,17.8974,17.5328,-0.0254,-31.5064,45,0.088357
TEL,42200,18.1652,17.8103,-0.5328,-0.2228,0,0.000000
TEL,42300,16.8368,16.2497,0.9043,-78.8757,64,0.125664
TEL,42400,17.7014,17.0227,0.7503,-52.3101,56,0.109956
TEL,42500,18.1652,17.7312,-0.3567,-4.0202,4,0.007854
TEL,42600,15.5752,15.7294,-0.7312,17.5007,-18,-0.035343
TEL,42700,17.5729,16.9613,0.8400,-25.2509,24,0.047124
TEL,42800,17.9637,17.5252,0.0387,10.9709,-11,-0.021598
TEL,42900,13.7150,14.9106,-0.6631,37.8413,-38,-0.074613
TEL,43000,17.1364,16.4650,2.0894,-58.1587,30,0.058905
TEL,43100,17.9637,17.6472,-0.1117,-0.2967,44,0.086394
TEL,43200,13.2465,16.5167,-0.6472,26.6141,-25,-0.049087
TEL,43300,17.1364,16.4479,1.7556,-69.3859,39,0.076576
TEL,43400,17.7663,17.2223,0.5521,-26.0267,56,0.109956
TEL,43500,18.1652,17.0507,-0.4421,15.1128,-13,-0.025525
TEL,43600,15.5243,15.1518,-0.0507,44.5793,-45,-0.088357
TEL,43700,17.6369,17.1133,1.0687,-3.5113,2,0.003927
TEL,43800,17.8974,17.5980,-0.1133,57.3844,-51,-0.100138
TEL,43900,15.1281,15.5967,-0.7310,64.7689,-65,-0.127627
TEL,44000,17.1976,16.4133,1.4033,-31.2311,3,0.005890
TEL,44100,17.8974,17.5090,0.0212,18.0461,16,0.031416
TEL,44200,18.1652,17.8148,-0.5090,42.4454,-42,-0.082467
TEL,44300,17.0154,16.3607,0.8534,-53.5546,26,0.051051
TEL,44400,17.7663,17.1645,0.6393,-31.9431,40,0.078540
TEL,44500,18.1652,17.5589,0.6095,-45.2214,45,0.088357
TEL,44600,15.7818,15.5142,-0.5589,8.2559,-5,-0.009817
TEL,44700,17.7014,17.0971,0.8271,-21.3830,21,0.041233
TEL,44800,18.0304,17.6018,-0.0971,27.1485,-26,-0.051051
TEL,44900,15.0320,15.5551,-0.7780,46.3176,-46,-0.090321
TEL,45000,17.3833,16.7236,1.4449,-49.6824,22,0.043197
TEL,45100,18.0304,17.6337,-0.0977,12.8852,36,0.070686
TEL,45200,12.9867,16.4351,-0.6337,32.9717,-32,-0.062832
TEL,45300,17.7014,16.6674,0.9874,-40.5932,25,0.049087
TEL,45400,18.0304,17.3786,0.3326,-4.2360,16,0.031416
TEL,45500,13.4770,16.5563,-0.5584,31.8586,-32,-0.062832
TEL,45600,16.2107,15.9468,0.4437,-34.0467,27,0.053014
TEL,45700,17.7663,17.2853,0.4080,-14.3075,14,0.027489
TEL,45800,17.9637,17.6591,-0.2853,19.5466,-20,-0.039270
TEL,45900,16.1559,16.5130,-0.7812,35.2270,-35,-0.068722
TEL,46000,17.5093,16.9284,0.4870,-19.0655,16,0.031416
TEL,46100,18.0304,17.5189,-0.1427,10.8002,-11,-0.021598
TEL,46200,12.4269,16.3264,-0.5189,26.5085,-27,-0.053014
TEL,46300,17.2591,16.6315,1.0822,-45.3448,34,0.066759
TEL,46400,17.8316,17.2814,0.3685,-9.6189,15,0.029452
TEL,46500,12.5626,16.2374,-0.4851,26.1979,-26,-0.051051
TEL,46600,16.1559,15.7465,0.7626,-54.0245,39,0.076576
TEL,46700,17.8974,17.1549,0.7910,-38.2034,38,0.074613
TEL,46800,17.9637,17.6193,-0.1549,11.1531,-9,-0.017671
TEL,46900,16.3213,16.6356,-0.7437,30.9777,-31,-0.060868
TEL,47000,17.4461,16.9276,0.3644,-14.8282,15,0.029452
TEL,47100,18.0304,17.5385,-0.1413,10.2442,-10,-0.019635
TEL,47200,11.5775,16.1024,-0.5385,26.4928,-26,-0.051051
TEL,47300,17.3210,16.6750,1.1430,-44.4511,34,0.066759
TEL,47400,17.7663,17.2654,0.3250,-4.9223,12,0.023562
TEL,47500,12.0356,16.0889,-0.4695,28.9122,-29,-0.056941
TEL,47600,16.6040,15.8432,0.9111,-60.9847,38,0.074613
TEL,47700,17.8316,17.2829,0.5456,-26.8791,42,0.082467
TEL,47800,17.9637,17.6382,-0.2829,14.0012,-14,-0.027489
TEL,47900,16.2658,15.4604,0.4864,-40.2101,38,0.074613
TEL,48000,17.5093,16.8781,1.5396,-45.6958,46,0.090321
TEL,48100,18.0304,17.6760,-0.2431,32.9452,-18,-0.035343
TEL,48200,18.0975,17.8646,-0.6760,44.4372,-44,-0.086394
TEL,48300,18.0304,17.9465,-0.9031,45.5934,-46,-0.090321
TEL,48400,18.0975,17.9789,-0.9465,42.1938,-42,-0.082467
TEL,48500,18.0975,18.0167,-1.0031,40.7328,-41,-0.080503
TEL,48600,18.1652,18.0322,-1.0167,38.4316,-38,-0.074613
TEL,48700,18.1652,18.0479,-1.0320,36.6214,-37,-0.072649
TEL,48800,18.0304,18.0453,-1.0479,35.8134,-36,-0.070686
TEL,48900,18.1652,18.0509,-1.0443,34.4220,-34,-0.066759
TEL,49000,18.1652,18.0645,-1.0509,33.9786,-34,-0.066759
TEL,49100,18.1652,18.0775,-1.0705,34.0635,-34,-0.066759
TEL,49200,18.1652,18.0870,-1.0775,33.8852,-34,-0.066759
TEL,49300,18.0975,18.0919,-1.0913,33.9907,-34,-0.066759
TEL,49400,18.0975,18.0924,-1.0919,33.6618,-34,-0.066759
TEL,49500,18.0975,18.0903,-1.0927,33.4334,-33,-0.064795
TEL,49600,18.1652,18.0963,-1.0903,33.1864,-33,-0.064795
TEL,49700,18.0975,18.0989,-1.0990,33.4017,-33,-0.064795
TEL,49800,18.0975,18.0988,-1.0989,33.2736,-33,-0.064795
TEL,49900,18.0975,18.1009,-1.0988,33.1804,-33,-0.064795
TEL,50000,18.1652,18.1050,-1.1009,33.1779,-33,-0.064795
TEL,50100,18.0304,18.0960,-1.1047,33.2427,-33,-0.064795
TEL,50200,13.7554,17.4817,-1.0960,32.8775,-33,-0.064795
TEL,50300,17.3210,17.1630,-0.1543,-5.8979,6,0.011781
TEL,50400,17.8316,17.3779,-0.1630,-1.0466,1,0.001963
TEL,50500,11.4898,16.2916,-0.4860,13.8111,-14,-0.027489
TEL,50600,16.6617,15.9881,0.7084,-55.9027,46,0.090321
TEL,50700,17.9637,17.3976,0.4198,-23.9687,28,0.054978
TEL,50800,18.0304,17.7219,-0.3976,15.1693,-15,-0.029452
TEL,50900,16.3771,16.0136,0.4789,-42.3849,38,0.074613
TEL,51000,17.5729,16.8705,0.9864,-47.8932,48,0.094248
TEL,51100,17.9637,17.6291,-0.2021,-0.0000,1,0.001963
TEL,51200,11.3179,16.0513,-0.6291,23.7016,-24,-0.047124
TEL,51300,17.5729,16.8578,0.8347,-27.3933,25,0.049087
TEL,51400,17.8316,17.4134,0.1422,5.6649,-6,-0.011781
TEL,51500,11.5482,16.0884,-0.5840,35.0310,-35,-0.068722
TEL,51600,16.7781,16.2606,0.9116,-60.9690,33,0.064795
TEL,51700,17.8316,17.3684,0.1995,-15.6336,46,0.090321
TEL,51800,14.5678,16.6772,-0.3684,10.5580,-11,-0.021598
TEL,51900,16.3771,15.4716,2.3561,-85.4420,57,0.111919
TEL,52000,17.6369,16.8678,1.5284,-76.0511,76,0.149226
TEL,52100,18.0304,17.6939,-0.2831,2.6509,13,0.025525
TEL,52200,14.4337,15.1420,-0.6939,22.1585,-22,-0.043197
TEL,52300,17.5729,16.9228,1.2018,-31.0012,28,0.054978
TEL,52400,17.8974,17.4958,0.0772,18.1544,-14,-0.027489
TEL,52500,11.6367,14.4170,-0.6478,46.9421,-47,-0.092284
TEL,52600,16.8960,16.1883,2.5830,-49.0579,21,0.041233
TEL,52700,17.8974,17.5823,0.0266,-8.7141,35,0.068722
TEL,52800,15.2254,17.0031,-0.5823,15.9686,-16,-0.031416
TEL,52900,16.7197,15.6780,2.0013,-80.0314,52,0.102102
TEL,53000,17.7014,16.9480,1.3220,-67.9021,69,0.135481
TEL,53100,17.9637,17.6889,-0.3445,4.1653,10,0.019635
TEL,53200,13.7961,14.9465,-0.6889,20.5577,-21,-0.041233
TEL,53300,17.7663,17.0662,1.3576,-36.7377,33,0.064795
TEL,53400,17.8974,17.5660,-0.0662,37.5504,-12,-0.023562
TEL,53500,14.7965,15.4726,-0.6927,50.2586,-50,-0.098175
TEL,53600,17.1364,16.4745,1.5274,-45.7414,18,0.035343
TEL,53700,17.9637,17.4793,0.1144,3.0186,31,0.060868
TEL,53800,18.1652,17.8433,-0.4793,31.0081,-31,-0.060868
TEL,53900,17.1976,16.3780,0.9424,-64.9919,37,0.072649
TEL,54000,17.7014,17.1400,0.6220,-34.3714,50,0.098175
TEL,54100,18.0304,17.7237,-0.3847,8.0934,-8,-0.015708
TEL,54200,15.6779,15.8797,-0.7237,23.4707,-23,-0.045160
TEL,54300,17.5729,17.0188,0.7052,-17.1701,17,0.033379
TEL,54400,17.8974,17.4754,-0.0188,21.2044,-21,-0.041233
TEL,54500,15.1766,15.8246,-0.6397,39.2225,-39,-0.076576
TEL,54600,17.2591,16.5733,1.1754,-48.1583,28,0.054978
TEL,54700,17.9637,17.4970,0.0593,2.8981,27,0.053014
TEL,54800,12.5626,14.6193,-0.4970,28.4230,-28,-0.054978
TEL,54900,17.0154,15.9733,2.5882,-67.5770,40,0.078540
TEL,55000,17.7663,17.1845,1.0267,-20.4855,53,0.104065
TEL,55100,18.0975,17.8207,-0.5030,45.3604,-33,-0.064795
TEL,55200,16.1559,16.6899,-0.8207,50.3306,-50,-0.098175
TEL,55300,17.8316,17.1705,0.2779,2.2715,-3,-0.005890
TEL,55400,17.9637,17.5412,-0.1705,26.9341,-27,-0.053014
TEL,55500,14.8899,15.5368,-0.6710,39.8957,-40,-0.078540
TEL,55600,17.5093,16.6709,1.4632,-56.1043,27,0.053014
TEL,55700,17.8974,17.5621,-0.1016,11.7123,42,0.082467
TEL,55800,12.1958,16.2196,-0.5621,28.7830,-27,-0.053014
TEL,55900,17.4461,16.6152,1.2281,-51.3874,33,0.064795
TEL,56000,17.8316,17.3085,0.3848,-7.6662,27,0.053014
TEL,56100,12.2939,16.1858,-0.5094,29.5759,-30,-0.058905
TEL,56200,16.5468,15.8108,0.8142,-55.7920,36,0.070686
TEL,56300,17.8316,17.2538,0.5823,-27.3408,35,0.068722
TEL,56400,18.0304,17.6701,-0.2538,14.7489,-17,-0.033379
TEL,56500,16.2107,15.7924,0.5311,-42.8281,40,0.078540
TEL,56600,17.3833,16.7787,1.2076,-53.6497,54,0.106029
TEL,56700,17.9637,17.5871,-0.1580,-1.1967,4,0.007854
TEL,56800,12.2939,16.2794,-0.5871,26.3977,-26,-0.051051
TEL,56900,17.2591,16.6473,1.0952,-46.4285,35,0.068722
TEL,57000,17.8316,17.2897,0.3527,-9.5970,16,0.031416
TEL,57100,18.0304,17.7405,-0.4903,25.8485,-26,-0.051051
TEL,57200,18.0304,17.8596,-0.7405,33.6875,-34,-0.066759
TEL,57300,18.0975,17.9555,-0.9062,36.9074,-37,-0.072649
TEL,57400,18.0304,17.9839,-0.9555,36.5035,-37,-0.072649
TEL,57500,18.1652,18.0188,-0.9979,35.9999,-36,-0.070686
TEL,57600,18.0975,18.0272,-1.0188,35.4544,-35,-0.068722
TEL,57700,18.0975,18.0329,-1.0275,34.3324,-34,-0.066759
TEL,57800,18.0975,18.0464,-1.0329,33.6669,-34,-0.066759
TEL,57900,18.0975,18.0600,-1.0545,33.8121,-34,-0.066759
TEL,58000,18.0975,18.0684,-1.0600,33.4399,-33,-0.064795
TEL,58100,18.1652,18.0769,-1.0662,33.0862,-33,-0.064795
TEL,58200,18.0975,18.0826,-1.0769,33.2619,-33,-0.064795
TEL,58300,18.0304,18.0879,-1.0869,33.4273,-33,-0.064795
TEL,58400,18.0975,18.0888,-1.0879,33.1233,-33,-0.064795
TEL,58500,18.0975,18.0899,-1.0892,33.0365,-33,-0.064795
TEL,58600,18.0304,18.0852,-1.0899,32.9652,-33,-0.064795
TEL,58700,18.0975,18.0816,-1.0830,32.6130,-33,-0.064795
TEL,58800,11.4898,17.8376,-1.0816,32.5561,-33,-0.064795
TEL,58900,17.3210,17.4043,-0.5452,7.0336,-7,-0.013744
TEL,59000,17.8974,17.5610,-0.4043,4.7207,-5,-0.009817
TEL,59100,13.6348,16.9637,-0.6346,16.1106,-16,-0.031416
TEL,59200,17.0757,16.7020,0.0363,-19.4600,19,0.037306
TEL,59300,17.8316,17.3469,0.0727,-10.8510,11,0.021598
TEL,59400,18.0975,17.6937,-0.3469,-0.0003,0,0.000000
TEL,59500,16.8368,16.2189,0.8906,-68.8302,60,0.117810
TEL,59600,17.8316,17.0752,0.7811,-45.8966,46,0.090321
TEL,59700,11.8792,15.8020,-0.3314,0.8068,0,0.000000
TEL,59800,15.2745,14.8401,1.1980,-87.6316,62,0.121737
TEL,59900,17.5729,16.9439,1.3224,-62.3815,72,0.141372
TEL,60000,17.8974,17.5142,0.0561,-0.0002,4,0.007854
TEL,60100,11.3179,14.0384,-0.6608,27.3484,-27,-0.053014
TEL,60200,16.9555,16.3980,2.9616,-68.6516,41,0.080503
TEL,60300,17.8316,17.5273,-0.1073,-25.6288,55,0.107992
TEL,60400,18.1652,17.8376,-0.5273,0.8961,-1,-0.001963
TEL,60500,17.1364,16.5291,0.7482,-69.5230,60,0.117810
TEL,60600,17.9637,17.1921,0.4709,-40.2461,43,0.084430
TEL,60700,18.1652,17.7599,-0.4311,-3.3301,3,0.005890
TEL,60800,15.0320,15.7131,-0.7599,16.3642,-16,-0.031416
TEL,60900,17.6369,16.8977,0.9880,-34.6969,33,0.064795
TEL,61000,17.8974,17.4763,0.1023,7.4745,-6,-0.011781
TEL,61100,14.6585,15.2948,-0.6745,38.9780,-39,-0.076576
TEL,61200,17.0757,16.3798,1.7052,-57.0220,29,0.056941
TEL,61300,17.8974,17.5395,0.0272,6.0432,42,0.082467
TEL,61400,18.1652,17.8678,-0.5395,31.0291,-29,-0.056941
TEL,61500,16.9555,16.8579,0.0073,-12.3439,12,0.023562
TEL,61600,17.7663,17.2373,0.1421,-13.2461,13,0.025525
TEL,61700,18.1652,17.7074,-0.4118,9.8889,-10,-0.019635
TEL,61800,16.2107,16.5707,-0.7074,24.3702,-24,-0.047124
TEL,61900,17.8316,17.1515,0.3369,-9.6790,10,0.019635
TEL,62000,17.8974,17.5220,-0.1515,16.6979,-17,-0.033379
TEL,62100,14.7042,15.4302,-0.6933,35.0011,-35,-0.068722
TEL,62200,17.2591,16.6062,1.5698,-60.9989,33,0.064795
TEL,62300,18.0304,17.6346,-0.1391,11.4910,47,0.092284
TEL,62400,16.1559,17.3326,-0.6346,31.2002,-28,-0.054978
TEL,62500,17.3210,16.9326,0.2684,-17.4766,13,0.025525
TEL,62600,17.8316,17.3133,0.0674,-0.2366,0,0.000000
TEL,62700,13.2844,16.5544,-0.4866,18.2908,-18,-0.035343
TEL,62800,16.1559,15.9639,0.4456,-37.8930,35,0.068722
TEL,62900,17.7663,17.1581,0.6115,-29.4615,29,0.056941
TEL,63000,17.9637,17.5931,-0.1581,-0.4596,0,0.000000
TEL,63100,15.7297,15.0063,0.8135,-59.1454,54,0.106029
TEL,63200,17.4461,16.7772,1.9937,-70.6099,71,0.139408
TEL,63300,17.9637,17.6909,-0.2402,25.3901,3,0.005890
TEL,63400,11.5189,16.1110,-0.6909,40.6776,-41,-0.080503
TEL,63500,17.5093,16.7175,1.0917,-37.2112,23,0.045160
TEL,63600,17.8974,17.3715,0.2825,1.6383,9,0.017671
TEL,63700,11.6965,16.0799,-0.5690,37.1462,-37,-0.072649
TEL,63800,16.7197,16.2096,0.9201,-58.8538,31,0.060868
TEL,63900,17.8316,17.3664,0.2248,-15.1202,44,0.086394
TEL,64000,18.1652,17.1329,-0.3664,12.5766,-13,-0.025525
TEL,64100,16.7197,15.5827,1.9239,-83.4234,55,0.107992
TEL,64200,17.6369,16.9873,1.4173,-65.4343,70,0.137445
TEL,64300,18.0304,17.7130,-0.3518,10.0881,-2,-0.003927
TEL,64400,11.2897,13.6358,-0.7130,26.0140,-26,-0.051051
TEL,64500,17.5729,17.1002,1.5396,-17.3236,16,0.031416
TEL,64600,17.9637,17.6307,-0.1002,64.7722,-45,-0.088357
TEL,64700,11.3462,14.2191,-0.7605,71.1125,-71,-0.139408
TEL,64800,17.0757,16.3376,2.7809,-24.8875,-3,-0.005890
TEL,64900,17.8974,17.6063,-0.1197,-2.1680,11,0.021598
TEL,65000,18.2332,17.8622,-0.6063,19.9188,-20,-0.039270
TEL,65100,17.0757,16.4273,0.6823,-58.2239,43,0.084430
TEL,65200,17.8316,17.3057,0.5727,-35.5420,38,0.074613
TEL,65300,18.0975,17.7656,-0.5193,7.7007,-7,-0.013744
TEL,65400,15.6779,16.0464,-0.7656,21.3856,-21,-0.041233
TEL,65500,17.5729,16.9927,0.6865,-21.4742,21,0.041233
TEL,65600,17.8974,17.4737,0.0073,9.5348,-10,-0.019635
TEL,65700,18.0975,17.8203,-0.6191,33.9052,-34,-0.066759
TEL,65800,18.0975,17.9265,-0.8203,38.4690,-38,-0.074613
REF,65892,9.0000,hold_near
TEL,65900,18.0304,17.9697,-0.9457,38.8931,-39,-0.076576
TEL,66000,18.0304,17.9917,-8.9697,134.8931,-107,-0.210094
TEL,66100,18.0304,18.0149,-8.9960,224.0000,-199,-0.390736
TEL,66200,18.0304,18.0174,-9.0149,224.0000,-224,-0.439823
TEL,66300,17.8316,17.9722,-8.9979,224.0000,-224,-0.439823
TEL,66400,17.5729,17.9030,-8.9722,224.0000,-224,-0.439823
TEL,66500,17.1364,17.6730,-8.8475,224.0000,-224,-0.439823
TEL,66600,16.5468,17.3624,-8.6730,224.0000,-224,-0.439823
TEL,66700,15.6264,16.5620,-8.1551,224.0000,-224,-0.439823
TEL,66800,15.0799,15.8480,-7.5620,209.4494,-209,-0.410371
TEL,66900,14.1722,14.8397,-6.5257,172.9735,-173,-0.339685
TEL,67000,13.4770,14.1472,-5.8397,148.0450,-148,-0.290597
TEL,67100,12.3600,13.0924,-4.8306,115.3513,-115,-0.225802
TEL,67200,11.4608,12.2605,-4.0924,89.5817,-90,-0.176715
TEL,67300,10.1438,10.9150,-2.8086,46.0228,-46,-0.090321
TEL,67400,8.4990,10.0104,-1.9150,15.5171,-26,-0.051051
TEL,67500,8.1628,8.6386,-0.3567,-53.0183,47,0.092284
TEL,67600,8.1938,8.3466,0.3614,-65.9257,66,0.129591
TEL,67700,6.8738,8.3906,0.6094,-54.4936,54,0.106029
TEL,67800,9.3722,8.6695,0.5175,-38.3592,38,0.074613
TEL,67900,10.7266,9.7896,0.0601,-8.7431,9,0.017671
TEL,68000,11.7266,10.8187,-1.2779,47.2788,-36,-0.070686
TEL,68100,12.2610,11.3455,-0.9167,-1.5615,-15,-0.029452
TEL,68200,13.3225,12.5786,-3.0010,94.4385,-25,-0.049087
TEL,68300,11.8792,12.8982,-4.0735,142.5634,-120,-0.235619
TEL,68400,12.9142,13.3668,-3.8982,110.5990,-125,-0.245437
TEL,68500,16.1015,15.1876,-4.8566,156.9043,-141,-0.276853
TEL,68600,16.9555,16.2857,-6.7950,224.0000,-211,-0.414298
TEL,68700,15.4235,15.2188,-7.6756,224.0000,-224,-0.439823
TEL,68800,17.1364,16.3485,-6.8011,224.0000,-224,-0.439823
TEL,68900,17.9637,17.5323,-7.8978,224.0000,-224,-0.439823
TEL,69000,13.5950,16.4913,-8.6985,224.0000,-224,-0.439823
TEL,69100,16.6040,16.4484,-6.5179,192.2764,-192,-0.376991
TEL,69200,17.0154,16.1820,-7.4484,224.0000,-224,-0.439823
TEL,69300,12.7714,15.4437,-7.4727,224.0000,-224,-0.439823
TEL,69400,14.1722,13.8559,-4.3826,128.0000,-175,-0.343612
TEL,69500,14.9843,14.8899,-5.5243,145.4242,-133,-0.261145
TEL,69600,14.6130,14.8375,-5.9034,163.0315,-163,-0.320050
TEL,69700,11.8792,13.1129,-5.7634,160.4725,-160,-0.314159
TEL,69800,12.7714,13.0921,-4.1129,89.4702,-110,-0.215984
TEL,69900,12.0040,12.5852,-3.9562,90.0923,-90,-0.176715
TEL,70000,8.6338,11.3202,-3.3494,72.4826,-72,-0.141372
TEL,70100,9.8520,10.0723,-1.5585,-13.8517,-21,-0.041233
TEL,70200,9.2154,9.7089,-0.9044,-21.9234,22,0.043197
TEL,70300,8.3198,8.9991,-0.5000,-27.6633,28,0.054978
TEL,70400,7.6681,8.6085,0.3915,-45.8842,41,0.080503
TEL,70500,8.7727,8.4965,0.5863,-40.6987,41,0.080503
TEL,70600,9.3326,8.7756,0.2244,-18.0267,27,0.053014
TEL,70700,8.9706,8.9675,0.0325,-9.0882,14,0.027489
TEL,70800,10.5752,9.4732,-0.4732,18.9568,5,0.009817
TEL,70900,11.7872,10.8878,-1.8878,76.9286,-23,-0.045160
TEL,71000,9.5547,10.6746,-1.6746,33.7581,-77,-0.151189
TEL,71100,12.7011,11.7094,-2.7094,104.2897,-35,-0.068722
TEL,71200,13.8370,13.1113,-4.1113,159.9751,-100,-0.196350
TEL,71300,14.7042,14.1912,-5.1912,191.4427,-166,-0.325940
TEL,71400,13.7150,13.6465,-4.6465,166.2961,-187,-0.367174
TEL,71500,15.8343,14.8695,-5.8695,211.2378,-170,-0.333794
TEL,71600,16.4899,15.7782,-6.7782,224.0000,-213,-0.418225
TEL,71700,14.4781,14.5173,-5.5173,191.9004,-220,-0.431969
TEL,71800,16.6040,15.6670,-6.6670,224.0000,-196,-0.384845
TEL,71900,17.3833,16.9610,-7.9610,224.0000,-224,-0.439823
TEL,72000,11.8177,15.4836,-6.4836,164.4447,-220,-0.431969
TEL,72100,16.8960,16.0972,-7.0972,207.9220,-165,-0.323977
TEL,72200,17.3833,16.8337,-7.8337,224.0000,-211,-0.414298
TEL,72300,16.3771,16.9133,-8.0979,224.0000,-224,-0.439823
TEL,72400,15.2254,15.8419,-6.8419,198.4397,-220,-0.431969
TEL,72500,15.6264,15.9925,-7.1283,213.2692,-202,-0.396626
TEL,72600,16.2658,16.1305,-7.1305,214.8131,-215,-0.422151
TEL,72700,14.0448,14.3243,-5.3243,153.2980,-211,-0.414298
TEL,72800,14.6585,14.5427,-5.5427,163.3208,-154,-0.302378
TEL,72900,14.3018,14.4907,-5.4907,161.2287,-161,-0.316123
TEL,73000,9.3922,13.5091,-4.5091,104.1357,-157,-0.308269
TEL,73100,12.3934,12.7021,-3.7021,84.0113,-100,-0.196350
TEL,73200,12.0040,12.4277,-3.4277,78.7478,-80,-0.157080
TEL,73300,8.1938,10.9993,-1.9993,9.8545,-75,-0.147262
TEL,73400,9.7439,10.1048,-1.1048,-25.6197,-9,-0.017671
TEL,73500,9.0260,9.4954,-0.4954,-33.5635,30,0.058905
TEL,73600,8.4003,9.0276,-0.0276,-42.1037,38,0.074613
TEL,73700,7.6271,8.6245,0.3755,-45.6279,44,0.086394
TEL,73800,8.6168,8.5317,0.4683,-36.4850,42,0.082467
TEL,73900,9.5754,8.9396,0.0604,-11.8919,32,0.062832
TEL,74000,7.4933,9.1608,0.0604,-11.8919,12,0.023562
TEL,74100,10.8298,9.7943,-0.2360,-0.0151,0,0.000000
TEL,74200,11.6965,10.7621,-0.7943,30.4376,-30,-0.058905
TEL,74300,9.4728,10.8460,-2.2143,86.6824,-83,-0.162970
TEL,74400,13.2844,11.5249,-1.8460,42.9903,-47,-0.092284
TEL,74500,14.1295,13.6546,-3.6635,137.6554,-96,-0.188496
TEL,74600,14.7042,14.2518,-4.6546,172.0869,-170,-0.333794
TEL,74700,15.4235,15.0027,-5.2518,188.9416,-189,-0.371101
TEL,74800,16.3771,15.6435,-6.0027,208.5252,-209,-0.410371
TEL,74900,16.7781,16.3921,-6.9508,224.0000,-224,-0.439823
TEL,75000,17.0154,16.6916,-7.3921,224.0000,-224,-0.439823
TEL,75100,17.6369,17.1496,-7.8645,224.0000,-224,-0.439823
TEL,75200,17.6369,17.3525,-8.1496,224.0000,-224,-0.439823
TEL,75300,17.5729,17.4674,-8.3525,224.0000,-224,-0.439823
TEL,75400,17.6369,17.5057,-8.4674,224.0000,-224,-0.439823
TEL,75500,17.3210,17.4786,-8.5146,224.0000,-224,-0.439823
TEL,75600,16.8368,17.3568,-8.4786,224.0000,-224,-0.439823
TEL,75700,16.3213,17.0383,-8.2792,224.0000,-224,-0.439823
TEL,75800,16.1015,16.7371,-8.0383,224.0000,-224,-0.439823
TEL,75900,15.3238,15.9865,-7.4888,214.6569,-215,-0.422151
TEL,76000,14.7042,15.3735,-6.9865,194.3021,-194,-0.380918
TEL,76100,13.8370,14.4610,-6.0511,160.2480,-160,-0.314159
TEL,76200,13.0599,13.7977,-5.4610,139.1923,-139,-0.272926
TEL,76300,8.5491,11.5301,-4.4453,104.4325,-104,-0.204204
TEL,76400,10.6001,11.0165,-2.5301,8.4325,-35,-0.068722
TEL,76500,9.8302,10.4092,-1.8381,-0.9213,1,0.001963
TEL,76600,9.1198,9.3926,-1.4092,-21.4369,21,0.041233
TEL,76700,7.6956,8.8216,0.1784,-49.4053,25,0.049087
TEL,76800,8.1474,8.3397,0.6603,-53.4463,52,0.102102
TEL,76900,9.0446,8.5873,0.4127,-31.5866,49,0.096211
TEL,77000,8.1628,8.3427,0.6573,-34.2149,34,0.066759
TEL,77100,10.2368,9.1936,-0.1936,-0.0000,30,0.058905
TEL,77200,11.1233,10.1684,-1.1684,52.9715,-4,-0.007854
TEL,77300,8.9890,10.3272,-1.3272,16.9979,-51,-0.100138
TEL,77400,12.0673,11.0428,-2.0428,68.6446,-20,-0.039270
TEL,77500,13.6348,12.8728,-3.8728,139.4187,-77,-0.151189
TEL,77600,12.0356,12.8276,-3.8276,114.9793,-137,-0.268999
TEL,77700,14.0448,12.6772,-3.6772,130.8919,-119,-0.233656
TEL,77800,15.4737,14.4092,-5.4092,204.9945,-135,-0.265072
TEL,77900,10.7780,13.5996,-4.5996,108.9945,-201,-0.394663
TEL,78000,11.0961,12.8337,-3.8337,12.9945,-152,-0.298451
TEL,78100,17.1364,16.5531,-7.5531,108.9945,-60,-0.117810
TEL,78200,17.8974,17.4693,-8.4693,204.9945,-59,-0.115846
TEL,78300,11.6665,14.5596,-5.5596,108.9945,-150,-0.294524
TEL,78400,16.8368,16.1703,-7.1703,170.6380,-158,-0.310232
TEL,78500,17.8316,17.4129,-8.4129,224.0000,-175,-0.343612
TEL,78600,18.0304,17.7319,-8.7319,224.0000,-224,-0.439823
TEL,78700,17.5093,16.5034,-6.5840,160.4326,-220,-0.431969
TEL,78800,16.8368,16.7268,-7.7268,207.3083,-161,-0.316123
TEL,78900,16.5468,16.6805,-7.6805,211.9408,-207,-0.406444
TEL,79000,12.8782,14.6624,-5.6624,121.0332,-208,-0.408407
TEL,79100,14.0448,14.6313,-5.8634,143.9363,-133,-0.261145
TEL,79200,14.7502,14.7058,-5.7058,148.7927,-145,-0.284707
TEL,79300,9.4323,13.6777,-4.6777,95.0961,-145,-0.284707
TEL,79400,12.8068,13.0266,-4.0266,83.9512,-90,-0.176715
TEL,79500,12.3600,12.7215,-3.7215,81.6141,-82,-0.161007
TEL,79600,11.8484,12.4158,-3.4158,75.5723,-78,-0.153153
TEL,79700,10.2368,10.5997,-1.5997,8.0526,-72,-0.141372
TEL,79800,9.8520,10.2490,-1.2490,1.6817,-8,-0.015708
TEL,79900,8.9340,9.5925,-0.5925,-16.4830,2,0.003927
TEL,80000,7.5330,9.0014,-0.0014,-34.3525,18,0.035343
TEL,80100,8.1783,8.2563,0.7437,-45.4185,38,0.074613
TEL,80200,8.7727,8.4294,0.5705,-29.4787,41,0.080503
TEL,80300,8.2721,8.6146,0.3854,-24.4969,26,0.051051
TEL,80400,9.7439,8.9540,0.0460,-0.0000,20,0.039270
TEL,80500,10.9084,10.0863,-1.0863,42.8088,-4,-0.007854
TEL,80600,11.6965,10.9455,-1.9455,80.4849,-46,-0.090321
TEL,80700,11.8484,10.9457,-1.9457,91.7787,-84,-0.164934
TEL,80800,12.8068,11.9733,-2.9733,130.2352,-96,-0.188496
TEL,80900,13.7961,13.2358,-4.2358,167.3852,-134,-0.263108
TEL,81000,13.3608,12.7688,-3.7688,157.7641,-163,-0.320050
TEL,81100,14.5678,13.8020,-4.8020,189.2930,-162,-0.318086
TEL,81200,15.1281,14.5250,-5.5250,208.7766,-193,-0.378955
TEL,81300,12.9142,14.4007,-5.4007,170.3055,-205,-0.402517
TEL,81400,15.3238,14.6381,-5.6381,184.5223,-174,-0.341648
TEL,81500,16.2107,15.5945,-6.5945,218.5334,-189,-0.371101
TEL,81600,12.4606,14.7970,-5.7970,155.4821,-215,-0.422151
TEL,81700,15.8870,15.0572,-6.0572,185.3525,-156,-0.306305
TEL,81800,16.3213,15.7873,-6.7873,216.4877,-188,-0.369137
TEL,81900,16.7781,16.3550,-7.3550,224.0000,-220,-0.431969
TEL,82000,14.6585,14.7762,-5.7762,179.8554,-220,-0.431969
TEL,82100,16.2107,15.6329,-6.6329,212.6007,-184,-0.361283
TEL,82200,16.2658,16.0029,-7.0029,223.5572,-217,-0.426078
TEL,82300,14.2152,14.5434,-5.5434,166.8860,-220,-0.431969
TEL,82400,15.2254,14.8570,-5.8570,181.4521,-168,-0.329867
TEL,82500,15.0799,15.0565,-6.0565,186.0151,-184,-0.361283
TEL,82600,10.9614,14.3659,-5.3659,142.5752,-182,-0.357356
TEL,82700,13.7554,13.6680,-4.6680,128.2672,-140,-0.274889
TEL,82800,13.6348,13.7103,-4.7103,132.2059,-131,-0.257218
TEL,82900,10.1438,13.0036,-4.0036,94.4316,-128,-0.251327
TEL,83000,11.6965,12.0629,-3.0629,65.6786,-90,-0.176715
TEL,83100,11.5189,11.8175,-2.8175,62.8502,-64,-0.125664
TEL,83200,10.9614,11.5409,-2.5409,55.5751,-60,-0.117810
TEL,83300,10.0297,10.8215,-1.8215,30.6131,-52,-0.102102
TEL,83400,9.4323,10.1743,-1.1743,-3.5262,-27,-0.053014
TEL,83500,8.5491,9.1835,-0.1835,-32.0213,7,0.013744
TEL,83600,8.1168,8.6389,0.3611,-45.4613,36,0.070686
TEL,83700,8.8617,8.5657,0.4343,-33.7225,41,0.080503
TEL,83800,9.3722,8.8357,0.1643,-14.6063,31,0.060868
TEL,83900,10.1438,9.4588,-0.4588,13.7715,11,0.021598
TEL,84000,10.7266,10.0040,-1.0040,38.7674,-18,-0.035343
TEL,84100,11.7266,10.9833,-1.9833,78.2072,-42,-0.082467
TEL,84200,12.1958,11.6051,-2.6051,100.9397,-82,-0.161007
TEL,84300,12.8782,12.3752,-3.3752,124.7647,-105,-0.206167
TEL,84400,13.3225,12.8197,-3.8197,138.0829,-128,-0.251327
TEL,84500,13.9610,13.4687,-4.4687,157.0843,-142,-0.278816
TEL,84600,14.3018,13.8253,-4.8253,166.8149,-161,-0.316123
TEL,84700,14.6585,14.3121,-5.3121,179.0382,-170,-0.333794
TEL,84800,15.0799,14.5916,-5.5916,186.6335,-183,-0.359320
TEL,84900,11.9102,14.1728,-5.1728,148.0454,-183,-0.359320
TEL,85000,13.6348,13.6251,-4.6251,133.8493,-145,-0.284707
TEL,85100,15.3735,14.6815,-5.6815,177.9277,-138,-0.270962
TEL,85200,15.5752,15.1461,-6.1461,196.1604,-182,-0.357356
TEL,85300,14.2152,14.0635,-5.0635,165.2671,-193,-0.378955
TEL,85400,15.1281,14.5842,-5.5842,185.7012,-169,-0.331831
TEL,85500,15.5243,15.1599,-6.1599,202.4294,-190,-0.373064
TEL,85600,11.1508,14.2711,-5.2711,138.2186,-199,-0.390736
TEL,85700,14.6130,14.3919,-5.3919,151.1789,-139,-0.272926
TEL,85800,14.9370,14.6161,-5.6161,164.4426,-155,-0.304342
TEL,85900,10.5256,13.9449,-4.9449,122.4994,-160,-0.314159
TEL,86000,13.5555,13.3933,-4.3933,116.8662,-119,-0.233656
TEL,86100,13.8370,13.6611,-4.6611,130.9425,-121,-0.237583
TEL,86200,13.5950,13.6587,-4.6587,132.9679,-133,-0.261145
TEL,86300,11.9413,11.9015,-2.9015,83.3622,-129,-0.253291
TEL,86400,12.4269,12.1968,-3.1968,96.4515,-85,-0.166897
TEL,86500,12.0040,12.2110,-3.2110,95.2251,-95,-0.186532
TEL,86600,9.6590,11.1989,-2.1989,46.2372,-91,-0.178678
TEL,86700,10.5752,10.7231,-1.7231,25.2609,-44,-0.086394
TEL,86800,10.1669,10.5371,-1.5371,21.9313,-23,-0.045160
TEL,86900,7.3132,10.2236,-1.5371,21.9313,-22,-0.043197
TEL,87000,8.5659,9.3970,-0.7773,-2.3250,2,0.003927
TEL,87100,8.1628,8.6413,-0.0849,-26.1473,26,0.051051
TEL,87200,8.2721,8.3987,0.3587,-37.9410,38,0.074613
TEL,87300,8.3198,8.2455,0.7784,-43.5233,44,0.086394
TEL,87400,9.1578,8.5214,0.6435,-29.1652,29,0.056941
TEL,87500,9.9179,9.2057,0.0500,-0.1609,5,0.009817
TEL,87600,9.8302,9.5960,-0.4961,24.3716,-22,-0.043197
TEL,87700,10.9349,10.1357,-0.5485,20.5920,-21,-0.041233
TEL,87800,11.6665,10.8515,-1.4744,56.1632,-48,-0.094248
TEL,87900,9.5136,10.8622,-2.5532,98.1471,-84,-0.164934
TEL,88000,12.2283,11.4297,-2.0359,82.0556,-82,-0.161007
TEL,88100,13.1713,12.5479,-3.2067,123.9696,-110,-0.215984
TEL,88200,9.6801,11.7981,-3.9081,148.6553,-146,-0.286670
TEL,88300,13.0599,12.0245,-2.4870,103.3536,-120,-0.235619
TEL,88400,14.1295,13.2807,-3.6806,152.0369,-132,-0.259181
TEL,88500,14.7502,14.2922,-5.0390,191.5968,-176,-0.345575
TEL,88600,12.4944,13.0761,-4.4968,138.2132,-167,-0.327904
TEL,88700,14.8430,14.1508,-4.7712,158.3910,-151,-0.296488
TEL,88800,15.4737,14.8021,-5.4613,184.7535,-181,-0.355393
TEL,88900,10.3553,12.4592,-5.0813,137.4867,-156,-0.306305
TEL,89000,14.6585,13.8194,-4.0894,132.2596,-132,-0.259181
TEL,89100,15.3735,14.9408,-5.6892,187.7964,-162,-0.318086
TEL,89200,15.5243,15.2236,-6.1003,200.3624,-200,-0.392699
TEL,89300,14.3018,13.9430,-4.7328,147.0462,-170,-0.333794
TEL,89400,14.7502,14.3730,-5.2027,168.0450,-165,-0.323977
TEL,89500,14.8899,14.6506,-5.5804,177.9072,-178,-0.349502
TEL,89600,12.9503,13.3728,-4.6680,115.9555,-149,-0.292561
TEL,89700,13.8370,13.7265,-4.6884,123.8841,-124,-0.243473
TEL,89800,13.8781,13.8042,-4.7861,133.5216,-134,-0.263108
TEL,89900,11.9413,12.8776,-4.2654,103.7254,-109,-0.214021
TEL,90000,12.5284,12.6893,-3.7521,91.2178,-91,-0.178678
TEL,90100,12.3934,12.6086,-3.6533,93.6401,-94,-0.184569
TEL,90200,12.0673,12.4797,-3.5574,93.6760,-94,-0.184569
TEL,90300,10.8298,11.4749,-2.7537,62.5690,-69,-0.135481
TEL,90400,10.8038,11.1344,-2.2695,47.1690,-47,-0.092284
TEL,90500,8.1628,10.0743,-1.7611,31.4656,-31,-0.060868
TEL,90600,9.2541,9.3350,-0.3930,-35.1978,-1,-0.001963
TEL,90700,8.5659,8.9257,-0.0497,-36.3947,36,0.070686
TEL,90800,8.1938,8.6464,0.2129,-37.8973,38,0.074613
TEL,90900,7.5197,8.2999,0.7001,-44.6313,42,0.082467
TEL,91000,8.6682,8.3699,0.6301,-32.2353,41,0.080503
TEL,91100,9.4525,8.8091,0.1909,-0.0000,28,0.054978
TEL,91200,7.9521,8.7418,0.2582,-20.1381,4,0.007854
TEL,91300,10.5752,9.3709,0.2224,-0.0645,16,0.031416
TEL,91400,11.0149,10.3256,-1.3256,55.4045,-4,-0.007854
TEL,91500,11.9102,11.3640,-2.3640,92.6241,-62,-0.121737
TEL,91600,11.3462,10.8995,-1.8995,82.9272,-89,-0.174751
TEL,91700,12.7714,12.0564,-3.0564,123.1262,-87,-0.170824
TEL,91800,13.3608,12.7921,-3.7921,146.5624,-127,-0.249364
TEL,91900,14.0027,13.5072,-4.2910,159.3368,-151,-0.296488
TEL,92000,14.3018,13.8584,-4.8584,173.0673,-163,-0.320050
TEL,92100,14.7042,14.2953,-5.2953,182.6421,-177,-0.347539
TEL,92200,14.8899,14.4930,-5.4930,185.3621,-185,-0.363247
TEL,92300,15.2254,14.8002,-5.8002,192.2203,-189,-0.371101
TEL,92400,15.2745,14.9651,-5.9651,194.4488,-194,-0.380918
TEL,92500,15.1766,15.0809,-6.0616,194.4052,-194,-0.380918
TEL,92600,15.0320,15.0990,-6.0990,191.5553,-192,-0.376991
TEL,92700,14.8899,15.0414,-6.0414,186.7324,-189,-0.371101
TEL,92800,14.7502,14.9793,-5.9793,182.3531,-184,-0.361283
TEL,92900,14.3455,14.7978,-5.7978,173.8423,-178,-0.349502
TEL,93000,14.0027,14.5969,-5.5969,164.2576,-170,-0.333794
TEL,93100,13.3608,14.0975,-5.0975,143.7715,-160,-0.314159
TEL,93200,12.9142,13.6415,-4.6415,124.6591,-140,-0.274889
TEL,93300,12.1958,12.8491,-3.8491,96.1931,-121,-0.237583
TEL,93400,11.7568,12.3242,-3.3242,77.9216,-92,-0.180642
TEL,93500,10.7522,11.4154,-2.4154,46.9798,-74,-0.145299
TEL,93600,9.5754,10.6058,-1.6058,0.1284,-43,-0.084430
TEL,93700,9.0821,9.5843,-0.5843,-24.9636,3,0.005890
TEL,93800,8.5491,9.0952,-0.0952,-35.7819,29,0.056941
TEL,93900,7.6818,8.4953,0.5047,-47.2727,40,0.078540
TEL,94000,8.4330,8.3798,0.6202,-39.7049,43,0.084430
TEL,94100,9.2347,8.7068,0.2932,-19.0635,36,0.070686
TEL,94200,7.5731,8.5726,0.4274,-31.1360,23,0.045160
TEL,94300,10.3314,9.3648,-0.3648,9.9648,27,0.053014
TEL,94400,11.0418,10.1954,-1.1954,48.5815,-14,-0.027489
TEL,94500,9.4932,10.4708,-1.4708,29.2349,-45,-0.088357
TEL,94600,11.6071,10.7229,-1.7229,54.6410,-33,-0.064795
TEL,94700,13.1340,12.3237,-3.3237,122.3425,-59,-0.115846
TEL,94800,10.0750,11.7405,-2.7405,64.9525,-120,-0.235619
TEL,94900,12.8782,12.2251,-3.2251,110.8503,-71,-0.139408
TEL,95000,14.5228,13.7260,-4.7260,174.6056,-105,-0.206167
TEL,95100,15.7818,15.1373,-6.1373,220.4655,-178,-0.349502
TEL,95200,11.3179,12.2846,-3.2846,124.4655,-218,-0.428042
TEL,95300,16.2107,15.1795,-6.1795,211.1801,-139,-0.272926
TEL,95400,16.7781,16.2923,-7.2923,224.0000,-153,-0.300415
TEL,95500,12.1635,15.3509,-6.3509,165.0859,-222,-0.435896
TEL,95600,16.3213,15.6010,-6.6010,193.9599,-170,-0.333794
TEL,95700,17.5729,16.9444,-7.9444,224.0000,-196,-0.384845
TEL,95800,17.7014,17.3635,-8.3635,224.0000,-224,-0.439823
TEL,95900,15.5243,16.0985,-7.0985,207.3706,-220,-0.431969
TEL,96000,16.8960,16.4605,-7.4605,224.0000,-210,-0.412334
TEL,96100,17.1976,16.9846,-7.9846,224.0000,-224,-0.439823
TEL,96200,11.0689,14.1282,-5.1282,128.0000,-220,-0.431969
TEL,96300,16.2107,15.6016,-6.6016,168.1980,-143,-0.280780
TEL,96400,15.8870,15.8415,-6.8415,184.6553,-156,-0.306305
TEL,96500,10.7011,14.8552,-5.8552,130.7082,-181,-0.355393
TEL,96600,13.8370,13.9522,-4.9522,113.4938,-125,-0.245437
TEL,96700,13.9610,14.0239,-5.0239,125.1087,-117,-0.229729
TEL,96800,13.5161,13.8883,-4.8883,125.8194,-126,-0.247400
TEL,96900,11.9102,12.3229,-3.3229,76.6729,-123,-0.241510
TEL,97000,11.8484,12.0956,-3.0956,73.2480,-76,-0.149226
TEL,97100,11.0149,11.6114,-2.6114,58.1654,-69,-0.135481
TEL,97200,8.9523,10.0454,-1.0454,-19.2064,-55,-0.107992
TEL,97300,9.1769,9.4179,-0.4179,-26.6127,16,0.031416
TEL,97400,8.5659,9.0832,-0.0832,-31.6685,30,0.058905
TEL,97500,6.4508,8.8698,-0.0832,-31.6685,32,0.062832
TEL,97600,8.2879,8.5024,0.4102,-37.0281,37,0.072649
TEL,97700,9.2736,8.7737,0.4561,-29.0636,29,0.056941
TEL,97800,9.8739,9.1511,0.0630,-0.0000,1,0.001963
TEL,97900,10.0978,9.4414,0.0416,-12.8619,13,0.025525
TEL,98000,11.1233,10.1895,-0.7705,24.5507,-23,-0.045160
TEL,98100,12.1958,11.4811,-1.6141,61.8735,-60,-0.117810
TEL,98200,10.9084,11.5166,-2.8514,109.0783,-102,-0.200277
TEL,98300,13.0969,12.3711,-2.6947,103.3779,-103,-0.202240
TEL,98400,13.9610,13.1731,-3.7606,141.4338,-139,-0.272926
TEL,98500,9.8739,12.0980,-4.5276,167.6617,-168,-0.329867
TEL,98600,14.1722,13.1421,-3.4662,138.5612,-139,-0.272926
TEL,98700,15.5243,14.9420,-4.8229,191.2649,-182,-0.357356
TEL,98800,12.6315,14.3202,-6.2547,224.0000,-224,-0.439823
TEL,98900,15.6779,14.7478,-3.6858,128.0000,-173,-0.339685
TEL,99000,16.1559,15.7291,-6.3785,196.2041,-133,-0.261145
TEL,99100,16.7781,16.4888,-7.0440,224.0000,-211,-0.414298
TEL,99200,14.7965,15.1154,-6.3838,165.7035,-192,-0.376991
TEL,99300,16.6040,15.9258,-6.3244,178.0115,-177,-0.347539
TEL,99400,16.8960,16.4194,-7.2004,216.4681,-214,-0.420188
TEL,99500,13.1713,14.3553,-7.5791,224.0000,-224,-0.439823
TEL,99600,15.9936,15.3816,-5.9091,198.9729,-199,-0.390736
TEL,99700,16.2107,16.0290,-6.6709,224.0000,-224,-0.439823
TEL,99800,11.9726,15.1438,-7.0194,224.0000,-224,-0.439823
TEL,99900,14.6130,13.9758,-4.3174,128.0000,-175,-0.343612
TEL,100000,14.6130,14.4288,-5.3260,137.9926,-133,-0.261145
TEL,100100,14.3455,14.4296,-5.4692,149.8118,-150,-0.294524
TEL,100200,12.5626,13.2413,-4.6297,102.9906,-110,-0.215984
TEL,100300,12.8068,13.0100,-4.1112,93.5129,-94,-0.184569
TEL,100400,12.3934,12.8204,-3.9290,93.9647,-94,-0.184569
TEL,100500,10.0523,11.1398,-3.6860,89.1857,-89,-0.174751
TEL,100600,10.4764,10.7508,-1.9001,34.0188,-45,-0.088357
TEL,100700,9.7869,10.3710,-1.6908,21.5371,-22,-0.043197
TEL,100800,9.2347,9.9252,-1.1676,6.3477,-6,-0.011781
TEL,100900,8.3038,9.0081,-0.6318,-12.2475,12,0.023562
TEL,101000,8.1938,8.5562,0.2765,-38.8510,39,0.076576
TEL,101100,8.8081,8.5952,0.4790,-36.4510,36,0.070686
