BALL_BEAM_BOOT
HELP,keys
MENU,bringup
MENU,state=SAFE_DISABLED,zero=yes,limits=yes,sign=yes,angle_ok=no,sonar_ok=no
MENU,sonar=flat_target_then_sonar_diag
STATE,SAFE_DISABLED
SENSORS,angle=bad,pos=bad
MEAS,theta_deg=0.0000,x_cm=0.0000,x_filt_cm=0.0000
AGE,angle_ms=9,pos_ms=9
FAULTS,bits=0
CAL,zero_calibrated=yes,limits_calibrated=yes,sign_calibrated=yes
CAL_STORE,status=loaded
TEL,enabled=1
FAULT_INFO,bits=0
FAULT_INFO,mode=bringup_warning
FAULT_INFO,none
GUIDE,step=angle_sensor,do=check_AS5600_then_s
TEL,353,SAFE_DISABLED,0.0000,0.0000,-90.5411,0.0000,0.00,4
TEL,453,SAFE_DISABLED,0.0000,0.0000,-90.5662,0.0000,0.00,4
TEL,553,SAFE_DISABLED,0.0000,0.0000,-90.5614,0.0000,0.00,4
TEL,653,SAFE_DISABLED,0.0000,0.0000,-90.5433,0.0000,0.00,4
TEL,753,SAFE_DISABLED,0.0000,0.0000,-90.5603,0.0000,0.00,4
TEL,854,SAFE_DISABLED,0.0000,0.0000,-90.5694,0.0000,0.00,4
TEL,954,SAFE_DISABLED,0.0000,0.0000,-90.5581,0.0000,0.00,4
TEL,1054,SAFE_DISABLED,0.0000,0.0000,-90.5627,0.0000,0.00,4
TEL,1154,SAFE_DISABLED,0.0000,0.0000,-90.5569,0.0000,0.00,4
TEL,1254,SAFE_DISABLED,0.0000,0.0000,-90.5689,0.0000,0.00,4
TEL,1354,SAFE_DISABLED,0.0000,0.0000,-90.5709,0.0000,0.00,5
TEL,1454,SAFE_DISABLED,0.0000,0.0000,-90.5712,0.0000,0.00,5
TEL,1554,SAFE_DISABLED,0.0000,0.0000,-90.5713,0.0000,0.00,5
TEL,1654,SAFE_DISABLED,0.0000,0.0000,-90.5359,0.0000,0.00,5
TEL,1754,SAFE_DISABLED,0.0000,0.0000,-90.5590,0.0000,0.00,5
TEL,1854,SAFE_DISABLED,0.0000,0.0000,-90.5563,0.0000,0.00,5
TEL,1954,SAFE_DISABLED,0.0000,0.0000,-90.5688,0.0000,0.00,5
TEL,2054,SAFE_DISABLED,0.0000,0.0000,-90.5709,0.0000,0.00,5
TEL,2154,SAFE_DISABLED,0.0000,0.0000,-90.5449,0.0000,0.00,5
TEL,2254,SAFE_DISABLED,0.0000,0.0000,-90.5605,0.0000,0.00,5
TEL,2354,SAFE_DISABLED,0.0000,0.0000,-90.5695,0.0000,0.00,5
TEL,2454,SAFE_DISABLED,0.0000,0.0000,-90.5647,0.0000,0.00,5
TEL,2554,SAFE_DISABLED,0.0000,0.0000,-90.5702,0.0000,0.00,5
TEL,2654,SAFE_DISABLED,0.0000,0.0000,-90.5397,0.0000,0.00,5
TEL,2754,SAFE_DISABLED,0.0000,0.0000,-90.5660,0.0000,0.00,5
TEL,2854,SAFE_DISABLED,0.0000,0.0000,-90.5440,0.0000,0.00,5
TEL,2954,SAFE_DISABLED,0.0000,0.0000,-90.5577,0.0000,0.00,5
TEL,3054,SAFE_DISABLED,0.0000,0.0000,-90.5600,0.0000,0.00,5
TEL,3154,SAFE_DISABLED,0.0000,0.0000,-90.5430,0.0000,0.00,5
TEL,3254,SAFE_DISABLED,0.0000,0.0000,-90.5481,0.0000,0.00,5
TEL,3354,SAFE_DISABLED,0.0000,0.0000,-90.5674,0.0000,0.00,5
TEL,3454,SAFE_DISABLED,0.0000,0.0000,-90.5706,0.0000,0.00,5
TEL,3554,SAFE_DISABLED,0.0000,0.0000,-90.5712,0.0000,0.00,5
TEL,3654,SAFE_DISABLED,0.0000,0.0000,-90.5713,0.0000,0.00,5
TEL,3755,SAFE_DISABLED,0.0000,0.0000,-90.5713,0.0000,0.00,5
TEL,3855,SAFE_DISABLED,0.0000,0.0000,-90.5650,0.0000,0.00,5
TEL,3955,SAFE_DISABLED,0.0000,0.0000,-90.5639,0.0000,0.00,5
TEL,4055,SAFE_DISABLED,0.0000,0.0000,-90.5701,0.0000,0.00,5
TEL,4155,SAFE_DISABLED,0.0000,0.0000,-90.5711,0.0000,0.00,5
TEL,4255,SAFE_DISABLED,0.0000,0.0000,-90.5713,0.0000,0.00,5
TEL,4355,SAFE_DISABLED,0.0000,0.0000,-90.5713,0.0000,0.00,5
TEL,4455,SAFE_DISABLED,0.0000,0.0000,-90.5449,0.0000,0.00,5
TEL,4555,SAFE_DISABLED,0.0000,0.0000,-90.5484,0.0000,0.00,5
TEL,4655,SAFE_DISABLED,0.0000,0.0000,-90.5674,0.0000,0.00,5
TEL,4755,SAFE_DISABLED,0.0000,0.0000,-90.5706,0.0000,0.00,5
TEL,4855,SAFE_DISABLED,0.0000,0.0000,-90.5712,0.0000,0.00,5
TEL,4955,SAFE_DISABLED,0.0000,0.0000,-90.5713,0.0000,0.00,5
TEL,5055,SAFE_DISABLED,0.0000,0.0000,-90.5713,0.0000,0.00,5
TEL,5155,SAFE_DISABLED,0.0000,0.0000,-90.5713,0.0000,0.00,5
TEL,5255,SAFE_DISABLED,0.0000,0.0000,-90.5449,0.0000,0.00,5
TEL,5355,SAFE_DISABLED,0.0000,0.0000,-90.5220,0.0000,0.00,5
TEL,5455,SAFE_DISABLED,0.0000,0.0000,-90.5540,0.0000,0.00,5
TEL,5555,SAFE_DISABLED,0.0000,0.0000,-90.5291,0.0000,0.00,5
TEL,5655,SAFE_DISABLED,0.0000,0.0000,-90.5579,0.0000,0.00,5
TEL,5755,SAFE_DISABLED,0.0000,0.0000,-90.5690,0.0000,0.00,5
TEL,5855,SAFE_DISABLED,0.0000,0.0000,-90.5292,0.0000,0.00,5
TEL,5955,SAFE_DISABLED,0.0000,0.0000,-90.5552,0.0000,0.00,5
TEL,6055,SAFE_DISABLED,0.0000,0.0000,-90.5686,0.0000,0.00,5
TEL,6155,SAFE_DISABLED,0.0000,0.0000,-90.5316,0.0000,0.00,5
TEL,6255,SAFE_DISABLED,0.0000,0.0000,-90.5583,0.0000,0.00,5
TEL,6355,SAFE_DISABLED,0.0000,0.0000,-90.5562,0.0000,0.00,5
TEL,6455,SAFE_DISABLED,0.0000,0.0000,-90.5283,0.0000,0.00,5
TEL,6555,SAFE_DISABLED,0.0000,0.0000,-90.5456,0.0000,0.00,5
TEL,6656,SAFE_DISABLED,0.0000,0.0000,-90.5516,0.0000,0.00,5
TEL,6756,SAFE_DISABLED,0.0000,0.0000,-90.5551,0.0000,0.00,5
TEL,6856,SAFE_DISABLED,0.0000,0.0000,-90.5501,0.0000,0.00,5
TEL,6956,SAFE_DISABLED,0.0000,0.0000,-90.5677,0.0000,0.00,5
TEL,7056,SAFE_DISABLED,0.0000,0.0000,-90.5514,0.0000,0.00,5
TEL,7156,SAFE_DISABLED,0.0000,0.0000,-90.5353,0.0000,0.00,5
TEL,7256,SAFE_DISABLED,0.0000,0.0000,-90.5141,0.0000,0.00,5
TEL,7356,SAFE_DISABLED,0.0000,0.0000,-90.5240,0.0000,0.00,5
TEL,7456,SAFE_DISABLED,0.0000,0.0000,-90.5504,0.0000,0.00,5
TEL,7556,SAFE_DISABLED,0.0000,0.0000,-90.5524,0.0000,0.00,5
TEL,7656,SAFE_DISABLED,0.0000,0.0000,-90.5264,0.0000,0.00,5
TEL,7756,SAFE_DISABLED,0.0000,0.0000,-90.5233,0.0000,0.00,5
TEL,7856,SAFE_DISABLED,0.0000,0.0000,-90.5503,0.0000,0.00,5
TEL,7956,SAFE_DISABLED,0.0000,0.0000,-90.5010,0.0000,0.00,5
TEL,8056,SAFE_DISABLED,0.0000,0.0000,-90.4954,0.0000,0.00,5
TEL,8156,SAFE_DISABLED,0.0000,0.0000,-90.5129,0.0000,0.00,5
TEL,8256,SAFE_DISABLED,0.0000,0.0000,-90.5615,0.0000,0.00,5
TEL,8356,SAFE_DISABLED,0.0000,0.0000,-90.5421,0.0000,0.00,5
TEL,8456,SAFE_DISABLED,0.0000,0.0000,-90.5664,0.0000,0.00,5
TEL,8556,SAFE_DISABLED,0.0000,0.0000,-90.5037,0.0000,0.00,5
TEL,8656,SAFE_DISABLED,0.0000,0.0000,-90.5022,0.0000,0.00,5
TEL,8756,SAFE_DISABLED,0.0000,0.0000,-90.5085,0.0000,0.00,5
TEL,8856,SAFE_DISABLED,0.0000,0.0000,-90.5151,0.0000,0.00,5
TEL,8956,SAFE_DISABLED,0.0000,0.0000,-90.5041,0.0000,0.00,5
TEL,9056,SAFE_DISABLED,0.0000,0.0000,-90.5152,0.0000,0.00,5
TEL,9156,SAFE_DISABLED,0.0000,0.0000,-90.5214,0.0000,0.00,5
TEL,9256,SAFE_DISABLED,0.0000,0.0000,-90.4961,0.0000,0.00,5
TEL,9356,SAFE_DISABLED,0.0000,0.0000,-90.5402,0.0000,0.00,5
TEL,9456,SAFE_DISABLED,0.0000,0.0000,-90.5257,0.0000,0.00,5
TEL,9556,SAFE_DISABLED,0.0000,0.0000,-90.5098,0.0000,0.00,5
TEL,9656,SAFE_DISABLED,0.0000,0.0000,-90.5456,0.0000,0.00,5
TEL,9756,SAFE_DISABLED,0.0000,0.0000,-90.5343,0.0000,0.00,5
TEL,9856,SAFE_DISABLED,0.0000,0.0000,-90.5458,0.0000,0.00,5
TEL,9956,SAFE_DISABLED,0.0000,0.0000,-90.5222,0.0000,0.00,5
TEL,10056,SAFE_DISABLED,0.0000,0.0000,-90.5253,0.0000,0.00,5
TEL,10156,SAFE_DISABLED,0.0000,0.0000,-90.5259,0.0000,0.00,5
TEL,10256,SAFE_DISABLED,0.0000,0.0000,-90.5637,0.0000,0.00,5
TEL,10356,SAFE_DISABLED,0.0000,0.0000,-90.5346,0.0000,0.00,5
TEL,10456,SAFE_DISABLED,0.0000,0.0000,-90.5467,0.0000,0.00,5
TEL,10556,SAFE_DISABLED,0.0000,0.0000,-90.5267,0.0000,0.00,5
TEL,10656,SAFE_DISABLED,0.0000,0.0000,-90.5182,0.0000,0.00,5
TEL,10756,SAFE_DISABLED,0.0000,0.0000,-90.5439,0.0000,0.00,5
TEL,10856,SAFE_DISABLED,0.0000,0.0000,-90.4999,0.0000,0.00,5
TEL,10956,SAFE_DISABLED,0.0000,0.0000,-90.4991,0.0000,0.00,5
TEL,11056,SAFE_DISABLED,0.0000,0.0000,-90.5265,0.0000,0.00,5
TEL,11156,SAFE_DISABLED,0.0000,0.0000,-90.5355,0.0000,0.00,5
TEL,11256,SAFE_DISABLED,0.0000,0.0000,-90.5260,0.0000,0.00,5
TEL,11356,SAFE_DISABLED,0.0000,0.0000,-90.5059,0.0000,0.00,5
TEL,11456,SAFE_DISABLED,0.0000,0.0000,-90.5199,0.0000,0.00,5
TEL,11556,SAFE_DISABLED,0.0000,0.0000,-90.5627,0.0000,0.00,5
TEL,11656,SAFE_DISABLED,0.0000,0.0000,-90.5371,0.0000,0.00,5
TEL,11756,SAFE_DISABLED,0.0000,0.0000,-90.5526,0.0000,0.00,5
TEL,11856,SAFE_DISABLED,0.0000,0.0000,-90.5682,0.0000,0.00,5
TEL,11956,SAFE_DISABLED,0.0000,0.0000,-90.5444,0.0000,0.00,5
TEL,12056,SAFE_DISABLED,0.0000,0.0000,-90.5483,0.0000,0.00,5
TEL,12156,SAFE_DISABLED,0.0000,0.0000,-90.5411,0.0000,0.00,5
TEL,12256,SAFE_DISABLED,0.0000,0.0000,-90.5508,0.0000,0.00,5
TEL,12356,SAFE_DISABLED,0.0000,0.0000,-90.5101,0.0000,0.00,5
TEL,12456,SAFE_DISABLED,0.0000,0.0000,-90.5346,0.0000,0.00,5
TEL,12556,SAFE_DISABLED,0.0000,0.0000,-90.5498,0.0000,0.00,5
TEL,12656,SAFE_DISABLED,0.0000,0.0000,-90.5130,0.0000,0.00,5
TEL,12756,SAFE_DISABLED,0.0000,0.0000,-90.5340,0.0000,0.00,5
TEL,12856,SAFE_DISABLED,0.0000,0.0000,-90.5521,0.0000,0.00,5
TEL,12956,SAFE_DISABLED,0.0000,0.0000,-90.5433,0.0000,0.00,5
TEL,13056,SAFE_DISABLED,0.0000,0.0000,-90.5248,0.0000,0.00,5
TEL,13156,SAFE_DISABLED,0.0000,0.0000,-90.5352,0.0000,0.00,5
STATE,SAFE_DISABLED
SENSORS,angle=ok,pos=bad
MEAS,theta_deg=-90.5326,x_cm=0.0000,x_filt_cm=0.0000
AGE,angle_ms=8,pos_ms=12967
FAULTS,bits=5
CAL,zero_calibrated=yes,limits_calibrated=yes,sign_calibrated=yes
CAL_STORE,status=loaded
TEL,enabled=1
FAULT_INFO,bits=5
FAULT_INFO,mode=bringup_warning
FAULT_INFO,sonar_timeout=1
FAULT_INFO,angle_oob=1
GUIDE,step=sonar_sensor,do=flat_target_then_sonar_diag
TEL,13256,SAFE_DISABLED,0.0000,0.0000,-85.2180,0.0000,0.00,5
AS5600_DIAG,1,35.3320,-73.6437,0,142.86
GUIDE,step=sonar_sensor,do=flat_target_then_sonar_diag
SONAR_DIAG,has_sample=0,fresh=0,timeout=1,age_ms=4294967295,raw_cm=0.0000,filt_cm=0.0000,valid_streak=0,timeout_cnt=325,jump_reject_cnt=0
GUIDE,step=sonar_sensor,do=flat_target_then_sonar_diag
TEL,13356,SAFE_DISABLED,0.0000,0.0000,-50.6394,0.0000,0.00,5
FAULT_INFO,bits=5
FAULT_INFO,mode=bringup_warning
FAULT_INFO,sonar_timeout=1
FAULT_INFO,angle_oob=1
SONAR_DIAG,has_sample=0,fresh=0,timeout=1,age_ms=4294967295,raw_cm=0.0000,filt_cm=0.0000,valid_streak=0,timeout_cnt=326,jump_reject_cnt=0
GUIDE,step=sonar_sensor,do=flat_target_then_sonar_diag
TEL,13456,SAFE_DISABLED,0.0000,0.0000,-27.7725,0.0000,0.00,5
TEL,13556,SAFE_DISABLED,0.0000,0.0000,-21.0829,0.0000,0.00,5
TEL,13656,SAFE_DISABLED,0.0000,0.0000,-19.9586,0.0000,0.00,1
TEL,13756,SAFE_DISABLED,0.0000,0.0000,-19.7696,0.0000,0.00,1
TEL,13856,SAFE_DISABLED,0.0000,0.0000,-19.7379,0.0000,0.00,1
TEL,13956,SAFE_DISABLED,0.0000,0.0000,-19.7325,0.0000,0.00,1
TEL,14056,SAFE_DISABLED,0.0000,0.0000,-19.7316,0.0000,0.00,1
TEL,14156,SAFE_DISABLED,0.0000,0.0000,-19.7315,0.0000,0.00,1
TEL,14256,SAFE_DISABLED,0.0000,0.0000,-19.7314,0.0000,0.00,1
TEL,14356,SAFE_DISABLED,0.0000,0.0000,-19.7314,0.0000,0.00,1
TEL,14456,SAFE_DISABLED,0.0000,0.0000,-19.7314,0.0000,0.00,1
TEL,14556,SAFE_DISABLED,0.0000,0.0000,-19.7314,0.0000,0.00,1
TEL,14656,SAFE_DISABLED,0.0000,0.0000,-19.7314,0.0000,0.00,1
TEL,14756,SAFE_DISABLED,0.0000,0.0000,-19.7314,0.0000,0.00,1
TEL,14856,SAFE_DISABLED,0.0000,0.0000,-19.7314,0.0000,0.00,1
TEL,14956,SAFE_DISABLED,0.0000,0.0000,-19.7314,0.0000,0.00,1
TEL,15056,SAFE_DISABLED,0.0000,0.0000,-19.7314,0.0000,0.00,1
TEL,15156,SAFE_DISABLED,0.0000,0.0000,-19.7314,0.0000,0.00,1
TEL,15256,SAFE_DISABLED,0.0000,0.0000,-19.7314,0.0000,0.00,1
TEL,15356,SAFE_DISABLED,0.0000,0.0000,-19.7314,0.0000,0.00,1
TEL,15456,SAFE_DISABLED,0.0000,0.0000,-19.7314,0.0000,0.00,1
TEL,15556,SAFE_DISABLED,0.0000,0.0000,-19.7314,0.0000,0.00,1
STATE,SAFE_DISABLED
SENSORS,angle=ok,pos=bad
MEAS,theta_deg=-19.7314,x_cm=0.0000,x_filt_cm=0.0000
AGE,angle_ms=9,pos_ms=15404
FAULTS,bits=1
CAL,zero_calibrated=yes,limits_calibrated=yes,sign_calibrated=yes
CAL_STORE,status=loaded
TEL,enabled=1
FAULT_INFO,bits=1
FAULT_INFO,mode=bringup_warning
FAULT_INFO,sonar_timeout=1
GUIDE,step=sonar_sensor,do=flat_target_then_sonar_diag
TEL,15681,SAFE_DISABLED,0.0000,0.0000,-19.7314,0.0000,0.00,1
AS5600_DIAG,1,35.3320,-27.2314,0,125.00
GUIDE,step=sonar_sensor,do=flat_target_then_sonar_diag
SONAR_DIAG,has_sample=0,fresh=0,timeout=1,age_ms=4294967295,raw_cm=0.0000,filt_cm=0.0000,valid_streak=0,timeout_cnt=385,jump_reject_cnt=0
GUIDE,step=sonar_sensor,do=flat_target_then_sonar_diag
TEL,15781,SAFE_DISABLED,0.0000,0.0000,-22.3039,0.0000,0.00,5
FAULT_INFO,bits=5
FAULT_INFO,mode=bringup_warning
FAULT_INFO,sonar_timeout=1
FAULT_INFO,angle_oob=1
SONAR_DIAG,has_sample=0,fresh=0,timeout=1,age_ms=4294967295,raw_cm=0.0000,filt_cm=0.0000,valid_streak=0,timeout_cnt=386,jump_reject_cnt=0
GUIDE,step=sonar_sensor,do=flat_target_then_sonar_diag
TEL,15883,SAFE_DISABLED,0.0000,0.0000,-21.4822,0.0000,0.00,5
TEL,15983,SAFE_DISABLED,0.0000,0.0000,-23.2649,0.0000,0.00,5
TEL,16083,SAFE_DISABLED,0.0000,0.0000,-20.3253,0.0000,0.00,1
TEL,16183,SAFE_DISABLED,0.0000,0.0000,-21.1496,0.0000,0.00,5
TEL,16283,SAFE_DISABLED,0.0000,0.0000,-21.8061,0.0000,0.00,5
TEL,16385,SAFE_DISABLED,0.0000,0.0000,-20.0801,0.0000,0.00,1
TEL,16485,SAFE_DISABLED,0.0000,0.0000,-19.7900,0.0000,0.00,1
TEL,16585,SAFE_DISABLED,0.0000,0.0000,-19.7413,0.0000,0.00,1
TEL,16686,SAFE_DISABLED,0.0000,0.0000,-19.7331,0.0000,0.00,1
TEL,16786,SAFE_DISABLED,0.0000,0.0000,-19.7317,0.0000,0.00,1
TEL,16886,SAFE_DISABLED,0.0000,0.0000,-19.7315,0.0000,0.00,1
TEL,16986,SAFE_DISABLED,0.0000,0.0000,-19.7315,0.0000,0.00,1
TEL,17086,SAFE_DISABLED,0.0000,0.0000,-19.7314,0.0000,0.00,1
TEL,17186,SAFE_DISABLED,0.0000,0.0000,-19.7314,0.0000,0.00,1
TEL,17286,SAFE_DISABLED,0.0000,0.0000,-19.7314,0.0000,0.00,1
TEL,17386,SAFE_DISABLED,0.0000,0.0000,-19.7314,0.0000,0.00,1
TEL,17486,SAFE_DISABLED,0.0000,0.0000,-19.7314,0.0000,0.00,1
TEL,17586,SAFE_DISABLED,0.0000,0.0000,-19.7314,0.0000,0.00,1
TEL,17686,SAFE_DISABLED,0.0000,0.0000,-19.7314,0.0000,0.00,1
TEL,17786,SAFE_DISABLED,0.0000,0.0000,-19.7314,0.0000,0.00,1
TEL,17886,SAFE_DISABLED,0.0000,0.0000,-19.7314,0.0000,0.00,1
TEL,17986,SAFE_DISABLED,0.0000,0.0000,-19.7314,0.0000,0.00,1
TEL,18086,SAFE_DISABLED,0.0000,0.0000,-19.7314,0.0000,0.00,1
TEL,18186,SAFE_DISABLED,0.0000,0.0000,-19.7314,0.0000,0.00,1
TEL,18286,SAFE_DISABLED,0.0000,0.0000,-19.7314,0.0000,0.00,1
TEL,18386,SAFE_DISABLED,0.0000,0.0000,-19.7314,0.0000,0.00,1
TEL,18486,SAFE_DISABLED,0.0000,0.0000,-19.7314,0.0000,0.00,1
TEL,18586,SAFE_DISABLED,0.0000,0.0000,-19.7314,0.0000,0.00,1
TEL,18686,SAFE_DISABLED,0.0000,0.0000,-19.7314,0.0000,0.00,1
TEL,18786,SAFE_DISABLED,0.0000,0.0000,-19.7314,0.0000,0.00,1
TEL,18886,SAFE_DISABLED,0.0000,0.0000,-19.7314,0.0000,0.00,1
TEL,18987,SAFE_DISABLED,0.0000,0.0000,-19.7314,0.0000,0.00,1
TEL,19087,SAFE_DISABLED,0.0000,0.0000,-19.7314,0.0000,0.00,1
TEL,19187,SAFE_DISABLED,0.0000,0.0000,-19.7314,0.0000,0.00,1
TEL,19287,SAFE_DISABLED,0.0000,0.0000,-19.7314,0.0000,0.00,1
TEL,19387,SAFE_DISABLED,0.0000,0.0000,-19.7314,0.0000,0.00,1
TEL,19487,SAFE_DISABLED,0.0000,0.0000,-19.7314,0.0000,0.00,1
TEL,19587,SAFE_DISABLED,0.0000,0.0000,-19.7314,0.0000,0.00,1
TEL,19687,SAFE_DISABLED,0.0000,0.0000,-19.7314,0.0000,0.00,1
TEL,19787,SAFE_DISABLED,0.0000,0.0000,-19.7314,0.0000,0.00,1
TEL,19887,SAFE_DISABLED,0.0000,0.0000,-19.7314,0.0000,0.00,1
TEL,19987,SAFE_DISABLED,0.0000,0.0000,-19.7314,0.0000,0.00,1
TEL,20087,SAFE_DISABLED,0.0000,0.0000,-19.7314,0.0000,0.00,1
TEL,20187,SAFE_DISABLED,0.0000,0.0000,-19.7314,0.0000,0.00,1
TEL,20287,SAFE_DISABLED,0.0000,0.0000,-19.7314,0.0000,0.00,1
TEL,20387,SAFE_DISABLED,0.0000,0.0000,-19.7314,0.0000,0.00,1
TEL,20487,SAFE_DISABLED,0.0000,0.0000,-19.7314,0.0000,0.00,1
TEL,20587,SAFE_DISABLED,0.0000,0.0000,-19.7314,0.0000,0.00,1
TEL,20687,SAFE_DISABLED,0.0000,0.0000,-19.7314,0.0000,0.00,1
TEL,20787,SAFE_DISABLED,0.0000,0.0000,-19.7314,0.0000,0.00,1
TEL,20887,SAFE_DISABLED,0.0000,0.0000,-19.7314,0.0000,0.00,1
TEL,20987,SAFE_DISABLED,0.0000,0.0000,-19.7314,0.0000,0.00,1
TEL,21087,SAFE_DISABLED,0.0000,0.0000,-19.7314,0.0000,0.00,1
TEL,21187,SAFE_DISABLED,0.0000,0.0000,-19.7314,0.0000,0.00,1
TEL,21287,SAFE_DISABLED,0.0000,0.0000,-19.7314,0.0000,0.00,1
TEL,21387,SAFE_DISABLED,0.0000,0.0000,-19.7314,0.0000,0.00,1
TEL,21487,SAFE_DISABLED,0.0000,0.0000,-19.7314,0.0000,0.00,1
TEL,21587,SAFE_DISABLED,0.0000,0.0000,-19.7314,0.0000,0.00,1
TEL,21687,SAFE_DISABLED,0.0000,0.0000,-19.7314,0.0000,0.00,1
TEL,21787,SAFE_DISABLED,0.0000,0.0000,-19.7314,0.0000,0.00,1
TEL,21888,SAFE_DISABLED,0.0000,0.0000,-19.7314,0.0000,0.00,1
TEL,21988,SAFE_DISABLED,0.0000,0.0000,-19.7314,0.0000,0.00,1
TEL,22088,SAFE_DISABLED,0.0000,0.0000,-19.7314,0.0000,0.00,1
TEL,22188,SAFE_DISABLED,0.0000,0.0000,-19.7314,0.0000,0.00,1
TEL,22288,SAFE_DISABLED,0.0000,0.0000,-19.7314,0.0000,0.00,1
TEL,22388,SAFE_DISABLED,0.0000,0.0000,-19.7314,0.0000,0.00,1
TEL,22488,SAFE_DISABLED,0.0000,0.0000,-19.7314,0.0000,0.00,1
TEL,22588,SAFE_DISABLED,0.0000,0.0000,-19.7314,0.0000,0.00,1
TEL,22688,SAFE_DISABLED,0.0000,0.0000,-19.7314,0.0000,0.00,1
TEL,22788,SAFE_DISABLED,0.0000,0.0000,-19.7314,0.0000,0.00,1
TEL,22888,SAFE_DISABLED,0.0000,0.0000,-19.7314,0.0000,0.00,1
TEL,22988,SAFE_DISABLED,0.0000,0.0000,-19.7314,0.0000,0.00,1
TEL,23088,SAFE_DISABLED,0.0000,0.0000,-19.7314,0.0000,0.00,1
TEL,23188,SAFE_DISABLED,0.0000,0.0000,-19.7314,0.0000,0.00,1
TEL,23288,SAFE_DISABLED,0.0000,0.0000,-19.7314,0.0000,0.00,1
TEL,23388,SAFE_DISABLED,0.0000,0.0000,-19.7314,0.0000,0.00,1
TEL,23488,SAFE_DISABLED,0.0000,0.0000,-19.7314,0.0000,0.00,1
TEL,23588,SAFE_DISABLED,0.0000,0.0000,-19.7314,0.0000,0.00,1
TEL,23688,SAFE_DISABLED,0.0000,0.0000,-21.0498,0.0000,0.00,5
TEL,23788,SAFE_DISABLED,0.0000,0.0000,-19.9530,0.0000,0.00,1
TEL,23888,SAFE_DISABLED,0.0000,0.0000,-19.7687,0.0000,0.00,1
TEL,23988,SAFE_DISABLED,0.0000,0.0000,-22.3873,0.0000,0.00,5
TEL,24088,SAFE_DISABLED,0.0000,0.0000,-20.1778,0.0000,0.00,1
TEL,24188,SAFE_DISABLED,0.0000,0.0000,-19.8065,0.0000,0.00,1
TEL,24288,SAFE_DISABLED,0.0000,0.0000,-22.0576,0.0000,0.00,5
TEL,24388,SAFE_DISABLED,0.0000,0.0000,-21.4880,0.0000,0.00,5
TEL,24488,SAFE_DISABLED,0.0000,0.0000,-20.9495,0.0000,0.00,5
TEL,24588,SAFE_DISABLED,0.0000,0.0000,-25.1896,0.0000,0.00,5
TEL,24688,SAFE_DISABLED,0.0000,0.0000,-22.4666,0.0000,0.00,5
OK,telemetry=1
TEL,24788,SAFE_DISABLED,0.0000,0.0000,-20.6433,0.0000,0.00,5
TEL,24888,SAFE_DISABLED,0.0000,0.0000,-26.7730,0.0000,0.00,5
TEL,24988,SAFE_DISABLED,0.0000,0.0000,-28.2222,0.0000,0.00,5
TEL,25088,SAFE_DISABLED,0.0000,0.0000,-23.9361,0.0000,0.00,5
TEL,25188,SAFE_DISABLED,0.0000,0.0000,-30.9779,0.0000,0.00,5
TEL,25288,SAFE_DISABLED,0.0000,0.0000,-33.1067,0.0000,0.00,5
TEL,25388,SAFE_DISABLED,0.0000,0.0000,-25.6799,0.0000,0.00,5
TEL,25488,SAFE_DISABLED,0.0000,0.0000,-31.9104,0.0000,0.00,5
TEL,25588,SAFE_DISABLED,0.0000,0.0000,-36.6094,0.0000,0.00,5
TEL,25688,SAFE_DISABLED,0.0000,0.0000,-29.4077,0.0000,0.00,5
TEL,25788,SAFE_DISABLED,0.0000,0.0000,-33.3924,0.0000,0.00,5
TEL,25888,SAFE_DISABLED,0.0000,0.0000,-37.0707,0.0000,0.00,5
TEL,25988,SAFE_DISABLED,0.0000,0.0000,-29.3496,0.0000,0.00,5
TEL,26088,SAFE_DISABLED,0.0000,0.0000,-37.1769,0.0000,0.00,5
TEL,26188,SAFE_DISABLED,0.0000,0.0000,-40.3673,0.0000,0.00,5
TEL,26288,SAFE_DISABLED,0.0000,0.0000,-41.1180,0.0000,0.00,5
TEL,26388,SAFE_DISABLED,0.0000,0.0000,-37.8103,0.0000,0.00,5
TEL,26488,SAFE_DISABLED,0.0000,0.0000,-44.1123,0.0000,0.00,5
TEL,26588,SAFE_DISABLED,0.0000,0.0000,-43.7542,0.0000,0.00,5
TEL,26688,SAFE_DISABLED,0.0000,0.0000,-40.5839,0.0000,0.00,5
TEL,26788,SAFE_DISABLED,0.0000,0.0000,-44.1829,0.0000,0.00,5
TEL,26888,SAFE_DISABLED,0.0000,0.0000,-58.3076,0.0000,0.00,5
TEL,26988,SAFE_DISABLED,0.0000,0.0000,-47.3634,0.0000,0.00,5
TEL,27088,SAFE_DISABLED,0.0000,0.0000,-51.0713,0.0000,0.00,5
TEL,27188,SAFE_DISABLED,0.0000,0.0000,-65.9068,0.0000,0.00,5
TEL,27288,SAFE_DISABLED,0.0000,0.0000,-53.0949,0.0000,0.00,5
TEL,27388,SAFE_DISABLED,0.0000,0.0000,-55.8631,0.0000,0.00,5
TEL,27488,SAFE_DISABLED,0.0000,0.0000,-64.1606,0.0000,0.00,5
TEL,27588,SAFE_DISABLED,0.0000,0.0000,-63.5548,0.0000,0.00,5
TEL,27688,SAFE_DISABLED,0.0000,0.0000,-62.8763,0.0000,0.00,5
TEL,27788,SAFE_DISABLED,0.0000,0.0000,-72.9434,0.0000,0.00,5
TEL,27888,SAFE_DISABLED,0.0000,0.0000,-66.9152,0.0000,0.00,5
TEL,27988,SAFE_DISABLED,0.0000,0.0000,-66.8802,0.0000,0.00,5
TEL,28088,SAFE_DISABLED,0.0000,0.0000,-77.5194,0.0000,0.00,5
TEL,28188,SAFE_DISABLED,0.0000,0.0000,-79.8077,0.0000,0.00,5
TEL,28288,SAFE_DISABLED,0.0000,0.0000,-75.0371,0.0000,0.00,5
TEL,28388,SAFE_DISABLED,0.0000,0.0000,-84.7272,0.0000,0.00,5
TEL,28488,SAFE_DISABLED,0.0000,0.0000,-86.2725,0.0000,0.00,5
TEL,28588,SAFE_DISABLED,0.0000,0.0000,-80.5409,0.0000,0.00,5
TEL,28688,SAFE_DISABLED,0.0000,0.0000,-86.1110,0.0000,0.00,5
TEL,28788,SAFE_DISABLED,0.0000,0.0000,-89.4988,0.0000,0.00,5
TEL,28888,SAFE_DISABLED,0.0000,0.0000,-83.7844,0.0000,0.00,5
TEL,28988,SAFE_DISABLED,0.0000,0.0000,-88.0152,0.0000,0.00,5
TEL,29088,SAFE_DISABLED,0.0000,0.0000,-87.5423,0.0000,0.00,5
TEL,29188,SAFE_DISABLED,0.0000,0.0000,-77.6812,0.0000,0.00,5
TEL,29288,SAFE_DISABLED,0.0000,0.0000,-87.4521,0.0000,0.00,5
TEL,29388,SAFE_DISABLED,0.0000,0.0000,-89.3543,0.0000,0.00,5
TEL,29488,SAFE_DISABLED,0.0000,0.0000,-85.3904,0.0000,0.00,5
TEL,29588,SAFE_DISABLED,0.0000,0.0000,-86.9533,0.0000,0.00,5
TEL,29688,SAFE_DISABLED,0.0000,0.0000,-89.6049,0.0000,0.00,5
TEL,29788,SAFE_DISABLED,0.0000,0.0000,-87.7329,0.0000,0.00,5
TEL,29888,SAFE_DISABLED,0.0000,0.0000,-90.0396,0.0000,0.00,5
TEL,29988,SAFE_DISABLED,0.0000,0.0000,-90.4465,0.0000,0.00,5
TEL,30088,SAFE_DISABLED,0.0000,0.0000,-90.5020,0.0000,0.00,5
TEL,30188,SAFE_DISABLED,0.0000,0.0000,-90.5148,0.0000,0.00,5
TEL,30288,SAFE_DISABLED,0.0000,0.0000,-90.5079,0.0000,0.00,5
TEL,30388,SAFE_DISABLED,0.0000,0.0000,-90.5189,0.0000,0.00,5
TEL,30488,SAFE_DISABLED,0.0000,0.0000,-90.5361,0.0000,0.00,5
TEL,30588,SAFE_DISABLED,0.0000,0.0000,-90.5434,0.0000,0.00,5
TEL,30688,SAFE_DISABLED,0.0000,0.0000,-90.5402,0.0000,0.00,5
TEL,30788,SAFE_DISABLED,0.0000,0.0000,-90.5570,0.0000,0.00,5
TEL,30888,SAFE_DISABLED,0.0000,0.0000,-90.5599,0.0000,0.00,5
TEL,30988,SAFE_DISABLED,0.0000,0.0000,-90.5147,0.0000,0.00,5
TEL,31088,SAFE_DISABLED,0.0000,0.0000,-90.5304,0.0000,0.00,5
TEL,31188,SAFE_DISABLED,0.0000,0.0000,-90.5581,0.0000,0.00,5
TEL,31288,SAFE_DISABLED,0.0000,0.0000,-90.5562,0.0000,0.00,5
TEL,31388,SAFE_DISABLED,0.0000,0.0000,-90.5424,0.0000,0.00,5
TEL,31488,SAFE_DISABLED,0.0000,0.0000,-90.5472,0.0000,0.00,5
TEL,31588,SAFE_DISABLED,0.0000,0.0000,-90.5359,0.0000,0.00,5
TEL,31688,SAFE_DISABLED,0.0000,0.0000,-90.5340,0.0000,0.00,5
TEL,31788,SAFE_DISABLED,0.0000,0.0000,-90.4919,0.0000,0.00,5
TEL,31888,SAFE_DISABLED,0.0000,0.0000,-90.5580,0.0000,0.00,5
TEL,31988,SAFE_DISABLED,0.0000,0.0000,-90.5691,0.0000,0.00,5
TEL,32088,SAFE_DISABLED,0.0000,0.0000,-90.5261,0.0000,0.00,5
TEL,32188,SAFE_DISABLED,0.0000,0.0000,-90.5283,0.0000,0.00,5
TEL,32288,SAFE_DISABLED,0.0000,0.0000,-90.5102,0.0000,0.00,5
TEL,32388,SAFE_DISABLED,0.0000,0.0000,-90.5008,0.0000,0.00,5
TEL,32488,SAFE_DISABLED,0.0000,0.0000,-90.5202,0.0000,0.00,5
TEL,32588,SAFE_DISABLED,0.0000,0.0000,-90.5379,0.0000,0.00,5
TEL,32688,SAFE_DISABLED,0.0000,0.0000,-90.5472,0.0000,0.00,5
TEL,32788,SAFE_DISABLED,0.0000,0.0000,-90.5071,0.0000,0.00,5
TEL,32888,SAFE_DISABLED,0.0000,0.0000,-90.5341,0.0000,0.00,5
TEL,32988,SAFE_DISABLED,0.0000,0.0000,-90.5258,0.0000,0.00,5
TEL,33088,SAFE_DISABLED,0.0000,0.0000,-90.5323,0.0000,0.00,5
TEL,33188,SAFE_DISABLED,0.0000,0.0000,-90.5384,0.0000,0.00,5
TEL,33288,SAFE_DISABLED,0.0000,0.0000,-90.5658,0.0000,0.00,5
STATE,SAFE_DISABLED
SENSORS,angle=ok,pos=bad
MEAS,theta_deg=-90.5327,x_cm=0.0000,x_filt_cm=0.0000
AGE,angle_ms=6,pos_ms=33137
FAULTS,bits=5
CAL,zero_calibrated=yes,limits_calibrated=yes,sign_calibrated=yes
CAL_STORE,status=loaded
TEL,enabled=1
FAULT_INFO,bits=5
FAULT_INFO,mode=bringup_warning
FAULT_INFO,sonar_timeout=1
FAULT_INFO,angle_oob=1
GUIDE,step=sonar_sensor,do=flat_target_then_sonar_diag
TEL,33416,SAFE_DISABLED,0.0000,0.0000,-90.5442,0.0000,0.00,5
AS5600_DIAG,1,26.5430,-87.8950,0,200.00
GUIDE,step=sonar_sensor,do=flat_target_then_sonar_diag
SONAR_DIAG,has_sample=0,fresh=0,timeout=1,age_ms=4294967295,raw_cm=0.0000,filt_cm=0.0000,valid_streak=0,timeout_cnt=827,jump_reject_cnt=0
GUIDE,step=sonar_sensor,do=flat_target_then_sonar_diag
TEL,33516,SAFE_DISABLED,0.0000,0.0000,-82.0956,0.0000,0.00,5
FAULT_INFO,bits=5
FAULT_INFO,mode=bringup_warning
FAULT_INFO,sonar_timeout=1
FAULT_INFO,angle_oob=1
SONAR_DIAG,has_sample=0,fresh=0,timeout=1,age_ms=4294967295,raw_cm=0.0000,filt_cm=0.0000,valid_streak=0,timeout_cnt=828,jump_reject_cnt=0
GUIDE,step=sonar_sensor,do=flat_target_then_sonar_diag
TEL,33616,SAFE_DISABLED,0.0000,0.0000,-31.7077,0.0000,0.00,5
TEL,33716,SAFE_DISABLED,0.0000,0.0000,-21.7443,0.0000,0.00,5
TEL,33816,SAFE_DISABLED,0.0000,0.0000,-20.0697,0.0000,0.00,1
TEL,33916,SAFE_DISABLED,0.0000,0.0000,-19.7883,0.0000,0.00,1
TEL,34016,SAFE_DISABLED,0.0000,0.0000,-19.7410,0.0000,0.00,1
TEL,34116,SAFE_DISABLED,0.0000,0.0000,-19.7331,0.0000,0.00,1
TEL,34216,SAFE_DISABLED,0.0000,0.0000,-19.7317,0.0000,0.00,1
TEL,34316,SAFE_DISABLED,0.0000,0.0000,-19.7315,0.0000,0.00,1
TEL,34416,SAFE_DISABLED,0.0000,0.0000,-19.7315,0.0000,0.00,1
TEL,34518,SAFE_DISABLED,0.0000,0.0000,-19.7314,0.0000,0.00,1
TEL,34618,SAFE_DISABLED,0.0000,0.0000,-19.7314,0.0000,0.00,1
TEL,34718,SAFE_DISABLED,0.0000,0.0000,-19.7314,0.0000,0.00,1
TEL,34818,SAFE_DISABLED,0.0000,0.0000,-19.7314,0.0000,0.00,1
TEL,34918,SAFE_DISABLED,0.0000,0.0000,-19.7314,0.0000,0.00,1
TEL,35018,SAFE_DISABLED,0.0000,0.0000,-19.7314,0.0000,0.00,1
TEL,35118,SAFE_DISABLED,0.0000,0.0000,-19.7314,0.0000,0.00,1
TEL,35218,SAFE_DISABLED,0.0000,0.0000,-19.7314,0.0000,0.00,1
TEL,35318,SAFE_DISABLED,0.0000,0.0000,-19.7314,0.0000,0.00,1
TEL,35418,SAFE_DISABLED,0.0000,0.0000,-19.7314,0.0000,0.00,1
TEL,35518,SAFE_DISABLED,0.0000,0.0000,-19.7314,0.0000,0.00,1
TEL,35618,SAFE_DISABLED,0.0000,0.0000,-19.7314,0.0000,0.00,1
TEL,35718,SAFE_DISABLED,0.0000,0.0000,-19.7314,0.0000,0.00,1
TEL,35818,SAFE_DISABLED,0.0000,0.0000,-19.7314,0.0000,0.00,1
TEL,35918,SAFE_DISABLED,0.0000,0.0000,-19.7314,0.0000,0.00,1
TEL,36018,SAFE_DISABLED,0.0000,0.0000,-19.7314,0.0000,0.00,1
TEL,36118,SAFE_DISABLED,0.0000,0.0000,-19.7314,0.0000,0.00,1
TEL,36218,SAFE_DISABLED,0.0000,0.0000,-19.7314,0.0000,0.00,1
TEL,36318,SAFE_DISABLED,0.0000,0.0000,-19.7314,0.0000,0.00,1
TEL,36418,SAFE_DISABLED,0.0000,0.0000,-19.7314,0.0000,0.00,1
TEL,36518,SAFE_DISABLED,0.0000,0.0000,-19.7314,0.0000,0.00,1
TEL,36618,SAFE_DISABLED,0.0000,0.0000,-19.7314,0.0000,0.00,1
TEL,36718,SAFE_DISABLED,0.0000,0.0000,-19.7314,0.0000,0.00,1
TEL,36818,SAFE_DISABLED,0.0000,0.0000,-19.7314,0.0000,0.00,1
TEL,36918,SAFE_DISABLED,0.0000,0.0000,-19.7314,0.0000,0.00,1
TEL,37018,SAFE_DISABLED,0.0000,0.0000,-19.7314,0.0000,0.00,1
TEL,37118,SAFE_DISABLED,0.0000,0.0000,-19.7314,0.0000,0.00,1
TEL,37218,SAFE_DISABLED,0.0000,0.0000,-19.7314,0.0000,0.00,1
TEL,37318,SAFE_DISABLED,0.0000,0.0000,-19.7314,0.0000,0.00,1
TEL,37419,SAFE_DISABLED,0.0000,0.0000,-19.7314,0.0000,0.00,1
TEL,37519,SAFE_DISABLED,0.0000,0.0000,-19.7314,0.0000,0.00,1
TEL,37619,SAFE_DISABLED,0.0000,0.0000,-19.7314,0.0000,0.00,1
TEL,37719,SAFE_DISABLED,0.0000,0.0000,-19.7314,0.0000,0.00,1
TEL,37819,SAFE_DISABLED,0.0000,0.0000,-19.7314,0.0000,0.00,1
TEL,37919,SAFE_DISABLED,0.0000,0.0000,-19.7314,0.0000,0.00,1
TEL,38019,SAFE_DISABLED,0.0000,0.0000,-19.7314,0.0000,0.00,1
TEL,38119,SAFE_DISABLED,0.0000,0.0000,-19.7314,0.0000,0.00,1
TEL,38219,SAFE_DISABLED,0.0000,0.0000,-19.7314,0.0000,0.00,1
TEL,38319,SAFE_DISABLED,0.0000,0.0000,-19.7314,0.0000,0.00,1
TEL,38419,SAFE_DISABLED,0.0000,0.0000,-19.7314,0.0000,0.00,1
TEL,38519,SAFE_DISABLED,0.0000,0.0000,-19.7314,0.0000,0.00,1
TEL,38619,SAFE_DISABLED,0.0000,0.0000,-19.7314,0.0000,0.00,1
TEL,38719,SAFE_DISABLED,0.0000,0.0000,-19.7314,0.0000,0.00,1
TEL,38819,SAFE_DISABLED,0.0000,0.0000,-19.7314,0.0000,0.00,1
TEL,38919,SAFE_DISABLED,0.0000,0.0000,-19.7314,0.0000,0.00,1
TEL,39019,SAFE_DISABLED,0.0000,0.0000,-19.7314,0.0000,0.00,1
TEL,39119,SAFE_DISABLED,0.0000,0.0000,-19.7314,0.0000,0.00,1
TEL,39219,SAFE_DISABLED,0.0000,0.0000,-19.7314,0.0000,0.00,1
TEL,39319,SAFE_DISABLED,0.0000,0.0000,-19.7314,0.0000,0.00,1
TEL,39419,SAFE_DISABLED,0.0000,0.0000,-19.7314,0.0000,0.00,1
TEL,39519,SAFE_DISABLED,0.0000,0.0000,-19.7314,0.0000,0.00,1
TEL,39619,SAFE_DISABLED,0.0000,0.0000,-19.7314,0.0000,0.00,1
TEL,39719,SAFE_DISABLED,0.0000,0.0000,-19.7314,0.0000,0.00,1
TEL,39819,SAFE_DISABLED,0.0000,0.0000,-19.7314,0.0000,0.00,1
TEL,39919,SAFE_DISABLED,0.0000,0.0000,-19.7314,0.0000,0.00,1
TEL,40019,SAFE_DISABLED,0.0000,0.0000,-19.7314,0.0000,0.00,1
TEL,40119,SAFE_DISABLED,0.0000,0.0000,-19.7314,0.0000,0.00,1
TEL,40219,SAFE_DISABLED,0.0000,0.0000,-19.7314,0.0000,0.00,1
TEL,40320,SAFE_DISABLED,0.0000,0.0000,-19.7314,0.0000,0.00,1
TEL,40420,SAFE_DISABLED,0.0000,0.0000,-19.7314,0.0000,0.00,1
TEL,40520,SAFE_DISABLED,0.0000,0.0000,-19.7314,0.0000,0.00,1
TEL,40620,SAFE_DISABLED,0.0000,0.0000,-19.7314,0.0000,0.00,1
OK,telemetry=1
TEL,40720,SAFE_DISABLED,0.0000,0.0000,-19.7314,0.0000,0.00,1
TEL,40820,SAFE_DISABLED,0.0000,0.0000,-19.7314,0.0000,0.00,1
TEL,40920,SAFE_DISABLED,0.0000,0.0000,-19.7314,0.0000,0.00,1
TEL,41020,SAFE_DISABLED,0.0000,0.0000,-19.7314,0.0000,0.00,1
TEL,41120,SAFE_DISABLED,0.0000,0.0000,-19.7314,0.0000,0.00,1
TEL,41220,SAFE_DISABLED,0.0000,0.0000,-19.7314,0.0000,0.00,1
TEL,41320,SAFE_DISABLED,0.0000,0.0000,-19.7314,0.0000,0.00,1
TEL,41420,SAFE_DISABLED,0.0000,0.0000,-19.7314,0.0000,0.00,1
TEL,41520,SAFE_DISABLED,0.0000,0.0000,-19.7314,0.0000,0.00,1
TEL,41620,SAFE_DISABLED,0.0000,0.0000,-19.7314,0.0000,0.00,1
TEL,41720,SAFE_DISABLED,0.0000,0.0000,-19.7314,0.0000,0.00,1
TEL,41820,SAFE_DISABLED,0.0000,0.0000,-19.7314,0.0000,0.00,1
TEL,41920,SAFE_DISABLED,0.0000,0.0000,-19.7314,0.0000,0.00,1
TEL,42020,SAFE_DISABLED,0.0000,0.0000,-19.7314,0.0000,0.00,1
TEL,42120,SAFE_DISABLED,0.0000,0.0000,-19.7314,0.0000,0.00,1
TEL,42220,SAFE_DISABLED,0.0000,0.0000,-19.7314,0.0000,0.00,1
TEL,42320,SAFE_DISABLED,0.0000,0.0000,-19.7314,0.0000,0.00,1
TEL,42420,SAFE_DISABLED,0.0000,0.0000,-19.7314,0.0000,0.00,1
TEL,42520,SAFE_DISABLED,0.0000,0.0000,-19.7314,0.0000,0.00,1
TEL,42620,SAFE_DISABLED,0.0000,0.0000,-19.7314,0.0000,0.00,1
TEL,42720,SAFE_DISABLED,0.0000,0.0000,-19.7314,0.0000,0.00,1
TEL,42820,SAFE_DISABLED,0.0000,0.0000,-19.7314,0.0000,0.00,1
TEL,42920,SAFE_DISABLED,0.0000,0.0000,-19.7314,0.0000,0.00,1
TEL,43020,SAFE_DISABLED,0.0000,0.0000,-19.7314,0.0000,0.00,1
TEL,43120,SAFE_DISABLED,0.0000,0.0000,-19.7314,0.0000,0.00,1
TEL,43220,SAFE_DISABLED,0.0000,0.0000,-19.7314,0.0000,0.00,1
TEL,43320,SAFE_DISABLED,0.0000,0.0000,-19.7314,0.0000,0.00,1
TEL,43420,SAFE_DISABLED,0.0000,0.0000,-19.7314,0.0000,0.00,1
TEL,43520,SAFE_DISABLED,0.0000,0.0000,-19.7314,0.0000,0.00,1
TEL,43620,SAFE_DISABLED,0.0000,0.0000,-19.7314,0.0000,0.00,1
TEL,43720,SAFE_DISABLED,0.0000,0.0000,-19.7314,0.0000,0.00,1
TEL,43820,SAFE_DISABLED,0.0000,0.0000,-19.7314,0.0000,0.00,1
TEL,43920,SAFE_DISABLED,0.0000,0.0000,-19.7314,0.0000,0.00,1
TEL,44020,SAFE_DISABLED,0.0000,0.0000,-19.7314,0.0000,0.00,1
TEL,44120,SAFE_DISABLED,0.0000,0.0000,-19.7314,0.0000,0.00,1
TEL,44220,SAFE_DISABLED,0.0000,0.0000,-19.7314,0.0000,0.00,1
TEL,44320,SAFE_DISABLED,0.0000,0.0000,-19.7314,0.0000,0.00,1
TEL,44420,SAFE_DISABLED,0.0000,0.0000,-19.7314,0.0000,0.00,1
TEL,44520,SAFE_DISABLED,0.0000,0.0000,-19.7314,0.0000,0.00,1
TEL,44620,SAFE_DISABLED,0.0000,0.0000,-19.7314,0.0000,0.00,1
TEL,44720,SAFE_DISABLED,0.0000,0.0000,-19.7314,0.0000,0.00,1
TEL,44820,SAFE_DISABLED,0.0000,0.0000,-19.7314,0.0000,0.00,1
TEL,44920,SAFE_DISABLED,0.0000,0.0000,-19.7314,0.0000,0.00,1
TEL,45020,SAFE_DISABLED,0.0000,0.0000,-19.7314,0.0000,0.00,1
TEL,45120,SAFE_DISABLED,0.0000,0.0000,-19.7314,0.0000,0.00,1
TEL,45220,SAFE_DISABLED,0.0000,0.0000,-19.7314,0.0000,0.00,1
TEL,45320,SAFE_DISABLED,0.0000,0.0000,-19.7314,0.0000,0.00,1
TEL,45420,SAFE_DISABLED,0.0000,0.0000,-19.7314,0.0000,0.00,1
TEL,45520,SAFE_DISABLED,0.0000,0.0000,-19.7314,0.0000,0.00,1
TEL,45620,SAFE_DISABLED,0.0000,0.0000,-19.7314,0.0000,0.00,1
TEL,45720,SAFE_DISABLED,0.0000,0.0000,-19.7314,0.0000,0.00,1
TEL,45820,SAFE_DISABLED,0.0000,0.0000,-19.7314,0.0000,0.00,1
TEL,45920,SAFE_DISABLED,0.0000,0.0000,-19.7314,0.0000,0.00,1
TEL,46020,SAFE_DISABLED,0.0000,0.0000,-19.7314,0.0000,0.00,1
TEL,46120,SAFE_DISABLED,0.0000,0.0000,-19.7314,0.0000,0.00,1
TEL,46220,SAFE_DISABLED,0.0000,0.0000,-19.7314,0.0000,0.00,1
TEL,46320,SAFE_DISABLED,0.0000,0.0000,-19.7314,0.0000,0.00,1
TEL,46420,SAFE_DISABLED,0.0000,0.0000,-19.7314,0.0000,0.00,1
TEL,46520,SAFE_DISABLED,0.0000,0.0000,-19.7314,0.0000,0.00,1
TEL,46620,SAFE_DISABLED,0.0000,0.0000,-19.7314,0.0000,0.00,1
TEL,46720,SAFE_DISABLED,0.0000,0.0000,-19.7314,0.0000,0.00,1
TEL,46820,SAFE_DISABLED,0.0000,0.0000,-19.7314,0.0000,0.00,1
TEL,46920,SAFE_DISABLED,0.0000,0.0000,-19.7314,0.0000,0.00,1
TEL,47020,SAFE_DISABLED,0.0000,0.0000,-19.7314,0.0000,0.00,1
TEL,47120,SAFE_DISABLED,0.0000,0.0000,-19.7314,0.0000,0.00,1
TEL,47220,SAFE_DISABLED,0.0000,0.0000,-19.7314,0.0000,0.00,1
TEL,47320,SAFE_DISABLED,0.0000,0.0000,-19.7314,0.0000,0.00,1
TEL,47420,SAFE_DISABLED,0.0000,0.0000,-19.7314,0.0000,0.00,1
TEL,47520,SAFE_DISABLED,0.0000,0.0000,-19.7314,0.0000,0.00,1
TEL,47620,SAFE_DISABLED,0.0000,0.0000,-19.7314,0.0000,0.00,1
TEL,47720,SAFE_DISABLED,0.0000,0.0000,-19.7314,0.0000,0.00,1
TEL,47820,SAFE_DISABLED,0.0000,0.0000,-19.7314,0.0000,0.00,1
TEL,47920,SAFE_DISABLED,0.0000,0.0000,-19.7314,0.0000,0.00,1
TEL,48020,SAFE_DISABLED,0.0000,0.0000,-19.7314,0.0000,0.00,1
TEL,48120,SAFE_DISABLED,0.0000,0.0000,-19.7314,0.0000,0.00,1
TEL,48220,SAFE_DISABLED,0.0000,0.0000,-19.7314,0.0000,0.00,1
TEL,48320,SAFE_DISABLED,0.0000,0.0000,-19.7314,0.0000,0.00,1
TEL,48420,SAFE_DISABLED,0.0000,0.0000,-19.7314,0.0000,0.00,1
TEL,48520,SAFE_DISABLED,0.0000,0.0000,-19.7314,0.0000,0.00,1
TEL,48620,SAFE_DISABLED,0.0000,0.0000,-19.7314,0.0000,0.00,1
TEL,48720,SAFE_DISABLED,0.0000,0.0000,-19.7314,0.0000,0.00,1
TEL,48820,SAFE_DISABLED,0.0000,0.0000,-19.7314,0.0000,0.00,1
TEL,48920,SAFE_DISABLED,0.0000,0.0000,-19.7314,0.0000,0.00,1
TEL,49020,SAFE_DISABLED,0.0000,0.0000,-19.7314,0.0000,0.00,1
TEL,49120,SAFE_DISABLED,0.0000,0.0000,-19.7314,0.0000,0.00,1
TEL,49220,SAFE_DISABLED,0.0000,0.0000,-19.7314,0.0000,0.00,1
TEL,49320,SAFE_DISABLED,0.0000,0.0000,-19.7314,0.0000,0.00,1
TEL,49420,SAFE_DISABLED,0.0000,0.0000,-19.7314,0.0000,0.00,1
TEL,49520,SAFE_DISABLED,0.0000,0.0000,-19.7314,0.0000,0.00,1
TEL,49620,SAFE_DISABLED,0.0000,0.0000,-19.7314,0.0000,0.00,1
TEL,49720,SAFE_DISABLED,0.0000,0.0000,-19.7314,0.0000,0.00,1
TEL,49820,SAFE_DISABLED,0.0000,0.0000,-19.7314,0.0000,0.00,1
TEL,49920,SAFE_DISABLED,0.0000,0.0000,-19.7314,0.0000,0.00,1
TEL,50020,SAFE_DISABLED,0.0000,0.0000,-19.7314,0.0000,0.00,1
TEL,50120,SAFE_DISABLED,0.0000,0.0000,-19.7314,0.0000,0.00,1
TEL,50220,SAFE_DISABLED,0.0000,0.0000,-19.7314,0.0000,0.00,1
TEL,50320,SAFE_DISABLED,0.0000,0.0000,-19.7314,0.0000,0.00,1
TEL,50420,SAFE_DISABLED,0.0000,0.0000,-19.7314,0.0000,0.00,1
TEL,50520,SAFE_DISABLED,0.0000,0.0000,-19.7314,0.0000,0.00,1
TEL,50620,SAFE_DISABLED,0.0000,0.0000,-19.7314,0.0000,0.00,1
TEL,50720,SAFE_DISABLED,0.0000,0.0000,-19.7314,0.0000,0.00,1
TEL,50820,SAFE_DISABLED,0.0000,0.0000,-19.7314,0.0000,0.00,1
TEL,50920,SAFE_DISABLED,0.0000,0.0000,-19.7314,0.0000,0.00,1
TEL,51020,SAFE_DISABLED,0.0000,0.0000,-19.7314,0.0000,0.00,1
TEL,51120,SAFE_DISABLED,0.0000,0.0000,-19.7314,0.0000,0.00,1
TEL,51220,SAFE_DISABLED,0.0000,0.0000,-19.7314,0.0000,0.00,1
TEL,51320,SAFE_DISABLED,0.0000,0.0000,-19.7314,0.0000,0.00,1
TEL,51420,SAFE_DISABLED,0.0000,0.0000,-19.7314,0.0000,0.00,1
TEL,51520,SAFE_DISABLED,0.0000,0.0000,-19.7314,0.0000,0.00,1
TEL,51620,SAFE_DISABLED,0.0000,0.0000,-19.7314,0.0000,0.00,1
TEL,51720,SAFE_DISABLED,0.0000,0.0000,-19.7314,0.0000,0.00,1
TEL,51820,SAFE_DISABLED,0.0000,0.0000,-19.7314,0.0000,0.00,1
TEL,51920,SAFE_DISABLED,0.0000,0.0000,-19.7314,0.0000,0.00,1
TEL,52020,SAFE_DISABLED,0.0000,0.0000,-19.7314,0.0000,0.00,1
TEL,52120,SAFE_DISABLED,0.0000,0.0000,-19.7314,0.0000,0.00,1
TEL,52220,SAFE_DISABLED,0.0000,0.0000,-19.7314,0.0000,0.00,1
TEL,52320,SAFE_DISABLED,0.0000,0.0000,-21.0762,0.0000,0.00,5
TEL,52420,SAFE_DISABLED,0.0000,0.0000,-19.9575,0.0000,0.00,1
TEL,52520,SAFE_DISABLED,0.0000,0.0000,-19.7694,0.0000,0.00,1
TEL,52620,SAFE_DISABLED,0.0000,0.0000,-23.0598,0.0000,0.00,5
TEL,52720,SAFE_DISABLED,0.0000,0.0000,-21.2043,0.0000,0.00,5
TEL,52820,SAFE_DISABLED,0.0000,0.0000,-19.9790,0.0000,0.00,1
TEL,52920,SAFE_DISABLED,0.0000,0.0000,-26.0283,0.0000,0.00,5
TEL,53020,SAFE_DISABLED,0.0000,0.0000,-26.3359,0.0000,0.00,5
TEL,53120,SAFE_DISABLED,0.0000,0.0000,-22.2255,0.0000,0.00,5
TEL,53220,SAFE_DISABLED,0.0000,0.0000,-28.6997,0.0000,0.00,5
TEL,53320,SAFE_DISABLED,0.0000,0.0000,-31.4309,0.0000,0.00,5
TEL,53420,SAFE_DISABLED,0.0000,0.0000,-24.4754,0.0000,0.00,5
TEL,53520,SAFE_DISABLED,0.0000,0.0000,-31.7079,0.0000,0.00,5
TEL,53620,SAFE_DISABLED,0.0000,0.0000,-34.3055,0.0000,0.00,5
TEL,53720,SAFE_DISABLED,0.0000,0.0000,-30.1672,0.0000,0.00,5
TEL,53820,SAFE_DISABLED,0.0000,0.0000,-36.1636,0.0000,0.00,5
TEL,53920,SAFE_DISABLED,0.0000,0.0000,-39.7067,0.0000,0.00,5
TEL,54020,SAFE_DISABLED,0.0000,0.0000,-32.7756,0.0000,0.00,5
TEL,54120,SAFE_DISABLED,0.0000,0.0000,-35.1440,0.0000,0.00,5
TEL,54220,SAFE_DISABLED,0.0000,0.0000,-41.4925,0.0000,0.00,5
TEL,54320,SAFE_DISABLED,0.0000,0.0000,-43.7447,0.0000,0.00,5
TEL,54420,SAFE_DISABLED,0.0000,0.0000,-45.9811,0.0000,0.00,5
TEL,54520,SAFE_DISABLED,0.0000,0.0000,-49.0987,0.0000,0.00,5
TEL,54620,SAFE_DISABLED,0.0000,0.0000,-49.5883,0.0000,0.00,5
TEL,54720,SAFE_DISABLED,0.0000,0.0000,-51.2503,0.0000,0.00,5
TEL,54820,SAFE_DISABLED,0.0000,0.0000,-54.5815,0.0000,0.00,5
TEL,54920,SAFE_DISABLED,0.0000,0.0000,-67.0420,0.0000,0.00,5
TEL,55020,SAFE_DISABLED,0.0000,0.0000,-57.2817,0.0000,0.00,5
TEL,55120,SAFE_DISABLED,0.0000,0.0000,-52.2295,0.0000,0.00,5
TEL,55220,SAFE_DISABLED,0.0000,0.0000,-64.2853,0.0000,0.00,5
TEL,55320,SAFE_DISABLED,0.0000,0.0000,-58.7431,0.0000,0.00,5
TEL,55420,SAFE_DISABLED,0.0000,0.0000,-59.7510,0.0000,0.00,5
TEL,55520,SAFE_DISABLED,0.0000,0.0000,-71.2563,0.0000,0.00,5
TEL,55620,SAFE_DISABLED,0.0000,0.0000,-68.4459,0.0000,0.00,5
TEL,55720,SAFE_DISABLED,0.0000,0.0000,-64.2636,0.0000,0.00,5
TEL,55820,SAFE_DISABLED,0.0000,0.0000,-75.7469,0.0000,0.00,5
TEL,55920,SAFE_DISABLED,0.0000,0.0000,-72.0187,0.0000,0.00,5
TEL,56020,SAFE_DISABLED,0.0000,0.0000,-71.3800,0.0000,0.00,5
TEL,56120,SAFE_DISABLED,0.0000,0.0000,-79.2270,0.0000,0.00,5
TEL,56220,SAFE_DISABLED,0.0000,0.0000,-85.2766,0.0000,0.00,5
TEL,56320,SAFE_DISABLED,0.0000,0.0000,-79.3049,0.0000,0.00,5
TEL,56420,SAFE_DISABLED,0.0000,0.0000,-86.8318,0.0000,0.00,5
TEL,56520,SAFE_DISABLED,0.0000,0.0000,-85.4288,0.0000,0.00,5
TEL,56620,SAFE_DISABLED,0.0000,0.0000,-76.2519,0.0000,0.00,5
TEL,56720,SAFE_DISABLED,0.0000,0.0000,-88.5088,0.0000,0.00,5
TEL,56820,SAFE_DISABLED,0.0000,0.0000,-91.9653,0.0000,0.00,5
TEL,56920,SAFE_DISABLED,0.0000,0.0000,-85.9181,0.0000,0.00,5
TEL,57020,SAFE_DISABLED,0.0000,0.0000,-91.4871,0.0000,0.00,5
TEL,57120,SAFE_DISABLED,0.0000,0.0000,-92.4659,0.0000,0.00,5
TEL,57220,SAFE_DISABLED,0.0000,0.0000,-85.1599,0.0000,0.00,5
TEL,57320,SAFE_DISABLED,0.0000,0.0000,-86.2124,0.0000,0.00,5
TEL,57420,SAFE_DISABLED,0.0000,0.0000,-92.3324,0.0000,0.00,5
TEL,57520,SAFE_DISABLED,0.0000,0.0000,-93.5780,0.0000,0.00,5
TEL,57620,SAFE_DISABLED,0.0000,0.0000,-90.7073,0.0000,0.00,5
TEL,57720,SAFE_DISABLED,0.0000,0.0000,-93.8114,0.0000,0.00,5
TEL,57820,SAFE_DISABLED,0.0000,0.0000,-94.3331,0.0000,0.00,5
TEL,57920,SAFE_DISABLED,0.0000,0.0000,-94.4208,0.0000,0.00,5
TEL,58020,SAFE_DISABLED,0.0000,0.0000,-94.4355,0.0000,0.00,5
TEL,58120,SAFE_DISABLED,0.0000,0.0000,-94.4380,0.0000,0.00,5
TEL,58220,SAFE_DISABLED,0.0000,0.0000,-93.4255,0.0000,0.00,5
TEL,58320,SAFE_DISABLED,0.0000,0.0000,-94.2682,0.0000,0.00,5
TEL,58420,SAFE_DISABLED,0.0000,0.0000,-94.4099,0.0000,0.00,5
TEL,58520,SAFE_DISABLED,0.0000,0.0000,-94.4337,0.0000,0.00,5
TEL,58620,SAFE_DISABLED,0.0000,0.0000,-94.4377,0.0000,0.00,5
TEL,58720,SAFE_DISABLED,0.0000,0.0000,-94.4383,0.0000,0.00,5
TEL,58820,SAFE_DISABLED,0.0000,0.0000,-94.4385,0.0000,0.00,5
TEL,58920,SAFE_DISABLED,0.0000,0.0000,-94.4385,0.0000,0.00,5
TEL,59020,SAFE_DISABLED,0.0000,0.0000,-94.4385,0.0000,0.00,5
TEL,59120,SAFE_DISABLED,0.0000,0.0000,-94.4385,0.0000,0.00,5
TEL,59220,SAFE_DISABLED,0.0000,0.0000,-94.4385,0.0000,0.00,5
TEL,59320,SAFE_DISABLED,0.0000,0.0000,-94.4385,0.0000,0.00,5
TEL,59420,SAFE_DISABLED,0.0000,0.0000,-94.4385,0.0000,0.00,5
TEL,59520,SAFE_DISABLED,0.0000,0.0000,-94.4385,0.0000,0.00,5
TEL,59620,SAFE_DISABLED,0.0000,0.0000,-94.4385,0.0000,0.00,5
TEL,59720,SAFE_DISABLED,0.0000,0.0000,-94.4385,0.0000,0.00,5
TEL,59820,SAFE_DISABLED,0.0000,0.0000,-94.4385,0.0000,0.00,5
TEL,59920,SAFE_DISABLED,0.0000,0.0000,-94.4385,0.0000,0.00,5
TEL,60020,SAFE_DISABLED,0.0000,0.0000,-94.4385,0.0000,0.00,5
TEL,60120,SAFE_DISABLED,0.0000,0.0000,-94.4385,0.0000,0.00,5
TEL,60220,SAFE_DISABLED,0.0000,0.0000,-94.4385,0.0000,0.00,5
TEL,60320,SAFE_DISABLED,0.0000,0.0000,-94.4385,0.0000,0.00,5
TEL,60420,SAFE_DISABLED,0.0000,0.0000,-94.4385,0.0000,0.00,5
TEL,60520,SAFE_DISABLED,0.0000,0.0000,-94.4385,0.0000,0.00,5
TEL,60620,SAFE_DISABLED,0.0000,0.0000,-94.4385,0.0000,0.00,5
TEL,60720,SAFE_DISABLED,0.0000,0.0000,-94.4385,0.0000,0.00,5
TEL,60820,SAFE_DISABLED,0.0000,0.0000,-94.4385,0.0000,0.00,5
TEL,60920,SAFE_DISABLED,0.0000,0.0000,-94.4385,0.0000,0.00,5
TEL,61020,SAFE_DISABLED,0.0000,0.0000,-94.4385,0.0000,0.00,5
TEL,61120,SAFE_DISABLED,0.0000,0.0000,-94.4385,0.0000,0.00,5
TEL,61220,SAFE_DISABLED,0.0000,0.0000,-94.4385,0.0000,0.00,5
TEL,61320,SAFE_DISABLED,0.0000,0.0000,-94.4385,0.0000,0.00,5
TEL,61420,SAFE_DISABLED,0.0000,0.0000,-94.4385,0.0000,0.00,5
TEL,61520,SAFE_DISABLED,0.0000,0.0000,-94.4385,0.0000,0.00,5
TEL,61620,SAFE_DISABLED,0.0000,0.0000,-94.4385,0.0000,0.00,5
TEL,61720,SAFE_DISABLED,0.0000,0.0000,-94.4385,0.0000,0.00,5
TEL,61820,SAFE_DISABLED,0.0000,0.0000,-94.4385,0.0000,0.00,5
TEL,61920,SAFE_DISABLED,0.0000,0.0000,-94.4385,0.0000,0.00,5
TEL,62020,SAFE_DISABLED,0.0000,0.0000,-94.4385,0.0000,0.00,5
TEL,62120,SAFE_DISABLED,0.0000,0.0000,-94.4385,0.0000,0.00,5
TEL,62220,SAFE_DISABLED,0.0000,0.0000,-94.4385,0.0000,0.00,5
TEL,62320,SAFE_DISABLED,0.0000,0.0000,-94.4385,0.0000,0.00,5
TEL,62420,SAFE_DISABLED,0.0000,0.0000,-94.4385,0.0000,0.00,5
TEL,62520,SAFE_DISABLED,0.0000,0.0000,-94.4385,0.0000,0.00,5
TEL,62620,SAFE_DISABLED,0.0000,0.0000,-94.4385,0.0000,0.00,5
TEL,62720,SAFE_DISABLED,0.0000,0.0000,-94.4385,0.0000,0.00,5
TEL,62820,SAFE_DISABLED,0.0000,0.0000,-94.4385,0.0000,0.00,5
TEL,62920,SAFE_DISABLED,0.0000,0.0000,-94.4385,0.0000,0.00,5
TEL,63020,SAFE_DISABLED,0.0000,0.0000,-94.4385,0.0000,0.00,5
TEL,63120,SAFE_DISABLED,0.0000,0.0000,-94.4385,0.0000,0.00,5
TEL,63220,SAFE_DISABLED,0.0000,0.0000,-94.4385,0.0000,0.00,5
TEL,63320,SAFE_DISABLED,0.0000,0.0000,-94.4385,0.0000,0.00,5
TEL,63420,SAFE_DISABLED,0.0000,0.0000,-94.4385,0.0000,0.00,5
TEL,63520,SAFE_DISABLED,0.0000,0.0000,-94.4385,0.0000,0.00,5
TEL,63620,SAFE_DISABLED,0.0000,0.0000,-94.4385,0.0000,0.00,5
TEL,63720,SAFE_DISABLED,0.0000,0.0000,-94.4385,0.0000,0.00,5
TEL,63820,SAFE_DISABLED,0.0000,0.0000,-94.4385,0.0000,0.00,5
TEL,63920,SAFE_DISABLED,0.0000,0.0000,-94.4385,0.0000,0.00,5
TEL,64020,SAFE_DISABLED,0.0000,0.0000,-94.4385,0.0000,0.00,5
TEL,64120,SAFE_DISABLED,0.0000,0.0000,-94.4385,0.0000,0.00,5
TEL,64220,SAFE_DISABLED,0.0000,0.0000,-94.4385,0.0000,0.00,5
TEL,64320,SAFE_DISABLED,0.0000,0.0000,-94.4385,0.0000,0.00,5
TEL,64420,SAFE_DISABLED,0.0000,0.0000,-94.4385,0.0000,0.00,5
TEL,64520,SAFE_DISABLED,0.0000,0.0000,-94.4385,0.0000,0.00,5
TEL,64620,SAFE_DISABLED,0.0000,0.0000,-94.4385,0.0000,0.00,5
TEL,64720,SAFE_DISABLED,0.0000,0.0000,-94.4385,0.0000,0.00,5
TEL,64820,SAFE_DISABLED,0.0000,0.0000,-94.4385,0.0000,0.00,5
TEL,64920,SAFE_DISABLED,0.0000,0.0000,-94.4385,0.0000,0.00,5
TEL,65020,SAFE_DISABLED,0.0000,0.0000,-94.4385,0.0000,0.00,5
TEL,65120,SAFE_DISABLED,0.0000,0.0000,-94.4385,0.0000,0.00,5
TEL,65220,SAFE_DISABLED,0.0000,0.0000,-94.4385,0.0000,0.00,5
TEL,65320,SAFE_DISABLED,0.0000,0.0000,-104.3188,0.0000,0.00,5
TEL,65420,SAFE_DISABLED,0.0000,0.0000,-119.7225,0.0000,0.00,5
TEL,65520,SAFE_DISABLED,0.0000,0.0000,-126.0029,0.0000,0.00,5
TEL,65620,SAFE_DISABLED,-1.3861,-0.8236,-127.9328,0.0000,0.00,4
TEL,65720,SAFE_DISABLED,-2.7924,-2.0049,-128.2917,0.0000,0.00,4
TEL,65820,SAFE_DISABLED,-1.5576,-1.7774,-128.2919,0.0000,0.00,4
TEL,65920,SAFE_DISABLED,-1.4890,-1.5434,-128.2790,0.0000,0.00,4
TEL,66020,SAFE_DISABLED,-1.4890,-1.5434,-128.2768,0.0000,0.00,4
TEL,66120,SAFE_DISABLED,-1.4890,-1.5434,-128.2764,0.0000,0.00,4
TEL,66220,SAFE_DISABLED,-1.4890,-1.5434,-128.2764,0.0000,0.00,4
TEL,66320,SAFE_DISABLED,-1.4890,-1.5434,-128.2764,0.0000,0.00,4
TEL,66420,SAFE_DISABLED,-1.4890,-1.5434,-128.2764,0.0000,0.00,4
TEL,66520,SAFE_DISABLED,-1.4890,-1.5434,-128.2764,0.0000,0.00,4
TEL,66620,SAFE_DISABLED,-1.4890,-1.5434,-128.2764,0.0000,0.00,4
TEL,66720,SAFE_DISABLED,-1.4890,-1.5434,-128.2764,0.0000,0.00,4
TEL,66820,SAFE_DISABLED,-1.4890,-1.5434,-128.2764,0.0000,0.00,4
TEL,66920,SAFE_DISABLED,-1.4890,-1.5434,-128.2764,0.0000,0.00,5
TEL,67020,SAFE_DISABLED,15.1808,8.4911,-128.2764,0.0000,0.00,4
TEL,67120,SAFE_DISABLED,15.7982,12.8754,-128.2764,0.0000,0.00,4
TEL,67220,SAFE_DISABLED,15.7982,12.8754,-128.2764,0.0000,0.00,4
TEL,67320,SAFE_DISABLED,15.1808,14.2586,-128.2764,0.0000,0.00,4
TEL,67420,SAFE_DISABLED,15.1808,14.2586,-128.2764,0.0000,0.00,4
TEL,67520,SAFE_DISABLED,15.1808,14.2586,-128.2764,0.0000,0.00,4
TEL,67620,SAFE_DISABLED,15.1808,14.2586,-128.2764,0.0000,0.00,4
TEL,67720,SAFE_DISABLED,15.1808,14.2586,-128.2500,0.0000,0.00,4
TEL,67820,SAFE_DISABLED,15.1808,14.2586,-128.2719,0.0000,0.00,4
TEL,67920,SAFE_DISABLED,15.1808,14.2586,-128.2572,0.0000,0.00,4
TEL,68020,SAFE_DISABLED,15.1808,14.2586,-128.2468,0.0000,0.00,4
TEL,68120,SAFE_DISABLED,15.1808,14.2586,-128.2175,0.0000,0.00,4
TEL,68220,SAFE_DISABLED,15.1808,14.2586,-128.2445,0.0000,0.00,4
TEL,68320,SAFE_DISABLED,15.1808,14.2586,-125.4742,0.0000,0.00,5
TEL,68420,SAFE_DISABLED,15.1808,14.2586,-125.9050,0.0000,0.00,5
TEL,68520,SAFE_DISABLED,15.1808,14.2586,-127.8530,0.0000,0.00,5
TEL,68620,SAFE_DISABLED,15.1808,14.2586,-120.6720,0.0000,0.00,5
TEL,68720,SAFE_DISABLED,15.1808,14.2586,-124.4073,0.0000,0.00,5
TEL,68820,SAFE_DISABLED,15.1808,14.2586,-125.6881,0.0000,0.00,5
TEL,68920,SAFE_DISABLED,16.0726,15.3470,-116.2770,0.0000,0.00,4
TEL,69020,SAFE_DISABLED,16.0726,15.3470,-115.6482,0.0000,0.00,4
TEL,69120,SAFE_DISABLED,16.0726,15.3470,-118.2583,0.0000,0.00,4
TEL,69220,SAFE_DISABLED,16.0726,15.3470,-108.9269,0.0000,0.00,4
TEL,69320,SAFE_DISABLED,16.0726,15.3470,-99.2509,0.0000,0.00,4
TEL,69420,SAFE_DISABLED,16.0726,15.3470,-113.5607,0.0000,0.00,4
STATE,SAFE_DISABLED
SENSORS,angle=ok,pos=bad
MEAS,theta_deg=-107.0362,x_cm=16.0726,x_filt_cm=15.3470
AGE,angle_ms=15,pos_ms=630
FAULTS,bits=4
CAL,zero_calibrated=yes,limits_calibrated=yes,sign_calibrated=yes
CAL_STORE,status=loaded
TEL,enabled=1
FAULT_INFO,bits=4
FAULT_INFO,mode=bringup_warning
FAULT_INFO,angle_oob=1
GUIDE,step=sonar_sensor,do=flat_target_then_sonar_diag
TEL,69520,SAFE_DISABLED,16.0726,15.3470,-110.6660,0.0000,0.00,4
AS5600_DIAG,1,286.8750,-112.1025,0,125.00
GUIDE,step=run,do=run_r
SONAR_DIAG,has_sample=1,fresh=1,timeout=1,age_ms=73,raw_cm=27.9888,filt_cm=27.9181,valid_streak=12,timeout_cnt=1716,jump_reject_cnt=0
GUIDE,step=run,do=run_r
TEL,69620,SAFE_DISABLED,15.5238,15.4531,-115.1710,0.0000,0.00,4
FAULT_INFO,bits=4
FAULT_INFO,mode=bringup_warning
FAULT_INFO,angle_oob=1
SONAR_DIAG,has_sample=1,fresh=1,timeout=1,age_ms=130,raw_cm=27.9888,filt_cm=27.9181,valid_streak=12,timeout_cnt=1717,jump_reject_cnt=0
GUIDE,step=run,do=run_r
TEL,69720,SAFE_DISABLED,15.5238,15.4531,-29.8830,0.0000,0.00,4
TEL,69820,SAFE_DISABLED,13.8774,14.5077,9.9304,0.0000,0.00,0
TEL,69920,SAFE_DISABLED,13.8774,14.5077,16.6218,0.0000,0.00,0
TEL,70020,SAFE_DISABLED,15.5238,15.1173,17.7464,0.0000,0.00,0
TEL,70120,SAFE_DISABLED,15.5238,15.1173,17.9354,0.0000,0.00,0
TEL,70220,SAFE_DISABLED,16.8958,16.5289,17.9672,0.0000,0.00,0
TEL,70320,SAFE_DISABLED,16.5528,16.5901,17.9726,0.0000,0.00,0
TEL,70420,SAFE_DISABLED,16.5528,16.5901,17.9734,0.0000,0.00,0
TEL,70520,SAFE_DISABLED,16.5528,16.5901,17.9736,0.0000,0.00,0
TEL,70620,SAFE_DISABLED,13.6030,14.7724,17.9736,0.0000,0.00,0
TEL,70720,SAFE_DISABLED,12.2996,12.4578,17.9736,0.0000,0.00,0
TEL,70820,SAFE_DISABLED,12.2996,12.3249,17.9736,0.0000,0.00,0
TEL,70920,SAFE_DISABLED,12.2996,12.3036,17.9736,0.0000,0.00,0
TEL,71020,SAFE_DISABLED,12.2996,12.3036,15.2314,0.0000,0.00,0
TEL,71120,SAFE_DISABLED,12.2996,12.3036,12.7331,0.0000,0.00,0
TEL,71220,SAFE_DISABLED,12.2996,12.3036,17.0929,0.0000,0.00,0
TEL,71320,SAFE_DISABLED,12.2996,12.3036,9.6539,0.0000,0.00,0
TEL,71420,SAFE_DISABLED,12.2996,12.3036,8.7528,0.0000,0.00,0
TEL,71520,SAFE_DISABLED,12.2996,12.3036,12.5848,0.0000,0.00,0
TEL,71620,SAFE_DISABLED,12.2996,12.3036,4.5761,0.0000,0.00,0
TEL,71720,SAFE_DISABLED,12.2996,12.3036,-3.5903,0.0000,0.00,0
TEL,71820,SAFE_DISABLED,12.2996,12.3036,4.5120,0.0000,0.00,0
TEL,71920,SAFE_DISABLED,12.2996,12.3036,-7.3677,0.0000,0.00,1
TEL,72020,SAFE_DISABLED,12.2996,12.3036,-20.8065,0.0000,0.00,5
TEL,72120,SAFE_DISABLED,12.2996,12.3036,-20.9402,0.0000,0.00,5
TEL,72220,SAFE_DISABLED,12.2996,12.3036,-22.1925,0.0000,0.00,5
TEL,72320,SAFE_DISABLED,12.2996,12.3036,-34.1656,0.0000,0.00,5
TEL,72420,SAFE_DISABLED,12.2996,12.3036,-41.3373,0.0000,0.00,5
TEL,72520,SAFE_DISABLED,12.2996,12.3036,-43.4754,0.0000,0.00,5
TEL,72620,SAFE_DISABLED,12.2996,12.3036,-47.3696,0.0000,0.00,5
TEL,72720,SAFE_DISABLED,12.2996,12.3036,-59.2149,0.0000,0.00,5
TEL,72820,SAFE_DISABLED,12.2996,12.3036,-50.1748,0.0000,0.00,5
TEL,72920,SAFE_DISABLED,12.2996,12.3036,-55.6763,0.0000,0.00,5
TEL,73020,SAFE_DISABLED,12.2996,12.3036,-89.0532,0.0000,0.00,5
TEL,73120,SAFE_DISABLED,12.2996,12.3036,-79.2664,0.0000,0.00,5
TEL,73220,SAFE_DISABLED,12.2996,12.3036,-92.6474,0.0000,0.00,5
TEL,73320,SAFE_DISABLED,12.2996,12.3036,-116.3133,0.0000,0.00,5
TEL,73420,SAFE_DISABLED,12.2996,12.3036,-119.1732,0.0000,0.00,5
TEL,73520,SAFE_DISABLED,37.2996,27.3012,-113.6975,0.0000,0.00,12
TEL,73620,SAFE_DISABLED,37.2996,27.3012,-124.8215,0.0000,0.00,12
TEL,73720,SAFE_DISABLED,40.2346,35.0612,-126.9925,0.0000,0.00,12
TEL,73820,SAFE_DISABLED,40.2346,35.0612,-127.3354,0.0000,0.00,12
TEL,73920,SAFE_DISABLED,40.2346,35.0612,-128.0580,0.0000,0.00,4
TEL,74020,SAFE_DISABLED,40.2346,35.0612,-128.2058,0.0000,0.00,4
TEL,74120,SAFE_DISABLED,40.2346,35.0612,-128.2004,0.0000,0.00,4
TEL,74220,SAFE_DISABLED,40.2346,35.0612,-128.2259,0.0000,0.00,4
TEL,74320,SAFE_DISABLED,40.2346,35.0612,-128.2324,0.0000,0.00,4
TEL,74420,SAFE_DISABLED,40.2346,35.0612,-128.2241,0.0000,0.00,4
TEL,74520,SAFE_DISABLED,40.2346,35.0612,-126.8637,0.0000,0.00,4
TEL,74620,SAFE_DISABLED,40.2346,35.0612,-127.9658,0.0000,0.00,4
TEL,74720,SAFE_DISABLED,40.2346,35.0612,-116.9761,0.0000,0.00,5
TEL,74820,SAFE_DISABLED,40.2346,35.0612,-118.4815,0.0000,0.00,5
TEL,74920,SAFE_DISABLED,40.2346,35.0612,-113.5813,0.0000,0.00,5
TEL,75020,SAFE_DISABLED,40.2346,35.0612,-82.1793,0.0000,0.00,5
TEL,75120,SAFE_DISABLED,38.0932,36.8804,-37.6264,0.0000,0.00,12
TEL,75220,SAFE_DISABLED,38.0932,36.8804,-56.2114,0.0000,0.00,12
TEL,75320,SAFE_DISABLED,38.0932,36.8804,-63.4084,0.0000,0.00,4
TEL,75420,SAFE_DISABLED,38.0932,36.8804,-18.1335,0.0000,0.00,0
TEL,75520,SAFE_DISABLED,38.0932,36.8804,-9.0061,0.0000,0.00,0
TEL,75620,SAFE_DISABLED,38.0932,36.8804,-5.9920,0.0000,0.00,0
TEL,75720,SAFE_DISABLED,38.0932,36.8804,13.7713,0.0000,0.00,0
TEL,75820,SAFE_DISABLED,38.0932,36.8804,17.2673,0.0000,0.00,0
TEL,75920,SAFE_DISABLED,38.0932,36.8804,15.1127,0.0000,0.00,0
TEL,76020,SAFE_DISABLED,38.0932,36.8804,16.5522,0.0000,0.00,0
TEL,76120,SAFE_DISABLED,38.0932,36.8804,17.7347,0.0000,0.00,1
TEL,76220,SAFE_DISABLED,38.0932,36.8804,6.1001,0.0000,0.00,1
TEL,76320,SAFE_DISABLED,38.0932,36.8804,8.1555,0.0000,0.00,1
TEL,76420,SAFE_DISABLED,38.0932,36.8804,10.1329,0.0000,0.00,1
TEL,76520,SAFE_DISABLED,38.0932,36.8804,6.4685,0.0000,0.00,1
TEL,76620,SAFE_DISABLED,38.0932,36.8804,-1.8792,0.0000,0.00,1
TEL,76720,SAFE_DISABLED,38.0932,36.8804,4.7636,0.0000,0.00,1
TEL,76820,SAFE_DISABLED,38.0932,36.8804,-2.3993,0.0000,0.00,1
TEL,76920,SAFE_DISABLED,38.0932,36.8804,-27.1233,0.0000,0.00,5
TEL,77020,SAFE_DISABLED,38.0932,36.8804,-24.7154,0.0000,0.00,5
TEL,77120,SAFE_DISABLED,38.0932,36.8804,-19.5917,0.0000,0.00,1
TEL,77220,SAFE_DISABLED,38.0932,36.8804,-22.2067,0.0000,0.00,5
TEL,77320,SAFE_DISABLED,38.0932,36.8804,-36.9102,0.0000,0.00,5
TEL,77420,SAFE_DISABLED,38.0932,36.8804,-66.7804,0.0000,0.00,5
TEL,77520,SAFE_DISABLED,38.0932,36.8804,-82.8793,0.0000,0.00,5
TEL,77620,SAFE_DISABLED,38.0932,36.8804,-92.2081,0.0000,0.00,5
TEL,77720,SAFE_DISABLED,38.0932,36.8804,-91.5788,0.0000,0.00,5
TEL,77820,SAFE_DISABLED,38.0932,36.8804,-97.9147,0.0000,0.00,5
TEL,77920,SAFE_DISABLED,38.0932,36.8804,-100.0552,0.0000,0.00,5
TEL,78020,SAFE_DISABLED,38.0932,36.8804,-97.7598,0.0000,0.00,5
TEL,78120,SAFE_DISABLED,38.0932,36.8804,-91.7728,0.0000,0.00,5
TEL,78220,SAFE_DISABLED,38.0932,36.8804,-120.5961,0.0000,0.00,5
TEL,78320,SAFE_DISABLED,38.0932,36.8804,-119.0899,0.0000,0.00,5
TEL,78420,SAFE_DISABLED,38.0932,36.8804,-122.1163,0.0000,0.00,5
TEL,78520,SAFE_DISABLED,38.0932,36.8804,-127.2033,0.0000,0.00,5
TEL,78620,SAFE_DISABLED,38.0932,36.8804,-123.2433,0.0000,0.00,5
TEL,78720,SAFE_DISABLED,38.0932,36.8804,-124.7302,0.0000,0.00,5
TEL,78820,SAFE_DISABLED,38.0932,36.8804,-127.6347,0.0000,0.00,5
TEL,78920,SAFE_DISABLED,38.0932,36.8804,-128.0954,0.0000,0.00,5
TEL,79020,SAFE_DISABLED,38.0932,36.8804,-127.5392,0.0000,0.00,5
TEL,79120,SAFE_DISABLED,38.0932,36.8804,-128.1057,0.0000,0.00,5
TEL,79220,SAFE_DISABLED,38.0932,36.8804,-128.1746,0.0000,0.00,5
TEL,79320,SAFE_DISABLED,38.0932,36.8804,-128.1925,0.0000,0.00,5
TEL,79420,SAFE_DISABLED,38.0932,36.8804,-128.1891,0.0000,0.00,5
TEL,79520,SAFE_DISABLED,38.0932,36.8804,-128.1886,0.0000,0.00,5
TEL,79620,SAFE_DISABLED,38.0932,36.8804,-128.2368,0.0000,0.00,5
TEL,79720,SAFE_DISABLED,38.0932,36.8804,-128.1966,0.0000,0.00,5
TEL,79820,SAFE_DISABLED,38.0932,36.8804,-128.1962,0.0000,0.00,5
TEL,79920,SAFE_DISABLED,38.0932,36.8804,-128.2145,0.0000,0.00,5
TEL,80020,SAFE_DISABLED,38.0932,36.8804,-128.2321,0.0000,0.00,5
TEL,80120,SAFE_DISABLED,38.0932,36.8804,-128.2087,0.0000,0.00,5
TEL,80220,SAFE_DISABLED,38.0932,36.8804,-128.1919,0.0000,0.00,5
TEL,80320,SAFE_DISABLED,38.0932,36.8804,-128.1890,0.0000,0.00,5
TEL,80420,SAFE_DISABLED,38.0932,36.8804,-128.1886,0.0000,0.00,5
TEL,80520,SAFE_DISABLED,38.0932,36.8804,-128.2223,0.0000,0.00,5
TEL,80620,SAFE_DISABLED,38.0932,36.8804,-128.2359,0.0000,0.00,5
TEL,80720,SAFE_DISABLED,38.0932,36.8804,-128.2239,0.0000,0.00,5
TEL,80820,SAFE_DISABLED,38.0932,36.8804,-128.2208,0.0000,0.00,5
TEL,80920,SAFE_DISABLED,38.0932,36.8804,-128.2068,0.0000,0.00,5
TEL,81020,SAFE_DISABLED,38.0932,36.8804,-128.2135,0.0000,0.00,5
TEL,81120,SAFE_DISABLED,38.0932,36.8804,-128.2017,0.0000,0.00,5
TEL,81220,SAFE_DISABLED,38.0932,36.8804,-128.2099,0.0000,0.00,5
TEL,81320,SAFE_DISABLED,38.0932,36.8804,-128.2050,0.0000,0.00,5
TEL,81420,SAFE_DISABLED,38.0932,36.8804,-128.2305,0.0000,0.00,5
TEL,81520,SAFE_DISABLED,38.0932,36.8804,-128.2373,0.0000,0.00,5
TEL,81620,SAFE_DISABLED,38.0932,36.8804,-128.2305,0.0000,0.00,5
TEL,81720,SAFE_DISABLED,38.0932,36.8804,-128.1956,0.0000,0.00,5
TEL,81820,SAFE_DISABLED,38.0932,36.8804,-128.2081,0.0000,0.00,5
TEL,81920,SAFE_DISABLED,38.0932,36.8804,-128.2181,0.0000,0.00,5
TEL,82020,SAFE_DISABLED,38.0932,36.8804,-128.2183,0.0000,0.00,5
TEL,82120,SAFE_DISABLED,38.0932,36.8804,-128.2328,0.0000,0.00,5
TEL,82220,SAFE_DISABLED,38.0932,36.8804,-128.2627,0.0000,0.00,5
TEL,82320,SAFE_DISABLED,38.0932,36.8804,-128.2740,0.0000,0.00,5
TEL,82420,SAFE_DISABLED,38.0932,36.8804,-128.2158,0.0000,0.00,5
TEL,82520,SAFE_DISABLED,38.0932,36.8804,-128.2021,0.0000,0.00,5
TEL,82620,SAFE_DISABLED,38.0932,36.8804,-128.1908,0.0000,0.00,5
TEL,82720,SAFE_DISABLED,38.0932,36.8804,-128.2266,0.0000,0.00,5
TEL,82820,SAFE_DISABLED,38.0932,36.8804,-128.2212,0.0000,0.00,5
TEL,82920,SAFE_DISABLED,38.0932,36.8804,-128.2542,0.0000,0.00,5
TEL,83020,SAFE_DISABLED,38.0932,36.8804,-128.2444,0.0000,0.00,5
TEL,83120,SAFE_DISABLED,38.0932,36.8804,-128.2581,0.0000,0.00,5
TEL,83220,SAFE_DISABLED,38.0932,36.8804,-128.2513,0.0000,0.00,5
TEL,83320,SAFE_DISABLED,38.0932,36.8804,-128.1990,0.0000,0.00,5
TEL,83420,SAFE_DISABLED,38.0932,36.8804,-128.2087,0.0000,0.00,5
TEL,83520,SAFE_DISABLED,38.0932,36.8804,-128.2138,0.0000,0.00,5
TEL,83620,SAFE_DISABLED,38.0932,36.8804,-128.2254,0.0000,0.00,5
TEL,83720,SAFE_DISABLED,38.0932,36.8804,-128.2678,0.0000,0.00,5
TEL,83820,SAFE_DISABLED,38.0932,36.8804,-128.2356,0.0000,0.00,5
TEL,83920,SAFE_DISABLED,38.0932,36.8804,-128.2357,0.0000,0.00,5
TEL,84020,SAFE_DISABLED,38.0932,36.8804,-128.2118,0.0000,0.00,5
TEL,84120,SAFE_DISABLED,38.0932,36.8804,-128.2301,0.0000,0.00,5
TEL,84220,SAFE_DISABLED,38.0932,36.8804,-128.2218,0.0000,0.00,5
TEL,84320,SAFE_DISABLED,38.0932,36.8804,-128.2479,0.0000,0.00,5
TEL,84420,SAFE_DISABLED,38.0932,36.8804,-128.2260,0.0000,0.00,5
TEL,84520,SAFE_DISABLED,38.0932,36.8804,-128.2211,0.0000,0.00,5
TEL,84620,SAFE_DISABLED,38.0932,36.8804,-128.1940,0.0000,0.00,5
TEL,84720,SAFE_DISABLED,38.0932,36.8804,-128.1894,0.0000,0.00,5
TEL,84820,SAFE_DISABLED,38.0932,36.8804,-128.1950,0.0000,0.00,5
TEL,84920,SAFE_DISABLED,38.0932,36.8804,-128.2352,0.0000,0.00,5
TEL,85020,SAFE_DISABLED,38.0932,36.8804,-128.2238,0.0000,0.00,5
TEL,85120,SAFE_DISABLED,38.0932,36.8804,-128.2129,0.0000,0.00,5
TEL,85220,SAFE_DISABLED,38.0932,36.8804,-128.1989,0.0000,0.00,5
TEL,85320,SAFE_DISABLED,38.0932,36.8804,-128.1902,0.0000,0.00,5
TEL,85420,SAFE_DISABLED,38.0932,36.8804,-128.2107,0.0000,0.00,5
TEL,85520,SAFE_DISABLED,38.0932,36.8804,-128.1922,0.0000,0.00,5
TEL,85620,SAFE_DISABLED,38.0932,36.8804,-128.2308,0.0000,0.00,5
TEL,85720,SAFE_DISABLED,38.0932,36.8804,-128.2220,0.0000,0.00,5
TEL,85820,SAFE_DISABLED,38.0932,36.8804,-128.2189,0.0000,0.00,5
TEL,85920,SAFE_DISABLED,38.0932,36.8804,-128.2089,0.0000,0.00,5
TEL,86020,SAFE_DISABLED,38.0932,36.8804,-128.2183,0.0000,0.00,5
TEL,86120,SAFE_DISABLED,38.0932,36.8804,-128.2210,0.0000,0.00,5
TEL,86220,SAFE_DISABLED,38.0932,36.8804,-128.1939,0.0000,0.00,5
TEL,86320,SAFE_DISABLED,38.0932,36.8804,-128.2047,0.0000,0.00,5
TEL,86420,SAFE_DISABLED,38.0932,36.8804,-128.2380,0.0000,0.00,5
TEL,86520,SAFE_DISABLED,38.0932,36.8804,-128.2216,0.0000,0.00,5
TEL,86620,SAFE_DISABLED,38.0932,36.8804,-128.2204,0.0000,0.00,5
TEL,86720,SAFE_DISABLED,38.0932,36.8804,-128.2092,0.0000,0.00,5
TEL,86820,SAFE_DISABLED,38.0932,36.8804,-128.1920,0.0000,0.00,5
TEL,86920,SAFE_DISABLED,38.0932,36.8804,-127.5570,0.0000,0.00,5
TEL,87020,SAFE_DISABLED,38.0932,36.8804,-128.0887,0.0000,0.00,5
TEL,87120,SAFE_DISABLED,38.0932,36.8804,-123.4369,0.0000,0.00,5
TEL,87220,SAFE_DISABLED,38.0932,36.8804,-122.3981,0.0000,0.00,5
TEL,87320,SAFE_DISABLED,46.6682,42.7531,-120.4540,0.0000,0.00,12
TEL,87420,SAFE_DISABLED,46.6682,42.7531,-119.0814,0.0000,0.00,12
TEL,87520,SAFE_DISABLED,46.6682,42.7531,-115.0992,0.0000,0.00,4
TEL,87620,SAFE_DISABLED,46.6682,42.7531,-113.5031,0.0000,0.00,4
TEL,87720,SAFE_DISABLED,46.6682,42.7531,-109.2080,0.0000,0.00,4
TEL,87820,SAFE_DISABLED,46.6682,42.7531,-80.5728,0.0000,0.00,4
TEL,87920,SAFE_DISABLED,46.6682,42.7531,-89.9864,0.0000,0.00,4
TEL,88020,SAFE_DISABLED,46.6682,42.7531,-89.6231,0.0000,0.00,4
TEL,88120,SAFE_DISABLED,46.6682,42.7531,-66.7791,0.0000,0.00,4
TEL,88220,SAFE_DISABLED,46.6682,42.7531,-72.5325,0.0000,0.00,4
TEL,88320,SAFE_DISABLED,46.6682,42.7531,-64.3156,0.0000,0.00,5
TEL,88420,SAFE_DISABLED,46.6682,42.7531,-39.7125,0.0000,0.00,5
TEL,88520,SAFE_DISABLED,46.6682,42.7531,-35.6189,0.0000,0.00,5
TEL,88620,SAFE_DISABLED,46.6682,42.7531,-37.6170,0.0000,0.00,5
TEL,88720,SAFE_DISABLED,46.6682,42.7531,-22.3008,0.0000,0.00,5
TEL,88820,SAFE_DISABLED,46.6682,42.7531,-18.6270,0.0000,0.00,1
TEL,88920,SAFE_DISABLED,46.6682,42.7531,-23.2393,0.0000,0.00,5
TEL,89020,SAFE_DISABLED,46.6682,42.7531,-2.3914,0.0000,0.00,1
TEL,89120,SAFE_DISABLED,46.6682,42.7531,5.0447,0.0000,0.00,1
TEL,89220,SAFE_DISABLED,46.6682,42.7531,-4.7794,0.0000,0.00,1
TEL,89320,SAFE_DISABLED,46.6682,42.7531,6.4743,0.0000,0.00,1
TEL,89420,SAFE_DISABLED,46.6682,42.7531,12.0368,0.0000,0.00,1
TEL,89520,SAFE_DISABLED,46.6682,42.7531,6.0157,0.0000,0.00,1
TEL,89620,SAFE_DISABLED,46.6682,42.7531,10.2437,0.0000,0.00,1
TEL,89720,SAFE_DISABLED,46.6682,42.7531,16.6745,0.0000,0.00,1
TEL,89820,SAFE_DISABLED,46.6682,42.7531,13.6694,0.0000,0.00,1
TEL,89920,SAFE_DISABLED,46.6682,42.7531,16.3097,0.0000,0.00,1
TEL,90020,SAFE_DISABLED,46.6682,42.7531,17.6940,0.0000,0.00,1
TEL,90120,SAFE_DISABLED,46.6682,42.7531,17.9266,0.0000,0.00,1
TEL,90220,SAFE_DISABLED,46.6682,42.7531,17.9657,0.0000,0.00,1
TEL,90320,SAFE_DISABLED,46.6682,42.7531,17.9723,0.0000,0.00,1
TEL,90420,SAFE_DISABLED,46.6682,42.7531,17.9734,0.0000,0.00,1
TEL,90520,SAFE_DISABLED,46.6682,42.7531,17.9736,0.0000,0.00,1
TEL,90620,SAFE_DISABLED,46.6682,42.7531,17.9736,0.0000,0.00,1
TEL,90720,SAFE_DISABLED,46.6682,42.7531,17.9736,0.0000,0.00,1
TEL,90820,SAFE_DISABLED,46.6682,42.7531,15.4011,0.0000,0.00,1
TET2T

TET
T
T0TEL,96120,SAFE_DISABLTT

DTIT0,SAFE_DISABLED,46.6682,42.7531,17.9736,0.0000,0.T



TBT5,5EDT5,TTTTT5TEL,105820,SAFE_DISATEL,106320,SAFE_DISABLED,46.6682,42.7531,-128.2143,0.0000,0.00,5
TEL,106420,SAFE_DISABLED,46.6682,42.7531,-128.2057,0.0000,0.00,5
TEL,106520,SAFE_DISABLED,46.6682,42.7531,-128.2043,0.0000,0.00,5
TEL,106620,SAFE_DISABLED,46.6682,42.7531,-128.1975,0.0000,0.00,5
ALL_BEAM_BOOT
HELP,keys
MENU,bringup
MENU,state=SAFE_DISABED,zero=yes,limits=yes,sign=yes,angle_ok=no,sonar_ok=no
MENU,sonar=flat_target_then_sonar_diag
STATE,SAFE_DISABLED
SENSORS,angle=bad,pos=bad
MEAS,theta_deg=0.0000,x_cm=0.0000,x_filt_cm=0.0000
AGE,angle_ms=9,pos_ms=9
FAULTS,bits=0
CAL,zero_calibrated=yes,limits_calibrated=yes,sign_calibrated=yes
CAL_STORE,status=loaded
TEL,enabled=1
FAULT_INFO,bits=0
FAULT_INFO,mode=bringup_warning
FAULT_INFO,none
GUIDE,step=angle_sensor,do=check_AS5600_then_s
TEL,353,SAFE_DISABLED,0.0000,0.0000,-128.1885,0.0000,0.00,4
ByesTTABL
FE_
TTATT