BALL_BEAM_REF_BOOT
TEL,2010,4.4247,4.4084,9.0916,-400.0000,0,0.000000
TEL,2320,10.5472,7.4380,4.2865,150.3613,400,0.785398
TEL,2691,7.0144,7.0198,6.2011,-314.7776,-150,-0.294524
TEL,3052,0.0000,7.0198,5.2871,-127.8504,314,0.616538
TEL,3266,6.7571,6.7782,6.5139,-299.8099,127,0.249364
TEL,3466,4.3218,4.6304,7.3845,-313.4557,299,0.587085
TEL,3513,4.8878,4.8831,7.0402,-313.4557,313,0.614574
TEL,3518,4.6133,4.6459,7.2340,-313.4557,313,0.614574
TEL,3523,4.4933,4.5128,7.3427,-313.4557,313,0.614574
TEL,3528,4.5962,4.5802,7.2877,-313.4557,313,0.614574
TEL,3533,4.6133,4.6038,7.2683,-313.4557,313,0.614574
TEL,3537,4.6133,4.6092,7.2639,-313.4557,313,0.614574
TEL,3543,4.6133,4.6109,7.2625,-313.4557,313,0.614574
TEL,3548,4.4933,4.5742,7.2926,-313.4557,313,0.614574
TEL,3553,4.6133,4.5958,7.2749,-313.4557,313,0.614574
TEL,3557,4.6133,4.6050,7.2674,-313.4557,313,0.614574
TEL,3562,4.6133,4.6086,7.2645,-313.4557,313,0.614574
TEL,3567,4.9735,4.7332,7.1626,-252.5508,313,0.614574
TEL,3685,5.8653,5.6114,6.9425,-257.0133,252,0.494801
TEL,3714,5.8825,5.8710,6.6781,-257.0133,257,0.504618
TEL,3719,5.5909,5.6241,6.8943,-257.0133,257,0.504618
TEL,3723,5.5909,5.5950,6.9197,-257.0133,257,0.504618
TEL,3728,5.9510,5.8142,6.7278,-257.0133,257,0.504618
TEL,3733,5.9510,5.9318,6.6249,-257.0133,257,0.504618
TEL,3738,5.9510,5.9470,6.6116,-257.0133,257,0.504618
TEL,3743,6.0711,6.0140,6.5529,-257.0133,257,0.504618
TEL,3748,5.6423,5.7580,6.7771,-257.0133,257,0.504618
TEL,3752,6.0539,6.0174,6.5500,-257.0133,257,0.504618
TEL,3758,5.6423,5.6872,6.8390,-257.0133,257,0.504618
TEL,3763,5.5394,5.5540,6.9556,-257.0133,257,0.504618
TEL,3768,5.5394,5.5422,6.9659,-257.0133,257,0.504618
TEL,3773,5.6423,5.5948,6.9199,-257.0133,257,0.504618
TEL,3778,5.6423,5.6256,6.8929,-257.0133,257,0.504618
TEL,3782,5.6423,5.6354,6.8843,-257.0133,257,0.504618
TEL,3787,5.6423,5.6386,6.8816,-275.2177,257,0.504618
TEL,3841,5.4022,5.5564,6.8135,-275.2177,275,0.539961
TEL,3846,5.6938,5.6534,6.7302,-275.2177,275,0.539961
TEL,3851,5.6938,5.6840,6.7040,-275.2177,275,0.539961
TEL,3855,5.6938,5.6899,6.6989,-275.2177,275,0.539961
TEL,3860,5.6938,5.6916,6.6975,-275.2177,275,0.539961
TEL,3865,5.6938,5.6923,6.6969,-275.2177,275,0.539961
TEL,3870,5.5909,5.6667,6.7188,-275.2177,275,0.539961
TEL,3875,5.5909,5.6310,6.7495,-275.2177,275,0.539961
TEL,3880,5.6938,5.6672,6.7184,-275.2177,275,0.539961
TEL,3886,5.6938,5.6831,6.7048,-275.2177,275,0.539961
TEL,3890,5.6938,5.6884,6.7002,-273.0502,275,0.539961
TEL,3900,5.8653,5.7569,6.6570,-273.0502,273,0.536034
TEL,3905,5.5909,5.6445,6.7537,-273.0502,273,0.536034
TEL,3910,5.6938,5.6828,6.7208,-273.0502,273,0.536034
TEL,3915,5.6938,5.6898,6.7148,-273.0502,273,0.536034
TEL,3919,5.6938,5.6916,6.7132,-273.0502,273,0.536034
TEL,3924,5.7109,5.6980,6.7077,-273.0502,273,0.536034
TEL,3930,5.1793,5.5275,6.8543,-273.0502,273,0.536034
TEL,3935,5.2822,5.3261,7.0274,-273.0502,273,0.536034
TEL,3940,5.2822,5.2886,7.0597,-273.0502,273,0.536034
TEL,3944,5.2822,5.2845,7.0632,-273.0502,273,0.536034
TEL,3949,5.2822,5.2835,7.0640,-273.0502,273,0.536034
TEL,3954,5.5909,5.3791,6.9819,-273.0502,273,0.536034
TEL,3959,5.5909,5.5337,6.8490,-273.0502,273,0.536034
TEL,3964,5.6938,5.6652,6.7359,-273.0502,273,0.536034
TEL,3969,5.6938,5.6882,6.7161,-273.0502,273,0.536034
TEL,3974,5.2822,5.4528,6.9185,-273.0502,273,0.536034
TEL,3979,5.1793,5.2159,7.1221,-273.0502,273,0.536034
TEL,3984,5.1793,5.1840,7.1496,-273.0502,273,0.536034
TEL,3989,5.2822,5.2454,7.0968,-273.0502,273,0.536034
TEL,3994,5.2822,5.2706,7.0752,-327.3564,273,0.536034
TEL,4097,5.5566,5.4329,6.4606,-260.7760,327,0.642063
TEL,4222,5.6080,5.5769,6.9129,-347.5872,260,0.510509
TEL,4368,5.1450,5.2246,6.4277,-287.6481,347,0.681333
TEL,4480,5.1964,5.1991,7.0174,-378.8756,287,0.563523
TEL,4628,5.6767,5.4890,5.9040,-254.9291,378,0.742201
TEL,4796,7.3231,7.1159,5.6065,-304.1104,254,0.498728
TEL,4921,0.0000,7.1159,5.2802,-301.3306,304,0.596903
TEL,4955,0.0000,7.1159,5.3012,-301.3306,301,0.591012
TEL,4976,0.0000,7.1159,5.3012,-301.3306,301,0.591012
TEL,4998,0.0000,7.1159,5.3012,-301.3306,301,0.591012
TEL,5019,0.0000,7.1159,5.3012,-301.3306,301,0.591012
TEL,5040,0.0000,7.1159,5.3012,-330.7020,301,0.591012
TEL,5142,0.0000,7.1159,5.0902,-318.6088,330,0.647953
TEL,5198,0.0000,7.1159,5.1795,-318.6088,318,0.624391
TEL,5220,0.0000,7.1159,5.1795,-318.6088,318,0.624391
TEL,5241,0.0000,7.1159,5.1795,-318.6088,318,0.624391
TEL,5263,0.0000,7.1159,5.1795,-346.8599,318,0.624391
TEL,5332,8.1977,8.1723,4.1448,-346.8599,346,0.679369
TEL,5338,7.0830,7.1213,4.9624,-346.8599,346,0.679369
TEL,5343,7.1858,7.1836,4.9140,-346.8599,346,0.679369
TEL,5348,7.2030,7.1975,4.9032,-346.8599,346,0.679369
TEL,5353,7.6661,7.4390,4.7153,-346.8599,346,0.679369
TEL,5358,7.6661,7.6360,4.5620,-346.8599,346,0.679369
TEL,5363,8.5407,8.4075,3.9618,-240.8883,346,0.679369
TEL,5514,6.9629,7.0312,5.7637,-400.0000,240,0.471239
TEL,5706,9.6040,9.5332,2.8049,-117.4639,400,0.785398
TEL,5975,6.9114,6.9521,6.3759,-400.0000,117,0.229729
TEL,6243,7.9404,7.9256,3.9417,-195.6780,400,0.785398
TEL,6469,9.5525,9.4907,3.7190,-327.8173,195,0.382882
TEL,6642,12.0393,11.9773,1.2195,-124.3082,327,0.642063
TEL,6867,5.1450,5.2515,8.0052,-400.0000,124,0.243473
TEL,7126,4.8878,4.8899,6.0883,-314.2916,400,0.785398
TEL,7262,5.5566,5.4962,6.5302,-400.0000,314,0.616538
TEL,7399,8.6264,8.4430,3.5758,-198.1110,400,0.785398
TEL,7617,6.9114,6.9317,6.0781,-400.0000,198,0.388772
TEL,7835,8.4206,8.3832,3.6181,-243.4806,400,0.785398
TEL,8032,7.3231,7.3508,5.4625,-400.0000,243,0.477129
TEL,8229,10.9074,10.7794,1.9238,-143.2433,400,0.785398
TEL,8484,7.6832,7.7185,5.5551,-400.0000,143,0.280780
TEL,8739,7.5803,7.5821,4.1846,-350.1215,400,0.785398
TEL,8841,7.3231,7.3710,4.7378,-400.0000,350,0.687223
TEL,8942,6.8600,6.9321,4.6442,-400.0000,400,0.785398
TEL,8947,6.9972,6.9921,4.6018,-400.0000,400,0.785398
TEL,8952,6.9972,6.9957,4.5992,-400.0000,400,0.785398
TEL,8957,7.4088,7.1790,4.4696,-400.0000,400,0.785398
TEL,8962,6.9457,6.9845,4.6072,-400.0000,400,0.785398
TEL,8967,7.8204,7.6956,4.1043,-400.0000,400,0.785398
TEL,8972,7.2544,7.2769,4.4004,-400.0000,400,0.785398
TEL,8977,7.2716,7.2720,4.4038,-400.0000,400,0.785398
TEL,8982,7.6832,7.4818,4.2555,-400.0000,400,0.785398
TEL,8987,7.6661,7.6388,4.1445,-400.0000,400,0.785398
TEL,8992,8.0948,8.0158,3.8779,-400.0000,400,0.785398
TEL,8997,8.0948,8.0878,3.8270,-400.0000,400,0.785398
TEL,9003,8.0262,8.0428,3.8588,-400.0000,400,0.785398
TEL,9008,8.1291,8.0989,3.8192,-400.0000,400,0.785398
TEL,9013,8.1291,8.1192,3.8048,-400.0000,400,0.785398
TEL,9018,8.1462,8.1338,3.7944,-400.0000,400,0.785398
TEL,9023,8.1291,8.1316,3.7960,-400.0000,400,0.785398
TEL,9028,7.6661,7.9699,3.9104,-400.0000,400,0.785398
TEL,9033,7.6661,7.7224,4.0854,-400.0000,400,0.785398
TEL,9037,7.6832,7.6881,4.1096,-400.0000,400,0.785398
TEL,9042,8.0776,7.9351,3.9350,-400.0000,400,0.785398
TEL,9048,7.2030,7.2967,4.3864,-400.0000,400,0.785398
TEL,9053,7.2030,7.2083,4.4489,-400.0000,400,0.785398
TEL,9058,7.1001,7.1261,4.5070,-400.0000,400,0.785398
TEL,9063,7.1001,7.1069,4.5206,-400.0000,400,0.785398
TEL,9068,7.5117,7.3292,4.3634,-400.0000,400,0.785398
TEL,9073,6.6542,6.7492,4.7735,-400.0000,400,0.785398
TEL,9078,6.7228,6.7244,4.7911,-400.0000,400,0.785398
TEL,9083,6.7399,6.7339,4.7844,-400.0000,400,0.785398
TEL,9088,6.7399,6.7367,4.7824,-400.0000,400,0.785398
TEL,9093,6.7399,6.7378,4.7816,-400.0000,400,0.785398
TEL,9098,6.6885,6.7244,4.7911,-400.0000,400,0.785398
TEL,9103,6.6370,6.6914,4.8144,-400.0000,400,0.785398
TEL,9108,6.1740,6.4088,5.0142,-400.0000,400,0.785398
TEL,9113,6.2769,6.2922,5.0967,-400.0000,400,0.785398
TEL,9118,6.2769,6.2801,5.1052,-400.0000,400,0.785398
TEL,9122,6.2597,6.2695,5.1128,-400.0000,400,0.785398
TEL,9127,6.2769,6.2727,5.1104,-400.0000,400,0.785398
TEL,9133,6.1740,6.2388,5.1344,-400.0000,400,0.785398
TEL,9138,6.1568,6.1943,5.1659,-400.0000,400,0.785398
TEL,9143,6.1568,6.1709,5.1824,-400.0000,400,0.785398
TEL,9148,6.2769,6.2289,5.1415,-400.0000,400,0.785398
TEL,9153,6.2597,6.2494,5.1269,-400.0000,400,0.785398
TEL,9158,6.2769,6.2643,5.1164,-400.0000,400,0.785398
TEL,9162,6.2769,6.2703,5.1122,-400.0000,400,0.785398
TEL,9167,6.2769,6.2729,5.1104,-400.0000,400,0.785398
TEL,9172,6.1740,6.2422,5.1320,-400.0000,400,0.785398
TEL,9178,6.1740,6.2069,5.1570,-400.0000,400,0.785398
TEL,9183,6.2769,6.2477,5.1281,-400.0000,400,0.785398
TEL,9188,6.2597,6.2551,5.1229,-400.0000,400,0.785398
TEL,9192,6.2769,6.2648,5.1160,-400.0000,400,0.785398
TEL,9197,6.2769,6.2697,5.1126,-400.0000,400,0.785398
TEL,9202,6.1568,6.2306,5.1402,-400.0000,400,0.785398
TEL,9207,6.1568,6.1886,5.1699,-400.0000,400,0.785398
TEL,9212,6.1740,6.1796,5.1763,-400.0000,400,0.785398
TEL,9218,6.2769,6.2241,5.1448,-400.0000,400,0.785398
TEL,9223,6.2769,6.2564,5.1220,-400.0000,400,0.785398
TEL,9227,6.2769,6.2684,5.1135,-400.0000,400,0.785398
TEL,9232,6.2769,6.2724,5.1107,-400.0000,400,0.785398
TEL,9237,6.1568,6.2305,5.1403,-400.0000,400,0.785398
TEL,9242,6.1740,6.1974,5.1637,-400.0000,400,0.785398
TEL,9247,5.8138,5.9729,5.3225,-400.0000,400,0.785398
TEL,9252,5.7967,5.8212,5.4297,-400.0000,400,0.785398
TEL,9257,5.8138,5.8151,5.4340,-400.0000,400,0.785398
TEL,9262,5.8138,5.8145,5.4345,-400.0000,400,0.785398
TEL,9267,5.7967,5.8085,5.4387,-400.0000,400,0.785398
TEL,9272,5.6938,5.7709,5.4653,-400.0000,400,0.785398
TEL,9277,5.7109,5.7374,5.4890,-400.0000,400,0.785398
TEL,9282,5.7967,5.7720,5.4646,-400.0000,400,0.785398
TEL,9286,5.7967,5.7866,5.4542,-400.0000,400,0.785398
TEL,9291,5.8138,5.7999,5.4448,-400.0000,400,0.785398
TEL,9296,5.6938,5.7520,5.4786,-400.0000,400,0.785398
TEL,9302,5.6938,5.7158,5.5043,-400.0000,400,0.785398
TEL,9307,5.7967,5.7647,5.4697,-400.0000,400,0.785398
TEL,9312,5.8138,5.7965,5.4472,-400.0000,400,0.785398
TEL,9316,5.7967,5.7966,5.4471,-400.0000,400,0.785398
TEL,9321,5.8138,5.8030,5.4426,-400.0000,400,0.785398
TEL,9326,5.6938,5.7650,5.4694,-400.0000,400,0.785398
TEL,9331,5.6938,5.7248,5.4979,-400.0000,400,0.785398
TEL,9336,5.7967,5.7687,5.4668,-400.0000,400,0.785398
TEL,9340,5.8138,5.7972,5.4467,-400.0000,400,0.785398
TEL,9346,5.8138,5.8067,5.4400,-400.0000,400,0.785398
TEL,9351,6.1568,5.9636,5.3290,-400.0000,400,0.785398
TEL,9356,6.1740,6.1348,5.2080,-400.0000,400,0.785398
TEL,9361,6.1740,6.1676,5.1848,-400.0000,400,0.785398
TEL,9366,6.2769,6.2357,5.1366,-400.0000,400,0.785398
TEL,9371,6.2769,6.2645,5.1163,-400.0000,400,0.785398
TEL,9375,6.2769,6.2718,5.1111,-400.0000,400,0.785398
TEL,9380,6.2769,6.2740,5.1095,-400.0000,400,0.785398
TEL,9385,6.1740,6.2411,5.1328,-400.0000,400,0.785398
TEL,9391,6.1740,6.2052,5.1582,-400.0000,400,0.785398
TEL,9396,6.1740,6.1868,5.1712,-400.0000,400,0.785398
TEL,9401,6.2769,6.2329,5.1386,-400.0000,400,0.785398
TEL,9406,6.2769,6.2604,5.1192,-400.0000,400,0.785398
TEL,9410,6.2597,6.2600,5.1194,-400.0000,400,0.785398
TEL,9415,6.2769,6.2662,5.1151,-400.0000,400,0.785398
TEL,9420,6.1568,6.2288,5.1415,-400.0000,400,0.785398
TEL,9425,6.1740,6.1981,5.1633,-400.0000,400,0.785398
TEL,9431,6.1568,6.1745,5.1799,-400.0000,400,0.785398
TEL,9436,6.2597,6.2203,5.1475,-400.0000,400,0.785398
TEL,9441,6.2597,6.2450,5.1300,-400.0000,400,0.785398
TEL,9445,6.2597,6.2532,5.1243,-400.0000,400,0.785398
TEL,9450,6.2769,6.2634,5.1170,-400.0000,400,0.785398
TEL,9455,6.1740,6.2270,5.1428,-400.0000,400,0.785398
TEL,9460,6.1568,6.1871,5.1710,-400.0000,400,0.785398
TEL,9465,6.1740,6.1791,5.1767,-400.0000,400,0.785398
TEL,9470,6.2769,6.2229,5.1457,-400.0000,400,0.785398
TEL,9476,6.2597,6.2452,5.1299,-400.0000,400,0.785398
TEL,9480,6.2597,6.2531,5.1244,-400.0000,400,0.785398
TEL,9485,6.2769,6.2631,5.1172,-400.0000,400,0.785398
TEL,9490,6.1568,6.2203,5.1475,-400.0000,400,0.785398
TEL,9495,6.1740,6.1927,5.1670,-400.0000,400,0.785398
TEL,9500,6.2597,6.2304,5.1404,-400.0000,400,0.785398
TEL,9505,6.2769,6.2583,5.1206,-400.0000,400,0.785398
TEL,9510,6.2769,6.2688,5.1132,-400.0000,400,0.785398
TEL,9515,6.2769,6.2725,5.1106,-400.0000,400,0.785398
TEL,9520,6.2769,6.2740,5.1095,-400.0000,400,0.785398
TEL,9525,6.1740,6.2459,5.1294,-400.0000,400,0.785398
TEL,9530,6.1740,6.2102,5.1546,-400.0000,400,0.785398
TEL,9535,6.2597,6.2390,5.1343,-400.0000,400,0.785398
TEL,9540,6.2769,6.2604,5.1191,-400.0000,400,0.785398
TEL,9544,6.2597,6.2601,5.1194,-400.0000,400,0.785398
TEL,9549,6.7399,6.4269,5.0014,-400.0000,400,0.785398
TEL,9554,6.6370,6.5990,4.8798,-400.0000,400,0.785398
TEL,9560,6.6370,6.6308,4.8572,-400.0000,400,0.785398
TEL,9565,6.6370,6.6347,4.8545,-400.0000,400,0.785398
TEL,9570,6.6370,6.6357,4.8538,-400.0000,400,0.785398
TEL,9575,6.7399,6.6676,4.8312,-400.0000,400,0.785398
TEL,9580,6.7399,6.7056,4.8044,-400.0000,400,0.785398
TEL,9585,6.7399,6.7261,4.7899,-400.0000,400,0.785398
TEL,9589,7.2030,6.9767,4.6127,-400.0000,400,0.785398
TEL,9594,7.2030,7.1740,4.4732,-400.0000,400,0.785398
TEL,9600,7.1001,7.1110,4.5177,-400.0000,400,0.785398
TEL,9605,7.1001,7.1033,4.5232,-400.0000,400,0.785398
TEL,9610,7.5117,7.2968,4.3863,-400.0000,400,0.785398
TEL,9615,7.9748,7.8673,3.9829,-400.0000,400,0.785398
TEL,9620,7.9748,7.9681,3.9117,-400.0000,400,0.785398
TEL,9625,7.5631,7.6540,4.1337,-400.0000,400,0.785398
TEL,9630,7.6661,7.6648,4.1261,-400.0000,400,0.785398
TEL,9635,8.5578,8.1455,3.7862,-400.0000,400,0.785398
TEL,9640,8.5578,8.5274,3.5161,-400.0000,400,0.785398
TEL,9646,8.1462,8.1795,3.7622,-400.0000,400,0.785398
TEL,9651,8.1462,8.1494,3.7835,-400.0000,400,0.785398
TEL,9656,8.1462,8.1474,3.7848,-400.0000,400,0.785398
TEL,9661,8.1291,8.1401,3.7901,-400.0000,400,0.785398
TEL,9666,8.6093,8.3135,3.6674,-400.0000,400,0.785398
TEL,9671,8.1977,8.2180,3.7349,-400.0000,400,0.785398
TEL,9676,7.7861,7.8886,3.9678,-400.0000,400,0.785398
TEL,9681,7.7861,7.7964,4.0331,-400.0000,400,0.785398
TEL,9686,7.3573,7.4617,4.2697,-400.0000,400,0.785398
TEL,9691,7.3573,7.3677,4.3362,-400.0000,400,0.785398
TEL,9696,7.2544,7.2811,4.3974,-400.0000,400,0.785398
TEL,9701,7.2544,7.2612,4.4115,-400.0000,400,0.785398
TEL,9706,7.3231,7.2955,4.3873,-400.0000,400,0.785398
TEL,9711,7.3059,7.3016,4.3830,-400.0000,400,0.785398
TEL,9716,6.8943,7.1287,4.5052,-400.0000,400,0.785398
TEL,9721,6.5685,6.6659,4.8324,-400.0000,400,0.785398
TEL,9726,6.5856,6.5916,4.8850,-400.0000,400,0.785398
TEL,9731,6.5856,6.5872,4.8881,-400.0000,400,0.785398
TEL,9736,6.1568,6.3900,5.0276,-400.0000,400,0.785398
TEL,9741,6.0711,6.1210,5.2177,-400.0000,400,0.785398
TEL,9746,6.0711,6.0769,5.2489,-400.0000,400,0.785398
TEL,9751,6.0539,6.0616,5.2597,-400.0000,400,0.785398
TEL,9756,6.1568,6.1103,5.2253,-400.0000,400,0.785398
TEL,9761,6.1740,6.1507,5.1968,-400.0000,400,0.785398
TEL,9765,6.1568,6.1545,5.1940,-400.0000,400,0.785398
TEL,9771,5.7624,5.9907,5.3099,-400.0000,400,0.785398
TEL,9776,6.1226,6.0986,5.2336,-400.0000,400,0.785398
TEL,9781,6.1226,6.1173,5.2204,-400.0000,400,0.785398
TEL,9786,6.2255,6.1772,5.1780,-400.0000,400,0.785398
TEL,9791,6.2255,6.2097,5.1550,-400.0000,400,0.785398
TEL,9795,6.2255,6.2191,5.1484,-400.0000,400,0.785398
TEL,9800,6.2083,6.2142,5.1518,-400.0000,400,0.785398
TEL,9805,6.2083,6.2120,5.1534,-400.0000,400,0.785398
TEL,9810,6.1054,6.1805,5.1757,-400.0000,400,0.785398
TEL,9816,6.5856,6.3912,5.0267,-400.0000,400,0.785398
TEL,9821,6.6885,6.6447,4.8474,-400.0000,400,0.785398
TEL,9826,6.6885,6.6832,4.8202,-400.0000,400,0.785398
TEL,9831,6.6885,6.6866,4.8178,-400.0000,400,0.785398
TEL,9835,6.6885,6.6874,4.8172,-400.0000,400,0.785398
TEL,9840,7.1515,6.8300,4.7164,-400.0000,400,0.785398
TEL,9845,7.0486,7.0038,4.5935,-400.0000,400,0.785398
TEL,9850,7.0486,7.0413,4.5670,-400.0000,400,0.785398
TEL,9856,7.9233,7.6056,4.1679,-400.0000,400,0.785398
TEL,9861,7.9233,7.9031,3.9576,-400.0000,400,0.785398
TEL,9866,7.9233,7.9211,3.9448,-400.0000,400,0.785398
TEL,9871,8.3863,8.1879,3.7562,-400.0000,400,0.785398
TEL,9876,8.3863,8.3623,3.6329,-400.0000,400,0.785398
TEL,9881,9.2781,9.1313,3.0891,-400.0000,400,0.785398
TEL,9886,9.2781,9.2712,2.9902,-400.0000,400,0.785398
TEL,9891,9.7412,9.6549,2.7189,-400.0000,400,0.785398
TEL,9896,9.3296,9.3581,2.9288,-400.0000,400,0.785398
TEL,9902,9.3296,9.3327,2.9468,-400.0000,400,0.785398
TEL,9907,9.8098,9.6212,2.7428,-400.0000,400,0.785398
TEL,9912,9.3810,9.4083,2.8933,-400.0000,400,0.785398
TEL,9917,8.9694,9.0303,3.1605,-400.0000,400,0.785398
TEL,9922,8.5578,8.5996,3.4651,-400.0000,400,0.785398
TEL,9927,8.1462,8.1820,3.7604,-400.0000,400,0.785398
TEL,9932,7.7175,7.7551,4.0623,-400.0000,400,0.785398
TEL,9937,7.3059,7.3416,4.3547,-400.0000,400,0.785398
TEL,9943,7.3059,7.3088,4.3778,-400.0000,400,0.785398
TEL,9948,6.9972,7.1110,4.5177,-400.0000,400,0.785398
TEL,9953,6.9972,7.0145,4.5859,-400.0000,400,0.785398
TEL,9958,6.9972,7.0013,4.5953,-400.0000,400,0.785398
TEL,9962,7.4602,7.2413,4.4256,-400.0000,400,0.785398
TEL,9967,7.0486,7.0743,4.5437,-400.0000,400,0.785398
TEL,9972,6.6370,6.7094,4.8017,-400.0000,400,0.785398
TEL,9977,6.5342,6.5501,4.9143,-400.0000,400,0.785398
TEL,9982,6.5342,6.5369,4.9237,-400.0000,400,0.785398
TEL,9988,6.5342,6.5354,4.9247,-400.0000,400,0.785398
TEL,9993,6.6370,6.5725,4.8985,-400.0000,400,0.785398
TEL,9998,6.6370,6.6089,4.8728,-400.0000,400,0.785398
TEL,10003,7.1001,6.9015,4.6658,-400.0000,400,0.785398
TEL,10007,6.9629,6.9560,4.6273,-400.0000,400,0.785398
TEL,10012,6.9629,6.9608,4.6239,-400.0000,400,0.785398
TEL,10017,7.8547,7.3613,4.3407,-400.0000,400,0.785398
TEL,10022,7.4431,7.4360,4.2879,-400.0000,400,0.785398
TEL,10028,7.8547,7.7439,4.0702,-400.0000,400,0.785398
TEL,10033,8.7293,8.6249,3.4472,-400.0000,400,0.785398
TEL,10038,8.7293,8.7250,3.3764,-400.0000,400,0.785398
TEL,10044,9.6040,9.4069,2.8942,-400.0000,400,0.785398
TEL,10049,10.4958,10.4380,2.1652,-400.0000,400,0.785398
TEL,10054,10.2557,10.2623,2.2894,-400.0000,400,0.785398
TEL,10059,10.8559,10.7625,1.9357,-400.0000,400,0.785398
TEL,10064,10.8559,10.8494,1.8742,-400.0000,400,0.785398
TEL,10071,11.4219,11.2824,1.5681,-264.5878,400,0.785398
TEL,10245,11.0617,11.0793,2.1027,-400.0000,264,0.518363
TEL,10420,9.5697,9.7854,2.6266,-400.0000,400,0.785398
TEL,10426,9.6211,9.6260,2.7394,-400.0000,400,0.785398
TEL,10431,10.0327,9.9645,2.5000,-400.0000,400,0.785398
TEL,10436,10.8045,10.7229,1.9637,-400.0000,400,0.785398
TEL,10441,10.3586,10.3761,2.2090,-400.0000,400,0.785398
TEL,10446,11.2161,11.1370,1.6709,-400.0000,400,0.785398
TEL,10452,11.3190,11.3103,1.5483,-400.0000,400,0.785398
TEL,10458,11.2161,11.2311,1.6044,-400.0000,400,0.785398
TEL,10463,11.2847,11.2707,1.5764,-400.0000,400,0.785398
TEL,10469,11.8506,11.6380,1.3166,-400.0000,400,0.785398
TEL,10474,10.7873,10.8660,1.8625,-400.0000,400,0.785398
TEL,10479,10.8216,10.8237,1.8924,-400.0000,400,0.785398
TEL,10484,10.4958,10.6048,2.0472,-400.0000,400,0.785398
TEL,10490,10.4615,10.4816,2.1344,-400.0000,400,0.785398
TEL,10496,10.5472,10.5340,2.0973,-400.0000,400,0.785398
TEL,10501,9.5868,9.8916,2.5515,-400.0000,400,0.785398
TEL,10506,9.3124,9.3451,2.9380,-400.0000,400,0.785398
TEL,10511,8.8837,8.9133,3.2433,-400.0000,400,0.785398
TEL,10516,8.9523,8.9492,3.2179,-400.0000,400,0.785398
TEL,10521,8.5750,8.7077,3.3887,-400.0000,400,0.785398
TEL,10526,8.1634,8.2342,3.7235,-400.0000,400,0.785398
TEL,10531,8.2320,8.2322,3.7249,-400.0000,400,0.785398
TEL,10536,7.7518,7.9946,3.8929,-400.0000,400,0.785398
TEL,10542,7.7518,7.7845,4.0415,-400.0000,400,0.785398
TEL,10547,7.7518,7.7564,4.0613,-400.0000,400,0.785398
TEL,10552,7.7346,7.7431,4.0707,-400.0000,400,0.785398
TEL,10557,7.7346,7.7390,4.0736,-400.0000,400,0.785398
TEL,10562,7.7518,7.7438,4.0703,-400.0000,400,0.785398
TEL,10567,7.8032,7.7633,4.0565,-400.0000,400,0.785398
TEL,10572,8.2148,7.9662,3.9130,-400.0000,400,0.785398
TEL,10577,7.8032,7.8282,4.0105,-400.0000,400,0.785398
TEL,10583,7.8032,7.8080,4.0249,-400.0000,400,0.785398
TEL,10588,7.8032,7.8053,4.0268,-400.0000,400,0.785398
TEL,10593,7.8032,7.8045,4.0273,-400.0000,400,0.785398
TEL,10598,7.8032,7.8041,4.0276,-400.0000,400,0.785398
TEL,10603,8.2663,7.9105,3.9524,-400.0000,400,0.785398
TEL,10608,8.2663,8.1748,3.7655,-400.0000,400,0.785398
TEL,10613,8.6950,8.6328,3.4417,-400.0000,400,0.785398
TEL,10618,8.6950,8.6904,3.4009,-400.0000,400,0.785398
TEL,10625,9.1581,9.0191,3.1685,-400.0000,400,0.785398
TEL,10630,9.1581,9.1441,3.0801,-400.0000,400,0.785398
TEL,10635,9.5697,9.4850,2.8391,-400.0000,400,0.785398
TEL,10640,9.9298,9.8868,2.5550,-400.0000,400,0.785398
TEL,10645,10.8045,10.7277,1.9603,-400.0000,400,0.785398
TEL,10650,10.2557,10.2763,2.2795,-400.0000,400,0.785398
TEL,10656,11.3704,11.2878,1.5642,-400.0000,400,0.785398
TEL,10661,11.1303,11.1361,1.6715,-400.0000,400,0.785398
TEL,10667,11.2675,11.2447,1.5947,-400.0000,400,0.785398
TEL,10672,11.7477,11.6370,1.3174,-400.0000,400,0.785398
TEL,10678,11.4219,11.4405,1.4563,-400.0000,400,0.785398
TEL,10683,10.9245,11.0001,1.7677,-400.0000,400,0.785398
TEL,10688,10.7873,10.8039,1.9064,-400.0000,400,0.785398
TEL,10694,11.3361,11.2582,1.5852,-400.0000,400,0.785398
TEL,10699,10.5472,10.6011,2.0499,-400.0000,400,0.785398
TEL,10704,10.0670,10.0961,2.4069,-400.0000,400,0.785398
TEL,10710,9.1581,9.2225,3.0247,-400.0000,400,0.785398
TEL,10715,8.8837,8.8979,3.2541,-400.0000,400,0.785398
TEL,10720,8.8837,8.8851,3.2632,-400.0000,400,0.785398
TEL,10725,8.5750,8.7146,3.3838,-400.0000,400,0.785398
TEL,10730,8.5750,8.5990,3.4655,-400.0000,400,0.785398
TEL,10736,9.0380,8.9450,3.2209,-400.0000,400,0.785398
TEL,10741,8.6264,8.6570,3.4245,-400.0000,400,0.785398
TEL,10746,8.2148,8.2634,3.7028,-400.0000,400,0.785398
TEL,10752,8.1977,8.2033,3.7453,-400.0000,400,0.785398
TEL,10757,8.2148,8.2115,3.7396,-400.0000,400,0.785398
TEL,10762,8.2148,8.2131,3.7384,-400.0000,400,0.785398
TEL,10767,8.2148,8.2137,3.7380,-400.0000,400,0.785398
TEL,10772,8.2148,8.2140,3.7378,-400.0000,400,0.785398
TEL,10777,8.6779,8.3127,3.6680,-400.0000,400,0.785398
TEL,10782,8.6779,8.5786,3.4799,-400.0000,400,0.785398
TEL,10787,8.6093,8.6056,3.4608,-400.0000,400,0.785398
TEL,10792,8.5921,8.5974,3.4666,-400.0000,400,0.785398
TEL,10798,9.4496,8.9798,3.1962,-400.0000,400,0.785398
TEL,10803,9.4496,9.4070,2.8942,-400.0000,400,0.785398
TEL,10808,9.8784,9.8409,2.5873,-400.0000,400,0.785398
TEL,10813,10.3414,10.3023,2.2611,-400.0000,400,0.785398
TEL,10819,10.4443,10.4338,2.1681,-400.0000,400,0.785398
TEL,10824,11.3361,11.1631,1.6524,-400.0000,400,0.785398
TEL,10829,12.1079,12.0608,1.0177,-286.0211,400,0.785398
TEL,10987,12.4680,12.4514,0.8876,-400.0000,286,0.561560
TEL,11148,10.3414,10.5214,2.1062,-400.0000,400,0.785398
TEL,11153,9.8441,9.8576,2.5756,-400.0000,400,0.785398
TEL,11158,10.2385,10.2180,2.3207,-400.0000,400,0.785398
TEL,11163,10.5815,10.5484,2.0871,-400.0000,400,0.785398
TEL,11168,10.6501,10.6401,2.0222,-400.0000,400,0.785398
TEL,11174,11.0960,10.9874,1.7767,-400.0000,400,0.785398
TEL,11180,11.8678,11.7835,1.2138,-400.0000,400,0.785398
TEL,11185,13.2912,13.2221,0.1965,-400.0000,400,0.785398
TEL,11214,0.0000,13.2221,0.1965,-400.0000,400,0.785398
TEL,11236,0.0000,13.2221,0.1965,-400.0000,400,0.785398
TEL,11257,0.0000,13.2221,0.1965,-290.8230,400,0.785398
TEL,11436,0.0000,13.2221,0.2340,-400.0000,290,0.569414
TEL,11614,0.0000,13.2221,0.1965,-400.0000,400,0.785398
TEL,11635,0.0000,13.2221,0.1965,-400.0000,400,0.785398
TEL,11657,0.0000,13.2221,0.1965,-400.0000,400,0.785398
TEL,11678,0.0000,13.2221,0.1965,-400.0000,400,0.785398
TEL,11700,0.0000,13.2221,0.1965,-400.0000,400,0.785398
TEL,11721,0.0000,13.2221,0.1965,-400.0000,400,0.785398
TEL,11742,0.0000,13.2221,0.1965,-400.0000,400,0.785398
TEL,11748,14.8347,14.7922,-0.9137,-400.0000,400,0.785398
TEL,11753,12.2794,12.3404,0.8200,-400.0000,400,0.785398
TEL,11759,12.2794,12.2804,0.8624,-400.0000,400,0.785398
TEL,11764,13.1712,12.9155,0.4133,-400.0000,400,0.785398
TEL,11769,15.0577,14.9359,-1.0154,-400.0000,400,0.785398
TEL,11776,15.4007,15.3918,-1.3377,-400.0000,400,0.785398
TEL,11782,15.8637,15.8285,-1.6465,-400.0000,400,0.785398
TEL,11787,15.0405,15.1019,-1.1327,-400.0000,400,0.785398
TEL,11793,15.0748,15.0762,-1.1145,-400.0000,400,0.785398
TEL,11798,13.7886,14.2852,-0.5552,-400.0000,400,0.785398
TEL,11803,13.0168,13.0761,0.2997,-400.0000,400,0.785398
TEL,11809,12.6910,12.7030,0.5636,-400.0000,400,0.785398
TEL,11814,12.1765,12.2231,0.9029,-400.0000,400,0.785398
TEL,11821,12.3308,12.3231,0.8322,-400.0000,400,0.785398
TEL,11826,11.8163,11.9308,1.1096,-400.0000,400,0.785398
TEL,11831,12.7253,12.6567,0.5963,-400.0000,400,0.785398
TEL,11837,12.5195,12.5263,0.6885,-400.0000,400,0.785398
TEL,11842,13.1712,13.0474,0.3200,-400.0000,400,0.785398
TEL,11847,14.5089,14.4104,-0.6437,-400.0000,400,0.785398
TEL,11853,14.8347,14.8230,-0.9355,-400.0000,400,0.785398
TEL,11859,15.3664,15.3222,-1.2885,-400.0000,400,0.785398
TEL,11865,15.4864,15.4750,-1.3966,-400.0000,400,0.785398
TEL,11871,14.2516,14.4643,-0.6819,-400.0000,400,0.785398
TEL,11876,13.3770,13.4171,0.0586,-400.0000,400,0.785398
TEL,11881,13.4799,13.4777,0.0158,-400.0000,400,0.785398
TEL,11887,12.7424,12.9538,0.3862,-400.0000,400,0.785398
TEL,11892,12.2451,12.2930,0.8535,-400.0000,400,0.785398
TEL,11897,12.7081,12.6857,0.5758,-400.0000,400,0.785398
TEL,11904,12.7081,12.7062,0.5613,-400.0000,400,0.785398
TEL,11909,13.1540,12.9697,0.3750,-400.0000,400,0.785398
TEL,11915,14.1487,14.0045,-0.3568,-400.0000,400,0.785398
TEL,11920,14.3888,14.3750,-0.6187,-295.0025,400,0.785398
TEL,12079,14.4917,14.4813,-0.8213,-363.1016,295,0.579231
TEL,12198,16.2582,15.8694,-1.7926,-287.5768,363,0.712749
TEL,12327,26.3252,15.8694,-2.0030,-324.4384,287,0.563523
TEL,12419,25.8965,15.8694,-1.9059,-324.4384,324,0.636172
TEL,12448,0.0000,15.8694,-1.9059,-342.7058,324,0.636172
TEL,12517,0.0000,15.8694,-1.8549,-342.7058,342,0.671515
TEL,12538,0.0000,15.8694,-1.8549,-342.7058,342,0.671515
TEL,12560,0.0000,15.8694,-1.8549,-338.5509,342,0.671515
TEL,12602,0.0000,15.8694,-1.8664,-338.5509,338,0.663661
TEL,12623,0.0000,15.8694,-1.8664,-338.5509,338,0.663661
TEL,12645,0.0000,15.8694,-1.8664,-338.5509,338,0.663661
TEL,12666,0.0000,15.8694,-1.8664,-331.6873,338,0.663661
TEL,12716,0.0000,15.8694,-1.8863,-331.6873,331,0.649917
TEL,12737,0.0000,15.8694,-1.8863,-331.6873,331,0.649917
TEL,12743,27.8687,15.8694,-1.8863,-331.6873,331,0.649917
TEL,12749,24.1129,23.8869,-8.2694,-331.6873,331,0.649917
TEL,12755,24.9875,24.9821,-9.1413,-331.6873,331,0.649917
TEL,12763,24.5416,24.5566,-8.8026,-331.6873,331,0.649917
TEL,12769,25.4163,24.5566,-8.8026,287.7362,331,0.649917
TEL,13160,25.0733,24.5566,-9.3470,-66.7688,-287,-0.563523
TEL,13461,25.0733,24.5566,-10.9639,58.4857,66,0.129591
TEL,13628,26.7025,24.5566,-10.9850,-20.2044,-58,-0.113883
TEL,13758,27.5086,24.5566,-11.0481,0.6234,20,0.039270
TEL,13816,18.6077,19.0798,-5.5798,0.6234,0,0.000000
TEL,13822,17.6988,17.7087,-4.2087,0.6234,0,0.000000
TEL,13828,16.4125,16.4483,-2.9483,0.6234,0,0.000000
TEL,13833,15.5207,15.5485,-2.0485,0.6234,0,0.000000
TEL,13839,15.4693,15.4725,-1.9725,0.6234,0,0.000000
TEL,13844,16.6526,16.3467,-2.8467,0.6234,0,0.000000
TEL,13849,17.3901,17.3459,-3.8459,0.6234,0,0.000000
TEL,13855,16.5497,16.5793,-3.0793,0.6234,0,0.000000
TEL,13860,15.0920,15.1624,-1.6624,-400.0000,0,0.000000
TEL,14171,8.9523,9.1185,3.0982,-400.0000,400,0.785398
TEL,14176,10.2557,10.2483,2.2993,-400.0000,400,0.785398
TEL,14182,13.8915,13.7710,-0.1916,-400.0000,400,0.785398
TEL,14187,10.6330,10.6679,2.0026,-400.0000,400,0.785398
TEL,14192,8.4549,8.4828,3.5477,-400.0000,400,0.785398
TEL,14197,8.5407,8.5397,3.5075,-400.0000,400,0.785398
TEL,14202,9.0037,8.8675,3.2757,-400.0000,400,0.785398
TEL,14209,11.0274,10.8093,1.9026,-400.0000,400,0.785398
TEL,14214,9.8955,9.9137,2.5359,-400.0000,400,0.785398
TEL,14219,8.2663,8.3339,3.6530,-400.0000,400,0.785398
TEL,14224,7.8032,7.8161,4.0192,-400.0000,400,0.785398
TEL,14229,8.1634,8.1401,3.7900,-400.0000,400,0.785398
TEL,14234,10.5129,10.2765,2.2794,-400.0000,400,0.785398
TEL,14239,10.4100,10.4076,2.1866,-400.0000,400,0.785398
TEL,14244,8.0262,8.4789,3.5505,-400.0000,400,0.785398
TEL,14249,7.6832,7.6991,4.1019,-400.0000,400,0.785398
TEL,14255,7.6489,7.6512,4.1357,-400.0000,400,0.785398
TEL,14260,10.0842,9.3119,2.9615,-400.0000,400,0.785398
TEL,14266,12.2108,12.1437,0.9591,-400.0000,400,0.785398
TEL,14271,7.8204,7.8798,3.9741,-400.0000,400,0.785398
TEL,14276,6.9114,6.9204,4.6525,-400.0000,400,0.785398
TEL,14281,7.3231,7.3075,4.3787,-400.0000,400,0.785398
TEL,14286,9.7240,9.5165,2.8168,-400.0000,400,0.785398
TEL,14291,10.3929,10.3776,2.2079,-400.0000,400,0.785398
TEL,14297,7.7175,7.8306,4.0088,-400.0000,400,0.785398
TEL,14302,6.3969,6.4188,5.0072,-400.0000,400,0.785398
TEL,14307,6.8085,6.7981,4.7390,-400.0000,400,0.785398
TEL,14312,8.0090,7.9033,3.9574,-400.0000,400,0.785398
TEL,14317,9.1409,9.0991,3.1119,-400.0000,400,0.785398
TEL,14322,7.3402,7.3954,4.3166,-400.0000,400,0.785398
TEL,14327,5.9854,6.0170,5.2913,-400.0000,400,0.785398
TEL,14332,6.4998,6.4866,4.9592,-400.0000,400,0.785398
TEL,14338,6.4484,6.4512,4.9843,-400.0000,400,0.785398
TEL,14343,7.6489,7.2230,4.4385,-400.0000,400,0.785398
TEL,14348,7.9576,7.9225,3.9439,-400.0000,400,0.785398
TEL,14353,6.1397,6.2314,5.1397,-400.0000,400,0.785398
TEL,14357,5.6767,5.6892,5.5231,-400.0000,400,0.785398
TEL,14362,5.7281,5.7256,5.4973,-400.0000,400,0.785398
TEL,14367,6.4313,6.1833,5.1737,-400.0000,400,0.785398
TEL,14372,8.5921,8.4081,3.6005,-397.1000,400,0.785398
TEL,14391,6.0368,6.0780,5.2790,-397.1000,397,0.779508
TEL,14419,0.0000,6.0780,5.2790,-397.1000,397,0.779508
TEL,14441,0.0000,6.0780,5.2790,-397.1000,397,0.779508
TEL,14462,0.0000,6.0780,5.2790,-397.1000,397,0.779508
TEL,14484,0.0000,6.0780,5.2790,-400.0000,397,0.779508
TEL,14518,0.0000,6.0780,5.2481,-400.0000,400,0.785398
TEL,14539,0.0000,6.0780,5.2481,-400.0000,400,0.785398
TEL,14543,5.7624,5.7676,5.4676,-400.0000,400,0.785398
TEL,14548,4.4762,4.6087,6.2871,-400.0000,400,0.785398
TEL,14554,3.9274,3.9494,6.7533,-400.0000,400,0.785398
TEL,14559,4.0474,4.0421,6.6878,-400.0000,400,0.785398
TEL,14564,4.0131,4.0199,6.7034,-400.0000,400,0.785398
TEL,14568,4.0131,4.0160,6.7062,-400.0000,400,0.785398
TEL,14573,4.0131,4.0149,6.7070,-400.0000,400,0.785398
TEL,14578,3.9102,3.9834,6.7292,-400.0000,400,0.785398
TEL,14583,4.0131,3.9989,6.7183,-400.0000,400,0.785398
TEL,14587,4.0131,4.0056,6.7135,-400.0000,400,0.785398
TEL,14593,4.0131,4.0086,6.7115,-400.0000,400,0.785398
TEL,14598,3.8930,3.9719,6.7374,-400.0000,400,0.785398
TEL,14603,4.0131,3.9947,6.7213,-400.0000,400,0.785398
TEL,14608,4.0131,4.0044,6.7144,-400.0000,400,0.785398
TEL,14612,4.0131,4.0082,6.7117,-400.0000,400,0.785398
TEL,14617,4.0131,4.0099,6.7105,-400.0000,400,0.785398
TEL,14622,3.8930,3.9772,6.7337,-400.0000,400,0.785398
TEL,14627,4.0131,3.9960,6.7204,-400.0000,400,0.785398
TEL,14631,4.0131,4.0045,6.7143,-400.0000,400,0.785398
TEL,14637,4.0131,4.0081,6.7118,-400.0000,400,0.785398
TEL,14642,3.9102,3.9752,6.7350,-400.0000,400,0.785398
TEL,14647,4.0131,3.9955,6.7207,-400.0000,400,0.785398
TEL,14652,4.4762,4.2410,6.5471,-400.0000,400,0.785398
TEL,14656,4.4762,4.4454,6.4026,-400.0000,400,0.785398
TEL,14661,4.4762,4.4717,6.3839,-400.0000,400,0.785398
TEL,14666,4.4247,4.4434,6.4040,-400.0000,400,0.785398
TEL,14671,4.4762,4.4620,6.3908,-400.0000,400,0.785398
TEL,14676,4.4762,4.4692,6.3858,-400.0000,400,0.785398
TEL,14681,4.4762,4.4720,6.3837,-400.0000,400,0.785398
TEL,14686,4.4762,4.4734,6.3828,-400.0000,400,0.785398
TEL,14691,4.5962,4.5057,6.3599,-400.0000,400,0.785398
TEL,14696,4.8363,4.6767,6.2390,-400.0000,400,0.785398
TEL,14701,4.9392,4.8939,6.0854,-400.0000,400,0.785398
TEL,14706,4.9392,4.9330,6.0578,-400.0000,400,0.785398
TEL,14710,4.9392,4.9370,6.0550,-400.0000,400,0.785398
TEL,14715,4.9392,4.9379,6.0543,-400.0000,400,0.785398
TEL,14721,4.8363,4.9063,6.0767,-400.0000,400,0.785398
TEL,14726,5.2993,5.1124,5.9310,-400.0000,400,0.785398
TEL,14731,5.4194,5.3734,5.7464,-400.0000,400,0.785398
TEL,14736,5.4022,5.3988,5.7284,-400.0000,400,0.785398
TEL,14741,5.4022,5.4009,5.7269,-400.0000,400,0.785398
TEL,14745,5.8653,5.5846,5.5971,-400.0000,400,0.785398
TEL,14750,5.8996,5.8470,5.4115,-400.0000,400,0.785398
TEL,14755,5.3680,5.4250,5.7099,-400.0000,400,0.785398
TEL,14760,5.3508,5.3568,5.7581,-400.0000,400,0.785398
TEL,14766,5.3508,5.3524,5.7612,-400.0000,400,0.785398
TEL,14771,5.9339,5.6166,5.5744,-400.0000,400,0.785398
TEL,14776,5.5051,5.5190,5.6434,-400.0000,400,0.785398
TEL,14780,5.5051,5.5084,5.6509,-400.0000,400,0.785398
TEL,14785,5.5223,5.5154,5.6459,-400.0000,400,0.785398
TEL,14790,5.1279,5.3578,5.7574,-400.0000,400,0.785398
TEL,14795,5.5051,5.4776,5.6727,-400.0000,400,0.785398
TEL,14800,5.4537,5.4587,5.6861,-400.0000,400,0.785398
TEL,14806,5.1450,5.2835,5.8100,-400.0000,400,0.785398
TEL,14811,5.1450,5.1683,5.8914,-400.0000,400,0.785398
TEL,14815,5.1450,5.1500,5.9044,-400.0000,400,0.785398
TEL,14820,4.7334,4.9188,6.0678,-400.0000,400,0.785398
TEL,14825,4.6305,4.6698,6.2439,-400.0000,400,0.785398
TEL,14830,4.6305,4.6354,6.2682,-400.0000,400,0.785398
TEL,14835,4.7334,4.6976,6.2242,-400.0000,400,0.785398
TEL,14840,5.2136,5.0519,5.9737,-400.0000,400,0.785398
TEL,14844,5.1964,5.1827,5.8812,-400.0000,400,0.785398
TEL,14850,4.8020,4.8755,6.0984,-400.0000,400,0.785398
TEL,14855,4.6820,4.7024,6.2209,-400.0000,400,0.785398
TEL,14860,4.6820,4.6852,6.2330,-400.0000,400,0.785398
TEL,14865,5.2479,4.9998,6.0106,-400.0000,400,0.785398
TEL,14870,5.2479,5.2216,5.8537,-400.0000,400,0.785398
TEL,14874,5.2479,5.2444,5.8376,-400.0000,400,0.785398
TEL,14879,5.2479,5.2464,5.8361,-400.0000,400,0.785398
TEL,14884,6.0197,5.5486,5.6225,-400.0000,400,0.785398
TEL,14889,6.0368,5.9822,5.3159,-400.0000,400,0.785398
TEL,14895,6.4484,6.4118,5.0121,-400.0000,400,0.785398
TEL,14900,6.9286,6.8878,4.6755,-400.0000,400,0.785398
TEL,14905,7.3402,7.3075,4.3788,-400.0000,400,0.785398
TEL,14910,8.6264,8.5202,3.5212,-400.0000,400,0.785398
TEL,14915,9.5182,9.4873,2.8374,-400.0000,400,0.785398
TEL,14920,12.1079,12.0077,1.0552,-400.0000,400,0.785398
TEL,14950,0.0000,12.0077,1.0552,-400.0000,400,0.785398
TEL,14971,0.0000,12.0077,1.0552,-400.0000,400,0.785398
TEL,14993,0.0000,12.0077,1.0552,-400.0000,400,0.785398
TEL,15014,0.0000,12.0077,1.0552,-157.4141,400,0.785398
TEL,15259,7.6832,7.7498,5.4792,-400.0000,157,0.308269
TEL,15507,10.0842,10.0627,2.4306,-261.5966,400,0.785398
TEL,15692,7.6489,7.6893,5.0643,-400.0000,261,0.512472
TEL,15878,11.2847,11.2261,1.6079,-224.5180,400,0.785398
TEL,16080,9.5525,9.5711,3.5550,-400.0000,224,0.439823
TEL,16282,11.2161,11.1782,1.6418,-325.8323,400,0.785398
TEL,16416,10.1356,10.1604,2.6824,-400.0000,325,0.638136
TEL,16550,9.0552,9.0955,3.1144,-400.0000,400,0.785398
TEL,16556,8.6264,8.6429,3.4345,-400.0000,400,0.785398
TEL,16561,8.5235,8.5325,3.5125,-400.0000,400,0.785398
TEL,16566,8.1462,8.2287,3.7273,-400.0000,400,0.785398
TEL,16571,8.1119,8.1244,3.8011,-400.0000,400,0.785398
TEL,16576,8.1119,8.1147,3.8080,-400.0000,400,0.785398
TEL,16581,8.1119,8.1133,3.8090,-400.0000,400,0.785398
TEL,16586,8.0948,8.1068,3.8135,-400.0000,400,0.785398
TEL,16591,8.1119,8.1086,3.8123,-400.0000,400,0.785398
TEL,16596,8.1119,8.1095,3.8117,-400.0000,400,0.785398
TEL,16602,8.1119,8.1101,3.8113,-400.0000,400,0.785398
TEL,16607,8.2320,8.1341,3.7943,-400.0000,400,0.785398
TEL,16612,8.1119,8.1243,3.8012,-400.0000,400,0.785398
TEL,16617,8.1291,8.1262,3.7998,-400.0000,400,0.785398
TEL,16622,8.1291,8.1271,3.7992,-400.0000,400,0.785398
TEL,16627,8.1634,8.1363,3.7927,-400.0000,400,0.785398
TEL,16632,8.1977,8.1562,3.7787,-400.0000,400,0.785398
TEL,16637,8.1805,8.1672,3.7709,-400.0000,400,0.785398
TEL,16643,8.1119,8.1439,3.7873,-400.0000,400,0.785398
TEL,16648,8.1462,8.1451,3.7865,-400.0000,400,0.785398
TEL,16653,8.1291,8.1396,3.7904,-400.0000,400,0.785398
TEL,16658,8.2148,8.1641,3.7730,-400.0000,400,0.785398
TEL,16663,8.2148,8.1887,3.7556,-400.0000,400,0.785398
TEL,16668,8.2148,8.2024,3.7460,-400.0000,400,0.785398
TEL,16673,8.2148,8.2082,3.7419,-400.0000,400,0.785398
TEL,16678,8.6779,8.3859,3.6162,-400.0000,400,0.785398
TEL,16684,8.2148,8.2442,3.7164,-400.0000,400,0.785398
TEL,16689,8.2320,8.2343,3.7234,-400.0000,400,0.785398
TEL,16695,8.6779,8.4628,3.5618,-400.0000,400,0.785398
TEL,16700,8.6779,8.6481,3.4308,-400.0000,400,0.785398
TEL,16705,8.6779,8.6733,3.4130,-400.0000,400,0.785398
TEL,16710,8.6779,8.6760,3.4110,-400.0000,400,0.785398
TEL,16715,8.6779,8.6768,3.4105,-400.0000,400,0.785398
TEL,16720,8.6779,8.6771,3.4103,-400.0000,400,0.785398
TEL,16726,8.6950,8.6813,3.4073,-400.0000,400,0.785398
TEL,16731,8.5750,8.6545,3.4263,-400.0000,400,0.785398
TEL,16736,8.5750,8.6164,3.4532,-400.0000,400,0.785398
TEL,16741,8.5750,8.5920,3.4705,-400.0000,400,0.785398
TEL,16746,8.5750,8.5827,3.4770,-400.0000,400,0.785398
TEL,16751,8.5750,8.5794,3.4794,-400.0000,400,0.785398
TEL,16756,8.5750,8.5779,3.4805,-400.0000,400,0.785398
TEL,16761,9.0037,8.6952,3.3975,-400.0000,400,0.785398
TEL,16766,9.0037,8.9304,3.2312,-400.0000,400,0.785398
TEL,16772,9.4496,9.3817,2.9121,-400.0000,400,0.785398
TEL,16777,9.5697,9.5554,2.7892,-400.0000,400,0.785398
TEL,16783,9.5525,9.5530,2.7909,-400.0000,400,0.785398
TEL,16788,9.5525,9.5528,2.7911,-400.0000,400,0.785398
TEL,16793,9.5697,9.5583,2.7872,-400.0000,400,0.785398
TEL,16798,9.4496,9.5240,2.8115,-400.0000,400,0.785398
TEL,16803,9.4496,9.4839,2.8398,-400.0000,400,0.785398
TEL,16808,9.4668,9.4735,2.8472,-400.0000,400,0.785398
TEL,16814,9.4496,9.4624,2.8550,-400.0000,400,0.785398
TEL,16819,9.4496,9.4570,2.8588,-400.0000,400,0.785398
TEL,16824,9.8784,9.6086,2.7517,-400.0000,400,0.785398
TEL,16829,10.4443,10.2820,2.2755,-400.0000,400,0.785398
TEL,16835,10.3929,10.3870,2.2013,-400.0000,400,0.785398
TEL,16840,10.3071,10.3246,2.2453,-400.0000,400,0.785398
TEL,16845,10.3414,10.3364,2.2370,-400.0000,400,0.785398
TEL,16850,10.3071,10.3218,2.2473,-400.0000,400,0.785398
TEL,16857,10.4443,10.3786,2.2072,-384.2980,400,0.785398
TEL,16906,12.5195,11.7770,1.2560,-384.2980,384,0.753982
TEL,16912,12.1079,12.0989,1.0214,-384.2980,384,0.753982
TEL,16917,12.1079,12.1070,1.0155,-384.2980,384,0.753982
TEL,16922,12.1079,12.1075,1.0151,-384.2980,384,0.753982
TEL,16928,12.2108,12.1435,0.9888,-384.2980,384,0.753982
TEL,16933,12.0736,12.1047,1.0171,-384.2980,384,0.753982
TEL,16939,12.0907,12.0963,1.0233,-384.2980,384,0.753982
TEL,16945,12.2108,12.1477,0.9858,-384.2980,384,0.753982
TEL,16950,12.1079,12.1224,1.0042,-384.2980,384,0.753982
TEL,16955,12.1079,12.1143,1.0101,-384.2980,384,0.753982
TEL,16961,12.2108,12.1560,0.9797,-353.2948,384,0.753982
TEL,17042,13.4456,12.9246,0.4426,-353.2948,353,0.693114
TEL,17047,13.4456,13.4206,0.0611,-353.2948,353,0.693114
TEL,17053,13.1540,13.1726,0.2518,-353.2948,353,0.693114
TEL,17058,13.0340,13.0511,0.3454,-353.2948,353,0.693114
TEL,17064,13.1369,13.1194,0.2928,-366.8333,353,0.693114
TEL,17114,13.5142,13.4016,0.0741,-366.8333,366,0.718639
TEL,17119,13.0511,13.0911,0.3078,-366.8333,366,0.718639
TEL,17124,12.6224,12.6710,0.6240,-366.8333,366,0.718639
TEL,17130,12.7253,12.7209,0.5864,-366.8333,366,0.718639
TEL,17135,12.6224,12.6535,0.6372,-366.8333,366,0.718639
TEL,17141,12.6395,12.6437,0.6445,-366.8333,366,0.718639
TEL,17146,12.6395,12.6417,0.6461,-366.8333,366,0.718639
TEL,17152,12.6224,12.6349,0.6511,-366.8333,366,0.718639
TEL,17158,12.3137,12.5253,0.7336,-366.8333,366,0.718639
TEL,17163,12.2108,12.2879,0.9124,-366.8333,366,0.718639
TEL,17169,12.2108,12.2208,0.9628,-400.0000,366,0.718639
TEL,17248,11.9021,11.9920,1.0663,-400.0000,400,0.785398
TEL,17253,11.2504,11.3501,1.5202,-400.0000,400,0.785398
TEL,17258,12.5538,12.4866,0.7166,-400.0000,400,0.785398
TEL,17264,12.2965,12.3028,0.8465,-400.0000,400,0.785398
TEL,17269,11.7134,11.8033,1.1998,-400.0000,400,0.785398
TEL,17274,11.8335,11.8314,1.1799,-400.0000,400,0.785398
TEL,17281,11.5419,11.6519,1.3068,-400.0000,400,0.785398
TEL,17286,11.3018,11.3591,1.5138,-400.0000,400,0.785398
TEL,17291,11.4390,11.4303,1.4635,-400.0000,400,0.785398
TEL,17297,11.0274,11.1372,1.6707,-400.0000,400,0.785398
TEL,17302,11.0960,11.1006,1.6966,-400.0000,400,0.785398
TEL,17307,10.4615,10.6893,1.9874,-400.0000,400,0.785398
TEL,17312,10.5815,10.5906,2.0573,-400.0000,400,0.785398
TEL,17317,10.1528,10.2526,2.2962,-400.0000,400,0.785398
TEL,17324,10.2900,10.2863,2.2724,-400.0000,400,0.785398
TEL,17329,9.6726,9.8962,2.5483,-400.0000,400,0.785398
TEL,17334,9.7755,9.7861,2.6261,-400.0000,400,0.785398
TEL,17339,9.8441,9.8317,2.5939,-400.0000,400,0.785398
TEL,17344,9.3639,9.5238,2.8116,-400.0000,400,0.785398
TEL,17349,8.9694,9.0287,3.1617,-400.0000,400,0.785398
TEL,17354,9.0380,9.0374,3.1555,-400.0000,400,0.785398
TEL,17359,9.0380,9.0377,3.1553,-400.0000,400,0.785398
TEL,17366,9.0380,9.0379,3.1552,-400.0000,400,0.785398
TEL,17371,9.0552,9.0424,3.1520,-400.0000,400,0.785398
TEL,17376,9.0380,9.0412,3.1528,-400.0000,400,0.785398
TEL,17381,9.0380,9.0405,3.1534,-400.0000,400,0.785398
TEL,17386,8.9351,9.0194,3.1683,-400.0000,400,0.785398
TEL,17391,8.5235,8.8105,3.3160,-400.0000,400,0.785398
TEL,17396,8.5235,8.5667,3.4883,-400.0000,400,0.785398
TEL,17401,8.5235,8.5290,3.5150,-400.0000,400,0.785398
TEL,17406,8.5235,8.5255,3.5175,-400.0000,400,0.785398
TEL,17412,8.5578,8.5392,3.5078,-400.0000,400,0.785398
TEL,17417,8.5235,8.5324,3.5126,-400.0000,400,0.785398
TEL,17422,8.5750,8.5484,3.5013,-400.0000,400,0.785398
TEL,17427,8.5235,8.5375,3.5090,-400.0000,400,0.785398
TEL,17432,8.5235,8.5317,3.5131,-400.0000,400,0.785398
TEL,17437,8.6093,8.5596,3.4934,-400.0000,400,0.785398
TEL,17442,8.5235,8.5411,3.5065,-400.0000,400,0.785398
TEL,17447,8.6264,8.5832,3.4767,-400.0000,400,0.785398
TEL,17453,8.6607,8.6303,3.4434,-400.0000,400,0.785398
TEL,17458,8.6264,8.6278,3.4451,-400.0000,400,0.785398
TEL,17463,8.6436,8.6343,3.4405,-400.0000,400,0.785398
TEL,17469,8.6264,8.6315,3.4426,-400.0000,400,0.785398
TEL,17474,8.6436,8.6352,3.4400,-400.0000,400,0.785398
TEL,17479,8.6264,8.6327,3.4417,-400.0000,400,0.785398
TEL,17484,8.6436,8.6355,3.4397,-400.0000,400,0.785398
TEL,17489,8.6264,8.6333,3.4413,-400.0000,400,0.785398
TEL,17495,8.5921,8.6237,3.4480,-400.0000,400,0.785398
TEL,17500,8.5235,8.5917,3.4707,-400.0000,400,0.785398
TEL,17505,8.5235,8.5557,3.4962,-400.0000,400,0.785398
TEL,17510,8.5578,8.5569,3.4953,-400.0000,400,0.785398
TEL,17515,9.3982,8.8790,3.2675,-400.0000,400,0.785398
TEL,17520,9.4153,9.3585,2.9285,-400.0000,400,0.785398
TEL,17525,9.4325,9.4272,2.8799,-400.0000,400,0.785398
TEL,17530,9.3982,9.4061,2.8948,-400.0000,400,0.785398
TEL,17536,9.5182,9.4685,2.8507,-400.0000,400,0.785398
TEL,17541,9.0895,9.2112,3.0326,-400.0000,400,0.785398
TEL,17547,9.0895,9.1045,3.1081,-400.0000,400,0.785398
TEL,17552,9.0895,9.0928,3.1164,-400.0000,400,0.785398
TEL,17557,9.0895,9.0911,3.1176,-400.0000,400,0.785398
TEL,17562,9.1066,9.0967,3.1136,-400.0000,400,0.785398
TEL,17567,9.0895,9.0943,3.1153,-400.0000,400,0.785398
TEL,17572,8.9866,9.0639,3.1368,-400.0000,400,0.785398
TEL,17577,9.0037,9.0332,3.1585,-400.0000,400,0.785398
TEL,17583,8.9866,9.0071,3.1770,-400.0000,400,0.785398
TEL,17588,8.9866,8.9958,3.1849,-400.0000,400,0.785398
TEL,17593,9.0037,8.9994,3.1824,-400.0000,400,0.785398
TEL,17598,9.0037,9.0010,3.1813,-400.0000,400,0.785398
TEL,17603,8.9866,8.9969,3.1842,-400.0000,400,0.785398
TEL,17608,9.0895,9.0225,3.1661,-400.0000,400,0.785398
TEL,17613,9.0895,9.0545,3.1434,-400.0000,400,0.785398
TEL,17619,9.0895,9.0741,3.1296,-400.0000,400,0.785398
TEL,17625,9.0895,9.0820,3.1240,-400.0000,400,0.785398
TEL,17630,9.0895,9.0851,3.1218,-400.0000,400,0.785398
TEL,17635,9.0895,9.0866,3.1208,-400.0000,400,0.785398
TEL,17640,9.1066,9.0919,3.1170,-400.0000,400,0.785398
TEL,17645,9.0895,9.0912,3.1175,-400.0000,400,0.785398
TEL,17650,8.9866,9.0668,3.1347,-400.0000,400,0.785398
TEL,17655,8.9866,9.0301,3.1607,-400.0000,400,0.785398
TEL,17660,8.9866,9.0049,3.1785,-400.0000,400,0.785398
TEL,17666,8.9866,8.9949,3.1856,-400.0000,400,0.785398
TEL,17671,8.9866,8.9912,3.1882,-400.0000,400,0.785398
TEL,17676,8.9866,8.9896,3.1893,-400.0000,400,0.785398
TEL,17681,8.9866,8.9888,3.1899,-400.0000,400,0.785398
TEL,17686,9.1066,9.0160,3.1706,-400.0000,400,0.785398
TEL,17691,9.0895,9.0511,3.1458,-400.0000,400,0.785398
TEL,17697,9.1066,9.0831,3.1233,-400.0000,400,0.785398
TEL,17702,9.0895,9.0868,3.1206,-400.0000,400,0.785398
TEL,17708,9.1066,9.0948,3.1150,-400.0000,400,0.785398
TEL,17713,9.1066,9.0992,3.1118,-400.0000,400,0.785398
TEL,17718,9.0895,9.0960,3.1141,-400.0000,400,0.785398
TEL,17723,8.9866,9.0644,3.1365,-400.0000,400,0.785398
TEL,17728,8.9866,9.0240,3.1650,-400.0000,400,0.785398
TEL,17733,8.9866,9.0014,3.1810,-400.0000,400,0.785398
TEL,17738,9.3982,9.2153,3.0297,-400.0000,400,0.785398
TEL,17743,9.3982,9.3716,2.9192,-400.0000,400,0.785398
TEL,17748,9.4325,9.4219,2.8836,-400.0000,400,0.785398
TEL,17754,9.3982,9.4059,2.8950,-400.0000,400,0.785398
TEL,17759,9.5011,9.4553,2.8601,-400.0000,400,0.785398
TEL,17765,9.9813,9.7902,2.6232,-400.0000,400,0.785398
TEL,17770,9.5182,9.5454,2.7963,-400.0000,400,0.785398
TEL,17775,10.3929,10.2872,2.2718,-400.0000,400,0.785398
TEL,17780,9.8612,9.8821,2.5582,-400.0000,400,0.785398
TEL,17785,9.8784,9.8787,2.5606,-400.0000,400,0.785398
TEL,17790,9.8784,9.8786,2.5607,-400.0000,400,0.785398
TEL,17796,9.8612,9.8728,2.5649,-400.0000,400,0.785398
TEL,17802,10.0499,9.9302,2.5242,-400.0000,400,0.785398
TEL,17807,10.3929,10.2254,2.3155,-400.0000,400,0.785398
TEL,17812,11.1646,11.0605,1.7250,-400.0000,400,0.785398
TEL,17817,10.6158,10.6354,2.0256,-400.0000,400,0.785398
TEL,17822,10.8216,10.8068,1.9043,-400.0000,400,0.785398
TEL,17828,10.7187,10.7329,1.9566,-400.0000,400,0.785398
TEL,17833,11.1818,11.0600,1.7253,-400.0000,400,0.785398
TEL,17839,10.6158,10.6607,2.0077,-400.0000,400,0.785398
TEL,17845,11.1475,11.1065,1.6924,-400.0000,400,0.785398
TEL,17850,11.0789,11.0810,1.7105,-400.0000,400,0.785398
TEL,17855,11.0274,11.0484,1.7336,-400.0000,400,0.785398
TEL,17860,11.9707,11.5905,1.3502,-400.0000,400,0.785398
TEL,17866,12.0221,11.9936,1.0652,-400.0000,400,0.785398
TEL,17871,12.0050,12.0041,1.0578,-400.0000,400,0.785398
TEL,17876,11.4905,11.7264,1.2541,-400.0000,400,0.785398
TEL,17883,12.1593,12.1083,0.9841,-400.0000,400,0.785398
TEL,17888,11.9535,11.9671,1.0839,-341.2056,400,0.785398
TEL,18027,0.0000,11.9671,1.2020,-400.0000,341,0.669552
TEL,18159,0.0000,11.9671,1.0839,-400.0000,400,0.785398
TEL,18188,0.0000,11.9671,1.0839,-400.0000,400,0.785398
TEL,18209,0.0000,11.9671,1.0839,-400.0000,400,0.785398
TEL,18231,0.0000,11.9671,1.0839,-400.0000,400,0.785398
TEL,18252,0.0000,11.9671,1.0839,-400.0000,400,0.785398
TEL,18274,0.0000,11.9671,1.0839,-400.0000,400,0.785398
TEL,18295,0.0000,11.9671,1.0839,-400.0000,400,0.785398
TEL,18317,0.0000,11.9671,1.0839,-400.0000,400,0.785398
TEL,18345,0.0000,11.9671,1.0839,-400.0000,400,0.785398
TEL,18367,0.0000,11.9671,1.0839,-400.0000,400,0.785398
TEL,18388,0.0000,11.9671,1.0839,-400.0000,400,0.785398
TEL,18410,0.0000,11.9671,1.0839,-400.0000,400,0.785398
TEL,18432,0.0000,11.9671,1.0839,-400.0000,400,0.785398
TEL,18453,0.0000,11.9671,1.0839,-400.0000,400,0.785398
TEL,18473,0.0000,11.9671,1.0839,-400.0000,400,0.785398
TEL,18503,0.0000,11.9671,1.0839,-400.0000,400,0.785398
TEL,18525,0.0000,11.9671,1.0839,-400.0000,400,0.785398
TEL,18546,0.0000,11.9671,1.0839,-400.0000,400,0.785398
TEL,18568,0.0000,11.9671,1.0839,-400.0000,400,0.785398
TEL,18589,0.0000,11.9671,1.0839,-400.0000,400,0.785398
TEL,18611,0.0000,11.9671,1.0839,-400.0000,400,0.785398
TEL,18631,0.0000,11.9671,1.0839,-400.0000,400,0.785398
TEL,18661,0.0000,11.9671,1.0839,-400.0000,400,0.785398
TEL,18682,0.0000,11.9671,1.0839,-400.0000,400,0.785398
TEL,18704,0.0000,11.9671,1.0839,-400.0000,400,0.785398
TEL,18725,0.0000,11.9671,1.0839,-400.0000,400,0.785398
TEL,18746,0.0000,11.9671,1.0839,-400.0000,400,0.785398
TEL,18767,0.0000,11.9671,1.0839,-400.0000,400,0.785398
TEL,18789,0.0000,11.9671,1.0839,-400.0000,400,0.785398
TEL,18819,0.0000,11.9671,1.0839,-400.0000,400,0.785398
TEL,18840,0.0000,11.9671,1.0839,-400.0000,400,0.785398
TEL,18861,0.0000,11.9671,1.0839,-400.0000,400,0.785398
TEL,18882,0.0000,11.9671,1.0839,-400.0000,400,0.785398
TEL,18904,0.0000,11.9671,1.0839,-400.0000,400,0.785398
TEL,18925,0.0000,11.9671,1.0839,-400.0000,400,0.785398
TEL,18947,0.0000,11.9671,1.0839,-400.0000,400,0.785398
TEL,18976,0.0000,11.9671,1.0839,-400.0000,400,0.785398
TEL,18997,0.0000,11.9671,1.0839,-400.0000,400,0.785398
TEL,19018,0.0000,11.9671,1.0839,-400.0000,400,0.785398
TEL,19040,0.0000,11.9671,1.0839,-400.0000,400,0.785398
TEL,19061,0.0000,11.9671,1.0839,-400.0000,400,0.785398
TEL,19083,0.0000,11.9671,1.0839,-400.0000,400,0.785398
TEL,19104,0.0000,11.9671,1.0839,-400.0000,400,0.785398
TEL,19133,0.0000,11.9671,1.0839,-400.0000,400,0.785398
TEL,19154,0.0000,11.9671,1.0839,-400.0000,400,0.785398
TEL,19176,0.0000,11.9671,1.0839,-400.0000,400,0.785398
TEL,19197,0.0000,11.9671,1.0839,-400.0000,400,0.785398
TEL,19219,0.0000,11.9671,1.0839,-400.0000,400,0.785398
TEL,19240,0.0000,11.9671,1.0839,-400.0000,400,0.785398
TEL,19262,0.0000,11.9671,1.0839,-400.0000,400,0.785398
TEL,19291,0.0000,11.9671,1.0839,-400.0000,400,0.785398
TEL,19312,0.0000,11.9671,1.0839,-400.0000,400,0.785398
TEL,19334,0.0000,11.9671,1.0839,-400.0000,400,0.785398
TEL,19355,0.0000,11.9671,1.0839,-400.0000,400,0.785398
TEL,19377,0.0000,11.9671,1.0839,-400.0000,400,0.785398
TEL,19398,0.0000,11.9671,1.0839,-400.0000,400,0.785398
TEL,19420,0.0000,11.9671,1.0839,-400.0000,400,0.785398
TEL,19448,0.0000,11.9671,1.0839,-400.0000,400,0.785398
TEL,19470,0.0000,11.9671,1.0839,-400.0000,400,0.785398
TEL,19491,0.0000,11.9671,1.0839,-400.0000,400,0.785398
TEL,19513,0.0000,11.9671,1.0839,-400.0000,400,0.785398
TEL,19534,0.0000,11.9671,1.0839,-400.0000,400,0.785398
TEL,19556,0.0000,11.9671,1.0839,-400.0000,400,0.785398
TEL,19577,0.0000,11.9671,1.0839,-400.0000,400,0.785398
TEL,19606,0.0000,11.9671,1.0839,-400.0000,400,0.785398
TEL,19628,0.0000,11.9671,1.0839,-400.0000,400,0.785398
TEL,19649,0.0000,11.9671,1.0839,-400.0000,400,0.785398
TEL,19671,0.0000,11.9671,1.0839,-400.0000,400,0.785398
TEL,19692,0.0000,11.9671,1.0839,-400.0000,400,0.785398
TEL,19713,0.0000,11.9671,1.0839,-400.0000,400,0.785398
TEL,19734,0.0000,11.9671,1.0839,-400.0000,400,0.785398
TEL,19764,0.0000,11.9671,1.0839,-400.0000,400,0.785398
TEL,19785,0.0000,11.9671,1.0839,-400.0000,400,0.785398
TEL,19807,0.0000,11.9671,1.0839,-400.0000,400,0.785398
TEL,19827,0.0000,11.9671,1.0839,-400.0000,400,0.785398
TEL,19849,0.0000,11.9671,1.0839,-400.0000,400,0.785398
TEL,19870,0.0000,11.9671,1.0839,-400.0000,400,0.785398
TEL,19892,0.0000,11.9671,1.0839,-400.0000,400,0.785398
TEL,19921,0.0000,11.9671,1.0839,-400.0000,400,0.785398
TEL,19943,0.0000,11.9671,1.0839,-400.0000,400,0.785398
TEL,19963,0.0000,11.9671,1.0839,-400.0000,400,0.785398
TEL,19985,0.0000,11.9671,1.0839,-400.0000,400,0.785398
TEL,20006,0.0000,11.9671,1.0839,-400.0000,400,0.785398
TEL,20028,0.0000,11.9671,1.0839,-400.0000,400,0.785398
TEL,20049,0.0000,11.9671,1.0839,-400.0000,400,0.785398
TEL,20079,0.0000,11.9671,1.0839,-400.0000,400,0.785398
TEL,20100,0.0000,11.9671,1.0839,-400.0000,400,0.785398
TEL,20121,0.0000,11.9671,1.0839,-400.0000,400,0.785398
TEL,20143,0.0000,11.9671,1.0839,-400.0000,400,0.785398
TEL,20164,0.0000,11.9671,1.0839,-400.0000,400,0.785398
TEL,20186,0.0000,11.9671,1.0839,-400.0000,400,0.785398
TEL,20207,0.0000,11.9671,1.0839,-400.0000,400,0.785398
TEL,20236,0.0000,11.9671,1.0839,-400.0000,400,0.785398
TEL,20257,0.0000,11.9671,1.0839,-400.0000,400,0.785398
TEL,20279,0.0000,11.9671,1.0839,-400.0000,400,0.785398
TEL,20300,0.0000,11.9671,1.0839,-400.0000,400,0.785398
TEL,20322,0.0000,11.9671,1.0839,-400.0000,400,0.785398
TEL,20343,0.0000,11.9671,1.0839,-400.0000,400,0.785398
TEL,20365,0.0000,11.9671,1.0839,-400.0000,400,0.785398
TEL,20393,0.0000,11.9671,1.0839,-400.0000,400,0.785398
TEL,20415,0.0000,11.9671,1.0839,-400.0000,400,0.785398
TEL,20436,0.0000,11.9671,1.0839,-400.0000,400,0.785398
TEL,20458,0.0000,11.9671,1.0839,-400.0000,400,0.785398
TEL,20480,0.0000,11.9671,1.0839,-400.0000,400,0.785398
TEL,20501,0.0000,11.9671,1.0839,-400.0000,400,0.785398
TEL,20523,0.0000,11.9671,1.0839,-400.0000,400,0.785398
TEL,20551,0.0000,11.9671,1.0839,-400.0000,400,0.785398
TEL,20573,0.0000,11.9671,1.0839,-400.0000,400,0.785398
TEL,20594,0.0000,11.9671,1.0839,-400.0000,400,0.785398
TEL,20616,0.0000,11.9671,1.0839,-400.0000,400,0.785398
TEL,20637,0.0000,11.9671,1.0839,-400.0000,400,0.785398
TEL,20659,0.0000,11.9671,1.0839,-400.0000,400,0.785398
TEL,20680,0.0000,11.9671,1.0839,-400.0000,400,0.785398
TEL,20709,0.0000,11.9671,1.0839,-400.0000,400,0.785398
TEL,20730,0.0000,11.9671,1.0839,-400.0000,400,0.785398
TEL,20752,0.0000,11.9671,1.0839,-400.0000,400,0.785398
TEL,20773,0.0000,11.9671,1.0839,-400.0000,400,0.785398
TEL,20795,0.0000,11.9671,1.0839,-400.0000,400,0.785398
TEL,20815,0.0000,11.9671,1.0839,-400.0000,400,0.785398
TEL,20837,0.0000,11.9671,1.0839,-400.0000,400,0.785398
TEL,20867,0.0000,11.9671,1.0839,-400.0000,400,0.785398
TEL,20888,0.0000,11.9671,1.0839,-400.0000,400,0.785398
TEL,20910,0.0000,11.9671,1.0839,-400.0000,400,0.785398
TEL,20930,0.0000,11.9671,1.0839,-400.0000,400,0.785398
TEL,20952,0.0000,11.9671,1.0839,-400.0000,400,0.785398
TEL,20973,0.0000,11.9671,1.0839,-400.0000,400,0.785398
TEL,20995,0.0000,11.9671,1.0839,-400.0000,400,0.785398
TEL,21024,0.0000,11.9671,1.0839,-400.0000,400,0.785398
TEL,21046,0.0000,11.9671,1.0839,-400.0000,400,0.785398
TEL,21066,0.0000,11.9671,1.0839,-400.0000,400,0.785398
TEL,21088,0.0000,11.9671,1.0839,-400.0000,400,0.785398
TEL,21109,0.0000,11.9671,1.0839,-400.0000,400,0.785398
TEL,21131,0.0000,11.9671,1.0839,-400.0000,400,0.785398
TEL,21152,0.0000,11.9671,1.0839,-400.0000,400,0.785398
TEL,21181,0.0000,11.9671,1.0839,-400.0000,400,0.785398
TEL,21202,0.0000,11.9671,1.0839,-400.0000,400,0.785398
TEL,21224,0.0000,11.9671,1.0839,-400.0000,400,0.785398
TEL,21245,0.0000,11.9671,1.0839,-400.0000,400,0.785398
TEL,21267,0.0000,11.9671,1.0839,-400.0000,400,0.785398
TEL,21288,0.0000,11.9671,1.0839,-400.0000,400,0.785398
TEL,21310,0.0000,11.9671,1.0839,-400.0000,400,0.785398
TEL,21339,0.0000,11.9671,1.0839,-400.0000,400,0.785398
TEL,21360,0.0000,11.9671,1.0839,-400.0000,400,0.785398
TEL,21382,0.0000,11.9671,1.0839,-400.0000,400,0.785398
TEL,21403,0.0000,11.9671,1.0839,-400.0000,400,0.785398
TEL,21425,0.0000,11.9671,1.0839,-400.0000,400,0.785398
TEL,21446,0.0000,11.9671,1.0839,-400.0000,400,0.785398
TEL,21468,0.0000,11.9671,1.0839,-400.0000,400,0.785398
TEL,21496,0.0000,11.9671,1.0839,-400.0000,400,0.785398
TEL,21518,0.0000,11.9671,1.0839,-400.0000,400,0.785398
TEL,21539,0.0000,11.9671,1.0839,-400.0000,400,0.785398
TEL,21561,0.0000,11.9671,1.0839,-400.0000,400,0.785398
TEL,21582,0.0000,11.9671,1.0839,-400.0000,400,0.785398
TEL,21604,0.0000,11.9671,1.0839,-400.0000,400,0.785398
TEL,21625,0.0000,11.9671,1.0839,-400.0000,400,0.785398
TEL,21654,0.0000,11.9671,1.0839,-400.0000,400,0.785398
TEL,21676,0.0000,11.9671,1.0839,-400.0000,400,0.785398
TEL,21697,0.0000,11.9671,1.0839,-400.0000,400,0.785398
TEL,21719,0.0000,11.9671,1.0839,-400.0000,400,0.785398
TEL,21740,0.0000,11.9671,1.0839,-400.0000,400,0.785398
TEL,21762,0.0000,11.9671,1.0839,-400.0000,400,0.785398
TEL,21783,0.0000,11.9671,1.0839,-400.0000,400,0.785398
TEL,21812,0.0000,11.9671,1.0839,-400.0000,400,0.785398
TEL,21833,0.0000,11.9671,1.0839,-400.0000,400,0.785398
TEL,21855,0.0000,11.9671,1.0839,-400.0000,400,0.785398
TEL,21876,0.0000,11.9671,1.0839,-400.0000,400,0.785398
TEL,21898,0.0000,11.9671,1.0839,-400.0000,400,0.785398
TEL,21918,0.0000,11.9671,1.0839,-400.0000,400,0.785398
TEL,21940,0.0000,11.9671,1.0839,-400.0000,400,0.785398
TEL,21969,0.0000,11.9671,1.0839,-400.0000,400,0.785398
TEL,21991,0.0000,11.9671,1.0839,-400.0000,400,0.785398
TEL,22012,0.0000,11.9671,1.0839,-400.0000,400,0.785398
TEL,22033,0.0000,11.9671,1.0839,-400.0000,400,0.785398
TEL,22054,0.0000,11.9671,1.0839,-400.0000,400,0.785398
TEL,22076,0.0000,11.9671,1.0839,-400.0000,400,0.785398
TEL,22097,0.0000,11.9671,1.0839,-400.0000,400,0.785398
TEL,22127,0.0000,11.9671,1.0839,-400.0000,400,0.785398
TEL,22149,0.0000,11.9671,1.0839,-400.0000,400,0.785398
TEL,22169,0.0000,11.9671,1.0839,-400.0000,400,0.785398
TEL,22191,0.0000,11.9671,1.0839,-400.0000,400,0.785398
TEL,22212,0.0000,11.9671,1.0839,-400.0000,400,0.785398
TEL,22234,0.0000,11.9671,1.0839,-400.0000,400,0.785398
TEL,22255,0.0000,11.9671,1.0839,-400.0000,400,0.785398
TEL,22284,0.0000,11.9671,1.0839,-400.0000,400,0.785398
TEL,22305,0.0000,11.9671,1.0839,-400.0000,400,0.785398
TEL,22327,0.0000,11.9671,1.0839,-400.0000,400,0.785398
TEL,22348,0.0000,11.9671,1.0839,-400.0000,400,0.785398
TEL,22370,0.0000,11.9671,1.0839,-400.0000,400,0.785398
TEL,22391,0.0000,11.9671,1.0839,-400.0000,400,0.785398
TEL,22413,0.0000,11.9671,1.0839,-400.0000,400,0.785398
