BALL_BEAM_REF_BOOT
REF_CFG,profile=center_far_near_90s,center_cm=13.0000,near_cm=9.0000,far_cm=17.0000,segment_ms=30000
REF,407,13.0000,hold_center
TEL,410,8.2721,8.1593,4.8756,0.0000,0,0.000000
TEL,510,8.3518,8.2176,4.7824,4.2889,0,0.000000
TEL,610,7.4023,8.2397,4.7824,4.2889,-4,-0.007854
TEL,710,7.9521,8.2397,4.7824,4.2889,-4,-0.007854
TEL,811,8.2721,8.2275,4.7762,-0.0025,0,0.000000
TEL,911,8.2406,8.2356,4.7725,0.7913,-1,-0.001963
TEL,1011,7.1894,8.2402,4.7644,0.0492,0,0.000000
TEL,1111,8.1938,8.2334,4.7560,0.0003,0,0.000000
TEL,1211,8.2721,8.2375,4.7666,-0.9617,1,0.001963
TEL,1311,7.2139,8.2344,4.7692,-1.6701,2,0.003927
TEL,1411,7.9964,8.2344,4.7692,-1.6701,2,0.003927
TEL,1511,8.2563,8.2397,4.7614,-1.2467,1,0.001963
TEL,1611,8.3038,8.2455,4.7603,-1.5292,2,0.003927
TEL,1711,7.8077,8.2436,4.7564,-2.0919,2,0.003927
TEL,1811,8.1783,8.2309,4.7663,-2.6981,3,0.005890
TEL,1911,8.3198,8.2371,4.7671,-2.5605,3,0.005890
TEL,2011,8.2879,8.2426,4.7596,-2.5258,3,0.005890
TEL,2111,7.9816,8.2447,4.7596,-2.5258,3,0.005890
TEL,2211,8.2563,8.2410,4.7597,-3.5675,4,0.007854
TEL,2311,8.3038,8.2471,4.7555,-3.5095,4,0.007854
TEL,2411,7.1894,8.2495,4.7505,-3.6646,4,0.007854
TEL,2511,8.1474,8.2395,4.7563,-5.1952,5,0.009817
TEL,2611,8.2879,8.2409,4.7612,-4.6870,5,0.009817
TEL,2711,8.2879,8.2387,4.7636,-4.4986,4,0.007854
TEL,2811,7.7935,8.2387,4.7636,-4.4986,4,0.007854
TEL,2911,8.2249,8.2376,4.7592,-5.2658,5,0.009817
TEL,3011,8.2879,8.2409,4.7624,-5.7236,6,0.011781
TEL,3111,7.1651,8.2397,4.7603,-6.0638,6,0.011781
TEL,3211,8.0412,8.2322,4.7678,-6.6640,7,0.013744
TEL,3311,8.2721,8.2347,4.7668,-6.6761,7,0.013744
TEL,3411,8.3038,8.2392,4.7608,-6.6722,7,0.013744
TEL,3511,8.3198,8.2491,4.7537,-6.7200,7,0.013744
TEL,3611,8.3198,8.2543,4.7482,-7.0991,7,0.013744
TEL,3712,8.3198,8.2620,4.7403,-7.3410,7,0.013744
TEL,3812,8.3358,8.2673,4.7353,-7.5320,8,0.015708
TEL,3912,8.3358,8.2752,4.7271,-7.7027,8,0.015708
TEL,4012,8.3198,8.2783,4.7232,-8.1016,8,0.015708
TEL,4112,8.3358,8.2825,4.7193,-8.3084,8,0.015708
TEL,4212,8.3198,8.2861,4.7151,-8.5054,9,0.017671
TEL,4312,8.3518,8.2914,4.7107,-8.8298,9,0.017671
TEL,4412,8.3358,8.2937,4.7077,-9.1568,9,0.017671
TEL,4512,8.3518,8.2965,4.7052,-9.4288,9,0.017671
TEL,4612,8.3198,8.2979,4.7027,-9.6972,10,0.019635
TEL,4712,8.3358,8.3002,4.7008,-9.9185,10,0.019635
TEL,4812,8.3358,8.3017,4.6993,-10.2440,10,0.019635
TEL,4912,7.8793,8.3018,4.6993,-10.2440,10,0.019635
TEL,5012,8.1474,8.2902,4.7055,-11.0983,11,0.021598
TEL,5112,8.2879,8.2868,4.7123,-11.4518,11,0.021598
TEL,5212,8.2879,8.2873,4.7127,-11.4064,11,0.021598
TEL,5312,8.0412,8.2805,4.7195,-12.2418,12,0.023562
TEL,5412,8.2093,8.2738,4.7262,-12.5708,13,0.025525
TEL,5512,8.2879,8.2737,4.7263,-12.5686,13,0.025525
TEL,5612,7.1772,8.2737,4.7263,-12.5686,13,0.025525
TEL,5712,8.1474,8.2632,4.7331,-13.3929,13,0.025525
TEL,5812,8.2721,8.2618,4.7385,-13.6741,14,0.027489
TEL,5912,8.2879,8.2632,4.7376,-13.6650,14,0.027489
TEL,6012,7.6818,8.2632,4.7376,-13.6650,14,0.027489
TEL,6112,8.2249,8.2600,4.7365,-14.1920,14,0.027489
TEL,6212,8.2879,8.2611,4.7400,-14.6379,15,0.029452
TEL,6312,7.1894,8.2630,4.7377,-14.6500,15,0.029452
TEL,6412,7.9964,8.2630,4.7377,-14.6500,15,0.029452
TEL,6512,8.2563,8.2596,4.7393,-15.4280,15,0.029452
TEL,6612,8.3038,8.2619,4.7404,-15.6693,16,0.031416
TEL,6712,7.8362,8.2618,4.7382,-15.9410,16,0.031416
TEL,6812,8.1628,8.2528,4.7446,-16.5670,17,0.033379
TEL,6912,8.3038,8.2536,4.7484,-16.7891,17,0.033379
TEL,7012,7.6135,8.2554,4.7446,-16.6911,17,0.033379
TEL,7112,8.0562,8.2499,4.7501,-17.5633,18,0.035343
TEL,7212,8.2249,8.2466,4.7534,-17.8009,18,0.035343
TEL,7312,8.2406,8.2492,4.7508,-18.0137,18,0.035343
TEL,7412,7.1894,8.2492,4.7508,-18.0137,18,0.035343
TEL,7512,8.1938,8.2440,4.7545,-18.5844,19,0.037306
TEL,7612,8.3038,8.2465,4.7552,-18.6784,19,0.037306
TEL,7712,7.4151,8.2486,4.7514,-18.7806,19,0.037306
TEL,7812,7.9375,8.2486,4.7514,-18.7806,19,0.037306
TEL,7912,8.2406,8.2423,4.7561,-19.6274,20,0.039270
TEL,8012,8.2406,8.2431,4.7577,-19.8287,20,0.039270
TEL,8112,7.7653,8.2453,4.7547,-19.8358,20,0.039270
TEL,8212,8.1168,8.2416,4.7584,-20.6744,21,0.041233
TEL,8312,8.3038,8.2433,4.7584,-20.8610,21,0.041233
TEL,8412,7.1410,8.2454,4.7546,-20.8655,21,0.041233
TEL,8512,8.0262,8.2393,4.7607,-21.6818,22,0.043197
TEL,8612,8.1938,8.2334,4.7666,-21.9986,22,0.043197
TEL,8712,8.2879,8.2388,4.7612,-21.9083,22,0.043197
TEL,8812,7.1894,8.2408,4.7612,-21.9083,22,0.043197
TEL,8912,8.1474,8.2379,4.7621,-22.7468,23,0.045160
TEL,9012,8.2879,8.2390,4.7610,-22.7668,23,0.045160
TEL,9112,8.2879,8.2448,4.7552,-23.0147,23,0.045160
TEL,9212,7.8077,8.2448,4.7552,-23.0147,23,0.045160
TEL,9312,8.2093,8.2417,4.7558,-23.5419,24,0.047124
TEL,9412,8.2879,8.2443,4.7583,-23.9407,24,0.047124
TEL,9512,7.1772,8.2459,4.7544,-23.9346,24,0.047124
TEL,9612,8.0864,8.2414,4.7586,-24.7385,25,0.049087
TEL,9712,8.2879,8.2410,4.7604,-24.8717,25,0.049087
TEL,9812,8.3358,8.2450,4.7550,-24.8104,25,0.049087
TEL,9912,7.9816,8.2462,4.7550,-24.8104,25,0.049087
TEL,10012,8.1938,8.2406,4.7579,-25.7469,26,0.051051
TEL,10112,8.3038,8.2438,4.7589,-25.8359,26,0.051051
TEL,10212,7.3511,8.2455,4.7545,-25.9370,26,0.051051
TEL,10312,8.1016,8.2414,4.7586,-26.7426,27,0.053014
TEL,10412,8.2406,8.2409,4.7591,-26.9186,27,0.053014
TEL,10512,8.3038,8.2443,4.7557,-26.9797,27,0.053014
TEL,10612,7.1170,8.2443,4.7557,-26.9797,27,0.053014
TEL,10712,8.1474,8.2377,4.7596,-27.7758,28,0.054978
TEL,10812,8.2563,8.2374,4.7631,-28.0789,28,0.054978
TEL,10912,8.3198,8.2424,4.7598,-28.0329,28,0.054978
TEL,11012,6.9531,8.2442,4.7558,-28.2887,28,0.054978
TEL,11112,8.0713,8.2393,4.7607,-29.0701,29,0.056941
TEL,11212,8.2249,8.2366,4.7634,-29.2855,29,0.056941
TEL,11312,8.3038,8.2401,4.7599,-29.2861,29,0.056941
TEL,11412,7.3511,8.2410,4.7599,-29.2861,29,0.056941
TEL,11512,8.0562,8.2358,4.7642,-30.2569,30,0.058905
TEL,11612,8.2563,8.2347,4.7653,-30.3324,30,0.058905
TEL,11712,8.2879,8.2374,4.7626,-30.5011,31,0.060868
TEL,11812,7.5330,8.2374,4.7626,-30.5011,31,0.060868
TEL,11912,8.1783,8.2307,4.7677,-31.3176,31,0.060868
TEL,12012,8.2879,8.2327,4.7690,-31.4408,31,0.060868
TEL,12112,7.0813,8.2343,4.7657,-31.5476,32,0.062832
TEL,12212,7.8938,8.2343,4.7657,-31.5476,32,0.062832
TEL,12312,8.2406,8.2257,4.7709,-32.3520,32,0.062832
TEL,12412,8.2721,8.2285,4.7743,-32.5028,33,0.064795
TEL,12512,8.3198,8.2342,4.7702,-32.6574,33,0.064795
TEL,12612,8.3198,8.2393,4.7658,-32.7515,33,0.064795
TEL,12712,8.3038,8.2456,4.7587,-33.0382,33,0.064795
TEL,12812,8.2721,8.2486,4.7544,-33.2944,33,0.064795
TEL,12912,8.3358,8.2535,4.7497,-33.5522,34,0.066759
TEL,13012,8.3358,8.2584,4.7465,-33.7101,34,0.066759
TEL,13112,8.3198,8.2629,4.7402,-34.0593,34,0.066759
TEL,13212,8.3358,8.2673,4.7371,-34.2703,34,0.066759
TEL,13312,8.2721,8.2709,4.7306,-34.4547,34,0.066759
TEL,13412,8.2563,8.2719,4.7291,-34.9528,35,0.068722
TEL,13512,8.2563,8.2706,4.7286,-35.2857,35,0.068722
TEL,13612,8.3358,8.2737,4.7294,-35.5730,36,0.070686
TEL,13712,8.2879,8.2735,4.7264,-35.7858,36,0.070686
TEL,13812,8.2879,8.2735,4.7265,-36.0225,36,0.070686
TEL,13912,8.0262,8.2652,4.7289,-36.6357,37,0.072649
TEL,14012,8.2563,8.2664,4.7348,-37.3903,37,0.072649
TEL,14112,8.3518,8.2696,4.7339,-37.0212,37,0.072649
TEL,14212,8.3038,8.2722,4.7304,-36.9972,37,0.072649
TEL,14312,8.1016,8.2678,4.7322,-37.9325,38,0.074613
TEL,14412,8.2406,8.2634,4.7366,-38.1697,38,0.074613
TEL,14512,6.9646,8.2643,4.7357,-38.2456,38,0.074613
TEL,14612,7.4540,8.2643,4.7357,-38.2456,38,0.074613
TEL,14712,8.2406,8.2538,4.7425,-38.9721,39,0.076576
TEL,14812,8.2563,8.2540,4.7462,-39.1475,39,0.076576
TEL,14912,6.9761,8.2540,4.7460,-39.3766,39,0.076576
TEL,15012,8.0864,8.2493,4.7507,-39.9928,40,0.078540
TEL,15112,8.3038,8.2495,4.7521,-40.2110,40,0.078540
TEL,15212,6.9761,8.2506,4.7494,-40.3219,40,0.078540
TEL,15312,8.0262,8.2443,4.7557,-41.0273,41,0.080503
TEL,15412,8.2093,8.2408,4.7592,-41.2818,41,0.080503
TEL,15512,8.3038,8.2454,4.7546,-41.2085,41,0.080503
TEL,15612,7.6681,8.2462,4.7546,-41.2085,41,0.080503
TEL,15712,8.2093,8.2422,4.7535,-41.7272,42,0.082467
TEL,15812,8.2879,8.2439,4.7578,-42.1834,42,0.082467
TEL,15912,6.9761,8.2463,4.7549,-42.1888,42,0.082467
TEL,16012,8.0713,8.2415,4.7585,-43.0005,43,0.084430
TEL,16112,8.2093,8.2397,4.7594,-43.0602,43,0.084430
TEL,16212,8.2563,8.2410,4.7590,-43.3450,43,0.084430
TEL,16312,8.0113,8.2340,4.7660,-44.1543,44,0.086394
TEL,16412,8.2249,8.2313,4.7687,-44.1426,44,0.086394
TEL,16512,8.3038,8.2356,4.7644,-44.1407,44,0.086394
TEL,16612,7.5865,8.2366,4.7644,-44.1407,44,0.086394
TEL,16712,8.1628,8.2303,4.7676,-45.0117,45,0.088357
TEL,16812,8.2093,8.2300,4.7694,-45.1229,45,0.088357
TEL,16912,7.2139,8.2342,4.7658,-45.1783,45,0.088357
TEL,17012,8.0864,8.2299,4.7701,-45.9521,46,0.090321
TEL,17112,8.2879,8.2253,4.7767,-46.3657,46,0.090321
TEL,17212,8.3198,8.2306,4.7694,-46.0347,46,0.090321
TEL,17312,7.8649,8.2306,4.7694,-46.0347,46,0.090321
TEL,17412,8.1474,8.2244,4.7730,-46.9556,47,0.092284
TEL,17512,8.2879,8.2294,4.7746,-47.0384,47,0.092284
TEL,17612,7.5597,8.2313,4.7687,-47.1730,47,0.092284
TEL,17712,8.1938,8.2256,4.7733,-47.9467,48,0.094248
TEL,17812,8.2879,8.2285,4.7734,-47.9483,48,0.094248
TEL,17912,7.1894,8.2338,4.7662,-47.9547,48,0.094248
TEL,18012,8.0113,8.2266,4.7734,-48.9604,49,0.096211
TEL,18112,8.2563,8.2235,4.7777,-49.0733,49,0.096211
TEL,18212,7.1170,8.2262,4.7738,-48.9624,49,0.096211
TEL,18312,8.0113,8.2189,4.7811,-49.8896,50,0.098175
TEL,18412,8.2093,8.2160,4.7840,-50.0284,50,0.098175
TEL,18512,8.2563,8.2217,4.7783,-50.0903,50,0.098175
TEL,18612,7.0342,8.2239,4.7783,-50.0903,50,0.098175
TEL,18712,8.1628,8.2168,4.7813,-50.9138,51,0.100138
TEL,18812,8.2721,8.2184,4.7835,-51.0575,51,0.100138
TEL,18912,7.2632,8.2199,4.7801,-50.9557,51,0.100138
TEL,19012,7.9083,8.2199,4.7801,-50.9557,51,0.100138
TEL,19112,8.2563,8.2180,4.7825,-51.8327,52,0.102102
TEL,19212,8.3038,8.2225,4.7820,-51.8994,52,0.102102
TEL,19312,7.6544,8.2241,4.7759,-52.0902,52,0.102102
TEL,19412,8.1168,8.2138,4.7828,-52.9422,53,0.104065
TEL,19512,8.3198,8.2194,4.7842,-52.9288,53,0.104065
TEL,19612,7.2261,8.2218,4.7782,-52.9984,53,0.104065
TEL,19712,8.1168,8.2181,4.7819,-53.8123,54,0.106029
TEL,19812,8.2406,8.2181,4.7819,-53.9045,54,0.106029
TEL,19912,8.3198,8.2260,4.7740,-53.8315,54,0.106029
TEL,20012,7.8219,8.2260,4.7740,-53.8315,54,0.106029
TEL,20112,8.2406,8.2169,4.7813,-54.8982,55,0.107992
TEL,20212,8.2879,8.2214,4.7831,-54.8238,55,0.107992
TEL,20312,7.7373,8.2214,4.7786,-54.8922,55,0.107992
TEL,20412,8.1474,8.2187,4.7813,-55.7115,56,0.109956
TEL,20512,8.2721,8.2220,4.7797,-55.7170,56,0.109956
TEL,20612,8.2721,8.2259,4.7741,-55.9734,56,0.109956
TEL,20712,8.0562,8.2202,4.7798,-56.7677,57,0.111919
TEL,20812,8.2563,8.2200,4.7800,-56.6984,57,0.111919
TEL,20912,6.9876,8.2245,4.7754,-56.7753,57,0.111919
TEL,21012,7.8077,8.2245,4.7754,-56.7753,57,0.111919
TEL,21112,8.2093,8.2156,4.7816,-57.6658,58,0.113883
TEL,21212,8.2879,8.2200,4.7844,-57.8321,58,0.113883
TEL,21312,8.3198,8.2294,4.7772,-57.6982,58,0.113883
TEL,21412,8.3038,8.2345,4.7706,-57.8745,58,0.113883
TEL,21512,8.3198,8.2427,4.7630,-58.1771,58,0.113883
TEL,21612,8.3198,8.2481,4.7573,-58.3624,58,0.113883
TEL,21712,8.3038,8.2537,4.7519,-58.6144,59,0.115846
TEL,21812,8.3038,8.2577,4.7463,-58.9354,59,0.115846
TEL,21912,8.3198,8.2622,4.7413,-59.2577,59,0.115846
TEL,22012,8.3198,8.2659,4.7378,-59.4019,59,0.115846
TEL,22112,8.3038,8.2699,4.7324,-59.6580,60,0.117810
TEL,22212,8.3198,8.2730,4.7301,-59.9906,60,0.117810
TEL,22312,8.3198,8.2772,4.7256,-60.1917,60,0.117810
TEL,22412,8.3038,8.2787,4.7228,-60.4601,60,0.117810
TEL,22512,8.3358,8.2822,4.7205,-60.7885,61,0.119773
TEL,22612,8.3358,8.2852,4.7178,-60.9501,61,0.119773
TEL,22712,8.3358,8.2885,4.7138,-61.2599,61,0.119773
TEL,22812,8.3038,8.2893,4.7115,-61.4784,61,0.119773
TEL,22912,8.2563,8.2896,4.7103,-61.8569,62,0.121737
TEL,23012,6.9992,8.2903,4.7104,-62.2823,62,0.121737
TEL,23112,8.1628,8.2800,4.7167,-62.9032,63,0.123700
TEL,23212,8.2721,8.2786,4.7212,-63.0950,63,0.123700
TEL,23312,7.3007,8.2800,4.7200,-63.1145,63,0.123700
TEL,23412,7.9964,8.2800,4.7200,-63.1145,63,0.123700
TEL,23512,8.2563,8.2737,4.7244,-63.8604,64,0.125664
TEL,23612,8.2563,8.2736,4.7263,-64.0964,64,0.125664
TEL,23712,7.8793,8.2736,4.7264,-64.3783,64,0.125664
TEL,23812,8.1474,8.2652,4.7314,-64.8549,65,0.127627
TEL,23912,8.2879,8.2653,4.7351,-65.0646,65,0.127627
TEL,24012,6.9992,8.2653,4.7347,-65.2431,65,0.127627
TEL,24112,8.1474,8.2559,4.7408,-65.8905,66,0.129591
TEL,24212,8.2563,8.2550,4.7450,-66.1504,66,0.129591
TEL,24312,7.2139,8.2564,4.7436,-66.2636,66,0.129591
TEL,24412,7.9521,8.2564,4.7436,-66.2636,66,0.129591
TEL,24512,8.2406,8.2493,4.7488,-66.9687,67,0.131554
TEL,24612,8.2249,8.2475,4.7507,-67.1575,67,0.131554
TEL,24712,7.9229,8.2481,4.7519,-67.3461,67,0.131554
TEL,24812,8.1474,8.2417,4.7555,-67.9392,68,0.133518
TEL,24912,8.2249,8.2408,4.7588,-68.1761,68,0.133518
TEL,25012,7.0931,8.2421,4.7579,-68.2538,68,0.133518
TEL,25112,8.1321,8.2336,4.7634,-69.0003,69,0.135481
TEL,25212,8.2406,8.2335,4.7667,-69.1435,69,0.135481
TEL,25312,7.1170,8.2333,4.7667,-69.4282,69,0.135481
TEL,25412,7.8505,8.2333,4.7667,-69.4282,69,0.135481
TEL,25512,8.2093,8.2277,4.7712,-70.0039,70,0.137445
TEL,25612,8.2879,8.2306,4.7723,-70.2612,70,0.137445
TEL,25712,7.7373,8.2322,4.7678,-70.2641,70,0.137445
TEL,25812,8.1628,8.2258,4.7723,-70.9976,71,0.139408
TEL,25912,8.2879,8.2233,4.7804,-71.9011,72,0.141372
TEL,26012,7.1170,8.2243,4.7757,-71.3225,71,0.139408
TEL,26112,8.1321,8.2215,4.7785,-72.0044,72,0.141372
TEL,26212,8.2721,8.2236,4.7764,-72.0195,72,0.141372
TEL,26312,7.1894,8.2279,4.7764,-72.0195,72,0.141372
TEL,26412,7.9669,8.2279,4.7764,-72.0195,72,0.141372
TEL,26512,8.2563,8.2224,4.7773,-72.9772,73,0.143335
TEL,26612,8.2879,8.2259,4.7776,-72.9951,73,0.143335
TEL,26712,7.8793,8.2259,4.7741,-73.1478,73,0.143335
TEL,26812,8.1474,8.2192,4.7784,-73.8800,74,0.145299
TEL,26912,8.2879,8.2236,4.7801,-73.9845,74,0.145299
TEL,27012,7.0694,8.2257,4.7743,-74.0642,74,0.145299
TEL,27112,8.1628,8.2180,4.7801,-74.9101,75,0.147262
TEL,27212,8.2563,8.2199,4.7813,-74.9075,75,0.147262
TEL,27312,6.9992,8.2198,4.7802,-75.2492,75,0.147262
TEL,27412,7.9669,8.2198,4.7802,-75.2492,75,0.147262
TEL,27512,8.2563,8.2185,4.7824,-75.8100,76,0.149226
TEL,27612,8.2879,8.2211,4.7815,-75.8972,76,0.149226
TEL,27712,7.9375,8.2226,4.7774,-76.1071,76,0.149226
TEL,27812,8.1783,8.2175,4.7813,-76.8022,77,0.151189
TEL,27912,8.3198,8.2240,4.7814,-76.8144,77,0.151189
TEL,28012,7.0108,8.2255,4.7745,-76.9988,77,0.151189
TEL,28112,8.2093,8.2201,4.7796,-77.7451,78,0.153153
TEL,28212,8.2721,8.2227,4.7788,-77.7103,78,0.153153
TEL,28312,7.0813,8.2270,4.7730,-77.7951,78,0.153153
TEL,28412,8.0113,8.2205,4.7795,-78.7172,79,0.155116
TEL,28512,8.2563,8.2203,4.7809,-78.8498,79,0.155116
TEL,28612,8.2879,8.2245,4.7755,-78.7718,79,0.155116
TEL,28712,7.9229,8.2245,4.7755,-78.7718,79,0.155116
TEL,28812,8.2093,8.2222,4.7774,-79.5383,80,0.157080
TEL,28912,8.3198,8.2271,4.7758,-79.5254,80,0.157080
TEL,29012,7.5865,8.2289,4.7711,-79.7841,80,0.157080
TEL,29112,8.1628,8.2252,4.7683,-80.0957,80,0.157080
TEL,29212,8.3038,8.2291,4.7733,-80.4190,80,0.157080
TEL,29312,7.0342,8.2333,4.7690,-80.6198,81,0.159043
TEL,29412,8.0562,8.2277,4.7723,-81.4766,81,0.159043
TEL,29512,8.2879,8.2285,4.7735,-81.5084,82,0.161007
TEL,29612,7.1050,8.2304,4.7696,-81.5942,82,0.161007
TEL,29712,7.9375,8.2304,4.7696,-81.5942,82,0.161007
TEL,29812,8.2249,8.2276,4.7723,-82.3550,82,0.161007
TEL,29912,8.2563,8.2307,4.7715,-82.4716,82,0.161007
TEL,30012,8.3358,8.2370,4.7693,-82.7467,83,0.162970
TEL,30112,8.3198,8.2400,4.7658,-83.4037,83,0.162970
TEL,30212,8.3358,8.2467,4.7563,-82.8718,83,0.162970
TEL,30312,8.3198,8.2543,4.7508,-83.2346,83,0.162970
REF,30404,17.0000,hold_far
TEL,30412,8.3198,8.2592,4.7429,-83.4056,83,0.162970
TEL,30512,8.3198,8.2657,8.7382,-123.9007,121,0.237583
TEL,30612,8.3038,8.2687,8.7343,-124.4649,124,0.243473
TEL,30712,8.3358,8.2745,8.7296,-124.9659,125,0.245437
TEL,30812,8.3038,8.2774,8.7235,-125.3926,125,0.245437
TEL,30912,8.3198,8.2798,8.7233,-126.2124,126,0.247400
TEL,31012,8.3198,8.2803,8.7209,-126.7176,127,0.249364
TEL,31112,8.3198,8.2847,8.7180,-126.9451,127,0.249364
TEL,31212,8.3358,8.2858,8.7157,-127.6721,128,0.251327
TEL,31312,8.3198,8.2886,8.7137,-128.0000,128,0.251327
TEL,31412,8.3358,8.2911,8.7101,-128.0000,128,0.251327
TEL,31512,8.3358,8.2938,8.7081,-128.0000,128,0.251327
TEL,31612,8.3358,8.2960,8.7051,-128.0000,128,0.251327
TEL,31712,8.0412,8.2900,8.7034,-128.0000,128,0.251327
TEL,31812,8.2249,8.2842,8.7140,-128.0000,128,0.251327
TEL,31912,8.2879,8.2832,8.7166,-128.0000,128,0.251327
TEL,32012,7.5731,8.2832,8.7166,-128.0000,128,0.251327
TEL,32112,8.1783,8.2753,8.7218,-128.0000,128,0.251327
TEL,32212,8.2721,8.2738,8.7262,-128.0000,128,0.251327
TEL,32312,6.9761,8.2732,8.7268,-128.0000,128,0.251327
TEL,32412,8.0713,8.2677,8.7323,-128.0000,128,0.251327
TEL,32512,8.2563,8.2637,8.7361,-128.0000,128,0.251327
TEL,32612,8.2563,8.2642,8.7358,-128.0000,128,0.251327
TEL,32712,8.0113,8.2572,8.7428,-128.0000,128,0.251327
TEL,32812,8.1938,8.2516,8.7484,-128.0000,128,0.251327
TEL,32912,7.2139,8.2524,8.7476,-128.0000,128,0.251327
TEL,33012,7.5731,8.2524,8.7476,-128.0000,128,0.251327
TEL,33112,8.2093,8.2471,8.7517,-128.0000,128,0.251327
TEL,33212,8.2721,8.2477,8.7531,-128.0000,128,0.251327
TEL,33312,6.9876,8.2489,8.7531,-128.0000,128,0.251327
TEL,33412,8.0412,8.2429,8.7571,-128.0000,128,0.251327
TEL,33512,8.2563,8.2413,8.7591,-128.0000,128,0.251327
TEL,33612,8.2721,8.2431,8.7569,-128.0000,128,0.251327
TEL,33712,8.0262,8.2369,8.7631,-128.0000,128,0.251327
TEL,33812,8.2249,8.2334,8.7666,-128.0000,128,0.251327
TEL,33912,8.2721,8.2359,8.7641,-128.0000,128,0.251327
TEL,34012,7.5731,8.2359,8.7641,-128.0000,128,0.251327
TEL,34112,8.1783,8.2317,8.7667,-128.0000,128,0.251327
TEL,34212,8.2721,8.2331,8.7680,-128.0000,128,0.251327
TEL,34312,6.9876,8.2342,8.7680,-128.0000,128,0.251327
TEL,34412,8.1168,8.2309,8.7691,-128.0000,128,0.251327
TEL,34512,8.2721,8.2309,8.7703,-128.0000,128,0.251327
TEL,34612,6.9992,8.2312,8.7688,-128.0000,128,0.251327
TEL,34712,8.0713,8.2268,8.7732,-128.0000,128,0.251327
TEL,34812,8.2249,8.2254,8.7746,-128.0000,128,0.251327
TEL,34912,8.2721,8.2271,8.7729,-128.0000,128,0.251327
TEL,35012,7.7935,8.2271,8.7729,-128.0000,128,0.251327
TEL,35112,8.2249,8.2218,8.7771,-128.0000,128,0.251327
TEL,35212,8.2879,8.2245,8.7782,-128.0000,128,0.251327
TEL,35312,7.7095,8.2258,8.7742,-128.0000,128,0.251327
TEL,35412,8.1168,8.2228,8.7772,-128.0000,128,0.251327
TEL,35512,8.2249,8.2234,8.7767,-128.0000,128,0.251327
TEL,35612,7.3639,8.2251,8.7767,-128.0000,128,0.251327
TEL,35712,8.0864,8.2214,8.7786,-128.0000,128,0.251327
TEL,35812,8.2406,8.2207,8.7793,-128.0000,128,0.251327
TEL,35912,8.2721,8.2232,8.7768,-128.0000,128,0.251327
TEL,36012,7.7653,8.2232,8.7768,-128.0000,128,0.251327
TEL,36112,8.2093,8.2161,8.7817,-128.0000,128,0.251327
TEL,36212,8.2721,8.2192,8.7839,-128.0000,128,0.251327
TEL,36312,7.8077,8.2206,8.7794,-128.0000,128,0.251327
TEL,36412,8.1321,8.2136,8.7839,-128.0000,128,0.251327
TEL,36512,8.2721,8.2164,8.7865,-128.0000,128,0.251327
TEL,36612,7.2016,8.2184,8.7816,-128.0000,128,0.251327
TEL,36712,8.1016,8.2151,8.7849,-128.0000,128,0.251327
TEL,36812,8.2563,8.2152,8.7848,-128.0000,128,0.251327
TEL,36912,7.5597,8.2189,8.7811,-128.0000,128,0.251327
TEL,37012,7.9083,8.2189,8.7811,-128.0000,128,0.251327
TEL,37112,8.2406,8.2156,8.7845,-128.0000,128,0.251327
TEL,37212,8.2721,8.2183,8.7844,-128.0000,128,0.251327
TEL,37312,7.8793,8.2194,8.7806,-128.0000,128,0.251327
TEL,37412,8.1474,8.2174,8.7826,-128.0000,128,0.251327
TEL,37512,8.2721,8.2206,8.7809,-128.0000,128,0.251327
TEL,37612,7.1772,8.2224,8.7809,-128.0000,128,0.251327
TEL,37712,8.1474,8.2204,8.7796,-128.0000,128,0.251327
TEL,37812,8.2563,8.2215,8.7785,-128.0000,128,0.251327
TEL,37912,7.5865,8.2242,8.7758,-128.0000,128,0.251327
TEL,38012,7.9229,8.2242,8.7758,-128.0000,128,0.251327
TEL,38112,8.2563,8.2238,8.7771,-128.0000,128,0.251327
TEL,38212,8.2879,8.2263,8.7753,-128.0000,128,0.251327
TEL,38312,7.8219,8.2275,8.7753,-128.0000,128,0.251327
TEL,38412,8.1783,8.2218,8.7769,-128.0000,128,0.251327
TEL,38512,8.2721,8.2242,8.7785,-128.0000,128,0.251327
TEL,38612,7.1170,8.2259,8.7741,-128.0000,128,0.251327
TEL,38712,8.2879,8.2240,8.7725,-128.0000,128,0.251327
TEL,38812,8.3038,8.2286,8.7737,-128.0000,128,0.251327
TEL,38912,8.3038,8.2351,8.7692,-128.0000,128,0.251327
TEL,39012,8.3038,8.2391,8.7649,-128.0000,128,0.251327
TEL,39112,8.3038,8.2448,8.7589,-128.0000,128,0.251327
TEL,39212,8.3038,8.2483,8.7534,-128.0000,128,0.251327
TEL,39312,8.2879,8.2522,8.7505,-128.0000,128,0.251327
TEL,39412,8.3038,8.2552,8.7478,-128.0000,128,0.251327
TEL,39512,8.3038,8.2588,8.7439,-128.0000,128,0.251327
TEL,39612,8.3038,8.2613,8.7412,-128.0000,128,0.251327
TEL,39712,8.4166,8.2712,8.7361,-128.0000,128,0.251327
TEL,39812,8.4659,8.2815,8.7288,-128.0000,128,0.251327
TEL,39912,8.6855,8.3185,8.7096,-128.0000,128,0.251327
TEL,40012,8.8438,8.3658,8.6612,-126.8942,127,0.249364
TEL,40112,8.9523,8.4795,8.6019,-125.4659,125,0.245437
TEL,40212,8.9706,8.5721,8.5205,-123.8947,124,0.243473
TEL,40312,9.0446,8.7217,8.3758,-121.9881,122,0.239546
TEL,40412,8.9706,8.7805,8.2477,-123.6201,124,0.243473
TEL,40512,8.8977,8.8328,8.1957,-124.3588,124,0.243473
TEL,40612,7.3894,8.8378,8.1622,-126.6260,127,0.249364
TEL,40712,8.5491,8.7310,8.2180,-128.0000,128,0.251327
TEL,40812,8.5998,8.7061,8.2816,-128.0000,128,0.251327
TEL,40912,7.1651,8.6800,8.3045,-128.0000,128,0.251327
TEL,41012,8.2563,8.5896,8.3709,-128.0000,128,0.251327
TEL,41112,8.4330,8.5314,8.4387,-128.0000,128,0.251327
TEL,41212,8.4824,8.5207,8.4753,-128.0000,128,0.251327
TEL,41312,8.1628,8.4863,8.4842,-128.0000,128,0.251327
TEL,41412,8.4003,8.4638,8.5300,-128.0000,128,0.251327
TEL,41512,8.4659,8.4619,8.5388,-128.0000,128,0.251327
TEL,41612,7.7234,8.4619,8.5381,-128.0000,128,0.251327
TEL,41712,8.3679,8.4237,8.5607,-128.0000,128,0.251327
TEL,41812,8.4494,8.4250,8.5768,-128.0000,128,0.251327
TEL,41912,7.7653,8.4259,8.5756,-128.0000,128,0.251327
TEL,42012,8.2721,8.4027,8.5890,-128.0000,128,0.251327
TEL,42112,8.4494,8.4042,8.5994,-128.0000,128,0.251327
TEL,42212,8.4659,8.4105,8.5925,-128.0000,128,0.251327
TEL,42312,8.2093,8.3828,8.6068,-128.0000,128,0.251327
TEL,42412,8.4003,8.3804,8.6208,-128.0000,128,0.251327
TEL,42512,8.4494,8.3899,8.6133,-128.0000,128,0.251327
TEL,42612,7.9521,8.3899,8.6133,-128.0000,128,0.251327
TEL,42712,8.4003,8.3796,8.6192,-128.0000,128,0.251327
TEL,42812,8.4659,8.3861,8.6204,-128.0000,128,0.251327
TEL,42912,7.9229,8.3899,8.6101,-128.0000,128,0.251327
TEL,43012,8.2879,8.3755,8.6200,-128.0000,128,0.251327
TEL,43112,8.4494,8.3811,8.6249,-128.0000,128,0.251327
TEL,43212,7.2016,8.3850,8.6150,-128.0000,128,0.251327
TEL,43312,8.3038,8.3695,8.6272,-128.0000,128,0.251327
TEL,43412,8.4166,8.3731,8.6290,-128.0000,128,0.251327
TEL,43512,7.4540,8.3798,8.6202,-128.0000,128,0.251327
TEL,43612,8.0262,8.3641,8.6359,-128.0000,128,0.251327
TEL,43712,8.4166,8.3625,8.6402,-128.0000,128,0.251327
TEL,43812,8.4494,8.3696,8.6342,-128.0000,128,0.251327
TEL,43912,7.9964,8.3696,8.6342,-128.0000,128,0.251327
TEL,44012,8.3679,8.3633,8.6370,-128.0000,128,0.251327
TEL,44112,8.4494,8.3728,8.6344,-128.0000,128,0.251327
TEL,44212,7.0931,8.3761,8.6239,-128.0000,128,0.251327
TEL,44312,8.3358,8.3661,8.6324,-128.0000,128,0.251327
TEL,44412,8.4330,8.3704,8.6324,-128.0000,128,0.251327
TEL,44512,7.1410,8.3724,8.6276,-128.0000,128,0.251327
TEL,44612,8.1628,8.3484,8.6426,-128.0000,128,0.251327
TEL,44712,8.4330,8.3555,8.6522,-128.0000,128,0.251327
TEL,44812,8.4494,8.3639,8.6402,-128.0000,128,0.251327
TEL,44912,8.1783,8.3554,8.6446,-128.0000,128,0.251327
TEL,45012,8.3841,8.3537,8.6463,-128.0000,128,0.251327
TEL,45112,8.4659,8.3619,8.6381,-128.0000,128,0.251327
TEL,45212,7.8793,8.3619,8.6381,-128.0000,128,0.251327
TEL,45312,8.3841,8.3536,8.6462,-128.0000,128,0.251327
TEL,45412,8.4494,8.3611,8.6464,-128.0000,128,0.251327
TEL,45512,7.1290,8.3649,8.6389,-128.0000,128,0.251327
TEL,45612,8.2721,8.3465,8.6498,-128.0000,128,0.251327
TEL,45712,8.4330,8.3552,8.6517,-128.0000,128,0.251327
TEL,45812,8.4494,8.3636,8.6448,-128.0000,128,0.251327
TEL,45912,8.2093,8.3433,8.6497,-128.0000,128,0.251327
TEL,46012,8.4166,8.3465,8.6571,-128.0000,128,0.251327
TEL,46112,8.4659,8.3612,8.6440,-128.0000,128,0.251327
TEL,46212,7.9964,8.3612,8.6440,-128.0000,128,0.251327
TEL,46312,8.4003,8.3574,8.6445,-128.0000,128,0.251327
TEL,46412,8.4659,8.3655,8.6426,-128.0000,128,0.251327
TEL,46512,7.9669,8.3692,8.6308,-128.0000,128,0.251327
TEL,46612,8.3198,8.3608,8.6372,-128.0000,128,0.251327
TEL,46712,8.4494,8.3700,8.6374,-128.0000,128,0.251327
TEL,46812,7.4281,8.3741,8.6259,-128.0000,128,0.251327
TEL,46912,8.2563,8.3593,8.6357,-128.0000,128,0.251327
TEL,47012,8.4330,8.3637,8.6395,-128.0000,128,0.251327
TEL,47112,7.3007,8.3718,8.6282,-128.0000,128,0.251327
TEL,47212,8.0864,8.3592,8.6408,-128.0000,128,0.251327
TEL,47312,8.4003,8.3563,8.6458,-128.0000,128,0.251327
TEL,47412,8.4659,8.3646,8.6402,-128.0000,128,0.251327
TEL,47512,8.4659,8.3778,8.6264,-128.0000,128,0.251327
TEL,47612,8.4659,8.3864,8.6136,-128.0000,128,0.251327
TEL,47712,8.4659,8.3981,8.6051,-128.0000,128,0.251327
TEL,47812,8.4659,8.4047,8.5953,-128.0000,128,0.251327
TEL,47912,8.4824,8.4138,8.5893,-128.0000,128,0.251327
TEL,48012,8.4659,8.4188,8.5812,-128.0000,128,0.251327
TEL,48112,8.4824,8.4256,8.5767,-128.0000,128,0.251327
TEL,48212,8.4659,8.4301,8.5699,-128.0000,128,0.251327
TEL,48312,8.4824,8.4352,8.5666,-128.0000,128,0.251327
TEL,48412,8.4824,8.4380,8.5620,-128.0000,128,0.251327
TEL,48512,8.4824,8.4420,8.5595,-128.0000,128,0.251327
TEL,48612,8.4824,8.4447,8.5553,-128.0000,128,0.251327
TEL,48712,8.4659,8.4467,8.5540,-128.0000,128,0.251327
TEL,48812,8.4659,8.4478,8.5522,-128.0000,128,0.251327
TEL,48912,8.4824,8.4498,8.5511,-128.0000,128,0.251327
TEL,49012,8.4659,8.4507,8.5493,-128.0000,128,0.251327
TEL,49112,7.6956,8.4511,8.5489,-128.0000,128,0.251327
TEL,49212,8.2406,8.4456,8.5544,-128.0000,128,0.251327
TEL,49312,8.4330,8.4416,8.5582,-128.0000,128,0.251327
TEL,49412,8.4494,8.4424,8.5576,-128.0000,128,0.251327
TEL,49512,8.1783,8.4354,8.5646,-128.0000,128,0.251327
TEL,49612,8.4166,8.4316,8.5684,-128.0000,128,0.251327
TEL,49712,8.4494,8.4322,8.5678,-128.0000,128,0.251327
TEL,49812,7.7373,8.4322,8.5678,-128.0000,128,0.251327
TEL,49912,8.3679,8.4195,8.5752,-128.0000,128,0.251327
TEL,50012,8.4494,8.4213,8.5805,-128.0000,128,0.251327
TEL,50112,7.0931,8.4221,8.5779,-128.0000,128,0.251327
TEL,50212,8.2879,8.4077,8.5882,-128.0000,128,0.251327
TEL,50312,8.4494,8.4081,8.5937,-128.0000,128,0.251327
TEL,50412,8.4494,8.4112,8.5901,-128.0000,128,0.251327
TEL,50512,8.2879,8.3963,8.5996,-128.0000,128,0.251327
TEL,50612,8.4166,8.3960,8.6047,-128.0000,128,0.251327
TEL,50712,8.4494,8.4014,8.6003,-128.0000,128,0.251327
TEL,50812,7.9521,8.4014,8.6003,-128.0000,128,0.251327
TEL,50912,8.4003,8.4003,8.5997,-128.0000,128,0.251327
TEL,51012,8.4659,8.4039,8.5982,-128.0000,128,0.251327
TEL,51112,7.9083,8.4054,8.5982,-128.0000,128,0.251327
TEL,51212,8.3358,8.3955,8.6023,-128.0000,128,0.251327
TEL,51312,8.4494,8.3992,8.6037,-128.0000,128,0.251327
TEL,51412,7.2508,8.4014,8.5986,-128.0000,128,0.251327
TEL,51512,8.3198,8.3905,8.5965,-128.0000,128,0.251327
TEL,51612,8.4330,8.3923,8.6092,-128.0000,128,0.251327
TEL,51712,7.3511,8.3968,8.6057,-128.0000,128,0.251327
TEL,51812,8.0864,8.3861,8.6139,-128.0000,128,0.251327
TEL,51912,8.4166,8.3848,8.6164,-128.0000,128,0.251327
TEL,52012,8.4659,8.3899,8.6101,-128.0000,128,0.251327
TEL,52112,8.0262,8.3790,8.6210,-128.0000,128,0.251327
TEL,52212,8.3679,8.3750,8.6250,-128.0000,128,0.251327
TEL,52312,8.4824,8.3834,8.6166,-128.0000,128,0.251327
TEL,52412,7.1290,8.3859,8.6166,-128.0000,128,0.251327
TEL,52512,8.3518,8.3669,8.6267,-128.0000,128,0.251327
TEL,52612,8.4330,8.3710,8.6331,-128.0000,128,0.251327
TEL,52712,7.2632,8.3772,8.6258,-128.0000,128,0.251327
TEL,52812,8.2249,8.3711,8.6289,-128.0000,128,0.251327
TEL,52912,8.4330,8.3740,8.6285,-128.0000,128,0.251327
TEL,53012,8.4659,8.3805,8.6195,-128.0000,128,0.251327
TEL,53112,8.2249,8.3743,8.6257,-128.0000,128,0.251327
TEL,53212,8.4166,8.3751,8.6249,-128.0000,128,0.251327
TEL,53312,7.2632,8.3801,8.6199,-128.0000,128,0.251327
TEL,53412,7.8219,8.3801,8.6199,-128.0000,128,0.251327
TEL,53512,8.4003,8.3685,8.6288,-128.0000,128,0.251327
TEL,53612,8.4659,8.3749,8.6315,-128.0000,128,0.251327
TEL,53712,7.7095,8.3779,8.6221,-128.0000,128,0.251327
TEL,53812,8.3038,8.3641,8.6332,-128.0000,128,0.251327
TEL,53912,8.4494,8.3698,8.6358,-128.0000,128,0.251327
TEL,54012,7.4151,8.3737,8.6263,-128.0000,128,0.251327
TEL,54112,8.3038,8.3622,8.6232,-128.0000,128,0.251327
TEL,54212,8.4166,8.3669,8.6378,-128.0000,128,0.251327
TEL,54312,7.4933,8.3751,8.6296,-128.0000,128,0.251327
TEL,54412,8.0864,8.3628,8.6372,-128.0000,128,0.251327
TEL,54512,8.4166,8.3610,8.6416,-128.0000,128,0.251327
TEL,54612,8.4494,8.3687,8.6313,-128.0000,128,0.251327
TEL,54712,8.0864,8.3591,8.6409,-128.0000,128,0.251327
TEL,54812,8.3358,8.3526,8.6474,-128.0000,128,0.251327
TEL,54912,8.4494,8.3632,8.6368,-128.0000,128,0.251327
TEL,55012,7.2139,8.3671,8.6368,-128.0000,128,0.251327
TEL,55112,8.3038,8.3580,8.6393,-128.0000,128,0.251327
TEL,55212,8.4330,8.3624,8.6408,-128.0000,128,0.251327
TEL,55312,7.1651,8.3705,8.6295,-128.0000,128,0.251327
TEL,55412,8.2249,8.3642,8.6358,-128.0000,128,0.251327
TEL,55512,8.4330,8.3667,8.6361,-128.0000,128,0.251327
TEL,55612,8.4494,8.3735,8.6265,-128.0000,128,0.251327
TEL,55712,8.1628,8.3648,8.6352,-128.0000,128,0.251327
TEL,55812,8.3841,8.3630,8.6370,-128.0000,128,0.251327
TEL,55912,8.4659,8.3727,8.6273,-128.0000,128,0.251327
TEL,56012,8.4824,8.3773,8.6227,-128.0000,128,0.251327
TEL,56112,8.4824,8.3886,8.6114,-128.0000,128,0.251327
TEL,56212,8.4824,8.3956,8.6044,-128.0000,128,0.251327
TEL,56312,8.4824,8.4053,8.5947,-128.0000,128,0.251327
TEL,56412,8.4824,8.4116,8.5884,-128.0000,128,0.251327
TEL,56512,8.4824,8.4192,8.5808,-128.0000,128,0.251327
TEL,56612,8.4824,8.4234,8.5766,-128.0000,128,0.251327
TEL,56712,8.4824,8.4293,8.5728,-128.0000,128,0.251327
TEL,56812,8.4990,8.4338,8.5662,-128.0000,128,0.251327
TEL,56912,8.4824,8.4389,8.5627,-128.0000,128,0.251327
TEL,57012,8.4824,8.4419,8.5581,-128.0000,128,0.251327
TEL,57112,8.4824,8.4464,8.5549,-128.0000,128,0.251327
TEL,57212,8.4824,8.4487,8.5513,-128.0000,128,0.251327
TEL,57312,8.4824,8.4523,8.5487,-128.0000,128,0.251327
TEL,57412,8.4824,8.4546,8.5454,-128.0000,128,0.251327
TEL,57512,8.4824,8.4570,8.5430,-128.0000,128,0.251327
TEL,57612,8.4990,8.4594,8.5406,-128.0000,128,0.251327
TEL,57712,8.4824,8.4608,8.5392,-128.0000,128,0.251327
TEL,57812,8.4824,8.4619,8.5381,-128.0000,128,0.251327
TEL,57912,7.3385,8.4609,8.5381,-128.0000,128,0.251327
TEL,58012,8.0864,8.4512,8.5488,-128.0000,128,0.251327
TEL,58112,8.4330,8.4445,8.5552,-128.0000,128,0.251327
TEL,58212,8.4659,8.4448,8.5552,-128.0000,128,0.251327
TEL,58312,7.9964,8.4449,8.5552,-128.0000,128,0.251327
TEL,58412,8.3518,8.4360,8.5613,-128.0000,128,0.251327
TEL,58512,8.4494,8.4353,8.5651,-128.0000,128,0.251327
TEL,58612,7.7095,8.4357,8.5643,-128.0000,128,0.251327
TEL,58712,8.3518,8.4274,8.5702,-128.0000,128,0.251327
TEL,58812,8.4494,8.4277,8.5729,-128.0000,128,0.251327
TEL,58912,7.2757,8.4290,8.5710,-128.0000,128,0.251327
TEL,59012,8.2093,8.4228,8.5772,-128.0000,128,0.251327
TEL,59112,8.4330,8.4190,8.5814,-128.0000,128,0.251327
TEL,59212,8.4494,8.4213,8.5787,-128.0000,128,0.251327
TEL,59312,8.1628,8.4137,8.5863,-128.0000,128,0.251327
TEL,59412,8.3679,8.4089,8.5911,-128.0000,128,0.251327
TEL,59512,8.4659,8.4131,8.5869,-128.0000,128,0.251327
TEL,59612,7.7095,8.4131,8.5869,-128.0000,128,0.251327
TEL,59712,8.3841,8.3993,8.5961,-128.0000,128,0.251327
TEL,59812,8.4494,8.4015,8.6007,-128.0000,128,0.251327
TEL,59912,7.8219,8.4015,8.5985,-128.0000,128,0.251327
TEL,60012,8.2721,8.3893,8.6064,-128.0000,128,0.251327
TEL,60112,8.4494,8.3921,8.6109,-128.0000,128,0.251327
TEL,60212,8.4659,8.3971,8.6053,-128.0000,128,0.251327
TEL,60312,8.2406,8.3803,8.6141,-128.0000,128,0.251327
REF,60404,9.0000,hold_near
TEL,60412,8.4166,8.3800,8.6215,-128.0000,128,0.251327
TEL,60512,7.3639,8.3744,0.6198,-51.7856,99,0.194386
TEL,60612,8.1168,8.3646,0.6354,-52.3743,101,0.198313
TEL,60712,8.4003,8.3595,0.6423,-52.3763,52,0.102102
TEL,60812,8.4330,8.3640,0.6360,-51.7676,52,0.102102
TEL,60912,7.9083,8.3648,0.6360,-51.7676,52,0.102102
TEL,61012,8.2879,8.3525,0.6447,-52.5919,53,0.104065
TEL,61112,8.4003,8.3478,0.6571,-53.4835,53,0.104065
TEL,61212,7.0694,8.3500,0.6500,-52.1174,52,0.102102
TEL,61312,8.2879,8.3411,0.6565,-52.7239,53,0.104065
TEL,61412,8.3841,8.3440,0.6578,-52.4044,52,0.102102
TEL,61512,7.1772,8.3497,0.6503,-52.2569,52,0.102102
TEL,61612,8.1168,8.3404,0.6596,-52.9841,53,0.104065
TEL,61712,8.4166,8.3427,0.6605,-52.4651,52,0.102102
TEL,61812,7.0813,8.3457,0.6543,-52.3203,52,0.102102
TEL,61912,8.1474,8.3376,0.6624,-53.0198,53,0.104065
TEL,62012,8.3358,8.3355,0.6645,-52.8512,53,0.104065
TEL,62112,8.4330,8.3443,0.6557,-52.3903,52,0.102102
TEL,62212,7.6956,8.3443,0.6557,-52.3903,52,0.102102
TEL,62312,8.3198,8.3307,0.6648,-53.2837,53,0.104065
TEL,62412,8.4003,8.3363,0.6693,-53.0828,53,0.104065
TEL,62512,7.7935,8.3402,0.6598,-52.5313,53,0.104065
TEL,62612,8.2406,8.3265,0.6695,-53.4827,53,0.104065
TEL,62712,8.4003,8.3330,0.6738,-53.2338,53,0.104065
TEL,62812,7.2757,8.3365,0.6635,-52.7460,53,0.104065
TEL,62912,8.3038,8.3269,0.6720,-53.5902,54,0.106029
TEL,63012,8.4003,8.3296,0.6734,-53.3596,53,0.104065
TEL,63112,7.3894,8.3359,0.6641,-52.8899,53,0.104065
TEL,63212,8.1168,8.3270,0.6730,-53.7413,54,0.106029
TEL,63312,8.4166,8.3285,0.6754,-53.2544,53,0.104065
TEL,63412,8.4003,8.3379,0.6621,-53.0609,53,0.104065
TEL,63512,7.8793,8.3399,0.6621,-53.0609,53,0.104065
TEL,63612,8.3038,8.3337,0.6650,-53.6558,54,0.106029
TEL,63712,8.4659,8.3363,0.6734,-54.3981,54,0.106029
TEL,63812,7.0694,8.3406,0.6594,-53.0187,53,0.104065
TEL,63912,8.3038,8.3180,0.6740,-54.5023,55,0.107992
TEL,64012,8.4003,8.3242,0.6796,-53.5120,54,0.106029
TEL,64112,7.2139,8.3318,0.6723,-53.3507,53,0.104065
TEL,64212,8.1474,8.3234,0.6766,-54.1653,54,0.106029
TEL,64312,8.4166,8.3305,0.6737,-53.6974,54,0.106029
TEL,64412,8.4003,8.3383,0.6617,-53.4373,53,0.104065
TEL,64512,8.1016,8.3274,0.6726,-54.3453,54,0.106029
TEL,64612,8.3358,8.3274,0.6726,-53.9308,54,0.106029
TEL,64712,8.4166,8.3367,0.6633,-53.5127,54,0.106029
TEL,64812,8.4494,8.3450,0.6550,-53.3486,53,0.104065
TEL,64912,8.4330,8.3567,0.6433,-53.4084,53,0.104065
TEL,65012,8.4330,8.3646,0.6354,-53.4073,53,0.104065
TEL,65112,8.4003,8.3730,0.6270,-53.5755,54,0.106029
TEL,65212,8.4330,8.3779,0.6221,-53.4348,53,0.104065
TEL,65312,8.4494,8.3843,0.6157,-53.3749,53,0.104065
TEL,65412,8.4659,8.3893,0.6107,-53.3166,53,0.104065
TEL,65512,8.4330,8.3941,0.6074,-53.4869,53,0.104065
TEL,65612,8.4659,8.3993,0.6007,-53.3510,53,0.104065
TEL,65712,8.4494,8.4033,0.5967,-53.4423,53,0.104065
TEL,65812,8.4659,8.4064,0.5936,-53.4000,53,0.104065
TEL,65912,8.4330,8.4101,0.5899,-53.5463,54,0.106029
TEL,66012,8.4330,8.4115,0.5885,-53.5762,54,0.106029
TEL,66112,8.4166,8.4129,0.5871,-53.6634,54,0.106029
TEL,66212,8.4330,8.4145,0.5855,-53.6341,54,0.106029
TEL,66312,8.4166,8.4151,0.5849,-53.7197,54,0.106029
TEL,66412,7.1894,8.4151,0.5849,-53.7197,54,0.106029
TEL,66512,8.3038,8.4084,0.5886,-53.9236,54,0.106029
TEL,66612,8.4494,8.4076,0.5936,-54.1320,54,0.106029
TEL,66712,7.0931,8.4099,0.5901,-53.7773,54,0.106029
TEL,66812,8.1168,8.4018,0.5982,-54.3302,54,0.106029
TEL,66912,8.3679,8.3989,0.6002,-54.1976,54,0.106029
TEL,67012,7.0694,8.3984,0.6016,-54.1842,54,0.106029
TEL,67112,8.0864,8.3892,0.6108,-54.5291,55,0.107992
TEL,67212,8.3358,8.3842,0.6158,-54.5461,55,0.107992
TEL,67312,8.4330,8.3863,0.6137,-54.2005,54,0.106029
TEL,67412,7.9083,8.3863,0.6137,-54.2005,54,0.106029
TEL,67512,8.3358,8.3798,0.6138,-54.4213,54,0.106029
TEL,67612,8.4166,8.3806,0.6202,-54.6840,55,0.107992
TEL,67712,7.7373,8.3812,0.6188,-54.4753,54,0.106029
TEL,67812,8.2406,8.3680,0.6277,-55.0074,55,0.107992
TEL,67912,8.3841,8.3680,0.6331,-54.8930,55,0.107992
TEL,68012,7.1530,8.3690,0.6310,-54.6690,55,0.107992
TEL,68112,8.2563,8.3541,0.6422,-55.3664,55,0.107992
TEL,68212,8.3679,8.3540,0.6465,-55.1008,55,0.107992
TEL,68312,7.1410,8.3576,0.6424,-54.8528,55,0.107992
TEL,68412,8.1168,8.3495,0.6505,-55.4557,55,0.107992
TEL,68512,8.3679,8.3471,0.6537,-55.2672,55,0.107992
TEL,68612,8.4003,8.3501,0.6499,-55.0245,55,0.107992
TEL,68712,8.0713,8.3420,0.6580,-55.8732,56,0.109956
TEL,68812,8.3198,8.3371,0.6629,-55.5157,56,0.109956
TEL,68912,8.4166,8.3430,0.6570,-55.1189,55,0.107992
TEL,69012,7.6544,8.3430,0.6570,-55.1189,55,0.107992
TEL,69112,8.3518,8.3317,0.6649,-55.8464,56,0.109956
TEL,69212,8.4003,8.3355,0.6683,-55.5316,56,0.109956
TEL,69312,7.6271,8.3385,0.6615,-55.2619,55,0.107992
TEL,69412,8.2249,8.3235,0.6724,-56.1569,56,0.109956
TEL,69512,8.4003,8.3263,0.6786,-56.0878,56,0.109956
TEL,69612,7.1530,8.3263,0.6737,-55.5047,56,0.109956
TEL,69712,8.2879,8.3169,0.6819,-56.2068,56,0.109956
TEL,69812,8.3841,8.3209,0.6817,-55.8564,56,0.109956
TEL,69912,7.1050,8.3283,0.6717,-55.5476,56,0.109956
TEL,70012,8.1168,8.3199,0.6801,-56.4027,56,0.109956
TEL,70112,8.3518,8.3218,0.6795,-56.0851,56,0.109956
TEL,70212,7.0342,8.3256,0.6744,-55.6906,56,0.109956
TEL,70312,8.0262,8.3136,0.6864,-56.6167,57,0.111919
TEL,70412,8.3038,8.3075,0.6925,-56.4035,56,0.109956
TEL,70512,8.4166,8.3190,0.6810,-55.8216,56,0.109956
TEL,70612,6.9992,8.3190,0.6810,-55.8216,56,0.109956
TEL,70712,8.3038,8.3151,0.6775,-56.1941,56,0.109956
TEL,70812,8.3841,8.3208,0.6849,-56.4980,56,0.109956
TEL,70912,7.6000,8.3266,0.6759,-56.0172,56,0.109956
TEL,71012,8.1783,8.3206,0.6794,-56.7186,57,0.111919
TEL,71112,8.4003,8.3237,0.6795,-56.4587,56,0.109956
TEL,71212,8.3841,8.3296,0.6704,-56.2280,56,0.109956
TEL,71312,8.1016,8.3206,0.6794,-56.9545,57,0.111919
TEL,71412,8.3358,8.3206,0.6794,-56.5888,57,0.111919
TEL,71512,8.3841,8.3283,0.6717,-56.3704,56,0.109956
TEL,71612,7.8505,8.3283,0.6717,-56.3704,56,0.109956
TEL,71712,8.3358,8.3207,0.6792,-57.0305,57,0.111919
TEL,71812,8.4003,8.3260,0.6793,-56.7204,57,0.111919
TEL,71912,7.8077,8.3282,0.6718,-56.5083,57,0.111919
TEL,72012,8.2879,8.3185,0.6802,-57.2057,57,0.111919
TEL,72112,8.3841,8.3246,0.6802,-56.7827,57,0.111919
TEL,72212,6.9076,8.3274,0.6726,-56.5726,57,0.111919
TEL,72312,8.2563,8.3248,0.6752,-57.0593,57,0.111919
TEL,72412,8.3198,8.3250,0.6750,-57.0447,57,0.111919
TEL,72512,8.4166,8.3332,0.6668,-56.6391,57,0.111919
TEL,72612,7.6000,8.3356,0.6668,-56.6391,57,0.111919
TEL,72712,8.3198,8.3236,0.6748,-57.6920,58,0.113883
TEL,72812,8.4166,8.3285,0.6764,-57.1825,57,0.111919
TEL,72912,6.9303,8.3343,0.6682,-56.7629,57,0.111919
TEL,73012,8.1628,8.3280,0.6720,-57.4610,57,0.111919
TEL,73112,8.4330,8.3321,0.6719,-56.9441,57,0.111919
TEL,73212,6.9189,8.3347,0.6653,-56.9443,57,0.111919
TEL,73312,8.4330,8.3450,0.6585,-56.8017,57,0.111919
TEL,73412,8.4166,8.3517,0.6509,-56.7197,57,0.111919
TEL,73512,8.4166,8.3602,0.6421,-56.7112,57,0.111919
TEL,73612,8.4330,8.3650,0.6350,-56.7888,57,0.111919
TEL,73712,8.4166,8.3706,0.6311,-56.8819,57,0.111919
TEL,73812,8.4166,8.3739,0.6277,-56.9055,57,0.111919
TEL,73912,8.4166,8.3782,0.6231,-56.9240,57,0.111919
TEL,74012,8.4166,8.3808,0.6192,-56.9446,57,0.111919
TEL,74112,8.4166,8.3847,0.6164,-56.9066,57,0.111919
TEL,74212,8.4330,8.3877,0.6123,-56.9235,57,0.111919
TEL,74312,8.4330,8.3917,0.6096,-56.9453,57,0.111919
TEL,74412,8.4330,8.3942,0.6058,-56.9616,57,0.111919
TEL,74512,8.4166,8.3966,0.6040,-56.9900,57,0.111919
TEL,74612,8.4166,8.3981,0.6019,-57.0694,57,0.111919
TEL,74712,8.4330,8.4004,0.6004,-57.0468,57,0.111919
TEL,74812,8.4330,8.4017,0.5983,-57.0716,57,0.111919
TEL,74912,8.4330,8.4032,0.5975,-57.1525,57,0.111919
TEL,75012,8.4166,8.4039,0.5961,-57.1801,57,0.111919
TEL,75112,8.4330,8.4055,0.5952,-57.2096,57,0.111919
TEL,75212,7.1530,8.4054,0.5952,-57.2096,57,0.111919
TEL,75312,8.2721,8.3968,0.6001,-57.5595,58,0.113883
TEL,75412,8.4003,8.3954,0.6048,-57.6133,58,0.113883
TEL,75512,7.2016,8.3956,0.6044,-57.4578,57,0.111919
TEL,75612,8.1474,8.3897,0.6103,-57.7968,58,0.113883
TEL,75712,8.3841,8.3864,0.6135,-57.7003,58,0.113883
TEL,75812,7.1410,8.3868,0.6132,-57.6366,58,0.113883
TEL,75912,8.1321,8.3702,0.6227,-58.1633,58,0.113883
TEL,76012,8.3358,8.3661,0.6339,-58.0721,58,0.113883
TEL,76112,8.4003,8.3682,0.6328,-57.8684,58,0.113883
TEL,76212,7.6818,8.3682,0.6328,-57.8684,58,0.113883
TEL,76312,8.3198,8.3566,0.6388,-58.3635,58,0.113883
TEL,76412,8.4003,8.3583,0.6434,-58.3251,58,0.113883
TEL,76512,7.7935,8.3581,0.6419,-58.2311,58,0.113883
TEL,76612,8.2721,8.3487,0.6488,-58.5802,59,0.115846
TEL,76712,8.4494,8.3530,0.6512,-58.3754,58,0.113883
TEL,76812,7.2385,8.3530,0.6470,-58.0321,58,0.113883
TEL,76912,8.2406,8.3414,0.6550,-58.7363,59,0.115846
TEL,77012,8.3679,8.3421,0.6588,-58.6106,59,0.115846
TEL,77112,7.1772,8.3438,0.6562,-58.3250,58,0.113883
TEL,77212,8.0864,8.3354,0.6646,-59.0501,59,0.115846
TEL,77312,8.3679,8.3350,0.6662,-58.6469,59,0.115846
TEL,77412,8.4330,8.3406,0.6594,-58.3913,58,0.113883
TEL,77512,8.1016,8.3323,0.6677,-59.2042,59,0.115846
TEL,77612,8.3518,8.3291,0.6709,-58.8632,59,0.115846
TEL,77712,8.4330,8.3379,0.6621,-58.5076,59,0.115846
TEL,77812,7.8793,8.3379,0.6621,-58.5076,59,0.115846
TEL,77912,8.3198,8.3266,0.6709,-59.3812,59,0.115846
TEL,78012,8.4003,8.3315,0.6734,-59.1493,59,0.115846
TEL,78112,7.7234,8.3353,0.6647,-58.6421,59,0.115846
TEL,78212,8.2563,8.3241,0.6730,-59.5131,60,0.117810
TEL,78312,8.4003,8.3304,0.6754,-59.2140,59,0.115846
TEL,78412,7.1410,8.3337,0.6663,-58.8413,59,0.115846
TEL,78512,8.2721,8.3231,0.6747,-59.6628,60,0.117810
TEL,78612,8.4003,8.3273,0.6757,-59.2681,59,0.115846
TEL,78712,7.2632,8.3335,0.6665,-58.9650,59,0.115846
TEL,78812,8.1474,8.3262,0.6738,-59.7420,60,0.117810
TEL,78912,8.3841,8.3269,0.6755,-59.3947,59,0.115846
TEL,79012,7.1894,8.3298,0.6702,-59.1878,59,0.115846
TEL,79112,8.1783,8.3238,0.6762,-59.7884,60,0.117810
TEL,79212,8.3358,8.3223,0.6777,-59.6144,60,0.117810
TEL,79312,8.0864,8.3178,0.6730,-59.3451,59,0.115846
TEL,79412,7.8219,8.3178,0.6730,-59.3451,59,0.115846
TEL,79512,8.3518,8.3082,0.6922,-60.2896,60,0.117810
TEL,79612,8.4003,8.3157,0.6918,-59.7315,60,0.117810
TEL,79712,7.7095,8.3179,0.6821,-59.6480,60,0.117810
TEL,79812,8.2406,8.3085,0.6885,-60.2472,60,0.117810
TEL,79912,8.4003,8.3163,0.6910,-60.0207,60,0.117810
TEL,80012,7.1894,8.3204,0.6796,-59.5395,60,0.117810
TEL,80112,8.2249,8.3095,0.6867,-60.3886,60,0.117810
TEL,80212,8.3679,8.3137,0.6887,-59.9788,60,0.117810
TEL,80312,7.2261,8.3180,0.6820,-59.7698,60,0.117810
TEL,80412,8.1168,8.3099,0.6901,-60.5893,61,0.119773
TEL,80512,8.4003,8.3137,0.6899,-60.2031,60,0.117810
TEL,80612,8.4166,8.3218,0.6782,-59.8014,60,0.117810
TEL,80712,8.0713,8.3116,0.6884,-60.7833,61,0.119773
TEL,80812,8.3198,8.3103,0.6897,-60.4085,60,0.117810
TEL,80912,8.4330,8.3217,0.6783,-59.8484,60,0.117810
TEL,81012,7.7513,8.3217,0.6783,-59.8484,60,0.117810
TEL,81112,8.3518,8.3136,0.6856,-60.7763,61,0.119773
TEL,81212,8.4003,8.3193,0.6864,-60.3631,60,0.117810
TEL,81312,7.8505,8.3193,0.6807,-60.1484,60,0.117810
TEL,81412,8.2879,8.3107,0.6883,-60.8799,61,0.119773
TEL,81512,8.4166,8.3174,0.6890,-60.6692,61,0.119773
TEL,81612,7.1410,8.3214,0.6786,-60.2027,60,0.117810
TEL,81712,8.2563,8.3119,0.6856,-61.0313,61,0.119773
TEL,81812,8.3679,8.3178,0.6844,-60.3858,60,0.117810
TEL,81912,8.4166,8.3315,0.6782,-60.3226,60,0.117810
TEL,82012,8.4166,8.3392,0.6643,-60.1951,60,0.117810
TEL,82112,8.4494,8.3506,0.6538,-60.1823,60,0.117810
TEL,82212,8.4494,8.3588,0.6452,-60.0927,60,0.117810
TEL,82312,8.4166,8.3678,0.6343,-60.0759,60,0.117810
TEL,82412,8.4330,8.3738,0.6288,-60.0930,60,0.117810
TEL,82512,8.4330,8.3794,0.6244,-60.2715,60,0.117810
TEL,82612,8.4330,8.3829,0.6191,-60.2902,60,0.117810
TEL,82712,8.4166,8.3865,0.6147,-60.3106,60,0.117810
TEL,82812,8.4166,8.3891,0.6119,-60.2691,60,0.117810
TEL,82912,8.4166,8.3940,0.6068,-60.0918,60,0.117810
TEL,83012,8.4330,8.3965,0.6047,-60.3102,60,0.117810
TEL,83112,8.4330,8.4014,0.6007,-60.1399,60,0.117810
TEL,83212,8.4166,8.4028,0.5976,-60.3442,60,0.117810
TEL,83312,8.4166,8.4045,0.5959,-60.3757,60,0.117810
TEL,83412,8.4166,8.4052,0.5951,-60.4644,60,0.117810
TEL,83512,7.4151,8.4067,0.5933,-60.4388,60,0.117810
TEL,83612,8.0713,8.3978,0.6022,-60.9876,61,0.119773
TEL,83712,8.3679,8.3910,0.6083,-60.9531,61,0.119773
TEL,83812,8.4330,8.3925,0.6075,-60.6391,61,0.119773
TEL,83912,7.9964,8.3927,0.6075,-60.6391,61,0.119773
TEL,84012,8.3038,8.3845,0.6130,-61.1071,61,0.119773
TEL,84112,8.4166,8.3858,0.6156,-60.9563,61,0.119773
TEL,84212,7.6271,8.3863,0.6137,-60.9265,61,0.119773
TEL,84312,8.3198,8.3790,0.6192,-61.2774,61,0.119773
TEL,84412,8.3841,8.3793,0.6209,-61.1096,61,0.119773
TEL,84512,7.0931,8.3799,0.6201,-61.0890,61,0.119773
TEL,84612,8.1628,8.3738,0.6262,-61.4337,61,0.119773
TEL,84712,8.3841,8.3715,0.6289,-61.3384,61,0.119773
TEL,84812,7.4540,8.3723,0.6289,-61.3384,61,0.119773
TEL,84912,8.2563,8.3594,0.6371,-61.8326,62,0.121737
TEL,85012,8.3679,8.3585,0.6419,-61.7105,62,0.121737
TEL,85112,8.4166,8.3623,0.6395,-61.4356,61,0.119773
TEL,85212,8.0113,8.3516,0.6484,-62.3168,62,0.121737
TEL,85312,8.3679,8.3470,0.6538,-61.9172,62,0.121737
TEL,85412,7.5597,8.3488,0.6512,-61.6176,62,0.121737
TEL,85512,8.0412,8.3384,0.6616,-62.2633,62,0.121737
TEL,85612,8.3198,8.3336,0.6664,-62.1217,62,0.121737
TEL,85712,7.3511,8.3367,0.6633,-61.8033,62,0.121737
TEL,85812,7.6544,8.3367,0.6633,-61.8033,62,0.121737
TEL,85912,8.3038,8.3215,0.6744,-62.5408,63,0.123700
TEL,86012,8.4166,8.3268,0.6785,-62.3927,62,0.121737
TEL,86112,7.6818,8.3278,0.6722,-62.1813,62,0.121737
TEL,86212,8.2249,8.3128,0.6834,-62.8700,63,0.123700
TEL,86312,8.3841,8.3180,0.6869,-62.4932,62,0.121737
TEL,86412,7.6271,8.3218,0.6782,-62.0470,62,0.121737
TEL,86512,8.2249,8.3065,0.6898,-63.0796,63,0.123700
TEL,86612,8.4166,8.3137,0.6908,-62.3994,62,0.121737
TEL,86712,7.4671,8.3216,0.6784,-61.9047,62,0.121737
TEL,86812,8.0864,8.3115,0.6885,-63.1425,63,0.123700
TEL,86912,8.3679,8.3127,0.6898,-62.6823,63,0.123700
TEL,87012,8.3679,8.3160,0.6840,-62.5471,63,0.123700
TEL,87112,7.9083,8.3160,0.6840,-62.5471,63,0.123700
TEL,87212,8.1168,8.2996,0.6922,-63.1790,63,0.123700
TEL,87312,8.2879,8.2968,0.7024,-63.3129,63,0.123700
TEL,87412,7.5463,8.2968,0.7032,-63.1878,63,0.123700
TEL,87512,8.1783,8.2860,0.7093,-63.4275,63,0.123700
TEL,87612,8.3038,8.2849,0.7160,-63.5824,64,0.125664
TEL,87712,6.9992,8.2831,0.7169,-63.6192,64,0.125664
TEL,87812,8.0713,8.2747,0.7253,-63.7905,64,0.125664
TEL,87912,8.2249,8.2662,0.7320,-64.1027,64,0.125664
TEL,88012,8.2721,8.2673,0.7327,-63.6933,64,0.125664
TEL,88112,8.1168,8.2517,0.7425,-64.4091,64,0.125664
TEL,88212,8.1938,8.2450,0.7550,-64.2858,64,0.125664
TEL,88312,7.3639,8.2453,0.7547,-64.1686,64,0.125664
TEL,88412,7.9669,8.2453,0.7547,-64.1686,64,0.125664
TEL,88512,8.1938,8.2329,0.7610,-64.3752,64,0.125664
TEL,88612,8.2249,8.2323,0.7671,-64.4951,64,0.125664
TEL,88712,7.9229,8.2323,0.7671,-64.4951,64,0.125664
TEL,88812,8.1474,8.2254,0.7715,-64.5573,65,0.127627
TEL,88912,8.3198,8.2299,0.7734,-64.3834,64,0.125664
TEL,89012,7.4802,8.2299,0.7701,-64.1516,64,0.125664
TEL,89112,8.1783,8.2218,0.7764,-64.8261,65,0.127627
TEL,89212,8.2406,8.2215,0.7792,-64.8412,65,0.127627
TEL,89312,7.5865,8.2211,0.7792,-64.8412,65,0.127627
TEL,89412,8.1168,8.2175,0.7825,-64.9608,65,0.127627
TEL,89512,8.2249,8.2152,0.7851,-64.8913,65,0.127627
TEL,89612,7.6956,8.2187,0.7813,-64.5497,65,0.127627
TEL,89712,8.0562,8.2132,0.7868,-65.2078,65,0.127627
TEL,89812,8.1938,8.2129,0.7871,-65.1795,65,0.127627
TEL,89912,7.2261,8.2117,0.7871,-65.1795,65,0.127627
TEL,90012,7.8505,8.2117,0.7871,-65.1795,65,0.127627
TEL,90112,8.1783,8.2043,0.7933,-65.4115,65,0.127627
TEL,90212,8.2249,8.2076,0.7957,-65.4423,65,0.127627
TEL,90312,7.8362,8.2076,0.7957,-65.4423,65,0.127627
TEL,90412,8.1628,8.2005,0.7982,-65.6357,66,0.129591
TEL,90512,8.2249,8.2028,0.7992,-65.4969,65,0.127627
TEL,90612,8.2563,8.2086,0.7972,-65.4755,65,0.127627
TEL,90712,8.2563,8.2140,0.7904,-65.4217,65,0.127627
TEL,90812,8.2721,8.2171,0.7860,-65.3832,65,0.127627
TEL,90912,8.2721,8.2225,0.7817,-65.4064,65,0.127627
TEL,91012,8.2406,8.2260,0.7775,-65.3693,65,0.127627
TEL,91112,8.2406,8.2282,0.7731,-65.4461,65,0.127627
TEL,91212,8.2721,8.2298,0.7714,-65.5402,66,0.129591
TEL,91312,8.3038,8.2333,0.7699,-65.5772,66,0.129591
TEL,91412,8.2406,8.2345,0.7657,-65.4947,65,0.127627
TEL,91512,8.2406,8.2350,0.7653,-65.6396,66,0.129591
TEL,91612,8.2406,8.2360,0.7641,-65.5872,66,0.129591
TEL,91712,8.2563,8.2374,0.7639,-65.7224,66,0.129591
TEL,91812,8.3358,8.2401,0.7621,-65.7138,66,0.129591
TEL,91912,8.2721,8.2449,0.7580,-65.5570,66,0.129591
TEL,92012,8.2406,8.2451,0.7548,-65.7499,66,0.129591
TEL,92112,8.3038,8.2462,0.7550,-65.8399,66,0.129591
TEL,92212,7.4933,8.2462,0.7538,-65.7140,66,0.129591
TEL,92312,8.1474,8.2397,0.7581,-66.0781,66,0.129591
TEL,92412,8.2093,8.2375,0.7618,-66.2106,66,0.129591
TEL,92512,7.5865,8.2364,0.7618,-66.2106,66,0.129591
TEL,92612,8.1016,8.2331,0.7669,-66.2854,66,0.129591
TEL,92712,8.2093,8.2295,0.7700,-66.3781,66,0.129591
TEL,92812,7.2757,8.2294,0.7700,-66.3781,66,0.129591
TEL,92912,8.1016,8.2262,0.7738,-66.4988,66,0.129591
TEL,93012,8.1783,8.2235,0.7765,-66.6185,67,0.131554
TEL,93112,7.3132,8.2251,0.7765,-66.6185,67,0.131554
TEL,93212,7.9964,8.2251,0.7765,-66.6185,67,0.131554
TEL,93312,8.1938,8.2206,0.7788,-66.7201,67,0.131554
TEL,93412,8.2406,8.2216,0.7794,-66.7437,67,0.131554
TEL,93512,7.8649,8.2216,0.7794,-66.7437,67,0.131554
TEL,93612,8.1628,8.2179,0.7806,-66.8411,67,0.131554
