HCSR04_CHECK_BOOT
BOOT_TEST,mode=PULSEIN
SONAR_CHK,ts_ms=251,mode=PULSEIN,ok=1,cm=23.55,pulse_us=0,timer1=0,pings=1,valid=1,timeout=0,miss=0
BOOT_TEST,mode=PCINT
SONAR_CHK,ts_ms=318,mode=PCINT,ok=1,cm=24.97,pulse_us=1448,timer1=0,pings=2,valid=2,timeout=0,miss=0
OK,counters_reset
BOOT,ready
HCSR04_CHECK_HELP
Commands:
  h  help
  s  single shot
  t  toggle stream (10 Hz)
  a  Mode A: PCINT ISR (default)
  b  Mode B: pulseIn (blocking)
  T  toggle Timer1 40kHz stress
  R  reset counters
HOST_CMD,R
OK,counters_reset
HOST_CMD,a
OK,mode=PCINT
HOST_CMD,t
OK,stream=1
SONAR_CHK,ts_ms=2213,mode=PCINT,ok=1,cm=25.03,pulse_us=1452,timer1=0,pings=1,valid=1,timeout=0,miss=0
SONAR_CHK,ts_ms=2253,mode=PCINT,ok=1,cm=25.38,pulse_us=1472,timer1=0,pings=2,valid=2,timeout=0,miss=0
SONAR_CHK,ts_ms=2293,mode=PCINT,ok=1,cm=25.38,pulse_us=1472,timer1=0,pings=3,valid=3,timeout=0,miss=0
SONAR_CHK,ts_ms=2333,mode=PCINT,ok=1,cm=24.97,pulse_us=1448,timer1=0,pings=4,valid=4,timeout=0,miss=0
SONAR_CHK,ts_ms=2373,mode=PCINT,ok=1,cm=25.45,pulse_us=1476,timer1=0,pings=5,valid=5,timeout=0,miss=0
SONAR_CHK,ts_ms=2413,mode=PCINT,ok=1,cm=25.45,pulse_us=1476,timer1=0,pings=6,valid=6,timeout=0,miss=0
SONAR_CHK,ts_ms=2453,mode=PCINT,ok=1,cm=25.38,pulse_us=1472,timer1=0,pings=7,valid=7,timeout=0,miss=0
SONAR_CHK,ts_ms=2493,mode=PCINT,ok=1,cm=25.45,pulse_us=1476,timer1=0,pings=8,valid=8,timeout=0,miss=0
SONAR_CHK,ts_ms=2533,mode=PCINT,ok=1,cm=25.45,pulse_us=1476,timer1=0,pings=9,valid=9,timeout=0,miss=0
SONAR_CHK,ts_ms=2573,mode=PCINT,ok=1,cm=25.38,pulse_us=1472,timer1=0,pings=10,valid=10,timeout=0,miss=0
SONAR_CHK,ts_ms=2613,mode=PCINT,ok=1,cm=24.97,pulse_us=1448,timer1=0,pings=11,valid=11,timeout=0,miss=0
SONAR_CHK,ts_ms=2654,mode=PCINT,ok=1,cm=25.45,pulse_us=1476,timer1=0,pings=12,valid=12,timeout=0,miss=0
SONAR_CHK,ts_ms=2694,mode=PCINT,ok=1,cm=25.45,pulse_us=1476,timer1=0,pings=13,valid=13,timeout=0,miss=0
SONAR_CHK,ts_ms=2734,mode=PCINT,ok=1,cm=25.38,pulse_us=1472,timer1=0,pings=14,valid=14,timeout=0,miss=0
SONAR_CHK,ts_ms=2774,mode=PCINT,ok=1,cm=25.38,pulse_us=1472,timer1=0,pings=15,valid=15,timeout=0,miss=0
SONAR_CHK,ts_ms=2813,mode=PCINT,ok=1,cm=25.45,pulse_us=1476,timer1=0,pings=16,valid=16,timeout=0,miss=0
26,valid=26,timeout=0,miss=0
SONAR_CHK,ts_ms=3254,mode=PCINT,ok=1,cm=25.45,pulse_us=1476,timer1=0,pings=27,valid=27,timeout=0,miss=0
SONAR_CHK,ts_ms=3294,mode=PCINT,ok=1,cm=25.38,pulse_us=1472,timer1=0,pings=28,valid=28,timeout=0,miss=0
SONAR_CHK,ts_ms=3334,mode=PCINT,ok=1,cm=25.45,pulse_us=1476,timer1=0,pings=29,valid=29,timeout=0,miss=0
SONAR_CHK,ts_ms=3374,mode=PCINT,ok=1,cm=25.45,pulse_us=1476,timer1=0,pings=30,valid=30,timeout=0,miss=0
SONAR_CHK,ts_ms=3414,mode=PCINT,ok=1,cm=25.38,pulse_us=1472,timer1=0,pings=31,valid=31,timeout=0,miss=0
SONAR_CHK,ts_ms=3453,mode=PCINT,ok=1,cm=25.45,pulse_us=1476,timer1=0,pings=32,valid=32,timeout=0,miss=0
SONAR_CHK,ts_ms=3493,mode=PCINT,ok=1,cm=25.45,pulse_us=1476,timer1=0,pings=33,valid=33,timeout=0,miss=0
SONAR_CHK,ts_ms=3533,mode=PCINT,ok=1,cm=25.45,pulse_us=1476,timer1=0,pings=34,valid=34,timeout=0,miss=0
SONAR_CHK,ts_ms=3574,mode=PCINT,ok=1,cm=25.45,pulse_us=1476,timer1=0,pings=35,valid=35,timeout=0,miss=0
SONAR_CHK,ts_ms=3614,mode=PCINT,ok=1,cm=25.45,pulse_us=1476,timer1=0,pings=36,valid=36,timeout=0,miss=0
SONAR_CHK,ts_ms=3654,mode=PCINT,ok=1,cm=25.38,pulse_us=1472,timer1=0,pings=37,valid=37,timeout=0,miss=0
SONAR_CHK,ts_ms=3694,mode=PCINT,ok=1,cm=25.45,pulse_us=1476,timer1=0,pings=38,valid=38,timeout=0,miss=0
SONAR_CHK,ts_ms=3734,mode=PCINT,ok=1,cm=25.38,pulse_us=1472,timer1=0,pings=39,valid=39,timeout=0,miss=0
SONAR_CHK,ts_ms=3774,mode=PCINT,ok=1,cm=25.45,pulse_us=1476,timer1=0,pings=40,valid=40,timeout=0,miss=0
SONAR_CHK,ts_ms=3814,mode=PCINT,ok=1,cm=25.38,pulse_us=1472,timer1=0,pings=41,valid=41,timeout=0,miss=0
SONAR_CHK,ts_ms=3854,mode=PCINT,ok=1,cm=25.38,pulse_us=1472,timer1=0,pings=42,valid=42,timeout=0,miss=0
SONAR_CHK,ts_ms=3894,mode=PCINT,ok=1,cm=25.03,pulse_us=1452,timer1=0,pings=43,valid=43,timeout=0,miss=0
SONAR_CHK,ts_ms=3934,mode=PCINT,ok=1,cm=25.38,pulse_us=1472,timer1=0,pings=44,valid=44,timeout=0,miss=0
SONAR_CHK,ts_ms=3974,mode=PCINT,ok=1,cm=25.03,pulse_us=1452,timer1=0,pings=45,valid=45,timeout=0,miss=0
SONAR_CHK,ts_ms=4014,mode=PCINT,ok=0,cm=0.00,pulse_us=1476,timer1=0,pings=46,valid=45,timeout=0,miss=0
SONAR_CHK,ts_ms=4018,mode=PCINT,ok=1,cm=25.45,pulse_us=1476,timer1=0,pings=46,valid=46,timeout=0,miss=0
SONAR_CHK,ts_ms=4055,mode=PCINT,ok=1,cm=25.38,pulse_us=1472,timer1=0,pings=47,valid=47,timeout=0,miss=0
SONAR_CHK,ts_ms=4094,mode=PCINT,ok=1,cm=25.03,pulse_us=1452,timer1=0,pings=48,valid=48,timeout=0,miss=0
SONAR_CHK,ts_ms=4134,mode=PCINT,ok=0,cm=0.00,pulse_us=1476,timer1=0,pings=49,valid=48,timeout=0,miss=0
SONAR_CHK,ts_ms=4137,mode=PCINT,ok=1,cm=25.45,pulse_us=1476,timer1=0,pings=49,valid=49,timeout=0,miss=0
lse_us=1448,timer1=0,pings=58,valid=58,timeout=0,miss=0
SONAR_CHK,ts_ms=4535,mode=PCINT,ok=1,cm=25.79,pulse_us=1496,timer1=0,pings=59,valid=59,timeout=0,miss=0
SONAR_CHK,ts_ms=4575,mode=PCINT,ok=0,cm=0.00,pulse_us=1504,timer1=0,pings=60,valid=59,timeout=0,miss=0
SONAR_CHK,ts_ms=4578,mode=PCINT,ok=1,cm=25.93,pulse_us=1504,timer1=0,pings=60,valid=60,timeout=0,miss=0
SONAR_CHK,ts_ms=4615,mode=PCINT,ok=1,cm=24.97,pulse_us=1448,timer1=0,pings=61,valid=61,timeout=0,miss=0
SONAR_CHK,ts_ms=4655,mode=PCINT,ok=1,cm=25.38,pulse_us=1472,timer1=0,pings=62,valid=62,timeout=0,miss=0
SONAR_CHK,ts_ms=4695,mode=PCINT,ok=1,cm=25.45,pulse_us=1476,timer1=0,pings=63,valid=63,timeout=0,miss=0
SONAR_CHK,ts_ms=4734,mode=PCINT,ok=1,cm=24.97,pulse_us=1448,timer1=0,pings=64,valid=64,timeout=0,miss=0
SONAR_CHK,ts_ms=4774,mode=PCINT,ok=1,cm=24.97,pulse_us=1448,timer1=0,pings=65,valid=65,timeout=0,miss=0
SONAR_CHK,ts_ms=4814,mode=PCINT,ok=1,cm=25.38,pulse_us=1472,timer1=0,pings=66,valid=66,timeout=0,miss=0
SONAR_CHK,ts_ms=4854,mode=PCINT,ok=1,cm=25.45,pulse_us=1476,timer1=0,pings=67,valid=67,timeout=0,miss=0
SONAR_CHK,ts_ms=4894,mode=PCINT,ok=1,cm=25.38,pulse_us=1472,timer1=0,pings=68,valid=68,timeout=0,miss=0
SONAR_CHK,ts_ms=4935,mode=PCINT,ok=1,cm=25.45,pulse_us=1476,timer1=0,pings=69,valid=69,timeout=0,miss=0
SONAR_CHK,ts_ms=4975,mode=PCINT,ok=1,cm=25.38,pulse_us=1472,timer1=0,pings=70,valid=70,timeout=0,miss=0
SONAR_CHK,ts_ms=5015,mode=PCINT,ok=1,cm=24.97,pulse_us=1448,timer1=0,pings=71,valid=71,timeout=0,miss=0
SONAR_CHK,ts_ms=5055,mode=PCINT,ok=1,cm=24.97,pulse_us=1448,timer1=0,pings=72,valid=72,timeout=0,miss=0
SONAR_CHK,ts_ms=5095,mode=PCINT,ok=1,cm=25.45,pulse_us=1476,timer1=0,pings=73,valid=73,timeout=0,miss=0
SONAR_CHK,ts_ms=5135,mode=PCINT,ok=1,cm=25.45,pulse_us=1476,timer1=0,pings=74,valid=74,timeout=0,miss=0
SONAR_CHK,ts_ms=5175,mode=PCINT,ok=1,cm=24.97,pulse_us=1448,timer1=0,pings=75,valid=75,timeout=0,miss=0
SONAR_CHK,ts_ms=5215,mode=PCINT,ok=1,cm=25.38,pulse_us=1472,timer1=0,pings=76,valid=76,timeout=0,miss=0
SONAR_CHK,ts_ms=5255,mode=PCINT,ok=1,cm=25.38,pulse_us=1472,timer1=0,pings=77,valid=77,timeout=0,miss=0
SONAR_CHK,ts_ms=5295,mode=PCINT,ok=1,cm=25.03,pulse_us=1452,timer1=0,pings=78,valid=78,timeout=0,miss=0
SONAR_CHK,ts_ms=5335,mode=PCINT,ok=1,cm=24.97,pulse_us=1448,timer1=0,pings=79,valid=79,timeout=0,miss=0
SONAR_CHK,ts_ms=5376,mode=PCINT,ok=1,cm=25.93,pulse_us=1504,timer1=0,pings=80,valid=80,timeout=0,miss=0
SONAR_CHK,ts_ms=5415,mode=PCINT,ok=1,cm=25.86,pulse_us=1500,timer1=0,pings=81,valid=81,timeout=0,miss=0
SONAR_CHK,ts_ms=5455,mode=PCINT,ok=1,cm=24.97,pulse_us=1448,timer1=0,pings=82,valid=82,timeout=0,miss=0
1452,timer1=0,pings=92,valid=92,timeout=0,miss=0
SONAR_CHK,ts_ms=5896,mode=PCINT,ok=1,cm=25.38,pulse_us=1472,timer1=0,pings=93,valid=93,timeout=0,miss=0
SONAR_CHK,ts_ms=5936,mode=PCINT,ok=0,cm=0.00,pulse_us=1496,timer1=0,pings=94,valid=93,timeout=0,miss=0
SONAR_CHK,ts_ms=5939,mode=PCINT,ok=1,cm=25.79,pulse_us=1496,timer1=0,pings=94,valid=94,timeout=0,miss=0
SONAR_CHK,ts_ms=5976,mode=PCINT,ok=1,cm=25.45,pulse_us=1476,timer1=0,pings=95,valid=95,timeout=0,miss=0
SONAR_CHK,ts_ms=6016,mode=PCINT,ok=1,cm=25.38,pulse_us=1472,timer1=0,pings=96,valid=96,timeout=0,miss=0
SONAR_CHK,ts_ms=6055,mode=PCINT,ok=1,cm=25.38,pulse_us=1472,timer1=0,pings=97,valid=97,timeout=0,miss=0
SONAR_CHK,ts_ms=6095,mode=PCINT,ok=1,cm=25.45,pulse_us=1476,timer1=0,pings=98,valid=98,timeout=0,miss=0
SONAR_CHK,ts_ms=6135,mode=PCINT,ok=1,cm=25.38,pulse_us=1472,timer1=0,pings=99,valid=99,timeout=0,miss=0
SONAR_CHK,ts_ms=6175,mode=PCINT,ok=1,cm=25.38,pulse_us=1472,timer1=0,pings=100,valid=100,timeout=0,miss=0
SONAR_CHK,ts_ms=6215,mode=PCINT,ok=1,cm=25.38,pulse_us=1472,timer1=0,pings=101,valid=101,timeout=0,miss=0
SONAR_CHK,ts_ms=6256,mode=PCINT,ok=1,cm=25.86,pulse_us=1500,timer1=0,pings=102,valid=102,timeout=0,miss=0
SONAR_CHK,ts_ms=6296,mode=PCINT,ok=1,cm=25.38,pulse_us=1472,timer1=0,pings=103,valid=103,timeout=0,miss=0
SONAR_CHK,ts_ms=6336,mode=PCINT,ok=1,cm=25.86,pulse_us=1500,timer1=0,pings=104,valid=104,timeout=0,miss=0
SONAR_CHK,ts_ms=6376,mode=PCINT,ok=1,cm=25.86,pulse_us=1500,timer1=0,pings=105,valid=105,timeout=0,miss=0
SONAR_CHK,ts_ms=6416,mode=PCINT,ok=1,cm=25.03,pulse_us=1452,timer1=0,pings=106,valid=106,timeout=0,miss=0
SONAR_CHK,ts_ms=6456,mode=PCINT,ok=1,cm=25.03,pulse_us=1452,timer1=0,pings=107,valid=107,timeout=0,miss=0
SONAR_CHK,ts_ms=6496,mode=PCINT,ok=1,cm=25.45,pulse_us=1476,timer1=0,pings=108,valid=108,timeout=0,miss=0
SONAR_CHK,ts_ms=6536,mode=PCINT,ok=1,cm=25.45,pulse_us=1476,timer1=0,pings=109,valid=109,timeout=0,miss=0
SONAR_CHK,ts_ms=6576,mode=PCINT,ok=1,cm=25.45,pulse_us=1476,timer1=0,pings=110,valid=110,timeout=0,miss=0
SONAR_CHK,ts_ms=6616,mode=PCINT,ok=1,cm=25.38,pulse_us=1472,timer1=0,pings=111,valid=111,timeout=0,miss=0
SONAR_CHK,ts_ms=6656,mode=PCINT,ok=1,cm=25.86,pulse_us=1500,timer1=0,pings=112,valid=112,timeout=0,miss=0
SONAR_CHK,ts_ms=6695,mode=PCINT,ok=0,cm=0.00,pulse_us=1472,timer1=0,pings=113,valid=112,timeout=0,miss=0
SONAR_CHK,ts_ms=6700,mode=PCINT,ok=1,cm=25.38,pulse_us=1472,timer1=0,pings=113,valid=113,timeout=0,miss=0
SONAR_CHK,ts_ms=6736,mode=PCINT,ok=1,cm=25.38,pulse_us=1472,timer1=0,pings=114,valid=114,timeout=0,miss=0
SONAR_CHK,ts_ms=6776,mode=PCINT,ok=1,cm=25.45,pulse_us=1476,timer1=0,pings=115,valid=115,timeout=0,miss=0
6,timer1=0,pings=123,valid=123,timeout=0,miss=0
SONAR_CHK,ts_ms=7136,mode=PCINT,ok=1,cm=24.97,pulse_us=1448,timer1=0,pings=124,valid=124,timeout=0,miss=0
SONAR_CHK,ts_ms=7177,mode=PCINT,ok=1,cm=25.45,pulse_us=1476,timer1=0,pings=125,valid=125,timeout=0,miss=0
SONAR_CHK,ts_ms=7217,mode=PCINT,ok=1,cm=25.79,pulse_us=1496,timer1=0,pings=126,valid=126,timeout=0,miss=0
SONAR_CHK,ts_ms=7257,mode=PCINT,ok=1,cm=25.45,pulse_us=1476,timer1=0,pings=127,valid=127,timeout=0,miss=0
SONAR_CHK,ts_ms=7297,mode=PCINT,ok=1,cm=24.97,pulse_us=1448,timer1=0,pings=128,valid=128,timeout=0,miss=0
SONAR_CHK,ts_ms=7336,mode=PCINT,ok=1,cm=25.45,pulse_us=1476,timer1=0,pings=129,valid=129,timeout=0,miss=0
SONAR_CHK,ts_ms=7376,mode=PCINT,ok=1,cm=25.38,pulse_us=1472,timer1=0,pings=130,valid=130,timeout=0,miss=0
SONAR_CHK,ts_ms=7416,mode=PCINT,ok=1,cm=24.97,pulse_us=1448,timer1=0,pings=131,valid=131,timeout=0,miss=0
SONAR_CHK,ts_ms=7456,mode=PCINT,ok=1,cm=25.45,pulse_us=1476,timer1=0,pings=132,valid=132,timeout=0,miss=0
SONAR_CHK,ts_ms=7496,mode=PCINT,ok=1,cm=25.45,pulse_us=1476,timer1=0,pings=133,valid=133,timeout=0,miss=0
SONAR_CHK,ts_ms=7536,mode=PCINT,ok=1,cm=25.38,pulse_us=1472,timer1=0,pings=134,valid=134,timeout=0,miss=0
SONAR_CHK,ts_ms=7576,mode=PCINT,ok=1,cm=24.97,pulse_us=1448,timer1=0,pings=135,valid=135,timeout=0,miss=0
SONAR_CHK,ts_ms=7617,mode=PCINT,ok=1,cm=25.45,pulse_us=1476,timer1=0,pings=136,valid=136,timeout=0,miss=0
SONAR_CHK,ts_ms=7657,mode=PCINT,ok=0,cm=0.00,pulse_us=1476,timer1=0,pings=137,valid=136,timeout=0,miss=0
SONAR_CHK,ts_ms=7660,mode=PCINT,ok=1,cm=25.45,pulse_us=1476,timer1=0,pings=137,valid=137,timeout=0,miss=0
SONAR_CHK,ts_ms=7697,mode=PCINT,ok=1,cm=25.03,pulse_us=1452,timer1=0,pings=138,valid=138,timeout=0,miss=0
SONAR_CHK,ts_ms=7737,mode=PCINT,ok=1,cm=24.97,pulse_us=1448,timer1=0,pings=139,valid=139,timeout=0,miss=0
SONAR_CHK,ts_ms=7777,mode=PCINT,ok=1,cm=25.45,pulse_us=1476,timer1=0,pings=140,valid=140,timeout=0,miss=0
SONAR_CHK,ts_ms=7817,mode=PCINT,ok=1,cm=25.38,pulse_us=1472,timer1=0,pings=141,valid=141,timeout=0,miss=0
SONAR_CHK,ts_ms=7857,mode=PCINT,ok=1,cm=24.97,pulse_us=1448,timer1=0,pings=142,valid=142,timeout=0,miss=0
SONAR_CHK,ts_ms=7897,mode=PCINT,ok=1,cm=25.45,pulse_us=1476,timer1=0,pings=143,valid=143,timeout=0,miss=0
SONAR_CHK,ts_ms=7937,mode=PCINT,ok=1,cm=25.38,pulse_us=1472,timer1=0,pings=144,valid=144,timeout=0,miss=0
SONAR_CHK,ts_ms=7976,mode=PCINT,ok=1,cm=24.97,pulse_us=1448,timer1=0,pings=145,valid=145,timeout=0,miss=0
SONAR_CHK,ts_ms=8016,mode=PCINT,ok=1,cm=24.97,pulse_us=1448,timer1=0,pings=146,valid=146,timeout=0,miss=0
SONAR_CHK,ts_ms=8057,mode=PCINT,ok=1,cm=25.38,pulse_us=1472,timer1=0,pings=147,valid=147,timeout=0,miss=0
ulse_us=1476,timer1=0,pings=155,valid=154,timeout=0,miss=0
SONAR_CHK,ts_ms=8381,mode=PCINT,ok=1,cm=25.45,pulse_us=1476,timer1=0,pings=155,valid=155,timeout=0,miss=0
SONAR_CHK,ts_ms=8417,mode=PCINT,ok=1,cm=25.38,pulse_us=1472,timer1=0,pings=156,valid=156,timeout=0,miss=0
SONAR_CHK,ts_ms=8457,mode=PCINT,ok=1,cm=25.38,pulse_us=1472,timer1=0,pings=157,valid=157,timeout=0,miss=0
SONAR_CHK,ts_ms=8497,mode=PCINT,ok=1,cm=25.45,pulse_us=1476,timer1=0,pings=158,valid=158,timeout=0,miss=0
SONAR_CHK,ts_ms=8538,mode=PCINT,ok=1,cm=25.86,pulse_us=1500,timer1=0,pings=159,valid=159,timeout=0,miss=0
SONAR_CHK,ts_ms=8578,mode=PCINT,ok=1,cm=25.86,pulse_us=1500,timer1=0,pings=160,valid=160,timeout=0,miss=0
SONAR_CHK,ts_ms=8617,mode=PCINT,ok=1,cm=25.45,pulse_us=1476,timer1=0,pings=161,valid=161,timeout=0,miss=0
SONAR_CHK,ts_ms=8657,mode=PCINT,ok=1,cm=25.45,pulse_us=1476,timer1=0,pings=162,valid=162,timeout=0,miss=0
SONAR_CHK,ts_ms=8697,mode=PCINT,ok=1,cm=25.38,pulse_us=1472,timer1=0,pings=163,valid=163,timeout=0,miss=0
SONAR_CHK,ts_ms=8737,mode=PCINT,ok=1,cm=25.45,pulse_us=1476,timer1=0,pings=164,valid=164,timeout=0,miss=0
SONAR_CHK,ts_ms=8777,mode=PCINT,ok=1,cm=25.45,pulse_us=1476,timer1=0,pings=165,valid=165,timeout=0,miss=0
SONAR_CHK,ts_ms=8817,mode=PCINT,ok=1,cm=25.45,pulse_us=1476,timer1=0,pings=166,valid=166,timeout=0,miss=0
SONAR_CHK,ts_ms=8857,mode=PCINT,ok=1,cm=25.38,pulse_us=1472,timer1=0,pings=167,valid=167,timeout=0,miss=0
SONAR_CHK,ts_ms=8897,mode=PCINT,ok=1,cm=25.38,pulse_us=1472,timer1=0,pings=168,valid=168,timeout=0,miss=0
SONAR_CHK,ts_ms=8937,mode=PCINT,ok=1,cm=25.45,pulse_us=1476,timer1=0,pings=169,valid=169,timeout=0,miss=0
SONAR_CHK,ts_ms=8978,mode=PCINT,ok=1,cm=25.79,pulse_us=1496,timer1=0,pings=170,valid=170,timeout=0,miss=0
SONAR_CHK,ts_ms=9018,mode=PCINT,ok=1,cm=25.45,pulse_us=1476,timer1=0,pings=171,valid=171,timeout=0,miss=0
SONAR_CHK,ts_ms=9058,mode=PCINT,ok=0,cm=0.00,pulse_us=1500,timer1=0,pings=172,valid=171,timeout=0,miss=0
SONAR_CHK,ts_ms=9061,mode=PCINT,ok=1,cm=25.
SONAR_CHK,ts_ms=31073,mode=PCINT,ok=0,cm=0.00,pulse_us=1428,timer1=0,pings=722,valid=709,timeout=12,miss=12
SONAR_CHK,ts_ms=31077,mode=PCINT,ok=1,cm=24.62,pulse_us=1428,timer1=0,pings=722,valid=710,timeout=12,miss=12
SONAR_CHK,ts_ms=31113,mode=PCINT,ok=1,cm=24.55,pulse_us=1424,timer1=0,pings=723,valid=711,timeout=12,miss=12
SONAR_CHK,ts_ms=31154,mode=PCINT,ok=1,cm=24.97,pulse_us=1448,timer1=0,pings=724,valid=712,timeout=12,miss=12
SONAR_CHK,ts_ms=31194,mode=PCINT,ok=1,cm=24.55,pulse_us=1424,timer1=0,pings=725,valid=713,timeout=12,miss=12
SONAR_CHK,ts_ms=31234,mode=PCINT,ok=0,cm=0.00,pulse_us=1424,timer1=0,pings=726,valid=713,timeout=12,miss=12
SONAR_CHK,ts_ms=31237,mode=PCINT,ok=1,cm=24.55,pulse_us=1424,timer1=0,pings=726,valid=714,timeout=12,miss=12
ings=735,valid=723,timeout=12,miss=12
SONAR_CHK,ts_ms=31634,mode=PCINT,ok=1,cm=24.97,pulse_us=1448,timer1=0,pings=736,valid=724,timeout=12,miss=12
SONAR_CHK,ts_ms=31674,mode=PCINT,ok=1,cm=24.55,pulse_us=1424,timer1=0,pings=737,valid=725,timeout=12,miss=12
SONAR_CHK,ts_ms=31714,mode=PCINT,ok=1,cm=24.97,pulse_us=1448,timer1=0,pings=738,valid=726,timeout=12,miss=12
SONAR_CHK,ts_ms=31754,mode=PCINT,ok=0,cm=0.00,pulse_us=1428,timer1=0,pings=739,valid=726,timeout=12,miss=12
SONAR_CHK,ts_ms=31758,mode=PCINT,ok=1,cm=24.62,pulse_us=1428,timer1=0,pings=739,valid=727,timeout=12,miss=12
SONAR_CHK,ts_ms=31794,mode=PCINT,ok=1,cm=24.55,pulse_us=1424,timer1=0,pings=740,valid=728,timeout=12,miss=12
SONAR_CHK,ts_ms=31834,mode=PCINT,ok=1,cm=24.97,pulse_us=1448,timer1=0,pings=741,valid=729,timeout=12,miss=12
SONAR_CHK,ts_ms=31874,mode=PCINT,ok=1,cm=24.55,pulse_us=1424,timer1=0,pings=742,valid=730,timeout=12,miss=12
SONAR_CHK,ts_ms=31913,mode=PCINT,ok=1,cm=24.97,pulse_us=1448,timer1=0,pings=743,valid=731,timeout=12,miss=12
SONAR_CHK,ts_ms=31953,mode=PCINT,ok=1,cm=25.86,pulse_us=1500,timer1=0,pings=744,valid=732,timeout=12,miss=12
SONAR_CHK,ts_ms=31994,mode=PCINT,ok=1,cm=25.86,pulse_us=1500,timer1=0,pings=745,valid=733,timeout=12,miss=12
SONAR_CHK,ts_ms=32034,mode=PCINT,ok=1,cm=24.62,pulse_us=1428,timer1=0,pings=746,valid=734,timeout=12,miss=12
SONAR_CHK,ts_ms=32074,mode=PCINT,ok=1,cm=23.79,pulse_us=1380,timer1=0,pings=747,valid=735,timeout=12,miss=12
SONAR_CHK,ts_ms=32114,mode=PCINT,ok=1,cm=24.62,pulse_us=1428,timer1=0,pings=748,valid=736,timeout=12,miss=12
SONAR_CHK,ts_ms=32154,mode=PCINT,ok=1,cm=25.38,pulse_us=1472,timer1=0,pings=749,valid=737,timeout=12,miss=12
SONAR_CHK,ts_ms=32194,mode=PCINT,ok=1,cm=23.38,pulse_us=1356,timer1=0,pings=750,valid=738,timeout=12,miss=12
SONAR_CHK,ts_ms=32234,mode=PCINT,ok=1,cm=24.55,pulse_us=1424,timer1=0,pings=751,valid=739,timeout=12,miss=12
SONAR_CHK,ts_ms=32274,mode=PCINT,ok=1,cm=26.69,pulse_us=1548,timer1=0,pings=752,valid=740,timeout=12,miss=12
SONAR_CHK,ts_ms=32314,mode=PCINT,ok=1,cm=25.93,pulse_us=1504,timer1=0,pings=753,valid=741,timeout=12,miss=12
SONAR_CHK,ts_ms=32354,mode=PCINT,ok=1,cm=24.97,pulse_us=1448,timer1=0,pings=754,valid=742,timeout=12,miss=12
SONAR_CHK,ts_ms=32394,mode=PCINT,ok=1,cm=24.62,pulse_us=1428,timer1=0,pings=755,valid=743,timeout=12,miss=12
SONAR_CHK,ts_ms=32434,mode=PCINT,ok=1,cm=24.55,pulse_us=1424,timer1=0,pings=756,valid=744,timeout=12,miss=12
SONAR_CHK,ts_ms=32634,mode=PCINT,ok=1,cm=25.79,pulse_us=1496,timer1=0,pings=761,valid=745,timeout=16,miss=16
SONAR_CHK,ts_ms=32674,mode=PCINT,ok=1,cm=28.90,pulse_us=1676,timer1=0,pings=762,valid=746,timeout=16,miss=16
SONAR_CHK,ts_ms=32714,mode=PCINT,ok=1,cm=26.21,pulse_us=1520,timer1=0,pings=763,valid=747,timeout=16,miss=16
SONAR_CHK,ts_ms=33199,mode=PCINT,ok=1,cm=21.59,pulse_us=1252,timer1=0,pings=775,valid=755,timeout=20,miss=20
SONAR_CHK,ts_ms=33234,mode=PCINT,ok=1,cm=19.86,pulse_us=1152,timer1=0,pings=776,valid=756,timeout=20,miss=20
SONAR_CHK,ts_ms=33274,mode=PCINT,ok=1,cm=20.28,pulse_us=1176,timer1=0,pings=777,valid=757,timeout=20,miss=20
SONAR_CHK,ts_ms=33314,mode=PCINT,ok=1,cm=21.17,pulse_us=1228,timer1=0,pings=778,valid=758,timeout=20,miss=20
SONAR_CHK,ts_ms=33354,mode=PCINT,ok=1,cm=23.24,pulse_us=1348,timer1=0,pings=779,valid=759,timeout=20,miss=20
SONAR_CHK,ts_ms=33395,mode=PCINT,ok=0,cm=0.00,pulse_us=1448,timer1=0,pings=780,valid=759,timeout=20,miss=20
SONAR_CHK,ts_ms=33398,mode=PCINT,ok=1,cm=24.97,pulse_us=1448,timer1=0,pings=780,valid=760,timeout=20,miss=20
SONAR_CHK,ts_ms=33435,mode=PCINT,ok=1,cm=25.38,pulse_us=1472,timer1=0,pings=781,valid=761,timeout=20,miss=20
SONAR_CHK,ts_ms=33475,mode=PCINT,ok=1,cm=25.38,pulse_us=1472,timer1=0,pings=782,valid=762,timeout=20,miss=20
SONAR_CHK,ts_ms=33515,mode=PCINT,ok=0,cm=0.00,pulse_us=1500,timer1=0,pings=783,valid=762,timeout=20,miss=20
SONAR_CHK,ts_ms=33519,mode=PCINT,ok=1,cm=25.86,pulse_us=1500,timer1=0,pings=783,valid=763,timeout=20,miss=20
SONAR_CHK,ts_ms=33555,mode=PCINT,ok=0,cm=0.00,pulse_us=1524,timer1=0,pings=784,valid=763,timeout=20,miss=20
SONAR_CHK,ts_ms=33559,mode=PCINT,ok=1,cm=26.28,pulse_us=1524,timer1=0,pings=784,valid=764,timeout=20,miss=20
SONAR_CHK,ts_ms=33595,mode=PCINT,ok=1,cm=26.69,pulse_us=1548,timer1=0,pings=785,valid=765,timeout=20,miss=20
SONAR_CHK,ts_ms=33635,mode=PCINT,ok=1,cm=25.86,pulse_us=1500,timer1=0,pings=786,valid=766,timeout=20,miss=20
SONAR_CHK,ts_ms=33675,mode=PCINT,ok=1,cm=25.38,pulse_us=1472,timer1=0,pings=787,valid=767,timeout=20,miss=20
SONAR_CHK,ts_ms=33715,mode=PCINT,ok=1,cm=26.76,pulse_us=1552,timer1=0,pings=788,valid=768,timeout=
SONAR_CHK,ts_ms=39839,mode=PCINT,ok=1,cm=17.72,pulse_us=1028,timer1=0,pings=941,valid=861,timeout=80,miss=80
SONAR_CHK,ts_ms=39879,mode=PCINT,ok=1,cm=16.00,pulse_us=928,timer1=0,pings=942,valid=862,timeout=80,miss=80
SONAR_CHK,ts_ms=39919,mode=PCINT,ok=0,cm=0.00,pulse_us=924,timer1=0,pings=943,valid=862,timeout=80,miss=80
SONAR_CHK,ts_ms=39922,mode=PCINT,ok=1,cm=15.93,pulse_us=924,timer1=0,pings=943,valid=863,timeout=80,miss=80
SONAR_CHK,ts_ms=39959,mode=PCINT,ok=1,cm=16.41,pulse_us=952,timer1=0,pings=944,valid=864,timeout=80,miss=80
SONAR_CHK,ts_ms=39999,mode=PCINT,ok=1,cm=16.00,pulse_us=928,timer1=0,pings=945,valid=865,timeout=80,miss=80
SONAR_CHK,ts_ms=40039,mode=PCINT,ok=1,cm=15.59,pulse_us=904,timer1=0,pings=946,valid=866,timeout=80,miss=80
SONAR_CHK,ts_ms=40079,mode=PCINT,ok=1,cm=15.17,pulse_us=880,timer1=0,pings=947,valid=867,timeout=80,miss=80
SONAR_CHK,ts_ms=40119,mode=PCINT,ok=1,cm=16.07,pulse_us=932,timer1=0,pings=948,valid=868,timeout=80,miss=80
=808,timer1=0,pings=956,valid=876,timeout=80,miss=80
SONAR_CHK,ts_ms=40479,mode=PCINT,ok=1,cm=17.24,pulse_us=1000,timer1=0,pings=957,valid=877,timeout=80,miss=80
SONAR_CHK,ts_ms=40519,mode=PCINT,ok=1,cm=15.52,pulse_us=900,timer1=0,pings=958,valid=878,timeout=80,miss=80
SONAR_CHK,ts_ms=40559,mode=PCINT,ok=1,cm=16.41,pulse_us=952,timer1=0,pings=959,valid=879,timeout=80,miss=80
SONAR_CHK,ts_ms=40599,mode=PCINT,ok=1,cm=17.72,pulse_us=1028,timer1=0,pings=960,valid=880,timeout=80,miss=80
SONAR_CHK,ts_ms=40639,mode=PCINT,ok=1,cm=16.41,pulse_us=952,timer1=0,pings=961,valid=881,timeout=80,miss=80
SONAR_CHK,ts_ms=40679,mode=PCINT,ok=1,cm=17.66,pulse_us=1024,timer1=0,pings=962,valid=882,timeout=80,miss=80
SONAR_CHK,ts_ms=40720,mode=PCINT,ok=1,cm=17.24,pulse_us=1000,timer1=0,pings=963,valid=883,timeout=80,miss=80
SONAR_CHK,ts_ms=40760,mode=PCINT,ok=1,cm=17.24,pulse_us=1000,timer1=0,pings=964,valid=884,timeout=80,miss=80
SONAR_CHK,ts_ms=40800,mode=PCINT,ok=0,cm=0.00,pulse_us=1024,timer1=0,pings=965,valid=884,timeout=80,miss=80
SONAR_CHK,ts_ms=40803,mode=PCINT,ok=1,cm=17.66,pulse_us=1024,timer1=0,pings=965,valid=885,timeout=80,miss=80
SONAR_CHK,ts_ms=40840,mode=PCINT,ok=1,cm=17.66,pulse_us=1024,timer1=0,pings=966,valid=886,timeout=80,miss=80
SONAR_CHK,ts_ms=40880,mode=PCINT,ok=1,cm=17.72,pulse_us=1028,timer1=0,pings=967,valid=887,timeout=80,miss=80
SONAR_CHK,ts_ms=40920,mode=PCINT,ok=1,cm=18.14,pulse_us=1052,timer1=0,pings=968,valid=888,timeout=80,miss=80
SONAR_CHK,ts_ms=40960,mode=PCINT,ok=1,cm=17.66,pulse_us=1024,timer1=0,pings=969,valid=889,timeout=80,miss=80
SONAR_CHK,ts_ms=40999,mode=PCINT,ok=0,cm=0.00,pulse_us=976,timer1=0,pings=970,valid=889,timeout=80,miss=80
SONAR_CHK,ts_ms=41004,mode=PCINT,ok=1,cm=16.83,pulse_us=976,timer1=0,pings=970,valid=890,timeout=80,miss=80
SONAR_CHK,ts_ms=41039,mode=PCINT,ok=1,cm=17.24,pulse_us=1000,timer1=0,pings=971,valid=891,timeout=80,miss=80
SONAR_CHK,ts_ms=41079,mode=PCINT,ok=1,cm=17.66,pulse_us=1024,timer1=0,pings=972,valid=892,timeout=80,miss=80
SONAR_CHK,ts_ms=41119,mode=PCINT,ok=0,cm=0.00,pulse_us=1048,timer1=0,pings=973,valid=892,timeout=80,miss=80
SONAR_CHK,ts_ms=41123,mode=PCINT,ok=1,cm=18.07,pulse_us=1048,timer1=0,pings=973,valid=893,timeout=80,miss=80
SONAR_CHK,ts_ms=41160,mode=PCINT,ok=0,cm=0.00,pulse_us=1028,timer1=0,pings=974,valid=893,timeout=80,miss=80
SONAR_CHK,ts_ms=41163,mode=PCINT,ok=1,cm=17.72,pulse_us=1028,timer1=0,pings=974,valid=894,timeout=80,miss=80
SONAR_CHK,ts_ms=41200,mode=PCINT,ok=1,cm=17.24,pulse_us=1000,timer1=0,pings=975,valid=895,timeout=80,miss=80
SONAR_CHK,ts_ms=41240,mode=PCINT,ok=1,cm=17.66,pulse_us=1024,timer1=0,pings=976,valid=896,timeout=80,miss=80
SONAR_CHK,ts_ms=41280,mode=PCINT,ok=1,cm=17.24,pulse_us=1000,timer1=0,pings=977,valid=897,timeout=80,miss=80
valid=904,timeout=80,miss=80
SONAR_CHK,ts_ms=41601,mode=PCINT,ok=1,cm=18.07,pulse_us=1048,timer1=0,pings=985,valid=905,timeout=80,miss=80
SONAR_CHK,ts_ms=41640,mode=PCINT,ok=1,cm=18.07,pulse_us=1048,timer1=0,pings=986,valid=906,timeout=80,miss=80
SONAR_CHK,ts_ms=41680,mode=PCINT,ok=0,cm=0.00,pulse_us=1020,timer1=0,pings=987,valid=906,timeout=80,miss=80
SONAR_CHK,ts_ms=41683,mode=PCINT,ok=1,cm=17.59,pulse_us=1020,timer1=0,pings=987,valid=907,timeout=80,miss=80
SONAR_CHK,ts_ms=41720,mode=PCINT,ok=0,cm=0.00,pulse_us=1024,timer1=0,pings=988,valid=907,timeout=80,miss=80
SONAR_CHK,ts_ms=41724,mode=PCINT,ok=1,cm=17.66,pulse_us=1024,timer1=0,pings=988,valid=908,timeout=80,miss=80
SONAR_CHK,ts_ms=41760,mode=PCINT,ok=1,cm=18.07,pulse_us=1048,timer1=0,pings=989,valid=909,timeout=80,miss=80
SONAR_CHK,ts_ms=41800,mode=PCINT,ok=1,cm=18.14,pulse_us=1052,timer1=0,pings=990,valid=910,timeout=80,miss=80
SONAR_CHK,ts_ms=41840,mode=PCINT,ok=1,cm=17.17,pulse_us=996,timer1=0,pings=991,valid=911,timeout=80,miss=80
SONAR_CHK,ts_ms=41880,mode=PCINT,ok=1,cm=17.31,pulse_us=1004,timer1=0,pings=992,valid=912,timeout=80,miss=80
SONAR_CHK,ts_ms=41920,mode=PCINT,ok=1,cm=17.24,pulse_us=1000,timer1=0,pings=993,valid=913,timeout=80,miss=80
SONAR_CHK,ts_ms=41960,mode=PCINT,ok=1,cm=17.66,pulse_us=1024,timer1=0,pings=994,valid=914,timeout=80,miss=80
SONAR_CHK,ts_ms=42001,mode=PCINT,ok=1,cm=17.66,pulse_us=1024,timer1=0,pings=995,valid=915,timeout=80,miss=80
SONAR_CHK,ts_ms=42041,mode=PCINT,ok=0,cm=0.00,pulse_us=1000,timer1=0,pings=996,valid=915,timeout=80,miss=80
SONAR_CHK,ts_ms=42044,mode=PCINT,ok=1,cm=17.24,pulse_us=1000,timer1=0,pings=996,valid=916,timeout=80,miss=80
SONAR_CHK,ts_ms=42081,mode=PCINT,ok=1,cm=16.83,pulse_us=976,timer1=0,pings=997,valid=917,timeout=80,miss=80
SONAR_CHK,ts_ms=42121,mode=PCINT,ok=1,cm=16.83,pulse_us=976,timer1=0,pings=998,valid=918,timeout=80,miss=80
SONAR_CHK,ts_ms=42161,mode=PCINT,ok=1,cm=18.55,pulse_us=1076,timer1=0,pings=999,valid=919,timeout=80,miss=80
SONAR_CHK,ts_ms=42201,mode=PCINT,ok=1,cm=16.83,pulse_us=976,timer1=0,pings=1000,valid=920,timeout=80,miss=80
SONAR_CHK,ts_ms=42241,mode=PCINT,ok=0,cm=0.00,pulse_us=1148,timer1=0,pings=1001,valid=920,timeout=80,miss=80
SONAR_CHK,ts_ms=42245,mode=PCINT,ok=1,cm=19.79,pulse_us=1148,timer1=0,pings=1001,valid=921,timeout=80,miss=80
SONAR_CHK,ts_ms=42280,mode=PCINT,ok=0,cm=0.00,pulse_us=972,timer1=0,pings=1002,valid=921,timeout=80,miss=80
SONAR_CHK,ts_ms=42285,mode=PCINT,ok=1,cm=16.76,pulse_us=972,timer1=0,pings=1002,valid=922,timeout=80,miss=80
SONAR_CHK,ts_ms=42321,mode=PCINT,ok=1,cm=30.62,pulse_us=1776,timer1=0,pings=1003,valid=923,timeout=80,miss=80
SONAR_CHK,ts_ms=42360,mode=PCINT,ok=1,cm=16.00,pulse_us=928,timer1=0,pings=1004,valid=924,timeout=80,miss=80
miss=80
SONAR_CHK,ts_ms=42721,mode=PCINT,ok=1,cm=15.03,pulse_us=872,timer1=0,pings=1013,valid=933,timeout=80,miss=80
SONAR_CHK,ts_ms=42761,mode=PCINT,ok=1,cm=15.86,pulse_us=920,timer1=0,pings=1014,valid=934,timeout=80,miss=80
SONAR_CHK,ts_ms=42801,mode=PCINT,ok=1,cm=15.45,pulse_us=896,timer1=0,pings=1015,valid=935,timeout=80,miss=80
SONAR_CHK,ts_ms=42841,mode=PCINT,ok=1,cm=15.03,pulse_us=872,timer1=0,pings=1016,valid=936,timeout=80,miss=80
SONAR_CHK,ts_ms=42881,mode=PCINT,ok=1,cm=13.52,pulse_us=784,timer1=0,pings=1017,valid=937,timeout=80,miss=80
SONAR_CHK,ts_ms=42920,mode=PCINT,ok=1,cm=12.21,pulse_us=708,timer1=0,pings=1018,valid=938,timeout=80,miss=80
SONAR_CHK,ts_ms=42960,mode=PCINT,ok=1,cm=13.93,pulse_us=808,timer1=0,pings=1019,valid=939,timeout=80,miss=80
SONAR_CHK,ts_ms=43001,mode=PCINT,ok=1,cm=16.21,pulse_us=940,timer1=0,pings=1020,valid=940,timeout=80,miss=80
SONAR_CHK,ts_ms=43041,mode=PCINT,ok=1,cm=17.10,pulse_us=992,timer1=0,pings=1021,valid=941,timeout=80,miss=80
SONAR_CHK,ts_ms=43081,mode=PCINT,ok=1,cm=15.31,pulse_us=888,timer1=0,pings=1022,valid=942,timeout=80,miss=80
SONAR_CHK,ts_ms=43121,mode=PCINT,ok=0,cm=0.00,pulse_us=812,timer1=0,pings=1023,valid=942,timeout=80,miss=80
SONAR_CHK,ts_ms=43125,mode=PCINT,ok=1,cm=14.00,pulse_us=812,timer1=0,pings=1023,valid=943,timeout=80,miss=80
SONAR_CHK,ts_ms=43161,mode=PCINT,ok=1,cm=13.10,pulse_us=760,timer1=0,pings=1024,valid=944,timeout=80,miss=80
SONAR_CHK,ts_ms=43201,mode=PCINT,ok=1,cm=12.69,pulse_us=736,timer1=0,pings=1025,valid=945,timeout=80,miss=80
SON
SONAR_CHK,ts_ms=49645,mode=PCINT,ok=0,cm=0.00,pulse_us=876,timer1=0,pings=1186,valid=1037,timeout=148,miss=148
SONAR_CHK,ts_ms=49649,mode=PCINT,ok=1,cm=15.10,pulse_us=876,timer1=0,pings=1186,valid=1038,timeout=148,miss=148
SONAR_CHK,ts_ms=49685,mode=PCINT,ok=1,cm=10.97,pulse_us=636,timer1=0,pings=1187,valid=1039,timeout=148,miss=148
SONAR_CHK,ts_ms=49725,mode=PCINT,ok=1,cm=13.93,pulse_us=808,timer1=0,pings=1188,valid=1040,timeout=148,miss=148
SONAR_CHK,ts_ms=49766,mode=PCINT,ok=1,cm=13.45,pulse_us=780,timer1=0,pings=1189,valid=1041,timeout=148,miss=148
SONAR_CHK,ts_ms=49806,mode=PCINT,ok=1,cm=14.00,pulse_us=812,timer1=0,pings=1190,valid=1042,timeout=148,miss=148
SONAR_CHK,ts_ms=49846,mode=PCINT,ok=1,cm=12.62,pulse_us=732,timer1=0,pings=1191,valid=1043,timeout=148,miss=148
SONAR_CHK,ts_ms=49886,mode=PCINT,ok=1,cm=14.21,pulse_us=824,timer1=0,pings=1192,valid=1044,timeout=148,miss=148
SONAR_CHK,ts_ms=49926,mode=PCINT,ok=0,cm=0.00,pulse_us=508,timer1=0,pings=1193,valid=1044,timeout=148,miss=148
SONAR_CHK,ts_ms=49930,mode=PCINT,ok=1,cm=8.76,pulse_us=508,timer1=0,pings=1193,valid=1045,timeout=148,miss=148
SONAR_CHK,ts_ms=49966,mode=PCINT,ok=1,cm=9.24,pulse_us=536,timer1=0,pings=1194,valid=1046,timeout=148,miss=148
timer1=0,pings=1201,valid=1052,timeout=148,miss=148
SONAR_CHK,ts_ms=50249,mode=PCINT,ok=1,cm=9.10,pulse_us=528,timer1=0,pings=1201,valid=1053,timeout=148,miss=148
SONAR_CHK,ts_ms=50286,mode=PCINT,ok=0,cm=0.00,pulse_us=648,timer1=0,pings=1202,valid=1053,timeout=148,miss=148
SONAR_CHK,ts_ms=50290,mode=PCINT,ok=1,cm=11.17,pulse_us=648,timer1=0,pings=1202,valid=1054,timeout=148,miss=148
SONAR_CHK,ts_ms=50326,mode=PCINT,ok=1,cm=11.17,pulse_us=648,timer1=0,pings=1203,valid=1055,timeout=148,miss=148
SONAR_CHK,ts_ms=50366,mode=PCINT,ok=1,cm=11.10,pulse_us=644,timer1=0,pings=1204,valid=1056,timeout=148,miss=148
SONAR_CHK,ts_ms=50406,mode=PCINT,ok=1,cm=12.07,pulse_us=700,timer1=0,pings=1205,valid=1057,timeout=148,miss=148
SONAR_CHK,ts_ms=50446,mode=PCINT,ok=0,cm=0.00,pulse_us=724,timer1=0,pings=1206,valid=1057,timeout=148,miss=148
SONAR_CHK,ts_ms=50450,mode=PCINT,ok=1,cm=12.48,pulse_us=724,timer1=0,pings=1206,valid=1058,timeout=148,miss=148
SONAR_CHK,ts_ms=50486,mode=PCINT,ok=1,cm=11.17,pulse_us=648,timer1=0,pings=1207,valid=1059,timeout=148,miss=148
SONAR_CHK,ts_ms=50526,mode=PCINT,ok=1,cm=11.66,pulse_us=676,timer1=0,pings=1208,valid=1060,timeout=148,miss=148
SONAR_CHK,ts_ms=50566,mode=PCINT,ok=1,cm=11.24,pulse_us=652,timer1=0,pings=1209,valid=1061,timeout=148,miss=148
SONAR_CHK,ts_ms=50606,mode=PCINT,ok=0,cm=0.00,pulse_us=608,timer1=0,pings=1210,valid=1061,timeout=148,miss=148
SONAR_CHK,ts_ms=50610,mode=PCINT,ok=1,cm=10.48,pulse_us=608,timer1=0,pings=1210,valid=1062,timeout=148,miss=148
SONAR_CHK,ts_ms=50646,mode=PCINT,ok=1,cm=8.76,pulse_us=508,timer1=0,pings=1211,valid=1063,timeout=148,miss=148
SONAR_CHK,ts_ms=50685,mode=PCINT,ok=1,cm=8.34,pulse_us=484,timer1=0,pings=1212,valid=1064,timeout=148,miss=148
SONAR_CHK,ts_ms=50725,mode=PCINT,ok=1,cm=8.83,pulse_us=512,timer1=0,pings=1213,valid=1065,timeout=148,miss=148
SONAR_CHK,ts_ms=50765,mode=PCINT,ok=1,cm=8.00,pulse_us=464,timer1=0,pings=1214,valid=1066,timeout=148,miss=148
SONAR_CHK,ts_ms=50806,mode=PCINT,ok=1,cm=9.24,pulse_us=536,timer1=0,pings=1215,valid=1067,timeout=148,miss=148
SONAR_CHK,ts_ms=50846,mode=PCINT,ok=1,cm=11.31,pulse_us=656,timer1=0,pings=1216,valid=1068,timeout=148,miss=148
SONAR_CHK,ts_ms=50886,mode=PCINT,ok=1,cm=10.34,pulse_us=600,timer1=0,pings=1217,valid=1069,timeout=148,miss=148
SONAR_CHK,ts_ms=50926,mode=PCINT,ok=0,cm=0.00,pulse_us=900,timer1=0,pings=1218,valid=1069,timeout=148,miss=148
SONAR_CHK,ts_ms=50930,mode=PCINT,ok=1,cm=15.52,pulse_us=900,timer1=0,pings=1218,valid=1070,timeout=148,miss=148
SONAR_CHK,ts_ms=50966,mode=PCINT,ok=0,cm=0.00,pulse_us=484,timer1=0,pings=1219,valid=1070,timeout=148,miss=148
SONAR_CHK,ts_ms=50970,mode=PCINT,ok=1,cm=8.34,pulse_us=484,timer1=0,pings=1219,valid=1071,timeout=148,miss=148
SONAR_CHK,ts_ms=51006,mode=PCINT,ok=0,cm=0.00,pulse_us=484,timer1=0,pings=1220,valid=1071,timeout=148,miss=148
HK,ts_ms=51287,mode=PCINT,ok=1,cm=9.72,pulse_us=564,timer1=0,pings=1227,valid=1079,timeout=148,miss=148
SONAR_CHK,ts_ms=51326,mode=PCINT,ok=1,cm=9.31,pulse_us=540,timer1=0,pings=1228,valid=1080,timeout=148,miss=148
SONAR_CHK,ts_ms=51366,mode=PCINT,ok=0,cm=0.00,pulse_us=540,timer1=0,pings=1229,valid=1080,timeout=148,miss=148
SONAR_CHK,ts_ms=51371,mode=PCINT,ok=1,cm=9.31,pulse_us=540,timer1=0,pings=1229,valid=1081,timeout=148,miss=148
SONAR_CHK,ts_ms=51406,mode=PCINT,ok=1,cm=9.31,pulse_us=540,timer1=0,pings=1230,valid=1082,timeout=148,miss=148
SONAR_CHK,ts_ms=51446,mode=PCINT,ok=0,cm=0.00,pulse_us=568,timer1=0,pings=1231,valid=1082,timeout=148,miss=148
SONAR_CHK,ts_ms=51450,mode=PCINT,ok=1,cm=9.79,pulse_us=568,timer1=0,pings=1231,valid=1083,timeout=148,miss=148
SONAR_CHK,ts_ms=51486,mode=PCINT,ok=0,cm=0.00,pulse_us=544,timer1=0,pings=1232,valid=1083,timeout=148,miss=148
SONAR_CHK,ts_ms=51490,mode=PCINT,ok=1,cm=9.38,pulse_us=544,timer1=0,pings=1232,valid=1084,timeout=148,miss=148
SONAR_CHK,ts_ms=51526,mode=PCINT,ok=1,cm=8.83,pulse_us=512,timer1=0,pings=1233,valid=1085,timeout=148,miss=148
SONAR_CHK,ts_ms=51566,mode=PCINT,ok=1,cm=8.83,pulse_us=512,timer1=0,pings=1234,valid=1086,timeout=148,miss=148
SONAR_CHK,ts_ms=51606,mode=PCINT,ok=1,cm=8.00,pulse_us=464,timer1=0,pings=1235,valid=1087,timeout=148,miss=148
SONAR_CHK,ts_ms=51646,mode=PCINT,ok=1,cm=7.93,pulse_us=460,timer1=0,pings=1236,valid=1088,timeout=148,miss=148
SONAR_CHK,ts_ms=51687,mode=PCINTR_CHK,ts_ms=62061,mode=PCINT,ok=1,cm=135.10,pulse_us=7836,timer1=0,pings=1496,valid=1312,timeout=184,miss=184
SONAR_CHK,ts_ms=62101,mode=PCINT,ok=1,cm=133.38,pulse_us=7736,timer1=0,pings=1497,valid=1313,timeout=184,miss=184
SONAR_CHK,ts_ms=62141,mode=PCINT,ok=1,cm=132.07,pulse_us=7660,timer1=0,pings=1498,valid=1314,timeout=184,miss=184
SONAR_CHK,ts_ms=62182,mode=PCINT,ok=1,cm=139.38,pulse_us=8084,timer1=0,pings=1499,valid=1315,timeout=184,miss=184
SONAR_CHK,ts_ms=62221,mode=PCINT,ok=1,cm=134.62,pulse_us=7808,timer1=0,pings=1500,valid=1316,timeout=184,miss=184
SONAR_CHK,ts_ms=62262,mode=PCINT,ok=1,cm=133.79,pulse_us=7760,timer1=0,pings=1501,valid=1317,timeout=184,miss=184
SONAR_CHK,ts_ms=62302,mode=PCINT,ok=1,cm=133.72,pulse_us=7756,timer1=0,pings=1502,valid=1318,timeout=184,miss=184
SONAR_CHK,ts_ms=62342,mode=PCINT,ok=1,cm=138.97,pulse_us=8060,timer1=0,pings=1503,valid=1319,timeout=184,miss=184
SONAR_CHK,ts_ms=62382,mode=PCINT,ok=1,cm=135.86,pulse_us=7880,timer1=0,pings=1504,valid=1320,timeout=184,miss=184
SONAR_CHK,ts_ms=62422,mode=PCINT,ok=1,cm=134.69,pulse_us=7812,timer1=0,pings=1505,valid=1321,timeout=184,miss=184
SONAR_CHK,ts_ms=62461,mode=PCINT,ok=1,cm=139.79,pulse_us=8108,timer1=0,pings=1506,valid=1322,timeout=184,miss=184
SONAR_CHK,ts_ms=62501,mode=PCINT,ok=1,cm=134.62,pulse_us=7808,timer1=0,pings=1507,valid=1323,timeout=184,miss=184
SONAR_CHK,ts_ms=62541,mode=PCINT,ok=1,cm=135.52,pulse_us=7860,timer1=0,pings=1508,valid=1324,timeout=184,miss=184
SONAR_CHK,ts_ms=62582,mode=PCINT,ok=1,cm=141.93,pulse_us=8232,timer1=0,pings=1509,valid=1325,timeout=184,miss=184
=0.00,pulse_us=608,timer1=0,pings=1518,valid=1333,timeout=184,miss=184
SONAR_CHK,ts_ms=62939,mode=PCINT,ok=1,cm=10.48,pulse_us=608,timer1=0,pings=1518,valid=1334,timeout=184,miss=184
SONAR_CHK,ts_ms=62974,mode=PCINT,ok=1,cm=12.34,pulse_us=716,timer1=0,pings=1519,valid=1335,timeout=184,miss=184
SONAR_CHK,ts_ms=63021,mode=PCINT,ok=1,cm=111.79,pulse_us=6484,timer1=0,pings=1520,valid=1336,timeout=184,miss=184
SONAR_CHK,ts_ms=63055,mode=PCINT,ok=1,cm=14.21,pulse_us=824,timer1=0,pings=1521,valid=1337,timeout=184,miss=184
SONAR_CHK,ts_ms=63094,mode=PCINT,ok=1,cm=9.24,pulse_us=536,timer1=0,pings=1522,valid=1338,timeout=184,miss=184
SONAR_CHK,ts_ms=63295,mode=PCINT,ok=1,cm=5.79,pulse_us=336,timer1=0,pings=1527,valid=1339,timeout=188,miss=188
SONAR_CHK,ts_ms=63335,mode=PCINT,ok=1,cm=5.66,pulse_us=328,timer1=0,pings=1528,valid=1340,timeout=188,miss=188
SONAR_CHK,ts_ms=63375,mode=PCINT,ok=0,cm=0.00,pulse_us=292,timer1=0,pings=1529,valid=1340,timeout=188,miss=188
SONAR_CHK,ts_ms=63379,mode=PCINT,ok=1,cm=5.03,pulse_us=292,timer1=0,pings=1529,valid=1341,timeout=188,miss=188
SONAR_CHK,ts_ms=63415,mode=PCINT,ok=0,cm=0.00,pulse_us=260,timer1=0,pings=1530,valid=1341,timeout=188,miss=188
SONAR_CHK,ts_ms=63419,mode=PCINT,ok=1,cm=4.48,pulse_us=260,timer1=0,pings=1530,valid=1342,timeout=188,miss=188
SONAR_CHK,ts_ms=63455,mode=PCINT,ok=1,cm=5.10,pulse_us=296,timer1=0,pings=1531,valid=1343,timeout=188,miss=188
SONAR_CHK,ts_ms=63495,mode=PCINT,ok=0,cm=0.00,pulse_us=272,timer1=0,pings=1532,valid=1343,timeout=188,miss=188
SONAR_CHK,ts_ms=63499,mode=PCINT,ok=1,cm=4.69,pulse_us=272,timer1=0,pings=1532,valid=1344,timeout=188,miss=188
SONAR_CHK,ts_ms=63535,mode=PCINT,ok=0,cm=0.00,pulse_us=236,timer1=0,pings=1533,valid=1344,timeout=188,miss=188
SONAR_CHK,ts_ms=63539,mode=PCINT,ok=1,cm=4.07,pulse_us=236,timer1=0,pings=1533,valid=1345,timeout=188,miss=188
SONAR_CHK,ts_ms=63575,mode=PCINT,ok=1,cm=4.14,pulse_us=240,timer1=0,pings=1534,valid=1346,timeout=188,miss=188
SONAR_CHK,ts_ms=63614,mode=PCINT,ok=1,cm=4.07,pulse_us=236,timer1=0,pings=1535,valid=1347,timeout=188,miss=188
SONAR_CHK,ts_ms=63654,mode=PCINT,ok=1,cm=4.07,pulse_us=236,timer1=0,pings=1536,valid=1348,timeout=188,miss=188
SONAR_CHK,ts_ms=63694,mode=PCINT,ok=1,cm=4.14,pulse_us=240,timer1=0,pings=1537,valid=1349,timeout=188,miss=188
SONAR_CHK,ts_ms=63734,mode=PCINT,ok=1,cm=4.14,pulse_us=240,timer1=0,pings=1538,valid=1350,timeout=188,miss=188
SONAR_CHK,ts_ms=63775,mode=PCINT,ok=1,cm=4.62,pulse_us=268,timer1=0,pings=1539,valid=1351,timeout=188,miss=188
SONAR_CHK,ts_ms=63815,mode=PCINT,ok=1,cm=4.14,pulse_us=240,timer1=0,pings=1540,valid=1352,timeout=188,miss=188
SONAR_CHK,ts_ms=63855,mode=PCINT,ok=1,cm=5.10,pulse_us=296,timer1=0,pings=1541,valid=1353,timeout=188,miss=188
SONAR_CHK,ts_ms=63895,mode=PCINT,ok=1,cm=5.17,pulse_us=300,timer1=0,pings=1542,valid=1354,timeout=188,miss=188
_CHK,ts_ms=64179,mode=PCINT,ok=1,cm=4.97,pulse_us=288,timer1=0,pings=1549,valid=1361,timeout=188,miss=188
SONAR_CHK,ts_ms=64216,mode=PCINT,ok=1,cm=5.03,pulse_us=292,timer1=0,pings=1550,valid=1362,timeout=188,miss=188
SONAR_CHK,ts_ms=64256,mode=PCINT,ok=1,cm=5.52,pulse_us=320,timer1=0,pings=1551,valid=1363,timeout=188,miss=188
SONAR_CHK,ts_ms=64295,mode=PCINT,ok=1,cm=5.59,pulse_us=324,timer1=0,pings=1552,valid=1364,timeout=188,miss=188
SONAR_CHK,ts_ms=64335,mode=PCINT,ok=0,cm=0.00,pulse_us=328,timer1=0,pings=1553,valid=1364,timeout=188,miss=188
SONAR_CHK,ts_ms=64339,mode=PCINT,ok=1,cm=5.66,pulse_us=328,timer1=0,pings=1553,valid=1365,timeout=188,miss=188
SONAR_CHK,ts_ms=64375,mode=PCINT,ok=1,cm=5.31,pulse_us=308,timer1=0,pings=1554,valid=1366,timeout=188,miss=188
SONAR_CHK,ts_ms=64415,mode=PCINT,ok=1,cm=4.97,pulse_us=288,timer1=0,pings=1555,valid=1367,timeout=188,miss=188
SONAR_CHK,ts_ms=64455,mode=PCINT,ok=1,cm=5.93,pulse_us=344,timer1=0,pings=1556,valid=1368,timeout=188,miss=188
SONAR_CHK,ts_ms=64495,mode=PCINT
SONAR_CHK,ts_ms=83155,mode=PCINT,ok=1,cm=132.90,pulse_us=7708,timer1=0,pings=2023,valid=1763,timeout=260,miss=260
SONAR_CHK,ts_ms=83195,mode=PCINT,ok=1,cm=136.28,pulse_us=7904,timer1=0,pings=2024,valid=1764,timeout=260,miss=260
SONAR_CHK,ts_ms=83235,mode=PCINT,ok=0,cm=0.00,pulse_us=7884,timer1=0,pings=2025,valid=1764,timeout=260,miss=260
SONAR_CHK,ts_ms=83239,mode=PCINT,ok=1,cm=135.93,pulse_us=7884,timer1=0,pings=2025,valid=1765,timeout=260,miss=260
SONAR_CHK,ts_ms=83275,mode=PCINT,ok=1,cm=134.21,pulse_us=7784,timer1=0,pings=2026,valid=1766,timeout=260,miss=260
SONAR_CHK,ts_ms=83316,mode=PCINT,ok=1,cm=135.93,pulse_us=7884,timer1=0,pings=2027,valid=1767,timeout=260,miss=260
SONAR_CHK,ts_ms=83356,mode=PCINT,ok=1,cm=134.62,pulse_us=7808,timer1=0,pings=2028,valid=1768,timeout=260,miss=260
SONAR_CHK,ts_ms=83396,mode=PCINT,ok=1,cm=133.31,pulse_us=7732,timer1=0,pings=2029,valid=1769,timeout=260,miss=260
SONAR_CHK,ts_ms=83436,mode=PCINT,ok=1,cm=138.14,pulse_us=8012,timer1=0,pings=2030,valid=1770,timeout=260,miss=260
SONAR_CHK,ts_ms=83476,mode=PCINT,ok=0,cm=0.00,pulse_us=7812,timer1=0,pings=2031,valid=1770,timeout=260,miss=260
SONAR_CHK,ts_ms=83480,mode=PCINT,ok=1,cm=134.69,pulse_us=7812,timer1=0,pings=2031,valid=1771,timeout=260,miss=260
SONAR_CHK,ts_ms=83516,mode=PCINT,ok=1,cm=131.24,pulse_us=7612,timer1=0,pings=2032,valid=1772,timeout=260,miss=260
SONAR_CHK,ts_ms=83556,mode=PCINT,ok=1,cm=132.48,pulse_us=7684,timer1=0,pings=2033,valid=1773,timeout=260,miss=260
SONAR_CHK,ts_ms=83596,mode=PCINT,ok=1,cm=138.14,pulse_us=8012,timer1=0,pings=2034,valid=1774,timeout=260,miss=260
SONAR_CHK,ts_ms=83636,mode=PCINT,ok=1,cm=133.79,pulse_us=7760,timer1=0,pings=2035,valid=1775,timeout=260,miss=260
SONAR_CHK,ts_ms=83676,mode=PCINT,ok=1,cm=135.52,pulse_us=7860,timer1=0,pings=2036,valid=1776,timeout=260,miss=260
SONAR_CHK,ts_ms=83716,mode=PCINT,ok=1,cm=132.97,pulse_us=7712,timer1=0,pings=2037,valid=1777,timeout=260,miss=260
0,miss=260
SONAR_CHK,ts_ms=83996,mode=PCINT,ok=0,cm=0.00,pulse_us=8036,timer1=0,pings=2044,valid=1783,timeout=260,miss=260
SONAR_CHK,ts_ms=84000,mode=PCINT,ok=1,cm=138.55,pulse_us=8036,timer1=0,pings=2044,valid=1784,timeout=260,miss=260
SONAR_CHK,ts_ms=84029,mode=PCINT,ok=1,cm=12.07,pulse_us=700,timer1=0,pings=2045,valid=1785,timeout=260,miss=260
SONAR_CHK,ts_ms=84069,mode=PCINT,ok=1,cm=10.48,pulse_us=608,timer1=0,pings=2046,valid=1786,timeout=260,miss=260
SONAR_CHK,ts_ms=84109,mode=PCINT,ok=0,cm=0.00,pulse_us=456,timer1=0,pings=2047,valid=1786,timeout=260,miss=260
SONAR_CHK,ts_ms=84113,mode=PCINT,ok=1,cm=7.86,pulse_us=456,timer1=0,pings=2047,valid=1787,timeout=260,miss=260
SONAR_CHK,ts_ms=84149,mode=PCINT,ok=0,cm=0.00,pulse_us=552,timer1=0,pings=2048,valid=1787,timeout=260,miss=260
SONAR_CHK,ts_ms=84153,mode=PCINT,ok=1,cm=9.52,pulse_us=552,timer1=0,pings=2048,valid=1788,timeout=260,miss=260
SONAR_CHK,ts_ms=84189,mode=PCINT,ok=1,cm=8.97,pulse_us=520,timer1=0,pings=2049,valid=1789,timeout=260,miss=260
SONAR_CHK,ts_ms=84229,mode=PCINT,ok=0,cm=0.00,pulse_us=456,timer1=0,pings=2050,valid=1789,timeout=260,miss=260
SONAR_CHK,ts_ms=84233,mode=PCINT,ok=1,cm=7.86,pulse_us=456,timer1=0,pings=2050,valid=1790,timeout=260,miss=260
SONAR_CHK,ts_ms=84269,mode=PCINT,ok=1,cm=7.52,pulse_us=436,timer1=0,pings=2051,valid=1791,timeout=260,miss=260
SONAR_CHK,ts_ms=84310,mode=PCINT,ok=0,cm=0.00,pulse_us=492,timer1=0,pings=2052,valid=1791,timeout=260,miss=260
SONAR_CHK,ts_ms=84314,mode=PCINT,ok=1,cm=8.48,pulse_us=492,timer1=0,pings=2052,valid=1792,timeout=260,miss=260
SONAR_CHK,ts_ms=84349,mode=PCINT,ok=1,cm=8.97,pulse_us=520,timer1=0,pings=2053,valid=1793,timeout=260,miss=260
SONAR_CHK,ts_ms=84389,mode=PCINT,ok=1,cm=9.03,pulse_us=524,timer1=0,pings=2054,valid=1794,timeout=260,miss=260
SONAR_CHK,ts_ms=84429,mode=PCINT,ok=1,cm=9.03,pulse_us=524,timer1=0,pings=2055,valid=1795,timeout=260,miss=260
SONAR_CHK,ts_ms=84469,mode=PCINT,ok=1,cm=9.93,pulse_us=576,timer1=0,pings=2056,valid=1796,timeout=260,miss=260
SONAR_CHK,ts_ms=84509,mode=PCINT,ok=1,cm=11.17,pulse_us=648,timer1=0,pings=2057,valid=1797,timeout=260,miss=260
SONAR_CHK,ts_ms=84556,mode=PCINT,ok=1,cm=128.14,pulse_us=7432,timer1=0,pings=2058,valid=1798,timeout=260,miss=260
SONAR_CHK,ts_ms=84589,mode=PCINT,ok=1,cm=9.86,pulse_us=572,timer1=0,pings=2059,valid=1799,timeout=260,miss=260
SONAR_CHK,ts_ms=84629,mode=PCINT,ok=1,cm=8.48,pulse_us=492,timer1=0,pings=2060,valid=1800,timeout=260,miss=260
SONAR_CHK,ts_ms=84669,mode=PCINT,ok=1,cm=8.07,pulse_us=468,timer1=0,pings=2061,valid=1801,timeout=260,miss=260
SONAR_CHK,ts_ms=84709,mode=PCINT,ok=1,cm=7.10,pulse_us=412,timer1=0,pings=2062,valid=1802,timeout=260,miss=260
SONAR_CHK,ts_ms=84750,mode=PCINT,ok=0,cm=0.00,pulse_us=440,timer1=0,pings=2063,valid=1802,timeout=260,miss=260
ok=1,cm=8.34,pulse_us=484,timer1=0,pings=2071,valid=1811,timeout=260,miss=260
SONAR_CHK,ts_ms=85110,mode=PCINT,ok=1,cm=9.59,pulse_us=556,timer1=0,pings=2072,valid=1812,timeout=260,miss=260
SONAR_CHK,ts_ms=85155,mode=PCINT,ok=1,cm=101.79,pulse_us=5904,timer1=0,pings=2073,valid=1813,timeout=260,miss=260
SONAR_CHK,ts_ms=85190,mode=PCINT,ok=1,cm=10.34,pulse_us=600,timer1=0,pings=2074,valid=1814,timeout=260,miss=260
SONAR_CHK,ts_ms=85230,mode=PCINT,ok=1,cm=9.10,pulse_us=528,timer1=0,pings=2075,valid=1815,timeout=260,miss=260
SONAR_CHK,ts_ms=85270,mode=PCINT,ok=1,cm=8.34,pulse_us=484,timer1=0,pings=2076,valid=1816,timeout=260,miss=260
SONAR_CHK,ts_ms=85310,mode=PCINT,ok=1,cm=8.34,pulse_us=484,timer1=0,pings=2077,valid=1817,timeout=260,miss=260
SONAR_CHK,ts_ms=85350,mode=PCINT,ok=1,cm=7.93,pulse_us=460,timer1=0,pings=2078,valid=1818,timeout=260,miss=260
SONAR_CHK,ts_ms=85390,mode=PCINT,ok=1,cm=7.93,pulse_us=460,timer1=0,pings=2079,valid=1819,timeout=260,miss=260
SONAR_CHK,ts_ms=85430,mode=PCINT
SONAR_CHK,ts_ms=89313,mode=PCINT,ok=1,cm=9.24,pulse_us=536,timer1=0,pings=2177,valid=1841,timeout=336,miss=336
SONAR_CHK,ts_ms=89358,mode=PCINT,ok=1,cm=107.93,pulse_us=6260,timer1=0,pings=2178,valid=1842,timeout=336,miss=336
SONAR_CHK,ts_ms=89393,mode=PCINT,ok=0,cm=0.00,pulse_us=652,timer1=0,pings=2179,valid=1842,timeout=336,miss=336
SONAR_CHK,ts_ms=89397,mode=PCINT,ok=1,cm=11.24,pulse_us=652,timer1=0,pings=2179,valid=1843,timeout=336,miss=336
SONAR_CHK,ts_ms=89433,mode=PCINT,ok=1,cm=10.21,pulse_us=592,timer1=0,pings=2180,valid=1844,timeout=336,miss=336
SONAR_CHK,ts_ms=89473,mode=PCINT,ok=1,cm=9.59,pulse_us=556,timer1=0,pings=2181,valid=1845,timeout=336,miss=336
SONAR_CHK,ts_ms=89512,mode=PCINT,ok=0,cm=0.00,pulse_us=584,timer1=0,pings=2182,valid=1845,timeout=336,miss=336
SONAR_CHK,ts_ms=89517,mode=PCINT,ok=1,cm=10.07,pulse_us=584,timer1=0,pings=2182,valid=1846,timeout=336,miss=336
SONAR_CHK,ts_ms=89552,mode=PCINT,ok=1,cm=9.24,pulse_us=536,timer1=0,pings=2183,valid=1847,timeout=336,miss=336
SONAR_CHK,ts_ms=89592,mode=PCINT,ok=0,cm=0.00,pulse_us=584,timer1=0,pings=2184,valid=1847,timeout=336,miss=336
SONAR_CHK,ts_ms=89596,mode=PCINT,ok=1,cm=10.07,pulse_us=584,timer1=0,pings=2184,valid=1848,timeout=336,miss=336
SONAR_CHK,ts_ms=89633,mode=PCINT,ok=1,cm=10.90,pulse_us=632,timer1=0,pings=2185,valid=1849,timeout=336,miss=336
SONAR_CHK,ts_ms=89673,mode=PCINT,ok=0,cm=0.00,pulse_us=632,timer1=0,pings=2186,valid=1849,timeout=336,miss=336
SONAR_CHK,ts_ms=89677,mode=PCINT,ok=1,cm=10.90,pulse_us=632,timer1=0,pings=2186,valid=1850,timeout=336,miss=336
SONAR_CHK,ts_ms=89713,mode=PCINT,ok=1,cm=11.31,pulse_us=656,timer1=0,pings=2187,valid=1851,timeout=336,miss=336
SONAR_CHK,ts_ms=89753,mode=PCINT,ok=1,cm=12.62,pulse_us=732,timer1=0,pings=2188,valid=1852,timeout=336,miss=336
SONAR_CHK,ts_ms=89793,mode=PCINT,ok=1,cm=12.55,pulse_us=728,timer1=0,pings=2189,valid=1853,timeout=336,miss=336
5.52,pulse_us=900,timer1=0,pings=2195,valid=1859,timeout=336,miss=336
SONAR_CHK,ts_ms=90074,mode=PCINT,ok=1,cm=10.90,pulse_us=632,timer1=0,pings=2196,valid=1860,timeout=336,miss=336
SONAR_CHK,ts_ms=90114,mode=PCINT,ok=0,cm=0.00,pulse_us=608,timer1=0,pings=2197,valid=1860,timeout=336,miss=336
SONAR_CHK,ts_ms=90118,mode=PCINT,ok=1,cm=10.48,pulse_us=608,timer1=0,pings=2197,valid=1861,timeout=336,miss=336
SONAR_CHK,ts_ms=90153,mode=PCINT,ok=1,cm=9.66,pulse_us=560,timer1=0,pings=2198,valid=1862,timeout=336,miss=336
SONAR_CHK,ts_ms=90193,mode=PCINT,ok=1,cm=10.07,pulse_us=584,timer1=0,pings=2199,valid=1863,timeout=336,miss=336
SONAR_CHK,ts_ms=90233,mode=PCINT,ok=1,cm=11.31,pulse_us=656,timer1=0,pings=2200,valid=1864,timeout=336,miss=336
SONAR_CHK,ts_ms=90273,mode=PCINT,ok=1,cm=12.97,pulse_us=752,timer1=0,pings=2201,valid=1865,timeout=336,miss=336
SONAR_CHK,ts_ms=90313,mode=PCINT,ok=1,cm=12.97,pulse_us=752,timer1=0,pings=2202,valid=1866,timeout=336,miss=336
SONAR_CHK,ts_ms=90353,mode=PCINT,ok=1,cm=12.21,pulse_us=708,timer1=0,pings=2203,valid=1867,timeout=336,miss=336
SONAR_CHK,ts_ms=90393,mode=PCINT,ok=1,cm=10.48,pulse_us=608,timer1=0,pings=2204,valid=1868,timeout=336,miss=336
SONAR_CHK,ts_ms=90433,mode=PCI
SONAR_CHK,ts_ms=97759,mode=PCINT,ok=1,cm=12.69,pulse_us=736,timer1=0,pings=2388,valid=2032,timeout=356,miss=356
SONAR_CHK,ts_ms=97799,mode=PCINT,ok=0,cm=0.00,pulse_us=736,timer1=0,pings=2389,valid=2032,timeout=356,miss=356
SONAR_CHK,ts_ms=97803,mode=PCINT,ok=1,cm=12.69,pulse_us=736,timer1=0,pings=2389,valid=2033,timeout=356,miss=356
SONAR_CHK,ts_ms=97839,mode=PCINT,ok=1,cm=13.10,pulse_us=760,timer1=0,pings=2390,valid=2034,timeout=356,miss=356
SONAR_CHK,ts_ms=97879,mode=PCINT,ok=1,cm=12.28,pulse_us=712,timer1=0,pings=2391,valid=2035,timeout=356,miss=356
SONAR_CHK,ts_ms=97918,mode=PCINT,ok=0,cm=0.00,pulse_us=736,timer1=0,pings=2392,valid=2035,timeout=356,miss=356
SONAR_CHK,ts_ms=97923,mode=PCINT,ok=1,cm=12.69,pulse_us=736,timer1=0,pings=2392,valid=2036,timeout=356,miss=356
SONAR_CHK,ts_ms=97958,mode=PCINT,ok=1,cm=12.69,pulse_us=736,timer1=0,pings=2393,valid=2037,timeout=356,miss=356
SONAR_CHK,ts_ms=97998,mode=PCINT,ok=0,cm=0.00,pulse_us=684,timer1=0,pings=2394,valid=2037,timeout=356,miss=356
SONAR_CHK,ts_ms=98002,mode=PCINT,ok=1,cm=11.79,pulse_us=684,timer1=0,pings=2394,valid=2038,timeout=356,miss=356
SONAR_CHK,ts_ms=98038,mode=PCINT,ok=0,cm=0.00,pulse_us=732,timer1=0,pings=2395,valid=2038,timeout=356,miss=356
SONAR_CHK,ts_ms=98042,mode=PCINT,ok=1,cm=12.62,pulse_us=732,timer1=0,pings=2395,valid=2039,timeout=356,miss=356
SONAR_CHK,ts_ms=98078,mode=PCINT,ok=1,cm=12.69,pulse_us=736,timer1=0,pings=2396,valid=2040,timeout=356,miss=356
SONAR_CHK,ts_ms=98119,mode=PCINT,ok=1,cm=12.69,pulse_us=736,timer1=0,pings=2397,valid=2041,timeout=356,miss=356
SONAR_CHK,ts_ms=98159,mode=PCINT,ok=1,cm=12.69,pulse_us=736,timer1=0,pings=2398,valid=2042,timeout=356,miss=356
timer1=0,pings=2409,valid=2049,timeout=360,miss=360
SONAR_CHK,ts_ms=98639,mode=PCINT,ok=1,cm=15.31,pulse_us=888,timer1=0,pings=2410,valid=2050,timeout=360,miss=360
SONAR_CHK,ts_ms=98679,mode=PCINT,ok=1,cm=12.97,pulse_us=752,timer1=0,pings=2411,valid=2051,timeout=360,miss=360
SONAR_CHK,ts_ms=98719,mode=PCINT,ok=1,cm=10.97,pulse_us=636,timer1=0,pings=2412,valid=2052,timeout=360,miss=360
SONAR_CHK,ts_ms=98760,mode=PCINT,ok=1,cm=31.93,pulse_us=1852,timer1=0,pings=2413,valid=2053,timeout=360,miss=360
SONAR_CHK,ts_ms=98799,mode=PCINT,ok=1,cm=12.21,pulse_us=708,timer1=0,pings=2414,valid=2054,timeout=360,miss=360
SONAR_CHK,ts_ms=98839,mode=PCINT,ok=0,cm=0.00,pulse_us=1040,timer1=0,pings=2415,valid=2054,timeout=360,miss=360
SONAR_CHK,ts_ms=98843,mode=PCINT,ok=1,cm=17.93,pulse_us=1040,timer1=0,pings=2415,valid=2055,timeout=360,miss=360
SONAR_CHK,ts_ms=98879,mode=PCINT,ok=1,cm=13.86,pulse_us=804,timer1=0,pings=2416,valid=2056,timeout=360,miss=360
SONAR_CHK,ts_ms=98920,mode=PCINT,ok=1,cm=17.86,pulse_us=1036,timer1=0,pings=2417,valid=2057,timeout=360,miss=360
SONAR_CHK,ts_ms=98959,mode=PCINT,ok=1,cm=13.93,pulse_us=808,timer1=0,pings=2418,valid=2058,timeout=360,miss=360
SONAR_CHK,ts_ms=98999,mode=PCINT,ok=0,cm=0.00,pulse_us=736,timer1=0,pings=2419,valid=2058,timeout=360,miss=360
SONAR_CHK,ts_ms=99003,mode=PCINT,ok=1,cm=12.69,pulse_us=736,timer1=0,pings=2419,valid=2059,timeout=360,miss=360
SONAR_CHK,ts_ms=99040,mode=PCINT,ok=1,cm=14.41,pulse_us=836,timer1=0,pings=2420,valid=2060,timeout=360,miss=360
SONAR_CHK,ts_ms=99080,mode=PCINT,ok=1,cm=16.62,pulse_us=964,timer1=0,pings=2421,valid=2061,timeout=360,miss=360
SONAR_CHK,ts_ms=99120,mode=PCINT,ok=1,cm=16.55,pulse_us=960,timer1=0,pings=2422,valid=2062,timeout=360,miss=360
SONAR_CHK,ts_ms=99160,mode=PCINT,ok=1,cm=16.62,pulse_us=964,timer1=0,pings=2423,valid=2063,timeout=360,miss=360
SONAR_CHK,ts_ms=99200,mode=PCINT,ok=1,cm=15.31,pulse_us=888,timer1=0,pings=2424,valid=2064,timeout=360,miss=360
SONAR_CHK,ts_ms=99239,mode=PCINT,ok=1,cm=16.55,pulse_us=960,timer1=0,pings=2425,valid=2065,timeout=360,miss=360
SONAR_CHK,ts_ms=99279,mode=PCINT,ok=1,cm=18.34,pulse_us=1064,timer1=0,pings=2426,valid=2066,timeout=360,miss=360
SONAR_CHK,ts_ms=99320,mode=PCINT,ok=1,cm=19.24,pulse_us=1116,timer1=0,pings=2427,valid=2067,timeout=360,miss=360
SONAR_CHK,ts_ms=99360,mode=PCINT,ok=1,cm=18.83,pulse_us=1092,timer1=0,pings=2428,valid=2068,timeout=360,miss=360
SONAR_CHK,ts_ms=99400,mode=PCINT,ok=1,cm=17.93,pulse_us=1040,timer1=0,pings=2429,valid=2069,timeout=360,miss=360
SONAR_CHK,ts_ms=99440,mode=PCINT,ok=1,cm=13.52,pulse_us=784,timer1=0,pings=2430,valid=2070,timeout=360,miss=360
SONAR_CHK,ts_ms=99484,mode=PCINT,ok=1,cm=91.24,pulse_us=5292,timer1=0,pings=2431,valid=2071,timeout=360,miss=360
SONAR_CHK,ts_ms=99525,mode=PCINT,ok=1,cm=103.72,pulse_us=6016,timer1=0,pings=2432,valid=2072,timeout=360,miss=360
out=360,miss=360
SONAR_CHK,ts_ms=99841,mode=PCINT,ok=1,cm=16.14,pulse_us=936,timer1=0,pings=2440,valid=2080,timeout=360,miss=360
SONAR_CHK,ts_ms=99880,mode=PCINT,ok=1,cm=16.14,pulse_us=936,timer1=0,pings=2441,valid=2081,timeout=360,miss=360
SONAR_CHK,ts_ms=99920,mode=PCINT,ok=1,cm=15.66,pulse_us=908,timer1=0,pings=2442,valid=2082,timeout=360,miss=360
SONAR_CHK,ts_ms=99960,mode=PCINT,ok=1,cm=16.07,pulse_us=932,timer1=0,pings=2443,valid=2083,timeout=360,miss=360
SONAR_CHK,ts_ms=100000,mode=PCINT,ok=0,cm=0.00,pulse_us=1008,timer1=0,pings=2444,valid=2083,timeout=360,miss=360
SONAR_CHK,ts_ms=100004,mode=PCINT,ok=1,cm=17.38,pulse_us=1008,timer1=0,pings=2444,valid=2084,timeout=360,miss=360
SONAR_CHK,ts_ms=100041,mode=PCINT,ok=1,cm=28.90,pulse_us=1676,timer1=0,pings=2445,valid=2085,timeout=360,miss=360
SONAR_CHK,ts_ms=100241,mode=PCINT,ok=0,cm=0.00,pulse_us=1056,timer1=0,pings=2450,valid=2085,timeout=364,miss=364
SONAR_CHK,ts_ms=100245,mode=PCINT,ok=1,cm=18.21,pulse_us=1056,timer1=0,pings=2450,valid=2086,timeout=364,miss=364
SONAR_CHK,ts_ms=100281,mode=PCINT,ok=1,cm=15.24,pulse_us=884,timer1=0,pings=2451,valid=2087,timeout=364,miss=364
SONAR_CHK,ts_ms=100321,mode=PCINT,ok=
SONAR_CHK,ts_ms=104925,mode=PCINT,ok=1,cm=29.66,pulse_us=1720,timer1=0,pings=2567,valid=2163,timeout=404,miss=404
SONAR_CHK,ts_ms=104964,mode=PCINT,ok=1,cm=22.21,pulse_us=1288,timer1=0,pings=2568,valid=2164,timeout=404,miss=404
SONAR_CHK,ts_ms=105005,mode=PCINT,ok=0,cm=0.00,pulse_us=1696,timer1=0,pings=2569,valid=2164,timeout=404,miss=404
SONAR_CHK,ts_ms=105009,mode=PCINT,ok=1,cm=29.24,pulse_us=1696,timer1=0,pings=2569,valid=2165,timeout=404,miss=404
SONAR_CHK,ts_ms=105043,mode=PCINT,ok=1,cm=18.48,pulse_us=1072,timer1=0,pings=2570,valid=2166,timeout=404,miss=404
SONAR_CHK,ts_ms=105083,mode=PCINT,ok=1,cm=18.21,pulse_us=1056,timer1=0,pings=2571,valid=2167,timeout=404,miss=404
SONAR_CHK,ts_ms=105124,mode=PCINT,ok=0,cm=0.00,pulse_us=1516,timer1=0,pings=2572,valid=2167,timeout=404,miss=404
SONAR_CHK,ts_ms=105128,mode=PCINT,ok=1,cm=26.14,pulse_us=1516,timer1=0,pings=2572,valid=2168,timeout=404,miss=404
SONAR_CHK,ts_ms=105164,mode=PCINT,ok=1,cm=26.69,pulse_us=1548,timer1=0,pings=2573,valid=2169,timeout=404,miss=404
SONAR_CHK,ts_ms=105204,mode=PCINT,ok=1,cm=26.28,pulse_us=1524,timer1=0,pings=2574,valid=2170,timeout=404,miss=404
SONAR_CHK,ts_ms=105244,mode=PCINT,ok=1,cm=28.41,pulse_us=1648,timer1=0,pings=2575,valid=2171,timeout=404,miss=404
SONAR_CHK,ts_ms=105284,mode=PCINT,ok=0,cm=0.00,pulse_us=1476,timer1=0,pings=2576,valid=2171,timeout=404,miss=404
SONAR_CHK,ts_ms=105288,mode=PCINT,ok=1,cm=25.45,pulse_us=1476,timer1=0,pings=2576,valid=2172,timeout=404,miss=404
SONAR_CHK,ts_ms=105325,mode=PCINT,ok=0,cm=0.00,pulse_us=1624,timer1=0,pings=2577,valid=2172,timeout=404,miss=404
SONAR_CHK,ts_ms=105329,mode=PCINT,ok=1,cm=28.00,pulse_us=1624,timer1=0,pings=2577,valid=2173,timeout=404,miss=404
HOST_CMD,t
SONAR_CHK,ts_ms=105365,mode=PCINT,ok=1,cm=25.45,pulse_us=1476,timer1=0,pings=2578,valid=2174,timeout=404,miss=404
SONAR_CHK,ts_ms=105405,mode=PCINT,ok=0,cm=0.00,pulse_us=1476,timer1=0,pings=2579,valid=2174,timeout=404,miss=404
SONAR_CHK,ts_ms=105409,mode=PCINT,ok=1,cm=25.45,pulse_us=1476,timer1=0,pings=2579,valid=2175,timeout=404,miss=404
SONAR_CHK,ts_ms=105445,mode=PCINT,ok=1,cm=25.10,pulse_us=1456,timer1=0,pings=2580,valid=2176,timeout=404,miss=404
SONAR_CHK,ts_ms=105485,mode=PCINT,ok=1,cm=26.28,pulse_us=1524,timer1=0,pings=2581,valid=2177,timeout=404,miss=404
SONAR_CHK,ts_ms=105525,mode=PCINT,ok=1,cm=27.17,pulse_us=1576,timer1=0,pings=2582,valid=2178,timeout=404,miss=404
SONAR_CHK,ts_ms=105565,mode=PCINT,ok=1,cm=28.41,pulse_us=1648,timer1=0,pings=2583,valid=2179,timeout=404,miss=404
SONAR_CHK,ts_ms=105605,mode=PCINT,ok=1,cm=23.38,pulse_us=1356,timer1=0,pings=2584,valid=2180,timeout=404,miss=404
SONAR_CHK,ts_ms=105645,mode=PCINT,ok=1,cm=20.76,pulse_us=1204,timer1=0,pings=2585,valid=2181,timeout=404,miss=404
SONAR_CHK,ts_ms=105684,mode=PCINT,ok=1,cm=25.38,pulse_us=1472,timer1=0,pings=2586,valid=2182,timeout=404,miss=404
SONAR_CHK,ts_ms=105724,mode=PCINT,ok=0,cm=0.00,pulse_us=1672,timer1=0,pings=2587,valid=2182,timeout=404,miss=404
SONAR_CHK,ts_ms=105730,mode=PCINT,ok=1,cm=28.83,pulse_us=1672,timer1=0,pings=2587,valid=2183,timeout=404,miss=404
SONAR_CHK,ts_ms=105764,mode=PCINT,ok=0,cm=0.00,pulse_us=1280,timer1=0,pings=2588,valid=2183,timeout=404,miss=404
SONAR_CHK,ts_ms=105768,mode=PCINT,ok=1,cm=22.07,pulse_us=1280,timer1=0,pings=2588,valid=2184,timeout=404,miss=404
SONAR_CHK,ts_ms=105804,mode=PCINT,ok=0,cm=0.00,pulse_us=1156,timer1=0,pings=2589,valid=2184,timeout=404,miss=404
SONAR_CHK,ts_ms=105808,mode=PCINT,ok=1,cm=19.93,pulse_us=1156,timer1=0,pings=2589,valid=2185,timeout=404,miss=404
SONAR_CHK,ts_ms=105844,mode=PCINT,ok=0,cm=0.00,pulse_us=1204,timer1=0,pings=2590,valid=2185,timeout=404,miss=404
SONAR_CHK,ts_ms=105848,mode=PCINT,ok=1,cm=20.76,pulse_us=1204,timer1=0,pings=2590,valid=2186,timeout=404,miss=404
SONAR_CHK,ts_ms=105885,mode=PCINT,ok=1,cm=22.55,pulse_us=1308,timer1=0,pings=2591,valid=2187,timeout=404,miss=404
SONAR_CHK,ts_ms=105925,mode=PCINT,ok=1,cm=21.59,pulse_us=1252,timer1=0,pings=2592,valid=2188,timeout=404,miss=404
SONAR_CHK,ts_ms=105965,mode=PCINT,ok=1,cm=23.38,pulse_us=1356,timer1=0,pings=2593,valid=2189,timeout=404,miss=404
SONAR_CHK,ts_ms=106005,mode=PCINT,ok=1,cm=21.59,pulse_us=1252,timer1=0,pings=2594,valid=2190,timeout=404,miss=404
SONAR_CHK,ts_ms=106045,mode=PCINT,ok=1,cm=21.59,pulse_us=1252,timer1=0,pings=2595,valid=2191,timeout=404,miss=404
SONAR_CHK,ts_ms=106085,mode=PCINT,ok=1,cm=23.72,pulse_us=1376,timer1=0,pings=2596,valid=2192,timeout=404,miss=404
SONAR_CHK,ts_ms=106125,mode=PCINT,ok=1,cm=26.34,pulse_us=1528,timer1=0,pings=2597,valid=2193,timeout=404,miss=404
SONAR_CHK,ts_ms=106165,mode=PCINT,ok=1,cm=28.07,pulse_us=1628,timer1=0,pings=2598,valid=2194,timeout=404,miss=404
SONAR_CHK,ts_ms=106206,mode=PCINT,ok=1,cm=28.83,pulse_us=1672,timer1=0,pings=2599,valid=2195,timeout=404,miss=404
SONAR_CHK,ts_ms=106246,mode=PCINT,ok=1,cm=28.83,pulse_us=1672,timer1=0,pings=2600,valid=2196,timeout=404,miss=404
SONAR_CHK,ts_ms=106286,mode=PCINT,ok=1,cm=27.03,pulse_us=1568,timer1=0,pings=2601,valid=2197,timeout=404,miss=404
SONAR_CHK,ts_ms=106326,mode=PCINT,ok=1,cm=27.10,pulse_us=1572,timer1=0,pings=2602,valid=2198,timeout=404,miss=404
SONAR_CHK,ts_ms=106365,mode=PCINT,ok=1,cm=26.69,pulse_us=1548,timer1=0,pings=2603,valid=2199,timeout=404,miss=404
SONAR_CHK,ts_ms=106405,mode=PCINT,ok=0,cm=0.00,pulse_us=1524,timer1=0,pings=2604,valid=2199,timeout=404,miss=404
SONAR_CHK,ts_ms=106409,mode=PCINT,ok=1,cm=26.28,pulse_us=1524,timer1=0,pings=2604,valid=2200,timeout=404,miss=404
SONAR_CHK,ts_ms=106445,mode=PCINT,ok=0,cm=0.00,pulse_us=1496,timer1=0,pings=2605,valid=2200,timeout=404,miss=404
SONAR_CHK,ts_ms=106449,mode=PCINT,ok=1,cm=25.79,pulse_us=1496,timer1=0,pings=2605,valid=2201,timeout=404,miss=404
SONAR_CHK,ts_ms=106485,mode=PCINT,ok=1,cm=25.45,pulse_us=1476,timer1=0,pings=2606,valid=2202,timeout=404,miss=404
SONAR_CHK,ts_ms=106525,mode=PCINT,ok=1,cm=25.38,pulse_us=1472,timer1=0,pings=2607,valid=2203,timeout=404,miss=404
SONAR_CHK,ts_ms=106565,mode=PCINT,ok=1,cm=24.97,pulse_us=1448,timer1=0,pings=2608,valid=2204,timeout=404,miss=404
SONAR_CHK,ts_ms=106605,mode=PCINT,ok=1,cm=25.38,pulse_us=1472,timer1=0,pings=2609,valid=2205,timeout=404,miss=404
SONAR_CHK,ts_ms=106645,mode=PCINT,ok=1,cm=15.24,pulse_us=884,timer1=0,pings=2610,valid=2206,timeout=404,miss=404
SONAR_CHK,ts_ms=106685,mode=PCINT,ok=1,cm=13.93,pulse_us=808,timer1=0,pings=2611,valid=2207,timeout=404,miss=404
SONAR_CHK,ts_ms=106726,mode=PCINT,ok=0,cm=0.00,pulse_us=1576,timer1=0,pings=2612,valid=2207,timeout=404,miss=404
SONAR_CHK,ts_ms=106730,mode=PCINT,ok=1,cm=27.17,pulse_us=1576,timer1=0,pings=2612,valid=2208,timeout=404,miss=404
SONAR_CHK,ts_ms=106766,mode=PCINT,ok=1,cm=27.52,pulse_us=1596,timer1=0,pings=2613,valid=2209,timeout=404,miss=404
SONAR_CHK,ts_ms=106806,mode=PCINT,ok=1,cm=27.52,pulse_us=1596,timer1=0,pings=2614,valid=2210,timeout=404,miss=404
SONAR_CHK,ts_ms=106846,mode=PCINT,ok=1,cm=26.69,pulse_us=1548,timer1=0,pings=2615,valid=2211,timeout=404,miss=404
SONAR_CHK,ts_ms=106886,mode=PCINT,ok=1,cm=25.03,pulse_us=1452,timer1=0,pings=2616,valid=2212,timeout=404,miss=404
SONAR_CHK,ts_ms=106925,mode=PCINT,ok=1,cm=15.24,pulse_us=884,timer1=0,pings=2617,valid=2213,timeout=404,miss=404
SONAR_CHK,ts_ms=106964,mode=PCINT,ok=1,cm=13.93,pulse_us=808,timer1=0,pings=2618,valid=2214,timeout=404,miss=404
SONAR_CHK,ts_ms=107005,mode=PCINT,ok=1,cm=14.34,pulse_us=832,timer1=0,pings=2619,valid=2215,timeout=404,miss=404
SONAR_CHK,ts_ms=107045,mode=PCINT,ok=1,cm=13.93,pulse_us=808,timer1=0,pings=2620,valid=2216,timeout=404,miss=404
SONAR_CHK,ts_ms=107085,mode=PCINT,ok=1,cm=14.34,pulse_us=832,timer1=0,pings=2621,valid=221
SONAR_CHK,ts_ms=115332,mode=PCINT,ok=1,cm=25.45,pulse_us=1476,timer1=0,pings=2827,valid=2423,timeout=404,miss=404
SONAR_CHK,ts_ms=115372,mode=PCINT,ok=1,cm=25.79,pulse_us=1496,timer1=0,pings=2828,valid=2424,timeout=404,miss=404
SONAR_CHK,ts_ms=115411,mode=PCINT,ok=1,cm=25.45,pulse_us=1476,timer1=0,pings=2829,valid=2425,timeout=404,miss=404
SONAR_CHK,ts_ms=115451,mode=PCINT,ok=1,cm=25.45,pulse_us=1476,timer1=0,pings=2830,valid=2426,timeout=404,miss=404
SONAR_CHK,ts_ms=115491,mode=PCINT,ok=1,cm=25.38,pulse_us=1472,timer1=0,pings=2831,valid=2427,timeout=404,miss=404
SONAR_CHK,ts_ms=115531,mode=PCINT,ok=1,cm=25.45,pulse_us=1476,timer1=0,pings=2832,valid=2428,timeout=404,miss=404
SONAR_CHK,ts_ms=115571,mode=PCINT,ok=1,cm=25.86,pulse_us=1500,timer1=0,pings=2833,valid=2429,timeout=404,miss=404
SONAR_CHK,ts_ms=115611,mode=PCINT,ok=1,cm=25.79,pulse_us=1496,timer1=0,pings=2834,valid=2430,timeout=404,miss=404
SONAR_CHK,ts_ms=115652,mode=PCINT,ok=1,cm=25.79,pulse_us=1496,timer1=0,pings=2835,valid=2431,timeout=404,miss=404
SONAR_CHK,ts_ms=115692,mode=PCINT,ok=1,cm=25.38,pulse_us=1472,timer1=0,pings=2836,valid=2432,timeout=404,miss=404
SONAR_CHK,ts_ms=115732,mode=PCINT,ok=1,cm=26.28,pulse_us=1524,timer1=0,pings=2837,valid=2433,timeout=404,miss=404
SONAR_CHK,ts_ms=115772,mode=PCINT,ok=1,cm=25.45,pulse_us=1476,timer1=0,pings=2838,valid=2434,timeout=404,miss=404
SONAR_CHK,ts_ms=115812,mode=PCINT,ok=1,cm=25.45,pulse_us=1476,timer1=0,pings=2839,valid=2435,timeout=404,miss=404
SONAR_CHK,ts_ms=115852,mode=PCINT,ok=1,cm=24.14,pulse_us=1400,timer1=0,pings=2840,valid=2436,timeout=404,miss=404
SONAR_CHK,ts_ms=115892,mode=PCINT,ok=1,cm=25.45,pulse_us=1476,timer1=0,pings=2841,valid=2437,timeout=404,miss=404
SONAR_CHK,ts_ms=115932,mode=PCINT,ok=1,cm=25.86,pulse_us=1500,timer1=0,pings=2842,valid=2438,timeout=404,miss=404
SONAR_CHK,ts_ms=115972,mode=PCINT,ok=1,cm=25.86,pulse_us=1500,timer1=0,pings=2843,valid=2439,timeout=404,miss=404
SONAR_CHK,ts_ms=116012,mode=PCINT,ok=0,cm=0.00,pulse_us=1500,timer1=0,pings=2844,valid=2439,timeout=404,miss=404
SONAR_CHK,ts_ms=116016,mode=PCINT,ok=1,cm=25.86,pulse_us=1500,timer1=0,pings=2844,valid=2440,timeout=404,miss=404
SONAR_CHK,ts_ms=116051,mode=PCINT,ok=1,cm=25.45,pulse_us=1476,timer1=0,pings=2845,valid=2441,timeout=404,miss=404
SONAR_CHK,ts_ms=116092,mode=PCINT,ok=0,cm=0.00,pulse_us=1572,timer1=0,pings=2846,valid=2441,timeout=404,miss=404
SONAR_CHK,ts_ms=116097,mode=PCINT,ok=1,cm=27.10,pulse_us=1572,timer1=0,pings=2846,valid=2442,timeout=404,miss=404
SONAR_CHK,ts_ms=116131,mode=PCINT,ok=1,cm=14.76,pulse_us=856,timer1=0,pings=2847,valid=2443,timeout=404,miss=404
SONAR_CHK,ts_ms=116172,mode=PCINT,ok=0,cm=0.00,pulse_us=1476,timer1=0,pings=2848,valid=2443,timeout=404,miss=404
SONAR_CHK,ts_ms=116176,mode=PCINT,ok=1,cm=25.45,pulse_us=1476,timer1=0,pings=2848,valid=2444,timeout=404,miss=404
SONAR_CHK,ts_ms=116212,mode=PCINT,ok=1,cm=28.48,pulse_us=1652,timer1=0,pings=2849,valid=2445,timeout=404,miss=404
SONAR_CHK,ts_ms=116252,mode=PCINT,ok=0,cm=0.00,pulse_us=1576,timer1=0,pings=2850,valid=2445,timeout=404,miss=404
SONAR_CHK,ts_ms=116256,mode=PCINT,ok=1,cm=27.17,pulse_us=1576,timer1=0,pings=2850,valid=2446,timeout=404,miss=404
SONAR_CHK,ts_ms=116292,mode=PCINT,ok=1,cm=26.28,pulse_us=1524,timer1=0,pings=2851,valid=2447,timeout=404,miss=404
SONAR_CHK,ts_ms=116332,mode=PCINT,ok=1,cm=16.48,pulse_us=956,timer1=0,pings=2852,valid=2448,timeout=404,miss=404
SONAR_CHK,ts_ms=116372,mode=PCINT,ok=1,cm=26.69,pulse_us=1548,timer1=0,pings=2853,valid=2449,timeout=404,miss=404
SONAR_CHK,ts_ms=116412,mode=PCINT,ok=1,cm=16.41,pulse_us=952,timer1=0,pings=2854,valid=2450,timeout=404,miss=404
SONAR_CHK,ts_ms=116452,mode=PCINT,ok=1,cm=26.76,pulse_us=1552,timer1=0,pings=2855,valid=2451,timeout=404,miss=404
SONAR_CHK,ts_ms=116492,mode=PCINT,ok=1,cm=17.72,pulse_us=1028,timer1=0,pings=2856,valid=2452,timeout=404,miss=404
SONAR_CHK,ts_ms=116533,mode=PCINT,ok=1,cm=27.17,pulse_us=1576,timer1=0,pings=2857,valid=2453,timeout=404,miss=404
SONAR_CHK,ts_ms=116573,mode=PCINT,ok=1,cm=27.10,pulse_us=1572,timer1=0,pings=2858,valid=2454,timeout=404,miss=404
SONAR_CHK,ts_ms=116613,mode=PCINT,ok=1,cm=25.38,pulse_us=1472,timer1=0,pings=2859,valid=2455,timeout=404,miss=404
SONAR_CHK,ts_ms=116653,mode=PCINT,ok=1,cm=25.38,pulse_us=1472,timer1=0,pings=2860,valid=2456,timeout=404,miss=404
SONAR_CHK,ts_ms=116692,mode=PCINT,ok=1,cm=25.45,pulse_us=1476,timer1=0,pings=2861,valid=2457,timeout=404,miss=404
SONAR_CHK,ts_ms=116732,mode=PCINT,ok=0,cm=0.00,pulse_us=1424,timer1=0,pings=2862,valid=2457,timeout=404,miss=404
SONAR_CHK,ts_ms=116737,mode=PCINT,ok=1,cm=24.55,pulse_us=1424,timer1=0,pings=2862,valid=2458,timeout=404,miss=404
SONAR_CHK,ts_ms=116772,mode=PCINT,ok=1,cm=25.03,pulse_us=1452,timer1=0,pings=2863,valid=2459,timeout=404,miss=404
SONAR_CHK,ts_ms=116812,mode=PCINT,ok=1,cm=25.86,pulse_us=1500,timer1=0,pings=2864,valid=2460,timeout=404,miss=404
SONAR_CHK,ts_ms=116852,mode=PCINT,ok=0,cm=0.00,pulse_us=1672,timer1=0,pings=2865,valid=2460,timeout=404,miss=404
SONAR_CHK,ts_ms=116856,mode=PCINT,ok=1,cm=28.83,pulse_us=1672,timer1=0,pings=2865,valid=2461,timeout=404,miss=404
SONAR_CHK,ts_ms=116892,mode=PCINT,ok=0,cm=0.00,pulse_us=980,timer1=0,pings=2866,valid=2461,timeout=404,miss=404
SONAR_CHK,ts_ms=116896,mode=PCINT,ok=1,cm=16.90,pulse_us=980,timer1=0,pings=2866,valid=2462,timeout=404,miss=404
SONAR_CHK,ts_ms=116933,mode=PCINT,ok=1,cm=27.59,pulse_us=1600,timer1=0,pings=2867,valid=2463,timeout=404,miss=404
SONAR_CHK,ts_ms=116972,mode=PCINT,ok=0,cm=0.00,pulse_us=928,timer1=0,pings=2868,valid=2463,timeout=404,miss=404
SONAR_CHK,ts_ms=116976,mode=PCINT,ok=1,cm=16.00,pulse_us=928,timer1=0,pings=2868,valid=2464,timeout=404,miss=404
SONAR_CHK,ts_ms=117013,mode=PCINT,ok=1,cm=25.86,pulse_us=1500,timer1=0,pings=2869,valid=2465,timeout=404,miss=404
SONAR_CHK,ts_ms=117053,mode=PCINT,ok=1,cm=25.45,pulse_us=1476,timer1=0,pings=2870,valid=2466,timeout=404,miss=404
SONAR_CHK,ts_ms=117093,mode=PCINT,ok=1,cm=26.21,pulse_us=1520,timer1=0,pings=2871,valid=2467,timeout=404,miss=404
SONAR_CHK,ts_ms=117133,mode=PCINT,ok=1,cm=27.17,pulse_us=1576,timer1=0,pings=2872,valid=2468,timeout=404,miss=404
SONAR_CHK,ts_ms=117173,mode=PCINT,ok=1,cm=26.76,pulse_us=1552,timer1=0,pings=2873,valid=2469,timeout=404,miss=404
SONAR_CHK,ts_ms=117213,mode=PCINT,ok=1,cm=25.45,pulse_us=1476,timer1=0,pings=2874,valid=2470,timeout=404,miss=404
SONAR_CHK,ts_ms=117253,mode=PCINT,ok=1,cm=25.86,pulse_us=1500,timer1=0,pings=2875,valid=2471,timeout=404,miss=404
SONAR_CHK,ts_ms=117293,mode=PCINT,ok=1,cm=27.10,pulse_us=1572,timer1=0,pings=2876,valid=2472,timeout=404,miss=404
SONAR_CHK,ts_ms=117332,mode=PCINT,ok=1,cm=27.59,pulse_us=1600,timer1=0,pings=2877,valid=2473,timeout=404,miss=404
SONAR_CHK,ts_ms=117372,mode=PCINT,ok=1,cm=25.45,pulse_us=1476,timer1=0,pings=2878,valid=2474,timeout=404,miss=404
SONAR_CHK,ts_ms=117412,mode=PCINT,ok=1,cm=25.38,pulse_us=1472,timer1=0,pings=2879,valid=2475,timeout=404,miss=404
SONAR_CHK,ts_ms=117453,mode=PCINT,ok=1,cm=28.41,pulse_us=1648,timer1=0,pings=2880,valid=2476,timeout=404,miss=404
SONAR_CHK,ts_ms=117493,mode=PCINT,ok=1,cm=26.76,pulse_us=1552,timer1=0,pings=2881,valid=2477,timeout=404,miss=404
SONAR_CHK,ts_ms=117533,mode=PCINT,ok=1,cm=25.45,pulse_us=1476,timer1=0,pings=2882,valid=2478,timeout=404,miss=404
SONAR_CHK,ts_ms=117573,mode=PCINT,ok=1,cm=26.62,pulse_us=1544,timer1=0,pings=2883,valid=2479,timeout=404,miss=404
SONAR_CHK,ts_ms=117613,mode=PCINT,ok=0,cm=0.00,pulse_us=1576,timer1=0,pings=2884,valid=2479,timeout=404,miss=404
SONAR_CHK,ts_ms=117617,mode=PCINT,ok=1,cm=27.17,pulse_us=1576,timer1=0,pings=2884,valid=2480,timeout=404,miss=404
SONAR_CHK,ts_ms=117653,mode=PCINT,ok=1,cm=25.38,pulse_us=1472,timer1=0,pings=2885,valid=20
