BALL_BEAM_BOOT
HELP,keys
STATE,SAFE_DISABLED
SENSORS,angle=bad,pos=bad,m=n
MEAS,theta_deg=0.0000,x_cm=0.0000,x_filt_cm=0.0000
AGE,angle_ms=0,pos_ms=0,miss=0
FAULTS,bits=0
CAL,zero_calibrated=no,limits_calibrated=no,sign_calibrated=no
SONAR_CFG,s=-1,u=1
ACT_CFG,t=0.0000,v=0,e=0.000
TEL,enabled=1
FAULT_INFO,bits=0
FAULT_INFO,none
TEL,350,SAFE_DISABLED,0.0000,0.0000,0.0000,0.0000,0.00,0,0.0000,0,0,2,0.0000,0.0000,0,-51.1523,0.0000,idle,0.0000,0.0000,0.0000,0.0000,0.0000,0.0000
TEL,450,SAFE_DISABLED,0.0000,0.0000,0.0000,0.0000,0.00,0,0.0000,0,0,4,0.0000,0.0000,0,-51.1523,0.0000,idle,0.0000,0.0000,0.0000,0.0000,0.0000,0.0000
TEL,550,SAFE_DISABLED,0.0000,0.0000,0.0000,0.0000,0.00,0,0.0000,0,0,7,0.0000,0.0000,0,-51.1523,0.0000,idle,0.0000,0.0000,0.0000,0.0000,0.0000,0.0000
TEL,650,SAFE_DISABLED,0.0000,0.0000,0.0000,0.0000,0.00,0,0.0000,0,0,9,0.0000,0.0000,0,-51.1523,0.0000,idle,0.0000,0.0000,0.0000,0.0000,0.0000,0.0000
TEL,750,SAFE_DISABLED,0.0000,0.0000,0.0000,0.0000,0.00,0,0.0000,0,0,12,0.0000,0.0000,0,-51.1523,0.0000,idle,0.0000,0.0000,0.0000,0.0000,0.0000,0.0000
TEL,850,SAFE_DISABLED,0.0000,0.0000,0.0000,0.0000,0.00,0,0.0000,0,0,14,0.0000,0.0000,0,-51.1523,0.0000,idle,0.0000,0.0000,0.0000,0.0000,0.0000,0.0000
TEL,950,SAFE_DISABLED,0.0000,0.0000,0.0000,0.0000,0.00,0,0.0000,0,0,17,0.0000,0.0000,0,-51.1523,0.0000,idle,0.0000,0.0000,0.0000,0.0000,0.0000,0.0000
TEL,1050,SAFE_DISABLED,0.0000,0.0000,0.0000,0.0000,0.00,0,0.0000,0,0,19,0.0000,0.0000,0,-51.1523,0.0000,idle,0.0000,0.0000,0.0000,0.0000,0.0000,0.0000
TEL,1150,SAFE_DISABLED,0.0000,0.0000,0.0000,0.0000,0.00,0,0.0000,0,0,22,0.0000,0.0000,0,-51.1523,0.0000,idle,0.0000,0.0000,0.0000,0.0000,0.0000,0.0000
TEL,1250,SAFE_DISABLED,0.0000,0.0000,0.0000,0.0000,0.00,0,0.0000,0,0,24,0.0000,0.0000,0,-51.1523,0.0000,idle,0.0000,0.0000,0.0000,0.0000,0.0000,0.0000
TEL,1350,SAFE_DISABLED,0.0000,0.0000,0.0000,0.0000,0.00,1,0.0000,0,0,27,0.0000,0.0000,0,-51.1523,0.0000,idle,0.0000,0.0000,0.0000,0.0000,0.0000,0.0000
TEL,1451,SAFE_DISABLED,0.0000,0.0000,0.0000,0.0000,0.00,1,0.0000,0,0,29,0.0000,0.0000,0,-51.1523,0.0000,idle,0.0000,0.0000,0.0000,0.0000,0.0000,0.0000
TEL,1551,SAFE_DISABLED,0.0000,0.0000,0.0000,0.0000,0.00,1,0.0000,0,0,32,0.0000,0.0000,0,-51.1523,0.0000,idle,0.0000,0.0000,0.0000,0.0000,0.0000,0.0000
TEL,1651,SAFE_DISABLED,0.0000,0.0000,0.0000,0.0000,0.00,1,0.0000,0,0,34,0.0000,0.0000,0,-51.1523,0.0000,idle,0.0000,0.0000,0.0000,0.0000,0.0000,0.0000
TEL,1751,SAFE_DISABLED,0.0000,0.0000,0.0000,0.0000,0.00,1,0.0000,0,0,37,0.0000,0.0000,0,-51.1523,0.0000,idle,0.0000,0.0000,0.0000,0.0000,0.0000,0.0000
TEL,1851,SAFE_DISABLED,0.0000,0.0000,0.0000,0.0000,0.00,1,0.0000,0,0,39,0.0000,0.0000,0,-51.1523,0.0000,idle,0.0000,0.0000,0.0000,0.0000,0.0000,0.0000
TEL,1951,SAFE_DISABLED,0.0000,0.0000,0.0000,0.0000,0.00,1,0.0000,0,0,42,0.0000,0.0000,0,-51.1523,0.0000,idle,0.0000,0.0000,0.0000,0.0000,0.0000,0.0000
TEL,2051,SAFE_DISABLED,0.0000,0.0000,0.0000,0.0000,0.00,1,0.0000,0,0,44,0.0000,0.0000,0,-51.1523,0.0000,idle,0.0000,0.0000,0.0000,0.0000,0.0000,0.0000
TEL,2151,SAFE_DISABLED,0.0000,0.0000,0.0000,0.0000,0.00,1,0.0000,0,0,47,0.0000,0.0000,0,-51.1523,0.0000,idle,0.0000,0.0000,0.0000,0.0000,0.0000,0.0000
TEL,2251,SAFE_DISABLED,0.0000,0.0000,0.0000,0.0000,0.00,1,0.0000,0,0,49,0.0000,0.0000,0,-51.1523,0.0000,idle,0.0000,0.0000,0.0000,0.0000,0.0000,0.0000
TEL,2351,SAFE_DISABLED,0.0000,0.0000,0.0000,0.0000,0.00,1,0.0000,0,0,52,0.0000,0.0000,0,-51.1523,0.0000,idle,0.0000,0.0000,0.0000,0.0000,0.0000,0.0000
TEL,2451,SAFE_DISABLED,0.0000,0.0000,0.0000,0.0000,0.00,1,0.0000,0,0,54,0.0000,0.0000,0,-51.1523,0.0000,idle,0.0000,0.0000,0.0000,0.0000,0.0000,0.0000
TEL,2551,SAFE_DISABLED,0.0000,0.0000,0.0000,0.0000,0.00,1,0.0000,0,0,57,0.0000,0.0000,0,-51.1523,0.0000,idle,0.0000,0.0000,0.0000,0.0000,0.0000,0.0000
TEL,2651,SAFE_DISABLED,0.0000,0.0000,0.0000,0.0000,0.00,1,0.0000,0,0,59,0.0000,0.0000,0,-51.1523,0.0000,idle,0.0000,0.0000,0.0000,0.0000,0.0000,0.0000
TEL,2751,SAFE_DISABLED,0.0000,0.0000,0.0000,0.0000,0.00,1,0.0000,0,0,62,0.0000,0.0000,0,-51.1523,0.0000,idle,0.0000,0.0000,0.0000,0.0000,0.0000,0.0000
TEL,2851,SAFE_DISABLED,0.0000,0.0000,0.0000,0.0000,0.00,1,0.0000,0,0,64,0.0000,0.0000,0,-51.1523,0.0000,idle,0.0000,0.0000,0.0000,0.0000,0.0000,0.0000
TEL,2951,SAFE_DISABLED,0.0000,0.0000,0.0000,0.0000,0.00,1,0.0000,0,0,67,0.0000,0.0000,0,-51.1523,0.0000,idle,0.0000,0.0000,0.0000,0.0000,0.0000,0.0000
TEL,3051,SAFE_DISABLED,0.0000,0.0000,0.0000,0.0000,0.00,1,0.0000,0,0,69,0.0000,0.0000,0,-51.1523,0.0000,idle,0.0000,0.0000,0.0000,0.0000,0.0000,0.0000
TEL,3151,SAFE_DISABLED,0.0000,0.0000,0.0000,0.0000,0.00,1,0.0000,0,0,72,0.0000,0.0000,0,-51.1523,0.0000,idle,0.0000,0.0000,0.0000,0.0000,0.0000,0.0000
TEL,3251,SAFE_DISABLED,0.0000,0.0000,0.0000,0.0000,0.00,1,0.0000,0,0,74,0.0000,0.0000,0,-51.1523,0.0000,idle,0.0000,0.0000,0.0000,0.0000,0.0000,0.0000
TEL,3351,SAFE_DISABLED,0.0000,0.0000,0.0000,0.0000,0.00,1,0.0000,0,0,77,0.0000,0.0000,0,-51.1523,0.0000,idle,0.0000,0.0000,0.0000,0.0000,0.0000,0.0000
TEL,3451,SAFE_DISABLED,0.0000,0.0000,0.0000,0.0000,0.00,1,0.0000,0,0,79,0.0000,0.0000,0,-51.1523,0.0000,idle,0.0000,0.0000,0.0000,0.0000,0.0000,0.0000
TEL,3551,SAFE_DISABLED,0.0000,0.0000,0.0000,0.0000,0.00,1,0.0000,0,0,82,0.0000,0.0000,0,-51.1523,0.0000,idle,0.0000,0.0000,0.0000,0.0000,0.0000,0.0000
TEL,3651,SAFE_DISABLED,0.0000,0.0000,0.0000,0.0000,0.00,1,0.0000,0,0,84,0.0000,0.0000,0,-51.1523,0.0000,idle,0.0000,0.0000,0.0000,0.0000,0.0000,0.0000
TEL,3751,SAFE_DISABLED,0.0000,0.0000,0.0000,0.0000,0.00,1,0.0000,0,0,87,0.0000,0.0000,0,-51.1523,0.0000,idle,0.0000,0.0000,0.0000,0.0000,0.0000,0.0000
TEL,3851,SAFE_DISABLED,0.0000,0.0000,0.0000,0.0000,0.00,1,0.0000,0,0,89,0.0000,0.0000,0,-51.1523,0.0000,idle,0.0000,0.0000,0.0000,0.0000,0.0000,0.0000
TEL,3951,SAFE_DISABLED,0.0000,0.0000,0.0000,0.0000,0.00,1,0.0000,0,0,92,0.0000,0.0000,0,-51.1523,0.0000,idle,0.0000,0.0000,0.0000,0.0000,0.0000,0.0000
TEL,4051,SAFE_DISABLED,0.0000,0.0000,0.0000,0.0000,0.00,1,0.0000,0,0,94,0.0000,0.0000,0,-51.1523,0.0000,idle,0.0000,0.0000,0.0000,0.0000,0.0000,0.0000
TEL,4151,SAFE_DISABLED,0.0000,0.0000,0.0000,0.0000,0.00,1,0.0000,0,0,97,0.0000,0.0000,0,-51.1523,0.0000,idle,0.0000,0.0000,0.0000,0.0000,0.0000,0.0000
TEL,4251,SAFE_DISABLED,0.0000,0.0000,0.0000,0.0000,0.00,1,0.0000,0,0,99,0.0000,0.0000,0,-51.1523,0.0000,idle,0.0000,0.0000,0.0000,0.0000,0.0000,0.0000
TEL,4352,SAFE_DISABLED,0.0000,0.0000,0.0000,0.0000,0.00,1,0.0000,0,0,102,0.0000,0.0000,0,-51.1523,0.0000,idle,0.0000,0.0000,0.0000,0.0000,0.0000,0.0000
TEL,4452,SAFE_DISABLED,0.0000,0.0000,0.0000,0.0000,0.00,1,0.0000,0,0,104,0.0000,0.0000,0,-51.1523,0.0000,idle,0.0000,0.0000,0.0000,0.0000,0.0000,0.0000
TEL,4552,SAFE_DISABLED,0.0000,0.0000,0.0000,0.0000,0.00,1,0.0000,0,0,107,0.0000,0.0000,0,-51.1523,0.0000,idle,0.0000,0.0000,0.0000,0.0000,0.0000,0.0000
TEL,4652,SAFE_DISABLED,0.0000,0.0000,0.0000,0.0000,0.00,1,0.0000,0,0,109,0.0000,0.0000,0,-51.1523,0.0000,idle,0.0000,0.0000,0.0000,0.0000,0.0000,0.0000
TEL,4752,SAFE_DISABLED,0.0000,0.0000,0.0000,0.0000,0.00,1,0.0000,0,0,112,0.0000,0.0000,0,-51.1523,0.0000,idle,0.0000,0.0000,0.0000,0.0000,0.0000,0.0000
TEL,4852,SAFE_DISABLED,0.0000,0.0000,0.0000,0.0000,0.00,1,0.0000,0,0,114,0.0000,0.0000,0,-51.1523,0.0000,idle,0.0000,0.0000,0.0000,0.0000,0.0000,0.0000
TEL,4952,SAFE_DISABLED,0.0000,0.0000,0.0000,0.0000,0.00,1,0.0000,0,0,117,0.0000,0.0000,0,-51.1523,0.0000,idle,0.0000,0.0000,0.0000,0.0000,0.0000,0.0000
TEL,5052,SAFE_DISABLED,0.0000,0.0000,0.0000,0.0000,0.00,1,0.0000,0,0,119,0.0000,0.0000,0,-51.1523,0.0000,idle,0.0000,0.0000,0.0000,0.0000,0.0000,0.0000
TEL,5152,SAFE_DISABLED,0.0000,0.0000,0.0000,0.0000,0.00,1,0.0000,0,0,122,0.0000,0.0000,0,-51.1523,0.0000,idle,0.0000,0.0000,0.0000,0.0000,0.0000,0.0000
TEL,5252,SAFE_DISABLED,0.0000,0.0000,0.0000,0.0000,0.00,1,0.0000,0,0,124,0.0000,0.0000,0,-51.1523,0.0000,idle,0.0000,0.0000,0.0000,0.0000,0.0000,0.0000
TEL,5352,SAFE_DISABLED,0.0000,0.0000,0.0000,0.0000,0.00,1,0.0000,0,0,127,0.0000,0.0000,0,-51.1523,0.0000,idle,0.0000,0.0000,0.0000,0.0000,0.0000,0.0000
TEL,5452,SAFE_DISABLED,0.0000,0.0000,0.0000,0.0000,0.00,1,0.0000,0,0,129,0.0000,0.0000,0,-51.1523,0.0000,idle,0.0000,0.0000,0.0000,0.0000,0.0000,0.0000
OK,stopped
OK,driver_disabled
OK,cal_reset_saved
TEL,5552,SAFE_DISABLED,0.0000,0.0000,0.0000,0.0000,0.00,1,0.0000,0,0,132,0.0000,0.0000,0,-51.1523,0.0000,idle,0.0000,0.0000,0.0000,0.0000,0.0000,0.0000
TEL,5652,SAFE_DISABLED,0.0000,0.0000,0.0000,0.0000,0.00,1,0.0000,0,0,134,0.0000,0.0000,0,-51.1523,0.0000,idle,0.0000,0.0000,0.0000,0.0000,0.0000,0.0000
TEL,5752,SAFE_DISABLED,0.0000,0.0000,0.0000,0.0000,0.00,1,0.0000,0,0,137,0.0000,0.0000,0,-51.1523,0.0000,idle,0.0000,0.0000,0.0000,0.0000,0.0000,0.0000
TEL,5852,SAFE_DISABLED,0.0000,0.0000,0.0000,0.0000,0.00,1,0.0000,0,0,139,0.0000,0.0000,0,-51.1523,0.0000,idle,0.0000,0.0000,0.0000,0.0000,0.0000,0.0000
TEL,5952,SAFE_DISABLED,0.0000,0.0000,0.0000,0.0000,0.00,1,0.0000,0,0,142,0.0000,0.0000,0,-51.1523,0.0000,idle,0.0000,0.0000,0.0000,0.0000,0.0000,0.0000
TEL,6052,SAFE_DISABLED,0.0000,0.0000,0.0000,0.0000,0.00,1,0.0000,0,0,144,0.0000,0.0000,0,-51.1523,0.0000,idle,0.0000,0.0000,0.0000,0.0000,0.0000,0.0000
TEL,6152,SAFE_DISABLED,0.0000,0.0000,0.0000,0.0000,0.00,1,0.0000,0,0,147,0.0000,0.0000,0,-51.1523,0.0000,idle,0.0000,0.0000,0.0000,0.0000,0.0000,0.0000
TEL,6252,SAFE_DISABLED,0.0000,0.0000,0.0000,0.0000,0.00,1,0.0000,0,0,149,0.0000,0.0000,0,-51.1523,0.0000,idle,0.0000,0.0000,0.0000,0.0000,0.0000,0.0000
TEL,6352,SAFE_DISABLED,0.0000,0.0000,0.0000,0.0000,0.00,1,0.0000,0,0,152,0.0000,0.0000,0,-51.1523,0.0000,idle,0.0000,0.0000,0.0000,0.0000,0.0000,0.0000
TEL,6452,SAFE_DISABLED,0.0000,0.0000,0.0000,0.0000,0.00,1,0.0000,0,0,154,0.0000,0.0000,0,-51.1523,0.0000,idle,0.0000,0.0000,0.0000,0.0000,0.0000,0.0000
TEL,6552,SAFE_DISABLED,0.0000,0.0000,0.0000,0.0000,0.00,1,0.0000,0,0,157,0.0000,0.0000,0,-51.1523,0.0000,idle,0.0000,0.0000,0.0000,0.0000,0.0000,0.0000
TEL,6652,SAFE_DISABLED,0.0000,0.0000,0.0000,0.0000,0.00,1,0.0000,0,0,159,0.0000,0.0000,0,-51.1523,0.0000,idle,0.0000,0.0000,0.0000,0.0000,0.0000,0.0000
TEL,6752,SAFE_DISABLED,0.0000,0.0000,0.0000,0.0000,0.00,1,0.0000,0,0,162,0.0000,0.0000,0,-51.1523,0.0000,idle,0.0000,0.0000,0.0000,0.0000,0.0000,0.0000
TEL,6852,SAFE_DISABLED,0.0000,0.0000,0.0000,0.0000,0.00,1,0.0000,0,0,164,0.0000,0.0000,0,-51.1523,0.0000,idle,0.0000,0.0000,0.0000,0.0000,0.0000,0.0000
TEL,6952,SAFE_DISABLED,0.0000,0.0000,0.0000,0.0000,0.00,1,0.0000,0,0,167,0.0000,0.0000,0,-48.3398,0.0000,idle,0.0000,0.0000,0.0000,0.0000,0.0000,0.0000
TEL,7052,SAFE_DISABLED,0.0000,0.0000,0.0000,0.0000,0.00,1,0.0000,0,0,169,0.0000,0.0000,0,-33.5742,0.0000,idle,0.0000,0.0000,0.0000,0.0000,0.0000,0.0000
TEL,7152,SAFE_DISABLED,0.0000,0.0000,0.0000,0.0000,0.00,1,0.0000,0,0,172,0.0000,0.0000,0,-24.2578,0.0000,idle,0.0000,0.0000,0.0000,0.0000,0.0000,0.0000
TEL,7252,SAFE_DISABLED,0.0000,0.0000,0.0000,0.0000,0.00,1,0.0000,0,0,174,0.0000,0.0000,0,-13.9746,0.0000,idle,0.0000,0.0000,0.0000,0.0000,0.0000,0.0000
TEL,7352,SAFE_DISABLED,0.0000,0.0000,0.0000,0.0000,0.00,1,0.0000,0,0,177,0.0000,0.0000,0,-13.9746,0.0000,idle,0.0000,0.0000,0.0000,0.0000,0.0000,0.0000
TEL,7452,SAFE_DISABLED,0.0000,0.0000,0.0000,0.0000,0.00,1,0.0000,0,0,179,0.0000,0.0000,0,-14.0625,0.0000,idle,0.0000,0.0000,0.0000,0.0000,0.0000,0.0000
TEL,7552,SAFE_DISABLED,0.0000,0.0000,0.0000,0.0000,0.00,1,0.0000,0,0,182,0.0000,0.0000,0,-14.0625,0.0000,idle,0.0000,0.0000,0.0000,0.0000,0.0000,0.0000
TEL,7652,SAFE_DISABLED,0.0000,0.0000,0.0000,0.0000,0.00,1,0.0000,0,0,184,0.0000,0.0000,0,-14.0625,0.0000,idle,0.0000,0.0000,0.0000,0.0000,0.0000,0.0000
TEL,7752,SAFE_DISABLED,0.0000,0.0000,0.0000,0.0000,0.00,1,0.0000,0,0,187,0.0000,0.0000,0,-14.0625,0.0000,idle,0.0000,0.0000,0.0000,0.0000,0.0000,0.0000
TEL,7852,SAFE_DISABLED,0.0000,0.0000,0.0000,0.0000,0.00,1,0.0000,0,0,189,0.0000,0.0000,0,-14.0625,0.0000,idle,0.0000,0.0000,0.0000,0.0000,0.0000,0.0000
TEL,7952,SAFE_DISABLED,0.0000,0.0000,0.0000,0.0000,0.00,1,0.0000,0,0,192,0.0000,0.0000,0,-14.0625,0.0000,idle,0.0000,0.0000,0.0000,0.0000,0.0000,0.0000
TEL,8052,SAFE_DISABLED,9.2220,9.5346,0.0000,0.0000,0.00,0,0.0000,33,1,0,0.0000,0.0000,0,-14.0625,0.0000,idle,9.2220,9.5346,9.2220,9.5346,9.5346,0.4000
TEL,8152,SAFE_DISABLED,9.1962,9.0804,0.0000,0.0000,0.00,0,0.0000,14,1,0,0.0000,0.0000,0,-14.0625,0.0000,idle,9.1962,9.0804,9.1962,9.0804,9.0804,0.4000
TEL,8252,SAFE_DISABLED,7.1576,8.2287,0.0000,0.0000,0.00,0,0.0000,34,1,0,0.0000,0.0000,0,-14.0625,0.0000,idle,7.1576,8.2287,7.1576,8.2287,8.2287,0.4000
TEL,8352,SAFE_DISABLED,5.3415,6.6140,0.0000,0.0000,0.00,0,0.0000,14,1,0,0.0000,0.0000,0,-14.0625,0.0000,idle,5.3415,6.6140,5.3415,6.6140,6.6140,0.4000
TEL,8452,SAFE_DISABLED,4.8719,5.7952,0.0000,0.0000,0.00,0,0.0000,35,1,0,0.0000,0.0000,0,-14.0625,0.0000,idle,4.8719,5.7952,4.8719,5.7952,5.7952,0.4000
TEL,8552,SAFE_DISABLED,2.2986,3.8484,0.0000,0.0000,0.00,0,0.0000,14,1,0,0.0000,0.0000,0,-14.0625,0.0000,idle,2.2986,3.8484,2.2986,3.8484,3.8484,0.4000
TEL,8652,SAFE_DISABLED,0.7613,2.4121,0.0000,0.0000,0.00,0,0.0000,34,1,0,0.0000,0.0000,0,-14.0625,0.0000,idle,0.7613,2.4121,0.7613,2.4121,2.4121,0.4000
TEL,8752,SAFE_DISABLED,-0.6921,0.5663,0.0000,0.0000,0.00,0,0.0000,15,1,0,0.0000,0.0000,0,-14.0625,0.0000,idle,-0.6921,0.5663,-0.6921,0.5663,0.5663,0.4000
TEL,8852,SAFE_DISABLED,-2.6659,-0.9976,0.0000,0.0000,0.00,0,0.0000,35,1,0,0.0000,0.0000,0,-14.0625,0.0000,idle,-2.6659,-0.9976,-2.6659,-0.9976,-0.9976,0.4000
TEL,8952,SAFE_DISABLED,-4.5370,-3.0746,0.0000,0.0000,0.00,0,0.0000,15,1,0,0.0000,0.0000,0,-14.0625,0.0000,idle,-4.5370,-3.0746,-4.5370,-3.0746,-3.0746,0.4000
TEL,9052,SAFE_DISABLED,-5.0194,-4.0665,0.0000,0.0000,0.00,0,0.0000,35,1,0,0.0000,0.0000,0,-14.0625,0.0000,idle,-5.0194,-4.0665,-5.0194,-4.0665,-4.0665,0.4000
TEL,9153,SAFE_DISABLED,-5.0194,-4.8245,0.0000,0.0000,0.00,0,0.0000,14,1,0,0.0000,0.0000,0,-14.0625,0.0000,idle,-5.0194,-4.8245,-5.0194,-4.8245,-4.8245,0.4000
TEL,9253,SAFE_DISABLED,-2.7686,-4.0496,0.0000,0.0000,0.00,0,0.0000,34,1,0,0.0000,0.0000,0,-14.0625,0.0000,idle,-2.7686,-4.0496,-2.7686,-4.0496,-4.0496,0.4000
TEL,9353,SAFE_DISABLED,-1.8744,-2.3501,0.0000,0.0000,0.00,0,0.0000,1,1,0,0.0000,0.0000,0,-14.0625,0.0000,idle,-1.8744,-2.3501,-1.8744,-2.3501,-2.3501,0.4000
TEL,9453,SAFE_DISABLED,-1.4975,-1.8767,0.0000,0.0000,0.00,0,0.0000,21,1,0,0.0000,0.0000,0,-14.0625,0.0000,idle,-1.4975,-1.8767,-1.4975,-1.8767,-1.8767,0.4000
TEL,9553,SAFE_DISABLED,0.2984,1.0481,0.0000,0.0000,0.00,0,0.0000,1,1,0,0.0000,0.0000,0,-14.0625,0.0000,idle,0.2984,1.0481,0.2984,1.0481,1.0481,0.4000
TEL,9653,SAFE_DISABLED,-0.0219,0.5024,0.0000,0.0000,0.00,0,0.0000,21,1,0,0.0000,0.0000,0,-14.0625,0.0000,idle,-0.0219,0.5024,-0.0219,0.5024,0.5024,0.4000
TEL,9753,SAFE_DISABLED,8.4518,2.5823,0.0000,0.0000,0.00,0,0.0000,1,1,0,0.0000,0.0000,0,-14.0625,0.0000,idle,8.4518,2.5823,8.4518,2.5823,2.5823,0.4000
TEL,9853,SAFE_DISABLED,-0.1856,1.4010,0.0000,0.0000,0.00,0,0.0000,21,1,0,0.0000,0.0000,0,-14.0625,0.0000,idle,-0.1856,1.4010,-0.1856,1.4010,1.4010,0.4000
TEL,9953,SAFE_DISABLED,-1.4975,-0.3411,0.0000,0.0000,0.00,0,0.0000,1,1,0,0.0000,0.0000,0,-14.0625,0.0000,idle,-1.4975,-0.3411,-1.4975,-0.3411,-0.3411,0.4000
TEL,10053,SAFE_DISABLED,0.6093,1.6681,0.0000,0.0000,0.00,0,0.0000,21,1,0,0.0000,0.0000,0,-14.0625,0.0000,idle,0.6093,1.6681,0.6093,1.6681,1.6681,0.4000
TEL,10153,SAFE_DISABLED,-1.7790,-0.3456,0.0000,0.0000,0.00,0,0.0000,1,1,0,0.0000,0.0000,0,-14.0625,0.0000,idle,-1.7790,-0.3456,-1.7790,-0.3456,-0.3456,0.4000
TEL,10253,SAFE_DISABLED,-2.2636,-1.2421,0.0000,0.0000,0.00,0,0.0000,21,1,0,0.0000,0.0000,0,-14.0625,0.0000,idle,-2.2636,-1.2421,-2.2636,-1.2421,-1.2421,0.4000
TEL,10353,SAFE_DISABLED,-1.5906,-1.0856,0.0000,0.0000,0.00,0,0.0000,1,1,0,0.0000,0.0000,0,-14.0625,0.0000,idle,-1.5906,-1.0856,-1.5906,-1.0856,-1.0856,0.4000
TEL,10454,SAFE_DISABLED,-2.2636,-1.5846,0.0000,0.0000,0.00,0,0.0000,21,1,0,0.0000,0.0000,0,-14.0625,0.0000,idle,-2.2636,-1.5846,-2.2636,-1.5846,-1.5846,0.4000
TEL,10554,SAFE_DISABLED,-1.0431,0.3231,0.0000,0.0000,0.00,0,0.0000,1,1,0,0.0000,0.0000,0,-14.0625,0.0000,idle,-1.0431,0.3231,-1.0431,0.3231,0.3231,0.4000
TEL,10654,SAFE_DISABLED,-2.1651,-0.8848,0.0000,0.0000,0.00,0,0.0000,21,1,0,0.0000,0.0000,0,-14.0625,0.0000,idle,-2.1651,-0.8848,-2.1651,-0.8848,-0.8848,0.4000
TEL,10754,SAFE_DISABLED,8.1516,2.7550,0.0000,0.0000,0.00,0,0.0000,1,1,0,0.0000,0.0000,0,-14.0625,0.0000,idle,8.1516,2.7550,8.1516,2.7550,2.7550,0.4000
TEL,10854,SAFE_DISABLED,-2.1651,0.4053,0.0000,0.0000,0.00,0,0.0000,21,1,0,0.0000,0.0000,0,-14.0625,0.0000,idle,-2.1651,0.4053,-2.1651,0.4053,0.4053,0.4000
TEL,10954,SAFE_DISABLED,-2.6659,-1.5975,0.0000,0.0000,0.00,0,0.0000,1,1,0,0.0000,0.0000,0,-14.0625,0.0000,idle,-2.6659,-1.5975,-2.6659,-1.5975,-1.5975,0.4000
TEL,11054,SAFE_DISABLED,-2.5641,0.1004,0.0000,0.0000,0.00,0,0.0000,21,1,0,0.0000,0.0000,0,-14.0625,0.0000,idle,-2.5641,0.1004,-2.5641,0.1004,0.1004,0.4000
TEL,11154,SAFE_DISABLED,-3.9577,-2.5255,0.0000,0.0000,0.00,0,0.0000,1,1,0,0.0000,0.0000,0,-14.0625,0.0000,idle,-3.9577,-2.5255,-3.9577,-2.5255,-2.5255,0.4000
TEL,11254,SAFE_DISABLED,7.1576,0.0548,0.0000,0.0000,0.00,0,0.0000,21,1,0,0.0000,0.0000,0,-14.0625,0.0000,idle,7.1576,0.0548,7.1576,0.0548,0.0548,0.4000
TEL,11354,SAFE_DISABLED,-3.8449,-2.3657,0.0000,0.0000,0.00,0,0.0000,1,1,0,0.0000,0.0000,0,-14.0625,0.0000,idle,-3.8449,-2.3657,-3.8449,-2.3657,-2.3657,0.4000
TEL,11454,SAFE_DISABLED,-4.0715,-3.2118,0.0000,0.0000,0.00,0,0.0000,21,1,0,0.0000,0.0000,0,-14.0625,0.0000,idle,-4.0715,-3.2118,-4.0715,-3.2118,-3.2118,0.4000
TEL,11554,SAFE_DISABLED,-3.1881,-1.4244,0.0000,0.0000,0.00,0,0.0000,1,1,0,0.0000,0.0000,0,-14.0625,0.0000,idle,-3.1881,-1.4244,-3.1881,-1.4244,-1.4244,0.4000
TEL,11654,SAFE_DISABLED,-3.9577,-2.6692,0.0000,0.0000,0.00,0,0.0000,21,1,0,0.0000,0.0000,0,-14.0625,0.0000,idle,-3.9577,-2.6692,-3.9577,-2.6692,-2.6692,0.4000
TEL,11754,SAFE_DISABLED,-0.5207,-2.6987,0.0000,0.0000,0.00,0,0.0000,1,1,0,0.0000,0.0000,0,-14.0625,0.0000,idle,-0.5207,-2.6987,-0.5207,-2.6987,-2.6987,0.4000
TEL,11854,SAFE_DISABLED,-3.7331,-3.0895,0.0000,0.0000,0.00,0,0.0000,21,1,0,0.0000,0.0000,0,-14.0625,0.0000,idle,-3.7331,-3.0895,-3.7331,-3.0895,-3.0895,0.4000
TEL,11954,SAFE_DISABLED,-4.3022,-3.8659,0.0000,0.0000,0.00,0,0.0000,1,1,0,0.0000,0.0000,0,-14.0625,0.0000,idle,-4.3022,-3.8659,-4.3022,-3.8659,-3.8659,0.4000
TEL,12054,SAFE_DISABLED,-2.6659,-2.6480,0.0000,0.0000,0.00,0,0.0000,21,1,0,0.0000,0.0000,0,-14.0625,0.0000,idle,-2.6659,-2.6480,-2.6659,-2.6480,-2.6480,0.4000
TEL,12154,SAFE_DISABLED,-4.0715,-3.5096,0.0000,0.0000,0.00,0,0.0000,1,1,0,0.0000,0.0000,0,-14.0625,0.0000,idle,-4.0715,-3.5096,-4.0715,-3.5096,-3.5096,0.4000
TEL,12254,SAFE_DISABLED,7.6731,-0.3458,0.0000,0.0000,0.00,0,0.0000,21,1,0,0.0000,0.0000,0,-14.0625,0.0000,idle,7.6731,-0.3458,7.6731,-0.3458,-0.3458,0.4000
TEL,12354,SAFE_DISABLED,-3.8449,-2.4319,0.0000,0.0000,0.00,0,0.0000,1,1,0,0.0000,0.0000,0,-14.0625,0.0000,idle,-3.8449,-2.4319,-3.8449,-2.4319,-2.4319,0.4000
TEL,12454,SAFE_DISABLED,-4.0715,-3.2442,0.0000,0.0000,0.00,0,0.0000,21,1,0,0.0000,0.0000,0,-14.0625,0.0000,idle,-4.0715,-3.2442,-4.0715,-3.2442,-3.2442,0.4000
TEL,12554,SAFE_DISABLED,-3.2953,-3.1300,0.0000,0.0000,0.00,0,0.0000,1,1,0,0.0000,0.0000,0,-14.0625,0.0000,idle,-3.2953,-3.1300,-3.2953,-3.1300,-3.1300,0.4000
TEL,12654,SAFE_DISABLED,-3.9577,-3.5285,0.0000,0.0000,0.00,0,0.0000,21,1,0,0.0000,0.0000,0,-14.0625,0.0000,idle,-3.9577,-3.5285,-3.9577,-3.5285,-3.5285,0.4000
TEL,12754,SAFE_DISABLED,-2.2636,-0.9848,0.0000,0.0000,0.00,0,0.0000,1,1,0,0.0000,0.0000,0,-14.0625,0.0000,idle,-2.2636,-0.9848,-2.2636,-0.9848,-0.9848,0.4000
TEL,12854,SAFE_DISABLED,-3.7331,-2.3400,0.0000,0.0000,0.00,0,0.0000,21,1,0,0.0000,0.0000,0,-14.0625,0.0000,idle,-3.7331,-2.3400,-3.7331,-2.3400,-2.3400,0.4000
TEL,12954,SAFE_DISABLED,6.7535,-0.2134,0.0000,0.0000,0.00,0,0.0000,1,1,0,0.0000,0.0000,0,-14.0625,0.0000,idle,6.7535,-0.2134,6.7535,-0.2134,-0.2134,0.4000
ERR,sonar_not_ready
TEL,13398,SAFE_DISABLED,-0.3519,-2.4429,0.0000,0.0000,0.00,0,0.0000,0,1,0,0.0000,0.0000,0,-14.0625,0.0000,idle,-0.3519,-2.4429,-0.3519,-2.4429,-2.4429,0.4000
ERR,sonar_not_ready
TEL,13841,SAFE_DISABLED,-4.6560,-3.0452,0.0000,0.0000,0.00,0,0.0000,0,1,0,0.0000,0.0000,0,-14.0625,0.0000,idle,-4.6560,-3.0452,-4.6560,-3.0452,-3.0452,0.4000
ERR,sonar_not_ready
TEL,14283,SAFE_DISABLED,-4.4191,-2.2471,0.0000,0.0000,0.00,0,0.0000,0,1,0,0.0000,0.0000,0,-14.0625,0.0000,idle,-4.4191,-2.2471,-4.4191,-2.2471,-2.2471,0.4000
TEL,14383,SAFE_DISABLED,-1.2227,-2.4709,0.0000,0.0000,0.00,0,0.0000,20,1,0,0.0000,0.0000,0,-14.0625,0.0000,idle,-1.2227,-2.4709,-1.2227,-2.4709,-2.4709,0.4000
TEL,14483,SAFE_DISABLED,-3.6222,-2.9669,0.0000,0.0000,0.00,0,0.0000,21,1,0,0.0000,0.0000,0,-14.0625,0.0000,idle,-3.6222,-2.9669,-3.6222,-2.9669,-2.9669,0.4000
TEL,14583,SAFE_DISABLED,-4.4191,-3.7563,0.0000,0.0000,0.00,0,0.0000,12,1,0,0.0000,0.0000,0,-14.0625,0.0000,idle,-4.4191,-3.7563,-4.4191,-3.7563,-3.7563,0.4000
TEL,14683,SAFE_DISABLED,-2.8722,-1.0839,0.0000,0.0000,0.00,0,0.0000,33,1,0,0.0000,0.0000,0,-14.0625,0.0000,idle,-2.8722,-1.0839,-2.8722,-1.0839,-1.0839,0.4000
TEL,14783,SAFE_DISABLED,-3.9577,-2.8828,0.0000,0.0000,0.00,0,0.0000,13,1,0,0.0000,0.0000,0,-14.0625,0.0000,idle,-3.9577,-2.8828,-3.9577,-2.8828,-2.8828,0.4000
TEL,14883,SAFE_DISABLED,7.7717,0.0154,0.0000,0.0000,0.00,0,0.0000,33,1,0,0.0000,0.0000,0,-14.0625,0.0000,idle,7.7717,0.0154,7.7717,0.0154,0.0154,0.4000
TEL,14983,SAFE_DISABLED,-3.8449,-2.2927,0.0000,0.0000,0.00,0,0.0000,13,1,0,0.0000,0.0000,0,-14.0625,0.0000,idle,-3.8449,-2.2927,-3.8449,-2.2927,-2.2927,0.4000
TEL,15083,SAFE_DISABLED,-4.0715,-3.1760,0.0000,0.0000,0.00,0,0.0000,33,1,0,0.0000,0.0000,0,-14.0625,0.0000,idle,-4.0715,-3.1760,-4.0715,-3.1760,-3.1760,0.4000
TEL,15183,SAFE_DISABLED,-3.4033,-1.3907,0.0000,0.0000,0.00,0,0.0000,13,1,0,0.0000,0.0000,0,-14.0625,0.0000,idle,-3.4033,-1.3907,-3.4033,-1.3907,-1.3907,0.4000
TEL,15283,SAFE_DISABLED,-3.9577,-2.6762,0.0000,0.0000,0.00,0,0.0000,33,1,0,0.0000,0.0000,0,-14.0625,0.0000,idle,-3.9577,-2.6762,-3.9577,-2.6762,-2.6762,0.4000
TEL,15383,SAFE_DISABLED,-2.3630,-0.7449,0.0000,0.0000,0.00,0,0.0000,13,1,0,0.0000,0.0000,0,-14.0625,0.0000,idle,-2.3630,-0.7449,-2.3630,-0.7449,-0.7449,0.4000
TEL,15483,SAFE_DISABLED,-3.8449,-2.2332,0.0000,0.0000,0.00,0,0.0000,33,1,0,0.0000,0.0000,0,-14.0625,0.0000,idle,-3.8449,-2.2332,-3.8449,-2.2332,-2.2332,0.4000
TEL,15583,SAFE_DISABLED,7.0858,-0.0770,0.0000,0.0000,0.00,0,0.0000,13,1,0,0.0000,0.0000,0,-14.0625,0.0000,idle,7.0858,-0.0770,7.0858,-0.0770,-0.0770,0.4000
TEL,15683,SAFE_DISABLED,-3.4033,-1.4323,0.0000,0.0000,0.00,0,0.0000,33,1,0,0.0000,0.0000,0,-14.0625,0.0000,idle,-3.4033,-1.4323,-3.4033,-1.4323,-1.4323,0.4000
TEL,15783,SAFE_DISABLED,-4.0715,-3.1091,0.0000,0.0000,0.00,0,0.0000,13,1,0,0.0000,0.0000,0,-14.0625,0.0000,idle,-4.0715,-3.1091,-4.0715,-3.1091,-3.1091,0.4000
TEL,15883,SAFE_DISABLED,-0.8662,-2.7863,0.0000,0.0000,0.00,0,0.0000,33,1,0,0.0000,0.0000,0,-14.0625,0.0000,idle,-0.8662,-2.7863,-0.8662,-2.7863,-2.7863,0.4000
TEL,15983,SAFE_DISABLED,-3.8449,-3.3618,0.0000,0.0000,0.00,0,0.0000,13,1,0,0.0000,0.0000,0,-14.0625,0.0000,idle,-3.8449,-3.3618,-3.8449,-3.3618,-3.3618,0.4000
TEL,16083,SAFE_DISABLED,-4.1864,-3.7582,0.0000,0.0000,0.00,0,0.0000,33,1,0,0.0000,0.0000,0,-14.0625,0.0000,idle,-4.1864,-3.7582,-4.1864,-3.7582,-3.7582,0.4000
TEL,16183,SAFE_DISABLED,-3.5123,-1.8380,0.0000,0.0000,0.00,0,0.0000,13,1,0,0.0000,0.0000,0,-14.0625,0.0000,idle,-3.5123,-1.8380,-3.5123,-1.8380,-1.8380,0.4000
TEL,16283,SAFE_DISABLED,-3.9577,-2.9191,0.0000,0.0000,0.00,0,0.0000,33,1,0,0.0000,0.0000,0,-14.0625,0.0000,idle,-3.9577,-2.9191,-3.9577,-2.9191,-2.9191,0.4000
TEL,16384,SAFE_DISABLED,-2.7686,-0.8770,0.0000,0.0000,0.00,0,0.0000,13,1,0,0.0000,0.0000,0,-14.0625,0.0000,idle,-2.7686,-0.8770,-2.7686,-0.8770,-0.8770,0.4000
TEL,16484,SAFE_DISABLED,-3.8449,-2.2979,0.0000,0.0000,0.00,0,0.0000,33,1,0,0.0000,0.0000,0,-14.0625,0.0000,idle,-3.8449,-2.2979,-3.8449,-2.2979,-2.2979,0.4000
TEL,16584,SAFE_DISABLED,7.2989,-0.0353,0.0000,0.0000,0.00,0,0.0000,13,1,0,0.0000,0.0000,0,-14.0625,0.0000,idle,7.2989,-0.0353,7.2989,-0.0353,-0.0353,0.4000
TEL,16684,SAFE_DISABLED,-3.4033,-1.7759,0.0000,0.0000,0.00,0,0.0000,33,1,0,0.0000,0.0000,0,-14.0625,0.0000,idle,-3.4033,-1.7759,-3.4033,-1.7759,-1.7759,0.4000
TEL,16784,SAFE_DISABLED,-4.0715,-3.2105,0.0000,0.0000,0.00,0,0.0000,13,1,0,0.0000,0.0000,0,-14.0625,0.0000,idle,-4.0715,-3.2105,-4.0715,-3.2105,-3.2105,0.4000
TEL,16884,SAFE_DISABLED,-1.8744,-0.6550,0.0000,0.0000,0.00,0,0.0000,33,1,0,0.0000,0.0000,0,-14.0625,0.0000,idle,-1.8744,-0.6550,-1.8744,-0.6550,-0.6550,0.4000
OK,stopped
TEL,16984,SAFE_DISABLED,-3.9577,-2.6881,0.0000,0.0000,0.00,0,0.0000,14,1,0,0.0000,0.0000,0,-14.0625,0.0000,idle,-3.9577,-2.6881,-3.9577,-2.6881,-2.6881,0.4000
