BALL_BEAM_BOOT
HELP,keys
STATE,SAFE_DISABLED
SENSORS,angle=bad,pos=bad
MEAS,theta_deg=0.0000,x_cm=0.0000,x_filt_cm=0.0000
AGE,angle_ms=1,pos_ms=1
FAULTS,bits=0
CAL,zero_calibrated=yes,limits_calibrated=yes,sign_calibrated=yes
CAL_STORE,status=loaded
TEL,enabled=1
FAULT_INFO,bits=0
FAULT_INFO,mode=bringup_warning
FAULT_INFO,none
TEL,349,SAFE_DISABLED,-0.9998,-0.9998,0.0879,0.0000,0.00,0
TEL,449,SAFE_DISABLED,0.0002,-0.3998,0.0879,0.0000,0.00,0
TEL,549,SAFE_DISABLED,-0.4998,-0.3100,0.0879,0.0000,0.00,0
TEL,649,SAFE_DISABLED,-0.9998,-0.9437,0.0879,0.0000,0.00,0
TEL,749,SAFE_DISABLED,0.0002,-0.3962,0.0879,0.0000,0.00,0
TEL,849,SAFE_DISABLED,0.0002,-0.0252,0.0879,0.0000,0.00,0
TEL,949,SAFE_DISABLED,0.0002,-0.0039,0.0879,0.0000,0.00,0
TEL,1049,SAFE_DISABLED,-0.9998,-0.9551,0.0879,0.0000,0.00,0
TEL,1149,SAFE_DISABLED,0.0002,-0.1089,0.0879,0.0000,0.00,0
TEL,1249,SAFE_DISABLED,0.0002,-0.1089,0.0879,0.0000,0.00,0
TEL,1349,SAFE_DISABLED,0.0002,-0.0890,0.0879,0.0000,0.00,0
TEL,1449,SAFE_DISABLED,0.0002,-0.0021,0.0879,0.0000,0.00,0
TEL,1549,SAFE_DISABLED,0.0002,-0.2399,0.0879,0.0000,0.00,0
TEL,1649,SAFE_DISABLED,0.0002,-0.0382,0.0879,0.0000,0.00,0
TEL,1750,SAFE_DISABLED,0.0002,0.0001,0.0879,0.0000,0.00,0
TEL,1850,SAFE_DISABLED,-0.4998,-0.2998,0.0879,0.0000,0.00,0
TEL,1950,SAFE_DISABLED,-0.9998,-0.8139,0.0879,0.0000,0.00,0
TEL,2050,SAFE_DISABLED,-0.9998,-0.9995,0.0879,0.0000,0.00,0
TEL,2150,SAFE_DISABLED,-0.4998,-0.4597,0.0879,0.0000,0.00,0
TEL,2250,SAFE_DISABLED,0.0002,-0.0772,0.0879,0.0000,0.00,0
TEL,2350,SAFE_DISABLED,0.0002,-0.0122,0.0879,0.0000,0.00,0
TEL,2450,SAFE_DISABLED,0.0002,-0.0018,0.0879,0.0000,0.00,0
TEL,2550,SAFE_DISABLED,-0.9998,-0.7679,0.0879,0.0000,0.00,0
TEL,2650,SAFE_DISABLED,0.0002,-0.0970,0.0879,0.0000,0.00,0
TEL,2750,SAFE_DISABLED,0.0002,-0.0153,0.0879,0.0000,0.00,0
TEL,2850,SAFE_DISABLED,0.0002,-0.0008,0.0879,0.0000,0.00,0
TEL,2950,SAFE_DISABLED,-0.9998,-0.9896,0.0879,0.0000,0.00,0
TEL,3050,SAFE_DISABLED,0.0002,-0.1111,0.0879,0.0000,0.00,0
TEL,3150,SAFE_DISABLED,0.0002,-0.0443,0.0879,0.0000,0.00,0
OK,telemetry=0
OK,cal_reset_saved
OK,cal_zero_angle_set=326.777343
CAL_ZERO,as5600_zero_deg=326.777343,sonar_center_cm=20.000000,zero_calibrated=no
OK,cal_zero_position_set=30.000000
CAL_ZERO,as5600_zero_deg=326.777343,sonar_center_cm=30.000000,zero_calibrated=yes
OK,cal_limit_down_set=15.292969
CAL_LIMITS,lower_deg=15.292969,upper_deg=3.000000,limits_calibrated=no
OK,cal_limit_up_set=-32.431640
OK,as5600_sign=-1
CAL_LIMITS,lower_deg=-15.292969,upper_deg=32.431640,limits_calibrated=yes
OK,stepper_sign=-1,delta=-16.7871
OK,telemetry=1
TEL,52631,READY,0.0000,0.0000,-1.6699,0.0000,0.00,0
TEL,52731,READY,0.0000,0.0000,-1.6699,0.0000,0.00,0
TEL,52831,READY,0.0000,0.0000,-1.6699,0.0000,0.00,0
TEL,52931,READY,0.0000,0.0000,-1.6699,0.0000,0.00,0
TEL,53031,READY,0.0000,0.0000,-1.6699,0.0000,0.00,0
TEL,53131,READY,0.0000,0.0000,-1.6699,0.0000,0.00,0
TEL,53231,READY,0.0000,0.0000,-1.6699,0.0000,0.00,0
TEL,53331,READY,0.0000,0.0000,-1.6699,0.0000,0.00,0
TEL,53431,READY,0.0000,0.0000,-1.6699,0.0000,0.00,0
TEL,53531,READY,0.0000,0.0000,-1.6699,0.0000,0.00,0
TEL,53632,READY,0.0000,0.0000,-1.6699,0.0000,0.00,0
TEL,53732,READY,0.0000,0.0000,-1.6699,0.0000,0.00,0
TEL,53832,READY,0.0000,0.0000,-1.6699,0.0000,0.00,0
TEL,53932,READY,0.0000,0.0000,-1.6699,0.0000,0.00,0
TEL,54032,READY,0.0000,0.0000,-1.6699,0.0000,0.00,0
TEL,54132,READY,0.0000,0.0000,-1.6699,0.0000,0.00,0
TEL,54232,READY,0.0000,0.0000,-1.6699,0.0000,0.00,0
TEL,54332,READY,0.0000,0.0000,-1.6699,0.0000,0.00,0
TEL,54432,READY,0.0000,0.0000,-1.6699,0.0000,0.00,0
TEL,54532,READY,0.0000,0.0000,-1.6699,0.0000,0.00,0
TEL,54632,READY,0.0000,0.0000,-1.6699,0.0000,0.00,0
TEL,54732,READY,0.0000,0.0000,-1.6699,0.0000,0.00,0
TEL,54832,READY,0.0000,0.0000,-1.6699,0.0000,0.00,0
TEL,54932,READY,0.0000,0.0000,-1.6699,0.0000,0.00,0
TEL,55032,READY,0.0000,0.0000,-1.6699,0.0000,0.00,0
TEL,55132,READY,0.0000,0.0000,-1.6699,0.0000,0.00,0
TEL,55232,READY,0.0000,0.0000,-1.6699,0.0000,0.00,0
TEL,55332,READY,0.0000,0.0000,-1.6699,0.0000,0.00,0
TEL,55432,READY,0.0000,0.0000,-1.6699,0.0000,0.00,0
OK,stepper_sign=-1,delta=23.3789
TEL,57833,READY,0.0000,0.0000,-0.0879,0.0000,0.00,0
TEL,57933,READY,0.0000,0.0000,-0.1033,0.0000,0.00,0
TEL,58033,READY,-1.0000,-0.8400,-0.1034,0.0000,0.00,0
TEL,58133,READY,-1.0000,-0.9744,-0.1243,0.0000,0.00,0
TEL,58233,READY,-0.5000,-0.6984,-0.1452,0.0000,0.00,0
TEL,58333,READY,-0.5000,-0.6517,-0.1066,0.0000,0.00,0
TEL,58433,READY,-0.5000,-0.5607,-0.1064,0.0000,0.00,0
TEL,58533,READY,0.0000,-0.2097,-0.1143,0.0000,0.00,0
TEL,58633,READY,0.0000,-0.0336,-0.1077,0.0000,0.00,0
TEL,58733,READY,-1.0000,-0.6134,-0.1195,0.0000,0.00,0
TEL,58833,READY,0.0000,-0.0873,-0.1180,0.0000,0.00,0
TEL,58933,READY,0.0000,-0.0056,-0.0930,0.0000,0.00,0
TEL,59033,READY,0.0000,-0.0056,-0.1434,0.0000,0.00,0
TEL,59133,READY,0.0000,-0.0056,-0.1063,0.0000,0.00,0
TEL,59233,READY,-1.0000,-0.6022,-0.1393,0.0000,0.00,0
TEL,59333,READY,-1.0000,-0.6022,-0.1248,0.0000,0.00,0
TEL,59433,READY,0.0000,-0.1585,-0.1453,0.0000,0.00,0
TEL,59533,READY,0.0000,-0.0634,-0.1522,0.0000,0.00,0
TEL,59633,READY,0.0000,-0.0041,-0.1179,0.0000,0.00,0
TEL,59734,READY,-1.0000,-0.6016,-0.0993,0.0000,0.00,0
TEL,59834,READY,0.0000,-0.0865,-0.1275,0.0000,0.00,0
TEL,59934,READY,0.0000,-0.0009,-0.1228,0.0000,0.00,0
TEL,60034,READY,-0.5000,-0.5401,-0.1405,0.0000,0.00,0
TEL,60135,READY,-1.0000,-0.9997,-0.1360,0.0000,0.00,0
TEL,60235,READY,-1.0000,-1.0000,-0.1364,0.0000,0.00,0
TEL,60335,READY,-1.0000,-1.0000,-0.1235,0.0000,0.00,0
TEL,60435,READY,-1.0000,-1.0000,-0.1203,0.0000,0.00,0
TEL,60535,READY,0.0000,-0.1840,-0.1574,0.0000,0.00,0
TEL,60635,READY,0.0000,-0.0047,-0.1573,0.0000,0.00,0
TEL,60735,READY,0.0000,-0.0047,-0.1444,0.0000,0.00,0
TEL,60835,READY,0.0000,-0.0008,-0.1064,0.0000,0.00,0
TEL,60935,READY,0.0000,-0.0000,-0.1287,0.0000,0.00,0
TEL,61035,READY,0.0000,-0.0000,-0.1365,0.0000,0.00,0
TEL,61135,READY,0.0000,-0.0000,-0.1601,0.0000,0.00,0
TEL,61235,READY,0.0000,-0.2160,-0.1354,0.0000,0.00,0
TEL,61335,READY,0.0000,-0.0864,-0.1442,0.0000,0.00,0
TEL,61435,READY,0.0000,-0.0138,-0.1351,0.0000,0.00,0
TEL,61535,READY,-0.5000,-0.5422,-0.1335,0.0000,0.00,0
TEL,61635,READY,-0.5000,-0.5422,-0.1439,0.0000,0.00,0
TEL,61735,READY,0.0000,-0.0139,-0.1485,0.0000,0.00,0
TEL,61835,READY,0.0000,-0.0004,-0.1437,0.0000,0.00,0
TEL,61935,READY,0.0000,-0.0001,-0.1641,0.0000,0.00,0
TEL,62035,READY,-0.5000,-0.3000,-0.1584,0.0000,0.00,0
TEL,62135,READY,-0.5000,-0.3000,-0.1127,0.0000,0.00,0
TEL,62235,READY,0.0000,-0.0192,-0.1467,0.0000,0.00,0
TEL,62336,READY,0.0000,-0.0031,-0.1107,0.0000,0.00,0
TEL,62436,READY,-0.5000,-0.5881,-0.1464,0.0000,0.00,0
TEL,62536,READY,0.0000,-0.3256,-0.1316,0.0000,0.00,0
TEL,62636,READY,0.0000,-0.2921,-0.1291,0.0000,0.00,0
TEL,62736,READY,0.0000,-0.1147,-0.1460,0.0000,0.00,0
TEL,62836,READY,0.0000,-0.0183,-0.1394,0.0000,0.00,0
TEL,62936,READY,0.0000,-0.0012,-0.1279,0.0000,0.00,0
TEL,63036,READY,0.0000,-0.0005,-0.1364,0.0000,0.00,0
TEL,63136,READY,0.0000,-0.0001,-0.1409,0.0000,0.00,0
TEL,63236,READY,-0.5000,-0.3000,-0.1345,0.0000,0.00,0
TEL,63336,READY,0.0000,-0.0511,-0.1150,0.0000,0.00,0
TEL,63436,READY,-1.0000,-0.9757,-0.1592,0.0000,0.00,0
TEL,63536,READY,-1.0000,-0.9994,-0.1262,0.0000,0.00,0
TEL,63636,READY,0.0000,-0.4000,-0.1361,0.0000,0.00,0
TEL,63736,READY,-0.5000,-0.3007,-0.1224,0.0000,0.00,0
TEL,63836,READY,-1.0000,-0.9552,-0.1420,0.0000,0.00,0
TEL,63936,READY,0.0000,-0.1598,-0.1437,0.0000,0.00,0
TEL,64036,READY,0.0000,-0.0256,-0.1641,0.0000,0.00,0
TEL,64136,READY,-0.5000,-0.4241,-0.1463,0.0000,0.00,0
TEL,64236,READY,0.0000,-0.1696,-0.1241,0.0000,0.00,0
TEL,64336,READY,0.0000,-0.1486,-0.1093,0.0000,0.00,0
TEL,64436,READY,0.0000,-0.1486,-0.1517,0.0000,0.00,0
TEL,64536,READY,-1.0000,-0.9302,-0.1404,0.0000,0.00,0
TEL,64636,READY,-1.0000,-0.9982,-0.1450,0.0000,0.00,0
TEL,64736,READY,0.0000,-0.2800,-0.1423,0.0000,0.00,0
TEL,64836,READY,-1.0000,-0.6448,-0.1363,0.0000,0.00,0
TEL,64936,READY,0.0000,-0.0054,-0.1314,0.0000,0.00,0
TEL,65036,READY,0.0000,-0.0009,-0.1464,0.0000,0.00,0
TEL,65136,READY,-0.5000,-0.3000,-0.1354,0.0000,0.00,0
TEL,65236,READY,-0.5000,-0.4200,-0.1376,0.0000,0.00,0
TEL,65336,READY,0.0000,-0.1680,-0.1367,0.0000,0.00,0
TEL,65436,READY,0.0000,-0.0672,-0.1024,0.0000,0.00,0
OK,telemetry=0
OK,cal_saved
STATE,READY
SENSORS,angle=ok,pos=ok
MEAS,theta_deg=-0.1654,x_cm=0.0000,x_filt_cm=-0.0007
AGE,angle_ms=6,pos_ms=71
FAULTS,bits=0
CAL,zero_calibrated=yes,limits_calibrated=yes,sign_calibrated=yes
CAL_STORE,status=loaded
TEL,enabled=0
FAULT_INFO,bits=0
FAULT_INFO,mode=bringup_warning
FAULT_INFO,none
OK,telemetry=1
TEL,82944,READY,0.0000,0.0000,-0.1756,0.0000,0.00,0
TEL,83044,READY,0.0000,0.0000,-0.1430,0.0000,0.00,0
TEL,83144,READY,0.0000,0.0000,-0.1639,0.0000,0.00,0
TEL,83244,READY,0.0000,0.0000,-0.1609,0.0000,0.00,0
TEL,83344,READY,0.0000,0.0000,-0.1340,0.0000,0.00,0
TEL,83444,READY,-0.5000,-0.4200,-0.1503,0.0000,0.00,0
TEL,83544,READY,0.0000,-0.0269,-0.1530,0.0000,0.00,0
TEL,83644,READY,0.0000,-0.0043,-0.1720,0.0000,0.00,0
TEL,83744,READY,0.0000,-0.0000,-0.1751,0.0000,0.00,0
TEL,83844,READY,0.0000,-0.0000,-0.1572,0.0000,0.00,0
TEL,83944,READY,0.0000,0.0000,-0.1334,0.0000,0.00,0
TEL,84044,READY,0.0000,0.0000,-0.1623,0.0000,0.00,0
TEL,84144,READY,0.0000,0.0000,-0.1279,0.0000,0.00,0
TEL,84244,READY,0.0000,0.0000,-0.1524,0.0000,0.00,0
TEL,84344,READY,0.0000,0.0000,-0.1718,0.0000,0.00,0
TEL,84444,READY,0.0000,0.0000,-0.1688,0.0000,0.00,0
TEL,84544,READY,0.0000,0.0000,-0.1392,0.0000,0.00,0
TEL,84644,READY,0.0000,-0.1200,-0.1369,0.0000,0.00,0
TEL,84744,READY,0.0000,-0.0192,-0.1693,0.0000,0.00,0
TEL,84844,READY,0.0000,-0.0031,-0.1684,0.0000,0.00,0
TEL,84944,READY,0.0000,-0.0012,-0.1391,0.0000,0.00,0
TEL,85044,READY,0.0000,-0.0000,-0.1606,0.0000,0.00,0
TEL,85144,READY,0.0000,-0.0000,-0.1732,0.0000,0.00,0
TEL,85244,READY,0.0000,-0.0000,-0.1622,0.0000,0.00,0
OK,running
TEL,85344,RUNNING,0.0000,0.0000,-0.0876,0.0000,44.06,0
TEL,85444,RUNNING,0.0000,0.0000,0.1829,0.0000,-73.83,0
TEL,85544,RUNNING,0.0000,0.0000,-0.0855,0.0000,31.24,0
TEL,85644,RUNNING,0.0000,0.0000,-0.1067,0.0000,55.62,0
TEL,85744,RUNNING,0.0000,0.0000,0.1970,0.0000,-80.54,0
TEL,85844,RUNNING,0.0000,0.0000,-0.1428,0.0000,58.41,0
TEL,85944,RUNNING,0.0000,0.0000,0.0640,0.0000,-19.40,0
TEL,86044,RUNNING,0.0000,0.0000,0.0563,0.0000,-27.13,0
TEL,86144,RUNNING,0.0000,0.0000,-0.0790,0.0000,33.36,0
TEL,86244,RUNNING,0.0000,0.0000,0.0645,0.0000,-24.11,0
TEL,86344,RUNNING,0.0000,0.0000,0.0281,0.0000,-16.72,0
TEL,86444,RUNNING,0.0000,0.0000,-0.1151,0.0000,49.69,0
TEL,86544,RUNNING,0.0000,0.0000,0.1500,0.0000,-61.69,0
TEL,86644,RUNNING,0.0000,0.0000,-0.0628,0.0000,18.33,0
TEL,86744,RUNNING,0.0000,0.0000,-0.0746,0.0000,34.74,0
TEL,86844,RUNNING,0.0000,0.0000,0.1651,0.0000,-71.76,0
TEL,86944,RUNNING,0.0000,0.0000,-0.1353,0.0000,-7.24,0
TEL,87044,RUNNING,0.0000,0.0000,-0.1261,0.0000,56.09,0
TEL,87144,RUNNING,0.0000,0.0000,0.1470,0.0000,-62.73,0
TEL,87244,RUNNING,0.0000,0.0000,-0.1293,0.0000,49.75,0
TEL,87344,RUNNING,0.0000,0.0000,-0.0005,0.0000,6.76,0
TEL,87444,RUNNING,0.0000,0.0000,0.2058,0.0000,-91.96,0
TEL,87544,RUNNING,0.0000,0.0000,-0.2298,0.0000,92.88,0
TEL,87644,RUNNING,0.0000,0.0000,0.1071,0.0000,-37.47,0
TEL,87744,RUNNING,0.0000,0.0000,0.0526,0.0000,-29.41,0
TEL,87844,RUNNING,0.0000,0.0000,-0.1393,0.0000,59.48,0
TEL,87944,RUNNING,0.0000,0.0000,0.1459,0.0000,-59.33,0
TEL,88044,RUNNING,0.0000,0.0000,-0.0434,0.0000,12.04,0
TEL,88144,RUNNING,0.0000,0.0000,-0.1291,0.0000,60.22,0
TEL,88244,RUNNING,0.0000,0.0000,0.2035,0.0000,-83.56,0
TEL,88344,RUNNING,0.0000,0.0000,-0.0915,0.0000,31.29,0
TEL,88444,RUNNING,0.0000,0.0000,-0.0794,0.0000,38.88,0
TEL,88544,RUNNING,0.0000,0.0000,0.1219,0.0000,-51.96,0
TEL,88644,RUNNING,0.0000,0.0000,-0.1040,0.0000,41.94,0
TEL,88744,RUNNING,0.0000,0.0000,0.0383,0.0000,-12.09,0
TEL,88844,RUNNING,0.0000,0.0000,0.0686,0.0000,-32.29,0
TEL,88944,RUNNING,0.0000,0.0000,-0.1861,0.0000,79.76,0
TEL,89044,RUNNING,0.0000,0.0000,0.1034,0.0000,-34.62,0
TEL,89144,RUNNING,0.0000,0.0000,0.0476,0.0000,-21.54,0
TEL,89244,RUNNING,0.0000,0.0000,-0.0934,0.0000,42.54,0
TEL,89344,RUNNING,0.0000,0.0000,0.1088,0.0000,-42.62,0
TEL,89444,RUNNING,0.0000,0.0000,-0.0375,0.0000,12.88,0
TEL,89544,RUNNING,0.0000,0.0000,-0.0550,0.0000,28.36,0
TEL,89644,RUNNING,0.0000,0.0000,0.1106,0.0000,-46.30,0
TEL,89744,RUNNING,0.0000,0.0000,-0.0930,0.0000,37.87,0
TEL,89844,RUNNING,0.0000,0.0000,-0.0239,0.0000,16.89,0
TEL,89944,RUNNING,0.0000,0.0000,0.1563,0.0000,-67.66,0
TEL,90044,RUNNING,0.0000,0.0000,-0.1651,0.0000,67.46,0
TEL,90144,RUNNING,0.0000,0.0000,0.0732,0.0000,-23.44,0
TEL,90244,RUNNING,0.0000,0.0000,0.1046,0.0000,-51.62,0
TEL,90344,RUNNING,0.0000,0.0000,-0.2422,0.0000,103.45,0
TEL,90444,RUNNING,0.0000,0.0000,0.1801,0.0000,-68.91,0
TEL,90544,RUNNING,0.0000,0.0000,-0.0173,0.0000,0.90,0
TEL,90644,RUNNING,0.0000,0.0000,-0.1247,0.0000,57.09,0
TEL,90744,RUNNING,0.0000,0.0000,0.2031,0.0000,-83.41,0
TEL,90844,RUNNING,0.0000,0.0000,-0.0668,0.0000,19.16,0
TEL,90944,RUNNING,0.0000,0.0000,-0.0753,0.0000,34.34,0
TEL,91044,RUNNING,0.0000,0.0000,0.1650,0.0000,-72.37,0
TEL,91144,RUNNING,0.0000,0.0000,-0.1353,0.0000,50.46,0
TEL,91244,RUNNING,0.0000,0.0000,-0.0015,0.0000,5.63,0
TEL,91344,RUNNING,0.0000,0.0000,0.1793,0.0000,-83.45,0
TEL,91444,RUNNING,0.0000,0.0000,-0.1612,0.0000,66.83,0
TEL,91544,RUNNING,0.0000,0.0000,0.0801,0.0000,-26.73,0
TEL,91644,RUNNING,0.0000,0.0000,0.0327,0.0000,-18.26,0
TEL,91744,RUNNING,0.0000,0.0000,-0.1812,0.0000,80.22,0
TEL,91844,RUNNING,0.0000,0.0000,0.1782,0.0000,-68.93,0
TEL,91944,RUNNING,0.0000,0.0000,-0.0176,0.0000,0.30,0
TEL,92044,RUNNING,0.0000,0.0000,-0.1248,0.0000,56.40,0
TEL,92144,RUNNING,0.0000,0.0000,0.2031,0.0000,-84.13,0
TEL,92244,RUNNING,0.0000,0.0000,-0.0668,0.0000,18.44,0
TEL,92344,RUNNING,0.0000,0.0000,-0.0753,0.0000,33.62,0
TEL,92444,RUNNING,0.0000,0.0000,0.1740,0.0000,-77.93,0
TEL,92544,RUNNING,0.0000,0.0000,-0.1621,0.0000,62.64,0
TEL,92644,RUNNING,0.0000,0.0000,0.0607,0.0000,-21.08,0
TEL,92744,RUNNING,0.0000,0.0000,0.0743,0.0000,-38.11,0
TEL,92844,RUNNING,0.0000,0.0000,-0.1541,0.0000,65.73,0
TEL,92944,RUNNING,0.0000,0.0000,0.1654,0.0000,-68.73,0
TEL,93044,RUNNING,0.0000,0.0000,-0.0794,0.0000,26.12,0
TEL,93144,RUNNING,0.0000,0.0000,-0.0774,0.0000,37.42,0
TEL,93244,RUNNING,0.0000,0.0000,0.2185,0.0000,-94.33,0
TEL,93344,RUNNING,-1.0000,-0.6000,-0.1263,3.0000,218.69,0
TEL,93444,RUNNING,-1.0000,-0.6000,0.5069,0.1856,-86.34,0
TEL,93544,RUNNING,-1.0000,-0.6000,0.2775,0.1914,-17.78,0
TEL,93644,RUNNING,-1.0000,-0.6000,0.0224,0.1972,105.96,0
TEL,93744,RUNNING,-0.5000,-0.5400,0.3988,0.1845,-84.09,0
TEL,93844,RUNNING,-0.5000,-0.5400,-0.0075,0.1897,85.52,0
TEL,93944,RUNNING,-0.5000,-0.5400,0.2907,0.1949,-26.94,0
TEL,94044,RUNNING,-0.5000,-0.5400,0.3323,0.2001,-57.81,0
TEL,94144,RUNNING,0.0000,-0.2160,-0.4030,0.1051,169.53,0
TEL,94244,RUNNING,0.0000,-0.2160,0.2226,0.1072,-67.88,0
TEL,94344,RUNNING,0.0000,-0.2160,0.1110,0.1093,-39.17,0
TEL,94444,RUNNING,0.0000,-0.2160,-0.1872,0.1113,109.80,0
TEL,94544,RUNNING,0.0000,-0.2160,0.2951,0.1134,-90.79,0
TEL,94644,RUNNING,0.0000,-0.2160,-0.1893,0.1134,-90.79,0
TEL,94744,RUNNING,0.0000,-0.2160,-1.0530,0.1134,-90.79,0
TEL,94844,RUNNING,0.0000,-0.2160,-2.0822,0.1134,-90.79,0
TEL,94944,RUNNING,0.0000,-0.2160,-3.0329,0.1134,-90.79,0
TEL,95044,RUNNING,0.0000,-0.0138,-3.2529,-0.3082,709.21,0
TEL,95144,RUNNING,0.0000,-0.0055,2.4484,0.0508,356.77,0
TEL,95244,RUNNING,0.0000,-0.0055,6.2169,0.0509,-643.23,0
TEL,95344,RUNNING,0.0000,-0.0022,0.7967,0.0499,-917.27,0
TEL,95444,RUNNING,-0.5000,-0.4204,-7.3923,2.2592,82.73,0
TEL,95544,RUNNING,0.0000,-0.1681,-7.7271,-3.0000,1082.73,0
TEL,95644,RUNNING,0.0000,-0.0673,1.8994,0.0751,920.77,0
TEL,95744,RUNNING,0.0000,-0.0269,11.1377,0.0633,-79.23,0
TEL,95844,RUNNING,0.0000,-0.0269,11.7008,0.0636,-1079.23,0
TEL,95944,RUNNING,0.0000,-0.0269,1.8520,0.0638,-1679.23,0
TEL,96044,RUNNING,0.0000,-0.0269,-13.0509,0.0641,-679.23,0
TEL,96144,FAULT,0.0000,-0.0108,-20.0378,0.0641,0.00,4
TEL,96244,FAULT,0.0000,-0.0003,-21.2088,0.0641,0.00,4
TEL,96344,FAULT,0.0000,-0.0000,-21.4056,0.0641,0.00,4
TEL,96444,FAULT,0.0000,-0.0000,-21.4386,0.0641,0.00,4
TEL,96544,FAULT,0.0000,-0.0000,-21.4442,0.0641,0.00,4
TEL,96644,FAULT,0.0000,0.0000,-21.4451,0.0641,0.00,4
TEL,96744,FAULT,0.0000,0.0000,-21.4453,0.0641,0.00,4
TEL,96844,FAULT,0.0000,0.0000,-21.4453,0.0641,0.00,4
TEL,96944,FAULT,0.0000,0.0000,-21.4453,0.0641,0.00,4
TEL,97044,FAULT,0.0000,0.0000,-21.4453,0.0641,0.00,4
TEL,97144,FAULT,0.0000,0.0000,-21.4453,0.0641,0.00,4
TEL,97244,FAULT,0.0000,0.0000,-21.4453,0.0641,0.00,4
TEL,97344,FAULT,0.0000,0.0000,-21.4453,0.0641,0.00,4
TEL,97444,FAULT,0.0000,0.0000,-21.4453,0.0641,0.00,4
TEL,97544,FAULT,0.0000,0.0000,-21.4453,0.0641,0.00,4
TEL,97644,FAULT,0.0000,0.0000,-21.4453,0.0641,0.00,4
TEL,97744,FAULT,0.0000,0.0000,-21.4453,0.0641,0.00,4
TEL,97844,FAULT,0.0000,0.0000,-21.4453,0.0641,0.00,4
TEL,97944,FAULT,0.0000,0.0000,-21.4453,0.0641,0.00,4
TEL,98044,FAULT,0.0000,0.0000,-21.4453,0.0641,0.00,4
TEL,98144,FAULT,0.0000,0.0000,-21.4453,0.0641,0.00,4
TEL,98244,FAULT,0.0000,-0.0480,-21.4453,0.0641,0.00,4
TEL,98344,FAULT,0.0000,-0.0012,-21.4453,0.0641,0.00,4
TEL,98444,FAULT,0.0000,-0.0000,-21.4453,0.0641,0.00,4
TEL,98544,FAULT,0.0000,-0.0000,-21.4453,0.0641,0.00,4
TEL,98644,FAULT,-1.0000,-0.8400,-21.4453,0.0641,0.00,4
TEL,98744,FAULT,0.0000,-0.3744,-21.4453,0.0641,0.00,4
TEL,98844,FAULT,0.0000,-0.0015,-21.4453,0.0641,0.00,4
TEL,98944,FAULT,0.0000,-0.0000,-21.4453,0.0641,0.00,4
TEL,99044,FAULT,0.0000,0.0000,-21.4453,0.0641,0.00,4
TEL,99144,FAULT,0.0000,0.0000,-21.4453,0.0641,0.00,4
TEL,99244,FAULT,0.0000,0.0000,-21.4453,0.0641,0.00,4
TEL,99344,FAULT,0.0000,0.0000,-21.4453,0.0641,0.00,4
TEL,99444,FAULT,0.0000,0.0000,-21.4453,0.0641,0.00,4
TEL,99544,FAULT,0.0000,0.0000,-21.4453,0.0641,0.00,4
TEL,99644,FAULT,0.0000,0.0000,-21.4453,0.0641,0.00,4
TEL,99744,FAULT,0.0000,0.0000,-21.4453,0.0641,0.00,4
TEL,99844,FAULT,0.0000,0.0000,-21.4453,0.0641,0.00,4
TEL,99944,FAULT,0.0000,0.0000,-21.4453,0.0641,0.00,4
TEL,100044,FAULT,0.0000,0.0000,-21.4453,0.0641,0.00,4
TEL,100144,FAULT,0.0000,0.0000,-21.4453,0.0641,0.00,4
OK,stopped
TEL,100244,FAULT,0.0000,0.0000,-21.4453,0.0641,0.00,4
TEL,100344,FAULT,0.0000,0.0000,-21.4453,0.0641,0.00,4
TEL,100444,FAULT,0.0000,0.0000,-21.4453,0.0641,0.00,4
TEL,100544,FAULT,0.0000,0.0000,-21.4453,0.0641,0.00,4
TEL,100644,FAULT,0.0000,0.0000,-21.4453,0.0641,0.00,4
TEL,100744,FAULT,0.0000,0.0000,-21.4453,0.0641,0.00,4
TEL,100844,FAULT,0.0000,0.0000,-21.4453,0.0641,0.00,4
TEL,100944,FAULT,0.0000,0.0000,-21.4453,0.0641,0.00,4
TEL,101044,FAULT,0.0000,0.0000,-21.4453,0.0641,0.00,4
TEL,101144,FAULT,0.0000,0.0000,-21.4453,0.0641,0.00,4
TEL,101244,FAULT,0.0000,0.0000,-21.4453,0.0641,0.00,4
TEL,101344,FAULT,0.0000,0.0000,-21.4453,0.0641,0.00,4
TEL,101444,FAULT,0.0000,0.0000,-21.4453,0.0641,0.00,4
TEL,101544,FAULT,0.0000,0.0000,-21.4453,0.0641,0.00,4
TEL,101644,FAULT,0.0000,0.0000,-21.4453,0.0641,0.00,4
TEL,101744,FAULT,0.0000,0.0000,-21.4453,0.0641,0.00,4
TEL,101844,FAULT,0.0000,0.0000,-21.4453,0.0641,0.00,4
TEL,101944,FAULT,0.0000,0.0000,-21.4453,0.0641,0.00,4
TEL,102044,FAULT,0.0000,0.0000,-21.4453,0.0641,0.00,4
TEL,102144,FAULT,0.0000,0.0000,-21.4453,0.0641,0.00,4
TEL,102244,FAULT,0.0000,0.0000,-21.4453,0.0641,0.00,4
TEL,102344,FAULT,0.0000,0.0000,-21.4453,0.0641,0.00,4
TEL,102444,FAULT,0.0000,0.0000,-21.4453,0.0641,0.00,4
TEL,102544,FAULT,0.0000,0.0000,-21.4453,0.0641,0.00,4
TEL,102644,FAULT,0.0000,0.0000,-21.4453,0.0641,0.00,4
TEL,102744,FAULT,0.0000,0.0000,-21.4453,0.0641,0.00,4
TEL,102844,FAULT,0.0000,0.0000,-21.4453,0.0641,0.00,4
TEL,102944,FAULT,0.0000,0.0000,-21.4453,0.0641,0.00,4
TEL,103044,FAULT,0.0000,0.0000,-21.4453,0.0641,0.00,4
TEL,103144,FAULT,0.0000,0.0000,-21.4453,0.0641,0.00,4
TEL,103244,FAULT,0.0000,0.0000,-21.4453,0.0641,0.00,4
TEL,103344,FAULT,0.0000,0.0000,-21.4453,0.0641,0.00,4
TEL,103444,FAULT,0.0000,0.0000,-21.4453,0.0641,0.00,4
TEL,103544,FAULT,0.0000,0.0000,-21.4453,0.0641,0.00,4
TEL,103644,FAULT,0.0000,0.0000,-21.4453,0.0641,0.00,4
TEL,103744,FAULT,0.0000,0.0000,-21.4453,0.0641,0.00,4
TEL,103844,FAULT,0.0000,0.0000,-21.4453,0.0641,0.00,4
TEL,103944,FAULT,0.0000,0.0000,-21.4453,0.0641,0.00,4
TEL,104044,FAULT,0.0000,0.0000,-21.4453,0.0641,0.00,4
TEL,104144,FAULT,0.0000,0.0000,-21.4453,0.0641,0.00,4
TEL,104244,FAULT,0.0000,0.0000,-21.4453,0.0641,0.00,4
TEL,104344,FAULT,0.0000,0.0000,-21.4453,0.0641,0.00,4
TEL,104444,FAULT,0.0000,0.0000,-21.4453,0.0641,0.00,4
TEL,104544,FAULT,-0.5000,-0.3000,-21.4453,0.0641,0.00,4
TEL,104644,FAULT,0.0000,-0.1680,-21.4453,0.0641,0.00,4
TEL,104744,FAULT,0.0000,-0.1680,-21.4453,0.0641,0.00,4
TEL,104844,FAULT,0.0000,-0.0043,-21.4453,0.0641,0.00,4
TEL,104944,FAULT,0.0000,-0.0007,-21.4453,0.0641,0.00,4
TEL,105044,FAULT,0.0000,-0.0000,-21.4453,0.0641,0.00,4
TEL,105144,FAULT,0.0000,-0.0000,-21.4453,0.0641,0.00,4
OK,telemetry=0
OK,stopped
