SHARP_IR_CHECK_BOOT
Wiring: Vo(yellow)->A0  VCC(red)->5V  GND(black)->GND
Move target 10-80 cm from sensor...
===========================================
SHARP_IR_CHECK_HELP
Commands:
  h  help
  s  single sample
  t  toggle stream
  T  toggle Timer1 40kHz stress
  R  reset counters
  C  print counters
SHARP_IR,raw_adc=271,voltage=1.323,distance_cm=21.6
SHARP_IR,raw_adc=274,voltage=1.338,distance_cm=21.3
SHARP_IR,raw_adc=271,voltage=1.323,distance_cm=21.6
SHARP_IR,raw_adc=269,voltage=1.313,distance_cm=21.8
SHARP_IR,raw_adc=264,voltage=1.289,distance_cm=22.3
SHARP_IR,raw_adc=351,voltage=1.714,distance_cm=15.9
SHARP_IR,raw_adc=301,voltage=1.470,distance_cm=19.1
HOST_CMD,T
OK,timer1_stress=ON
SHARP_IR,raw_adc=283,voltage=1.382,distance_cm=20.5
SHARP_IR,raw_adc=275,voltage=1.343,distance_cm=21.2
SHARP_IR,raw_adc=271,voltage=1.323,distance_cm=21.6
SHARP_IR,raw_adc=270,voltage=1.318,distance_cm=21.7
SHARP_IR,raw_adc=269,voltage=1.313,distance_cm=21.8
SHARP_IR,raw_adc=398,voltage=1.943,distance_cm=13.8
SHARP_IR,raw_adc=335,voltage=1.636,distance_cm=16.8
SHARP_IR,raw_adc=295,voltage=1.440,distance_cm=19.5
SHARP_IR,raw_adc=281,voltage=1.372,distance_cm=20.7
SHARP_IR,raw_adc=274,voltage=1.338,distance_cm=21.3
SHARP_IR,raw_adc=271,voltage=1.323,distance_cm=21.6
SHARP_IR,raw_adc=269,voltage=1.313,distance_cm=21.8
SHARP_IR,raw_adc=268,voltage=1.309,distance_cm=21.9
adc=274,voltage=1.338,distance_cm=21.3
SHARP_IR,raw_adc=271,voltage=1.323,distance_cm=21.6
SHARP_IR,raw_adc=270,voltage=1.318,distance_cm=21.7
SHARP_IR,raw_adc=268,voltage=1.309,distance_cm=21.9
SHARP_IR,raw_adc=408,voltage=1.992,distance_cm=13.4
SHARP_IR,raw_adc=325,voltage=1.587,distance_cm=17.4
SHARP_IR,raw_adc=292,voltage=1.426,distance_cm=19.8
SHARP_IR,raw_adc=279,voltage=1.362,distance_cm=20.9
SHARP_IR,raw_adc=274,voltage=1.338,distance_cm=21.3
SHARP_IR,raw_adc=271,voltage=1.323,distance_cm=21.6
SHARP_IR,raw_adc=269,voltage=1.313,distance_cm=21.8
SHARP_IR,raw_adc=267,voltage=1.304,distance_cm=22.0
SHARP_IR,raw_adc=430,voltage=2.100,distance_cm=12.6
SHARP_IR,raw_adc=306,voltage=1.494,distance_cm=18.7
SHARP_IR,raw_adc=285,voltage=1.392,distance_cm=20.4
SHARP_IR,raw_adc=277,voltage=1.353,distance_cm=21.0
SHARP_IR,raw_adc=272,voltage=1.328,distance_cm=21.5
SHARP_IR,raw_adc=270,voltage=1.318,distance_cm=21.7
SHARP_IR,raw_adc=269,voltage=1.313,distance_cm=21.8
SHARP_IR,raw_adc=265,voltage=1.294,distance_cm=22.2
SHARP_IR,raw_adc=450,voltage=2.197,distance_cm=11.9
SHARP_IR,raw_adc=303,voltage=1.479,distance_cm=18.9
SHARP_IR,raw_adc=284,voltage=1.387,distance_cm=20.4
SHARP_IR,raw_adc=275,voltage=1.343,distance_cm=21.2
SHARP_IR,raw_adc=272,voltage=1.328,distance_cm=21.5
SHARP_IR,raw_adc=270,voltage=1.318,distance_cm=21.7
adc=284,voltage=1.387,distance_cm=20.4
SHARP_IR,raw_adc=275,voltage=1.343,distance_cm=21.2
SHARP_IR,raw_adc=272,voltage=1.328,distance_cm=21.5
SHARP_IR,raw_adc=270,voltage=1.318,distance_cm=21.7
SHARP_IR,raw_adc=269,voltage=1.313,distance_cm=21.8
SHARP_IR,raw_adc=376,voltage=1.836,distance_cm=14.7
SHARP_IR,raw_adc=337,voltage=1.646,distance_cm=16.7
SHARP_IR,raw_adc=299,voltage=1.460,distance_cm=19.2
SHARP_IR,raw_adc=282,voltage=1.377,distance_cm=20.6
SHARP_IR,raw_adc=275,voltage=1.343,distance_cm=21.2
SHARP_IR,raw_adc=271,voltage=1.323,distance_cm=21.6
SHARP_IR,raw_adc=270,voltage=1.318,distance_cm=21.7
SHARP_IR,raw_adc=268,voltage=1.309,distance_cm=21.9
SHARP_IR,raw_adc=268,voltage=1.309,distance_cm=21.9
SHARP_IR,raw_adc=268,voltage=1.309,distance_cm=21.9
SHARP_IR,raw_adc=268,voltage=1.309,distance_cm=21.9
SHARP_IR,raw_adc=268,voltage=1.309,distance_cm=21.9
SHARP_IR,raw_adc=268,voltage=1.309,distance_cm=21.9
SHARP_IR,raw_adc=268,voltage=1.309,distance_cm=21.9
SHARP_IR,raw_adc=268,voltage=1.309,distance_cm=21.9
SHARP_IR,raw_adc=268,voltage=1.309,distance_cm=21.9
SHARP_IR,raw_adc=267,voltage=1.304,distance_cm=22.0
SHARP_IR,raw_adc=268,voltage=1.309,distance_cm=21.9
SHARP_IR,raw_adc=268,voltage=1.309,distance_cm=21.9
SHARP_IR,raw_adc=268,voltage=1.309,distance_cm=21.9
SHARP_IR,raw_adc=268,voltage=1.309,distance_cm=21.9
SHARP_IR,raw_adc=267,voltage=1.304,distance_cm=22.0
SHARP_IR,raw_adc=267,voltage=1.304,distance_cm=22.0
SHARP_IR,raw_adc=271,voltage=1.323,distance_cm=21.6
SHARP_IR,raw_adc=271,voltage=1.323,distance_cm=21.6
SHARP_IR,raw_adc=267,voltage=1.304,distance_cm=22.0
SHARP_IR,raw_adc=271,voltage=1.323,distance_cm=21.6
SHARP_IR,raw_adc=271,voltage=1.323,distance_cm=21.6
SHARP_IR,raw_adc=274,voltage=1.338,distance_cm=21.3
SHARP_IR,raw_adc=447,voltage=2.183,distance_cm=12.0
SHARP_IR,raw_adc=323,voltage=1.577,distance_cm=17.6
SHARP_IR,raw_adc=295,voltage=1.440,distance_cm=19.5
SHARP_IR,raw_adc=282,voltage=1.377,distance_cm=20.6
SHARP_IR,raw_adc=276,voltage=1.348,distance_cm=21.1
SHARP_IR,raw_adc=274,voltage=1.338,distance_cm=21.3
SHARP_IR,raw_adc=273,voltage=1.333,distance_cm=21.4
SHARP_IR,raw_adc=270,voltage=1.318,distance_cm=21.7
SHARP_IR,raw_adc=457,voltage=2.231,distance_cm=11.7
SHARP_IR,raw_adc=313,voltage=1.528,distance_cm=18.2
SHARP_IR,raw_adc=294,voltage=1.436,distance_cm=19.6
SHARP_IR,raw_adc=289,voltage=1.411,distance_cm=20.0
SHARP_IR,raw_adc=284,voltage=1.387,distance_cm=20.4
SHARP_IR,raw_adc=282,voltage=1.377,distance_cm=20.6
SHARP_IR,raw_adc=281,voltage=1.372,distance_cm=20.7
SHARP_IR,raw_adc=418,voltage=2.041,distance_cm=13.0
SHARP_IR,raw_adc=347,voltage=1.694,distance_cm=16.2
ce_cm=18.9
SHARP_IR,raw_adc=301,voltage=1.470,distance_cm=19.1
SHARP_IR,raw_adc=300,voltage=1.465,distance_cm=19.2
SHARP_IR,raw_adc=296,voltage=1.445,distance_cm=19.5
SHARP_IR,raw_adc=484,voltage=2.363,distance_cm=10.9
SHARP_IR,raw_adc=331,voltage=1.616,distance_cm=17.1
SHARP_IR,raw_adc=311,voltage=1.519,distance_cm=18.4
SHARP_IR,raw_adc=304,voltage=1.484,distance_cm=18.9
SHARP_IR,raw_adc=299,voltage=1.460,distance_cm=19.2
SHARP_IR,raw_adc=297,voltage=1.450,distance_cm=19.4
SHARP_IR,raw_adc=296,voltage=1.445,distance_cm=19.5
SHARP_IR,raw_adc=436,voltage=2.129,distance_cm=12.4
SHARP_IR,raw_adc=355,voltage=1.733,distance_cm=15.7
SHARP_IR,raw_adc=321,voltage=1.567,distance_cm=17.7
SHARP_IR,raw_adc=312,voltage=1.523,distance_cm=18.3
SHARP_IR,raw_adc=302,voltage=1.475,distance_cm=19.0
SHARP_IR,raw_adc=298,voltage=1.455,distance_cm=19.3
SHARP_IR,raw_adc=296,voltage=1.445,distance_cm=19.5
SHARP_IR,raw_adc=296,voltage=1.445,distance_cm=19.5
SHARP_IR,raw_adc=444,voltage=2.168,distance_cm=12.1
SHARP_IR,raw_adc=348,voltage=1.699,distance_cm=16.1
SHARP_IR,raw_adc=318,voltage=1.553,distance_cm=17.9
SHARP_IR,raw_adc=306,voltage=1.494,distance_cm=18.7
SHARP_IR,raw_adc=301,voltage=1.470,distance_cm=19.1
SHARP_IR,raw_adc=298,voltage=1.455,distance_cm=19.3
SHARP_IR,raw_adc=290,voltage=1.416,distance_cm=19.9
=1.421,distance_cm=19.9
SHARP_IR,raw_adc=280,voltage=1.367,distance_cm=20.8
SHARP_IR,raw_adc=274,voltage=1.338,distance_cm=21.3
SHARP_IR,raw_adc=271,voltage=1.323,distance_cm=21.6
SHARP_IR,raw_adc=269,voltage=1.313,distance_cm=21.8
SHARP_IR,raw_adc=268,voltage=1.309,distance_cm=21.9
SHARP_IR,raw_adc=428,voltage=2.090,distance_cm=12.6
SHARP_IR,raw_adc=317,voltage=1.548,distance_cm=18.0
SHARP_IR,raw_adc=288,voltage=1.406,distance_cm=20.1
SHARP_IR,raw_adc=278,voltage=1.357,distance_cm=21.0
SHARP_IR,raw_adc=273,voltage=1.333,distance_cm=21.4
SHARP_IR,raw_adc=270,voltage=1.318,distance_cm=21.7
SHARP_IR,raw_adc=269,voltage=1.313,distance_cm=21.8
SHARP_IR,raw_adc=265,voltage=1.294,distance_cm=22.2
SHARP_IR,raw_adc=346,voltage=1.689,distance_cm=16.2
SHARP_IR,raw_adc=300,voltage=1.465,distance_cm=19.2
SHARP_IR,raw_adc=283,voltage=1.382,distance_cm=20.5
SHARP_IR,raw_adc=275,voltage=1.343,distance_cm=21.2
SHARP_IR,raw_adc=272,voltage=1.328,distance_cm=21.5
SHARP_IR,raw_adc=270,voltage=1.318,distance_cm=21.7
SHARP_IR,raw_adc=269,voltage=1.313,distance_cm=21.8
SHARP_IR,raw_adc=394,voltage=1.924,distance_cm=13.9
SHARP_IR,raw_adc=333,voltage=1.626,distance_cm=17.0
SHARP_IR,raw_adc=295,voltage=1.440,distance_cm=19.5
SHARP_IR,raw_adc=281,voltage=1.372,distance_cm=20.7
SHARP_IR,raw_adc=274,voltage=1.338,distance_cm=21.3
274,voltage=1.338,distance_cm=21.3
SHARP_IR,raw_adc=356,voltage=1.738,distance_cm=15.7
SHARP_IR,raw_adc=310,voltage=1.514,distance_cm=18.4
SHARP_IR,raw_adc=295,voltage=1.440,distance_cm=19.5
SHARP_IR,raw_adc=292,voltage=1.426,distance_cm=19.8
SHARP_IR,raw_adc=288,voltage=1.406,distance_cm=20.1
SHARP_IR,raw_adc=286,voltage=1.396,distance_cm=20.3
SHARP_IR,raw_adc=281,voltage=1.372,distance_cm=20.7
SHARP_IR,raw_adc=408,voltage=1.992,distance_cm=13.4
SHARP_IR,raw_adc=342,voltage=1.670,distance_cm=16.4
SHARP_IR,raw_adc=308,voltage=1.504,distance_cm=18.6
SHARP_IR,raw_adc=293,voltage=1.431,distance_cm=19.7
SHARP_IR,raw_adc=287,voltage=1.401,distance_cm=20.2
SHARP_IR,raw_adc=284,voltage=1.387,distance_cm=20.4
SHARP_IR,raw_adc=282,voltage=1.377,distance_cm=20.6
SHARP_IR,raw_adc=280,voltage=1.367,distance_cm=20.8
SHARP_IR,raw_adc=432,voltage=2.109,distance_cm=12.5
SHARP_IR,raw_adc=321,voltage=1.567,distance_cm=17.7
SHARP_IR,raw_adc=296,voltage=1.445,distance_cm=19.5
SHARP_IR,raw_adc=286,voltage=1.396,distance_cm=20.3
SHARP_IR,raw_adc=281,voltage=1.372,distance_cm=20.7
SHARP_IR,raw_adc=279,voltage=1.362,distance_cm=20.9
SHARP_IR,raw_adc=277,voltage=1.353,distance_cm=21.0
SHARP_IR,raw_adc=278,voltage=1.357,distance_cm=21.0
SHARP_IR,raw_adc=455,voltage=2.222,distance_cm=11.8
SHARP_IR,raw_adc=314,voltage=1.533,distance_cm=18.2
RP_IR,raw_adc=275,voltage=1.343,distance_cm=21.2
SHARP_IR,raw_adc=274,voltage=1.338,distance_cm=21.3
SHARP_IR,raw_adc=273,voltage=1.333,distance_cm=21.4
SHARP_IR,raw_adc=276,voltage=1.348,distance_cm=21.1
SHARP_IR,raw_adc=272,voltage=1.328,distance_cm=21.5
SHARP_IR,raw_adc=271,voltage=1.323,distance_cm=21.6
SHARP_IR,raw_adc=272,voltage=1.328,distance_cm=21.5
SHARP_IR,raw_adc=272,voltage=1.328,distance_cm=21.5
SHARP_IR,raw_adc=276,voltage=1.348,distance_cm=21.1
SHARP_IR,raw_adc=272,voltage=1.328,distance_cm=21.5
SHARP_IR,raw_adc=276,voltage=1.348,distance_cm=21.1
SHARP_IR,raw_adc=276,voltage=1.348,distance_cm=21.1
SHARP_IR,raw_adc=272,voltage=1.328,distance_cm=21.5
SHARP_IR,raw_adc=272,voltage=1.328,distance_cm=21.5
SHARP_IR,raw_adc=272,voltage=1.328,distance_cm=21.5
SHARP_IR,raw_adc=272,voltage=1.328,distance_cm=21.5
SHARP_IR,raw_adc=276,voltage=1.348,distance_cm=21.1
SHARP_IR,raw_adc=272,voltage=1.328,distance_cm=21.5
SHARP_IR,raw_adc=272,voltage=1.328,distance_cm=21.5
SHARP_IR,raw_adc=272,voltage=1.328,distance_cm=21.5
SHARP_IR,raw_adc=276,voltage=1.348,distance_cm=21.1
SHARP_IR,raw_adc=271,voltage=1.323,distance_cm=21.6
SHARP_IR,raw_adc=271,voltage=1.323,distance_cm=21.6
SHARP_IR,raw_adc=271,voltage=1.323,distance_cm=21.6
SHARP_IR,raw_adc=271,voltage=1.323,distance_cm=21.6
SHARP_IR,raw_adc=271,voltage=1.323,distance_cm=21.6
m=19.0
SHARP_IR,raw_adc=291,voltage=1.421,distance_cm=19.9
SHARP_IR,raw_adc=283,voltage=1.382,distance_cm=20.5
SHARP_IR,raw_adc=284,voltage=1.387,distance_cm=20.4
SHARP_IR,raw_adc=282,voltage=1.377,distance_cm=20.6
SHARP_IR,raw_adc=285,voltage=1.392,distance_cm=20.4
SHARP_IR,raw_adc=419,voltage=2.046,distance_cm=13.0
SHARP_IR,raw_adc=355,voltage=1.733,distance_cm=15.7
SHARP_IR,raw_adc=319,voltage=1.558,distance_cm=17.8
SHARP_IR,raw_adc=308,voltage=1.504,distance_cm=18.6
SHARP_IR,raw_adc=301,voltage=1.470,distance_cm=19.1
SHARP_IR,raw_adc=298,voltage=1.455,distance_cm=19.3
SHARP_IR,raw_adc=296,voltage=1.445,distance_cm=19.5
SHARP_IR,raw_adc=294,voltage=1.436,distance_cm=19.6
SHARP_IR,raw_adc=460,voltage=2.246,distance_cm=11.6
SHARP_IR,raw_adc=347,voltage=1.694,distance_cm=16.2
SHARP_IR,raw_adc=312,voltage=1.523,distance_cm=18.3
SHARP_IR,raw_adc=301,voltage=1.470,distance_cm=19.1
SHARP_IR,raw_adc=296,voltage=1.445,distance_cm=19.5
SHARP_IR,raw_adc=294,voltage=1.436,distance_cm=19.6
SHARP_IR,raw_adc=292,voltage=1.426,distance_cm=19.8
SHARP_IR,raw_adc=290,voltage=1.416,distance_cm=19.9
SHARP_IR,raw_adc=464,voltage=2.266,distance_cm=11.5
SHARP_IR,raw_adc=332,voltage=1.621,distance_cm=17.0
SHARP_IR,raw_adc=311,voltage=1.519,distance_cm=18.4
SHARP_IR,raw_adc=300,voltage=1.465,distance_cm=19.2
distance_cm=19.9
SHARP_IR,raw_adc=459,voltage=2.241,distance_cm=11.6
SHARP_IR,raw_adc=336,voltage=1.641,distance_cm=16.8
SHARP_IR,raw_adc=311,voltage=1.519,distance_cm=18.4
SHARP_IR,raw_adc=301,voltage=1.470,distance_cm=19.1
SHARP_IR,raw_adc=296,voltage=1.445,distance_cm=19.5
SHARP_IR,raw_adc=293,voltage=1.431,distance_cm=19.7
SHARP_IR,raw_adc=292,voltage=1.426,distance_cm=19.8
SHARP_IR,raw_adc=289,voltage=1.411,distance_cm=20.0
SHARP_IR,raw_adc=468,voltage=2.285,distance_cm=11.4
SHARP_IR,raw_adc=329,voltage=1.606,distance_cm=17.2
SHARP_IR,raw_adc=308,voltage=1.504,distance_cm=18.6
SHARP_IR,raw_adc=300,voltage=1.465,distance_cm=19.2
SHARP_IR,raw_adc=296,voltage=1.445,distance_cm=19.5
SHARP_IR,raw_adc=293,voltage=1.431,distance_cm=19.7
SHARP_IR,raw_adc=291,voltage=1.421,distance_cm=19.9
SHARP_IR,raw_adc=416,voltage=2.031,distance_cm=13.1
SHARP_IR,raw_adc=357,voltage=1.743,distance_cm=15.6
SHARP_IR,raw_adc=319,voltage=1.558,distance_cm=17.8
SHARP_IR,raw_adc=304,voltage=1.484,distance_cm=18.9
SHARP_IR,raw_adc=298,voltage=1.455,distance_cm=19.3
SHARP_IR,raw_adc=295,voltage=1.440,distance_cm=19.5
SHARP_IR,raw_adc=293,voltage=1.431,distance_cm=19.7
SHARP_IR,raw_adc=292,voltage=1.426,distance_cm=19.8
SHARP_IR,raw_adc=432,voltage=2.109,distance_cm=12.5
SHARP_IR,raw_adc=351,voltage=1.714,distance_cm=15.9
oltage=1.660,distance_cm=16.5
SHARP_IR,raw_adc=338,voltage=1.650,distance_cm=16.7
SHARP_IR,raw_adc=337,voltage=1.646,distance_cm=16.7
SHARP_IR,raw_adc=464,voltage=2.266,distance_cm=11.5
SHARP_IR,raw_adc=395,voltage=1.929,distance_cm=13.9
SHARP_IR,raw_adc=359,voltage=1.753,distance_cm=15.5
SHARP_IR,raw_adc=345,voltage=1.685,distance_cm=16.3
SHARP_IR,raw_adc=339,voltage=1.655,distance_cm=16.6
SHARP_IR,raw_adc=335,voltage=1.636,distance_cm=16.8
SHARP_IR,raw_adc=333,voltage=1.626,distance_cm=17.0
SHARP_IR,raw_adc=332,voltage=1.621,distance_cm=17.0
SHARP_IR,raw_adc=479,voltage=2.339,distance_cm=11.1
SHARP_IR,raw_adc=390,voltage=1.904,distance_cm=14.1
SHARP_IR,raw_adc=355,voltage=1.733,distance_cm=15.7
SHARP_IR,raw_adc=340,voltage=1.660,distance_cm=16.5
SHARP_IR,raw_adc=334,voltage=1.631,distance_cm=16.9
SHARP_IR,raw_adc=331,voltage=1.616,distance_cm=17.1
SHARP_IR,raw_adc=330,voltage=1.611,distance_cm=17.1
SHARP_IR,raw_adc=328,voltage=1.602,distance_cm=17.3
SHARP_IR,raw_adc=504,voltage=2.461,distance_cm=10.4
SHARP_IR,raw_adc=378,voltage=1.846,distance_cm=14.6
SHARP_IR,raw_adc=351,voltage=1.714,distance_cm=15.9
SHARP_IR,raw_adc=342,voltage=1.670,distance_cm=16.4
SHARP_IR,raw_adc=333,voltage=1.626,distance_cm=17.0
SHARP_IR,raw_adc=331,voltage=1.616,distance_cm=17.1
SHARP_IR,raw_adc=334,voltage=1.631,distance_cm=16.9
w_adc=359,voltage=1.753,distance_cm=15.5
SHARP_IR,raw_adc=345,voltage=1.685,distance_cm=16.3
SHARP_IR,raw_adc=338,voltage=1.650,distance_cm=16.7
SHARP_IR,raw_adc=335,voltage=1.636,distance_cm=16.8
SHARP_IR,raw_adc=333,voltage=1.626,distance_cm=17.0
SHARP_IR,raw_adc=332,voltage=1.621,distance_cm=17.0
SHARP_IR,raw_adc=499,voltage=2.437,distance_cm=10.6
SHARP_IR,raw_adc=376,voltage=1.836,distance_cm=14.7
SHARP_IR,raw_adc=352,voltage=1.719,distance_cm=15.9
SHARP_IR,raw_adc=342,voltage=1.670,distance_cm=16.4
SHARP_IR,raw_adc=337,voltage=1.646,distance_cm=16.7
SHARP_IR,raw_adc=335,voltage=1.636,distance_cm=16.8
SHARP_IR,raw_adc=333,voltage=1.626,distance_cm=17.0
SHARP_IR,raw_adc=331,voltage=1.616,distance_cm=17.1
SHARP_IR,raw_adc=509,voltage=2.485,distance_cm=10.3
SHARP_IR,raw_adc=374,voltage=1.826,distance_cm=14.8
SHARP_IR,raw_adc=350,voltage=1.709,distance_cm=16.0
SHARP_IR,raw_adc=341,voltage=1.665,distance_cm=16.5
SHARP_IR,raw_adc=333,voltage=1.626,distance_cm=17.0
SHARP_IR,raw_adc=330,voltage=1.611,distance_cm=17.1
SHARP_IR,raw_adc=329,voltage=1.606,distance_cm=17.2
SHARP_IR,raw_adc=326,voltage=1.592,distance_cm=17.4
SHARP_IR,raw_adc=401,voltage=1.958,distance_cm=13.6
SHARP_IR,raw_adc=357,voltage=1.743,distance_cm=15.6
SHARP_IR,raw_adc=346,voltage=1.689,distance_cm=16.2
SHARP_IR,raw_adc=339,voltage=1.655,distance_cm=16.6

SHARP_IR,raw_adc=381,voltage=1.860,distance_cm=14.5
SHARP_IR,raw_adc=381,voltage=1.860,distance_cm=14.5
SHARP_IR,raw_adc=381,voltage=1.860,distance_cm=14.5
SHARP_IR,raw_adc=381,voltage=1.860,distance_cm=14.5
SHARP_IR,raw_adc=381,voltage=1.860,distance_cm=14.5
SHARP_IR,raw_adc=381,voltage=1.860,distance_cm=14.5
SHARP_IR,raw_adc=377,voltage=1.841,distance_cm=14.7
SHARP_IR,raw_adc=377,voltage=1.841,distance_cm=14.7
SHARP_IR,raw_adc=377,voltage=1.841,distance_cm=14.7
SHARP_IR,raw_adc=377,voltage=1.841,distance_cm=14.7
SHARP_IR,raw_adc=373,voltage=1.821,distance_cm=14.8
SHARP_IR,raw_adc=377,voltage=1.841,distance_cm=14.7
SHARP_IR,raw_adc=377,voltage=1.841,distance_cm=14.7
SHARP_IR,raw_adc=377,voltage=1.841,distance_cm=14.7
SHARP_IR,raw_adc=381,voltage=1.860,distance_cm=14.5
SHARP_IR,raw_adc=381,voltage=1.860,distance_cm=14.5
SHARP_IR,raw_adc=381,voltage=1.860,distance_cm=14.5
SHARP_IR,raw_adc=381,voltage=1.860,distance_cm=14.5
SHARP_IR,raw_adc=380,voltage=1.855,distance_cm=14.5
SHARP_IR,raw_adc=381,voltage=1.860,distance_cm=14.5
SHARP_IR,raw_adc=377,voltage=1.841,distance_cm=14.7
SHARP_IR,raw_adc=377,voltage=1.841,distance_cm=14.7
SHARP_IR,raw_adc=377,voltage=1.841,distance_cm=14.7
SHARP_IR,raw_adc=381,voltage=1.860,distance_cm=14.5
SHARP_IR,raw_adc=381,voltage=1.860,distance_cm=14.5
nce_cm=14.0
SHARP_IR,raw_adc=387,voltage=1.890,distance_cm=14.2
SHARP_IR,raw_adc=384,voltage=1.875,distance_cm=14.3
SHARP_IR,raw_adc=379,voltage=1.851,distance_cm=14.6
SHARP_IR,raw_adc=378,voltage=1.846,distance_cm=14.6
SHARP_IR,raw_adc=544,voltage=2.656,distance_cm=9.5
SHARP_IR,raw_adc=435,voltage=2.124,distance_cm=12.4
SHARP_IR,raw_adc=403,voltage=1.968,distance_cm=13.6
SHARP_IR,raw_adc=389,voltage=1.899,distance_cm=14.1
SHARP_IR,raw_adc=383,voltage=1.870,distance_cm=14.4
SHARP_IR,raw_adc=381,voltage=1.860,distance_cm=14.5
SHARP_IR,raw_adc=379,voltage=1.851,distance_cm=14.6
SHARP_IR,raw_adc=381,voltage=1.860,distance_cm=14.5
SHARP_IR,raw_adc=550,voltage=2.686,distance_cm=9.4
SHARP_IR,raw_adc=425,voltage=2.075,distance_cm=12.7
SHARP_IR,raw_adc=396,voltage=1.934,distance_cm=13.8
SHARP_IR,raw_adc=387,voltage=1.890,distance_cm=14.2
SHARP_IR,raw_adc=382,voltage=1.865,distance_cm=14.4
SHARP_IR,raw_adc=380,voltage=1.855,distance_cm=14.5
SHARP_IR,raw_adc=379,voltage=1.851,distance_cm=14.6
SHARP_IR,raw_adc=376,voltage=1.836,distance_cm=14.7
SHARP_IR,raw_adc=560,voltage=2.734,distance_cm=9.2
SHARP_IR,raw_adc=417,voltage=2.036,distance_cm=13.0
SHARP_IR,raw_adc=399,voltage=1.948,distance_cm=13.7
SHARP_IR,raw_adc=399,voltage=1.948,distance_cm=13.7
SHARP_IR,raw_adc=402,voltage=1.963,distance_cm=13.6
9,distance_cm=9.2
SHARP_IR,raw_adc=518,voltage=2.529,distance_cm=10.1
SHARP_IR,raw_adc=474,voltage=2.314,distance_cm=11.2
SHARP_IR,raw_adc=455,voltage=2.222,distance_cm=11.8
SHARP_IR,raw_adc=448,voltage=2.187,distance_cm=12.0
SHARP_IR,raw_adc=441,voltage=2.153,distance_cm=12.2
SHARP_IR,raw_adc=435,voltage=2.124,distance_cm=12.4
SHARP_IR,raw_adc=434,voltage=2.119,distance_
SHARP_IR,raw_adc=579,voltage=2.827,distance_cm=8.9
SHARP_IR,raw_adc=577,voltage=2.817,distance_cm=8.9
SHARP_IR,raw_adc=675,voltage=3.296,distance_cm=7.4
SHARP_IR,raw_adc=658,voltage=3.213,distance_cm=7.6
SHARP_IR,raw_adc=615,voltage=3.003,distance_cm=8.3
SHARP_IR,raw_adc=594,voltage=2.900,distance_cm=8.6
SHARP_IR,raw_adc=585,voltage=2.856,distance_cm=8.8
SHARP_IR,raw_adc=581,voltage=2.837,distance_cm=8.8
SHARP_IR,raw_adc=579,voltage=2.827,distance_cm=8.9
SHARP_IR,raw_adc=577,voltage=2.817,distance_cm=8.9
SHARP_IR,raw_adc=697,voltage=3.403,distance_cm=7.1
SHARP_IR,raw_adc=649,voltage=3.169,distance_cm=7.8
SHARP_IR,raw_adc=611,voltage=2.983,distance_cm=8.3
SHARP_IR,raw_adc=594,voltage=2.900,distance_cm=8.6
SHARP_IR,raw_adc=585,voltage=2.856,distance_cm=8.8
SHARP_IR,raw_adc=581,voltage=2.837,distance_cm=8.8
SHARP_IR,raw_adc=578,voltage=2.822,distance_cm=8.9
SHARP_IR,raw_adc=577,voltage=2.817,distance_cm=8.9
SHARP_IR,raw_adc=663,voltage=3.237,distance_cm=7.6
dc=708,voltage=3.457,distance_cm=7.0
SHARP_IR,raw_adc=697,voltage=3.403,distance_cm=7.1
SHARP_IR,raw_adc=692,voltage=3.379,distance_cm=7.2
SHARP_IR,raw_adc=690,voltage=3.369,distance_cm=7.2
SHARP_IR,raw_adc=688,voltage=3.359,distance_cm=7.2
SHARP_IR,raw_adc=690,voltage=3.369,distance_cm=7.2
SHARP_IR,raw_adc=777,voltage=3.794,distance_cm=6.3
SHARP_IR,raw_adc=726,voltage=3.545,distance_cm=6.8
SHARP_IR,raw_adc=709,voltage=3.462,distance_cm=7.0
SHARP_IR,raw_adc=698,voltage=3.408,distance_cm=7.1
SHARP_IR,raw_adc=692,voltage=3.379,distance_cm=7.2
SHARP_IR,raw_adc=690,voltage=3.369,distance_cm=7.2
SHARP_IR,raw_adc=688,voltage=3.359,distance_cm=7.2
SHARP_IR,raw_adc=687,voltage=3.354,distance_cm=7.3
SHARP_IR,raw_adc=784,voltage=3.828,distance_cm=6.2
SHARP_IR,raw_adc=738,voltage=3.604,distance_cm=6.7
SHARP_IR,raw_adc=710,voltage=3.467,distance_cm=7.0
SHARP_IR,raw_adc=697,voltage=3.403,distance_cm=7.1
SHARP_IR,raw_adc=692,voltage=3.379,distance_cm=7.2
SHARP_IR,raw_adc=689,voltage=3.364,distance_cm=7.2
SHARP_IR,raw_adc=688,voltage=3.359,distance_cm=7.2
SHARP_IR,raw_adc=687,voltage=3.354,distance_cm=7.3
SHARP_IR,raw_adc=786,voltage=3.838,distance_cm=6.2
SHARP_IR,raw_adc=738,voltage=3.604,distance_cm=6.7
SHARP_IR,raw_adc=710,voltage=3.467,distance_cm=7.0
SHARP_IR,raw_adc=699,voltage=3.413,distance_cm=7.1
2
SHARP_IR,raw_adc=688,voltage=3.359,distance_cm=7.2
SHARP_IR,raw_adc=791,voltage=3.862,distance_cm=6.1
SHARP_IR,raw_adc=702,voltage=3.428,distance_cm=7.1
SHARP_IR,raw_adc=719,voltage=3.511,distance_cm=6.9
SHARP_IR,raw_adc=702,voltage=3.428,distance_cm=7.1
SHARP_IR,raw_adc=694,voltage=3.389,distance_cm=7.2
SHARP_IR,raw_adc=691
SHARP_IR,raw_adc=641,voltage=3.130,distance_cm=7.9
SHARP_IR,raw_adc=633,voltage=3.091,distance_cm=8.0
SHARP_IR,raw_adc=629,voltage=3.071,distance_cm=8.0
SHARP_IR,raw_adc=627,voltage=3.062,distance_cm=8.1
SHARP_IR,raw_adc=626,voltage=3.057,distance_cm=8.1
SHARP_IR,raw_adc=745,voltage=3.638,distance_cm=6.6
SHARP_IR,raw_adc=692,voltage=3.379,distance_cm=7.2
SHARP_IR,raw_adc=656,voltage=3.203,distance_cm=7.7
SHARP_IR,raw_adc=640,voltage=3.125,distance_cm=7.9
SHARP_IR,raw_adc=633,voltage=3.091,distance_cm=8.0
SHARP_IR,raw_adc=629,voltage=3.071,distance_cm=8.0
SHARP_IR,raw_adc=627,voltage=3.062,distance_cm=8.1
SHARP_IR,raw_adc=626,voltage=3.057,distance_cm=8.1
SHARP_IR,raw_adc=759,voltage=3.706,distance_cm=6.5
SHARP_IR,raw_adc=693,voltage=3.384,distance_cm=7.2
SHARP_IR,raw_adc=656,voltage=3.203,distance_cm=7.7
SHARP_IR,raw_adc=642,voltage=3.135,distance_cm=7.9
SHARP_IR,raw_adc=633,voltage=3.091,distance_cm=8.0
SHARP_IR,raw_adc=629,voltage=3.071,distance_cm=8.0
,raw_adc=692,voltage=3.379,distance_cm=7.2
SHARP_IR,raw_adc=656,voltage=3.203,distance_cm=7.7
SHARP_IR,raw_adc=640,voltage=3.125,distance_cm=7.9
SHARP_IR,raw_adc=633,voltage=3.091,distance_cm=8.0
SHARP_IR,raw_adc=629,voltage=3.071,distance_cm=8.0
SHARP_IR,raw_adc=627,voltage=3.062,distance_cm=8.1
SHARP_IR,raw_adc=626,voltage=3.057,distance_cm=8.1
SHARP_IR,raw_adc=756,voltage=3.691,distance_cm=6.5
SHARP_IR,raw_adc=693,voltage=3.384,distance_cm=7.2
SHARP_IR,raw_adc=657,voltage=3.208,distance_cm=7.6
SHARP_IR,raw_adc=642,voltage=3.135,distance_cm=7.9
SHARP_IR,raw_adc=634,voltage=3.096,distance_cm=8.0
SHARP_IR,raw_adc=629,voltage=3.071,distance_cm=8.0
SHARP_IR,raw_adc=628,voltage=3.066,distance_cm=8.1
SHARP_IR,raw_adc=626,voltage=3.057,distance_cm=8.1
SHARP_IR,raw_adc=746,voltage=3.643,distance_cm=6.6
SHARP_IR,raw_adc=693,voltage=3.384,distance_cm=7.2
SHARP_IR,raw_adc=656,voltage=3.203,distance_cm=7.7
SHARP_IR,raw_adc=640,voltage=3.125,distance_cm=7.9
SHARP_IR,raw_adc=633,voltage=3.091,distance_cm=8.0
SHARP_IR,raw_adc=629,voltage=3.071,distance_cm=8.0
SHARP_IR,raw_adc=627,voltage=3.062,distance_cm=8.1
SHARP_IR,raw_adc=626,voltage=3.057,distance_cm=8.1
SHARP_IR,raw_adc=766,voltage=3.740,distance_cm=6.4
SHARP_IR,raw_adc=689,voltage=3.364,distance_cm=7.2
SHARP_IR,raw_adc=656,voltage=3.203,distance_cm=7.7
e_cm=8.0
SHARP_IR,raw_adc=627,voltage=3.062,distance_cm=8.1
SHARP_IR,raw_adc=626,voltage=3.057,distance_cm=8.1
SHARP_IR,raw_adc=760,voltage=3.711,distance_cm=6.4
SHARP_IR,raw_adc=690,voltage=3.369,distance_cm=7.2
SHARP_IR,raw_adc=653,voltage=3.188,distance_cm=7.7
SHARP_IR,raw_adc=638,voltage=3.115,distance_cm=7.9
SHARP_IR,raw_adc=632,voltage=3.086,distance_cm=8
SHARP_IR,raw_adc=585,voltage=2.856,distance_cm=8.8
SHARP_IR,raw_adc=583,voltage=2.847,distance_cm=8.8
SHARP_IR,raw_adc=581,voltage=2.837,distance_cm=8.8
SHARP_IR,raw_adc=581,voltage=2.837,distance_cm=8.8
SHARP_IR,raw_adc=748,voltage=3.652,distance_cm=6.6
SHARP_IR,raw_adc=622,voltage=3.037,distance_cm=8.1
SHARP_IR,raw_adc=599,voltage=2.925,distance_cm=8.5
SHARP_IR,raw_adc=590,voltage=2.881,distance_cm=8.7
SHARP_IR,raw_adc=585,voltage=2.856,distance_cm=8.8
SHARP_IR,raw_adc=582,voltage=2.842,distance_cm=8.8
SHARP_IR,raw_adc=581,voltage=2.837,distance_cm=8.8
SHARP_IR,raw_adc=581,voltage=2.837,distance_cm=8.8
SHARP_IR,raw_adc=751,voltage=3.667,distance_cm=6.5
SHARP_IR,raw_adc=625,voltage=3.052,distance_cm=8.1
SHARP_IR,raw_adc=601,voltage=2.935,distance_cm=8.5
SHARP_IR,raw_adc=591,voltage=2.886,distance_cm=8.7
SHARP_IR,raw_adc=586,voltage=2.861,distance_cm=8.7
SHARP_IR,raw_adc=583,voltage=2.847,distance_cm=8.8
=517,voltage=2.524,distance_cm=10.1
SHARP_IR,raw_adc=494,voltage=2.412,distance_cm=10.7
SHARP_IR,raw_adc=482,voltage=2.354,distance_cm=11.0
SHARP_IR,raw_adc=474,voltage=2.314,distance_cm=11.2
SHARP_IR,raw_adc=468,voltage=2.285,distance_cm=11.4
SHARP_IR,raw_adc=462,voltage=2.256,distance_cm=11.5
SHARP_IR,raw_adc=461,voltage=2.251,distance_cm=11.6
SHARP_IR,raw_adc=642,voltage=3.135,distance_cm=7.9
SHARP_IR,raw_adc=499,voltage=2.437,distance_cm=10.6
SHARP_IR,raw_adc=479,voltage=2.339,distance_cm=11.1
SHARP_IR,raw_adc=470,voltage=2.295,distance_cm=11.3
SHARP_IR,raw_adc=466,voltage=2.275,distance_cm=11.4
SHARP_IR,raw_adc=463,voltage=2.261,distance_cm=11.5
SHARP_IR,raw_adc=462,voltage=2.256,distance_cm=11.5
SHARP_IR,raw_adc=461,voltage=2.251,distance_cm=11.6
SHARP_IR,raw_adc=643,voltage=3.140,distance_cm=7.8
SHARP_IR,raw_adc=495,voltage=2.417,distance_cm=10.7
SHARP_IR,raw_adc=477,voltage=2.329,distance_cm=11.1
SHARP_IR,raw_adc=470,voltage=2.295,distance_cm=11.3
SHARP_IR,raw_adc=466,voltage=2.275,distance_cm=11.4
SHARP_IR,raw_adc=464,voltage=2.266,distance_cm=11.5
SHARP_IR,raw_adc=463,voltage=2.261,distance_cm=11.5
SHARP_IR,raw_adc=462,voltage=2.256,distance_cm=11.5
SHARP_IR,raw_adc=462,voltage=2.256,distance_cm=11.5
SHARP_IR,raw_adc=461,voltage=2.251,distance_cm=11.6
SHARP_IR,raw_adc=461,voltage=2.251,distance_cm=11.6
