BALL_BEAM_REF_BOOT
AS5600_BOOT,ok=1,status_ok=1,md=1,mh=0,ml=0,agc=187,mag=2067
HOST_START_READY
AS5600_ZERO,raw_deg=317.3775
AS5600_VERIFY_OK,theta_delta_deg=1.3799,raw_delta_deg=-1.1426,theta_sign=-1
REF_CFG,profile=center_far_near_90s,center_cm=13.0000,near_cm=9.0000,far_cm=17.0000,segment_ms=30000
REF,2790,13.0000,hold_center
TEL,2794,12.7361,12.6775,0.3260,0.0000,0,0.000000,0.0971,0.0000,0.0000,0.7692,0.7957,0.0265,0.0000,1
TEL,2894,12.6662,12.6745,0.3255,0.0000,0,0.000000,0.0660,0.0000,0.0000,0.6239,0.0000,-0.6239,5.0000,1
TEL,2994,12.4944,12.5146,0.4828,-16.3293,9,-0.017671,-1.0858,-0.0386,0.0000,-0.1563,-1.8370,-1.6808,60.1065,1
TEL,3094,12.4269,12.4758,0.5242,-15.4489,24,-0.047124,-0.8175,-0.0806,-0.2097,-1.6114,-1.7380,-0.1266,129.5216,1
TEL,3194,11.1233,12.3713,0.5051,-13.1838,22,-0.043197,-0.5085,-0.1210,-0.4117,-2.2677,-1.4832,0.7845,-117.9784,1
TEL,3294,12.6662,12.4306,0.5694,-11.8961,13,-0.025525,-0.1201,-0.1665,-0.6395,-1.2646,-1.3383,-0.0738,-8.6029,1
TEL,3394,9.9847,12.1866,0.5103,-9.3565,13,-0.025525,0.1257,-0.2073,-0.8436,-1.1418,-1.0526,0.0891,0.0000,1
TEL,3494,12.6315,12.3276,0.6724,-9.0935,13,-0.025525,0.6261,-0.2611,-1.1126,-1.1383,-1.0230,0.1153,0.0000,1
TEL,3594,12.1958,12.3999,0.5576,-5.7054,13,-0.025525,0.8532,-0.3057,-1.3356,-1.1382,-0.6419,0.4963,-2.5000,1
TEL,3694,11.4320,11.7702,1.2298,-22.2222,6,-0.011781,-0.3767,-0.4041,-1.8275,-0.4372,-2.5000,-2.0628,-20.9744,1
TEL,3794,12.7361,12.1631,1.0090,-16.4887,18,-0.035343,0.6270,-0.4848,-2.2311,-0.9382,-1.8550,-0.9167,219.0255,1
TEL,3894,12.4944,12.2629,0.7371,-10.1881,26,-0.051051,0.8786,-0.5438,-2.5260,-2.2397,-1.1462,1.0936,-12.9158,1
TEL,3994,12.7361,12.4559,0.6048,-6.4367,13,-0.025525,1.1158,-0.5922,-2.7679,-1.5863,-0.7241,0.8622,-165.0519,1
TEL,4094,12.3600,12.3794,0.6206,-9.4525,5,-0.009817,0.7682,-0.6419,-3.0162,-0.3138,-1.0634,-0.7496,15.0030,1
TEL,4194,11.3747,12.2950,0.5620,-8.6317,17,-0.033379,0.7731,-0.6868,-3.2409,-0.9697,-0.9711,-0.0013,101.3203,1
TEL,4294,9.5341,11.8810,1.1190,-22.2222,13,-0.025525,-2.9432,-0.6701,-3.2142,-1.3480,-2.5000,-1.1520,-133.1055,1
TEL,4395,12.7011,11.9042,1.3441,-22.2222,15,-0.029452,-1.8892,-0.7776,-3.1876,-0.9675,-2.5000,-1.5325,114.3945,1
TEL,4495,12.1313,11.9185,1.0815,-22.2222,31,-0.060868,-0.9099,-0.8641,-3.6202,-2.4398,-2.5000,-0.0602,108.4899,1
TEL,4595,12.7714,12.2760,0.8546,-18.9944,27,-0.053014,0.1833,-0.9325,-3.9620,-2.8370,-2.1369,0.7001,-138.6566,1
TEL,4695,12.7011,12.0139,0.9861,-3.5575,19,-0.037306,2.7188,-0.9097,-3.9293,-1.8693,-0.4002,1.4691,-7.5000,1
TEL,4795,12.4606,12.2657,0.8001,1.1292,6,-0.011781,2.9022,-0.8875,-3.8968,-0.8525,0.1270,0.9795,-177.4048,1
TEL,4895,12.7011,12.4344,0.5656,3.2037,-2,0.003927,2.5878,-0.8659,-3.8646,0.6642,0.3604,-0.3038,10.9316,1
TEL,4995,12.7361,12.5739,0.4602,2.5349,5,-0.009817,2.2219,-0.9027,-3.8327,0.2043,0.2852,0.0809,4.5082,1
TEL,5095,12.8068,12.6253,0.3747,1.1777,1,-0.001963,1.8081,-0.9327,-3.8010,0.2506,0.1325,-0.1181,-52.5000,1
TEL,5195,12.7714,12.6792,0.3337,-0.8995,6,-0.011781,1.4051,-0.9594,-3.7696,0.3339,-0.1012,-0.4351,98.9918,1
TEL,5295,12.7361,12.6947,0.3053,-4.7290,7,-0.013744,1.0390,-0.9594,-3.7696,-0.4535,-0.5320,-0.0785,-75.1456,1
TEL,5395,12.7361,12.7080,0.2947,-4.7290,10,-0.019635,0.7646,-0.9594,-3.7696,-0.3789,-0.5320,-0.1531,72.5000,1
TEL,5495,12.7361,12.7122,0.2878,-4.7290,10,-0.019635,0.5601,-0.9594,-3.7696,-0.6651,-0.5320,0.1331,0.0000,1
TEL,5595,12.7714,12.7212,0.2822,-4.7290,10,-0.019635,0.4275,-0.9594,-3.7696,-0.6290,-0.5320,0.0969,0.0000,1
TEL,5695,12.8068,12.7271,0.2729,-4.7290,10,-0.019635,0.3410,-0.9594,-3.7696,-0.6420,-0.5320,0.1100,0.0000,1
TEL,5795,12.8068,12.7399,0.2640,-4.7290,10,-0.019635,0.2740,-0.9594,-3.7696,-0.6720,-0.5320,0.1400,0.0000,1
TEL,5895,12.7361,12.7413,0.2587,-4.7290,10,-0.019635,0.1936,-0.9594,-3.7696,-0.6697,-0.5320,0.1377,0.0000,1
TEL,5995,12.7361,12.7422,0.2575,-4.7290,10,-0.019635,0.1486,-0.9594,-3.7696,-0.6610,-0.5320,0.1290,0.0000,1
TEL,6095,12.7361,12.7417,0.2583,-4.7290,10,-0.019635,0.1044,-0.9594,-3.7696,-0.6144,-0.5320,0.0824,0.0000,1
TEL,6195,12.7714,12.7424,0.2587,-4.7290,10,-0.019635,0.0731,-0.9594,-3.7696,-0.6294,-0.5320,0.0974,0.0000,1
TEL,6295,12.7361,12.7420,0.2580,-4.7290,10,-0.019635,0.0506,-0.9594,-3.7696,-0.6129,-0.5320,0.0809,0.0000,1
TEL,6395,12.7361,12.7414,0.2584,-4.7290,10,-0.019635,0.0348,-0.9594,-3.7696,-0.6124,-0.5320,0.0804,0.0000,1
TEL,6495,12.1958,12.6791,0.3209,-4.7290,10,-0.019635,-0.1500,-0.9594,-3.7696,-0.6124,-0.5320,0.0804,0.0000,1
TEL,6595,12.5969,12.6510,0.3454,-4.7290,10,-0.019635,-0.1658,-0.9594,-3.7696,-0.6293,-0.5320,0.0973,0.0000,1
TEL,6695,11.9413,12.5212,0.4788,-16.9749,11,-0.021598,-0.5173,-0.9977,-3.7384,-0.6114,-1.9097,-1.2983,7.5000,1
TEL,6795,12.6315,12.5095,0.5033,-17.0150,23,-0.045160,-0.4254,-1.0380,-3.9398,-1.5556,-1.9142,-0.3586,149.3281,1
TEL,6895,12.6662,12.5398,0.4602,-14.7563,23,-0.045160,-0.2129,-1.0748,-3.9072,-2.2846,-1.6601,0.6245,-100.6719,1
TEL,6995,11.5775,12.2803,0.6013,-22.2222,15,-0.029452,-1.2850,-1.1229,-3.8749,-1.5013,-2.5000,-0.9987,1.8476,1
TEL,7095,12.4944,12.3044,0.6955,-22.2222,28,-0.054978,-0.6826,-1.1785,-4.1531,-2.0248,-2.5000,-0.4752,163.8325,1
TEL,7195,12.7361,12.4384,0.6097,-17.7816,30,-0.058905,-0.1690,-1.2273,-4.3970,-2.9008,-2.0004,0.9004,-82.1802,1
TEL,7296,9.4525,12.0614,0.9386,-22.2222,18,-0.035343,-3.0766,-1.1974,-4.3607,-1.9210,-2.5000,-0.5790,-60.9946,1
TEL,7396,12.3269,12.0201,1.0762,-22.2222,25,-0.049087,-1.5663,-1.2835,-4.3246,-1.8553,-2.5000,-0.6447,177.7792,1
TEL,7496,12.6315,12.2493,0.7507,-21.8973,30,-0.058905,-0.3452,-1.3435,-4.6249,-2.8147,-2.4634,0.3512,-40.6953,1
TEL,7596,10.5256,12.0479,0.5718,-14.1910,24,-0.047124,0.3350,-1.3893,-4.8536,-2.3568,-1.5965,0.7603,-10.0000,1
TEL,7696,12.1313,11.9602,1.0398,-20.7487,14,-0.027489,0.6729,-1.4724,-5.2696,-1.5525,-2.3342,-0.7817,-59.7914,1
TEL,7796,12.6315,12.2329,0.8688,-15.0258,22,-0.043197,1.1102,-1.5419,-5.6171,-1.5753,-1.6904,-0.1151,170.2086,1
TEL,7896,12.7714,12.4232,0.5768,-7.5748,24,-0.047124,1.4238,-1.5881,-5.5707,-2.2966,-0.8522,1.4444,-79.7914,1
TEL,7996,11.8177,11.4052,1.8790,-22.2222,8,-0.015708,-4.1464,-1.5494,-5.5246,-1.2867,-2.5000,-1.2133,-139.8230,1
TEL,8096,12.5284,11.9943,1.0057,-22.2222,9,-0.017671,-1.0064,-1.6298,-5.9269,-0.3679,-2.5000,-2.1321,110.1770,1
TEL,8196,12.6662,12.4199,0.6703,-17.9180,28,-0.054978,0.2893,-1.6834,-6.1950,-1.9524,-2.0158,-0.0634,180.5043,1
TEL,8296,9.5754,11.8635,1.1365,-22.2222,30,-0.058905,-4.3062,-1.6424,-6.1438,-2.9359,-2.5000,0.4359,-69.4957,1
TEL,8396,12.3934,12.0544,1.0610,-22.2222,24,-0.047124,-2.1219,-1.7272,-6.0930,-2.3490,-2.5000,-0.1510,0.0000,1
TEL,8496,12.6315,12.2725,0.7275,-22.2222,24,-0.047124,-0.7622,-1.7855,-6.3840,-2.2835,-2.5000,-0.2165,0.0000,1
TEL,8596,9.8959,11.9195,0.6118,-19.1891,24,-0.047124,0.0410,-1.8344,-6.6288,-2.2808,-2.1588,0.1221,0.0000,1
TEL,8696,12.0356,11.8741,1.1259,-22.2222,24,-0.047124,0.4304,-1.9245,-7.0791,-2.2808,-2.5000,-0.2192,0.0000,1
TEL,8796,12.5969,12.2009,0.9069,-18.0630,23,-0.045160,1.0999,-1.9970,-7.4419,-2.2808,-2.0321,0.2487,-10.0000,1
TEL,8896,12.6662,12.3750,0.6250,-11.3875,22,-0.043197,1.3272,-2.0470,-7.3804,-2.0360,-1.2811,0.7549,-10.0000,1
TEL,8996,11.7568,11.6404,1.4136,-22.2222,11,-0.021598,-1.4254,-2.1601,-7.3194,-1.3101,-2.5000,-1.1899,-80.4195,1
TEL,9096,12.5284,11.9824,1.0176,-22.2222,18,-0.035343,0.2899,-2.2415,-7.7264,-1.0786,-2.5000,-1.4214,169.5805,1
TEL,9196,12.6662,12.3724,0.7210,-15.2979,33,-0.064795,1.1420,-2.2992,-8.0148,-2.6760,-1.7210,0.9550,64.0610,1
TEL,9296,9.4525,11.8252,1.1748,-22.2222,25,-0.049087,-3.7304,-2.2431,-7.9486,-2.7744,-2.5000,0.2744,-165.9390,1
TEL,9396,12.4944,11.9994,1.1754,-22.2222,24,-0.047124,-1.7677,-2.3371,-7.8829,-2.0811,-2.5000,-0.4189,84.0610,1
TEL,9496,12.6315,12.2660,0.7340,-22.2222,29,-0.056941,-0.3981,-2.3959,-8.1765,-2.5882,-2.5000,0.0882,0.0000,1
TEL,9596,9.9401,11.9284,0.5418,-18.5208,28,-0.054978,0.2950,-2.4392,-8.3932,-2.6941,-2.0836,0.6105,-10.0000,1
TEL,9696,12.0356,11.7885,1.2115,-22.2222,19,-0.037306,1.0005,-2.5361,-8.8778,-2.1547,-2.5000,-0.3453,-56.6476,1
TEL,9796,12.6315,12.2547,0.8748,-13.8444,27,-0.053014,1.9018,-2.6061,-8.8045,-2.1048,-1.5575,0.5473,140.3034,1
TEL,9896,12.7361,12.4409,0.5591,-7.6173,26,-0.051051,1.9755,-2.6508,-8.7317,-2.5965,-0.8569,1.7395,-109.6966,1
TEL,9996,12.0040,11.7641,1.3454,-22.2222,8,-0.015708,-0.5483,-2.7585,-9.2699,-1.1543,-2.5000,-1.3457,-148.8041,1
TEL,10096,12.5626,12.0813,0.9187,-22.2222,8,-0.015708,0.7932,-2.8320,-9.6373,-0.2306,-2.5000,-2.2694,101.1959,1
TEL,10196,12.7011,12.4288,0.6542,-14.4359,27,-0.053014,1.3974,-2.8843,-9.5577,-1.8251,-1.6240,0.2011,196.3655,1
TEL,10296,9.3722,11.0463,1.9537,-22.2222,31,-0.060868,-4.9056,-2.8140,-9.4787,-2.9200,-2.5000,0.4200,-53.6345,1
TEL,10396,12.5626,12.0442,1.2465,-22.2222,24,-0.047124,-0.8028,-2.9137,-9.9773,-2.3983,-2.5000,-0.1017,-1.6759,1
TEL,10496,12.6662,12.3604,0.6396,-22.1806,24,-0.047124,0.3614,-2.9648,-10.2331,-2.2841,-2.4953,-0.2112,0.0000,1
TEL,10596,9.5962,11.3258,0.9378,-22.2222,24,-0.047124,-2.4564,-3.0399,-10.1485,-2.2809,-2.5000,-0.2191,0.0000,1
TEL,10696,12.0673,11.6453,1.3547,-22.2222,24,-0.047124,-0.3611,-3.1483,-10.6904,-2.2808,-2.5000,-0.2192,0.0000,1
TEL,10796,12.6315,12.2295,0.9268,-22.2222,24,-0.047124,1.1648,-3.2224,-11.0612,-2.2808,-2.5000,-0.2192,0.0000,1
TEL,10896,12.7011,12.4313,0.5687,-14.3169,23,-0.045160,1.4510,-3.2679,-10.9697,-2.2808,-1.6107,0.6701,-10.0000,1
TEL,10996,12.0040,11.8366,1.2295,-22.2222,14,-0.027489,0.0641,-3.3663,-11.4616,-1.6464,-2.5000,-0.8536,-55.9398,1
TEL,11096,12.4944,12.0934,0.9066,-22.2222,23,-0.045160,0.9251,-3.4388,-11.8242,-1.5909,-2.5000,-0.9091,194.0602,1
TEL,11196,12.7361,12.4018,0.6896,-17.9158,32,-0.062832,1.3883,-3.4940,-11.7265,-2.8176,-2.0155,0.8021,-7.9232,1
TEL,11296,9.3722,11.0977,1.9023,-22.2222,20,-0.039270,-4.6898,-3.4087,-11.6296,-2.3031,-2.5000,-0.1969,-125.9948,1
TEL,11396,12.4269,11.8411,1.4394,-22.2222,22,-0.043197,-1.2957,-3.5239,-11.5335,-1.7605,-2.5000,-0.7395,124.0052,1
TEL,11496,12.6315,12.2391,0.7609,-22.2222,31,-0.060868,0.2834,-3.5848,-11.8378,-2.7553,-2.5000,0.2553,7.9510,1
TEL,11596,10.8559,11.6093,1.0476,-22.2222,25,-0.049087,-2.6947,-3.4973,-11.7400,-2.4630,-2.5000,-0.0370,-13.1917,1
TEL,11696,12.1313,11.8061,1.1939,-22.2222,25,-0.049087,-1.0763,-3.5928,-12.2175,-2.3713,-2.5000,-0.1287,0.0000,1
TEL,11796,12.5969,12.2298,0.8868,-22.2222,25,-0.049087,0.2134,-3.6638,-12.5723,-2.3687,-2.5000,-0.1313,0.0000,1
TEL,11896,12.7011,12.4116,0.5884,-21.9812,25,-0.049087,0.7327,-3.7109,-12.8076,-2.3687,-2.4729,-0.1042,0.0000,1
TEL,11996,12.0992,11.8404,1.2592,-22.2222,25,-0.049087,-0.3393,-3.8116,-13.3113,-2.3687,-2.5000,-0.1313,0.0000,1
TEL,12096,12.5626,12.1174,0.8826,-22.2222,25,-0.049087,0.7602,-3.8822,-13.6644,-2.3687,-2.5000,-0.1313,0.0000,1
TEL,12196,12.7361,12.4166,0.6711,-21.6486,25,-0.049087,1.1856,-3.9359,-13.9328,-2.3687,-2.4355,-0.0668,0.0000,1
TEL,12296,10.8298,11.5761,1.4239,-22.2222,25,-0.049087,-1.5831,-4.0498,-13.8176,-2.3687,-2.5000,-0.1313,0.0000,1
TEL,12396,12.4606,11.9767,1.1928,-22.2222,25,-0.049087,0.1696,-4.1452,-14.2948,-2.3687,-2.5000,-0.1313,0.0000,1
TEL,12496,12.6315,12.2523,0.7477,-22.2222,25,-0.049087,1.0179,-4.2050,-14.5938,-2.3687,-2.5000,-0.1313,0.0000,1
TEL,12596,9.4323,11.2081,1.0450,-22.2222,25,-0.049087,-2.0986,-4.2886,-14.4732,-2.3687,-2.5000,-0.1313,0.0000,1
TEL,12696,12.1958,11.5538,1.4462,-22.2222,25,-0.049087,0.4932,-4.4043,-15.0517,-2.3687,-2.5000,-0.1313,0.0000,1
TEL,12796,12.6315,12.2066,0.9698,-22.2222,25,-0.049087,1.9887,-4.4819,-14.9273,-2.3687,-2.5000,-0.1313,0.0000,1
TEL,12896,12.7011,12.4268,0.5732,-15.0470,24,-0.047124,2.0861,-4.5278,-14.8039,-2.3687,-1.6928,0.6759,-10.0000,1
TEL,12996,12.1958,11.7876,1.3953,-22.2222,15,-0.029452,0.1476,-4.6394,-15.3621,-1.6609,-2.5000,-0.8391,-52.1399,1
TEL,13096,12.5284,12.1150,0.8850,-22.2222,24,-0.047124,1.2062,-4.7102,-15.2351,-1.6822,-2.5000,-0.8178,190.6464,1
TEL,13196,12.7361,12.4456,0.6412,-20.3133,31,-0.060868,1.5855,-4.7615,-15.1092,-2.8041,-2.2852,0.5188,-20.8379,1
TEL,13296,10.9614,12.2074,0.7926,-22.2222,21,-0.041233,-1.1230,-4.8249,-15.4263,-2.2392,-2.5000,-0.2608,-52.9567,1
TEL,13396,12.4606,12.2263,0.8328,-22.2222,29,-0.056941,-0.5270,-4.8915,-15.7594,-2.2964,-2.5000,-0.2036,114.8585,1
TEL,13496,12.6315,12.3570,0.6430,-22.2222,28,-0.054978,0.0598,-4.9430,-16.0166,-2.7615,-2.5000,0.2615,-77.5000,1
TEL,13596,12.7714,12.5211,0.5284,-22.2222,26,-0.051051,0.4309,-4.9852,-16.2279,-2.4725,-2.5000,-0.0275,0.0000,1
TEL,13696,12.7361,12.5876,0.4124,-22.2222,26,-0.051051,0.4981,-5.0182,-16.0938,-2.4570,-2.5000,-0.0430,0.0000,1
TEL,13796,12.7361,12.6392,0.3744,-22.2222,26,-0.051051,0.4762,-5.0482,-15.9608,-2.4566,-2.5000,-0.0434,0.0000,1
TEL,13896,12.7714,12.6634,0.3366,-21.0090,26,-0.051051,0.4332,-5.0482,-15.9608,-2.4565,-2.3635,0.0930,0.0000,1
TEL,13996,12.6662,12.6792,0.3195,-21.0090,26,-0.051051,0.3524,-5.0482,-15.9608,-2.4565,-2.3635,0.0930,0.0000,1
TEL,14096,12.7011,12.6854,0.3146,-21.0090,26,-0.051051,0.2614,-5.0482,-15.9608,-2.4565,-2.3635,0.0930,0.0000,1
TEL,14196,12.7714,12.6978,0.3075,-21.0090,26,-0.051051,0.2105,-5.0482,-15.9608,-2.4565,-2.3635,0.0930,0.0000,1
TEL,14296,12.7361,12.7026,0.2974,-21.0090,26,-0.051051,0.1664,-5.0482,-15.9608,-2.4565,-2.3635,0.0930,0.0000,1
TEL,14396,12.7011,12.7042,0.2956,-21.0090,26,-0.051051,0.1174,-5.0482,-15.9608,-2.4142,-2.3635,0.0506,0.0000,1
TEL,14496,12.7011,12.7056,0.2944,-21.0090,26,-0.051051,0.0822,-5.0482,-15.9608,-2.4056,-2.3635,0.0421,0.0000,1
TEL,14596,12.7361,12.7112,0.2900,-21.0090,26,-0.051051,0.0679,-5.0482,-15.9608,-2.3866,-2.3635,0.0231,0.0000,1
TEL,14696,12.7361,12.7133,0.2867,-21.0090,26,-0.051051,0.0557,-5.0482,-15.9608,-2.4164,-2.3635,0.0529,0.0000,1
TEL,14796,12.7361,12.7146,0.2862,-21.0090,26,-0.051051,0.0465,-5.0482,-15.9608,-2.3862,-2.3635,0.0226,0.0000,1
TEL,14896,12.7361,12.7162,0.2838,-21.0090,26,-0.051051,0.0386,-5.0482,-15.9608,-2.3986,-2.3635,0.0351,0.0000,1
TEL,14996,12.7361,12.7194,0.2812,-21.0090,26,-0.051051,0.0412,-5.0482,-15.9608,-2.4102,-2.3635,0.0467,0.0000,1
TEL,15096,12.7361,12.7205,0.2795,-21.0090,26,-0.051051,0.0332,-5.0482,-15.9608,-2.4443,-2.3635,0.0808,0.0000,1
TEL,15196,12.7361,12.7219,0.2785,-21.0090,26,-0.051051,0.0271,-5.0482,-15.9608,-2.4376,-2.3635,0.0741,0.0000,1
TEL,15296,11.0961,12.6748,0.3252,-21.0090,26,-0.051051,-0.3206,-5.0482,-15.9608,-2.4241,-2.3635,0.0606,0.0000,1
TEL,15396,12.4606,12.6061,0.3830,-22.2222,26,-0.051051,-0.4001,-5.0788,-15.8289,-2.4018,-2.5000,-0.0982,0.0000,1
TEL,15496,12.6315,12.6072,0.3928,-22.2222,26,-0.051051,-0.2736,-5.1102,-15.6981,-2.4194,-2.5000,-0.0806,0.0000,1
TEL,15596,9.5962,12.2255,0.4871,-22.2222,26,-0.051051,-0.8950,-5.1492,-15.5683,-2.4177,-2.5000,-0.0823,0.0000,1
TEL,15696,12.1635,12.1590,0.8410,-22.2222,26,-0.051051,-0.6319,-5.2165,-15.9048,-2.4179,-2.5000,-0.0821,0.0000,1
TEL,15796,12.6315,12.3023,0.7546,-22.2222,26,-0.051051,-0.1731,-5.2769,-16.2066,-2.3916,-2.5000,-0.1084,0.0000,1
TEL,15896,12.7361,12.4136,0.5864,-22.2222,26,-0.051051,0.2834,-5.3238,-16.4411,-2.4176,-2.5000,-0.0824,0.0000,1
TEL,15996,12.1635,11.9421,1.1314,-22.2222,26,-0.051051,-0.8237,-5.4143,-16.8937,-2.4322,-2.5000,-0.0678,0.0000,1
TEL,16096,12.4944,12.1325,0.8675,-22.2222,26,-0.051051,0.1071,-5.4837,-17.2407,-2.3970,-2.5000,-0.1030,0.0000,1
TEL,16196,12.7011,12.3993,0.6759,-22.2222,26,-0.051051,0.7079,-5.5378,-17.5111,-2.4300,-2.5000,-0.0700,0.0000,1
TEL,16296,11.2617,11.7546,1.2454,-22.2222,26,-0.051051,-0.9467,-5.6374,-18.0093,-2.3746,-2.5000,-0.1254,0.0000,1
TEL,16396,12.4269,12.0210,1.0934,-22.2222,26,-0.051051,-0.0934,-5.7249,-18.4466,-2.4015,-2.5000,-0.0985,0.0000,1
TEL,16496,12.6315,12.2381,0.7619,-22.2222,26,-0.051051,0.6976,-5.7858,-18.7514,-2.3881,-2.5000,-0.1119,0.0000,1
TEL,16596,9.4728,11.1996,1.0884,-22.2222,26,-0.051051,-2.4793,-5.8729,-18.5964,-2.4163,-2.5000,-0.0837,0.0000,1
TEL,16696,12.0992,11.6850,1.3150,-22.2222,26,-0.051051,-0.2123,-5.9781,-19.1224,-2.4283,-2.5000,-0.0717,0.0000,1
TEL,16796,12.5969,12.1979,0.9538,-22.2222,26,-0.051051,1.2162,-6.0544,-18.9643,-2.4302,-2.5000,-0.0698,0.0000,1
TEL,16896,12.7361,12.4128,0.5872,-22.2222,26,-0.051051,1.5991,-6.1014,-18.8076,-2.3735,-2.5000,-0.1265,0.0000,1
TEL,16996,11.9413,11.8073,1.2417,-22.2222,26,-0.051051,0.9055,-6.2007,-19.3043,-2.3703,-2.5000,-0.1297,0.0000,1
TEL,17096,12.4606,12.0506,0.9494,-22.2222,26,-0.051051,1.4920,-6.2767,-19.1448,-2.3724,-2.5000,-0.1276,0.0000,1
TEL,17196,12.7361,12.3707,0.7278,-22.2222,26,-0.051051,1.7869,-6.3349,-18.9865,-2.3747,-2.5000,-0.1253,0.0000,1
TEL,17296,10.8559,11.5073,1.4927,-22.2222,26,-0.051051,-0.9670,-6.4543,-19.5836,-2.4183,-2.5000,-0.0817,0.0000,1
TEL,17396,12.4944,11.9682,1.2225,-22.2222,26,-0.051051,0.6593,-6.5521,-20.0726,-2.3843,-2.5000,-0.1157,0.0000,1
TEL,17496,12.5969,12.2546,0.7454,-22.2222,26,-0.051051,1.3242,-6.6117,-19.9068,-2.4121,-2.5000,-0.0879,0.0000,1
TEL,17596,10.9881,12.1327,0.5599,-22.2222,26,-0.051051,1.5615,-6.6565,-19.7422,-2.3730,-2.5000,-0.1270,0.0000,1
TEL,17696,12.2283,12.0306,0.9694,-22.2222,26,-0.051051,1.6150,-6.7341,-19.5791,-2.3926,-2.5000,-0.1074,0.0000,1
TEL,17796,12.6315,12.2888,0.7986,-22.2222,26,-0.051051,1.7267,-6.7980,-19.4173,-2.3889,-2.5000,-0.1111,0.0000,1
TEL,17896,12.7361,12.4345,0.5655,-22.2222,26,-0.051051,1.7405,-6.8432,-19.2568,-2.3692,-2.5000,-0.1308,0.0000,1
TEL,17996,12.1313,11.8901,1.2023,-22.2222,26,-0.051051,-0.0795,-6.9394,-19.7377,-2.4396,-2.5000,-0.0604,0.0000,1
TEL,18096,12.4606,12.1106,0.8894,-22.2222,26,-0.051051,0.6976,-7.0106,-20.0935,-2.3738,-2.5000,-0.1262,0.0000,1
TEL,18196,12.6662,12.3892,0.6845,-22.2222,26,-0.051051,1.2465,-7.0653,-19.9274,-2.3710,-2.5000,-0.1290,0.0000,1
TEL,18296,10.3076,11.3835,1.6165,-22.2222,26,-0.051051,-2.6119,-6.8930,-19.7627,-2.3732,-2.5000,-0.1268,0.0000,1
TEL,18396,12.4944,12.0083,1.1953,-22.2222,26,-0.051051,-0.4451,-6.9886,-20.2409,-2.3951,-2.5000,-0.1049,0.0000,1
TEL,18496,12.6315,12.2898,0.7102,-22.2222,26,-0.051051,0.5678,-7.0454,-20.5249,-2.3694,-2.5000,-0.1306,0.0000,1
TEL,18596,9.3922,11.8157,0.5370,-22.2222,26,-0.051051,0.9784,-7.0884,-20.7397,-2.4135,-2.5000,-0.0865,0.0000,1
TEL,18696,12.1313,11.8907,1.1093,-22.2222,26,-0.051051,1.3058,-7.1771,-20.5683,-2.3968,-2.5000,-0.1032,0.0000,1
TEL,18796,12.5969,12.2421,0.8603,-22.2222,26,-0.051051,1.7634,-7.2459,-20.3983,-2.4033,-2.5000,-0.0967,0.0000,1
TEL,18896,12.7361,12.4170,0.5830,-22.2222,26,-0.051051,1.8555,-7.2926,-20.2298,-2.3927,-2.5000,-0.1073,0.0000,1
TEL,18996,11.8792,11.8276,1.1910,-22.2222,26,-0.051051,0.6659,-7.3879,-20.7062,-2.4212,-2.5000,-0.0788,0.0000,1
TEL,19096,12.4606,12.0530,0.9470,-22.2222,26,-0.051051,1.2682,-7.4636,-20.5350,-2.4024,-2.5000,-0.0976,0.0000,1
TEL,19196,12.7011,12.3698,0.7188,-22.2222,26,-0.051051,1.6585,-7.5211,-20.3653,-2.4045,-2.5000,-0.0955,0.0000,1
TEL,19296,11.4608,11.7467,1.2533,-22.2222,26,-0.051051,0.2645,-7.6214,-20.8666,-2.4225,-2.5000,-0.0775,0.0000,1
TEL,19396,12.4606,12.0079,1.1192,-22.2222,26,-0.051051,1.1272,-7.7109,-21.3143,-2.3987,-2.5000,-0.1013,0.0000,1
TEL,19496,12.6315,12.2404,0.7596,-22.2222,26,-0.051051,1.5919,-7.7717,-21.1382,-2.3796,-2.5000,-0.1204,0.0000,1
TEL,19596,11.0961,12.1564,0.5772,-22.2222,26,-0.051051,1.7307,-7.8179,-20.9635,-2.3942,-2.5000,-0.1058,0.0000,1
TEL,19696,12.2610,12.0826,0.9174,-22.2222,26,-0.051051,1.6381,-7.8913,-20.7902,-2.4006,-2.5000,-0.0994,0.0000,1
TEL,19796,12.6315,12.3183,0.7572,-22.2222,26,-0.051051,1.7439,-7.9518,-20.6184,-2.3869,-2.5000,-0.1131,0.0000,1
TEL,19896,12.7714,12.4539,0.5461,-22.2222,26,-0.051051,1.7467,-7.9955,-20.4480,-2.4050,-2.5000,-0.0950,0.0000,1
TEL,19996,12.0673,11.9738,1.0594,-22.2222,26,-0.051051,-0.3248,-8.0803,-20.8718,-2.4068,-2.5000,-0.0932,0.0000,1
TEL,20096,12.4944,12.1277,0.8723,-22.2222,26,-0.051051,0.4206,-8.1501,-21.2207,-2.3768,-2.5000,-0.1232,0.0000,1
TEL,20196,12.7011,12.3833,0.6927,-22.2222,26,-0.051051,0.9234,-8.2055,-21.4977,-2.3850,-2.5000,-0.1150,0.0000,1
TEL,20296,10.6504,11.5127,1.4873,-22.2222,26,-0.051051,-2.0214,-8.3245,-21.3201,-2.4040,-2.5000,-0.0960,0.0000,1
TEL,20396,12.5284,12.0075,1.1826,-22.2222,26,-0.051051,-0.3491,-8.4191,-21.7931,-2.3889,-2.5000,-0.1111,0.0000,1
TEL,20496,12.6315,12.2840,0.7160,-22.2222,26,-0.051051,0.6055,-8.4764,-22.0795,-2.3804,-2.5000,-0.1196,0.0000,1
TEL,20596,11.0961,11.7130,1.0228,-22.2222,26,-0.051051,-2.4738,-8.5582,-21.8970,-2.4218,-2.5000,-0.0782,0.0000,1
TEL,20696,12.2610,11.8315,1.1685,-22.2222,26,-0.051051,-0.8200,-8.6517,-22.3644,-2.3814,-2.5000,-0.1186,0.0000,1
TEL,20796,12.5969,12.2200,0.8931,-22.2222,26,-0.051051,0.3944,-8.7231,-22.7217,-2.4354,-2.5000,-0.0646,0.0000,1
TEL,20896,10.7780,11.9914,1.0086,-22.2222,26,-0.051051,-2.1182,-8.8038,-22.5339,-2.3815,-2.5000,-0.1185,0.0000,1
TEL,20996,12.1635,11.6646,1.5639,-22.2222,26,-0.051051,-0.4797,-8.9289,-23.1594,-2.3950,-2.5000,-0.1050,0.0000,1
TEL,21096,12.5626,12.0716,0.9284,-22.2222,26,-0.051051,1.0748,-9.0032,-23.5308,-2.4008,-2.5000,-0.0992,0.0000,1
TEL,21196,12.7011,12.4301,0.6568,-22.2222,26,-0.051051,1.5917,-9.0557,-23.3363,-2.3880,-2.5000,-0.1120,0.0000,1
TEL,21296,11.0149,11.6806,1.3194,-22.2222,26,-0.051051,-0.9942,-9.1613,-23.8641,-2.3898,-2.5000,-0.1102,0.0000,1
TEL,21396,12.4606,12.0394,1.0984,-22.2222,26,-0.051051,0.1423,-9.2491,-24.3034,-2.4024,-2.5000,-0.0976,0.0000,1
TEL,21496,12.6315,12.2807,0.7193,-22.2222,26,-0.051051,0.8700,-9.3067,-24.5911,-2.3715,-2.5000,-0.1285,0.0000,1
TEL,21596,11.0418,11.6132,1.1256,-22.2222,26,-0.051051,-2.8972,-9.0797,-24.3879,-2.3698,-2.5000,-0.1302,0.0000,1
TEL,21696,12.2610,11.8413,1.1587,-22.2222,26,-0.051051,-1.0246,-9.1724,-24.8514,-2.3687,-2.5000,-0.1313,0.0000,1
TEL,21796,12.6315,12.2617,0.8566,-22.2222,26,-0.051051,0.3245,-9.2409,-25.1940,-2.3882,-2.5000,-0.1118,0.0000,1
TEL,21896,10.3793,11.9249,1.0751,-22.2222,26,-0.051051,-2.8428,-9.0155,-24.9858,-2.4099,-2.5000,-0.0901,0.0000,1
TEL,21996,12.2610,11.7484,1.4223,-22.2222,26,-0.051051,-2.3168,-9.1293,-24.7793,-2.3849,-2.5000,-0.1151,0.0000,1
TEL,22096,12.5626,12.0730,0.9270,-22.2222,26,-0.051051,-0.4936,-9.2035,-25.1501,-2.4205,-2.5000,-0.0795,0.0000,1
TEL,22196,12.7011,12.4017,0.6863,-22.2222,26,-0.051051,0.4369,-9.2584,-25.4247,-2.4009,-2.5000,-0.0991,0.0000,1
TEL,22296,11.4898,11.7482,1.2518,-22.2222,26,-0.051051,-0.5707,-9.3585,-25.9254,-2.3711,-2.5000,-0.1289,0.0000,1
TEL,22396,12.7361,12.3671,0.7779,-22.2222,26,-0.051051,1.0141,-9.4207,-26.2365,-2.3960,-2.5000,-0.1040,0.0000,1
TEL,22496,12.7361,12.5204,0.4796,-22.2222,26,-0.051051,1.1951,-9.4591,-26.0197,-2.3827,-2.5000,-0.1173,0.0000,1
TEL,22596,12.7361,12.6216,0.4019,-22.2222,26,-0.051051,1.0838,-9.4913,-25.8047,-2.3723,-2.5000,-0.1277,0.0000,1
TEL,22696,12.7361,12.6480,0.3520,-22.2222,26,-0.051051,0.8750,-9.5194,-25.5914,-2.3951,-2.5000,-0.1049,0.0000,1
TEL,22796,12.7011,12.6680,0.3359,-22.2222,26,-0.051051,0.6919,-9.5194,-25.5914,-2.4002,-2.5000,-0.0998,0.0000,1
TEL,22896,12.7361,12.6804,0.3196,-22.2222,26,-0.051051,0.5347,-9.5194,-25.5914,-2.3955,-2.5000,-0.1045,0.0000,1
TEL,22996,12.7361,12.6930,0.3106,-22.2222,26,-0.051051,0.4117,-9.5194,-25.5914,-2.4029,-2.5000,-0.0971,0.0000,1
TEL,23096,12.7361,12.6990,0.3010,-22.2222,26,-0.051051,0.3140,-9.5194,-25.5914,-2.3722,-2.5000,-0.1278,0.0000,1
TEL,23196,12.7361,12.7056,0.2964,-22.2222,26,-0.051051,0.2400,-9.5194,-25.5914,-2.3853,-2.5000,-0.1147,0.0000,1
TEL,23296,12.7361,12.7090,0.2910,-22.2222,26,-0.051051,0.1828,-9.5194,-25.5914,-2.3708,-2.5000,-0.1292,0.0000,1
TEL,23396,12.7361,12.7112,0.2900,-22.2222,26,-0.051051,0.1272,-9.5194,-25.5914,-2.3687,-2.5000,-0.1313,0.0000,1
TEL,23496,12.7361,12.7135,0.2865,-22.2222,26,-0.051051,0.0986,-9.5194,-25.5914,-2.3840,-2.5000,-0.1160,0.0000,1
TEL,23596,12.7361,12.7149,0.2861,-22.2222,26,-0.051051,0.0775,-9.5194,-25.5914,-2.3735,-2.5000,-0.1265,0.0000,1
TEL,23696,12.7011,12.7151,0.2849,-22.2222,26,-0.051051,0.0513,-9.5194,-25.5914,-2.3973,-2.5000,-0.1027,0.0000,1
TEL,23796,12.7361,12.7161,0.2846,-22.2222,26,-0.051051,0.0327,-9.5194,-25.5914,-2.4090,-2.5000,-0.0910,0.0000,1
TEL,23896,12.7361,12.7175,0.2825,-22.2222,26,-0.051051,0.0281,-9.5194,-25.5914,-2.3990,-2.5000,-0.1010,0.0000,1
TEL,23996,12.7361,12.7192,0.2813,-22.2222,26,-0.051051,0.0242,-9.5194,-25.5914,-2.3739,-2.5000,-0.1261,0.0000,1
TEL,24096,12.7361,12.7203,0.2797,-22.2222,26,-0.051051,0.0208,-9.5194,-25.5914,-2.4191,-2.5000,-0.0809,0.0000,1
TEL,24196,12.7714,12.7226,0.2788,-22.2222,26,-0.051051,0.0181,-9.5194,-25.5914,-2.3776,-2.5000,-0.1224,0.0000,1
TEL,24296,11.5482,12.5659,0.4341,-22.2222,26,-0.051051,-0.5007,-9.5542,-25.3799,-2.3704,-2.5000,-0.1296,0.0000,1
TEL,24396,12.4606,12.4946,0.5016,-22.2222,26,-0.051051,-0.4476,-9.5943,-25.5805,-2.3718,-2.5000,-0.1282,0.0000,1
TEL,24496,12.6662,12.5156,0.4844,-22.2222,26,-0.051051,-0.2152,-9.6330,-25.3691,-2.3917,-2.5000,-0.1083,0.0000,1
TEL,24596,10.7266,12.0327,0.7033,-22.2222,26,-0.051051,-1.8118,-9.6893,-25.1595,-2.3730,-2.5000,-0.1270,0.0000,1
TEL,24696,12.3269,12.0629,0.9371,-22.2222,26,-0.051051,-0.8255,-9.7643,-25.5343,-2.3848,-2.5000,-0.1152,0.0000,1
TEL,24796,12.6315,12.2857,0.7903,-22.2222,26,-0.051051,-0.0759,-9.8275,-25.8504,-2.3907,-2.5000,-0.1093,0.0000,1
TEL,24896,10.8038,12.0814,0.9186,-22.2222,26,-0.051051,-2.0012,-9.9010,-25.6368,-2.3877,-2.5000,-0.1123,0.0000,1
TEL,24996,12.0356,11.6595,1.4763,-22.2222,26,-0.051051,-1.2253,-10.0191,-25.4249,-2.3836,-2.5000,-0.1164,0.0000,1
TEL,25096,12.5626,12.0025,0.9975,-22.2222,26,-0.051051,0.4419,-10.0989,-25.8239,-2.4257,-2.5000,-0.0743,0.0000,1
TEL,25196,12.7011,12.3801,0.7198,-22.2222,26,-0.051051,1.2227,-10.1565,-25.6105,-2.3718,-2.5000,-0.1282,0.0000,1
TEL,25296,11.6071,11.7061,1.2939,-22.2222,26,-0.051051,0.4959,-10.2600,-26.1281,-2.4111,-2.5000,-0.0889,0.0000,1
TEL,25396,12.4944,12.0301,1.1082,-22.2222,26,-0.051051,1.3441,-10.3486,-25.9121,-2.3820,-2.5000,-0.1180,0.0000,1
TEL,25496,12.6662,12.2756,0.7244,-22.2222,26,-0.051051,1.7831,-10.4066,-25.6980,-2.3690,-2.5000,-0.1310,0.0000,1
TEL,25596,11.4320,11.8667,0.9677,-22.2222,26,-0.051051,-1.1391,-10.4840,-26.0851,-2.4026,-2.5000,-0.0974,0.0000,1
TEL,25696,12.2610,11.9299,1.0701,-22.2222,26,-0.051051,-0.1548,-10.5696,-26.5131,-2.3845,-2.5000,-0.1155,0.0000,1
TEL,25796,12.5969,12.2497,0.8430,-22.2222,26,-0.051051,0.7198,-10.6370,-26.8503,-2.3691,-2.5000,-0.1309,0.0000,1
TEL,25896,12.7011,12.4075,0.5925,-22.2222,26,-0.051051,1.0325,-10.6844,-27.0873,-2.3733,-2.5000,-0.1267,0.0000,1
TEL,25996,12.1635,11.8906,1.2072,-22.2222,26,-0.051051,0.0472,-10.7810,-27.5702,-2.4037,-2.5000,-0.0963,0.0000,1
TEL,26096,12.4944,12.1214,0.8786,-22.2222,26,-0.051051,0.8276,-10.8513,-27.9216,-2.3741,-2.5000,-0.1259,0.0000,1
TEL,26196,10.9614,12.0385,0.6784,-22.2222,26,-0.051051,1.2671,-10.9056,-27.6909,-2.3894,-2.5000,-0.1106,0.0000,1
TEL,26296,11.7266,11.5020,1.4980,-22.2222,26,-0.051051,1.8579,-11.0254,-27.4620,-2.4163,-2.5000,-0.0837,0.0000,1
TEL,26396,12.5284,12.0429,1.1408,-22.2222,26,-0.051051,2.7840,-10.7565,-27.2351,-2.3800,-2.5000,-0.1200,0.0000,1
TEL,26496,12.6315,12.3037,0.6963,-22.2222,26,-0.051051,2.7902,-10.4942,-27.0100,-2.3965,-2.5000,-0.1035,0.0000,1
TEL,26596,10.8038,11.4794,1.1802,-22.2222,26,-0.051051,-2.0777,-10.5886,-26.7867,-2.3870,-2.5000,-0.1130,0.0000,1
TEL,26696,12.2283,11.8260,1.1740,-22.2222,26,-0.051051,-0.2663,-10.6825,-27.2564,-2.3876,-2.5000,-0.1124,0.0000,1
TEL,26796,12.6662,12.2976,0.8309,-22.2222,26,-0.051051,0.9387,-10.7490,-27.5887,-2.3729,-2.5000,-0.1271,0.0000,1
TEL,26896,10.4520,11.9536,1.0464,-22.2222,26,-0.051051,-2.4296,-10.8327,-27.3607,-2.3925,-2.5000,-0.1075,0.0000,1
TEL,26996,12.1635,11.6553,1.5909,-22.2222,26,-0.051051,-0.5148,-10.9599,-27.9971,-2.3757,-2.5000,-0.1243,0.0000,1
TEL,27096,12.5626,12.1043,0.8957,-22.2222,26,-0.051051,1.0560,-11.0316,-28.3554,-2.3849,-2.5000,-0.1151,0.0000,1
TEL,27196,12.7361,12.4563,0.6343,-22.2222,26,-0.051051,1.6114,-11.0823,-28.1210,-2.4126,-2.5000,-0.0874,0.0000,1
TEL,27296,11.1508,11.5546,1.4454,-22.2222,26,-0.051051,-0.4701,-11.1980,-28.6992,-2.4282,-2.5000,-0.0718,0.0000,1
TEL,27396,12.4606,12.0436,1.1141,-22.2222,26,-0.051051,1.0719,-11.2871,-29.1448,-2.3725,-2.5000,-0.1275,0.0000,1
TEL,27496,12.6662,12.3156,0.6844,-22.2222,26,-0.051051,1.6117,-11.3419,-28.9039,-2.3952,-2.5000,-0.1048,0.0000,1
TEL,27596,11.1233,11.5697,1.1993,-22.2222,26,-0.051051,-3.1217,-11.0652,-28.6651,-2.4034,-2.5000,-0.0966,0.0000,1
TEL,27696,12.2610,11.8073,1.1927,-22.2222,26,-0.051051,-1.0881,-11.1606,-29.1421,-2.3741,-2.5000,-0.1259,0.0000,1
TEL,27796,12.6315,12.2536,0.8704,-22.2222,26,-0.051051,0.2783,-11.2303,-29.4903,-2.3699,-2.5000,-0.1301,0.0000,1
TEL,27896,9.9847,11.8264,1.1736,-22.2222,26,-0.051051,-3.5488,-10.9564,-29.2466,-2.3903,-2.5000,-0.1097,0.0000,1
TEL,27996,12.2610,11.6107,1.7106,-22.2222,26,-0.051051,-1.2722,-11.0932,-29.0049,-2.3703,-2.5000,-0.1297,0.0000,1
TEL,28096,12.5969,12.0881,0.9119,-22.2222,26,-0.051051,0.7376,-11.1662,-29.3696,-2.3962,-2.5000,-0.1038,0.0000,1
TEL,28196,10.5503,11.9165,0.6262,-22.2222,26,-0.051051,1.3322,-11.2163,-29.1269,-2.3839,-2.5000,-0.1161,0.0000,1
TEL,28296,11.4898,11.3281,1.6719,-22.2222,26,-0.051051,1.7283,-11.3500,-28.8862,-2.3941,-2.5000,-0.1059,0.0000,1
TEL,28396,12.5626,12.0218,1.2022,-22.2222,26,-0.051051,2.7911,-11.0732,-28.6475,-2.3847,-2.5000,-0.1153,0.0000,1
TEL,28496,12.6662,12.3256,0.6744,-22.2222,26,-0.051051,2.9085,-10.8031,-28.4107,-2.3735,-2.5000,-0.1265,0.0000,1
TEL,28596,11.2338,11.5779,1.2308,-22.2222,26,-0.051051,-2.5728,-10.5396,-28.1759,-2.3703,-2.5000,-0.1297,0.0000,1
TEL,28696,12.2939,11.8099,1.1901,-22.2222,26,-0.051051,-0.6470,-10.6348,-28.6520,-2.3951,-2.5000,-0.1049,0.0000,1
TEL,28796,12.6662,12.2848,0.8441,-22.2222,26,-0.051051,0.7083,-10.7024,-28.9896,-2.4065,-2.5000,-0.0935,0.0000,1
TEL,28896,10.5256,11.9660,1.0340,-22.2222,26,-0.051051,-2.4874,-10.7851,-28.7500,-2.3823,-2.5000,-0.1177,0.0000,1
TEL,28996,12.2283,11.7272,1.5486,-22.2222,26,-0.051051,0.2060,-10.9090,-29.3695,-2.3820,-2.5000,-0.1180,0.0000,1
TEL,29096,12.5284,12.1340,0.8660,-22.2222,26,-0.051051,1.4027,-10.9783,-29.1268,-2.3802,-2.5000,-0.1198,0.0000,1
TEL,29196,12.7361,12.4562,0.6309,-22.2222,26,-0.051051,1.7434,-11.0287,-28.8860,-2.3753,-2.5000,-0.1247,0.0000,1
TEL,29296,11.3179,11.6149,1.3851,-22.2222,26,-0.051051,0.0636,-11.1395,-29.4401,-2.3854,-2.5000,-0.1146,0.0000,1
TEL,29396,12.5626,12.1051,1.0628,-22.2222,26,-0.051051,1.4289,-11.2246,-29.1968,-2.3955,-2.5000,-0.1045,0.0000,1
TEL,29496,12.6662,12.3472,0.6528,-22.2222,26,-0.051051,1.7705,-11.2768,-28.9555,-2.3914,-2.5000,-0.1086,0.0000,1
TEL,29596,11.5775,11.7034,1.2284,-22.2222,26,-0.051051,-3.4302,-11.0017,-28.7162,-2.4144,-2.5000,-0.0856,0.0000,1
TEL,29696,12.3269,11.9578,1.0422,-22.2222,26,-0.051051,-1.5476,-11.0851,-28.4789,-2.3881,-2.5000,-0.1119,0.0000,1
TEL,29796,12.6315,12.2961,0.8012,-22.2222,26,-0.051051,-0.3097,-11.1492,-28.7994,-2.3971,-2.5000,-0.1029,0.0000,1
TEL,29896,10.0750,11.9088,1.0912,-22.2222,26,-0.051051,-3.5551,-10.8773,-28.5613,-2.4297,-2.5000,-0.0703,0.0000,1
TEL,29996,12.3269,11.8794,1.2895,-22.2222,26,-0.051051,-1.6714,-10.9804,-28.3253,-2.3782,-2.5000,-0.1218,0.0000,1
TEL,30096,12.5969,12.1761,0.8239,-22.2222,26,-0.051051,-0.1701,-11.0463,-28.6549,-2.3968,-2.5000,-0.1032,0.0000,1
TEL,30196,10.5009,11.9759,0.6087,-22.2222,26,-0.051051,0.5554,-11.0950,-28.8983,-2.3761,-2.5000,-0.1239,0.0000,1
TEL,30296,11.7872,11.4492,1.5508,-22.2222,26,-0.051051,2.0317,-11.2191,-28.6595,-2.3873,-2.5000,-0.1127,0.0000,1
TEL,30396,12.5284,12.1306,1.0450,-22.2222,26,-0.051051,3.1642,-10.9455,-28.4226,-2.3692,-2.5000,-0.1308,0.0000,1
TEL,30496,12.6662,12.3751,0.6249,-22.2222,26,-0.051051,2.9951,-10.6785,-28.1878,-2.3981,-2.5000,-0.1019,0.0000,1
TEL,30596,11.4608,11.6820,1.1980,-22.2222,26,-0.051051,-2.5091,-10.4181,-27.9548,-2.3785,-2.5000,-0.1215,0.0000,1
TEL,30696,12.4269,11.9491,1.0509,-22.2222,26,-0.051051,-0.6211,-10.5021,-28.3752,-2.3705,-2.5000,-0.1295,0.0000,1
TEL,30796,12.6662,12.3172,0.7893,-22.2222,26,-0.051051,0.4423,-10.5653,-28.6909,-2.3918,-2.5000,-0.1082,0.0000,1
TEL,30896,10.0523,11.9096,1.0904,-22.2222,26,-0.051051,-3.2623,-10.3076,-28.4538,-2.3787,-2.5000,-0.1213,0.0000,1
TEL,30996,12.1958,11.8293,1.3145,-22.2222,26,-0.051051,-1.4322,-10.4127,-28.2186,-2.3781,-2.5000,-0.1219,0.0000,1
TEL,31096,12.5969,12.1484,0.8516,-22.2222,26,-0.051051,0.0783,-10.4809,-28.5593,-2.3824,-2.5000,-0.1176,0.0000,1
TEL,31196,12.7011,12.4377,0.6370,-22.2222,26,-0.051051,0.7274,-10.5318,-28.8140,-2.3735,-2.5000,-0.1265,0.0000,1
TEL,31296,12.7011,12.5313,0.4687,-22.2222,26,-0.051051,0.8013,-10.5693,-28.5759,-2.3980,-2.5000,-0.1020,0.0000,1
TEL,31396,12.7361,12.6147,0.4064,-22.2222,26,-0.051051,0.7658,-10.6018,-28.3397,-2.3750,-2.5000,-0.1250,0.0000,1
TEL,31496,12.7011,12.6401,0.3599,-22.2222,26,-0.051051,0.6101,-10.6306,-28.1055,-2.3840,-2.5000,-0.1160,0.0000,1
TEL,31596,12.7011,12.6611,0.3434,-22.2222,26,-0.051051,0.5035,-10.6306,-28.1055,-2.3691,-2.5000,-0.1309,0.0000,1
TEL,31696,12.7011,12.6679,0.3321,-22.2222,26,-0.051051,0.3821,-10.6306,-28.1055,-2.3687,-2.5000,-0.1313,0.0000,1
TEL,31796,12.7361,12.6800,0.3244,-22.2222,26,-0.051051,0.3085,-10.6306,-28.1055,-2.3697,-2.5000,-0.1303,0.0000,1
TEL,31896,12.7361,12.6851,0.3149,-22.2222,26,-0.051051,0.2461,-10.6306,-28.1055,-2.3731,-2.5000,-0.1269,0.0000,1
TEL,31996,12.7361,12.6939,0.3088,-22.2222,26,-0.051051,0.1966,-10.6306,-28.1055,-2.3688,-2.5000,-0.1312,0.0000,1
TEL,32096,12.7361,12.7004,0.2996,-22.2222,26,-0.051051,0.1555,-10.6306,-28.1055,-2.3879,-2.5000,-0.1121,0.0000,1
TEL,32196,12.7361,12.7057,0.2959,-22.2222,26,-0.051051,0.1236,-10.6306,-28.1055,-2.3736,-2.5000,-0.1264,0.0000,1
TEL,32296,12.7361,12.7085,0.2915,-22.2222,26,-0.051051,0.0980,-10.6306,-28.1055,-2.3703,-2.5000,-0.1297,0.0000,1
TEL,32396,12.7011,12.7076,0.2922,-22.2222,26,-0.051051,0.0678,-10.6306,-28.1055,-2.3822,-2.5000,-0.1178,0.0000,1
TEL,32496,12.7361,12.7084,0.2916,-22.2222,26,-0.051051,0.0564,-10.6306,-28.1055,-2.3745,-2.5000,-0.1255,0.0000,1
TEL,32596,12.7011,12.7089,0.2908,-22.2222,26,-0.051051,0.0381,-10.6306,-28.1055,-2.3810,-2.5000,-0.1190,0.0000,1
TEL,32696,12.7361,12.7107,0.2893,-22.2222,26,-0.051051,0.0336,-10.6306,-28.1055,-2.3690,-2.5000,-0.1310,0.0000,1
REF,32782,17.0000,hold_far
TEL,32796,12.7714,12.7154,4.2865,-31.1111,27,-0.053014,0.0194,0.0000,-1.7146,-2.3742,-3.5000,-1.1258,35.0000,1
TEL,32896,10.2603,12.6381,4.3619,-31.1111,40,-0.078540,-0.5509,0.0000,-3.4593,-3.2875,-3.5000,-0.2125,109.2699,1
TEL,32996,12.3269,12.4842,4.4962,-31.1111,36,-0.070686,-0.8319,0.0000,-5.2578,-3.9453,-3.5000,0.4453,-140.6865,1
TEL,33096,12.6315,12.5031,4.4969,-31.1111,34,-0.066759,-0.4935,0.0000,-7.0566,-3.1576,-3.5000,-0.3424,73.2061,1
TEL,33196,10.4520,12.3426,4.4642,-31.1111,38,-0.074613,-0.2544,0.0000,-8.8423,-3.7178,-3.5000,0.2178,0.0000,1
TEL,33296,11.7872,12.0631,4.9369,-31.1111,36,-0.070686,-0.6994,0.0000,-10.8170,-3.6129,-3.5000,0.1129,0.0000,1
TEL,33396,12.5969,12.2405,4.8348,-31.1111,36,-0.070686,0.0435,0.0000,-12.7509,-3.5995,-3.5000,0.0995,0.0000,1
TEL,33496,12.7361,12.3886,4.6114,-31.1111,36,-0.070686,0.5576,0.0000,-14.5955,-3.5991,-3.5000,0.0991,0.0000,1
TEL,33596,12.7011,12.5149,4.5196,-31.1111,36,-0.070686,0.6197,0.0000,-16.4033,-3.5991,-3.5000,0.0991,0.0000,1
TEL,33696,12.3269,12.2084,4.7916,-31.1111,36,-0.070686,0.7137,0.0000,-18.3200,-3.5991,-3.5000,0.0991,0.0000,1
TEL,33796,12.7011,12.4219,4.6430,-31.1111,36,-0.070686,0.9954,0.0000,-20.1772,-3.5991,-3.5000,0.0991,0.0000,1
TEL,33896,10.7522,12.1797,4.8203,-31.1111,36,-0.070686,-1.4252,0.0000,-20.0104,-3.5991,-3.5000,0.0991,0.0000,1
TEL,33996,12.2610,12.0831,4.9641,-31.1111,36,-0.070686,-0.7921,0.0000,-21.9960,-3.5991,-3.5000,0.0991,0.0000,1
TEL,34096,12.5626,12.2293,4.7707,-31.1111,36,-0.070686,-0.0310,0.0000,-23.9043,-3.5991,-3.5000,0.0991,0.0000,1
TEL,34196,10.0297,11.9511,4.6625,-31.1111,36,-0.070686,0.4518,0.0000,-25.7694,-3.5991,-3.5000,0.0991,0.0000,1
TEL,34296,11.9726,11.7648,5.2352,-31.1111,36,-0.070686,0.9160,0.0000,-27.8634,-3.5991,-3.5000,0.0991,0.0000,1
TEL,34396,12.5626,12.1476,4.9780,-31.1111,36,-0.070686,1.6180,0.0000,-27.6332,-3.5991,-3.5000,0.0991,0.0000,1
TEL,34496,12.7011,12.3557,4.6443,-31.1111,36,-0.070686,1.8540,0.0000,-27.4048,-3.5991,-3.5000,0.0991,0.0000,1
TEL,34596,11.8484,11.7396,5.3084,-31.1111,36,-0.070686,-1.0662,0.0000,-29.5282,-3.5991,-3.5000,0.0991,0.0000,1
TEL,34696,12.3600,11.9860,5.0140,-31.1111,36,-0.070686,0.0743,0.0000,-31.5338,-3.5991,-3.5000,0.0991,0.0000,1
TEL,34796,12.7011,12.2512,4.8569,-31.1111,36,-0.070686,0.2326,0.0000,-33.4765,-3.5991,-3.5000,0.0991,0.0000,1
TEL,34896,10.1438,11.9114,5.0886,-31.1111,36,-0.070686,-2.9490,0.0000,-33.1998,-3.5991,-3.5000,0.0991,0.0000,1
TEL,34996,12.3934,11.9590,5.1557,-31.1111,36,-0.070686,-1.9471,0.0000,-32.9255,-3.5991,-3.5000,0.0991,0.0000,1
TEL,35096,12.5969,12.1821,4.8179,-31.1111,36,-0.070686,-0.6010,0.0000,-34.8526,-3.5991,-3.5000,0.0991,0.0000,1
TEL,35196,10.3793,11.9731,4.6227,-31.1111,36,-0.070686,0.2390,0.0000,-36.7017,-3.5991,-3.5000,0.0991,0.0000,1
TEL,35296,11.8177,11.8359,5.1641,-31.1111,36,-0.070686,0.1249,0.0000,-38.7673,-3.5991,-3.5000,0.0991,0.0000,1
TEL,35396,12.5626,12.1604,4.9464,-31.1111,36,-0.070686,0.9605,0.0000,-40.7459,-3.5991,-3.5000,0.0991,0.0000,1
TEL,35496,12.7011,12.3558,4.6442,-31.1111,36,-0.070686,1.3296,0.0000,-40.4091,-3.5991,-3.5000,0.0991,0.0000,1
TEL,35596,11.5775,11.6906,5.2624,-31.1111,36,-0.070686,-1.2347,0.0000,-40.0752,-3.5991,-3.5000,0.0991,0.0000,1
TEL,35696,12.4269,11.9250,5.0750,-31.1111,36,-0.070686,0.1445,0.0000,-42.1052,-3.5991,-3.5000,0.0991,0.0000,1
TEL,35796,12.6662,12.3060,4.8004,-31.1111,36,-0.070686,1.0285,0.0000,-44.0253,-3.5991,-3.5000,0.0991,0.0000,1
TEL,35896,10.8559,11.7777,5.2223,-31.1111,36,-0.070686,-1.4632,0.0000,-43.6579,-3.5991,-3.5000,0.0991,0.0000,1
TEL,35996,12.3269,11.9498,5.1604,-31.1111,36,-0.070686,-0.2541,0.0000,-45.7220,-3.5991,-3.5000,0.0991,0.0000,1
TEL,36096,12.6315,12.1993,4.8007,-31.1111,36,-0.070686,0.6927,0.0000,-47.6423,-3.5991,-3.5000,0.0991,0.0000,1
TEL,36196,10.6504,12.0000,4.6957,-31.1111,36,-0.070686,0.9398,0.0000,-49.5206,-3.5991,-3.5000,0.0991,0.0000,1
TEL,36296,11.9726,11.8169,5.1831,-31.1111,36,-0.070686,1.0853,0.0000,-51.5939,-3.5991,-3.5000,0.0991,0.0000,1
TEL,36396,12.5969,12.1739,4.9468,-31.1111,36,-0.070686,1.6764,0.0000,-51.1675,-3.5991,-3.5000,0.0991,0.0000,1
TEL,36496,12.6662,12.3581,4.6419,-31.1111,36,-0.070686,1.7930,0.0000,-50.7446,-3.5991,-3.5000,0.0991,0.0000,1
TEL,36596,11.9726,11.7872,5.2909,-31.1111,36,-0.070686,-0.7696,0.0000,-52.8610,-3.5991,-3.5000,0.0991,0.0000,1
TEL,36696,12.3934,12.0290,4.9710,-31.1111,36,-0.070686,0.2692,0.0000,-54.8493,-3.5991,-3.5000,0.0991,0.0000,1
TEL,36796,12.6662,12.3397,4.7494,-31.1111,36,-0.070686,0.8469,0.0000,-56.7491,-3.5991,-3.5000,0.0991,0.0000,1
TEL,36896,9.6379,11.8709,5.1291,-31.1111,36,-0.070686,-3.3258,0.0000,-56.2801,-3.5991,-3.5000,0.0991,0.0000,1
TEL,36996,12.3600,11.9766,5.1514,-31.1111,36,-0.070686,-1.5945,0.0000,-55.8150,-3.5991,-3.5000,0.0991,0.0000,1
TEL,37096,12.5969,12.2301,4.7699,-31.1111,36,-0.070686,-0.3289,0.0000,-57.7229,-3.5991,-3.5000,0.0991,0.0000,1
TEL,37196,9.8302,11.8829,4.5907,-31.1111,36,-0.070686,0.3400,0.0000,-59.5592,-3.5991,-3.5000,0.0991,0.0000,1
TEL,37296,11.8177,11.7742,5.2258,-31.1111,36,-0.070686,0.3612,0.0000,-61.6495,-3.5991,-3.5000,0.0991,0.0000,1
TEL,37396,12.5969,12.1599,4.9653,-31.1111,36,-0.070686,1.1396,0.0000,-63.6356,-3.5991,-3.5000,0.0991,0.0000,1
TEL,37496,12.7011,12.3585,4.6415,-31.1111,36,-0.070686,1.4851,0.0000,-63.1097,-3.5991,-3.5000,0.0991,0.0000,1
TEL,37596,11.9102,11.7633,5.2991,-31.1111,36,-0.070686,-0.9531,0.0000,-65.2294,-3.5991,-3.5000,0.0991,0.0000,1
TEL,37696,12.4944,11.9995,5.0005,-31.1111,36,-0.070686,0.3556,0.0000,-67.2295,-3.5991,-3.5000,0.0991,0.0000,1
TEL,37796,12.7011,12.3524,4.7484,-31.1111,36,-0.070686,1.1282,0.0000,-69.1289,-3.5991,-3.5000,0.0991,0.0000,1
TEL,37896,9.4728,11.8297,5.1703,-31.1111,36,-0.070686,-3.5179,0.0000,-68.5576,-3.5991,-3.5000,0.0991,0.0000,1
TEL,37996,12.4269,12.0334,5.0917,-31.1111,36,-0.070686,-1.7040,0.0000,-67.9910,-3.5991,-3.5000,0.0991,0.0000,1
TEL,38096,12.2283,12.1603,4.8397,-31.1111,36,-0.070686,-1.0778,0.0000,-69.9269,-3.5991,-3.5000,0.0991,0.0000,1
TEL,38196,9.6590,11.8343,4.6528,-31.1111,36,-0.070686,-0.1639,0.0000,-71.7880,-3.5991,-3.5000,0.0991,0.0000,1
TEL,38296,11.9726,11.6999,5.3001,-31.1111,36,-0.070686,0.7315,0.0000,-73.9081,-3.5991,-3.5000,0.0991,0.0000,1
TEL,38396,12.5969,12.1815,4.9618,-31.1111,36,-0.070686,1.7469,0.0000,-73.2973,-3.5991,-3.5000,0.0991,0.0000,1
TEL,38496,12.7011,12.3951,4.6049,-31.1111,36,-0.070686,1.9185,0.0000,-72.6915,-3.5991,-3.5000,0.0991,0.0000,1
TEL,38596,11.7872,11.7327,5.2889,-31.1111,36,-0.070686,0.4776,0.0000,-74.8071,-3.5991,-3.5000,0.0991,0.0000,1
TEL,38696,12.4944,11.9960,5.0040,-31.1111,36,-0.070686,1.3642,0.0000,-74.1888,-3.5991,-3.5000,0.0991,0.0000,1
TEL,38796,12.6662,12.3532,4.7380,-31.1111,36,-0.070686,1.8441,0.0000,-73.5696,-3.5991,-3.5000,0.0991,0.0000,1
TEL,38896,10.9084,12.1255,4.8745,-31.1111,36,-0.070686,-0.8930,0.0000,-75.5194,-3.5991,-3.5000,0.0991,0.0000,1
TEL,38996,12.4606,12.1486,4.9318,-31.1111,36,-0.070686,-0.3536,0.0000,-77.4921,-3.5991,-3.5000,0.0991,0.0000,1
TEL,39096,12.6315,12.3071,4.6929,-31.1111,36,-0.070686,0.2978,0.0000,-79.3693,-3.5991,-3.5000,0.0991,0.0000,1
TEL,39196,9.6801,11.5577,4.8716,-31.1111,36,-0.070686,-1.5444,0.0000,-78.7133,-3.5991,-3.5000,0.0991,0.0000,1
TEL,39296,12.0673,11.6394,5.3606,-31.1111,36,-0.070686,0.0655,0.0000,-80.8576,-3.5991,-3.5000,0.0991,0.0000,1
TEL,39396,12.6315,12.1830,4.9778,-31.1111,36,-0.070686,1.3603,0.0000,-80.1893,-3.5991,-3.5000,0.0991,0.0000,1
TEL,39496,12.6662,12.3934,4.6066,-31.1111,36,-0.070686,1.5911,0.0000,-79.5266,-3.5991,-3.5000,0.0991,0.0000,1
TEL,39596,12.0356,11.7988,5.2942,-31.1111,36,-0.070686,0.3493,0.0000,-81.6443,-3.5991,-3.5000,0.0991,0.0000,1
TEL,39696,12.4944,12.0488,4.9512,-31.1111,36,-0.070686,1.2187,0.0000,-80.9696,-3.5991,-3.5000,0.0991,0.0000,1
TEL,39796,12.6662,12.3579,4.7277,-31.1111,36,-0.070686,1.6171,0.0000,-80.3004,-3.5991,-3.5000,0.0991,0.0000,1
TEL,39896,12.7011,12.4818,4.5182,-31.1111,36,-0.070686,1.5339,0.0000,-79.6367,-3.5991,-3.5000,0.0991,0.0000,1
TEL,39996,12.7361,12.5854,4.4426,-31.1111,36,-0.070686,1.3522,0.0000,-78.9786,-3.5991,-3.5000,0.0991,0.0000,1
TEL,40096,12.7361,12.6247,4.3753,-31.1111,36,-0.070686,1.0904,0.0000,-80.7287,-3.5991,-3.5000,0.0991,0.0000,1
TEL,40196,12.7361,12.6596,4.3498,-31.1111,36,-0.070686,0.8605,0.0000,-82.4686,-3.5991,-3.5000,0.0991,0.0000,1
TEL,40296,12.7011,12.6707,4.3293,-31.1111,36,-0.070686,0.6377,0.0000,-84.2003,-3.5991,-3.5000,0.0991,0.0000,1
TEL,40396,12.7011,12.6804,4.3214,-31.1111,36,-0.070686,0.4927,0.0000,-85.9289,-3.5991,-3.5000,0.0991,0.0000,1
TEL,40496,12.7361,12.6881,4.3119,-31.1111,36,-0.070686,0.3779,0.0000,-87.6536,-3.5991,-3.5000,0.0991,0.0000,1
TEL,40596,12.7714,12.6990,4.3057,-31.1111,36,-0.070686,0.2906,0.0000,-89.3759,-3.5991,-3.5000,0.0991,0.0000,1
TEL,40696,12.7361,12.7033,4.2967,-31.1111,36,-0.070686,0.2220,0.0000,-91.0946,-3.5991,-3.5000,0.0991,0.0000,1
TEL,40796,12.7714,12.7101,4.2932,-31.1111,36,-0.070686,0.1705,0.0000,-92.8119,-3.5991,-3.5000,0.0991,0.0000,1
TEL,40896,12.7361,12.7126,4.2874,-31.1111,36,-0.070686,0.1303,0.0000,-94.5269,-3.5991,-3.5000,0.0991,0.0000,1
TEL,40996,12.7361,12.7157,4.2852,-31.1111,36,-0.070686,0.1004,0.0000,-96.0000,-3.5991,-3.5000,0.0991,0.0000,1
TEL,41096,12.7714,12.7188,4.2812,-31.1111,36,-0.070686,0.0878,0.0000,-96.0000,-3.5991,-3.5000,0.0991,0.0000,1
TEL,41196,12.7361,12.7208,4.2798,-31.1111,36,-0.070686,0.0674,0.0000,-96.0000,-3.5991,-3.5000,0.0991,0.0000,1
TEL,41296,12.7361,12.7219,4.2781,-31.1111,36,-0.070686,0.0519,0.0000,-96.0000,-3.5991,-3.5000,0.0991,0.0000,1
TEL,41396,12.7361,12.7233,4.2771,-31.1111,36,-0.070686,0.0404,0.0000,-96.0000,-3.5991,-3.5000,0.0991,0.0000,1
TEL,41496,12.7011,12.7230,4.2770,-31.1111,36,-0.070686,0.0238,0.0000,-96.0000,-3.5991,-3.5000,0.0991,0.0000,1
TEL,41596,11.9726,12.4971,4.4457,-31.1111,36,-0.070686,-0.4768,0.0000,-96.0000,-3.5991,-3.5000,0.0991,0.0000,1
TEL,41696,12.5284,12.4933,4.5067,-31.1111,36,-0.070686,-0.3113,0.0000,-96.0000,-3.5991,-3.5000,0.0991,0.0000,1
TEL,41796,12.7011,12.5316,4.4850,-31.1111,36,-0.070686,-0.1381,0.0000,-96.0000,-3.5991,-3.5000,0.0991,0.0000,1
TEL,41896,10.8038,12.1681,4.8319,-31.1111,36,-0.070686,-1.6658,0.0000,-95.2066,-3.5991,-3.5000,0.0991,0.0000,1
TEL,41996,12.4606,12.2074,4.8380,-31.1111,36,-0.070686,-1.0908,0.0000,-96.0000,-3.5991,-3.5000,0.0991,0.0000,1
TEL,42096,12.6315,12.3158,4.6842,-31.1111,36,-0.070686,-0.3835,0.0000,-96.0000,-3.5991,-3.5000,0.0991,0.0000,1
TEL,42196,9.3524,11.4164,4.9521,-31.1111,36,-0.070686,-2.5261,0.0000,-95.2066,-3.5991,-3.5000,0.0991,0.0000,1
TEL,42296,12.0673,11.7197,5.2803,-31.1111,36,-0.070686,-0.7330,0.0000,-96.0000,-3.5991,-3.5000,0.0991,0.0000,1
TEL,42396,12.6315,12.2301,4.9125,-31.1111,36,-0.070686,0.6566,0.0000,-96.0000,-3.5991,-3.5000,0.0991,0.0000,1
TEL,42496,12.7361,12.4318,4.5682,-31.1111,36,-0.070686,1.1310,0.0000,-96.0000,-3.5991,-3.5000,0.0991,0.0000,1
TEL,42596,11.9413,11.8036,5.2476,-31.1111,36,-0.070686,0.4797,0.0000,-96.0000,-3.5991,-3.5000,0.0991,0.0000,1
TEL,42696,12.4606,12.0578,4.9422,-31.1111,36,-0.070686,1.1947,0.0000,-96.0000,-3.5991,-3.5000,0.0991,0.0000,1
TEL,42796,12.7011,12.3696,4.7209,-31.1111,36,-0.070686,1.6279,0.0000,-95.2066,-3.5991,-3.5000,0.0991,0.0000,1
TEL,42896,11.4320,11.7106,5.2894,-31.1111,36,-0.070686,0.2271,0.0000,-96.0000,-3.5991,-3.5000,0.0991,0.0000,1
TEL,42996,12.4606,12.0183,5.1102,-31.1111,36,-0.070686,0.8594,0.0000,-96.0000,-3.5991,-3.5000,0.0991,0.0000,1
TEL,43096,12.4269,12.1037,4.8963,-31.1111,36,-0.070686,1.1448,0.0000,-96.0000,-3.5991,-3.5000,0.0991,0.0000,1
TEL,43196,10.9881,12.0517,4.6927,-31.1111,36,-0.070686,1.5364,0.0000,-95.2066,-3.5991,-3.5000,0.0991,0.0000,1
TEL,43296,12.2610,12.0413,4.9587,-31.1111,36,-0.070686,1.5356,0.0000,-94.4198,-3.5991,-3.5000,0.0991,0.0000,1
TEL,43396,12.6662,12.2915,4.7965,-31.1111,36,-0.070686,1.7067,0.0000,-93.6395,-3.5991,-3.5000,0.0991,0.0000,1
TEL,43496,12.7714,12.4377,4.5623,-31.1111,36,-0.070686,1.7559,0.0000,-92.8656,-3.5991,-3.5000,0.0991,0.0000,1
TEL,43596,12.0040,11.8783,5.1643,-31.1111,36,-0.070686,0.8977,0.0000,-94.9313,-3.5991,-3.5000,0.0991,0.0000,1
TEL,43696,12.5626,12.1044,4.8956,-31.1111,36,-0.070686,1.5154,0.0000,-94.1467,-3.5991,-3.5000,0.0991,0.0000,1
TEL,43796,12.6662,12.3798,4.6942,-31.1111,36,-0.070686,1.7685,0.0000,-93.3686,-3.5991,-3.5000,0.0991,0.0000,1
TEL,43896,11.5189,11.7576,5.2424,-31.1111,36,-0.070686,0.4922,0.0000,-95.4656,-3.5991,-3.5000,0.0991,0.0000,1
TEL,43996,12.4606,12.0483,5.0679,-31.1111,36,-0.070686,1.0056,0.0000,-96.0000,-3.5991,-3.5000,0.0991,0.0000,1
TEL,44096,12.6662,12.2688,4.7312,-31.1111,36,-0.070686,1.4945,0.0000,-95.2066,-3.5991,-3.5000,0.0991,0.0000,1
TEL,44196,10.7780,11.7449,4.9209,-31.1111,36,-0.070686,-0.9419,0.0000,-96.0000,-3.5991,-3.5000,0.0991,0.0000,1
TEL,44296,12.1313,11.8920,5.1080,-31.1111,36,-0.070686,-0.1061,0.0000,-96.0000,-3.5991,-3.5000,0.0991,0.0000,1
TEL,44396,12.6315,12.1295,4.9829,-31.1111,36,-0.070686,-0.0383,0.0000,-96.0000,-3.5991,-3.5000,0.0991,0.0000,1
TEL,44496,12.7361,12.3319,4.6681,-31.1111,36,-0.070686,0.6791,0.0000,-96.0000,-3.5991,-3.5000,0.0991,0.0000,1
TEL,44596,12.1313,11.8269,5.2848,-31.1111,36,-0.070686,-0.3303,0.0000,-96.0000,-3.5991,-3.5000,0.0991,0.0000,1
TEL,44696,12.5284,12.0926,4.9074,-31.1111,36,-0.070686,0.7294,0.0000,-96.0000,-3.5991,-3.5000,0.0991,0.0000,1
TEL,44796,12.7361,12.4114,4.6794,-31.1111,36,-0.070686,1.2520,0.0000,-95.2066,-3.5991,-3.5000,0.0991,0.0000,1
TEL,44896,11.6665,11.7531,5.2469,-31.1111,36,-0.070686,0.5754,0.0000,-96.0000,-3.5991,-3.5000,0.0991,0.0000,1
TEL,44996,11.8792,11.9060,5.0865,-31.1111,36,-0.070686,1.2583,0.0000,-95.2066,-3.5991,-3.5000,0.0991,0.0000,1
TEL,45096,12.6315,12.1507,4.8493,-31.1111,36,-0.070686,1.7440,0.0000,-94.4198,-3.5991,-3.5000,0.0991,0.0000,1
TEL,45196,11.3462,12.1544,4.6391,-31.1111,36,-0.070686,1.9439,0.0000,-93.6395,-3.5991,-3.5000,0.0991,0.0000,1
TEL,45296,12.2283,12.0926,4.9074,-31.1111,36,-0.070686,1.6647,0.0000,-92.8656,-3.5991,-3.5000,0.0991,0.0000,1
TEL,45396,12.6662,12.3287,4.7487,-31.1111,36,-0.070686,1.7650,0.0000,-92.0981,-3.5991,-3.5000,0.0991,0.0000,1
TEL,45496,12.7361,12.4579,4.5421,-31.1111,36,-0.070686,1.6942,0.0000,-91.3369,-3.5991,-3.5000,0.0991,0.0000,1
TEL,45596,12.1635,12.0869,4.9364,-31.1111,36,-0.070686,0.0778,0.0000,-93.3115,-3.5991,-3.5000,0.0991,0.0000,1
TEL,45696,12.5284,12.0625,4.9375,-31.1111,36,-0.070686,0.9629,0.0000,-95.2865,-3.5991,-3.5000,0.0991,0.0000,1
TEL,45796,12.7714,12.3933,4.7091,-31.1111,36,-0.070686,1.4362,0.0000,-94.4990,-3.5991,-3.5000,0.0991,0.0000,1
TEL,45896,11.6965,11.7507,5.2493,-31.1111,36,-0.070686,0.8258,0.0000,-96.0000,-3.5991,-3.5000,0.0991,0.0000,1
TEL,45996,12.5626,12.1012,5.0362,-31.1111,36,-0.070686,1.5200,0.0000,-95.2066,-3.5991,-3.5000,0.0991,0.0000,1
TEL,46096,12.6662,12.3227,4.6773,-31.1111,36,-0.070686,1.7984,0.0000,-94.4198,-3.5991,-3.5000,0.0991,0.0000,1
TEL,46196,11.0149,11.5595,5.1696,-31.1111,36,-0.070686,-2.8692,0.0000,-93.6395,-3.5991,-3.5000,0.0991,0.0000,1
TEL,46296,12.1958,11.8483,5.1517,-31.1111,36,-0.070686,-1.0703,0.0000,-95.7001,-3.5991,-3.5000,0.0991,0.0000,1
TEL,46396,12.6315,12.2794,4.8360,-31.1111,36,-0.070686,0.2275,0.0000,-96.0000,-3.5991,-3.5000,0.0991,0.0000,1
TEL,46496,10.2368,11.9060,5.0940,-31.1111,36,-0.070686,-3.2082,0.0000,-95.2066,-3.5991,-3.5000,0.0991,0.0000,1
TEL,46596,12.1635,11.8299,5.2901,-31.1111,36,-0.070686,-1.6376,0.0000,-94.4198,-3.5991,-3.5000,0.0991,0.0000,1
TEL,46696,12.5626,12.1405,4.8595,-31.1111,36,-0.070686,-0.1732,0.0000,-96.0000,-3.5991,-3.5000,0.0991,0.0000,1
TEL,46796,10.4034,11.9303,4.6388,-31.1111,36,-0.070686,0.6061,0.0000,-96.0000,-3.5991,-3.5000,0.0991,0.0000,1
TEL,46896,11.7266,11.3972,5.6028,-31.1111,36,-0.070686,2.0386,0.0000,-95.2066,-3.5991,-3.5000,0.0991,0.0000,1
TEL,46996,12.5284,12.0734,5.1245,-31.1111,36,-0.070686,3.1616,0.0000,-94.4198,-3.5991,-3.5000,0.0991,0.0000,1
TEL,47096,12.6315,12.3402,4.6598,-31.1111,36,-0.070686,3.0212,0.0000,-93.6395,-3.5991,-3.5000,0.0991,0.0000,1
TEL,47196,10.9349,11.6616,5.0115,-31.1111,36,-0.070686,-1.0426,0.0000,-95.6440,-3.5991,-3.5000,0.0991,0.0000,1
TEL,47296,12.4606,11.9417,5.0583,-31.1111,36,-0.070686,0.6133,0.0000,-96.0000,-3.5991,-3.5000,0.0991,0.0000,1
TEL,47396,12.6662,12.3327,4.7741,-31.1111,36,-0.070686,1.3515,0.0000,-95.2066,-3.5991,-3.5000,0.0991,0.0000,1
TEL,47496,9.7869,11.8572,5.1428,-31.1111,36,-0.070686,-2.9749,0.0000,-94.4198,-3.5991,-3.5000,0.0991,0.0000,1
TEL,47596,12.2283,11.6554,5.6730,-31.1111,36,-0.070686,-0.0125,0.0000,-96.0000,-3.5991,-3.5000,0.0991,0.0000,1
TEL,47696,12.5284,12.1468,4.8532,-31.1111,36,-0.070686,1.3449,0.0000,-95.2066,-3.5991,-3.5000,0.0991,0.0000,1
TEL,47796,10.4034,11.9134,4.5983,-31.1111,36,-0.070686,1.6722,0.0000,-94.4198,-3.5991,-3.5000,0.0991,0.0000,1
TEL,47896,11.4608,11.3067,5.6933,-31.1111,36,-0.070686,1.9475,0.0000,-93.6395,-3.5991,-3.5000,0.0991,0.0000,1
TEL,47996,12.5284,12.0827,5.1207,-31.1111,36,-0.070686,3.4100,0.0000,-92.8656,-3.5991,-3.5000,0.0991,0.0000,1
TEL,48096,12.6662,12.3586,4.6414,-31.1111,36,-0.070686,3.2569,0.0000,-92.0981,-3.5991,-3.5000,0.0991,0.0000,1
TEL,48196,11.0689,11.5364,5.2065,-31.1111,36,-0.070686,-2.3160,0.0000,-91.3369,-3.5991,-3.5000,0.0991,0.0000,1
TEL,48296,12.2939,11.9065,5.0935,-31.1111,36,-0.070686,-0.4701,0.0000,-93.3743,-3.5991,-3.5000,0.0991,0.0000,1
TEL,48396,12.6662,12.3442,4.7659,-31.1111,36,-0.070686,0.7073,0.0000,-95.2807,-3.5991,-3.5000,0.0991,0.0000,1
TEL,48496,9.8959,11.8765,5.1235,-31.1111,36,-0.070686,-3.3792,0.0000,-94.4932,-3.5991,-3.5000,0.0991,0.0000,1
TEL,48596,12.7361,12.2072,5.0599,-31.1111,36,-0.070686,0.1821,0.0000,-96.0000,-3.5991,-3.5000,0.0991,0.0000,1
TEL,48696,12.7361,12.4706,4.5294,-31.1111,36,-0.070686,0.8852,0.0000,-96.0000,-3.5991,-3.5000,0.0991,0.0000,1
TEL,48796,12.7361,12.6059,4.4257,-31.1111,36,-0.070686,0.9577,0.0000,-96.0000,-3.5991,-3.5000,0.0991,0.0000,1
TEL,48896,12.7361,12.6400,4.3600,-31.1111,36,-0.070686,0.8093,0.0000,-96.0000,-3.5991,-3.5000,0.0991,0.0000,1
TEL,48996,12.7361,12.6685,4.3404,-31.1111,36,-0.070686,0.6570,0.0000,-96.0000,-3.5991,-3.5000,0.0991,0.0000,1
TEL,49096,12.7361,12.6784,4.3216,-31.1111,36,-0.070686,0.5145,0.0000,-96.0000,-3.5991,-3.5000,0.0991,0.0000,1
TEL,49196,12.7361,12.6893,4.3148,-31.1111,36,-0.070686,0.4015,0.0000,-96.0000,-3.5991,-3.5000,0.0991,0.0000,1
TEL,49296,12.7361,12.6986,4.3014,-31.1111,36,-0.070686,0.3082,0.0000,-96.0000,-3.5991,-3.5000,0.0991,0.0000,1
TEL,49396,12.7361,12.7013,4.3010,-31.1111,36,-0.070686,0.2390,0.0000,-96.0000,-3.5991,-3.5000,0.0991,0.0000,1
TEL,49496,12.7361,12.7054,4.2946,-31.1111,36,-0.070686,0.1843,0.0000,-96.0000,-3.5991,-3.5000,0.0991,0.0000,1
TEL,49596,12.7361,12.7100,4.2914,-31.1111,36,-0.070686,0.1428,0.0000,-96.0000,-3.5991,-3.5000,0.0991,0.0000,1
TEL,49696,12.7361,12.7125,4.2875,-31.1111,36,-0.070686,0.1105,0.0000,-96.0000,-3.5991,-3.5000,0.0991,0.0000,1
TEL,49796,12.7361,12.7156,4.2854,-31.1111,36,-0.070686,0.0861,0.0000,-96.0000,-3.5991,-3.5000,0.0991,0.0000,1
TEL,49896,12.7361,12.7172,4.2828,-31.1111,36,-0.070686,0.0672,0.0000,-96.0000,-3.5991,-3.5000,0.0991,0.0000,1
TEL,49996,12.7361,12.7193,4.2813,-31.1111,36,-0.070686,0.0530,0.0000,-96.0000,-3.5991,-3.5000,0.0991,0.0000,1
TEL,50096,12.7361,12.7205,4.2795,-31.1111,36,-0.070686,0.0419,0.0000,-96.0000,-3.5991,-3.5000,0.0991,0.0000,1
TEL,50196,12.7361,12.7220,4.2785,-31.1111,36,-0.070686,0.0335,0.0000,-96.0000,-3.5991,-3.5000,0.0991,0.0000,1
TEL,50296,12.7011,12.7218,4.2782,-31.1111,36,-0.070686,0.0192,0.0000,-96.0000,-3.5991,-3.5000,0.0991,0.0000,1
TEL,50396,12.7361,12.7230,4.2774,-31.1111,36,-0.070686,0.0167,0.0000,-96.0000,-3.5991,-3.5000,0.0991,0.0000,1
TEL,50496,9.9847,12.6474,4.3526,-31.1111,36,-0.070686,-0.5309,0.0000,-96.0000,-3.5991,-3.5000,0.0991,0.0000,1
TEL,50596,12.3269,12.5051,4.4745,-31.1111,36,-0.070686,-0.7913,0.0000,-96.0000,-3.5991,-3.5000,0.0991,0.0000,1
TEL,50696,12.5969,12.5126,4.4874,-31.1111,36,-0.070686,-0.5038,0.0000,-96.0000,-3.5991,-3.5000,0.0991,0.0000,1
TEL,50796,10.4277,12.3386,4.4957,-31.1111,36,-0.070686,-0.3437,0.0000,-96.0000,-3.5991,-3.5000,0.0991,0.0000,1
TEL,50896,11.9413,12.1068,4.8932,-31.1111,36,-0.070686,-0.5248,0.0000,-96.0000,-3.5991,-3.5000,0.0991,0.0000,1
TEL,50996,12.5284,12.2282,4.8254,-31.1111,36,-0.070686,-0.0820,0.0000,-96.0000,-3.5991,-3.5000,0.0991,0.0000,1
TEL,51096,12.6662,12.3471,4.6529,-31.1111,36,-0.070686,0.3555,0.0000,-96.0000,-3.5991,-3.5000,0.0991,0.0000,1
TEL,51196,11.8792,11.9267,5.0551,-31.1111,36,-0.070686,-3.0096,0.0000,-95.2066,-3.5991,-3.5000,0.0991,0.0000,1
TEL,51296,12.3600,12.0683,4.9317,-31.1111,36,-0.070686,-1.6170,0.0000,-94.4198,-3.5991,-3.5000,0.0991,0.0000,1
TEL,51396,12.4944,12.2250,4.8287,-31.1111,36,-0.070686,-1.0577,0.0000,-96.0000,-3.5991,-3.5000,0.0991,0.0000,1
TEL,51496,10.4034,11.9860,5.0140,-31.1111,36,-0.070686,-3.0541,0.0000,-95.2066,-3.5991,-3.5000,0.0991,0.0000,1
TEL,51596,12.3934,11.9161,5.2284,-31.1111,36,-0.070686,-1.8036,0.0000,-94.4198,-3.5991,-3.5000,0.0991,0.0000,1
TEL,51696,12.5969,12.1700,4.8300,-31.1111,36,-0.070686,-0.3825,0.0000,-96.0000,-3.5991,-3.5000,0.0991,0.0000,1
TEL,51796,10.6252,12.0032,4.6326,-31.1111,36,-0.070686,0.3905,0.0000,-96.0000,-3.5991,-3.5000,0.0991,0.0000,1
TEL,51896,11.9726,11.8083,5.1917,-31.1111,36,-0.070686,0.7631,0.0000,-96.0000,-3.5991,-3.5000,0.0991,0.0000,1
TEL,51996,12.5969,12.1758,4.9482,-31.1111,36,-0.070686,1.3743,0.0000,-95.2066,-3.5991,-3.5000,0.0991,0.0000,1
TEL,52096,12.7011,12.3553,4.6447,-31.1111,36,-0.070686,1.6432,0.0000,-94.4198,-3.5991,-3.5000,0.0991,0.0000,1
TEL,52196,11.4320,11.9165,4.9063,-31.1111,36,-0.070686,-1.2518,0.0000,-93.6395,-3.5991,-3.5000,0.0991,0.0000,1
TEL,52296,12.4269,12.0521,4.9479,-31.1111,36,-0.070686,-0.1488,0.0000,-95.6186,-3.5991,-3.5000,0.0991,0.0000,1
TEL,52396,12.6662,12.3429,4.7407,-31.1111,36,-0.070686,0.5461,0.0000,-96.0000,-3.5991,-3.5000,0.0991,0.0000,1
TEL,52496,9.9847,11.4591,5.5409,-31.1111,36,-0.070686,-3.4905,0.0000,-95.2066,-3.5991,-3.5000,0.0991,0.0000,1
TEL,52596,12.4269,11.8886,5.3011,-31.1111,36,-0.070686,-1.6028,0.0000,-94.4198,-3.5991,-3.5000,0.0991,0.0000,1
TEL,52696,12.5969,12.1954,4.8046,-31.1111,36,-0.070686,-0.1521,0.0000,-96.0000,-3.5991,-3.5000,0.0991,0.0000,1
TEL,52796,9.7869,11.8322,4.5978,-31.1111,36,-0.070686,0.5407,0.0000,-96.0000,-3.5991,-3.5000,0.0991,0.0000,1
TEL,52896,12.0356,11.7656,5.2344,-31.1111,36,-0.070686,1.2067,0.0000,-95.2066,-3.5991,-3.5000,0.0991,0.0000,1
TEL,52996,12.5626,12.1814,4.9415,-31.1111,36,-0.070686,1.8398,0.0000,-94.4198,-3.5991,-3.5000,0.0991,0.0000,1
TEL,53096,12.6662,12.3784,4.6216,-31.1111,36,-0.070686,1.9114,0.0000,-93.6395,-3.5991,-3.5000,0.0991,0.0000,1
TEL,53196,11.9102,11.7464,5.3262,-31.1111,36,-0.070686,-0.8046,0.0000,-95.7699,-3.5991,-3.5000,0.0991,0.0000,1
TEL,53296,12.4269,12.0268,4.9732,-31.1111,36,-0.070686,0.3679,0.0000,-96.0000,-3.5991,-3.5000,0.0991,0.0000,1
TEL,53396,12.6662,12.3552,4.7344,-31.1111,36,-0.070686,1.0545,0.0000,-96.0000,-3.5991,-3.5000,0.0991,0.0000,1
TEL,53496,9.3524,11.8154,5.1846,-31.1111,36,-0.070686,-3.6780,0.0000,-95.2066,-3.5991,-3.5000,0.0991,0.0000,1
TEL,53596,12.3269,11.9789,5.1203,-31.1111,36,-0.070686,-2.1733,0.0000,-94.4198,-3.5991,-3.5000,0.0991,0.0000,1
TEL,53696,12.5969,12.2100,4.7900,-31.1111,36,-0.070686,-0.7906,0.0000,-96.0000,-3.5991,-3.5000,0.0991,0.0000,1
TEL,53796,9.4122,11.7968,4.6044,-31.1111,36,-0.070686,0.0692,0.0000,-96.0000,-3.5991,-3.5000,0.0991,0.0000,1
TEL,53896,12.1313,11.8099,5.1901,-31.1111,36,-0.070686,0.9432,0.0000,-96.0000,-3.5991,-3.5000,0.0991,0.0000,1
TEL,53996,12.5969,12.1724,4.9550,-31.1111,36,-0.070686,1.5900,0.0000,-95.2066,-3.5991,-3.5000,0.0991,0.0000,1
TEL,54096,12.7011,12.3767,4.6233,-31.1111,36,-0.070686,1.7929,0.0000,-94.4198,-3.5991,-3.5000,0.0991,0.0000,1
TEL,54196,11.8177,11.3816,5.9275,-31.1111,36,-0.070686,-4.2355,0.0000,-93.6395,-3.5991,-3.5000,0.0991,0.0000,1
TEL,54296,12.4269,11.9207,5.0793,-31.1111,36,-0.070686,-1.2008,0.0000,-92.8656,-3.5991,-3.5000,0.0991,0.0000,1
TEL,54396,12.7011,12.3889,4.7265,-31.1111,36,-0.070686,0.2112,0.0000,-94.7562,-3.5991,-3.5000,0.0991,0.0000,1
TEL,54496,11.0961,11.6046,5.3954,-31.1111,36,-0.070686,-1.6995,0.0000,-93.9730,-3.5991,-3.5000,0.0991,0.0000,1
TEL,54596,12.4606,11.9180,5.2519,-31.1111,36,-0.070686,-0.1947,0.0000,-96.0000,-3.5991,-3.5000,0.0991,0.0000,1
TEL,54696,12.5969,12.2028,4.7972,-31.1111,36,-0.070686,0.7705,0.0000,-96.0000,-3.5991,-3.5000,0.0991,0.0000,1
TEL,54796,9.7012,11.4181,4.9614,-31.1111,36,-0.070686,-1.4016,0.0000,-95.2066,-3.5991,-3.5000,0.0991,0.0000,1
TEL,54896,11.8484,11.5903,5.4096,-31.1111,36,-0.070686,-0.2640,0.0000,-96.0000,-3.5991,-3.5000,0.0991,0.0000,1
TEL,54996,12.6315,12.1404,5.0318,-31.1111,36,-0.070686,1.1240,0.0000,-96.0000,-3.5991,-3.5000,0.0991,0.0000,1
TEL,55096,12.7011,12.3719,4.6281,-31.1111,36,-0.070686,1.5552,0.0000,-95.2066,-3.5991,-3.5000,0.0991,0.0000,1
TEL,55196,12.0673,11.7819,5.3410,-31.1111,36,-0.070686,-0.4307,0.0000,-96.0000,-3.5991,-3.5000,0.0991,0.0000,1
TEL,55296,12.4606,12.0381,4.9619,-31.1111,36,-0.070686,0.6742,0.0000,-96.0000,-3.5991,-3.5000,0.0991,0.0000,1
TEL,55396,12.7011,12.3800,4.7132,-31.1111,36,-0.070686,1.2448,0.0000,-95.2066,-3.5991,-3.5000,0.0991,0.0000,1
TEL,55496,11.1783,11.6899,5.3101,-31.1111,36,-0.070686,-0.7361,0.0000,-96.0000,-3.5991,-3.5000,0.0991,0.0000,1
TEL,55596,12.4606,11.9895,5.1526,-31.1111,36,-0.070686,0.3930,0.0000,-96.0000,-3.5991,-3.5000,0.0991,0.0000,1
TEL,55696,12.6315,12.2471,4.7529,-31.1111,36,-0.070686,1.1125,0.0000,-96.0000,-3.5991,-3.5000,0.0991,0.0000,1
TEL,55796,9.8520,11.9007,4.5740,-31.1111,36,-0.070686,1.3983,0.0000,-95.2066,-3.5991,-3.5000,0.0991,0.0000,1
TEL,55896,12.1958,11.9112,5.0888,-31.1111,36,-0.070686,1.7407,0.0000,-94.4198,-3.5991,-3.5000,0.0991,0.0000,1
TEL,55996,12.5969,12.2324,4.8714,-31.1111,36,-0.070686,2.0780,0.0000,-93.6395,-3.5991,-3.5000,0.0991,0.0000,1
TEL,56096,12.7011,12.3965,4.6035,-31.1111,36,-0.070686,2.0446,0.0000,-92.8656,-3.5991,-3.5000,0.0991,0.0000,1
TEL,56196,11.8177,11.7564,5.2670,-31.1111,36,-0.070686,0.5569,0.0000,-94.9724,-3.5991,-3.5000,0.0991,0.0000,1
TEL,56296,12.4944,12.0198,4.9802,-31.1111,36,-0.070686,1.3701,0.0000,-94.1875,-3.5991,-3.5000,0.0991,0.0000,1
TEL,56396,12.7011,12.3621,4.7339,-31.1111,36,-0.070686,1.8086,0.0000,-93.4091,-3.5991,-3.5000,0.0991,0.0000,1
TEL,56496,11.4320,11.7053,5.2947,-31.1111,36,-0.070686,0.3642,0.0000,-95.5269,-3.5991,-3.5000,0.0991,0.0000,1
TEL,56596,12.4944,11.9915,5.1519,-31.1111,36,-0.070686,1.1169,0.0000,-96.0000,-3.5991,-3.5000,0.0991,0.0000,1
TEL,56696,12.6315,12.2435,4.7565,-31.1111,36,-0.070686,1.6170,0.0000,-95.2066,-3.5991,-3.5000,0.0991,0.0000,1
TEL,56796,10.9084,12.1151,4.5781,-31.1111,36,-0.070686,1.7587,0.0000,-94.4198,-3.5991,-3.5000,0.0991,0.0000,1
TEL,56896,12.2610,12.0205,4.9795,-31.1111,36,-0.070686,1.8616,0.0000,-93.6395,-3.5991,-3.5000,0.0991,0.0000,1
TEL,56996,12.6315,12.2949,4.7944,-31.1111,36,-0.070686,2.0330,0.0000,-92.8656,-3.5991,-3.5000,0.0991,0.0000,1
TEL,57096,10.5503,12.0175,4.9825,-31.1111,36,-0.070686,-1.0678,0.0000,-94.8586,-3.5991,-3.5000,0.0991,0.0000,1
TEL,57196,12.1958,12.2816,4.6906,-31.1111,36,-0.070686,0.1374,0.0000,-96.0000,-3.5991,-3.5000,0.0991,0.0000,1
TEL,57296,12.4606,12.3324,4.6676,-31.1111,36,-0.070686,0.2968,0.0000,-96.0000,-3.5991,-3.5000,0.0991,0.0000,1
TEL,57396,12.7011,12.4670,4.5748,-31.1111,36,-0.070686,0.5309,0.0000,-96.0000,-3.5991,-3.5000,0.0991,0.0000,1
TEL,57496,12.7361,12.5346,4.4654,-31.1111,36,-0.070686,0.6158,0.0000,-96.0000,-3.5991,-3.5000,0.0991,0.0000,1
TEL,57596,12.7361,12.6035,4.4153,-31.1111,36,-0.070686,0.6020,0.0000,-96.0000,-3.5991,-3.5000,0.0991,0.0000,1
TEL,57696,12.7011,12.6283,4.3717,-31.1111,36,-0.070686,0.4953,0.0000,-96.0000,-3.5991,-3.5000,0.0991,0.0000,1
TEL,57796,12.7011,12.6508,4.3544,-31.1111,36,-0.070686,0.4235,0.0000,-96.0000,-3.5991,-3.5000,0.0991,0.0000,1
TEL,57896,12.7361,12.6647,4.3353,-31.1111,36,-0.070686,0.3488,0.0000,-96.0000,-3.5991,-3.5000,0.0991,0.0000,1
TEL,57996,12.7011,12.6748,4.3273,-31.1111,36,-0.070686,0.2858,0.0000,-96.0000,-3.5991,-3.5000,0.0991,0.0000,1
TEL,58096,12.7361,12.6827,4.3173,-31.1111,36,-0.070686,0.2309,0.0000,-96.0000,-3.5991,-3.5000,0.0991,0.0000,1
TEL,58196,12.7361,12.6919,4.3109,-31.1111,36,-0.070686,0.1867,0.0000,-96.0000,-3.5991,-3.5000,0.0991,0.0000,1
TEL,58296,12.7361,12.6967,4.3033,-31.1111,36,-0.070686,0.1497,0.0000,-96.0000,-3.5991,-3.5000,0.0991,0.0000,1
TEL,58396,12.7361,12.7024,4.2993,-31.1111,36,-0.070686,0.1206,0.0000,-96.0000,-3.5991,-3.5000,0.0991,0.0000,1
TEL,58496,12.7361,12.7072,4.2928,-31.1111,36,-0.070686,0.0964,0.0000,-96.0000,-3.5991,-3.5000,0.0991,0.0000,1
TEL,58596,12.7361,12.7124,4.2887,-31.1111,36,-0.070686,0.0888,0.0000,-96.0000,-3.5991,-3.5000,0.0991,0.0000,1
TEL,58696,12.7361,12.7143,4.2857,-31.1111,36,-0.070686,0.0702,0.0000,-96.0000,-3.5991,-3.5000,0.0991,0.0000,1
TEL,58796,12.7361,12.7168,4.2840,-31.1111,36,-0.070686,0.0559,0.0000,-96.0000,-3.5991,-3.5000,0.0991,0.0000,1
TEL,58896,10.1438,12.6250,4.3750,-31.1111,36,-0.070686,-0.6300,0.0000,-96.0000,-3.5991,-3.5000,0.0991,0.0000,1
TEL,58996,12.3269,12.6182,4.3588,-31.1111,36,-0.070686,-0.3950,0.0000,-96.0000,-3.5991,-3.5000,0.0991,0.0000,1
TEL,59096,12.7361,12.6357,4.3643,-31.1111,36,-0.070686,-0.2229,0.0000,-96.0000,-3.5991,-3.5000,0.0991,0.0000,1
TEL,59196,12.1635,12.3151,4.6544,-31.1111,36,-0.070686,-1.2430,0.0000,-95.2066,-3.5991,-3.5000,0.0991,0.0000,1
TEL,59296,12.5284,12.3647,4.6353,-31.1111,36,-0.070686,-0.6938,0.0000,-96.0000,-3.5991,-3.5000,0.0991,0.0000,1
TEL,59396,12.7011,12.4750,4.5595,-31.1111,36,-0.070686,-0.2111,0.0000,-96.0000,-3.5991,-3.5000,0.0991,0.0000,1
TEL,59496,11.6071,11.9719,5.0281,-31.1111,36,-0.070686,-0.9920,0.0000,-96.0000,-3.5991,-3.5000,0.0991,0.0000,1
TEL,59596,12.4269,12.1123,4.9597,-31.1111,36,-0.070686,-0.1695,0.0000,-96.0000,-3.5991,-3.5000,0.0991,0.0000,1
TEL,59696,12.6315,12.2737,4.7263,-31.1111,36,-0.070686,0.4479,0.0000,-96.0000,-3.5991,-3.5000,0.0991,0.0000,1
TEL,59796,10.9084,12.1499,4.5852,-31.1111,36,-0.070686,0.8185,0.0000,-96.0000,-3.5991,-3.5000,0.0991,0.0000,1
TEL,59896,12.2610,12.1072,4.8928,-31.1111,36,-0.070686,0.8905,0.0000,-96.0000,-3.5991,-3.5000,0.0991,0.0000,1
TEL,59996,12.5969,12.3049,4.7591,-31.1111,36,-0.070686,1.1503,0.0000,-96.0000,-3.5991,-3.5000,0.0991,0.0000,1
TEL,60096,10.5503,12.0560,4.9440,-31.1111,36,-0.070686,-1.3631,0.0000,-95.2066,-3.5991,-3.5000,0.0991,0.0000,1
TEL,60196,12.1313,11.6447,5.5279,-31.1111,36,-0.070686,-1.1241,0.0000,-96.0000,-3.5991,-3.5000,0.0991,0.0000,1
TEL,60296,12.4944,12.0258,4.9742,-31.1111,36,-0.070686,0.4141,0.0000,-96.0000,-3.5991,-3.5000,0.0991,0.0000,1
TEL,60396,12.7011,12.3925,4.7031,-31.1111,36,-0.070686,1.1062,0.0000,-96.0000,-3.5991,-3.5000,0.0991,0.0000,1
TEL,60496,11.1233,11.6702,5.3298,-31.1111,36,-0.070686,-0.9969,0.0000,-96.0000,-3.5991,-3.5000,0.0991,0.0000,1
TEL,60596,12.4944,12.0189,5.1335,-31.1111,36,-0.070686,0.3021,0.0000,-96.0000,-3.5991,-3.5000,0.0991,0.0000,1
TEL,60696,12.6315,12.2635,4.7365,-31.1111,36,-0.070686,1.0240,0.0000,-96.0000,-3.5991,-3.5000,0.0991,0.0000,1
TEL,60796,10.9614,11.5074,5.2167,-31.1111,36,-0.070686,-3.4040,0.0000,-95.2066,-3.5991,-3.5000,0.0991,0.0000,1
TEL,60896,12.1313,11.8000,5.2000,-31.1111,36,-0.070686,-1.4820,0.0000,-94.4198,-3.5991,-3.5000,0.0991,0.0000,1
TEL,60996,12.6315,12.2512,4.8757,-31.1111,36,-0.070686,0.0276,0.0000,-96.0000,-3.5991,-3.5000,0.0991,0.0000,1
TEL,61096,11.0149,12.0514,4.9486,-31.1111,36,-0.070686,-2.1145,0.0000,-95.2066,-3.5991,-3.5000,0.0991,0.0000,1
TEL,61196,12.1635,11.8549,5.2459,-31.1111,36,-0.070686,-1.2130,0.0000,-94.4198,-3.5991,-3.5000,0.0991,0.0000,1
TEL,61296,12.5284,12.0804,4.9196,-31.1111,36,-0.070686,0.0268,0.0000,-96.0000,-3.5991,-3.5000,0.0991,0.0000,1
TEL,61396,12.7361,12.4018,4.6895,-31.1111,36,-0.070686,0.7992,0.0000,-96.0000,-3.5991,-3.5000,0.0991,0.0000,1
TEL,61496,11.7568,11.7615,5.2385,-31.1111,36,-0.070686,0.5532,0.0000,-96.0000,-3.5991,-3.5000,0.0991,0.0000,1
TEL,61596,12.5284,12.0389,5.0938,-31.1111,36,-0.070686,1.2124,0.0000,-95.2066,-3.5991,-3.5000,0.0991,0.0000,1
TEL,61696,12.6662,12.2712,4.7288,-31.1111,36,-0.070686,1.6545,0.0000,-94.4198,-3.5991,-3.5000,0.0991,0.0000,1
TEL,61796,9.3722,11.1599,5.0824,-31.1111,36,-0.070686,-1.9499,0.0000,-93.6395,-3.5991,-3.5000,0.0991,0.0000,1
TEL,61896,12.2939,11.7285,5.2715,-31.1111,36,-0.070686,0.7726,0.0000,-95.7480,-3.5991,-3.5000,0.0991,0.0000,1
TEL,61996,12.6315,12.2922,4.8441,-31.1111,36,-0.070686,1.7795,0.0000,-94.9567,-3.5991,-3.5000,0.0991,0.0000,1
TEL,62096,10.0071,11.8257,5.1743,-31.1111,36,-0.070686,-2.8253,0.0000,-94.1720,-3.5991,-3.5000,0.0991,0.0000,1
TEL,62196,12.2283,11.6592,5.6858,-31.1111,36,-0.070686,0.4212,0.0000,-96.0000,-3.5991,-3.5000,0.0991,0.0000,1
TEL,62296,12.5284,11.8380,5.1620,-31.1111,36,-0.070686,2.2994,0.0000,-95.2066,-3.5991,-3.5000,0.0991,0.0000,1
TEL,62396,12.7011,12.3681,4.7587,-31.1111,36,-0.070686,2.8977,0.0000,-94.4198,-3.5991,-3.5000,0.0991,0.0000,1
TEL,62496,11.6367,11.6421,5.3579,-31.1111,36,-0.070686,2.0461,0.0000,-93.6395,-3.5991,-3.5000,0.0991,0.0000,1
TEL,62596,12.5284,12.0772,5.0730,-31.1111,36,-0.070686,2.5934,0.0000,-92.8656,-3.5991,-3.5000,0.0991,0.0000,1
TEL,62696,12.6662,12.3211,4.6789,-31.1111,36,-0.070686,2.6242,0.0000,-92.0981,-3.5991,-3.5000,0.0991,0.0000,1
REF,62782,9.0000,hold_near
TEL,62796,11.0149,11.6794,-2.9667,13.6182,35,-0.068722,-11.0091,0.0000,0.0000,-3.5991,1.5320,5.1312,-35.0000,1
TEL,62896,12.3934,11.9676,-2.9676,31.1111,19,-0.037306,-6.7296,0.0000,0.0000,-2.3555,3.5000,5.8555,-285.0000,1
TEL,62996,12.6662,12.3374,-3.2347,31.1111,-15,0.029452,-3.8766,0.0000,0.0000,0.5943,3.5000,2.9057,-359.7615,1
TEL,63096,10.2134,11.9567,-2.9567,31.1111,-36,0.070686,-6.0710,0.0000,0.0000,4.0077,3.5000,-0.5077,-124.9748,1
SAFETY_STOP,reason=theta_oob,theta_meas_deg=4.4514,theta_cmd_deg=3.5000
HOST_START_READY
