BALL_BEAM_BOOT
HELP,keys
STATE,SAFE_DISABLED
SENSORS,angle=bad,pos=bad,m=n
MEAS,theta_deg=0.0000,x_cm=0.0000,x_filt_cm=0.0000
AGE,angle_ms=0,pos_ms=0,miss=0
FAULTS,bits=0
CAL,zero_calibrated=no,limits_calibrated=no,sign_calibrated=no
SONAR_CFG,s=-1,u=1
ACT_CFG,t=0.0000,v=0,e=0.000
TEL,enabled=1
FAULT_INFO,bits=0
FAULT_INFO,none
TEL,350,SAFE_DISABLED,0.0000,0.0000,0.0000,0.0000,0.00,0,0.0000,0,0,0,0.0000,0.0000,0,-38.9355,0.0000,idle,0.0000,0.0000,0.0000,0.0000,0.0000,0.0000,0,0,0,0
TEL,450,SAFE_DISABLED,-5.4163,-5.5364,0.0000,0.0000,0.00,0,0.0000,33,1,0,0.0000,0.0000,0,-38.9355,0.0000,idle,-5.4163,-5.5364,-5.4163,-5.5364,-5.5364,0.4000,1,0,1,0
TEL,550,SAFE_DISABLED,-5.2448,-5.3448,0.0000,0.0000,0.00,0,0.0000,12,1,0,0.0000,0.0000,0,-38.9355,0.0000,idle,-5.2448,-5.3448,-5.2448,-5.3448,-5.3448,0.4000,1,0,1,0
TEL,650,SAFE_DISABLED,-5.2448,-5.3298,0.0000,0.0000,0.00,0,0.0000,32,1,0,0.0000,0.0000,0,-38.9355,0.0000,idle,-5.2448,-5.3298,-5.2448,-5.3298,-5.3298,0.4000,1,0,1,0
TEL,750,SAFE_DISABLED,-5.2448,-5.2740,0.0000,0.0000,0.00,0,0.0000,12,1,0,0.0000,0.0000,0,-38.9355,0.0000,idle,-5.2448,-5.2740,-5.2448,-5.2740,-5.2740,0.4000,1,0,1,0
TEL,850,SAFE_DISABLED,-5.2448,-5.2591,0.0000,0.0000,0.00,0,0.0000,31,1,0,0.0000,0.0000,0,-38.9355,0.0000,idle,-5.2448,-5.2591,-5.2448,-5.2591,-5.2591,0.4000,1,0,1,0
TEL,950,SAFE_DISABLED,-5.2448,-5.2497,0.0000,0.0000,0.00,0,0.0000,12,1,0,0.0000,0.0000,0,-38.9355,0.0000,idle,-5.2448,-5.2497,-5.2448,-5.2497,-5.2497,0.4000,1,0,1,0
TEL,1050,SAFE_DISABLED,-5.2448,-5.2472,0.0000,0.0000,0.00,0,0.0000,33,1,0,0.0000,0.0000,0,-38.9355,0.0000,idle,-5.2448,-5.2472,-5.2448,-5.2472,-5.2472,0.4000,1,0,1,0
TEL,1150,SAFE_DISABLED,-5.6564,-5.4411,0.0000,0.0000,0.00,0,0.0000,12,1,0,0.0000,0.0000,0,-38.9355,0.0000,idle,-5.6564,-5.4411,-5.6564,-5.4411,-5.4411,0.4000,1,0,1,0
TEL,1250,SAFE_DISABLED,-5.6564,-5.5509,0.0000,0.0000,0.00,0,0.0000,32,1,0,0.0000,0.0000,0,-38.9355,0.0000,idle,-5.6564,-5.5509,-5.6564,-5.5509,-5.5509,0.4000,1,0,1,0
TEL,1350,SAFE_DISABLED,-5.6564,-5.6047,0.0000,0.0000,0.00,0,0.0000,35,1,0,0.0000,0.0000,0,-38.9355,0.0000,idle,-5.6564,-5.6047,-5.6564,-5.6047,-5.6047,0.4000,1,0,1,0
TEL,1451,SAFE_DISABLED,-5.7250,-5.6737,0.0000,0.0000,0.00,0,0.0000,15,1,0,0.0000,0.0000,0,-38.9355,0.0000,idle,-5.7250,-5.6737,-5.7250,-5.6737,-5.6737,0.4000,1,0,1,0
TEL,1551,SAFE_DISABLED,-5.6564,-5.6649,0.0000,0.0000,0.00,0,0.0000,35,1,0,0.0000,0.0000,0,-38.9355,0.0000,idle,-5.6564,-5.6649,-5.6564,-5.6649,-5.6649,0.4000,1,0,1,0
TEL,1651,SAFE_DISABLED,-5.6564,-5.6593,0.0000,0.0000,0.00,0,0.0000,15,1,0,0.0000,0.0000,0,-38.9355,0.0000,idle,-5.6564,-5.6593,-5.6564,-5.6593,-5.6593,0.4000,1,0,1,0
TEL,1751,SAFE_DISABLED,-6.0680,-5.7957,0.0000,0.0000,0.00,0,0.0000,34,1,0,0.0000,0.0000,0,-38.9355,0.0000,idle,-6.0680,-5.7957,-6.0680,-5.7957,-5.7957,0.4000,1,0,1,0
TEL,1851,SAFE_DISABLED,-6.4110,-6.0775,0.0000,0.0000,0.00,0,0.0000,15,1,0,0.0000,0.0000,0,-38.9355,0.0000,idle,-6.4110,-6.0775,-6.4110,-6.0775,-6.0775,0.4000,1,0,1,0
TEL,1951,SAFE_DISABLED,-6.4110,-6.2476,0.0000,0.0000,0.00,0,0.0000,35,1,0,0.0000,0.0000,0,-38.9355,0.0000,idle,-6.4110,-6.2476,-6.4110,-6.2476,-6.2476,0.4000,1,0,1,0
TEL,2051,SAFE_DISABLED,-6.4796,-6.4000,0.0000,0.0000,0.00,0,0.0000,12,1,0,0.0000,0.0000,0,-38.9355,0.0000,idle,-6.4796,-6.4000,-6.4796,-6.4000,-6.4000,0.4000,1,0,1,0
TEL,2151,SAFE_DISABLED,-6.4110,-6.4056,0.0000,0.0000,0.00,0,0.0000,32,1,0,0.0000,0.0000,0,-38.8477,0.0000,idle,-6.4110,-6.4056,-6.4110,-6.4056,-6.4056,0.4000,1,0,1,0
TEL,2251,SAFE_DISABLED,-5.7250,-6.0809,0.0000,0.0000,0.00,0,0.0000,12,1,0,0.0000,0.0000,0,-38.8477,0.0000,idle,-5.7250,-6.0809,-5.7250,-6.0809,-6.0809,0.4000,1,0,1,0
TEL,2351,SAFE_DISABLED,-5.6564,-5.8644,0.0000,0.0000,0.00,0,0.0000,32,1,0,0.0000,0.0000,0,-38.8477,0.0000,idle,-5.6564,-5.8644,-5.6564,-5.8644,-5.8644,0.4000,1,0,1,0
TEL,2451,SAFE_DISABLED,-5.6564,-5.7277,0.0000,0.0000,0.00,0,0.0000,11,1,0,0.0000,0.0000,0,-38.8477,0.0000,idle,-5.6564,-5.7277,-5.6564,-5.7277,-5.7277,0.4000,1,0,1,0
TEL,2551,SAFE_DISABLED,-5.6564,-5.6914,0.0000,0.0000,0.00,0,0.0000,32,1,0,0.0000,0.0000,0,-38.8477,0.0000,idle,-5.6564,-5.6914,-5.6564,-5.6914,-5.6914,0.4000,1,0,1,0
TEL,2651,SAFE_DISABLED,-6.1366,-5.9234,0.0000,0.0000,0.00,0,0.0000,12,1,0,0.0000,0.0000,0,-38.8477,0.0000,idle,-6.1366,-5.9234,-6.1366,-5.9234,-5.9234,0.4000,1,0,1,0
TEL,2751,SAFE_DISABLED,-6.5482,-6.2276,0.0000,0.0000,0.00,0,0.0000,32,1,0,0.0000,0.0000,0,-38.8477,0.0000,idle,-6.5482,-6.2276,-6.5482,-6.2276,-6.2276,0.4000,1,0,1,0
TEL,2851,SAFE_DISABLED,-6.4796,-6.4177,0.0000,0.0000,0.00,0,0.0000,12,1,0,0.0000,0.0000,0,-38.8477,0.0000,idle,-6.4796,-6.4177,-6.4796,-6.4177,-6.4177,0.4000,1,0,1,0
TEL,2951,SAFE_DISABLED,-6.1366,-6.2743,0.0000,0.0000,0.00,0,0.0000,32,1,0,0.0000,0.0000,0,-38.8477,0.0000,idle,-6.1366,-6.2743,-6.1366,-6.2743,-6.2743,0.4000,1,0,1,0
TEL,3051,SAFE_DISABLED,-6.0680,-6.1489,0.0000,0.0000,0.00,0,0.0000,11,1,0,0.0000,0.0000,0,-38.8477,0.0000,idle,-6.0680,-6.1489,-6.0680,-6.1489,-6.1489,0.4000,1,0,1,0
TEL,3151,SAFE_DISABLED,-5.2448,-5.7598,0.0000,0.0000,0.00,0,0.0000,32,1,0,0.0000,0.0000,0,-38.8477,0.0000,idle,-5.2448,-5.7598,-5.2448,-5.7598,-5.7598,0.4000,1,0,1,0
TEL,3251,SAFE_DISABLED,-5.2448,-5.4215,0.0000,0.0000,0.00,0,0.0000,12,1,0,0.0000,0.0000,0,-38.8477,0.0000,idle,-5.2448,-5.4215,-5.2448,-5.4215,-5.4215,0.4000,1,0,1,0
TEL,3351,SAFE_DISABLED,-5.2448,-5.3314,0.0000,0.0000,0.00,0,0.0000,32,1,0,0.0000,0.0000,0,-38.8477,0.0000,idle,-5.2448,-5.3314,-5.2448,-5.3314,-5.3314,0.4000,1,0,1,0
TEL,3451,SAFE_DISABLED,-5.2448,-5.2745,0.0000,0.0000,0.00,0,0.0000,12,1,0,0.0000,0.0000,0,-38.8477,0.0000,idle,-5.2448,-5.2745,-5.2448,-5.2745,-5.2745,0.4000,1,0,1,0
TEL,3551,SAFE_DISABLED,-5.2448,-5.2593,0.0000,0.0000,0.00,0,0.0000,31,1,0,0.0000,0.0000,0,-38.8477,0.0000,idle,-5.2448,-5.2593,-5.2448,-5.2593,-5.2593,0.4000,1,0,1,0
TEL,3651,SAFE_DISABLED,-5.2448,-5.2519,0.0000,0.0000,0.00,0,0.0000,35,1,0,0.0000,0.0000,0,-38.8477,0.0000,idle,-5.2448,-5.2519,-5.2448,-5.2519,-5.2519,0.4000,1,0,1,0
TEL,3751,SAFE_DISABLED,-5.2448,-5.2472,0.0000,0.0000,0.00,0,0.0000,15,1,0,0.0000,0.0000,0,-38.9355,0.0000,idle,-5.2448,-5.2472,-5.2448,-5.2472,-5.2472,0.4000,1,0,1,0
TEL,3851,SAFE_DISABLED,-5.2448,-5.2460,0.0000,0.0000,0.00,0,0.0000,33,1,0,0.0000,0.0000,0,-38.8477,0.0000,idle,-5.2448,-5.2460,-5.2448,-5.2460,-5.2460,0.4000,1,0,1,0
TEL,3951,SAFE_DISABLED,-5.2448,-5.2452,0.0000,0.0000,0.00,0,0.0000,12,1,0,0.0000,0.0000,0,-38.8477,0.0000,idle,-5.2448,-5.2452,-5.2448,-5.2452,-5.2452,0.4000,1,0,1,0
TEL,4051,SAFE_DISABLED,-5.2448,-5.2450,0.0000,0.0000,0.00,0,0.0000,31,1,0,0.0000,0.0000,0,-38.8477,0.0000,idle,-5.2448,-5.2450,-5.2448,-5.2450,-5.2450,0.4000,1,0,1,0
TEL,4151,SAFE_DISABLED,-5.2448,-5.2449,0.0000,0.0000,0.00,0,0.0000,12,1,0,0.0000,0.0000,0,-38.8477,0.0000,idle,-5.2448,-5.2449,-5.2448,-5.2449,-5.2449,0.4000,1,0,1,0
TEL,4251,SAFE_DISABLED,-5.2448,-5.2448,0.0000,0.0000,0.00,0,0.0000,32,1,0,0.0000,0.0000,0,-38.8477,0.0000,idle,-5.2448,-5.2448,-5.2448,-5.2448,-5.2448,0.4000,1,0,1,0
TEL,4352,SAFE_DISABLED,-5.2448,-5.2448,0.0000,0.0000,0.00,0,0.0000,12,1,0,0.0000,0.0000,0,-38.8477,0.0000,idle,-5.2448,-5.2448,-5.2448,-5.2448,-5.2448,0.4000,1,0,1,0
TEL,4452,SAFE_DISABLED,-5.2448,-5.2448,0.0000,0.0000,0.00,0,0.0000,32,1,0,0.0000,0.0000,0,-38.8477,0.0000,idle,-5.2448,-5.2448,-5.2448,-5.2448,-5.2448,0.4000,1,0,1,0
TEL,4552,SAFE_DISABLED,-5.2448,-5.2448,0.0000,0.0000,0.00,0,0.0000,12,1,0,0.0000,0.0000,0,-38.8477,0.0000,idle,-5.2448,-5.2448,-5.2448,-5.2448,-5.2448,0.4000,1,0,1,0
TEL,4652,SAFE_DISABLED,-5.2448,-5.2448,0.0000,0.0000,0.00,0,0.0000,31,1,0,0.0000,0.0000,0,-38.8477,0.0000,idle,-5.2448,-5.2448,-5.2448,-5.2448,-5.2448,0.4000,1,0,1,0
TEL,4752,SAFE_DISABLED,-5.2448,-5.2448,0.0000,0.0000,0.00,0,0.0000,12,1,0,0.0000,0.0000,0,-38.8477,0.0000,idle,-5.2448,-5.2448,-5.2448,-5.2448,-5.2448,0.4000,1,0,1,0
TEL,4852,SAFE_DISABLED,-5.2448,-5.2448,0.0000,0.0000,0.00,0,0.0000,32,1,0,0.0000,0.0000,0,-38.8477,0.0000,idle,-5.2448,-5.2448,-5.2448,-5.2448,-5.2448,0.4000,1,0,1,0
TEL,4952,SAFE_DISABLED,-5.3134,-5.2899,0.0000,0.0000,0.00,0,0.0000,12,1,0,0.0000,0.0000,0,-38.8477,0.0000,idle,-5.3134,-5.2899,-5.3134,-5.2899,-5.2899,0.4000,1,0,1,0
TEL,5052,SAFE_DISABLED,-5.3134,-5.3019,0.0000,0.0000,0.00,0,0.0000,32,1,0,0.0000,0.0000,0,-38.8477,0.0000,idle,-5.3134,-5.3019,-5.3134,-5.3019,-5.3019,0.4000,1,0,1,0
TEL,5152,SAFE_DISABLED,-5.2448,-5.4113,0.0000,0.0000,0.00,0,0.0000,12,1,0,0.0000,0.0000,0,-38.8477,0.0000,idle,-5.2448,-5.4113,-5.2448,-5.4113,-5.4113,0.4000,1,0,1,0
TEL,5252,SAFE_DISABLED,-5.2448,-5.3264,0.0000,0.0000,0.00,0,0.0000,33,1,0,0.0000,0.0000,0,-38.8477,0.0000,idle,-5.2448,-5.3264,-5.2448,-5.3264,-5.3264,0.4000,1,0,1,0
TEL,5352,SAFE_DISABLED,-5.2448,-5.2728,0.0000,0.0000,0.00,0,0.0000,11,1,0,0.0000,0.0000,0,-38.8477,0.0000,idle,-5.2448,-5.2728,-5.2448,-5.2728,-5.2728,0.4000,1,0,1,0
TEL,5452,SAFE_DISABLED,-5.2448,-5.2585,0.0000,0.0000,0.00,0,0.0000,32,1,0,0.0000,0.0000,0,-38.8477,0.0000,idle,-5.2448,-5.2585,-5.2448,-5.2585,-5.2585,0.4000,1,0,1,0
TEL,5552,SAFE_DISABLED,-5.2448,-5.2515,0.0000,0.0000,0.00,0,0.0000,36,1,0,0.0000,0.0000,0,-38.8477,0.0000,idle,-5.2448,-5.2515,-5.2448,-5.2515,-5.2515,0.4000,1,0,1,0
TEL,5652,SAFE_DISABLED,-5.2448,-5.2471,0.0000,0.0000,0.00,0,0.0000,21,1,0,0.0000,0.0000,0,-38.8477,0.0000,idle,-5.2448,-5.2471,-5.2448,-5.2471,-5.2471,0.4000,1,0,1,0
TEL,5752,SAFE_DISABLED,-5.1762,-5.2109,0.0000,0.0000,0.00,0,0.0000,35,1,0,0.0000,0.0000,0,-38.8477,0.0000,idle,-5.1762,-5.2109,-5.1762,-5.2109,-5.2109,0.4000,1,0,1,0
TEL,5852,SAFE_DISABLED,-5.2448,-5.2087,0.0000,0.0000,0.00,0,0.0000,15,1,0,0.0000,0.0000,0,-38.9355,0.0000,idle,-5.2448,-5.2087,-5.2448,-5.2087,-5.2087,0.4000,1,0,1,0
OK,stopped
TEL,5954,SAFE_DISABLED,-5.2448,-5.2324,0.0000,0.0000,0.00,0,0.0000,1,1,0,0.0000,0.0000,0,-38.8477,0.0000,idle,-5.2448,-5.2324,-5.2448,-5.2324,-5.2324,0.4000,1,0,1,0
OK,driver_disabled
OK,telemetry=0
OK,cal_reset_saved
OK,cal_limit_down_set=0.000000
CAL_LIMITS,lower_deg=-3.559570,upper_deg=3.559570,limits_calibrated=no
OK,cal_limit_up_set=62.578125
OK,as5600_sign=-1,sonar_sign=-1
INFO,limits_ok
CAL_LIMITS,lower_deg=-31.289062,upper_deg=31.289062,limits_calibrated=yes
ERR,sonar_not_ready
OK,telemetry=0
OK,stopped
