BALL_BEAM_BOOT
HELP,keys
STATE,SAFE_DISABLED
SENSORS,angle=bad,pos=bad,m=n
MEAS,theta_deg=0.0000,x_cm=0.0000,x_filt_cm=0.0000
AGE,angle_ms=0,pos_ms=0,miss=0
FAULTS,bits=0
CAL,zero_calibrated=no,limits_calibrated=no,sign_calibrated=no
SONAR_CFG,s=-1,u=1
ACT_CFG,t=0.0000,v=0,e=0.000
TEL,enabled=1
FAULT_INFO,bits=0
FAULT_INFO,none
TEL,350,SAFE_DISABLED,0.0000,0.0000,0.0000,0.0000,0.00,0,0.0000,0,0,0,0.0000,0.0000,0,-33.0469,0.0000,idle,0.0000,0.0000,0.0000,0.0000,0.0000,0.0000
TEL,450,SAFE_DISABLED,-7.4400,-7.4400,0.0000,0.0000,0.00,0,0.0000,32,1,0,0.0000,0.0000,0,-33.0469,0.0000,idle,-7.4400,-7.4400,-7.4400,-7.4400,-7.4400,0.4000
TEL,550,SAFE_DISABLED,-7.4400,-7.4328,0.0000,0.0000,0.00,0,0.0000,12,1,0,0.0000,0.0000,0,-33.0469,0.0000,idle,-7.4400,-7.4328,-7.4400,-7.4328,-7.4328,0.4000
TEL,650,SAFE_DISABLED,-7.4400,-7.4365,0.0000,0.0000,0.00,0,0.0000,32,1,0,0.0000,0.0000,0,-33.0469,0.0000,idle,-7.4400,-7.4365,-7.4400,-7.4365,-7.4365,0.4000
TEL,750,SAFE_DISABLED,-7.4400,-7.4388,0.0000,0.0000,0.00,0,0.0000,11,1,0,0.0000,0.0000,0,-33.0469,0.0000,idle,-7.4400,-7.4388,-7.4400,-7.4388,-7.4388,0.4000
TEL,850,SAFE_DISABLED,-7.4400,-7.4394,0.0000,0.0000,0.00,0,0.0000,31,1,0,0.0000,0.0000,0,-33.0469,0.0000,idle,-7.4400,-7.4394,-7.4400,-7.4394,-7.4394,0.4000
TEL,950,SAFE_DISABLED,-7.4400,-7.4398,0.0000,0.0000,0.00,0,0.0000,12,1,0,0.0000,0.0000,0,-33.0469,0.0000,idle,-7.4400,-7.4398,-7.4400,-7.4398,-7.4398,0.4000
TEL,1050,SAFE_DISABLED,-7.4400,-7.4399,0.0000,0.0000,0.00,0,0.0000,33,1,0,0.0000,0.0000,0,-33.0469,0.0000,idle,-7.4400,-7.4399,-7.4400,-7.4399,-7.4399,0.4000
TEL,1150,SAFE_DISABLED,-7.4400,-7.4400,0.0000,0.0000,0.00,0,0.0000,12,1,0,0.0000,0.0000,0,-33.0469,0.0000,idle,-7.4400,-7.4400,-7.4400,-7.4400,-7.4400,0.4000
TEL,1250,SAFE_DISABLED,-7.4400,-7.4400,0.0000,0.0000,0.00,0,0.0000,32,1,0,0.0000,0.0000,0,-33.0469,0.0000,idle,-7.4400,-7.4400,-7.4400,-7.4400,-7.4400,0.4000
TEL,1350,SAFE_DISABLED,-7.4400,-7.4400,0.0000,0.0000,0.00,0,0.0000,35,1,0,0.0000,0.0000,0,-33.0469,0.0000,idle,-7.4400,-7.4400,-7.4400,-7.4400,-7.4400,0.4000
TEL,1451,SAFE_DISABLED,-7.8516,-7.6499,0.0000,0.0000,0.00,0,0.0000,15,1,0,0.0000,0.0000,0,-33.0469,0.0000,idle,-7.8516,-7.6499,-7.8516,-7.6499,-7.6499,0.4000
TEL,1551,SAFE_DISABLED,-7.8516,-7.7528,0.0000,0.0000,0.00,0,0.0000,35,1,0,0.0000,0.0000,0,-33.0469,0.0000,idle,-7.8516,-7.7528,-7.8516,-7.7528,-7.7528,0.4000
TEL,1651,SAFE_DISABLED,-7.8516,-7.8177,0.0000,0.0000,0.00,0,0.0000,15,1,0,0.0000,0.0000,0,-33.0469,0.0000,idle,-7.8516,-7.8177,-7.8516,-7.8177,-7.8177,0.4000
TEL,1751,SAFE_DISABLED,-7.8516,-7.8350,0.0000,0.0000,0.00,0,0.0000,34,1,0,0.0000,0.0000,0,-33.0469,0.0000,idle,-7.8516,-7.8350,-7.8516,-7.8350,-7.8350,0.4000
TEL,1851,SAFE_DISABLED,-7.8516,-7.8459,0.0000,0.0000,0.00,0,0.0000,15,1,0,0.0000,0.0000,0,-33.0469,0.0000,idle,-7.8516,-7.8459,-7.8516,-7.8459,-7.8459,0.4000
TEL,1951,SAFE_DISABLED,-7.4400,-7.6389,0.0000,0.0000,0.00,0,0.0000,35,1,0,0.0000,0.0000,0,-33.0469,0.0000,idle,-7.4400,-7.6389,-7.4400,-7.6389,-7.6389,0.4000
TEL,2051,SAFE_DISABLED,-7.4400,-7.5082,0.0000,0.0000,0.00,0,0.0000,15,1,0,0.0000,0.0000,0,-33.0469,0.0000,idle,-7.4400,-7.5082,-7.4400,-7.5082,-7.5082,0.4000
TEL,2151,SAFE_DISABLED,-7.4400,-7.4734,0.0000,0.0000,0.00,0,0.0000,32,1,0,0.0000,0.0000,0,-33.0469,0.0000,idle,-7.4400,-7.4734,-7.4400,-7.4734,-7.4734,0.4000
TEL,2251,SAFE_DISABLED,-7.4400,-7.4515,0.0000,0.0000,0.00,0,0.0000,12,1,0,0.0000,0.0000,0,-33.0469,0.0000,idle,-7.4400,-7.4515,-7.4400,-7.4515,-7.4515,0.4000
TEL,2351,SAFE_DISABLED,-7.4400,-7.4456,0.0000,0.0000,0.00,0,0.0000,32,1,0,0.0000,0.0000,0,-33.0469,0.0000,idle,-7.4400,-7.4456,-7.4400,-7.4456,-7.4456,0.4000
TEL,2451,SAFE_DISABLED,-7.4400,-7.4419,0.0000,0.0000,0.00,0,0.0000,11,1,0,0.0000,0.0000,0,-33.0469,0.0000,idle,-7.4400,-7.4419,-7.4400,-7.4419,-7.4419,0.4000
TEL,2551,SAFE_DISABLED,-7.4400,-7.4409,0.0000,0.0000,0.00,0,0.0000,32,1,0,0.0000,0.0000,0,-33.0469,0.0000,idle,-7.4400,-7.4409,-7.4400,-7.4409,-7.4409,0.4000
TEL,2651,SAFE_DISABLED,-7.4400,-7.4403,0.0000,0.0000,0.00,0,0.0000,12,1,0,0.0000,0.0000,0,-33.0469,0.0000,idle,-7.4400,-7.4403,-7.4400,-7.4403,-7.4403,0.4000
TEL,2751,SAFE_DISABLED,-7.4400,-7.4402,0.0000,0.0000,0.00,0,0.0000,32,1,0,0.0000,0.0000,0,-33.0469,0.0000,idle,-7.4400,-7.4402,-7.4400,-7.4402,-7.4402,0.4000
TEL,2851,SAFE_DISABLED,-7.4400,-7.4905,0.0000,0.0000,0.00,0,0.0000,11,1,0,0.0000,0.0000,0,-33.0469,0.0000,idle,-7.4400,-7.4905,-7.4400,-7.4905,-7.4905,0.4000
TEL,2951,SAFE_DISABLED,-7.7830,-7.6397,0.0000,0.0000,0.00,0,0.0000,31,1,0,0.0000,0.0000,0,-33.0469,0.0000,idle,-7.7830,-7.6397,-7.7830,-7.6397,-7.6397,0.4000
TEL,3051,SAFE_DISABLED,-7.8516,-7.7477,0.0000,0.0000,0.00,0,0.0000,35,1,0,0.0000,0.0000,0,-33.0469,0.0000,idle,-7.8516,-7.7477,-7.8516,-7.7477,-7.7477,0.4000
TEL,3151,SAFE_DISABLED,-7.8516,-7.8160,0.0000,0.0000,0.00,0,0.0000,15,1,0,0.0000,0.0000,0,-33.0469,0.0000,idle,-7.8516,-7.8160,-7.8516,-7.8160,-7.8160,0.4000
TEL,3251,SAFE_DISABLED,-7.8516,-7.8341,0.0000,0.0000,0.00,0,0.0000,32,1,0,0.0000,0.0000,0,-33.0469,0.0000,idle,-7.8516,-7.8341,-7.8516,-7.8341,-7.8341,0.4000
TEL,3351,SAFE_DISABLED,-7.8516,-7.8456,0.0000,0.0000,0.00,0,0.0000,11,1,0,0.0000,0.0000,0,-33.0469,0.0000,idle,-7.8516,-7.8456,-7.8516,-7.8456,-7.8456,0.4000
TEL,3451,SAFE_DISABLED,-7.8516,-7.8487,0.0000,0.0000,0.00,0,0.0000,32,1,0,0.0000,0.0000,0,-33.0469,0.0000,idle,-7.8516,-7.8487,-7.8516,-7.8487,-7.8487,0.4000
TEL,3551,SAFE_DISABLED,-7.8516,-7.8506,0.0000,0.0000,0.00,0,0.0000,12,1,0,0.0000,0.0000,0,-33.0469,0.0000,idle,-7.8516,-7.8506,-7.8516,-7.8506,-7.8506,0.4000
TEL,3651,SAFE_DISABLED,-7.8516,-7.8511,0.0000,0.0000,0.00,0,0.0000,32,1,0,0.0000,0.0000,0,-33.0469,0.0000,idle,-7.8516,-7.8511,-7.8516,-7.8511,-7.8511,0.4000
TEL,3751,SAFE_DISABLED,-7.8516,-7.8514,0.0000,0.0000,0.00,0,0.0000,12,1,0,0.0000,0.0000,0,-33.0469,0.0000,idle,-7.8516,-7.8514,-7.8516,-7.8514,-7.8514,0.4000
TEL,3851,SAFE_DISABLED,-7.8516,-7.8515,0.0000,0.0000,0.00,0,0.0000,31,1,0,0.0000,0.0000,0,-33.0469,0.0000,idle,-7.8516,-7.8515,-7.8516,-7.8515,-7.8515,0.4000
TEL,3951,SAFE_DISABLED,-7.8516,-7.8516,0.0000,0.0000,0.00,0,0.0000,11,1,0,0.0000,0.0000,0,-33.0469,0.0000,idle,-7.8516,-7.8516,-7.8516,-7.8516,-7.8516,0.4000
TEL,4051,SAFE_DISABLED,-7.8516,-7.8516,0.0000,0.0000,0.00,0,0.0000,31,1,0,0.0000,0.0000,0,-33.0469,0.0000,idle,-7.8516,-7.8516,-7.8516,-7.8516,-7.8516,0.4000
TEL,4151,SAFE_DISABLED,-7.8516,-7.8516,0.0000,0.0000,0.00,0,0.0000,12,1,0,0.0000,0.0000,0,-33.0469,0.0000,idle,-7.8516,-7.8516,-7.8516,-7.8516,-7.8516,0.4000
TEL,4251,SAFE_DISABLED,-7.8516,-7.8516,0.0000,0.0000,0.00,0,0.0000,32,1,0,0.0000,0.0000,0,-33.0469,0.0000,idle,-7.8516,-7.8516,-7.8516,-7.8516,-7.8516,0.4000
TEL,4352,SAFE_DISABLED,-7.8516,-7.8516,0.0000,0.0000,0.00,0,0.0000,12,1,0,0.0000,0.0000,0,-33.0469,0.0000,idle,-7.8516,-7.8516,-7.8516,-7.8516,-7.8516,0.4000
TEL,4452,SAFE_DISABLED,-7.8516,-7.8516,0.0000,0.0000,0.00,0,0.0000,31,1,0,0.0000,0.0000,0,-33.0469,0.0000,idle,-7.8516,-7.8516,-7.8516,-7.8516,-7.8516,0.4000
TEL,4552,SAFE_DISABLED,-7.8516,-7.8516,0.0000,0.0000,0.00,0,0.0000,11,1,0,0.0000,0.0000,0,-33.0469,0.0000,idle,-7.8516,-7.8516,-7.8516,-7.8516,-7.8516,0.4000
TEL,4652,SAFE_DISABLED,-7.8516,-7.8516,0.0000,0.0000,0.00,0,0.0000,31,1,0,0.0000,0.0000,0,-33.0469,0.0000,idle,-7.8516,-7.8516,-7.8516,-7.8516,-7.8516,0.4000
TEL,4752,SAFE_DISABLED,-7.8516,-7.8516,0.0000,0.0000,0.00,0,0.0000,12,1,0,0.0000,0.0000,0,-33.0469,0.0000,idle,-7.8516,-7.8516,-7.8516,-7.8516,-7.8516,0.4000
TEL,4852,SAFE_DISABLED,-7.8516,-7.8516,0.0000,0.0000,0.00,0,0.0000,32,1,0,0.0000,0.0000,0,-33.0469,0.0000,idle,-7.8516,-7.8516,-7.8516,-7.8516,-7.8516,0.4000
TEL,4952,SAFE_DISABLED,-7.8516,-7.8516,0.0000,0.0000,0.00,0,0.0000,12,1,0,0.0000,0.0000,0,-33.0469,0.0000,idle,-7.8516,-7.8516,-7.8516,-7.8516,-7.8516,0.4000
TEL,5052,SAFE_DISABLED,-7.8516,-7.8516,0.0000,0.0000,0.00,0,0.0000,32,1,0,0.0000,0.0000,0,-33.0469,0.0000,idle,-7.8516,-7.8516,-7.8516,-7.8516,-7.8516,0.4000
TEL,5152,SAFE_DISABLED,-7.8516,-7.8516,0.0000,0.0000,0.00,0,0.0000,12,1,0,0.0000,0.0000,0,-33.0469,0.0000,idle,-7.8516,-7.8516,-7.8516,-7.8516,-7.8516,0.4000
TEL,5252,SAFE_DISABLED,-7.8516,-7.8516,0.0000,0.0000,0.00,0,0.0000,32,1,0,0.0000,0.0000,0,-33.0469,0.0000,idle,-7.8516,-7.8516,-7.8516,-7.8516,-7.8516,0.4000
TEL,5352,SAFE_DISABLED,-7.8516,-7.8516,0.0000,0.0000,0.00,0,0.0000,11,1,0,0.0000,0.0000,0,-33.0469,0.0000,idle,-7.8516,-7.8516,-7.8516,-7.8516,-7.8516,0.4000
TEL,5452,SAFE_DISABLED,-7.8516,-7.8516,0.0000,0.0000,0.00,0,0.0000,32,1,0,0.0000,0.0000,0,-33.0469,0.0000,idle,-7.8516,-7.8516,-7.8516,-7.8516,-7.8516,0.4000
TEL,5552,SAFE_DISABLED,-7.8516,-7.8516,0.0000,0.0000,0.00,0,0.0000,36,1,0,0.0000,0.0000,0,-33.0469,0.0000,idle,-7.8516,-7.8516,-7.8516,-7.8516,-7.8516,0.4000
TEL,5652,SAFE_DISABLED,-7.8516,-7.8516,0.0000,0.0000,0.00,0,0.0000,21,1,0,0.0000,0.0000,0,-33.0469,0.0000,idle,-7.8516,-7.8516,-7.8516,-7.8516,-7.8516,0.4000
TEL,5752,SAFE_DISABLED,-7.8516,-7.8516,0.0000,0.0000,0.00,0,0.0000,35,1,0,0.0000,0.0000,0,-33.0469,0.0000,idle,-7.8516,-7.8516,-7.8516,-7.8516,-7.8516,0.4000
TEL,5852,SAFE_DISABLED,-7.8516,-7.8516,0.0000,0.0000,0.00,0,0.0000,15,1,0,0.0000,0.0000,0,-33.0469,0.0000,idle,-7.8516,-7.8516,-7.8516,-7.8516,-7.8516,0.4000
TEL,5954,SAFE_DISABLED,-7.8516,-7.8516,0.0000,0.0000,0.00,0,0.0000,1,1,0,0.0000,0.0000,0,-33.0469,0.0000,idle,-7.8516,-7.8516,-7.8516,-7.8516,-7.8516,0.4000
TEL,6054,SAFE_DISABLED,-7.8516,-7.8516,0.0000,0.0000,0.00,0,0.0000,20,1,0,0.0000,0.0000,0,-33.0469,0.0000,idle,-7.8516,-7.8516,-7.8516,-7.8516,-7.8516,0.4000
TEL,6154,SAFE_DISABLED,-7.8516,-7.8516,0.0000,0.0000,0.00,0,0.0000,35,1,0,0.0000,0.0000,0,-33.0469,0.0000,idle,-7.8516,-7.8516,-7.8516,-7.8516,-7.8516,0.4000
TEL,6254,SAFE_DISABLED,-7.8516,-7.8516,0.0000,0.0000,0.00,0,0.0000,14,1,0,0.0000,0.0000,0,-33.0469,0.0000,idle,-7.8516,-7.8516,-7.8516,-7.8516,-7.8516,0.4000
OK,telemetry=0
STATE,SAFE_DISABLED
SENSORS,angle=ok,pos=ok,m=f
MEAS,theta_deg=0.0000,x_cm=-7.8516,x_filt_cm=-7.8516
AGE,angle_ms=5,pos_ms=12,miss=0
FAULTS,bits=0
CAL,zero_calibrated=no,limits_calibrated=no,sign_calibrated=no
SONAR_CFG,s=-1,u=1
ACT_CFG,t=0.0000,v=0,e=0.000
TEL,enabled=0
FAULT_INFO,bits=0
FAULT_INFO,none
OK,cal_limit_down_set=0.000000
CAL_LIMITS,lower_deg=-6.767578,upper_deg=6.767578,limits_calibrated=no
OK,cal_limit_up_set=55.898437
OK,as5600_sign=-1,sonar_sign=-1
INFO,limits_ok
CAL_LIMITS,lower_deg=-27.949218,upper_deg=27.949218,limits_calibrated=yes
OK,cal_zero_position_set=14.292038
CAL_ZERO,sonar_center_cm=14.292038,zero_calibrated=yes
OK,driver_enabled
OK,stepper_sign=-1,delta=-22.7426
STATE,READY
SENSORS,angle=ok,pos=ok,m=f
MEAS,theta_deg=0.0000,x_cm=0.3913,x_filt_cm=-0.7423
AGE,angle_ms=13,pos_ms=10,miss=0
FAULTS,bits=0
CAL,zero_calibrated=yes,limits_calibrated=yes,sign_calibrated=yes
SONAR_CFG,s=-1,u=1
ACT_CFG,t=19.5117,v=1,e=0.967
TEL,enabled=0
FAULT_INFO,bits=0
FAULT_INFO,none
OK,telemetry=1
TEL,74527,READY,-1.2116,-1.8652,0.0000,0.0000,0.00,0,0.0000,151,1,3,0.0000,0.0000,0,20.4785,19.5117,idle,-1.2116,-1.8652,-1.2116,-1.8652,-1.8652,0.4000
TEL,74627,READY,-1.2116,-1.8652,0.0000,0.0000,0.00,0,0.0000,251,1,5,0.0000,0.0000,0,20.4785,19.5117,idle,-1.2116,-1.8652,-1.2116,-1.8652,-1.8652,0.4000
TEL,74727,READY,-1.2116,-1.8652,0.0000,0.0000,0.00,0,0.0000,351,0,7,0.0000,0.0000,0,20.4785,19.5117,idle,-1.2116,-1.8652,-1.2116,-1.8652,-1.8652,0.4000
TEL,74827,READY,-1.2116,-1.8652,0.0000,0.0000,0.00,0,0.0000,451,0,10,0.0000,0.0000,0,20.4785,19.5117,idle,-1.2116,-1.8652,-1.2116,-1.8652,-1.8652,0.4000
TEL,74927,READY,-1.2116,-1.8652,0.0000,0.0000,0.00,0,0.0000,551,0,12,0.0000,0.0000,0,20.4785,19.5117,idle,-1.2116,-1.8652,-1.2116,-1.8652,-1.8652,0.4000
TEL,75027,READY,-1.2116,-1.8652,0.0000,0.0000,0.00,0,0.0000,651,0,15,0.0000,0.0000,0,20.4785,19.5117,idle,-1.2116,-1.8652,-1.2116,-1.8652,-1.8652,0.4000
TEL,75127,READY,-1.2116,-1.8652,0.0000,0.0000,0.00,0,0.0000,751,0,16,0.0000,0.0000,0,20.4785,19.5117,idle,-1.2116,-1.8652,-1.2116,-1.8652,-1.8652,0.4000
TEL,75227,READY,-1.2116,-1.8652,0.0000,0.0000,0.00,0,0.0000,851,0,18,0.0000,0.0000,0,20.4785,19.5117,idle,-1.2116,-1.8652,-1.2116,-1.8652,-1.8652,0.4000
TEL,75327,READY,-1.2116,-1.8652,0.0000,0.0000,0.00,0,0.0000,951,0,20,0.0000,0.0000,0,20.4785,19.5117,idle,-1.2116,-1.8652,-1.2116,-1.8652,-1.8652,0.4000
TEL,75427,READY,-1.2116,-1.8652,0.0000,0.0000,0.00,1,0.0000,1051,0,23,0.0000,0.0000,0,20.4785,19.5117,idle,-1.2116,-1.8652,-1.2116,-1.8652,-1.8652,0.4000
TEL,75527,READY,1.6696,-0.4082,0.0000,0.0000,0.00,0,0.0000,12,1,0,0.0000,0.0000,0,20.4785,19.5117,idle,1.6696,-0.4082,1.6696,-0.4082,-0.4082,0.4000
TEL,75627,READY,3.2382,1.4063,0.0000,0.0000,0.00,0,0.0000,32,1,0,0.0000,0.0000,0,20.4785,19.5117,idle,3.2382,1.4063,3.2382,1.4063,1.4063,0.4000
TEL,75727,READY,2.5522,2.0897,0.0000,0.0000,0.00,0,0.0000,34,1,0,0.0000,0.0000,0,20.4785,19.5117,idle,2.5522,2.0897,2.5522,2.0897,2.0897,0.4000
TEL,75827,READY,1.8754,2.0236,0.0000,0.0000,0.00,0,0.0000,54,1,0,0.0000,0.0000,0,20.4785,19.5117,idle,1.8754,2.0236,1.8754,2.0236,2.0236,0.4000
TEL,75927,READY,1.8754,2.0236,0.0000,0.0000,0.00,0,0.0000,154,1,3,0.0000,0.0000,0,20.4785,19.5117,idle,1.8754,2.0236,1.8754,2.0236,2.0236,0.4000
TEL,76027,READY,2.0812,2.0530,0.0000,0.0000,0.00,0,0.0000,14,1,0,0.0000,0.0000,0,20.4785,19.5117,idle,2.0812,2.0530,2.0812,2.0530,2.0530,0.4000
TEL,76127,READY,2.0812,2.0674,0.0000,0.0000,0.00,0,0.0000,33,1,0,0.0000,0.0000,0,20.4785,19.5117,idle,2.0812,2.0674,2.0812,2.0674,2.0674,0.4000
TEL,76227,READY,4.2078,3.4737,0.0000,0.0000,0.00,0,0.0000,12,1,0,0.0000,0.0000,0,20.4785,19.5117,idle,4.2078,3.4737,4.2078,3.4737,3.4737,0.4000
TEL,76327,READY,3.7962,3.6814,0.0000,0.0000,0.00,0,0.0000,32,1,0,0.0000,0.0000,0,20.4785,19.5117,idle,3.7962,3.6814,3.7962,3.6814,3.6814,0.4000
TEL,76427,READY,3.3846,3.5167,0.0000,0.0000,0.00,0,0.0000,13,1,0,0.0000,0.0000,0,20.4785,19.5117,idle,3.3846,3.5167,3.3846,3.5167,3.5167,0.4000
TEL,76527,READY,2.5614,3.1159,0.0000,0.0000,0.00,0,0.0000,32,1,0,0.0000,0.0000,0,20.4785,19.5117,idle,2.5614,3.1159,2.5614,3.1159,3.1159,0.4000
SET,76552,0.0000,8.3238,-13.1479
TEL,76627,READY,2.5614,2.7516,0.0000,0.0000,0.00,0,0.0000,12,1,0,0.0000,0.0000,0,20.4785,19.5117,idle,2.5614,2.7516,2.5614,2.7516,2.7516,0.4000
TEL,76727,READY,2.5614,2.6546,0.0000,0.0000,0.00,0,0.0000,32,1,0,0.0000,0.0000,0,20.4785,19.5117,idle,2.5614,2.6546,2.5614,2.6546,2.6546,0.4000
TEL,76827,READY,3.7962,3.1648,0.0000,0.0000,0.00,0,0.0000,34,1,0,0.0000,0.0000,0,20.4785,19.5117,idle,3.7962,3.1648,3.7962,3.1648,3.1648,0.4000
TEL,76928,READY,4.2078,3.8501,0.0000,0.0000,0.00,0,0.0000,14,1,0,0.0000,0.0000,0,20.4785,19.5117,idle,4.2078,3.8501,4.2078,3.8501,3.8501,0.4000
TEL,77028,READY,4.2078,4.0325,0.0000,0.0000,0.00,0,0.0000,33,1,0,0.0000,0.0000,0,20.4785,19.5117,idle,4.2078,4.0325,4.2078,4.0325,4.0325,0.4000
TEL,77128,READY,4.2078,4.0325,0.0000,0.0000,0.00,0,0.0000,133,1,2,0.0000,0.0000,0,20.4785,19.5117,idle,4.2078,4.0325,4.2078,4.0325,4.0325,0.4000
TEL,77228,READY,4.2078,4.0325,0.0000,0.0000,0.00,0,0.0000,233,1,5,0.0000,0.0000,0,20.4785,19.5117,idle,4.2078,4.0325,4.2078,4.0325,4.0325,0.4000
TEL,77328,READY,4.2078,4.0325,0.0000,0.0000,0.00,0,0.0000,333,0,7,0.0000,0.0000,0,20.4785,19.5117,idle,4.2078,4.0325,4.2078,4.0325,4.0325,0.4000
TEL,77428,READY,1.2078,2.5919,0.0000,0.0000,0.00,0,0.0000,32,1,0,0.0000,0.0000,0,20.4785,19.5117,idle,1.2078,2.5919,1.2078,2.5919,2.5919,0.4000
TEL,77528,READY,2.5614,2.5719,0.0000,0.0000,0.00,0,0.0000,13,1,0,0.0000,0.0000,0,20.4785,19.5117,idle,2.5614,2.5719,2.5614,2.5719,2.5719,0.4000
TEL,77628,READY,2.5614,2.5666,0.0000,0.0000,0.00,0,0.0000,33,1,0,0.0000,0.0000,0,20.4785,19.5117,idle,2.5614,2.5666,2.5614,2.5666,2.5666,0.4000
TEL,77728,READY,1.5667,2.0509,0.0000,0.0000,0.00,0,0.0000,12,1,0,0.0000,0.0000,0,20.4785,19.5117,idle,1.5667,2.0509,1.5667,2.0509,2.0509,0.4000
TEL,77829,READY,1.3266,1.6815,0.0000,0.0000,0.00,0,0.0000,33,1,0,0.0000,0.0000,0,20.4785,19.5117,idle,1.3266,1.6815,1.3266,1.6815,1.6815,0.4000
TEL,77929,READY,1.3266,1.6815,0.0000,0.0000,0.00,0,0.0000,133,1,2,0.0000,0.0000,0,20.4785,19.5117,idle,1.3266,1.6815,1.3266,1.6815,1.6815,0.4000
TEL,78029,READY,1.3266,1.6815,0.0000,0.0000,0.00,0,0.0000,233,1,5,0.0000,0.0000,0,20.4785,19.5117,idle,1.3266,1.6815,1.3266,1.6815,1.6815,0.4000
TEL,78129,READY,1.3266,1.6815,0.0000,0.0000,0.00,0,0.0000,334,0,7,0.0000,0.0000,0,20.4785,19.5117,idle,1.3266,1.6815,1.3266,1.6815,1.6815,0.4000
OK,driver_enabled
TEL,78229,READY,1.5667,0.9930,0.0000,0.0000,0.00,0,0.0000,33,1,0,0.0000,0.0000,0,20.4785,19.5117,idle,1.5667,0.9930,1.5667,0.9930,0.9930,0.4000
TEL,78329,READY,1.6696,1.5672,0.0000,0.0000,0.00,0,0.0000,1,1,0,0.0000,0.0000,0,20.4785,19.5117,idle,1.6696,1.5672,1.6696,1.5672,1.5672,0.4000
TEL,78429,READY,1.6353,1.5876,0.0000,0.0000,0.00,0,0.0000,61,1,0,0.0000,0.0000,0,20.4785,19.5117,idle,1.6353,1.5876,1.6353,1.5876,1.5876,0.4000
TEL,78530,READY,1.6353,1.5876,0.0000,0.0000,0.00,0,0.0000,162,1,3,0.0000,0.0000,0,20.4785,19.5117,idle,1.6353,1.5876,1.6353,1.5876,1.5876,0.4000
TEL,78630,READY,1.6353,1.5876,0.0000,0.0000,0.00,0,0.0000,262,1,5,0.0000,0.0000,0,20.4785,19.5117,idle,1.6353,1.5876,1.6353,1.5876,1.5876,0.4000
TEL,78730,READY,1.6353,1.5876,0.0000,0.0000,0.00,0,0.0000,362,0,8,0.0000,0.0000,0,20.4785,19.5117,idle,1.6353,1.5876,1.6353,1.5876,1.5876,0.4000
TEL,78830,READY,1.6353,1.5876,0.0000,0.0000,0.00,0,0.0000,462,0,10,0.0000,0.0000,0,20.4785,19.5117,idle,1.6353,1.5876,1.6353,1.5876,1.5876,0.4000
TEL,78930,READY,1.6353,1.5876,0.0000,0.0000,0.00,0,0.0000,562,0,13,0.0000,0.0000,0,20.4785,19.5117,idle,1.6353,1.5876,1.6353,1.5876,1.5876,0.4000
TEL,79030,READY,1.6353,1.5876,0.0000,0.0000,0.00,0,0.0000,662,0,15,0.0000,0.0000,0,20.4785,19.5117,idle,1.6353,1.5876,1.6353,1.5876,1.5876,0.4000
TEL,79130,READY,1.6353,1.5876,0.0000,0.0000,0.00,0,0.0000,762,0,18,0.0000,0.0000,0,20.4785,19.5117,idle,1.6353,1.5876,1.6353,1.5876,1.5876,0.4000
TEL,79230,READY,1.6353,1.5876,0.0000,0.0000,0.00,0,0.0000,862,0,20,0.0000,0.0000,0,20.4785,19.5117,idle,1.6353,1.5876,1.6353,1.5876,1.5876,0.4000
TEL,79330,READY,1.6353,1.5876,0.0000,0.0000,0.00,0,0.0000,962,0,23,0.0000,0.0000,0,20.4785,19.5117,idle,1.6353,1.5876,1.6353,1.5876,1.5876,0.4000
TEL,79430,READY,1.6353,1.5876,0.0000,0.0000,0.00,1,0.0000,1062,0,25,0.0000,0.0000,0,20.4785,19.5117,idle,1.6353,1.5876,1.6353,1.5876,1.5876,0.4000
TEL,79531,READY,1.6353,1.5876,0.0000,0.0000,0.00,1,0.0000,1162,0,28,0.0000,0.0000,0,20.4785,19.5117,idle,1.6353,1.5876,1.6353,1.5876,1.5876,0.4000
TEL,79631,READY,1.6353,1.5876,0.0000,0.0000,0.00,1,0.0000,1262,0,30,0.0000,0.0000,0,20.4785,19.5117,idle,1.6353,1.5876,1.6353,1.5876,1.5876,0.4000
TEL,79731,READY,1.6353,1.5876,0.0000,0.0000,0.00,1,0.0000,1362,0,32,0.0000,0.0000,0,20.4785,19.5117,idle,1.6353,1.5876,1.6353,1.5876,1.5876,0.4000
TEL,79831,READY,1.6353,1.5876,0.0000,0.0000,0.00,1,0.0000,1462,0,35,0.0000,0.0000,0,20.4785,19.5117,idle,1.6353,1.5876,1.6353,1.5876,1.5876,0.4000
TEL,79931,READY,1.6353,1.5876,0.0000,0.0000,0.00,1,0.0000,1562,0,37,0.0000,0.0000,0,20.4785,19.5117,idle,1.6353,1.5876,1.6353,1.5876,1.5876,0.4000
ERR,run_blocked
BLOCK,sensors
BLOCK,faults
FAULT_INFO,bits=1
FAULT_INFO,sonar_timeout=1
TEL,80031,READY,1.6353,1.5876,0.0000,0.0000,0.00,1,0.0000,1662,0,39,0.0000,0.0000,0,20.4785,19.5117,idle,1.6353,1.5876,1.6353,1.5876,1.5876,0.4000
TEL,80131,READY,1.6353,1.5876,0.0000,0.0000,0.00,1,0.0000,1762,0,42,0.0000,0.0000,0,20.4785,19.5117,idle,1.6353,1.5876,1.6353,1.5876,1.5876,0.4000
TEL,80231,READY,1.6353,1.5876,0.0000,0.0000,0.00,1,0.0000,1862,0,44,0.0000,0.0000,0,20.4785,19.5117,idle,1.6353,1.5876,1.6353,1.5876,1.5876,0.4000
TEL,80331,READY,1.6353,1.5876,0.0000,0.0000,0.00,1,0.0000,1962,0,46,0.0000,0.0000,0,20.4785,19.5117,idle,1.6353,1.5876,1.6353,1.5876,1.5876,0.4000
TEL,80431,READY,1.6353,1.5876,0.0000,0.0000,0.00,1,0.0000,2062,0,49,0.0000,0.0000,0,20.4785,19.5117,idle,1.6353,1.5876,1.6353,1.5876,1.5876,0.4000
TEL,80531,READY,1.6353,1.5876,0.0000,0.0000,0.00,1,0.0000,2162,0,51,0.0000,0.0000,0,20.4785,19.5117,idle,1.6353,1.5876,1.6353,1.5876,1.5876,0.4000
TEL,80631,READY,1.6353,1.5876,0.0000,0.0000,0.00,1,0.0000,2262,0,54,0.0000,0.0000,0,20.4785,19.5117,idle,1.6353,1.5876,1.6353,1.5876,1.5876,0.4000
TEL,80731,READY,1.6353,1.5876,0.0000,0.0000,0.00,1,0.0000,2362,0,56,0.0000,0.0000,0,20.4785,19.5117,idle,1.6353,1.5876,1.6353,1.5876,1.5876,0.4000
TEL,80831,READY,1.6353,1.5876,0.0000,0.0000,0.00,1,0.0000,2462,0,59,0.0000,0.0000,0,20.4785,19.5117,idle,1.6353,1.5876,1.6353,1.5876,1.5876,0.4000
TEL,80931,READY,1.6353,1.5876,0.0000,0.0000,0.00,1,0.0000,2562,0,61,0.0000,0.0000,0,20.4785,19.5117,idle,1.6353,1.5876,1.6353,1.5876,1.5876,0.4000
TEL,81031,READY,1.6353,1.5876,0.0000,0.0000,0.00,1,0.0000,2662,0,63,0.0000,0.0000,0,20.4785,19.5117,idle,1.6353,1.5876,1.6353,1.5876,1.5876,0.4000
TEL,81131,READY,1.6353,1.5876,0.0000,0.0000,0.00,1,0.0000,2762,0,66,0.0000,0.0000,0,20.4785,19.5117,idle,1.6353,1.5876,1.6353,1.5876,1.5876,0.4000
TEL,81231,READY,1.6353,1.5876,0.0000,0.0000,0.00,1,0.0000,2862,0,68,0.0000,0.0000,0,20.4785,19.5117,idle,1.6353,1.5876,1.6353,1.5876,1.5876,0.4000
TEL,81331,READY,1.6353,1.5876,0.0000,0.0000,0.00,1,0.0000,2962,0,71,0.0000,0.0000,0,20.4785,19.5117,idle,1.6353,1.5876,1.6353,1.5876,1.5876,0.4000
TEL,81431,READY,1.6353,1.5876,0.0000,0.0000,0.00,1,0.0000,3062,0,73,0.0000,0.0000,0,20.4785,19.5117,idle,1.6353,1.5876,1.6353,1.5876,1.5876,0.4000
TEL,81531,READY,1.6353,1.5876,0.0000,0.0000,0.00,1,0.0000,3162,0,76,0.0000,0.0000,0,20.4785,19.5117,idle,1.6353,1.5876,1.6353,1.5876,1.5876,0.4000
TEL,81631,READY,1.6353,1.5876,0.0000,0.0000,0.00,1,0.0000,3262,0,78,0.0000,0.0000,0,20.4785,19.5117,idle,1.6353,1.5876,1.6353,1.5876,1.5876,0.4000
TEL,81731,READY,1.6353,1.5876,0.0000,0.0000,0.00,1,0.0000,3362,0,81,0.0000,0.0000,0,20.4785,19.5117,idle,1.6353,1.5876,1.6353,1.5876,1.5876,0.4000
TEL,81831,READY,1.6353,1.5876,0.0000,0.0000,0.00,1,0.0000,3462,0,83,0.0000,0.0000,0,20.4785,19.5117,idle,1.6353,1.5876,1.6353,1.5876,1.5876,0.4000
TEL,81931,READY,1.6353,1.5876,0.0000,0.0000,0.00,1,0.0000,3562,0,85,0.0000,0.0000,0,20.4785,19.5117,idle,1.6353,1.5876,1.6353,1.5876,1.5876,0.4000
TEL,82031,READY,1.6353,1.5876,0.0000,0.0000,0.00,1,0.0000,3662,0,88,0.0000,0.0000,0,20.4785,19.5117,idle,1.6353,1.5876,1.6353,1.5876,1.5876,0.4000
TEL,82131,READY,1.6353,1.5876,0.0000,0.0000,0.00,1,0.0000,3762,0,90,0.0000,0.0000,0,20.4785,19.5117,idle,1.6353,1.5876,1.6353,1.5876,1.5876,0.4000
TEL,82231,READY,1.6353,1.5876,0.0000,0.0000,0.00,1,0.0000,3862,0,93,0.0000,0.0000,0,20.4785,19.5117,idle,1.6353,1.5876,1.6353,1.5876,1.5876,0.4000
TEL,82331,READY,1.6353,1.5876,0.0000,0.0000,0.00,1,0.0000,3962,0,95,0.0000,0.0000,0,20.4785,19.5117,idle,1.6353,1.5876,1.6353,1.5876,1.5876,0.4000
TEL,82432,READY,1.6353,1.5876,0.0000,0.0000,0.00,1,0.0000,4062,0,98,0.0000,0.0000,0,20.4785,19.5117,idle,1.6353,1.5876,1.6353,1.5876,1.5876,0.4000
TEL,82532,READY,1.6353,1.5876,0.0000,0.0000,0.00,1,0.0000,4162,0,100,0.0000,0.0000,0,20.4785,19.5117,idle,1.6353,1.5876,1.6353,1.5876,1.5876,0.4000
TEL,82632,READY,1.6353,1.5876,0.0000,0.0000,0.00,1,0.0000,4262,0,103,0.0000,0.0000,0,20.4785,19.5117,idle,1.6353,1.5876,1.6353,1.5876,1.5876,0.4000
TEL,82732,READY,1.6353,1.5876,0.0000,0.0000,0.00,1,0.0000,4362,0,105,0.0000,0.0000,0,20.4785,19.5117,idle,1.6353,1.5876,1.6353,1.5876,1.5876,0.4000
TEL,82832,READY,1.6353,1.5876,0.0000,0.0000,0.00,1,0.0000,4462,0,108,0.0000,0.0000,0,20.4785,19.5117,idle,1.6353,1.5876,1.6353,1.5876,1.5876,0.4000
TEL,82932,READY,1.6353,1.5876,0.0000,0.0000,0.00,1,0.0000,4562,0,110,0.0000,0.0000,0,20.4785,19.5117,idle,1.6353,1.5876,1.6353,1.5876,1.5876,0.4000
TEL,83032,READY,1.6353,1.5876,0.0000,0.0000,0.00,1,0.0000,4663,0,113,0.0000,0.0000,0,20.4785,19.5117,idle,1.6353,1.5876,1.6353,1.5876,1.5876,0.4000
TEL,83132,READY,1.6353,1.5876,0.0000,0.0000,0.00,1,0.0000,4763,0,115,0.0000,0.0000,0,20.4785,19.5117,idle,1.6353,1.5876,1.6353,1.5876,1.5876,0.4000
TEL,83232,READY,1.6353,1.5876,0.0000,0.0000,0.00,1,0.0000,4863,0,117,0.0000,0.0000,0,20.4785,19.5117,idle,1.6353,1.5876,1.6353,1.5876,1.5876,0.4000
TEL,83333,READY,1.6353,1.5876,0.0000,0.0000,0.00,1,0.0000,4964,0,120,0.0000,0.0000,0,20.4785,19.5117,idle,1.6353,1.5876,1.6353,1.5876,1.5876,0.4000
TEL,83433,READY,1.6353,1.5876,0.0000,0.0000,0.00,1,0.0000,5064,0,122,0.0000,0.0000,0,20.4785,19.5117,idle,1.6353,1.5876,1.6353,1.5876,1.5876,0.4000
TEL,83533,READY,1.6353,1.5876,0.0000,0.0000,0.00,1,0.0000,5164,0,125,0.0000,0.0000,0,20.4785,19.5117,idle,1.6353,1.5876,1.6353,1.5876,1.5876,0.4000
TEL,83633,READY,1.6353,1.5876,0.0000,0.0000,0.00,1,0.0000,5265,0,127,0.0000,0.0000,0,20.4785,19.5117,idle,1.6353,1.5876,1.6353,1.5876,1.5876,0.4000
TEL,83733,READY,1.6353,1.5876,0.0000,0.0000,0.00,1,0.0000,5365,0,130,0.0000,0.0000,0,20.4785,19.5117,idle,1.6353,1.5876,1.6353,1.5876,1.5876,0.4000
TEL,83833,READY,1.6353,1.5876,0.0000,0.0000,0.00,1,0.0000,5465,0,132,0.0000,0.0000,0,20.4785,19.5117,idle,1.6353,1.5876,1.6353,1.5876,1.5876,0.4000
TEL,83933,READY,1.6353,1.5876,0.0000,0.0000,0.00,1,0.0000,5565,0,134,0.0000,0.0000,0,20.4785,19.5117,idle,1.6353,1.5876,1.6353,1.5876,1.5876,0.4000
TEL,84034,READY,1.6353,1.5876,0.0000,0.0000,0.00,1,0.0000,5666,0,137,0.0000,0.0000,0,20.4785,19.5117,idle,1.6353,1.5876,1.6353,1.5876,1.5876,0.4000
TEL,84134,READY,1.6353,1.5876,0.0000,0.0000,0.00,1,0.0000,5766,0,139,0.0000,0.0000,0,20.4785,19.5117,idle,1.6353,1.5876,1.6353,1.5876,1.5876,0.4000
TEL,84234,READY,1.6353,1.5876,0.0000,0.0000,0.00,1,0.0000,5866,0,142,0.0000,0.0000,0,20.4785,19.5117,idle,1.6353,1.5876,1.6353,1.5876,1.5876,0.4000
TEL,84334,READY,1.6353,1.5876,0.0000,0.0000,0.00,1,0.0000,5966,0,144,0.0000,0.0000,0,20.4785,19.5117,idle,1.6353,1.5876,1.6353,1.5876,1.5876,0.4000
TEL,84434,READY,1.6353,1.5876,0.0000,0.0000,0.00,1,0.0000,6066,0,147,0.0000,0.0000,0,20.4785,19.5117,idle,1.6353,1.5876,1.6353,1.5876,1.5876,0.4000
TEL,84534,READY,1.6353,1.5876,0.0000,0.0000,0.00,1,0.0000,6166,0,149,0.0000,0.0000,0,20.4785,19.5117,idle,1.6353,1.5876,1.6353,1.5876,1.5876,0.4000
TEL,84634,READY,1.6353,1.5876,0.0000,0.0000,0.00,1,0.0000,6266,0,151,0.0000,0.0000,0,20.4785,19.5117,idle,1.6353,1.5876,1.6353,1.5876,1.5876,0.4000
TEL,84734,READY,1.6353,1.5876,0.0000,0.0000,0.00,1,0.0000,6366,0,154,0.0000,0.0000,0,20.4785,19.5117,idle,1.6353,1.5876,1.6353,1.5876,1.5876,0.4000
TEL,84834,READY,1.6353,1.5876,0.0000,0.0000,0.00,1,0.0000,6466,0,156,0.0000,0.0000,0,20.4785,19.5117,idle,1.6353,1.5876,1.6353,1.5876,1.5876,0.4000
TEL,84934,READY,1.6353,1.5876,0.0000,0.0000,0.00,1,0.0000,6566,0,158,0.0000,0.0000,0,20.4785,19.5117,idle,1.6353,1.5876,1.6353,1.5876,1.5876,0.4000
TEL,85035,READY,1.6353,1.5876,0.0000,0.0000,0.00,1,0.0000,6666,0,161,0.0000,0.0000,0,20.4785,19.5117,idle,1.6353,1.5876,1.6353,1.5876,1.5876,0.4000
TEL,85135,READY,1.6353,1.5876,0.0000,0.0000,0.00,1,0.0000,6766,0,163,0.0000,0.0000,0,20.4785,19.5117,idle,1.6353,1.5876,1.6353,1.5876,1.5876,0.4000
TEL,85235,READY,1.6353,1.5876,0.0000,0.0000,0.00,1,0.0000,6866,0,165,0.0000,0.0000,0,20.4785,19.5117,idle,1.6353,1.5876,1.6353,1.5876,1.5876,0.4000
TEL,85335,READY,1.6353,1.5876,0.0000,0.0000,0.00,1,0.0000,6966,0,168,0.0000,0.0000,0,20.4785,19.5117,idle,1.6353,1.5876,1.6353,1.5876,1.5876,0.4000
TEL,85435,READY,1.6353,1.5876,0.0000,0.0000,0.00,1,0.0000,7066,0,170,0.0000,0.0000,0,20.4785,19.5117,idle,1.6353,1.5876,1.6353,1.5876,1.5876,0.4000
TEL,85535,READY,1.6353,1.5876,0.0000,0.0000,0.00,1,0.0000,7166,0,172,0.0000,0.0000,0,20.4785,19.5117,idle,1.6353,1.5876,1.6353,1.5876,1.5876,0.4000
TEL,85635,READY,1.6353,1.5876,0.0000,0.0000,0.00,1,0.0000,7266,0,175,0.0000,0.0000,0,20.4785,19.5117,idle,1.6353,1.5876,1.6353,1.5876,1.5876,0.4000
TEL,85735,READY,1.6353,1.5876,0.0000,0.0000,0.00,1,0.0000,7366,0,177,0.0000,0.0000,0,20.4785,19.5117,idle,1.6353,1.5876,1.6353,1.5876,1.5876,0.4000
TEL,85835,READY,1.6353,1.5876,0.0000,0.0000,0.00,1,0.0000,7466,0,179,0.0000,0.0000,0,20.4785,19.5117,idle,1.6353,1.5876,1.6353,1.5876,1.5876,0.4000
TEL,85935,READY,1.6353,1.5876,0.0000,0.0000,0.00,1,0.0000,7566,0,182,0.0000,0.0000,0,20.4785,19.5117,idle,1.6353,1.5876,1.6353,1.5876,1.5876,0.4000
TEL,86035,READY,1.6353,1.5876,0.0000,0.0000,0.00,1,0.0000,7666,0,184,0.0000,0.0000,0,20.4785,19.5117,idle,1.6353,1.5876,1.6353,1.5876,1.5876,0.4000
TEL,86135,READY,1.6353,1.5876,0.0000,0.0000,0.00,1,0.0000,7766,0,187,0.0000,0.0000,0,20.4785,19.5117,idle,1.6353,1.5876,1.6353,1.5876,1.5876,0.4000
TEL,86235,READY,1.6353,1.5876,0.0000,0.0000,0.00,1,0.0000,7866,0,189,0.0000,0.0000,0,20.4785,19.5117,idle,1.6353,1.5876,1.6353,1.5876,1.5876,0.4000
TEL,86335,READY,1.6353,1.5876,0.0000,0.0000,0.00,1,0.0000,7966,0,192,0.0000,0.0000,0,20.4785,19.5117,idle,1.6353,1.5876,1.6353,1.5876,1.5876,0.4000
TEL,86435,READY,1.6353,1.5876,0.0000,0.0000,0.00,1,0.0000,8066,0,194,0.0000,0.0000,0,20.4785,19.5117,idle,1.6353,1.5876,1.6353,1.5876,1.5876,0.4000
TEL,86535,READY,1.6353,1.5876,0.0000,0.0000,0.00,1,0.0000,8166,0,196,0.0000,0.0000,0,20.4785,19.5117,idle,1.6353,1.5876,1.6353,1.5876,1.5876,0.4000
TEL,86635,READY,1.6353,1.5876,0.0000,0.0000,0.00,1,0.0000,8266,0,199,0.0000,0.0000,0,20.4785,19.5117,idle,1.6353,1.5876,1.6353,1.5876,1.5876,0.4000
TEL,86735,READY,1.6353,1.5876,0.0000,0.0000,0.00,1,0.0000,8366,0,201,0.0000,0.0000,0,20.4785,19.5117,idle,1.6353,1.5876,1.6353,1.5876,1.5876,0.4000
TEL,86835,READY,1.6353,1.5876,0.0000,0.0000,0.00,1,0.0000,8466,0,204,0.0000,0.0000,0,20.4785,19.5117,idle,1.6353,1.5876,1.6353,1.5876,1.5876,0.4000
TEL,86935,READY,1.6353,1.5876,0.0000,0.0000,0.00,1,0.0000,8566,0,206,0.0000,0.0000,0,20.4785,19.5117,idle,1.6353,1.5876,1.6353,1.5876,1.5876,0.4000
TEL,87035,READY,1.6353,1.5876,0.0000,0.0000,0.00,1,0.0000,8666,0,209,0.0000,0.0000,0,20.4785,19.5117,idle,1.6353,1.5876,1.6353,1.5876,1.5876,0.4000
TEL,87135,READY,1.6353,1.5876,0.0000,0.0000,0.00,1,0.0000,8766,0,211,0.0000,0.0000,0,20.4785,19.5117,idle,1.6353,1.5876,1.6353,1.5876,1.5876,0.4000
TEL,87235,READY,1.6353,1.5876,0.0000,0.0000,0.00,1,0.0000,8866,0,214,0.0000,0.0000,0,20.4785,19.5117,idle,1.6353,1.5876,1.6353,1.5876,1.5876,0.4000
TEL,87335,READY,1.6353,1.5876,0.0000,0.0000,0.00,1,0.0000,8966,0,216,0.0000,0.0000,0,20.4785,19.5117,idle,1.6353,1.5876,1.6353,1.5876,1.5876,0.4000
TEL,87435,READY,1.6353,1.5876,0.0000,0.0000,0.00,1,0.0000,9066,0,218,0.0000,0.0000,0,20.4785,19.5117,idle,1.6353,1.5876,1.6353,1.5876,1.5876,0.4000
TEL,87535,READY,1.6353,1.5876,0.0000,0.0000,0.00,1,0.0000,9166,0,221,0.0000,0.0000,0,20.4785,19.5117,idle,1.6353,1.5876,1.6353,1.5876,1.5876,0.4000
TEL,87635,READY,1.6353,1.5876,0.0000,0.0000,0.00,1,0.0000,9266,0,223,0.0000,0.0000,0,20.4785,19.5117,idle,1.6353,1.5876,1.6353,1.5876,1.5876,0.4000
TEL,87735,READY,1.6353,1.5876,0.0000,0.0000,0.00,1,0.0000,9366,0,226,0.0000,0.0000,0,20.4785,19.5117,idle,1.6353,1.5876,1.6353,1.5876,1.5876,0.4000
TEL,87835,READY,1.6353,1.5876,0.0000,0.0000,0.00,1,0.0000,9466,0,228,0.0000,0.0000,0,20.4785,19.5117,idle,1.6353,1.5876,1.6353,1.5876,1.5876,0.4000
TEL,87936,READY,1.6353,1.5876,0.0000,0.0000,0.00,1,0.0000,9566,0,230,0.0000,0.0000,0,20.4785,19.5117,idle,1.6353,1.5876,1.6353,1.5876,1.5876,0.4000
TEL,88036,READY,1.6353,1.5876,0.0000,0.0000,0.00,1,0.0000,9666,0,233,0.0000,0.0000,0,20.4785,19.5117,idle,1.6353,1.5876,1.6353,1.5876,1.5876,0.4000
TEL,88136,READY,1.6353,1.5876,0.0000,0.0000,0.00,1,0.0000,9766,0,235,0.0000,0.0000,0,20.4785,19.5117,idle,1.6353,1.5876,1.6353,1.5876,1.5876,0.4000
TEL,88236,READY,1.6353,1.5876,0.0000,0.0000,0.00,1,0.0000,9866,0,238,0.0000,0.0000,0,20.4785,19.5117,idle,1.6353,1.5876,1.6353,1.5876,1.5876,0.4000
TEL,88336,READY,1.6353,1.5876,0.0000,0.0000,0.00,1,0.0000,9966,0,240,0.0000,0.0000,0,20.4785,19.5117,idle,1.6353,1.5876,1.6353,1.5876,1.5876,0.4000
TEL,88436,READY,1.6353,1.5876,0.0000,0.0000,0.00,1,0.0000,10066,0,242,0.0000,0.0000,0,20.4785,19.5117,idle,1.6353,1.5876,1.6353,1.5876,1.5876,0.4000
TEL,88536,READY,1.6353,1.5876,0.0000,0.0000,0.00,1,0.0000,10167,0,245,0.0000,0.0000,0,20.4785,19.5117,idle,1.6353,1.5876,1.6353,1.5876,1.5876,0.4000
TEL,88636,READY,1.6353,1.5876,0.0000,0.0000,0.00,1,0.0000,10267,0,247,0.0000,0.0000,0,20.4785,19.5117,idle,1.6353,1.5876,1.6353,1.5876,1.5876,0.4000
TEL,88736,READY,1.6353,1.5876,0.0000,0.0000,0.00,1,0.0000,10367,0,249,0.0000,0.0000,0,20.4785,19.5117,idle,1.6353,1.5876,1.6353,1.5876,1.5876,0.4000
TEL,88837,READY,1.6353,1.5876,0.0000,0.0000,0.00,1,0.0000,10468,0,252,0.0000,0.0000,0,20.4785,19.5117,idle,1.6353,1.5876,1.6353,1.5876,1.5876,0.4000
TEL,88937,READY,1.6353,1.5876,0.0000,0.0000,0.00,1,0.0000,10568,0,254,0.0000,0.0000,0,20.4785,19.5117,idle,1.6353,1.5876,1.6353,1.5876,1.5876,0.4000
ERR,run_blocked
BLOCK,sensors
BLOCK,faults
FAULT_INFO,bits=1
FAULT_INFO,sonar_timeout=1
TEL,89039,READY,1.6353,1.5876,0.0000,0.0000,0.00,1,0.0000,10671,0,257,0.0000,0.0000,0,20.4785,19.5117,idle,1.6353,1.5876,1.6353,1.5876,1.5876,0.4000
TEL,89139,READY,1.6353,1.5876,0.0000,0.0000,0.00,1,0.0000,10771,0,259,0.0000,0.0000,0,20.4785,19.5117,idle,1.6353,1.5876,1.6353,1.5876,1.5876,0.4000
TEL,89240,READY,1.6353,1.5876,0.0000,0.0000,0.00,1,0.0000,10872,0,261,0.0000,0.0000,0,20.4785,19.5117,idle,1.6353,1.5876,1.6353,1.5876,1.5876,0.4000
TEL,89340,READY,1.6353,1.5876,0.0000,0.0000,0.00,1,0.0000,10972,0,264,0.0000,0.0000,0,20.4785,19.5117,idle,1.6353,1.5876,1.6353,1.5876,1.5876,0.4000
TEL,89440,READY,1.6353,1.5876,0.0000,0.0000,0.00,1,0.0000,11072,0,266,0.0000,0.0000,0,20.4785,19.5117,idle,1.6353,1.5876,1.6353,1.5876,1.5876,0.4000
TEL,89541,READY,1.6353,1.5876,0.0000,0.0000,0.00,1,0.0000,11173,0,268,0.0000,0.0000,0,20.4785,19.5117,idle,1.6353,1.5876,1.6353,1.5876,1.5876,0.4000
TEL,89641,READY,1.6353,1.5876,0.0000,0.0000,0.00,1,0.0000,11273,0,271,0.0000,0.0000,0,20.4785,19.5117,idle,1.6353,1.5876,1.6353,1.5876,1.5876,0.4000
TEL,89741,READY,1.6353,1.5876,0.0000,0.0000,0.00,1,0.0000,11373,0,273,0.0000,0.0000,0,20.4785,19.5117,idle,1.6353,1.5876,1.6353,1.5876,1.5876,0.4000
TEL,89841,READY,1.6353,1.5876,0.0000,0.0000,0.00,1,0.0000,11473,0,275,0.0000,0.0000,0,20.4785,19.5117,idle,1.6353,1.5876,1.6353,1.5876,1.5876,0.4000
TEL,89943,READY,1.6353,1.5876,0.0000,0.0000,0.00,1,0.0000,11574,0,278,0.0000,0.0000,0,20.4785,19.5117,idle,1.6353,1.5876,1.6353,1.5876,1.5876,0.4000
TEL,90043,READY,1.6353,1.5876,0.0000,0.0000,0.00,1,0.0000,11674,0,280,0.0000,0.0000,0,20.4785,19.5117,idle,1.6353,1.5876,1.6353,1.5876,1.5876,0.4000
TEL,90143,READY,1.6353,1.5876,0.0000,0.0000,0.00,1,0.0000,11774,0,282,0.0000,0.0000,0,20.4785,19.5117,idle,1.6353,1.5876,1.6353,1.5876,1.5876,0.4000
TEL,90243,READY,1.6353,1.5876,0.0000,0.0000,0.00,1,0.0000,11874,0,285,0.0000,0.0000,0,20.4785,19.5117,idle,1.6353,1.5876,1.6353,1.5876,1.5876,0.4000
TEL,90343,READY,1.6353,1.5876,0.0000,0.0000,0.00,1,0.0000,11974,0,287,0.0000,0.0000,0,20.4785,19.5117,idle,1.6353,1.5876,1.6353,1.5876,1.5876,0.4000
TEL,90443,READY,1.6353,1.5876,0.0000,0.0000,0.00,1,0.0000,12074,0,289,0.0000,0.0000,0,20.4785,19.5117,idle,1.6353,1.5876,1.6353,1.5876,1.5876,0.4000
TEL,90543,READY,1.6353,1.5876,0.0000,0.0000,0.00,1,0.0000,12174,0,292,0.0000,0.0000,0,20.4785,19.5117,idle,1.6353,1.5876,1.6353,1.5876,1.5876,0.4000
TEL,90643,READY,1.6353,1.5876,0.0000,0.0000,0.00,1,0.0000,12274,0,294,0.0000,0.0000,0,20.4785,19.5117,idle,1.6353,1.5876,1.6353,1.5876,1.5876,0.4000
TEL,90743,READY,1.6353,1.5876,0.0000,0.0000,0.00,1,0.0000,12374,0,297,0.0000,0.0000,0,20.4785,19.5117,idle,1.6353,1.5876,1.6353,1.5876,1.5876,0.4000
TEL,90843,READY,1.6353,1.5876,0.0000,0.0000,0.00,1,0.0000,12474,0,299,0.0000,0.0000,0,20.4785,19.5117,idle,1.6353,1.5876,1.6353,1.5876,1.5876,0.4000
TEL,90943,READY,1.6353,1.5876,0.0000,0.0000,0.00,1,0.0000,12574,0,302,0.0000,0.0000,0,20.4785,19.5117,idle,1.6353,1.5876,1.6353,1.5876,1.5876,0.4000
TEL,91043,READY,1.6353,1.5876,0.0000,0.0000,0.00,1,0.0000,12674,0,304,0.0000,0.0000,0,20.4785,19.5117,idle,1.6353,1.5876,1.6353,1.5876,1.5876,0.4000
TEL,91143,READY,1.6353,1.5876,0.0000,0.0000,0.00,1,0.0000,12774,0,306,0.0000,0.0000,0,20.4785,19.5117,idle,1.6353,1.5876,1.6353,1.5876,1.5876,0.4000
TEL,91243,READY,1.6353,1.5876,0.0000,0.0000,0.00,1,0.0000,12874,0,309,0.0000,0.0000,0,20.4785,19.5117,idle,1.6353,1.5876,1.6353,1.5876,1.5876,0.4000
TEL,91343,READY,1.6353,1.5876,0.0000,0.0000,0.00,1,0.0000,12974,0,311,0.0000,0.0000,0,20.4785,19.5117,idle,1.6353,1.5876,1.6353,1.5876,1.5876,0.4000
TEL,91443,READY,1.6353,1.5876,0.0000,0.0000,0.00,1,0.0000,13074,0,314,0.0000,0.0000,0,20.4785,19.5117,idle,1.6353,1.5876,1.6353,1.5876,1.5876,0.4000
TEL,91543,READY,1.6353,1.5876,0.0000,0.0000,0.00,1,0.0000,13174,0,316,0.0000,0.0000,0,20.4785,19.5117,idle,1.6353,1.5876,1.6353,1.5876,1.5876,0.4000
TEL,91643,READY,1.6353,1.5876,0.0000,0.0000,0.00,1,0.0000,13274,0,318,0.0000,0.0000,0,20.4785,19.5117,idle,1.6353,1.5876,1.6353,1.5876,1.5876,0.4000
TEL,91743,READY,1.6353,1.5876,0.0000,0.0000,0.00,1,0.0000,13374,0,321,0.0000,0.0000,0,20.4785,19.5117,idle,1.6353,1.5876,1.6353,1.5876,1.5876,0.4000
TEL,91843,READY,1.6353,1.5876,0.0000,0.0000,0.00,1,0.0000,13474,0,323,0.0000,0.0000,0,20.4785,19.5117,idle,1.6353,1.5876,1.6353,1.5876,1.5876,0.4000
TEL,91943,READY,1.6353,1.5876,0.0000,0.0000,0.00,1,0.0000,13574,0,326,0.0000,0.0000,0,20.4785,19.5117,idle,1.6353,1.5876,1.6353,1.5876,1.5876,0.4000
TEL,92043,READY,1.6353,1.5876,0.0000,0.0000,0.00,1,0.0000,13674,0,328,0.0000,0.0000,0,20.4785,19.5117,idle,1.6353,1.5876,1.6353,1.5876,1.5876,0.4000
TEL,92143,READY,1.6353,1.5876,0.0000,0.0000,0.00,1,0.0000,13774,0,331,0.0000,0.0000,0,20.4785,19.5117,idle,1.6353,1.5876,1.6353,1.5876,1.5876,0.4000
TEL,92243,READY,1.6353,1.5876,0.0000,0.0000,0.00,1,0.0000,13874,0,333,0.0000,0.0000,0,20.4785,19.5117,idle,1.6353,1.5876,1.6353,1.5876,1.5876,0.4000
TEL,92343,READY,1.6353,1.5876,0.0000,0.0000,0.00,1,0.0000,13974,0,336,0.0000,0.0000,0,20.4785,19.5117,idle,1.6353,1.5876,1.6353,1.5876,1.5876,0.4000
TEL,92443,READY,1.6353,1.5876,0.0000,0.0000,0.00,1,0.0000,14074,0,338,0.0000,0.0000,0,20.4785,19.5117,idle,1.6353,1.5876,1.6353,1.5876,1.5876,0.4000
TEL,92544,READY,1.6353,1.5876,0.0000,0.0000,0.00,1,0.0000,14174,0,340,0.0000,0.0000,0,20.4785,19.5117,idle,1.6353,1.5876,1.6353,1.5876,1.5876,0.4000
TEL,92644,READY,1.6353,1.5876,0.0000,0.0000,0.00,1,0.0000,14274,0,343,0.0000,0.0000,0,20.4785,19.5117,idle,1.6353,1.5876,1.6353,1.5876,1.5876,0.4000
TEL,92744,READY,1.6353,1.5876,0.0000,0.0000,0.00,1,0.0000,14374,0,345,0.0000,0.0000,0,20.4785,19.5117,idle,1.6353,1.5876,1.6353,1.5876,1.5876,0.4000
TEL,92844,READY,1.6353,1.5876,0.0000,0.0000,0.00,1,0.0000,14474,0,348,0.0000,0.0000,0,20.4785,19.5117,idle,1.6353,1.5876,1.6353,1.5876,1.5876,0.4000
TEL,92944,READY,1.6353,1.5876,0.0000,0.0000,0.00,1,0.0000,14574,0,350,0.0000,0.0000,0,20.4785,19.5117,idle,1.6353,1.5876,1.6353,1.5876,1.5876,0.4000
TEL,93044,READY,1.6353,1.5876,0.0000,0.0000,0.00,1,0.0000,14674,0,352,0.0000,0.0000,0,20.4785,19.5117,idle,1.6353,1.5876,1.6353,1.5876,1.5876,0.4000
TEL,93144,READY,1.6353,1.5876,0.0000,0.0000,0.00,1,0.0000,14775,0,355,0.0000,0.0000,0,20.4785,19.5117,idle,1.6353,1.5876,1.6353,1.5876,1.5876,0.4000
TEL,93244,READY,1.6353,1.5876,0.0000,0.0000,0.00,1,0.0000,14875,0,357,0.0000,0.0000,0,20.4785,19.5117,idle,1.6353,1.5876,1.6353,1.5876,1.5876,0.4000
TEL,93344,READY,1.6353,1.5876,0.0000,0.0000,0.00,1,0.0000,14975,0,359,0.0000,0.0000,0,20.4785,19.5117,idle,1.6353,1.5876,1.6353,1.5876,1.5876,0.4000
TEL,93445,READY,1.6353,1.5876,0.0000,0.0000,0.00,1,0.0000,15076,0,362,0.0000,0.0000,0,20.4785,19.5117,idle,1.6353,1.5876,1.6353,1.5876,1.5876,0.4000
TEL,93545,READY,1.6353,1.5876,0.0000,0.0000,0.00,1,0.0000,15176,0,364,0.0000,0.0000,0,20.4785,19.5117,idle,1.6353,1.5876,1.6353,1.5876,1.5876,0.4000
TEL,93645,READY,1.6353,1.5876,0.0000,0.0000,0.00,1,0.0000,15276,0,367,0.0000,0.0000,0,20.4785,19.5117,idle,1.6353,1.5876,1.6353,1.5876,1.5876,0.4000
TEL,93745,READY,1.6353,1.5876,0.0000,0.0000,0.00,1,0.0000,15377,0,369,0.0000,0.0000,0,20.4785,19.5117,idle,1.6353,1.5876,1.6353,1.5876,1.5876,0.4000
TEL,93845,READY,1.6353,1.5876,0.0000,0.0000,0.00,1,0.0000,15477,0,372,0.0000,0.0000,0,20.4785,19.5117,idle,1.6353,1.5876,1.6353,1.5876,1.5876,0.4000
TEL,93945,READY,1.6353,1.5876,0.0000,0.0000,0.00,1,0.0000,15577,0,374,0.0000,0.0000,0,20.4785,19.5117,idle,1.6353,1.5876,1.6353,1.5876,1.5876,0.4000
TEL,94045,READY,1.6353,1.5876,0.0000,0.0000,0.00,1,0.0000,15677,0,376,0.0000,0.0000,0,20.4785,19.5117,idle,1.6353,1.5876,1.6353,1.5876,1.5876,0.4000
OK,telemetry=0
OK,cal_saved
STATE,READY
SENSORS,angle=ok,pos=bad,m=n
MEAS,theta_deg=0.0000,x_cm=1.6353,x_filt_cm=1.5876
AGE,angle_ms=14,pos_ms=37150,miss=911
FAULTS,bits=1
CAL,zero_calibrated=yes,limits_calibrated=yes,sign_calibrated=yes
SONAR_CFG,s=-1,u=1
ACT_CFG,t=19.5117,v=1,e=0.967
TEL,enabled=0
FAULT_INFO,bits=1
FAULT_INFO,sonar_timeout=1
OK,telemetry=1
TEL,116699,READY,1.6353,1.5876,0.0000,0.0000,0.00,1,0.0000,38330,0,940,0.0000,0.0000,0,20.4785,19.5117,idle,1.6353,1.5876,1.6353,1.5876,1.5876,0.4000
TEL,116799,READY,1.6353,1.5876,0.0000,0.0000,0.00,1,0.0000,38430,0,943,0.0000,0.0000,0,20.4785,19.5117,idle,1.6353,1.5876,1.6353,1.5876,1.5876,0.4000
TEL,116899,READY,1.6353,1.5876,0.0000,0.0000,0.00,1,0.0000,38530,0,945,0.0000,0.0000,0,20.4785,19.5117,idle,1.6353,1.5876,1.6353,1.5876,1.5876,0.4000
TEL,116999,READY,1.6353,1.5876,0.0000,0.0000,0.00,1,0.0000,38630,0,947,0.0000,0.0000,0,20.4785,19.5117,idle,1.6353,1.5876,1.6353,1.5876,1.5876,0.4000
TEL,117099,READY,1.6353,1.5876,0.0000,0.0000,0.00,1,0.0000,38730,0,950,0.0000,0.0000,0,20.4785,19.5117,idle,1.6353,1.5876,1.6353,1.5876,1.5876,0.4000
TEL,117199,READY,1.6353,1.5876,0.0000,0.0000,0.00,1,0.0000,38830,0,952,0.0000,0.0000,0,20.4785,19.5117,idle,1.6353,1.5876,1.6353,1.5876,1.5876,0.4000
TEL,117299,READY,1.6353,1.5876,0.0000,0.0000,0.00,1,0.0000,38930,0,955,0.0000,0.0000,0,20.4785,19.5117,idle,1.6353,1.5876,1.6353,1.5876,1.5876,0.4000
TEL,117399,READY,1.6353,1.5876,0.0000,0.0000,0.00,1,0.0000,39030,0,957,0.0000,0.0000,0,20.4785,19.5117,idle,1.6353,1.5876,1.6353,1.5876,1.5876,0.4000
TEL,117499,READY,1.6353,1.5876,0.0000,0.0000,0.00,1,0.0000,39130,0,959,0.0000,0.0000,0,20.4785,19.5117,idle,1.6353,1.5876,1.6353,1.5876,1.5876,0.4000
TEL,117599,READY,1.6353,1.5876,0.0000,0.0000,0.00,1,0.0000,39230,0,962,0.0000,0.0000,0,20.4785,19.5117,idle,1.6353,1.5876,1.6353,1.5876,1.5876,0.4000
TEL,117699,READY,1.6353,1.5876,0.0000,0.0000,0.00,1,0.0000,39330,0,964,0.0000,0.0000,0,20.4785,19.5117,idle,1.6353,1.5876,1.6353,1.5876,1.5876,0.4000
TEL,117799,READY,1.6353,1.5876,0.0000,0.0000,0.00,1,0.0000,39430,0,967,0.0000,0.0000,0,20.4785,19.5117,idle,1.6353,1.5876,1.6353,1.5876,1.5876,0.4000
TEL,117899,READY,1.6353,1.5876,0.0000,0.0000,0.00,1,0.0000,39530,0,969,0.0000,0.0000,0,20.4785,19.5117,idle,1.6353,1.5876,1.6353,1.5876,1.5876,0.4000
TEL,117999,READY,1.6353,1.5876,0.0000,0.0000,0.00,1,0.0000,39630,0,972,0.0000,0.0000,0,20.4785,19.5117,idle,1.6353,1.5876,1.6353,1.5876,1.5876,0.4000
TEL,118099,READY,1.6353,1.5876,0.0000,0.0000,0.00,1,0.0000,39730,0,974,0.0000,0.0000,0,20.4785,19.5117,idle,1.6353,1.5876,1.6353,1.5876,1.5876,0.4000
TEL,118199,READY,1.6353,1.5876,0.0000,0.0000,0.00,1,0.0000,39830,0,977,0.0000,0.0000,0,20.4785,19.5117,idle,1.6353,1.5876,1.6353,1.5876,1.5876,0.4000
TEL,118299,READY,1.6353,1.5876,0.0000,0.0000,0.00,1,0.0000,39930,0,979,0.0000,0.0000,0,20.4785,19.5117,idle,1.6353,1.5876,1.6353,1.5876,1.5876,0.4000
TEL,118400,READY,1.6353,1.5876,0.0000,0.0000,0.00,1,0.0000,40030,0,981,0.0000,0.0000,0,20.4785,19.5117,idle,1.6353,1.5876,1.6353,1.5876,1.5876,0.4000
TEL,118500,READY,1.6353,1.5876,0.0000,0.0000,0.00,1,0.0000,40130,0,984,0.0000,0.0000,0,20.4785,19.5117,idle,1.6353,1.5876,1.6353,1.5876,1.5876,0.4000
TEL,118600,READY,1.6353,1.5876,0.0000,0.0000,0.00,1,0.0000,40230,0,986,0.0000,0.0000,0,20.4785,19.5117,idle,1.6353,1.5876,1.6353,1.5876,1.5876,0.4000
TEL,118700,READY,1.6353,1.5876,0.0000,0.0000,0.00,1,0.0000,40330,0,989,0.0000,0.0000,0,20.4785,19.5117,idle,1.6353,1.5876,1.6353,1.5876,1.5876,0.4000
TEL,118800,READY,1.6353,1.5876,0.0000,0.0000,0.00,1,0.0000,40430,0,991,0.0000,0.0000,0,20.4785,19.5117,idle,1.6353,1.5876,1.6353,1.5876,1.5876,0.4000
TEL,118900,READY,1.6353,1.5876,0.0000,0.0000,0.00,1,0.0000,40530,0,993,0.0000,0.0000,0,20.4785,19.5117,idle,1.6353,1.5876,1.6353,1.5876,1.5876,0.4000
TEL,119000,READY,1.6353,1.5876,0.0000,0.0000,0.00,1,0.0000,40631,0,996,0.0000,0.0000,0,20.4785,19.5117,idle,1.6353,1.5876,1.6353,1.5876,1.5876,0.4000
TEL,119100,READY,1.6353,1.5876,0.0000,0.0000,0.00,1,0.0000,40731,0,998,0.0000,0.0000,0,20.4785,19.5117,idle,1.6353,1.5876,1.6353,1.5876,1.5876,0.4000
TEL,119200,READY,1.6353,1.5876,0.0000,0.0000,0.00,1,0.0000,40831,0,1000,0.0000,0.0000,0,20.4785,19.5117,idle,1.6353,1.5876,1.6353,1.5876,1.5876,0.4000
TEL,119301,READY,1.6353,1.5876,0.0000,0.0000,0.00,1,0.0000,40932,0,1003,0.0000,0.0000,0,20.4785,19.5117,idle,1.6353,1.5876,1.6353,1.5876,1.5876,0.4000
TEL,119401,READY,1.6353,1.5876,0.0000,0.0000,0.00,1,0.0000,41032,0,1005,0.0000,0.0000,0,20.4785,19.5117,idle,1.6353,1.5876,1.6353,1.5876,1.5876,0.4000
TEL,119501,READY,1.6353,1.5876,0.0000,0.0000,0.00,1,0.0000,41132,0,1008,0.0000,0.0000,0,20.4785,19.5117,idle,1.6353,1.5876,1.6353,1.5876,1.5876,0.4000
TEL,119601,READY,1.6353,1.5876,0.0000,0.0000,0.00,1,0.0000,41233,0,1010,0.0000,0.0000,0,20.4785,19.5117,idle,1.6353,1.5876,1.6353,1.5876,1.5876,0.4000
SET,119621,0.0000,8.3238,-13.1479
TEL,119701,READY,1.6353,1.5876,0.0000,0.0000,0.00,1,0.0000,41333,0,1013,0.0000,0.0000,0,20.4785,19.5117,idle,1.6353,1.5876,1.6353,1.5876,1.5876,0.4000
TEL,119801,READY,1.6353,1.5876,0.0000,0.0000,0.00,1,0.0000,41433,0,1015,0.0000,0.0000,0,20.4785,19.5117,idle,1.6353,1.5876,1.6353,1.5876,1.5876,0.4000
TEL,119901,READY,1.6353,1.5876,0.0000,0.0000,0.00,1,0.0000,41533,0,1017,0.0000,0.0000,0,20.4785,19.5117,idle,1.6353,1.5876,1.6353,1.5876,1.5876,0.4000
TEL,120002,READY,1.6353,1.5876,0.0000,0.0000,0.00,1,0.0000,41634,0,1020,0.0000,0.0000,0,20.4785,19.5117,idle,1.6353,1.5876,1.6353,1.5876,1.5876,0.4000
TEL,120102,READY,1.6353,1.5876,0.0000,0.0000,0.00,1,0.0000,41734,0,1022,0.0000,0.0000,0,20.4785,19.5117,idle,1.6353,1.5876,1.6353,1.5876,1.5876,0.4000
TEL,120202,READY,1.6353,1.5876,0.0000,0.0000,0.00,1,0.0000,41834,0,1025,0.0000,0.0000,0,20.4785,19.5117,idle,1.6353,1.5876,1.6353,1.5876,1.5876,0.4000
TEL,120302,READY,1.6353,1.5876,0.0000,0.0000,0.00,1,0.0000,41934,0,1027,0.0000,0.0000,0,20.4785,19.5117,idle,1.6353,1.5876,1.6353,1.5876,1.5876,0.4000
TEL,120402,READY,1.6353,1.5876,0.0000,0.0000,0.00,1,0.0000,42034,0,1029,0.0000,0.0000,0,20.4785,19.5117,idle,1.6353,1.5876,1.6353,1.5876,1.5876,0.4000
TEL,120502,READY,1.6353,1.5876,0.0000,0.0000,0.00,1,0.0000,42134,0,1032,0.0000,0.0000,0,20.4785,19.5117,idle,1.6353,1.5876,1.6353,1.5876,1.5876,0.4000
TEL,120602,READY,1.6353,1.5876,0.0000,0.0000,0.00,1,0.0000,42234,0,1034,0.0000,0.0000,0,20.4785,19.5117,idle,1.6353,1.5876,1.6353,1.5876,1.5876,0.4000
TEL,120702,READY,1.6353,1.5876,0.0000,0.0000,0.00,1,0.0000,42334,0,1036,0.0000,0.0000,0,20.4785,19.5117,idle,1.6353,1.5876,1.6353,1.5876,1.5876,0.4000
TEL,120802,READY,1.6353,1.5876,0.0000,0.0000,0.00,1,0.0000,42434,0,1039,0.0000,0.0000,0,20.4785,19.5117,idle,1.6353,1.5876,1.6353,1.5876,1.5876,0.4000
TEL,120902,READY,1.6353,1.5876,0.0000,0.0000,0.00,1,0.0000,42534,0,1041,0.0000,0.0000,0,20.4785,19.5117,idle,1.6353,1.5876,1.6353,1.5876,1.5876,0.4000
TEL,121003,READY,1.6353,1.5876,0.0000,0.0000,0.00,1,0.0000,42634,0,1043,0.0000,0.0000,0,20.4785,19.5117,idle,1.6353,1.5876,1.6353,1.5876,1.5876,0.4000
TEL,121103,READY,1.6353,1.5876,0.0000,0.0000,0.00,1,0.0000,42734,0,1046,0.0000,0.0000,0,20.4785,19.5117,idle,1.6353,1.5876,1.6353,1.5876,1.5876,0.4000
TEL,121203,READY,1.6353,1.5876,0.0000,0.0000,0.00,1,0.0000,42834,0,1048,0.0000,0.0000,0,20.4785,19.5117,idle,1.6353,1.5876,1.6353,1.5876,1.5876,0.4000
TEL,121303,READY,1.6353,1.5876,0.0000,0.0000,0.00,1,0.0000,42934,0,1051,0.0000,0.0000,0,20.4785,19.5117,idle,1.6353,1.5876,1.6353,1.5876,1.5876,0.4000
TEL,121403,READY,1.6353,1.5876,0.0000,0.0000,0.00,1,0.0000,43034,0,1053,0.0000,0.0000,0,20.4785,19.5117,idle,1.6353,1.5876,1.6353,1.5876,1.5876,0.4000
OK,driver_enabled
TEL,121503,READY,1.6353,1.5876,0.0000,0.0000,0.00,1,0.0000,43134,0,1055,0.0000,0.0000,0,20.4785,19.5117,idle,1.6353,1.5876,1.6353,1.5876,1.5876,0.4000
TEL,121603,READY,1.6353,1.5876,0.0000,0.0000,0.00,1,0.0000,43234,0,1058,0.0000,0.0000,0,20.4785,19.5117,idle,1.6353,1.5876,1.6353,1.5876,1.5876,0.4000
TEL,121703,READY,1.6353,1.5876,0.0000,0.0000,0.00,1,0.0000,43334,0,1060,0.0000,0.0000,0,20.4785,19.5117,idle,1.6353,1.5876,1.6353,1.5876,1.5876,0.4000
TEL,121803,READY,1.6353,1.5876,0.0000,0.0000,0.00,1,0.0000,43434,0,1062,0.0000,0.0000,0,20.4785,19.5117,idle,1.6353,1.5876,1.6353,1.5876,1.5876,0.4000
TEL,121903,READY,1.6353,1.5876,0.0000,0.0000,0.00,1,0.0000,43534,0,1065,0.0000,0.0000,0,20.4785,19.5117,idle,1.6353,1.5876,1.6353,1.5876,1.5876,0.4000
TEL,122003,READY,1.6353,1.5876,0.0000,0.0000,0.00,1,0.0000,43634,0,1067,0.0000,0.0000,0,20.4785,19.5117,idle,1.6353,1.5876,1.6353,1.5876,1.5876,0.4000
TEL,122103,READY,1.6353,1.5876,0.0000,0.0000,0.00,1,0.0000,43734,0,1070,0.0000,0.0000,0,20.4785,19.5117,idle,1.6353,1.5876,1.6353,1.5876,1.5876,0.4000
TEL,122203,READY,1.6353,1.5876,0.0000,0.0000,0.00,1,0.0000,43834,0,1072,0.0000,0.0000,0,20.4785,19.5117,idle,1.6353,1.5876,1.6353,1.5876,1.5876,0.4000
TEL,122303,READY,1.6353,1.5876,0.0000,0.0000,0.00,1,0.0000,43934,0,1075,0.0000,0.0000,0,20.4785,19.5117,idle,1.6353,1.5876,1.6353,1.5876,1.5876,0.4000
TEL,122403,READY,1.6353,1.5876,0.0000,0.0000,0.00,1,0.0000,44034,0,1077,0.0000,0.0000,0,20.4785,19.5117,idle,1.6353,1.5876,1.6353,1.5876,1.5876,0.4000
TEL,122503,READY,1.6353,1.5876,0.0000,0.0000,0.00,1,0.0000,44134,0,1079,0.0000,0.0000,0,20.4785,19.5117,idle,1.6353,1.5876,1.6353,1.5876,1.5876,0.4000
TEL,122603,READY,1.6353,1.5876,0.0000,0.0000,0.00,1,0.0000,44234,0,1082,0.0000,0.0000,0,20.4785,19.5117,idle,1.6353,1.5876,1.6353,1.5876,1.5876,0.4000
TEL,122703,READY,1.6353,1.5876,0.0000,0.0000,0.00,1,0.0000,44334,0,1084,0.0000,0.0000,0,20.4785,19.5117,idle,1.6353,1.5876,1.6353,1.5876,1.5876,0.4000
ERR,run_blocked
BLOCK,sensors
BLOCK,faults
FAULT_INFO,bits=1
FAULT_INFO,sonar_timeout=1
TEL,122803,READY,1.6353,1.5876,0.0000,0.0000,0.00,1,0.0000,44441,0,1087,0.0000,0.0000,0,20.4785,19.5117,idle,1.6353,1.5876,1.6353,1.5876,1.5876,0.4000
TEL,122903,READY,1.6353,1.5876,0.0000,0.0000,0.00,1,0.0000,44541,0,1089,0.0000,0.0000,0,20.4785,19.5117,idle,1.6353,1.5876,1.6353,1.5876,1.5876,0.4000
TEL,123003,READY,1.6353,1.5876,0.0000,0.0000,0.00,1,0.0000,44641,0,1091,0.0000,0.0000,0,20.4785,19.5117,idle,1.6353,1.5876,1.6353,1.5876,1.5876,0.4000
TEL,123103,READY,1.6353,1.5876,0.0000,0.0000,0.00,1,0.0000,44741,0,1094,0.0000,0.0000,0,20.4785,19.5117,idle,1.6353,1.5876,1.6353,1.5876,1.5876,0.4000
TEL,123203,READY,1.6353,1.5876,0.0000,0.0000,0.00,1,0.0000,44841,0,1096,0.0000,0.0000,0,20.4785,19.5117,idle,1.6353,1.5876,1.6353,1.5876,1.5876,0.4000
TEL,123303,READY,1.6353,1.5876,0.0000,0.0000,0.00,1,0.0000,44922,0,1098,0.0000,0.0000,0,20.4785,19.5117,idle,1.6353,1.5876,1.6353,1.5876,1.5876,0.4000
TEL,123403,READY,1.6353,1.5876,0.0000,0.0000,0.00,1,0.0000,45034,0,1101,0.0000,0.0000,0,20.4785,19.5117,idle,1.6353,1.5876,1.6353,1.5876,1.5876,0.4000
TEL,123503,READY,1.6353,1.5876,0.0000,0.0000,0.00,1,0.0000,45134,0,1103,0.0000,0.0000,0,20.4785,19.5117,idle,1.6353,1.5876,1.6353,1.5876,1.5876,0.4000
TEL,123603,READY,1.6353,1.5876,0.0000,0.0000,0.00,1,0.0000,45234,0,1105,0.0000,0.0000,0,20.4785,19.5117,idle,1.6353,1.5876,1.6353,1.5876,1.5876,0.4000
TEL,123703,READY,1.6353,1.5876,0.0000,0.0000,0.00,1,0.0000,45334,0,1108,0.0000,0.0000,0,20.4785,19.5117,idle,1.6353,1.5876,1.6353,1.5876,1.5876,0.4000
TEL,123803,READY,1.6353,1.5876,0.0000,0.0000,0.00,1,0.0000,45434,0,1110,0.0000,0.0000,0,20.4785,19.5117,idle,1.6353,1.5876,1.6353,1.5876,1.5876,0.4000
TEL,123904,READY,1.6353,1.5876,0.0000,0.0000,0.00,1,0.0000,45534,0,1113,0.0000,0.0000,0,20.4785,19.5117,idle,1.6353,1.5876,1.6353,1.5876,1.5876,0.4000
TEL,124004,READY,1.6353,1.5876,0.0000,0.0000,0.00,1,0.0000,45634,0,1115,0.0000,0.0000,0,20.4785,19.5117,idle,1.6353,1.5876,1.6353,1.5876,1.5876,0.4000
TEL,124104,READY,1.6353,1.5876,0.0000,0.0000,0.00,1,0.0000,45734,0,1118,0.0000,0.0000,0,20.4785,19.5117,idle,1.6353,1.5876,1.6353,1.5876,1.5876,0.4000
TEL,124204,READY,1.6353,1.5876,0.0000,0.0000,0.00,1,0.0000,45834,0,1120,0.0000,0.0000,0,20.4785,19.5117,idle,1.6353,1.5876,1.6353,1.5876,1.5876,0.4000
TEL,124304,READY,1.6353,1.5876,0.0000,0.0000,0.00,1,0.0000,45934,0,1123,0.0000,0.0000,0,20.4785,19.5117,idle,1.6353,1.5876,1.6353,1.5876,1.5876,0.4000
TEL,124404,READY,1.6353,1.5876,0.0000,0.0000,0.00,1,0.0000,46034,0,1125,0.0000,0.0000,0,20.4785,19.5117,idle,1.6353,1.5876,1.6353,1.5876,1.5876,0.4000
TEL,124504,READY,1.6353,1.5876,0.0000,0.0000,0.00,1,0.0000,46135,0,1128,0.0000,0.0000,0,20.4785,19.5117,idle,1.6353,1.5876,1.6353,1.5876,1.5876,0.4000
TEL,124604,READY,1.6353,1.5876,0.0000,0.0000,0.00,1,0.0000,46235,0,1130,0.0000,0.0000,0,20.4785,19.5117,idle,1.6353,1.5876,1.6353,1.5876,1.5876,0.4000
TEL,124704,READY,1.6353,1.5876,0.0000,0.0000,0.00,1,0.0000,46335,0,1132,0.0000,0.0000,0,20.4785,19.5117,idle,1.6353,1.5876,1.6353,1.5876,1.5876,0.4000
TEL,124805,READY,1.6353,1.5876,0.0000,0.0000,0.00,1,0.0000,46436,0,1135,0.0000,0.0000,0,20.4785,19.5117,idle,1.6353,1.5876,1.6353,1.5876,1.5876,0.4000
TEL,124905,READY,1.6353,1.5876,0.0000,0.0000,0.00,1,0.0000,46536,0,1137,0.0000,0.0000,0,20.4785,19.5117,idle,1.6353,1.5876,1.6353,1.5876,1.5876,0.4000
TEL,125005,READY,1.6353,1.5876,0.0000,0.0000,0.00,1,0.0000,46636,0,1140,0.0000,0.0000,0,20.4785,19.5117,idle,1.6353,1.5876,1.6353,1.5876,1.5876,0.4000
TEL,125105,READY,1.6353,1.5876,0.0000,0.0000,0.00,1,0.0000,46737,0,1142,0.0000,0.0000,0,20.4785,19.5117,idle,1.6353,1.5876,1.6353,1.5876,1.5876,0.4000
TEL,125205,READY,1.6353,1.5876,0.0000,0.0000,0.00,1,0.0000,46837,0,1145,0.0000,0.0000,0,20.4785,19.5117,idle,1.6353,1.5876,1.6353,1.5876,1.5876,0.4000
TEL,125305,READY,1.6353,1.5876,0.0000,0.0000,0.00,1,0.0000,46937,0,1147,0.0000,0.0000,0,20.4785,19.5117,idle,1.6353,1.5876,1.6353,1.5876,1.5876,0.4000
TEL,125405,READY,1.6353,1.5876,0.0000,0.0000,0.00,1,0.0000,47037,0,1149,0.0000,0.0000,0,20.4785,19.5117,idle,1.6353,1.5876,1.6353,1.5876,1.5876,0.4000
TEL,125506,READY,1.6353,1.5876,0.0000,0.0000,0.00,1,0.0000,47138,0,1152,0.0000,0.0000,0,20.4785,19.5117,idle,1.6353,1.5876,1.6353,1.5876,1.5876,0.4000
TEL,125606,READY,1.6353,1.5876,0.0000,0.0000,0.00,1,0.0000,47238,0,1154,0.0000,0.0000,0,20.4785,19.5117,idle,1.6353,1.5876,1.6353,1.5876,1.5876,0.4000
TEL,125706,READY,1.6353,1.5876,0.0000,0.0000,0.00,1,0.0000,47338,0,1157,0.0000,0.0000,0,20.4785,19.5117,idle,1.6353,1.5876,1.6353,1.5876,1.5876,0.4000
TEL,125806,READY,1.6353,1.5876,0.0000,0.0000,0.00,1,0.0000,47438,0,1159,0.0000,0.0000,0,20.4785,19.5117,idle,1.6353,1.5876,1.6353,1.5876,1.5876,0.4000
OK,telemetry=0
STATE,READY
SENSORS,angle=ok,pos=bad,m=n
MEAS,theta_deg=0.0000,x_cm=1.6353,x_filt_cm=1.5876
AGE,angle_ms=7,pos_ms=98858,miss=2444
FAULTS,bits=1
CAL,zero_calibrated=yes,limits_calibrated=yes,sign_calibrated=yes
SONAR_CFG,s=-1,u=1
ACT_CFG,t=19.5117,v=1,e=0.967
TEL,enabled=0
FAULT_INFO,bits=1
FAULT_INFO,sonar_timeout=1
STATE,READY
SENSORS,angle=ok,pos=ok,m=f
MEAS,theta_deg=0.0000,x_cm=8.1866,x_filt_cm=7.7956
AGE,angle_ms=7,pos_ms=10,miss=0
FAULTS,bits=0
CAL,zero_calibrated=yes,limits_calibrated=yes,sign_calibrated=yes
SONAR_CFG,s=-1,u=1
ACT_CFG,t=19.5117,v=1,e=0.967
TEL,enabled=0
FAULT_INFO,bits=0
FAULT_INFO,none
ERR,no_fault_state
FAULT_INFO,bits=0
FAULT_INFO,none
OK,telemetry=1
TEL,203920,READY,6.7460,6.7461,0.0000,0.0000,0.00,0,0.0000,8,1,0,0.0000,0.0000,0,20.4785,19.5117,idle,6.7460,6.7461,6.7460,6.7461,6.7461,0.4000
TEL,204020,READY,6.7460,6.7461,0.0000,0.0000,0.00,0,0.0000,28,1,0,0.0000,0.0000,0,20.4785,19.5117,idle,6.7460,6.7461,6.7460,6.7461,6.7461,0.4000
TEL,204120,READY,6.7460,6.7461,0.0000,0.0000,0.00,0,0.0000,34,1,0,0.0000,0.0000,0,20.4785,19.5117,idle,6.7460,6.7461,6.7460,6.7461,6.7461,0.4000
TEL,204220,READY,6.7460,6.7460,0.0000,0.0000,0.00,0,0.0000,21,1,0,0.0000,0.0000,0,20.4785,19.5117,idle,6.7460,6.7460,6.7460,6.7460,6.7460,0.4000
TEL,204320,READY,6.7460,6.7460,0.0000,0.0000,0.00,0,0.0000,0,1,0,0.0000,0.0000,0,20.4785,19.5117,idle,6.7460,6.7460,6.7460,6.7460,6.7460,0.4000
TEL,204420,READY,6.7460,6.7460,0.0000,0.0000,0.00,0,0.0000,14,1,0,0.0000,0.0000,0,20.4785,19.5117,idle,6.7460,6.7460,6.7460,6.7460,6.7460,0.4000
TEL,204520,READY,6.7460,6.7460,0.0000,0.0000,0.00,0,0.0000,34,1,0,0.0000,0.0000,0,20.4785,19.5117,idle,6.7460,6.7460,6.7460,6.7460,6.7460,0.4000
TEL,204620,READY,6.7460,6.7460,0.0000,0.0000,0.00,0,0.0000,14,1,0,0.0000,0.0000,0,20.4785,19.5117,idle,6.7460,6.7460,6.7460,6.7460,6.7460,0.4000
TEL,204720,READY,6.7460,6.7460,0.0000,0.0000,0.00,0,0.0000,34,1,0,0.0000,0.0000,0,20.4785,19.5117,idle,6.7460,6.7460,6.7460,6.7460,6.7460,0.4000
TEL,204820,READY,6.7460,6.7460,0.0000,0.0000,0.00,0,0.0000,14,1,0,0.0000,0.0000,0,20.4785,19.5117,idle,6.7460,6.7460,6.7460,6.7460,6.7460,0.4000
TEL,204920,READY,6.7460,6.7460,0.0000,0.0000,0.00,0,0.0000,40,1,0,0.0000,0.0000,0,20.4785,19.5117,idle,6.7460,6.7460,6.7460,6.7460,6.7460,0.4000
TEL,205020,READY,6.7460,6.7460,0.0000,0.0000,0.00,0,0.0000,14,1,0,0.0000,0.0000,0,20.4785,19.5117,idle,6.7460,6.7460,6.7460,6.7460,6.7460,0.4000
TEL,205120,READY,6.7460,6.7460,0.0000,0.0000,0.00,0,0.0000,34,1,0,0.0000,0.0000,0,20.4785,19.5117,idle,6.7460,6.7460,6.7460,6.7460,6.7460,0.4000
TEL,205220,READY,6.7460,6.7460,0.0000,0.0000,0.00,0,0.0000,14,1,0,0.0000,0.0000,0,20.4785,19.5117,idle,6.7460,6.7460,6.7460,6.7460,6.7460,0.4000
TEL,205320,READY,6.7460,6.7460,0.0000,0.0000,0.00,0,0.0000,34,1,0,0.0000,0.0000,0,20.4785,19.5117,idle,6.7460,6.7460,6.7460,6.7460,6.7460,0.4000
TEL,205420,READY,6.7460,6.7460,0.0000,0.0000,0.00,0,0.0000,13,1,0,0.0000,0.0000,0,20.4785,19.5117,idle,6.7460,6.7460,6.7460,6.7460,6.7460,0.4000
TEL,205520,READY,6.7460,6.7460,0.0000,0.0000,0.00,0,0.0000,32,1,0,0.0000,0.0000,0,20.4785,19.5117,idle,6.7460,6.7460,6.7460,6.7460,6.7460,0.4000
SET,205547,0.0000,8.3238,-13.1479
TEL,205620,READY,6.7460,6.7460,0.0000,0.0000,0.00,0,0.0000,34,1,0,0.0000,0.0000,0,20.4785,19.5117,idle,6.7460,6.7460,6.7460,6.7460,6.7460,0.4000
TEL,205720,READY,6.7460,6.7460,0.0000,0.0000,0.00,0,0.0000,14,1,0,0.0000,0.0000,0,20.4785,19.5117,idle,6.7460,6.7460,6.7460,6.7460,6.7460,0.4000
TEL,205820,READY,6.7460,6.7460,0.0000,0.0000,0.00,0,0.0000,0,1,0,0.0000,0.0000,0,20.4785,19.5117,idle,6.7460,6.7460,6.7460,6.7460,6.7460,0.4000
TEL,205920,READY,6.7460,6.7460,0.0000,0.0000,0.00,0,0.0000,14,1,0,0.0000,0.0000,0,20.4785,19.5117,idle,6.7460,6.7460,6.7460,6.7460,6.7460,0.4000
TEL,206020,READY,6.7460,6.7460,0.0000,0.0000,0.00,0,0.0000,34,1,0,0.0000,0.0000,0,20.4785,19.5117,idle,6.7460,6.7460,6.7460,6.7460,6.7460,0.4000
TEL,206120,READY,6.7460,6.7460,0.0000,0.0000,0.00,0,0.0000,14,1,0,0.0000,0.0000,0,20.4785,19.5117,idle,6.7460,6.7460,6.7460,6.7460,6.7460,0.4000
TEL,206220,READY,6.7460,6.7460,0.0000,0.0000,0.00,0,0.0000,34,1,0,0.0000,0.0000,0,20.4785,19.5117,idle,6.7460,6.7460,6.7460,6.7460,6.7460,0.4000
TEL,206320,READY,6.7460,6.7460,0.0000,0.0000,0.00,0,0.0000,14,1,0,0.0000,0.0000,0,20.4785,19.5117,idle,6.7460,6.7460,6.7460,6.7460,6.7460,0.4000
TEL,206420,READY,6.7460,6.7460,0.0000,0.0000,0.00,0,0.0000,33,1,0,0.0000,0.0000,0,20.4785,19.5117,idle,6.7460,6.7460,6.7460,6.7460,6.7460,0.4000
OK,running
TEL,206520,RUNNING,6.7460,6.7460,0.2250,-4.5672,-360.00,0,0.0000,21,1,0,-4.5672,-4.5672,0,20.1270,19.5117,idle,6.7460,6.7460,6.7460,6.7460,6.7460,0.4000
TEL,206620,RUNNING,6.7323,6.7323,-4.7250,-4.5807,-161.50,0,0.0000,12,1,0,-4.5807,-4.5807,0,15.1172,19.5117,idle,6.7460,6.7460,6.7231,6.7231,6.7323,0.4000
TEL,206723,RUNNING,6.7336,6.7336,-4.5000,-4.6043,0.00,0,0.0000,31,1,0,-4.6043,-4.6043,0,14.8535,19.5117,idle,6.7460,6.7460,6.7252,6.7252,6.7336,0.4000
TEL,206823,RUNNING,6.7336,6.7336,-4.5000,-4.6270,0.00,0,0.0000,32,1,0,-4.6270,-4.6270,0,14.9414,19.5117,idle,6.7460,6.7460,6.7252,6.7252,6.7336,0.4000
TEL,206923,RUNNING,6.8007,6.7528,-4.7250,-4.6628,0.00,0,0.0000,33,1,0,-4.6628,-4.6628,0,14.9414,19.5117,idle,6.8146,6.7666,6.7915,6.7436,6.7528,0.4000
TEL,207025,RUNNING,6.8007,6.7773,-4.7250,-4.7021,0.00,0,0.0000,61,1,1,-4.7021,-4.7021,0,14.7656,19.5117,idle,6.8146,6.7911,6.7915,6.7680,6.7773,0.4000
TEL,207125,RUNNING,6.8007,6.7843,-4.7250,-4.7298,0.00,0,0.0000,32,1,0,-4.7298,-4.7298,0,14.7656,19.5117,idle,6.8146,6.7982,6.7915,6.7751,6.7843,0.4000
TEL,207225,RUNNING,7.0746,6.8773,-4.7250,-6.9605,-120.00,0,0.0000,12,1,0,-6.9605,-6.9605,0,14.7656,19.5117,idle,7.0890,6.8913,7.0649,6.8679,6.8773,0.4000
TEL,207326,RUNNING,7.0739,6.8766,-4.8375,-4.8382,0.00,0,0.0000,114,1,2,-4.8382,-4.8382,0,14.6777,19.5117,idle,7.0890,6.8913,7.0638,6.8668,6.8766,0.4000
TEL,207427,RUNNING,5.9102,6.5867,-4.8375,2.6888,120.00,0,0.0000,1,1,0,2.6888,2.6888,0,14.6777,19.5117,idle,5.9228,6.6008,5.9017,6.5773,6.5867,0.4000
TEL,207527,RUNNING,5.4336,6.0504,-4.2750,2.3783,120.00,0,0.0000,13,1,0,2.3783,2.3783,0,15.2051,19.5117,idle,5.4426,6.0605,5.4275,6.0437,6.0504,0.4000
TEL,207628,RUNNING,5.5051,5.7740,-3.4875,-4.1581,0.00,0,0.0000,32,1,0,-4.1581,-4.1581,0,15.8203,19.5117,idle,5.5112,5.7804,5.5010,5.7697,5.7740,0.4000
TEL,207729,RUNNING,5.4345,5.5997,-4.0500,-4.0596,0.00,0,0.0000,33,1,0,-4.0596,-4.0596,0,15.5566,19.5117,idle,5.4426,5.6081,5.4290,5.5941,5.5997,0.4000
TEL,207830,RUNNING,5.4362,5.4929,-3.6000,-3.3903,0.00,0,0.0000,12,1,0,-3.3903,-3.3903,0,15.8203,19.5117,idle,5.4426,5.4994,5.4319,5.4886,5.4929,0.4000
TEL,207930,RUNNING,5.4354,5.4631,-3.8250,-4.0046,0.00,0,0.0000,31,1,0,-4.0046,-4.0046,0,15.7324,19.5117,idle,5.4426,5.4705,5.4305,5.4583,5.4631,0.4000
TEL,208030,RUNNING,5.5030,5.4830,-4.0500,-4.0365,0.00,0,0.0000,32,1,0,-4.0365,-4.0365,0,15.5566,19.5117,idle,5.5112,5.4913,5.4975,5.4775,5.4830,0.4000
TEL,208131,RUNNING,4.2714,4.6876,-3.6000,1.0041,120.00,0,0.0000,12,1,0,1.0041,1.0041,0,15.8203,19.5117,idle,4.2764,4.6931,4.2680,4.6839,4.6876,0.4000
TEL,208231,RUNNING,4.2723,4.6490,-3.2625,-3.5060,0.00,0,0.0000,31,1,0,-3.5060,-3.5060,0,16.0840,19.5117,idle,4.2764,4.6535,4.2695,4.6459,4.6490,0.4000
TEL,208331,RUNNING,3.6555,4.1423,-3.2625,-3.1786,0.00,0,0.0000,32,1,0,-3.1786,-3.1786,0,16.0840,19.5117,idle,3.6590,4.1463,3.6531,4.1396,4.1423,0.4000
TEL,208433,RUNNING,4.2711,4.2265,-3.7125,-3.7338,0.00,0,0.0000,12,1,0,-3.7338,-3.7338,0,15.8203,19.5117,idle,4.2764,4.2318,4.2675,4.2229,4.2265,0.4000
TEL,208533,RUNNING,5.0247,4.5472,-3.7125,-3.4810,0.00,0,0.0000,31,1,0,-3.4810,-3.4810,0,15.9961,19.5117,idle,5.0310,4.5530,5.0205,4.5434,4.5472,0.4000
TEL,208633,RUNNING,4.6828,4.6887,-3.4875,-3.5922,0.00,0,0.0000,32,1,0,-3.5922,-3.5922,0,15.9961,19.5117,idle,4.6880,4.6939,4.6794,4.6852,4.6887,0.4000
TEL,208733,RUNNING,4.6143,4.6398,-3.4875,-3.2979,0.00,0,0.0000,12,1,0,-3.2979,-3.2979,0,16.1719,19.5117,idle,4.6194,4.6450,4.6109,4.6364,4.6398,0.4000
TEL,208833,RUNNING,5.0239,4.7631,-3.9375,-3.6740,0.00,0,0.0000,32,1,0,-3.6740,-3.6740,0,15.8203,19.5117,idle,5.0310,4.7698,5.0192,4.7586,4.7631,0.4000
TEL,208933,RUNNING,4.2743,4.6023,-2.3625,-3.5813,120.00,0,0.0000,30,1,0,-3.5813,-3.5813,0,16.7871,19.5117,idle,4.2764,4.6046,4.2728,4.6007,4.6023,0.4000
TEL,209035,RUNNING,4.2069,4.4013,-1.5750,-3.4607,0.00,0,0.0000,32,1,0,-3.4607,-3.4607,0,17.6660,19.5117,idle,4.2078,4.4023,4.2062,4.4006,4.4013,0.4000
TEL,209135,RUNNING,4.2055,4.3007,-2.4750,-3.4075,-312.27,0,0.0000,32,1,0,-3.4075,-3.4075,0,17.2266,19.5117,idle,4.2078,4.3031,4.2039,4.2991,4.3007,0.4000
TEL,209236,RUNNING,5.0258,4.4972,-3.3750,-9.2950,47.73,0,0.0000,12,1,0,-9.2950,-9.2950,0,15.9082,19.5117,idle,5.0310,4.5019,5.0223,4.4941,4.4972,0.4000
TEL,209338,RUNNING,4.2711,4.4677,-3.7125,-3.5500,0.00,0,0.0000,31,1,0,-3.5500,-3.5500,0,15.8203,19.5117,idle,4.2764,4.4733,4.2675,4.4640,4.4677,0.4000
TEL,209438,RUNNING,5.7765,4.9043,-4.1625,-3.8604,0.00,0,0.0000,32,1,0,-3.8604,-3.8604,0,15.5566,19.5117,idle,5.7856,4.9121,5.7704,4.8992,4.9043,0.4000
TEL,209540,RUNNING,4.6821,5.0220,-3.7125,-3.9569,0.00,0,0.0000,32,1,0,-3.9569,-3.9569,0,15.6445,19.5117,idle,4.6880,5.0283,4.6782,5.0178,5.0220,0.4000
TEL,209640,RUNNING,6.2554,5.4131,-4.2750,-4.2384,-120.00,0,0.0000,21,1,0,-4.2384,-4.2384,0,15.5566,19.5117,idle,6.2658,5.4222,6.2484,5.4071,5.4131,0.4000
TEL,209741,RUNNING,5.3636,5.5740,-4.6125,-4.3658,162.21,0,0.0000,32,1,0,-4.3658,-4.3658,0,14.7656,19.5117,idle,5.3740,5.5849,5.3566,5.5668,5.5740,0.4000
TEL,209843,RUNNING,5.3651,5.5756,-4.2750,-4.3857,0.00,0,0.0000,134,1,2,-4.3857,-4.3857,0,15.2930,19.5117,idle,5.3740,5.5849,5.3591,5.5694,5.5756,0.4000
TEL,209943,RUNNING,5.3651,5.5756,-4.2750,-4.4045,0.00,0,0.0000,234,1,5,-4.4045,-4.4045,0,15.2930,19.5117,idle,5.3740,5.5849,5.3591,5.5694,5.5756,0.4000
TEL,210043,RUNNING,5.3651,5.5756,-4.2750,-4.4196,0.00,0,0.0000,334,0,7,-4.4196,-4.4196,0,15.2930,19.5117,idle,5.3740,5.5849,5.3591,5.5694,5.5756,0.4000
TEL,210143,RUNNING,4.6810,5.1198,-4.0500,0.6448,120.00,0,0.0000,12,1,0,0.6448,0.6448,0,15.4687,19.5117,idle,4.6880,5.1275,4.6763,5.1147,5.1198,0.4000
TEL,210243,RUNNING,5.4647,5.2867,-4.9500,-4.2528,-166.39,0,0.0000,31,1,0,-4.2528,-4.2528,0,14.8535,19.5117,idle,5.4769,5.2985,5.4565,5.2787,5.2867,0.4000
TEL,210344,RUNNING,5.5289,5.4010,-5.7375,-4.3481,193.61,0,0.0000,31,1,0,-4.3481,-4.3481,0,13.5352,19.5117,idle,5.5455,5.4173,5.5178,5.3902,5.4010,0.4000
TEL,210446,RUNNING,5.7422,5.5429,-4.1625,-4.4623,-166.39,0,0.0000,32,1,0,-4.4623,-4.4623,0,15.3809,19.5117,idle,5.7513,5.5516,5.7362,5.5370,5.5429,0.4000
TEL,210547,RUNNING,5.9682,5.8007,-6.5250,-6.4796,-46.39,0,0.0000,12,1,0,-6.4796,-6.4796,0,13.0957,19.5117,idle,5.9914,5.8233,5.9526,5.7856,5.8007,0.4000
TEL,210651,RUNNING,5.9792,5.8618,-4.7250,-4.7166,151.27,0,0.0000,73,1,1,-4.7166,-4.7166,0,14.4141,19.5117,idle,5.9914,5.8737,5.9711,5.8538,5.8618,0.4000
TEL,210752,RUNNING,5.9780,5.8606,-4.9500,-4.7356,0.00,0,0.0000,175,1,3,-4.7356,-4.7356,0,14.7656,19.5117,idle,5.9914,5.8737,5.9691,5.8518,5.8606,0.4000
TEL,210852,RUNNING,7.1386,6.4249,-5.4000,-5.1374,0.00,0,0.0000,32,1,0,-5.1374,-5.1374,0,14.2383,19.5117,idle,7.1576,6.4421,7.1259,6.4135,6.4249,0.4000
TEL,210953,RUNNING,6.7295,6.5173,-5.1750,-5.2217,0.00,0,0.0000,73,1,1,-5.2217,-5.2217,0,14.2383,19.5117,idle,6.7460,6.5333,6.7185,6.5066,6.5173,0.4000
TEL,211054,RUNNING,6.7295,6.5173,-5.1750,-5.2437,0.00,0,0.0000,174,1,3,-5.2437,-5.2437,0,14.2383,19.5117,idle,6.7460,6.5333,6.7185,6.5066,6.5173,0.4000
TEL,211154,RUNNING,4.6775,5.7953,-4.9500,7.3753,120.00,0,0.0000,13,1,0,7.3753,7.3753,0,14.5020,19.5117,idle,4.6880,5.8083,4.6706,5.7866,5.7953,0.4000
TEL,211255,RUNNING,4.6806,5.1855,-4.1625,-4.3841,0.00,0,0.0000,32,1,0,-4.3841,-4.3841,0,15.1172,19.5117,idle,4.6880,5.1937,4.6757,5.1800,5.1855,0.4000
TEL,211355,RUNNING,4.2655,5.1306,-5.2875,-4.3649,120.00,0,0.0000,32,1,0,-4.3649,-4.3649,0,14.2383,19.5117,idle,4.2764,5.1437,4.2582,5.1218,5.1306,0.4000
TEL,211456,RUNNING,4.2743,4.6990,-2.3625,-4.0899,240.00,0,0.0000,31,1,0,-4.0899,-4.0899,0,16.6992,19.5117,idle,4.2764,4.7014,4.2728,4.6974,4.6990,0.4000
TEL,211557,RUNNING,4.2763,4.4845,-0.6750,-3.9605,-120.00,0,0.0000,32,1,0,-3.9605,-3.9605,0,18.8086,19.5117,idle,4.2764,4.4847,4.2761,4.4844,4.4845,0.4000
TEL,211657,RUNNING,4.2711,4.3730,-3.7125,-3.9002,-186.42,0,0.0000,32,1,0,-3.9002,-3.9002,0,16.0840,19.5117,idle,4.2764,4.3785,4.2675,4.3693,4.3730,0.4000
TEL,211760,RUNNING,5.0861,4.6474,-5.4000,-4.1007,-66.42,0,0.0000,32,1,0,-4.1007,-4.1007,0,14.4141,19.5117,idle,5.0996,4.6598,5.0770,4.6391,4.6474,0.4000
TEL,211861,RUNNING,4.6745,4.7252,-5.6250,-3.6178,293.58,0,0.0000,10,1,0,-3.6178,-3.6178,0,13.5352,19.5117,idle,4.6880,4.7389,4.6655,4.7160,4.7252,0.4000
TEL,211962,RUNNING,3.7933,4.4419,-2.9250,-3.9936,109.04,0,0.0000,31,1,0,-3.9936,-3.9936,0,16.2598,19.5117,idle,3.7962,4.4454,3.7913,4.4396,4.4419,0.4000
TEL,212064,RUNNING,4.3421,4.2761,-2.7000,-3.8962,-250.96,0,0.0000,32,1,0,-3.8962,-3.8962,0,16.9629,19.5117,idle,4.3450,4.2790,4.3402,4.2742,4.2761,0.4000
TEL,212166,RUNNING,5.0135,4.5745,-6.1875,-4.1125,-260.39,0,0.0000,33,1,0,-4.1125,-4.1125,0,13.7109,19.5117,idle,5.0310,4.5905,5.0017,4.5638,4.5745,0.4000
TEL,212268,RUNNING,5.0042,4.8539,-7.6500,-5.9565,209.71,0,0.0000,12,1,0,-5.9565,-5.9565,0,11.6016,19.5117,idle,5.0310,4.8799,4.9863,4.8365,4.8539,0.4000
TEL,212369,RUNNING,5.0226,4.9487,-4.2750,-4.3978,142.58,0,0.0000,31,1,0,-4.3978,-4.3978,0,14.8535,19.5117,idle,5.0310,4.9570,5.0170,4.9432,4.9487,0.4000
TEL,212470,RUNNING,5.0198,4.9836,-4.9500,-4.4381,-97.25,0,0.0000,32,1,0,-4.4381,-4.4381,0,14.8535,19.5117,idle,5.0310,4.9948,5.0123,4.9761,4.9836,0.4000
TEL,212573,RUNNING,5.0231,5.0053,-4.1625,-4.4697,-38.25,0,0.0000,33,1,0,-4.4697,-4.4697,0,15.2051,19.5117,idle,5.0310,5.0133,5.0178,5.0000,5.0053,0.4000
TEL,212675,RUNNING,4.2015,4.6241,-4.0500,0.3624,81.75,0,0.0000,11,1,0,0.3624,0.3624,0,15.5566,19.5117,idle,4.2078,4.6310,4.1973,4.6195,4.6241,0.4000
TEL,212775,RUNNING,2.5584,3.5713,-3.6000,-3.5313,0.00,0,0.0000,30,1,0,-3.5313,-3.5313,0,15.6445,19.5117,idle,2.5614,3.5755,2.5564,3.5685,3.5713,0.4000
TEL,212876,RUNNING,2.5591,3.0556,-3.1500,-3.1941,0.00,0,0.0000,32,1,0,-3.1941,-3.1941,0,16.0840,19.5117,idle,2.5614,3.0583,2.5576,3.0537,3.0556,0.4000
TEL,212977,RUNNING,2.5597,2.8031,-2.7000,-3.0334,0.00,0,0.0000,33,1,0,-3.0334,-3.0334,0,16.6113,19.5117,idle,2.5614,2.8049,2.5586,2.8018,2.8031,0.4000
TEL,213078,RUNNING,3.7211,3.4052,-4.3875,-6.8841,-298.61,0,0.0000,11,1,0,-6.8841,-6.8841,0,15.3809,19.5117,idle,3.7276,3.4111,3.7167,3.4012,3.4052,0.4000
TEL,213179,RUNNING,4.5325,3.8042,-6.6375,-3.7322,-88.56,0,0.0000,31,1,0,-3.7322,-3.7322,0,13.0957,19.5117,idle,4.5508,3.8195,4.5203,3.7939,3.8042,0.4000
TEL,213280,RUNNING,5.0770,4.3665,-6.9750,-4.1257,31.44,0,0.0000,32,1,0,-4.1257,-4.1257,0,12.4805,19.5117,idle,5.0996,4.3859,5.0619,4.3535,4.3665,0.4000
TEL,213382,RUNNING,4.6750,4.6136,-5.5125,-4.3079,358.46,0,0.0000,32,1,0,-4.3079,-4.3079,0,13.5352,19.5117,idle,4.6880,4.6264,4.6664,4.6051,4.6136,0.4000
TEL,213483,RUNNING,3.0371,4.1279,-4.0500,7.8560,0.00,0,0.0000,11,1,0,7.8560,7.8560,0,15.6445,19.5117,idle,3.0416,4.1341,3.0340,4.1238,4.1279,0.4000
TEL,213583,RUNNING,4.6109,4.3591,-4.5000,-4.1657,0.00,0,0.0000,32,1,0,-4.1657,-4.1657,0,15.2051,19.5117,idle,4.6194,4.3672,4.6052,4.3538,4.3591,0.4000
TEL,213684,RUNNING,5.8434,5.0298,-4.5000,-4.6345,0.00,0,0.0000,32,1,0,-4.6345,-4.6345,0,15.2051,19.5117,idle,5.8542,5.0392,5.8362,5.0236,5.0298,0.4000
TEL,213785,RUNNING,4.2685,4.7727,-4.5000,1.0013,120.00,0,0.0000,11,1,0,1.0013,1.0013,0,14.9414,19.5117,idle,4.2764,4.7815,4.2633,4.7668,4.7727,0.4000
TEL,213885,RUNNING,4.5444,4.5997,-3.9375,-4.3768,-120.00,0,0.0000,30,1,0,-4.3768,-4.3768,0,15.5566,19.5117,idle,4.5508,4.6062,4.5401,4.5954,4.5997,0.4000
TEL,213986,RUNNING,5.8423,5.1458,-4.7250,-4.7620,0.00,0,0.0000,32,1,0,-4.7620,-4.7620,0,15.0293,19.5117,idle,5.8542,5.1563,5.8343,5.1388,5.1458,0.4000
TEL,214086,RUNNING,5.8399,5.5850,-5.1750,-5.0768,0.00,0,0.0000,32,1,0,-5.0768,-5.0768,0,14.5020,19.5117,idle,5.8542,5.5987,5.8304,5.5759,5.5850,0.4000
TEL,214187,RUNNING,4.5416,5.0827,-4.7250,-4.7556,0.00,0,0.0000,31,1,0,-4.7556,-4.7556,0,14.5898,19.5117,idle,4.5508,5.0931,4.5354,5.0758,5.0827,0.4000
TEL,214287,RUNNING,4.5416,5.0827,-4.7250,-4.7728,0.00,0,0.0000,132,1,2,-4.7728,-4.7728,0,14.7656,19.5117,idle,4.5508,5.0931,4.5354,5.0758,5.0827,0.4000
TEL,214387,RUNNING,4.5416,5.0827,-4.7250,-4.7899,0.00,0,0.0000,232,1,4,-4.7899,-4.7899,0,14.7656,19.5117,idle,4.5508,5.0931,4.5354,5.0758,5.0827,0.4000
TEL,214488,RUNNING,4.5416,5.0827,-4.7250,-4.8071,0.00,0,0.0000,332,1,6,-4.8071,-4.8071,0,14.7656,19.5117,idle,4.5508,5.0931,4.5354,5.0758,5.0827,0.4000
TEL,214588,RUNNING,3.0360,4.4694,-4.5000,-4.3991,0.00,0,0.0000,32,1,0,-4.3991,-4.3991,0,14.7656,19.5117,idle,3.0416,4.4777,3.0323,4.4639,4.4694,0.4000
TEL,214688,RUNNING,6.1742,5.3281,-4.9500,-14.1943,-120.00,0,0.0000,12,1,0,-14.1943,-14.1943,0,14.5898,19.5117,idle,6.1880,5.3400,6.1650,5.3201,5.3281,0.4000
TEL,214790,RUNNING,6.1352,5.7612,-5.7375,-5.3064,0.00,0,0.0000,31,1,0,-5.3064,-5.3064,0,13.8867,19.5117,idle,6.1537,5.7786,6.1229,5.7496,5.7612,0.4000
TEL,214890,RUNNING,5.3603,5.6665,-5.2875,-1.9317,324.61,0,0.0000,11,1,0,-1.9317,-1.9317,0,13.8867,19.5117,idle,5.3740,5.6810,5.3512,5.6569,5.6665,0.4000
TEL,214991,RUNNING,5.3708,5.4419,-2.5875,-5.1290,-35.39,0,0.0000,31,1,0,-5.1290,-5.1290,0,16.6992,19.5117,idle,5.3740,5.4452,5.3686,5.4397,5.4419,0.4000
TEL,215093,RUNNING,5.4978,5.4655,-5.1750,-5.1633,-226.49,0,0.0000,32,1,0,-5.1633,-5.1633,0,14.7656,19.5117,idle,5.5112,5.4789,5.4888,5.4566,5.4655,0.4000
TEL,215195,RUNNING,5.4287,5.4608,-5.2875,-5.1786,133.51,0,0.0000,33,1,0,-5.1786,-5.1786,0,13.7988,19.5117,idle,5.4426,5.4748,5.4195,5.4515,5.4608,0.4000
TEL,215297,RUNNING,3.8605,4.6338,-3.4875,3.7598,216.46,0,0.0000,11,1,0,3.7598,3.7598,0,15.8203,19.5117,idle,3.8648,4.6389,3.8577,4.6303,4.6338,0.4000
TEL,215398,RUNNING,3.8640,4.2432,-1.5750,-4.3887,96.46,0,0.0000,32,1,0,-4.3887,-4.3887,0,17.4902,19.5117,idle,3.8648,4.2441,3.8634,4.2425,4.2432,0.4000
TEL,215499,RUNNING,4.3411,4.2917,-3.1500,-4.4358,-370.35,0,0.0000,32,1,0,-4.4358,-4.4358,0,16.7871,19.5117,idle,4.3450,4.2956,4.3385,4.2891,4.2917,0.4000
TEL,215602,RUNNING,4.3358,4.3116,-4.8375,-4.4638,199.66,0,0.0000,33,1,0,-4.4638,-4.4638,0,14.5020,19.5117,idle,4.3450,4.3208,4.3296,4.3054,4.3116,0.4000
TEL,215703,RUNNING,4.3402,4.2830,-3.4875,-5.0804,-187.80,0,0.0000,11,1,0,-5.0804,-5.0804,0,16.1719,19.5117,idle,4.3450,4.2877,4.3370,4.2798,4.2830,0.4000
TEL,215804,RUNNING,4.3339,4.3059,-5.2875,-4.4889,124.04,0,0.0000,30,1,0,-4.4889,-4.4889,0,14.2383,19.5117,idle,4.3450,4.3170,4.3265,4.2986,4.3059,0.4000
TEL,215906,RUNNING,4.3370,4.3233,-4.5000,-4.5152,-19.15,0,0.0000,32,1,0,-4.5152,-4.5152,0,15.1172,19.5117,idle,4.3450,4.3313,4.3316,4.3179,4.3233,0.4000
TEL,216007,RUNNING,4.3366,4.3299,-4.6125,-4.5342,0.00,0,0.0000,32,1,0,-4.5342,-4.5342,0,14.9414,19.5117,idle,4.3450,4.3383,4.3310,4.3242,4.3299,0.4000
TEL,216108,RUNNING,4.3366,4.3333,-4.6125,-4.5512,0.00,0,0.0000,32,1,0,-4.5512,-4.5512,0,14.9414,19.5117,idle,4.3450,4.3417,4.3310,4.3277,4.3333,0.4000
TEL,216208,RUNNING,4.2689,4.3013,-4.3875,-4.1918,0.00,0,0.0000,13,1,0,-4.1918,-4.1918,0,15.1172,19.5117,idle,4.2764,4.3089,4.2639,4.2963,4.3013,0.4000
TEL,216308,RUNNING,4.3366,4.3046,-4.6125,-4.5609,0.00,0,0.0000,33,1,0,-4.5609,-4.5609,0,15.0293,19.5117,idle,4.3450,4.3129,4.3310,4.2990,4.3046,0.4000
TEL,216411,RUNNING,4.6745,4.5362,-5.6250,-4.7323,-120.00,0,0.0000,21,1,0,-4.7323,-4.7323,0,14.1504,19.5117,idle,4.6880,4.5493,4.6655,4.5274,4.5362,0.4000
TEL,216512,RUNNING,4.6091,4.5748,-4.9500,-4.7737,0.00,0,0.0000,32,1,0,-4.7737,-4.7737,0,14.3262,19.5117,idle,4.6194,4.5851,4.6022,4.5680,4.5748,0.4000
TEL,216612,RUNNING,4.6771,4.6124,-5.0625,-4.8146,0.00,0,0.0000,32,1,0,-4.8146,-4.8146,0,14.5898,19.5117,idle,4.6880,4.6232,4.6697,4.6051,4.6124,0.4000
TEL,216713,RUNNING,4.6086,4.6343,-5.0625,-4.5655,230.25,0,0.0000,12,1,0,-4.5655,-4.5655,0,14.2383,19.5117,idle,4.6194,4.6452,4.6014,4.6271,4.6343,0.4000
TEL,216814,RUNNING,4.3370,4.5413,-4.5000,-4.7978,-129.75,0,0.0000,31,1,0,-4.7978,-4.7978,0,15.0293,19.5117,idle,4.3450,4.5497,4.3316,4.5357,4.5413,0.4000
TEL,216915,RUNNING,4.3374,4.4375,-4.3875,-4.7429,0.00,0,0.0000,31,1,0,-4.7429,-4.7429,0,14.9414,19.5117,idle,4.3450,4.4453,4.3323,4.4323,4.4375,0.4000
TEL,217016,RUNNING,4.2704,4.3282,-3.9375,-4.0553,0.00,0,0.0000,12,1,0,-4.0553,-4.0553,0,15.5566,19.5117,idle,4.2764,4.3344,4.2663,4.3241,4.3282,0.4000
TEL,217116,RUNNING,4.2689,4.2973,-4.3875,-4.6774,-120.00,0,0.0000,32,1,0,-4.6774,-4.6774,0,15.1172,19.5117,idle,4.2764,4.3048,4.2639,4.2922,4.2973,0.4000
TEL,217217,RUNNING,4.2685,4.2824,-4.5000,-4.6819,0.00,0,0.0000,31,1,0,-4.6819,-4.6819,0,14.9414,19.5117,idle,4.2764,4.2903,4.2633,4.2771,4.2824,0.4000
TEL,217317,RUNNING,4.3353,4.3086,-4.9500,-4.7141,0.00,0,0.0000,32,1,0,-4.7141,-4.7141,0,14.7656,19.5117,idle,4.3450,4.3182,4.3288,4.3021,4.3086,0.4000
TEL,217417,RUNNING,4.6766,4.4854,-5.1750,-6.9275,-120.00,0,0.0000,12,1,0,-6.9275,-6.9275,0,14.3262,19.5117,idle,4.6880,4.4964,4.6689,4.4780,4.4854,0.4000
TEL,217520,RUNNING,4.6739,4.5803,-5.7375,-4.9276,120.00,0,0.0000,32,1,0,-4.9276,-4.9276,0,13.7109,19.5117,idle,4.6880,4.5941,4.6646,4.5711,4.5803,0.4000
TEL,217620,RUNNING,4.6766,4.6444,-5.1750,-5.3360,0.00,0,0.0000,11,1,0,-5.3360,-5.3360,0,14.2383,19.5117,idle,4.6880,4.6558,4.6689,4.6368,4.6444,0.4000
TEL,217720,RUNNING,4.6766,4.6608,-5.1750,-5.0133,0.00,0,0.0000,32,1,0,-5.0133,-5.0133,0,14.2383,19.5117,idle,4.6880,4.6723,4.6689,4.6532,4.6608,0.4000
TEL,217821,RUNNING,4.6766,4.6689,-5.1750,-5.0345,0.00,0,0.0000,33,1,0,-5.0345,-5.0345,0,14.2383,19.5117,idle,4.6880,4.6803,4.6689,4.6612,4.6689,0.4000
TEL,217921,RUNNING,4.6766,4.6739,-5.1750,-5.0824,0.00,0,0.0000,11,1,0,-5.0824,-5.0824,0,14.2383,19.5117,idle,4.6880,4.6854,4.6689,4.6663,4.6739,0.4000
TEL,218021,RUNNING,4.6766,4.6753,-5.1750,-5.0703,0.00,0,0.0000,32,1,0,-5.0703,-5.0703,0,14.2383,19.5117,idle,4.6880,4.6867,4.6689,4.6676,4.6753,0.4000
TEL,218121,RUNNING,4.6766,4.6759,-5.1750,-5.0866,0.00,0,0.0000,32,1,0,-5.0866,-5.0866,0,14.2383,19.5117,idle,4.6880,4.6874,4.6689,4.6683,4.6759,0.4000
TEL,218222,RUNNING,4.6766,4.6764,-5.1750,-5.1050,0.00,0,0.0000,1,1,0,-5.1050,-5.1050,0,14.2383,19.5117,idle,4.6880,4.6878,4.6689,4.6687,4.6764,0.4000
TEL,218322,RUNNING,4.6766,4.6765,-5.1750,-5.1196,0.00,0,0.0000,13,1,0,-5.1196,-5.1196,0,14.2383,19.5117,idle,4.6880,4.6879,4.6689,4.6688,4.6765,0.4000
TEL,218422,RUNNING,4.6766,4.6765,-5.1750,-5.1343,0.00,0,0.0000,32,1,0,-5.1343,-5.1343,0,14.2383,19.5117,idle,4.6880,4.6880,4.6689,4.6689,4.6765,0.4000
TEL,218523,RUNNING,4.6766,4.6766,-5.1750,-5.1503,0.00,0,0.0000,1,1,0,-5.1503,-5.1503,0,14.2383,19.5117,idle,4.6880,4.6880,4.6689,4.6689,4.6766,0.4000
TEL,218624,RUNNING,4.6766,4.6766,-5.1750,-5.1660,0.00,0,0.0000,13,1,0,-5.1660,-5.1660,0,14.2383,19.5117,idle,4.6880,4.6880,4.6689,4.6689,4.6766,0.4000
TEL,218724,RUNNING,4.6766,4.6766,-5.1750,-5.1817,0.00,0,0.0000,32,1,0,-5.1817,-5.1817,0,14.2383,19.5117,idle,4.6880,4.6880,4.6689,4.6689,4.6766,0.4000
TEL,218824,RUNNING,4.6766,4.6766,-5.1750,-5.1975,0.00,0,0.0000,12,1,0,-5.1975,-5.1975,0,14.2383,19.5117,idle,4.6880,4.6880,4.6689,4.6689,4.6766,0.4000
TEL,218924,RUNNING,4.6766,4.6766,-5.1750,-5.2132,0.00,0,0.0000,31,1,0,-5.2132,-5.2132,0,14.2383,19.5117,idle,4.6880,4.6880,4.6689,4.6689,4.6766,0.4000
TEL,219024,RUNNING,4.6766,4.6766,-5.1750,-5.2290,0.00,0,0.0000,32,1,0,-5.2290,-5.2290,0,14.2383,19.5117,idle,4.6880,4.6880,4.6689,4.6689,4.6766,0.4000
TEL,219124,RUNNING,4.6766,4.6766,-5.1750,-5.2448,0.00,0,0.0000,12,1,0,-5.2448,-5.2448,0,14.2383,19.5117,idle,4.6880,4.6880,4.6689,4.6689,4.6766,0.4000
TEL,219225,RUNNING,4.6766,4.6766,-5.1750,-5.2606,0.00,0,0.0000,31,1,0,-5.2606,-5.2606,0,14.2383,19.5117,idle,4.6880,4.6880,4.6689,4.6689,4.6766,0.4000
TEL,219325,RUNNING,4.6766,4.6766,-5.1750,-5.2764,0.00,0,0.0000,32,1,0,-5.2764,-5.2764,0,14.2383,19.5117,idle,4.6880,4.6880,4.6689,4.6689,4.6766,0.4000
TEL,219425,RUNNING,4.6766,4.6766,-5.1750,-5.2922,0.00,0,0.0000,12,1,0,-5.2922,-5.2922,0,14.2383,19.5117,idle,4.6880,4.6880,4.6689,4.6689,4.6766,0.4000
TEL,219526,RUNNING,4.6766,4.6766,-5.1750,-5.3079,0.00,0,0.0000,32,1,0,-5.3079,-5.3079,0,14.2383,19.5117,idle,4.6880,4.6880,4.6689,4.6689,4.6766,0.4000
TEL,219626,RUNNING,4.6766,4.6766,-5.1750,-5.3237,0.00,0,0.0000,11,1,0,-5.3237,-5.3237,0,14.2383,19.5117,idle,4.6880,4.6880,4.6689,4.6689,4.6766,0.4000
TEL,219726,RUNNING,4.6766,4.6766,-5.1750,-5.3395,0.00,0,0.0000,32,1,0,-5.3395,-5.3395,0,14.2383,19.5117,idle,4.6880,4.6880,4.6689,4.6689,4.6766,0.4000
TEL,219826,RUNNING,4.6766,4.6766,-5.1750,-5.3553,0.00,0,0.0000,12,1,0,-5.3553,-5.3553,0,14.2383,19.5117,idle,4.6880,4.6880,4.6689,4.6689,4.6766,0.4000
TEL,219926,RUNNING,4.6766,4.6766,-5.1750,-5.3711,0.00,0,0.0000,32,1,0,-5.3711,-5.3711,0,14.2383,19.5117,idle,4.6880,4.6880,4.6689,4.6689,4.6766,0.4000
TEL,220026,RUNNING,4.6766,4.6766,-5.1750,-5.3869,0.00,0,0.0000,33,1,0,-5.3869,-5.3869,0,14.2383,19.5117,idle,4.6880,4.6880,4.6689,4.6689,4.6766,0.4000
TEL,220127,RUNNING,4.6766,4.6766,-5.1750,-5.4026,-120.00,0,0.0000,13,1,0,-5.4026,-5.4026,0,14.2383,19.5117,idle,4.6880,4.6880,4.6689,4.6689,4.6766,0.4000
TEL,220227,RUNNING,4.6750,4.6750,-5.5125,-5.4174,0.00,0,0.0000,32,1,0,-5.4174,-5.4174,0,13.8867,19.5117,idle,4.6880,4.6880,4.6664,4.6664,4.6750,0.4000
TEL,220327,RUNNING,4.6750,4.6750,-5.5125,-5.4332,0.00,0,0.0000,32,1,0,-5.4332,-5.4332,0,13.8867,19.5117,idle,4.6880,4.6880,4.6664,4.6664,4.6750,0.4000
TEL,220428,RUNNING,4.6750,4.6750,-5.5125,-5.4489,0.00,0,0.0000,13,1,0,-5.4489,-5.4489,0,13.8867,19.5117,idle,4.6880,4.6880,4.6664,4.6664,4.6750,0.4000
TEL,220529,RUNNING,4.6750,4.6750,-5.5125,-5.4647,0.00,0,0.0000,1,1,0,-5.4647,-5.4647,0,13.8867,19.5117,idle,4.6880,4.6880,4.6664,4.6664,4.6750,0.4000
TEL,220630,RUNNING,4.6750,4.6750,-5.5125,-5.4805,0.00,0,0.0000,13,1,0,-5.4805,-5.4805,0,13.8867,19.5117,idle,4.6880,4.6880,4.6664,4.6664,4.6750,0.4000
TEL,220730,RUNNING,4.6750,4.6750,-5.5125,-5.4963,0.00,0,0.0000,32,1,0,-5.4963,-5.4963,0,13.8867,19.5117,idle,4.6880,4.6880,4.6664,4.6664,4.6750,0.4000
TEL,220830,RUNNING,4.6750,4.6750,-5.5125,-5.5121,0.00,0,0.0000,12,1,0,-5.5121,-5.5121,0,13.8867,19.5117,idle,4.6880,4.6880,4.6664,4.6664,4.6750,0.4000
TEL,220931,RUNNING,4.6750,4.6750,-5.5125,-5.5278,0.00,0,0.0000,31,1,0,-5.5278,-5.5278,0,13.8867,19.5117,idle,4.6880,4.6880,4.6664,4.6664,4.6750,0.4000
TEL,221031,RUNNING,4.6750,4.6750,-5.5125,-5.5436,0.00,0,0.0000,32,1,0,-5.5436,-5.5436,0,13.8867,19.5117,idle,4.6880,4.6880,4.6664,4.6664,4.6750,0.4000
TEL,221131,RUNNING,4.6750,4.6750,-5.5125,-5.5594,0.00,0,0.0000,12,1,0,-5.5594,-5.5594,0,13.8867,19.5117,idle,4.6880,4.6880,4.6664,4.6664,4.6750,0.4000
TEL,221232,RUNNING,4.6750,4.6750,-5.5125,-5.5752,0.00,0,0.0000,32,1,0,-5.5752,-5.5752,0,13.8867,19.5117,idle,4.6880,4.6880,4.6664,4.6664,4.6750,0.4000
TEL,221332,RUNNING,4.6750,4.6750,-5.5125,-5.5909,0.00,0,0.0000,11,1,0,-5.5909,-5.5909,0,13.8867,19.5117,idle,4.6880,4.6880,4.6664,4.6664,4.6750,0.4000
TEL,221432,RUNNING,4.6750,4.6750,-5.5125,-5.6067,0.00,0,0.0000,32,1,0,-5.6067,-5.6067,0,13.8867,19.5117,idle,4.6880,4.6880,4.6664,4.6664,4.6750,0.4000
TEL,221533,RUNNING,4.6750,4.6750,-5.5125,-5.6225,0.00,0,0.0000,13,1,0,-5.6225,-5.6225,0,13.8867,19.5117,idle,4.6880,4.6880,4.6664,4.6664,4.6750,0.4000
TEL,221633,RUNNING,4.6750,4.6750,-5.5125,-5.6383,0.00,0,0.0000,32,1,0,-5.6383,-5.6383,0,13.8867,19.5117,idle,4.6880,4.6880,4.6664,4.6664,4.6750,0.4000
TEL,221733,RUNNING,4.6750,4.6750,-5.5125,-5.6541,0.00,0,0.0000,33,1,0,-5.6541,-5.6541,0,13.8867,19.5117,idle,4.6880,4.6880,4.6664,4.6664,4.6750,0.4000
TEL,221834,RUNNING,4.6750,4.6750,-5.5125,-5.6698,0.00,0,0.0000,13,1,0,-5.6698,-5.6698,0,13.8867,19.5117,idle,4.6880,4.6880,4.6664,4.6664,4.6750,0.4000
TEL,221934,RUNNING,4.6750,4.6750,-5.5125,-5.6856,0.00,0,0.0000,33,1,0,-5.6856,-5.6856,0,13.8867,19.5117,idle,4.6880,4.6880,4.6664,4.6664,4.6750,0.4000
TEL,222034,RUNNING,4.6750,4.6750,-5.5125,-5.7014,0.00,0,0.0000,13,1,0,-5.7014,-5.7014,0,13.8867,19.5117,idle,4.6880,4.6880,4.6664,4.6664,4.6750,0.4000
TEL,222134,RUNNING,4.6750,4.6750,-5.5125,-5.7172,0.00,0,0.0000,32,1,0,-5.7172,-5.7172,0,13.8867,19.5117,idle,4.6880,4.6880,4.6664,4.6664,4.6750,0.4000
TEL,222235,RUNNING,4.6750,4.6750,-5.5125,-5.7329,0.00,0,0.0000,1,1,0,-5.7329,-5.7329,0,13.8867,19.5117,idle,4.6880,4.6880,4.6664,4.6664,4.6750,0.4000
TEL,222336,RUNNING,4.6739,4.6739,-5.7375,-5.7480,0.00,0,0.0000,13,1,0,-5.7480,-5.7480,0,13.7109,19.5117,idle,4.6880,4.6880,4.6646,4.6646,4.6739,0.4000
TEL,222436,RUNNING,4.6739,4.6739,-5.7375,-5.7638,0.00,0,0.0000,32,1,0,-5.7638,-5.7638,0,13.7109,19.5117,idle,4.6880,4.6880,4.6646,4.6646,4.6739,0.4000
TEL,222536,RUNNING,4.6739,4.6739,-5.7375,-5.7795,0.00,0,0.0000,12,1,0,-5.7795,-5.7795,0,13.7109,19.5117,idle,4.6880,4.6880,4.6646,4.6646,4.6739,0.4000
TEL,222636,RUNNING,4.6739,4.6739,-5.7375,-5.7953,0.00,0,0.0000,31,1,0,-5.7953,-5.7953,0,13.7109,19.5117,idle,4.6880,4.6880,4.6646,4.6646,4.6739,0.4000
TEL,222736,RUNNING,4.6739,4.6739,-5.7375,-5.8111,0.00,0,0.0000,32,1,0,-5.8111,-5.8111,0,13.7109,19.5117,idle,4.6880,4.6880,4.6646,4.6646,4.6739,0.4000
TEL,222836,RUNNING,4.6739,4.6739,-5.7375,-5.8269,0.00,0,0.0000,12,1,0,-5.8269,-5.8269,0,13.7109,19.5117,idle,4.6880,4.6880,4.6646,4.6646,4.6739,0.4000
TEL,222937,RUNNING,4.6739,4.6739,-5.7375,-5.8426,0.00,0,0.0000,31,1,0,-5.8426,-5.8426,0,13.7109,19.5117,idle,4.6880,4.6880,4.6646,4.6646,4.6739,0.4000
TEL,223037,RUNNING,4.6739,4.6739,-5.7375,-5.8584,0.00,0,0.0000,32,1,0,-5.8584,-5.8584,0,13.7109,19.5117,idle,4.6880,4.6880,4.6646,4.6646,4.6739,0.4000
TEL,223137,RUNNING,4.6739,4.6739,-5.7375,-5.8742,0.00,0,0.0000,12,1,0,-5.8742,-5.8742,0,13.7109,19.5117,idle,4.6880,4.6880,4.6646,4.6646,4.6739,0.4000
TEL,223238,RUNNING,4.6739,4.6739,-5.7375,-5.8900,0.00,0,0.0000,32,1,0,-5.8900,-5.8900,0,13.7109,19.5117,idle,4.6880,4.6880,4.6646,4.6646,4.6739,0.4000
TEL,223338,RUNNING,4.6739,4.6739,-5.7375,-5.9057,0.00,0,0.0000,11,1,0,-5.9057,-5.9057,0,13.7109,19.5117,idle,4.6880,4.6880,4.6646,4.6646,4.6739,0.4000
TEL,223438,RUNNING,4.6739,4.6739,-5.7375,-5.9215,0.00,0,0.0000,32,1,0,-5.9215,-5.9215,0,13.7109,19.5117,idle,4.6880,4.6880,4.6646,4.6646,4.6739,0.4000
TEL,223538,RUNNING,4.6739,4.6739,-5.7375,-5.9373,0.00,0,0.0000,12,1,0,-5.9373,-5.9373,0,13.7109,19.5117,idle,4.6880,4.6880,4.6646,4.6646,4.6739,0.4000
TEL,223638,RUNNING,4.6739,4.6739,-5.7375,-5.9531,0.00,0,0.0000,32,1,0,-5.9531,-5.9531,0,13.7109,19.5117,idle,4.6880,4.6880,4.6646,4.6646,4.6739,0.4000
TEL,223738,RUNNING,4.6728,4.6728,-5.9625,-5.9681,0.00,0,0.0000,33,1,0,-5.9681,-5.9681,0,13.4473,19.5117,idle,4.6880,4.6880,4.6627,4.6627,4.6728,0.4000
TEL,223839,RUNNING,4.6728,4.6728,-5.9625,-5.9838,0.00,0,0.0000,13,1,0,-5.9838,-5.9838,0,13.4473,19.5117,idle,4.6880,4.6880,4.6627,4.6627,4.6728,0.4000
TEL,223939,RUNNING,4.6728,4.6728,-5.9625,-5.9996,0.00,0,0.0000,33,1,0,-5.9996,-5.9996,0,13.4473,19.5117,idle,4.6880,4.6880,4.6627,4.6627,4.6728,0.4000
TEL,224039,RUNNING,4.6728,4.6728,-5.9625,-6.0154,0.00,0,0.0000,13,1,0,-6.0154,-6.0154,0,13.4473,19.5117,idle,4.6880,4.6880,4.6627,4.6627,4.6728,0.4000
TEL,224139,RUNNING,4.6728,4.6728,-5.9625,-6.0311,0.00,0,0.0000,32,1,0,-6.0311,-6.0311,0,13.4473,19.5117,idle,4.6880,4.6880,4.6627,4.6627,4.6728,0.4000
TEL,224239,RUNNING,4.6728,4.6728,-5.9625,-6.0469,0.00,0,0.0000,33,1,0,-6.0469,-6.0469,0,13.4473,19.5117,idle,4.6880,4.6880,4.6627,4.6627,4.6728,0.4000
TEL,224339,RUNNING,4.6728,4.6728,-5.9625,-6.0627,0.00,0,0.0000,13,1,0,-6.0627,-6.0627,0,13.4473,19.5117,idle,4.6880,4.6880,4.6627,4.6627,4.6728,0.4000
TEL,224439,RUNNING,4.6728,4.6728,-5.9625,-6.0785,0.00,0,0.0000,32,1,0,-6.0785,-6.0785,0,13.4473,19.5117,idle,4.6880,4.6880,4.6627,4.6627,4.6728,0.4000
TEL,224539,RUNNING,4.6728,4.6728,-5.9625,-6.0942,0.00,0,0.0000,33,1,0,-6.0942,-6.0942,0,13.4473,19.5117,idle,4.6880,4.6880,4.6627,4.6627,4.6728,0.4000
TEL,224640,RUNNING,4.6728,4.6728,-5.9625,-6.1100,0.00,0,0.0000,13,1,0,-6.1100,-6.1100,0,13.4473,19.5117,idle,4.6880,4.6880,4.6627,4.6627,4.6728,0.4000
TEL,224740,RUNNING,4.6728,4.6728,-5.9625,-6.1258,0.00,0,0.0000,32,1,0,-6.1258,-6.1258,0,13.4473,19.5117,idle,4.6880,4.6880,4.6627,4.6627,4.6728,0.4000
TEL,224840,RUNNING,4.6728,4.6728,-5.9625,-6.1415,0.00,0,0.0000,12,1,0,-6.1415,-6.1415,0,13.4473,19.5117,idle,4.6880,4.6880,4.6627,4.6627,4.6728,0.4000
TEL,224940,RUNNING,4.6728,4.6728,-5.9625,-6.1573,0.00,0,0.0000,31,1,0,-6.1573,-6.1573,0,13.4473,19.5117,idle,4.6880,4.6880,4.6627,4.6627,4.6728,0.4000
TEL,225040,RUNNING,4.6728,4.6728,-5.9625,-6.1731,0.00,0,0.0000,32,1,0,-6.1731,-6.1731,0,13.4473,19.5117,idle,4.6880,4.6880,4.6627,4.6627,4.6728,0.4000
TEL,225140,RUNNING,4.6728,4.6728,-5.9625,-6.1889,-120.00,0,0.0000,12,1,0,-6.1889,-6.1889,0,13.4473,19.5117,idle,4.6880,4.6880,4.6627,4.6627,4.6728,0.4000
TEL,225243,RUNNING,4.6711,4.6711,-6.3000,-6.2034,0.00,0,0.0000,32,1,0,-6.2034,-6.2034,0,13.0957,19.5117,idle,4.6880,4.6880,4.6597,4.6597,4.6711,0.4000
TEL,225343,RUNNING,4.6711,4.6711,-6.3000,-6.2192,0.00,0,0.0000,11,1,0,-6.2192,-6.2192,0,13.0957,19.5117,idle,4.6880,4.6880,4.6597,4.6597,4.6711,0.4000
TEL,225443,RUNNING,4.6711,4.6711,-6.3000,-6.2350,0.00,0,0.0000,32,1,0,-6.2350,-6.2350,0,13.0957,19.5117,idle,4.6880,4.6880,4.6597,4.6597,4.6711,0.4000
TEL,225543,RUNNING,4.6711,4.6711,-6.3000,-6.2507,0.00,0,0.0000,12,1,0,-6.2507,-6.2507,0,13.0957,19.5117,idle,4.6880,4.6880,4.6597,4.6597,4.6711,0.4000
OK,stopped
