BALL_BEAM_BOOT
HELP,keys
STATE,SAFE_DISABLED
SENSORS,angle=bad,pos=bad
MEAS,theta_deg=0.0000,x_cm=0.0000,x_filt_cm=0.0000
AGE,angle_ms=0,pos_ms=0
FAULTS,bits=0
CAL,zero_calibrated=yes,limits_calibrated=yes,sign_calibrated=yes
CAL_STORE,status=loaded
SONAR_CFG,s=-1,m=o,u=1
ACT_CFG,t=26.3140,s=m,c=a
TEL,enabled=1
FAULT_INFO,bits=0
FAULT_INFO,mode=bringup_warning
FAULT_INFO,none
TEL,350,SAFE_DISABLED,8.2603,8.2603,24.9078,0.0000,0.00,0,0.0000
TEL,450,SAFE_DISABLED,8.2603,8.2603,24.9078,0.0000,0.00,0,0.0000
TEL,550,SAFE_DISABLED,8.3289,8.2881,24.9078,0.0000,0.00,0,0.0000
TEL,650,SAFE_DISABLED,8.3289,8.3089,24.9078,0.0000,0.00,0,0.0000
TEL,750,SAFE_DISABLED,8.3289,8.3220,24.9078,0.0000,0.00,0,0.0000
TEL,850,SAFE_DISABLED,8.3289,8.3255,24.9078,0.0000,0.00,0,0.0000
TEL,950,SAFE_DISABLED,8.3289,8.3277,24.9078,0.0000,0.00,0,0.0000
TEL,1050,SAFE_DISABLED,8.2603,8.2933,24.9078,0.0000,0.00,0,0.0000
TEL,1150,SAFE_DISABLED,8.2603,8.2716,24.9078,0.0000,0.00,0,0.0000
TEL,1250,SAFE_DISABLED,8.2603,8.2802,24.9078,0.0000,0.00,0,0.0000
TEL,1350,SAFE_DISABLED,8.3289,8.3122,24.9078,0.0000,0.00,0,0.0000
TEL,1451,SAFE_DISABLED,8.3289,8.3207,24.9078,0.0000,0.00,0,0.0000
TEL,1551,SAFE_DISABLED,8.3289,8.3016,24.9078,0.0000,0.00,0,0.0000
TEL,1651,SAFE_DISABLED,8.2603,8.2805,24.9078,0.0000,0.00,0,0.0000
TEL,1751,SAFE_DISABLED,8.2603,8.2672,24.9078,0.0000,0.00,0,0.0000
TEL,1851,SAFE_DISABLED,8.3289,8.2987,24.9078,0.0000,0.00,0,0.0000
TEL,1951,SAFE_DISABLED,8.3289,8.3185,24.9078,0.0000,0.00,0,0.0000
TEL,2051,SAFE_DISABLED,8.3289,8.3238,24.9078,0.0000,0.00,0,0.0000
TEL,2151,SAFE_DISABLED,8.3289,8.3271,24.9078,0.0000,0.00,0,0.0000
TEL,2251,SAFE_DISABLED,8.3289,8.3280,24.9078,0.0000,0.00,0,0.0000
TEL,2351,SAFE_DISABLED,8.3289,8.3286,24.9078,0.0000,0.00,0,0.0000
TEL,2451,SAFE_DISABLED,8.2603,8.3082,24.9078,0.0000,0.00,0,0.0000
TEL,2551,SAFE_DISABLED,8.2603,8.2767,24.9078,0.0000,0.00,0,0.0000
TEL,2651,SAFE_DISABLED,8.2603,8.2683,24.9078,0.0000,0.00,0,0.0000
TEL,2751,SAFE_DISABLED,8.2603,8.2630,24.9078,0.0000,0.00,0,0.0000
TEL,2851,SAFE_DISABLED,8.2603,8.2616,24.9078,0.0000,0.00,0,0.0000
TEL,2951,SAFE_DISABLED,8.2603,8.2607,24.9078,0.0000,0.00,0,0.0000
TEL,3051,SAFE_DISABLED,8.2603,8.2605,24.9078,0.0000,0.00,0,0.0000
TEL,3151,SAFE_DISABLED,8.3289,8.2953,24.9078,0.0000,0.00,0,0.0000
OK,telemetry=0
SET,18455,0.0000,4.1494,-4.1494
OK,driver_enabled
ERR,run_blocked
BLOCK,sensors
BLOCK,faults
FAULT_INFO,bits=1
FAULT_INFO,mode=bringup_warning
FAULT_INFO,sonar_timeout=1
SONAR_DIAG,fresh=0,age_ms=2690,raw_cm=9.0552,filt_cm=9.0552,jump_reject_cnt=0
OK,stopped
