BALL_BEAM_REF_BOOT
REF_CFG,profile=center_far_near_90s,center_cm=13.0000,near_cm=9.0000,far_cm=17.0000,segment_ms=30000
REF,407,13.0000,hold_center
TEL,411,8.0562,8.1708,4.8060,0.0000,0,0.000000
TEL,512,7.9964,8.1708,4.8060,0.0000,0,0.000000
TEL,612,8.1938,8.1723,4.8421,-112.0000,57,0.111919
TEL,712,8.3198,8.1945,4.8277,-112.0000,112,0.219911
TEL,812,8.0113,8.1762,4.8238,-112.0000,112,0.219911
TEL,912,8.2563,8.1822,4.8178,-112.0000,112,0.219911
TEL,1012,7.6818,8.2006,4.7994,-112.0000,112,0.219911
TEL,1112,7.7653,8.2006,4.7994,-112.0000,112,0.219911
TEL,1212,8.2406,8.1900,4.8134,-112.0000,112,0.219911
TEL,1312,8.2879,8.2033,4.8100,-112.0000,112,0.219911
TEL,1412,7.8077,8.2091,4.7909,-112.0000,112,0.219911
TEL,1512,8.1783,8.2070,4.7930,-112.0000,112,0.219911
TEL,1612,8.2879,8.2164,4.7880,-112.0000,112,0.219911
TEL,1712,8.0113,8.2088,4.7796,-112.0000,112,0.219911
TEL,1812,8.1474,8.1969,4.8000,-112.0000,112,0.219911
TEL,1912,8.2563,8.2008,4.7992,-112.0000,112,0.219911
TEL,2012,6.9531,8.2080,4.7920,-112.0000,112,0.219911
TEL,2112,7.9964,8.2080,4.7920,-112.0000,112,0.219911
TEL,2212,8.2563,8.2091,4.7942,-112.0000,112,0.219911
TEL,2312,8.2721,8.2154,4.7909,-112.0000,112,0.219911
TEL,2412,8.0412,8.2076,4.7924,-112.0000,112,0.219911
TEL,2512,8.2093,8.2029,4.7971,-112.0000,112,0.219911
TEL,2612,7.6407,8.2090,4.7910,-112.0000,112,0.219911
TEL,2712,7.6544,8.2090,4.7910,-112.0000,112,0.219911
TEL,2812,8.2563,8.2103,4.7917,-112.0000,112,0.219911
TEL,2912,8.2721,8.2154,4.7871,-112.0000,112,0.219911
TEL,3012,7.7513,8.2170,4.7830,-112.0000,112,0.219911
TEL,3112,8.1474,8.2068,4.7906,-112.0000,112,0.219911
TEL,3212,8.2879,8.2145,4.7886,-112.0000,112,0.219911
TEL,3312,6.9761,8.2168,4.7832,-112.0000,112,0.219911
TEL,3412,8.1628,8.2079,4.7901,-112.0000,112,0.219911
TEL,3512,8.2563,8.2087,4.7933,-112.0000,112,0.219911
TEL,3612,6.9189,8.2141,4.7859,-112.0000,112,0.219911
TEL,3712,8.0562,8.2080,4.7920,-112.0000,112,0.219911
TEL,3812,8.2721,8.2094,4.7930,-112.0000,112,0.219911
TEL,3912,7.6956,8.2118,4.7882,-112.0000,112,0.219911
TEL,4012,8.0113,8.2043,4.7957,-112.0000,112,0.219911
TEL,4112,8.2406,8.2053,4.7947,-112.0000,112,0.219911
TEL,4212,8.2721,8.2125,4.7875,-112.0000,112,0.219911
TEL,4312,7.7653,8.2125,4.7875,-112.0000,112,0.219911
TEL,4412,8.2721,8.2113,4.7916,-112.0000,112,0.219911
TEL,4512,8.3358,8.2191,4.7887,-112.0000,112,0.219911
TEL,4612,7.9816,8.2259,4.7741,-112.0000,112,0.219911
TEL,4712,8.3679,8.2301,4.7754,-112.0000,112,0.219911
TEL,4812,8.6510,8.2741,4.7593,-112.0000,112,0.219911
TEL,4912,7.2261,8.2673,4.7259,-112.0000,112,0.219911
TEL,5012,8.8977,8.3364,4.7255,-112.0000,112,0.219911
TEL,5112,9.2541,8.4842,4.6636,-112.0000,112,0.219911
TEL,5212,7.8793,8.7483,4.4003,-112.0000,112,0.219911
TEL,5312,9.6590,8.9682,4.1831,-112.0000,112,0.219911
TEL,5412,10.4764,9.7068,3.8205,-112.0000,112,0.219911
TEL,5512,9.7869,9.9118,3.0361,-15.7021,75,0.147262
TEL,5612,11.2897,10.3253,3.3471,-77.0607,18,0.035343
TEL,5712,11.7266,11.0556,2.2927,5.4471,53,0.104065
TEL,5812,10.5256,11.3019,1.6001,8.0357,-6,-0.011781
TEL,5912,11.9413,11.7936,1.6981,-73.1456,30,0.058905
TEL,6012,13.1713,12.5581,0.9215,7.9898,66,0.129591
TEL,6112,13.3225,12.8913,0.2723,-11.7249,11,0.021598
TEL,6212,13.6748,13.3315,-0.0453,-10.2566,10,0.019635
TEL,6312,13.7150,13.4787,-0.4130,-10.0791,10,0.019635
TEL,6412,13.9194,13.6198,-0.5341,-11.8785,12,0.023562
TEL,6512,13.6748,13.6354,-0.6288,-9.5028,10,0.019635
TEL,6612,13.5161,13.6469,-0.6508,-7.6023,8,0.015708
TEL,6712,13.3993,13.5925,-0.6469,-6.0818,6,0.011781
TEL,6812,12.8782,13.4137,-0.5511,-4.8654,5,0.009817
TEL,6912,12.6662,13.2196,-0.3230,-5.4705,5,0.009817
TEL,7012,12.2610,12.8174,-0.0943,-7.8128,8,0.015708
TEL,7112,11.8792,12.4567,0.3655,-12.2014,12,0.023562
TEL,7212,11.3747,11.8996,0.7368,-14.7500,15,0.029452
TEL,7312,10.9881,11.5318,1.2793,-17.6327,18,0.035343
TEL,7412,10.4764,10.9710,1.6646,-20.4848,20,0.039270
TEL,7512,10.1208,10.6181,2.2079,-23.3185,23,0.045160
TEL,7612,9.6170,10.1040,2.5619,-25.5531,26,0.051051
TEL,7712,9.3128,9.7871,3.0554,-53.7841,52,0.102102
TEL,7812,8.8797,9.3488,3.3589,-55.5170,56,0.109956
TEL,7912,8.4990,9.0318,3.8011,-112.0000,92,0.180642
TEL,8012,8.1474,8.5742,4.1339,-112.0000,112,0.219911
TEL,8112,7.8505,8.5742,4.1339,-112.0000,112,0.219911
TEL,8212,8.6338,8.5014,4.5091,-112.0000,112,0.219911
TEL,8312,8.9523,8.6146,4.4986,-112.0000,112,0.219911
TEL,8412,8.7727,8.6962,4.3188,-112.0000,112,0.219911
TEL,8512,9.3128,8.8414,4.3038,-112.0000,112,0.219911
TEL,8612,9.8085,9.2132,4.0504,-112.0000,112,0.219911
TEL,8712,8.2563,9.1236,3.7868,-112.0000,112,0.219911
TEL,8812,10.3314,9.7703,3.8764,-112.0000,112,0.219911
TEL,8912,10.9084,10.2652,3.2297,-16.8148,55,0.107992
TEL,9012,9.0446,10.2384,2.5168,-17.1964,17,0.033379
TEL,9112,11.3747,10.7563,2.7616,-90.3596,71,0.139408
TEL,9212,12.1958,11.6319,1.9194,8.7920,66,0.129591
TEL,9312,12.4944,12.0383,1.3681,7.3495,-5,-0.009817
TEL,9412,12.5284,11.8777,1.6177,-98.6568,49,0.096211
TEL,9512,12.9142,12.4129,1.1223,14.6045,95,0.186532
TEL,9612,11.1508,12.3429,0.4011,-5.9387,19,0.037306
TEL,9712,12.8782,12.3522,0.6571,-67.3510,39,0.076576
TEL,9812,13.3993,12.9772,0.4238,-5.0582,53,0.104065
TEL,9912,13.5555,13.2259,0.0228,-4.1235,4,0.007854
TEL,10012,12.8068,12.5503,0.4370,-87.7855,60,0.117810
TEL,10112,12.9867,12.7090,0.4497,-8.5031,73,0.143335
TEL,10212,12.6315,12.7628,0.2395,-7.0853,8,0.015708
TEL,10312,11.3747,12.0719,0.2372,-5.6682,6,0.011781
TEL,10412,12.0673,12.0584,0.9565,-12.2354,12,0.023562
TEL,10512,11.9413,12.0252,0.9416,-11.3152,11,0.021598
TEL,10612,10.7780,11.4289,1.0065,-12.6842,13,0.025525
TEL,10712,11.0961,11.2882,1.5711,-20.9169,21,0.041233
TEL,10812,10.8298,11.1240,1.7510,-17.4622,17,0.033379
TEL,10912,9.3326,10.4437,1.8760,-18.9354,19,0.037306
TEL,11012,9.9179,10.0820,2.7734,-28.7384,29,0.056941
TEL,11112,9.7869,10.0054,2.9180,-25.1373,25,0.049087
TEL,11212,8.5156,9.3809,3.0591,-44.1119,44,0.086394
TEL,11312,8.9890,9.2078,3.6191,-112.0000,96,0.188496
TEL,11412,8.7904,9.0480,3.8482,-112.0000,112,0.219911
TEL,11512,7.4540,8.9942,3.9520,-112.0000,112,0.219911
TEL,11612,8.2406,8.7302,4.1523,-112.0000,112,0.219911
TEL,11712,8.2093,8.5380,4.3779,-112.0000,112,0.219911
TEL,11812,7.4933,8.4794,4.5206,-112.0000,112,0.219911
TEL,11912,8.0113,8.3930,4.6070,-112.0000,112,0.219911
TEL,12012,8.5491,8.4133,4.6093,-112.0000,112,0.219911
TEL,12112,8.7376,8.4855,4.5145,-112.0000,112,0.219911
TEL,12212,8.5156,8.4695,4.5380,-112.0000,112,0.219911
TEL,12312,9.1198,8.5848,4.4925,-112.0000,112,0.219911
TEL,12412,9.3524,8.8558,4.2434,-112.0000,112,0.219911
TEL,12512,8.6168,8.7011,4.2989,-112.0000,112,0.219911
TEL,12612,9.9401,9.1640,4.0381,-112.0000,112,0.219911
TEL,12712,10.3076,9.6207,3.3793,-17.3364,105,0.206167
TEL,12812,10.0523,9.9150,3.1245,-40.7356,27,0.053014
TEL,12912,11.0689,10.2558,2.7442,-20.9939,39,0.076576
TEL,13012,11.9102,11.2148,2.0994,7.1271,13,0.025525
TEL,13112,9.9624,11.0266,1.9734,-87.9947,0,0.000000
TEL,13212,12.5626,11.8385,1.5021,11.6274,78,0.153153
TEL,13312,13.2465,12.5358,0.4642,24.4885,51,0.100138
TEL,13412,10.8821,12.4106,-0.1267,21.6083,-22,-0.043197
TEL,13512,13.3225,12.7044,0.2956,15.4409,-16,-0.031416
TEL,13612,14.1295,13.5737,-0.3155,28.3622,-22,-0.043197
TEL,13712,14.3455,13.9718,-0.9718,-0.4714,-21,-0.041233
TEL,13812,13.7150,13.6297,-0.5992,-11.7597,7,0.013744
TEL,13912,14.0027,13.7383,-0.7383,-4.5422,7,0.013744
TEL,14012,13.9610,13.8083,-0.7821,-5.9618,6,0.011781
TEL,14112,12.6315,13.1487,-0.1487,-15.2373,12,0.023562
TEL,14212,13.0599,13.1148,-0.1268,-8.5843,9,0.017671
TEL,14312,12.9142,13.0636,-0.0636,-6.8674,7,0.013744
TEL,14412,11.7568,12.2205,0.5983,-46.5281,15,0.029452
TEL,14512,11.8792,12.0682,0.9318,-14.2073,40,0.078540
TEL,14612,11.6965,11.9376,1.0117,-14.3322,14,0.027489
TEL,14712,11.3747,11.7761,1.2239,-16.6615,17,0.033379
TEL,14812,11.0689,11.4930,1.4102,-18.2140,18,0.035343
TEL,14912,10.7266,11.2429,1.7571,-21.2701,21,0.041233
TEL,15012,10.2603,10.7876,2.0546,-24.2142,24,0.047124
TEL,15112,10.0750,10.5073,2.4927,-25.9483,26,0.051051
TEL,15212,9.8085,10.1719,2.7254,-26.7899,27,0.053014
TEL,15312,9.6379,9.9937,3.0063,-47.8399,34,0.066759
TEL,15412,9.3722,9.7121,3.2027,-51.9252,52,0.102102
TEL,15512,9.2541,9.5620,3.4380,-112.0000,59,0.115846
TEL,15612,9.0446,9.3571,3.5759,-112.0000,112,0.219911
TEL,15712,8.9158,9.2228,3.7772,-112.0000,112,0.219911
TEL,15812,8.7202,9.0117,3.9270,-112.0000,112,0.219911
TEL,15912,8.7028,8.9172,4.0828,-112.0000,112,0.219911
TEL,16012,8.6338,8.8097,4.1607,-112.0000,112,0.219911
TEL,16112,8.6338,8.7659,4.2341,-112.0000,112,0.219911
TEL,16212,8.6168,8.7233,4.2637,-112.0000,112,0.219911
TEL,16312,8.1474,8.6637,4.3363,-112.0000,112,0.219911
TEL,16412,8.5828,8.6166,4.3793,-112.0000,112,0.219911
TEL,16512,8.7904,8.6410,4.3590,-112.0000,112,0.219911
TEL,16612,8.2721,8.6200,4.3800,-112.0000,112,0.219911
TEL,16712,8.8438,8.6370,4.3630,-112.0000,112,0.219911
TEL,16812,7.9521,8.7041,4.2959,-112.0000,112,0.219911
TEL,16912,7.7373,8.7628,4.2959,-112.0000,112,0.219911
TEL,17012,9.4525,8.8943,4.2257,-112.0000,112,0.219911
TEL,17112,9.8520,9.1358,4.1057,-112.0000,112,0.219911
TEL,17212,8.3198,9.2130,3.7003,-112.0000,112,0.219911
TEL,17312,10.2603,9.5784,3.7870,-112.0000,112,0.219911
TEL,17412,11.3462,10.6170,3.1209,-9.7512,55,0.107992
TEL,17512,11.7266,11.2087,2.3830,3.5609,-4,-0.007854
TEL,17612,11.9413,11.4205,2.3732,-101.8549,52,0.102102
TEL,17712,12.6662,12.1216,1.5795,7.4707,97,0.190459
TEL,17812,11.0689,12.1380,0.6483,-10.1942,21,0.041233
TEL,17912,12.7714,11.9995,0.8620,-74.1383,46,0.090321
TEL,18012,13.8370,13.3322,0.4853,40.2550,59,0.115846
TEL,18112,14.2152,13.7291,-0.3322,28.3570,-21,-0.041233
TEL,18212,14.3018,13.4296,-0.0277,-91.3508,18,0.035343
TEL,18312,14.3455,13.9333,-0.4296,33.7377,63,0.123700
TEL,18412,14.3018,14.1860,-1.0944,-1.6692,4,0.007854
TEL,18512,12.7011,13.3781,-1.1860,-4.6316,5,0.009817
TEL,18612,13.8370,13.5642,-0.3848,-10.1845,10,0.019635
TEL,18712,13.6748,13.6105,-0.5642,-8.1476,8,0.015708
TEL,18812,12.0673,12.8625,-0.5953,-6.5181,7,0.013744
TEL,18912,12.3600,12.6705,0.1375,-40.5782,41,0.080503
TEL,19012,11.9413,12.3524,0.4400,-12.2895,12,0.023562
TEL,19112,9.1198,11.5551,0.6476,-13.5856,14,0.027489
TEL,19212,10.6252,10.9113,1.8283,-68.0836,61,0.119773
TEL,19312,10.3793,10.7125,2.0887,-22.6694,31,0.060868
TEL,19412,8.9340,10.2024,2.3783,-23.6269,24,0.047124
TEL,19512,9.3326,9.8197,2.7976,-71.7987,68,0.133518
TEL,19612,9.1388,9.4949,3.2830,-51.5495,52,0.102102
TEL,19712,7.3385,9.4080,3.5051,-112.0000,102,0.200277
TEL,19812,8.2721,8.9941,3.7853,-112.0000,103,0.202240
TEL,19912,8.1938,8.6392,4.2029,-112.0000,112,0.219911
TEL,20012,8.3518,8.4334,4.5445,-112.0000,112,0.219911
TEL,20112,8.1168,8.3754,4.6246,-112.0000,112,0.219911
TEL,20212,8.8977,8.5115,4.5578,-112.0000,112,0.219911
TEL,20312,9.2154,8.6983,4.3017,-112.0000,112,0.219911
TEL,20412,9.1388,8.8837,4.1163,-112.0000,112,0.219911
TEL,20512,9.8302,9.1608,3.8392,-112.0000,112,0.219911
TEL,20612,10.6001,9.8915,3.1085,-11.3480,111,0.217948
TEL,20712,10.2134,10.0411,2.9589,-26.0264,36,0.070686
TEL,20812,11.7266,10.8167,2.1833,5.6959,24,0.047124
TEL,20912,12.2939,11.5496,1.4504,16.2596,-7,-0.013744
TEL,21012,12.9503,12.0166,1.4790,-67.9756,-15,-0.029452
TEL,21112,12.9867,12.4006,0.5994,12.5815,56,0.109956
TEL,21212,13.7961,13.2064,-0.2064,21.8672,35,0.068722
TEL,21312,11.0149,12.7248,0.2752,-95.7731,-21,-0.041233
TEL,21412,14.1722,13.3833,-0.3833,34.0388,55,0.107992
TEL,21512,14.4781,13.9601,-0.9601,31.6153,77,0.151189
TEL,21612,14.3455,14.0690,-0.8762,70.0057,-11,-0.021598
TEL,21712,14.1295,13.9163,-0.9163,-1.7735,-70,-0.137445
TEL,21812,11.1233,13.4403,-1.1739,1.0503,-7,-0.013744
TEL,21912,14.4337,14.0002,-1.0002,2.6157,-2,-0.003927
TEL,22012,13.3608,13.1020,-0.1020,-5.8812,-2,-0.003927
TEL,22112,13.3608,13.2274,-0.2274,-7.9789,7,0.013744
TEL,22212,11.0689,12.8527,0.1473,-47.9924,9,0.017671
TEL,22312,11.6965,12.4587,0.5413,-41.1494,47,0.092284
TEL,22412,11.6071,12.0193,0.9807,-17.7537,40,0.078540
TEL,22512,11.3462,11.7915,1.2085,-18.9613,19,0.037306
TEL,22612,10.8038,10.9272,2.0042,-102.9954,20,0.039270
TEL,22712,10.3076,10.6500,2.3500,-25.8316,90,0.176715
TEL,22812,9.8302,10.2861,2.7139,-28.3985,71,0.139408
TEL,22912,8.7552,9.4417,3.5583,-112.0000,28,0.054978
TEL,23012,9.0075,9.1959,3.8041,-112.0000,97,0.190459
TEL,23112,8.8081,9.0741,3.9259,-112.0000,112,0.219911
TEL,23212,8.4330,8.8336,4.1664,-112.0000,112,0.219911
TEL,23312,8.2721,8.6636,4.3364,-112.0000,112,0.219911
TEL,23412,8.4003,8.5178,4.4822,-112.0000,112,0.219911
TEL,23512,8.4990,8.5018,4.4982,-112.0000,112,0.219911
TEL,23612,8.7727,8.5483,4.4517,-112.0000,112,0.219911
TEL,23712,9.1009,8.6512,4.3488,-112.0000,112,0.219911
TEL,23812,9.3922,8.8824,4.1176,-112.0000,112,0.219911
TEL,23912,9.6801,9.1105,3.8895,-112.0000,112,0.219911
TEL,24012,10.1669,9.5753,3.4247,-112.0000,112,0.219911
TEL,24112,10.5256,9.9473,3.0527,-20.7726,112,0.219911
TEL,24212,11.1783,10.5772,2.4228,-19.9134,41,0.080503
TEL,24312,11.6367,11.0435,1.9565,-16.8269,20,0.039270
TEL,24412,12.3600,11.7593,1.2407,3.2610,17,0.033379
TEL,24512,12.7714,12.2452,0.7548,-9.9893,-3,-0.005890
TEL,24612,13.4381,12.9034,0.0966,-6.3530,10,0.019635
TEL,24712,13.6348,13.2249,-0.2249,-6.1420,6,0.011781
TEL,24812,13.0232,12.8356,0.1644,-9.5605,6,0.011781
TEL,24912,13.7961,13.2886,-0.2886,-3.9775,10,0.019635
TEL,25012,14.3455,13.9096,-0.9096,-1.4244,4,0.007854
TEL,25112,11.0418,13.2917,-0.2917,-90.2366,1,0.001963
TEL,25212,14.0870,13.8115,-0.8115,-3.4208,71,0.139408
TEL,25312,14.3018,14.0211,-1.0211,-2.9134,67,0.131554
TEL,25412,12.1958,12.4306,0.5694,-19.8431,3,0.005890
TEL,25512,13.3993,12.8635,0.1365,-5.8704,20,0.039270
TEL,25612,13.3993,13.2869,0.1365,-5.8704,6,0.011781
TEL,25712,13.3225,13.3139,-0.2869,-9.2282,9,0.017671
TEL,25812,12.4269,12.5352,-0.3139,-7.3826,7,0.013744
TEL,25912,12.2610,12.4673,0.4648,-5.8913,6,0.011781
TEL,26012,9.8959,11.9025,0.5327,-4.7130,5,0.009817
TEL,26112,10.9614,11.3105,1.0975,-63.9366,60,0.117810
TEL,26212,10.7780,11.0622,1.6895,-19.7863,23,0.045160
TEL,26312,10.5503,10.8998,1.9378,-18.8305,19,0.037306
TEL,26412,9.5547,9.9324,2.1002,-19.9887,20,0.039270
TEL,26512,9.5754,9.7892,3.0675,-55.8514,56,0.109956
TEL,26612,9.2347,9.5768,3.2108,-45.3053,45,0.088357
TEL,26712,8.4990,9.3745,3.4232,-112.0000,82,0.161007
TEL,26812,8.4990,8.9056,3.6255,-112.0000,112,0.219911
TEL,26912,8.3038,8.6774,4.0943,-112.0000,112,0.219911
TEL,27012,7.7095,8.5848,4.3226,-112.0000,112,0.219911
TEL,27112,8.3841,8.4575,4.5231,-112.0000,112,0.219911
TEL,27212,8.8081,8.5367,4.5381,-112.0000,112,0.219911
TEL,27312,7.4671,8.4854,4.4633,-112.0000,112,0.219911
TEL,27412,9.1961,8.6279,4.5268,-112.0000,112,0.219911
TEL,27512,9.5136,8.8770,4.2587,-112.0000,112,0.219911
TEL,27612,8.3841,9.0281,3.9615,-112.0000,112,0.219911
TEL,27712,10.0071,9.3503,3.8544,-112.0000,112,0.219911
TEL,27812,11.0961,10.3264,3.3703,-10.6271,74,0.145299
TEL,27912,11.4898,10.9513,2.3204,8.0370,-4,-0.007854
TEL,28012,11.9726,11.1869,2.5798,-94.2028,30,0.058905
TEL,28112,12.7361,11.9985,1.4143,21.9826,93,0.182605
TEL,28212,13.5555,12.9726,0.6708,21.7105,23,0.045160
TEL,28312,12.9867,12.5431,0.7669,-99.6879,-16,-0.031416
TEL,28412,14.4337,13.7649,0.1050,29.6997,37,0.072649
TEL,28512,14.7042,14.2605,-1.0391,36.6403,-27,-0.053014
TEL,28612,14.0448,13.7329,-1.4395,4.9577,-9,-0.017671
TEL,28712,14.6130,14.3234,-0.7329,2.3276,-2,-0.003927
TEL,28812,14.8899,14.6517,-1.4546,3.7712,-4,-0.007854
TEL,28912,13.9610,13.9846,-0.9976,-68.1911,34,0.066759
TEL,29012,14.2152,14.0202,-0.9563,-3.6053,56,0.109956
TEL,29112,14.1722,14.0857,-1.0687,-0.7386,1,0.001963
TEL,29212,12.4944,13.3169,-1.0735,-2.3859,2,0.003927
TEL,29312,13.0599,13.2830,-0.3169,-37.5479,33,0.064795
TEL,29412,12.7714,13.1201,-0.2432,-6.7683,10,0.019635
TEL,29512,9.8959,12.4708,-0.0342,-8.9786,9,0.017671
TEL,29612,11.5482,11.8042,0.9459,-63.1555,45,0.088357
TEL,29712,11.3462,11.6367,1.2767,-16.7998,38,0.074613
TEL,29812,8.8081,10.4231,1.4616,-18.4390,18,0.035343
TEL,29912,10.1438,10.2110,2.7567,-28.5859,29,0.056941
TEL,30012,9.9847,10.1277,2.8177,-24.7891,25,0.049087
TEL,30112,9.6801,10.0078,2.9287,-26.3202,26,0.051051
TEL,30212,8.9706,9.6361,3.1899,-50.4141,44,0.086394
TEL,30312,8.9890,9.3811,3.5025,-112.0000,70,0.137445
REF,30404,17.0000,hold_far
TEL,30412,8.6855,9.0695,3.8276,-112.0000,112,0.219911
TEL,30512,7.8793,9.0695,3.8276,-112.0000,112,0.219911
TEL,30612,8.1938,8.5919,8.1160,-112.0000,112,0.219911
TEL,30712,8.3038,8.4755,8.4081,-112.0000,112,0.219911
TEL,30812,8.1321,8.3985,8.5479,-112.0000,112,0.219911
TEL,30912,8.5659,8.4159,8.6015,-112.0000,112,0.219911
TEL,31012,9.0075,8.5845,8.5362,-112.0000,112,0.219911
TEL,31112,7.4671,8.5129,8.4155,-112.0000,112,0.219911
TEL,31212,9.4323,8.7938,8.4301,-112.0000,112,0.219911
TEL,31312,9.8739,9.1528,8.2062,-112.0000,112,0.219911
TEL,31412,8.5323,9.3078,7.6339,-112.0000,112,0.219911
TEL,31512,10.4277,9.7402,7.6922,-144.0000,144,0.282743
TEL,31612,11.6071,10.8306,6.9382,-144.0000,144,0.282743
TEL,31712,12.0992,11.5053,6.1694,-144.0000,144,0.282743
TEL,31812,12.9142,12.3372,5.1982,-144.0000,144,0.282743
TEL,31912,13.8370,12.9967,4.6628,-144.0000,144,0.282743
TEL,32012,14.7965,14.1511,3.6118,-144.0000,144,0.282743
TEL,32112,15.2745,14.6728,2.8489,-144.0000,144,0.282743
TEL,32212,16.1559,15.4667,2.0751,-144.0000,144,0.282743
TEL,32312,16.4333,15.9758,1.5333,2.8654,88,0.172788
TEL,32412,17.4461,16.8148,0.7522,7.9646,1,0.001963
TEL,32512,17.6369,17.2417,0.1852,14.6058,-15,-0.029452
TEL,32612,18.2332,17.8047,-0.4444,13.9294,-14,-0.027489
TEL,32712,18.0975,18.0175,-0.8047,14.3631,-14,-0.027489
TEL,32812,18.1652,18.0973,-1.0641,5.1840,-5,-0.009817
TEL,32912,18.1652,18.1331,-1.0973,2.0350,-2,-0.003927
TEL,33012,17.8316,18.1085,-1.1372,1.5806,-2,-0.003927
TEL,33112,17.8974,18.0662,-1.1085,-2.7741,3,0.005890
TEL,33212,17.6369,17.9668,-1.0420,-2.7747,3,0.005890
TEL,33312,13.0232,17.3981,-0.9668,-5.5249,6,0.011781
TEL,33412,16.6617,16.7650,0.0357,-63.7356,55,0.107992
TEL,33512,16.4899,16.6784,0.2350,-21.6945,31,0.060868
TEL,33612,13.7150,15.2612,0.3880,-25.9595,26,0.051051
TEL,33712,14.8899,15.0095,1.7388,-115.9931,82,0.161007
TEL,33812,14.7965,14.9621,1.9845,-33.9993,105,0.206167
TEL,33912,11.9413,14.3775,2.0379,-144.0000,79,0.155116
TEL,34012,12.9867,13.6239,2.9020,-144.0000,143,0.280780
TEL,34112,12.7011,13.1810,3.3761,-144.0000,144,0.282743
TEL,34212,10.0071,12.0053,4.0230,-144.0000,144,0.282743
TEL,34312,10.9349,11.1946,4.9947,-151.7178,152,0.298451
TEL,34412,10.9881,11.1288,5.8294,-144.0000,144,0.282743
TEL,34512,10.8298,11.0312,5.8712,-144.0000,144,0.282743
TEL,34612,10.1669,10.3494,6.3444,-144.0000,144,0.282743
TEL,34712,10.3793,10.3428,6.6506,-144.0000,144,0.282743
TEL,34812,10.4277,10.3818,6.6511,-144.0000,144,0.282743
TEL,34912,9.7439,10.1168,6.6182,-144.0000,144,0.282743
TEL,35012,10.7011,10.2680,6.8701,-144.0000,144,0.282743
TEL,35112,10.9881,10.4604,6.7320,-144.0000,144,0.282743
TEL,35212,10.3076,10.3021,6.4128,-144.0000,144,0.282743
TEL,35312,11.3747,10.6479,6.6979,-144.0000,144,0.282743
TEL,35412,12.2939,11.5713,6.0780,-144.0000,144,0.282743
TEL,35512,10.1438,11.3283,5.4287,-144.0000,144,0.282743
TEL,35612,13.1340,12.2410,5.5775,-144.0000,144,0.282743
TEL,35712,13.8370,13.0997,4.7590,-144.0000,144,0.282743
TEL,35812,11.2060,12.9113,3.5399,-144.0000,144,0.282743
TEL,35912,14.2584,13.3436,4.0887,-164.5511,165,0.323977
TEL,36012,15.3735,14.7165,3.1117,-144.0000,144,0.282743
TEL,36112,15.8870,15.3531,2.2835,-144.0000,144,0.282743
TEL,36212,15.7297,15.0865,2.8251,-182.8131,181,0.355393
TEL,36312,16.6040,15.9700,1.9135,9.9201,127,0.249364
TEL,36412,17.7014,17.0516,0.6430,14.9400,32,0.062832
TEL,36512,15.9401,15.7849,-0.0516,17.6103,-18,-0.035343
TEL,36612,17.8974,17.3078,0.6874,30.2862,-30,-0.058905
TEL,36712,18.0304,17.8275,-0.3078,27.5604,-28,-0.054978
TEL,36812,17.0154,16.5553,0.1457,-133.1269,28,0.054978
TEL,36912,17.7663,17.2409,0.4447,12.9604,74,0.145299
TEL,37012,17.9637,17.6104,-0.3753,-1.8166,7,0.013744
TEL,37112,14.8430,15.9562,-0.6104,0.1322,0,0.000000
TEL,37212,17.3210,16.7402,0.8828,-12.9137,13,0.025525
TEL,37312,17.2591,16.9127,0.2598,8.3151,-8,-0.015708
TEL,37412,15.2745,15.7478,-0.0576,-5.1008,5,0.009817
TEL,37512,16.1015,16.0209,1.2522,-73.3354,57,0.111919
TEL,37612,16.1015,16.1687,0.8727,-19.0945,45,0.088357
TEL,37712,14.2152,15.8223,0.8313,-32.7212,32,0.062832
TEL,37812,14.7502,14.9826,1.6604,-93.3954,83,0.162970
TEL,37912,14.6585,14.8604,2.0174,-144.0000,142,0.278816
TEL,38012,10.4520,13.7803,2.2547,-144.0000,144,0.282743
TEL,38112,12.7361,13.0963,3.2197,-152.2755,152,0.298451
TEL,38212,12.5969,12.8736,3.9877,-144.0000,144,0.282743
TEL,38312,12.3600,12.7049,4.1264,-144.0000,144,0.282743
TEL,38412,11.5482,11.6904,4.8934,-144.0000,144,0.282743
TEL,38512,11.6071,11.6609,5.3096,-144.0000,144,0.282743
TEL,38612,9.7653,11.3861,5.3381,-144.0000,144,0.282743
TEL,38712,10.8298,11.0506,5.6139,-144.0000,144,0.282743
TEL,38812,11.4033,11.1853,5.9142,-144.0000,144,0.282743
TEL,38912,11.4898,11.2696,5.8147,-144.0000,144,0.282743
TEL,39012,10.9084,10.8745,5.9653,-144.0000,144,0.282743
TEL,39112,11.6071,11.0812,6.1255,-144.0000,144,0.282743
TEL,39212,12.0356,11.5060,5.7898,-144.0000,144,0.282743
TEL,39312,10.9084,11.0798,5.4940,-144.0000,144,0.282743
TEL,39412,12.5284,11.7893,5.7398,-144.0000,144,0.282743
TEL,39512,12.9867,12.3522,5.2107,-144.0000,144,0.282743
TEL,39612,12.1958,12.1811,4.3969,-144.0000,144,0.282743
TEL,39712,13.3225,12.6161,4.8189,-144.0000,144,0.282743
TEL,39812,14.2584,13.5743,4.0685,-144.0000,144,0.282743
TEL,39912,14.6585,14.1064,3.4257,-144.0000,144,0.282743
TEL,40012,15.0799,14.7058,2.6674,-144.0000,144,0.282743
TEL,40112,15.4737,15.0153,2.2942,-144.0000,144,0.282743
TEL,40212,15.9401,15.4398,1.8699,-34.6446,88,0.172788
TEL,40312,16.1015,15.7439,1.5602,-26.9916,27,0.053014
TEL,40412,16.6617,16.1385,1.1588,-29.6762,30,0.058905
TEL,40512,16.6617,16.3274,0.8615,-20.4233,20,0.039270
TEL,40612,16.6617,16.4889,0.6145,-28.7287,29,0.056941
TEL,40712,16.8960,16.6243,0.5111,-29.8857,30,0.058905
TEL,40812,16.6040,16.6602,0.3402,-28.5778,29,0.056941
TEL,40912,16.7197,16.6669,0.3398,-33.6065,34,0.066759
TEL,41012,16.3771,16.6412,0.3336,-32.6100,33,0.064795
TEL,41112,16.4333,16.6057,0.3588,-35.6048,36,0.070686
TEL,41212,16.2107,16.5131,0.4148,-35.7058,36,0.070686
TEL,41312,15.9401,16.3931,0.4869,-37.9016,38,0.074613
TEL,41412,15.5752,16.1282,0.6924,-45.8769,46,0.090321
TEL,41512,15.0799,15.8134,0.8718,-49.6142,50,0.098175
TEL,41612,14.6130,15.2593,1.3691,-63.6957,64,0.125664
TEL,41712,14.1722,14.8032,1.7407,-70.2362,70,0.137445
TEL,41812,11.6367,12.7406,2.4657,-144.0000,125,0.245437
TEL,41912,12.4606,12.5078,4.2594,-167.7109,168,0.329867
TEL,42012,12.0356,12.3709,4.4959,-144.0000,144,0.282743
TEL,42112,9.7869,11.7909,4.6291,-144.0000,144,0.282743
TEL,42212,10.9881,11.1383,5.6216,-144.0000,144,0.282743
TEL,42312,10.8821,11.0326,5.8617,-144.0000,144,0.282743
TEL,42412,8.7727,10.5856,6.0067,-144.0000,144,0.282743
TEL,42512,10.1438,10.2708,6.4144,-144.0000,144,0.282743
TEL,42612,10.4764,10.3367,6.7150,-144.0000,144,0.282743
TEL,42712,10.6001,10.4003,6.6633,-144.0000,144,0.282743
TEL,42812,10.4520,10.1855,6.8327,-144.0000,144,0.282743
TEL,42912,11.0149,10.4150,6.8145,-144.0000,144,0.282743
TEL,43012,11.6071,10.9628,6.4323,-144.0000,144,0.282743
TEL,43112,11.0961,10.7478,6.0372,-144.0000,144,0.282743
TEL,43212,12.4269,11.6265,6.0155,-144.0000,144,0.282743
TEL,43312,12.9867,12.3376,5.3735,-144.0000,144,0.282743
TEL,43412,12.1635,12.0723,4.3323,-144.0000,144,0.282743
TEL,43512,14.0027,12.9685,4.9277,-144.0000,144,0.282743
TEL,43612,14.8430,14.2395,3.5393,-144.0000,144,0.282743
TEL,43712,11.7872,13.6188,2.7605,-144.0000,144,0.282743
TEL,43812,15.7818,14.9027,3.1104,-144.0000,144,0.282743
TEL,43912,16.2107,15.6465,2.0973,-144.0000,144,0.282743
TEL,44012,12.7011,15.0818,1.0571,-13.5487,88,0.172788
TEL,44112,16.5468,15.8266,1.9182,-192.6896,42,0.082467
TEL,44212,17.7014,17.1776,0.6281,18.5863,44,0.086394
TEL,44312,18.3018,17.7975,-0.1776,3.2922,-3,-0.005890
TEL,44412,17.2591,16.7985,0.7299,-215.6343,54,0.106029
TEL,44512,17.9637,17.4378,0.2015,-5.4482,100,0.196350
TEL,44612,14.3455,15.7949,-0.6534,-3.0606,21,0.041233
TEL,44712,16.7781,16.0389,1.2051,-165.0844,28,0.054978
TEL,44812,17.9637,17.4317,0.4238,19.6495,73,0.143335
TEL,44912,18.0975,17.7719,-0.4317,8.0761,0,0.000000
TEL,45012,16.8368,16.6253,0.0066,-124.1863,36,0.070686
TEL,45112,17.8316,17.2502,0.3747,-24.7439,82,0.161007
TEL,45212,18.2332,17.8090,-0.4782,-4.1751,11,0.021598
TEL,45312,16.1559,16.3645,-0.8090,-6.7154,7,0.013744
TEL,45412,17.7663,17.2239,0.3787,-11.3783,11,0.021598
TEL,45512,18.0975,17.6883,-0.2239,-3.0974,3,0.005890
TEL,45612,16.0473,16.4321,-0.8262,-9.3287,9,0.017671
TEL,45712,17.4461,17.0417,0.5679,-76.9980,61,0.119773
TEL,45812,17.7663,17.5061,-0.2544,-8.9364,49,0.096211
TEL,45912,12.8068,16.5401,-0.5061,-18.2701,16,0.031416
TEL,46012,16.9555,16.6123,0.7133,-72.0637,65,0.127627
TEL,46112,17.0757,16.8535,0.3877,-23.2896,34,0.066759
TEL,46212,12.3934,16.1202,0.0807,-29.8662,30,0.058905
TEL,46312,15.8343,15.7594,0.8798,-137.4722,86,0.168861
TEL,46412,15.5752,15.7597,1.1903,-42.8272,133,0.261145
TEL,46512,11.7872,15.0544,1.2403,-53.9613,62,0.121737
TEL,46612,14.1722,14.1947,2.6299,-144.0000,98,0.192423
TEL,46712,14.0448,14.1926,2.8053,-144.0000,144,0.282743
TEL,46812,11.3462,13.5748,2.8509,-144.0000,144,0.282743
TEL,46912,12.3600,12.8498,3.4252,-144.0000,144,0.282743
TEL,47012,12.4269,12.6181,4.2428,-144.0000,144,0.282743
TEL,47112,11.8484,12.3845,4.3819,-144.0000,144,0.282743
TEL,47212,11.0961,11.2877,5.2152,-157.8108,158,0.310232
TEL,47312,11.2617,11.3009,5.7123,-144.0000,144,0.282743
TEL,47412,11.0418,11.2320,5.7119,-144.0000,144,0.282743
TEL,47512,9.9624,10.6831,5.7680,-144.0000,144,0.282743
TEL,47612,10.9349,10.7114,6.3573,-144.0000,144,0.282743
TEL,47712,11.1233,10.8148,6.2886,-144.0000,144,0.282743
TEL,47812,10.3314,10.5240,6.1263,-144.0000,144,0.282743
TEL,47912,11.3747,10.7981,6.4760,-144.0000,144,0.282743
TEL,48012,11.9413,11.3547,6.0337,-144.0000,144,0.282743
TEL,48112,9.7439,11.0757,5.6453,-144.0000,144,0.282743
TEL,48212,12.6315,11.7088,5.8719,-144.0000,144,0.282743
TEL,48312,13.0969,12.4095,5.2912,-144.0000,144,0.282743
TEL,48412,13.7961,13.2470,4.2994,-144.0000,144,0.282743
TEL,48512,14.1295,13.6633,3.7530,-144.0000,144,0.282743
TEL,48612,14.7042,14.2524,3.1565,-144.0000,144,0.282743
TEL,48712,15.0799,14.6413,2.7476,-144.0000,144,0.282743
TEL,48812,15.6779,15.1584,2.1916,-144.0000,144,0.282743
TEL,48912,16.3771,15.6817,1.8416,-41.5226,88,0.172788
TEL,49012,16.8960,16.3235,1.0993,-29.5997,30,0.058905
TEL,49112,17.1364,16.7021,0.6765,-25.1437,25,0.049087
TEL,49212,17.7014,17.2461,0.1168,-24.0879,24,0.047124
TEL,49312,17.6369,17.4012,-0.2461,-21.3037,21,0.041233
TEL,49412,17.8974,17.6598,-0.5196,-22.6623,23,0.045160
TEL,49512,18.2332,17.8460,-0.6598,-27.2134,27,0.053014
TEL,49612,18.1652,17.9897,-0.9070,-23.5747,24,0.047124
TEL,49712,18.1652,18.0392,-0.9897,-25.1642,25,0.049087
TEL,49812,18.1652,18.1048,-1.0749,-23.9115,24,0.047124
TEL,49912,17.7014,18.0796,-1.1048,-26.4598,26,0.051051
TEL,50012,18.1652,18.1052,-1.0899,-26.4139,26,0.051051
TEL,50112,18.0975,18.1157,-1.1052,-26.4961,26,0.051051
TEL,50212,18.0304,18.0705,-1.0856,-30.8518,31,0.060868
TEL,50312,13.6748,17.7256,-1.0705,-28.0445,28,0.054978
TEL,50412,17.3210,17.2635,-0.3941,-74.3449,71,0.139408
TEL,50512,17.5093,17.3172,-0.2635,-36.6215,38,0.074613
TEL,50612,12.6315,16.6723,-0.3490,-34.0494,34,0.066759
TEL,50712,16.3771,16.3711,0.3277,-128.0482,90,0.176715
TEL,50812,17.1364,16.6921,0.5128,-34.6411,119,0.233656
TEL,50912,13.6748,14.8772,0.3079,-31.8634,41,0.080503
TEL,51012,15.8870,15.2420,2.4240,-144.0000,74,0.145299
TEL,51112,16.1559,15.7104,1.7580,-21.4497,120,0.235619
TEL,51212,14.6130,14.8047,1.1072,-33.4472,45,0.088357
TEL,51312,15.1281,14.4294,2.1953,-144.0000,68,0.133518
TEL,51412,15.7297,15.3720,2.0459,-144.0000,142,0.278816
TEL,51512,15.7818,15.5340,1.6280,-38.5571,88,0.172788
TEL,51612,14.5228,14.4447,2.3318,-164.1120,43,0.084430
TEL,51712,15.0320,14.6800,2.5553,-144.0000,122,0.239546
TEL,51812,14.8899,14.8008,2.2489,-144.0000,144,0.282743
TEL,51912,12.7714,13.8305,2.1992,-144.0000,144,0.282743
TEL,52012,13.9194,13.8370,3.2091,-144.0000,144,0.282743
TEL,52112,13.9194,13.8831,3.1630,-144.0000,144,0.282743
TEL,52212,11.9726,13.1161,3.1237,-144.0000,144,0.282743
TEL,52312,13.0969,13.0737,3.8839,-144.0000,144,0.282743
TEL,52412,13.0232,13.0834,3.9068,-144.0000,144,0.282743
TEL,52512,10.3793,12.7508,3.9166,-144.0000,144,0.282743
TEL,52612,12.4269,12.4243,4.4881,-144.0000,144,0.282743
TEL,52712,12.5284,12.4466,4.5757,-144.0000,144,0.282743
TEL,52812,9.8085,12.1512,4.5318,-144.0000,144,0.282743
TEL,52912,12.0673,12.0258,4.8488,-144.0000,144,0.282743
TEL,53012,12.7011,12.2304,4.9294,-144.0000,144,0.282743
TEL,53112,12.7361,12.3919,4.7696,-144.0000,144,0.282743
TEL,53212,12.2283,11.9568,5.0225,-144.0000,144,0.282743
TEL,53312,12.8782,12.2673,5.0432,-144.0000,144,0.282743
TEL,53412,13.2088,12.7129,4.5769,-144.0000,144,0.282743
TEL,53512,12.2939,12.1854,4.2871,-144.0000,144,0.282743
TEL,53612,13.2088,12.7089,4.6546,-144.0000,144,0.282743
TEL,53712,13.4381,13.0302,4.2911,-144.0000,144,0.282743
TEL,53812,12.7361,12.5879,3.8297,-144.0000,144,0.282743
TEL,53912,13.3993,12.9221,4.4121,-144.0000,144,0.282743
TEL,54012,13.7554,13.3254,3.9318,-144.0000,144,0.282743
TEL,54112,10.4764,12.1546,3.6746,-144.0000,144,0.282743
TEL,54212,13.8781,13.2057,4.4782,-144.0000,144,0.282743
TEL,54312,14.0870,13.6782,3.7943,-144.0000,144,0.282743
TEL,54412,10.7011,12.4392,3.2000,-144.0000,144,0.282743
TEL,54512,14.1295,13.3573,4.5608,-194.7755,189,0.371101
TEL,54612,14.3895,14.0543,3.3241,-144.0000,151,0.296488
TEL,54712,12.1635,13.6529,2.9457,-144.0000,144,0.282743
TEL,54812,13.7961,13.5225,3.6931,-144.0000,144,0.282743
TEL,54912,14.1722,13.7964,3.4775,-144.0000,144,0.282743
TEL,55012,11.8484,13.5433,3.0849,-144.0000,144,0.282743
TEL,55112,13.5555,13.3947,3.4567,-144.0000,144,0.282743
TEL,55212,14.2584,13.8423,3.4556,-144.0000,144,0.282743
TEL,55312,14.5678,14.1406,3.1577,-144.0000,144,0.282743
TEL,55412,13.7554,13.4261,3.4936,-158.4550,158,0.310232
TEL,55512,14.3455,13.8930,3.5739,-144.0000,144,0.282743
TEL,55612,14.6130,14.2699,2.9544,-144.0000,144,0.282743
TEL,55712,12.9142,13.3217,2.7301,-144.0000,144,0.282743
TEL,55812,14.3895,13.8372,3.5625,-144.0000,144,0.282743
TEL,55912,14.5228,14.1371,3.1628,-144.0000,144,0.282743
TEL,56012,13.4381,13.4955,2.7334,-144.0000,144,0.282743
TEL,56112,14.1295,13.7259,3.5045,-144.0000,144,0.282743
TEL,56212,14.4781,14.1266,3.1148,-144.0000,144,0.282743
TEL,56312,11.1233,13.5594,2.8734,-144.0000,144,0.282743
TEL,56412,14.1295,13.6794,3.5371,-144.0000,144,0.282743
TEL,56512,14.3895,13.9628,3.3206,-144.0000,144,0.282743
TEL,56612,10.7780,12.7697,2.9268,-144.0000,144,0.282743
TEL,56712,13.9610,13.5284,4.2303,-195.3894,189,0.371101
TEL,56812,14.2584,13.9831,3.2754,-144.0000,151,0.296488
TEL,56912,14.3455,14.1259,3.0169,-144.0000,144,0.282743
TEL,57012,14.5228,14.2909,2.7841,-144.0000,144,0.282743
TEL,57112,14.5228,14.3598,2.7091,-144.0000,144,0.282743
TEL,57212,14.5678,14.4351,2.6097,-144.0000,144,0.282743
TEL,57312,14.5228,14.4548,2.5649,-144.0000,144,0.282743
TEL,57412,14.5228,14.4773,2.5380,-144.0000,144,0.282743
TEL,57512,14.4781,14.4774,2.5227,-144.0000,144,0.282743
TEL,57612,14.3455,14.4504,2.5358,-144.0000,144,0.282743
TEL,57712,14.3455,14.4361,2.5496,-144.0000,144,0.282743
TEL,57812,14.3455,14.4136,2.5731,-144.0000,144,0.282743
TEL,57912,14.3455,14.4051,2.5864,-144.0000,144,0.282743
TEL,58012,14.3455,14.3927,2.6012,-144.0000,144,0.282743
TEL,58112,14.3455,14.3876,2.6073,-144.0000,144,0.282743
TEL,58212,14.3455,14.3814,2.6147,-144.0000,144,0.282743
TEL,58312,14.3018,14.3761,2.6186,-144.0000,144,0.282743
TEL,58412,14.3455,14.3702,2.6254,-144.0000,144,0.282743
TEL,58512,11.2617,14.2392,2.6298,-144.0000,144,0.282743
TEL,58612,13.9194,14.0272,2.8781,-144.0000,144,0.282743
TEL,58712,14.2152,14.0573,2.9728,-144.0000,144,0.282743
TEL,58812,10.9881,13.7527,2.9191,-144.0000,144,0.282743
TEL,58912,13.7554,13.6328,3.2473,-144.0000,144,0.282743
TEL,59012,14.3895,13.9513,3.2755,-144.0000,144,0.282743
TEL,59112,14.5228,14.1470,3.0487,-144.0000,144,0.282743
TEL,59212,13.9610,13.6229,3.4166,-156.4569,156,0.306305
TEL,59312,14.3455,13.9401,3.3771,-144.0000,144,0.282743
TEL,59412,14.5228,14.2458,2.9289,-144.0000,144,0.282743
TEL,59512,13.2844,13.5248,2.7542,-144.0000,144,0.282743
TEL,59612,14.3455,13.9223,3.3631,-144.0000,144,0.282743
TEL,59712,14.4781,14.1358,3.0777,-144.0000,144,0.282743
TEL,59812,13.5161,13.7509,2.7601,-144.0000,144,0.282743
TEL,59912,14.2584,13.9033,3.2491,-144.0000,144,0.282743
TEL,60012,14.5228,14.1737,3.0033,-144.0000,144,0.282743
TEL,60112,10.8038,12.9692,2.8263,-144.0000,144,0.282743
TEL,60212,14.1722,13.6621,3.8072,-144.0000,144,0.282743
TEL,60312,14.3895,14.0186,3.3379,-144.0000,144,0.282743
REF,60404,9.0000,hold_near
TEL,60412,12.5626,13.8529,2.8708,-144.0000,144,0.282743
TEL,60512,13.7961,13.8547,-4.8529,144.0000,88,0.172788
TEL,60612,14.4337,14.0835,-4.9252,144.0000,-8,-0.015708
TEL,60712,12.1635,13.7970,-5.0835,144.0000,-104,-0.204204
TEL,60812,13.7554,13.4703,-4.3650,144.0000,-144,-0.282743
TEL,60912,13.7150,13.5646,-4.4703,144.0000,-144,-0.282743
TEL,61012,13.2844,13.4986,-4.5774,144.0000,-144,-0.282743
TEL,61112,11.8792,12.6551,-4.4986,144.0000,-144,-0.282743
TEL,61212,11.4320,11.9522,-3.4147,144.0000,-144,-0.282743
TEL,61312,10.6252,11.3591,-2.9522,144.0000,-144,-0.282743
TEL,61412,8.9523,9.4035,-1.4775,-136.6957,-88,-0.172788
TEL,61512,8.4659,8.9293,-0.4035,-92.5789,8,0.015708
TEL,61612,8.2093,8.5119,0.3515,-93.2961,88,0.172788
TEL,61712,7.2757,8.5119,0.4881,-70.7867,85,0.166897
TEL,61812,9.7439,9.0028,0.4163,-59.7238,60,0.117810
TEL,61912,10.5752,9.7030,-0.0028,-31.0383,31,0.060868
TEL,62012,9.1769,9.7354,-1.1426,7.2765,-6,-0.011781
TEL,62112,12.0356,10.8968,-0.7354,-75.2057,49,0.096211
TEL,62212,11.5482,11.9714,-2.6258,144.0000,59,0.115846
TEL,62312,12.9867,12.8317,-2.9714,144.0000,-34,-0.066759
TEL,62412,14.6585,13.7022,-3.8236,144.0000,-127,-0.249364
TEL,62512,15.3735,14.6562,-4.7022,144.0000,-144,-0.282743
TEL,62612,12.9142,14.5010,-6.0189,144.0000,-144,-0.282743
TEL,62712,14.6130,14.4036,-5.5010,144.0000,-144,-0.282743
TEL,62812,15.7818,15.1971,-5.6633,144.0000,-144,-0.282743
TEL,62912,15.5243,15.3666,-6.1971,144.0000,-144,-0.282743
TEL,63012,14.3455,14.3295,-5.7347,144.0000,-144,-0.282743
TEL,63112,14.3018,14.3270,-5.3295,144.0000,-144,-0.282743
TEL,63212,13.3225,14.0380,-5.2771,144.0000,-144,-0.282743
TEL,63312,11.0418,12.5528,-5.0380,144.0000,-144,-0.282743
TEL,63412,10.9881,11.4604,-3.0459,144.0000,-144,-0.282743
TEL,63512,10.1208,10.8522,-2.4604,144.0000,-144,-0.282743
TEL,63612,8.1628,9.6958,-1.4820,-74.2735,-105,-0.206167
TEL,63712,7.8219,9.6958,-0.6958,-87.8012,-40,-0.078540
TEL,63812,8.5323,8.8405,-0.0676,-70.0389,-72,-0.141372
TEL,63912,8.0864,8.6557,0.1395,-52.4669,4,0.007854
TEL,64012,9.9401,9.0416,0.2369,-37.3923,47,0.092284
TEL,64112,10.6504,9.7705,-0.3809,-9.8023,19,0.037306
TEL,64212,11.2060,10.8652,-1.6671,20.1631,-9,-0.017671
TEL,64312,12.0992,11.1393,-1.8049,-34.5738,-1,-0.001963
TEL,64412,13.2465,12.4997,-3.0694,144.0000,23,0.045160
TEL,64512,14.0448,12.7767,-2.9841,144.0000,-66,-0.129591
TEL,64612,14.0448,13.4838,-3.9787,144.0000,-142,-0.278816
TEL,64712,14.6585,14.1659,-4.8648,144.0000,-144,-0.282743
TEL,64812,15.0799,14.7839,-5.6562,144.0000,-144,-0.282743
TEL,64912,13.7150,13.8345,-4.9183,144.0000,-144,-0.282743
TEL,65012,14.6585,14.3126,-5.1816,144.0000,-144,-0.282743
TEL,65112,14.4781,14.4182,-5.4004,144.0000,-144,-0.282743
TEL,65212,12.0356,13.2478,-4.8106,144.0000,-144,-0.282743
TEL,65312,12.7714,12.9362,-4.0170,144.0000,-144,-0.282743
TEL,65412,11.7872,12.4878,-3.7048,144.0000,-144,-0.282743
TEL,65512,11.0149,11.8862,-3.2244,144.0000,-144,-0.282743
TEL,65612,9.7439,10.6033,-2.0732,144.0000,-144,-0.282743
TEL,65712,8.8977,9.6794,-1.1472,-84.3410,-125,-0.245437
TEL,65812,7.9816,8.7871,0.2129,-98.5870,-31,-0.060868
TEL,65912,8.7727,8.6230,0.4505,-67.0052,47,0.092284
TEL,66012,9.7439,9.1210,0.0846,-32.0581,48,0.094248
TEL,66112,10.3553,9.6425,-0.3689,-16.0627,17,0.033379
TEL,66212,11.5482,10.7078,-1.3036,7.0450,-1,-0.001963
TEL,66312,12.0992,11.4338,-2.0803,144.0000,-26,-0.051051
TEL,66412,13.2088,12.4979,-3.1337,144.0000,-119,-0.233656
TEL,66512,13.7150,13.0966,-3.7935,144.0000,-144,-0.282743
TEL,66612,14.2584,13.8275,-4.6327,144.0000,-144,-0.282743
TEL,66712,14.5228,14.1348,-4.9906,144.0000,-144,-0.282743
TEL,66812,14.5678,14.3657,-5.3112,144.0000,-144,-0.282743
TEL,66912,14.3455,14.3663,-5.3703,144.0000,-144,-0.282743
TEL,67012,14.0448,14.2652,-5.2994,144.0000,-144,-0.282743
TEL,67112,10.6504,13.6952,-5.1981,144.0000,-144,-0.282743
TEL,67212,12.4606,12.7968,-3.9582,144.0000,-144,-0.282743
TEL,67312,12.0040,12.4715,-3.6424,144.0000,-144,-0.282743
TEL,67412,9.0075,11.1913,-3.0315,144.0000,-144,-0.282743
TEL,67512,9.7439,10.2894,-1.6588,-81.9518,-125,-0.245437
TEL,67612,8.9340,9.5125,-0.7746,-59.9431,-31,-0.060868
TEL,67712,8.1321,9.0887,-0.0887,-67.8012,45,0.088357
TEL,67812,8.1628,8.7724,0.2276,-59.3604,58,0.113883
TEL,67912,9.0633,8.8075,0.1925,-36.7423,58,0.113883
TEL,68012,10.0978,9.3665,-0.3665,-13.3227,36,0.070686
TEL,68112,9.6170,9.2378,-0.2378,-24.4187,14,0.027489
TEL,68212,11.6071,10.6735,-1.6735,38.8074,23,0.045160
TEL,68312,12.4606,11.7193,-2.7193,144.0000,-36,-0.070686
TEL,68412,12.3600,11.8648,-2.8648,144.0000,-123,-0.241510
TEL,68512,13.5950,12.7388,-3.7388,144.0000,-144,-0.282743
TEL,68612,14.4781,13.9053,-4.9053,144.0000,-144,-0.282743
TEL,68712,11.4033,13.2768,-4.2768,144.0000,-144,-0.282743
TEL,68812,14.3018,13.8370,-4.8370,144.0000,-144,-0.282743
TEL,68912,14.6130,14.2041,-5.2041,144.0000,-144,-0.282743
TEL,69012,10.9084,13.6345,-4.6345,144.0000,-144,-0.282743
TEL,69112,12.9503,13.1076,-4.1076,144.0000,-144,-0.282743
TEL,69212,12.6662,13.0228,-4.0228,144.0000,-144,-0.282743
TEL,69312,12.0992,12.7445,-3.7445,144.0000,-144,-0.282743
TEL,69412,10.8038,11.1285,-2.3543,144.0000,-144,-0.282743
TEL,69512,9.9624,10.5300,-1.5300,-52.0958,-143,-0.280780
TEL,69612,8.8081,9.5560,-0.5560,-74.2120,-67,-0.131554
TEL,69712,7.6135,9.5560,-0.5560,-74.2120,1,0.001963
TEL,69812,8.4990,8.8555,-0.0630,-54.4840,-32,-0.062832
TEL,69912,9.1578,8.9113,0.1710,-46.2050,34,0.066759
TEL,70012,9.2541,8.9157,0.1931,-66.8992,62,0.121737
TEL,70112,10.2134,9.3875,-0.1155,-17.4134,47,0.092284
TEL,70212,9.2932,9.8469,-1.1272,18.1662,1,0.001963
TEL,70312,9.2541,9.9804,-1.4243,43.5708,-36,-0.070686
TEL,70412,12.4606,11.6479,-2.0906,144.0000,-63,-0.123700
TEL,70512,13.1340,12.5505,-3.1629,144.0000,-140,-0.274889
TEL,70612,10.8821,12.4177,-4.1702,144.0000,-144,-0.282743
TEL,70712,13.4381,12.7596,-3.4635,144.0000,-144,-0.282743
TEL,70812,13.9610,13.5003,-4.3006,144.0000,-144,-0.282743
TEL,70912,13.8781,13.6965,-4.6324,144.0000,-144,-0.282743
TEL,71012,13.0969,12.9386,-3.8720,144.0000,-144,-0.282743
TEL,71112,13.0599,13.0323,-4.0243,144.0000,-144,-0.282743
TEL,71212,12.4944,12.8972,-3.9721,144.0000,-144,-0.282743
TEL,71312,11.1783,12.1796,-3.5275,144.0000,-144,-0.282743
TEL,71412,10.7266,11.3443,-2.6172,144.0000,-144,-0.282743
TEL,71512,10.1438,10.7924,-2.0779,144.0000,-144,-0.282743
TEL,71612,8.5998,9.8838,-0.8838,-59.4504,-143,-0.280780
TEL,71712,8.1783,8.9371,0.0629,-91.7445,-67,-0.131554
TEL,71812,8.2879,8.4898,0.5102,-55.8481,8,0.015708
TEL,71912,7.9964,8.4898,0.5102,-55.8481,51,0.100138
TEL,72012,9.5962,8.9124,0.4683,-41.4024,41,0.080503
TEL,72112,10.4034,9.5487,0.0876,-14.6321,15,0.029452
TEL,72212,9.0075,9.8538,-0.9205,16.4853,-16,-0.031416
TEL,72312,11.5482,10.7265,-0.8538,-75.8509,41,0.080503
TEL,72412,12.9867,11.9012,-1.7265,38.3219,66,0.129591
TEL,72512,11.8792,12.2504,-2.9012,144.0000,-23,-0.045160
TEL,72612,14.1295,13.2574,-2.6313,144.0000,-118,-0.231692
TEL,72712,14.7502,14.1617,-4.2574,144.0000,-144,-0.282743
TEL,72812,15.1766,14.8096,-5.4217,144.0000,-144,-0.282743
TEL,72912,13.7554,13.7855,-5.8096,144.0000,-144,-0.282743
TEL,73012,14.7042,14.3703,-5.0145,144.0000,-144,-0.282743
TEL,73112,14.5228,14.4640,-5.3703,144.0000,-144,-0.282743
TEL,73212,12.8068,13.7880,-5.4410,144.0000,-144,-0.282743
TEL,73312,13.0232,13.4176,-4.7880,144.0000,-144,-0.282743
TEL,73412,11.9413,12.6795,-4.2171,144.0000,-144,-0.282743
TEL,73512,8.8259,11.1941,-3.6795,144.0000,-144,-0.282743
TEL,73612,9.5754,10.0247,-1.6253,-75.5840,-88,-0.172788
TEL,73712,8.8797,9.4778,-1.0247,-50.0856,8,0.015708
TEL,73812,7.9669,8.7799,-0.1434,-69.8811,70,0.137445
TEL,73912,8.5659,8.5963,0.3909,-47.8218,48,0.094248
TEL,74012,9.6170,8.9760,0.3294,-29.2515,29,0.056941
TEL,74112,10.3553,9.5205,0.0240,-14.6205,15,0.029452
TEL,74212,11.5482,10.6825,-0.8725,17.5594,-14,-0.027489
TEL,74312,12.2939,11.5393,-2.1092,144.0000,-55,-0.107992
TEL,74412,13.7150,13.0254,-3.1099,144.0000,-138,-0.270962
TEL,74512,14.3895,13.7524,-4.0254,144.0000,-144,-0.282743
TEL,74612,14.8899,14.4638,-5.0379,144.0000,-144,-0.282743
TEL,74712,15.0799,14.7730,-5.6552,144.0000,-144,-0.282743
TEL,74812,15.0799,14.9560,-5.8502,144.0000,-144,-0.282743
TEL,74912,14.8899,14.9713,-5.9875,144.0000,-144,-0.282743
TEL,75012,14.3455,14.7952,-5.9318,144.0000,-144,-0.282743
TEL,75112,13.8370,14.5580,-5.7041,144.0000,-144,-0.282743
TEL,75212,12.8782,13.7722,-5.3553,144.0000,-144,-0.282743
TEL,75312,11.9726,12.9155,-4.3811,144.0000,-144,-0.282743
TEL,75412,10.7522,11.5095,-3.4440,144.0000,-144,-0.282743
TEL,75512,9.8085,10.5997,-2.0723,144.0000,-144,-0.282743
TEL,75612,8.4824,9.2372,-1.1421,-65.4441,-108,-0.212057
TEL,75712,6.7961,8.8040,0.1960,-80.6550,-15,-0.029452
TEL,75812,8.5828,8.5342,0.4911,-45.9726,5,0.009817
TEL,75912,9.3326,8.8185,0.3467,-20.0874,41,0.080503
TEL,76012,10.3793,9.5925,-0.2855,3.8861,4,0.007854
TEL,76112,10.6504,9.7044,-0.2614,-63.5552,16,0.031416
TEL,76212,11.8484,11.1083,-1.6533,49.3771,60,0.117810
TEL,76312,12.7714,12.0133,-2.5567,144.0000,-20,-0.039270
TEL,76412,12.8068,12.4016,-3.2149,144.0000,-116,-0.227765
TEL,76512,14.0870,13.2062,-3.7828,144.0000,-144,-0.282743
TEL,76612,14.6585,14.2764,-4.6193,144.0000,-144,-0.282743
TEL,76712,13.0599,13.4043,-4.6271,144.0000,-144,-0.282743
TEL,76812,14.7042,14.0598,-4.7926,144.0000,-144,-0.282743
TEL,76912,14.7965,14.4184,-5.2663,144.0000,-144,-0.282743
TEL,77012,12.6315,14.1425,-5.5124,144.0000,-144,-0.282743
TEL,77112,13.3993,13.7988,-4.9480,144.0000,-144,-0.282743
TEL,77212,12.8424,13.3714,-4.5362,144.0000,-144,-0.282743
TEL,77312,10.2368,12.4420,-4.1836,144.0000,-144,-0.282743
TEL,77412,10.7266,11.0633,-2.2769,144.0000,-144,-0.282743
TEL,77512,10.0978,10.6165,-1.8449,-24.8494,-125,-0.245437
TEL,77612,8.4824,9.5417,-1.0288,-47.2924,-33,-0.064795
TEL,77712,7.7794,9.0868,-0.0868,-75.9871,58,0.113883
TEL,77812,8.4494,8.6539,0.2374,-40.5617,47,0.092284
TEL,77912,9.1578,8.8065,0.3019,-24.1020,27,0.053014
TEL,78012,9.7225,8.9728,0.1971,-28.2376,28,0.054978
TEL,78112,10.7266,9.6064,-0.2264,5.6562,9,0.017671
TEL,78212,11.7266,10.9800,-1.5413,49.3425,-25,-0.049087
TEL,78312,11.4320,11.4162,-2.4069,144.0000,-66,-0.129591
TEL,78412,13.0232,12.2505,-2.9230,144.0000,-141,-0.276853
TEL,78512,13.5950,12.9392,-3.6132,144.0000,-144,-0.282743
TEL,78612,12.3269,12.5522,-3.6851,144.0000,-144,-0.282743
TEL,78712,13.7150,13.0944,-3.8218,144.0000,-144,-0.282743
TEL,78812,14.1295,13.7426,-4.5816,144.0000,-144,-0.282743
TEL,78912,11.2617,13.2127,-4.8020,144.0000,-144,-0.282743
TEL,79012,13.1713,13.0594,-4.0224,144.0000,-144,-0.282743
TEL,79112,12.9142,13.0583,-4.0909,144.0000,-144,-0.282743
TEL,79212,9.5754,12.3443,-3.9154,144.0000,-144,-0.282743
TEL,79312,11.0689,11.5342,-2.8055,144.0000,-144,-0.282743
TEL,79412,10.4520,10.9776,-2.1798,144.0000,-144,-0.282743
TEL,79512,9.8085,10.4850,-1.7485,-24.0247,-125,-0.245437
TEL,79612,8.3518,9.3074,-0.8768,-44.6005,-51,-0.100138
TEL,79712,7.9521,8.8349,0.1651,-77.4830,40,0.078540
TEL,79812,8.5998,8.5143,0.5183,-35.6289,71,0.139408
TEL,79912,8.4494,8.4720,0.5224,-32.0891,32,0.062832
TEL,80012,10.1438,9.1011,0.1994,-1.6588,14,0.027489
TEL,80112,10.8038,9.8935,-0.4753,26.0497,-16,-0.031416
TEL,80212,10.5752,10.2664,-1.1245,-29.5114,-6,-0.011781
TEL,80312,11.8792,10.9769,-1.5829,35.2453,21,0.041233
TEL,80412,12.9867,12.3625,-2.9758,144.0000,-57,-0.111919
TEL,80512,10.7780,12.0340,-3.7133,144.0000,-139,-0.272926
TEL,80612,13.7554,12.9925,-3.6016,144.0000,-144,-0.282743
TEL,80712,14.2152,13.6315,-4.3298,144.0000,-144,-0.282743
TEL,80812,11.3462,13.2754,-5.0012,144.0000,-144,-0.282743
TEL,80912,13.6348,13.2843,-4.1209,144.0000,-144,-0.282743
TEL,81012,13.5950,13.5039,-4.4770,144.0000,-144,-0.282743
TEL,81112,13.3608,13.4693,-4.4911,144.0000,-144,-0.282743
TEL,81212,11.9102,12.3978,-3.6211,144.0000,-144,-0.282743
TEL,81312,11.7266,12.0861,-3.2245,144.0000,-144,-0.282743
TEL,81412,10.7266,11.4422,-2.7009,144.0000,-144,-0.282743
TEL,81512,9.3524,10.1109,-1.6327,-87.5648,-125,-0.245437
TEL,81612,8.7376,9.2881,-0.5508,-37.7682,-31,-0.060868
TEL,81712,8.0713,8.7188,-0.0108,-50.3646,46,0.090321
TEL,81812,7.9816,8.4969,-0.0108,-50.3646,50,0.098175
TEL,81912,9.0446,8.6417,0.4825,-23.4222,25,0.049087
TEL,82012,10.0750,9.2921,0.1907,-2.4299,2,0.003927
TEL,82112,9.0446,9.4380,-0.6116,25.1671,-23,-0.045160
TEL,82212,11.5189,10.4937,-0.6436,12.8468,-13,-0.025525
TEL,82312,12.3600,11.4855,-1.9665,61.5785,-47,-0.092284
TEL,82412,13.1713,12.6047,-2.9293,144.0000,-95,-0.186532
TEL,82512,13.7150,13.1915,-3.6047,144.0000,-144,-0.282743
TEL,82612,14.1722,13.7616,-4.4097,144.0000,-144,-0.282743
TEL,82712,14.3455,14.0271,-4.9173,144.0000,-144,-0.282743
TEL,82812,14.1722,14.1733,-5.1131,144.0000,-144,-0.282743
TEL,82912,14.0027,14.1488,-5.1731,144.0000,-144,-0.282743
TEL,83012,13.3993,13.9578,-5.1070,144.0000,-144,-0.282743
TEL,83112,12.8782,13.6766,-4.9578,144.0000,-144,-0.282743
TEL,83212,11.8484,12.7629,-4.4256,144.0000,-144,-0.282743
TEL,83312,11.1783,11.9621,-3.3669,144.0000,-144,-0.282743
TEL,83412,10.0978,10.7875,-2.5637,144.0000,-144,-0.282743
TEL,83512,9.2541,9.9718,-1.7875,-33.5285,-107,-0.210094
TEL,83612,8.1016,8.7740,-0.5604,-54.0611,-11,-0.021598
TEL,83712,8.2721,8.4349,0.2260,-60.5902,60,0.117810
TEL,83812,9.1961,8.7030,0.5300,-17.0198,28,0.054978
TEL,83912,9.7653,9.0797,0.2970,-3.5885,4,0.007854
TEL,84012,10.7266,9.9753,-0.3363,17.9029,-18,-0.035343
TEL,84112,10.9614,10.2893,-1.0508,7.6167,-8,-0.015708
TEL,84212,12.3269,11.4368,-1.6206,44.4892,-39,-0.076576
TEL,84312,12.8782,12.0702,-2.4368,144.0000,-81,-0.159043
TEL,84412,12.9142,12.0960,-2.5438,144.0000,-144,-0.282743
TEL,84512,13.7961,13.0078,-3.5601,144.0000,-144,-0.282743
TEL,84612,14.3455,13.9427,-4.4066,144.0000,-144,-0.282743
TEL,84712,13.3608,13.1714,-4.0258,144.0000,-144,-0.282743
TEL,84812,14.0027,13.6986,-4.3544,144.0000,-144,-0.282743
TEL,84912,13.7961,13.7736,-4.7670,144.0000,-144,-0.282743
TEL,85012,12.0356,12.8684,-4.7626,144.0000,-144,-0.282743
TEL,85112,12.3600,12.6043,-3.7036,144.0000,-144,-0.282743
TEL,85212,11.6965,12.2150,-3.5091,144.0000,-144,-0.282743
TEL,85312,8.6682,11.1317,-2.9901,144.0000,-144,-0.282743
TEL,85412,9.6170,10.1302,-1.6644,-41.6673,-107,-0.210094
TEL,85512,8.9158,9.5628,-0.8596,-30.7486,-13,-0.025525
TEL,85612,6.7851,9.2474,-0.2474,-44.3351,44,0.086394
TEL,85712,8.2093,8.9135,0.0865,-22.5763,26,0.051051
TEL,85812,9.2932,8.9484,0.1516,-10.2163,16,0.031416
TEL,85912,9.7012,9.2241,-0.0880,4.6123,2,0.003927
TEL,86012,10.3793,9.5113,-0.2071,13.1603,-12,-0.023562
TEL,86112,8.9523,9.5916,-0.9034,44.5110,-20,-0.039270
TEL,86212,12.1635,11.4090,-1.8729,85.4147,-53,-0.104065
TEL,86312,11.5482,11.0477,-2.0477,144.0000,-92,-0.180642
TEL,86412,13.0599,12.4545,-3.0680,144.0000,-144,-0.282743
TEL,86512,10.4764,11.9801,-3.7742,144.0000,-144,-0.282743
TEL,86612,12.8068,12.2340,-2.7284,144.0000,-144,-0.282743
TEL,86712,13.3993,12.9332,-3.9332,144.0000,-144,-0.282743
TEL,86812,13.3225,13.2308,-4.1983,144.0000,-144,-0.282743
TEL,86912,11.2617,12.8809,-3.8809,144.0000,-144,-0.282743
TEL,87012,12.0040,12.4127,-3.5472,144.0000,-144,-0.282743
TEL,87112,11.7266,12.1619,-3.2923,144.0000,-144,-0.282743
TEL,87212,9.4728,11.2249,-2.8078,144.0000,-144,-0.282743
TEL,87312,9.8959,10.4720,-1.4720,-25.6101,-137,-0.268999
TEL,87412,9.1198,9.7172,-0.9773,-20.8840,-50,-0.098175
TEL,87512,8.4003,9.0991,-0.0991,-43.7610,27,0.053014
TEL,87612,8.0713,8.7704,0.2296,-24.1679,35,0.068722
TEL,87712,8.6855,8.6485,0.3515,-11.4418,23,0.045160
TEL,87812,9.3722,8.9622,0.1485,2.2244,10,0.019635
TEL,87912,9.5547,9.0874,-0.0874,-1.3031,-1,-0.001963
TEL,88012,10.7780,9.8934,-0.8934,40.2559,0,0.000000
TEL,88112,11.2897,10.5824,-1.5824,50.9171,-41,-0.080503
TEL,88212,11.2897,10.4103,-1.4103,57.2197,-52,-0.102102
TEL,88312,12.2610,11.3838,-2.3838,144.0000,-58,-0.113883
TEL,88412,10.5503,11.6240,-2.6240,144.0000,-129,-0.253291
TEL,88512,11.5482,11.9622,-2.9622,144.0000,-144,-0.282743
TEL,88612,13.4770,12.7926,-3.4731,144.0000,-144,-0.282743
TEL,88712,13.4381,13.1220,-4.1220,144.0000,-144,-0.282743
TEL,88812,11.4608,12.2932,-3.2932,144.0000,-144,-0.282743
TEL,88912,12.3269,12.3272,-3.3272,144.0000,-144,-0.282743
TEL,89012,12.0356,12.2815,-3.2815,144.0000,-144,-0.282743
TEL,89112,10.1669,11.9272,-2.9272,144.0000,-144,-0.282743
TEL,89212,10.5752,11.0446,-2.0446,144.0000,-144,-0.282743
TEL,89312,10.0978,10.6361,-1.6361,-7.6131,-143,-0.280780
TEL,89412,8.0412,9.5496,-0.5496,-67.9569,-67,-0.131554
TEL,89512,7.9964,9.5496,-0.5496,-67.9569,1,0.001963
TEL,89612,8.2093,9.0504,-0.0504,-17.4617,-31,-0.060868
TEL,89712,8.7376,8.8012,0.1988,-12.4574,15,0.029452
TEL,89812,9.0633,8.9044,0.0956,-5.3540,11,0.021598
TEL,89912,9.7653,9.1590,-0.1590,12.2475,4,0.007854
TEL,90012,10.5256,9.8440,-0.8440,32.4292,-13,-0.025525
TEL,90112,9.9401,9.7634,-0.7634,10.8179,-32,-0.062832
TEL,90212,11.4608,10.5484,-1.5484,53.1295,-11,-0.021598
TEL,90312,11.9413,11.2213,-2.2213,144.0000,-53,-0.104065
TEL,90412,9.7439,10.2450,-1.2450,-16.8669,-123,-0.241510
TEL,90512,12.2610,11.3279,-2.3279,144.0000,-123,-0.241510
TEL,90612,12.8424,12.4361,-3.4361,144.0000,-123,-0.241510
TEL,90712,10.7266,12.0536,-3.0536,144.0000,-144,-0.282743
TEL,90812,12.4606,12.0683,-3.0683,144.0000,-144,-0.282743
TEL,90912,12.3600,12.2103,-3.2103,144.0000,-144,-0.282743
TEL,91012,11.9413,12.1467,-3.1467,144.0000,-144,-0.282743
TEL,91112,11.5482,12.0097,-3.0097,144.0000,-144,-0.282743
TEL,91212,10.7266,11.5441,-2.5441,144.0000,-144,-0.282743
TEL,91312,10.1901,10.9994,-1.9994,-9.3344,-144,-0.282743
TEL,91412,9.0633,9.8963,-0.8963,-37.9923,-72,-0.141372
TEL,91512,8.2093,8.9590,0.0410,-55.0492,21,0.041233
TEL,91612,8.4494,8.4631,0.5369,-10.5997,55,0.107992
TEL,91712,8.9523,8.6041,0.3959,1.5121,11,0.021598
TEL,91812,9.7439,9.0926,-0.0926,18.2167,-2,-0.003927
TEL,91912,10.3553,9.6051,-0.6051,34.6199,-18,-0.035343
TEL,92012,11.0418,10.4291,-1.4291,45.8240,-35,-0.068722
TEL,92112,11.5482,10.9522,-1.9522,52.3079,-46,-0.090321
TEL,92212,12.0992,11.6402,-2.6402,144.0000,-52,-0.102102
TEL,92312,12.6315,12.0714,-3.0714,144.0000,-123,-0.241510
TEL,92412,13.0969,12.6187,-3.6187,144.0000,-144,-0.282743
TEL,92512,13.0599,12.8208,-3.8208,144.0000,-144,-0.282743
TEL,92612,11.1783,12.6280,-3.6280,144.0000,-144,-0.282743
TEL,92712,12.2939,12.2990,-3.2990,144.0000,-144,-0.282743
TEL,92812,12.5626,12.4153,-3.4153,144.0000,-144,-0.282743
TEL,92912,12.2283,12.3701,-3.3701,144.0000,-144,-0.282743
TEL,93012,10.8821,11.7555,-2.7555,144.0000,-144,-0.282743
TEL,93112,10.8038,11.3541,-2.3541,144.0000,-144,-0.282743
TEL,93212,10.0523,10.6771,-1.6771,-5.4781,-144,-0.282743
TEL,93312,8.4824,9.4827,-0.4827,-61.2636,-73,-0.143335
TEL,93412,8.3518,8.7982,0.2018,-26.6064,23,0.045160
TEL,93512,8.0562,8.4388,0.5612,-24.5522,46,0.090321
TEL,93612,7.8219,8.3864,0.5612,-24.5522,25,0.049087
