BALL_BEAM_BOOT
HELP,keys
STATE,SAFE_DISABLED
SENSORS,angle=bad,pos=bad
MEAS,theta_deg=0.0000,x_cm=0.0000,x_filt_cm=0.0000
AGE,angle_ms=0,pos_ms=0
FAULTS,bits=0
CAL,zero_calibrated=yes,limits_calibrated=yes,sign_calibrated=yes
CAL_STORE,status=loaded
SONAR_CFG,s=-1,m=o,u=1
ACT_CFG,t=20.9619,s=m,c=a
TEL,enabled=1
FAULT_INFO,bits=0
FAULT_INFO,mode=bringup_warning
FAULT_INFO,none
TEL,350,SAFE_DISABLED,6.0180,6.0180,-4.5264,0.0000,0.00,0,0.0000
TEL,450,SAFE_DISABLED,6.0180,6.0180,-4.5264,0.0000,0.00,0,0.0000
TEL,550,SAFE_DISABLED,6.0180,6.0180,-4.5264,0.0000,0.00,0,0.0000
TEL,650,SAFE_DISABLED,6.0180,6.0180,-4.5264,0.0000,0.00,0,0.0000
TEL,750,SAFE_DISABLED,6.0180,6.0180,-4.5264,0.0000,0.00,0,0.0000
TEL,850,SAFE_DISABLED,6.0180,6.0180,-4.5264,0.0000,0.00,0,0.0000
TEL,950,SAFE_DISABLED,6.0180,6.0180,-4.5264,0.0000,0.00,0,0.0000
TEL,1050,SAFE_DISABLED,6.0180,6.0180,-4.5264,0.0000,0.00,0,0.0000
TEL,1150,SAFE_DISABLED,6.0180,6.0180,-4.5264,0.0000,0.00,0,0.0000
TEL,1250,SAFE_DISABLED,6.0180,6.0180,-4.5264,0.0000,0.00,0,0.0000
TEL,1350,SAFE_DISABLED,6.0180,6.0180,-4.5264,0.0000,0.00,0,0.0000
TEL,1451,SAFE_DISABLED,6.0180,6.0180,-4.5264,0.0000,0.00,0,0.0000
TEL,1551,SAFE_DISABLED,6.0180,6.0180,-4.5264,0.0000,0.00,0,0.0000
TEL,1651,SAFE_DISABLED,6.0180,6.0180,-4.5264,0.0000,0.00,0,0.0000
TEL,1751,SAFE_DISABLED,6.0180,6.0180,-4.5264,0.0000,0.00,0,0.0000
TEL,1851,SAFE_DISABLED,6.0180,6.0180,-4.5264,0.0000,0.00,0,0.0000
TEL,1951,SAFE_DISABLED,6.0180,6.0180,-4.5264,0.0000,0.00,0,0.0000
TEL,2051,SAFE_DISABLED,6.0180,6.0180,-4.5264,0.0000,0.00,0,0.0000
TEL,2151,SAFE_DISABLED,6.0180,6.0180,-4.5264,0.0000,0.00,0,0.0000
TEL,2251,SAFE_DISABLED,6.0180,6.0180,-4.5264,0.0000,0.00,0,0.0000
TEL,2351,SAFE_DISABLED,6.0180,6.0180,-4.5264,0.0000,0.00,0,0.0000
TEL,2451,SAFE_DISABLED,6.0180,6.0180,-4.5264,0.0000,0.00,0,0.0000
TEL,2551,SAFE_DISABLED,6.0180,6.0180,-4.5264,0.0000,0.00,0,0.0000
TEL,2651,SAFE_DISABLED,6.0180,6.0180,-4.5264,0.0000,0.00,0,0.0000
TEL,2751,SAFE_DISABLED,6.0180,6.0180,-4.5264,0.0000,0.00,0,0.0000
TEL,2851,SAFE_DISABLED,6.0180,6.0180,-4.5264,0.0000,0.00,0,0.0000
TEL,2951,SAFE_DISABLED,6.0180,6.0180,-4.5264,0.0000,0.00,0,0.0000
TEL,3051,SAFE_DISABLED,6.0180,6.0180,-4.5264,0.0000,0.00,0,0.0000
TEL,3151,SAFE_DISABLED,6.0180,6.0180,-4.5264,0.0000,0.00,0,0.0000
TEL,3251,SAFE_DISABLED,6.0180,6.0180,-4.5264,0.0000,0.00,0,0.0000
TEL,3351,SAFE_DISABLED,6.0180,6.0180,-4.5264,0.0000,0.00,0,0.0000
TEL,3451,SAFE_DISABLED,6.0180,6.0180,-4.5264,0.0000,0.00,0,0.0000
TEL,3551,SAFE_DISABLED,6.0180,6.0180,-4.5264,0.0000,0.00,0,0.0000
TEL,3651,SAFE_DISABLED,6.0180,6.0180,-4.5264,0.0000,0.00,0,0.0000
TEL,3751,SAFE_DISABLED,6.0180,6.0180,-4.5264,0.0000,0.00,0,0.0000
TEL,3851,SAFE_DISABLED,6.0180,6.0180,-4.5264,0.0000,0.00,0,0.0000
TEL,3951,SAFE_DISABLED,6.0180,6.0180,-4.5264,0.0000,0.00,0,0.0000
TEL,4051,SAFE_DISABLED,6.0180,6.0324,-4.5327,0.0000,0.00,0,0.0000
TEL,4151,SAFE_DISABLED,6.0180,6.0230,-4.5274,0.0000,0.00,0,0.0000
TEL,4251,SAFE_DISABLED,6.0180,6.0204,-4.5265,0.0000,0.00,0,0.0000
TEL,4352,SAFE_DISABLED,6.0180,6.0289,-4.5264,0.0000,0.00,0,0.0000
TEL,4452,SAFE_DISABLED,6.0180,6.0234,-4.5264,0.0000,0.00,0,0.0000
TEL,4552,SAFE_DISABLED,6.0180,6.0199,-4.5264,0.0000,0.00,0,0.0000
TEL,4652,SAFE_DISABLED,6.0180,6.0189,-4.5264,0.0000,0.00,0,0.0000
TEL,4752,SAFE_DISABLED,6.0180,6.0183,-4.5264,0.0000,0.00,0,0.0000
TEL,4852,SAFE_DISABLED,6.0180,6.0182,-4.5264,0.0000,0.00,0,0.0000
TEL,4952,SAFE_DISABLED,6.0180,6.0181,-4.5264,0.0000,0.00,0,0.0000
TEL,5052,SAFE_DISABLED,6.0180,6.0180,-4.5264,0.0000,0.00,0,0.0000
TEL,5152,SAFE_DISABLED,6.0180,6.0180,-4.5264,0.0000,0.00,0,0.0000
TEL,5252,SAFE_DISABLED,6.0180,6.0180,-4.5264,0.0000,0.00,0,0.0000
TEL,5352,SAFE_DISABLED,6.0180,6.0180,-4.5264,0.0000,0.00,0,0.0000
TEL,5452,SAFE_DISABLED,6.0180,6.0180,-4.5264,0.0000,0.00,0,0.0000
TEL,5552,SAFE_DISABLED,6.0180,6.0180,-4.5264,0.0000,0.00,0,0.0000
TEL,5652,SAFE_DISABLED,6.0180,6.0180,-4.5264,0.0000,0.00,0,0.0000
TEL,5752,SAFE_DISABLED,6.0180,6.0180,-4.5264,0.0000,0.00,0,0.0000
TEL,5852,SAFE_DISABLED,6.0180,6.0180,-4.5264,0.0000,0.00,0,0.0000
TEL,5952,SAFE_DISABLED,6.0180,6.0180,-4.5264,0.0000,0.00,0,0.0000
TEL,6052,SAFE_DISABLED,6.0180,6.0180,-4.5264,0.0000,0.00,0,0.0000
TEL,6152,SAFE_DISABLED,6.0180,6.0180,-4.5264,0.0000,0.00,0,0.0000
TEL,6252,SAFE_DISABLED,6.0180,6.0180,-4.5264,0.0000,0.00,0,0.0000
TEL,6352,SAFE_DISABLED,6.0180,6.0180,-4.5264,0.0000,0.00,0,0.0000
TEL,6452,SAFE_DISABLED,6.0180,6.0180,-4.5264,0.0000,0.00,0,0.0000
TEL,6552,SAFE_DISABLED,6.0180,6.0180,-4.5264,0.0000,0.00,0,0.0000
TEL,6652,SAFE_DISABLED,6.0180,6.0180,-4.5264,0.0000,0.00,0,0.0000
TEL,6752,SAFE_DISABLED,6.0180,6.0180,-4.5264,0.0000,0.00,0,0.0000
TEL,6852,SAFE_DISABLED,6.0180,6.0180,-4.5264,0.0000,0.00,0,0.0000
TEL,6952,SAFE_DISABLED,6.0180,6.0180,-4.5264,0.0000,0.00,0,0.0000
TEL,7052,SAFE_DISABLED,6.0180,6.0180,-4.5264,0.0000,0.00,0,0.0000
TEL,7152,SAFE_DISABLED,6.0180,6.0180,-4.5264,0.0000,0.00,0,0.0000
TEL,7252,SAFE_DISABLED,6.0180,6.0180,-4.5264,0.0000,0.00,0,0.0000
TEL,7352,SAFE_DISABLED,6.0180,6.0180,-4.5264,0.0000,0.00,0,0.0000
TEL,7452,SAFE_DISABLED,6.0180,6.0180,-4.5264,0.0000,0.00,0,0.0000
TEL,7552,SAFE_DISABLED,6.0180,6.0180,-4.5264,0.0000,0.00,0,0.0000
TEL,7652,SAFE_DISABLED,6.0180,6.0180,-4.5264,0.0000,0.00,0,0.0000
TEL,7752,SAFE_DISABLED,6.0180,6.0180,-4.5264,0.0000,0.00,0,0.0000
TEL,7852,SAFE_DISABLED,6.0180,6.0180,-4.5393,0.0000,0.00,0,0.0000
TEL,7952,SAFE_DISABLED,6.0180,6.0180,-4.5285,0.0000,0.00,0,0.0000
TEL,8052,SAFE_DISABLED,6.0180,6.0180,-4.5267,0.0000,0.00,0,0.0000
TEL,8152,SAFE_DISABLED,6.0180,6.0180,-4.5264,0.0000,0.00,0,0.0000
TEL,8252,SAFE_DISABLED,6.0180,6.0180,-4.5264,0.0000,0.00,0,0.0000
TEL,8352,SAFE_DISABLED,6.0180,6.0180,-4.5264,0.0000,0.00,0,0.0000
TEL,8452,SAFE_DISABLED,6.0180,6.0180,-4.5264,0.0000,0.00,0,0.0000
TEL,8552,SAFE_DISABLED,6.0180,6.0180,-4.5264,0.0000,0.00,0,0.0000
TEL,8652,SAFE_DISABLED,6.0180,6.0180,-4.5264,0.0000,0.00,0,0.0000
TEL,8752,SAFE_DISABLED,6.0180,6.0180,-4.5264,0.0000,0.00,0,0.0000
TEL,8852,SAFE_DISABLED,6.0180,6.0180,-4.5264,0.0000,0.00,0,0.0000
TEL,8952,SAFE_DISABLED,6.0180,6.0180,-4.5264,0.0000,0.00,0,0.0000
TEL,9052,SAFE_DISABLED,6.0180,6.0180,-4.5264,0.0000,0.00,0,0.0000
TEL,9152,SAFE_DISABLED,6.0180,6.0180,-4.5264,0.0000,0.00,0,0.0000
TEL,9252,SAFE_DISABLED,6.0180,6.0180,-4.5527,0.0000,0.00,0,0.0000
TEL,9352,SAFE_DISABLED,6.0180,6.0180,-4.5308,0.0000,0.00,0,0.0000
TEL,9452,SAFE_DISABLED,6.0180,6.0180,-4.5271,0.0000,0.00,0,0.0000
TEL,9552,SAFE_DISABLED,6.0180,6.0180,-4.5265,0.0000,0.00,0,0.0000
TEL,9652,SAFE_DISABLED,6.0180,6.0180,-4.5264,0.0000,0.00,0,0.0000
TEL,9752,SAFE_DISABLED,6.0180,6.0180,-4.5264,0.0000,0.00,0,0.0000
TEL,9852,SAFE_DISABLED,6.0180,6.0180,-4.5264,0.0000,0.00,0,0.0000
TEL,9952,SAFE_DISABLED,6.0180,6.0180,-4.5264,0.0000,0.00,0,0.0000
TEL,10052,SAFE_DISABLED,6.0180,6.0180,-4.5264,0.0000,0.00,0,0.0000
TEL,10152,SAFE_DISABLED,6.0180,6.0180,-4.5841,0.0000,0.00,0,0.0000
TEL,10252,SAFE_DISABLED,6.0180,6.0180,-4.5361,0.0000,0.00,0,0.0000
TEL,10352,SAFE_DISABLED,6.0180,6.0180,-4.5921,0.0000,0.00,0,0.0000
TEL,10452,SAFE_DISABLED,6.0180,6.0180,-4.6105,0.0000,0.00,0,0.0000
TEL,10552,SAFE_DISABLED,6.0180,6.0180,-5.6552,0.0000,0.00,0,0.0000
TEL,10652,SAFE_DISABLED,6.0180,6.0180,-6.1336,0.0000,0.00,0,0.0000
TEL,10752,SAFE_DISABLED,6.0180,6.0180,-6.1126,0.0000,0.00,0,0.0000
TEL,10852,SAFE_DISABLED,6.0180,6.0180,-6.1822,0.0000,0.00,0,0.0000
TEL,10952,SAFE_DISABLED,6.0180,6.0180,-6.1939,0.0000,0.00,0,0.0000
TEL,11052,SAFE_DISABLED,6.0180,6.0180,-6.1959,0.0000,0.00,0,0.0000
TEL,11152,SAFE_DISABLED,6.0180,6.0180,-6.1962,0.0000,0.00,0,0.0000
TEL,11252,SAFE_DISABLED,6.0180,6.0180,-6.1963,0.0000,0.00,0,0.0000
TEL,11352,SAFE_DISABLED,6.0180,6.0180,-6.1963,0.0000,0.00,0,0.0000
TEL,11452,SAFE_DISABLED,6.0180,6.0180,-6.1963,0.0000,0.00,0,0.0000
TEL,11552,SAFE_DISABLED,6.0180,6.0180,-6.1963,0.0000,0.00,0,0.0000
TEL,11652,SAFE_DISABLED,6.0180,6.0180,-6.1963,0.0000,0.00,0,0.0000
TEL,11752,SAFE_DISABLED,6.0180,6.0180,-6.1963,0.0000,0.00,0,0.0000
TEL,11852,SAFE_DISABLED,6.0180,6.0180,-6.1963,0.0000,0.00,0,0.0000
TEL,11952,SAFE_DISABLED,6.0180,6.0180,-6.1963,0.0000,0.00,0,0.0000
TEL,12052,SAFE_DISABLED,6.0180,6.0180,-6.1963,0.0000,0.00,0,0.0000
TEL,12152,SAFE_DISABLED,6.0180,6.0180,-6.1963,0.0000,0.00,0,0.0000
TEL,12252,SAFE_DISABLED,6.0180,6.0180,-6.1963,0.0000,0.00,0,0.0000
TEL,12352,SAFE_DISABLED,6.0180,6.0180,-6.1963,0.0000,0.00,0,0.0000
TEL,12452,SAFE_DISABLED,6.0180,6.0180,-6.1963,0.0000,0.00,0,0.0000
TEL,12552,SAFE_DISABLED,6.0180,6.0180,-6.1963,0.0000,0.00,0,0.0000
TEL,12652,SAFE_DISABLED,6.0180,6.0180,-6.1963,0.0000,0.00,0,0.0000
TEL,12752,SAFE_DISABLED,6.0180,6.0180,-6.1963,0.0000,0.00,0,0.0000
TEL,12852,SAFE_DISABLED,6.0180,6.0180,-6.1963,0.0000,0.00,0,0.0000
TEL,12952,SAFE_DISABLED,6.0180,6.0180,-6.1963,0.0000,0.00,0,0.0000
TEL,13052,SAFE_DISABLED,6.0180,6.0180,-6.1963,0.0000,0.00,0,0.0000
TEL,13152,SAFE_DISABLED,6.0180,6.0180,-6.1963,0.0000,0.00,0,0.0000
TEL,13252,SAFE_DISABLED,6.0180,6.0180,-6.1963,0.0000,0.00,0,0.0000
TEL,13352,SAFE_DISABLED,6.0180,6.0180,-6.1963,0.0000,0.00,0,0.0000
TEL,13452,SAFE_DISABLED,6.0180,6.0180,-6.1963,0.0000,0.00,0,0.0000
TEL,13552,SAFE_DISABLED,6.0180,6.0180,-6.1963,0.0000,0.00,0,0.0000
TEL,13652,SAFE_DISABLED,6.0180,6.0180,-6.1963,0.0000,0.00,0,0.0000
TEL,13752,SAFE_DISABLED,6.0180,6.0180,-6.1963,0.0000,0.00,0,0.0000
TEL,13852,SAFE_DISABLED,6.0180,6.0180,-6.1963,0.0000,0.00,0,0.0000
TEL,13952,SAFE_DISABLED,6.0180,6.0180,-6.1963,0.0000,0.00,0,0.0000
TEL,14052,SAFE_DISABLED,6.0180,6.0180,-6.1963,0.0000,0.00,0,0.0000
TEL,14152,SAFE_DISABLED,6.0180,6.0180,-6.1963,0.0000,0.00,0,0.0000
TEL,14252,SAFE_DISABLED,6.0180,6.0180,-6.1963,0.0000,0.00,0,0.0000
TEL,14352,SAFE_DISABLED,6.0180,6.0180,-6.1963,0.0000,0.00,0,0.0000
TEL,14452,SAFE_DISABLED,6.0180,6.0180,-6.1963,0.0000,0.00,0,0.0000
TEL,14552,SAFE_DISABLED,6.0180,6.0180,-6.1963,0.0000,0.00,0,0.0000
TEL,14652,SAFE_DISABLED,6.0180,6.0180,-6.1963,0.0000,0.00,0,0.0000
TEL,14752,SAFE_DISABLED,6.0180,6.0180,-6.1963,0.0000,0.00,0,0.0000
TEL,14852,SAFE_DISABLED,6.0180,6.0180,-6.1963,0.0000,0.00,0,0.0000
TEL,14952,SAFE_DISABLED,6.0180,6.0180,-6.1963,0.0000,0.00,0,0.0000
TEL,15052,SAFE_DISABLED,6.0180,6.0180,-6.1963,0.0000,0.00,0,0.0000
STATE,SAFE_DISABLED
SENSORS,angle=ok,pos=ok
MEAS,theta_deg=-6.1963,x_cm=6.0180,x_filt_cm=6.0180
AGE,angle_ms=6,pos_ms=16
FAULTS,bits=0
CAL,zero_calibrated=yes,limits_calibrated=yes,sign_calibrated=yes
CAL_STORE,status=loaded
SONAR_CFG,s=-1,m=o,u=1
ACT_CFG,t=20.9619,s=m,c=a
TEL,enabled=1
FAULT_INFO,bits=0
FAULT_INFO,mode=bringup_warning
FAULT_INFO,none
TEL,15156,SAFE_DISABLED,6.0180,6.0180,-6.1963,0.0000,0.00,0,0.0000
TEL,15257,SAFE_DISABLED,6.0180,6.0180,-6.1963,0.0000,0.00,0,0.0000
TEL,15357,SAFE_DISABLED,6.0180,6.0180,-6.1963,0.0000,0.00,0,0.0000
TEL,15457,SAFE_DISABLED,6.0180,6.0180,-6.1963,0.0000,0.00,0,0.0000
TEL,15557,SAFE_DISABLED,6.0180,6.0180,-6.1963,0.0000,0.00,0,0.0000
TEL,15657,SAFE_DISABLED,6.0180,6.0180,-6.1963,0.0000,0.00,0,0.0000
TEL,15757,SAFE_DISABLED,6.0180,6.0180,-6.1963,0.0000,0.00,0,0.0000
TEL,15857,SAFE_DISABLED,6.0180,6.0180,-6.1963,0.0000,0.00,0,0.0000
TEL,15958,SAFE_DISABLED,6.0180,6.0180,-6.1963,0.0000,0.00,0,0.0000
TEL,16058,SAFE_DISABLED,6.0180,6.0180,-6.1963,0.0000,0.00,0,0.0000
TEL,16158,SAFE_DISABLED,6.0180,6.0180,-6.1963,0.0000,0.00,0,0.0000
TEL,16258,SAFE_DISABLED,6.0180,6.0180,-6.1963,0.0000,0.00,0,0.0000
TEL,16358,SAFE_DISABLED,6.0180,6.0180,-6.1963,0.0000,0.00,0,0.0000
TEL,16458,SAFE_DISABLED,6.0180,6.0180,-6.1963,0.0000,0.00,0,0.0000
TEL,16558,SAFE_DISABLED,6.0180,6.0180,-6.1963,0.0000,0.00,0,0.0000
TEL,16658,SAFE_DISABLED,6.0180,6.0180,-6.1963,0.0000,0.00,0,0.0000
TEL,16758,SAFE_DISABLED,6.0180,6.0180,-6.1963,0.0000,0.00,0,0.0000
TEL,16858,SAFE_DISABLED,6.0180,6.0180,-6.1963,0.0000,0.00,0,0.0000
TEL,16958,SAFE_DISABLED,6.0180,6.0180,-6.1963,0.0000,0.00,0,0.0000
TEL,17058,SAFE_DISABLED,6.0180,6.0180,-6.1963,0.0000,0.00,0,0.0000
TEL,17158,SAFE_DISABLED,6.0180,6.0180,-6.1963,0.0000,0.00,0,0.0000
TEL,17258,SAFE_DISABLED,6.0180,6.0180,-6.1963,0.0000,0.00,0,0.0000
TEL,17358,SAFE_DISABLED,6.0180,6.0180,-6.1963,0.0000,0.00,0,0.0000
TEL,17458,SAFE_DISABLED,6.0180,6.0180,-6.1963,0.0000,0.00,0,0.0000
TEL,17558,SAFE_DISABLED,6.0180,6.0180,-6.1963,0.0000,0.00,0,0.0000
TEL,17658,SAFE_DISABLED,6.0180,6.0180,-6.1963,0.0000,0.00,0,0.0000
TEL,17758,SAFE_DISABLED,6.0180,6.0180,-6.1963,0.0000,0.00,0,0.0000
TEL,17858,SAFE_DISABLED,6.0180,6.0180,-6.1963,0.0000,0.00,0,0.0000
TEL,17958,SAFE_DISABLED,6.0180,6.0180,-6.1963,0.0000,0.00,0,0.0000
TEL,18058,SAFE_DISABLED,6.0180,6.0180,-6.1963,0.0000,0.00,0,0.0000
TEL,18158,SAFE_DISABLED,6.0180,6.0180,-6.1963,0.0000,0.00,0,0.0000
TEL,18258,SAFE_DISABLED,6.0180,6.0180,-6.1963,0.0000,0.00,0,0.0000
TEL,18358,SAFE_DISABLED,6.0180,6.0180,-6.1963,0.0000,0.00,0,0.0000
TEL,18458,SAFE_DISABLED,6.0180,6.0180,-6.1963,0.0000,0.00,0,0.0000
TEL,18558,SAFE_DISABLED,6.0180,6.0180,-6.1963,0.0000,0.00,0,0.0000
TEL,18658,SAFE_DISABLED,6.0180,6.0180,-6.1963,0.0000,0.00,0,0.0000
TEL,18758,SAFE_DISABLED,6.0180,6.0180,-6.1963,0.0000,0.00,0,0.0000
TEL,18859,SAFE_DISABLED,6.0180,6.0180,-6.1963,0.0000,0.00,0,0.0000
TEL,18959,SAFE_DISABLED,6.0180,6.0180,-6.1963,0.0000,0.00,0,0.0000
TEL,19059,SAFE_DISABLED,6.0180,6.0180,-6.1963,0.0000,0.00,0,0.0000
TEL,19159,SAFE_DISABLED,6.0180,6.0180,-6.1963,0.0000,0.00,0,0.0000
TEL,19259,SAFE_DISABLED,6.0180,6.0180,-6.1963,0.0000,0.00,0,0.0000
TEL,19359,SAFE_DISABLED,6.0180,6.0180,-6.1963,0.0000,0.00,0,0.0000
TEL,19459,SAFE_DISABLED,6.0180,6.0180,-6.1963,0.0000,0.00,0,0.0000
TEL,19559,SAFE_DISABLED,6.0180,6.0180,-6.1963,0.0000,0.00,0,0.0000
TEL,19659,SAFE_DISABLED,6.0180,6.0180,-6.1963,0.0000,0.00,0,0.0000
TEL,19759,SAFE_DISABLED,6.0180,6.0180,-6.1963,0.0000,0.00,0,0.0000
TEL,19859,SAFE_DISABLED,6.0180,6.0180,-6.1963,0.0000,0.00,0,0.0000
TEL,19959,SAFE_DISABLED,6.0180,6.0180,-6.1963,0.0000,0.00,0,0.0000
TEL,20059,SAFE_DISABLED,6.0180,6.0180,-6.1963,0.0000,0.00,0,0.0000
TEL,20159,SAFE_DISABLED,6.0180,6.0180,-6.1963,0.0000,0.00,0,0.0000
TEL,20259,SAFE_DISABLED,6.0180,6.0180,-6.1963,0.0000,0.00,0,0.0000
OK,cal_reset_saved
TEL,20363,SAFE_DISABLED,6.0180,6.0180,-36.6504,0.0000,0.00,0,0.0000
TEL,20463,SAFE_DISABLED,8.2694,8.2694,-36.6504,0.0000,0.00,0,0.0000
TEL,20563,SAFE_DISABLED,8.2694,8.2694,-36.6504,0.0000,0.00,0,0.0000
TEL,20663,SAFE_DISABLED,8.2694,8.2694,-36.6504,0.0000,0.00,0,0.0000
TEL,20763,SAFE_DISABLED,8.2694,8.2694,-36.6504,0.0000,0.00,0,0.0000
TEL,20864,SAFE_DISABLED,8.2694,8.2694,-36.6504,0.0000,0.00,0,0.0000
TEL,20964,SAFE_DISABLED,8.2694,8.2694,-36.6504,0.0000,0.00,0,0.0000
TEL,21064,SAFE_DISABLED,8.2694,8.2694,-36.6504,0.0000,0.00,0,0.0000
TEL,21164,SAFE_DISABLED,8.2694,8.2694,-36.6504,0.0000,0.00,0,0.0000
TEL,21264,SAFE_DISABLED,8.2694,8.2694,-36.6504,0.0000,0.00,0,0.0000
TEL,21364,SAFE_DISABLED,8.2694,8.2694,-36.6504,0.0000,0.00,0,0.0000
TEL,21464,SAFE_DISABLED,8.2694,8.2694,-36.6504,0.0000,0.00,0,0.0000
TEL,21564,SAFE_DISABLED,8.2694,8.2694,-36.6504,0.0000,0.00,0,0.0000
TEL,21664,SAFE_DISABLED,8.2694,8.2694,-36.6504,0.0000,0.00,0,0.0000
TEL,21764,SAFE_DISABLED,8.2694,8.2694,-36.6504,0.0000,0.00,0,0.0000
TEL,21864,SAFE_DISABLED,8.2694,8.2694,-36.6504,0.0000,0.00,0,0.0000
TEL,21964,SAFE_DISABLED,8.2694,8.2694,-36.6504,0.0000,0.00,0,0.0000
TEL,22064,SAFE_DISABLED,8.2694,8.2694,-36.6504,0.0000,0.00,0,0.0000
TEL,22164,SAFE_DISABLED,8.2694,8.2694,-36.6504,0.0000,0.00,0,0.0000
TEL,22264,SAFE_DISABLED,8.2694,8.2694,-36.6504,0.0000,0.00,0,0.0000
TEL,22364,SAFE_DISABLED,8.2694,8.2694,-36.6504,0.0000,0.00,0,0.0000
TEL,22464,SAFE_DISABLED,8.2694,8.2694,-36.6504,0.0000,0.00,0,0.0000
TEL,22564,SAFE_DISABLED,8.2694,8.2694,-36.6504,0.0000,0.00,0,0.0000
TEL,22664,SAFE_DISABLED,8.2694,8.2694,-36.6504,0.0000,0.00,0,0.0000
TEL,22764,SAFE_DISABLED,8.2694,8.2694,-36.6504,0.0000,0.00,0,0.0000
TEL,22864,SAFE_DISABLED,8.2694,8.2694,-36.6504,0.0000,0.00,0,0.0000
TEL,22964,SAFE_DISABLED,8.2694,8.2694,-36.6504,0.0000,0.00,0,0.0000
TEL,23064,SAFE_DISABLED,8.2694,8.2694,-33.9785,0.0000,0.00,0,0.0000
TEL,23164,SAFE_DISABLED,8.2694,8.2694,-29.8400,0.0000,0.00,0,0.0000
TEL,23264,SAFE_DISABLED,8.2694,8.2694,-24.4520,0.0000,0.00,0,0.0000
TEL,23364,SAFE_DISABLED,8.2008,8.2488,-18.5750,0.0000,0.00,0,0.0000
TEL,23464,SAFE_DISABLED,7.9264,8.1350,-16.5027,0.0000,0.00,0,0.0000
TEL,23564,SAFE_DISABLED,7.7892,7.9586,-16.1543,0.0000,0.00,0,0.0000
TEL,23664,SAFE_DISABLED,7.1032,7.4758,-16.0958,0.0000,0.00,0,0.0000
TEL,23764,SAFE_DISABLED,7.1032,7.2858,-16.0860,0.0000,0.00,0,0.0000
TEL,23864,SAFE_DISABLED,6.8974,7.0508,-16.0843,0.0000,0.00,0,0.0000
TEL,23964,SAFE_DISABLED,6.4858,6.8059,-16.0840,0.0000,0.00,0,0.0000
TEL,24064,SAFE_DISABLED,5.5254,6.1144,-16.0840,0.0000,0.00,0,0.0000
TEL,24164,SAFE_DISABLED,4.5650,5.4683,-16.0840,0.0000,0.00,0,0.0000
TEL,24264,SAFE_DISABLED,3.6916,4.4198,-16.0840,0.0000,0.00,0,0.0000
TEL,24364,SAFE_DISABLED,3.1244,3.8744,-16.0840,0.0000,0.00,0,0.0000
TEL,24464,SAFE_DISABLED,2.5756,3.0946,-16.0840,0.0000,0.00,0,0.0000
TEL,24564,SAFE_DISABLED,1.4278,2.4423,-16.0840,0.0000,0.00,0,0.0000
TEL,24664,SAFE_DISABLED,-0.2186,0.8999,-16.0840,0.0000,0.00,0,0.0000
TEL,24764,SAFE_DISABLED,-0.6302,0.1628,-16.0840,0.0000,0.00,0,0.0000
TEL,24864,SAFE_DISABLED,-2.8756,-1.3029,-16.0840,0.0000,0.00,0,0.0000
TEL,24964,SAFE_DISABLED,-3.4244,-2.3417,-16.0840,0.0000,0.00,0,0.0000
TEL,25064,SAFE_DISABLED,-4.4902,-3.5509,-16.0840,0.0000,0.00,0,0.0000
TEL,25164,SAFE_DISABLED,-4.9018,-4.1707,-16.0840,0.0000,0.00,0,0.0000
TEL,25264,SAFE_DISABLED,-5.7250,-4.9945,-16.0840,0.0000,0.00,0,0.0000
TEL,25364,SAFE_DISABLED,-5.7250,-5.3671,-16.0840,0.0000,0.00,0,0.0000
TEL,25464,SAFE_DISABLED,-5.7936,-5.6473,-16.0840,0.0000,0.00,0,0.0000
TEL,25564,SAFE_DISABLED,-6.1366,-5.8248,-16.0840,0.0000,0.00,0,0.0000
TEL,25664,SAFE_DISABLED,-5.7936,-5.8547,-16.0840,0.0000,0.00,0,0.0000
TEL,25764,SAFE_DISABLED,-5.3820,-5.7001,-16.0840,0.0000,0.00,0,0.0000
TEL,25864,SAFE_DISABLED,-5.3134,-5.4460,-16.0840,0.0000,0.00,0,0.0000
TEL,25964,SAFE_DISABLED,-5.3134,-5.3784,-16.0840,0.0000,0.00,0,0.0000
TEL,26064,SAFE_DISABLED,-4.9704,-5.2328,-16.0840,0.0000,0.00,0,0.0000
TEL,26164,SAFE_DISABLED,-5.3134,-5.2019,-16.0840,0.0000,0.00,0,0.0000
TEL,26264,SAFE_DISABLED,-5.3134,-5.2751,-16.0840,0.0000,0.00,0,0.0000
TEL,26364,SAFE_DISABLED,-5.3134,-5.2947,-16.0840,0.0000,0.00,0,0.0000
TEL,26464,SAFE_DISABLED,-5.3820,-5.3276,-16.0840,0.0000,0.00,0,0.0000
TEL,26564,SAFE_DISABLED,-5.7936,-5.5508,-16.0840,0.0000,0.00,0,0.0000
TEL,26664,SAFE_DISABLED,-5.7250,-5.8122,-16.0840,0.0000,0.00,0,0.0000
TEL,26764,SAFE_DISABLED,-5.7250,-5.7677,-16.0840,0.0000,0.00,0,0.0000
TEL,26864,SAFE_DISABLED,-6.2052,-6.0451,-16.0840,0.0000,0.00,0,0.0000
TEL,26964,SAFE_DISABLED,-6.2052,-6.1267,-16.0840,0.0000,0.00,0,0.0000
TEL,27064,SAFE_DISABLED,-6.5482,-6.4036,-16.0840,0.0000,0.00,0,0.0000
TEL,27164,SAFE_DISABLED,-6.5482,-6.4774,-16.0840,0.0000,0.00,0,0.0000
TEL,27264,SAFE_DISABLED,-6.2052,-6.2986,-16.0840,0.0000,0.00,0,0.0000
TEL,27364,SAFE_DISABLED,-6.2052,-6.2509,-16.0840,0.0000,0.00,0,0.0000
TEL,27464,SAFE_DISABLED,-6.2052,-6.2209,-16.0840,0.0000,0.00,0,0.0000
TEL,27564,SAFE_DISABLED,-6.2052,-6.2129,-16.0840,0.0000,0.00,0,0.0000
TEL,27664,SAFE_DISABLED,-6.2052,-6.2078,-16.0840,0.0000,0.00,0,0.0000
TEL,27764,SAFE_DISABLED,-6.2052,-6.2065,-16.0840,0.0000,0.00,0,0.0000
TEL,27864,SAFE_DISABLED,-6.6168,-6.4761,-16.0840,0.0000,0.00,0,0.0000
TEL,27964,SAFE_DISABLED,-6.6168,-6.5478,-16.0840,0.0000,0.00,0,0.0000
TEL,28064,SAFE_DISABLED,-6.6168,-6.5931,-16.0840,0.0000,0.00,0,0.0000
TEL,28164,SAFE_DISABLED,-6.6168,-6.6052,-16.0840,0.0000,0.00,0,0.0000
TEL,28264,SAFE_DISABLED,-6.6168,-6.6128,-16.0840,0.0000,0.00,0,0.0000
OK,cal_limit_down_set=0.000000
CAL_LIMITS,lower_deg=-8.041993,upper_deg=8.041993,limits_calibrated=no
TEL,28746,SAFE_DISABLED,-6.2052,-6.2737,-13.6714,0.0000,0.00,0,0.0000
TEL,28846,SAFE_DISABLED,-6.2052,-6.2287,-8.9881,0.0000,0.00,0,0.0000
TEL,28946,SAFE_DISABLED,-6.2052,-6.2167,-8.2010,0.0000,0.00,0,0.0000
TEL,29046,SAFE_DISABLED,-6.2052,-6.2092,-8.0687,0.0000,0.00,0,0.0000
TEL,29146,SAFE_DISABLED,-6.2052,-6.2071,-8.0465,0.0000,0.00,0,0.0000
TEL,29246,SAFE_DISABLED,-6.2052,-6.2062,-8.0431,0.0000,0.00,0,0.0000
TEL,29346,SAFE_DISABLED,-6.2052,-6.2055,-8.0422,0.0000,0.00,0,0.0000
TEL,29446,SAFE_DISABLED,-6.2052,-6.1910,-8.0420,0.0000,0.00,0,0.0000
TEL,29546,SAFE_DISABLED,-6.2052,-6.2003,-8.0420,0.0000,0.00,0,0.0000
TEL,29646,SAFE_DISABLED,-6.2052,-6.2028,-8.0420,0.0000,0.00,0,0.0000
TEL,29746,SAFE_DISABLED,-6.2052,-6.2044,-8.0420,0.0000,0.00,0,0.0000
TEL,29846,SAFE_DISABLED,-6.2052,-6.2048,-8.0420,0.0000,0.00,0,0.0000
TEL,29946,SAFE_DISABLED,-6.2052,-6.2051,-8.0420,0.0000,0.00,0,0.0000
TEL,30046,SAFE_DISABLED,-6.2052,-6.2051,-8.0420,0.0000,0.00,0,0.0000
TEL,30146,SAFE_DISABLED,-6.2052,-6.2052,-8.0420,0.0000,0.00,0,0.0000
TEL,30246,SAFE_DISABLED,-6.2052,-6.2052,-8.0420,0.0000,0.00,0,0.0000
TEL,30346,SAFE_DISABLED,-6.2052,-6.2052,-8.0420,0.0000,0.00,0,0.0000
TEL,30446,SAFE_DISABLED,-6.2052,-6.2052,-8.0420,0.0000,0.00,0,0.0000
TEL,30546,SAFE_DISABLED,-6.2052,-6.2052,-8.0420,0.0000,0.00,0,0.0000
TEL,30646,SAFE_DISABLED,-6.2052,-6.2052,-8.0420,0.0000,0.00,0,0.0000
TEL,30746,SAFE_DISABLED,-6.2052,-6.2052,-8.0420,0.0000,0.00,0,0.0000
TEL,30846,SAFE_DISABLED,-6.2052,-6.2052,-8.0420,0.0000,0.00,0,0.0000
TEL,30946,SAFE_DISABLED,-6.2052,-6.2052,-8.0420,0.0000,0.00,0,0.0000
TEL,31046,SAFE_DISABLED,-6.2052,-6.2052,-8.0420,0.0000,0.00,0,0.0000
TEL,31147,SAFE_DISABLED,-6.2052,-6.2052,-8.0420,0.0000,0.00,0,0.0000
TEL,31247,SAFE_DISABLED,-6.2052,-6.2052,-8.0420,0.0000,0.00,0,0.0000
TEL,31347,SAFE_DISABLED,-6.2052,-6.2052,-8.1894,0.0000,0.00,0,0.0000
TEL,31447,SAFE_DISABLED,-6.2052,-6.2052,-8.2193,0.0000,0.00,0,0.0000
TEL,31547,SAFE_DISABLED,-6.2052,-6.2052,-8.2180,0.0000,0.00,0,0.0000
TEL,31647,SAFE_DISABLED,-6.2052,-6.2052,-8.2178,0.0000,0.00,0,0.0000
TEL,31747,SAFE_DISABLED,-6.2052,-6.2052,-8.4148,0.0000,0.00,0,0.0000
TEL,31847,SAFE_DISABLED,-6.2052,-6.2052,-8.9694,0.0000,0.00,0,0.0000
TEL,31947,SAFE_DISABLED,-6.2052,-6.2052,-13.4118,0.0000,0.00,0,0.0000
TEL,32047,SAFE_DISABLED,-6.2052,-6.2052,-17.7792,0.0000,0.00,0,0.0000
TEL,32147,SAFE_DISABLED,-6.2052,-6.2052,-21.6699,0.0000,0.00,0,0.0000
TEL,32247,SAFE_DISABLED,-6.2052,-6.2052,-42.6372,0.0000,0.00,0,0.0000
TEL,32347,SAFE_DISABLED,-5.7936,-5.9852,-53.9171,0.0000,0.00,0,0.0000
TEL,32447,SAFE_DISABLED,-5.7936,-5.8875,-59.3554,0.0000,0.00,0,0.0000
TEL,32547,SAFE_DISABLED,-5.7936,-5.8013,-66.0002,0.0000,0.00,0,0.0000
TEL,32647,SAFE_DISABLED,-5.7936,-5.7974,-67.8694,0.0000,0.00,0,0.0000
TEL,32747,SAFE_DISABLED,-6.6168,-6.2652,-68.2413,0.0000,0.00,0,0.0000
TEL,32847,SAFE_DISABLED,-6.6168,-6.4445,-68.3192,0.0000,0.00,0,0.0000
TEL,32947,SAFE_DISABLED,-6.9598,-6.6606,-68.3323,0.0000,0.00,0,0.0000
TEL,33047,SAFE_DISABLED,-6.1366,-6.4942,-68.3345,0.0000,0.00,0,0.0000
TEL,33147,SAFE_DISABLED,-3.6168,-4.8748,-68.3349,0.0000,0.00,0,0.0000
TEL,33247,SAFE_DISABLED,-3.6168,-4.2332,-68.3349,0.0000,0.00,0,0.0000
TEL,33347,SAFE_DISABLED,-3.1366,-3.9042,-68.2682,0.0000,0.00,0,0.0000
TEL,33447,SAFE_DISABLED,-3.1366,-3.9042,-68.2506,0.0000,0.00,0,0.0000
TEL,33547,SAFE_DISABLED,-0.6168,-1.7444,-68.2477,0.0000,0.00,0,0.0000
TEL,33647,SAFE_DISABLED,2.3832,-0.1685,-68.2472,0.0000,0.00,0,0.0000
TEL,33747,SAFE_DISABLED,2.3832,-0.1685,-68.2471,0.0000,0.00,0,0.0000
TEL,33847,SAFE_DISABLED,2.3832,0.5970,-68.2471,0.0000,0.00,0,0.0000
TEL,33947,SAFE_DISABLED,5.3832,2.7714,-68.2471,0.0000,0.00,0,0.0000
TEL,34048,SAFE_DISABLED,5.3832,4.1034,-68.0558,0.0000,0.00,0,0.0000
TEL,34148,SAFE_DISABLED,8.3832,6.2802,-67.9956,0.0000,0.00,0,0.0000
TEL,34248,SAFE_DISABLED,8.3832,7.3528,-67.9854,0.0000,0.00,0,0.0000
TEL,34348,SAFE_DISABLED,10.1233,8.6526,-67.9837,0.0000,0.00,0,0.0000
TEL,34448,SAFE_DISABLED,11.3832,10.0452,-67.9835,0.0000,0.00,0,0.0000
TEL,34548,SAFE_DISABLED,11.8634,11.0683,-67.9744,0.0000,0.00,0,0.0000
TEL,34648,SAFE_DISABLED,13.5516,12.2195,-67.9665,0.0000,0.00,0,0.0000
TEL,34748,SAFE_DISABLED,14.3832,13.5833,-67.9294,0.0000,0.00,0,0.0000
TEL,34848,SAFE_DISABLED,14.5806,13.8825,-67.9012,0.0000,0.00,0,0.0000
TEL,34948,SAFE_DISABLED,14.9922,14.5583,-67.8965,0.0000,0.00,0,0.0000
TEL,35048,SAFE_DISABLED,15.0265,14.7971,-67.8957,0.0000,0.00,0,0.0000
TEL,35148,SAFE_DISABLED,14.5806,14.7586,-67.8955,0.0000,0.00,0,0.0000
TEL,35248,SAFE_DISABLED,14.5806,14.7586,-67.8955,0.0000,0.00,0,0.0000
TEL,35348,SAFE_DISABLED,14.5806,14.7586,-67.8955,0.0000,0.00,0,0.0000
TEL,35448,SAFE_DISABLED,14.5806,14.7586,-67.8955,0.0000,0.00,0,0.0000
TEL,35548,SAFE_DISABLED,14.5806,14.7586,-67.8955,0.0000,0.00,0,0.0000
TEL,35648,SAFE_DISABLED,14.5806,14.7586,-67.8955,0.0000,0.00,0,0.0000
TEL,35748,SAFE_DISABLED,14.5806,14.7586,-67.8955,0.0000,0.00,0,0.0000
TEL,35848,SAFE_DISABLED,14.5806,14.7586,-67.8955,0.0000,0.00,0,0.0000
TEL,35948,SAFE_DISABLED,14.5806,14.7586,-67.8955,0.0000,0.00,0,0.0000
TEL,36048,SAFE_DISABLED,14.5806,14.7586,-67.8955,0.0000,0.00,0,0.0000
TEL,36148,SAFE_DISABLED,14.5806,14.7586,-67.8955,0.0000,0.00,1,0.0000
TEL,36248,SAFE_DISABLED,14.5806,14.7586,-67.8955,0.0000,0.00,1,0.0000
TEL,36348,SAFE_DISABLED,14.5806,14.7586,-67.8955,0.0000,0.00,1,0.0000
TEL,36448,SAFE_DISABLED,14.5806,14.7586,-67.8955,0.0000,0.00,1,0.0000
TEL,36548,SAFE_DISABLED,14.5806,14.7586,-67.8955,0.0000,0.00,1,0.0000
TEL,36648,SAFE_DISABLED,14.5806,14.7586,-67.8955,0.0000,0.00,1,0.0000
TEL,36748,SAFE_DISABLED,11.4342,13.0939,-67.8955,0.0000,0.00,0,0.0000
TEL,36848,SAFE_DISABLED,11.1163,12.1213,-67.8955,0.0000,0.00,0,0.0000
TEL,36948,SAFE_DISABLED,11.2878,11.4873,-67.8955,0.0000,0.00,0,0.0000
TEL,37048,SAFE_DISABLED,11.2878,11.3855,-67.8955,0.0000,0.00,0,0.0000
TEL,37148,SAFE_DISABLED,11.2878,11.3213,-67.8955,0.0000,0.00,0,0.0000
TEL,37248,SAFE_DISABLED,11.2878,11.3042,-67.8955,0.0000,0.00,0,0.0000
TEL,37348,SAFE_DISABLED,10.9448,11.1905,-67.8955,0.0000,0.00,0,0.0000
TEL,37448,SAFE_DISABLED,10.9448,11.0652,-67.8955,0.0000,0.00,0,0.0000
TEL,37548,SAFE_DISABLED,10.9448,10.9861,-67.8955,0.0000,0.00,0,0.0000
TEL,37648,SAFE_DISABLED,10.9448,10.9650,-67.8955,0.0000,0.00,0,0.0000
TEL,37748,SAFE_DISABLED,10.9448,10.9517,-67.8955,0.0000,0.00,0,0.0000
TEL,37848,SAFE_DISABLED,10.9448,10.9482,-67.8955,0.0000,0.00,0,0.0000
TEL,37948,SAFE_DISABLED,10.9448,10.9460,-67.8955,0.0000,0.00,0,0.0000
TEL,38048,SAFE_DISABLED,10.9448,10.9454,-67.8955,0.0000,0.00,0,0.0000
TEL,38148,SAFE_DISABLED,10.8762,10.8999,-67.8955,0.0000,0.00,0,0.0000
TEL,38248,SAFE_DISABLED,10.8762,10.8878,-67.8955,0.0000,0.00,0,0.0000
TEL,38348,SAFE_DISABLED,10.9448,10.9253,-67.8955,0.0000,0.00,0,0.0000
TEL,38448,SAFE_DISABLED,10.9448,10.9352,-67.8955,0.0000,0.00,0,0.0000
TEL,38548,SAFE_DISABLED,11.0134,10.9621,-67.8955,0.0000,0.00,0,0.0000
TEL,38648,SAFE_DISABLED,11.0134,10.9739,-67.8955,0.0000,0.00,0,0.0000
TEL,38748,SAFE_DISABLED,11.0134,10.9753,-67.8955,0.0000,0.00,0,0.0000
OK,cal_limit_up_set=59.853515
OK,as5600_sign=-1,sonar_sign=-1
INFO,limits_sonar_ok
CAL_LIMITS,lower_deg=-29.926757,upper_deg=29.926757,limits_calibrated=yes
TEL,39233,SAFE_DISABLED,11.2878,11.2510,29.9268,0.0000,0.00,0,0.0000
TEL,39333,SAFE_DISABLED,8.8391,8.8211,29.9268,0.0000,0.00,0,0.0000
TEL,39433,SAFE_DISABLED,8.8391,8.8330,29.9268,0.0000,0.00,0,0.0000
TEL,39533,SAFE_DISABLED,8.8391,8.8361,29.9268,0.0000,0.00,0,0.0000
TEL,39633,SAFE_DISABLED,8.9077,8.8587,29.9268,0.0000,0.00,0,0.0000
TEL,39733,SAFE_DISABLED,8.9077,8.8837,29.9268,0.0000,0.00,0,0.0000
TEL,39833,SAFE_DISABLED,8.9077,8.8995,29.9268,0.0000,0.00,0,0.0000
TEL,39933,SAFE_DISABLED,8.9077,8.9037,29.9268,0.0000,0.00,0,0.0000
TEL,40033,SAFE_DISABLED,8.9077,8.9063,29.9268,0.0000,0.00,0,0.0000
TEL,40133,SAFE_DISABLED,8.9077,8.9071,29.9268,0.0000,0.00,0,0.0000
TEL,40233,SAFE_DISABLED,8.9077,8.9075,29.9268,0.0000,0.00,0,0.0000
TEL,40333,SAFE_DISABLED,8.9077,8.9076,29.9268,0.0000,0.00,0,0.0000
TEL,40433,SAFE_DISABLED,8.9077,8.9077,29.9268,0.0000,0.00,0,0.0000
TEL,40534,SAFE_DISABLED,8.9077,8.9077,29.9268,0.0000,0.00,0,0.0000
TEL,40634,SAFE_DISABLED,8.9077,8.9077,29.9268,0.0000,0.00,0,0.0000
TEL,40734,SAFE_DISABLED,8.9077,8.9077,29.9268,0.0000,0.00,0,0.0000
TEL,40834,SAFE_DISABLED,8.9077,8.9077,29.9268,0.0000,0.00,0,0.0000
TEL,40934,SAFE_DISABLED,8.9077,8.9077,29.9268,0.0000,0.00,0,0.0000
TEL,41034,SAFE_DISABLED,8.9077,8.9077,29.9268,0.0000,0.00,0,0.0000
TEL,41134,SAFE_DISABLED,8.8391,8.8872,29.9268,0.0000,0.00,0,0.0000
TEL,41234,SAFE_DISABLED,8.9077,8.8762,29.9268,0.0000,0.00,0,0.0000
TEL,41334,SAFE_DISABLED,8.9077,8.8923,29.9268,0.0000,0.00,0,0.0000
TEL,41434,SAFE_DISABLED,8.9077,8.9024,29.9268,0.0000,0.00,0,0.0000
TEL,41534,SAFE_DISABLED,8.9077,8.9051,29.9268,0.0000,0.00,0,0.0000
TEL,41634,SAFE_DISABLED,8.9077,8.9068,29.9268,0.0000,0.00,0,0.0000
TEL,41734,SAFE_DISABLED,8.9077,8.9073,29.9268,0.0000,0.00,0,0.0000
TEL,41834,SAFE_DISABLED,8.8391,8.8870,29.9268,0.0000,0.00,0,0.0000
TEL,41934,SAFE_DISABLED,8.8391,8.8626,29.9268,0.0000,0.00,0,0.0000
TEL,42034,SAFE_DISABLED,8.8391,8.8472,29.9268,0.0000,0.00,0,0.0000
TEL,42134,SAFE_DISABLED,8.8391,8.8431,29.9268,0.0000,0.00,0,0.0000
TEL,42234,SAFE_DISABLED,8.9077,8.8856,29.9268,0.0000,0.00,0,0.0000
TEL,42334,SAFE_DISABLED,8.9077,8.8969,29.9268,0.0000,0.00,0,0.0000
TEL,42434,SAFE_DISABLED,8.9077,8.9040,29.9268,0.0000,0.00,0,0.0000
TEL,42534,SAFE_DISABLED,8.8391,8.8709,29.9268,0.0000,0.00,0,0.0000
TEL,42634,SAFE_DISABLED,8.8391,8.7521,29.9268,0.0000,0.00,0,0.0000
TEL,42734,SAFE_DISABLED,8.8391,8.7965,29.9268,0.0000,0.00,0,0.0000
TEL,42834,SAFE_DISABLED,8.8391,8.8245,29.9268,0.0000,0.00,0,0.0000
TEL,42934,SAFE_DISABLED,8.8391,8.8320,29.9268,0.0000,0.00,0,0.0000
TEL,43034,SAFE_DISABLED,8.4961,8.6358,29.9268,0.0000,0.00,0,0.0000
TEL,43134,SAFE_DISABLED,8.4961,8.5646,29.9268,0.0000,0.00,0,0.0000
TEL,43234,SAFE_DISABLED,8.4961,8.5196,29.9268,0.0000,0.00,0,0.0000
TEL,43334,SAFE_DISABLED,8.4275,8.4871,29.9268,0.0000,0.00,0,0.0000
TEL,43435,SAFE_DISABLED,8.4275,8.4479,29.9268,0.0000,0.00,0,0.0000
TEL,43535,SAFE_DISABLED,8.4961,8.4725,29.9268,0.0000,0.00,0,0.0000
TEL,43635,SAFE_DISABLED,8.4275,8.4530,29.9268,0.0000,0.00,0,0.0000
TEL,43735,SAFE_DISABLED,8.4961,8.4606,29.9268,0.0000,0.00,0,0.0000
TEL,43835,SAFE_DISABLED,8.4961,8.5560,29.9268,0.0000,0.00,0,0.0000
TEL,43935,SAFE_DISABLED,8.8391,8.6860,29.9268,0.0000,0.00,0,0.0000
TEL,44035,SAFE_DISABLED,8.8391,8.7866,29.9268,0.0000,0.00,0,0.0000
TEL,44135,SAFE_DISABLED,8.9077,8.8340,29.9268,0.0000,0.00,0,0.0000
TEL,44235,SAFE_DISABLED,8.9077,8.8824,29.9268,0.0000,0.00,0,0.0000
TEL,44335,SAFE_DISABLED,8.9077,8.8953,29.9268,0.0000,0.00,0,0.0000
TEL,44435,SAFE_DISABLED,8.9077,8.9035,29.9268,0.0000,0.00,0,0.0000
TEL,44535,SAFE_DISABLED,8.9077,8.9056,29.9268,0.0000,0.00,0,0.0000
TEL,44635,SAFE_DISABLED,8.8391,8.8720,29.9268,0.0000,0.00,0,0.0000
TEL,44735,SAFE_DISABLED,8.7705,8.8203,29.9268,0.0000,0.00,0,0.0000
TEL,44835,SAFE_DISABLED,8.7705,8.7876,29.9268,0.0000,0.00,0,0.0000
TEL,44935,SAFE_DISABLED,8.7705,8.7789,29.9268,0.0000,0.00,0,0.0000
TEL,45035,SAFE_DISABLED,8.5647,8.6382,29.9268,0.0000,0.00,0,0.0000
TEL,45135,SAFE_DISABLED,8.8391,8.7407,29.9268,0.0000,0.00,0,0.0000
TEL,45235,SAFE_DISABLED,8.9077,8.8259,29.9268,0.0000,0.00,0,0.0000
TEL,45335,SAFE_DISABLED,8.9077,8.8677,29.9268,0.0000,0.00,0,0.0000
TEL,45435,SAFE_DISABLED,8.9077,8.8940,29.9268,0.0000,0.00,0,0.0000
TEL,45535,SAFE_DISABLED,8.9077,8.9010,29.9268,0.0000,0.00,0,0.0000
TEL,45635,SAFE_DISABLED,8.8391,8.8704,29.9268,0.0000,0.00,0,0.0000
TEL,45735,SAFE_DISABLED,8.8391,8.8545,29.9268,0.0000,0.00,0,0.0000
TEL,45835,SAFE_DISABLED,8.4961,8.6190,29.9268,0.0000,0.00,0,0.0000
TEL,45935,SAFE_DISABLED,8.4961,8.5564,29.9268,0.0000,0.00,0,0.0000
TEL,46035,SAFE_DISABLED,8.9077,8.7771,29.9268,0.0000,0.00,0,0.0000
TEL,46135,SAFE_DISABLED,8.9077,8.8437,29.9268,0.0000,0.00,0,0.0000
TEL,46235,SAFE_DISABLED,8.9077,8.8858,29.9268,0.0000,0.00,0,0.0000
TEL,46336,SAFE_DISABLED,8.9077,8.8970,29.9268,0.0000,0.00,0,0.0000
TEL,46436,SAFE_DISABLED,8.9077,8.9040,29.9268,0.0000,0.00,0,0.0000
TEL,46536,SAFE_DISABLED,8.9077,8.9059,29.9268,0.0000,0.00,0,0.0000
TEL,46636,SAFE_DISABLED,8.9077,8.8927,29.9268,0.0000,0.00,0,0.0000
TEL,46736,SAFE_DISABLED,8.8391,8.8654,29.9268,0.0000,0.00,0,0.0000
TEL,46836,SAFE_DISABLED,8.9077,8.8831,29.9268,0.0000,0.00,0,0.0000
TEL,46936,SAFE_DISABLED,8.9077,8.8957,29.9268,0.0000,0.00,0,0.0000
TEL,47036,SAFE_DISABLED,8.9077,8.9036,29.9268,0.0000,0.00,0,0.0000
TEL,47136,SAFE_DISABLED,8.9077,8.9057,29.9268,0.0000,0.00,0,0.0000
TEL,47236,SAFE_DISABLED,8.8391,8.8620,29.9268,0.0000,0.00,0,0.0000
TEL,47336,SAFE_DISABLED,8.8391,8.8503,29.9268,0.0000,0.00,0,0.0000
TEL,47436,SAFE_DISABLED,8.8391,8.8430,29.9268,0.0000,0.00,0,0.0000
TEL,47536,SAFE_DISABLED,8.8391,8.8410,29.9268,0.0000,0.00,0,0.0000
TEL,47636,SAFE_DISABLED,8.8391,8.8398,29.9268,0.0000,0.00,0,0.0000
TEL,47736,SAFE_DISABLED,8.8391,8.8394,29.9268,0.0000,0.00,0,0.0000
TEL,47836,SAFE_DISABLED,8.8391,8.8392,29.9268,0.0000,0.00,0,0.0000
TEL,47936,SAFE_DISABLED,8.4275,8.6293,29.9268,0.0000,0.00,0,0.0000
TEL,48036,SAFE_DISABLED,8.4275,8.4967,29.9268,0.0000,0.00,0,0.0000
TEL,48136,SAFE_DISABLED,8.4275,8.4614,29.9268,0.0000,0.00,0,0.0000
TEL,48236,SAFE_DISABLED,8.4275,8.4392,29.9268,0.0000,0.00,0,0.0000
TEL,48336,SAFE_DISABLED,8.4961,8.4682,29.9268,0.0000,0.00,0,0.0000
TEL,48436,SAFE_DISABLED,8.4961,8.4866,29.9268,0.0000,0.00,0,0.0000
TEL,48536,SAFE_DISABLED,8.4275,8.4709,29.9268,0.0000,0.00,0,0.0000
TEL,48636,SAFE_DISABLED,8.4961,8.4630,29.9268,0.0000,0.00,0,0.0000
TEL,48736,SAFE_DISABLED,8.4961,8.4799,29.9268,0.0000,0.00,0,0.0000
TEL,48836,SAFE_DISABLED,8.5647,8.4967,29.9268,0.0000,0.00,0,0.0000
TEL,48936,SAFE_DISABLED,8.8391,8.6714,29.9268,0.0000,0.00,0,0.0000
TEL,49036,SAFE_DISABLED,8.8391,8.7917,29.9268,0.0000,0.00,0,0.0000
TEL,49136,SAFE_DISABLED,8.8391,8.8159,29.9268,0.0000,0.00,0,0.0000
TEL,49236,SAFE_DISABLED,8.9077,8.8762,29.9268,0.0000,0.00,0,0.0000
TEL,49336,SAFE_DISABLED,8.9077,8.8923,29.5948,0.0000,0.00,0,0.0000
TEL,49436,SAFE_DISABLED,8.9077,8.9024,27.8085,0.0000,0.00,0,0.0000
TEL,49536,SAFE_DISABLED,8.9077,8.9051,24.0570,0.0000,0.00,0,0.0000
TEL,49636,SAFE_DISABLED,8.9077,8.9068,19.9279,0.0000,0.00,0,0.0000
TEL,49736,SAFE_DISABLED,8.9077,8.9073,8.3386,0.0000,0.00,0,0.0000
TEL,49836,SAFE_DISABLED,8.9077,8.9076,3.3096,0.0000,0.00,0,0.0000
TEL,49936,SAFE_DISABLED,8.9077,8.9077,2.0552,0.0000,0.00,0,0.0000
TEL,50036,SAFE_DISABLED,8.9077,8.9077,1.8443,0.0000,0.00,0,0.0000
TEL,50136,SAFE_DISABLED,8.9077,8.9077,1.8089,0.0000,0.00,0,0.0000
TEL,50236,SAFE_DISABLED,8.8391,8.8727,1.8030,0.0000,0.00,0,0.0000
TEL,50336,SAFE_DISABLED,8.8391,8.8556,1.8020,0.0000,0.00,0,0.0000
TEL,50436,SAFE_DISABLED,8.8391,8.8448,1.8018,0.0000,0.00,0,0.0000
TEL,50536,SAFE_DISABLED,8.8391,8.8419,-12.4827,0.0000,0.00,0,0.0000
TEL,50636,SAFE_DISABLED,8.8391,8.8411,-24.1740,0.0000,0.00,0,0.0000
TEL,50736,SAFE_DISABLED,8.8391,8.8411,-25.3295,0.0000,0.00,0,0.0000
TEL,50836,SAFE_DISABLED,9.2507,8.9633,-20.8352,0.0000,0.00,0,0.0000
TEL,50936,SAFE_DISABLED,11.8391,10.3618,-16.8671,0.0000,0.00,0,0.0000
TEL,51036,SAFE_DISABLED,12.2599,11.5451,-12.4613,0.0000,0.00,0,0.0000
TEL,51136,SAFE_DISABLED,12.0449,11.8432,-11.8725,0.0000,0.00,0,0.0000
TEL,51236,SAFE_DISABLED,11.8391,11.8411,-12.4863,0.0000,0.00,0,0.0000
TEL,51336,SAFE_DISABLED,11.8391,11.8411,-12.6642,0.0000,0.00,0,0.0000
TEL,51436,SAFE_DISABLED,11.8391,11.8411,-12.6942,0.0000,0.00,0,0.0000
TEL,51536,SAFE_DISABLED,11.8391,11.8411,-12.6992,0.0000,0.00,0,0.0000
TEL,51636,SAFE_DISABLED,11.8391,11.8411,-12.7000,0.0000,0.00,0,0.0000
TEL,51736,SAFE_DISABLED,11.8391,11.8411,-12.7002,0.0000,0.00,0,0.0000
TEL,51836,SAFE_DISABLED,7.3391,9.8601,-12.7002,0.0000,0.00,0,0.0000
TEL,51936,SAFE_DISABLED,5.8299,7.8067,-12.7002,0.0000,0.00,0,0.0000
TEL,52036,SAFE_DISABLED,5.3405,6.3074,-12.7002,0.0000,0.00,0,0.0000
TEL,52136,SAFE_DISABLED,5.1347,5.7310,-12.7002,0.0000,0.00,0,0.0000
TEL,52236,SAFE_DISABLED,4.5173,5.0957,-12.7002,0.0000,0.00,0,0.0000
TEL,52336,SAFE_DISABLED,4.1057,4.6196,-12.7002,0.0000,0.00,0,0.0000
TEL,52436,SAFE_DISABLED,2.5965,3.7068,-12.7002,0.0000,0.00,0,0.0000
TEL,52536,SAFE_DISABLED,1.9791,2.9121,-12.7002,0.0000,0.00,0,0.0000
TEL,52636,SAFE_DISABLED,0.7627,1.8372,-12.7002,0.0000,0.00,0,0.0000
TEL,52736,SAFE_DISABLED,0.4013,1.1770,-12.7002,0.0000,0.00,0,0.0000
TEL,52836,SAFE_DISABLED,-1.0209,0.0184,-12.7002,0.0000,0.00,0,0.0000
TEL,52936,SAFE_DISABLED,-1.8625,-0.8256,-12.7002,0.0000,0.00,0,0.0000
TEL,53036,SAFE_DISABLED,-2.5987,-1.8064,-12.7002,0.0000,0.00,0,0.0000
TEL,53136,SAFE_DISABLED,-2.6673,-2.2454,-12.7002,0.0000,0.00,0,0.0000
TEL,53236,SAFE_DISABLED,-4.3137,-3.4346,-12.7002,0.0000,0.00,0,0.0000
OK,driver_enabled
TEL,53336,SAFE_DISABLED,-4.8625,-4.0514,-15.0586,0.0000,0.00,0,0.0000
TEL,53436,SAFE_DISABLED,-6.5775,-5.5140,-15.7563,0.0000,0.00,0,0.0000
TEL,53536,SAFE_DISABLED,-6.5775,-6.0564,-15.8879,0.0000,0.00,0,0.0000
TEL,53636,SAFE_DISABLED,-7.3137,-6.7127,-15.9036,0.0000,0.00,0,0.0000
TEL,53736,SAFE_DISABLED,-7.3321,-7.0286,-15.8984,0.0000,0.00,0,0.0000
TEL,53836,SAFE_DISABLED,-4.8809,-5.6175,-15.9077,0.0000,0.00,0,0.0000
TEL,53936,SAFE_DISABLED,-7.3321,-5.8619,-15.9293,0.0000,0.00,0,0.0000
TEL,54036,SAFE_DISABLED,-7.8809,-7.1884,-15.9129,0.0000,0.00,0,0.0000
TEL,54136,SAFE_DISABLED,-4.8809,-6.5263,-15.9208,0.0000,0.00,0,0.0000
TEL,54236,SAFE_DISABLED,-4.8809,-6.3203,-15.9378,0.0000,0.00,0,0.0000
TEL,54336,SAFE_DISABLED,-4.8809,-5.5862,-15.9170,0.0000,0.00,0,0.0000
TEL,54436,SAFE_DISABLED,-4.3321,-4.7622,-15.8731,0.0000,0.00,0,0.0000
TEL,54536,SAFE_DISABLED,-1.8809,-3.2927,-15.9050,0.0000,0.00,0,0.0000
TEL,54636,SAFE_DISABLED,-1.3321,-2.0853,-15.9352,0.0000,0.00,0,0.0000
TEL,54736,SAFE_DISABLED,-1.1765,-1.6544,-15.8946,0.0000,0.00,0,0.0000
TEL,54836,SAFE_DISABLED,1.6679,0.2370,-15.9425,0.0000,0.00,0,0.0000
TEL,54936,SAFE_DISABLED,1.6679,0.9668,-15.9230,0.0000,0.00,0,0.0000
TEL,55036,SAFE_DISABLED,3.4883,2.1050,-15.9118,0.0000,0.00,0,0.0000
TEL,55136,SAFE_DISABLED,4.0371,3.0472,-15.9325,0.0000,0.00,0,0.0000
TEL,55236,SAFE_DISABLED,4.2429,3.8025,-15.9425,0.0000,0.00,0,0.0000
TEL,55336,SAFE_DISABLED,4.6679,4.2267,-15.9442,0.0000,0.00,0,0.0000
TEL,55436,SAFE_DISABLED,4.7231,4.5528,-15.9418,0.0000,0.00,0,0.0000
TEL,55536,SAFE_DISABLED,4.8603,4.6953,-15.9319,0.0000,0.00,0,0.0000
TEL,55636,SAFE_DISABLED,5.2719,4.9704,-15.9358,0.0000,0.00,0,0.0000
TEL,55736,SAFE_DISABLED,5.3405,5.1592,-15.9046,0.0000,0.00,0,0.0000
OK,stepper_sign=-1,delta=-22.5275
TEL,58029,READY,-7.7621,-6.3741,-15.9521,0.0000,0.00,0,0.0000
TEL,58129,READY,-7.7621,-7.0819,-15.8854,0.0000,0.00,0,0.0000
TEL,58229,READY,-7.8993,-7.5699,-15.8678,0.0000,0.00,0,0.0000
TEL,58329,READY,-8.2423,-7.8984,-15.8649,0.0000,0.00,0,0.0000
TEL,58429,READY,-8.2423,-8.0998,-15.8644,0.0000,0.00,0,0.0000
TEL,58529,READY,-8.2423,-8.1725,-15.8643,0.0000,0.00,0,0.0000
TEL,58629,READY,-8.2423,-8.2183,-15.8643,0.0000,0.00,0,0.0000
TEL,58729,READY,-8.2423,-8.2305,-15.8643,0.0000,0.00,0,0.0000
TEL,58829,READY,-8.6539,-8.4986,-15.8643,0.0000,0.00,0,0.0000
TEL,58929,READY,-8.2423,-8.4399,-15.8643,0.0000,0.00,0,0.0000
TEL,59029,READY,-8.5853,-8.4130,-15.8643,0.0000,0.00,0,0.0000
TEL,59129,READY,-9.4085,-8.7478,-15.8643,0.0000,0.00,0,0.0000
TEL,59229,READY,-8.2423,-8.5482,-15.8643,0.0000,0.00,0,0.0000
TEL,59329,READY,-7.8307,-8.1823,-15.8643,0.0000,0.00,0,0.0000
TEL,59429,READY,-8.6539,-8.4071,-15.8643,0.0000,0.00,0,0.0000
TEL,59529,READY,-8.6539,-8.5330,-15.8643,0.0000,0.00,0,0.0000
TEL,59629,READY,-8.2423,-8.3881,-15.8643,0.0000,0.00,0,0.0000
TEL,59729,READY,-8.2423,-8.3137,-15.8643,0.0000,0.00,0,0.0000
TEL,59829,READY,-8.2423,-8.2668,-15.8643,0.0000,0.00,0,0.0000
TEL,59929,READY,-8.2423,-8.2543,-15.8643,0.0000,0.00,0,0.0000
TEL,60029,READY,-8.5853,-8.3493,-15.8643,0.0000,0.00,0,0.0000
TEL,60129,READY,-9.0655,-8.6137,-15.8643,0.0000,0.00,0,0.0000
TEL,60229,READY,-9.4085,-9.1359,-15.8643,0.0000,0.00,0,0.0000
TEL,60329,READY,-9.4085,-9.2749,-15.8643,0.0000,0.00,0,0.0000
TEL,60429,READY,-8.5853,-9.0437,-15.8643,0.0000,0.00,0,0.0000
TEL,60529,READY,-8.1737,-8.6000,-15.8643,0.0000,0.00,0,0.0000
TEL,60630,READY,-7.8307,-8.0945,-15.8643,0.0000,0.00,0,0.0000
TEL,60730,READY,-7.8307,-7.9600,-15.8643,0.0000,0.00,0,0.0000
TEL,60830,READY,-8.2423,-7.9985,-15.8643,0.0000,0.00,0,0.0000
TEL,60930,READY,-9.9573,-8.8102,-15.8643,0.0000,0.00,0,0.0000
TEL,61030,READY,-9.9573,-9.5638,-15.8643,0.0000,0.00,0,0.0000
TEL,61130,READY,-9.9573,-9.7645,-15.8643,0.0000,0.00,0,0.0000
TEL,61230,READY,-9.0655,-9.5127,-15.8643,0.0000,0.00,0,0.0000
TEL,61330,READY,-8.9969,-9.2496,-15.8643,0.0000,0.00,0,0.0000
TEL,61430,READY,-8.9969,-9.0836,-15.8643,0.0000,0.00,0,0.0000
TEL,61530,READY,-9.4085,-9.1628,-15.8643,0.0000,0.00,0,0.0000
TEL,61630,READY,-9.9573,-9.6603,-15.8643,0.0000,0.00,0,0.0000
TEL,61730,READY,-10.3003,-9.9867,-15.8643,0.0000,0.00,0,0.0000
TEL,61830,READY,-10.3003,-10.1927,-15.8643,0.0000,0.00,0,0.0000
TEL,61930,READY,-10.3003,-10.2476,-15.8643,0.0000,0.00,0,0.0000
TEL,62030,READY,-9.8887,-10.1587,-15.8643,0.0000,0.00,0,0.0000
TEL,62130,READY,-9.8887,-10.0210,-15.8643,0.0000,0.00,0,0.0000
TEL,62230,READY,-8.9969,-9.4936,-15.8643,0.0000,0.00,0,0.0000
TEL,62330,READY,-8.9969,-9.2403,-15.8643,0.0000,0.00,0,0.0000
TEL,62430,READY,-9.0655,-9.1009,-15.8643,0.0000,0.00,0,0.0000
TEL,62530,READY,-9.0655,-9.0828,-15.8643,0.0000,0.00,0,0.0000
TEL,62630,READY,-8.9969,-9.0508,-15.8643,0.0000,0.00,0,0.0000
TEL,62730,READY,-8.9969,-9.0233,-15.8643,0.0000,0.00,0,0.0000
TEL,62830,READY,-8.9969,-9.0059,-15.8643,0.0000,0.00,0,0.0000
TEL,62930,READY,-8.9969,-9.0013,-15.8643,0.0000,0.00,0,0.0000
TEL,63030,READY,-9.4771,-9.2289,-15.8643,0.0000,0.00,0,0.0000
TEL,63130,READY,-9.4771,-9.3555,-15.8643,0.0000,0.00,0,0.0000
TEL,63230,READY,-9.8887,-9.6453,-15.8643,0.0000,0.00,0,0.0000
TEL,63330,READY,-9.4771,-9.5595,-15.8643,0.0000,0.00,0,0.0000
TEL,63430,READY,-9.4771,-9.5053,-15.8643,0.0000,0.00,0,0.0000
TEL,63531,READY,-9.4771,-9.4909,-15.8643,0.0000,0.00,0,0.0000
TEL,63631,READY,-9.4771,-9.4818,-15.8643,0.0000,0.00,0,0.0000
TEL,63731,READY,-9.4771,-9.4794,-15.8643,0.0000,0.00,0,0.0000
TEL,63831,READY,-9.4771,-9.4779,-15.8643,0.0000,0.00,0,0.0000
TEL,63931,READY,-9.4771,-9.4775,-15.8643,0.0000,0.00,0,0.0000
TEL,64031,READY,-9.4771,-9.4772,-15.8643,0.0000,0.00,0,0.0000
TEL,64131,READY,-9.4771,-9.4771,-15.8643,0.0000,0.00,0,0.0000
TEL,64231,READY,-9.8887,-9.6006,-15.8643,0.0000,0.00,0,0.0000
TEL,64331,READY,-9.8887,-9.7475,-15.8643,0.0000,0.00,0,0.0000
TEL,64431,READY,-9.4771,-9.5698,-15.8643,0.0000,0.00,0,0.0000
TEL,64531,READY,-9.4771,-9.5225,-15.8643,0.0000,0.00,0,0.0000
TEL,64631,READY,-9.4771,-9.4927,-15.8643,0.0000,0.00,0,0.0000
TEL,64731,READY,-9.4771,-9.4847,-15.8643,0.0000,0.00,0,0.0000
TEL,64831,READY,-9.4771,-9.4797,-15.8643,0.0000,0.00,0,0.0000
TEL,64931,READY,-9.4771,-9.4784,-15.8643,0.0000,0.00,0,0.0000
TEL,65031,READY,-9.4771,-9.4775,-15.8643,0.0000,0.00,0,0.0000
TEL,65131,READY,-9.4771,-9.4773,-15.8643,0.0000,0.00,0,0.0000
TEL,65231,READY,-9.4771,-9.4771,-15.8643,0.0000,0.00,0,0.0000
TEL,65331,READY,-9.4771,-9.4771,-15.8643,0.0000,0.00,0,0.0000
TEL,65431,READY,-9.4771,-9.4771,-15.8643,0.0000,0.00,0,0.0000
TEL,65531,READY,-9.4771,-9.4771,-15.8643,0.0000,0.00,0,0.0000
TEL,65631,READY,-9.4771,-9.4771,-15.8643,0.0000,0.00,0,0.0000
TEL,65731,READY,-9.4771,-9.4771,-15.8643,0.0000,0.00,0,0.0000
TEL,65831,READY,-9.4771,-9.4771,-15.8643,0.0000,0.00,0,0.0000
TEL,65931,READY,-9.8887,-9.6005,-15.8643,0.0000,0.00,0,0.0000
TEL,66031,READY,-9.8887,-9.7898,-15.8643,0.0000,0.00,0,0.0000
TEL,66131,READY,-9.8887,-9.8402,-15.8643,0.0000,0.00,0,0.0000
TEL,66231,READY,-9.8887,-9.8721,-15.8643,0.0000,0.00,0,0.0000
TEL,66331,READY,-9.4771,-9.6706,-15.8643,0.0000,0.00,0,0.0000
TEL,66432,READY,-9.4771,-9.5435,-15.8643,0.0000,0.00,0,0.0000
TEL,66532,READY,-9.4085,-9.4746,-15.8643,0.0000,0.00,0,0.0000
TEL,66632,READY,-9.4085,-9.4312,-15.8643,0.0000,0.00,0,0.0000
TEL,66732,READY,-9.4085,-9.4196,-15.8643,0.0000,0.00,0,0.0000
TEL,66832,READY,-9.4085,-9.4123,-15.8643,0.0000,0.00,0,0.0000
TEL,66932,READY,-9.4771,-9.4309,-15.8643,0.0000,0.00,0,0.0000
TEL,67032,READY,-9.4771,-9.4612,-15.8643,0.0000,0.00,0,0.0000
TEL,67132,READY,-9.4771,-9.4693,-15.8643,0.0000,0.00,0,0.0000
TEL,67232,READY,-9.4771,-9.4744,-15.8643,0.0000,0.00,0,0.0000
TEL,67332,READY,-9.4771,-9.4758,-15.8643,0.0000,0.00,0,0.0000
TEL,67432,READY,-9.4771,-9.4766,-15.8643,0.0000,0.00,0,0.0000
TEL,67532,READY,-9.4771,-9.4768,-15.8643,0.0000,0.00,0,0.0000
TEL,67632,READY,-9.4771,-9.4770,-15.8643,0.0000,0.00,0,0.0000
TEL,67732,READY,-9.4771,-9.4770,-15.8643,0.0000,0.00,0,0.0000
TEL,67832,READY,-9.4771,-9.4626,-15.8643,0.0000,0.00,0,0.0000
TEL,67932,READY,-9.4771,-9.4700,-15.8643,0.0000,0.00,0,0.0000
TEL,68032,READY,-9.4771,-9.4746,-15.8643,0.0000,0.00,0,0.0000
TEL,68132,READY,-9.4085,-9.4553,-15.8643,0.0000,0.00,0,0.0000
TEL,68232,READY,-9.4771,-9.4595,-15.8643,0.0000,0.00,0,0.0000
TEL,68332,READY,-9.4771,-9.4685,-15.8643,0.0000,0.00,0,0.0000
TEL,68432,READY,-9.8887,-9.5976,-15.8643,0.0000,0.00,0,0.0000
TEL,68532,READY,-9.8887,-9.7460,-15.8643,0.0000,0.00,0,0.0000
TEL,68632,READY,-9.8887,-9.8397,-15.8643,0.0000,0.00,0,0.0000
TEL,68732,READY,-9.8887,-9.8647,-15.8643,0.0000,0.00,0,0.0000
TEL,68832,READY,-9.8887,-9.8804,-15.8643,0.0000,0.00,0,0.0000
TEL,68932,READY,-9.8887,-9.8846,-15.8643,0.0000,0.00,0,0.0000
TEL,69032,READY,-9.8887,-9.8873,-15.8643,0.0000,0.00,0,0.0000
TEL,69132,READY,-9.4771,-9.7645,-15.8643,0.0000,0.00,0,0.0000
TEL,69232,READY,-9.4771,-9.5757,-15.8643,0.0000,0.00,0,0.0000
SET,69274,0.0000,4.3872,-4.3872
TEL,69332,READY,-9.4771,-9.5254,-15.8643,0.0000,0.00,0,0.0000
TEL,69432,READY,-9.4771,-9.4936,-15.8643,0.0000,0.00,0,0.0000
TEL,69532,READY,-9.4771,-9.4852,-15.8643,0.0000,0.00,0,0.0000
TEL,69632,READY,-9.4771,-9.4799,-15.8643,0.0000,0.00,0,0.0000
TEL,69732,READY,-9.8887,-9.6883,-15.8643,0.0000,0.00,0,0.0000
TEL,69832,READY,-9.8887,-9.8200,-15.8643,0.0000,0.00,0,0.0000
TEL,69932,READY,-9.4771,-9.7315,-15.8643,0.0000,0.00,0,0.0000
TEL,70032,READY,-9.8887,-9.8348,-15.8643,0.0000,0.00,0,0.0000
TEL,70132,READY,-9.4771,-9.7388,-15.8643,0.0000,0.00,0,0.0000
TEL,70232,READY,-9.4771,-9.5668,-15.8643,0.0000,0.00,0,0.0000
TEL,70332,READY,-9.4771,-9.5211,-15.8643,0.0000,0.00,0,0.0000
TEL,70432,READY,-9.4771,-9.4922,-15.8643,0.0000,0.00,0,0.0000
TEL,70532,READY,-9.4771,-9.4845,-15.8643,0.0000,0.00,0,0.0000
TEL,70632,READY,-9.4771,-9.4796,-15.8643,0.0000,0.00,0,0.0000
TEL,70732,READY,-9.8887,-9.6018,-15.8643,0.0000,0.00,0,0.0000
TEL,70832,READY,-9.8887,-9.7903,-15.8643,0.0000,0.00,0,0.0000
TEL,70932,READY,-9.8887,-9.8405,-15.8643,0.0000,0.00,0,0.0000
TEL,71032,READY,-9.4771,-9.6017,-15.8643,0.0000,0.00,0,0.0000
TEL,71132,READY,-9.4771,-9.5381,-15.8643,0.0000,0.00,0,0.0000
TEL,71232,READY,-9.4771,-9.4980,-15.8643,0.0000,0.00,0,0.0000
TEL,71332,READY,-9.4771,-9.4873,-15.8643,0.0000,0.00,0,0.0000
TEL,71432,READY,-9.8887,-9.6905,-15.8643,0.0000,0.00,0,0.0000
OK,running
TEL,71532,RUNNING,-9.4771,-9.5817,-15.5637,4.0000,600.00,0,0.0000
TEL,71632,RUNNING,-9.4771,-9.5129,-9.3135,3.9120,1152.17,0,0.0000
TEL,71732,RUNNING,-9.4085,-9.4741,1.7074,4.0000,575.49,0,0.0000
TEL,71832,RUNNING,-9.4085,-9.4310,8.7358,4.0000,121.36,0,0.0000
TEL,71932,RUNNING,-8.9969,-9.2960,11.2604,4.0000,-119.84,0,0.0000
TEL,72032,RUNNING,-8.6539,-8.9245,10.2091,1.7695,-295.48,0,0.0000
TEL,72132,RUNNING,-8.9969,-8.8894,8.1030,4.0000,-100.08,0,0.0000
TEL,72232,RUNNING,-8.5853,-8.6997,6.5016,3.1906,-99.92,0,0.0000
TEL,72332,RUNNING,-8.5853,-8.6413,5.5747,4.0000,-21.17,0,0.0000
TEL,72432,RUNNING,-8.1737,-8.3341,4.7837,2.7624,-76.98,0,0.0000
TEL,72532,RUNNING,-5.6539,-7.2370,3.9742,3.8015,-10.49,0,0.0000
TEL,72632,RUNNING,-5.1737,-5.9419,2.8098,-3.5377,-214.47,0,0.0000
TEL,72732,RUNNING,-3.9389,-5.1797,1.6336,3.1128,-14.47,0,0.0000
TEL,72832,RUNNING,-2.1737,-3.3617,0.3100,-4.0000,-214.47,0,0.0000
TEL,72932,RUNNING,-2.1737,-2.7558,-0.9447,2.1828,-14.47,0,0.0000
TEL,73032,RUNNING,0.4147,-0.8862,-2.1910,-4.0000,-199.73,0,0.0000
TEL,73132,RUNNING,0.4147,-0.8862,-2.6461,1.4179,206.21,0,0.0000
TEL,73232,RUNNING,1.4437,0.1724,-1.2242,-4.0000,-58.08,0,0.0000
TEL,73332,RUNNING,3.3804,1.6664,-0.5482,0.3153,19.51,0,0.0000
TEL,73432,RUNNING,5.0737,3.4942,-1.0493,-4.0000,-205.03,0,0.0000
TEL,73532,RUNNING,6.3804,4.8951,-2.0506,-1.1375,-4.23,0,0.0000
TEL,73632,RUNNING,6.3804,4.8951,-2.7210,-1.2192,48.42,0,0.0000
TEL,73732,RUNNING,7.1350,5.5671,-2.5648,-1.5768,27.53,0,0.0000
TEL,73832,RUNNING,9.3804,7.7811,-2.5941,-4.0000,-125.68,0,0.0000
TEL,73932,RUNNING,11.0737,9.2632,-3.2250,-3.3022,-51.05,0,0.0000
TEL,74032,RUNNING,12.1319,11.1176,-4.0756,-4.0000,-44.01,0,0.0000
TEL,74132,RUNNING,11.9947,11.5793,-4.6015,-4.0000,-6.96,0,0.0000
TEL,74232,RUNNING,11.9947,11.8522,-4.8251,-4.0000,16.08,0,0.0000
TEL,74332,RUNNING,11.7889,11.8632,-4.8427,-4.0000,28.24,0,0.0000
TEL,74432,RUNNING,11.1029,11.5907,-4.3613,-4.0000,18.91,0,0.0000
TEL,74532,RUNNING,10.8285,11.3620,-3.7584,-4.0000,-3.33,0,0.0000
TEL,74632,RUNNING,10.8285,11.3620,-3.4467,-4.0000,-31.45,0,0.0000
TEL,74732,RUNNING,9.2507,10.7287,-3.5637,-4.0000,-10.65,0,0.0000
TEL,74832,RUNNING,6.2507,8.3903,-2.9589,4.0000,219.44,0,0.0000
TEL,74932,RUNNING,6.2507,8.3903,-2.1230,-3.4826,-26.60,0,0.0000
TEL,75032,RUNNING,6.2507,8.3903,-2.0932,-3.5946,0.00,0,0.0000
TEL,75132,RUNNING,6.2507,8.3903,-2.2895,-3.5946,0.00,0,0.0000
TEL,75232,RUNNING,6.2507,8.3903,-2.3224,-3.5946,0.00,0,0.0000
TEL,75332,RUNNING,6.2507,8.3903,-2.3280,-3.5946,0.00,0,0.0000
TEL,75432,RUNNING,6.2507,8.3903,-2.3289,-3.5946,0.00,0,0.0000
TEL,75532,RUNNING,10.6570,9.2510,-2.4451,-4.0000,-69.54,0,0.0000
TEL,75632,RUNNING,12.6121,11.3210,-3.0793,-4.0000,-46.36,0,0.0000
TEL,75732,RUNNING,12.8179,12.0628,-3.6746,-4.0000,-17.30,0,0.0000
TEL,75832,RUNNING,13.0237,12.6596,-4.0157,-4.0000,1.91,0,0.0000
TEL,75932,RUNNING,13.2295,12.9214,-4.1481,-4.0000,11.33,0,0.0000
TEL,76032,RUNNING,13.2295,13.0786,-4.1035,-4.0000,10.22,0,0.0000
TEL,76132,RUNNING,13.2295,13.0786,-4.0229,-4.0000,6.05,0,0.0000
TEL,76232,RUNNING,13.2295,13.0786,-3.9453,-4.0000,0.00,0,0.0000
TEL,76332,RUNNING,13.2295,13.0786,-3.9169,-4.0000,0.00,0,0.0000
TEL,76432,RUNNING,13.2295,13.0786,-3.9121,-4.0000,0.00,0,0.0000
TEL,76532,RUNNING,13.2295,13.0786,-3.9113,-4.0000,0.00,0,0.0000
TEL,76632,RUNNING,13.2295,12.7629,-3.5112,-4.0000,-8.55,0,0.0000
TEL,76732,RUNNING,13.4353,13.0842,-3.3321,-4.0000,-27.19,0,0.0000
TEL,76832,RUNNING,13.6411,13.4256,-3.4400,-4.0000,-28.66,0,0.0000
TEL,76932,RUNNING,13.6411,13.5499,-3.7415,-4.0000,-15.37,0,0.0000
TEL,77032,RUNNING,13.5725,13.5648,-3.9494,-4.0000,-4.29,0,0.0000
TEL,77132,RUNNING,13.2981,13.4864,-4.0575,-4.0000,2.47,0,0.0000
TEL,77232,RUNNING,13.0237,13.2026,-4.1287,-4.0000,9.69,0,0.0000
TEL,77332,RUNNING,12.8179,13.0352,-4.0208,-4.0000,4.10,0,0.0000
TEL,77432,RUNNING,12.5435,12.7612,-3.9001,-3.8504,6.80,0,0.0000
TEL,77532,RUNNING,12.4749,12.6296,-3.7630,-4.0000,-13.03,0,0.0000
TEL,77632,RUNNING,12.0633,12.2777,-3.7683,-3.7948,2.51,0,0.0000
TEL,77732,RUNNING,11.9947,12.1334,-3.7409,-4.0000,-14.56,0,0.0000
TEL,77832,RUNNING,11.9947,12.0423,-3.7940,-4.0000,-14.35,0,0.0000
TEL,77932,RUNNING,11.9947,12.0180,-3.9363,-4.0000,-7.29,0,0.0000
TEL,78032,RUNNING,12.2691,12.1139,-4.0462,-4.0000,-0.65,0,0.0000
TEL,78132,RUNNING,12.3377,12.2136,-4.1532,-4.0000,7.38,0,0.0000
TEL,78232,RUNNING,12.6121,12.4553,-4.1044,-4.0000,6.05,0,0.0000
TEL,78332,RUNNING,12.8865,12.6320,-4.0899,-4.0000,6.35,0,0.0000
TEL,78432,RUNNING,13.0237,12.8692,-4.0206,-4.0000,2.80,0,0.0000
TEL,78532,RUNNING,13.2295,13.0242,-4.0027,-4.0000,1.81,0,0.0000
TEL,78632,RUNNING,13.2981,13.1941,-3.9733,-4.0000,-0.03,0,0.0000
TEL,78732,RUNNING,13.5039,13.3377,-3.9216,-4.0000,-3.96,0,0.0000
TEL,78832,RUNNING,13.6411,13.5371,-3.9129,-4.0000,-5.56,0,0.0000
TEL,78932,RUNNING,13.5725,13.5696,-3.9114,-4.0000,-6.76,0,0.0000
TEL,79032,RUNNING,13.2981,13.4892,-3.9112,-4.0000,-7.90,0,0.0000
TEL,79132,RUNNING,13.2295,13.3568,-3.9843,-4.0000,-3.93,0,0.0000
TEL,79232,RUNNING,12.4749,12.9791,-4.0414,-1.5840,151.44,0,0.0000
TEL,79332,RUNNING,12.1319,12.5614,-3.6638,-4.0000,-6.57,0,0.0000
TEL,79432,RUNNING,12.1319,12.5614,-3.2379,-4.0000,-40.64,0,0.0000
TEL,79532,RUNNING,12.1319,12.5614,-3.4819,-4.0000,0.00,0,0.0000
TEL,79632,RUNNING,12.1319,12.5614,-3.6196,-4.0000,0.00,0,0.0000
TEL,79732,RUNNING,12.1319,12.5614,-3.6428,-4.0000,0.00,0,0.0000
TEL,79832,RUNNING,12.1319,12.5614,-3.6467,-4.0000,0.00,0,0.0000
TEL,79932,RUNNING,12.1319,12.5614,-3.6473,-4.0000,0.00,0,0.0000
TEL,80032,RUNNING,12.1319,12.5614,-3.6474,-4.0000,0.00,0,0.0000
TEL,80132,RUNNING,12.1319,12.5614,-3.6475,-4.0000,0.00,0,0.0000
TEL,80232,RUNNING,12.1319,12.5614,-3.6475,-4.0000,0.00,0,0.0000
TEL,80332,RUNNING,12.1319,12.5614,-3.6475,-4.0000,0.00,0,0.0000
TEL,80432,RUNNING,12.1319,12.5614,-3.6475,-4.0000,0.00,0,0.0000
TEL,80532,RUNNING,12.1319,12.5614,-3.6475,-4.0000,0.00,0,0.0000
TEL,80632,RUNNING,12.1319,12.5614,-3.6475,-4.0000,0.00,0,0.0000
TEL,80732,RUNNING,12.1319,12.5614,-3.6475,-4.0000,0.00,0,0.0000
TEL,80832,FAULT,12.1319,12.5614,-3.6475,-4.0000,0.00,1,0.0000
TEL,80932,FAULT,12.1319,12.5614,-3.6475,-4.0000,0.00,1,0.0000
TEL,81032,FAULT,12.1319,12.5614,-3.6475,-4.0000,0.00,1,0.0000
TEL,81132,FAULT,12.1319,12.5614,-3.6475,-4.0000,0.00,1,0.0000
TEL,81232,FAULT,12.1319,12.5614,-3.6475,-4.0000,0.00,1,0.0000
TEL,81332,FAULT,12.1319,12.5614,-3.6475,-4.0000,0.00,1,0.0000
TEL,81432,FAULT,12.1319,12.5614,-3.6475,-4.0000,0.00,1,0.0000
TEL,81532,FAULT,12.1319,12.5614,-3.6475,-4.0000,0.00,1,0.0000
TEL,81632,FAULT,12.1319,12.5614,-3.6475,-4.0000,0.00,1,0.0000
TEL,81732,FAULT,12.1319,12.5614,-3.6475,-4.0000,0.00,1,0.0000
TEL,81832,FAULT,12.1319,12.5614,-3.6475,-4.0000,0.00,1,0.0000
TEL,81932,FAULT,12.1319,12.5614,-3.6475,-4.0000,0.00,1,0.0000
TEL,82032,FAULT,12.1319,12.5614,-3.6475,-4.0000,0.00,1,0.0000
TEL,82132,FAULT,12.1319,12.5614,-3.6475,-4.0000,0.00,1,0.0000
TEL,82232,FAULT,12.1319,12.5614,-3.6475,-4.0000,0.00,1,0.0000
TEL,82332,FAULT,12.1319,12.5614,-3.6475,-4.0000,0.00,1,0.0000
TEL,82432,FAULT,12.1319,12.5614,-3.6475,-4.0000,0.00,1,0.0000
TEL,82532,FAULT,12.1319,12.5614,-3.6475,-4.0000,0.00,1,0.0000
TEL,82632,FAULT,12.1319,12.5614,-3.6475,-4.0000,0.00,1,0.0000
TEL,82732,FAULT,12.1319,12.5614,-3.6475,-4.0000,0.00,1,0.0000
TEL,82832,FAULT,12.1319,12.5614,-3.6475,-4.0000,0.00,1,0.0000
TEL,82932,FAULT,12.1319,12.5614,-3.6475,-4.0000,0.00,1,0.0000
TEL,83032,FAULT,12.1319,12.5614,-3.6475,-4.0000,0.00,1,0.0000
TEL,83132,FAULT,12.1319,12.5614,-3.6475,-4.0000,0.00,1,0.0000
TEL,83232,FAULT,12.1319,12.5614,-3.6475,-4.0000,0.00,1,0.0000
TEL,83332,FAULT,12.1319,12.5614,-3.6475,-4.0000,0.00,1,0.0000
TEL,83432,FAULT,12.1319,12.5614,-3.6475,-4.0000,0.00,1,0.0000
TEL,83532,FAULT,12.1319,12.5614,-3.6475,-4.0000,0.00,1,0.0000
TEL,83632,FAULT,12.1319,12.5614,-3.6475,-4.0000,0.00,1,0.0000
TEL,83732,FAULT,12.1319,12.5614,-3.6475,-4.0000,0.00,1,0.0000
TEL,83832,FAULT,12.1319,12.5614,-3.6475,-4.0000,0.00,1,0.0000
TEL,83932,FAULT,12.1319,12.5614,-3.6475,-4.0000,0.00,1,0.0000
TEL,84032,FAULT,12.1319,12.5614,-3.6475,-4.0000,0.00,1,0.0000
TEL,84132,FAULT,12.1319,12.5614,-3.6475,-4.0000,0.00,1,0.0000
TEL,84232,FAULT,12.1319,12.5614,-3.6475,-4.0000,0.00,1,0.0000
TEL,84332,FAULT,12.1319,12.5614,-3.6475,-4.0000,0.00,1,0.0000
TEL,84432,FAULT,12.1319,12.5614,-3.6475,-4.0000,0.00,1,0.0000
TEL,84532,FAULT,12.1319,12.5614,-3.6475,-4.0000,0.00,1,0.0000
TEL,84632,FAULT,12.1319,12.5614,-3.6475,-4.0000,0.00,1,0.0000
TEL,84732,FAULT,12.1319,12.5614,-3.6475,-4.0000,0.00,1,0.0000
TEL,84832,FAULT,12.1319,12.5614,-3.6475,-4.0000,0.00,1,0.0000
TEL,84932,FAULT,12.1319,12.5614,-3.6475,-4.0000,0.00,1,0.0000
TEL,85032,FAULT,12.1319,12.5614,-3.6475,-4.0000,0.00,1,0.0000
SET,85066,4.3872,4.3872,-4.3872
TEL,85132,FAULT,12.1319,12.5614,-3.6475,-4.0000,0.00,1,4.3872
TEL,85232,FAULT,12.1319,12.5614,-3.6475,-4.0000,0.00,1,4.3872
TEL,85332,FAULT,12.1319,12.5614,-3.6475,-4.0000,0.00,1,4.3872
TEL,85432,FAULT,12.1319,12.5614,-3.6475,-4.0000,0.00,1,4.3872
TEL,85532,FAULT,12.1319,12.5614,-3.6475,-4.0000,0.00,1,4.3872
TEL,85632,FAULT,12.1319,12.5614,-3.6475,-4.0000,0.00,1,4.3872
TEL,85732,FAULT,12.1319,12.5614,-3.6475,-4.0000,0.00,1,4.3872
TEL,85832,FAULT,12.1319,12.5614,-3.6475,-4.0000,0.00,1,4.3872
TEL,85932,FAULT,12.1319,12.5614,-3.6475,-4.0000,0.00,1,4.3872
TEL,86032,FAULT,12.1319,12.5614,-3.6475,-4.0000,0.00,1,4.3872
TEL,86132,FAULT,12.1319,12.5614,-3.6475,-4.0000,0.00,1,4.3872
TEL,86232,FAULT,12.1319,12.5614,-3.6475,-4.0000,0.00,1,4.3872
TEL,86332,FAULT,12.1319,12.5614,-3.6475,-4.0000,0.00,1,4.3872
TEL,86432,FAULT,12.1319,12.5614,-3.6475,-4.0000,0.00,1,4.3872
TEL,86532,FAULT,12.1319,12.5614,-3.6475,-4.0000,0.00,1,4.3872
TEL,86632,FAULT,12.1319,12.5614,-3.6475,-4.0000,0.00,1,4.3872
TEL,86732,FAULT,12.1319,12.5614,-3.6475,-4.0000,0.00,1,4.3872
TEL,86832,FAULT,12.1319,12.5614,-3.6475,-4.0000,0.00,1,4.3872
TEL,86932,FAULT,12.1319,12.5614,-3.6475,-4.0000,0.00,1,4.3872
TEL,87032,FAULT,12.1319,12.5614,-3.6475,-4.0000,0.00,1,4.3872
TEL,87132,FAULT,12.1319,12.5614,-3.6475,-4.0000,0.00,1,4.3872
TEL,87232,FAULT,12.1319,12.5614,-3.6475,-4.0000,0.00,1,4.3872
TEL,87332,FAULT,12.1319,12.5614,-3.6475,-4.0000,0.00,1,4.3872
TEL,87432,FAULT,12.1319,12.5614,-3.6475,-4.0000,0.00,1,4.3872
TEL,87532,FAULT,12.1319,12.5614,-3.6475,-4.0000,0.00,1,4.3872
TEL,87632,FAULT,12.1319,12.5614,-3.6475,-4.0000,0.00,1,4.3872
TEL,87732,FAULT,12.1319,12.5614,-3.6475,-4.0000,0.00,1,4.3872
TEL,87832,FAULT,12.1319,12.5614,-3.6475,-4.0000,0.00,1,4.3872
TEL,87932,FAULT,12.1319,12.5614,-3.6475,-4.0000,0.00,1,4.3872
TEL,88032,FAULT,12.1319,12.5614,-3.6475,-4.0000,0.00,1,4.3872
TEL,88132,FAULT,12.1319,12.5614,-3.6475,-4.0000,0.00,1,4.3872
TEL,88232,FAULT,12.1319,12.5614,-3.6475,-4.0000,0.00,1,4.3872
TEL,88332,FAULT,12.1319,12.5614,-3.6475,-4.0000,0.00,1,4.3872
TEL,88432,FAULT,12.1319,12.5614,-3.6475,-4.0000,0.00,1,4.3872
TEL,88532,FAULT,12.1319,12.5614,-3.6475,-4.0000,0.00,1,4.3872
TEL,88632,FAULT,12.1319,12.5614,-3.6475,-4.0000,0.00,1,4.3872
TEL,88732,FAULT,12.1319,12.5614,-3.6475,-4.0000,0.00,1,4.3872
TEL,88832,FAULT,12.1319,12.5614,-3.6475,-4.0000,0.00,1,4.3872
TEL,88932,FAULT,12.1319,12.5614,-3.6475,-4.0000,0.00,1,4.3872
TEL,89032,FAULT,12.1319,12.5614,-3.6475,-4.0000,0.00,1,4.3872
TEL,89132,FAULT,12.1319,12.5614,-3.6475,-4.0000,0.00,1,4.3872
TEL,89232,FAULT,12.1319,12.5614,-3.6475,-4.0000,0.00,1,4.3872
TEL,89332,FAULT,12.1319,12.5614,-3.6475,-4.0000,0.00,1,4.3872
TEL,89432,FAULT,12.1319,12.5614,-3.6475,-4.0000,0.00,1,4.3872
TEL,89532,FAULT,12.1319,12.5614,-3.6475,-4.0000,0.00,1,4.3872
TEL,89632,FAULT,12.1319,12.5614,-3.6475,-4.0000,0.00,1,4.3872
TEL,89732,FAULT,12.1319,12.5614,-3.6475,-4.0000,0.00,1,4.3872
TEL,89832,FAULT,12.1319,12.5614,-3.6475,-4.0000,0.00,1,4.3872
TEL,89932,FAULT,12.1319,12.5614,-3.6475,-4.0000,0.00,1,4.3872
TEL,90032,FAULT,12.1319,12.5614,-3.6475,-4.0000,0.00,1,4.3872
TEL,90132,FAULT,12.1319,12.5614,-3.6475,-4.0000,0.00,1,4.3872
TEL,90232,FAULT,12.1319,12.5614,-3.6475,-4.0000,0.00,1,4.3872
TEL,90332,FAULT,12.1319,12.5614,-3.6475,-4.0000,0.00,1,4.3872
TEL,90432,FAULT,12.1319,12.5614,-3.6475,-4.0000,0.00,1,4.3872
TEL,90532,FAULT,12.1319,12.5614,-3.6475,-4.0000,0.00,1,4.3872
TEL,90632,FAULT,12.1319,12.5614,-3.6475,-4.0000,0.00,1,4.3872
TEL,90732,FAULT,12.1319,12.5614,-3.6475,-4.0000,0.00,1,4.3872
TEL,90832,FAULT,12.1319,12.5614,-3.6475,-4.0000,0.00,1,4.3872
TEL,90932,FAULT,12.1319,12.5614,-3.6475,-4.0000,0.00,1,4.3872
TEL,91032,FAULT,12.1319,12.5614,-3.6475,-4.0000,0.00,1,4.3872
TEL,91132,FAULT,12.1319,12.5614,-3.6475,-4.0000,0.00,1,4.3872
TEL,91232,FAULT,12.1319,12.5614,-3.6475,-4.0000,0.00,1,4.3872
TEL,91332,FAULT,12.1319,12.5614,-3.6475,-4.0000,0.00,1,4.3872
TEL,91432,FAULT,12.1319,12.5614,-3.6475,-4.0000,0.00,1,4.3872
TEL,91532,FAULT,12.1319,12.5614,-3.6475,-4.0000,0.00,1,4.3872
TEL,91632,FAULT,12.1319,12.5614,-3.6475,-4.0000,0.00,1,4.3872
TEL,91732,FAULT,12.1319,12.5614,-3.6475,-4.0000,0.00,1,4.3872
TEL,91832,FAULT,12.1319,12.5614,-3.6475,-4.0000,0.00,1,4.3872
TEL,91932,FAULT,12.1319,12.5614,-3.6475,-4.0000,0.00,1,4.3872
TEL,92032,FAULT,12.1319,12.5614,-3.6475,-4.0000,0.00,1,4.3872
TEL,92132,FAULT,12.1319,12.5614,-3.6475,-4.0000,0.00,1,4.3872
TEL,92232,FAULT,12.1319,12.5614,-3.6475,-4.0000,0.00,1,4.3872
TEL,92332,FAULT,12.1319,12.5614,-3.6475,-4.0000,0.00,1,4.3872
TEL,92432,FAULT,12.1319,12.5614,-3.6475,-4.0000,0.00,1,4.3872
TEL,92532,FAULT,12.1319,12.5614,-3.6475,-4.0000,0.00,1,4.3872
TEL,92632,FAULT,12.1319,12.5614,-3.6475,-4.0000,0.00,1,4.3872
TEL,92732,FAULT,12.1319,12.5614,-3.6475,-4.0000,0.00,1,4.3872
TEL,92832,FAULT,12.1319,12.5614,-3.6475,-4.0000,0.00,1,4.3872
TEL,92932,FAULT,12.1319,12.5614,-3.6475,-4.0000,0.00,1,4.3872
TEL,93032,FAULT,12.1319,12.5614,-3.6475,-4.0000,0.00,1,4.3872
TEL,93132,FAULT,12.1319,12.5614,-3.6475,-4.0000,0.00,1,4.3872
TEL,93232,FAULT,12.1319,12.5614,-3.6475,-4.0000,0.00,1,4.3872
TEL,93332,FAULT,12.1319,12.5614,-3.6475,-4.0000,0.00,1,4.3872
TEL,93432,FAULT,12.1319,12.5614,-3.6475,-4.0000,0.00,1,4.3872
TEL,93532,FAULT,12.1319,12.5614,-3.6475,-4.0000,0.00,1,4.3872
TEL,93632,FAULT,12.1319,12.5614,-3.6475,-4.0000,0.00,1,4.3872
SET,93706,-4.3872,4.3872,-4.3872
TEL,93732,FAULT,12.1319,12.5614,-3.6475,-4.0000,0.00,1,-4.3872
TEL,93832,FAULT,12.1319,12.5614,-3.6475,-4.0000,0.00,1,-4.3872
TEL,93932,FAULT,12.1319,12.5614,-3.6475,-4.0000,0.00,1,-4.3872
TEL,94032,FAULT,12.1319,12.5614,-3.6475,-4.0000,0.00,1,-4.3872
TEL,94132,FAULT,12.1319,12.5614,-3.6475,-4.0000,0.00,1,-4.3872
TEL,94232,FAULT,12.1319,12.5614,-3.6475,-4.0000,0.00,1,-4.3872
TEL,94332,FAULT,12.1319,12.5614,-3.6475,-4.0000,0.00,1,-4.3872
TEL,94432,FAULT,12.1319,12.5614,-3.6475,-4.0000,0.00,1,-4.3872
TEL,94532,FAULT,12.1319,12.5614,-3.6475,-4.0000,0.00,1,-4.3872
TEL,94632,FAULT,12.1319,12.5614,-3.6475,-4.0000,0.00,1,-4.3872
TEL,94732,FAULT,12.1319,12.5614,-3.6475,-4.0000,0.00,1,-4.3872
TEL,94832,FAULT,12.1319,12.5614,-3.6475,-4.0000,0.00,1,-4.3872
TEL,94932,FAULT,12.1319,12.5614,-3.6475,-4.0000,0.00,1,-4.3872
TEL,95032,FAULT,12.1319,12.5614,-3.6475,-4.0000,0.00,1,-4.3872
TEL,95132,FAULT,12.1319,12.5614,-3.6475,-4.0000,0.00,1,-4.3872
TEL,95232,FAULT,12.1319,12.5614,-3.6475,-4.0000,0.00,1,-4.3872
TEL,95332,FAULT,12.1319,12.5614,-3.6475,-4.0000,0.00,1,-4.3872
TEL,95432,FAULT,12.1319,12.5614,-3.6475,-4.0000,0.00,1,-4.3872
TEL,95532,FAULT,12.1319,12.5614,-3.6475,-4.0000,0.00,1,-4.3872
TEL,95632,FAULT,12.1319,12.5614,-3.6475,-4.0000,0.00,1,-4.3872
TEL,95732,FAULT,12.1319,12.5614,-3.6475,-4.0000,0.00,1,-4.3872
TEL,95832,FAULT,12.1319,12.5614,-3.6475,-4.0000,0.00,1,-4.3872
TEL,95932,FAULT,12.1319,12.5614,-3.6475,-4.0000,0.00,1,-4.3872
TEL,96032,FAULT,12.1319,12.5614,-3.6475,-4.0000,0.00,1,-4.3872
TEL,96132,FAULT,12.1319,12.5614,-3.6475,-4.0000,0.00,1,-4.3872
TEL,96232,FAULT,12.1319,12.5614,-3.6475,-4.0000,0.00,1,-4.3872
TEL,96332,FAULT,12.1319,12.5614,-3.6475,-4.0000,0.00,1,-4.3872
TEL,96432,FAULT,12.1319,12.5614,-3.6475,-4.0000,0.00,1,-4.3872
TEL,96532,FAULT,12.1319,12.5614,-3.6475,-4.0000,0.00,1,-4.3872
TEL,96632,FAULT,12.1319,12.5614,-3.6475,-4.0000,0.00,1,-4.3872
TEL,96732,FAULT,12.1319,12.5614,-3.6475,-4.0000,0.00,1,-4.3872
TEL,96832,FAULT,12.1319,12.5614,-3.6475,-4.0000,0.00,1,-4.3872
TEL,96932,FAULT,12.1319,12.5614,-3.6475,-4.0000,0.00,1,-4.3872
TEL,97032,FAULT,12.1319,12.5614,-3.6475,-4.0000,0.00,1,-4.3872
TEL,97132,FAULT,12.1319,12.5614,-3.6475,-4.0000,0.00,1,-4.3872
TEL,97232,FAULT,12.1319,12.5614,-3.6475,-4.0000,0.00,1,-4.3872
TEL,97332,FAULT,12.1319,12.5614,-3.6475,-4.0000,0.00,1,-4.3872
TEL,97432,FAULT,12.1319,12.5614,-3.6475,-4.0000,0.00,1,-4.3872
TEL,97532,FAULT,12.1319,12.5614,-3.6475,-4.0000,0.00,1,-4.3872
TEL,97632,FAULT,12.1319,12.5614,-3.6475,-4.0000,0.00,1,-4.3872
TEL,97732,FAULT,12.1319,12.5614,-3.6475,-4.0000,0.00,1,-4.3872
TEL,97832,FAULT,12.1319,12.5614,-3.6475,-4.0000,0.00,1,-4.3872
TEL,97932,FAULT,12.1319,12.5614,-3.6475,-4.0000,0.00,1,-4.3872
TEL,98032,FAULT,12.1319,12.5614,-3.6475,-4.0000,0.00,1,-4.3872
TEL,98132,FAULT,12.1319,12.5614,-3.6475,-4.0000,0.00,1,-4.3872
TEL,98232,FAULT,12.1319,12.5614,-3.6475,-4.0000,0.00,1,-4.3872
TEL,98332,FAULT,12.1319,12.5614,-3.6475,-4.0000,0.00,1,-4.3872
TEL,98432,FAULT,12.1319,12.5614,-3.6475,-4.0000,0.00,1,-4.3872
TEL,98532,FAULT,12.1319,12.5614,-3.6475,-4.0000,0.00,1,-4.3872
TEL,98632,FAULT,12.1319,12.5614,-3.6475,-4.0000,0.00,1,-4.3872
TEL,98732,FAULT,12.1319,12.5614,-3.6475,-4.0000,0.00,1,-4.3872
TEL,98832,FAULT,12.1319,12.5614,-3.6475,-4.0000,0.00,1,-4.3872
TEL,98932,FAULT,12.1319,12.5614,-3.6475,-4.0000,0.00,1,-4.3872
TEL,99032,FAULT,12.1319,12.5614,-3.6475,-4.0000,0.00,1,-4.3872
TEL,99132,FAULT,12.1319,12.5614,-3.6475,-4.0000,0.00,1,-4.3872
TEL,99232,FAULT,12.1319,12.5614,-3.6475,-4.0000,0.00,1,-4.3872
TEL,99332,FAULT,12.1319,12.5614,-3.6475,-4.0000,0.00,1,-4.3872
TEL,99432,FAULT,12.1319,12.5614,-3.6475,-4.0000,0.00,1,-4.3872
TEL,99532,FAULT,12.1319,12.5614,-3.6475,-4.0000,0.00,1,-4.3872
TEL,99632,FAULT,12.1319,12.5614,-3.6475,-4.0000,0.00,1,-4.3872
TEL,99732,FAULT,12.1319,12.5614,-3.6475,-4.0000,0.00,1,-4.3872
TEL,99832,FAULT,12.1319,12.5614,-3.6475,-4.0000,0.00,1,-4.3872
TEL,99932,FAULT,12.1319,12.5614,-3.6475,-4.0000,0.00,1,-4.3872
TEL,100032,FAULT,12.1319,12.5614,-3.6475,-4.0000,0.00,1,-4.3872
TEL,100132,FAULT,12.1319,12.5614,-3.6475,-4.0000,0.00,1,-4.3872
TEL,100232,FAULT,12.1319,12.5614,-3.6475,-4.0000,0.00,1,-4.3872
TEL,100332,FAULT,12.1319,12.5614,-3.6475,-4.0000,0.00,1,-4.3872
TEL,100432,FAULT,12.1319,12.5614,-3.6475,-4.0000,0.00,1,-4.3872
TEL,100532,FAULT,12.1319,12.5614,-3.6475,-4.0000,0.00,1,-4.3872
TEL,100632,FAULT,12.1319,12.5614,-3.6475,-4.0000,0.00,1,-4.3872
TEL,100732,FAULT,12.1319,12.5614,-3.6475,-4.0000,0.00,1,-4.3872
TEL,100832,FAULT,12.1319,12.5614,-3.6475,-4.0000,0.00,1,-4.3872
TEL,100932,FAULT,12.1319,12.5614,-3.6475,-4.0000,0.00,1,-4.3872
TEL,101032,FAULT,12.1319,12.5614,-3.6475,-4.0000,0.00,1,-4.3872
TEL,101132,FAULT,12.1319,12.5614,-3.6475,-4.0000,0.00,1,-4.3872
TEL,101232,FAULT,12.1319,12.5614,-3.6475,-4.0000,0.00,1,-4.3872
TEL,101332,FAULT,12.1319,12.5614,-3.6475,-4.0000,0.00,1,-4.3872
TEL,101432,FAULT,12.1319,12.5614,-3.6475,-4.0000,0.00,1,-4.3872
TEL,101532,FAULT,12.1319,12.5614,-3.6475,-4.0000,0.00,1,-4.3872
TEL,101632,FAULT,12.1319,12.5614,-3.6475,-4.0000,0.00,1,-4.3872
TEL,101732,FAULT,12.1319,12.5614,-3.6475,-4.0000,0.00,1,-4.3872
TEL,101832,FAULT,12.1319,12.5614,-3.6475,-4.0000,0.00,1,-4.3872
TEL,101932,FAULT,12.1319,12.5614,-3.6475,-4.0000,0.00,1,-4.3872
TEL,102032,FAULT,12.1319,12.5614,-3.6475,-4.0000,0.00,1,-4.3872
TEL,102132,FAULT,12.1319,12.5614,-3.6475,-4.0000,0.00,1,-4.3872
TEL,102232,FAULT,12.1319,12.5614,-3.6475,-4.0000,0.00,1,-4.3872
TEL,102332,FAULT,12.1319,12.5614,-3.6475,-4.0000,0.00,1,-4.3872
TEL,102432,FAULT,12.1319,12.5614,-3.6475,-4.0000,0.00,1,-4.3872
TEL,102532,FAULT,12.1319,12.5614,-3.6475,-4.0000,0.00,1,-4.3872
TEL,102632,FAULT,12.1319,12.5614,-3.6475,-4.0000,0.00,1,-4.3872
TEL,102732,FAULT,12.1319,12.5614,-3.6475,-4.0000,0.00,1,-4.3872
TEL,102832,FAULT,12.1319,12.5614,-3.6475,-4.0000,0.00,1,-4.3872
TEL,102932,FAULT,12.1319,12.5614,-3.6475,-4.0000,0.00,1,-4.3872
TEL,103032,FAULT,12.1319,12.5614,-3.6475,-4.0000,0.00,1,-4.3872
TEL,103132,FAULT,12.1319,12.5614,-3.6475,-4.0000,0.00,1,-4.3872
TEL,103232,FAULT,12.1319,12.5614,-3.6475,-4.0000,0.00,1,-4.3872
TEL,103332,FAULT,12.1319,12.5614,-3.6475,-4.0000,0.00,1,-4.3872
TEL,103432,FAULT,12.1319,12.5614,-3.6475,-4.0000,0.00,1,-4.3872
TEL,103532,FAULT,12.1319,12.5614,-3.6475,-4.0000,0.00,1,-4.3872
TEL,103632,FAULT,12.1319,12.5614,-3.6475,-4.0000,0.00,1,-4.3872
TEL,103732,FAULT,12.1319,12.5614,-3.6475,-4.0000,0.00,1,-4.3872
TEL,103832,FAULT,12.1319,12.5614,-3.6475,-4.0000,0.00,1,-4.3872
TEL,103932,FAULT,12.1319,12.5614,-3.6475,-4.0000,0.00,1,-4.3872
TEL,104032,FAULT,12.1319,12.5614,-3.6475,-4.0000,0.00,1,-4.3872
TEL,104132,FAULT,12.1319,12.5614,-3.6475,-4.0000,0.00,1,-4.3872
TEL,104232,FAULT,12.1319,12.5614,-3.6475,-4.0000,0.00,1,-4.3872
SET,104293,0.0000,4.3872,-4.3872
TEL,104332,FAULT,12.1319,12.5614,-3.6475,-4.0000,0.00,1,0.0000
TEL,104432,FAULT,12.1319,12.5614,-3.6475,-4.0000,0.00,1,0.0000
TEL,104532,FAULT,12.1319,12.5614,-3.6475,-4.0000,0.00,1,0.0000
TEL,104632,FAULT,12.1319,12.5614,-3.6475,-4.0000,0.00,1,0.0000
TEL,104732,FAULT,12.1319,12.5614,-3.6475,-4.0000,0.00,1,0.0000
TEL,104832,FAULT,12.1319,12.5614,-3.6475,-4.0000,0.00,1,0.0000
TEL,104932,FAULT,12.1319,12.5614,-3.6475,-4.0000,0.00,1,0.0000
TEL,105032,FAULT,12.1319,12.5614,-3.6475,-4.0000,0.00,1,0.0000
TEL,105132,FAULT,12.1319,12.5614,-3.6475,-4.0000,0.00,1,0.0000
TEL,105232,FAULT,12.1319,12.5614,-3.6475,-4.0000,0.00,1,0.0000
TEL,105332,FAULT,12.1319,12.5614,-3.6475,-4.0000,0.00,1,0.0000
TEL,105432,FAULT,12.1319,12.5614,-3.6475,-4.0000,0.00,1,0.0000
TEL,105532,FAULT,12.1319,12.5614,-3.6475,-4.0000,0.00,1,0.0000
TEL,105632,FAULT,12.1319,12.5614,-3.6475,-4.0000,0.00,1,0.0000
TEL,105732,FAULT,12.1319,12.5614,-3.6475,-4.0000,0.00,1,0.0000
TEL,105832,FAULT,12.1319,12.5614,-3.6475,-4.0000,0.00,1,0.0000
TEL,105932,FAULT,12.1319,12.5614,-3.6475,-4.0000,0.00,1,0.0000
TEL,106032,FAULT,12.1319,12.5614,-3.6475,-4.0000,0.00,1,0.0000
TEL,106132,FAULT,12.1319,12.5614,-3.6475,-4.0000,0.00,1,0.0000
TEL,106232,FAULT,12.1319,12.5614,-3.6475,-4.0000,0.00,1,0.0000
TEL,106332,FAULT,12.1319,12.5614,-3.6475,-4.0000,0.00,1,0.0000
TEL,106432,FAULT,12.1319,12.5614,-3.6475,-4.0000,0.00,1,0.0000
TEL,106532,FAULT,12.1319,12.5614,-3.6475,-4.0000,0.00,1,0.0000
TEL,106632,FAULT,12.1319,12.5614,-3.6475,-4.0000,0.00,1,0.0000
TEL,106732,FAULT,12.1319,12.5614,-3.6475,-4.0000,0.00,1,0.0000
TEL,106832,FAULT,12.1319,12.5614,-3.6475,-4.0000,0.00,1,0.0000
TEL,106932,FAULT,12.1319,12.5614,-3.6475,-4.0000,0.00,1,0.0000
TEL,107032,FAULT,12.1319,12.5614,-3.6475,-4.0000,0.00,1,0.0000
TEL,107132,FAULT,12.1319,12.5614,-3.6475,-4.0000,0.00,1,0.0000
TEL,107232,FAULT,12.1319,12.5614,-3.6475,-4.0000,0.00,1,0.0000
TEL,107332,FAULT,12.1319,12.5614,-3.6475,-4.0000,0.00,1,0.0000
TEL,107432,FAULT,12.1319,12.5614,-3.6475,-4.0000,0.00,1,0.0000
TEL,107532,FAULT,12.1319,12.5614,-3.6475,-4.0000,0.00,1,0.0000
TEL,107632,FAULT,12.1319,12.5614,-3.6475,-4.0000,0.00,1,0.0000
TEL,107732,FAULT,12.1319,12.5614,-3.6475,-4.0000,0.00,1,0.0000
TEL,107832,FAULT,12.1319,12.5614,-3.6475,-4.0000,0.00,1,0.0000
TEL,107932,FAULT,12.1319,12.5614,-3.6475,-4.0000,0.00,1,0.0000
TEL,108032,FAULT,12.1319,12.5614,-3.6475,-4.0000,0.00,1,0.0000
TEL,108132,FAULT,12.1319,12.5614,-3.6475,-4.0000,0.00,1,0.0000
TEL,108232,FAULT,12.1319,12.5614,-3.6475,-4.0000,0.00,1,0.0000
TEL,108332,FAULT,12.1319,12.5614,-3.6475,-4.0000,0.00,1,0.0000
TEL,108432,FAULT,12.1319,12.5614,-3.6475,-4.0000,0.00,1,0.0000
TEL,108532,FAULT,12.1319,12.5614,-3.6475,-4.0000,0.00,1,0.0000
TEL,108632,FAULT,12.1319,12.5614,-3.6475,-4.0000,0.00,1,0.0000
TEL,108732,FAULT,12.1319,12.5614,-3.6475,-4.0000,0.00,1,0.0000
TEL,108832,FAULT,12.1319,12.5614,-3.6475,-4.0000,0.00,1,0.0000
TEL,108932,FAULT,12.1319,12.5614,-3.6475,-4.0000,0.00,1,0.0000
TEL,109032,FAULT,12.1319,12.5614,-3.6475,-4.0000,0.00,1,0.0000
TEL,109132,FAULT,12.1319,12.5614,-3.6475,-4.0000,0.00,1,0.0000
TEL,109232,FAULT,12.1319,12.5614,-3.6475,-4.0000,0.00,1,0.0000
TEL,109332,FAULT,12.1319,12.5614,-3.6475,-4.0000,0.00,1,0.0000
TEL,109432,FAULT,12.1319,12.5614,-3.6475,-4.0000,0.00,1,0.0000
TEL,109532,FAULT,12.1319,12.5614,-3.6475,-4.0000,0.00,1,0.0000
TEL,109632,FAULT,12.1319,12.5614,-3.6475,-4.0000,0.00,1,0.0000
TEL,109732,FAULT,12.1319,12.5614,-3.6475,-4.0000,0.00,1,0.0000
TEL,109832,FAULT,12.1319,12.5614,-3.6475,-4.0000,0.00,1,0.0000
TEL,109932,FAULT,12.1319,12.5614,-3.6475,-4.0000,0.00,1,0.0000
TEL,110032,FAULT,12.1319,12.5614,-3.6475,-4.0000,0.00,1,0.0000
TEL,110132,FAULT,12.1319,12.5614,-3.6475,-4.0000,0.00,1,0.0000
TEL,110232,FAULT,12.1319,12.5614,-3.6475,-4.0000,0.00,1,0.0000
TEL,110332,FAULT,12.1319,12.5614,-3.6475,-4.0000,0.00,1,0.0000
TEL,110432,FAULT,12.1319,12.5614,-3.6475,-4.0000,0.00,1,0.0000
TEL,110532,FAULT,12.1319,12.5614,-3.6475,-4.0000,0.00,1,0.0000
TEL,110632,FAULT,12.1319,12.5614,-3.6475,-4.0000,0.00,1,0.0000
TEL,110732,FAULT,12.1319,12.5614,-3.6475,-4.0000,0.00,1,0.0000
TEL,110832,FAULT,12.1319,12.5614,-3.6475,-4.0000,0.00,1,0.0000
TEL,110932,FAULT,12.1319,12.5614,-3.6475,-4.0000,0.00,1,0.0000
TEL,111032,FAULT,12.1319,12.5614,-3.6475,-4.0000,0.00,1,0.0000
TEL,111132,FAULT,12.1319,12.5614,-3.6475,-4.0000,0.00,1,0.0000
TEL,111232,FAULT,12.1319,12.5614,-3.6475,-4.0000,0.00,1,0.0000
TEL,111332,FAULT,12.1319,12.5614,-3.6475,-4.0000,0.00,1,0.0000
TEL,111432,FAULT,12.1319,12.5614,-3.6475,-4.0000,0.00,1,0.0000
TEL,111532,FAULT,12.1319,12.5614,-3.6475,-4.0000,0.00,1,0.0000
TEL,111632,FAULT,12.1319,12.5614,-3.6475,-4.0000,0.00,1,0.0000
TEL,111732,FAULT,12.1319,12.5614,-3.6475,-4.0000,0.00,1,0.0000
TEL,111832,FAULT,12.1319,12.5614,-3.6475,-4.0000,0.00,1,0.0000
TEL,111932,FAULT,12.1319,12.5614,-3.6475,-4.0000,0.00,1,0.0000
TEL,112032,FAULT,12.1319,12.5614,-3.6475,-4.0000,0.00,1,0.0000
TEL,112132,FAULT,12.1319,12.5614,-3.6475,-4.0000,0.00,1,0.0000
TEL,112232,FAULT,12.1319,12.5614,-3.6475,-4.0000,0.00,1,0.0000
TEL,112332,FAULT,12.1319,12.5614,-3.6475,-4.0000,0.00,1,0.0000
TEL,112432,FAULT,12.1319,12.5614,-3.6475,-4.0000,0.00,1,0.0000
TEL,112532,FAULT,12.1319,12.5614,-3.6475,-4.0000,0.00,1,0.0000
TEL,112632,FAULT,12.1319,12.5614,-3.6475,-4.0000,0.00,1,0.0000
TEL,112732,FAULT,12.1319,12.5614,-3.6475,-4.0000,0.00,1,0.0000
TEL,112832,FAULT,12.1319,12.5614,-3.6475,-4.0000,0.00,1,0.0000
OK,stopped
TEL,112932,FAULT,12.1319,12.5614,-3.7107,-4.0000,0.00,1,0.0000
TEL,113032,FAULT,12.1319,12.5614,-3.7312,-4.0000,0.00,1,0.0000
TEL,113132,FAULT,12.1319,12.5614,-3.7347,-4.0000,0.00,1,0.0000
TEL,113232,FAULT,12.1319,12.5614,-3.7352,-4.0000,0.00,1,0.0000
TEL,113332,FAULT,12.1319,12.5614,-3.7353,-4.0000,0.00,1,0.0000
TEL,113432,FAULT,12.1319,12.5614,-3.7353,-4.0000,0.00,1,0.0000
TEL,113532,FAULT,12.1319,12.5614,-3.7354,-4.0000,0.00,1,0.0000
TEL,113632,FAULT,12.1319,12.5614,-3.7354,-4.0000,0.00,1,0.0000
TEL,113732,FAULT,12.1319,12.5614,-3.7354,-4.0000,0.00,1,0.0000
TEL,113832,FAULT,12.1319,12.5614,-3.7354,-4.0000,0.00,1,0.0000
TEL,113932,FAULT,12.1319,12.5614,-3.7354,-4.0000,0.00,1,0.0000
TEL,114032,FAULT,12.1319,12.5614,-3.7354,-4.0000,0.00,1,0.0000
TEL,114132,FAULT,12.1319,12.5614,-3.7354,-4.0000,0.00,1,0.0000
TEL,114232,FAULT,12.1319,12.5614,-3.7354,-4.0000,0.00,1,0.0000
TEL,114332,FAULT,12.1319,12.5614,-3.7354,-4.0000,0.00,1,0.0000
TEL,114432,FAULT,12.1319,12.5614,-3.7354,-4.0000,0.00,1,0.0000
TEL,114532,FAULT,12.1319,12.5614,-3.7354,-4.0000,0.00,1,0.0000
TEL,114632,FAULT,12.1319,12.5614,-3.7354,-4.0000,0.00,1,0.0000
TEL,114732,FAULT,12.1319,12.5614,-3.7354,-4.0000,0.00,1,0.0000
TEL,114832,FAULT,12.1319,12.5614,-3.7354,-4.0000,0.00,1,0.0000
TEL,114932,FAULT,12.1319,12.5614,-3.7354,-4.0000,0.00,1,0.0000
TEL,115032,FAULT,12.1319,12.5614,-3.7354,-4.0000,0.00,1,0.0000
TEL,115132,FAULT,12.1319,12.5614,-3.7354,-4.0000,0.00,1,0.0000
TEL,115232,FAULT,12.1319,12.5614,-3.7354,-4.0000,0.00,1,0.0000
TEL,115332,FAULT,12.1319,12.5614,-3.7354,-4.0000,0.00,1,0.0000
TEL,115432,FAULT,12.1319,12.5614,-3.7354,-4.0000,0.00,1,0.0000
TEL,115532,FAULT,12.1319,12.5614,-3.7354,-4.0000,0.00,1,0.0000
TEL,115632,FAULT,12.1319,12.5614,-3.7354,-4.0000,0.00,1,0.0000
TEL,115732,FAULT,12.1319,12.5614,-3.7354,-4.0000,0.00,1,0.0000
TEL,115832,FAULT,12.1319,12.5614,-3.7354,-4.0000,0.00,1,0.0000
TEL,115932,FAULT,12.1319,12.5614,-3.7354,-4.0000,0.00,1,0.0000
TEL,116032,FAULT,12.1319,12.5614,-3.7354,-4.0000,0.00,1,0.0000
OK,driver_disabled
TEL,116132,FAULT,12.1319,12.5614,-3.7354,-4.0000,0.00,1,0.0000
TEL,116232,FAULT,12.1319,12.5614,-3.8398,-4.0000,0.00,1,0.0000
TEL,116332,FAULT,12.1319,12.5614,-3.8480,-4.0000,0.00,1,0.0000
TEL,116432,FAULT,12.1319,12.5614,-3.8428,-4.0000,0.00,1,0.0000
TEL,116532,FAULT,12.1319,12.5614,-3.8843,-4.0000,0.00,1,0.0000
TEL,116632,FAULT,12.1319,12.5614,-3.9066,-4.0000,0.00,1,0.0000
TEL,116732,FAULT,12.1319,12.5614,-3.8821,-4.0000,0.00,1,0.0000
TEL,116832,FAULT,12.1319,12.5614,-3.8799,-4.0000,0.00,1,0.0000
TEL,116932,FAULT,12.1319,12.5614,-3.8418,-4.0000,0.00,1,0.0000
TEL,117032,FAULT,12.1319,12.5614,-3.8995,-4.0000,0.00,1,0.0000
TEL,117132,FAULT,12.1319,12.5614,-3.8899,-4.0000,0.00,1,0.0000
TEL,117232,FAULT,12.1319,12.5614,-3.8922,-4.0000,0.00,1,0.0000
TEL,117332,FAULT,12.1319,12.5614,-3.9016,-4.0000,0.00,1,0.0000
TEL,117432,FAULT,12.1319,12.5614,-3.8691,-4.0000,0.00,1,0.0000
TEL,117532,FAULT,12.1319,12.5614,-3.8592,-4.0000,0.00,1,0.0000
TEL,117632,FAULT,12.1319,12.5614,-3.8513,-4.0000,0.00,1,0.0000
TEL,117732,FAULT,12.1319,12.5614,-3.8684,-4.0000,0.00,1,0.0000
TEL,117832,FAULT,12.1319,12.5614,-3.8528,-4.0000,0.00,1,0.0000
TEL,117932,FAULT,12.1319,12.5614,-3.8884,-4.0000,0.00,1,0.0000
TEL,118032,FAULT,12.1319,12.5614,-3.8496,-4.0000,0.00,1,0.0000
TEL,118132,FAULT,12.1319,12.5614,-3.8744,-4.0000,0.00,1,0.0000
TEL,118232,FAULT,12.1319,12.5614,-3.8920,-4.0000,0.00,1,0.0000
TEL,118332,FAULT,12.1319,12.5614,-3.8804,-4.0000,0.00,1,0.0000
TEL,118432,FAULT,12.1319,12.5614,-3.9060,-4.0000,0.00,1,0.0000
TEL,118532,FAULT,12.1319,12.5614,-3.9103,-4.0000,0.00,1,0.0000
TEL,118632,FAULT,12.1319,12.5614,-3.8925,-4.0000,0.00,1,0.0000
TEL,118732,FAULT,12.1319,12.5614,-3.8753,-4.0000,0.00,1,0.0000
TEL,118832,FAULT,12.1319,12.5614,-3.8474,-4.0000,0.00,1,0.0000
TEL,118932,FAULT,12.1319,12.5614,-3.8611,-4.0000,0.00,1,0.0000
TEL,119032,FAULT,12.1319,12.5614,-3.8764,-4.0000,0.00,1,0.0000
TEL,119132,FAULT,12.1319,12.5614,-3.8412,-4.0000,0.00,1,0.0000
TEL,119232,FAULT,12.1319,12.5614,-3.8994,-4.0000,0.00,1,0.0000
TEL,119332,FAULT,12.1319,12.5614,-3.8699,-4.0000,0.00,1,0.0000
TEL,119432,FAULT,12.1319,12.5614,-3.8822,-4.0000,0.00,1,0.0000
OK,telemetry=0
OK,stopped
